0.206460
0.206460
0.206460
0.206460
0.206460
0.206460
0.206460
0.206460
0.206460
0.206460
0.206460
0.206460
0.206460
0.229376
0.229376
0.229376
0.229376
0.229376
0.229376
0.229376
0.229376
0.229376
0.229376
0.229376
0.229376
0.229376
0.229376
0.229376
0.229376
0.229376
0.229376
0.229376
0.229376
0.229376
0.229376
0.229376
0.229376
0.229376
0.229376
0.229376
0.229376
0.229376
0.229376
0.229376
0.229376
0.229376
0.229376
0.229376
0.229376
0.229376
0.229376
0.229376
0.229376
0.229376
0.229376
0.229376
0.229376
0.229376
0.229376
0.229376
0.206460
0.206460
0.206460
0.206460
0.206460
0.206460
0.206460
0.206460
0.206460
0.229376
0.229376
0.206460
0.206460
0.206460
0.206460
0.206460
0.206460
0.206460
0.206460
0.206460
0.206460
0.206460
0.206460
0.206460
0.206460
0.206460
0.206460
0.206460
0.206460
0.229376
0.229376
0.229376
0.206460
0.206460
0.206460
0.206460
0.206460
0.206460
0.206460
0.206460
0.206460
0.206460
0.206460
0.206460
0.206460
0.206460
0.206460
0.206460
0.206460
0.206460
0.206460
0.206460
0.296064
0.296064
0.206460
0.206460
0.206460
0.206460
0.206460
0.206460
0.206460
0.206460
0.206460
0.206460
0.206460
0.229376
0.206460
0.229376
0.229376
0.229376
0.229376
0.229376
0.229376
0.229376
0.229376
0.229376
0.229376
0.206460
0.206460
0.206460
0.206460
0.206460
0.206460
0.206460
0.206460
0.206460
0.206460
0.206460
0.229376
0.229376
0.229376
0.206460
0.229376
0.229376
0.229376
0.229376
0.229376
0.229376
0.229376
0.229376
0.229376
0.229376
0.229376
0.229376
0.229376
0.229376
0.229376
0.229376
0.229376
0.229376
0.229376
0.229376
0.229376
0.229376
0.229376
0.229376
0.229376
0.229376
0.229376
0.692383
0.683739
0.794056
0.206460
0.622336
0.617173
0.617173
0.622336
0.617173
0.617173
0.622336
0.683739
0.683739
0.749750
0.778209
0.692383
0.692383
0.206460
0.206460
0.206460
0.206460
0.206460
0.206460
0.206460
0.206460
0.229376
0.206460
0.206460
0.206460
0.206460
0.206460
0.229376
0.229376
0.229376
0.229376
0.229376
0.230182
0.230182
0.229376
0.229376
0.229376
0.206460
0.229376
0.206460
0.206460
0.206460
0.229376
0.229376
0.229376
0.229376
0.229376
0.229376
0.229376
0.229376
0.229376
0.229376
0.229376
0.229376
0.229376
0.229376
0.206460
0.206460
0.206460
0.206460
0.206460
0.206460
0.206460
0.206460
0.206460
0.229376
0.229376
0.206460
0.206460
0.206460
0.206460
0.206460
0.206460
0.206460
0.206460
0.206460
0.229376
0.206460
0.229376
0.229376
0.229376
0.229376
0.229376
0.229376
0.229376
0.229376
0.229376
0.229376
0.229376
0.229376
0.229376
0.229376
0.229376
0.229376
0.229376
0.229376
0.229376
0.229376
0.229376
0.229376
0.230182
0.230182
0.230182
0.230182
0.230182
0.230182
0.229376
0.229376
0.229376
0.229376
0.206460
0.206460
0.206460
0.206460
0.206460
0.206460
0.206460
0.206460
0.206460
0.206460
0.206460
0.206460
0.206460
0.206460
0.206460
0.206460
0.206460
0.206460
0.206460
0.206460
0.206460
0.206460
0.229376
0.229376
0.229376
0.229376
0.229376
0.229376
0.229376
0.206460
0.206460
0.206460
0.206460
0.229376
0.229376
0.229376
0.229376
0.229376
0.229376
0.229376
0.229376
0.230182
0.230182
0.230182
0.230182
0.230182
0.230182
0.230182
0.230182
0.230182
0.230182
0.184093
0.184093
0.184093
0.184093
0.230182
0.229376
0.230182
0.230182
0.230182
0.230182
0.230182
0.230182
0.230182
0.230182
0.230182
0.229376
0.229376
0.229376
0.229376
0.206460
0.229376
0.229376
0.229376
0.229376
0.229376
0.229376
0.229376
0.229376
0.229376
0.229376
0.229376
0.229376
0.229376
0.229376
0.229376
0.229376
0.229376
0.229376
0.870168
0.706655
0.718901
0.645252
0.799203
0.807660
0.794438
0.230182
0.230182
0.230182
0.230182
0.230182
0.230182
0.230182
0.230182
0.230182
0.230182
0.230182
0.230182
0.646058
0.640896
0.718386
0.718386
0.718386
0.718386
0.718386
0.793631
0.707461
0.707461
0.706655
0.706655
0.706655
0.801124
0.792987
0.622336
0.778209
0.206460
0.206460
0.206460
0.229376
0.229376
0.229376
0.229376
0.229376
0.229376
0.229376
0.229376
0.229376
0.229376
0.229376
0.229376
0.229376
0.229376
0.229376
0.230182
0.230182
0.230182
0.230182
0.230182
0.230182
0.230182
0.230182
0.229376
0.229376
0.229376
0.230182
0.229376
0.229376
0.229376
0.229376
0.229376
0.229376
0.797161
0.846789
0.707461
0.640089
0.718386
0.718386
0.645252
0.645252
0.640089
0.645252
0.829596
0.819278
0.816468
0.829596
0.816468
0.816468
0.816468
0.797967
0.797967
0.808467
0.230182
0.230182
0.230182
0.230182
0.230182
0.230182
0.230182
0.230182
0.230182
0.230182
0.719707
0.808090
0.640089
0.640089
0.819278
0.819278
0.819278
0.816972
0.718901
0.718901
0.718901
0.715299
0.229376
0.229376
0.229376
0.229376
0.230182
0.230182
0.229376
0.229376
0.229376
0.230182
0.230182
0.230182
0.230182
0.229376
0.230182
0.230182
0.230182
0.230182
0.230182
0.230182
0.230182
0.230182
0.230182
0.230182
0.230182
0.230182
0.230182
0.184093
0.184093
0.184093
0.184093
0.184093
0.184093
0.184093
0.184093
0.184093
0.184093
0.184093
0.184093
0.184093
0.184093
0.184093
0.184093
0.184093
0.184093
0.184093
0.184093
0.184093
0.184093
0.184093
0.184093
0.184093
0.184093
0.230182
0.230182
0.230182
0.230182
0.230182
0.230182
0.230182
0.229376
0.846937
0.640896
0.829596
0.706655
0.815661
0.718386
0.640089
0.718386
0.719192
0.646058
0.646058
0.646058
0.640896
0.719192
0.646058
0.646058
0.594806
0.673103
0.599969
0.599969
0.599969
0.800700
0.832720
0.594806
0.800848
0.673103
0.594806
0.670016
0.730120
0.661372
0.661372
0.661372
0.661372
0.673618
0.661372
0.673618
0.796699
0.670016
0.594806
0.594806
0.673103
0.673103
0.673103
0.673103
0.673103
0.673103
0.673103
0.673103
0.599969
0.800700
0.800700
0.814144
0.814144
0.814144
0.800700
0.814144
0.814144
0.775444
0.762001
0.762001
0.762001
0.775444
0.775444
0.762001
0.762001
0.762001
0.762001
0.762001
0.787439
0.787439
0.838329
0.608250
0.686547
0.608250
0.608250
0.608250
0.608250
0.608250
0.608250
0.608250
0.608250
0.608250
0.608250
0.608250
0.613412
0.726963
0.765322
0.765322
0.765322
0.783822
0.765322
0.613412
0.569891
0.575053
0.575053
0.569891
0.569891
0.569891
0.745048
0.636457
0.648703
0.648703
0.648703
0.648703
0.648703
0.730926
0.636457
0.722299
0.000000
0.000000
0.000000
0.000000
0.000000
0.000000
0.000000
0.000000
0.000000
0.000000
0.000000
0.000000
0.000000
0.000000
0.000000
0.000000
0.000000
0.000000
0.000000
0.000000
0.000000
0.000000
0.000000
0.000000
0.000000
0.000000
0.000000
0.005656
0.005656
0.005656
0.000000
0.005656
0.005656
0.000000
0.000000
0.000000
0.000000
0.000000
0.038359
0.038359
0.038359
0.038359
0.038359
0.038359
0.038359
0.038359
0.024916
0.024916
0.024916
0.024916
0.024916
0.024916
0.024916
0.024916
0.024916
0.024916
0.024916
0.024916
0.024916
0.024916
0.024916
0.024916
0.024916
0.024916
0.071005
0.071005
0.071005
0.071005
0.071005
0.071005
0.071005
0.071005
0.071005
0.230182
0.230182
0.230182
0.230182
0.229376
0.229376
0.229376
0.229376
0.230182
0.230182
0.229376
0.229376
0.229376
0.229376
0.229376
0.229376
0.229376
0.230182
0.230182
0.230182
0.230182
0.230182
0.230182
0.230182
0.230182
0.230182
0.229376
0.229376
0.230182
0.230182
0.230182
0.230182
0.230182
0.230182
0.230182
0.184093
0.184093
0.230182
0.184093
0.184093
0.184093
0.184093
0.184093
0.230182
0.230182
0.230182
0.230182
0.230182
0.229376
0.206460
0.229376
0.206460
0.206460
0.692383
0.885966
0.881934
0.882950
0.901360
0.860672
0.799269
0.794106
0.794106
0.725187
0.730350
0.725187
0.725187
0.725187
0.803484
0.725187
0.973432
0.973432
0.973295
0.969679
0.383393
0.383393
0.383393
0.383393
0.383393
0.383393
0.383393
0.383393
0.383393
0.383393
0.383393
0.383393
0.383393
0.969679
1.000000
0.794106
0.794106
0.794106
0.794106
0.869316
0.961301
0.953220
0.953220
0.953220
0.884301
0.884301
0.884301
0.892382
0.904376
0.916303
0.725187
0.725187
0.725187
0.803484
0.725187
0.725187
0.725187
0.725187
0.725187
0.706777
0.773343
0.773343
0.883660
0.781987
0.706777
0.725187
0.725187
0.725187
0.725187
0.725187
0.725187
0.725187
0.800397
0.884301
0.884301
0.904513
0.904513
0.886103
0.882591
0.296064
0.296064
0.296064
0.296064
0.296064
0.296064
0.296064
0.296064
0.296064
0.296064
0.296064
0.296064
0.296064
0.296064
0.296064
0.296064
0.296064
0.314474
0.296064
0.296064
0.296064
0.296064
0.296064
0.296064
0.296064
0.314474
0.314474
0.314474
0.314474
0.314474
0.314474
0.314474
0.296064
0.296064
0.296064
0.296064
0.896284
0.865891
0.711940
0.711940
0.706777
0.706777
0.785074
0.785074
0.785074
0.706777
0.785074
0.785074
0.785074
0.706777
0.706777
0.785074
0.867812
0.785589
0.785589
0.785589
0.785589
0.785589
0.785589
0.785589
0.785589
0.785589
0.785589
0.785589
0.785589
0.785589
0.785589
0.785589
0.773343
0.839354
0.839354
0.867812
0.781987
0.781987
0.296064
0.296064
0.296064
0.296064
0.206460
0.296064
0.296064
0.296064
0.296064
0.314474
0.314474
0.314474
0.314474
0.314474
0.314474
0.314474
0.314474
0.314474
0.314474
0.314474
0.314474
0.296064
0.296064
0.296064
0.296064
0.314474
0.314474
0.314474
0.314474
0.314474
0.314474
0.314474
0.314474
0.314474
0.314474
0.314474
0.314474
0.314474
0.314474
0.296064
0.296064
0.314474
0.314474
0.314474
0.314474
0.314474
0.314474
0.314474
0.314474
0.314474
0.314474
0.314474
0.800397
0.725187
0.791753
0.857764
0.803999
0.803999
0.803999
0.901360
0.904513
0.877595
0.725187
0.725187
0.725187
0.730350
0.725187
0.803484
0.725187
0.725187
0.730350
0.886222
0.886222
0.886222
0.886222
0.886222
0.886222
0.886222
0.886222
0.931228
0.725187
0.730350
0.730350
0.725187
0.725187
0.725187
0.730350
0.725187
0.955267
0.803999
0.803999
0.886222
0.800397
0.901001
0.314474
0.314474
0.314474
0.314474
0.314474
0.314474
0.314474
0.314474
0.314474
0.314474
0.314474
0.296064
0.296064
0.296064
0.296064
0.296064
0.296064
0.296064
0.296064
0.296064
0.296064
0.296064
0.296064
0.296064
0.296064
0.296064
0.296064
0.296064
0.296064
0.296064
0.296064
0.296064
0.296064
0.296064
0.296064
0.296064
0.296064
0.296064
0.296064
0.206460
0.206460
0.206460
0.206460
0.206460
0.206460
0.206460
0.206460
0.206460
0.206460
0.206460
0.206460
0.206460
0.206460
0.206460
0.206460
0.206460
0.206460
0.206460
0.206460
0.229376
0.206460
0.229376
0.229376
0.229376
0.229376
0.229376
0.229376
0.229376
0.229376
0.229376
0.229376
0.229376
0.229376
0.229376
0.229376
0.229376
0.229376
0.230182
0.229376
0.230182
0.230182
0.230182
0.230182
0.230182
0.230182
0.230182
0.230182
0.230182
0.230182
0.230182
0.230182
0.230182
0.230182
0.230182
0.184093
0.230182
0.230182
0.184093
0.184093
0.184093
0.184093
0.184093
0.184093
0.184093
0.184093
0.184093
0.184093
0.184093
0.184093
0.184093
0.184093
0.184093
0.184093
0.184093
0.184093
0.184093
0.184093
0.184093
0.184093
0.184093
0.184093
0.230182
0.230182
0.230182
0.230182
0.230182
0.230182
0.716105
0.716105
0.646058
0.646058
0.816468
0.794438
0.823231
0.777142
0.748349
0.748349
0.748349
0.748349
0.673618
0.670016
0.184093
0.184093
0.184093
0.184093
0.184093
0.184093
0.184093
0.184093
0.184093
0.184093
0.184093
0.184093
0.184093
0.230182
0.230182
0.184093
0.184093
0.184093
0.184093
0.184093
0.184093
0.184093
0.184093
0.184093
0.184093
0.184093
0.184093
0.184093
0.184093
0.184093
0.184093
0.184093
0.184093
0.184093
0.184093
0.184093
0.184093
0.184093
0.184093
0.184093
0.184093
0.184093
0.184093
0.184093
0.184093
0.184093
0.184093
0.184093
0.184093
0.184093
0.184093
0.184093
0.184093
0.184093
0.184093
0.184093
0.184093
0.184093
0.184093
0.184093
0.184093
0.197537
0.197537
0.184093
0.184093
0.197537
0.197537
0.184093
0.197537
0.184093
0.184093
0.184093
0.184093
0.184093
0.184093
0.184093
0.184093
0.184093
0.184093
0.184093
0.184093
0.184093
0.184093
0.184093
0.184093
0.184093
0.184093
0.184093
0.184093
0.184093
0.184093
0.184093
0.197537
0.184093
0.184093
0.024916
0.197537
0.038359
0.038359
0.038359
0.038359
0.038359
0.038359
0.038359
0.038359
0.038359
0.024916
0.024916
0.024916
0.024916
0.024916
0.024916
0.024916
0.024916
0.024916
0.024916
0.024916
0.024916
0.024916
0.184093
0.184093
0.184093
0.184093
0.184093
0.184093
0.184093
0.184093
0.184093
0.184093
0.184093
0.184093
0.184093
0.184093
0.184093
0.184093
0.184093
0.184093
0.184093
0.184093
0.184093
0.184093
0.184093
0.184093
0.184093
0.184093
0.184093
0.184093
0.184093
0.184093
0.184093
0.184093
0.184093
0.184093
0.024916
0.184093
0.184093
0.184093
0.661372
0.670016
0.599969
0.770379
0.661372
0.673618
0.673618
0.673618
0.673618
0.687062
0.673618
0.673618
0.673618
0.687062
0.687062
0.673618
0.687062
0.674816
0.674816
0.674816
0.661372
0.599969
0.594806
0.594806
0.608250
0.608250
0.613412
0.613412
0.608250
0.608250
0.608250
0.608250
0.760658
0.683460
0.683460
0.683460
0.760658
0.683460
0.787576
0.764354
0.613412
0.765322
0.765322
0.765322
0.765322
0.814144
0.743564
0.674816
0.674816
0.783407
0.814291
0.683460
0.197537
0.038359
0.038359
0.038359
0.038359
0.000000
0.038359
0.038359
0.038359
0.038359
0.000000
0.000000
0.000000
0.000000
0.000000
0.000000
0.000000
0.000000
0.000000
0.000000
0.000000
0.000000
0.000000
0.000000
0.000000
0.000000
0.000000
0.000000
0.000000
0.000000
0.000000
0.000000
0.000000
0.000000
0.038359
0.000000
0.000000
0.000000
0.000000
0.000000
0.000000
0.038359
0.000000
0.000000
0.000000
0.000000
0.000000
0.000000
0.000000
0.000000
0.000000
0.000000
0.000000
0.000000
0.000000
0.000000
0.000000
0.000000
0.000000
0.000000
0.000000
0.000000
0.000000
0.000000
0.000000
0.000000
0.000000
0.000000
0.000000
0.000000
0.000000
0.000000
0.000000
0.000000
0.000000
0.000000
0.000000
0.000000
0.000000
0.000000
0.000000
0.000000
0.000000
0.000000
0.000000
0.000000
0.000000
0.000000
0.000000
0.000000
0.000000
0.000000
0.000000
0.000000
0.000000
0.000000
0.000000
0.000000
0.000000
0.000000
0.000000
0.000000
0.000000
0.000000
0.000000
0.000000
0.000000
0.000000
0.000000
0.000000
0.000000
0.000000
0.000000
0.000000
0.000000
0.000000
0.000000
0.000000
0.000000
0.000000
0.000000
0.000000
0.000000
0.000000
0.000000
0.000000
0.000000
0.000000
0.005656
0.005656
0.005656
0.000000
0.005656
0.000000
0.005656
0.000000
0.000000
0.000000
0.000000
0.000000
0.000000
0.000000
0.000000
0.000000
0.000000
0.000000
0.000000
0.000000
0.000000
0.000000
0.000000
0.000000
0.000000
0.000000
0.000000
0.000000
0.000000
0.000000
0.000000
0.000000
0.000000
0.000000
0.000000
0.000000
0.000000
0.000000
0.000000
0.000000
0.000000
0.000000
0.000000
0.000000
0.000000
0.000000
0.000000
0.000000
0.000000
0.000000
0.000000
0.000000
0.000000
0.000000
0.000000
0.000000
0.000000
0.000000
0.000000
0.000000
0.000000
0.000000
0.000000
0.000000
0.038359
0.038359
0.038359
0.000000
0.038359
0.038359
0.038359
0.038359
0.000000
0.000000
0.000000
0.000000
0.000000
0.038359
0.000000
0.038359
0.038359
0.038359
0.038359
0.038359
0.038359
0.038359
0.038359
0.000000
0.038359
0.000000
0.000000
0.636457
0.645101
0.759397
0.636457
0.636457
0.648703
0.799970
0.575053
0.575053
0.575053
0.575053
0.575053
0.645101
0.746774
0.645101
0.737085
0.702467
0.000000
0.000000
0.000000
0.000000
0.000000
0.000000
0.000000
0.000000
0.000000
0.000000
0.000000
0.000000
0.000000
0.000000
0.000000
0.000000
0.000000
0.000000
0.000000
0.000000
0.000000
0.000000
0.000000
0.000000
0.000000
0.000000
0.000000
0.000000
0.000000
0.000000
0.000000
0.000000
0.000000
0.000000
0.000000
0.000000
0.000000
0.000000
0.000000
0.000000
0.000000
0.000000
0.000000
0.000000
0.000000
0.000000
0.000000
0.000000
0.538649
0.702467
0.702467
0.702467
0.737085
0.725995
0.725995
0.725995
0.725995
0.725995
0.725995
0.725995
0.725995
0.725995
0.725995
0.725995
0.725995
0.775785
0.575053
0.569891
0.788219
0.726963
0.726963
0.726963
0.702467
0.746063
0.722299
0.575053
0.569891
0.569891
0.575053
0.799970
0.702467
0.159178
0.538649
0.538649
0.538649
0.538649
0.000000
0.000000
0.000000
0.000000
0.000000
0.000000
0.000000
0.000000
0.000000
0.000000
0.000000
0.000000
0.000000
0.000000
0.000000
0.000000
0.000000
0.000000
0.000000
0.000000
0.788219
0.575053
0.575053
0.575053
0.737085
0.575053
0.569891
0.569891
0.569891
0.569891
0.569891
0.575053
0.575053
0.575053
0.737462
0.737462
0.737462
0.737462
0.726963
0.726963
0.761007
0.761007
0.726963
0.737462
0.726963
0.761007
0.737462
0.761007
0.761007
0.737462
0.761007
0.730926
0.000000
0.000000
0.000000
0.000000
0.000000
0.000000
0.000000
0.000000
0.000000
0.000000
0.000000
0.000000
0.000000
0.000000
0.000000
0.000000
0.000000
0.000000
0.000000
0.000000
0.000000
0.000000
0.000000
0.000000
0.000000
0.000000
0.000000
0.000000
0.000000
0.000000
0.000000
0.000000
0.000000
0.000000
0.000000
0.000000
0.000000
0.000000
0.000000
0.000000
0.000000
0.005656
0.000000
0.000000
0.636457
0.726963
0.752429
0.732618
0.765053
0.005656
0.005656
0.005656
0.005656
0.000000
0.005656
0.005656
0.005656
0.000000
0.005656
0.005656
0.000000
0.000000
0.000000
0.005656
0.005656
0.005656
0.005656
0.705205
0.810359
0.722299
0.575053
0.569891
0.575053
0.810359
0.645101
0.752226
0.729089
0.752226
0.752226
0.757882
0.757882
0.752226
0.746063
0.729089
0.723433
0.729089
0.751719
0.729089
0.729089
0.642112
0.653843
0.653843
0.653843
0.653843
0.653843
0.653843
0.575546
0.653843
0.653843
0.653843
0.575546
0.653843
0.653843
0.653843
0.575546
0.653843
0.580709
0.642112
0.642112
0.727955
0.734660
0.734660
0.005656
0.005656
0.005656
0.777439
0.580709
0.727955
0.650756
0.729089
0.729089
0.729089
0.750703
0.642112
0.580709
0.729089
0.642112
0.642112
0.642112
0.642112
0.642112
0.642112
0.642112
0.642112
0.642112
0.642112
0.642112
0.642112
0.642112
0.642112
0.729089
0.729089
0.729089
0.729089
0.729089
0.729089
0.729089
0.729089
0.729089
0.729089
0.727955
0.005656
0.005656
0.005656
0.005656
0.005656
0.005656
0.005656
0.005656
0.000000
0.000000
0.000000
0.000000
0.005656
0.005656
0.005656
0.005656
0.005656
0.005656
0.005656
0.005656
0.005656
0.005656
0.005656
0.005656
0.005656
0.005656
0.005656
0.005656
0.005656
0.005656
0.005656
0.005656
0.005656
0.005656
0.005656
0.005656
0.005656
0.005656
0.005656
0.005656
0.005656
0.005656
0.005656
0.005656
0.005656
0.005656
0.005656
0.005656
0.005656
0.005656
0.005656
0.005656
0.005656
0.005656
0.005656
0.005656
0.005656
0.005656
0.005656
0.005656
0.005656
0.005656
0.005656
0.000000
0.000000
0.005656
0.005656
0.005656
0.000000
0.708123
0.743118
0.642112
0.580709
0.580709
0.580709
0.751360
0.751360
0.742741
0.752429
0.751360
0.729089
0.729089
0.164833
0.005656
0.005656
0.544305
0.726963
0.766663
0.766663
0.761007
0.751719
0.729089
0.729089
0.729089
0.729089
0.729089
0.729089
0.729089
0.766663
0.732618
0.732618
0.751119
0.729089
0.005656
0.005656
0.005656
0.005656
0.005656
0.005656
0.005656
0.005656
0.005656
0.005656
0.752429
0.752429
0.752429
0.752429
0.580709
0.580709
0.642112
0.642112
0.650756
0.781440
0.005656
0.005656
0.005656
0.005656
0.005656
0.005656
0.005656
0.005656
0.005656
0.005656
0.005656
0.005656
0.005656
0.005656
0.005656
0.005656
0.005656
0.005656
0.005656
0.005656
0.005656
0.005656
0.005656
0.005656
0.005656
0.005656
0.005656
0.005656
0.005656
0.005656
0.005656
0.005656
0.005656
0.005656
0.005656
0.005656
0.005656
0.005656
0.005656
0.642112
0.727955
0.727955
0.727955
0.727955
0.580709
0.752429
0.752429
0.754736
0.757882
0.757882
0.642112
0.734660
0.580709
0.580709
0.580709
0.580709
0.580709
0.580709
0.580709
0.580709
0.580709
0.580709
0.575546
0.781588
0.743118
0.544305
0.005656
0.005656
0.005656
0.005656
0.005656
0.005656
0.005656
0.005656
0.005656
0.005656
0.005656
0.005656
0.005656
0.005656
0.005656
0.005656
0.005656
0.005656
0.005656
0.005656
0.005656
0.005656
0.005656
0.005656
0.005656
0.005656
0.005656
0.005656
0.005656
0.005656
0.005656
0.164833
0.731651
0.731651
0.731651
0.731651
0.731651
0.731651
0.731651
0.781440
0.781440
0.781440
0.781440
0.781440
0.781440
0.781440
0.781440
0.580709
0.708123
0.642112
0.642112
0.750703
0.810359
0.580709
0.580709
0.650756
0.750703
0.766663
0.750703
0.750703
0.750703
0.750703
0.710860
0.005656
0.005656
0.005656
0.005656
0.005656
0.005656
0.005656
0.005656
0.005656
0.005656
0.005656
0.005656
0.005656
0.005656
0.005656
0.005656
0.005656
0.005656
0.005656
0.005656
0.032711
0.005656
0.005656
0.005656
0.032711
0.005656
0.005656
0.005656
0.032711
0.032711
0.544305
0.710860
0.793718
0.032711
0.778416
0.032711
0.742741
0.770173
0.607765
0.765053
0.778174
0.032711
0.005656
0.032711
0.032711
0.032711
0.032711
0.005656
0.032711
0.032711
0.032711
0.032711
0.032711
0.032711
0.032711
0.032711
0.032711
0.005656
0.032711
0.005656
0.032711
0.005656
0.032711
0.005656
0.032711
0.005656
0.032711
0.032711
0.005656
0.032711
0.005656
0.005656
0.032711
0.032711
0.005656
0.005656
0.032711
0.032711
0.032711
0.032711
0.032711
0.032711
0.032711
0.032711
0.032711
0.032711
0.032711
0.032711
0.005656
0.032711
0.032711
0.032711
0.032711
0.032711
0.032711
0.032711
0.032711
0.032711
0.032711
0.032711
0.032711
0.032711
0.032711
0.032711
0.032711
0.032711
0.032711
0.032711
0.032711
0.032711
0.032711
0.032711
0.032711
0.032711
0.032711
0.032711
0.005656
0.032711
0.032711
0.032711
0.032711
0.032711
0.032711
0.032711
0.032711
0.032711
0.032711
0.032711
0.032711
0.032711
0.032711
0.032711
0.032711
0.032711
0.032711
0.032711
0.032711
0.032711
0.032711
0.005656
0.032711
0.032711
0.032711
0.005656
0.032711
0.005656
0.005656
0.005656
0.032711
0.032711
0.005656
0.005656
0.032711
0.005656
0.032711
0.005656
0.032711
0.005656
0.032711
0.032711
0.032711
0.005656
0.032711
0.032711
0.032711
0.032711
0.005656
0.005656
0.032711
0.032711
0.032711
0.005656
0.032711
0.032711
0.032711
0.032711
0.032711
0.032711
0.005656
0.005656
0.032711
0.005656
0.032711
0.032711
0.032711
0.032711
0.032711
0.032711
0.005656
0.032711
0.032711
0.032711
0.032711
0.032711
0.032711
0.032711
0.032711
0.032711
0.032711
0.032711
0.032711
0.032711
0.032711
0.032711
0.032711
0.032711
0.032711
0.032711
0.032711
0.032711
0.032711
0.032711
0.032711
0.032711
0.032711
0.032711
0.032711
0.032711
0.032711
0.032711
0.032711
0.032711
0.032711
0.032711
0.032711
0.032711
0.032711
0.032711
0.032711
0.032711
0.032711
0.032711
0.032711
0.032711
0.032711
0.032711
0.032711
0.032711
0.032711
0.032711
0.032711
0.032711
0.032711
0.032711
0.032711
0.032711
0.032711
0.032711
0.032711
0.032711
0.032711
0.032711
0.032711
0.032711
0.032711
0.032711
0.032711
0.032711
0.032711
0.032711
0.032711
0.032711
0.032711
0.032711
0.032711
0.032711
0.032711
0.032711
0.032711
0.032711
0.032711
0.032711
0.032711
0.032711
0.032711
0.032711
0.032711
0.032711
0.032711
0.032711
0.032711
0.032711
0.032711
0.032711
0.032711
0.032711
0.032711
0.032711
0.032711
0.032711
0.032711
0.032711
0.032711
0.032711
0.032711
0.032711
0.032711
0.032711
0.032711
0.032711
0.032711
0.032711
0.032711
0.032711
0.032711
0.032711
0.032711
0.032711
0.032711
0.032711
0.032711
0.032711
0.032711
0.032711
0.032711
0.032711
0.032711
0.032711
0.032711
0.032711
0.032711
0.032711
0.032711
0.032711
0.032711
0.032711
0.032711
0.032711
0.032711
0.032711
0.032711
0.032711
0.032711
0.032711
0.032711
0.032711
0.032711
0.032711
0.032711
0.032711
0.032711
0.032711
0.032711
0.032711
0.032711
0.032711
0.032711
0.032711
0.032711
0.032711
0.032711
0.032711
0.032711
0.032711
0.032711
0.032711
0.032711
0.032711
0.032711
0.032711
0.032711
0.032711
0.032711
0.032711
0.032711
0.032711
0.032711
0.032711
0.032711
0.032711
0.032711
0.032711
0.032711
0.032711
0.032711
0.032711
0.032711
0.032711
0.032711
0.032711
0.032711
0.032711
0.032711
0.032711
0.032711
0.032711
0.032711
0.032711
0.032711
0.032711
0.032711
0.032711
0.032711
0.032711
0.032711
0.032711
0.032711
0.032711
0.032711
0.032711
0.032711
0.032711
0.032711
0.032711
0.032711
0.032711
0.032711
0.032711
0.032711
0.032711
0.032711
0.032711
0.032711
0.032711
0.032711
0.032711
0.032711
0.032711
0.032711
0.032711
0.032711
0.032711
0.032711
0.032711
0.032711
0.032711
0.032711
0.032711
0.057040
0.032711
0.032711
0.032711
0.032711
0.032711
0.032711
0.032711
0.032711
0.032711
0.032711
0.032711
0.032711
0.057040
0.057040
0.057040
0.057040
0.057040
0.057040
0.057040
0.057040
0.057040
0.057040
0.057040
0.057040
0.057040
0.057040
0.057040
0.057040
0.057040
0.057040
0.057040
0.057040
0.057040
0.057040
0.057040
0.057040
0.057040
0.057040
0.057040
0.057040
0.057040
0.057040
0.057040
0.057040
0.057040
0.057040
0.057040
0.057040
0.057040
0.057040
0.057040
0.057040
0.057040
0.057040
0.057040
0.057040
0.057040
0.057040
0.057040
0.057040
0.057040
0.057040
0.057040
0.080819
0.080819
0.080819
0.080819
0.080819
0.080819
0.080819
0.080819
0.080819
0.080819
0.080819
0.080819
0.080819
0.080819
0.080819
0.080819
0.080819
0.080819
0.080819
0.080819
0.080819
0.080819
0.080819
0.080819
0.080819
0.080819
0.124681
0.124681
0.124681
0.124681
0.124681
0.124681
0.124681
0.124681
0.124681
0.124681
0.124681
0.124681
0.124681
0.124681
0.124681
0.124681
0.124681
0.124681
0.124681
0.124681
0.124681
0.124681
0.124681
0.124681
0.124681
0.124681
0.124681
0.124681
0.124681
0.124681
0.124681
0.124681
0.124681
0.124681
0.124681
0.124681
0.124681
0.124681
0.124681
0.124681
0.124681
0.124681
0.124681
0.124681
0.124681
0.124681
0.124681
0.124681
0.124681
0.124681
0.124681
0.124681
0.124681
0.124681
0.124681
0.124681
0.124681
0.124681
0.124681
0.124681
0.124681
0.124681
0.124681
0.124681
0.124681
0.124681
0.124681
0.124681
0.124681
0.124681
0.124681
0.124681
0.124681
0.124681
0.124681
0.124681
0.124681
0.124681
0.124681
0.124681
0.124681
0.124681
0.124681
0.124681
0.124681
0.124681
0.124681
0.124681
0.124681
0.124681
0.124681
0.124681
0.124681
0.124681
0.124681
0.124681
0.124681
0.124681
0.124681
0.124681
0.124681
0.124681
0.124681
0.124681
0.124681
0.124681
0.124681
0.124681
0.124681
0.124681
0.124681
0.124681
0.124681
0.124681
0.137992
0.137992
0.124681
0.124681
0.124681
0.124681
0.137992
0.124681
0.124681
0.137992
0.124681
0.124681
0.124681
0.137992
0.137992
0.137992
0.137992
0.137992
0.137992
0.137992
0.124681
0.124681
0.137992
0.124681
0.124681
0.124681
0.137992
0.137992
0.137992
0.137992
0.137992
0.137992
0.137992
0.137992
0.137992
0.137992
0.124681
0.137992
0.137992
0.137992
0.137992
0.137992
0.137992
0.137992
0.137992
0.137992
0.137992
0.137992
0.137992
0.137992
0.137992
0.137992
0.137992
0.137992
0.137992
0.137992
0.137992
0.137992
0.137992
0.137992
0.137992
0.137992
0.137992
0.137992
0.108222
0.137992
0.137992
0.137992
0.137992
0.137992
0.137992
0.137992
0.137992
0.137992
0.137992
0.137992
0.137992
0.137992
0.137992
0.137992
0.137992
0.137992
0.137992
0.137992
0.137992
0.137992
0.137992
0.137992
0.137992
0.137992
0.137992
0.137992
0.137992
0.137992
0.137992
0.137992
0.137992
0.137992
0.137992
0.137992
0.137992
0.137992
0.137992
0.137992
0.137992
0.137992
0.137992
0.137992
0.137992
0.137992
0.137992
0.137992
0.137992
0.137992
0.137992
0.137992
0.137992
0.137992
0.137992
0.137992
0.137992
0.137992
0.137992
0.137992
0.137992
0.137992
0.137992
0.137992
0.108222
0.108222
0.108222
0.108222
0.108222
0.108222
0.108222
0.108222
0.108222
0.108222
0.108222
0.108222
0.108222
0.108222
0.108222
0.108222
0.108222
0.108222
0.108222
0.108222
0.108222
0.108222
0.108222
0.108222
0.108222
0.108222
0.108222
0.108222
0.108222
0.108222
0.108222
0.108222
0.108222
0.108222
0.108222
0.108222
0.108222
0.108222
0.108222
0.108222
0.108222
0.108222
0.108222
0.108222
0.108222
0.108222
0.108222
0.108222
0.108222
0.108222
0.108222
0.108222
0.108222
0.108222
0.108222
0.108222
0.108222
0.108222
0.108222
0.108222
0.108222
0.108222
0.108222
0.108222
0.108222
0.108222
0.108222
0.108222
0.108222
0.108222
0.108222
0.108222
0.108222
0.108222
0.108222
0.108222
0.108222
0.108222
0.108222
0.108222
0.108222
0.108222
0.108222
0.108222
0.108222
0.108222
0.108222
0.108222
0.137992
0.137992
0.137992
0.137992
0.137992
0.137992
0.137992
0.137992
0.137992
0.137992
0.137992
0.137992
0.137992
0.137992
0.137992
0.137992
0.137992
0.137992
0.108222
0.108222
0.108222
0.108222
0.108222
0.108222
0.108222
0.108222
0.108222
0.108222
0.108222
0.108222
0.108222
0.108222
0.108222
0.683275
0.813426
0.831655
0.853269
0.646871
0.646871
0.108222
0.108222
0.137992
0.137992
0.108222
0.137992
0.108222
0.108222
0.898999
0.108222
0.108222
0.108222
0.108222
0.108222
0.108222
0.108222
0.108222
0.108222
0.744678
0.853269
0.908192
0.108222
0.108222
0.108222
0.108222
0.108222
0.108222
0.108222
0.108222
0.108222
0.108222
0.108222
0.108222
0.108222
0.108222
0.108222
0.108222
0.108222
0.108222
0.108222
0.108222
0.108222
0.108222
0.108222
0.108222
0.108222
0.108222
0.108222
0.108222
0.108222
0.108222
0.108222
0.108222
0.108222
0.108222
0.108222
0.108222
0.108222
0.108222
0.108222
0.108222
0.108222
0.108222
0.108222
0.108222
0.108222
0.108222
0.108222
0.108222
0.108222
0.108222
0.108222
0.108222
0.108222
0.108222
0.108222
0.108222
0.108222
0.108222
0.108222
0.108222
0.108222
0.108222
0.108222
0.108222
0.108222
0.108222
0.108222
0.108222
0.108222
0.108222
0.108222
0.108222
0.108222
0.108222
0.108222
0.108222
0.108222
0.108222
0.108222
0.108222
0.108222
0.108222
0.108222
0.108222
0.108222
0.108222
0.108222
0.108222
0.108222
0.108222
0.108222
0.108222
0.108222
0.108222
0.108222
0.108222
0.108222
0.108222
0.108222
0.108222
0.108222
0.108222
0.108222
0.108222
0.108222
0.108222
0.108222
0.108222
0.108222
0.108222
0.108222
0.108222
0.108222
0.108222
0.108222
0.108222
0.108222
0.830521
0.813426
0.884006
0.108222
0.108222
0.830521
0.854995
0.683275
0.756409
0.683275
0.813426
0.813426
0.856907
0.856907
0.856907
0.856907
0.856907
0.875136
0.726756
0.896750
0.151702
0.151702
0.151702
0.151702
0.151702
0.151702
0.151702
0.151702
0.151702
0.151702
0.151702
0.151702
0.151702
0.151702
0.151702
0.151702
0.151702
0.151702
0.151702
0.151702
0.151702
0.151702
0.151702
0.151702
0.151702
0.151702
0.151702
0.151702
0.151702
0.151702
0.151702
0.151702
0.151702
0.151702
0.151702
0.151702
0.151702
0.151702
0.151702
0.151702
0.151702
0.151702
0.159540
0.159540
0.159540
0.159540
0.159540
0.159540
0.159540
0.159540
0.159540
0.159540
0.159540
0.159540
0.159540
0.159540
0.159540
0.151702
0.151702
0.151702
0.151702
0.151702
0.151702
0.151702
0.151702
0.151702
0.159540
0.159540
0.151702
0.151702
0.151702
0.151702
0.151702
0.896750
0.159540
0.159540
0.151702
0.151702
0.159540
0.159540
0.151702
0.151702
0.151702
0.151702
0.151702
0.151702
0.151702
0.151702
0.159540
0.151702
0.159540
0.159540
0.159540
0.159540
0.159540
0.159540
0.159540
0.159540
0.159540
0.159540
0.159540
0.159540
0.159540
0.159540
0.159540
0.159540
0.159540
0.159540
0.159540
0.159540
0.159540
0.159540
0.159540
0.159540
0.159540
0.159540
0.159540
0.159540
0.159540
0.159540
0.159540
0.159540
0.159540
0.159540
0.159540
0.159540
0.159540
0.159540
0.159540
0.159540
0.159540
0.159540
0.159540
0.159540
0.159540
0.159540
0.159540
0.159540
0.159540
0.159540
0.159540
0.159540
0.159540
0.159540
0.159540
0.159540
0.159540
0.159540
0.169304
0.169304
0.159540
0.159540
0.159540
0.169304
0.169304
0.169304
0.169304
0.169304
0.169304
0.169304
0.169304
0.169304
0.169304
0.169304
0.169304
0.169304
0.169304
0.169304
0.169304
0.169304
0.169304
0.169304
0.169304
0.169304
0.169304
0.169304
0.169304
0.169304
0.169304
0.169304
0.169304
0.169304
0.159540
0.169304
0.169304
0.169304
0.169304
0.169304
0.169304
0.169304
0.169304
0.169304
0.169304
0.169304
0.169304
0.169304
0.169304
0.169304
0.169304
0.169304
0.169304
0.169304
0.744357
0.805760
0.744357
0.928701
0.169304
0.169304
0.169304
0.169304
0.896266
0.744357
0.822654
0.822654
0.906389
0.888630
0.169304
0.169304
0.169304
0.169304
0.169304
0.169304
0.169304
0.169304
0.169304
0.169304
0.169304
0.169304
0.116887
0.169304
0.116887
0.169304
0.169304
0.169304
0.116887
0.116887
0.116887
0.116887
0.116887
0.116887
0.116887
0.116887
0.116887
0.116887
0.116887
0.116887
0.116887
0.116887
0.116887
0.116887
0.116887
0.116887
0.116887
0.116887
0.116887
0.116887
0.116887
0.116887
0.116887
0.116887
0.116887
0.116887
0.116887
0.116887
0.116887
0.116887
0.116887
0.116887
0.116887
0.116887
0.116887
0.116887
0.116887
0.116887
0.116887
0.116887
0.116887
0.116887
0.116887
0.116887
0.116887
0.116887
0.116887
0.116887
0.116887
0.116887
0.116887
0.116887
0.116887
0.116887
0.116887
0.116887
0.116887
0.116887
0.116887
0.116887
0.116887
0.116887
0.116887
0.116887
0.116887
0.116887
0.116887
0.116887
0.116887
0.116887
0.116887
0.116887
0.116887
0.116887
0.116887
0.116887
0.116887
0.116887
0.116887
0.116887
0.116887
0.116887
0.116887
0.116887
0.116887
0.116887
0.116887
0.116887
0.116887
0.116887
0.116887
0.116887
0.116887
0.116887
0.116887
0.116887
0.116887
0.116887
0.116887
0.116887
0.116887
0.116887
0.116887
0.116887
0.116887
0.116887
0.116887
0.116887
0.116887
0.116887
0.116887
0.116887
0.116887
0.116887
0.116887
0.116887
0.116887
0.116887
0.116887
0.116887
0.116887
0.116887
0.116887
0.116887
0.116887
0.116887
0.116887
0.116887
0.116887
0.116887
0.116887
0.116887
0.116887
0.116887
0.116887
0.116887
0.116887
0.116887
0.116887
0.116887
0.116887
0.116887
0.116887
0.116887
0.116887
0.116887
0.116887
0.116887
0.116887
0.116887
0.116887
0.116887
0.116887
0.116887
0.116887
0.116887
0.116887
0.116887
0.169304
0.169304
0.169304
0.169304
0.116887
0.116887
0.116887
0.116887
0.116887
0.116887
0.169304
0.116887
0.116887
0.116887
0.116887
0.116887
0.116887
0.116887
0.116887
0.116887
0.116887
0.116887
0.116887
0.116887
0.116887
0.116887
0.116887
0.116887
0.116887
0.116887
0.116887
0.116887
0.116887
0.116887
0.116887
0.116887
0.116887
0.116887
0.116887
0.116887
0.116887
0.116887
0.116887
0.116887
0.116887
0.116887
0.116887
0.116887
0.116887
0.116887
0.116887
0.116887
0.116887
0.116887
0.116887
0.116887
0.116887
0.116887
0.116887
0.116887
0.116887
0.116887
0.116887
0.169304
0.169304
0.169304
0.116887
0.169304
0.116887
0.116887
0.116887
0.116887
0.116887
0.116887
0.765074
0.655536
0.116887
0.116887
0.116887
0.116887
0.116887
0.116887
0.116887
0.116887
0.861934
0.169304
0.116887
0.116887
0.169304
0.169304
0.169304
0.169304
0.169304
0.169304
0.169304
0.169304
0.169304
0.169304
0.805760
0.744357
0.744357
0.169304
0.159540
0.169304
0.159540
0.159540
0.159540
0.159540
0.159540
0.159540
0.159540
0.159540
0.159540
0.159540
0.159540
0.159540
0.159540
0.159540
0.159540
0.159540
0.159540
0.159540
0.159540
0.159540
0.159540
0.159540
0.159540
0.159540
0.159540
0.159540
0.159540
0.159540
0.159540
0.159540
0.159540
0.159540
0.159540
0.159540
0.159540
0.159540
0.159540
0.159540
0.159540
0.151702
0.151702
0.151702
0.151702
0.151702
0.151702
0.151702
0.151702
0.151702
0.151702
0.151702
0.151702
0.151702
0.151702
0.151702
0.151702
0.151702
0.151702
0.151702
0.151702
0.151702
0.151702
0.151702
0.151702
0.151702
0.151702
0.151702
0.151702
0.151702
0.151702
0.151702
0.151702
0.151702
0.151702
0.151702
0.151702
0.151702
0.151702
0.151702
0.151702
0.151702
0.151702
0.151702
0.151702
0.151702
0.151702
0.151702
0.151702
0.151702
0.151702
0.151702
0.151702
0.151702
0.151702
0.151702
0.151702
0.151702
0.151702
0.151702
0.151702
0.151702
0.151702
0.151702
0.151702
0.151702
0.108222
0.108222
0.108222
0.108222
0.108222
0.108222
0.108222
0.108222
0.108222
0.108222
0.108222
0.108222
0.108222
0.108222
0.108222
0.108222
0.137992
0.137992
0.137992
0.137992
0.137992
0.137992
0.137992
0.137992
0.137992
0.137992
0.137992
0.137992
0.137992
0.137992
0.137992
0.137992
0.137992
0.137992
0.137992
0.137992
0.137992
0.137992
0.137992
0.137992
0.137992
0.137992
0.137992
0.137992
0.137992
0.124681
0.137992
0.137992
0.124681
0.124681
0.124681
0.124681
0.137992
0.137992
0.124681
0.124681
0.124681
0.124681
0.124681
0.137992
0.137992
0.137992
0.137992
0.137992
0.137992
0.137992
0.137992
0.124681
0.124681
0.124681
0.124681
0.124681
0.124681
0.124681
0.124681
0.124681
0.124681
0.124681
0.124681
0.124681
0.124681
0.124681
0.124681
0.124681
0.124681
0.124681
0.124681
0.124681
0.124681
0.124681
0.124681
0.124681
0.124681
0.124681
0.124681
0.124681
0.124681
0.124681
0.124681
0.124681
0.124681
0.124681
0.124681
0.124681
0.124681
0.124681
0.124681
0.124681
0.124681
0.124681
0.124681
0.124681
0.124681
0.124681
0.124681
0.124681
0.124681
0.124681
0.124681
0.124681
0.124681
0.124681
0.124681
0.124681
0.124681
0.124681
0.124681
0.124681
0.124681
0.124681
0.124681
0.080819
0.080819
0.080819
0.080819
0.080819
0.080819
0.080819
0.080819
0.080819
0.080819
0.080819
0.080819
0.080819
0.080819
0.080819
0.080819
0.080819
0.080819
0.080819
0.080819
0.080819
0.080819
0.080819
0.080819
0.080819
0.080819
0.080819
0.080819
0.080819
0.080819
0.080819
0.080819
0.080819
0.080819
0.080819
0.080819
0.080819
0.080819
0.080819
0.080819
0.080819
0.080819
0.080819
0.080819
0.080819
0.080819
0.080819
0.080819
0.080819
0.080819
0.080819
0.080819
0.080819
0.080819
0.080819
0.080819
0.080819
0.080819
0.080819
0.080819
0.080819
0.080819
0.080819
0.080819
0.080819
0.080819
0.080819
0.080819
0.080819
0.080819
0.080819
0.080819
0.080819
0.080819
0.080819
0.080819
0.080819
0.080819
0.080819
0.080819
0.080819
0.080819
0.080819
0.080819
0.080819
0.080819
0.080819
0.080819
0.124681
0.124681
0.124681
0.124681
0.124681
0.124681
0.124681
0.124681
0.080819
0.080819
0.080819
0.080819
0.080819
0.080819
0.080819
0.124681
0.080819
0.080819
0.080819
0.124681
0.124681
0.080819
0.080819
0.080819
0.080819
0.080819
0.080819
0.080819
0.080819
0.080819
0.080819
0.080819
0.080819
0.080819
0.080819
0.080819
0.080819
0.080819
0.080819
0.080819
0.080819
0.080819
0.080819
0.080819
0.080819
0.080819
0.080819
0.080819
0.080819
0.080819
0.080819
0.080819
0.080819
0.080819
0.080819
0.080819
0.080819
0.080819
0.080819
0.080819
0.080819
0.080819
0.080819
0.080819
0.080819
0.080819
0.080819
0.080819
0.080819
0.080819
0.080819
0.080819
0.080819
0.080819
0.080819
0.080819
0.080819
0.080819
0.080819
0.080819
0.080819
0.080819
0.080819
0.080819
0.080819
0.080819
0.080819
0.080819
0.080819
0.080819
0.080819
0.080819
0.080819
0.080819
0.080819
0.080819
0.080819
0.080819
0.080819
0.080819
0.080819
0.080819
0.080819
0.080819
0.080819
0.080819
0.080819
0.080819
0.080819
0.080819
0.080819
0.080819
0.080819
0.080819
0.080819
0.080819
0.080819
0.080819
0.080819
0.080819
0.080819
0.080819
0.080819
0.080819
0.080819
0.080819
0.080819
0.080819
0.080819
0.080819
0.080819
0.080819
0.080819
0.080819
0.080819
0.080819
0.080819
0.080819
0.080819
0.080819
0.080819
0.080819
0.080819
0.080819
0.080819
0.080819
0.080819
0.080819
0.080819
0.080819
0.080819
0.080819
0.080819
0.080819
0.080819
0.080819
0.080819
0.080819
0.080819
0.080819
0.080819
0.080819
0.080819
0.080819
0.080819
0.080819
0.057040
0.057040
0.057040
0.057040
0.057040
0.057040
0.057040
0.080819
0.057040
0.057040
0.057040
0.057040
0.057040
0.057040
0.057040
0.057040
0.057040
0.057040
0.057040
0.057040
0.057040
0.057040
0.057040
0.057040
0.057040
0.057040
0.057040
0.057040
0.057040
0.057040
0.057040
0.057040
0.057040
0.057040
0.057040
0.057040
0.057040
0.057040
0.057040
0.057040
0.057040
0.057040
0.057040
0.057040
0.057040
0.057040
0.057040
0.057040
0.057040
0.057040
0.057040
0.057040
0.057040
0.057040
0.057040
0.057040
0.057040
0.057040
0.057040
0.057040
0.057040
0.057040
0.057040
0.057040
0.057040
0.057040
0.057040
0.057040
0.057040
0.057040
0.057040
0.057040
0.057040
0.057040
0.057040
0.057040
0.057040
0.057040
0.057040
0.057040
0.057040
0.057040
0.057040
0.057040
0.057040
0.057040
0.057040
0.057040
0.057040
0.057040
0.057040
0.057040
0.057040
0.057040
0.057040
0.057040
0.057040
0.057040
0.057040
0.057040
0.057040
0.057040
0.057040
0.057040
0.057040
0.057040
0.057040
0.057040
0.057040
0.057040
0.057040
0.057040
0.057040
0.057040
0.057040
0.057040
0.057040
0.057040
0.057040
0.057040
0.057040
0.057040
0.057040
0.057040
0.057040
0.057040
0.057040
0.057040
0.057040
0.057040
0.057040
0.057040
0.057040
0.057040
0.057040
0.057040
0.057040
0.057040
0.057040
0.057040
0.057040
0.057040
0.057040
0.057040
0.057040
0.057040
0.057040
0.057040
0.057040
0.057040
0.057040
0.057040
0.057040
0.057040
0.057040
0.057040
0.057040
0.057040
0.057040
0.057040
0.080819
0.057040
0.057040
0.057040
0.057040
0.080819
0.057040
0.057040
0.057040
0.057040
0.057040
0.057040
0.057040
0.057040
0.057040
0.057040
0.057040
0.057040
0.057040
0.057040
0.057040
0.057040
0.057040
0.057040
0.080819
0.080819
0.080819
0.080819
0.080819
0.057040
0.080819
0.057040
0.080819
0.080819
0.057040
0.080819
0.057040
0.080819
0.057040
0.057040
0.057040
0.057040
0.080819
0.057040
0.057040
0.057040
0.057040
0.057040
0.057040
0.057040
0.057040
0.057040
0.057040
0.057040
0.057040
0.057040
0.057040
0.057040
0.057040
0.057040
0.057040
0.057040
0.057040
0.057040
0.057040
0.057040
0.057040
0.057040
0.057040
0.057040
0.057040
0.057040
0.057040
0.057040
0.057040
0.057040
0.057040
0.057040
0.057040
0.057040
0.057040
0.057040
0.057040
0.057040
0.057040
0.057040
0.057040
0.057040
0.057040
0.057040
0.057040
0.057040
0.057040
0.057040
0.057040
0.057040
0.057040
0.057040
0.057040
0.057040
0.057040
0.057040
0.057040
0.057040
0.057040
0.057040
0.057040
0.057040
0.057040
0.057040
0.057040
0.057040
0.057040
0.057040
0.057040
0.057040
0.057040
0.057040
0.057040
0.032711
0.032711
0.032711
0.032711
0.032711
0.032711
0.057040
0.057040
0.032711
0.032711
0.032711
0.032711
0.032711
0.057040
0.032711
0.057040
0.032711
0.032711
0.032711
0.032711
0.032711
0.032711
0.032711
0.032711
0.032711
0.032711
0.669168
0.669168
0.784003
0.057040
0.032711
0.032711
0.032711
0.032711
0.032711
0.032711
0.005656
0.032711
0.032711
0.032711
0.032711
0.032711
0.032711
0.032711
0.032711
0.032711
0.032711
0.032711
0.032711
0.032711
0.005656
0.032711
0.005656
0.005656
0.005656
0.032711
0.005656
0.005656
0.005656
0.005656
0.005656
0.005656
0.005656
0.005656
0.005656
0.005656
0.005656
0.005656
0.005656
0.005656
0.005656
0.005656
0.731651
0.727955
0.005656
0.005656
0.005656
0.005656
0.005656
0.005656
0.005656
0.005656
0.005656
0.005656
0.005656
0.005656
0.642112
0.765053
0.580709
0.766663
0.005656
0.005656
0.005656
0.005656
0.005656
0.005656
0.005656
0.005656
0.005656
0.005656
0.005656
0.005656
0.005656
0.005656
0.005656
0.005656
0.005656
0.005656
0.005656
0.005656
0.005656
0.005656
0.005656
0.005656
0.005656
0.005656
0.005656
0.005656
0.005656
0.005656
0.005656
0.005656
0.005656
0.005656
0.005656
0.005656
0.005656
0.005656
0.005656
0.005656
0.000000
0.005656
0.005656
0.005656
0.005656
0.005656
0.005656
0.005656
0.005656
0.005656
0.000000
0.005656
0.005656
0.005656
0.005656
0.005656
0.005656
0.005656
0.005656
0.005656
0.005656
0.005656
0.005656
0.005656
0.005656
0.005656
0.005656
0.005656
0.005656
0.005656
0.005656
0.005656
0.005656
0.005656
0.005656
0.642112
0.005656
0.005656
0.005656
0.005656
0.005656
0.005656
0.005656
0.005656
0.005656
0.005656
0.005656
0.005656
0.005656
0.005656
0.005656
0.005656
0.005656
0.005656
0.005656
0.005656
0.005656
0.005656
0.005656
0.005656
0.005656
0.005656
0.005656
0.005656
0.005656
0.005656
0.005656
0.005656
0.005656
0.005656
0.005656
0.005656
0.005656
0.005656
0.000000
0.000000
0.000000
0.000000
0.005656
0.000000
0.000000
0.000000
0.000000
0.000000
0.000000
0.000000
0.000000
0.759397
0.000000
0.000000
0.000000
0.000000
0.005656
0.000000
0.005656
0.000000
0.005656
0.000000
0.005656
0.000000
0.000000
0.000000
0.000000
0.000000
0.000000
0.000000
0.005656
0.000000
0.000000
0.000000
0.000000
0.000000
0.000000
0.000000
0.000000
0.000000
0.000000
0.000000
0.000000
0.000000
0.000000
0.000000
0.000000
0.000000
0.000000
0.005656
0.005656
0.000000
0.005656
0.005656
0.005656
0.005656
0.000000
0.005656
0.005656
0.000000
0.000000
0.000000
0.000000
0.000000
0.000000
0.000000
0.000000
0.000000
0.000000
0.000000
0.000000
0.000000
0.000000
0.000000
0.000000
0.000000
0.000000
0.000000
0.000000
0.000000
0.000000
0.000000
0.000000
0.000000
0.000000
0.000000
0.000000
0.000000
0.000000
0.000000
0.000000
0.000000
0.000000
0.000000
0.000000
0.000000
0.000000
0.000000
0.000000
0.000000
0.000000
0.000000
0.000000
0.000000
0.005656
0.000000
0.005656
0.005656
0.005656
0.005656
0.000000
0.005656
0.000000
0.005656
0.005656
0.000000
0.005656
0.000000
0.000000
0.005656
0.000000
0.005656
0.005656
0.000000
0.005656
0.005656
0.005656
0.005656
0.005656
0.005656
0.005656
0.005656
0.005656
0.005656
0.005656
0.005656
0.005656
0.005656
0.005656
0.005656
0.005656
0.005656
0.005656
0.005656
0.005656
0.005656
0.005656
0.005656
0.005656
0.005656
0.005656
0.005656
0.005656
0.005656
0.005656
0.005656
0.005656
0.005656
0.005656
0.005656
0.005656
0.005656
0.005656
0.005656
0.005656
0.005656
0.000000
0.005656
0.005656
0.000000
0.005656
0.005656
0.005656
0.005656
0.005656
0.005656
0.005656
0.005656
0.005656
0.005656
0.005656
0.000000
0.005656
0.005656
0.005656
0.000000
0.005656
0.005656
0.000000
0.005656
0.005656
0.005656
0.005656
0.005656
0.005656
0.000000
0.000000
0.000000
0.000000
0.000000
0.005656
0.005656
0.005656
0.005656
0.005656
0.005656
0.005656
0.005656
0.000000
0.005656
0.005656
0.000000
0.000000
0.000000
0.000000
0.000000
0.000000
0.000000
0.000000
0.000000
0.000000
0.000000
0.000000
0.000000
0.000000
0.000000
0.000000
0.000000
0.000000
0.000000
0.000000
0.000000
0.000000
0.000000
0.000000
0.000000
0.000000
0.000000
0.000000
0.000000
0.000000
0.005656
0.000000
0.000000
0.000000
0.000000
0.000000
0.000000
0.000000
0.000000
0.000000
0.000000
0.000000
0.000000
0.000000
0.000000
0.000000
0.000000
0.000000
0.000000
0.000000
0.000000
0.000000
0.000000
0.000000
0.000000
0.000000
0.000000
0.000000
0.000000
0.000000
0.000000
0.000000
0.000000
0.000000
0.000000
0.000000
0.000000
0.000000
0.000000
0.000000
0.000000
0.000000
0.000000
0.000000
0.000000
0.000000
0.000000
0.000000
0.000000
0.000000
0.000000
0.000000
0.000000
0.000000
0.000000
0.000000
0.000000
0.000000
0.000000
0.000000
0.000000
0.000000
0.000000
0.000000
0.000000
0.000000
0.000000
0.000000
0.000000
0.000000
0.000000
0.000000
0.000000
0.000000
0.000000
0.000000
0.000000
0.000000
0.000000
0.000000
0.000000
0.000000
0.000000
0.000000
0.000000
0.000000
0.000000
0.000000
0.000000
0.000000
0.000000
0.000000
0.000000
0.000000
0.038359
0.038359
0.038359
0.038359
0.038359
0.038359
0.038359
0.038359
0.038359
0.038359
0.038359
0.038359
0.038359
0.038359
0.038359
0.038359
0.038359
0.038359
0.038359
0.038359
0.038359
0.038359
0.038359
0.038359
0.038359
0.038359
0.038359
0.038359
0.038359
0.038359
0.038359
0.038359
0.038359
0.038359
0.038359
0.038359
0.038359
0.038359
0.038359
0.038359
0.038359
0.038359
0.038359
0.038359
0.038359
0.038359
0.038359
0.038359
0.038359
0.038359
0.038359
0.038359
0.038359
0.038359
0.038359
0.038359
0.038359
0.038359
0.038359
0.038359
0.038359
0.038359
0.038359
0.038359
0.038359
0.038359
0.038359
0.038359
0.038359
0.038359
0.038359
0.038359
0.038359
0.038359
0.038359
0.038359
0.038359
0.038359
0.038359
0.038359
0.038359
0.038359
0.024916
0.038359
0.038359
0.038359
0.024916
0.024916
0.024916
0.024916
0.024916
0.024916
0.024916
0.038359
0.024916
0.024916
0.024916
0.024916
0.024916
0.024916
0.024916
0.024916
0.024916
0.024916
0.024916
0.024916
0.024916
0.024916
0.024916
0.024916
0.024916
0.024916
0.024916
0.024916
0.024916
0.024916
0.024916
0.024916
0.024916
0.024916
0.024916
0.024916
0.024916
0.024916
0.024916
0.024916
0.024916
0.024916
0.024916
0.024916
0.024916
0.024916
0.024916
0.024916
0.024916
0.024916
0.024916
0.024916
0.024916
0.024916
0.024916
0.024916
0.024916
0.024916
0.024916
0.024916
0.024916
0.024916
0.024916
0.024916
0.024916
0.024916
0.024916
0.024916
0.024916
0.024916
0.024916
0.024916
0.024916
0.024916
0.024916
0.024916
0.024916
0.024916
0.024916
0.024916
0.024916
0.024916
0.024916
0.024916
0.024916
0.024916
0.024916
0.024916
0.024916
0.024916
0.024916
0.024916
0.024916
0.024916
0.024916
0.024916
0.024916
0.024916
0.024916
0.024916
0.024916
0.024916
0.024916
0.024916
0.024916
0.024916
0.024916
0.024916
0.024916
0.071005
0.024916
0.024916
0.024916
0.024916
0.071005
0.071005
0.071005
0.071005
0.071005
0.071005
0.024916
0.024916
0.071005
0.071005
0.071005
0.071005
0.071005
0.071005
0.071005
0.024916
0.024916
0.024916
0.071005
0.071005
0.071005
0.071005
0.071005
0.071005
0.071005
0.071005
0.071005
0.071005
0.071005
0.071005
0.071005
0.071005
0.071005
0.071005
0.071005
0.071005
0.071005
0.071005
0.071005
0.071005
0.071005
0.071005
0.071005
0.071005
0.071005
0.071005
0.071005
0.071005
0.071005
0.071005
0.071005
0.071005
0.071005
0.719707
0.071005
0.071005
0.071005
0.071005
0.071005
0.071005
0.071005
0.071005
0.071005
0.071005
0.071005
0.071005
0.071005
0.071005
0.071005
0.071005
0.071005
0.071005
0.071005
0.071005
0.071005
0.071005
0.071005
0.071005
0.071005
0.071005
0.071005
0.071005
0.071005
0.071005
0.071005
0.071005
0.071005
0.071005
0.071005
0.071005
0.024916
0.024916
0.071005
0.024916
0.024916
0.071005
0.024916
0.024916
0.024916
0.024916
0.024916
0.024916
0.670016
0.024916
0.024916
0.024916
0.024916
0.071005
0.024916
0.024916
0.024916
0.024916
0.071005
0.024916
0.024916
0.024916
0.024916
0.024916
0.024916
0.024916
0.024916
0.024916
0.024916
0.071005
0.024916
0.024916
0.024916
0.024916
0.024916
0.024916
0.024916
0.024916
0.024916
0.024916
0.024916
0.024916
0.024916
0.024916
0.024916
0.024916
0.024916
0.024916
0.824886
0.770979
0.770620
0.024916
0.024916
0.024916
0.024916
0.024916
0.071005
0.024916
0.024916
0.024916
0.024916
0.024916
0.024916
0.024916
0.024916
0.024916
0.024916
0.024916
0.024916
0.024916
0.024916
0.024916
0.024916
0.024916
0.024916
0.024916
0.024916
0.024916
0.024916
0.024916
0.024916
0.024916
0.024916
0.024916
0.024916
0.024916
0.024916
0.024916
0.024916
0.024916
0.024916
0.024916
0.024916
0.024916
0.024916
0.024916
0.024916
0.024916
0.024916
0.024916
0.024916
0.024916
0.024916
0.024916
0.024916
0.024916
0.024916
0.024916
0.024916
0.024916
0.024916
0.024916
0.024916
0.024916
0.024916
0.024916
0.024916
0.024916
0.024916
0.024916
0.024916
0.024916
0.024916
0.024916
0.024916
0.024916
0.024916
0.024916
0.024916
0.024916
0.024916
0.024916
0.024916
0.024916
0.024916
0.024916
0.024916
0.024916
0.024916
0.024916
0.024916
0.024916
0.024916
0.024916
0.024916
0.024916
0.024916
0.024916
0.024916
0.024916
0.038359
0.038359
0.038359
0.038359
0.038359
0.038359
0.038359
0.038359
0.038359
0.038359
0.038359
0.038359
0.038359
0.038359
0.024916
0.024916
0.038359
0.038359
0.038359
0.024916
0.038359
0.038359
0.038359
0.038359
0.038359
0.038359
0.760658
0.760658
0.024916
0.038359
0.024916
0.024916
0.024916
0.024916
0.024916
0.024916
0.024916
0.024916
0.024916
0.024916
0.024916
0.024916
0.024916
0.024916
0.024916
0.024916
0.024916
0.024916
0.024916
0.024916
0.024916
0.038359
0.024916
0.038359
0.024916
0.024916
0.197537
0.790585
0.796699
0.608250
0.790585
0.038359
0.038359
0.038359
0.038359
0.024916
0.024916
0.024916
0.024916
0.024916
0.024916
0.024916
0.024916
0.024916
0.024916
0.024916
0.024916
0.024916
0.024916
0.024916
0.024916
0.024916
0.024916
0.024916
0.024916
0.024916
0.024916
0.024916
0.024916
0.024916
0.024916
0.024916
0.024916
0.024916
0.024916
0.024916
0.024916
0.024916
0.024916
0.024916
0.024916
0.024916
0.024916
0.024916
0.024916
0.024916
0.024916
0.024916
0.024916
0.038359
0.024916
0.038359
0.038359
0.038359
0.038359
0.024916
0.024916
0.024916
0.038359
0.038359
0.038359
0.038359
0.038359
0.024916
0.024916
0.024916
0.024916
0.024916
0.024916
0.038359
0.038359
0.038359
0.038359
0.038359
0.038359
0.038359
0.038359
0.038359
0.038359
0.038359
0.038359
0.038359
0.038359
0.038359
0.038359
0.038359
0.038359
0.038359
0.038359
0.038359
0.038359
0.038359
0.038359
0.038359
0.038359
0.038359
0.038359
0.038359
0.038359
0.038359
0.038359
0.038359
0.038359
0.038359
0.038359
0.038359
0.038359
0.038359
0.038359
0.038359
0.038359
0.038359
0.038359
0.038359
0.038359
0.038359
0.038359
0.038359
0.038359
0.038359
0.038359
0.038359
0.038359
0.038359
0.038359
0.038359
0.038359
0.038359
0.038359
0.038359
0.038359
0.038359
0.038359
0.038359
0.038359
0.038359
0.038359
0.038359
0.038359
0.038359
0.038359
0.038359
0.038359
0.038359
0.038359
0.038359
0.038359
0.038359
0.038359
0.038359
0.038359
0.038359
0.038359
0.038359
0.038359
0.038359
0.038359
0.038359
0.038359
0.038359
0.038359
0.038359
0.038359
0.038359
0.038359
0.038359
0.038359
0.038359
0.038359
0.038359
0.038359
0.038359
0.038359
0.038359
0.038359
0.038359
0.038359
0.038359
0.038359
0.038359
0.038359
0.038359
0.038359
0.038359
0.038359
0.038359
0.038359
0.038359
0.038359
0.038359
0.038359
0.038359
0.038359
0.038359
0.038359
0.038359
0.038359
0.038359
0.038359
0.038359
0.038359
0.038359
0.038359
0.038359
0.038359
0.038359
0.038359
0.038359
0.038359
0.038359
0.038359
0.038359
0.038359
0.038359
0.038359
0.038359
0.038359
0.038359
0.038359
0.038359
0.038359
0.038359
0.038359
0.038359
0.038359
0.038359
0.038359
0.038359
0.038359
0.038359
0.038359
0.038359
0.038359
0.038359
0.038359
0.038359
0.038359
0.038359
0.038359
0.038359
0.000000
0.000000
0.000000
0.000000
0.000000
0.000000
0.000000
0.000000
0.038359
0.000000
0.000000
0.000000
0.000000
0.000000
0.000000
0.000000
0.000000
0.000000
0.000000
0.000000
0.000000
0.000000
0.000000
0.000000
0.038359
0.000000
0.000000
0.000000
0.000000
0.000000
0.000000
0.000000
0.000000
0.000000
0.000000
0.000000
0.000000
0.000000
0.000000
0.000000
0.000000
0.000000
0.000000
0.000000
0.000000
0.000000
0.000000
0.000000
0.000000
0.000000
0.000000
0.000000
0.000000
0.000000
0.000000
0.000000
0.000000
0.000000
0.000000
0.000000
0.000000
0.000000
0.000000
0.000000
0.000000
0.000000
0.000000
0.000000
0.000000
0.000000
0.000000
0.000000
0.000000
0.000000
0.000000
0.000000
0.000000
0.000000
0.000000
0.000000
0.000000
0.000000
0.000000
0.000000
0.000000
0.000000
0.000000
0.000000
0.000000
0.000000
0.000000
0.000000
0.000000
0.000000
0.000000
0.000000
0.000000
0.000000
0.000000
0.000000
0.000000
0.000000
0.000000
0.000000
0.000000
0.000000
0.000000
0.000000
0.000000
0.000000
0.000000
0.000000
0.000000
0.000000
0.000000
0.000000
0.000000
0.000000
0.000000
0.000000
0.000000
0.000000
0.000000
0.000000
0.000000
0.000000
0.000000
0.000000
0.000000
0.000000
0.000000
0.000000
0.000000
0.000000
0.000000
0.000000
0.000000
0.000000
0.000000
0.000000
0.000000
0.000000
0.000000
0.000000
0.000000
0.000000
0.000000
0.000000
0.000000
0.000000
0.000000
0.000000
0.000000
0.000000
0.000000
0.000000
0.000000
0.000000
0.000000
0.000000
0.000000
0.000000
0.000000
0.000000
0.000000
0.005656
0.000000
0.000000
0.000000
0.000000
0.005656
0.000000
0.000000
0.000000
0.000000
0.000000
0.000000
0.000000
0.000000
0.000000
0.000000
0.000000
0.000000
0.000000
0.000000
0.000000
0.000000
0.000000
0.000000
0.000000
0.000000
0.000000
0.000000
0.000000
0.000000
0.000000
0.000000
0.000000
0.000000
0.000000
0.000000
0.000000
0.000000
0.000000
0.000000
0.000000
0.000000
0.000000
0.000000
0.000000
0.000000
0.000000
0.005656
0.000000
0.000000
0.000000
0.000000
0.000000
0.000000
0.000000
0.000000
0.000000
0.000000
0.000000
0.000000
0.000000
0.000000
0.000000
0.000000
0.000000
0.000000
0.000000
0.000000
0.000000
0.000000
0.000000
0.000000
0.000000
0.000000
0.000000
0.000000
0.000000
0.000000
0.000000
0.000000
0.000000
0.000000
0.000000
0.005656
0.000000
0.005656
0.005656
0.005656
0.000000
0.005656
0.000000
0.000000
0.000000
0.005656
0.005656
0.005656
0.005656
0.005656
0.005656
0.005656
0.005656
0.005656
0.005656
0.005656
0.005656
0.005656
0.005656
0.005656
0.005656
0.005656
0.005656
0.005656
0.005656
0.005656
0.005656
0.005656
0.005656
0.005656
0.005656
0.005656
0.005656
0.005656
0.005656
0.032711
0.032711
0.032711
0.032711
0.032711
0.032711
0.032711
0.032711
0.032711
0.032711
0.032711
0.032711
0.032711
0.032711
0.005656
0.032711
0.032711
0.032711
0.005656
0.005656
0.005656
0.005656
0.005656
0.005656
0.005656
0.005656
0.005656
0.005656
0.005656
0.005656
0.005656
0.005656
0.005656
0.005656
0.005656
0.005656
0.005656
0.005656
0.005656
0.005656
0.005656
0.005656
0.005656
0.005656
0.005656
0.005656
0.005656
0.005656
0.005656
0.005656
0.005656
0.005656
0.005656
0.005656
0.005656
0.005656
0.005656
0.005656
0.005656
0.005656
0.005656
0.005656
0.005656
0.005656
0.005656
0.005656
0.005656
0.005656
0.005656
0.005656
0.005656
0.005656
0.005656
0.005656
0.005656
0.005656
0.005656
0.005656
0.005656
0.005656
0.005656
0.005656
0.005656
0.005656
0.005656
0.005656
0.005656
0.005656
0.005656
0.005656
0.005656
0.005656
0.005656
0.005656
0.005656
0.005656
0.005656
0.005656
0.005656
0.000000
0.005656
0.005656
0.005656
0.005656
0.005656
0.005656
0.005656
0.005656
0.005656
0.005656
0.005656
0.005656
0.005656
0.005656
0.005656
0.005656
0.005656
0.005656
0.005656
0.005656
0.005656
0.005656
0.005656
0.005656
0.005656
0.005656
0.005656
0.005656
0.005656
0.005656
0.005656
0.005656
0.005656
0.005656
0.005656
0.005656
0.005656
0.005656
0.544305
0.642112
0.642112
0.642112
0.642112
0.729089
0.729089
0.729089
0.729089
0.005656
0.005656
0.005656
0.005656
0.005656
0.005656
0.005656
0.005656
0.005656
0.005656
0.005656
0.005656
0.005656
0.005656
0.005656
0.005656
0.005656
0.005656
0.005656
0.005656
0.005656
0.005656
0.005656
0.005656
0.005656
0.005656
0.005656
0.005656
0.005656
0.005656
0.005656
0.005656
0.005656
0.005656
0.650756
0.727955
0.005656
0.005656
0.005656
0.005656
0.005656
0.005656
0.005656
0.005656
0.005656
0.005656
0.005656
0.005656
0.005656
0.005656
0.005656
0.005656
0.005656
0.005656
0.005656
0.005656
0.005656
0.005656
0.005656
0.005656
0.005656
0.005656
0.005656
0.005656
0.005656
0.005656
0.005656
0.005656
0.005656
0.005656
0.005656
0.005656
0.005656
0.005656
0.005656
0.005656
0.005656
0.005656
0.005656
0.005656
0.005656
0.005656
0.005656
0.005656
0.005656
0.005656
0.005656
0.005656
0.005656
0.005656
0.005656
0.005656
0.005656
0.005656
0.032711
0.005656
0.005656
0.005656
0.005656
0.005656
0.005656
0.005656
0.005656
0.005656
0.005656
0.005656
0.005656
0.005656
0.005656
0.005656
0.005656
0.005656
0.005656
0.005656
0.005656
0.005656
0.005656
0.005656
0.005656
0.005656
0.005656
0.005656
0.005656
0.005656
0.005656
0.005656
0.005656
0.005656
0.032711
0.005656
0.005656
0.032711
0.032711
0.032711
0.032711
0.032711
0.032711
0.032711
0.032711
0.032711
0.032711
0.032711
0.032711
0.032711
0.032711
0.032711
0.032711
0.032711
0.032711
0.032711
0.032711
0.032711
0.032711
0.032711
0.032711
0.032711
0.005656
0.005656
0.005656
0.005656
0.005656
0.005656
0.032711
0.032711
0.005656
0.032711
0.032711
0.032711
0.032711
0.032711
0.005656
0.032711
0.005656
0.005656
0.032711
0.032711
0.032711
0.032711
0.032711
0.032711
0.032711
0.032711
0.032711
0.032711
0.032711
0.032711
0.032711
0.032711
0.032711
0.032711
0.032711
0.032711
0.032711
0.032711
0.032711
0.032711
0.032711
0.032711
0.032711
0.032711
0.032711
0.032711
0.032711
0.032711
0.032711
0.032711
0.032711
0.032711
0.032711
0.032711
0.032711
0.032711
0.032711
0.032711
0.032711
0.032711
0.032711
0.032711
0.005656
0.005656
0.005656
0.005656
0.005656
0.005656
0.005656
0.005656
0.005656
0.005656
0.005656
0.005656
0.005656
0.005656
0.005656
0.005656
0.005656
0.005656
0.005656
0.005656
0.005656
0.005656
0.005656
0.005656
0.005656
0.005656
0.005656
0.005656
0.000000
0.005656
0.005656
0.005656
0.005656
0.005656
0.005656
0.005656
0.005656
0.005656
0.164833
0.005656
0.005656
0.005656
0.005656
0.005656
0.005656
0.005656
0.000000
0.000000
0.000000
0.000000
0.000000
0.000000
0.000000
0.000000
0.000000
0.000000
0.000000
0.000000
0.000000
0.000000
0.000000
0.000000
0.000000
0.000000
0.000000
0.000000
0.000000
0.000000
0.000000
0.000000
0.000000
0.000000
0.000000
0.000000
0.000000
0.000000
0.000000
0.000000
0.000000
0.000000
0.000000
0.000000
0.000000
0.000000
0.000000
0.000000
0.000000
0.000000
0.000000
0.000000
0.000000
0.000000
0.000000
0.000000
0.000000
0.000000
0.000000
0.000000
0.000000
0.000000
0.000000
0.000000
0.000000
0.038359
0.038359
0.038359
0.000000
0.038359
0.000000
0.000000
0.038359
0.038359
0.000000
0.038359
0.038359
0.000000
0.000000
0.000000
0.000000
0.000000
0.038359
0.038359
0.038359
0.038359
0.038359
0.038359
0.038359
0.038359
0.038359
0.038359
0.038359
0.038359
0.038359
0.038359
0.038359
0.038359
0.038359
0.038359
0.038359
0.038359
0.038359
0.038359
0.038359
0.038359
0.038359
0.038359
0.038359
0.000000
0.000000
0.000000
0.038359
0.038359
0.038359
0.038359
0.038359
0.038359
0.038359
0.038359
0.038359
0.038359
0.038359
0.038359
0.038359
0.038359
0.038359
0.038359
0.038359
0.038359
0.038359
0.038359
0.038359
0.038359
0.038359
0.038359
0.038359
0.038359
0.038359
0.038359
0.038359
0.038359
0.038359
0.038359
0.038359
0.038359
0.000000
0.038359
0.000000
0.038359
0.000000
0.000000
0.038359
0.038359
0.000000
0.038359
0.038359
0.038359
0.038359
0.038359
0.038359
0.038359
0.038359
0.038359
0.038359
0.038359
0.038359
0.038359
0.038359
0.038359
0.038359
0.038359
0.038359
0.038359
0.038359
0.038359
0.038359
0.038359
0.038359
0.038359
0.038359
0.038359
0.038359
0.038359
0.038359
0.038359
0.038359
0.038359
0.038359
0.038359
0.038359
0.038359
0.038359
0.038359
0.038359
0.038359
0.038359
0.038359
0.038359
0.038359
0.038359
0.038359
0.038359
0.038359
0.038359
0.038359
0.038359
0.038359
0.743564
0.799366
0.787439
0.038359
0.038359
0.038359
0.038359
0.038359
0.038359
0.038359
0.038359
0.038359
0.038359
0.038359
0.038359
0.038359
0.613412
0.760658
0.762378
0.843062
0.038359
0.024916
0.038359
0.038359
0.024916
0.024916
0.024916
0.038359
0.038359
0.038359
0.038359
0.038359
0.038359
0.038359
0.038359
0.038359
0.038359
0.038359
0.038359
0.038359
0.038359
0.038359
0.038359
0.038359
0.024916
0.024916
0.024916
0.024916
0.024916
0.038359
0.038359
0.038359
0.024916
0.024916
0.024916
0.024916
0.024916
0.024916
0.024916
0.024916
0.024916
0.024916
0.024916
0.024916
0.024916
0.024916
0.024916
0.024916
0.024916
0.024916
0.024916
0.024916
0.024916
0.024916
0.024916
0.024916
0.024916
0.024916
0.024916
0.024916
0.024916
0.024916
0.024916
0.024916
0.024916
0.024916
0.024916
0.024916
0.024916
0.024916
0.024916
0.024916
0.800700
0.755842
0.755842
0.024916
0.024916
0.024916
0.024916
0.024916
0.024916
0.024916
0.024916
0.024916
0.024916
0.024916
0.024916
0.024916
0.024916
0.024916
0.024916
0.024916
0.024916
0.024916
0.024916
0.024916
0.024916
0.024916
0.024916
0.024916
0.024916
0.024916
0.024916
0.024916
0.024916
0.024916
0.024916
0.024916
0.024916
0.024916
0.024916
0.024916
0.024916
0.024916
0.024916
0.024916
0.024916
0.024916
0.024916
0.024916
0.024916
0.024916
0.024916
0.024916
0.024916
0.024916
0.024916
0.024916
0.024916
0.024916
0.024916
0.024916
0.024916
0.024916
0.024916
0.024916
0.024916
0.024916
0.024916
0.024916
0.024916
0.024916
0.024916
0.024916
0.024916
0.024916
0.024916
0.024916
0.024916
0.024916
0.024916
0.024916
0.024916
0.024916
0.024916
0.024916
0.024916
0.024916
0.024916
0.024916
0.024916
0.024916
0.024916
0.024916
0.024916
0.024916
0.024916
0.024916
0.024916
0.024916
0.024916
0.024916
0.024916
0.024916
0.024916
0.024916
0.024916
0.071005
0.024916
0.024916
0.024916
0.024916
0.024916
0.024916
0.024916
0.024916
0.024916
0.024916
0.071005
0.071005
0.071005
0.071005
0.071005
0.071005
0.071005
0.071005
0.071005
0.071005
0.071005
0.071005
0.719192
0.071005
0.071005
0.071005
0.071005
0.071005
0.071005
0.071005
0.071005
0.071005
0.071005
0.071005
0.071005
0.071005
0.071005
0.071005
0.071005
0.071005
0.071005
0.071005
0.071005
0.071005
0.071005
0.071005
0.071005
0.071005
0.071005
0.071005
0.071005
0.646058
0.794438
0.071005
0.071005
0.024916
0.024916
0.024916
0.071005
0.071005
0.071005
0.071005
0.071005
0.071005
0.071005
0.071005
0.071005
0.071005
0.071005
0.071005
0.071005
0.071005
0.071005
0.071005
0.071005
0.071005
0.071005
0.071005
0.071005
0.071005
0.071005
0.071005
0.071005
0.071005
0.071005
0.071005
0.071005
0.071005
0.071005
0.071005
0.071005
0.071005
0.071005
0.071005
0.071005
0.071005
0.071005
0.071005
0.071005
0.071005
0.071005
0.071005
0.071005
0.071005
0.071005
0.071005
0.071005
0.071005
0.071005
0.071005
0.071005
0.071005
0.071005
0.071005
0.071005
0.071005
0.071005
0.071005
0.071005
0.071005
0.071005
0.071005
0.071005
0.071005
0.071005
0.071005
0.071005
0.071005
0.071005
0.071005
0.071005
0.071005
0.071005
0.071005
0.071005
0.071005
0.071005
0.071005
0.071005
0.071005
0.071005
0.071005
0.071005
0.071005
0.071005
0.071005
0.071005
0.071005
0.071005
0.071005
0.071005
0.071005
0.071005
0.071005
0.071005
0.071005
0.071005
0.071005
0.070198
0.071005
0.071005
0.071005
0.070198
0.070198
0.071005
0.719707
0.071005
0.071005
0.071005
0.071005
0.071005
0.071005
0.070198
0.071005
0.070198
0.071005
0.070198
0.070198
0.070198
0.070198
0.070198
0.070198
0.070198
0.070198
0.070198
0.070198
0.070198
0.070198
0.070198
0.070198
0.070198
0.070198
0.070198
0.070198
0.070198
0.070198
0.070198
0.070198
0.070198
0.070198
0.070198
0.070198
0.070198
0.070198
0.070198
0.070198
0.070198
0.070198
0.070198
0.070198
0.070198
0.070198
0.070198
0.070198
0.070198
0.070198
0.070198
0.070198
0.070198
0.070198
0.070198
0.070198
0.070198
0.070198
0.070198
0.070198
0.070198
0.070198
0.070198
0.070198
0.070198
0.070198
0.070198
0.070198
0.070198
0.070198
0.070198
0.070198
0.070198
0.718901
0.815903
0.070198
0.070198
0.070198
0.070198
0.070198
0.070198
0.070198
0.070198
0.070198
0.070198
0.070198
0.070198
0.070198
0.070198
0.070198
0.070198
0.070198
0.070198
0.070198
0.070198
0.070198
0.070198
0.070198
0.070198
0.070198
0.070198
0.070198
0.070198
0.070198
0.070198
0.047283
0.047283
0.047283
0.070198
0.070198
0.070198
0.070198
0.070198
0.070198
0.047283
0.047283
0.047283
0.047283
0.047283
0.047283
0.047283
0.047283
0.047283
0.047283
0.047283
0.047283
0.047283
0.047283
0.047283
0.047283
0.047283
0.047283
0.070198
0.047283
0.047283
0.047283
0.070198
0.070198
0.070198
0.070198
0.047283
0.047283
0.047283
0.047283
0.047283
0.692383
0.692383
0.047283
0.047283
0.047283
0.047283
0.047283
0.047283
0.047283
0.047283
0.047283
0.047283
0.047283
0.047283
0.047283
0.047283
0.047283
0.047283
0.047283
0.770716
0.792330
0.617173
0.047283
0.047283
0.047283
0.047283
0.047283
0.047283
0.047283
0.047283
0.047283
0.047283
0.047283
0.047283
0.047283
0.047283
0.047283
0.047283
0.047283
0.047283
0.047283
0.047283
0.047283
0.047283
0.047283
0.047283
0.047283
0.047283
0.047283
0.047283
0.047283
0.047283
0.047283
0.047283
0.047283
0.047283
0.047283
0.047283
0.047283
0.047283
0.047283
0.047283
0.047283
0.047283
0.047283
0.047283
0.047283
0.047283
0.047283
0.047283
0.047283
0.047283
0.047283
0.047283
0.047283
0.047283
0.047283
0.047283
0.047283
0.047283
0.047283
0.047283
0.047283
0.047283
0.047283
0.047283
0.047283
0.047283
0.047283
0.047283
0.047283
0.047283
0.047283
0.047283
0.047283
0.047283
0.047283
0.047283
0.136886
0.136886
0.136886
0.136886
0.047283
0.136886
0.136886
0.136886
0.136886
0.136886
0.136886
0.136886
0.136886
0.136886
0.136886
0.136886
0.136886
0.136886
0.136886
0.136886
0.136886
0.136886
0.136886
0.136886
0.865891
0.912671
0.136886
0.136886
0.136886
0.136886
0.047283
0.136886
0.136886
0.136886
0.047283
0.136886
0.136886
0.136886
0.047283
0.617173
0.749750
0.778209
0.774245
0.941589
0.882591
0.136886
0.136886
0.047283
0.047283
0.047283
0.047283
0.047283
0.047283
0.047283
0.136886
0.136886
0.136886
0.047283
0.047283
0.136886
0.136886
0.136886
0.136886
0.136886
0.136886
0.047283
0.136886
0.136886
0.136886
0.136886
0.047283
0.047283
0.047283
0.047283
0.047283
0.047283
0.047283
0.047283
0.047283
0.047283
0.047283
0.047283
0.047283
0.047283
0.047283
0.047283
0.047283
0.047283
0.047283
0.749750
0.622336
0.622336
0.794056
0.796363
0.752487
0.622336
0.706777
0.711940
0.773278
0.047283
0.047283
0.047283
0.136886
0.047283
0.047283
0.047283
0.047283
0.047283
0.047283
0.047283
0.047283
0.047283
0.047283
0.047283
0.047283
0.047283
0.047283
0.047283
0.047283
0.047283
0.047283
0.047283
0.047283
0.047283
0.047283
0.136886
0.047283
0.047283
0.047283
0.047283
0.047283
0.047283
0.047283
0.047283
0.047283
0.047283
0.047283
0.047283
0.047283
0.047283
0.047283
0.047283
0.047283
0.047283
0.047283
0.047283
0.047283
0.047283
0.047283
0.047283
0.047283
0.047283
0.047283
0.047283
0.047283
0.047283
0.047283
0.047283
0.047283
0.047283
0.047283
0.047283
0.047283
0.047283
0.047283
0.047283
0.136886
0.047283
0.047283
0.047283
0.047283
0.047283
0.047283
0.047283
0.047283
0.047283
0.047283
0.047283
0.047283
0.047283
0.047283
0.047283
0.047283
0.047283
0.047283
0.047283
0.047283
0.047283
0.047283
0.047283
0.047283
0.047283
0.047283
0.047283
0.047283
0.047283
0.047283
0.047283
0.047283
0.047283
0.047283
0.047283
0.047283
0.047283
0.047283
0.047283
0.047283
0.047283
0.047283
0.047283
0.047283
0.047283
0.047283
0.047283
0.047283
0.047283
0.047283
0.047283
0.047283
0.047283
0.047283
0.047283
0.047283
0.047283
0.047283
0.047283
0.047283
0.047283
0.047283
0.047283
0.047283
0.047283
0.047283
0.835502
0.778209
0.047283
0.047283
0.047283
0.047283
0.047283
0.047283
0.047283
0.047283
0.047283
0.047283
0.047283
0.047283
0.047283
0.047283
0.047283
0.047283
0.047283
0.047283
0.047283
0.047283
0.047283
0.047283
0.047283
0.047283
0.047283
0.047283
0.047283
0.047283
0.047283
0.047283
0.047283
0.047283
0.047283
0.047283
0.047283
0.047283
0.047283
0.047283
0.047283
0.047283
0.047283
0.047283
0.047283
0.047283
0.047283
0.047283
0.047283
0.047283
0.792987
0.047283
0.047283
0.047283
0.047283
0.047283
0.047283
0.047283
0.047283
0.047283
0.047283
0.047283
0.047283
0.047283
0.047283
0.047283
0.047283
0.047283
0.047283
0.047283
0.047283
0.047283
0.047283
0.047283
0.047283
0.047283
0.047283
0.047283
0.047283
0.047283
0.047283
0.047283
0.047283
0.047283
0.047283
0.047283
0.047283
0.047283
0.047283
0.047283
0.047283
0.047283
0.047283
0.047283
0.047283
0.047283
0.047283
0.047283
0.047283
0.047283
0.047283
0.047283
0.047283
0.047283
0.047283
0.047283
0.047283
0.047283
0.047283
0.047283
0.047283
0.047283
0.047283
0.047283
0.047283
0.047283
0.047283
0.047283
0.047283
0.047283
0.047283
0.047283
0.047283
0.047283
0.047283
0.047283
0.070198
0.070198
0.070198
0.070198
0.819278
0.070198
0.070198
0.070198
0.070198
0.070198
0.070198
0.070198
0.047283
0.070198
0.070198
0.070198
0.070198
0.070198
0.070198
0.070198
0.070198
0.070198
0.070198
0.070198
0.070198
0.070198
0.070198
0.070198
0.070198
0.070198
0.070198
0.070198
0.070198
0.070198
0.070198
0.070198
0.070198
0.070198
0.070198
0.070198
0.070198
0.070198
0.070198
0.070198
0.070198
0.070198
0.070198
0.070198
0.070198
0.070198
0.070198
0.070198
0.070198
0.070198
0.070198
0.070198
0.071005
0.070198
0.070198
0.071005
0.071005
0.071005
0.071005
0.071005
0.071005
0.071005
0.071005
0.071005
0.071005
0.609654
0.071005
0.071005
0.071005
0.071005
0.071005
0.071005
0.071005
0.071005
0.071005
0.230182
0.230182
0.184093
0.184093
0.820222
0.774133
0.774133
0.774133
0.750911
0.750911
0.750911
0.750911
0.800700
0.750911
0.184093
0.024916
0.024916
0.024916
0.024916
0.024916
0.024916
0.024916
0.024916
0.024916
0.024916
0.024916
0.024916
0.024916
0.024916
0.024916
0.024916
0.024916
0.024916
0.024916
0.024916
0.024916
0.024916
0.024916
0.038359
0.038359
0.038359
0.038359
0.038359
0.038359
0.038359
0.038359
0.038359
0.038359
0.038359
0.038359
0.038359
0.038359
0.038359
0.038359
0.038359
0.038359
0.038359
0.038359
0.038359
0.038359
0.038359
0.038359
0.038359
0.038359
0.038359
0.038359
0.038359
0.038359
0.038359
0.038359
0.038359
0.683460
0.787576
0.760658
0.038359
0.038359
0.038359
0.038359
0.038359
0.038359
0.038359
0.038359
0.038359
0.038359
0.038359
0.038359
0.038359
0.038359
0.038359
0.038359
0.038359
0.038359
0.038359
0.038359
0.038359
0.038359
0.038359
0.038359
0.814144
0.683460
0.785133
0.787439
0.790585
0.790585
0.790585
0.613412
0.613412
0.769285
0.038359
0.038359
0.038359
0.038359
0.038359
0.038359
0.038359
0.038359
0.038359
0.038359
0.038359
0.038359
0.038359
0.038359
0.038359
0.038359
0.038359
0.038359
0.038359
0.038359
0.038359
0.038359
0.038359
0.038359
0.038359
0.038359
0.038359
0.038359
0.000000
0.038359
0.038359
0.000000
0.038359
0.038359
0.038359
0.038359
0.038359
0.000000
0.038359
0.000000
0.038359
0.000000
0.038359
0.038359
0.038359
0.000000
0.038359
0.000000
0.038359
0.000000
0.000000
0.000000
0.000000
0.775785
0.159178
0.000000
0.000000
0.000000
0.000000
0.000000
0.000000
0.000000
0.000000
0.000000
0.000000
0.000000
0.000000
0.000000
0.000000
0.000000
0.000000
0.038359
0.000000
0.000000
0.000000
0.000000
0.000000
0.000000
0.000000
0.000000
0.000000
0.000000
0.000000
0.000000
0.000000
0.000000
0.000000
0.000000
0.000000
0.000000
0.000000
0.000000
0.000000
0.000000
0.000000
0.000000
0.000000
0.000000
0.000000
0.000000
0.000000
0.000000
0.000000
0.000000
0.000000
0.000000
0.000000
0.000000
0.000000
0.000000
0.000000
0.000000
0.000000
0.000000
0.000000
0.000000
0.000000
0.000000
0.000000
0.000000
0.000000
0.000000
0.000000
0.000000
0.000000
0.000000
0.000000
0.000000
0.000000
0.000000
0.000000
0.000000
0.000000
0.000000
0.000000
0.000000
0.000000
0.000000
0.000000
0.000000
0.000000
0.000000
0.000000
0.000000
0.000000
0.000000
0.000000
0.000000
0.000000
0.000000
0.000000
0.000000
0.000000
0.000000
0.000000
0.000000
0.000000
0.000000
0.000000
0.000000
0.000000
0.000000
0.000000
0.000000
0.000000
0.000000
0.000000
0.000000
0.000000
0.000000
0.000000
0.000000
0.000000
0.000000
0.000000
0.005656
0.005656
0.000000
0.000000
0.000000
0.005656
0.005656
0.005656
0.005656
0.005656
0.005656
0.005656
0.005656
0.005656
0.005656
0.005656
0.005656
0.005656
0.005656
0.005656
0.005656
0.005656
0.005656
0.005656
0.005656
0.005656
0.005656
0.005656
0.005656
0.005656
0.005656
0.005656
0.005656
0.005656
0.005656
0.005656
0.005656
0.005656
0.005656
0.005656
0.005656
0.005656
0.005656
0.005656
0.005656
0.005656
0.005656
0.005656
0.005656
0.005656
0.005656
0.005656
0.005656
0.005656
0.005656
0.005656
0.005656
0.005656
0.005656
0.005656
0.005656
0.005656
0.032711
0.005656
0.005656
0.005656
0.005656
0.032711
0.005656
0.032711
0.032711
0.032711
0.005656
0.032711
0.032711
0.005656
0.005656
0.032711
0.032711
0.032711
0.032711
0.032711
0.032711
0.032711
0.032711
0.032711
0.032711
0.032711
0.032711
0.032711
0.032711
0.032711
0.032711
0.032711
0.032711
0.032711
0.032711
0.032711
0.032711
0.032711
0.032711
0.032711
0.032711
0.032711
0.032711
0.032711
0.032711
0.032711
0.032711
0.032711
0.032711
0.032711
0.032711
0.032711
0.032711
0.032711
0.032711
0.032711
0.032711
0.032711
0.032711
0.032711
0.032711
0.032711
0.032711
0.032711
0.032711
0.032711
0.032711
0.032711
0.032711
0.032711
0.032711
0.032711
0.032711
0.032711
0.057040
0.032711
0.032711
0.032711
0.032711
0.032711
0.032711
0.032711
0.032711
0.032711
0.032711
0.057040
0.032711
0.057040
0.057040
0.057040
0.057040
0.032711
0.032711
0.032711
0.057040
0.032711
0.032711
0.032711
0.032711
0.032711
0.057040
0.032711
0.057040
0.057040
0.057040
0.057040
0.057040
0.057040
0.057040
0.057040
0.057040
0.057040
0.057040
0.057040
0.057040
0.057040
0.057040
0.057040
0.057040
0.057040
0.057040
0.057040
0.057040
0.057040
0.057040
0.057040
0.057040
0.057040
0.057040
0.057040
0.057040
0.057040
0.057040
0.057040
0.057040
0.057040
0.057040
0.057040
0.057040
0.057040
0.057040
0.057040
0.057040
0.057040
0.057040
0.057040
0.057040
0.057040
0.057040
0.057040
0.057040
0.057040
0.057040
0.057040
0.057040
0.057040
0.057040
0.057040
0.057040
0.057040
0.057040
0.057040
0.057040
0.057040
0.057040
0.057040
0.057040
0.057040
0.057040
0.057040
0.057040
0.057040
0.057040
0.057040
0.057040
0.057040
0.057040
0.057040
0.057040
0.057040
0.057040
0.057040
0.057040
0.057040
0.057040
0.057040
0.057040
0.216218
0.762245
0.595689
0.595689
0.794126
0.794126
0.057040
0.057040
0.057040
0.057040
0.057040
0.057040
0.057040
0.080819
0.080819
0.057040
0.057040
0.057040
0.057040
0.080819
0.080819
0.080819
0.080819
0.057040
0.057040
0.057040
0.057040
0.057040
0.057040
0.057040
0.057040
0.057040
0.057040
0.057040
0.057040
0.080819
0.080819
0.655872
0.655872
0.869038
0.827592
0.779340
0.806120
0.057040
0.057040
0.080819
0.080819
0.080819
0.080819
0.080819
0.080819
0.080819
0.080819
0.080819
0.080819
0.080819
0.080819
0.080819
0.080819
0.080819
0.080819
0.080819
0.080819
0.080819
0.080819
0.080819
0.080819
0.080819
0.080819
0.080819
0.080819
0.080819
0.080819
0.080819
0.080819
0.080819
0.080819
0.080819
0.080819
0.080819
0.080819
0.080819
0.080819
0.080819
0.080819
0.080819
0.080819
0.080819
0.057040
0.080819
0.080819
0.080819
0.080819
0.080819
0.080819
0.080819
0.057040
0.080819
0.080819
0.080819
0.080819
0.080819
0.080819
0.080819
0.080819
0.080819
0.080819
0.080819
0.080819
0.080819
0.080819
0.080819
0.080819
0.080819
0.080819
0.080819
0.080819
0.080819
0.080819
0.080819
0.080819
0.080819
0.080819
0.080819
0.080819
0.080819
0.080819
0.080819
0.080819
0.080819
0.840216
0.725919
0.833045
0.725919
0.655872
0.827592
0.804252
0.833045
0.804252
0.080819
0.080819
0.080819
0.080819
0.080819
0.080819
0.080819
0.080819
0.080819
0.080819
0.080819
0.080819
0.057040
0.057040
0.057040
0.057040
0.057040
0.057040
0.057040
0.057040
0.057040
0.057040
0.057040
0.057040
0.057040
0.057040
0.057040
0.057040
0.057040
0.057040
0.057040
0.057040
0.057040
0.057040
0.057040
0.057040
0.057040
0.057040
0.057040
0.057040
0.057040
0.057040
0.057040
0.057040
0.057040
0.057040
0.057040
0.057040
0.057040
0.057040
0.057040
0.057040
0.057040
0.057040
0.057040
0.057040
0.057040
0.057040
0.057040
0.057040
0.057040
0.057040
0.057040
0.057040
0.057040
0.057040
0.057040
0.057040
0.057040
0.057040
0.057040
0.057040
0.057040
0.057040
0.057040
0.057040
0.057040
0.057040
0.057040
0.057040
0.057040
0.057040
0.057040
0.057040
0.057040
0.057040
0.057040
0.057040
0.057040
0.057040
0.057040
0.057040
0.057040
0.057040
0.057040
0.057040
0.057040
0.057040
0.057040
0.057040
0.032711
0.032711
0.032711
0.032711
0.057040
0.057040
0.057040
0.057040
0.057040
0.057040
0.057040
0.057040
0.057040
0.032711
0.032711
0.032711
0.032711
0.032711
0.032711
0.032711
0.032711
0.032711
0.032711
0.057040
0.032711
0.032711
0.032711
0.057040
0.032711
0.032711
0.032711
0.032711
0.032711
0.032711
0.032711
0.032711
0.032711
0.032711
0.032711
0.032711
0.032711
0.032711
0.032711
0.032711
0.032711
0.032711
0.032711
0.032711
0.032711
0.032711
0.032711
0.032711
0.032711
0.032711
0.032711
0.032711
0.032711
0.032711
0.032711
0.032711
0.032711
0.032711
0.032711
0.032711
0.032711
0.032711
0.032711
0.032711
0.032711
0.032711
0.032711
0.032711
0.032711
0.032711
0.032711
0.032711
0.032711
0.032711
0.032711
0.032711
0.032711
0.032711
0.032711
0.032711
0.032711
0.032711
0.032711
0.032711
0.032711
0.032711
0.032711
0.032711
0.032711
0.032711
0.032711
0.032711
0.032711
0.032711
0.032711
0.032711
0.032711
0.032711
0.032711
0.032711
0.032711
0.032711
0.032711
0.032711
0.032711
0.032711
0.032711
0.032711
0.032711
0.032711
0.032711
0.032711
0.032711
0.032711
0.032711
0.032711
0.032711
0.032711
0.032711
0.032711
0.032711
0.032711
0.032711
0.032711
0.032711
0.032711
0.032711
0.032711
0.032711
0.032711
0.032711
0.032711
0.032711
0.032711
0.032711
0.032711
0.032711
0.032711
0.032711
0.032711
0.032711
0.032711
0.032711
0.032711
0.032711
0.032711
0.032711
0.032711
0.032711
0.032711
0.032711
0.032711
0.032711
0.032711
0.032711
0.032711
0.032711
0.032711
0.032711
0.032711
