0.000000
0.000000
0.000000
0.000000
0.000000
0.000000
0.000000
0.000000
0.000000
0.000000
0.000000
0.000000
0.000000
0.000000
0.000000
0.000000
0.000000
0.000000
0.000000
0.000000
0.000000
0.000000
0.000000
0.000000
0.000000
0.000000
0.000000
0.000000
0.000000
0.000000
0.000000
0.000000
0.000000
0.000000
0.000000
0.000000
0.000000
0.000000
0.000000
0.000000
0.000000
0.000000
0.000000
0.000000
0.000000
0.000000
0.000000
0.000000
0.000000
0.000000
0.000000
0.000000
0.000000
0.051797
0.000000
0.000000
0.000000
0.000000
0.000000
0.000000
0.000000
0.000000
0.000000
0.000000
0.000000
0.000000
0.000000
0.000000
0.000000
0.000000
0.000000
0.000000
0.000000
0.000000
0.000000
0.000000
0.000000
0.000000
0.000000
0.000000
0.000000
0.000000
0.000000
0.000000
0.000000
0.000000
0.000000
0.000000
0.000000
0.000000
0.000000
0.000000
0.000000
0.000000
0.000000
0.000000
0.000000
0.000000
0.000000
0.000000
0.000000
0.000000
0.000000
0.000000
0.000000
0.000000
0.000000
0.000000
0.000000
0.000000
0.000000
0.000000
0.000000
0.000000
0.000000
0.000000
0.000000
0.000000
0.000000
0.000000
0.000000
0.000000
0.000000
0.000000
0.000000
0.000000
0.000000
0.000000
0.000000
0.000000
0.000000
0.000000
0.000000
0.000000
0.000000
0.000000
0.000000
0.000000
0.000000
0.000000
0.000000
0.000000
0.000000
0.000000
0.000000
0.000000
0.000000
0.000000
0.000000
0.000000
0.000000
0.000000
0.000000
0.000000
0.000000
0.000000
0.000000
0.000000
0.000000
0.000000
0.000000
0.000000
0.000000
0.000000
0.000000
0.000000
0.000000
0.000000
0.000000
0.000000
0.000000
0.000000
0.000000
0.000000
0.000000
0.000000
0.000000
0.000000
0.000000
0.000000
0.000000
0.000000
0.000000
0.000000
0.000000
0.000000
0.000000
0.051797
0.051797
0.000000
0.051797
0.051797
0.051797
0.051797
0.051797
0.051797
0.000000
0.000000
0.051797
0.000000
0.051797
0.000000
0.000000
0.051797
0.000000
0.000000
0.000000
0.000000
0.000000
0.000000
0.000000
0.000000
0.000000
0.000000
0.000000
0.000000
0.000000
0.000000
0.000000
0.000000
0.000000
0.000000
0.000000
0.000000
0.000000
0.000000
0.000000
0.000000
0.000000
0.000000
0.000000
0.000000
0.000000
0.000000
0.000000
0.000000
0.000000
0.000000
0.000000
0.000000
0.000000
0.000000
0.000000
0.000000
0.000000
0.000000
0.000000
0.000000
0.000000
0.000000
0.000000
0.000000
0.000000
0.000000
0.000000
0.000000
0.000000
0.000000
0.000000
0.000000
0.000000
0.000000
0.000000
0.000000
0.000000
0.000000
0.000000
0.000000
0.000000
0.000000
0.000000
0.000000
0.000000
0.000000
0.000000
0.000000
0.000000
0.000000
0.000000
0.000000
0.000000
0.000000
0.051797
0.000000
0.051797
0.000000
0.000000
0.000000
0.000000
0.000000
0.000000
0.000000
0.000000
0.000000
0.000000
0.000000
0.000000
0.000000
0.000000
0.000000
0.000000
0.000000
0.000000
0.000000
0.000000
0.000000
0.000000
0.000000
0.000000
0.000000
0.000000
0.000000
0.000000
0.000000
0.000000
0.000000
0.000000
0.000000
0.000000
0.000000
0.000000
0.000000
0.000000
0.000000
0.000000
0.000000
0.000000
0.000000
0.000000
0.000000
0.000000
0.000000
0.000000
0.000000
0.000000
0.000000
0.000000
0.000000
0.000000
0.000000
0.000000
0.000000
0.000000
0.000000
0.000000
0.000000
0.000000
0.000000
0.000000
0.000000
0.000000
0.000000
0.000000
0.000000
0.000000
0.000000
0.000000
0.000000
0.000000
0.000000
0.000000
0.000000
0.000000
0.000000
0.000000
0.000000
0.000000
0.000000
0.000000
0.000000
0.000000
0.000000
0.000000
0.000000
0.000000
0.000000
0.000000
0.000000
0.000000
0.000000
0.000000
0.000000
0.000000
0.000000
0.000000
0.000000
0.000000
0.000000
0.000000
0.000000
0.000000
0.000000
0.000000
0.000000
0.000000
0.000000
0.000000
0.000000
0.000000
0.000000
0.000000
0.000000
0.000000
0.000000
0.000000
0.000000
0.000000
0.000000
0.000000
0.000000
0.000000
0.000000
0.000000
0.000000
0.000000
0.000000
0.000000
0.000000
0.000000
0.000000
0.000000
0.000000
0.000000
0.000000
0.000000
0.000000
0.000000
0.000000
0.000000
0.000000
0.000000
0.000000
0.000000
0.000000
0.000000
0.000000
0.000000
0.000000
0.000000
0.000000
0.000000
0.000000
0.000000
0.000000
0.000000
0.000000
0.000000
0.000000
0.000000
0.000000
0.000000
0.000000
0.000000
0.000000
0.000000
0.000000
0.000000
0.000000
0.000000
0.000000
0.000000
0.000000
0.000000
0.000000
0.000000
0.000000
0.000000
0.000000
0.000000
0.000000
0.000000
0.000000
0.000000
0.000000
0.000000
0.000000
0.000000
0.000000
0.000000
0.000000
0.000000
0.000000
0.000000
0.000000
0.000000
0.000000
0.000000
0.000000
0.000000
0.000000
0.000000
0.000000
0.000000
0.000000
0.000000
0.000000
0.000000
0.000000
0.000000
0.000000
0.000000
0.000000
0.000000
0.000000
0.000000
0.000000
0.000000
0.000000
0.000000
0.000000
0.000000
0.000000
0.000000
0.000000
0.000000
0.000000
0.000000
0.000000
0.000000
0.000000
0.000000
0.000000
0.000000
0.000000
0.000000
0.000000
0.000000
0.000000
0.000000
0.000000
0.000000
0.000000
0.000000
0.000000
0.000000
0.000000
0.000000
0.000000
0.000000
0.000000
0.000000
0.000000
0.000000
0.000000
0.000000
0.000000
0.000000
0.000000
0.000000
0.000000
0.000000
0.000000
0.000000
0.000000
0.000000
0.000000
0.000000
0.000000
0.000000
0.000000
0.000000
0.000000
0.000000
0.000000
0.000000
0.000000
0.000000
0.000000
0.000000
0.000000
0.000000
0.000000
0.000000
0.000000
0.000000
0.000000
0.000000
0.000000
0.000000
0.000000
0.000000
0.000000
0.000000
0.000000
0.000000
0.000000
0.000000
0.000000
0.000000
0.000000
0.000000
0.000000
0.000000
0.000000
0.000000
0.000000
0.000000
0.000000
0.000000
0.000000
0.000000
0.000000
0.000000
0.000000
0.000000
0.000000
0.000000
0.000000
0.000000
0.000000
0.000000
0.000000
0.000000
0.000000
0.000000
0.000000
0.000000
0.000000
0.000000
0.000000
0.000000
0.000000
0.000000
0.000000
0.000000
0.000000
0.000000
0.000000
0.000000
0.000000
0.000000
0.000000
0.000000
0.000000
0.000000
0.000000
0.000000
0.000000
0.000000
0.000000
0.000000
0.000000
0.000000
0.000000
0.000000
0.000000
0.000000
0.000000
0.000000
0.000000
0.000000
0.000000
0.000000
0.000000
0.000000
0.000000
0.000000
0.000000
0.000000
0.000000
0.000000
0.000000
0.000000
0.000000
0.000000
0.000000
0.000000
0.000000
0.000000
0.000000
0.000000
0.000000
0.000000
0.000000
0.070411
0.000000
0.000000
0.000000
0.000000
0.000000
0.000000
0.000000
0.000000
0.000000
0.000000
0.000000
0.000000
0.070411
0.000000
0.070411
0.070411
0.070411
0.000000
0.000000
0.000000
0.000000
0.070411
0.000000
0.000000
0.070411
0.070411
0.070411
0.070411
0.070411
0.070411
0.070411
0.070411
0.070411
0.070411
0.070411
0.070411
0.070411
0.070411
0.070411
0.070411
0.070411
0.070411
0.070411
0.000000
0.070411
0.070411
0.070411
0.070411
0.070411
0.070411
0.070411
0.070411
0.070411
0.070411
0.070411
0.070411
0.070411
0.070411
0.070411
0.070411
0.000000
0.070411
0.000000
0.070411
0.070411
0.070411
0.070411
0.070411
0.070411
0.070411
0.070411
0.070411
0.070411
0.070411
0.070411
0.070411
0.070411
0.070411
0.070411
0.070411
0.070411
0.070411
0.070411
0.070411
0.070411
0.070411
0.070411
0.070411
0.070411
0.070411
0.070411
0.070411
0.070411
0.070411
0.070411
0.070411
0.070411
0.070411
0.070411
0.070411
0.070411
0.070411
0.070411
0.070411
0.070411
0.070411
0.070411
0.070411
0.070411
0.070411
0.070411
0.070411
0.070411
0.070411
0.070411
0.070411
0.070411
0.070411
0.070411
0.070411
0.070411
0.070411
0.070411
0.070411
0.070411
0.070411
0.070411
0.070411
0.070411
0.070411
0.070411
0.070411
0.070411
0.070411
0.070411
0.070411
0.070411
0.070411
0.070411
0.070411
0.070411
0.070411
0.070411
0.070411
0.070411
0.070411
0.070411
0.070411
0.070411
0.070411
0.070411
0.070411
0.070411
0.070411
0.070411
0.070411
0.070411
0.070411
0.070411
0.070411
0.070411
0.070411
0.070411
0.070411
0.070411
0.070411
0.070411
0.070411
0.070411
0.070411
0.070411
0.070411
0.070411
0.070411
0.070411
0.070411
0.070411
0.070411
0.070411
0.070411
0.070411
0.070411
0.070411
0.070411
0.070411
0.070411
0.070411
0.070411
0.070411
0.070411
0.070411
0.070411
0.070411
0.070411
0.070411
0.070411
0.070411
0.070411
0.149759
0.070411
0.070411
0.070411
0.070411
0.070411
0.070411
0.070411
0.070411
0.149759
0.070411
0.070411
0.149759
0.149759
0.149759
0.149759
0.149759
0.070411
0.070411
0.070411
0.070411
0.070411
0.070411
0.070411
0.070411
0.070411
0.352992
0.070411
0.070411
0.070411
0.070411
0.352992
0.352992
0.352992
0.352992
0.352992
0.352992
0.070411
0.352992
0.352992
0.352992
0.352992
0.352992
0.070411
0.070411
0.352992
0.070411
0.070411
0.070411
0.070411
0.070411
0.070411
0.070411
0.070411
0.070411
0.070411
0.070411
0.070411
0.070411
0.070411
0.070411
0.070411
0.070411
0.070411
0.070411
0.070411
0.070411
0.070411
0.070411
0.070411
0.070411
0.070411
0.070411
0.070411
0.070411
0.070411
0.070411
0.070411
0.070411
0.070411
0.070411
0.070411
0.070411
0.070411
0.070411
0.070411
0.070411
0.070411
0.070411
0.070411
0.149759
0.149759
0.070411
0.070411
0.149759
0.070411
0.149759
0.070411
0.149759
0.149759
0.149759
0.149759
0.149759
0.149759
0.149759
0.149759
0.149759
0.149759
0.070411
0.070411
0.149759
0.149759
0.149759
0.149759
0.149759
0.070411
0.149759
0.149759
0.149759
0.149759
0.149759
0.149759
0.149759
0.070411
0.070411
0.149759
0.149759
0.149759
0.149759
0.149759
0.149759
0.149759
0.149759
0.149759
0.149759
0.149759
0.149759
0.149759
0.149759
0.149759
0.149759
0.149759
0.149759
0.149759
0.149759
0.149759
0.149759
0.149759
0.149759
0.149759
0.149759
0.149759
0.149759
0.149759
0.149759
0.149759
0.149759
0.149759
0.149759
0.149759
0.149759
0.149759
0.149759
0.149759
0.149759
0.149759
0.149759
0.149759
0.149759
0.149759
0.149759
0.149759
0.149759
0.149759
0.149759
0.149759
0.149759
0.149759
0.149759
0.149759
0.149759
0.149759
0.149759
0.070411
0.149759
0.149759
0.070411
0.070411
0.149759
0.149759
0.149759
0.149759
0.149759
0.149759
0.149759
0.149759
0.149759
0.149759
0.149759
0.149759
0.149759
0.149759
0.149759
0.149759
0.432340
0.432340
0.432340
0.149759
0.149759
0.149759
0.149759
0.149759
0.149759
0.070411
0.070411
0.070411
0.070411
0.070411
0.070411
0.070411
0.070411
0.070411
0.070411
0.149759
0.149759
0.149759
0.149759
0.149759
0.149759
0.149759
0.149759
0.149759
0.149759
0.149759
0.070411
0.070411
0.070411
0.149759
0.070411
0.149759
0.070411
0.149759
0.149759
0.149759
0.149759
0.149759
0.149759
0.149759
0.149759
0.149759
0.149759
0.070411
0.149759
0.149759
0.070411
0.070411
0.070411
0.149759
0.149759
0.070411
0.149759
0.149759
0.149759
0.149759
0.149759
0.149759
0.149759
0.149759
0.149759
0.149759
0.149759
0.149759
0.149759
0.149759
0.149759
0.149759
0.149759
0.149759
0.149759
0.149759
0.149759
0.149759
0.149759
0.149759
0.070411
0.149759
0.149759
0.149759
0.149759
0.149759
0.149759
0.149759
0.149759
0.149759
0.070411
0.070411
0.149759
0.070411
0.070411
0.149759
0.149759
0.149759
0.149759
0.149759
0.149759
0.070411
0.070411
0.070411
0.149759
0.070411
0.149759
0.149759
0.149759
0.070411
0.149759
0.149759
0.149759
0.070411
0.149759
0.149759
0.149759
0.149759
0.149759
0.149759
0.149759
0.149759
0.149759
0.149759
0.149759
0.149759
0.149759
0.149759
0.149759
0.149759
0.149759
0.149759
0.149759
0.149759
0.149759
0.149759
0.149759
0.149759
0.149759
0.149759
0.149759
0.149759
0.149759
0.070411
0.149759
0.149759
0.149759
0.149759
0.070411
0.149759
0.070411
0.149759
0.070411
0.070411
0.149759
0.149759
0.149759
0.149759
0.149759
0.149759
0.070411
0.149759
0.070411
0.149759
0.149759
0.149759
0.149759
0.149759
0.070411
0.149759
0.149759
0.149759
0.149759
0.149759
0.149759
0.149759
0.149759
0.149759
0.070411
0.149759
0.149759
0.070411
0.149759
0.070411
0.149759
0.149759
0.149759
0.070411
0.149759
0.149759
0.149759
0.149759
0.149759
0.149759
0.070411
0.149759
0.149759
0.149759
0.149759
0.149759
0.149759
0.149759
0.149759
0.149759
0.149759
0.149759
0.149759
0.149759
0.149759
0.149759
0.149759
0.070411
0.149759
0.149759
0.149759
0.070411
0.149759
0.070411
0.149759
0.149759
0.149759
0.070411
0.149759
0.070411
0.149759
0.149759
0.149759
0.070411
0.149759
0.149759
0.149759
0.149759
0.149759
0.149759
0.149759
0.149759
0.149759
0.149759
0.149759
0.149759
0.149759
0.149759
0.149759
0.149759
0.149759
0.149759
0.149759
0.070411
0.149759
0.149759
0.149759
0.149759
0.149759
0.149759
0.149759
0.149759
0.149759
0.149759
0.149759
0.149759
0.149759
0.149759
0.149759
0.149759
0.149759
0.149759
0.149759
0.149759
0.070411
0.149759
0.149759
0.149759
0.070411
0.070411
0.070411
0.070411
0.149759
0.070411
0.070411
0.070411
0.070411
0.070411
0.070411
0.070411
0.070411
0.070411
0.070411
0.070411
0.070411
0.070411
0.070411
0.070411
0.070411
0.070411
0.070411
0.070411
0.070411
0.070411
0.070411
0.070411
0.070411
0.070411
0.070411
0.070411
0.070411
0.070411
0.070411
0.070411
0.070411
0.070411
0.070411
0.070411
0.070411
0.070411
0.070411
0.070411
0.070411
0.070411
0.070411
0.070411
0.070411
0.070411
0.070411
0.070411
0.070411
0.070411
0.070411
0.070411
0.070411
0.070411
0.070411
0.070411
0.070411
0.070411
0.070411
0.070411
0.070411
0.070411
0.070411
0.070411
0.070411
0.070411
0.070411
0.070411
0.070411
0.070411
0.070411
0.070411
0.070411
0.070411
0.070411
0.070411
0.070411
0.070411
0.070411
0.070411
0.070411
0.070411
0.070411
0.070411
0.070411
0.070411
0.070411
0.070411
0.070411
0.070411
0.070411
0.070411
0.070411
0.070411
0.070411
0.070411
0.070411
0.070411
0.070411
0.070411
0.070411
0.070411
0.070411
0.070411
0.070411
0.070411
0.070411
0.070411
0.070411
0.070411
0.070411
0.070411
0.070411
0.070411
0.070411
0.070411
0.070411
0.070411
0.070411
0.070411
0.070411
0.070411
0.070411
0.070411
0.070411
0.070411
0.070411
0.070411
0.070411
0.070411
0.070411
0.070411
0.070411
0.070411
0.070411
0.070411
0.070411
0.070411
0.070411
0.070411
0.070411
0.070411
0.070411
0.070411
0.070411
0.070411
0.070411
0.070411
0.070411
0.070411
0.070411
0.070411
0.070411
0.070411
0.070411
0.070411
0.070411
0.070411
0.070411
0.070411
0.070411
0.070411
0.070411
0.070411
0.070411
0.070411
0.070411
0.070411
0.070411
0.070411
0.070411
0.149759
0.070411
0.070411
0.070411
0.149759
0.070411
0.070411
0.070411
0.070411
0.070411
0.070411
0.070411
0.070411
0.070411
0.070411
0.070411
0.070411
0.070411
0.070411
0.070411
0.070411
0.070411
0.070411
0.070411
0.070411
0.070411
0.070411
0.070411
0.070411
0.070411
0.070411
0.070411
0.070411
0.070411
0.070411
0.070411
0.070411
0.070411
0.070411
0.070411
0.070411
0.070411
0.070411
0.070411
0.070411
0.070411
0.070411
0.070411
0.070411
0.070411
0.070411
0.070411
0.070411
0.070411
0.070411
0.070411
0.070411
0.070411
0.070411
0.070411
0.070411
0.070411
0.070411
0.070411
0.070411
0.070411
0.070411
0.070411
0.070411
0.070411
0.070411
0.070411
0.070411
0.070411
0.070411
0.070411
0.070411
0.070411
0.070411
0.070411
0.070411
0.070411
0.070411
0.070411
0.070411
0.070411
0.070411
0.070411
0.070411
0.070411
0.070411
0.070411
0.070411
0.070411
0.070411
0.070411
0.070411
0.070411
0.070411
0.070411
0.070411
0.070411
0.070411
0.070411
0.070411
0.070411
0.070411
0.070411
0.070411
0.070411
0.070411
0.070411
0.070411
0.070411
0.070411
0.070411
0.070411
0.070411
0.070411
0.070411
0.070411
0.070411
0.070411
0.070411
0.070411
0.070411
0.070411
0.070411
0.070411
0.070411
0.070411
0.070411
0.070411
0.070411
0.070411
0.070411
0.070411
0.070411
0.070411
0.070411
0.070411
0.070411
0.070411
0.070411
0.070411
0.070411
0.070411
0.070411
0.070411
0.070411
0.070411
0.070411
0.070411
0.070411
0.070411
0.070411
0.070411
0.070411
0.070411
0.070411
0.070411
0.070411
0.070411
0.070411
0.070411
0.070411
0.070411
0.070411
0.070411
0.070411
0.070411
0.070411
0.070411
0.070411
0.070411
0.070411
0.070411
0.070411
0.070411
0.070411
0.070411
0.070411
0.070411
0.070411
0.070411
0.070411
0.070411
0.070411
0.070411
0.070411
0.070411
0.070411
0.070411
0.070411
0.070411
0.070411
0.070411
0.070411
0.000000
0.070411
0.070411
0.070411
0.070411
0.070411
0.070411
0.000000
0.070411
0.000000
0.000000
0.000000
0.070411
0.070411
0.070411
0.000000
0.070411
0.070411
0.070411
0.000000
0.070411
0.000000
0.000000
0.000000
0.000000
0.070411
0.070411
0.070411
0.000000
0.000000
0.070411
0.070411
0.000000
0.000000
0.000000
0.000000
0.000000
0.122437
0.000000
0.070411
0.070411
0.122437
0.192848
0.122437
0.000000
0.122437
0.122437
0.122437
0.122437
0.122437
0.192848
0.122437
0.122437
0.122437
0.122437
0.122437
0.122437
0.122437
0.192848
0.122437
0.122437
0.122437
0.122437
0.122437
0.122437
0.122437
0.122437
0.122437
0.122437
0.122437
0.122437
0.122437
0.122437
0.122437
0.122437
0.122437
0.122437
0.122437
0.122437
0.122437
0.122437
0.122437
0.122437
0.122437
0.122437
0.122437
0.122437
0.122437
0.122437
0.295910
0.295910
0.295910
0.295910
0.295910
0.295910
0.295910
0.295910
0.295910
0.295910
0.295910
0.295910
0.295910
0.295910
0.295910
0.295910
0.295910
0.295910
0.295910
0.295910
0.295910
0.295910
0.295910
0.295910
0.295910
0.295910
0.295910
0.295910
0.295910
0.295910
0.295910
0.295910
0.295910
0.295910
0.295910
0.295910
0.295910
0.295910
0.295910
0.295910
0.295910
0.295910
0.295910
0.295910
0.295910
0.295910
0.295910
0.295910
0.295910
0.295910
0.295910
0.295910
0.295910
0.295910
0.295910
0.295910
0.295910
0.295910
0.295910
0.295910
0.295910
0.295910
0.295910
0.295910
0.295910
0.295910
0.295910
0.295910
0.295910
0.295910
0.295910
0.295910
0.295910
0.295910
0.295910
0.295910
0.295910
0.295910
0.295910
0.295910
0.295910
0.295910
0.295910
0.295910
0.295910
0.295910
0.295910
0.295910
0.295910
0.295910
0.295910
0.295910
0.295910
0.295910
0.295910
0.295910
0.295910
0.295910
0.295910
0.295910
0.295910
0.295910
0.295910
0.295910
0.295910
0.295910
0.295910
0.295910
0.295910
0.295910
0.295910
0.295910
0.295910
0.295910
0.295910
0.295910
0.295910
0.295910
0.295910
0.295910
0.295910
0.295910
0.295910
0.295910
0.295910
0.295910
0.295910
0.295910
0.295910
0.295910
0.295910
0.295910
0.295910
0.295910
0.295910
0.295910
0.295910
0.295910
0.295910
0.295910
0.295910
0.295910
0.295910
0.295910
0.295910
0.295910
0.295910
0.295910
0.295910
0.295910
0.295910
0.295910
0.295910
0.295910
0.295910
0.295910
0.295910
0.295910
0.295910
0.295910
0.295910
0.295910
0.295910
0.295910
0.295910
0.295910
0.295910
0.295910
0.295910
0.295910
0.295910
0.295910
0.295910
0.295910
0.295910
0.295910
0.295910
0.295910
0.295910
0.295910
0.295910
0.295910
0.295910
0.295910
0.295910
0.295910
0.295910
0.295910
0.295910
0.295910
0.295910
0.295910
0.295910
0.295910
0.295910
0.295910
0.295910
0.295910
0.295910
0.295910
0.295910
0.295910
0.295910
0.295910
0.295910
0.295910
0.295910
0.295910
0.295910
0.295910
0.295910
0.295910
0.295910
0.295910
0.295910
0.295910
0.295910
0.295910
0.295910
0.295910
0.295910
0.295910
0.295910
0.295910
0.295910
0.295910
0.295910
0.295910
0.295910
0.295910
0.295910
0.295910
0.295910
0.295910
0.295910
0.295910
0.295910
0.295910
0.295910
0.295910
0.295910
0.295910
0.295910
0.295910
0.295910
0.295910
0.295910
0.295910
0.295910
0.295910
0.295910
0.295910
0.295910
0.295910
0.295910
0.295910
0.295910
0.295910
0.295910
0.295910
0.295910
0.295910
0.295910
0.295910
0.295910
0.295910
0.295910
0.295910
0.295910
0.295910
0.295910
0.295910
0.295910
0.295910
0.295910
0.295910
0.295910
0.295910
0.295910
0.295910
0.295910
0.295910
0.295910
0.295910
0.295910
0.295910
0.295910
0.295910
0.295910
0.295910
0.295910
0.295910
0.302051
0.250254
0.302051
0.295910
0.250254
0.250254
0.250254
0.250254
0.250254
0.250254
0.302051
0.302051
0.250254
0.250254
0.250254
0.302051
0.250254
0.250254
0.250254
0.250254
0.250254
0.250254
0.250254
0.250254
0.250254
0.250254
0.250254
0.250254
0.250254
0.250254
0.250254
0.302051
0.250254
0.250254
0.302051
0.250254
0.250254
0.302051
0.302051
0.302051
0.177249
0.302051
0.302051
0.302051
0.250254
0.302051
0.302051
0.250254
0.125452
0.177249
0.177249
0.125452
0.125452
0.125452
0.302051
0.125452
0.177249
0.177249
0.177249
0.125452
0.177249
0.177249
0.177249
0.177249
0.177249
0.177249
0.177249
0.125452
0.125452
0.177249
0.177249
0.177249
0.177249
0.177249
0.177249
0.177249
0.125452
0.177249
0.177249
0.177249
0.177249
0.177249
0.177249
0.177249
0.177249
0.177249
0.177249
0.177249
0.177249
0.177249
0.177249
0.177249
0.177249
0.177249
0.177249
0.177249
0.177249
0.177249
0.177249
0.177249
0.177249
0.177249
0.177249
0.177249
0.177249
0.177249
0.177249
0.177249
0.177249
0.177249
0.177249
0.177249
0.177249
0.177249
0.177249
0.177249
0.177249
0.177249
0.177249
0.177249
0.177249
0.177249
0.177249
0.177249
0.177249
0.177249
0.177249
0.177249
0.177249
0.177249
0.177249
0.177249
0.177249
0.177249
0.177249
0.177249
0.177249
0.177249
0.177249
0.177249
0.177249
0.177249
0.177249
0.177249
0.177249
0.177249
0.177249
0.177249
0.177249
0.177249
0.177249
0.177249
0.177249
0.177249
0.125452
0.125452
0.177249
0.177249
0.125452
0.177249
0.177249
0.177249
0.177249
0.177249
0.177249
0.177249
0.177249
0.177249
0.177249
0.177249
0.177249
0.125452
0.125452
0.177249
0.125452
0.125452
0.177249
0.177249
0.177249
0.177249
0.177249
0.177249
0.177249
0.177249
0.177249
0.177249
0.177249
0.177249
0.125452
0.177249
0.177249
0.177249
0.177249
0.177249
0.177249
0.177249
0.177249
0.177249
0.177249
0.125452
0.177249
0.177249
0.177249
0.125452
0.177249
0.125452
0.177249
0.177249
0.177249
0.177249
0.177249
0.177249
0.177249
0.177249
0.177249
0.177249
0.125452
0.125452
0.177249
0.177249
0.125452
0.177249
0.177249
0.125452
0.177249
0.125452
0.177249
0.125452
0.177249
0.177249
0.125452
0.177249
0.125452
0.125452
0.125452
0.125452
0.125452
0.125452
0.177249
0.177249
0.125452
0.177249
0.177249
0.177249
0.177249
0.177249
0.125452
0.125452
0.125452
0.177249
0.177249
0.177249
0.125452
0.177249
0.125452
0.177249
0.177249
0.177249
0.125452
0.125452
0.177249
0.177249
0.125452
0.177249
0.125452
0.125452
0.125452
0.125452
0.177249
0.125452
0.125452
0.177249
0.125452
0.125452
0.125452
0.125452
0.177249
0.177249
0.177249
0.177249
0.125452
0.125452
0.177249
0.177249
0.125452
0.125452
0.125452
0.125452
0.125452
0.125452
0.125452
0.125452
0.125452
0.125452
0.125452
0.125452
0.177249
0.125452
0.177249
0.125452
0.125452
0.125452
0.125452
0.125452
0.125452
0.125452
0.125452
0.125452
0.125452
0.125452
0.125452
0.125452
0.125452
0.125452
0.125452
0.177249
0.125452
0.125452
0.177249
0.177249
0.125452
0.125452
0.125452
0.125452
0.125452
0.125452
0.125452
0.125452
0.125452
0.125452
0.125452
0.125452
0.177249
0.125452
0.125452
0.125452
0.177249
0.125452
0.177249
0.125452
0.177249
0.177249
0.125452
0.177249
0.125452
0.125452
0.125452
0.125452
0.125452
0.125452
0.125452
0.177249
0.125452
0.125452
0.125452
0.125452
0.125452
0.177249
0.177249
0.125452
0.177249
0.125452
0.125452
0.125452
0.125452
0.125452
0.125452
0.125452
0.177249
0.177249
0.177249
0.125452
0.125452
0.125452
0.125452
0.125452
0.125452
0.125452
0.125452
0.125452
0.125452
0.125452
0.125452
0.125452
0.125452
0.125452
0.177249
0.125452
0.177249
0.125452
0.177249
0.177249
0.125452
0.125452
0.177249
0.177249
0.125452
0.125452
0.125452
0.125452
0.125452
0.125452
0.125452
0.125452
0.177249
0.125452
0.177249
0.125452
0.177249
0.125452
0.125452
0.125452
0.125452
0.125452
0.177249
0.125452
0.125452
0.125452
0.125452
0.125452
0.125452
0.177249
0.125452
0.177249
0.125452
0.125452
0.177249
0.125452
0.177249
0.125452
0.125452
0.177249
0.177249
0.125452
0.125452
0.125452
0.125452
0.177249
0.177249
0.125452
0.125452
0.125452
0.125452
0.125452
0.177249
0.125452
0.125452
0.177249
0.177249
0.177249
0.125452
0.177249
0.125452
0.177249
0.177249
0.177249
0.177249
0.177249
0.177249
0.177249
0.177249
0.177249
0.177249
0.177249
0.125452
0.177249
0.177249
0.177249
0.125452
0.177249
0.177249
0.177249
0.177249
0.177249
0.177249
0.177249
0.177249
0.177249
0.177249
0.177249
0.177249
0.177249
0.177249
0.177249
0.177249
0.177249
0.177249
0.125452
0.177249
0.177249
0.177249
0.177249
0.177249
0.177249
0.177249
0.177249
0.177249
0.177249
0.177249
0.177249
0.177249
0.177249
0.177249
0.177249
0.177249
0.177249
0.177249
0.177249
0.177249
0.177249
0.177249
0.177249
0.177249
0.177249
0.177249
0.177249
0.177249
0.177249
0.177249
0.177249
0.177249
0.177249
0.177249
0.177249
0.177249
0.177249
0.177249
0.177249
0.177249
0.177249
0.177249
0.177249
0.177249
0.177249
0.177249
0.177249
0.177249
0.177249
0.177249
0.177249
0.177249
0.177249
0.177249
0.177249
0.177249
0.177249
0.177249
0.177249
0.177249
0.177249
0.177249
0.177249
0.177249
0.177249
0.177249
0.177249
0.177249
0.177249
0.177249
0.177249
0.177249
0.177249
0.177249
0.177249
0.177249
0.177249
0.177249
0.177249
0.177249
0.177249
0.177249
0.177249
0.177249
0.177249
0.177249
0.177249
0.177249
0.177249
0.177249
0.177249
0.177249
0.177249
0.177249
0.177249
0.177249
0.177249
0.177249
0.177249
0.177249
0.177249
0.177249
0.177249
0.177249
0.177249
0.177249
0.177249
0.177249
0.177249
0.177249
0.177249
0.177249
0.177249
0.177249
0.177249
0.177249
0.177249
0.177249
0.177249
0.177249
0.177249
0.177249
0.177249
0.177249
0.177249
0.177249
0.177249
0.177249
0.177249
0.177249
0.177249
0.177249
0.177249
0.177249
0.177249
0.177249
0.177249
0.177249
0.177249
0.177249
0.177249
0.177249
0.177249
0.177249
0.177249
0.177249
0.177249
0.177249
0.177249
0.177249
0.177249
0.177249
0.177249
0.177249
0.177249
0.177249
0.125452
0.177249
0.177249
0.177249
0.125452
0.177249
0.177249
0.177249
0.177249
0.177249
0.177249
0.177249
0.177249
0.177249
0.125452
0.177249
0.177249
0.177249
0.177249
0.177249
0.125452
0.177249
0.177249
0.177249
0.177249
0.177249
0.125452
0.177249
0.125452
0.177249
0.177249
0.177249
0.177249
0.125452
0.177249
0.177249
0.177249
0.177249
0.177249
0.177249
0.177249
0.177249
0.177249
0.177249
0.177249
0.177249
0.177249
0.177249
0.177249
0.177249
0.177249
0.177249
0.177249
0.125452
0.125452
0.177249
0.177249
0.177249
0.177249
0.177249
0.177249
0.177249
0.177249
0.177249
0.177249
0.177249
0.177249
0.177249
0.177249
0.177249
0.177249
0.177249
0.177249
0.177249
0.177249
0.177249
0.177249
0.177249
0.177249
0.177249
0.177249
0.177249
0.177249
0.177249
0.177249
0.177249
0.177249
0.177249
0.177249
0.177249
0.177249
0.177249
0.177249
0.177249
0.177249
0.177249
0.177249
0.177249
0.177249
0.177249
0.177249
0.177249
0.177249
0.177249
0.177249
0.177249
0.177249
0.177249
0.177249
0.177249
0.177249
0.177249
0.177249
0.177249
0.177249
0.177249
0.177249
0.177249
0.177249
0.177249
0.177249
0.177249
0.177249
0.177249
0.177249
0.177249
0.177249
0.177249
0.177249
0.177249
0.177249
0.177249
0.177249
0.177249
0.177249
0.177249
0.177249
0.177249
0.177249
0.177249
0.177249
0.177249
0.177249
0.177249
0.177249
0.177249
0.177249
0.177249
0.177249
0.177249
0.177249
0.177249
0.177249
0.177249
0.177249
0.177249
0.177249
0.177249
0.177249
0.177249
0.177249
0.177249
0.177249
0.177249
0.177249
0.177249
0.177249
0.177249
0.177249
0.177249
0.177249
0.177249
0.177249
0.177249
0.177249
0.177249
0.177249
0.177249
0.177249
0.177249
0.177249
0.177249
0.177249
0.177249
0.177249
0.177249
0.177249
0.177249
0.177249
0.177249
0.177249
0.177249
0.177249
0.177249
0.177249
0.177249
0.177249
0.177249
0.177249
0.177249
0.177249
0.177249
0.177249
0.177249
0.177249
0.177249
0.177249
0.177249
0.177249
0.177249
0.177249
0.177249
0.177249
0.177249
0.177249
0.177249
0.177249
0.177249
0.177249
0.177249
0.177249
0.177249
0.177249
0.177249
0.177249
0.177249
0.177249
0.177249
0.177249
0.177249
0.177249
0.177249
0.177249
0.177249
0.177249
0.177249
0.177249
0.177249
0.177249
0.177249
0.177249
0.177249
0.177249
0.177249
0.177249
0.177249
0.177249
0.177249
0.177249
0.177249
0.177249
0.177249
0.177249
0.177249
0.177249
0.177249
0.177249
0.177249
0.177249
0.177249
0.177249
0.177249
0.177249
0.177249
0.177249
0.177249
0.177249
0.177249
0.177249
0.177249
0.177249
0.177249
0.177249
0.177249
0.177249
0.177249
0.177249
0.177249
0.177249
0.177249
0.177249
0.177249
0.177249
0.177249
0.177249
0.177249
0.177249
0.177249
0.177249
0.177249
0.177249
0.177249
0.177249
0.177249
0.177249
0.177249
0.177249
0.177249
0.177249
0.177249
0.177249
0.177249
0.177249
0.177249
0.177249
0.177249
0.177249
0.177249
0.177249
0.177249
0.177249
0.177249
0.177249
0.177249
0.177249
0.177249
0.177249
0.177249
0.177249
0.177249
0.177249
0.177249
0.177249
0.177249
0.177249
0.177249
0.177249
0.177249
0.177249
0.177249
0.177249
0.177249
0.177249
0.177249
0.177249
0.177249
0.177249
0.177249
0.177249
0.177249
0.177249
0.177249
0.177249
0.177249
0.177249
0.177249
0.177249
0.177249
0.177249
0.177249
0.177249
0.177249
0.177249
0.177249
0.177249
0.177249
0.177249
0.177249
0.177249
0.177249
0.177249
0.177249
0.305698
0.305698
0.305698
0.305698
0.473751
0.305698
0.305698
0.305698
0.473751
0.305698
0.305698
0.305698
0.473751
0.305698
0.305698
0.473751
0.629289
0.305698
0.461235
0.305698
0.461235
0.305698
0.629289
0.461235
0.629289
0.629289
0.629289
0.461235
0.629289
0.461235
0.461235
0.629289
0.629289
0.629289
0.629289
0.629289
0.629289
0.629289
0.629289
0.461235
0.629289
0.629289
0.629289
0.629289
0.629289
0.629289
0.629289
0.629289
0.629289
0.629289
0.629289
0.629289
0.629289
0.629289
0.629289
0.629289
0.629289
0.629289
0.629289
0.629289
0.629289
0.629289
0.629289
0.629289
0.629289
0.629289
0.629289
0.629289
0.629289
0.629289
0.629289
0.629289
0.629289
0.629289
0.629289
0.629289
0.629289
0.629289
0.629289
0.629289
0.629289
0.629289
0.629289
0.629289
0.629289
0.629289
0.629289
0.629289
0.629289
0.629289
0.629289
0.629289
0.629289
0.629289
0.629289
0.629289
0.629289
0.629289
0.629289
0.629289
0.629289
0.629289
0.629289
0.629289
0.629289
0.629289
0.629289
0.629289
0.629289
0.629289
0.629289
0.629289
0.629289
0.629289
0.629289
0.629289
0.629289
0.629289
0.629289
0.629289
0.629289
0.629289
0.629289
0.629289
0.629289
0.629289
0.629289
0.629289
0.629289
0.629289
0.629289
0.629289
0.629289
0.629289
0.629289
0.629289
0.629289
0.629289
0.629289
0.629289
0.629289
0.629289
0.629289
0.629289
0.629289
0.629289
0.629289
0.629289
0.629289
0.629289
0.629289
0.629289
0.629289
0.629289
0.629289
0.500955
0.629289
0.500955
0.629289
0.629289
0.629289
0.629289
0.629289
0.629289
0.629289
0.629289
0.500955
0.629289
0.629289
0.629289
0.500955
0.629289
0.629289
0.500955
0.629289
0.629289
0.629289
0.500955
0.629289
0.629289
0.500955
0.500955
0.629289
0.500955
0.500955
0.500955
0.500955
0.500955
0.500955
0.500955
0.500955
0.500955
0.500955
0.500955
0.500955
0.500955
0.500955
0.500955
0.500955
0.500955
0.500955
0.500955
0.500955
0.500955
0.629289
0.500955
0.500955
0.629289
0.500955
0.500955
0.500955
0.629289
0.500955
0.629289
0.500955
0.500955
0.500955
0.500955
0.500955
0.629289
0.629289
0.500955
0.500955
0.500955
0.500955
0.500955
0.500955
0.500955
0.500955
0.500955
0.500955
0.500955
0.500955
0.500955
0.500955
0.500955
0.500955
0.500955
0.500955
0.500955
0.500955
0.500955
0.500955
0.500955
0.500955
0.500955
0.500955
0.500955
0.500955
0.500955
0.500955
0.500955
0.500955
0.500955
0.500955
0.500955
0.500955
0.500955
0.500955
0.500955
0.500955
0.500955
0.500955
0.500955
0.500955
0.500955
0.500955
0.500955
0.500955
0.500955
0.500955
0.500955
0.500955
0.500955
0.500955
0.500955
0.500955
0.500955
0.500955
0.500955
0.500955
0.500955
0.500955
0.500955
0.500955
0.500955
0.500955
0.500955
0.500955
0.500955
0.500955
0.500955
0.500955
0.500955
0.500955
0.500955
0.500955
0.500955
0.500955
0.500955
0.500955
0.500955
0.500955
0.500955
0.500955
0.500955
0.500955
0.500955
0.500955
0.500955
0.500955
0.500955
0.500955
0.500955
0.500955
0.500955
0.500955
0.500955
0.500955
0.500955
0.500955
0.500955
0.500955
0.500955
0.500955
0.500955
0.500955
0.482853
0.482853
0.500955
0.500955
0.500955
0.500955
0.482853
0.482853
0.482853
0.482853
0.482853
0.482853
0.482853
0.482853
0.482853
0.482853
0.482853
0.525922
0.525922
0.525922
0.525922
0.525922
0.525922
0.525922
0.525922
0.525922
0.525922
0.525922
0.525922
0.525922
0.525922
0.525922
0.525922
0.525922
0.525922
0.525922
0.525922
0.525922
0.525922
0.525922
0.525922
0.525922
0.525922
0.525922
0.525922
0.525922
0.525922
0.525922
0.525922
0.525922
0.525922
0.525922
0.525922
0.525922
0.525922
0.525922
0.525922
0.525922
0.525922
0.525922
0.525922
0.525922
0.525922
0.525922
0.525922
0.525922
0.525922
0.525922
0.525922
0.525922
0.525922
0.525922
0.525922
0.525922
0.525922
0.525922
0.525922
0.525922
0.525922
0.525922
0.525922
0.525922
0.525922
0.525922
0.525922
0.525922
0.525922
0.525922
0.525922
0.525922
0.525922
0.525922
0.525922
0.525922
0.525922
0.525922
0.525922
0.525922
0.525922
0.525922
0.525922
0.420247
0.525922
0.525922
0.525922
0.525922
0.525922
0.525922
0.525922
0.525922
0.525922
0.525922
0.525922
0.525922
0.525922
0.525922
0.525922
0.525922
0.525922
0.525922
0.525922
0.525922
0.525922
0.525922
0.525922
0.525922
0.525922
0.525922
0.525922
0.525922
0.525922
0.525922
0.525922
0.525922
0.525922
0.525922
0.525922
0.525922
0.525922
0.525922
0.525922
0.525922
0.525922
0.525922
0.525922
0.525922
0.525922
0.525922
0.525922
0.525922
0.525922
0.525922
0.525922
0.525922
0.525922
0.420247
0.525922
0.525922
0.525922
0.525922
0.525922
0.525922
0.525922
0.525922
0.525922
0.525922
0.525922
0.525922
0.525922
0.525922
0.525922
0.525922
0.525922
0.525922
0.525922
0.525922
0.525922
0.525922
0.525922
0.525922
0.525922
0.525922
0.525922
0.525922
0.525922
0.525922
0.420247
0.525922
0.525922
0.525922
0.525922
0.525922
0.420247
0.420247
0.525922
0.525922
0.525922
0.525922
0.525922
0.525922
0.525922
0.525922
0.525922
0.525922
0.525922
0.525922
0.525922
0.525922
0.525922
0.525922
0.525922
0.525922
0.424474
0.530148
0.530148
0.530148
0.530148
0.530148
0.525922
0.525922
0.424474
0.530148
0.424474
0.530148
0.530148
0.530148
0.530148
0.530148
0.530148
0.530148
0.530148
0.530148
0.530148
0.530148
0.530148
0.424474
0.424474
0.530148
0.530148
0.530148
0.530148
0.530148
0.530148
0.530148
0.530148
0.530148
0.476773
0.476773
0.476773
0.476773
0.476773
0.530148
0.476773
0.476773
0.530148
0.530148
0.476773
0.476773
0.476773
0.476773
0.371099
0.476773
0.476773
0.476773
0.371099
0.476773
0.476773
0.476773
0.476773
0.476773
0.476773
0.476773
0.371099
0.476773
0.476773
0.476773
0.476773
0.476773
0.476773
0.476773
0.476773
0.476773
0.476773
0.476773
0.476773
0.476773
0.476773
0.476773
0.476773
0.476773
0.476773
0.476773
0.476773
0.371099
0.371099
0.476773
0.476773
0.476773
0.371099
0.476773
0.371099
0.371099
0.371099
0.371099
0.476773
0.476773
0.476773
0.476773
0.476773
0.476773
0.476773
0.476773
0.476773
0.476773
0.476773
0.476773
0.476773
0.476773
0.371099
0.371099
0.476773
0.476773
0.476773
0.476773
0.476773
0.476773
0.476773
0.371099
0.371099
0.371099
0.371099
0.371099
0.476773
0.476773
0.476773
0.476773
0.476773
0.476773
0.476773
0.476773
0.476773
0.476773
0.476773
0.371099
0.476773
0.476773
0.476773
0.476773
0.476773
0.476773
0.476773
0.476773
0.371099
0.371099
0.371099
0.476773
0.476773
0.476773
0.476773
0.476773
0.476773
0.371099
0.371099
0.476773
0.476773
0.476773
0.476773
0.371099
0.476773
0.476773
0.476773
0.476773
0.476773
0.476773
0.476773
0.371099
0.371099
0.476773
0.476773
0.476773
0.476773
0.476773
0.476773
0.476773
0.371099
0.476773
0.476773
0.476773
0.371099
0.371099
0.476773
0.476773
0.371099
0.371099
0.476773
0.371099
0.371099
0.476773
0.476773
0.371099
0.371099
0.371099
0.476773
0.476773
0.371099
0.371099
0.371099
0.476773
0.371099
0.371099
0.476773
0.476773
0.476773
0.371099
0.371099
0.476773
0.371099
0.371099
0.371099
0.476773
0.476773
0.371099
0.371099
0.371099
0.371099
0.415624
0.371099
0.415624
0.371099
0.476773
0.476773
0.476773
0.476773
0.371099
0.371099
0.371099
0.371099
0.415624
0.415624
0.415624
0.415624
0.415624
0.521299
0.521299
0.415624
0.521299
0.521299
0.521299
0.476773
0.476773
0.521299
0.521299
0.521299
0.415624
0.521299
0.415624
0.371099
0.415624
0.415624
0.415624
0.521299
0.415624
0.419359
0.419359
0.419359
0.419359
0.525034
0.525034
0.419359
0.419359
0.525034
0.419359
0.419359
0.419359
0.525034
0.419359
0.419359
0.419359
0.419359
0.419359
0.419359
0.419359
0.419359
0.419359
0.419359
0.419359
0.419359
0.419359
0.419359
0.419359
0.419359
0.525034
0.419359
0.419359
0.419359
0.419359
0.419359
0.419359
0.419359
0.419359
0.419359
0.419359
0.419359
0.419359
0.419359
0.525034
0.419359
0.419359
0.419359
0.419359
0.419359
0.419359
0.419359
0.419359
0.525034
0.419359
0.419359
0.419359
0.419359
0.419359
0.419359
0.419359
0.419359
0.419359
0.525034
0.419359
0.419359
0.419359
0.419359
0.419359
0.419359
0.419359
0.419359
0.419359
0.419359
0.419359
0.419359
0.419359
0.419359
0.419359
0.419359
0.419359
0.419359
0.419359
0.419359
0.419359
0.419359
0.419359
0.419359
0.419359
0.419359
0.419359
0.419359
0.419359
0.419359
0.419359
0.419359
0.419359
0.419359
0.419359
0.419359
0.419359
0.419359
0.419359
0.419359
0.419359
0.419359
0.419359
0.419359
0.419359
0.419359
0.419359
0.419359
0.419359
0.419359
0.419359
0.419359
0.419359
0.419359
0.419359
0.419359
0.419359
0.419359
0.419359
0.419359
0.419359
0.419359
0.419359
0.419359
0.419359
0.419359
0.419359
0.419359
0.419359
0.419359
0.419359
0.419359
0.419359
0.419359
0.419359
0.419359
0.419359
0.419359
0.419359
0.419359
0.419359
0.419359
0.419359
0.419359
0.419359
0.419359
0.419359
0.419359
0.419359
0.419359
0.419359
0.419359
0.419359
0.419359
0.419359
0.419359
0.419359
0.419359
0.419359
0.419359
0.419359
0.419359
0.419359
0.419359
0.419359
0.419359
0.419359
0.419359
0.419359
0.419359
0.419359
0.419359
0.419359
0.419359
0.419359
0.419359
0.419359
0.419359
0.419359
0.419359
0.419359
0.419359
0.419359
0.419359
0.419359
0.419359
0.419359
0.419359
0.419359
0.419359
0.419359
0.419359
0.419359
0.419359
0.419359
0.373127
0.373127
0.373127
0.373127
0.472094
0.472094
0.472094
0.631389
0.472094
0.472094
0.472094
0.472094
0.472094
0.472094
0.472094
0.472094
0.472094
0.472094
0.472094
0.472094
0.472094
0.472094
0.472094
0.472094
0.472094
0.472094
0.472094
0.472094
0.472094
0.472094
0.472094
0.472094
0.472094
0.472094
0.472094
0.472094
0.472094
0.472094
0.472094
0.472094
0.472094
0.472094
0.472094
0.472094
0.472094
0.472094
0.631389
0.472094
0.472094
0.631389
0.631389
0.472094
0.472094
0.472094
0.472094
0.472094
0.631389
0.631389
0.472094
0.472094
0.472094
0.472094
0.472094
0.472094
0.472094
0.472094
0.631389
0.472094
0.472094
0.631389
0.472094
0.472094
0.472094
0.472094
0.472094
0.472094
0.631389
0.472094
0.472094
0.472094
0.472094
0.472094
0.631389
0.631389
0.631389
0.631389
0.472094
0.631389
0.631389
0.631389
0.631389
0.631389
0.631389
0.631389
0.472094
0.472094
0.472094
0.472094
0.472094
0.472094
0.472094
0.472094
0.472094
0.472094
0.472094
0.472094
0.472094
0.472094
0.472094
0.631389
0.631389
0.651997
0.385329
0.492702
0.492702
0.651997
0.492702
0.492702
0.492702
0.651997
0.651997
0.651997
0.651997
0.651997
0.492702
0.492702
0.492702
0.492702
0.492702
0.651997
0.651997
0.492702
0.651997
0.651997
0.651997
0.492702
0.651997
0.651997
0.651997
0.651997
0.651997
0.651997
0.651997
0.492702
0.651997
0.651997
0.651997
0.651997
0.651997
0.651997
0.651997
0.651997
0.651997
0.651997
0.651997
0.651997
0.651997
0.730981
0.492702
0.492702
0.492702
0.651997
0.492702
0.492702
0.651997
0.730981
0.730981
0.730981
0.730981
0.730981
0.629978
0.629978
0.629978
0.629978
0.629978
0.629978
0.629978
0.470683
0.629978
0.629978
0.470683
0.629978
0.629978
0.629978
0.629978
0.629978
0.629978
0.629978
0.629978
0.629978
0.629978
0.629978
0.629978
0.629978
0.629978
0.629978
0.629978
0.629978
0.629978
0.629978
0.629978
0.629978
0.629978
0.629978
0.470683
0.470683
0.629978
0.629978
0.629978
0.629978
0.629978
0.629978
0.629978
0.629978
0.629978
0.629978
0.629978
0.629978
0.629978
0.629978
0.629978
0.629978
0.629978
0.629978
0.629978
0.629978
0.629978
0.629978
0.629978
0.629978
0.629978
0.629978
0.629978
0.629978
0.629978
0.629978
0.629978
0.629978
0.629978
0.629978
0.629978
0.629978
0.629978
0.629978
0.629978
0.629978
0.629978
0.629978
0.629978
0.629978
0.629978
0.629978
0.629978
0.629978
0.629978
0.470683
0.629978
0.629978
0.629978
0.629978
0.629978
0.629978
0.629978
0.629978
0.629978
0.629978
0.629978
0.629978
0.629978
0.470683
0.629978
0.629978
0.629978
0.629978
0.629978
0.548461
0.629978
0.548461
0.548461
0.548461
0.548461
0.548461
0.548461
0.636716
0.636716
0.636716
0.636716
0.636716
0.636716
0.636716
0.636716
0.636716
0.636716
0.636716
0.636716
0.636716
0.636716
0.636716
0.636716
0.636716
0.636716
0.636716
0.636716
0.636716
0.636716
0.636716
0.636716
0.636716
0.636716
0.636716
0.636716
0.636716
0.636716
0.636716
0.636716
0.636716
0.636716
0.636716
0.636716
0.636716
0.636716
0.636716
0.636716
0.636716
0.636716
0.636716
0.636716
0.636716
0.636716
0.636716
0.636716
0.636716
0.636716
0.477421
0.477421
0.636716
0.636716
0.636716
0.636716
0.636716
0.636716
0.636716
0.636716
0.636716
0.636716
0.636716
0.722365
0.722365
0.722365
0.722365
0.722365
0.722365
0.722365
0.722365
0.722365
0.722365
0.722365
0.722365
0.722365
0.722365
0.709159
0.709159
0.709159
0.709159
0.709159
0.709159
0.709159
0.709159
0.709159
0.709159
0.709159
0.709159
0.709159
0.709159
0.709159
0.709159
0.709159
0.709159
0.709159
0.709159
0.709159
0.709159
0.709159
0.709159
0.549864
0.549864
0.709159
0.709159
0.549864
0.709159
0.709159
0.709159
0.709159
0.709159
0.709159
0.709159
0.709159
0.709159
0.709159
0.709159
0.709159
0.709159
0.549864
0.549864
0.709159
0.709159
0.709159
0.709159
0.709159
0.709159
0.709159
0.648266
0.648266
0.648266
0.648266
0.648266
0.648266
0.648266
0.648266
0.488971
0.648266
0.488971
0.648266
0.488971
0.648266
0.648266
0.648266
0.488971
0.648266
0.488971
0.648266
0.648266
0.648266
0.488971
0.488971
0.488971
0.648266
0.648266
0.488971
0.488971
0.648266
0.488971
0.488971
0.488971
0.648266
0.488971
0.488971
0.488971
0.488971
0.488971
0.598654
0.488971
0.488971
0.648266
0.488971
0.488971
0.488971
0.488971
0.488971
0.488971
0.488971
0.488971
0.488971
0.488971
0.488971
0.439359
0.439359
0.439359
0.439359
0.439359
0.439359
0.439359
0.439359
0.439359
0.439359
0.439359
0.598654
0.598654
0.598654
0.439359
0.439359
0.439359
0.598654
0.598654
0.439359
0.439359
0.439359
0.439359
0.439359
0.439359
0.439359
0.439359
0.439359
0.439359
0.439359
0.439359
0.439359
0.439359
0.439359
0.439359
0.439359
0.439359
0.439359
0.439359
0.439359
0.439359
0.439359
0.439359
0.439359
0.439359
0.439359
0.439359
0.439359
0.439359
0.439359
0.439359
0.439359
0.439359
0.439359
0.439359
0.439359
0.439359
0.439359
0.439359
0.598654
0.439359
0.439359
0.439359
0.439359
0.439359
0.439359
0.439359
0.439359
0.439359
0.439359
0.439359
0.439359
0.439359
0.439359
0.439359
0.439359
0.439359
0.439359
0.439359
0.439359
0.439359
0.439359
0.439359
0.439359
0.439359
0.439359
0.439359
0.439359
0.439359
0.439359
0.439359
0.439359
0.439359
0.439359
0.439359
0.439359
0.439359
0.439359
0.439359
0.439359
0.439359
0.439359
0.439359
0.439359
0.439359
0.439359
0.439359
0.439359
0.439359
0.439359
0.439359
0.439359
0.439359
0.439359
0.439359
0.439359
0.439359
0.439359
0.439359
0.439359
0.439359
0.439359
0.439359
0.439359
0.439359
0.439359
0.439359
0.439359
0.439359
0.439359
0.439359
0.439359
0.439359
0.439359
0.439359
0.439359
0.439359
0.463800
0.439359
0.439359
0.463800
0.463800
0.463800
0.463800
0.463800
0.463800
0.463800
0.463800
0.463800
0.463800
0.463800
0.463800
0.463800
0.463800
0.463800
0.463800
0.463800
0.463800
0.463800
0.463800
0.463800
0.463800
0.463800
0.463800
0.463800
0.463800
0.463800
0.463800
0.463800
0.463800
0.463800
0.463800
0.463800
0.463800
0.463800
0.463800
0.463800
0.463800
0.463800
0.463800
0.463800
0.463800
0.463800
0.463800
0.463800
0.463800
0.463800
0.463800
0.463800
0.463800
0.463800
0.463800
0.463800
0.463800
0.463800
0.463800
0.463800
0.463800
0.463800
0.463800
0.463800
0.463800
0.463800
0.463800
0.463800
0.463800
0.463800
0.463800
0.463800
0.463800
0.463800
0.463800
0.463800
0.463800
0.463800
0.463800
0.463800
0.463800
0.463800
0.463800
0.463800
0.463800
0.569474
0.463800
0.463800
0.463800
0.463800
0.463800
0.463800
0.463800
0.463800
0.463800
0.463800
0.463800
0.463800
0.463800
0.463800
0.463800
0.463800
0.463800
0.463800
0.463800
0.463800
0.463800
0.463800
0.463800
0.463800
0.463800
0.463800
0.463800
0.463800
0.463800
0.463800
0.463800
0.463800
0.463800
0.463800
0.463800
0.463800
0.463800
0.463800
0.463800
0.463800
0.463800
0.463800
0.463800
0.463800
0.463800
0.463800
0.463800
0.463800
0.463800
0.463800
0.463800
0.463800
0.463800
0.463800
0.463800
0.463800
0.463800
0.463800
0.463800
0.463800
0.463800
0.463800
0.463800
0.463800
0.463800
0.463800
0.463800
0.463800
0.463800
0.463800
0.463800
0.463800
0.463800
0.530136
0.530136
0.530136
0.530136
0.530136
0.689431
0.530136
0.530136
0.530136
0.530136
0.530136
0.530136
0.530136
0.530136
0.530136
0.530136
0.530136
0.530136
0.530136
0.530136
0.530136
0.530136
0.530136
0.530136
0.530136
0.530136
0.530136
0.530136
0.530136
0.530136
0.530136
0.530136
0.530136
0.530136
0.530136
0.530136
0.530136
0.530136
0.530136
0.530136
0.530136
0.530136
0.530136
0.530136
0.530136
0.530136
0.530136
0.530136
0.530136
0.530136
0.530136
0.530136
0.530136
0.530136
0.530136
0.530136
0.530136
0.530136
0.530136
0.530136
0.530136
0.530136
0.530136
0.584549
0.584549
0.584549
0.584549
0.584549
0.584549
0.584549
0.584549
0.584549
0.584549
0.584549
0.584549
0.584549
0.584549
0.584549
0.584549
0.584549
0.584549
0.584549
0.584549
0.584549
0.584549
0.584549
0.584549
0.584549
0.584549
0.743844
0.584549
0.584549
0.584549
0.584549
0.584549
0.584549
0.584549
0.749925
0.584549
0.584549
0.590630
0.590630
0.590630
0.590630
0.590630
0.590630
0.590630
0.590630
0.590630
0.590630
0.590630
0.590630
0.590630
0.590630
0.590630
0.590630
0.590630
0.590630
0.590630
0.590630
0.590630
0.590630
0.749925
0.749925
0.749925
0.590630
0.590630
0.590630
0.749925
0.747205
0.747205
0.747205
0.587910
0.587910
0.587910
0.587910
0.587910
0.747205
0.587910
0.587910
0.587910
0.587910
0.587910
0.587910
0.747205
0.747205
0.747205
0.587910
0.747205
0.587910
0.587910
0.747205
0.747205
0.747205
0.747205
0.747205
0.747205
0.747205
0.747205
0.587910
0.602000
0.587910
0.602000
0.587910
0.602000
0.587910
0.587910
0.587910
0.442705
0.442705
0.602000
0.602000
0.602000
0.602000
0.442705
0.602000
0.602000
0.602000
0.602000
0.602000
0.602000
0.602000
0.442705
0.602000
0.434558
0.434558
0.434558
0.434558
0.275263
0.275263
0.434558
0.434558
0.434558
0.434558
0.434558
0.434558
0.434558
0.434558
0.434558
0.434558
0.275263
0.434558
0.434558
0.434558
0.434558
0.434558
0.434558
0.434558
0.434558
0.434558
0.434558
0.434558
0.434558
0.434558
0.434558
0.275263
0.434558
0.434558
0.434558
0.434558
0.434558
0.434558
0.434558
0.434558
0.434558
0.434558
0.434558
0.434558
0.275263
0.275263
0.275263
0.275263
0.275263
0.434558
0.434558
0.434558
0.434558
0.434558
0.577909
0.434558
0.434558
0.434558
0.275263
0.275263
0.275263
0.275263
0.275263
0.275263
0.434558
0.275263
0.275263
0.275263
0.275263
0.275263
0.275263
0.275263
0.275263
0.275263
0.275263
0.434558
0.275263
0.275263
0.434558
0.275263
0.275263
0.275263
0.275263
0.275263
0.275263
0.275263
0.275263
0.275263
0.275263
0.275263
0.275263
0.275263
0.275263
0.275263
0.275263
0.275263
0.275263
0.275263
0.275263
0.275263
0.275263
0.275263
0.275263
0.275263
0.275263
0.275263
0.275263
0.275263
0.275263
0.275263
0.275263
0.275263
0.275263
0.275263
0.275263
0.434558
0.275263
0.275263
0.275263
0.275263
0.275263
0.275263
0.275263
0.275263
0.275263
0.275263
0.275263
0.275263
0.275263
0.275263
0.275263
0.275263
0.275263
0.275263
0.275263
0.275263
0.275263
0.275263
0.275263
0.275263
0.275263
0.275263
0.275263
0.275263
0.275263
0.275263
0.275263
0.275263
0.275263
0.275263
0.275263
0.275263
0.275263
0.275263
0.275263
0.275263
0.275263
0.275263
0.275263
0.275263
0.275263
0.275263
0.275263
0.275263
0.275263
0.275263
0.275263
0.275263
0.275263
0.275263
0.275263
0.275263
0.275263
0.275263
0.275263
0.275263
0.275263
0.275263
0.275263
0.275263
0.275263
0.275263
0.275263
0.275263
0.275263
0.275263
0.275263
0.275263
0.275263
0.275263
0.275263
0.275263
0.275263
0.275263
0.275263
0.275263
0.275263
0.275263
0.275263
0.275263
0.275263
0.275263
0.275263
0.275263
0.275263
0.275263
0.275263
0.275263
0.275263
0.434558
0.275263
0.275263
0.275263
0.275263
0.275263
0.275263
0.275263
0.275263
0.275263
0.275263
0.275263
0.275263
0.275263
0.275263
0.275263
0.275263
0.275263
0.275263
0.275263
0.275263
0.275263
0.275263
0.275263
0.275263
0.275263
0.275263
0.275263
0.275263
0.275263
0.275263
0.275263
0.275263
0.275263
0.275263
0.275263
0.275263
0.275263
0.275263
0.275263
0.275263
0.275263
0.275263
0.275263
0.275263
0.275263
0.434558
0.275263
0.275263
0.275263
0.275263
0.275263
0.275263
0.275263
0.275263
0.275263
0.275263
0.275263
0.275263
0.275263
0.275263
0.275263
0.275263
0.275263
0.275263
0.275263
0.275263
0.275263
0.275263
0.275263
0.275263
0.275263
0.275263
0.275263
0.275263
0.275263
0.275263
0.275263
0.275263
0.275263
0.275263
0.275263
0.275263
0.275263
0.275263
0.275263
0.275263
0.275263
0.275263
0.275263
0.275263
0.275263
0.275263
0.275263
0.275263
0.275263
0.275263
0.275263
0.275263
0.275263
0.275263
0.275263
0.275263
0.275263
0.275263
0.275263
0.275263
0.275263
0.275263
0.275263
0.275263
0.275263
0.275263
0.275263
0.275263
0.275263
0.275263
0.275263
0.275263
0.275263
0.275263
0.275263
0.275263
0.275263
0.275263
0.275263
0.275263
0.275263
0.275263
0.275263
0.275263
0.275263
0.275263
0.275263
0.275263
0.275263
0.275263
0.275263
0.275263
0.275263
0.275263
0.275263
0.275263
0.275263
0.275263
0.275263
0.275263
0.275263
0.275263
0.275263
0.275263
0.275263
0.275263
0.275263
0.275263
0.275263
0.275263
0.275263
0.275263
0.434558
0.275263
0.275263
0.275263
0.275263
0.275263
0.275263
0.275263
0.275263
0.275263
0.275263
0.275263
0.275263
0.275263
0.275263
0.275263
0.275263
0.275263
0.275263
0.275263
0.275263
0.275263
0.275263
0.275263
0.275263
0.275263
0.275263
0.275263
0.275263
0.275263
0.275263
0.275263
0.275263
0.275263
0.275263
0.275263
0.275263
0.275263
0.275263
0.380937
0.509271
0.380937
0.380937
0.275263
0.275263
0.275263
0.275263
0.275263
0.275263
0.275263
0.275263
0.380937
0.380937
0.380937
0.275263
0.275263
0.275263
0.275263
0.380937
0.275263
0.275263
0.275263
0.275263
0.275263
0.275263
0.275263
0.275263
0.275263
0.275263
0.275263
0.275263
0.275263
0.275263
0.275263
0.275263
0.275263
0.275263
0.275263
0.275263
0.275263
0.275263
0.275263
0.275263
0.275263
0.275263
0.275263
0.275263
0.275263
0.275263
0.275263
0.275263
0.275263
0.275263
0.275263
0.275263
0.275263
0.275263
0.275263
0.275263
0.275263
0.275263
0.275263
0.275263
0.275263
0.275263
0.275263
0.418614
0.275263
0.418614
0.418614
0.275263
0.418614
0.418614
0.275263
0.418614
0.275263
0.418614
0.418614
0.418614
0.418614
0.418614
0.418614
0.418614
0.418614
0.418614
0.418614
0.418614
0.418614
0.418614
0.418614
0.418614
0.418614
0.418614
0.418614
0.275263
0.380937
0.275263
0.418614
0.418614
0.418614
0.418614
0.418614
0.418614
0.418614
0.418614
0.418614
0.418614
0.418614
0.418614
0.418614
0.418614
0.418614
0.418614
0.418614
0.418614
0.418614
0.418614
0.418614
0.418614
0.418614
0.418614
0.524289
0.380937
0.380937
0.418614
0.418614
0.418614
0.418614
0.418614
0.418614
0.418614
0.418614
0.418614
0.418614
0.418614
0.418614
0.418614
0.418614
0.624002
0.624002
0.624002
0.624002
0.624002
0.624002
0.624002
0.418614
0.624002
0.418614
0.418614
0.624002
0.624002
0.624002
0.624002
0.418614
0.624002
0.624002
0.418614
0.524289
0.524289
0.418614
0.624002
0.624002
0.624002
0.624002
0.624002
0.624002
0.624002
0.624002
0.624002
0.624002
0.624002
0.624002
0.624002
0.624002
0.624002
0.624002
0.624002
0.624002
0.624002
0.624002
0.624002
0.624002
0.624002
0.624002
0.624002
0.624002
0.624002
0.624002
0.624002
0.624002
0.624002
0.624002
0.624002
0.624002
0.624002
0.624002
0.624002
0.624002
0.624002
0.624002
0.624002
0.783297
0.624002
0.624002
0.624002
0.624002
0.624002
0.624002
0.624002
0.624002
0.624002
0.624002
0.624002
0.624002
0.593458
0.752753
0.593458
0.593458
0.593458
0.593458
0.593458
0.674019
0.674019
0.514724
0.514724
0.514724
0.674019
0.674019
0.674019
0.674019
0.514724
0.674019
0.514724
0.514724
0.514724
0.514724
0.514724
0.514724
0.514724
0.514724
0.514724
0.514724
0.514724
0.514724
0.514724
0.514724
0.514724
0.514724
0.514724
0.514724
0.514724
0.514724
0.514724
0.514724
0.514724
0.514724
0.514724
0.514724
0.514724
0.514724
0.514724
0.514724
0.514724
0.514724
0.514724
0.514724
0.514724
0.514724
0.514724
0.514724
0.514724
0.514724
0.514724
0.514724
0.514724
0.514724
0.514724
0.620399
0.620399
0.620399
0.514724
0.514724
0.514724
0.514724
0.514724
0.514724
0.514724
0.514724
0.514724
0.620399
0.620399
0.514724
0.514724
0.514724
0.620399
0.620399
0.514724
0.514724
0.514724
0.620399
0.748733
0.748733
0.580679
0.620399
0.620399
0.620399
0.620399
0.620399
0.620399
0.620399
0.620399
0.620399
0.514724
0.514724
0.514724
0.514724
0.514724
0.514724
0.514724
0.514724
0.514724
0.514724
0.514724
0.514724
0.514724
0.514724
0.514724
0.514724
0.514724
0.514724
0.514724
0.514724
0.620399
0.620399
0.620399
0.620399
0.620399
0.620399
0.514724
0.620399
0.514724
0.514724
0.620399
0.620399
0.620399
0.620399
0.620399
0.514724
0.514724
0.620399
0.620399
0.620399
0.620399
0.514724
0.514724
0.514724
0.514724
0.514724
0.514724
0.620399
0.620399
0.620399
0.620399
0.514724
0.620399
0.620399
0.620399
0.620399
0.620399
0.620399
0.620399
0.620399
0.620399
0.620399
0.620399
0.620399
0.620399
0.620399
0.620399
0.620399
0.620399
0.620399
0.620399
0.620399
0.620399
0.620399
0.620399
0.620399
0.620399
0.620399
0.620399
0.620399
0.620399
0.620399
0.620399
0.620399
0.620399
0.620399
0.620399
0.620399
0.620399
0.620399
0.620399
0.620399
0.620399
0.620399
0.620399
0.620399
0.620399
0.620399
0.620399
0.620399
0.620399
0.620399
0.620399
0.620399
0.620399
0.620399
0.748733
0.620399
0.620399
0.620399
0.620399
0.748733
0.620399
0.620399
0.748733
0.748733
0.748733
0.748733
0.748733
0.620399
0.748733
0.748733
0.748733
0.620399
0.620399
0.620399
0.620399
0.748733
0.611223
0.748733
0.620399
0.779276
0.779276
0.689957
0.858010
0.729676
0.858010
0.858010
0.858010
0.858010
0.858010
0.689957
0.858010
0.858010
0.858010
0.858010
0.858010
0.858010
0.858010
0.858010
0.858010
0.858010
0.858010
0.858010
0.858010
0.858010
0.689957
0.689957
0.858010
0.689957
0.689957
0.689957
0.525188
0.670394
0.679739
0.505037
0.341218
0.509271
0.380937
0.380937
0.509271
0.509271
0.509271
0.509271
0.509271
0.341218
0.341218
0.289421
0.289421
0.289421
0.341218
0.341218
0.341218
0.341218
0.341218
0.341218
0.341218
0.341218
0.341218
0.341218
0.341218
0.509271
0.341218
0.341218
0.341218
0.359831
0.289421
0.341218
0.509271
0.509271
0.341218
0.509271
0.509271
0.509271
0.341218
0.341218
0.341218
0.289421
0.847180
0.602067
0.602067
0.672478
0.602067
0.602067
0.847180
0.841099
0.745746
0.745746
0.669117
0.748466
0.748466
0.748466
0.669117
0.669117
0.669117
0.598706
0.598706
0.598706
0.598706
0.598706
0.598706
0.824638
0.653865
0.602067
0.602067
0.602067
0.602067
0.602067
0.602067
0.602067
0.602067
0.602067
0.602067
0.653865
0.653865
0.653865
0.653865
0.653865
0.653865
0.602067
0.602067
0.602067
0.602067
0.653865
0.653865
0.653865
0.653865
0.653865
0.653865
0.602067
0.653865
0.653865
0.602067
0.653865
0.341218
0.341218
0.341218
0.341218
0.341218
0.341218
0.341218
0.341218
0.341218
0.289421
0.289421
0.341218
0.341218
0.341218
0.341218
0.289421
0.434626
0.289421
0.434626
0.602067
0.653865
0.602067
0.602067
0.602067
0.653865
0.509271
0.509271
0.341218
0.341218
0.341218
0.341218
0.509271
0.509271
0.509271
0.341218
0.509271
0.341218
0.509271
0.341218
0.289421
0.341218
0.341218
0.341218
0.341218
0.341218
0.341218
0.289421
0.289421
0.289421
0.341218
0.837835
0.847180
0.509271
0.509271
0.509271
0.509271
0.341218
0.341218
0.289421
0.289421
0.505037
0.505037
0.751827
0.672478
0.602067
0.847180
0.602067
0.602067
0.653865
0.602067
0.653865
0.672478
0.751827
0.672478
0.602067
0.602067
0.602067
0.672478
0.672478
0.672478
0.602067
0.672478
0.672478
0.672478
0.602067
0.672478
0.602067
0.602067
0.602067
0.602067
0.602067
0.602067
0.602067
0.602067
0.602067
0.602067
0.602067
0.602067
0.672478
0.672478
0.672478
0.751827
0.748466
0.748466
0.669117
0.653865
0.653865
0.602067
0.672478
0.602067
0.602067
0.843819
0.748466
0.598706
0.598706
0.748466
0.822474
0.598706
0.650504
0.598706
0.598706
0.748466
0.598706
0.598706
0.669117
0.598706
0.598706
0.669117
0.602067
0.602067
0.748466
0.834474
0.768138
0.713725
0.669117
0.598706
0.682129
0.682129
0.598706
0.598706
0.598706
0.598706
0.669117
0.669117
0.669117
0.748466
0.669117
0.669117
0.669117
0.748466
0.669117
0.669117
0.669117
0.748466
0.669117
0.669117
0.748466
0.669117
0.748466
0.669117
0.748466
0.669117
0.669117
0.669117
0.598706
0.669117
0.669117
0.669117
0.669117
0.669117
0.669117
0.669117
0.669117
0.669117
0.669117
0.669117
0.748466
0.748466
0.748466
0.777482
0.713725
0.723070
0.627717
0.723070
0.723070
0.713725
0.769690
0.738897
0.738897
0.748242
0.748242
0.748242
0.748242
0.748242
0.748242
0.748242
0.652888
0.652888
0.652888
0.652888
0.652888
0.652888
0.652888
0.652888
0.652888
0.627717
0.548368
0.548368
0.548368
0.627717
0.548368
0.627717
0.627717
0.627717
0.627717
0.627717
0.627717
0.627717
0.627717
0.723070
0.772682
0.772682
0.772682
0.677329
0.748242
0.748242
0.652888
0.748242
0.652888
0.652888
0.652888
0.748242
0.652888
0.652888
0.748242
0.738897
0.748242
0.748242
0.748242
0.748242
0.748242
0.748242
0.748242
0.748242
0.748242
0.652888
0.748242
0.748242
0.652888
0.748242
0.748242
0.738897
0.748242
0.748242
0.652888
0.748242
0.748242
0.748242
0.748242
0.748242
0.748242
0.748242
0.748242
0.748242
0.748242
0.748242
0.748242
0.748242
0.748242
0.748242
0.748242
0.748242
0.748242
0.738897
0.748242
0.748242
0.652888
0.748242
0.748242
0.748242
0.652888
0.748242
0.748242
0.819349
0.822341
0.652888
0.652888
0.652888
0.652888
0.748242
0.752103
0.812996
0.822341
0.652888
0.652888
0.748242
0.748242
0.748242
0.748242
0.748242
0.748242
0.761447
0.761447
0.761447
0.761447
0.761447
0.761447
0.761447
0.761447
0.761447
0.761447
0.812996
0.822341
0.822341
0.867332
0.819349
0.819349
0.812996
0.822341
0.822341
0.822341
0.726987
0.822341
0.822341
0.812996
0.822341
0.822341
0.822341
0.822341
0.822341
0.822341
0.822341
0.822341
0.812996
0.812996
0.822341
0.812996
0.819349
0.822341
0.822341
0.822341
0.822341
0.726987
0.822341
0.822341
0.822341
0.812996
0.812996
0.812996
0.819349
0.819349
0.812996
0.812996
0.671610
0.812996
0.812996
0.812996
0.693429
0.645445
0.639092
0.639092
0.639092
0.639092
0.585961
0.585961
0.645445
0.645445
0.645445
0.639092
0.645445
0.645445
0.639092
0.639092
0.639092
0.645445
0.645445
0.746448
0.746448
0.746448
0.827965
0.827965
0.827965
0.827965
0.827965
0.768481
0.821612
0.821612
0.827965
0.827965
0.821612
0.821612
0.639092
0.648437
0.639092
0.648437
0.648437
0.648437
0.648437
0.639092
0.639092
0.639092
0.639092
0.639092
0.639092
0.639092
0.639092
0.639092
0.639092
0.639092
0.648437
0.648437
0.641338
0.822341
0.822341
0.822341
0.822341
0.822341
0.822341
0.822341
0.822341
0.822341
0.822341
0.822341
0.822341
0.822341
0.726987
0.726987
0.713781
0.652888
0.652888
0.652888
0.748242
0.748242
0.748242
0.748242
0.748242
0.748242
0.812996
0.761447
0.752103
0.761447
0.812996
0.891546
0.779078
0.819349
0.812996
0.697801
0.697801
0.851900
0.794432
0.585961
0.648437
0.648437
0.645445
0.645445
0.639092
0.639092
0.639092
0.648437
0.648437
0.639092
0.639092
0.645445
0.648437
0.726987
0.822341
0.726987
0.822341
0.822341
0.724741
0.812996
0.645445
0.639092
0.645445
0.585961
0.645445
0.585961
0.639092
0.639092
0.639092
0.639092
0.639092
0.639092
0.645445
0.645445
0.639092
0.639092
0.639092
0.639092
0.639092
0.639092
0.639092
0.639092
0.639092
0.645445
0.585961
0.645445
0.645445
0.639092
0.645445
0.648437
0.648437
0.645445
0.645445
0.585961
0.645445
0.645445
0.645445
0.686964
0.768481
0.768481
0.768481
0.827965
0.768481
0.827965
0.827965
0.768481
0.827965
0.821612
0.639092
0.746448
0.821612
0.746448
0.827965
0.768481
0.827965
0.827965
0.827965
0.821612
0.821612
0.639092
0.648437
0.648437
0.639092
0.639092
0.648437
0.639092
0.639092
0.639092
0.645445
0.639092
0.639092
0.693429
0.686964
0.639092
0.648437
0.648437
0.648437
0.648437
0.639092
0.639092
0.639092
0.639092
0.639092
0.585961
0.645445
0.639092
0.639092
0.639092
0.639092
0.645445
0.585961
0.693429
0.645445
0.686964
0.686964
0.645445
0.645445
0.645445
0.746448
0.746448
0.746448
0.746448
0.746448
0.645445
0.645445
0.645445
0.746448
0.875948
0.821612
0.639092
0.639092
0.645445
0.728729
0.768481
0.827965
0.639092
0.639092
0.639092
0.648437
0.648437
0.648437
0.648437
0.648437
0.639092
0.648437
0.648437
0.639092
0.639092
0.639092
0.639092
0.639092
0.639092
0.639092
0.639092
0.639092
0.724741
0.724741
0.724741
0.724741
0.724741
0.812996
0.639092
0.645445
0.639092
0.693429
0.585961
0.639092
0.639092
0.639092
0.639092
0.639092
0.639092
0.645445
0.639092
0.645445
0.645445
0.693429
0.794432
0.645445
0.645445
0.645445
0.645445
0.645445
0.645445
0.686964
0.746448
0.746448
0.746448
0.746448
0.746448
0.645445
0.746448
0.768481
0.827965
0.746448
0.645445
0.645445
0.639092
0.639092
0.639092
0.639092
0.645445
0.645445
0.768481
0.768481
0.827965
0.827965
0.720608
0.639092
0.639092
0.639092
0.639092
0.639092
0.639092
0.639092
0.639092
0.639092
0.639092
0.639092
0.639092
0.639092
0.639092
0.639092
0.645445
0.645445
0.645445
0.645445
0.645445
0.645445
0.645445
0.639092
0.639092
0.639092
0.648437
0.648437
0.648437
0.648437
0.822341
0.822341
0.812996
0.724741
0.812996
0.822341
0.822341
0.812996
0.822341
0.812996
0.812996
0.724741
0.731094
0.731094
0.671610
0.585961
0.645445
0.639092
0.639092
0.822341
0.822341
0.822341
0.812996
0.812996
0.731094
0.731094
0.812996
0.812996
0.779078
0.693429
0.645445
0.585961
0.585961
0.645445
0.639092
0.585961
0.639092
0.639092
0.639092
0.645445
0.639092
0.639092
0.639092
0.639092
0.648437
0.645445
0.639092
0.639092
0.639092
0.639092
0.639092
0.639092
0.639092
0.639092
0.639092
0.645445
0.645445
0.645445
0.645445
0.645445
0.645445
0.645445
0.645445
0.645445
0.645445
0.645445
0.645445
0.645445
0.645445
0.645445
0.645445
0.645445
0.645445
0.645445
0.645445
0.645445
0.585961
0.645445
0.645445
0.645445
0.645445
0.686964
0.645445
0.686964
0.686964
0.746448
0.746448
0.746448
0.746448
0.746448
0.746448
0.746448
0.746448
0.746448
0.768481
0.875948
0.875948
0.768481
0.768481
0.768481
0.768481
0.768481
0.768481
0.768481
0.768481
0.768481
0.768481
0.827965
0.827965
0.768481
0.827965
0.827965
0.827965
0.768481
0.768481
0.827965
0.768481
0.768481
0.827965
0.768481
0.768481
0.768575
0.768575
0.689591
0.582124
0.582124
0.689591
0.689591
0.582124
0.689591
0.689591
0.582124
0.641608
0.582124
0.582124
0.582124
0.582124
0.582124
0.582124
0.582124
0.582124
0.582124
0.582124
0.582124
0.582124
0.582124
0.582124
0.582124
0.689591
0.582124
0.582124
0.582124
0.582124
0.582124
0.582124
0.582124
0.582124
0.582124
0.582124
0.582124
0.582124
0.582124
0.582124
0.582124
0.582124
0.582124
0.582124
0.582124
0.582124
0.582124
0.582124
0.582124
0.582124
0.582124
0.582124
0.689591
0.689591
0.582124
0.582124
0.641608
0.641608
0.582124
0.582124
0.582124
0.582124
0.641608
0.582124
0.582124
0.641608
0.582124
0.641608
0.582124
0.582124
0.689591
0.582124
0.641608
0.582124
0.641608
0.582124
0.582124
0.582124
0.582124
0.582124
0.582124
0.582124
0.582124
0.582124
0.582124
0.641608
0.641608
0.582124
0.582124
0.582124
0.582124
0.582124
0.582124
0.582124
0.582124
0.582124
0.582124
0.689591
0.582124
0.582124
0.582124
0.641608
0.582124
0.689591
0.582124
0.582124
0.689591
0.641608
0.689591
0.641608
0.582124
0.582124
0.641608
0.582124
0.582124
0.582124
0.689591
0.582124
0.582124
0.582124
0.582124
0.582124
0.582124
0.582124
0.582124
0.582124
0.582124
0.582124
0.582124
0.582124
0.689591
0.689591
0.689591
0.582124
0.582124
0.582124
0.582124
0.582124
0.582124
0.582124
0.582124
0.582124
0.582124
0.582124
0.582124
0.582124
0.582124
0.582124
0.582124
0.582124
0.582124
0.582124
0.582124
0.582124
0.582124
0.582124
0.582124
0.582124
0.582124
0.582124
0.582124
0.582124
0.582124
0.582124
0.582124
0.582124
0.582124
0.608314
0.689591
0.582124
0.582124
0.582124
0.582124
0.582124
0.641608
0.641608
0.641608
0.582124
0.582124
0.582124
0.582124
0.582124
0.582124
0.582124
0.582124
0.582124
0.689591
0.582124
0.582124
0.582124
0.689591
0.582124
0.582124
0.582124
0.582124
0.582124
0.689591
0.689591
0.582124
0.582124
0.582124
0.582124
0.582124
0.582124
0.582124
0.582124
0.582124
0.689591
0.689591
0.582124
0.582124
0.582124
0.582124
0.582124
0.689591
0.689591
0.689591
0.582124
0.582124
0.654547
0.741312
0.741312
0.822589
0.715121
0.741312
0.741312
0.741312
0.822589
0.822589
0.822589
0.822589
0.822589
0.822589
0.822589
0.822589
0.822589
0.715121
0.715121
0.715121
0.715121
0.715121
0.715121
0.715121
0.715121
0.582124
0.582124
0.582124
0.689591
0.735824
0.582124
0.582124
0.582124
0.582124
0.582124
0.582124
0.582124
0.689591
0.689591
0.582124
0.582124
0.689591
0.735824
0.582124
0.582124
0.689591
0.582124
0.582124
0.582124
0.641608
0.822589
0.635255
0.822589
0.798540
0.822589
0.644599
0.635255
0.654547
0.741312
0.582124
0.582124
0.715121
0.582124
0.641608
0.641608
0.641608
0.641608
0.641608
0.641608
0.641608
0.582124
0.582124
0.582124
0.582124
0.689591
0.582124
0.582124
0.582124
0.582124
0.582124
0.582124
0.582124
0.582124
0.641608
0.582124
0.582124
0.582124
0.582124
0.582124
0.582124
0.582124
0.582124
0.582124
0.582124
0.582124
0.582124
0.689591
0.582124
0.582124
0.582124
0.582124
0.582124
0.689591
0.582124
0.582124
0.582124
0.582124
0.582124
0.582124
0.582124
0.689591
0.689591
0.689591
0.582124
0.582124
0.582124
0.608314
0.608314
0.689591
0.582124
0.654547
0.689591
0.582124
0.582124
0.582124
0.582124
0.654547
0.735824
0.741312
0.741312
0.741312
0.822589
0.822589
0.822589
0.715121
0.715121
0.715121
0.822589
0.822589
0.822589
0.822589
0.715121
0.822589
0.822589
0.822589
0.846802
0.675200
0.754015
0.754015
0.655047
0.597819
0.679096
0.822589
0.822589
0.741312
0.655047
0.597819
0.679096
0.822589
0.679096
0.778063
0.822589
0.822589
0.655047
0.597819
0.679096
0.679096
0.597819
0.679096
0.822589
0.822589
0.715121
0.597819
0.597819
0.597819
0.679096
0.597819
0.679096
0.679096
0.778063
0.778063
0.754015
0.655047
0.655047
0.597819
0.597819
0.655047
0.597819
0.597819
0.655047
0.699082
0.650821
0.597819
0.597819
0.597819
0.597819
0.597819
0.597819
0.523916
0.828166
0.542018
0.647086
0.647086
0.589857
0.589857
0.589857
0.589857
0.589857
0.647086
0.647086
0.647086
0.589857
0.589857
0.647086
0.647086
0.589857
0.589857
0.589857
0.589857
0.589857
0.589857
0.589857
0.589857
0.589857
0.589857
0.589857
0.647086
0.647086
0.589857
0.589857
0.695348
0.695348
0.647086
0.647086
0.647086
0.647086
0.589857
0.589857
0.589857
0.589857
0.589857
0.647086
0.695348
0.647086
0.647086
0.647086
0.589857
0.589857
0.647086
0.589857
0.589857
0.589857
0.647086
0.647086
0.647086
0.589857
0.589857
0.647086
0.647086
0.647086
0.647086
0.589857
0.589857
0.589857
0.589857
0.589857
0.589857
0.647086
0.589857
0.589857
0.589857
0.589857
0.695348
0.647086
0.647086
0.589857
0.589857
0.589857
0.589857
0.589857
0.647086
0.647086
0.695348
0.647086
0.589857
0.589857
0.589857
0.589857
0.589857
0.589857
0.589857
0.589857
0.671134
0.679096
0.679096
0.679096
0.597819
0.597819
0.597819
0.597819
0.597819
0.597819
0.597819
0.597819
0.597819
0.597819
0.597819
0.597819
0.597819
0.597819
0.597819
0.597819
0.597819
0.597819
0.655047
0.597819
0.597819
0.597819
0.597819
0.597819
0.597819
0.597819
0.597819
0.597819
0.597819
0.597819
0.597819
0.597819
0.597819
0.597819
0.597819
0.597819
0.597819
0.597819
0.597819
0.597819
0.597819
0.597819
0.597819
0.597819
0.597819
0.655047
0.699082
0.650821
0.650821
0.597819
0.597819
0.679096
0.679096
0.597819
0.597819
0.597819
0.597819
0.597819
0.597819
0.597819
0.597819
0.597819
0.597819
0.597819
0.597819
0.597819
0.597819
0.597819
0.655047
0.597819
0.655047
0.699082
0.650821
0.695348
0.695348
0.647086
0.647086
0.647086
0.589857
0.647086
0.647086
0.589857
0.589857
0.589857
0.589857
0.589857
0.523916
0.647086
0.647086
0.589857
0.589857
0.589857
0.589857
0.589857
0.647086
0.647086
0.647086
0.647086
0.647086
0.647086
0.647086
0.589857
0.589857
0.647086
0.647086
0.695348
0.695348
0.647086
0.647086
0.647086
0.647086
0.647086
0.647086
0.647086
0.647086
0.647086
0.647086
0.647086
0.647086
0.647086
0.647086
0.647086
0.589857
0.647086
0.647086
0.647086
0.647086
0.647086
0.647086
0.647086
0.647086
0.647086
0.647086
0.589857
0.647086
0.589857
0.647086
0.647086
0.589857
0.589857
0.589857
0.589857
0.589857
0.589857
0.589857
0.589857
0.589857
0.679096
0.597819
0.597819
0.597819
0.597819
0.597819
0.597819
0.597819
0.597819
0.597819
0.597819
0.597819
0.597819
0.597819
0.597819
0.597819
0.597819
0.597819
0.597819
0.597819
0.597819
0.597819
0.597819
0.597819
0.597819
0.655047
0.655047
0.597819
0.597819
0.597819
0.597819
0.597819
0.597819
0.655047
0.655047
0.655047
0.597819
0.597819
0.597819
0.699082
0.523916
0.647086
0.650821
0.647086
0.597819
0.597819
0.650821
0.650821
0.647086
0.695348
0.647086
0.647086
0.647086
0.647086
0.589857
0.593592
0.597819
0.597819
0.597819
0.679096
0.597819
0.679096
0.597819
0.655047
0.655047
0.597819
0.597819
0.597819
0.597819
0.597819
0.597819
0.597819
0.597819
0.597819
0.597819
0.597819
0.597819
0.597819
0.655047
0.655047
0.597819
0.597819
0.703309
0.597819
0.597819
0.531877
0.655047
0.679096
0.531877
0.699082
0.655047
0.655047
0.597819
0.655047
0.699082
0.695348
0.647086
0.597819
0.597819
0.597819
0.650821
0.695348
0.593592
0.597819
0.650821
0.650821
0.650821
0.650821
0.650821
0.695348
0.695348
0.695348
0.695348
0.695348
0.695348
0.647086
0.647086
0.647086
0.695348
0.647086
0.647086
0.695348
0.713450
0.647086
0.695348
0.647086
0.647086
0.647086
0.647086
0.695348
0.695348
0.695348
0.713450
0.665188
0.665188
0.665188
0.713450
0.766825
0.766825
0.766825
0.766825
0.766825
0.766825
0.766825
0.766825
0.766825
0.766825
0.766825
0.766825
0.766825
0.766825
0.718563
0.718563
0.718563
0.718563
0.766825
0.718563
0.766825
0.766825
0.766825
0.766825
0.766825
0.766825
0.766825
0.766825
0.766825
0.595393
0.466944
0.466944
0.595307
0.638376
0.766825
0.766825
0.766825
0.423875
0.595307
0.423875
0.423875
0.595307
0.595307
0.595307
0.595307
0.423875
0.423875
0.595307
0.595307
0.423875
0.423875
0.423875
0.423875
0.423875
0.423875
0.423875
0.423875
0.423875
0.595307
0.595307
0.595307
0.423875
0.423875
0.423875
0.423875
0.423875
0.423875
0.423875
0.423875
0.595307
0.423875
0.423875
0.423875
0.423875
0.423875
0.423875
0.423875
0.423875
0.469532
0.469532
0.313994
0.313994
0.358350
0.313994
0.313994
0.313994
0.313994
0.313994
0.485426
0.485426
0.485426
0.485426
0.313994
0.313994
0.313994
0.313994
0.313994
0.313994
0.313994
0.313994
0.313994
0.313994
0.313994
0.313994
0.313994
0.313994
0.313994
0.313994
0.313994
0.313994
0.313994
0.469532
0.313994
0.313994
0.313994
0.313994
0.485426
0.485426
0.313994
0.313994
0.313994
0.313994
0.313994
0.313994
0.313994
0.313994
0.313994
0.313994
0.313994
0.313994
0.313994
0.313994
0.313994
0.313994
0.313994
0.313994
0.313994
0.313994
0.313994
0.313994
0.313994
0.313994
0.313994
0.313994
0.313994
0.313994
0.313994
0.313994
0.313994
0.313994
0.313994
0.313994
0.313994
0.313994
0.313994
0.313994
0.313994
0.313994
0.313994
0.313994
0.313994
0.313994
0.313994
0.313994
0.313994
0.313994
0.313994
0.313994
0.313994
0.313994
0.313994
0.313994
0.313994
0.313994
0.313994
0.313994
0.313994
0.313994
0.313994
0.313994
0.313994
0.313994
0.313994
0.313994
0.313994
0.313994
0.313994
0.313994
0.313994
0.313994
0.313994
0.313994
0.313994
0.313994
0.313994
0.313994
0.313994
0.313994
0.313994
0.313994
0.640964
0.469532
0.595307
0.423875
0.423875
0.423875
0.469532
0.313994
0.313994
0.313994
0.469532
0.469532
0.469532
0.469532
0.469532
0.469532
0.469532
0.313994
0.313994
0.313994
0.313994
0.313994
0.313994
0.313994
0.469532
0.469532
0.469532
0.313994
0.313994
0.313994
0.313994
0.313994
0.313994
0.313994
0.313994
0.469532
0.313994
0.313994
0.313994
0.313994
0.313994
0.313994
0.313994
0.313994
0.313994
0.313994
0.313994
0.313994
0.313994
0.313994
0.313994
0.313994
0.313994
0.313994
0.313994
0.313994
0.313994
0.313994
0.313994
0.313994
0.358350
0.313994
0.485426
0.313994
0.313994
0.313994
0.313994
0.358350
0.358350
0.313994
0.313994
0.313994
0.313994
0.313994
0.313994
0.313994
0.313994
0.313994
0.313994
0.313994
0.313994
0.313994
0.313994
0.313994
0.313994
0.313994
0.313994
0.313994
0.313994
0.313994
0.313994
0.313994
0.313994
0.313994
0.313994
0.313994
0.313994
0.313994
0.313994
0.313994
0.313994
0.313994
0.313994
0.313994
0.313994
0.313994
0.313994
0.313994
0.313994
0.313994
0.313994
0.313994
0.313994
0.313994
0.313994
0.313994
0.313994
0.313994
0.313994
0.313994
0.313994
0.313994
0.313994
0.313994
0.313994
0.313994
0.313994
0.313994
0.313994
0.313994
0.313994
0.313994
0.313994
0.313994
0.313994
0.313994
0.313994
0.313994
0.313994
0.313994
0.313994
0.313994
0.485426
0.313994
0.313994
0.313994
0.313994
0.313994
0.313994
0.313994
0.313994
0.358350
0.313994
0.313994
0.313994
0.313994
0.313994
0.313994
0.313994
0.313994
0.313994
0.313994
0.313994
0.313994
0.313994
0.313994
0.313994
0.313994
0.313994
0.313994
0.313994
0.313994
0.313994
0.313994
0.313994
0.313994
0.313994
0.313994
0.313994
0.313994
0.313994
0.313994
0.313994
0.313994
0.358350
0.358350
0.313994
0.313994
0.313994
0.313994
0.313994
0.313994
0.358350
0.358350
0.313994
0.313994
0.313994
0.313994
0.358350
0.313994
0.313994
0.313994
0.313994
0.313994
0.358350
0.358350
0.358350
0.313994
0.313994
0.313994
0.313994
0.313994
0.313994
0.313994
0.313994
0.313994
0.313994
0.313994
0.313994
0.313994
0.313994
0.313994
0.313994
0.313994
0.313994
0.313994
0.313994
0.313994
0.313994
0.313994
0.313994
0.313994
0.313994
0.358350
0.313994
0.313994
0.313994
0.313994
0.313994
0.313994
0.313994
0.313994
0.313994
0.313994
0.313994
0.313994
0.358350
0.358350
0.313994
0.358350
0.358350
0.313994
0.358350
0.358350
0.313994
0.358350
0.313994
0.313994
0.313994
0.358350
0.358350
0.358350
0.358350
0.235913
0.313994
0.358350
0.358350
0.235913
0.313994
0.313994
0.313994
0.313994
0.313994
0.313994
0.313994
0.313994
0.313994
0.235913
0.602508
0.392825
0.360715
0.360715
0.360715
0.360715
0.316359
0.360715
0.360715
0.360715
0.360715
0.360715
0.360715
0.360715
0.316359
0.360715
0.360715
0.360715
0.316359
0.316359
0.316359
0.316359
0.360715
0.360715
0.360715
0.316359
0.360715
0.360715
0.316359
0.316359
0.316359
0.360715
0.316359
0.316359
0.316359
0.360715
0.360715
0.360715
0.360715
0.360715
0.316359
0.316359
0.316359
0.316359
0.316359
0.316359
0.316359
0.316359
0.360715
0.360715
0.360715
0.360715
0.360715
0.360715
0.360715
0.360715
0.360715
0.360715
0.360715
0.360715
0.360715
0.360715
0.360715
0.360715
0.360715
0.360715
0.360715
0.316359
0.360715
0.360715
0.360715
0.316359
0.316359
0.316359
0.360715
0.360715
0.360715
0.360715
0.360715
0.360715
0.360715
0.316359
0.316359
0.360715
0.360715
0.360715
0.360715
0.392825
0.392825
0.360715
0.360715
0.360715
0.360715
0.360715
0.360715
0.360715
0.360715
0.360715
0.360715
0.360715
0.360715
0.360715
0.360715
0.392825
0.360715
0.360715
0.316359
0.316359
0.360715
0.360715
0.316359
0.360715
0.360715
0.360715
0.360715
0.360715
0.360715
0.360715
0.360715
0.360715
0.360715
0.360715
0.360715
0.360715
0.360715
0.360715
0.360715
0.360715
0.360715
0.360715
0.360715
0.360715
0.360715
0.360715
0.360715
0.360715
0.360715
0.360715
0.360715
0.360715
0.360715
0.360715
0.360715
0.360715
0.360715
0.360715
0.360715
0.360715
0.360715
0.360715
0.360715
0.360715
0.360715
0.360715
0.672546
0.640435
0.640435
0.640435
0.640435
0.360715
0.640435
0.466962
0.466962
0.466962
0.466962
0.466962
0.466962
0.466962
0.499072
0.466962
0.466962
0.466962
0.499072
0.466962
0.466962
0.466962
0.466962
0.466962
0.466962
0.499072
0.499072
0.466962
0.466962
0.466962
0.466962
0.466962
0.466962
0.466962
0.466962
0.466962
0.466962
0.466962
0.466962
0.466962
0.466962
0.466962
0.466962
0.466962
0.466962
0.466962
0.466962
0.466962
0.466962
0.466962
0.466962
0.466962
0.499072
0.466962
0.466962
0.499072
0.466962
0.466962
0.466962
0.466962
0.466962
0.466962
0.466962
0.466962
0.466962
0.466962
0.499072
0.466962
0.499072
0.466962
0.466962
0.466962
0.466962
0.466962
0.466962
0.466962
0.466962
0.466962
0.466962
0.466962
0.466962
0.466962
0.466962
0.466962
0.466962
0.466962
0.466962
0.466962
0.499072
0.499072
0.499072
0.499072
0.466962
0.466962
0.466962
0.466962
0.466962
0.466962
0.499072
0.466962
0.466962
0.466962
0.466962
0.466962
0.466962
0.499072
0.466962
0.466962
0.466962
0.466962
0.466962
0.466962
0.466962
0.466962
0.466962
0.466962
0.466962
0.499072
0.499072
0.466962
0.466962
0.499072
0.466962
0.466962
0.466962
0.466962
0.466962
0.466962
0.466962
0.466962
0.499072
0.499072
0.499072
0.466962
0.466962
0.466962
0.466962
0.466962
0.466962
0.466962
0.466962
0.466962
0.466962
0.466962
0.466962
0.466962
0.466962
0.466962
0.466962
0.466962
0.499072
0.499072
0.499072
0.466962
0.466962
0.466962
0.499072
0.499072
0.499072
0.499072
0.499072
0.499072
0.499072
0.499072
0.499072
0.499072
0.499072
0.499072
0.466962
0.466962
0.466962
0.466962
0.466962
0.499072
0.499072
0.466962
0.466962
0.499072
0.499072
0.499072
0.499072
0.499072
0.717419
1.000000
0.790318
0.790318
0.758207
0.749543
0.749543
0.466962
0.466962
0.466962
0.499072
0.499072
0.499072
0.499072
0.499072
0.499072
0.499072
0.790318
0.790318
0.790318
0.790318
0.790318
0.790318
0.790318
0.790318
0.790318
0.790318
0.790318
0.790318
0.790318
0.790318
0.790318
0.790318
0.790318
0.790318
0.790318
0.790318
0.790318
0.790318
0.790318
0.790318
0.790318
0.790318
0.790318
0.790318
0.790318
0.790318
0.790318
0.790318
0.790318
0.790318
0.790318
0.790318
0.790318
0.790318
0.790318
0.790318
0.790318
0.790318
0.790318
0.790318
0.790318
0.790318
0.790318
0.790318
0.790318
0.790318
0.790318
0.790318
0.790318
0.790318
0.790318
0.790318
0.790318
0.790318
0.790318
0.790318
0.790318
0.790318
0.790318
0.790318
0.790318
0.790318
0.790318
0.790318
0.790318
0.790318
0.790318
0.790318
0.790318
0.790318
0.790318
0.790318
0.790318
0.790318
0.790318
0.790318
0.790318
0.790318
0.790318
0.790318
0.790318
0.790318
0.790318
0.790318
0.790318
0.790318
0.790318
0.790318
0.790318
1.000000
0.790318
0.790318
0.790318
0.790318
0.790318
0.790318
0.790318
0.790318
0.790318
0.790318
0.790318
0.790318
0.790318
0.790318
0.790318
0.790318
0.790318
0.790318
0.790318
0.790318
0.790318
0.790318
0.790318
0.790318
0.790318
0.790318
0.790318
0.790318
0.790318
0.790318
0.790318
0.790318
0.790318
0.790318
0.790318
0.790318
0.790318
0.790318
0.790318
0.790318
0.790318
0.790318
0.790318
0.790318
0.790318
0.790318
0.790318
0.790318
0.790318
0.790318
0.790318
0.790318
1.000000
1.000000
1.000000
0.790318
0.790318
0.790318
0.790318
0.790318
0.790318
0.790318
0.790318
0.790318
1.000000
0.790318
0.790318
1.000000
0.790318
0.790318
0.790318
0.790318
0.790318
0.790318
0.790318
0.790318
1.000000
0.790318
0.790318
