0.087932
0.187686
0.366662
0.279803
0.187686
0.174791
0.670329
0.087932
0.187686
0.110170
0.450581
0.436784
0.316547
0.366662
0.279803
0.174791
0.744259
0.486800
0.294929
0.271314
0.255157
0.394683
0.538695
0.294929
0.294929
0.538695
0.294929
0.366662
0.302041
0.271314
0.412361
0.271314
0.249076
0.187686
0.271314
0.187686
0.187686
0.187686
0.471108
0.394683
0.187686
0.375295
0.394683
0.274546
0.366662
0.366662
0.087932
0.087932
0.279803
0.394683
0.174791
0.366662
0.586410
0.255157
0.302041
0.171560
0.271314
0.375295
0.394683
0.087932
0.087932
0.187686
0.255157
0.187686
0.087932
0.255157
0.294929
0.462154
0.482658
0.394683
0.302041
0.271314
0.171560
0.316547
0.187686
0.316547
0.187686
0.394683
0.294929
0.366662
0.521789
0.714893
0.714893
0.110170
0.110170
0.316547
0.187686
0.087932
0.171560
0.171560
0.171560
0.171560
0.271314
0.338785
0.316547
0.187686
0.302041
0.171560
0.450581
0.363431
0.271314
0.271314
0.271314
0.187686
0.521789
0.521789
0.363431
0.171560
0.171560
0.171560
0.171560
0.171560
0.338785
0.338785
0.511500
0.450581
0.171560
0.338785
0.394683
0.758443
0.586410
0.498233
0.647076
0.400946
0.575909
0.482658
0.925269
0.569158
0.496657
0.708593
0.605683
0.505420
0.517619
0.414256
0.407697
0.664972
0.391095
0.843320
0.414774
0.726490
0.505420
0.558321
0.490850
0.407697
0.726490
0.708593
0.482245
0.684781
0.684781
0.482245
0.414774
0.414774
0.482245
0.414774
0.414774
0.414774
0.460216
0.505420
0.558321
0.647076
0.708593
0.647076
0.708593
0.835288
0.948010
0.807960
0.843557
0.663083
0.724600
0.567269
0.663083
0.482658
0.482658
0.645942
0.724600
0.672704
0.655564
0.594046
0.187686
0.087932
0.187686
0.087932
0.187686
0.279803
0.187686
0.375295
0.294929
0.446579
0.550129
0.391543
0.391543
0.767084
0.382903
0.346825
0.382903
0.508438
0.599568
0.575909
0.575909
0.575909
0.672704
0.382903
0.550129
0.663083
0.663083
0.664972
0.407697
0.500700
0.568171
0.569158
0.664972
0.500700
0.400946
0.407697
0.671723
0.482658
0.575909
0.575909
0.508438
0.508438
0.568171
0.407697
0.400946
0.500700
0.408004
0.391095
0.500700
0.400946
0.500700
0.508438
0.507759
0.654134
0.567084
0.599875
0.508438
0.408004
0.500700
0.588773
0.490850
0.490850
0.588773
0.599875
0.490850
0.490850
0.505420
0.558321
0.391095
0.505420
0.496657
0.490850
0.396903
0.505420
0.396903
0.490850
0.505420
0.567084
0.505420
0.662898
0.396903
0.396903
0.396903
0.396903
0.505420
0.505420
0.396903
0.496657
0.572892
0.396903
0.396903
0.408004
0.490850
0.507759
0.408004
0.391095
0.490850
0.490850
0.490850
0.490850
0.391095
0.490850
0.490850
0.391095
0.490850
0.490850
0.490850
0.490850
0.490850
0.490850
0.558321
0.507759
0.507759
0.500700
0.500700
0.400946
0.500700
0.408004
0.500700
0.408004
0.490850
0.599875
0.408004
0.400946
0.408004
0.654134
0.391095
0.408004
0.490850
0.391095
0.588773
0.396903
0.490850
0.391095
0.490850
0.558321
0.490850
0.567084
0.572892
0.505420
0.572892
0.505420
0.572892
0.505420
0.505420
0.572892
0.572892
0.505420
0.572892
0.505420
0.505420
0.505420
0.505420
0.496657
0.558321
0.496657
0.490850
0.496657
0.490850
0.490850
0.490850
0.490850
0.490850
0.490850
0.558321
0.490850
0.490850
0.490850
0.507759
0.507759
0.490850
0.551262
0.568171
0.500700
0.568171
0.500700
0.408004
0.500700
0.500700
0.400946
0.500700
0.500700
0.500700
0.500700
0.500700
0.500700
0.400946
0.500700
0.400946
0.400946
0.400946
0.400946
0.500700
0.500700
0.407697
0.507451
0.407697
0.568171
0.400946
0.500700
0.400946
0.400946
0.400946
0.400946
0.500700
0.500700
0.500700
0.568171
0.569158
0.500700
0.500700
0.507451
0.507451
0.507451
0.569158
0.575909
0.482658
0.663083
0.575909
0.508438
0.508438
0.407697
0.400946
0.407697
0.500700
0.500700
0.407697
0.407697
0.508438
0.407697
0.407697
0.507451
0.500700
0.500700
0.500700
0.569158
0.500700
0.507451
0.508438
0.508438
0.408684
0.408684
0.408684
0.391543
0.491298
0.508438
0.508438
0.508438
0.391543
0.391543
0.391543
0.382903
0.482658
0.491298
0.508438
0.491298
0.391543
0.391543
0.482658
0.482658
0.482658
0.726490
0.508438
0.408684
0.583414
0.391543
0.583414
0.382903
0.482658
0.482658
0.482658
0.491298
0.491298
0.408684
0.575909
0.508438
0.408684
0.408684
0.391543
0.391543
0.391543
0.391543
0.408684
0.408684
0.408684
0.391543
0.508438
0.508438
0.408684
0.408684
0.408684
0.508438
0.508438
0.508438
0.391543
0.391543
0.508438
0.391543
0.391543
0.391543
0.391543
0.391543
0.382903
0.391543
0.491298
0.491298
0.482658
0.574774
0.574774
0.382903
0.574774
0.583414
0.767084
0.574774
0.538695
0.382903
0.538695
0.758443
0.758443
0.538695
0.538695
0.394683
0.538695
0.382903
0.550129
0.482658
0.482658
0.391543
0.491298
0.391543
0.391543
0.491298
0.574774
0.346825
0.574774
0.491298
0.767084
0.382903
0.538695
0.394683
0.346825
0.346825
0.294929
0.294929
0.294929
0.294929
0.294929
0.294929
0.294929
0.294929
0.294929
0.174791
0.174791
0.174791
0.174791
0.174791
0.174791
0.174791
0.294929
0.294929
0.174791
0.174791
0.174791
0.294929
0.294929
0.174791
0.174791
0.174791
0.187686
0.087932
0.174791
0.174791
0.174791
0.087932
0.174791
0.087932
0.087932
0.187686
0.087932
0.087932
0.187686
0.087932
0.087932
0.087932
0.187686
0.087932
0.087932
0.087932
0.087932
0.302041
0.110170
0.087932
0.087932
0.087932
0.087932
0.087932
0.087932
0.087932
0.087932
0.087932
0.087932
0.087932
0.087932
0.087932
0.087932
0.087932
0.087932
0.087932
0.087932
0.087932
0.087932
0.087932
0.375295
0.294929
0.394683
0.294929
0.294929
0.394683
0.346825
0.538695
0.346825
0.294929
0.174791
0.394683
0.174791
0.366662
0.174791
0.174791
0.174791
0.174791
0.174791
0.087932
0.174791
0.174791
0.174791
0.174791
0.174791
0.174791
0.174791
0.087932
0.087932
0.087932
0.087932
0.087932
0.087932
0.087932
0.087932
0.110170
0.087932
0.087932
0.087932
0.087932
0.087932
0.171560
0.110170
0.271314
0.171560
0.171560
0.171560
0.171560
0.171560
0.171560
0.171560
0.171560
0.171560
0.171560
0.171560
0.171560
0.171560
0.171560
0.171560
0.171560
0.171560
0.171560
0.171560
0.171560
0.171560
0.171560
0.171560
0.171560
0.171560
0.171560
0.171560
0.171560
0.171560
0.171560
0.110170
0.087932
0.087932
0.279803
0.521789
0.521789
0.521789
0.302041
0.271314
0.249076
0.110170
0.110170
0.521789
0.586410
0.692363
0.366662
0.586410
0.692363
0.279803
0.174791
0.366662
0.366662
0.394683
0.294929
0.394683
0.294929
0.394683
0.394683
0.394683
0.174791
0.307824
0.394683
0.174791
0.174791
0.294929
0.294929
0.294929
0.346825
0.586410
0.366662
0.174791
0.174791
0.302041
0.187686
0.187686
0.087932
0.087932
0.087932
0.087932
0.087932
0.087932
0.087932
0.087932
0.087932
0.087932
0.279803
0.302041
0.302041
0.087932
0.110170
0.302041
0.171560
0.271314
0.171560
0.171560
0.171560
0.171560
0.171560
0.171560
0.171560
0.171560
0.171560
0.171560
0.171560
0.171560
0.171560
0.171560
0.171560
0.171560
0.171560
0.171560
0.171560
0.171560
0.171560
0.171560
0.171560
0.171560
0.171560
0.171560
0.171560
0.171560
0.171560
0.171560
0.171560
0.171560
0.171560
0.110170
0.110170
0.110170
0.110170
0.171560
0.171560
0.110170
0.110170
0.171560
0.171560
0.171560
0.171560
0.110170
0.110170
0.110170
0.171560
0.110170
0.110170
0.110170
0.110170
0.110170
0.110170
0.171560
0.171560
0.110170
0.110170
0.110170
0.110170
0.110170
0.110170
0.110170
0.110170
0.110170
0.110170
0.110170
0.110170
0.110170
0.110170
0.110170
0.110170
0.087932
0.087932
0.110170
0.087932
0.087932
0.087932
0.110170
0.110170
0.302041
0.110170
0.171560
0.110170
0.110170
0.110170
0.110170
0.110170
0.110170
0.110170
0.110170
0.110170
0.110170
0.110170
0.110170
0.110170
0.110170
0.110170
0.110170
0.110170
0.110170
0.110170
0.087932
0.087932
0.087932
0.110170
0.110170
0.110170
0.110170
0.087932
0.087932
0.087932
0.087932
0.087932
0.087932
0.087932
0.087932
0.087932
0.087932
0.087932
0.087932
0.087932
0.087932
0.087932
0.087932
0.087932
0.087932
0.174791
0.174791
0.087932
0.087932
0.087932
0.087932
0.087932
0.087932
0.087932
0.087932
0.087932
0.087932
0.087932
0.087932
0.174791
0.174791
0.087932
0.087932
0.174791
0.174791
0.087932
0.174791
0.174791
0.174791
0.174791
0.174791
0.174791
0.174791
0.174791
0.174791
0.174791
0.087932
0.294929
0.294929
0.294929
0.174791
0.174791
0.174791
0.294929
0.294929
0.294929
0.294929
0.294929
0.294929
0.294929
0.294929
0.294929
0.174791
0.294929
0.394683
0.294929
0.174791
0.174791
0.187686
0.394683
0.394683
0.294929
0.294929
0.174791
0.394683
0.486800
0.538695
0.294929
0.294929
0.174791
0.294929
0.174791
0.394683
0.294929
0.346825
0.394683
0.346825
0.294929
0.394683
0.174791
0.087932
0.087932
0.187686
0.394683
0.294929
0.294929
0.294929
0.294929
0.174791
0.174791
0.087932
0.174791
0.187686
0.174791
0.394683
0.366662
0.087932
0.087932
0.294929
0.294929
0.174791
0.174791
0.174791
0.174791
0.174791
0.174791
0.174791
0.174791
0.394683
0.294929
0.087932
0.394683
0.087932
0.087932
0.187686
0.174791
0.294929
0.294929
0.174791
0.174791
0.174791
0.174791
0.294929
0.174791
0.174791
0.294929
0.394683
0.174791
0.174791
0.174791
0.394683
0.294929
0.294929
0.087932
0.174791
0.087932
0.087932
0.174791
0.174791
0.087932
0.174791
0.394683
0.294929
0.087932
0.174791
0.087932
0.087932
0.087932
0.087932
0.087932
0.087932
0.087932
0.087932
0.087932
0.087932
0.087932
0.087932
0.174791
0.087932
0.087932
0.087932
0.087932
0.087932
0.087932
0.187686
0.087932
0.087932
0.087932
0.087932
0.087932
0.087932
0.087932
0.087932
0.279803
0.087932
0.087932
0.087932
0.087932
0.087932
0.110170
0.087932
0.110170
0.110170
0.110170
0.110170
0.110170
0.110170
0.110170
0.110170
0.171560
0.171560
0.271314
0.110170
0.249076
0.271314
0.271314
0.271314
0.171560
0.110170
0.171560
0.363431
0.363431
0.171560
0.171560
0.171560
0.171560
0.171560
0.171560
0.171560
0.171560
0.171560
0.171560
0.171560
0.171560
0.171560
0.271314
0.171560
0.171560
0.087932
0.110170
0.171560
0.171560
0.171560
0.171560
0.171560
0.171560
0.171560
0.171560
0.171560
0.110170
0.363431
0.171560
0.110170
0.087932
0.087932
0.171560
0.171560
0.271314
0.171560
0.171560
0.271314
0.171560
0.171560
0.171560
0.171560
0.171560
0.171560
0.171560
0.171560
0.171560
0.171560
0.171560
0.171560
0.171560
0.171560
0.171560
0.171560
0.171560
0.171560
0.171560
0.171560
0.171560
0.171560
0.171560
0.171560
0.363431
0.171560
0.171560
0.110170
0.171560
0.171560
0.171560
0.171560
0.258710
0.171560
0.171560
0.171560
0.171560
0.171560
0.171560
0.171560
0.171560
0.171560
0.171560
0.171560
0.171560
0.171560
0.171560
0.171560
0.171560
0.171560
0.171560
0.171560
0.171560
0.171560
0.171560
0.171560
0.171560
0.171560
0.171560
0.171560
0.110170
0.302041
0.171560
0.171560
0.171560
0.171560
0.171560
0.171560
0.087932
0.110170
0.171560
0.171560
0.171560
0.271314
0.110170
0.171560
0.171560
0.271314
0.171560
0.171560
0.110170
0.110170
0.209925
0.087932
0.110170
0.171560
0.171560
0.110170
0.110170
0.171560
0.171560
0.087932
0.110170
0.087932
0.087932
0.087932
0.087932
0.087932
0.087932
0.087932
0.110170
0.171560
0.271314
0.087932
0.087932
0.110170
0.187686
0.187686
0.087932
0.087932
0.171560
0.302041
0.110170
0.110170
0.110170
0.110170
0.171560
0.171560
0.110170
0.171560
0.171560
0.271314
0.271314
0.171560
0.171560
0.087932
0.087932
0.087932
0.171560
0.171560
0.110170
0.110170
0.087932
0.087932
0.363431
0.110170
0.110170
0.363431
0.271314
0.110170
0.110170
0.110170
0.110170
0.110170
0.110170
0.110170
0.087932
0.087932
0.087932
0.087932
0.087932
0.087932
0.087932
0.174791
0.087932
0.087932
0.187686
0.087932
0.087932
0.087932
0.087932
0.087932
0.087932
0.087932
0.087932
0.087932
0.087932
0.187686
0.187686
0.187686
0.087932
0.087932
0.087932
0.087932
0.087932
0.087932
0.087932
0.087932
0.087932
0.087932
0.087932
0.087932
0.087932
0.087932
0.087932
0.087932
0.087932
0.087932
0.087932
0.087932
0.087932
0.087932
0.087932
0.087932
0.087932
0.087932
0.087932
0.087932
0.087932
0.087932
0.087932
0.087932
0.087932
0.087932
0.087932
0.087932
0.087932
0.087932
0.087932
0.087932
0.087932
0.087932
0.087932
0.087932
0.087932
0.087932
0.110170
0.110170
0.110170
0.110170
0.209925
0.087932
0.087932
0.110170
0.110170
0.110170
0.110170
0.110170
0.087932
0.087932
0.087932
0.087932
0.110170
0.087932
0.087932
0.087932
0.110170
0.110170
0.110170
0.110170
0.087932
0.087932
0.087932
0.087932
0.087932
0.087932
0.087932
0.087932
0.087932
0.087932
0.087932
0.087932
0.087932
0.087932
0.087932
0.087932
0.087932
0.087932
0.087932
0.087932
0.087932
0.174791
0.174791
0.174791
0.174791
0.174791
0.174791
0.087932
0.274546
0.174791
0.174791
0.174791
0.274546
0.174791
0.174791
0.294929
0.294929
0.294929
0.294929
0.394683
0.394683
0.294929
0.538695
0.538695
0.538695
0.538695
0.538695
0.538695
0.538695
0.394683
0.346825
0.498233
0.382903
0.482658
0.482658
0.482658
0.382903
0.482658
0.382903
0.382903
0.382903
0.346825
0.538695
0.638306
0.538695
0.294929
0.294929
0.366662
0.586410
0.294929
0.346825
0.294929
0.394683
0.366662
0.366662
0.087932
0.087932
0.279803
0.087932
0.087932
0.087932
0.087932
0.087932
0.110170
0.187686
0.187686
0.087932
0.274546
0.366662
0.087932
0.087932
0.110170
0.087932
0.187686
0.110170
0.171560
0.171560
0.171560
0.087932
0.087932
0.271314
0.271314
0.363431
0.271314
0.110170
0.249076
0.271314
0.087932
0.271314
0.171560
0.271314
0.187686
0.171560
0.171560
0.271314
0.171560
0.171560
0.171560
0.271314
0.171560
0.171560
0.171560
0.171560
0.171560
0.171560
0.171560
0.271314
0.258710
0.171560
0.171560
0.171560
0.171560
0.110170
0.521789
0.363431
0.521789
0.521789
0.363431
0.363431
0.302041
0.608649
0.279803
0.586410
0.583414
0.583414
0.391543
0.408684
0.391543
0.382903
0.408684
0.408684
0.408684
0.408684
0.508438
0.508438
0.408684
0.508438
0.408684
0.408684
0.408684
0.407697
0.408684
0.508438
0.408684
0.508438
0.508438
0.391543
0.382903
0.382903
0.382903
0.391543
0.491298
0.508438
0.758443
0.482658
0.638306
0.366662
0.366662
0.366662
0.174791
0.087932
0.187686
0.302041
0.279803
0.087932
0.087932
0.087932
0.087932
0.087932
0.087932
0.087932
0.187686
0.187686
0.174791
0.174791
0.174791
0.174791
0.174791
0.394683
0.087932
0.521789
0.302041
0.087932
0.366662
0.394683
0.366662
0.294929
0.294929
0.758443
0.538695
0.346825
0.346825
0.346825
0.538695
0.758443
0.294929
0.394683
0.294929
0.294929
0.294929
0.394683
0.394683
0.294929
0.394683
0.346825
0.294929
0.864397
0.538695
0.294929
0.394683
0.346825
0.346825
0.346825
0.294929
0.366662
0.174791
0.174791
0.174791
0.087932
0.174791
0.302041
0.302041
0.110170
0.302041
0.087932
0.302041
0.714602
0.586410
0.608649
0.279803
0.087932
0.279803
0.279803
0.279803
0.087932
0.087932
0.302041
0.302041
0.302041
0.087932
0.187686
0.187686
0.087932
0.521789
0.521789
0.302041
0.521789
0.302041
0.302041
0.302041
0.087932
0.279803
0.302041
0.302041
0.087932
0.087932
0.302041
0.627742
0.627742
0.521789
0.302041
0.302041
0.279803
0.714602
0.366662
0.087932
0.279803
0.521789
0.302041
0.171560
0.363431
0.670329
0.363431
0.171560
0.171560
0.171560
0.171560
0.171560
0.450581
0.271314
0.302041
0.171560
0.271314
0.171560
0.363431
0.363431
0.363431
0.171560
0.271314
0.450581
0.670329
0.335611
0.435366
0.435366
0.335611
0.258710
0.171560
0.171560
0.258710
0.435366
0.435366
0.271314
0.271314
0.258710
0.271314
0.258710
0.271314
0.302041
0.302041
0.521789
0.087932
0.110170
0.087932
0.087932
0.087932
0.087932
0.255157
0.087932
0.714893
0.776282
0.670329
0.335611
0.218744
0.218744
0.410615
0.476668
0.476668
0.369313
0.502837
0.435366
0.271314
0.171560
0.302041
0.670329
0.450581
0.363431
0.171560
0.363431
0.171560
0.171560
0.670329
0.363431
0.302041
0.768948
0.171560
0.786779
0.768948
0.738388
0.714602
0.608649
0.521789
0.087932
0.279803
0.087932
0.187686
0.394683
0.174791
0.586410
0.498233
0.498233
0.394683
0.471108
0.394683
0.346825
0.864397
0.346825
0.294929
0.087932
0.294929
0.294929
0.462154
0.498233
0.394683
0.714893
0.087932
0.608649
0.366662
0.307824
0.294929
0.394683
0.394683
0.294929
0.366662
0.187686
0.187686
0.394683
0.608649
0.876061
0.768948
0.302041
0.087932
0.087932
0.087932
0.627742
0.087932
0.187686
0.087932
0.521789
0.521789
0.087932
0.087932
0.366662
0.714602
0.087932
0.187686
0.187686
0.187686
0.187686
0.521789
0.171560
0.670329
0.521789
0.187686
0.255157
0.187686
0.174791
0.087932
0.087932
0.776203
0.776203
0.521789
0.799777
0.799777
0.802369
0.410615
0.476668
0.345994
0.592753
0.373005
0.181134
0.218744
0.373005
0.410615
0.592753
0.335611
0.856424
0.258710
0.171560
0.450581
0.450581
0.363431
0.302041
0.171560
0.450581
0.258710
0.435366
0.335611
0.335611
0.435366
0.335611
0.527482
0.826070
0.802369
0.764759
0.410615
0.373005
0.373005
0.373005
0.373005
0.218744
0.218744
0.318499
0.218744
0.218744
0.436784
0.318499
0.632448
0.333029
0.552777
0.266772
0.141158
0.486520
0.333029
0.141158
0.486520
0.592753
0.686503
0.592753
0.632448
0.686503
0.425584
0.425584
0.425584
0.191871
0.191871
0.000000
0.000000
0.191871
0.166012
0.345994
0.141158
0.278523
0.181134
0.632448
0.632448
0.592753
0.373005
0.764759
0.759812
0.181134
0.527482
0.779523
0.749168
0.670329
0.696416
0.141158
0.279055
0.531538
0.606439
0.720723
0.772811
0.686503
0.686503
0.793315
0.486520
0.284797
0.793315
0.802369
0.772811
0.686503
0.486520
0.240913
0.486520
0.333029
0.706758
0.706758
0.592753
0.218744
0.725468
0.335611
0.385970
0.476668
0.318499
0.554140
0.436784
0.592753
0.764759
0.592753
0.802369
0.779523
0.802369
0.696416
0.670329
0.725468
0.802369
0.725468
0.696416
0.592753
0.335611
0.527482
0.450581
0.363431
0.670329
0.527482
0.450581
0.271314
0.527482
0.435366
0.435366
0.435366
0.435366
0.435366
0.658806
0.725389
0.302041
0.608939
0.171560
0.258710
0.258710
0.258710
0.171560
0.450581
0.670329
0.527482
0.450581
0.776282
0.779523
0.749168
0.826070
0.759812
0.632448
0.373005
0.373005
0.240913
0.333029
0.266772
0.333029
0.696416
0.779523
0.527482
0.476668
0.218744
0.218744
0.435366
0.435366
0.335611
0.218744
0.335611
0.450581
0.527482
0.435366
0.818814
0.693759
0.686503
0.191871
0.191871
0.000000
0.000000
0.074901
0.074901
0.191871
0.411619
0.191871
0.000000
0.000000
0.486520
0.486520
0.486520
0.486520
0.191871
0.000000
0.240913
0.141158
0.333029
0.266772
0.240913
0.141158
0.191871
0.000000
0.099755
0.266772
0.191871
0.000000
0.166012
0.099755
0.166012
0.191871
0.486520
0.266772
0.074901
0.191871
0.425584
0.425584
0.099755
0.191871
0.191871
0.000000
0.425584
0.486520
0.486520
0.486520
0.592473
0.486520
0.333029
0.333029
0.141158
0.632448
0.698706
0.693759
0.693759
0.333029
0.333029
0.333029
0.181134
0.592753
0.410615
0.373005
0.218744
0.373005
0.410615
0.218744
0.318499
0.369313
0.335611
0.218744
0.476668
0.335611
0.335611
0.335611
0.284797
0.335611
0.171560
0.348216
0.258710
0.450581
0.527482
0.335611
0.335611
0.369313
0.435366
0.435366
0.348216
0.670329
0.258710
0.527482
0.527482
0.335611
0.335611
0.435366
0.335611
0.476668
0.335611
0.335611
0.335611
0.435366
0.435366
0.335611
0.335611
0.335611
0.335611
0.284797
0.218744
0.284797
0.335611
0.435366
0.335611
0.335611
0.284797
0.335611
0.335611
0.284797
0.284797
0.218744
0.318499
0.218744
0.218744
0.284797
0.284797
0.410615
0.218744
0.218744
0.318499
0.218744
0.284797
0.335611
0.335611
0.284797
0.476668
0.284797
0.218744
0.218744
0.218744
0.218744
0.218744
0.218744
0.218744
0.218744
0.218744
0.318499
0.318499
0.218744
0.318499
0.218744
0.318499
0.318499
0.218744
0.284797
0.284797
0.284797
0.218744
0.318499
0.369313
0.318499
0.318499
0.218744
0.592753
0.373005
0.181134
0.373005
0.318499
0.218744
0.218744
0.218744
0.218744
0.218744
0.218744
0.410615
0.181134
0.526495
0.686503
0.333029
0.333029
0.141158
0.486520
0.486520
0.486520
0.266772
0.266772
0.266772
0.074901
0.000000
0.191871
0.191871
0.000000
0.000000
0.266772
0.266772
0.266772
0.074901
0.191871
0.000000
0.141158
0.333029
0.266772
0.266772
0.141158
0.141158
0.373005
0.373005
0.373005
0.218744
0.373005
0.373005
0.181134
0.181134
0.181134
0.373005
0.373005
0.526495
0.592753
0.486520
0.266772
0.266772
0.000000
0.266772
0.000000
0.191871
0.141158
0.333029
0.333029
0.141158
0.141158
0.141158
0.333029
0.333029
0.592753
0.592753
0.141158
0.141158
0.141158
0.141158
0.141158
0.141158
0.141158
0.141158
0.141158
0.141158
0.141158
0.141158
0.141158
0.141158
0.141158
0.141158
0.333029
0.333029
0.333029
0.141158
0.141158
0.141158
0.141158
0.141158
0.240913
0.141158
0.141158
0.141158
0.141158
0.141158
0.141158
0.333029
0.333029
0.141158
0.141158
0.141158
0.074901
0.141158
0.141158
0.141158
0.141158
0.141158
0.000000
0.000000
0.166012
0.166012
0.240913
0.141158
0.141158
0.066257
0.240913
0.141158
0.141158
0.266772
0.266772
0.074901
0.141158
0.141158
0.141158
0.141158
0.141158
0.141158
0.141158
0.074901
0.166012
0.166012
0.141158
0.141158
0.266772
0.074901
0.000000
0.000000
0.000000
0.000000
0.000000
0.000000
0.191871
0.000000
0.000000
0.191871
0.000000
0.000000
0.000000
0.000000
0.191871
0.000000
0.000000
0.000000
0.191871
0.000000
0.191871
0.191871
0.191871
0.000000
0.000000
0.000000
0.000000
0.191871
0.191871
0.191871
0.000000
0.000000
0.000000
0.000000
0.000000
0.000000
0.191871
0.191871
0.000000
0.191871
0.000000
0.000000
0.000000
0.205836
0.191871
0.000000
0.000000
0.191871
0.000000
0.191871
0.000000
0.000000
0.191871
0.191871
0.205836
0.205836
0.205836
0.205836
0.205836
0.205836
0.205836
0.205836
0.191871
0.425584
0.205836
0.221852
0.221852
0.221852
0.029981
0.029981
0.221852
0.221852
0.029981
0.029981
0.029981
0.029981
0.221852
0.221852
0.029981
0.029981
0.029981
0.029981
0.029981
0.221852
0.221852
0.029981
0.221852
0.221852
0.221852
0.221852
0.285363
0.029981
0.029981
0.285363
0.093492
0.093492
0.093492
0.285363
0.285363
0.285363
0.285363
0.285363
0.285363
0.285363
0.093492
0.285363
0.093492
0.093492
0.093492
0.161119
0.352990
0.352990
0.352990
0.352990
0.352990
0.352990
0.352990
0.161119
0.352990
0.352990
0.161119
0.161119
0.161119
0.161119
0.161119
0.161119
0.161119
0.161119
0.161119
0.352990
0.161119
0.352990
0.352990
0.352990
0.352990
0.161119
0.352990
0.352990
0.352990
0.161119
0.161119
0.161119
0.352990
0.352990
0.352990
0.161119
0.352990
0.161119
0.352990
0.352990
0.352990
0.161119
0.352990
0.352990
0.352990
0.352990
0.352990
0.161119
0.352990
0.352990
0.352990
0.161119
0.352990
0.352990
0.352990
0.448902
0.161119
0.448902
0.448902
0.257031
0.448902
0.448902
0.257031
0.257031
0.257031
0.448902
0.528763
0.528763
0.528763
0.528763
0.336892
0.528763
0.528763
0.528763
0.528763
0.528763
0.528763
0.528763
0.528763
0.528763
0.528763
0.528763
0.528763
0.528763
0.528763
0.528763
0.528763
0.528763
0.528763
0.336892
0.528763
0.528763
0.528763
0.336892
0.528763
0.528763
0.336892
0.528763
0.528763
0.528763
0.528763
0.528763
0.528763
0.528763
0.528763
0.528763
0.528763
0.528763
0.528763
0.528763
0.528763
0.528763
0.528763
0.528763
0.528763
0.528763
0.528763
0.528763
0.525614
0.528763
0.528763
0.528763
0.528763
0.528763
0.528763
0.525614
0.525614
0.525614
0.525614
0.525614
0.525614
0.525614
0.525614
0.525614
0.525614
0.557186
0.365315
0.557186
0.557186
0.557186
0.557186
0.557186
0.557186
0.557186
0.525614
0.525614
0.333743
0.333743
0.528763
0.525614
0.333743
0.525614
0.525614
0.525614
0.525614
0.525614
0.525614
0.557186
0.557186
0.557186
0.557186
0.525614
0.525614
0.525614
0.525614
0.525614
0.525614
0.525614
0.525614
0.525614
0.557186
0.557186
0.557186
0.557186
0.557186
0.525614
0.557186
0.557186
0.557186
0.557186
0.557186
0.365315
0.557186
0.557186
0.557186
0.557186
0.557186
0.557186
0.557186
0.557186
0.557186
0.557186
0.557186
0.557186
0.557186
0.557186
0.557186
0.557186
0.557186
0.557186
0.557186
0.557186
0.365315
0.365315
0.365315
0.557186
0.557186
0.365315
0.365315
0.557186
0.557186
0.557186
0.557186
0.557186
0.333743
0.525614
0.525614
0.525614
0.525614
0.557186
0.557186
0.525614
0.525614
0.525614
0.333743
0.336892
0.528763
0.528763
0.528763
0.528763
0.528763
0.528763
0.528763
0.528763
0.528763
0.528763
0.528763
0.528763
0.528763
0.528763
0.528763
0.528763
0.528763
0.528763
0.336892
0.336892
0.336892
0.528763
0.528763
0.336892
0.528763
0.336892
0.336892
0.336892
0.336892
0.336892
0.528763
0.528763
0.528763
0.528763
0.528763
0.528763
0.528763
0.336892
0.528763
0.528763
0.528763
0.528763
0.528763
0.528763
0.528763
0.528763
0.336892
0.336892
0.336892
0.528763
0.528763
0.528763
0.448902
0.448902
0.448902
0.448902
0.448902
0.448902
0.448902
0.161119
0.352990
0.352990
0.161119
0.161119
0.352990
0.352990
0.352990
0.352990
0.161119
0.161119
0.161119
0.161119
0.161119
0.161119
0.161119
0.352990
0.161119
0.161119
0.161119
0.161119
0.352990
0.161119
0.352990
0.352990
0.161119
0.352990
0.161119
0.161119
0.161119
0.161119
0.161119
0.161119
0.352990
0.352990
0.093492
0.093492
0.093492
0.285363
0.352990
0.285363
0.093492
0.093492
0.093492
0.285363
0.285363
0.285363
0.285363
0.221852
0.221852
0.221852
0.029981
0.029981
0.029981
0.221852
0.029981
0.029981
0.221852
0.029981
0.029981
0.221852
0.029981
0.029981
0.221852
0.029981
0.221852
0.221852
0.221852
0.221852
0.221852
0.029981
0.221852
0.221852
0.029981
0.029981
0.029981
0.029981
0.029981
0.221852
0.029981
0.029981
0.029981
0.029981
0.221852
0.221852
0.221852
0.029981
0.221852
0.221852
0.221852
0.221852
0.221852
0.029981
0.029981
0.221852
0.221852
0.221852
0.221852
0.221852
0.221852
0.221852
0.221852
0.221852
0.029981
0.029981
0.029981
0.029981
0.029981
0.221852
0.029981
0.029981
0.029981
0.029981
0.029981
0.221852
0.221852
0.221852
0.029981
0.029981
0.029981
0.029981
0.221852
0.013966
0.029981
0.013966
0.205836
0.013966
0.013966
0.013966
0.000000
0.205836
0.000000
0.205836
0.000000
0.000000
0.013966
0.013966
0.013966
0.013966
0.013966
0.000000
0.000000
0.000000
0.000000
0.000000
0.000000
0.000000
0.000000
0.000000
0.000000
0.000000
0.000000
0.191871
0.000000
0.000000
0.191871
0.191871
0.000000
0.000000
0.000000
0.000000
0.000000
0.000000
0.191871
0.000000
0.000000
0.000000
0.000000
0.000000
0.000000
0.000000
0.000000
0.000000
0.000000
0.000000
0.000000
0.000000
0.191871
0.191871
0.191871
0.191871
0.191871
0.191871
0.000000
0.000000
0.000000
0.000000
0.000000
0.000000
0.000000
0.000000
0.000000
0.000000
0.000000
0.000000
0.000000
0.000000
0.191871
0.000000
0.000000
0.000000
0.000000
0.000000
0.000000
0.000000
0.000000
0.000000
0.000000
0.000000
0.000000
0.000000
0.000000
0.000000
0.000000
0.000000
0.191871
0.191871
0.000000
0.000000
0.000000
0.000000
0.000000
0.000000
0.000000
0.266772
0.266772
0.266772
0.074901
0.074901
0.266772
0.074901
0.074901
0.074901
0.000000
0.074901
0.074901
0.074901
0.000000
0.000000
0.000000
0.000000
0.000000
0.000000
0.000000
0.000000
0.000000
0.000000
0.000000
0.000000
0.000000
0.000000
0.000000
0.191871
0.000000
0.000000
0.191871
0.191871
0.191871
0.191871
0.000000
0.000000
0.000000
0.000000
0.000000
0.000000
0.000000
0.191871
0.000000
0.000000
0.000000
0.000000
0.000000
0.000000
0.000000
0.000000
0.000000
0.191871
0.000000
0.266772
0.074901
0.000000
0.191871
0.191871
0.000000
0.000000
0.191871
0.000000
0.000000
0.000000
0.000000
0.000000
0.000000
0.000000
0.000000
0.000000
0.000000
0.000000
0.000000
0.000000
0.191871
0.191871
0.000000
0.000000
0.000000
0.000000
0.000000
0.000000
0.000000
0.000000
0.000000
0.000000
0.000000
0.191871
0.000000
0.191871
0.191871
0.000000
0.191871
0.000000
0.000000
0.000000
0.141158
0.074901
0.074901
0.074901
0.074901
0.266772
0.191871
0.000000
0.266772
0.074901
0.074901
0.074901
0.000000
0.000000
0.000000
0.000000
0.000000
0.000000
0.000000
0.000000
0.000000
0.000000
0.000000
0.000000
0.000000
0.000000
0.000000
0.000000
0.000000
0.000000
0.000000
0.000000
0.000000
0.000000
0.000000
0.000000
0.000000
0.000000
0.000000
0.000000
0.000000
0.000000
0.000000
0.000000
0.000000
0.000000
0.000000
0.000000
0.000000
0.000000
0.000000
0.000000
0.000000
0.000000
0.000000
0.000000
0.000000
0.000000
0.000000
0.000000
0.000000
0.000000
0.000000
0.000000
0.000000
0.000000
0.000000
0.000000
0.000000
0.000000
0.000000
0.000000
0.000000
0.000000
0.000000
0.000000
0.191871
0.000000
0.000000
0.000000
0.000000
0.000000
0.000000
0.000000
0.000000
0.000000
0.000000
0.000000
0.000000
0.000000
0.000000
0.000000
0.013966
0.000000
0.000000
0.000000
0.013966
0.000000
0.013966
0.029981
0.029981
0.029981
0.013966
0.029981
0.029981
0.029981
0.029981
0.029981
0.029981
0.029981
0.029981
0.029981
0.029981
0.029981
0.029981
0.013966
0.013966
0.029981
0.029981
0.029981
0.029981
0.029981
0.029981
0.029981
0.029981
0.029981
0.029981
0.029981
0.029981
0.029981
0.029981
0.029981
0.013966
0.029981
0.221852
0.029981
0.029981
0.029981
0.029981
0.029981
0.029981
0.029981
0.029981
0.013966
0.013966
0.029981
0.029981
0.029981
0.013966
0.029981
0.029981
0.013966
0.000000
0.000000
0.000000
0.000000
0.000000
0.000000
0.013966
0.013966
0.029981
0.000000
0.000000
0.000000
0.013966
0.000000
0.013966
0.013966
0.029981
0.013966
0.000000
0.000000
0.000000
0.000000
0.000000
0.000000
0.000000
0.000000
0.000000
0.000000
0.000000
0.000000
0.000000
0.000000
0.000000
0.000000
0.000000
0.000000
0.000000
0.000000
0.000000
0.000000
0.000000
0.000000
0.000000
0.000000
0.000000
0.000000
0.000000
0.000000
0.000000
0.000000
0.191871
0.000000
0.000000
0.000000
0.000000
0.000000
0.000000
0.000000
0.000000
0.000000
0.000000
0.000000
0.000000
0.000000
0.000000
0.000000
0.000000
0.000000
0.000000
0.000000
0.000000
0.000000
0.000000
0.000000
0.000000
0.000000
0.000000
0.000000
0.000000
0.000000
0.000000
0.000000
0.000000
0.000000
0.000000
0.000000
0.000000
0.000000
0.000000
0.000000
0.000000
0.000000
0.000000
0.000000
0.000000
0.000000
0.000000
0.000000
0.000000
0.000000
0.000000
0.000000
0.000000
0.000000
0.000000
0.000000
0.000000
0.000000
0.000000
0.000000
0.000000
0.000000
0.000000
0.000000
0.000000
0.000000
0.000000
0.000000
0.000000
0.000000
0.000000
0.000000
0.000000
0.000000
0.000000
0.000000
0.000000
0.000000
0.000000
0.000000
0.000000
0.000000
0.000000
0.000000
0.000000
0.000000
0.013966
0.013966
0.000000
0.000000
0.000000
0.000000
0.013966
0.013966
0.013966
0.013966
0.013966
0.013966
0.013966
0.013966
0.013966
0.029981
0.029981
0.029981
0.029981
0.029981
0.029981
0.029981
0.029981
0.029981
0.029981
0.221852
0.029981
0.029981
0.029981
0.029981
0.029981
0.029981
0.029981
0.029981
0.029981
0.029981
0.029981
0.029981
0.029981
0.029981
0.029981
0.029981
0.029981
0.029981
0.029981
0.029981
0.029981
0.029981
0.029981
0.029981
0.029981
0.029981
0.029981
0.029981
0.029981
0.029981
0.029981
0.029981
0.029981
0.029981
0.029981
0.029981
0.029981
0.029981
0.029981
0.029981
0.029981
0.029981
0.029981
0.029981
0.029981
0.029981
0.029981
0.029981
0.029981
0.029981
0.029981
0.029981
0.029981
0.029981
0.029981
0.029981
0.029981
0.029981
0.029981
0.029981
0.029981
0.029981
0.029981
0.029981
0.029981
0.029981
0.029981
0.029981
0.029981
0.129736
0.029981
0.029981
0.029981
0.029981
0.029981
0.029981
0.029981
0.029981
0.029981
0.029981
0.029981
0.029981
0.029981
0.029981
0.029981
0.029981
0.029981
0.029981
0.029981
0.029981
0.029981
0.029981
0.029981
0.029981
0.029981
0.029981
0.029981
0.029981
0.029981
0.029981
0.029981
0.029981
0.029981
0.029981
0.029981
0.029981
0.029981
0.029981
0.029981
0.029981
0.029981
0.029981
0.029981
0.029981
0.029981
0.029981
0.029981
0.029981
0.029981
0.029981
0.029981
0.029981
0.029981
0.029981
0.029981
0.029981
0.029981
0.029981
0.029981
0.029981
0.029981
0.029981
0.029981
0.029981
0.029981
0.029981
0.029981
0.029981
0.029981
0.029981
0.029981
0.029981
0.029981
0.029981
0.029981
0.029981
0.029981
0.029981
0.029981
0.029981
0.029981
0.029981
0.029981
0.029981
0.029981
0.029981
0.029981
0.029981
0.029981
0.029981
0.029981
0.029981
0.029981
0.029981
0.029981
0.029981
0.029981
0.029981
0.029981
0.029981
0.029981
0.029981
0.029981
0.029981
0.029981
0.029981
0.029981
0.029981
0.029981
0.029981
0.029981
0.029981
0.029981
0.029981
0.029981
0.029981
0.029981
0.029981
0.029981
0.029981
0.029981
0.029981
0.029981
0.029981
0.029981
0.029981
0.029981
0.029981
0.029981
0.029981
0.029981
0.029981
0.029981
0.029981
0.029981
0.029981
0.029981
0.029981
0.029981
0.029981
0.029981
0.029981
0.029981
0.029981
0.029981
0.029981
0.029981
0.029981
0.029981
0.029981
0.029981
0.029981
0.029981
0.029981
0.029981
0.029981
0.161119
0.161119
0.161119
0.161119
0.161119
0.161119
0.161119
0.161119
0.161119
0.029981
0.029981
0.161119
0.161119
0.161119
0.161119
0.161119
0.161119
0.161119
0.161119
0.161119
0.161119
0.161119
0.161119
0.161119
0.161119
0.161119
0.161119
0.161119
0.161119
0.161119
0.161119
0.161119
0.352990
0.668649
0.352990
0.161119
0.161119
0.352990
0.352990
0.161119
0.161119
0.161119
0.352990
0.285363
0.285363
0.093492
0.285363
0.505111
0.221852
0.221852
0.221852
0.221852
0.029981
0.029981
0.285363
0.093492
0.161119
0.093492
0.161119
0.161119
0.161119
0.161119
0.161119
0.197363
0.161119
0.197363
0.352990
0.352990
0.097609
0.161119
0.352990
0.161119
0.285363
0.285363
0.285363
0.505111
0.221852
0.221852
0.285363
0.221852
0.285363
0.505111
0.029981
0.505111
0.505111
0.285363
0.029981
0.285363
0.161119
0.161119
0.161119
0.161119
0.161119
0.161119
0.161119
0.161119
0.161119
0.161119
0.161119
0.161119
0.161119
0.161119
0.161119
0.161119
0.161119
0.161119
0.161119
0.161119
0.161119
0.161119
0.161119
0.161119
0.161119
0.161119
0.161119
0.161119
0.161119
0.161119
0.161119
0.161119
0.161119
0.352990
0.161119
0.161119
0.161119
0.161119
0.161119
0.161119
0.029981
0.221852
0.221852
0.029981
0.029981
0.029981
0.221852
0.029981
0.029981
0.029981
0.221852
0.029981
0.221852
0.285363
0.029981
0.029981
0.029981
0.029981
0.029981
0.029981
0.029981
0.029981
0.029981
0.029981
0.029981
0.029981
0.029981
0.029981
0.161119
0.352990
0.352990
0.161119
0.352990
0.352990
0.352990
0.352990
0.161119
0.161119
0.161119
0.161119
0.161119
0.352990
0.352990
0.352990
0.161119
0.161119
0.161119
0.161119
0.161119
0.161119
0.352990
0.352990
0.161119
0.161119
0.161119
0.161119
0.161119
0.161119
0.161119
0.161119
0.161119
0.161119
0.161119
0.161119
0.161119
0.161119
0.161119
0.161119
0.352990
0.352990
0.352990
0.161119
0.161119
0.161119
0.161119
0.161119
0.448902
0.336892
0.161119
0.161119
0.161119
0.161119
0.161119
0.161119
0.161119
0.161119
0.161119
0.161119
0.161119
0.161119
0.336892
0.336892
0.352990
0.161119
0.161119
0.161119
0.161119
0.161119
0.448902
0.352990
0.352990
0.161119
0.161119
0.161119
0.161119
0.161119
0.161119
0.352990
0.161119
0.161119
0.161119
0.285363
0.505111
0.505111
0.285363
0.352990
0.352990
0.352990
0.161119
0.161119
0.161119
0.448902
0.352990
0.161119
0.161119
0.161119
0.161119
0.161119
0.352990
0.352990
0.161119
0.352990
0.352990
0.352990
0.161119
0.352990
0.505111
0.505111
0.352990
0.161119
0.352990
0.161119
0.161119
0.161119
0.161119
0.352990
0.161119
0.352990
0.161119
0.161119
0.161119
0.161119
0.161119
0.161119
0.352990
0.352990
0.352990
0.352990
0.161119
0.161119
0.260874
0.221852
0.029981
0.029981
0.221852
0.029981
0.505111
0.221852
0.285363
0.029981
0.221852
0.285363
0.285363
0.352990
0.505111
0.029981
0.285363
0.029981
0.129736
0.029981
0.029981
0.029981
0.029981
0.129736
0.129736
0.016016
0.205836
0.205836
0.205836
0.029981
0.029981
0.205836
0.000000
0.013966
0.029981
0.029981
0.029981
0.129736
0.129736
0.183241
0.000000
0.029981
0.115770
0.000000
0.000000
0.000000
0.000000
0.029981
0.000000
0.000000
0.000000
0.099755
0.029981
0.129736
0.129736
0.000000
0.115770
0.000000
0.013966
0.000000
0.029981
0.016016
0.029981
0.029981
0.029981
0.029981
0.029981
0.029981
0.000000
0.099755
0.205836
0.205836
0.000000
0.099755
0.000000
0.029981
0.029981
0.115770
0.129736
0.191871
0.000000
0.191871
0.141158
0.141158
0.486520
0.141158
0.066257
0.240913
0.240913
0.141158
0.141158
0.141158
0.000000
0.000000
0.233483
0.141158
0.141158
0.240913
0.266772
0.000000
0.166012
0.166012
0.141158
0.166012
0.000000
0.240913
0.000000
0.000000
0.000000
0.166012
0.000000
0.099755
0.000000
0.000000
0.099755
0.000000
0.099755
0.099755
0.191871
0.425584
0.099755
0.099755
0.000000
0.191871
0.000000
0.000000
0.000000
0.000000
0.000000
0.099755
0.099755
0.099755
0.000000
0.000000
0.000000
0.013966
0.205836
0.099755
0.000000
0.000000
0.000000
0.000000
0.000000
0.000000
0.000000
0.000000
0.000000
0.000000
0.000000
0.000000
0.000000
0.000000
0.000000
0.115770
0.115770
0.115770
0.029981
0.029981
0.221852
0.029981
0.029981
0.029981
0.029981
0.029981
0.029981
0.029981
0.029981
0.029981
0.029981
0.029981
0.029981
0.029981
0.029981
0.029981
0.029981
0.029981
0.029981
0.029981
0.029981
0.029981
0.029981
0.029981
0.029981
0.029981
0.029981
0.029981
0.029981
0.029981
0.029981
0.029981
0.029981
0.029981
0.029981
0.029981
0.129736
0.029981
0.029981
0.029981
0.029981
0.029981
0.029981
0.029981
0.221852
0.029981
0.029981
0.029981
0.029981
0.029981
0.029981
0.029981
0.029981
0.029981
0.029981
0.029981
0.029981
0.029981
0.029981
0.029981
0.029981
0.029981
0.029981
0.029981
0.029981
0.029981
0.029981
0.029981
0.029981
0.029981
0.029981
0.029981
0.029981
0.029981
0.029981
0.029981
0.029981
0.029981
0.029981
0.029981
0.029981
0.029981
0.093492
0.093492
0.029981
0.029981
0.029981
0.029981
0.029981
0.029981
0.029981
0.097609
0.161119
0.161119
0.097609
0.097609
0.097609
0.097609
0.161119
0.161119
0.161119
0.161119
0.161119
0.161119
0.161119
0.161119
0.161119
0.161119
0.161119
0.161119
0.161119
0.161119
0.161119
0.161119
0.161119
0.161119
0.161119
0.161119
0.161119
0.161119
0.161119
0.161119
0.161119
0.161119
0.161119
0.161119
0.161119
0.161119
0.161119
0.161119
0.161119
0.161119
0.161119
0.161119
0.161119
0.161119
0.161119
0.161119
0.161119
0.161119
0.161119
0.161119
0.161119
0.161119
0.161119
0.161119
0.161119
0.161119
0.161119
0.161119
0.161119
0.161119
0.161119
0.161119
0.161119
0.161119
0.161119
0.161119
0.161119
0.161119
0.161119
0.161119
0.161119
0.161119
0.161119
0.161119
0.161119
0.161119
0.161119
0.161119
0.161119
0.161119
0.161119
0.161119
0.161119
0.161119
0.161119
0.161119
0.260874
0.161119
0.161119
0.161119
0.161119
0.161119
0.161119
0.161119
0.161119
0.161119
0.161119
0.161119
0.161119
0.161119
0.161119
0.161119
0.161119
0.161119
0.161119
0.161119
0.161119
0.161119
0.161119
0.240981
0.161119
0.240981
0.161119
0.161119
0.161119
0.161119
0.161119
0.161119
0.161119
0.161119
0.161119
0.161119
0.161119
0.161119
0.161119
0.161119
0.161119
0.161119
0.240981
0.240981
0.240981
0.240981
0.161119
0.161119
0.161119
0.161119
0.240981
0.336892
0.336892
0.336892
0.336892
0.336892
0.336892
0.336892
0.336892
0.336892
0.336892
0.336892
0.336892
0.336892
0.336892
0.336892
0.240981
0.336892
0.257031
0.257031
0.240981
0.336892
0.336892
0.336892
0.336892
0.336892
0.336892
0.336892
0.336892
0.336892
0.336892
0.336892
0.336892
0.336892
0.336892
0.336892
0.336892
0.336892
0.336892
0.336892
0.336892
0.336892
0.336892
0.336892
0.336892
0.336892
0.336892
0.336892
0.336892
0.336892
0.336892
0.336892
0.336892
0.336892
0.336892
0.336892
0.336892
0.336892
0.336892
0.336892
0.336892
0.336892
0.336892
0.336892
0.336892
0.336892
0.336892
0.336892
0.336892
0.336892
0.336892
0.336892
0.336892
0.336892
0.336892
0.336892
0.336892
0.336892
0.336892
0.336892
0.336892
0.336892
0.336892
0.336892
0.336892
0.336892
0.336892
0.336892
0.336892
0.336892
0.336892
0.336892
0.336892
0.368463
0.368463
0.336892
0.336892
0.336892
0.336892
0.336892
0.368463
0.368463
0.336892
0.333743
0.333743
0.365315
0.365315
0.365315
0.365315
0.365315
0.365315
0.365315
0.365315
0.365315
0.365315
0.365315
0.365315
0.365315
0.365315
0.365315
0.365315
0.365315
0.365315
0.365315
0.365315
0.365315
0.365315
0.365315
0.365315
0.365315
0.365315
0.365315
0.365315
0.365315
0.365315
0.365315
0.365315
0.365315
0.365315
0.365315
0.365315
0.365315
0.365315
0.365315
0.365315
0.365315
0.365315
0.365315
0.365315
0.365315
0.365315
0.365315
0.365315
0.365315
0.365315
0.365315
0.365315
0.365315
0.365315
0.365315
0.365315
0.365315
0.365315
0.365315
0.365315
0.365315
0.365315
0.365315
0.365315
0.365315
0.365315
0.365315
0.365315
0.365315
0.365315
0.365315
0.365315
0.365315
0.365315
0.365315
0.365315
0.365315
0.365315
0.365315
0.365315
0.365315
0.365315
0.365315
0.365315
0.365315
0.365315
0.365315
0.365315
0.365315
0.365315
0.365315
0.365315
0.365315
0.365315
0.365315
0.365315
0.365315
0.365315
0.365315
0.365315
0.365315
0.365315
0.365315
0.365315
0.365315
0.365315
0.365315
0.365315
0.365315
0.365315
0.365315
0.365315
0.365315
0.365315
0.365315
0.365315
0.365315
0.365315
0.365315
0.365315
0.365315
0.365315
0.365315
0.365315
0.365315
0.365315
0.365315
0.365315
0.365315
0.365315
0.365315
0.365315
0.365315
0.365315
0.365315
0.365315
0.557186
0.365315
0.557186
0.365315
0.365315
0.557186
0.365315
0.365315
0.365315
0.365315
0.365315
0.365315
0.557186
0.557186
0.365315
0.365315
0.557186
0.365315
0.557186
0.365315
0.557186
0.365315
0.557186
0.365315
0.365315
0.557186
0.557186
0.557186
0.557186
0.557186
0.365315
0.525614
0.557186
0.525614
0.528763
0.528763
0.336892
0.336892
0.528763
0.528763
0.336892
0.336892
0.528763
0.336892
0.528763
0.336892
0.336892
0.336892
0.336892
0.528763
0.528763
0.528763
0.448902
0.528763
0.528763
0.336892
0.336892
0.336892
0.336892
0.528763
0.336892
0.257031
0.352990
0.161119
0.161119
0.161119
0.161119
0.161119
0.161119
0.352990
0.352990
0.161119
0.352990
0.352990
0.161119
0.161119
0.161119
0.161119
0.161119
0.161119
0.161119
0.093492
0.161119
0.161119
0.161119
0.161119
0.093492
0.161119
0.161119
0.029981
0.093492
0.029981
0.161119
0.029981
0.029981
0.029981
0.029981
0.029981
0.029981
0.029981
0.029981
0.029981
0.029981
0.029981
0.029981
0.029981
0.029981
0.029981
0.029981
0.029981
0.029981
0.029981
0.029981
0.029981
0.029981
0.029981
0.029981
0.029981
0.029981
0.029981
0.029981
0.029981
0.029981
0.029981
0.029981
0.029981
0.029981
0.029981
0.029981
0.029981
0.029981
0.029981
0.029981
0.029981
0.029981
0.029981
0.205836
0.000000
0.000000
0.029981
0.000000
0.000000
0.000000
0.000000
0.000000
0.000000
0.266772
0.141158
0.141158
0.141158
0.333029
0.141158
0.240913
0.141158
0.141158
0.181134
0.181134
0.141158
0.410615
0.218744
0.218744
0.410615
0.476668
0.335611
0.335611
0.258710
0.335611
0.258710
0.348216
0.171560
0.171560
0.171560
0.171560
0.271314
0.171560
0.271314
0.171560
0.171560
0.171560
0.271314
0.271314
0.271314
0.171560
0.271314
0.271314
0.271314
0.171560
0.171560
0.171560
0.110170
0.087932
0.087932
0.087932
0.087932
0.087932
0.187686
0.271314
0.255157
0.187686
0.187686
0.087932
0.316547
0.316547
0.255157
0.187686
0.087932
0.274546
0.187686
0.255157
0.187686
0.187686
0.187686
0.187686
0.187686
0.087932
0.174791
0.187686
0.255157
0.187686
0.255157
0.187686
0.187686
0.187686
0.187686
0.087932
0.255157
0.187686
0.187686
0.187686
0.187686
0.187686
0.187686
0.187686
0.187686
0.187686
0.187686
0.187686
0.187686
0.187686
0.294929
0.174791
0.187686
0.187686
0.187686
0.187686
0.187686
0.187686
0.255157
0.174791
0.307824
0.394683
0.394683
0.394683
0.394683
0.394683
0.394683
0.394683
0.394683
0.187686
0.375295
0.307824
0.394683
0.394683
0.394683
0.307824
0.375295
0.294929
0.394683
0.394683
0.482658
0.482658
0.482658
0.482658
0.482658
0.482658
0.482658
0.482658
0.482658
0.482658
0.482658
0.482658
0.482658
0.491298
0.482658
0.482658
0.482658
0.482658
0.482658
0.382903
0.550129
0.550129
0.482658
0.550129
0.491298
0.482658
0.491298
0.482658
0.482658
0.550129
0.550129
0.482658
0.482658
0.482658
0.482658
0.499798
0.482658
0.482658
0.482658
0.482658
0.482658
0.482658
0.482658
0.482658
0.482658
0.482658
0.482658
0.482658
0.482658
0.482658
0.482658
0.482658
0.482658
0.499798
0.499798
0.499798
0.491298
0.482658
0.508438
0.508438
0.508438
0.575909
0.575909
0.508438
0.508438
0.575909
0.508438
0.575909
0.575909
0.508438
0.508438
0.500700
0.500700
0.507451
0.508438
0.508438
0.569158
0.500700
0.500700
0.500700
0.500700
0.568171
0.500700
0.500700
0.500700
0.500700
0.500700
0.500700
0.500700
0.500700
0.568171
0.568171
0.568171
0.568171
0.500700
0.500700
0.500700
0.500700
0.500700
0.500700
0.500700
0.500700
0.568171
0.500700
0.500700
0.500700
0.568171
0.551262
0.507759
0.551262
0.551262
0.500700
0.551262
0.500700
0.568171
0.568171
0.551262
0.490850
0.490850
0.490850
0.507759
0.483791
0.551262
0.551262
0.490850
0.558321
0.490850
0.490850
0.558321
0.490850
0.490850
0.558321
0.490850
0.490850
0.490850
0.558321
0.490850
0.490850
0.490850
0.490850
0.490850
0.558321
0.558321
0.558321
0.490850
0.490850
0.507759
0.500700
0.500700
0.490850
0.490850
0.490850
0.558321
0.558321
0.490850
0.490850
0.558321
0.558321
0.490850
0.490850
0.505420
0.496657
0.490850
0.567084
0.572892
0.572892
0.572892
0.572892
0.572892
0.572892
0.572892
0.572892
0.572892
0.572892
0.572892
0.572892
0.572892
0.572892
0.572892
0.572892
0.572892
0.572892
0.505420
0.572892
0.572892
0.572892
0.572892
0.572892
0.505420
0.572892
0.572892
0.572892
0.572892
0.572892
0.505420
0.572892
0.460216
0.505420
0.572892
0.572892
0.505420
0.505420
0.505420
0.505420
0.572892
0.668705
0.572892
0.572892
0.572892
0.505420
0.572892
0.572892
0.572892
0.572892
0.572892
0.505420
0.505420
0.505420
0.572892
0.572892
0.414774
0.482245
0.482245
0.482245
0.482245
0.460216
0.460216
0.482245
0.482245
0.482245
0.482245
0.527450
0.527450
0.505420
0.572892
0.572892
0.572892
0.527450
0.527450
0.482245
0.460216
0.505420
0.505420
0.414774
0.414774
0.482245
0.482245
0.414774
0.482245
0.482245
0.482245
0.482245
0.482245
0.482245
0.482245
0.414774
0.482245
0.482245
0.482245
0.482245
0.482245
0.482245
0.414774
0.482245
0.482245
0.482245
0.482245
0.482245
0.482245
0.482245
0.482245
0.482245
0.482245
0.414774
0.414774
0.482245
0.482245
0.414774
0.414774
0.482245
0.482245
0.482245
0.482245
0.482245
0.482245
0.482245
0.482245
0.482245
0.482245
0.482245
0.482245
0.482245
0.482245
0.482245
0.482245
0.482245
0.482245
0.482245
0.482245
0.482245
0.482245
0.482245
0.482245
0.482245
0.482245
0.482245
0.482245
0.482245
0.482245
0.482245
0.482245
0.482245
0.482245
0.482245
0.482245
0.482245
0.482245
0.482245
0.482245
0.482245
0.482245
0.482245
0.482245
0.482245
0.482245
0.482245
0.482245
0.482245
0.482245
0.482245
0.482245
0.482245
0.482245
0.482245
0.482245
0.482245
0.482245
0.482245
0.482245
0.482245
0.482245
0.482245
0.482245
0.482245
0.448969
0.414256
0.414256
0.414256
0.414256
0.414256
0.414256
0.482245
0.414774
0.482245
0.482245
0.482245
0.482245
0.482245
0.482245
0.482245
0.482245
0.482245
0.482245
0.482245
0.482245
0.482245
0.482245
0.448969
0.414256
0.482245
0.448969
0.448969
0.448969
0.482245
0.482245
0.482245
0.482245
0.447532
0.414256
0.414256
0.414256
0.346785
0.447532
0.414256
0.448969
0.448969
0.482245
0.482245
0.414256
0.414256
0.414256
0.414256
0.414256
0.447532
0.482245
0.482245
0.482245
0.482245
0.482245
0.414256
0.414256
0.414256
0.414256
0.414256
0.414256
0.346785
0.346785
0.414256
0.414256
0.414256
0.414256
0.414256
0.414256
0.414256
0.414256
0.414256
0.414256
0.414256
0.414256
0.414256
0.414256
0.414256
0.414256
0.380060
0.414256
0.414256
0.414256
0.414256
0.414256
0.414256
0.414256
0.414256
0.346785
0.414256
0.380060
0.414256
0.414256
0.414256
0.414256
0.414256
0.414256
0.414256
0.414256
0.414256
0.510069
0.414256
0.407005
0.414256
0.346785
0.414256
0.414256
0.414256
0.414256
0.414256
0.414256
0.414256
0.414256
0.414256
0.414256
0.414256
0.414256
0.414256
0.414256
0.414256
0.414256
0.414256
0.414256
0.414256
0.414256
0.414256
0.414256
0.414256
0.414256
0.414256
0.414256
0.414256
0.346785
0.414256
0.414256
0.414256
0.414256
0.447532
0.414256
0.414256
0.414256
0.414256
0.414256
0.414256
0.414256
0.414256
0.414256
0.414256
0.414256
0.414256
0.414256
0.414256
0.448969
0.380060
0.448969
0.448969
0.414256
0.414256
0.414256
0.414256
0.414256
0.482245
0.482245
0.482245
0.482245
0.482245
0.578059
0.544783
0.482245
0.414256
0.414256
0.414256
0.414256
0.414256
0.414256
0.414256
0.482245
0.544783
0.544783
0.448969
0.414256
0.414256
0.346785
0.414256
0.346785
0.544783
0.578059
0.544783
0.544783
0.544783
0.544783
0.414256
0.544783
0.510069
0.414256
0.544783
0.578059
0.544783
0.448969
0.414774
0.448969
0.414256
0.544783
0.414256
0.414256
0.346785
0.346785
0.510069
0.380060
0.544783
0.448969
0.414256
0.346785
0.414256
0.414256
0.414256
0.414256
0.414256
0.346785
0.414256
0.346785
0.414256
0.414256
0.414256
0.414256
0.346785
0.414256
0.414256
0.362896
0.362896
0.407005
0.407005
0.407005
0.510069
0.510069
0.414256
0.407005
0.407005
0.362896
0.247030
0.447532
0.448969
0.339534
0.407005
0.502819
0.407005
0.510069
0.414256
0.263141
0.407005
0.407005
0.407005
0.407005
0.407005
0.407005
0.606301
0.544783
0.362896
0.339534
0.407005
0.407005
0.339534
0.339534
0.407005
0.339534
0.502819
0.407005
0.339534
0.407005
0.407005
0.502819
0.407005
0.486708
0.407005
0.339534
0.407005
0.407005
0.548225
0.548225
0.502819
0.407005
0.407005
0.548225
0.407005
0.407005
0.407005
0.486708
0.502819
0.407005
0.407005
0.407005
0.407005
0.407005
0.407005
0.414256
0.414256
0.486708
0.407005
0.407005
0.407005
0.407005
0.407005
0.407005
0.407005
0.407005
0.502819
0.407005
0.407005
0.502819
0.502819
0.502819
0.407005
0.407005
0.407005
0.407005
0.502819
0.407005
0.407005
0.407005
0.502819
0.407005
0.502819
0.407005
0.407005
0.407005
0.407005
0.407005
0.407005
0.407005
0.407005
0.407005
0.407005
0.407005
0.407005
0.407005
0.407005
0.407005
0.502819
0.502819
0.502819
0.407005
0.407005
0.407005
0.486708
0.486708
0.486708
0.510069
0.486708
0.390894
0.414256
0.407005
0.407005
0.407005
0.407005
0.390894
0.390894
0.407005
0.407005
0.407005
0.407005
0.339534
0.531426
0.531426
0.598897
0.598897
0.531426
0.598897
0.598897
0.598897
0.598897
0.598897
0.598897
0.598897
0.588390
0.588390
0.598897
0.598897
0.502819
0.598897
0.694711
0.598897
0.598897
0.588390
0.588390
0.598897
0.598897
0.598897
0.588390
0.407005
0.598897
0.598897
0.598897
0.598897
0.588390
0.588390
0.564336
0.588390
0.598897
0.598897
0.694711
0.694711
0.694711
0.694711
0.598897
0.694711
0.694711
0.407005
0.588390
0.492577
0.598897
0.407005
0.502819
0.598897
0.598897
0.598897
0.502819
0.445855
0.531426
0.598897
0.598897
0.588390
0.598897
0.598897
0.649908
0.598897
0.407005
0.694711
0.407005
0.649908
0.588390
0.588390
0.598897
0.694711
0.694711
0.694711
0.694711
0.694711
0.694711
0.598897
0.694711
0.598897
0.694711
0.759504
0.759504
0.759504
0.649908
0.548225
0.407005
0.598897
0.502819
0.502819
0.548225
0.777564
0.631585
0.548225
0.548225
0.548225
0.502819
0.407005
0.502819
0.502819
0.588390
0.502819
0.588390
0.717157
0.759504
0.733268
0.588390
0.649908
0.631585
0.631585
0.502819
0.407005
0.407005
0.502819
0.486708
0.486708
0.510069
0.510069
0.486708
0.486708
0.486708
0.486708
0.486708
0.631585
0.548225
0.510069
0.510069
0.430367
0.486708
0.486708
0.486708
0.486708
0.548225
0.414256
0.510069
0.510069
0.548225
0.486708
0.548225
0.548225
0.666299
0.606301
0.571587
0.548225
0.510069
0.510069
0.414256
0.510069
0.486708
0.486708
0.548225
0.548225
0.510069
0.548225
0.548225
0.486708
0.407005
0.346100
0.407005
0.339534
0.407005
0.445855
0.588390
0.598897
0.598897
0.598897
0.598897
0.588390
0.407005
0.407005
0.502819
0.588390
0.564336
0.588390
0.564336
0.548225
0.631585
0.588390
0.598897
0.407005
0.598897
0.598897
0.598897
0.502819
0.598897
0.486708
0.445855
0.598897
0.694711
0.694711
0.588390
0.694711
0.588390
0.598897
0.598897
0.598897
0.598897
0.598897
0.339534
0.588390
0.502819
0.694711
0.407005
0.339534
0.407005
0.513326
0.502819
0.445855
0.598897
0.598897
0.694711
0.598897
0.598897
0.694711
0.649908
0.649908
0.673933
0.649908
0.407005
0.649908
0.588390
0.708646
0.548225
0.588390
0.588390
0.502819
0.414256
0.407005
0.598897
0.598897
0.598897
0.598897
0.598897
0.649908
0.733268
0.598897
0.407005
0.649908
0.407005
0.502819
0.430367
0.513326
0.598897
0.598897
0.598897
0.513326
0.407005
0.407005
0.588390
0.588390
0.694711
0.598897
0.598897
0.531426
0.407005
0.407005
0.486708
0.666299
0.502819
0.502819
0.407005
0.502819
0.407005
0.598897
0.598897
0.588390
0.588390
0.598897
0.598897
0.694711
0.649908
0.649908
0.733268
0.588390
0.649908
0.649908
0.486708
0.548225
0.631585
0.673933
0.548225
0.564336
0.649908
0.649908
0.502819
0.502819
0.502819
0.407005
0.502819
0.407005
0.407005
0.407005
0.502819
0.502819
0.502819
0.502819
0.673933
0.631585
0.548225
0.564336
0.502819
0.502819
0.502819
0.407005
0.548225
0.548225
0.548225
0.548225
0.502819
0.502819
0.502819
0.502819
0.666299
0.548225
0.666299
0.548225
0.548225
0.548225
0.486708
0.548225
0.502819
0.502819
0.548225
0.708646
0.631585
0.631585
0.631585
0.631585
0.548225
0.548225
0.548225
0.548225
0.548225
0.548225
0.548225
0.548225
0.548225
0.548225
0.502819
0.502819
0.502819
0.502819
0.502819
0.502819
0.486708
0.548225
0.548225
0.548225
0.510069
0.510069
0.414256
0.510069
0.414256
0.510069
0.510069
0.390894
0.486708
0.666299
0.606301
0.510069
0.414256
0.346785
0.486708
0.486708
0.407005
0.407005
0.407005
0.407005
0.492577
0.588390
0.486708
0.631585
0.649908
0.407005
0.414256
0.486708
0.548225
0.502819
0.502819
0.548225
0.822769
0.502819
0.588390
0.492577
0.492577
0.598897
0.733268
0.631585
0.649908
0.694711
0.649908
0.649908
0.588390
0.649908
0.631585
0.548225
0.407005
0.445855
0.502819
0.759504
0.263141
0.863136
0.777564
0.502819
0.598897
0.486708
0.598897
0.531426
0.694711
0.598897
0.775615
0.631585
0.756229
0.649908
0.598897
0.598897
0.694711
0.598897
0.694711
0.694711
0.733268
0.414256
0.689660
0.362896
0.502819
0.407005
0.407005
0.598897
0.598897
0.598897
0.733268
0.708646
0.445855
0.531426
0.598897
0.598897
0.598897
0.694711
0.598897
0.649908
0.733268
0.694711
0.649908
0.502819
0.631585
0.502819
0.588390
0.694711
0.598897
0.588390
0.649908
0.548225
0.673933
0.544783
0.430367
0.414256
0.548225
0.846130
0.544783
0.777213
0.606301
0.544783
0.734865
0.689660
0.777213
0.734865
0.846130
0.846130
0.777213
0.414774
0.606301
0.732008
0.777213
0.873018
0.899235
0.840323
0.846130
0.734865
0.684781
0.777213
0.639576
0.689660
0.606301
0.734865
0.689660
0.606301
0.606301
0.606301
0.606301
0.482245
0.606301
0.578059
0.578059
0.482245
0.544783
0.414256
0.544783
0.510069
0.510069
0.407005
0.407005
0.407005
0.407005
0.407005
0.486708
0.486708
0.407005
0.502819
0.486708
0.708646
0.631585
0.548225
0.502819
0.548225
0.548225
0.502819
0.502819
0.407005
0.407005
0.414256
0.486708
0.548225
0.548225
0.631585
0.548225
0.502819
0.502819
0.588390
0.588390
0.588390
0.486708
0.548225
0.486708
0.407005
0.502819
0.564336
0.759504
0.502819
0.407005
0.339534
0.339534
0.407005
0.513326
0.598897
0.588390
0.588390
0.598897
0.694711
0.598897
0.598897
0.598897
0.649908
0.649908
0.502819
0.588390
0.502819
0.502819
0.588390
0.759504
0.649908
0.649908
0.694711
0.649908
0.631585
0.717157
0.649908
0.694711
0.407005
0.492577
0.588390
0.875213
0.606301
0.414256
0.414256
0.548225
0.486708
0.502819
0.407005
0.502819
0.777564
0.673933
0.548225
0.414256
0.571587
0.606301
0.571587
0.548225
0.486708
0.486708
0.548225
0.407005
0.339534
0.486708
0.502819
0.502819
0.339534
0.548225
0.631585
0.548225
0.502819
0.486708
0.486708
0.407005
0.263141
0.510069
0.510069
0.486708
0.548225
0.407005
0.407005
0.502819
0.502819
0.502819
0.502819
0.502819
0.502819
0.502819
0.502819
0.631585
0.486708
0.486708
0.486708
0.548225
0.673933
0.548225
0.631585
0.708646
0.666299
0.544783
0.666299
0.548225
0.414256
0.486708
0.666299
0.548225
0.510069
0.777213
0.571587
0.631585
0.673933
0.564336
0.588390
0.407005
0.708646
0.732008
0.544783
0.414256
0.414256
0.548225
0.548225
0.502819
0.564336
0.445855
0.598897
0.598897
0.863136
0.734865
0.666299
0.502819
0.564336
0.486708
0.768141
0.606301
0.414256
0.339534
0.407005
0.502819
0.486708
0.631585
0.548225
0.502819
0.339534
0.513326
0.548225
0.708646
0.708646
0.689660
0.482245
0.572892
0.414774
0.734865
0.544783
0.346785
0.362896
0.414256
0.339534
0.407005
0.407005
0.666299
0.732008
0.544783
0.606301
0.777213
0.606301
0.606301
0.689660
0.606301
0.510069
0.777213
0.571587
0.414256
0.414256
0.362896
0.548225
0.486708
0.502819
0.407005
0.486708
0.486708
0.407005
0.631585
0.510069
0.708646
0.708646
0.684781
0.846130
0.734865
0.689660
0.606301
0.689660
0.606301
0.510069
0.606301
0.684781
0.606301
0.571587
0.510069
0.689660
0.544783
0.578059
0.684781
0.777213
0.684781
0.777213
0.810488
0.724415
0.578059
0.482245
0.482245
0.482245
0.804681
0.684781
0.734865
0.578059
0.639576
0.684781
0.639576
0.544783
0.544783
0.544783
0.606301
0.689660
0.777213
0.606301
0.606301
0.578059
0.668705
0.810488
0.846130
0.807775
0.807775
0.623263
0.684781
0.668705
0.684781
0.460216
0.899235
0.911982
0.807775
0.684781
0.578059
0.578059
0.606301
0.835288
0.708593
0.708593
0.662898
0.684781
0.623263
0.899235
0.873599
0.527450
0.899235
0.668705
0.873599
0.346785
0.414256
0.482245
0.414256
0.606301
0.878826
0.684781
0.840323
0.911982
0.768141
0.362896
0.708646
0.846130
0.544783
0.902528
0.873018
0.895469
0.777213
0.873018
0.840323
0.578059
0.544783
0.346785
0.414256
0.548225
0.548225
0.684781
0.768141
0.606301
0.346785
0.510069
0.684781
0.945664
0.482245
0.448969
0.544783
0.414256
0.414256
0.732008
0.510069
0.606301
0.544783
0.606301
0.482245
0.414256
0.689660
0.892767
0.902528
0.921282
0.945918
0.873018
0.734865
0.846130
0.840323
0.768141
0.708593
0.708593
0.724415
0.724415
0.804681
0.684781
0.724415
0.724415
0.843064
0.873599
0.807775
0.762333
0.724415
0.684781
0.623263
0.527450
0.623263
0.684781
0.572892
0.668705
0.684781
0.762333
0.678973
0.684781
0.804681
0.804681
0.762333
0.768141
0.768141
0.684781
0.684781
0.572892
0.899235
0.807775
0.623263
0.717356
0.843064
0.807775
0.623263
0.899235
0.936901
0.791953
0.647076
0.912969
0.911982
0.975174
0.843064
0.899235
0.724415
0.724415
0.807775
0.724415
0.904205
0.930700
0.792940
0.551262
0.708593
0.800716
0.724415
0.558321
0.724415
0.850123
0.662898
0.662898
0.724415
0.708593
0.956773
0.945664
0.791953
0.507759
0.663985
0.708593
0.708593
0.708593
0.800716
0.843064
0.662898
0.724415
0.975174
0.843064
0.724415
0.647076
0.647076
0.647076
0.647076
0.654134
0.662898
0.647076
0.654134
0.647076
0.558321
0.505420
0.572892
0.800716
0.572892
0.807775
0.668705
0.724415
0.762333
0.899235
0.804681
0.807775
0.762333
0.792940
0.835288
0.800716
0.623263
0.873599
0.810488
0.873599
0.768141
0.482245
0.482245
0.482245
0.768141
0.768141
0.684781
0.840323
0.606301
0.460216
0.965413
0.911982
0.724415
0.899235
0.807775
0.804681
0.804681
0.762333
0.873599
0.623263
0.966534
0.800716
0.899235
0.918984
0.804681
0.906294
0.804681
0.843064
0.807775
0.724415
0.809849
0.929732
0.835288
0.843064
0.807775
0.843064
0.956773
0.948010
0.948010
0.904205
0.860750
0.893274
0.948010
0.975174
0.762333
0.807775
0.804681
0.804681
0.919971
1.000000
0.991360
0.945664
0.918984
0.899235
0.684781
0.804681
0.843064
0.873599
0.928745
0.921282
0.920295
0.804681
0.840323
0.873599
0.846130
0.777213
0.768141
0.689660
0.734865
0.689660
0.689660
0.666299
0.510069
0.732008
0.734865
0.873599
0.804681
0.684781
0.623263
0.807775
0.804681
0.966534
0.957770
0.965413
0.929732
0.911982
0.726490
0.792940
0.792940
0.708593
0.647076
0.558321
0.567084
0.726490
0.843064
0.654134
0.558321
0.843064
0.843064
0.807775
0.912969
0.654134
0.599568
0.664972
0.391543
0.724600
0.807960
0.801209
0.575909
0.391543
0.663083
0.575909
0.726490
0.391543
0.567269
0.809849
0.408004
0.654134
0.726490
0.575909
0.726490
0.599568
0.482658
0.663083
0.726490
0.835288
0.800716
0.726490
0.396903
0.807775
0.663985
0.569158
0.647076
0.708593
0.647076
0.508438
0.726490
0.647076
0.558321
0.662898
0.662898
0.668705
0.572892
0.527450
0.490850
0.904205
0.708593
0.708593
0.708593
0.654134
0.843557
0.948010
0.647076
0.708593
0.708593
0.647076
0.708593
0.708593
0.791953
0.792940
0.708593
0.928260
0.708593
0.724415
0.965413
0.911982
0.843064
0.792940
0.791953
0.551262
0.647076
0.726490
0.726490
0.835288
0.654134
0.843557
0.663083
0.813166
0.798412
0.550129
0.724600
0.801209
0.726490
0.792940
0.945664
0.791953
0.664972
0.507451
0.895565
0.654134
0.965413
0.717849
0.809849
0.550129
0.663083
0.567269
0.809849
0.724600
0.726490
0.647076
0.558321
0.500700
0.791953
0.708593
0.568171
0.791953
0.551262
0.400946
0.663083
0.550129
0.568171
0.508438
0.663083
0.664972
0.569158
0.569158
0.569158
0.726490
0.408684
0.671723
0.726490
0.664972
0.482658
0.663083
0.482658
0.567269
0.482658
0.482658
0.758443
0.498233
0.594046
0.663083
0.663083
0.724600
0.663083
0.724600
0.663083
0.550129
0.346825
0.394683
0.174791
0.462154
0.498233
0.550129
0.550129
0.482658
0.382903
0.482658
0.482658
0.482658
0.498233
0.498233
0.550129
0.482658
0.394683
0.462154
0.394683
0.471108
0.394683
0.471108
0.550129
0.346825
0.394683
0.394683
0.498233
0.568705
0.568705
0.498233
0.346825
0.294929
0.174791
0.462154
0.594046
0.594046
0.594046
0.550129
0.575909
0.508438
0.567269
0.499798
0.724600
0.594046
0.813166
0.843557
0.663083
0.583414
0.663083
0.408684
0.663083
0.867330
0.575909
0.508438
0.500700
0.568171
0.408684
0.835288
0.551262
0.717849
0.500700
0.508438
0.482658
0.809849
0.664972
0.600555
0.575909
0.500700
0.490850
0.505420
0.588773
0.408004
0.668705
0.558321
0.599875
0.599568
0.569158
0.809849
0.551262
0.819316
0.462154
0.672704
0.575909
0.717849
0.726490
0.671723
0.671723
0.568171
0.664972
0.663083
0.575909
0.583414
0.382903
0.482658
0.567269
0.294929
0.532626
0.594046
0.346825
0.482658
0.550129
0.663083
0.508438
0.724600
0.655564
0.446579
0.491298
0.498233
0.663083
0.594046
0.394683
0.394683
0.550129
0.575909
0.087932
0.394683
0.087932
0.486800
0.087932
0.394683
0.652064
0.394683
0.471108
0.394683
0.187686
0.511500
0.462154
0.569158
0.366662
0.302041
0.450581
0.338785
0.316547
0.255157
0.110170
0.316547
0.316547
0.471108
0.087932
0.187686
0.209925
0.316547
0.316547
0.338785
0.271314
0.258710
0.271314
0.316547
0.594016
0.187686
0.412361
0.171560
0.271314
0.412361
0.316547
0.249076
0.255157
0.087932
0.249076
0.350971
0.187686
0.187686
0.255157
0.338785
0.316547
0.316547
0.719723
0.677375
0.471108
0.471108
0.255157
0.412361
0.316547
0.255157
0.471108
0.187686
0.412361
0.316547
0.255157
0.187686
0.375295
0.471108
0.594016
0.719723
0.412361
0.594016
0.316547
0.255157
0.255157
0.255157
0.187686
0.473878
0.412361
0.316547
0.316547
0.271314
0.271314
0.415687
0.435366
0.502837
0.435366
0.435366
0.550780
0.473878
0.255157
0.255157
0.375295
0.471108
0.415687
0.415687
0.435366
0.415687
0.511500
0.415687
0.338785
0.316547
0.316547
0.187686
0.338785
0.511500
0.338785
0.350971
0.110170
0.171560
0.316547
0.338785
0.502837
0.335611
0.435366
0.338785
0.187686
0.187686
0.187686
0.471108
0.087932
0.187686
0.302041
0.521789
0.471108
0.394683
0.255157
0.087932
0.375295
0.302041
0.316547
0.557238
0.573018
0.482658
0.482658
0.586410
0.255157
0.294929
0.567269
0.608649
0.471108
0.187686
0.363431
0.719723
0.781272
0.307824
0.110170
0.363431
0.462154
0.521789
0.249076
0.271314
0.471108
0.187686
0.521789
0.557968
0.586410
0.279803
0.350971
0.171560
0.435366
0.435366
0.335611
0.435366
0.412361
0.532626
0.316547
0.573018
0.187686
0.511500
0.677475
0.532626
0.450581
0.338785
0.338785
0.511500
0.412361
0.696416
0.436784
0.110170
0.366662
0.302041
0.450581
0.335611
0.369313
0.532598
0.335611
0.218744
0.385970
0.218744
0.385970
0.369313
0.435366
0.435366
0.435366
0.435366
0.435366
0.335611
0.435366
0.369313
0.435366
0.335611
0.335611
0.435366
0.476668
0.218744
0.218744
0.218744
0.318499
0.318499
0.318499
0.532598
0.345994
0.385970
0.385970
0.532598
0.436784
0.532598
0.594115
0.632672
0.590325
0.661615
0.554140
0.385970
0.335611
0.369313
0.436784
0.318499
0.554140
0.441808
0.554140
0.554140
0.637499
0.648919
0.726309
0.604946
0.679847
0.637499
0.554140
0.554140
0.554140
0.554140
0.428425
0.000000
0.554132
0.428425
0.233483
0.233483
0.000000
0.233483
0.233483
0.029981
0.115770
0.205836
0.029981
0.161119
0.129736
0.279055
0.505111
0.000000
0.141158
0.333029
0.554132
0.329297
0.141158
0.502837
0.481784
0.335611
0.744259
0.476668
0.435366
0.632672
0.435366
0.218744
0.532598
0.385970
0.590325
0.441808
0.502837
0.412361
0.435366
0.412361
0.087932
0.764759
0.594115
0.637499
0.171560
0.271314
0.335611
0.338785
0.592753
0.240913
0.369313
0.278523
0.532598
0.333029
0.233483
0.604946
0.385970
0.492622
0.436784
0.415687
0.415687
0.284797
0.233483
0.183241
0.345994
0.318499
0.318499
0.511785
0.240913
0.278523
0.435366
0.318499
0.435366
0.271314
0.171560
0.511500
0.511500
0.410615
0.183241
0.428425
0.000000
0.099755
0.233483
0.491560
0.408200
0.183241
0.099755
0.329297
0.345994
0.340573
0.029981
0.074901
0.191871
0.266772
0.191871
0.233483
0.346683
0.308384
0.505111
0.264835
0.183241
0.333029
0.218744
0.329297
0.278523
0.218744
0.406830
0.308384
0.191871
0.191871
0.279055
0.233483
0.181134
0.233483
0.141158
0.099755
0.191871
0.333029
0.167226
0.345312
0.340573
0.318499
0.619515
0.345994
0.345994
0.436784
0.441808
0.318499
0.490190
0.436784
0.441808
0.345994
0.441808
0.318499
0.366907
0.532598
0.366907
0.503326
0.511785
0.385970
0.532598
0.318499
0.329297
0.345994
0.240913
0.385970
0.141158
0.233483
0.233483
0.428425
0.441808
0.308384
0.335611
0.554140
0.503326
0.278523
0.240913
0.345994
0.345994
0.385970
0.218744
0.345994
0.141158
0.385970
0.335611
0.318499
0.345994
0.318499
0.511785
0.385970
0.345994
0.554140
0.385970
0.369313
0.318499
0.240913
0.345994
0.278523
0.318499
0.318499
0.436784
0.318499
0.385970
0.318499
0.284797
0.385970
0.441808
0.240913
0.166012
0.345994
0.278523
0.441808
0.435366
0.476668
0.345994
0.345994
0.476668
0.335611
0.385970
0.385970
0.502837
0.696416
0.308384
0.218744
0.284797
0.278523
0.278523
0.240913
0.233483
0.218744
0.345994
0.233483
0.240913
0.233483
0.000000
0.233483
0.329297
0.074901
0.099755
0.266772
0.115770
0.279055
0.115770
0.233483
0.233483
0.233483
0.329297
0.329297
0.233483
0.141158
0.333029
0.240913
0.166012
0.099755
0.029981
0.197207
0.000000
0.029981
0.428425
0.279055
0.183241
0.129736
0.141158
0.099755
0.141158
0.141158
0.141158
0.000000
0.099755
0.167226
0.333029
0.141158
0.218744
0.233483
0.099755
0.278523
0.218744
0.218744
0.233483
0.345994
0.278523
0.490190
0.390814
0.329297
0.074901
0.099755
0.000000
0.183241
0.279055
0.183241
0.183241
0.099755
0.000000
0.279055
0.279055
0.491560
0.279055
0.115770
0.029981
0.279055
0.340573
0.183241
0.029981
0.183241
0.264835
0.264835
0.029981
0.205836
0.115770
0.197363
0.264835
0.129736
0.264835
0.129736
0.183241
0.197207
0.260874
0.161119
0.205836
0.285363
0.197363
0.161119
0.129736
0.360648
0.129736
0.502027
0.328345
0.502027
0.328345
0.504020
0.197363
0.197207
0.129736
0.129736
0.328345
0.504020
0.257031
0.328345
0.260874
0.440510
0.502027
0.408206
0.260874
0.340735
0.161119
0.408206
0.260874
0.260874
0.161119
0.260874
0.264835
0.029981
0.115770
0.264835
0.029981
0.029981
0.197207
0.115770
0.000000
0.129736
0.279055
0.115770
0.129736
0.115770
0.000000
0.029981
0.197363
0.129736
0.129736
0.129736
0.029981
0.029981
0.141158
0.141158
0.240913
0.183241
0.166012
0.191871
0.183241
0.099755
0.099755
0.099755
0.115770
0.191871
0.425584
0.764759
0.099755
0.000000
0.000000
0.074901
0.183241
0.360648
0.000000
0.786779
0.166012
0.099755
0.167226
0.099755
0.013966
0.029981
0.266772
0.410615
0.318499
0.373005
0.329297
0.240913
0.240913
0.013966
0.099755
0.115770
0.345312
0.183241
0.129736
0.115770
0.029981
0.183241
0.129736
0.167226
0.099755
0.000000
0.099755
0.099755
0.183241
0.373005
0.129736
0.129736
0.183241
0.000000
0.183241
0.013966
0.279055
0.183241
0.183241
0.029981
0.115770
0.099755
0.099755
0.029981
0.183241
0.099755
0.197363
0.029981
0.129736
0.197363
0.161119
0.097609
0.197363
0.264835
0.197363
0.197207
0.197207
0.000000
0.115770
0.099755
0.029981
0.197363
0.129736
0.115770
0.029981
0.197363
0.000000
0.411619
0.129736
0.167226
0.074901
0.167226
0.240913
0.486520
0.205836
0.166012
0.029981
0.191871
0.166012
0.240913
0.360648
0.166012
0.191871
0.029981
0.029981
0.115770
0.074901
0.000000
0.129736
0.115770
0.115770
0.141158
0.066257
0.486520
0.141158
0.141158
0.000000
0.099755
0.183241
0.141158
0.000000
0.000000
0.115770
0.000000
0.183241
0.183241
0.000000
0.425584
0.029981
0.099755
0.425584
0.129736
0.029981
0.167226
0.141158
0.660493
0.029981
0.115770
0.115770
0.183241
0.191871
0.346683
0.129736
0.233483
0.167226
0.099755
0.115770
0.000000
0.029981
0.183241
0.329297
0.099755
0.183241
0.129736
0.029981
0.099755
0.000000
0.000000
0.013966
0.115770
0.115770
0.115770
0.115770
0.129736
0.129736
0.129736
0.129736
0.129736
0.129736
0.029981
0.221852
0.029981
0.000000
0.099755
0.016016
0.129736
0.129736
0.197363
0.029981
0.129736
0.029981
0.029981
0.129736
0.129736
0.029981
0.029981
0.129736
0.197363
0.029981
0.191871
0.425584
0.029981
0.221852
0.029981
0.029981
0.197363
0.129736
0.093492
0.197363
0.197363
0.197363
0.029981
0.029981
0.029981
0.000000
0.029981
0.029981
0.129736
0.129736
0.029981
0.000000
0.000000
0.029981
0.029981
0.029981
0.029981
0.029981
0.029981
0.029981
0.129736
0.029981
0.029981
0.029981
0.029981
0.029981
0.029981
0.129736
0.129736
0.029981
0.029981
0.029981
0.197207
0.129736
0.029981
0.129736
0.029981
0.029981
0.029981
0.029981
0.129736
0.129736
0.129736
0.129736
0.029981
0.129736
0.029981
0.029981
0.029981
0.029981
0.115770
0.129736
0.029981
0.029981
0.029981
0.029981
0.029981
0.029981
0.029981
0.029981
0.129736
0.029981
0.029981
0.029981
0.029981
0.129736
0.129736
0.029981
0.029981
0.029981
0.029981
0.029981
0.029981
0.097609
0.161119
0.097609
0.097609
0.097609
0.097609
0.161119
0.161119
0.161119
0.197363
0.029981
0.197363
0.197363
0.161119
0.161119
0.161119
0.260874
0.029981
0.029981
0.197363
0.197363
0.029981
0.029981
0.129736
0.029981
0.097609
0.221852
0.129736
0.029981
0.197207
0.029981
0.129736
0.197207
0.029981
0.029981
0.029981
0.029981
0.161119
0.029981
0.029981
0.115770
0.029981
0.029981
0.029981
0.029981
0.029981
0.029981
0.129736
0.000000
0.191871
0.129736
0.333029
0.000000
0.141158
0.074901
0.000000
0.074901
0.141158
0.141158
0.099755
0.000000
0.000000
0.000000
0.166012
0.166012
0.099755
0.240913
0.240913
0.240913
0.141158
0.141158
0.166012
0.141158
0.240913
0.240913
0.240913
0.284797
0.318499
0.141158
0.141158
0.240913
0.141158
0.318499
0.284797
0.240913
0.218744
0.218744
0.218744
0.318499
0.218744
0.318499
0.318499
0.318499
0.318499
0.318499
0.218744
0.318499
0.318499
0.318499
0.318499
0.318499
0.318499
0.218744
0.318499
0.318499
0.318499
0.318499
0.318499
0.318499
0.335611
0.218744
0.284797
0.218744
0.318499
0.318499
0.218744
0.318499
0.318499
0.318499
0.318499
0.318499
0.318499
0.318499
0.318499
0.318499
0.335611
0.218744
0.218744
0.318499
0.318499
0.318499
0.318499
0.318499
0.318499
0.218744
0.318499
0.318499
0.318499
0.318499
0.318499
0.318499
0.318499
0.435366
0.435366
0.435366
0.369313
0.369313
0.335611
0.435366
0.335611
0.335611
0.435366
0.435366
0.435366
0.435366
0.435366
0.435366
0.435366
0.435366
0.335611
0.435366
0.335611
0.435366
0.335611
0.435366
0.435366
0.435366
0.435366
0.435366
0.502837
0.435366
0.335611
0.435366
0.369313
0.435366
0.435366
0.369313
0.318499
0.318499
0.318499
0.318499
0.318499
0.318499
0.318499
0.318499
0.318499
0.369313
0.435366
0.369313
0.369313
0.369313
0.318499
0.369313
0.369313
0.435366
0.335611
0.335611
0.435366
0.435366
0.435366
0.369313
0.369313
0.318499
0.318499
0.318499
0.335611
0.369313
0.369313
0.369313
0.284797
0.435366
0.435366
0.435366
0.435366
0.435366
0.435366
0.435366
0.435366
0.435366
0.335611
0.335611
0.335611
0.435366
0.335611
0.435366
0.335611
0.335611
0.435366
0.335611
0.335611
0.435366
0.335611
0.369313
0.318499
0.369313
0.318499
0.318499
0.318499
0.318499
0.318499
0.318499
0.318499
0.318499
0.318499
0.318499
0.369313
0.369313
0.218744
0.369313
0.369313
0.318499
0.318499
0.435366
0.318499
0.369313
0.318499
0.318499
0.369313
0.318499
0.318499
0.318499
0.318499
0.218744
0.318499
0.318499
0.318499
0.318499
0.218744
0.318499
0.318499
0.278523
0.278523
0.318499
0.318499
0.278523
0.278523
0.278523
0.278523
0.318499
0.318499
0.385970
0.218744
0.218744
0.318499
0.318499
0.318499
0.318499
0.218744
0.318499
0.318499
0.318499
0.218744
0.318499
0.218744
0.318499
0.318499
0.318499
0.318499
0.369313
0.369313
0.318499
0.318499
0.278523
0.318499
0.318499
0.385970
0.318499
0.318499
0.318499
0.318499
0.318499
0.278523
0.318499
0.318499
0.318499
0.318499
0.318499
0.318499
0.318499
0.278523
0.278523
0.278523
0.278523
0.278523
0.278523
0.278523
0.278523
0.278523
0.278523
0.278523
0.278523
0.278523
0.278523
0.141158
0.240913
0.240913
0.240913
0.240913
0.278523
0.178769
0.278523
0.278523
0.278523
0.218744
0.278523
0.278523
0.278523
0.318499
0.318499
0.318499
0.318499
0.218744
0.141158
0.278523
0.141158
0.240913
0.240913
0.240913
0.240913
0.240913
0.240913
0.240913
0.240913
0.240913
0.240913
0.240913
0.240913
0.240913
0.240913
0.240913
0.240913
0.240913
0.240913
0.240913
0.240913
0.240913
0.240913
0.240913
0.141158
0.240913
0.240913
0.240913
0.240913
0.141158
0.240913
0.240913
0.240913
0.240913
0.240913
0.240913
0.240913
0.240913
0.240913
0.240913
0.240913
0.141158
0.240913
0.240913
0.240913
0.240913
0.141158
0.240913
0.141158
0.240913
0.240913
0.141158
0.240913
0.240913
0.240913
0.240913
0.141158
0.240913
0.240913
0.141158
0.141158
0.141158
0.166012
0.166012
0.066257
0.166012
0.166012
0.166012
0.166012
0.066257
0.166012
0.000000
0.000000
0.099755
0.099755
0.099755
0.099755
0.099755
0.099755
0.099755
0.099755
0.000000
0.000000
0.000000
0.099755
0.000000
0.000000
0.166012
0.166012
0.066257
0.066257
0.141158
0.000000
0.240913
0.141158
0.141158
0.141158
0.240913
0.141158
0.141158
0.240913
0.141158
0.141158
0.141158
0.240913
0.240913
0.240913
0.240913
0.240913
0.278523
0.278523
0.218744
0.318499
0.178769
0.278523
0.318499
0.218744
0.318499
0.318499
0.318499
0.318499
0.218744
0.318499
0.318499
0.318499
0.318499
0.318499
0.318499
0.318499
0.318499
0.218744
0.218744
0.218744
0.218744
0.218744
0.318499
0.318499
0.318499
0.318499
0.318499
0.318499
0.318499
0.218744
0.318499
0.318499
0.318499
0.318499
0.318499
0.318499
0.278523
0.318499
0.318499
0.318499
0.318499
0.218744
0.218744
0.318499
0.278523
0.318499
0.141158
0.278523
0.141158
0.141158
0.141158
0.240913
0.141158
0.240913
0.141158
0.240913
0.240913
0.240913
0.141158
0.240913
0.141158
0.240913
0.240913
0.240913
0.240913
0.240913
0.240913
0.240913
0.240913
0.141158
0.240913
0.240913
0.240913
0.240913
0.240913
0.240913
0.240913
0.141158
0.166012
0.166012
0.166012
0.166012
0.166012
0.166012
0.166012
0.166012
0.099755
0.099755
0.166012
0.099755
0.099755
0.099755
0.099755
0.099755
0.099755
0.099755
0.099755
0.000000
0.099755
0.099755
0.099755
0.099755
0.166012
0.141158
0.000000
0.099755
0.000000
0.074901
0.166012
0.141158
0.141158
0.240913
0.141158
0.240913
0.240913
0.240913
0.240913
0.141158
0.240913
0.240913
0.141158
0.141158
0.240913
0.141158
0.141158
0.141158
0.141158
0.240913
0.240913
0.240913
0.141158
0.141158
0.240913
0.141158
0.240913
0.141158
0.141158
0.240913
0.141158
0.240913
0.240913
0.141158
0.240913
0.240913
0.240913
0.141158
0.240913
0.240913
0.141158
0.240913
0.240913
0.240913
0.240913
0.240913
0.240913
0.240913
0.240913
0.240913
0.240913
0.240913
0.141158
0.141158
0.240913
0.240913
0.141158
0.141158
0.240913
0.240913
0.240913
0.240913
0.240913
0.240913
0.240913
0.141158
0.166012
0.166012
0.166012
0.240913
0.240913
0.141158
0.240913
0.240913
0.240913
0.141158
0.141158
0.166012
0.166012
0.240913
0.240913
0.141158
0.240913
0.240913
0.166012
0.166012
0.240913
0.240913
0.240913
0.240913
0.240913
0.240913
0.240913
0.166012
0.166012
0.166012
0.166012
0.099755
0.099755
0.099755
0.099755
0.000000
0.099755
0.099755
0.099755
0.099755
0.099755
0.000000
0.099755
0.099755
0.099755
0.000000
0.000000
0.099755
0.099755
0.099755
0.099755
0.099755
0.141158
0.000000
0.099755
0.099755
0.166012
0.166012
0.099755
0.099755
0.166012
0.099755
0.099755
0.166012
0.099755
0.099755
0.099755
0.166012
0.000000
0.099755
0.099755
0.099755
0.099755
0.099755
0.099755
0.099755
0.099755
0.099755
0.099755
0.099755
0.099755
0.166012
0.141158
0.240913
0.141158
0.240913
0.166012
0.166012
0.166012
0.240913
0.141158
0.166012
0.166012
0.141158
0.240913
0.240913
0.240913
0.240913
0.240913
0.240913
0.240913
0.141158
0.240913
0.240913
0.240913
0.240913
0.240913
0.240913
0.240913
0.240913
0.240913
0.240913
0.240913
0.240913
0.240913
0.240913
0.240913
0.166012
0.166012
0.166012
0.166012
0.166012
0.166012
0.000000
0.099755
0.099755
0.099755
0.099755
0.099755
0.099755
0.099755
0.099755
0.099755
0.099755
0.099755
0.099755
0.166012
0.099755
0.166012
0.099755
0.166012
0.166012
0.166012
0.166012
0.166012
0.166012
0.240913
0.240913
0.240913
0.166012
0.166012
0.166012
0.240913
0.240913
0.240913
0.166012
0.166012
0.166012
0.166012
0.166012
0.166012
0.166012
0.166012
0.166012
0.166012
0.166012
0.166012
0.166012
0.166012
0.166012
0.099755
0.099755
0.099755
0.099755
0.099755
0.099755
0.099755
0.099755
0.099755
0.099755
0.099755
0.099755
0.000000
0.099755
0.099755
0.099755
0.099755
0.099755
0.099755
0.099755
0.099755
0.099755
0.099755
0.099755
0.099755
0.099755
0.099755
0.099755
0.099755
0.099755
0.099755
0.099755
0.099755
0.099755
0.099755
0.099755
0.099755
0.099755
0.099755
0.099755
0.099755
0.099755
0.099755
0.099755
0.099755
0.099755
0.099755
0.099755
0.099755
0.099755
0.099755
0.099755
0.099755
0.099755
0.099755
0.099755
0.099755
0.099755
0.099755
0.099755
0.099755
0.099755
0.099755
0.099755
0.099755
0.099755
0.099755
0.099755
0.099755
0.099755
0.099755
0.099755
0.099755
0.099755
0.099755
0.099755
0.099755
0.099755
