0.409195
0.411917
0.411282
0.412823
0.414245
0.415178
0.419247
0.418075
0.416110
0.423511
0.420661
0.423116
0.426567
0.428492
0.432799
0.444774
0.442517
0.441396
0.442017
0.441536
0.441052
0.440666
0.444366
0.444370
0.446337
0.461612
0.471272
0.505247
0.466400
0.451234
0.456204
0.469084
0.471333
0.492203
0.489122
0.468030
0.455514
0.446788
0.440938
0.437529
0.421702
0.384845
0.362772
0.342644
0.337197
0.333440
0.324734
0.322374
0.323150
0.320885
0.316629
0.311966
0.306469
0.299480
0.295499
0.291157
0.288233
0.286751
0.287057
0.287790
0.285160
0.283391
0.281623
0.268345
0.248687
0.227663
0.211698
0.192801
0.185267
0.177993
0.172485
0.166120
0.159976
0.173028
0.239275
0.152443
0.150259
0.148800
0.148596
0.153576
0.163269
0.161828
0.162835
0.152352
0.151353
0.154082
0.159043
0.161286
0.156261
0.134325
0.120694
0.115304
0.101209
0.085449
0.080367
0.055108
0.049010
0.050894
0.061178
0.075667
0.063686
0.043250
0.086308
0.189774
0.240293
0.123380
0.048796
0.085425
0.069677
0.119881
0.201233
0.284692
0.289435
0.289810
0.269712
0.258756
0.247530
0.254805
0.261666
0.276572
0.291389
0.285200
0.286628
0.279220
0.277448
0.278943
0.278113
0.277348
0.276664
0.276397
0.275570
0.274915
0.274182
0.276099
0.280711
0.283666
0.279194
0.277577
0.275267
0.277014
0.275020
0.292919
0.311906
0.304827
0.296442
0.301474
0.339861
0.327193
0.338659
0.357244
0.308618
0.292513
0.303046
0.305606
0.318526
0.339892
0.338827
0.327422
0.330418
0.327554
0.325961
0.329555
0.343313
0.345348
0.343104
0.330418
0.329749
0.307781
0.298883
0.279409
0.260814
0.239947
0.209593
0.173084
0.163133
0.165244
0.169225
0.174753
0.191078
0.215708
0.226694
0.223251
0.223103
0.219310
0.215497
0.210403
0.210579
0.211385
0.211041
0.210680
0.213968
0.229101
0.241420
0.262190
0.262412
0.286303
0.294032
0.299121
0.768499
0.318618
0.325704
0.316687
0.314982
0.316161
0.316552
0.318106
0.318439
0.322098
0.327395
0.324402
0.331040
0.341525
0.341025
0.340597
0.325056
0.304138
0.305724
0.309749
0.311173
0.317420
0.316839
0.170950
0.177018
0.059656
0.081831
0.049307
0.144326
0.222444
0.269693
0.251844
0.193861
0.087070
0.019610
0.059831
0.077767
0.110581
0.127564
0.136425
0.134255
0.130449
0.136463
0.148380
0.145520
0.132425
0.102295
0.064628
0.025415
0.012484
0.038310
0.060821
0.085874
0.096839
0.105660
0.106204
0.111879
0.121266
0.154949
0.181727
0.205056
0.201983
0.199404
0.178926
0.158287
0.128790
0.106681
0.916847
0.874011
0.153165
0.167966
0.186292
0.197323
0.202488
0.204336
0.209796
0.205600
0.202447
0.198372
0.194942
0.182346
0.143302
0.063386
0.253486
0.300277
0.353053
0.294446
0.285782
0.337093
0.319430
0.303846
0.288965
0.276628
0.264011
0.258389
0.257243
0.249968
0.217138
0.152911
0.106056
0.140166
0.179394
0.187829
0.188940
0.196020
0.215946
0.223300
0.252195
0.272899
0.307019
0.344419
0.376243
0.366402
0.313196
0.290165
0.283663
0.267844
0.237581
0.214204
0.198582
0.206128
0.217741
0.219573
0.209746
0.220406
0.236780
0.288179
0.311297
0.320980
0.352331
0.340693
0.327546
0.354070
0.292108
0.186554
0.188707
0.250075
0.281361
0.259739
0.252508
0.254726
0.258219
0.251211
0.219049
0.185698
0.164312
0.154106
0.163549
0.154818
0.093635
0.052849
0.017300
0.092555
0.234075
0.274623
0.271406
0.263570
0.258944
0.253467
0.243162
0.226027
0.211257
0.176617
0.160847
0.070101
0.114198
0.179471
0.199420
0.226256
0.234253
0.244660
0.257528
0.260289
0.304152
0.338241
0.361415
0.402273
0.433668
0.464817
0.495796
0.502169
0.502315
0.500042
0.498709
0.503181
0.514084
0.534610
0.517638
0.508707
0.528534
0.554012
0.661490
0.561602
0.590695
0.614864
0.560622
0.478347
0.434187
0.365858
0.316007
0.287313
0.256520
0.214563
0.146125
0.170448
0.127358
0.151404
0.207831
0.154397
0.112954
0.140943
0.151169
0.167892
0.200168
0.179155
0.172376
0.163429
0.150222
0.133225
0.125521
0.100547
0.073798
0.071042
0.064810
0.044640
0.017732
0.033371
0.053060
0.067959
0.082722
0.105685
0.136729
0.164458
0.189302
0.213621
0.234143
0.246737
0.258157
0.270662
0.279226
0.281509
0.280073
0.274285
0.263143
0.248684
0.229831
0.198720
0.176085
0.138477
0.124898
0.097136
0.087340
0.082099
0.080385
0.116072
0.142860
0.153018
0.150823
0.152971
0.156439
0.163087
0.184744
0.209130
0.277996
0.314622
0.307055
0.351872
0.386083
0.408381
0.404427
0.403505
0.471428
0.465577
0.475801
0.492778
0.496921
0.496703
0.505241
0.524993
0.536578
0.543243
0.487396
0.469421
0.462673
0.451435
0.439925
0.381018
0.358329
0.344967
0.357293
0.366065
0.355871
0.345182
0.332792
0.325178
0.324354
0.340076
0.355259
0.392450
0.437051
0.430672
0.421675
0.415047
0.406406
0.419833
0.427023
0.370738
0.352946
0.315096
0.236050
0.144093
0.136954
0.144842
0.152704
0.146561
0.124895
0.091441
0.090653
0.077807
0.034777
0.102159
0.158071
0.170108
0.182637
0.214700
0.240981
0.291474
0.326877
0.323249
0.297015
0.268826
0.275139
0.283600
0.254726
0.198443
0.172185
0.191725
0.218101
0.215524
0.189030
0.139310
0.096252
0.070656
0.070488
0.125446
0.184859
0.206539
0.221421
0.278708
0.322978
0.327652
0.319814
0.329306
0.319523
0.315481
0.312073
0.306713
0.306411
0.295584
0.288032
0.265734
0.225795
0.183093
0.166034
0.160252
0.165011
0.170240
0.171976
0.162880
0.147062
0.122024
0.167548
0.189913
0.184297
0.140574
0.122708
0.082549
0.010834
0.073188
0.087064
0.064075
0.025078
0.070025
0.110456
0.094617
0.067657
0.063294
0.095313
0.113769
0.104636
0.103739
0.082751
0.073511
0.085046
0.077894
0.075013
0.069404
0.062689
0.047581
0.022181
0.014860
0.018395
0.019790
0.043907
0.058131
0.065191
0.077938
0.097659
0.103124
0.104050
0.104849
0.110552
0.115931
0.119676
0.121820
0.123674
0.122818
0.131570
0.135891
0.140765
0.137942
0.137469
0.137281
0.140589
0.141732
0.138291
0.134361
0.129457
0.125536
0.137014
0.142828
0.145205
0.148998
0.149940
0.144191
0.145205
0.146500
0.139819
0.133989
0.131095
0.129157
0.133805
0.144040
0.143325
0.142344
0.139289
0.135981
0.136195
0.138871
0.148071
0.157566
0.166312
0.167639
0.167595
0.161990
0.150375
0.145979
0.139695
0.124923
0.114987
0.115718
0.113777
0.108741
0.111445
0.109999
0.106118
0.107318
0.108815
0.112760
0.114752
0.111220
0.107586
0.109250
0.110494
0.111099
0.115312
0.118929
0.116515
0.121027
0.124018
0.128467
0.137868
0.143255
0.144256
0.145742
0.141615
0.141615
0.139223
0.140503
0.140074
0.136409
0.132695
0.129722
0.133161
0.138610
0.141661
0.146546
0.147877
0.144228
0.145951
0.138768
0.135457
0.138187
0.137891
0.134095
0.131744
0.130899
0.128543
0.128581
0.128906
0.126500
0.122796
0.124612
0.116068
0.113694
0.113742
0.111849
0.114898
0.118792
0.118790
0.119819
0.121636
0.122247
0.125507
0.127049
0.126090
0.119055
0.120910
0.116765
0.119578
0.122390
0.126864
0.128463
0.128242
0.125861
0.117312
0.117029
0.117751
0.118842
0.119021
0.120371
0.127320
0.129702
0.127032
0.123525
0.123848
0.122410
0.121468
0.123206
0.126959
0.125670
0.129374
0.127851
0.130970
0.137845
0.139857
0.138443
0.127443
0.127237
0.128002
0.129848
0.130748
0.136553
0.140494
0.141424
0.137633
0.134873
0.136537
0.131970
0.131152
0.130192
0.130076
0.131211
0.134528
0.143055
0.145781
0.149949
0.155057
0.150734
0.144181
0.140076
0.136875
0.131457
0.128897
0.122159
0.116324
0.115573
0.118752
0.122717
0.123398
0.124703
0.124681
0.124248
0.121026
0.120547
0.117694
0.120704
0.121517
0.120502
0.112808
0.109834
0.102980
0.105163
0.104216
0.110830
0.109182
0.104696
0.111354
0.118092
0.120660
0.120660
0.116744
0.110143
0.104693
0.104854
0.104887
0.106977
0.107036
0.107739
0.103379
0.102058
0.104227
0.103358
0.116126
0.121688
0.116048
0.102906
0.098059
0.099118
0.096590
0.095914
0.098804
0.112504
0.131907
0.126476
0.133150
0.122866
0.107875
0.101673
0.093747
0.092339
0.091010
0.091152
0.091116
0.091345
0.091810
0.092607
0.091942
0.093205
0.096095
0.099269
0.100293
0.102226
0.102507
0.101527
0.100349
0.099793
0.099709
0.100796
0.099865
0.100847
0.100953
0.111220
0.111822
0.110667
0.114237
0.116983
0.117710
0.119083
0.113091
0.111632
0.105792
0.104754
0.107966
0.105395
0.105395
0.107115
0.108826
0.108299
0.112298
0.112731
0.114979
0.113148
0.115931
0.119067
0.117218
0.115232
0.112848
0.112331
0.117760
0.115947
0.120428
0.125490
0.128685
0.126377
0.124365
0.122695
0.119676
0.128478
0.133362
0.131665
0.128356
0.122473
0.115064
0.106849
0.106363
0.100959
0.102622
0.108965
0.117855
0.118666
0.116709
0.118370
0.117789
0.119506
0.116082
0.116613
0.119836
0.118369
0.118710
0.115417
0.115406
0.112342
0.114435
0.112731
0.113215
0.114967
0.114947
0.112598
0.111045
0.110098
0.111301
0.112104
0.108889
0.108518
0.106479
0.103223
0.107371
0.107254
0.105342
0.103056
0.101941
0.102563
0.101937
0.100622
0.097962
0.097609
0.096320
0.093284
0.095125
0.099265
0.098967
0.099548
0.105003
0.117468
0.112817
0.120091
0.122588
0.123073
0.126363
0.127475
0.124897
0.118464
0.111764
0.109815
0.113794
0.119077
0.120941
0.115778
0.115725
0.122879
0.128748
0.119767
0.113849
0.103430
0.111334
0.124047
0.121512
0.118577
0.118577
0.123066
0.127374
0.123157
0.107981
0.092227
0.087773
0.089264
0.089053
0.091549
0.088361
0.083543
0.085980
0.084399
0.089053
0.092722
0.096239
0.093771
0.097268
0.098104
0.102486
0.107587
0.106891
0.108780
0.106265
0.106796
0.103315
0.091362
0.087721
0.090899
0.088575
0.087190
0.085106
0.084435
0.089083
0.089202
0.093773
0.094555
0.094555
0.088469
0.083606
0.075560
0.071964
0.071964
0.072184
0.080439
0.082154
0.083781
0.086546
0.093755
0.089497
0.084304
0.082844
0.079476
0.077748
0.081773
0.082608
0.082274
0.080085
0.080413
0.083867
0.084461
1.000000
0.082856
0.084469
0.085199
0.085493
0.088070
0.097430
0.104554
0.099980
0.093515
0.088661
0.087916
0.087704
0.087622
0.087405
0.088559
0.087249
0.088784
0.089637
0.092142
0.093133
0.091290
0.090613
0.090897
0.091590
0.095788
0.097584
0.102675
0.105165
0.106082
0.108889
0.109538
0.112104
0.108417
0.111647
0.117149
0.115054
0.108783
0.100311
0.100311
0.097431
0.098123
0.095884
0.099403
0.100453
0.100028
0.102647
0.104117
0.103020
0.097234
0.091548
0.090699
0.091960
0.090221
0.091862
0.096541
0.102138
0.103545
0.103545
0.112163
0.114938
0.119839
0.120992
0.120135
0.118791
0.116932
0.117882
0.108031
0.084023
0.089376
0.084410
0.087035
0.092015
0.089495
0.084659
0.300358
0.302385
0.310607
0.305205
0.307816
0.311033
0.314135
0.317400
0.318127
0.321172
0.323380
0.325621
0.327984
0.328245
0.329824
0.330365
0.331155
0.331523
0.334036
0.344726
0.350501
0.350944
0.349376
0.346217
0.350168
0.353256
0.350161
0.345787
0.346094
0.350976
0.353067
0.351953
0.350051
0.345488
0.345962
0.354551
0.355386
0.346732
0.344553
0.346221
0.350268
0.346873
0.342035
0.340035
0.345003
0.344366
0.340545
0.340119
0.339047
0.339047
0.336484
0.338621
0.334260
0.333053
0.331747
0.327508
0.326972
0.325239
0.323483
0.323141
0.322810
0.320992
0.320173
0.315304
0.313838
0.311989
0.311820
0.314850
0.314804
0.310792
0.311154
0.310288
0.309408
0.307753
0.307754
0.307184
0.306506
0.305895
0.051710
0.056769
0.057248
0.058963
0.059901
0.060452
0.059392
0.059312
0.060727
0.059286
0.057906
0.062562
0.065479
0.065680
0.059655
0.056576
0.053703
0.055621
0.055575
0.056277
0.054661
0.056003
0.060280
0.060833
0.064776
0.068521
0.073053
0.063589
0.069210
0.072899
0.079853
0.083467
0.081269
0.076793
0.076307
0.071278
0.063070
0.062642
0.057200
0.059003
0.052014
0.046490
0.041833
0.042626
0.041833
0.043285
0.040157
0.041266
0.041629
0.046392
0.046014
0.049736
0.046092
0.042556
0.041354
0.038030
0.043297
0.045339
0.048104
0.047082
0.046910
0.046017
0.045104
0.049467
0.052161
0.054958
0.055434
0.055346
0.053771
0.051597
0.050818
0.051546
0.051379
0.052077
0.049220
0.047769
0.046865
0.046865
0.050211
0.050555
0.046597
0.048823
0.049898
0.045666
0.042456
0.041248
0.038587
0.033663
0.036820
0.039097
0.044114
0.044647
0.049187
0.051172
0.050802
0.050268
0.049903
0.050395
0.050506
0.050364
0.052782
0.054068
0.056420
0.067773
0.063356
0.061859
0.053382
0.050333
0.051066
0.052156
0.051220
0.051362
0.059876
0.056475
0.048817
0.045745
0.049701
0.046870
0.043180
0.046657
0.046979
0.048478
0.049293
0.046239
0.040319
0.041019
0.037835
0.043018
0.046705
0.032684
0.030565
0.030888
0.037245
0.024798
0.026625
0.024087
0.027372
0.026006
0.016889
0.001739
0.001616
0.000830
0.002044
0.002990
0.004426
0.004344
0.012804
0.020914
0.018564
0.030095
0.027641
0.028348
0.035161
0.037852
0.037674
0.041088
0.045275
0.038295
0.017324
0.000894
0.023382
0.034445
0.036324
0.021790
0.018168
0.021795
0.034655
0.049506
0.046452
0.041726
0.041884
0.029873
0.004925
0.000466
0.004168
0.009082
0.013546
0.001864
0.001263
0.006608
0.028217
0.014592
0.007864
0.001576
0.003538
0.007021
0.039503
0.016580
0.003855
0.014428
0.014112
0.002804
0.013999
0.021061
0.006612
0.005536
0.004034
0.006747
0.006053
0.006500
0.005329
0.016496
0.019799
0.025007
0.029628
0.037631
0.042936
0.044422
0.044422
0.045728
0.044703
0.041432
0.038915
0.035524
0.039371
0.045212
0.043836
0.044576
0.042423
0.038387
0.037426
0.038995
0.036637
0.037929
0.034723
0.036889
0.043177
0.045627
0.045141
0.046554
0.040554
0.030163
0.029519
0.021754
0.013777
0.017476
0.012048
0.018395
0.018395
0.018395
0.006525
0.006512
0.000921
0.005026
0.007096
0.006107
0.002485
0.002462
0.001905
0.001870
0.001218
0.001473
0.001702
0.001913
0.016922
0.016803
0.018742
0.016008
0.002563
0.002478
0.008639
0.022915
0.023287
0.017301
0.015226
0.008013
0.004298
0.019211
0.019211
0.021342
0.024436
0.029222
0.026139
0.028888
0.023833
0.009971
0.004255
0.007078
0.012970
0.011497
0.005705
0.017799
0.018181
0.014465
0.016231
0.013815
0.021813
0.017355
0.014521
0.010117
0.014184
0.022256
0.021576
0.019152
0.021576
0.019717
0.018374
0.016518
0.021612
0.023587
0.025929
0.025356
0.011267
0.006510
0.004391
0.003027
0.008520
0.007851
0.003780
0.006876
0.009971
0.013481
0.015945
0.018016
0.020176
0.013961
0.007985
0.012776
0.023916
0.032054
0.038682
0.035441
0.033236
0.033224
0.030055
0.025240
0.026611
0.028321
0.028714
0.035524
0.040717
0.039255
0.037319
0.036215
0.036615
0.040155
0.039917
0.034426
0.036974
0.036178
0.042135
0.037217
0.038694
0.037192
0.039178
0.040129
0.039909
0.037173
0.037008
0.038509
0.040187
0.039782
0.041574
0.043573
0.045753
0.045999
0.047743
0.050107
0.045665
0.045394
0.050534
0.591940
0.531632
0.132199
0.335103
0.643725
0.591849
0.621021
0.607278
0.542931
0.325966
0.474271
0.557279
0.561002
0.584641
0.501731
0.041541
0.032801
0.037280
0.033901
0.026369
0.025565
0.015252
0.005526
0.012751
0.023674
0.019764
0.012466
0.012466
0.003761
0.012466
0.016010
0.009232
0.013842
0.023233
0.016925
0.005158
0.000207
0.002196
0.002133
0.009829
0.005682
0.003008
0.018865
0.009257
0.000179
0.000228
0.004321
0.007539
0.002872
0.004292
0.012610
0.015457
0.015514
0.022528
0.027477
0.025128
0.018131
0.010349
0.010349
0.010349
0.020488
0.015361
0.017263
0.019162
0.018287
0.023108
0.022397
0.027308
0.029331
0.032696
0.033919
0.038126
0.044176
0.039492
0.035379
0.040319
0.041769
0.036907
0.040787
0.035407
0.039584
0.037570
0.043857
0.045984
0.049230
0.048722
0.051910
0.051002
0.047252
0.046330
0.027882
0.017059
0.025696
0.021651
0.020659
0.011300
0.000920
0.000423
0.000879
0.000382
0.000189
0.016691
0.020884
0.019492
0.023448
0.023201
0.032482
0.043633
0.040706
0.038373
0.036045
0.038630
0.034358
0.023201
0.007604
0.004354
0.011934
0.001567
0.000036
0.004321
0.007508
0.016555
0.020990
0.027975
0.030453
0.022736
0.010435
0.010438
0.005954
0.001299
0.007456
0.002002
0.003508
0.000661
0.001957
0.004700
0.004676
0.013758
0.017382
0.017476
0.018350
0.021719
0.021754
0.026811
0.033694
0.032172
0.025353
0.027626
0.026792
0.031520
0.035040
0.035430
0.031503
0.038462
0.034947
0.033078
0.035508
0.035341
0.034449
0.036592
0.032646
0.035188
0.034411
0.037271
0.039385
0.044749
0.043619
0.043935
0.047301
0.043595
0.042489
0.044079
0.039259
0.030684
0.022958
0.022227
0.018452
0.020257
0.022436
0.019630
0.017335
0.013634
0.011658
0.007490
0.011693
0.000803
0.005793
0.001486
0.002243
0.002268
0.000367
0.001531
0.005971
0.005857
0.004170
0.009047
0.007434
0.012656
0.020477
0.023112
0.026247
0.019056
0.021519
0.021519
0.025202
0.035653
0.034579
0.038253
0.040140
0.041896
0.040319
0.043544
0.044516
0.042856
0.042280
0.040547
0.043554
0.035409
0.031039
0.017867
0.000053
0.009811
0.009826
0.011010
0.012374
0.015080
0.018250
0.025717
0.025784
0.020302
0.018681
0.010389
0.010443
0.008247
0.003610
0.003640
0.004599
0.004677
0.002458
0.004027
0.008107
0.002734
0.005400
0.014143
0.009915
0.013612
0.004815
0.008520
0.006115
0.005618
0.009057
0.010792
0.011255
0.012704
0.023696
0.018655
0.015105
0.016875
0.010837
0.014199
0.020012
0.019243
0.020411
0.020411
0.020706
0.027150
0.027150
0.027007
0.030820
0.032998
0.034581
0.034067
0.034581
0.037209
0.039065
0.035875
0.040000
0.039682
0.041019
0.043770
0.045443
0.043399
0.042486
0.046531
0.045906
0.045906
0.046315
0.046679
0.042609
0.044631
0.044335
0.044335
0.042896
0.038403
0.036529
0.036026
0.035436
0.038459
0.038459
0.039627
0.036894
0.034960
0.030948
0.036755
0.039127
0.036082
0.037592
0.037136
0.036847
0.038774
0.038310
0.035930
0.037254
0.036973
0.037254
0.037066
0.031685
0.034737
0.032607
0.029222
0.028231
0.027535
0.027751
0.027751
0.029384
0.032322
0.029738
0.029130
0.026617
0.031177
0.032274
0.031993
0.032590
0.031665
0.028996
0.028996
0.032348
0.025080
0.027222
0.022703
0.025080
0.029477
0.029052
0.031371
0.030422
0.028667
0.026194
0.021369
0.024334
0.024901
0.022553
0.021822
0.023234
0.021734
0.021734
0.020647
0.020695
0.018307
0.011861
0.011861
0.002014
0.000772
0.002664
0.000489
0.000699
0.001569
0.001263
0.002665
0.003546
0.002665
0.000699
0.004452
0.007625
0.015516
0.013501
0.019112
0.017231
0.023130
0.021665
0.020447
0.024508
0.020633
0.511035
0.555885
0.580547
0.502417
0.568284
0.217560
0.232889
0.473817
0.499410
0.506809
0.562661
0.432360
0.321552
0.173155
0.022450
0.009087
0.014479
0.016382
0.019741
0.017129
0.018112
0.020447
0.017129
0.020615
0.018321
0.018254
0.019265
0.013596
0.014633
0.014527
0.012842
0.014527
0.012842
0.011919
0.073331
0.407975
0.028477
0.019895
0.017370
0.015686
0.010992
0.006401
0.009561
0.015740
0.023222
0.026344
0.020817
0.020712
0.017619
0.019434
0.016024
0.019546
0.023498
0.020960
0.022658
0.026597
0.028810
0.023926
0.020414
0.013892
0.016678
0.016660
0.020422
0.021937
0.023587
0.028218
0.026800
0.026433
0.022740
0.025080
0.031815
0.026820
0.026820
0.029391
0.058315
0.551508
0.583979
0.541674
0.444373
0.444255
0.301857
0.127317
0.061404
0.534206
0.588650
0.506052
0.027097
0.026717
0.029868
0.031993
0.497313
0.617047
0.290707
0.045819
0.321820
0.646730
0.642715
0.607458
0.541871
0.575298
0.595451
0.663312
0.599931
0.455621
0.304490
0.297837
0.147851
0.037038
0.037828
0.039909
0.040287
0.043080
0.043965
0.042708
0.044938
0.040758
0.035784
0.031567
0.032279
0.037942
0.031507
0.032224
0.035219
0.040070
0.042292
0.038535
0.039619
0.041362
0.026983
0.027308
0.023108
0.026887
0.023532
0.016624
0.016599
0.010604
0.007527
0.010611
0.011775
0.014497
0.009151
0.004367
0.000042
0.000082
0.000433
0.000196
0.000000
0.002909
0.267017
0.315583
0.104012
0.000188
0.001737
0.000788
0.000917
0.000123
0.000082
0.011684
0.013385
0.015390
0.018234
0.012402
0.016558
0.010596
0.012644
0.012649
0.007557
0.003176
0.007557
0.000373
0.011690
0.016494
0.021595
0.019741
0.009248
0.010578
0.013528
0.013528
0.013564
0.013596
0.020817
0.020712
0.021928
0.019241
0.017366
0.019926
0.018254
0.017231
0.017129
0.015490
0.015499
0.007621
0.010589
0.019142
0.019084
0.016382
0.009102
0.010576
0.007536
0.012402
0.010444
0.018183
0.014270
0.016315
0.013385
0.366139
0.471368
0.270551
0.059598
0.367868
0.498686
0.478973
0.538268
0.015373
0.008968
0.007493
0.007414
0.011585
0.016559
0.012409
0.483229
0.456786
0.453337
0.448629
0.084190
0.037173
0.372134
0.494969
0.552068
0.530296
0.541583
0.499520
0.424073
0.283801
0.028500
0.032872
0.032231
0.024477
0.024679
0.023885
0.015574
0.010633
0.009124
0.013928
0.004354
0.007610
0.004461
0.008153
0.006164
0.011722
0.014599
0.008641
0.015734
0.010688
0.007227
0.004057
0.004057
0.005994
0.011300
0.013241
0.017768
0.020382
0.022117
0.013525
0.004918
0.004918
0.001470
0.001766
0.010448
0.005441
0.002011
0.002696
0.002108
0.001660
0.002071
0.002029
0.002437
0.002247
0.002247
0.012411
0.007211
0.012295
0.004478
0.018497
0.021139
0.023295
0.022065
0.020016
0.025476
0.025476
0.028326
0.026525
0.023607
0.024921
0.020747
0.020816
0.022989
0.024306
0.023012
0.022421
0.023306
0.027010
0.027135
0.027353
0.031662
0.032621
0.035304
0.036324
0.034488
0.037592
0.039288
0.039389
0.035998
0.029279
0.029498
0.021598
0.023958
0.024863
0.030579
0.031489
0.032394
0.023243
0.021234
0.013065
0.007104
0.007189
0.007189
0.008674
0.007192
0.011747
0.016743
0.011794
0.013424
0.011778
0.013689
0.021768
0.018564
0.016946
0.456236
0.469078
0.461427
0.683719
0.370882
0.504314
0.101003
0.033078
0.043586
0.497798
0.451758
0.467011
0.518232
0.310333
0.026715
0.025519
0.024834
0.025999
0.026264
0.055178
0.479331
0.184731
0.030598
0.027599
0.022265
0.021499
0.014846
0.014846
0.010449
0.436468
0.446484
0.474456
0.438371
0.184449
0.024834
0.027954
0.268725
0.449054
0.495386
0.454307
0.480353
0.478566
0.497760
0.486873
0.508329
0.517545
0.508710
0.453945
0.451914
0.348474
0.136546
0.064666
0.031949
0.030075
0.017476
0.019557
0.016275
0.019686
0.017098
0.017643
0.017918
0.022779
0.017918
0.017918
0.020566
0.017918
0.013996
0.013996
0.013763
0.015674
0.017098
0.013880
0.014702
0.013177
0.015674
0.018844
0.017270
0.014794
0.013149
0.013254
0.013996
0.015674
0.018844
0.020148
0.022317
0.021737
0.016772
0.014794
0.017918
0.016275
0.018844
0.017918
0.018245
0.020615
0.028099
0.028583
0.022784
0.028099
0.021658
0.022784
0.018120
0.016652
0.019936
0.017579
0.014965
0.014943
0.013536
0.012301
0.012895
0.012767
0.015835
0.016779
0.022727
0.018568
0.026939
0.020511
0.029226
0.133398
0.429022
0.304129
0.089397
0.029324
0.012378
0.012127
0.012297
0.012127
0.013100
0.013753
0.012153
0.013753
0.012537
0.012297
0.011738
0.011746
0.018379
0.011820
0.018388
0.013670
0.012636
0.012466
0.017405
0.015884
0.014548
0.019071
0.021394
0.019630
0.020204
0.021835
0.018892
0.019002
0.023895
0.022423
0.022473
0.026808
0.016428
0.021094
0.025899
0.024540
0.026049
0.027538
0.029524
0.026496
0.026443
0.023252
0.017238
0.018776
0.015829
0.020633
0.027613
0.396777
0.467387
0.459669
0.471742
0.451900
0.462414
0.363633
0.039811
0.432416
0.417637
0.435032
0.440780
0.094031
0.018444
0.018249
0.018181
0.018282
0.021776
0.021947
0.020452
0.019238
0.018405
0.019091
0.023834
0.427118
0.444408
0.442407
0.115678
0.034639
0.348769
0.422078
0.437987
0.455418
0.520746
0.498737
0.433505
0.414603
0.036620
0.019630
0.019855
0.019444
0.019965
0.020843
0.021015
0.020631
0.020631
0.022569
0.021877
0.023368
0.022672
0.022049
0.021168
0.020480
0.020467
0.020133
0.020991
0.020112
0.020939
0.020760
0.020275
0.020565
0.020331
0.022362
0.021586
0.020516
0.021727
0.021050
0.436051
0.090277
0.425597
0.418316
0.314878
0.121836
0.023174
0.020098
0.021698
0.024461
0.020329
0.021698
0.019717
0.019737
0.019774
0.024811
0.427665
0.444495
0.064888
0.348598
0.435916
0.474670
0.463842
0.503399
0.488817
0.412046
0.124913
0.039955
0.026656
0.027684
0.035175
0.025928
0.031758
0.034664
0.028713
0.031188
0.033217
0.035028
0.031980
0.030454
0.028316
0.040327
0.038569
0.029312
0.035390
0.037227
0.043370
0.032265
0.035783
0.036860
0.033337
0.039458
0.035418
0.040004
0.035036
0.037963
0.040012
0.038004
0.030078
0.034224
0.033744
0.031646
0.032900
0.032774
0.038585
0.041181
0.046698
0.042473
0.042473
0.040206
0.037008
0.032742
0.032445
0.034704
0.033896
0.032828
0.033841
0.034385
0.034194
0.035018
0.034385
0.034048
0.035314
0.034844
0.037552
0.037552
0.044938
0.048401
0.037201
0.041286
0.041286
0.041685
0.043925
0.042625
0.052638
0.044515
0.040420
0.043153
0.049672
0.043278
0.039195
0.043278
0.041043
0.041791
0.042117
0.041823
0.043449
0.042117
0.043987
0.042585
0.041818
0.042649
0.043655
0.043219
0.043933
0.044136
0.044280
0.044873
0.044610
0.045058
0.046540
0.044633
0.045574
0.046901
0.048208
0.046800
0.046776
0.047633
0.047633
0.045696
0.047730
0.046989
0.046967
0.050383
0.048533
0.046569
0.048320
0.047633
0.046590
0.046041
0.047255
0.046355
0.047200
0.047274
0.048361
0.047353
0.045930
0.046638
0.045912
0.045930
0.045933
0.044034
0.043749
0.045930
0.045843
0.045151
0.043859
0.042522
0.045151
0.044257
0.042640
0.044257
0.045739
0.043927
0.044257
0.043219
0.045388
0.044280
0.045739
0.044873
0.047730
0.052907
0.046776
0.057720
0.046989
0.046758
0.048740
0.053098
0.048740
0.048119
0.047633
0.049371
0.048954
0.048954
0.048921
0.048878
0.049238
0.048530
0.049635
0.048530
0.049167
0.048906
0.048530
0.049110
0.049680
0.049838
0.049296
0.049353
0.049635
0.049680
0.049110
0.050077
0.050532
0.050747
0.049821
0.049424
0.051072
0.050313
0.051258
0.052040
0.050531
0.050633
0.050480
0.052024
0.051235
0.051649
0.392049
0.051090
0.051383
0.051775
0.052514
0.052812
0.053382
0.053382
0.052909
0.052995
0.054364
0.053382
0.053834
0.054145
0.053834
0.053352
0.053349
0.053833
0.053720
0.052040
0.431867
0.470093
0.438480
0.430705
0.365595
0.400709
0.540579
0.434681
0.436480
0.063715
0.056422
0.056093
0.056887
0.056692
0.056422
0.059121
0.057770
0.060243
0.059251
0.057919
0.058604
0.062797
0.424381
0.429010
0.422102
0.257298
0.148915
0.059425
0.149887
0.419626
0.484194
0.460965
0.427124
0.173829
0.069523
0.060866
0.063106
0.064129
0.061262
0.060051
0.061432
0.061348
0.060866
0.060219
0.060506
0.061764
0.062742
0.061571
0.062388
0.060219
0.062333
0.062388
0.066208
0.062388
0.064113
0.065241
0.068482
0.064508
0.063430
0.066921
0.063012
0.064857
0.064906
0.066153
0.064906
0.064508
0.064508
0.064747
0.067006
0.067633
0.066153
0.068775
0.067633
0.067633
0.067006
0.068643
0.068306
0.067533
0.069354
0.069026
0.068643
0.069515
0.069648
0.069026
0.069955
0.071793
0.072069
0.072671
0.071758
0.072828
0.070237
0.071238
0.071910
0.071796
0.071910
0.072802
0.073010
0.073010
0.073844
0.073323
0.074129
0.073957
0.074346
0.073840
0.074163
0.074577
0.075471
0.074947
0.075129
0.075226
0.075568
0.076917
0.075452
0.075387
0.076268
0.076587
0.077849
0.076590
0.077026
0.077249
0.076388
0.077588
0.077407
0.077453
0.078193
0.077164
0.078036
0.078193
0.077710
0.080200
0.080458
0.078508
0.082896
0.079575
0.080075
0.079917
0.081615
0.079917
0.080142
0.080713
0.081868
0.081290
0.084478
0.082937
0.082937
0.082260
0.086840
0.082937
0.084274
0.081868
0.084274
0.083224
0.083636
0.082842
0.085991
0.083354
0.228968
0.408199
0.409853
0.408199
0.406981
0.405733
0.404263
0.404594
0.386018
0.236464
0.122339
0.085636
0.108036
0.182819
0.190405
0.450864
0.394252
0.430452
0.186195
0.084576
0.085468
0.085468
0.086293
0.085286
0.087836
0.086714
0.086582
0.088607
0.087990
0.087625
0.087990
0.088650
0.088607
0.090537
0.088607
0.090088
0.093048
0.091527
0.093048
0.089923
0.093349
0.090067
0.092330
0.091806
0.093048
0.090088
0.087463
0.086892
0.090067
0.091436
0.090567
0.090930
0.092340
0.094139
0.091497
0.094139
0.094391
0.092478
0.092926
0.091244
0.094057
0.091806
0.094238
0.094391
0.092926
0.092423
0.086372
0.089787
0.088650
0.090067
0.391312
0.433290
0.396636
0.123848
0.432906
0.438576
0.468533
0.455227
0.156569
0.091781
0.088057
0.090667
0.089278
0.089272
0.090622
0.091492
0.090974
0.089272
0.090284
0.093229
0.092396
0.093229
0.094407
0.093229
0.095353
0.094649
0.095836
0.095036
0.095036
0.096061
0.093366
0.094238
0.095995
0.092196
0.095149
0.095995
0.094694
0.095995
0.096657
0.096061
0.093229
0.091976
0.090667
0.091005
0.089272
0.090164
0.089272
0.092340
0.090567
0.091522
0.089015
0.087379
0.086956
0.085073
0.083396
0.083321
0.083601
0.085039
0.083601
0.087352
0.084070
0.086141
0.086141
0.086934
0.085197
0.082725
0.083884
0.083601
0.086109
0.083953
0.089422
0.092781
0.096693
0.092781
0.092781
0.083601
0.088669
0.090284
0.087295
0.095023
0.092063
0.096275
0.079436
0.080197
0.078551
0.079588
0.080106
0.080410
0.080410
0.080118
0.079622
0.078393
0.078036
0.078551
0.077300
0.078373
0.076986
0.076547
0.076413
0.075562
0.075983
0.074346
0.072541
0.073138
0.087569
0.087569
0.082086
0.070633
0.073938
0.079663
0.068903
0.068903
0.068914
0.078389
0.067172
0.071017
0.071293
0.063817
0.061744
0.077060
0.080268
0.078403
0.069776
0.076924
0.079423
0.077543
0.066648
0.070575
0.077620
0.079288
0.077707
0.073234
0.072541
0.076859
0.081231
0.074339
0.072459
0.079398
0.080397
0.081708
0.077639
0.074246
0.088632
0.078062
0.083699
0.084313
0.081157
0.085800
0.083139
0.078655
0.083139
0.087233
0.081807
0.075960
0.077980
0.077428
0.091549
0.082004
0.084989
0.086201
0.082103
0.088603
0.088114
0.084321
0.085871
0.085871
0.081794
0.086096
0.092515
0.088146
0.088146
0.083393
0.090779
0.088146
0.089393
0.089393
0.088146
0.086738
0.088146
0.093563
0.088170
0.095699
0.096109
0.089852
0.092515
0.094031
0.094031
0.089222
0.092515
0.098632
0.098868
0.093125
0.090360
0.094268
0.101454
0.100327
0.095730
0.098308
0.101454
0.099478
0.100091
0.103778
0.104236
0.095981
0.092471
0.098184
0.097408
0.105106
0.106992
0.099875
0.096561
0.101130
0.092503
0.094655
0.098595
0.097115
0.099543
0.100720
0.094506
0.096288
0.097228
0.093414
0.089426
0.090679
0.093414
0.097558
0.093462
0.097826
0.094827
0.097184
0.096742
0.095757
0.096005
0.096005
0.096005
0.095097
0.094019
0.095097
0.097663
0.098324
0.095386
0.098951
0.093373
0.095219
0.095219
0.097920
0.093400
0.095662
0.098080
0.093688
0.094486
0.097497
0.097491
0.096410
0.097168
0.102562
0.109791
0.116410
0.119335
0.114135
0.106435
0.113376
0.106873
0.110312
0.109710
0.108152
0.104594
0.108152
0.112295
0.112295
0.107211
0.102562
0.101495
0.098675
0.102610
0.106853
0.103315
0.103165
0.100227
0.098286
0.097168
0.099139
0.096410
0.097695
0.100158
0.106090
0.098506
0.098506
0.100616
0.103389
0.103389
0.111668
0.109310
0.109310
0.097077
0.105257
0.100179
0.104615
0.100766
0.102987
0.102987
0.105904
0.101903
0.104057
0.099121
0.097920
0.095361
0.094673
0.092201
0.092967
0.094300
0.093743
0.088092
0.090505
0.090687
0.089916
0.092948
0.092446
0.092760
0.091521
0.090716
0.092671
0.093932
0.096242
0.092328
0.091611
0.089417
0.094565
0.090906
0.090906
0.095304
0.098126
0.090803
0.089738
0.093417
0.087840
0.091235
0.092687
0.088975
0.086548
0.085302
0.084011
0.081272
0.089071
0.093647
0.086901
0.095836
0.090586
0.086954
0.086246
0.084468
0.085260
0.086954
0.085792
0.083429
0.088096
0.085792
0.091839
0.087863
0.091070
0.093832
0.100456
0.098737
0.092224
0.087770
0.165298
0.099219
0.096981
0.098737
0.103787
0.099723
0.104160
0.102114
0.103787
0.104160
0.107739
0.108413
0.113333
0.113495
0.109529
0.112389
0.105086
0.107739
0.108908
0.107751
0.113333
0.112369
0.110931
0.106230
0.106230
0.106601
0.109529
0.113333
0.099219
0.106601
0.106230
0.111731
0.105621
0.102697
0.112247
0.105621
0.108413
0.095283
0.105621
0.101263
0.103173
0.100680
0.103173
0.105621
0.098737
0.093145
0.095283
0.089674
0.095283
0.095283
0.099723
0.092224
0.090740
0.095797
0.102114
0.093145
0.097664
0.096055
0.097664
0.088104
0.085643
0.098471
0.097078
0.108908
0.111747
0.109467
0.107484
0.104166
0.105786
0.097078
0.094609
0.094609
0.106369
0.102113
0.105786
0.102113
0.097078
0.105786
0.097078
0.099942
0.100523
0.104166
0.104166
0.104166
0.106369
0.094609
0.106369
0.100650
0.093534
0.105376
0.101477
0.106973
0.103642
0.102113
0.099942
0.098052
0.094385
0.093534
0.101477
0.094385
0.096143
0.094962
0.088046
0.086080
0.094962
0.091106
0.086080
0.083343
0.084694
0.083343
0.077035
0.080208
0.076173
0.077035
0.078083
0.079319
0.078083
0.079055
0.091469
0.081406
0.083495
0.084628
0.079055
0.084628
0.094072
0.084081
0.089639
0.091983
0.090073
0.096543
0.096543
0.089639
0.086282
0.087441
0.088861
0.085735
0.085735
0.082740
0.088861
0.086853
0.083136
0.085452
0.077912
0.081801
0.076686
0.080131
0.079763
0.081801
0.081104
0.087744
0.081801
0.084602
0.095179
0.092641
0.087985
0.096729
0.085663
0.088978
0.091904
0.091302
0.091302
0.089895
0.095669
0.094531
0.089895
0.094097
0.098872
0.097873
0.088861
0.092641
0.087744
0.095669
0.090771
0.080734
0.087744
0.081343
0.084504
0.082740
0.079192
0.081801
0.081801
0.076686
0.079763
0.081801
0.078221
0.081801
0.076475
0.075847
0.081104
0.083170
0.079399
0.079399
0.081104
0.077645
0.081104
0.073950
0.088978
0.086673
0.090557
0.084019
0.084445
0.088698
0.086179
0.077131
0.084019
0.084019
0.071735
0.075716
0.075847
0.079246
0.076335
0.078674
0.076335
0.072203
0.074008
0.093577
0.072203
0.078538
0.077131
0.074828
0.076335
0.068151
0.076335
0.075603
0.078538
0.078538
0.068151
0.070852
0.072312
0.069448
0.067752
0.067752
0.075603
0.069923
0.071937
0.074619
0.078997
0.070837
0.069278
0.073486
0.073486
0.076162
0.074619
0.075571
0.078054
0.082944
0.069278
0.071384
0.079544
0.073091
0.077351
0.079544
0.070148
0.071865
0.070148
0.075571
0.070148
0.071384
0.075241
0.067820
0.071296
0.070148
0.068770
0.071865
0.070148
0.072672
0.072672
0.072672
0.078727
0.071144
0.074695
0.071865
0.082226
0.078727
0.079110
0.072672
0.072672
0.081797
0.074695
0.076487
0.077180
0.077351
0.075090
0.074695
0.076487
0.081036
0.088530
0.077351
0.071384
0.073486
0.075028
0.084915
0.075571
0.081036
0.085135
0.079544
0.074619
0.083225
0.077351
0.079544
0.070148
0.075571
0.074236
0.071231
0.074619
0.070837
0.081691
0.088715
0.086003
0.092909
0.083847
0.086003
0.081971
0.080531
0.086003
0.089706
0.086003
0.083433
0.089081
0.093747
0.096526
0.092557
0.092953
0.100178
0.096479
0.101020
0.098852
0.094934
0.099067
0.103901
0.099067
0.091060
0.093305
0.096729
0.100134
0.099414
0.095179
0.099966
0.098353
0.096729
0.087985
0.087744
0.090441
0.092641
0.097410
0.090441
0.087744
0.084834
0.090441
0.094097
0.096295
0.100612
0.100881
0.102994
0.104509
0.102994
0.103571
0.097088
0.101833
0.088861
0.085735
0.085735
0.085735
0.089639
0.094072
0.090073
0.095130
0.094072
0.088656
0.088656
0.090743
0.095130
0.093115
0.098230
0.087760
0.094790
0.096774
0.096253
0.097461
0.090589
0.096774
0.101454
0.099105
0.091469
0.090589
0.079710
0.089620
0.088887
0.104093
0.108537
0.111178
0.109120
0.100523
0.109120
0.109169
0.095465
0.109467
0.103642
0.097078
0.092190
0.092772
0.107421
0.108908
0.099942
0.098471
0.092190
0.092772
0.083345
0.094609
0.093888
0.091513
0.084354
0.088521
0.093145
0.099723
0.092137
0.090740
0.088521
0.082755
0.081035
0.092137
0.083886
0.092772
0.091106
0.088631
0.092190
0.097009
0.086065
0.090740
0.092137
0.099723
0.089674
0.083277
0.081035
0.086824
0.088521
0.086824
0.086824
0.083277
0.080210
0.078175
0.077233
0.079734
0.074403
0.075013
0.081949
0.092137
0.083277
0.079734
0.082755
0.076726
0.081949
0.079182
0.078772
0.083886
0.081035
0.078147
0.076726
0.075013
0.070837
0.070270
0.066838
0.067012
0.065679
0.068326
0.066838
0.069569
0.071678
0.069975
0.065268
0.067568
0.065556
0.065763
0.065897
0.065239
0.068909
0.065897
0.066910
0.066469
0.065570
0.065074
0.069633
0.072414
0.070474
0.076814
0.070228
0.069633
0.065342
0.072625
0.072625
0.071297
0.081780
0.075737
0.080900
0.076498
0.071869
0.073671
0.072625
0.071297
0.075737
0.072625
0.073232
0.078083
0.076609
0.085628
0.086717
0.093931
0.090037
0.083343
0.081982
0.079710
0.079475
0.075788
0.077911
0.082222
0.076610
0.074622
0.070474
0.069442
0.075992
0.077602
0.082588
0.081949
0.079182
0.081035
0.085012
0.074403
0.077827
0.075615
0.079665
0.079496
0.084203
0.089814
0.092290
0.087865
0.085256
0.082364
0.085934
0.084693
0.084693
0.083471
0.085792
0.082158
0.083429
0.086759
0.082866
0.087467
0.089878
0.085422
0.081631
0.082308
0.080925
0.083873
0.080625
0.087689
0.080639
0.084966
0.092446
0.091620
0.088715
0.095836
0.094838
0.076043
0.073269
0.075034
0.071281
0.078233
0.075355
0.076961
0.069880
0.076961
0.075034
0.076440
0.075555
0.074270
0.076961
0.070522
0.072028
0.074409
0.072772
0.078297
0.072772
0.073748
0.070956
0.066246
0.067972
0.065938
0.072718
0.066246
0.067846
0.069865
0.064793
0.062442
0.063748
0.065039
0.062458
0.059893
0.058827
0.057199
0.060335
0.056337
0.058022
0.056692
0.055331
0.059536
0.057658
0.061924
0.065337
0.065328
0.066246
0.066458
0.067207
0.067972
0.067207
0.069996
0.068901
0.063931
0.064707
0.064707
0.063748
0.067731
0.063748
0.063931
0.062827
0.060335
0.056181
0.060546
0.062458
0.058141
0.058141
0.054603
0.051384
0.053640
0.053972
0.052331
0.053486
0.053486
0.050798
0.052331
0.050187
0.052331
0.049342
0.054488
0.054058
0.053153
0.048546
0.049089
0.050393
0.047639
0.043724
0.047639
0.055308
0.044918
0.045219
0.042041
0.045219
0.045219
0.045510
0.047244
0.044129
0.044918
0.047639
0.044918
0.046166
0.046638
0.048421
0.045060
0.054894
0.050393
0.050798
0.051835
0.053486
0.050393
0.050393
0.051802
0.044918
0.052789
0.054631
0.054603
0.049342
0.048398
0.053486
0.051181
0.050393
0.045991
0.046471
0.050677
0.053239
0.046325
0.049763
0.049763
0.050259
0.045086
0.045683
0.049763
0.045991
0.045991
0.046471
0.044083
0.044002
0.050677
0.046325
0.047014
0.040793
0.044571
0.040793
0.043885
0.050771
0.044002
0.051223
0.050316
0.049893
0.053260
0.052092
0.052840
0.053999
0.057123
0.055226
0.061865
0.055919
0.054515
0.057163
0.056767
0.055245
0.049912
0.055843
0.053515
0.058122
0.051698
0.057283
0.055427
0.052035
0.048911
0.049261
0.055486
0.069482
0.071298
0.072347
0.071920
0.061756
0.061756
0.061756
0.061884
0.073814
0.076694
0.077315
0.078470
0.077916
0.074357
0.071971
0.065168
0.067191
0.066278
0.062388
0.063065
0.060971
0.063163
0.062215
0.061440
0.060188
0.064767
0.060188
0.063163
0.061558
0.055738
0.053166
0.055358
0.053166
0.049806
0.053814
0.061558
0.057649
0.055294
0.054089
0.055358
0.049543
0.052484
0.051063
0.058393
0.061029
0.054089
0.053166
0.055358
0.053809
0.055358
0.059599
0.054089
0.054668
0.054089
0.055294
0.057086
0.057022
0.062037
0.059707
0.059707
0.056183
0.051782
0.053575
0.053282
0.054096
0.049287
0.047683
0.046790
0.050721
0.051062
0.055641
0.059225
0.050721
0.049287
0.052414
0.053769
0.048290
0.055231
0.053769
0.049148
0.048290
0.053193
0.056188
0.058532
0.063369
0.061817
0.066097
0.065405
0.064688
0.072403
0.073443
0.077476
0.070591
0.072973
0.069045
0.073560
0.068766
0.072186
0.079004
0.077882
0.076962
0.064993
0.070873
0.069130
0.072352
0.072453
0.066172
0.058954
0.061901
0.069441
0.063014
0.069441
0.062365
0.067970
0.065119
0.066142
0.067051
0.065599
0.066142
0.061901
0.066142
0.056081
0.061901
0.063793
0.059937
0.052638
0.053966
0.064085
0.062953
0.064085
0.065119
0.072224
0.076372
0.075675
0.077217
0.074162
0.074795
0.071576
0.073561
0.074960
0.077780
0.080303
0.081156
0.076346
0.084798
0.089103
0.090962
0.093426
0.083106
0.083803
0.081702
0.074804
0.071852
0.076395
0.068967
0.065801
0.065801
0.060908
0.052405
0.051697
0.051775
0.055626
0.055764
0.068269
0.065801
0.064344
0.068205
0.071004
0.065801
0.063168
0.071004
0.070755
0.080273
0.072359
0.068029
0.068660
0.074246
0.071509
0.071509
0.067805
0.076808
0.070853
0.074981
0.078709
0.069855
0.072541
0.073234
0.077620
0.082253
0.071217
0.082645
0.075914
0.085416
0.081588
0.080640
0.077543
0.071638
0.077935
0.073594
0.068145
0.074452
0.079290
0.070552
0.072887
0.064163
0.071253
0.066235
0.056929
0.060106
0.061377
0.058136
0.057015
0.057015
0.056204
0.056020
0.056289
0.056310
0.055636
0.055636
0.057198
0.063739
0.069832
0.066648
0.078506
0.068267
0.068263
0.074721
0.081588
0.080333
0.079781
0.078846
0.075415
0.081381
0.077835
0.087413
0.090648
0.082195
0.072007
0.076698
0.067389
0.076698
0.072391
0.069723
0.079678
0.073529
0.081939
0.066058
0.064104
0.071304
0.072432
0.077616
0.075720
0.065212
0.065481
0.072432
0.069923
0.076774
0.080706
0.076774
0.073673
0.078389
0.082051
0.076410
0.078986
0.068596
0.068896
0.069354
0.071193
0.069026
0.071591
0.071376
0.073899
0.072406
0.071621
0.072406
0.072667
0.073383
0.073540
0.073840
0.074803
0.075983
0.088359
0.075983
0.074988
0.079661
0.095528
0.090809
0.104827
0.105380
0.102521
0.111015
0.105542
0.083507
0.086934
0.084483
0.086680
0.086385
0.085362
0.086780
0.088535
0.086780
0.094279
0.093973
0.092037
0.092037
0.093973
0.091061
0.092433
0.092512
0.096910
0.098753
0.096214
0.097157
0.102772
0.098543
0.106658
0.112926
0.104661
0.111762
0.110241
0.107136
0.107136
0.102635
0.102172
0.104081
0.102956
0.102317
0.105309
0.110325
0.110298
0.109511
0.108698
0.107214
0.108097
0.107214
0.110370
0.107214
0.113566
0.113793
0.116256
0.113793
0.115102
0.115813
0.115102
0.117478
0.117725
0.117478
0.115467
0.119310
0.117076
0.118862
0.120986
0.117534
0.117698
0.113621
0.113982
0.111329
0.112764
0.110553
0.120955
0.122125
0.119999
0.112912
0.115928
0.116843
0.117001
0.112610
0.112265
0.109938
0.113227
0.107185
0.108463
0.112610
0.109127
0.107161
0.108463
0.108604
0.106043
0.107208
0.107718
0.108463
0.107524
0.107718
0.107016
0.113180
0.108604
0.107208
0.107718
0.111488
0.110579
0.109893
0.110325
0.113231
0.109919
0.110579
0.112384
0.111434
0.112526
0.113116
0.114923
0.113231
0.117725
0.113982
0.112526
0.115813
0.116934
0.115467
0.115138
0.115467
0.114520
0.120553
0.117070
0.122610
0.121918
0.119806
0.124275
0.122610
0.117478
0.121435
0.120421
0.119436
0.118753
0.120421
0.120421
0.117939
0.123386
0.121152
0.123630
0.121918
0.121918
0.122622
0.124311
0.126213
0.125627
0.118753
0.126213
0.118753
0.126213
0.121152
0.126213
0.124160
0.125627
0.124590
0.126102
0.123371
0.128680
0.126107
0.129339
0.126102
0.130893
0.130583
0.129982
0.132607
0.128751
0.130184
0.129982
0.125892
0.128017
0.125295
0.121708
0.122276
0.127245
0.121708
0.116945
0.114424
0.115840
0.115840
0.114827
0.114363
0.114035
0.116539
0.117642
0.120383
0.116990
0.117445
0.115111
0.114082
0.115466
0.113779
0.113151
0.112805
0.112580
0.113408
0.115743
0.115146
0.115146
0.114113
0.114152
0.119032
0.116332
0.116318
0.118231
0.120424
0.116470
0.117675
0.117182
0.117832
0.120337
0.119860
0.119534
0.122628
0.121570
0.122019
0.123428
0.127852
0.126090
0.125335
0.127350
0.130176
0.133008
0.133008
0.131648
0.132954
0.132993
0.133389
0.134407
0.134609
0.135814
0.135441
0.138303
0.138303
0.137438
0.136527
0.136527
0.139063
0.138565
0.140622
0.148064
0.147075
0.141310
0.142007
0.143212
0.142754
0.148064
0.148064
0.145840
0.144241
0.152889
0.146481
0.147928
0.151559
0.154165
0.153610
0.152881
0.147755
0.151796
0.148432
0.148432
0.145963
0.151559
0.154926
0.154824
0.160016
0.152771
0.154824
0.158113
0.165516
0.156921
0.156195
0.156267
0.162886
0.158044
0.163343
0.160611
0.160960
0.163082
0.159098
0.155446
0.155446
0.155446
0.154513
0.158037
0.159874
0.154513
0.150505
0.152729
0.149610
0.153387
0.148342
0.142596
0.135760
0.135441
0.136319
0.137135
0.139899
0.143567
0.137825
0.140942
0.139136
0.139819
0.142167
0.138303
0.142914
0.142059
0.137845
0.141310
0.142809
0.143857
0.140049
0.141170
0.146050
0.143785
0.147003
0.147003
0.148509
0.150038
0.156739
0.153793
0.150831
0.152129
0.149489
0.152273
0.151647
0.152797
0.152797
0.154720
0.158859
0.160356
0.157763
0.151631
0.150831
0.152797
0.146487
0.143407
0.147633
0.153601
0.148006
0.149118
0.150592
0.153668
0.152669
0.151134
0.147515
0.148636
0.148874
0.145750
0.154166
0.155455
0.155036
0.155168
0.166402
0.164995
0.170843
0.157193
0.172455
0.182663
0.184116
0.185134
0.184212
0.182642
0.179358
0.176826
0.176091
0.170933
0.172139
0.172983
0.173203
0.171189
0.167315
0.168837
0.168698
0.176606
0.178818
0.183980
0.182969
0.183919
0.179447
0.178851
0.178318
0.178318
0.179302
0.177624
0.180260
0.181937
0.184807
0.184416
0.183036
0.183918
0.189029
0.181772
0.185562
0.185697
0.181772
0.190016
0.183036
0.187409
0.186856
0.188891
0.185697
0.183785
0.185889
0.185889
0.189526
0.185889
0.189526
0.181296
0.185098
0.190126
0.183776
0.184207
0.185216
0.194000
0.198498
0.196214
0.193862
0.196479
0.195631
0.191066
0.191383
0.186983
0.192496
0.195668
0.194947
0.200134
0.194947
0.198377
0.199122
0.203420
0.199323
0.197246
0.200705
0.202292
0.201280
0.202764
0.201280
0.203550
0.201332
0.195067
0.194597
0.193878
0.191584
0.197973
0.198583
0.193978
0.190168
0.183079
0.183086
0.185878
0.177763
0.181158
0.180458
0.190164
0.190953
0.186291
0.187599
0.183080
0.182642
0.185805
0.185219
0.178050
0.183670
0.174221
0.177539
0.173450
0.169794
0.175269
0.172749
0.169803
0.171419
0.169549
0.168808
0.171252
0.173979
0.176224
0.199502
0.189607
0.195108
0.197008
0.189644
0.214014
0.242562
0.236533
0.250690
0.245745
0.238084
0.251782
0.263052
0.250555
0.239872
0.242442
0.240645
0.242697
0.245912
0.249057
0.249803
0.256053
0.263235
0.265085
0.265085
0.266614
0.269946
0.269946
0.269221
0.261318
0.257809
0.256324
0.259948
0.261764
0.263762
0.273086
0.290504
0.294012
0.310837
0.308961
0.312842
0.307708
0.351542
0.373432
0.399195
0.406549
0.385409
0.379460
0.378010
0.387111
0.359013
0.357881
0.369108
0.381246
0.359511
0.347536
0.347394
0.351765
0.354562
0.362988
0.376981
0.377394
0.387773
0.393426
0.409778
0.423245
0.411351
0.417177
0.430301
0.429765
0.429841
0.428623
0.495885
0.429421
0.431592
0.427234
0.430851
0.428652
0.423792
0.414537
0.404660
0.395153
0.391325
0.386203
0.381250
0.375534
0.370519
0.367289
0.362742
0.362299
0.356482
0.355714
0.353743
0.350239
0.350239
0.346689
0.343078
0.343235
0.345175
0.343170
0.339442
0.339068
0.338298
0.340657
0.338827
0.333896
0.330294
0.327689
0.325118
0.324767
0.318553
0.319349
0.314938
0.307342
0.300009
0.303842
0.295041
0.291661
0.289856
0.285002
0.281744
0.279593
0.281268
0.278963
0.276196
0.269407
0.265509
0.261243
0.261611
0.257333
0.256126
0.258375
0.254991
0.252497
0.250021
0.247668
0.248405
0.245860
0.244510
0.238987
0.237200
0.234070
0.232454
0.232102
0.229923
0.225528
0.226949
0.224232
0.221516
0.217518
0.215351
0.214695
0.209767
0.209767
0.204773
0.202089
0.200172
0.198959
0.199610
0.196926
0.193309
0.190177
0.191498
0.192649
0.190961
0.193829
0.192791
0.196258
0.196892
0.196892
0.198336
0.201841
0.199875
0.204651
0.203732
0.207043
0.206229
0.214850
0.221791
0.215824
0.221136
0.217163
0.215514
0.217818
0.218434
0.218431
0.225398
0.215824
0.210432
0.213085
0.214500
0.210432
0.215514
0.215514
0.213081
0.211874
0.211874
0.214348
0.217247
0.218158
0.217936
0.221595
0.221559
0.221593
0.225201
0.225470
0.228135
0.230891
0.231103
0.226128
0.227720
0.227070
0.227160
0.225497
0.229270
0.231525
0.227889
0.231175
0.229103
0.228341
0.228341
0.232863
0.231285
0.234149
0.237462
0.233749
0.236351
0.238758
0.241442
0.242967
0.244636
0.245654
0.244718
0.249812
0.249457
0.252596
0.259867
0.264152
0.260990
0.267258
0.276352
0.273470
0.279808
0.279100
0.278955
0.275141
0.279655
0.279622
0.279427
0.275185
0.274150
0.265843
0.266020
0.277692
0.279224
0.277262
0.269542
0.271221
0.271943
0.267257
0.265410
0.265857
0.260150
0.259727
0.258276
0.255609
0.254460
0.253613
0.252080
0.250686
0.247881
0.246145
0.244036
0.244036
0.239548
0.239028
0.234821
0.232316
0.233689
0.229154
0.228020
0.234459
0.233775
0.237966
0.239548
0.238233
0.236827
0.237151
0.233724
0.232628
0.234867
0.235749
0.234091
0.233342
0.231414
0.229466
0.228571
0.228946
0.232452
0.225164
0.219383
0.211969
0.207402
0.203270
0.196936
0.192569
0.187651
0.184507
0.178717
0.174411
0.171224
0.165403
0.161818
0.159077
0.158613
0.152639
0.150692
0.148118
0.143675
0.140219
0.137468
0.137516
0.135887
0.134292
0.130348
0.125929
0.123271
0.116843
0.109938
0.108199
0.103200
0.104508
0.106928
0.104790
0.118469
0.115988
0.114035
0.115748
0.124263
0.117571
0.125143
0.125626
0.124073
0.128335
0.132570
0.132273
0.142440
0.139026
0.136207
0.135684
0.124901
0.127865
0.126838
0.126387
0.127277
0.130707
0.133193
0.134831
0.134555
0.138687
0.154075
0.136904
0.140931
0.143276
0.157736
0.177648
0.210603
0.200252
0.201881
0.209316
0.204319
0.197725
0.198515
0.176875
0.185107
0.185887
0.192054
0.188726
0.191652
0.193462
0.196401
0.199449
0.201129
0.203770
0.206611
0.209301
0.210826
0.211092
0.213497
0.216297
0.220982
0.222872
0.226104
0.225194
0.231551
0.232998
0.239176
0.241442
0.242886
0.244718
0.248976
0.251873
0.253910
0.258955
0.264873
0.270541
0.275341
0.276052
0.280546
0.279960
0.283627
0.283909
0.284267
0.285990
0.288914
0.289432
0.289874
0.292982
0.295219
0.303611
0.306009
0.316083
0.320799
0.324024
0.336828
0.328993
0.331091
0.341206
0.349533
0.363306
0.369014
0.358130
0.371189
0.367747
0.364409
0.372933
0.376460
0.383012
0.387063
0.393366
0.400808
0.405209
0.418311
0.400842
0.389032
0.396035
0.383741
0.376414
0.366363
0.361308
0.350077
0.341717
0.333099
0.326245
0.314188
0.307183
0.297475
0.289551
0.284330
0.277395
0.265615
0.257674
0.255697
0.246580
0.240853
0.231257
0.225295
0.229016
0.229159
0.218794
0.216230
0.210366
0.206277
0.200234
0.190059
0.188185
0.180745
0.176136
0.172340
0.168574
0.163445
0.160223
0.155469
0.150079
0.147797
0.143083
0.138058
0.132701
0.132111
0.128673
0.123785
0.122114
0.120444
0.117387
0.111552
0.106667
0.102910
0.093142
0.083256
0.092671
0.102442
0.100877
0.102209
0.110180
0.128197
0.136566
0.134094
0.138346
0.134726
0.140978
0.146417
0.151056
0.155658
0.163602
0.169755
0.166874
0.160821
0.159451
0.157407
0.152569
0.156062
0.155051
0.153494
0.156843
0.163877
0.175751
0.185985
0.183811
0.186723
0.199021
0.191311
0.190566
0.189785
0.204335
0.191852
0.180212
0.163787
0.166050
0.159840
0.177182
0.193120
0.197865
0.196732
0.201657
0.207476
0.216912
0.229901
0.222154
0.204848
0.209313
0.209457
0.210976
0.201218
0.200859
0.203770
0.203365
0.206480
0.207996
0.214757
0.216297
0.220182
0.220511
0.222902
0.229994
0.239454
0.247081
0.248711
0.243475
0.234911
0.239176
0.239601
0.236573
0.241931
0.241493
0.244830
0.249080
0.247647
0.244001
0.238436
0.239232
0.234590
0.234605
0.230092
0.227160
0.223999
0.220737
0.220467
0.216469
0.217938
0.212013
0.206572
0.206352
0.204301
0.202538
0.203333
0.195124
0.193660
0.187004
0.192554
0.186834
0.187019
0.190310
0.201917
0.200309
0.205192
0.204168
0.202512
0.200754
0.200986
0.204261
0.203997
0.202863
0.205807
0.204756
0.204173
0.201946
0.201756
0.199931
0.197163
0.196300
0.192354
0.189960
0.186418
0.183511
0.178310
0.173421
0.170931
0.169124
0.164372
0.155636
0.136769
0.125951
0.125063
0.127795
0.127075
0.127388
0.127384
0.128257
0.129351
0.130858
0.130044
0.130264
0.130264
0.132089
0.133925
0.135629
0.140461
0.145349
0.156588
0.166844
0.163439
0.169699
0.161997
0.163044
0.161147
0.157780
0.159901
0.155519
0.154791
0.151528
0.149598
0.145446
0.144714
0.141296
0.138534
0.138232
0.137197
0.133627
0.133815
0.123526
0.114736
0.109511
0.111329
0.118850
0.120714
0.120955
0.128447
0.128935
0.127954
0.128956
0.127946
0.124586
0.124089
0.125302
0.124371
0.122976
0.119011
0.101415
0.102017
0.101287
0.116458
0.116932
0.110709
0.101646
0.105306
0.113227
0.124649
0.117001
0.116843
0.122716
0.127565
0.114520
0.116619
0.112877
0.124275
0.137959
0.136084
0.119271
0.112792
0.117843
0.132772
0.123947
0.121851
0.123683
0.116455
0.117096
0.115935
0.116470
0.117675
0.125275
0.133235
0.133876
0.126896
0.125461
0.127074
0.122427
0.121134
0.121030
0.129296
0.128655
0.133569
0.127436
0.126216
0.127277
0.155068
0.149151
0.151097
0.141951
0.136505
0.137496
0.143129
0.161251
0.153058
0.143514
0.146686
0.148832
0.146336
0.148069
0.150553
0.151871
0.151764
0.153627
0.155637
0.155994
0.163123
0.171099
0.165914
0.177930
0.181762
0.181368
0.173975
0.176081
0.189944
0.199266
0.212748
0.205841
0.207186
0.211059
0.206767
0.205820
0.200353
0.199095
0.195419
0.196097
0.194855
0.189448
0.188770
0.188188
0.183157
0.179707
0.177103
0.175945
0.173639
0.169675
0.170787
0.167308
0.166311
0.163609
0.156474
0.156660
0.152134
0.150009
0.147617
0.146398
0.147471
0.143519
0.140687
0.134931
0.133617
0.133485
0.135082
0.133842
0.131650
0.124894
0.118995
0.111728
0.112264
0.109945
0.109530
0.106590
0.101695
0.101003
0.100177
0.099870
0.095184
0.091635
0.090368
0.094746
0.091388
0.088139
0.089284
0.086936
0.084395
0.083696
0.081024
0.079673
0.077540
0.074050
0.075724
0.074220
0.065318
0.070533
0.061139
0.060918
0.064876
0.064960
0.063857
0.058981
0.053637
0.042512
0.032740
0.030790
0.036082
0.033545
0.033945
0.027816
0.025893
0.025894
0.027816
0.030950
0.033475
0.025279
0.416353
0.481486
0.368424
0.038547
0.034435
0.046860
0.043301
0.034258
0.043229
0.043126
0.039368
0.043871
0.031794
0.037063
0.036639
0.036269
0.035841
0.037604
0.032781
0.029030
0.025730
0.034743
0.028176
0.025078
0.019622
0.032730
0.037603
0.038936
0.042252
0.046578
0.048224
0.028392
0.024087
0.043243
0.065420
0.069668
0.071225
0.068422
0.065901
0.067252
0.066471
0.069406
0.064555
0.062563
0.057368
0.060573
0.057865
0.050632
0.055379
0.049804
0.049191
0.041927
0.043074
0.041669
0.033584
0.037840
0.040870
0.031011
0.013549
0.007029
0.024751
0.043900
0.046887
0.041706
0.043383
0.038234
0.042346
0.043953
0.042692
0.043478
0.041891
0.036153
0.033623
0.023677
0.023106
0.008963
0.010670
0.011027
0.013196
0.026066
0.028533
0.024087
0.010062
0.010835
0.010847
0.014200
0.013581
0.016111
0.012595
0.011130
0.011793
0.016890
0.020926
0.017870
0.027917
0.021969
0.018541
0.016755
0.014528
0.017265
0.018012
0.028911
0.028877
0.025487
0.016452
0.020554
0.017244
0.014380
0.016235
0.015176
0.014267
0.016814
0.011619
0.012856
0.016274
0.027825
0.045008
0.052036
0.051826
0.062910
0.069757
0.076541
0.071799
0.074383
0.070307
0.061374
0.060107
0.052889
0.044133
0.031877
0.028911
0.028811
0.028883
0.025007
0.017881
0.009819
0.009869
0.014807
0.025358
0.025395
0.016528
0.011041
0.009860
0.016606
0.013670
0.025634
0.027428
0.034783
0.029773
0.018505
0.020476
0.015481
0.025924
0.029723
0.014034
0.011675
0.003306
0.007411
0.023898
0.041352
0.048013
0.046239
0.042124
0.039795
0.030684
0.022242
0.005880
0.005868
0.000062
0.008027
0.018388
0.016909
0.022032
0.031460
0.032811
0.029771
0.018450
0.007168
0.009355
0.000195
0.020643
0.019111
0.000184
0.017229
0.024093
0.033133
0.027875
0.024311
0.030181
0.026386
0.026422
0.021089
0.035686
0.042693
0.045568
0.045568
0.039448
0.032467
0.028708
0.034012
0.032847
0.034315
0.049355
0.045065
0.045363
0.039480
0.034612
0.038433
0.035315
0.033984
0.034366
0.028602
0.024072
0.031356
0.027992
0.024553
0.024641
0.020286
0.023505
0.020648
0.030460
0.016466
0.009646
0.010709
0.019227
0.016098
0.014291
0.011401
0.016250
0.016584
0.014967
0.013923
0.011444
0.013151
0.009416
0.009501
0.018573
0.009590
0.013815
0.013815
0.023221
0.021451
0.020331
0.012797
0.009974
0.014085
0.011626
0.012946
0.015911
0.014459
0.010407
0.011381
0.011967
0.012527
0.011254
0.013799
0.011782
0.010900
0.011907
0.011132
0.011132
0.011226
0.011912
0.015892
0.012111
0.011944
0.013628
0.014504
0.015997
0.015347
0.018510
0.015299
0.020799
0.020485
0.020719
0.028447
0.023047
0.029994
0.027156
0.025631
0.012713
0.012564
0.019862
0.023064
0.018443
0.012839
0.012880
0.012635
0.012884
0.014270
0.014641
0.020625
0.015334
0.016773
0.013220
0.014544
0.015074
0.013474
0.013474
0.014752
0.022151
0.022188
0.014709
0.021532
0.020145
0.021664
0.016063
0.017389
0.019020
0.022151
0.014709
0.013187
0.013272
0.013276
0.013187
0.013581
0.013581
0.013474
0.013344
0.013276
0.019024
0.017926
0.013272
0.014059
0.014229
0.019689
0.019737
0.017389
0.013608
0.014289
0.015040
0.016043
0.020887
0.033686
0.033686
0.037414
0.039608
0.041329
0.041717
0.041850
0.045879
0.044289
0.042236
0.037169
0.033558
0.045388
0.054056
0.050885
0.037844
0.049534
0.048679
0.047428
0.049638
0.041279
0.036528
0.024633
0.020602
0.022361
0.029376
0.040462
0.037365
0.044166
0.037365
0.031909
0.032975
0.025718
0.025207
0.023684
0.025551
0.027415
0.026404
0.028509
0.027874
0.028376
0.034944
0.029263
0.027992
0.034944
0.029263
0.030518
0.030518
0.028082
0.028415
0.028999
0.027166
0.031218
0.027811
0.031299
0.038067
0.028703
0.029848
0.031299
0.035501
0.041407
0.042252
0.047588
0.046016
0.048100
0.046972
0.046786
0.046586
0.045940
0.044947
0.044979
0.040546
0.031102
0.026506
0.028901
0.029692
0.029536
0.028714
0.030311
0.028237
0.028237
0.026936
0.032519
0.025366
0.032443
0.030159
0.036784
0.028070
0.031352
0.023840
0.038276
0.049647
0.058038
0.057491
0.065109
0.081376
0.095916
0.092712
0.072210
0.065191
0.061083
0.052443
0.045051
0.028416
0.019578
0.018670
0.027053
0.020961
0.018466
0.025296
0.024219
0.018560
0.018926
0.021723
0.020547
0.023000
0.025076
0.020664
0.024953
0.021357
0.020687
0.023519
0.022464
0.021957
0.024195
0.027939
0.033669
0.031340
0.031643
0.027087
0.035950
0.037365
0.037365
0.038196
0.043081
0.044281
0.044370
0.043485
0.045115
0.033829
0.033583
0.031123
0.035735
0.030679
0.029536
0.029832
0.030965
0.029188
0.029188
0.031151
0.030952
0.030973
0.032197
0.032027
0.032824
0.032497
0.031676
0.034349
0.031151
0.036552
0.038760
0.040127
0.037168
0.038067
0.038733
0.035107
0.031218
0.028814
0.028814
0.028814
0.029832
0.030295
0.030880
0.029520
0.030479
0.031877
0.029376
0.029832
0.028707
0.033536
0.035656
0.032509
0.032509
0.033384
0.032824
0.031964
0.032629
0.034321
0.033216
0.032497
0.033216
0.039422
0.136988
0.722570
0.048585
0.049371
0.065829
0.039486
0.042479
0.045160
0.046049
0.040970
0.041051
0.044244
0.042363
0.045987
0.040127
0.033922
0.041051
0.035578
0.043936
0.047612
0.045210
0.040936
0.040936
0.036764
0.043562
0.037837
0.038694
0.040632
0.040784
0.048695
0.045510
0.038818
0.039839
0.044733
0.042831
0.042049
0.050115
0.054684
0.055571
0.051825
0.052361
0.051259
0.045416
0.041518
0.043456
0.041389
0.045824
0.048143
0.045615
0.058136
0.058796
0.059837
0.054610
0.058702
0.065703
0.064561
0.057868
0.057060
0.060392
0.052598
0.049017
0.047222
0.045351
0.062982
0.062228
0.072076
0.068150
0.068609
0.065332
0.066913
0.066166
0.065224
0.060096
0.058281
0.057400
0.059485
0.065165
0.066496
0.059539
0.057062
0.052996
0.040571
0.043766
0.054844
0.058139
0.063806
0.058324
0.072170
0.057267
0.053616
0.060772
0.061056
0.059925
0.071878
0.065440
0.060543
0.061039
0.064706
0.060139
0.063379
0.090425
0.098850
0.098602
0.090803
0.067003
0.059286
0.065441
0.063812
0.063725
0.060447
0.060347
0.063989
0.070242
0.068992
0.070423
0.066122
0.069677
0.069135
0.072804
0.069261
0.070367
0.097363
0.103214
0.084042
0.100625
0.080062
0.081021
0.086328
0.081021
0.089864
0.083463
0.088924
0.092185
0.086571
0.086445
0.096496
0.087348
0.080366
0.081636
0.084042
0.085757
0.091918
0.088071
0.085369
0.100184
0.110897
0.106362
0.103365
0.100921
0.088885
0.091615
0.093857
0.094791
0.094791
0.091292
0.091292
0.085859
0.074289
0.075070
0.077070
0.073355
0.080288
0.083740
0.085355
0.076769
0.082757
0.092713
0.087582
0.104004
0.100490
0.105803
0.105803
0.106974
0.104330
0.101063
0.099701
0.110982
0.114821
0.159722
0.157496
0.161271
0.130075
0.118331
0.110180
0.111354
0.115174
0.146523
0.115160
0.113479
0.110517
0.107081
0.113117
0.091292
0.086923
0.089598
0.086719
0.085859
0.082554
0.076139
0.079062
0.080288
0.077074
0.077347
0.077406
0.083823
0.076524
0.076524
0.081636
0.080288
0.077854
0.077406
0.083823
0.084648
0.087355
0.085092
0.083337
0.084911
0.084911
0.081479
0.080766
0.095626
0.100490
0.098074
0.101641
0.104004
0.095148
0.092245
0.094092
0.096852
0.093190
0.097395
0.099112
0.092699
0.094406
0.096891
0.095015
0.095713
0.097692
0.093895
0.099869
0.094835
0.095464
0.093191
0.099027
0.097321
0.093895
0.097321
0.098408
0.100141
0.100141
0.094348
0.097403
0.100141
0.099027
0.105786
0.107121
0.098429
0.108810
0.101352
0.104084
0.101434
0.102109
0.102109
0.105044
0.111193
0.111376
0.114676
0.106834
0.117659
0.117659
0.113126
0.110949
0.120847
0.118690
0.114305
0.114305
0.115501
0.113129
0.120683
0.116381
0.122964
0.119418
0.117624
0.121389
0.118082
0.118875
0.120530
0.118363
0.116606
0.118363
0.114658
0.114186
0.114186
0.114658
0.115463
0.114186
0.117078
0.117280
0.118034
0.118079
0.112864
0.109004
0.112454
0.113108
0.114215
0.115501
0.112208
0.112612
0.113618
0.112004
0.111020
0.108789
0.112612
0.110241
0.114920
0.106419
0.109737
0.108050
0.115738
0.110241
0.107148
0.108789
0.112864
0.108789
0.112169
0.110241
0.111409
0.113235
0.106020
0.105712
0.104389
0.102311
0.107873
0.109918
0.112427
0.109400
0.109400
0.117659
0.110949
0.114211
0.113126
0.110949
0.113921
0.110949
0.115611
0.117279
0.121933
0.117754
0.114305
0.114305
0.112454
0.117519
0.112044
0.114305
0.114082
0.111800
0.114215
0.118082
0.109927
0.118944
0.111065
0.113776
0.111065
0.108784
0.109526
0.111065
0.114165
0.109927
0.107341
0.109526
0.106745
0.103684
0.106680
0.108080
0.103684
0.103719
0.104353
0.102311
0.100651
0.099926
0.106238
0.098514
0.102698
0.099926
0.099701
0.095964
0.098408
0.099027
0.095464
0.093009
0.093895
0.093009
0.095464
0.095464
0.093474
0.093317
0.094835
0.093009
0.094835
0.095404
0.102022
0.090919
0.097823
0.094835
0.099804
0.096891
0.095713
0.094406
0.103490
0.096891
0.104890
0.103140
0.104403
0.108666
0.103140
0.104403
0.101063
0.101063
0.101517
0.103939
0.099027
0.095380
0.100651
0.104549
0.097141
0.096090
0.098408
0.097321
0.096788
0.097784
0.103345
0.103071
0.097784
0.094961
0.103071
0.105145
0.107025
0.106362
0.101234
0.101651
0.097937
0.095348
0.094891
0.089817
0.084972
0.077854
0.076005
0.073355
0.071476
0.076139
0.072453
0.076059
0.075100
0.079166
0.077926
0.072383
0.070198
0.072002
0.076000
0.072453
0.080811
0.073325
0.073325
0.072453
0.075358
0.075196
0.073346
0.079796
0.075358
0.078472
0.080473
0.073881
0.076392
0.488795
0.562052
0.531737
0.207480
0.537634
0.521147
0.087348
0.077959
0.075188
0.080243
0.080766
0.082589
0.079426
0.079203
0.078182
0.077959
0.081880
0.077959
0.076644
0.075188
0.074737
0.075589
0.076020
0.076524
0.505277
0.112407
0.597151
0.508095
0.149525
0.074119
0.073325
0.072453
0.071483
0.072453
0.074985
0.072470
0.074985
0.071348
0.070364
0.072604
0.068006
0.067385
0.068495
0.070185
0.070185
0.066150
0.067492
0.066144
0.066036
0.069747
0.067612
0.067913
0.064917
0.065353
0.066201
0.064043
0.067031
0.065422
0.063786
0.062088
0.064486
0.065113
0.066558
0.068044
0.066558
0.065306
0.071974
0.069898
0.070083
0.060006
0.061503
0.061503
0.062514
0.063989
0.059734
0.060192
0.059062
0.060447
0.060339
0.059439
0.059439
0.059195
0.057975
0.057975
0.059439
0.062118
0.058581
0.061794
0.061794
0.057975
0.058162
0.058560
0.058162
0.060599
0.060599
0.057282
0.058225
0.059213
0.058705
0.060085
0.057387
0.055226
0.056172
0.055463
0.056695
0.057837
0.054863
0.057382
0.055247
0.058154
0.054802
0.054802
0.054000
0.057461
0.056584
0.058096
0.057572
0.054227
0.058096
0.051788
0.055618
0.053886
0.054227
0.054227
0.053502
0.062229
0.058096
0.060634
0.055305
0.054227
0.063394
0.056584
0.054611
0.056584
0.055305
0.055305
0.054611
0.057572
0.058507
0.055305
0.054227
0.054227
0.056696
0.054723
0.058507
0.056696
0.052970
0.053140
0.056186
0.054072
0.057572
0.056584
0.055080
0.054723
0.054200
0.055618
0.053913
0.058507
0.055775
0.054611
0.054611
0.056584
0.053913
0.053340
0.055305
0.053913
0.056680
0.056584
0.050916
0.050513
0.050916
0.050221
0.055750
0.058527
0.058657
0.058527
0.053790
0.051954
0.048738
0.051065
0.052166
0.049011
0.048369
0.050591
0.051746
0.049352
0.054324
0.048528
0.048765
0.047720
0.051046
0.051046
0.050582
0.047360
0.048528
0.049954
0.047836
0.047160
0.051746
0.050937
0.048832
0.047222
0.047624
0.050582
0.045351
0.053819
0.052303
0.049320
0.047624
0.048254
0.048205
0.048205
0.051746
0.049898
0.051046
0.046245
0.052123
0.045698
0.045351
0.049189
0.047222
0.047222
0.049017
0.053718
0.054010
0.052327
0.050140
0.047545
0.049607
0.050582
0.052253
0.058375
0.059688
0.057533
0.062511
0.058942
0.064621
0.062511
0.063379
0.068053
0.062197
0.066425
0.066425
0.066114
0.065882
0.064551
0.065882
0.065925
0.058534
0.056517
0.054231
0.055634
0.055816
0.057382
0.055561
0.054863
0.055561
0.056680
0.056000
0.057654
0.061363
0.060778
0.063224
0.068903
0.072178
0.085651
0.088361
0.088981
0.105228
0.092624
0.090970
0.099660
0.083995
0.089899
0.085227
0.084919
0.085227
0.078772
0.083098
0.086919
0.076058
0.078912
0.079643
0.075709
0.074680
0.073645
0.077796
0.073008
0.073645
0.074555
0.069267
0.068499
0.068499
0.070364
0.071308
0.075526
0.073911
0.076582
0.074985
0.069906
0.070364
0.068812
0.069484
0.072383
0.070045
0.070592
0.069267
0.071348
0.079592
0.081618
0.073868
0.077755
0.091518
0.098313
0.096041
0.104919
0.098656
0.099123
0.104472
0.096890
0.102799
0.094731
0.095148
0.104330
0.097395
0.099112
0.091617
0.094858
0.095839
0.097395
0.093376
0.093376
0.093474
0.090060
0.090188
0.087993
0.093536
0.092354
0.090033
0.094329
0.090771
0.089141
0.091615
0.094090
0.091615
0.089328
0.092245
0.090126
0.089817
0.084762
0.086327
0.088118
0.091785
0.087715
0.083828
0.074267
0.074754
0.074368
0.083170
0.076059
0.082592
0.082592
0.084925
0.086719
0.082592
0.079612
0.083302
0.084171
0.088609
0.093161
0.093161
0.088826
0.093626
0.094691
0.096041
0.098313
0.090044
0.091498
0.094823
0.096890
0.088611
0.096496
0.094731
0.085373
0.083776
0.084743
0.084743
0.084558
0.082757
0.082757
0.083776
0.081021
0.083776
0.086254
0.090428
0.081557
0.084743
0.089220
0.085757
0.083776
0.088102
0.084042
0.083778
0.088611
0.082757
0.081557
0.085066
0.082757
0.079137
0.078182
0.078182
0.079137
0.077070
0.077500
0.077070
0.076908
0.080186
0.081748
0.077488
0.076392
0.076000
0.077640
0.077755
0.085485
0.076000
0.082148
0.076881
0.080811
0.079166
0.074297
0.076000
0.080243
0.077640
0.081748
0.076392
0.075834
0.074297
0.072453
0.077640
0.075100
0.074737
0.073881
0.076139
0.077854
0.071009
0.076005
0.074737
0.087200
0.090642
0.094293
0.102296
0.096890
0.104472
0.104651
0.100492
0.102799
0.098861
0.097640
0.091918
0.085503
0.087471
0.088387
0.092245
0.086105
0.084049
0.089864
0.097040
0.098899
0.087471
0.095239
0.093536
0.088200
0.091284
0.097395
0.104637
0.113755
0.110067
0.112006
0.113755
0.118039
0.121558
0.125926
0.110634
0.116310
0.118175
0.118175
0.121900
0.126013
0.130640
0.128468
0.125590
0.126867
0.125662
0.128442
0.135166
0.130926
0.134491
0.133386
0.136096
0.136096
0.132328
0.137795
0.137795
0.130808
0.135433
0.132819
0.131351
0.138131
0.130385
0.127692
0.129629
0.123929
0.129629
0.138563
0.138563
0.126160
0.135433
0.148506
0.140558
0.137729
0.147354
0.143496
0.152427
0.151314
0.145139
0.143496
0.137604
0.144366
0.151593
0.144150
0.138002
0.146536
0.148152
0.140355
0.145259
0.150902
0.142228
0.148152
0.148152
0.144230
0.147089
0.142228
0.140673
0.148892
0.148892
0.155687
0.148892
0.159199
0.185521
0.395856
0.557916
0.602267
0.263113
0.565251
0.380586
0.146981
0.151607
0.148892
0.153820
0.152273
0.159523
0.148892
0.157710
0.159173
0.141291
0.140673
0.151607
0.144150
0.148892
0.153118
0.146981
0.140673
0.144973
0.148892
0.144589
0.144150
0.145086
0.139681
0.136537
0.144150
0.134531
0.134126
0.135348
0.140673
0.138002
0.142228
0.139789
0.141291
0.136470
0.137249
0.543519
0.531056
0.154998
0.546629
0.624456
0.540617
0.542787
0.526854
0.232696
0.135134
0.135785
0.135759
0.129199
0.131423
0.132532
0.135785
0.132109
0.128083
0.138024
0.132438
0.133368
0.132330
0.126706
0.126484
0.122742
0.119421
0.118489
0.118553
0.119980
0.121710
0.117310
0.105278
0.090176
0.083601
0.074308
0.076260
0.079103
0.073192
0.063654
0.063367
0.063367
0.063989
0.064587
0.069898
0.071120
0.071733
0.069405
0.068019
0.068935
0.067421
0.060203
0.056975
0.058773
0.061275
0.065441
0.067190
0.067190
0.064451
0.061820
0.064349
0.060516
0.064349
0.060427
0.064838
0.069189
0.071723
0.068888
0.070538
0.077377
0.088981
0.085021
0.067782
0.061688
0.059062
0.058101
0.061817
0.060192
0.062782
0.062338
0.060199
0.062088
0.065007
0.063654
0.067669
0.064944
0.061876
0.061123
0.063806
0.064490
0.073395
0.071876
0.078772
0.078346
0.087061
0.072101
0.082790
0.087113
0.111843
0.123226
0.110303
0.128731
0.140512
0.133047
0.130552
0.145475
0.129741
0.129296
0.140845
0.130913
0.134542
0.117380
0.119475
0.131694
0.131105
0.124149
0.124691
0.125590
0.136070
0.150013
0.155651
0.152932
0.134491
0.135166
0.124747
0.134731
0.138922
0.133847
0.128993
0.133305
0.136317
0.141377
0.131000
0.132218
0.132218
0.131351
0.135042
0.145139
0.145139
0.147354
0.146324
0.149158
0.140372
0.153265
0.149158
0.139307
0.141520
0.144366
0.135785
0.146261
0.146261
0.141291
0.132532
0.127965
0.127965
0.129199
0.135134
0.133413
0.141520
0.141520
0.152060
0.153265
0.150129
0.139307
0.138633
0.141520
0.153265
0.151314
0.148758
0.155850
0.141520
0.142418
0.143447
0.143447
0.134514
0.132212
0.136470
0.132611
0.126424
0.130417
0.127310
0.125506
0.125233
0.124308
0.125233
0.126207
0.119384
0.119384
0.109927
0.113108
0.106544
0.107341
0.107341
0.104353
0.103087
0.104755
0.102129
0.106731
0.098408
0.111029
0.117189
0.112769
0.107768
0.112869
0.117189
0.119033
0.106325
0.103052
0.101352
0.104755
0.111029
0.114255
0.124480
0.126636
0.126013
0.117627
0.119587
0.114211
0.122434
0.130640
0.138280
0.144697
0.142713
0.138993
0.136070
0.143830
0.137814
0.152932
0.145332
0.158536
0.160817
0.163320
0.154034
0.166255
0.158491
0.158491
0.167313
0.176049
0.186888
0.183418
0.183307
0.190574
0.191489
0.195816
0.195523
0.200514
0.195090
0.193602
0.198171
0.191465
0.192219
0.200872
0.200138
0.191218
0.194387
0.192384
0.200344
0.186495
0.166243
0.160769
0.163637
0.169743
0.176609
0.167683
0.167683
0.166820
0.172084
0.172084
0.167331
0.169762
0.169794
0.172084
0.175102
0.173991
0.173991
0.168267
0.173991
0.173991
0.173991
0.177203
0.173029
0.181948
0.180763
0.172001
0.179960
0.169794
0.169794
0.174833
0.172084
0.172001
0.176131
0.163400
0.167683
0.169762
0.172001
0.167331
0.163400
0.165338
0.173991
0.167331
0.156782
0.163400
0.163849
0.177388
0.177879
0.174150
0.160240
0.157085
0.160240
0.150386
0.147697
0.147253
0.152006
0.154388
0.152273
0.160447
0.162791
0.163409
0.164210
0.164210
0.158894
0.154039
0.149414
0.154039
0.151070
0.161435
0.148355
0.170453
0.176869
0.174523
0.175216
0.166282
0.175216
0.160936
0.167877
0.172783
0.181216
0.181216
0.168136
0.167015
0.172894
0.173798
0.167239
0.160447
0.164955
0.171907
0.181108
0.192376
0.189874
0.202925
0.189422
0.188668
0.185191
0.189783
0.199750
0.203656
0.200344
0.205305
0.208595
0.206644
0.210398
0.222303
0.210398
0.192592
0.207787
0.201916
0.202018
0.211163
0.201176
0.195581
0.202018
0.207787
0.218418
0.218418
0.204355
0.205861
0.228513
0.218078
0.212510
0.227049
0.220595
0.222369
0.223523
0.227099
0.233639
0.225491
0.227287
0.229504
0.240039
0.226524
0.236553
0.234136
0.234673
0.236390
0.252639
0.246609
0.240748
0.241236
0.250548
0.237409
0.234077
0.239838
0.246448
0.246962
0.242185
0.242185
0.247669
0.233338
0.233338
0.239116
0.236421
0.645010
0.651743
0.788077
0.471492
0.280565
0.664925
0.734642
0.225012
0.233427
0.249580
0.245162
0.243178
0.246289
0.246289
0.243178
0.249580
0.239716
0.245372
0.239716
0.238502
0.621305
0.643782
0.258784
0.229584
0.239559
0.225265
0.215231
0.217806
0.211639
0.220125
0.214432
0.208255
0.207872
0.213953
0.220125
0.407417
0.657988
0.606834
0.329041
0.622175
0.761683
0.688885
0.705126
0.299321
0.221981
0.217384
0.225002
0.223605
0.221768
0.237409
0.221768
0.205652
0.209834
0.205652
0.208318
0.199348
0.208318
0.211332
0.221246
0.219414
0.207486
0.225086
0.230951
0.219409
0.219409
0.205652
0.204032
0.203117
0.212121
0.196336
0.195606
0.199381
0.189476
0.191810
0.189450
0.187621
0.184714
0.184365
0.184546
0.180278
0.219001
0.252030
0.183279
0.195581
0.190236
0.180732
0.178362
0.176609
0.186294
0.174911
0.176609
0.172851
0.171325
0.181435
0.180276
0.174198
0.174911
0.169762
0.176131
0.182972
0.191250
0.197895
0.202607
0.205623
0.198921
0.206644
0.210398
0.208818
0.203906
0.203359
0.198921
0.211163
0.219069
0.212577
0.204355
0.216222
0.208817
0.212577
0.218078
0.212577
0.200546
0.206295
0.205708
0.194821
0.201751
0.197637
0.211199
0.214577
0.211199
0.209027
0.212728
0.205090
0.203584
0.193267
0.193267
0.186815
0.183416
0.183936
0.179827
0.178923
0.173437
0.172196
0.173437
0.173833
0.178311
0.177481
0.178362
0.170941
0.168683
0.165338
0.169794
0.158174
0.162146
0.150386
0.153349
0.149982
0.156339
0.170531
0.165811
0.167877
0.164356
0.160936
0.159199
0.160936
0.158519
0.151489
0.153820
0.154147
0.171823
0.168192
0.168767
0.160746
0.157988
0.157563
0.157988
0.162970
0.155687
0.154085
0.155073
0.169718
0.164326
0.136720
0.135970
0.126842
0.126424
0.125506
0.126435
0.140372
0.142562
0.145726
0.143746
0.141922
0.124162
0.123248
0.131894
0.135042
0.169506
0.143380
0.140074
0.122879
0.124972
0.117706
0.117624
0.131207
0.132328
0.119406
0.126173
0.143606
0.156730
0.150344
0.133661
0.129629
0.133263
0.133506
0.137249
0.134673
0.138174
0.142228
0.145712
0.146427
0.139472
0.136373
0.133785
0.123803
0.116007
0.112169
0.116222
0.122734
0.116053
0.102352
0.095464
0.098366
0.087993
0.084042
0.086217
0.086254
0.087692
0.090428
0.096496
0.106652
0.098881
0.096496
0.095148
0.102296
0.092970
0.095148
0.086693
0.080062
0.084558
0.088000
0.091042
0.095193
0.095432
0.093350
0.091593
0.088518
0.078472
0.071009
0.073008
0.082592
0.074680
0.078070
0.066566
0.074308
0.076445
0.077051
0.072910
0.065592
0.068044
0.063654
0.072309
0.081528
0.085227
0.069141
0.059734
0.062941
0.060347
0.084849
0.098509
0.105685
0.096445
0.096863
0.095684
0.089207
0.084801
0.083791
0.080899
0.078510
0.060840
0.050768
0.036308
0.035206
0.055944
0.066228
0.067805
0.072970
0.068029
0.056922
0.045873
0.039582
0.023760
0.023054
0.021951
0.021429
0.023400
0.025216
0.029910
0.033830
0.050951
0.065740
0.047154
0.025216
0.022724
0.020134
0.019609
0.020134
0.020013
0.020452
0.024135
0.041950
0.049801
0.043362
0.033330
0.031211
0.031211
0.038568
0.034479
0.043235
0.038341
0.043809
0.044255
0.051647
0.057352
0.070102
0.082749
0.074367
0.073961
0.063025
0.053702
0.052548
0.055057
0.073064
0.077906
0.060100
0.069648
0.077834
0.076348
0.064569
0.065243
0.051526
0.053452
0.051229
0.045156
0.046956
0.055562
0.055133
0.051746
0.056004
0.066038
0.080524
0.091253
0.090653
0.082909
0.090161
0.093470
0.109282
0.111626
0.115863
0.110886
0.099088
0.105076
0.102273
0.110960
0.106894
0.111898
0.102094
0.105383
0.109968
0.112141
0.105927
0.110123
0.119315
0.118323
0.105631
0.117330
0.117396
0.100504
0.103480
0.096966
0.104086
0.101637
0.111501
0.116856
0.115585
0.125495
0.127065
0.116941
0.124592
0.104943
0.119851
0.123201
0.114505
0.104943
0.107557
0.124065
0.112715
0.118127
0.111283
0.102296
0.096890
0.104472
0.098074
0.100490
0.102144
0.083778
0.086467
0.083776
0.081997
0.081557
0.088102
0.086467
0.098881
0.092373
0.110150
0.117348
0.119696
0.114687
0.108855
0.114687
0.105803
0.106005
0.089674
0.087348
0.100967
0.089506
0.102144
0.088102
0.087348
0.076524
0.082875
0.081636
0.077406
0.078182
0.085283
0.084573
0.075100
0.073755
0.075881
0.071009
0.071009
0.072804
0.070332
0.074555
0.072043
0.074457
0.071417
0.069747
0.077416
0.071971
0.061870
0.062088
0.061496
0.062118
0.064693
0.067782
0.070611
0.068083
0.065441
0.063516
0.073062
0.070538
0.072044
0.062025
0.059387
0.062025
0.064756
0.065026
0.070261
0.064751
0.068398
0.069927
0.068398
0.057856
0.062511
0.069238
0.070232
0.074365
0.073646
0.078370
0.074761
0.072743
0.081481
0.067998
0.073280
0.059235
0.061018
0.058059
0.052327
0.051220
0.053718
0.062137
0.061299
0.050351
0.055374
0.047222
0.052770
0.055374
0.053856
0.051287
0.045595
0.044278
0.045283
0.043685
0.043747
0.045422
0.052078
0.055717
0.056396
0.046125
0.047721
0.060793
0.068907
0.069784
0.069089
0.050591
0.036589
0.049265
0.033733
0.033326
0.036924
0.055444
0.054684
0.035286
0.025066
0.024605
0.040533
0.039655
0.023322
0.038844
0.080282
0.062182
0.035521
0.033913
0.043104
0.058265
0.058995
0.066962
0.069088
0.067581
0.080002
0.094725
0.101565
0.097085
0.103844
0.091597
0.085616
0.095946
0.102922
0.105466
0.107281
0.105558
0.105558
0.101179
0.104738
0.103259
0.106593
0.108171
0.107695
0.112219
0.112271
0.115729
0.124556
0.112848
0.085943
0.079027
0.113449
0.108316
0.110123
0.101054
0.101351
0.078251
0.060191
0.072261
0.084097
0.091061
0.094863
0.089870
0.084495
0.076445
0.074166
0.073792
0.074789
0.075648
0.068115
0.058600
0.058989
0.068644
0.069837
0.073133
0.067667
0.062054
0.056042
0.057989
0.058648
0.056085
0.058213
0.060181
0.057638
0.044162
0.037757
0.023359
0.024303
0.030590
0.025771
0.029828
0.032668
0.025889
0.029502
0.032401
0.023605
0.019203
0.023538
0.020169
0.020933
0.025014
0.022941
0.031810
0.053197
0.062749
0.060256
0.060256
0.066641
0.044737
0.048224
0.031070
0.021617
0.020764
0.023244
0.018332
0.017289
0.024650
0.053774
0.065030
0.057384
0.064084
0.069966
0.065030
0.062924
0.058954
0.056918
0.053201
0.049071
0.036875
0.032956
0.024130
0.024767
0.023538
0.018694
0.018408
0.022660
0.020169
0.032401
0.037169
0.049946
0.058785
0.048440
0.029888
0.034989
0.042573
0.032488
0.026591
0.031149
0.050693
0.041724
0.043976
0.040674
0.039290
0.036292
0.036658
0.044142
0.043150
0.050347
0.054293
0.051492
0.041254
0.051647
0.040694
0.042490
0.032862
0.037234
0.038163
0.032975
0.047075
0.061650
0.061650
0.067483
0.046039
0.061049
0.074367
0.071152
0.054492
0.061846
0.050587
0.043912
0.039885
0.035036
0.031652
0.030756
0.042838
0.046275
0.040703
0.034167
0.033799
0.028455
0.027564
0.034141
0.040062
0.048622
0.038895
0.035634
0.038895
0.042315
0.036454
0.028534
0.031340
0.031677
0.034369
0.037234
0.031677
0.029284
0.029465
0.028362
0.029557
0.039769
0.028197
0.040648
0.045236
0.033376
0.062317
0.058129
0.058129
0.069916
0.072513
0.076159
0.084189
0.084192
0.081765
0.077553
0.079117
0.081472
0.078603
0.080193
0.077553
0.074305
0.064754
0.059750
0.061872
0.064754
0.059750
0.058421
0.061872
0.063806
0.070102
0.078037
0.085655
0.082483
0.073249
0.075464
0.076927
0.077172
0.081904
0.077906
0.062430
0.067839
0.069648
0.062430
0.061192
0.064569
0.061427
0.059007
0.053908
0.056916
0.054451
0.051526
0.049256
0.041626
0.045156
0.041709
0.055912
0.072006
0.067652
0.054579
0.055912
0.056375
0.047070
0.054934
0.062582
0.054579
0.057829
0.047813
0.056930
0.065077
0.058446
0.060987
0.054407
0.047458
0.043075
0.039654
0.041676
0.036386
0.041482
0.038808
0.052450
0.050176
0.044341
0.043184
0.041755
0.039535
0.037652
0.039475
0.030935
0.033195
0.037260
0.042896
0.042896
0.034622
0.039772
0.064415
0.054887
0.070933
0.066671
0.064569
0.053156
0.044617
0.055018
0.052061
0.064415
0.055018
0.068573
0.055018
0.054887
0.056968
0.042896
0.039475
0.051481
0.044253
0.055869
0.050233
0.056916
0.072776
0.063516
0.056250
0.060230
0.077487
0.069342
0.060384
0.047727
0.050940
0.038393
0.042982
0.050940
0.052655
0.052655
0.069194
0.065778
0.075604
0.083239
0.083257
0.089839
0.091570
0.083257
0.085397
0.095481
0.092699
0.100325
0.095946
0.084548
0.081200
0.078987
0.072209
0.080524
0.080076
0.083470
0.091693
0.078591
0.086016
0.090653
0.086924
0.077210
0.060819
0.075033
0.076721
0.070700
0.057426
0.053157
0.054098
0.062089
0.060819
0.057875
0.058738
0.054442
0.060718
0.055127
0.049466
0.047125
0.049466
0.050792
0.057051
0.066029
0.071909
0.075486
0.064822
0.066029
0.060963
0.055127
0.054844
0.054098
0.058738
0.057295
0.064786
0.068293
0.052197
0.050391
0.052893
0.049442
0.058139
0.053195
0.060718
0.051990
0.053503
0.054442
0.047125
0.055127
0.041580
0.037686
0.039150
0.042790
0.037837
0.041672
0.039562
0.044394
0.041588
0.036745
0.037768
0.033887
0.028425
0.028376
0.034667
0.025976
0.025969
0.024829
0.024918
0.024064
0.022600
0.025902
