0.044146
0.041952
0.041780
0.041928
0.041961
0.044214
0.042569
0.041921
0.041953
0.041867
0.042103
0.042335
0.041870
0.042401
0.041933
0.044339
0.043331
0.047559
0.045230
0.042554
0.042092
0.042125
0.044457
0.042569
0.044235
0.041933
0.042254
0.044269
0.042909
0.049156
0.042559
0.043520
0.048083
0.048624
0.048357
0.044299
0.045353
0.043777
0.043705
0.044075
0.044130
0.045081
0.045183
0.043658
0.046215
0.045507
0.046336
0.045780
0.045026
0.043092
0.051063
0.047754
0.050131
0.049556
0.053574
0.053149
0.052069
0.042950
0.043256
0.044243
0.044062
0.044198
0.044962
0.048523
0.051537
0.047525
0.048501
0.044700
0.043889
0.046158
0.044305
0.050417
0.050367
0.049036
0.051964
0.047963
0.046556
0.047133
0.044790
0.051068
0.046260
0.045126
0.045321
0.045493
0.047144
0.045352
0.044451
0.044740
0.044843
0.045097
0.044981
0.047345
0.046516
0.046352
0.048126
0.045283
0.044810
0.045907
0.046928
0.046774
0.053844
0.153300
0.157388
0.152873
0.160624
0.076775
0.050452
0.047398
0.048813
0.047172
0.048089
0.045482
0.045974
0.055686
0.053676
0.046167
0.046878
0.051877
0.056198
0.052575
0.051150
0.056037
0.052705
0.049336
0.051408
0.051296
0.049701
0.059095
0.051371
0.053423
0.051136
0.050975
0.048229
0.051146
0.052423
0.051214
0.051359
0.047742
0.047931
0.050961
0.050703
0.052181
0.050410
0.051176
0.052653
0.054163
0.053701
0.055325
0.054863
0.055696
0.061020
0.048840
0.050373
0.049566
0.052507
0.052296
0.052705
0.051697
0.051802
0.050122
0.052482
0.052942
0.051156
0.054280
0.055115
0.057079
0.054173
0.053733
0.056317
0.054973
0.056034
0.055329
0.053404
0.059861
0.058651
0.059807
0.064775
0.060346
0.062961
0.062616
0.052425
0.055221
0.064373
0.055902
0.054570
0.054745
0.055125
0.052101
0.052194
0.053387
0.054748
0.055398
0.061846
0.056692
0.055598
0.055796
0.055994
0.055348
0.054515
0.053343
0.053365
0.057224
0.057581
0.053139
0.057956
0.057748
0.058867
0.057682
0.058356
0.061562
0.061344
0.057972
0.059081
0.059672
0.064683
0.057097
0.059065
0.061340
0.059925
0.058251
0.060579
0.061054
0.055591
0.057889
0.064648
0.059310
0.060366
0.058204
0.054514
0.058574
0.056851
0.058934
0.067765
0.061987
0.065126
0.062950
0.058713
0.062065
0.062924
0.060833
0.058995
0.063757
0.061231
0.061576
0.058661
0.062567
0.060092
0.059251
0.062320
0.064519
0.072341
0.060763
0.057029
0.059526
0.063624
0.062847
0.062100
0.060301
0.058364
0.060658
0.060731
0.062144
0.060662
0.058932
0.066208
0.061645
0.063633
0.064131
0.069209
0.062808
0.066388
0.060523
0.060343
0.060297
0.062144
0.063709
0.065058
0.064210
0.064622
0.059988
0.061494
0.069968
0.064260
0.063290
0.062196
0.066086
0.063290
0.066299
0.063826
0.066411
0.064769
0.060224
0.063780
0.065019
0.062940
0.063397
0.066182
0.064768
0.064469
0.065644
0.061418
0.063177
0.069530
0.072461
0.068750
0.063495
0.070720
0.071288
0.064596
0.062599
0.061286
0.063388
0.063331
0.061834
0.063925
0.067548
0.064204
0.067628
0.065602
0.065736
0.063548
0.063063
0.062694
0.063684
0.065341
0.065172
0.063880
0.065352
0.065680
0.062628
0.065087
0.063548
0.063931
0.062564
0.067339
0.063728
0.066323
0.063880
0.063422
0.067833
0.067443
0.064363
0.064849
0.065419
0.066983
0.066052
0.063997
0.065128
0.063761
0.065321
0.065334
0.065929
0.066450
0.070994
0.067141
0.067626
0.071415
0.067385
0.069730
0.070810
0.068930
0.070595
0.068100
0.070279
0.066799
0.067650
0.067321
0.069794
0.069155
0.070866
0.068813
0.069423
0.076974
0.070728
0.069048
0.067559
0.069612
0.068717
0.070149
0.069536
0.070126
0.072471
0.071458
0.070950
0.072997
0.071918
0.071155
0.076637
0.070126
0.086172
0.081782
0.072032
0.071579
0.073040
0.070816
0.071042
0.068525
0.072344
0.073147
0.072593
0.069293
0.075270
0.075335
0.074714
0.075659
0.081172
0.074418
0.071145
0.078383
0.082580
0.078995
0.078893
0.074722
0.072045
0.078116
0.071272
0.071495
0.073123
0.071669
0.074038
0.073310
0.077414
0.076317
0.077898
0.079412
0.074792
0.079792
0.074025
0.081173
0.081962
0.077031
0.082394
0.081308
0.075316
0.075976
0.079675
0.084178
0.085151
0.079572
0.074359
0.084996
0.072991
0.080101
0.082205
0.082109
0.081507
0.084230
0.085165
0.083113
0.081096
0.080865
0.082253
0.078506
0.082214
0.073331
0.075304
0.075498
0.069882
0.076157
0.077494
0.073324
0.076734
0.077715
0.075796
0.074270
0.084144
0.087314
0.085094
0.075708
0.075345
0.076262
0.087725
0.089697
0.087314
0.092782
0.089200
0.088241
0.090148
0.092812
0.087777
0.086399
0.084266
0.083263
0.084676
0.078000
0.077775
0.083526
0.079674
0.081256
0.074647
0.076044
0.077551
0.079615
0.080003
0.086045
0.084421
0.078369
0.088706
0.084686
0.077524
0.082500
0.086196
0.082804
0.081609
0.084529
0.090190
0.087538
0.091641
0.092243
0.086912
0.089629
0.082660
0.086441
0.083830
0.090976
0.088442
0.080616
0.089267
0.076565
0.078275
0.082181
0.079047
0.080836
0.081953
0.084569
0.084950
0.077906
0.079943
0.082685
0.084624
0.078567
0.078611
0.077289
0.077499
0.077799
0.081477
0.084394
0.088498
0.087669
0.087961
0.086878
0.090173
0.085813
0.087768
0.082426
0.082746
0.089373
0.089566
0.091828
0.085343
0.086749
0.088587
0.089498
0.088951
0.093380
0.092909
0.091091
0.093570
0.088554
0.090952
0.086068
0.088643
0.083960
0.087093
0.081540
0.086472
0.081572
0.082638
0.078657
0.080044
0.079807
0.075831
0.079674
0.082727
0.078801
0.081615
0.083603
0.078928
0.082829
0.080477
0.083854
0.080316
0.074206
0.081644
0.080984
0.080984
0.084275
0.084515
0.087161
0.082553
0.083105
0.079797
0.083032
0.080005
0.083072
0.084308
0.081540
0.197169
0.175589
0.148141
0.086724
0.089698
0.085626
0.080624
0.080697
0.080101
0.083487
0.079822
0.195670
0.216263
0.208643
0.197236
0.215433
0.224247
0.072048
0.075170
0.075564
0.077108
0.073854
0.074647
0.078418
0.077198
0.139953
0.121228
0.116034
0.083147
0.078021
0.080306
0.080289
0.081585
0.082388
0.085740
0.082950
0.082769
0.083016
0.085037
0.083473
0.085700
0.087841
0.095164
0.088555
0.080975
0.084095
0.085343
0.085148
0.087902
0.084383
0.083267
0.083926
0.083450
0.089042
0.086462
0.085081
0.084170
0.087764
0.094960
0.090966
0.091831
0.084890
0.080184
0.082103
0.086882
0.090581
0.089673
0.089557
0.087581
0.090377
0.090136
0.093081
0.085633
0.090949
0.093141
0.092070
0.090442
0.087946
0.088313
0.086797
0.088589
0.084863
0.087118
0.088270
0.089633
0.091750
0.093349
0.089638
0.093804
0.085455
0.089674
0.095107
0.094016
0.091774
0.170528
0.091206
0.098299
0.090747
0.090641
0.089485
0.091495
0.098487
0.093224
0.094538
0.095271
0.098721
0.093371
0.093231
0.091914
0.093056
0.093561
0.094954
0.092418
0.098454
0.095858
0.097789
0.097195
0.097427
0.105180
0.102633
0.102478
0.109903
0.105887
0.104793
0.102315
0.103632
0.099072
0.095203
0.105153
0.097852
0.102569
0.092726
0.090446
0.086414
0.089782
0.087348
0.087235
0.090208
0.090160
0.090999
0.104750
0.090814
0.087043
0.087742
0.091973
0.091418
0.097586
0.098884
0.096793
0.093341
0.090208
0.089295
0.090518
0.088979
0.095765
0.094771
0.096397
0.093130
0.091486
0.089664
0.095096
0.098307
0.097596
0.093236
0.094115
0.094159
0.095982
0.091813
0.094159
0.093579
0.092593
0.097798
0.093961
0.092127
0.092537
0.100481
0.092809
0.096680
0.095873
0.095502
0.096352
0.096192
0.099725
0.102653
0.096557
0.102807
0.101186
0.102326
0.096612
0.100729
0.102158
0.100416
0.097568
0.101757
0.106030
0.101430
0.095550
0.097910
0.100808
0.095064
0.095064
0.095052
0.097789
0.101971
0.104190
0.105252
0.106531
0.105777
0.110870
0.102187
0.100337
0.106251
0.108898
0.103667
0.095657
0.106393
0.103900
0.103207
0.105115
0.112251
0.101049
0.095330
0.106440
0.106607
0.108034
0.103018
0.103166
0.100571
0.099516
0.104919
0.099828
0.110837
0.105909
0.104283
0.107506
0.103314
0.102707
0.099590
0.110092
0.106306
0.102924
0.102809
0.102924
0.191900
0.105766
0.100291
0.103035
0.103166
0.102945
0.109947
0.105543
0.104352
0.107125
0.108753
0.106200
0.105058
0.100500
0.102541
0.102009
0.099207
0.096729
0.101480
0.099708
0.099935
0.104953
0.105362
0.105864
0.107507
0.099645
0.109192
0.108872
0.104502
0.103772
0.107030
0.103772
0.100571
0.098109
0.100571
0.100202
0.103550
0.105278
0.112151
0.107811
0.106839
0.110917
0.108528
0.110341
0.110294
0.109650
0.113982
0.111270
0.113542
0.114683
0.112975
0.109594
0.113355
0.115224
0.116936
0.115955
0.115224
0.115353
0.113654
0.116652
0.128345
0.129993
0.126481
0.115999
0.112800
0.124318
0.120940
0.123574
0.121145
0.125519
0.123633
0.124775
0.112569
0.118114
0.114031
0.117976
0.117839
0.118007
0.123735
0.119463
0.120750
0.112736
0.118475
0.115582
0.115443
0.122279
0.118720
0.119560
0.117591
0.118074
0.119813
0.115666
0.119029
0.121128
0.115137
0.120930
0.120677
0.130122
0.122593
0.119175
0.117001
0.116627
0.119095
0.121030
0.128744
0.130016
0.125473
0.123097
0.124352
0.124837
0.122239
0.131368
0.134137
0.129760
0.171008
0.122005
0.119727
0.115391
0.121119
0.125074
0.124824
0.123549
0.128025
0.122182
0.122758
0.122213
0.128287
0.120220
0.118039
0.122785
0.119879
0.118368
0.133222
0.127910
0.123867
0.120134
0.130076
0.127392
0.121789
0.120045
0.132668
0.122308
0.125935
0.116937
0.128264
0.127278
0.126720
0.130844
0.126171
0.121991
0.120870
0.120460
0.118856
0.119254
0.118576
0.122493
0.124102
0.119474
0.140717
0.138018
0.139700
0.135240
0.124813
0.121516
0.124872
0.127751
0.128259
0.128167
0.121099
0.121499
0.122646
0.124008
0.124105
0.124317
0.128504
0.131225
0.130240
0.133418
0.132841
0.129314
0.128100
0.128968
0.125520
0.128925
0.128619
0.125625
0.133086
0.136313
0.135158
0.131774
0.139573
0.135158
0.139465
0.132705
0.139556
0.142515
0.143592
0.138762
0.138137
0.147823
0.136365
0.138780
0.129294
0.130350
0.132598
0.133610
0.141879
0.132292
0.136968
0.134689
0.137766
0.141950
0.148748
0.146178
0.145421
0.144246
0.143317
0.153627
0.137670
0.143133
0.142244
0.156642
0.150696
0.153858
0.141922
0.155209
0.145883
0.138758
0.138694
0.148123
0.138694
0.146062
0.140849
0.139178
0.139609
0.135087
0.136120
0.134308
0.135629
0.138488
0.136572
0.135536
0.140398
0.139872
0.147979
0.139891
0.144982
0.149813
0.146633
0.163878
0.150041
0.141943
0.150273
0.142365
0.143850
0.141901
0.146054
0.142202
0.147837
0.143501
0.144831
0.148486
0.150271
0.161093
0.143312
0.142364
0.171835
0.150035
0.141961
0.141498
0.142571
0.145113
0.145136
0.146396
0.158119
0.151138
0.146490
0.188303
0.137457
0.139291
0.133895
0.137352
0.134618
0.137978
0.134180
0.138054
0.139318
0.135537
0.139795
0.138054
0.137211
0.137354
0.142086
0.138443
0.140193
0.141623
0.146085
0.145980
0.139655
0.138869
0.148861
0.139827
0.141893
0.139212
0.141624
0.145479
0.146350
0.147985
0.141223
0.147071
0.138283
0.140376
0.143770
0.142852
0.143571
0.145693
0.143155
0.144199
0.142951
0.142324
0.142700
0.146757
0.143881
0.144982
0.142582
0.145924
0.145035
0.143512
0.147323
0.149009
0.147241
0.150816
0.153415
0.144257
0.150969
0.149336
0.145624
0.144524
0.148268
0.154924
0.148806
0.150017
0.146564
0.145015
0.147353
0.145015
0.158607
0.151334
0.150408
0.150295
0.151605
0.152724
0.152644
0.150295
0.149444
0.153224
0.153680
0.151180
0.152948
0.152761
0.159230
0.153737
0.156663
0.152877
0.150976
0.161173
0.155445
0.152845
0.155335
0.155976
0.159562
0.155126
0.158040
0.158435
0.156322
0.168092
0.154406
0.159255
0.154603
0.158450
0.154179
0.158524
0.159810
0.164280
0.159010
0.156238
0.158915
0.160725
0.163320
0.161750
0.159785
0.162682
0.162547
0.174009
0.159179
0.161005
0.160380
0.156290
0.236827
0.248533
0.257565
0.151168
0.157310
0.154462
0.156529
0.160869
0.160408
0.159622
0.163868
0.155537
0.151909
0.154284
0.154831
0.158154
0.159964
0.159867
0.158958
0.160588
0.157093
0.162148
0.164611
0.160005
0.161477
0.161974
0.162572
0.160646
0.170499
0.168956
0.168287
0.162504
0.166664
0.167484
0.166899
0.170061
0.162863
0.176852
0.163879
0.168328
0.178270
0.162973
0.165126
0.162973
0.167567
0.165126
0.167493
0.170771
0.171512
0.172671
0.166432
0.168525
0.168525
0.171247
0.179861
0.165530
0.169082
0.180950
0.172453
0.174842
0.175350
0.174880
0.177053
0.176118
0.179124
0.179719
0.171819
0.178402
0.179262
0.173996
0.178809
0.169085
0.180680
0.175366
0.186400
0.172380
0.183424
0.187942
0.189984
0.178411
0.185425
0.185740
0.179828
0.180980
0.177974
0.184634
0.189616
0.187759
0.176981
0.181900
0.194034
0.180571
0.185584
0.184866
0.198210
0.193279
0.193229
0.194442
0.193089
0.186733
0.186305
0.185102
0.184659
0.198373
0.189261
0.189261
0.200827
0.207729
0.190244
0.200981
0.189802
0.202373
0.194687
0.188326
0.186982
0.199480
0.196478
0.202014
0.189421
0.204573
0.187388
0.188473
0.193598
0.201613
0.188473
0.200811
0.191422
0.192925
0.188231
0.194604
0.188188
0.195616
0.186769
0.189070
0.179614
0.186871
0.186943
0.183045
0.203125
0.192775
0.193356
0.194880
0.194543
0.207539
0.199761
0.200160
0.200861
0.214146
0.242504
0.207568
0.190426
0.196890
0.208398
0.212143
0.196664
0.193074
0.207434
0.188569
0.195518
0.190653
0.208148
0.197307
0.198996
0.206621
0.210066
0.197037
0.194400
0.193227
0.194099
0.193965
0.193128
0.197968
0.187643
0.187695
0.211452
0.195485
0.198844
0.202743
0.202332
0.206095
0.221077
0.210608
0.206618
0.198133
0.209882
0.211351
0.209669
0.209304
0.209669
0.207518
0.218472
0.211914
0.205673
0.190822
0.193287
0.190763
0.195014
0.190822
0.190247
0.192285
0.199911
0.208586
0.197922
0.191608
0.199416
0.203095
0.198962
0.207154
0.204322
0.196924
0.200995
0.199017
0.198425
0.200536
0.204552
0.203408
0.199680
0.206220
0.213840
0.198529
0.200525
0.205592
0.202820
0.211173
0.201281
0.225329
0.209174
0.198554
0.201497
0.200990
0.219349
0.202148
0.208538
0.207266
0.198404
0.196533
0.203874
0.209618
0.205777
0.205209
0.211417
0.213696
0.214942
0.214657
0.228658
0.214498
0.226132
0.224582
0.225653
0.220812
0.220554
0.222382
0.225046
0.224120
0.216708
0.223235
0.218484
0.223261
0.216310
0.206324
0.219149
0.229626
0.219191
0.221028
0.216878
0.220044
0.211697
0.214855
0.222142
0.230517
0.220009
0.221681
0.210175
0.204972
0.209818
0.216375
0.219987
0.223200
0.219786
0.223160
0.222768
0.226510
0.226493
0.221427
0.230951
0.234442
0.229035
0.235737
0.229942
0.234513
0.226257
0.226604
0.229224
0.204007
0.218608
0.204042
0.218970
0.231678
0.223133
0.222061
0.223149
0.223471
0.215710
0.215046
0.216575
0.217673
0.222624
0.219679
0.212300
0.203093
0.205207
0.210543
0.213701
0.194634
0.203722
0.197569
0.205426
0.196035
0.200718
0.200146
0.200649
0.210318
0.221048
0.223791
0.219380
0.218477
0.234725
0.218538
0.218535
0.216124
0.221734
0.224013
0.226919
0.229054
0.225309
0.229781
0.216942
0.228651
0.225297
0.232990
0.255492
0.259964
0.260387
0.223483
0.225657
0.198213
0.197553
0.214932
0.199267
0.203105
0.205628
0.215765
0.207099
0.219642
0.214823
0.215552
0.204430
0.205449
0.210554
0.205501
0.208227
0.208173
0.211806
0.214151
0.212526
0.214320
0.217792
0.233805
0.234213
0.229899
0.228576
0.237364
0.270683
0.274857
0.273301
0.283774
0.277953
0.271416
0.271416
0.282622
0.273365
0.281116
0.280373
0.289099
0.288020
0.280131
0.275539
0.276279
0.271259
0.275247
0.270019
0.280004
0.266236
0.271320
0.277226
0.270146
0.275539
0.258104
0.260396
0.253212
0.256099
0.268320
0.269577
0.263261
0.254202
0.271334
0.268096
0.259198
0.258556
0.260548
0.259311
0.259240
0.254115
0.250953
0.249433
0.247501
0.241889
0.243801
0.245108
0.247603
0.244673
0.245245
0.247909
0.249486
0.243711
0.237636
0.228512
0.239100
0.234193
0.232860
0.240698
0.226686
0.226461
0.232431
0.233871
0.219470
0.224058
0.232411
0.226577
0.237633
0.230441
0.230068
0.247251
0.235242
0.240094
0.251140
0.249977
0.247083
0.233796
0.231505
0.236365
0.254468
0.265665
0.274176
0.256857
0.248697
0.250740
0.254202
0.253212
0.247541
0.269377
0.279294
0.270838
0.264315
0.264696
0.264292
0.269424
0.272153
0.288557
0.299395
0.301576
0.304501
0.301042
0.308775
0.313677
0.304463
0.283418
0.289966
0.286465
0.284624
0.294755
0.285840
0.292334
0.304483
0.354663
0.347884
0.325416
0.324450
0.321368
0.363444
0.348300
0.344773
0.336041
0.340479
0.367759
0.367392
0.376896
0.394190
0.396333
0.380926
0.398329
0.402908
0.406770
0.419012
0.432926
0.417571
0.420960
0.406286
0.428302
0.444404
0.422048
0.424107
0.399222
0.407592
0.362543
0.411015
0.416962
0.413275
0.398523
0.397552
0.392131
0.388196
0.422543
0.415464
0.440717
0.442251
0.429533
0.440254
0.442251
0.414154
0.425944
0.419453
0.404212
0.398026
0.409134
0.397336
0.384125
0.384704
0.392803
0.392194
0.398289
0.403369
0.403548
0.405952
0.410706
0.424267
0.403485
0.432602
0.436977
0.427236
0.417582
0.413131
0.405358
0.390377
0.394700
0.382086
0.373339
0.383503
0.380109
0.359249
0.331687
0.329464
0.344375
0.335016
0.325919
0.295245
0.286687
0.285000
0.291920
0.291804
0.267187
0.263957
0.259356
0.273009
0.269424
0.270779
0.262689
0.247652
0.249902
0.251990
0.253212
0.249886
0.243636
0.245520
0.239984
0.246619
0.233321
0.236702
0.239463
0.244473
0.252123
0.246666
0.256985
0.249816
0.247283
0.253447
0.251479
0.254202
0.256099
0.251337
0.254679
0.253261
0.260243
0.254006
0.250987
0.241884
0.247384
0.245394
0.250631
0.254891
0.264872
0.271422
0.262279
0.273129
0.279137
0.283635
0.270060
0.285326
0.272507
0.271558
0.274248
0.282867
0.269611
0.266712
0.250645
0.252623
0.247264
0.255814
0.252541
0.261092
0.258682
0.255281
0.266992
0.271014
0.287022
0.286052
0.278450
0.277534
0.277055
0.277644
0.277922
0.281387
0.286208
0.289161
0.291457
0.293347
0.293399
0.298439
0.290436
0.284446
0.281183
0.279964
0.273025
0.270005
0.274190
0.279942
0.283401
0.273729
0.265331
0.267344
0.268698
0.257316
0.248179
0.251895
0.253965
0.251002
0.239710
0.243307
0.247946
0.243774
0.248090
0.253923
0.252294
0.250728
0.249050
0.253440
0.247290
0.255923
0.261018
0.252024
0.258478
0.262886
0.268729
0.278461
0.279932
0.303240
0.280518
0.269178
0.277180
0.277869
0.265340
0.268773
0.270550
0.270430
0.276973
0.279431
0.306758
0.302204
0.304088
0.311413
0.315077
0.300130
0.307006
0.309117
0.296125
0.280426
0.286490
0.296207
0.302064
0.303341
0.308828
0.313676
0.310412
0.328921
0.355588
0.380737
0.363972
0.368709
0.363295
0.371289
0.360663
0.351428
0.344937
0.330899
0.341173
0.322376
0.327158
0.312706
0.320009
0.316273
0.308508
0.314005
0.310836
0.306460
0.314842
0.323419
0.322175
0.341940
0.343524
0.375275
0.329447
0.318575
0.333957
0.353923
0.350037
0.357149
0.364616
0.365314
0.368101
0.365344
0.379351
0.377291
0.374113
0.367582
0.347706
0.342972
0.331086
0.326215
0.340019
0.345055
0.337452
0.342451
0.330396
0.332160
0.338469
0.333957
0.329255
0.331363
0.339568
0.355229
0.367294
0.366071
0.358232
0.352437
0.351091
0.344434
0.346991
0.325036
0.326627
0.321430
0.322477
0.311104
0.297167
0.294856
0.289928
0.289868
0.288481
0.286534
0.293151
0.291315
0.285759
0.283954
0.286465
0.287511
0.290657
0.295250
0.339355
0.340165
0.375942
0.353859
0.345473
0.324577
0.311296
0.309152
0.321812
0.322161
0.303858
0.312874
0.300409
0.324179
0.320527
0.308767
0.296050
0.297179
0.304804
0.292884
0.277386
0.296276
0.309645
0.287407
0.290588
0.301433
0.311044
0.296953
0.274248
0.279376
0.303171
0.287824
0.296200
0.312204
0.273089
0.296806
0.291002
0.270398
0.273502
0.276106
0.250895
0.267663
0.300811
0.287388
0.274985
0.247298
0.231435
0.228538
0.227658
0.221458
0.223861
0.229088
0.217091
0.213491
0.215185
0.214183
0.213286
0.218079
0.224404
0.222105
0.223508
0.216448
0.236974
0.220056
0.221774
0.214823
0.210073
0.214681
0.245703
0.272418
0.323254
0.328288
0.281406
0.252839
0.246832
0.245178
0.237454
0.234989
0.238015
0.225868
0.220195
0.246727
0.253883
0.260548
0.288371
0.256573
0.246858
0.232880
0.231965
0.241583
0.242239
0.237827
0.221290
0.229711
0.236962
0.230991
0.228836
0.246743
0.282020
0.314245
0.321211
0.367322
0.350236
0.393304
0.356345
0.372906
0.352017
0.349267
0.366810
0.397581
0.314100
0.339628
0.396616
0.381834
0.355136
0.332833
0.314170
0.288094
0.245327
0.279692
0.277359
0.266440
0.262137
0.301319
0.322777
0.321048
0.366006
0.435162
0.439630
0.469068
0.498730
0.515951
0.499961
0.525011
0.591570
0.556494
0.539087
0.601744
0.564634
0.549455
0.666210
0.642700
0.644257
0.631706
0.648489
0.650148
0.686137
0.683036
0.746832
0.773097
0.790248
0.865019
0.814299
0.871912
0.955096
0.844028
0.885453
1.000000
0.968663
0.874092
0.887659
0.815811
0.769164
0.747101
0.706149
0.655393
0.712223
0.710506
0.697906
0.683232
0.645406
0.652931
0.656008
0.646179
0.584295
0.579017
0.606705
0.581222
0.591787
0.580111
0.553112
0.547039
0.539598
0.520900
0.515707
0.525116
0.514580
0.508324
0.493454
0.472386
0.453124
0.485483
0.422712
0.335159
0.340663
0.320412
0.291898
0.308731
0.244757
0.251856
0.202224
0.207571
0.220415
0.224035
0.206972
0.209387
0.206474
0.195244
0.193164
0.206834
0.196923
0.192999
0.205382
0.212417
0.212857
0.208371
0.218377
0.236909
0.244717
0.260835
0.271913
0.280607
0.312796
0.348872
0.367997
0.378799
0.408203
0.380464
0.362017
0.367195
0.347772
0.330604
0.302883
0.281665
0.265260
0.219413
0.202589
0.201836
0.203243
0.188989
0.185557
0.172234
0.178092
0.165048
0.165591
0.162180
0.163605
0.162976
0.166090
0.166675
0.163117
0.165366
0.168168
0.166028
0.162955
0.158694
0.160509
0.154256
0.153945
0.151652
0.148805
0.153228
0.149231
0.149019
0.147526
0.146100
0.145362
0.145874
0.148180
0.149232
0.141917
0.138567
0.136363
0.134317
0.135686
0.135780
0.135533
0.134380
0.137228
0.143895
0.206195
0.135059
0.136789
0.133382
0.134267
0.136056
0.132969
0.137205
0.140985
0.138380
0.137048
0.137007
0.133664
0.135665
0.133299
0.133546
0.137314
0.139212
0.143510
0.138049
0.141210
0.145478
0.144719
0.146639
0.143931
0.156142
0.162057
0.182306
0.162678
0.158921
0.154936
0.155002
0.150594
0.162940
0.162161
0.155869
0.149985
0.153769
0.201602
0.201354
0.172198
0.171678
0.166944
0.185530
0.165054
0.176987
0.159585
0.154589
0.156590
0.153787
0.151418
0.162678
0.152186
0.155257
0.171763
0.167956
0.160980
0.167800
0.162956
0.148949
0.153706
0.163904
0.173000
0.196178
0.180599
0.172246
0.188906
0.191562
0.193163
0.187729
0.176929
0.148531
0.152023
0.149206
0.136047
0.139897
0.140741
0.132269
0.133002
0.131701
0.133279
0.129220
0.132506
0.124873
0.129577
0.129388
0.128330
0.127793
0.128419
0.130439
0.131149
0.136377
0.130723
0.131448
0.130185
0.128065
0.133254
0.132691
0.134815
0.194160
0.162490
0.156731
0.230999
0.198327
0.217079
0.190021
0.205933
0.224729
0.223434
0.259101
0.242543
0.249181
0.234978
0.239279
0.325368
0.297020
0.310897
0.327289
0.320609
0.352914
0.375947
0.339597
0.391326
0.353409
0.341142
0.320041
0.322143
0.279762
0.333372
0.335061
0.299478
0.293964
0.270791
0.260592
0.241584
0.240390
0.272652
0.259000
0.258897
0.238452
0.209518
0.225048
0.200286
0.182985
0.165497
0.145779
0.142683
0.139710
0.138628
0.128623
0.126214
0.128330
0.119130
0.124556
0.126660
0.124160
0.139476
0.125014
0.131862
0.137678
0.130948
0.128776
0.129286
0.145285
0.134829
0.122455
0.131755
0.121442
0.122475
0.124728
0.124611
0.125552
0.121409
0.118758
0.117077
0.119697
0.120365
0.117949
0.114909
0.115406
0.110811
0.112448
0.109664
0.106771
0.110720
0.109232
0.117878
0.109224
0.108495
0.126643
0.111860
0.115229
0.112892
0.114143
0.115912
0.119648
0.128717
0.139451
0.137607
0.129664
0.127835
0.121316
0.117949
0.109583
0.109942
0.118853
0.119698
0.119792
0.124224
0.125226
0.128970
0.121349
0.138469
0.151412
0.139759
0.178391
0.166288
0.118440
0.127812
0.121424
0.120586
0.118697
0.109390
0.110440
0.109323
0.105315
0.102758
0.101276
0.100850
0.104270
0.099931
0.101394
0.100599
0.101729
0.099648
0.094122
0.095750
0.096984
0.096437
0.093223
0.097325
0.092259
0.096645
0.099201
0.097330
0.097662
0.097145
0.096584
0.099799
0.118229
0.169179
0.162851
0.118617
0.121836
0.126529
0.121279
0.116911
0.106103
0.098965
0.115603
0.119866
0.109504
0.106189
0.113101
0.107164
0.107334
0.109001
0.107343
0.105333
0.100336
0.096894
0.097010
0.092617
0.090560
0.087248
0.089315
0.088097
0.088967
0.089647
0.087768
0.087363
0.085381
0.086433
0.084281
0.083510
0.083898
0.085070
0.083696
0.085070
0.085833
0.086510
0.090636
0.090266
0.089674
0.088870
0.090193
0.095924
0.096898
0.103723
0.105565
0.113058
0.108899
0.122053
0.111856
0.140865
0.105519
0.100352
0.123764
0.109071
0.099380
0.097237
0.087249
0.090146
0.085833
0.083964
0.072327
0.076970
0.076072
0.076100
0.074231
0.071545
0.070234
0.067585
0.069926
0.067560
0.065368
0.067279
0.065503
0.064745
0.064685
0.065556
0.065216
0.063412
0.061604
0.066838
0.064897
0.064749
0.061759
0.065226
0.059369
0.061682
0.063764
0.063548
0.063899
0.065603
0.060505
0.059543
0.057932
0.057134
0.059337
0.054099
0.058062
0.058426
0.056813
0.054978
0.057804
0.056877
0.057848
0.057093
0.056588
0.051870
0.054166
0.055893
0.057062
0.056804
0.052520
0.052371
0.056111
0.056074
0.056439
0.059489
0.057795
0.058133
0.058273
0.060231
0.062080
0.060470
0.061120
0.059030
0.058186
0.057552
0.059189
0.057721
0.057508
0.057719
0.058310
0.056690
0.055577
0.056859
0.056714
0.056205
0.054644
0.054838
0.055447
0.054823
0.055008
0.056032
0.055058
0.053106
0.053123
0.053356
0.053400
0.051948
0.049948
0.049259
0.050117
0.048802
0.051395
0.048202
0.047747
0.046496
0.046639
0.047603
0.042559
0.046949
0.048074
0.046656
0.047175
0.045465
0.044996
0.045929
0.041853
0.044279
0.045306
0.043997
0.044253
0.043832
0.045268
0.043480
0.044121
0.041340
0.041406
0.044352
0.042124
0.044267
0.043326
0.043117
0.040822
0.041028
0.050759
0.046177
0.042707
0.043128
0.042412
0.043908
0.044863
0.044011
0.042898
0.042800
0.044429
0.041778
0.041286
0.040759
0.041089
0.040835
0.041122
0.040281
0.040242
0.041173
0.040079
0.040017
0.041477
0.039996
0.039698
0.039644
0.039671
0.039741
0.039906
0.039662
0.039370
0.050440
0.039373
0.039518
0.043212
0.041791
0.045015
0.041872
0.040460
0.039781
0.039629
0.054841
0.041304
0.040086
0.041400
0.042212
0.043819
0.043452
0.040263
0.039171
0.039433
0.039136
0.039747
0.039088
0.038974
0.039015
0.038880
0.039007
0.038910
0.038800
0.038932
0.038934
0.038828
0.038687
0.039732
0.038946
0.039487
0.038479
0.038622
0.039491
0.039738
0.038295
0.038388
0.038388
0.038284
0.038325
0.038363
0.038244
0.038244
0.038547
0.038373
0.037930
0.038256
0.038144
0.038228
0.037988
0.038010
0.038019
0.038063
0.037872
0.038057
0.037794
0.038034
0.038118
0.038037
0.037895
0.037847
0.037899
0.038051
0.037757
0.037623
0.037350
0.037434
0.037314
0.037578
0.037607
0.037401
0.037239
0.037315
0.037458
0.037756
0.038066
0.037555
0.037330
0.038386
0.037481
0.037375
0.037105
0.037055
0.036931
0.036678
0.036654
0.036584
0.036428
0.036318
0.043657
0.036913
0.036624
0.037402
0.036879
0.036855
0.036792
0.036563
0.036646
0.036554
0.035975
0.035756
0.035919
0.035728
0.035408
0.035462
0.035505
0.035671
0.035890
0.035974
0.036451
0.035974
0.037588
0.038879
0.035932
0.036732
0.035951
0.036231
0.036085
0.037667
0.038666
0.037152
0.037751
0.037588
0.037998
0.036948
0.037255
0.037967
0.038227
0.039006
0.039068
0.037301
0.037797
0.039369
0.040224
0.039068
0.038366
0.037626
0.039006
0.037348
0.037246
0.035207
0.035499
0.036453
0.036596
0.036737
0.035746
0.037595
0.036226
0.035822
0.034621
0.036378
0.037488
0.036732
0.036982
0.038291
0.037424
0.038291
0.038115
0.036952
0.037720
0.036418
0.034540
0.034431
0.034319
0.034201
0.034445
0.038742
0.039463
0.035608
0.034871
0.035270
0.034154
0.034131
0.034021
0.035508
0.034124
0.034740
0.035659
0.034033
0.036571
0.038429
0.036571
0.034917
0.034599
0.033812
0.034704
0.034386
0.033835
0.034174
0.033753
0.033115
0.033137
0.033280
0.033368
0.033485
0.033439
0.033421
0.033054
0.033573
0.033020
0.032550
0.032400
0.032094
0.031803
0.031896
0.032739
0.032927
0.033199
0.032988
0.033363
0.036121
0.035600
0.033478
0.033165
0.034598
0.035917
0.034191
0.033611
0.034191
0.031210
0.032603
0.030826
0.031387
0.031239
0.031432
0.031436
0.031589
0.031112
0.033780
0.031687
0.030746
0.030728
0.030673
0.031368
0.031927
0.031839
0.032114
0.031783
0.031367
0.032425
0.032074
0.032318
0.031773
0.031345
0.031519
0.032310
0.032160
0.032224
0.031667
0.031953
0.032606
0.032409
0.032880
0.033082
0.032766
0.032644
0.032080
0.032463
0.032438
0.032707
0.032480
0.032375
0.031990
0.031697
0.031810
0.031822
0.031618
0.031323
0.031888
0.031653
0.031020
0.030936
0.030924
0.030803
0.030728
0.030900
0.032660
0.037706
0.035774
0.039097
0.039678
0.039378
0.034543
0.032602
0.034638
0.034464
0.035623
0.036826
0.041374
0.042887
0.040895
0.033188
0.030365
0.033205
0.037277
0.034544
0.034677
0.034263
0.033680
0.030114
0.031953
0.033043
0.039798
0.041497
0.030026
0.036174
0.036713
0.032888
0.031540
0.030475
0.036110
0.031804
0.032531
0.031439
0.029880
0.029723
0.029744
0.029714
0.029839
0.029802
0.029700
0.029915
0.029721
0.029540
0.029648
0.029569
0.031104
0.029490
0.029444
0.029394
0.029365
0.029423
0.029336
0.029342
0.029313
0.029284
0.029221
0.029192
0.029164
0.029163
0.029125
0.029474
0.029033
0.029151
0.029073
0.028988
0.029186
0.028976
0.029731
0.028797
0.029042
0.028875
0.028857
0.028843
0.028740
0.028573
0.028555
0.028614
0.028630
0.028667
0.028609
0.028692
0.029088
0.031634
0.031264
0.028428
0.028512
0.028501
0.028458
0.028437
0.028326
0.028540
0.028369
0.028342
0.028268
0.028345
0.028229
0.028185
0.027999
0.028058
0.028066
0.027886
0.027909
0.028015
0.028031
0.027945
0.027815
0.027786
0.027790
0.027617
0.027743
0.027828
0.027732
0.027728
0.027803
0.029165
0.027501
0.027473
0.027764
0.027871
0.027599
0.027675
0.027767
0.027541
0.027430
0.027350
0.027630
0.029057
0.027998
0.027601
0.027362
0.027279
0.027157
0.027228
0.027048
0.027091
0.027145
0.027222
0.027325
0.029802
0.027213
0.027354
0.027256
0.027067
0.027160
0.027283
0.026865
0.027922
0.026885
0.027477
0.028133
0.029044
0.027238
0.028134
0.029482
0.032153
0.031215
0.026832
0.027473
0.027076
0.034553
0.028322
0.027653
0.026757
0.028457
0.027657
0.028154
0.026468
0.026810
0.026353
0.026819
0.027616
0.026527
0.026513
0.026521
0.026287
0.026318
0.026624
0.026297
0.026113
0.026124
0.026083
0.026199
0.026193
0.026082
0.026110
0.026088
0.026068
0.025649
0.025905
0.027860
0.026803
0.025915
0.025796
0.025787
0.025441
0.025382
0.025299
0.025322
0.025373
0.025429
0.025285
0.025266
0.025373
0.025170
0.025464
0.025483
0.025917
0.025562
0.025438
0.025493
0.026085
0.026028
0.026706
0.025515
0.025796
0.025796
0.026017
0.025294
0.025435
0.025030
0.025056
0.025062
0.025055
0.025067
0.024960
0.024748
0.024543
0.024717
0.024512
0.024297
0.024705
0.024658
0.024669
0.024547
0.024854
0.024609
0.024371
0.024294
0.024237
0.024444
0.024173
0.024740
0.024509
0.024509
0.024241
0.023366
0.023988
0.115714
0.124004
0.152460
0.152976
0.158898
0.023311
0.024714
0.024971
0.025328
0.024294
0.024560
0.024638
0.024960
0.025230
0.025141
0.024907
0.024173
0.024508
0.024248
0.024154
0.024363
0.023740
0.023983
0.024072
0.024191
0.023960
0.023830
0.023737
0.023590
0.023637
0.023751
0.024019
0.023637
0.023830
0.024095
0.023743
0.023608
0.023682
0.023507
0.023605
0.023313
0.023652
0.023473
0.023710
0.023531
0.023598
0.023837
0.023339
0.023425
0.023352
0.023741
0.023137
0.023330
0.023251
0.023116
0.023495
0.023428
0.023169
0.023528
0.023488
0.022815
0.022768
0.022754
0.022669
0.022698
0.022689
0.022463
0.022687
0.022535
0.023022
0.022768
0.022834
0.023107
0.023061
0.022796
0.022702
0.022663
0.022979
0.022661
0.022688
0.022608
0.022448
0.022475
0.022932
0.022541
0.022409
0.022489
0.022503
0.022687
0.022343
0.022714
0.022111
0.022741
0.022435
0.023117
0.022622
0.022528
0.021969
0.022648
0.022735
0.021992
0.022633
0.021939
0.022607
0.022922
0.022752
0.022143
0.022004
0.022778
0.022344
0.022549
0.022084
0.022013
0.022316
0.022391
0.021958
0.021722
0.021589
0.022130
0.021763
0.021813
0.021616
0.021511
0.021351
0.021419
0.021603
0.021299
0.021419
0.021458
0.021721
0.021233
0.021154
0.021406
0.021353
0.021402
0.021043
0.021157
0.021065
0.021024
0.020934
0.021494
0.021024
0.021024
0.021066
0.021395
0.020914
0.020847
0.021026
0.020836
0.020909
0.020612
0.020883
0.021069
0.021258
0.021255
0.020758
0.020569
0.020569
0.020753
0.020272
0.020008
0.019816
0.019797
0.019852
0.019839
0.019958
0.019971
0.019850
0.019908
0.019699
0.019674
0.019732
0.019630
0.019630
0.019461
0.019358
0.019268
0.019372
0.019190
0.019495
0.019028
0.019024
0.018896
0.018819
0.018933
0.018812
0.018985
0.018632
0.018653
0.018702
0.018692
0.017309
0.018080
0.018292
0.018012
0.018080
0.105171
0.018696
0.018769
0.018686
0.018652
0.018244
0.018330
0.018471
0.018180
0.018450
0.018166
0.018144
0.018109
0.018332
0.016804
0.017414
0.017586
0.017659
0.017360
0.017345
0.017121
0.017523
0.018597
0.018469
0.018214
0.018056
0.018307
0.018073
0.018022
0.017814
0.017980
0.017539
0.017548
0.017322
0.017320
0.017262
0.017020
0.016831
0.016891
0.017071
0.016841
0.017163
0.016787
0.017551
0.019443
0.018379
0.018709
0.019430
0.019306
0.019317
0.019350
0.019169
0.019189
0.019408
0.020015
0.020307
0.020467
0.019908
0.019705
0.019627
0.019649
0.019259
0.018646
0.018524
0.018998
0.019113
0.019048
0.018778
0.019118
0.018417
0.018067
0.018695
0.018915
0.018344
0.018584
0.018276
0.018544
0.018499
0.017984
0.017940
0.018305
0.017949
0.017910
0.017820
0.017719
0.017448
0.017486
0.017372
0.017457
0.017737
0.017916
0.017409
0.018131
0.017508
0.017570
0.017194
0.017159
0.017790
0.017782
0.017219
0.017652
0.017398
0.016996
0.016907
0.017107
0.017373
0.017018
0.016966
0.016869
0.017036
0.016951
0.017227
0.017419
0.016894
0.017106
0.016745
0.016844
0.017051
0.017377
0.017464
0.017245
0.016757
0.016912
0.016911
0.016899
0.016580
0.016991
0.016665
0.016615
0.016601
0.016565
0.016381
0.016506
0.016458
0.016285
0.016342
0.016109
0.016256
0.016457
0.017538
0.016908
0.016761
0.016682
0.016501
0.016612
0.016595
0.016898
0.016784
0.016620
0.016812
0.016737
0.017030
0.016316
0.016626
0.016497
0.016312
0.016617
0.016331
0.016319
0.016233
0.016245
0.016274
0.016079
0.016000
0.016628
0.016002
0.015944
0.016355
0.016540
0.016130
0.016651
0.017396
0.016516
0.016288
0.015922
0.016396
0.015972
0.015065
0.015627
0.016032
0.016392
0.015124
0.017830
0.016846
0.015100
0.015877
0.016248
0.019499
0.016133
0.015980
0.015743
0.016060
0.016424
0.016991
0.017520
0.017329
0.016651
0.015645
0.015572
0.013728
0.017076
0.018944
0.019877
0.019629
0.020593
0.017167
0.017167
0.016441
0.015602
0.015420
0.015694
0.015408
0.016043
0.015763
0.015420
0.015014
0.015384
0.015800
0.015882
0.015712
0.015493
0.016795
0.016888
0.015621
0.015002
0.016577
0.015432
0.015735
0.015896
0.015299
0.014857
0.014984
0.015210
0.016324
0.015668
0.014973
0.015923
0.016118
0.017036
0.015703
0.015348
0.015439
0.015742
0.015151
0.016762
0.015577
0.015367
0.015529
0.015854
0.016582
0.016128
0.015421
0.014737
0.016306
0.015286
0.015126
0.014731
0.014927
0.015650
0.014905
0.014711
0.015662
0.015888
0.014879
0.015277
0.014935
0.015109
0.015663
0.014990
0.016220
0.015577
0.015902
0.015777
0.016017
0.014821
0.014732
0.014452
0.014230
0.014328
0.014541
0.014352
0.014499
0.014076
0.014632
0.014428
0.014222
0.014537
0.014447
0.014208
0.014142
0.014790
0.014826
0.018135
0.015556
0.016779
0.016695
0.017092
0.015460
0.017021
0.016154
0.015530
0.015847
0.015411
0.015482
0.016138
0.015600
0.015247
0.014886
0.015929
0.015717
0.016008
0.015269
0.015846
0.016678
0.015598
0.016618
0.015842
0.015281
0.016044
0.016009
0.016861
0.014857
0.015642
0.016045
0.015315
0.016442
0.015362
0.015151
0.014715
0.015292
0.013543
0.015928
0.014763
0.015738
0.016869
0.014669
0.015869
0.015550
0.014775
0.015740
0.015995
0.014857
0.015740
0.015705
0.016634
0.016839
0.017549
0.014564
0.016355
0.015506
0.017090
0.015529
0.020515
0.019737
0.019643
0.018865
0.012795
0.017020
0.020398
0.021829
0.023267
0.016915
0.016690
0.016306
0.016445
0.015596
0.016775
0.015469
0.015036
0.014966
0.013044
0.014309
0.013992
0.013291
0.016313
0.016965
0.016150
0.015957
0.016069
0.017749
0.017166
0.015108
0.015375
0.017085
0.013701
0.015701
0.015259
0.014656
0.015189
0.015411
0.015143
0.015969
0.016183
0.014552
0.015923
0.016137
0.016818
0.017889
0.016772
0.016339
0.016270
0.016247
0.015319
0.016714
0.016634
0.017334
0.017658
0.017170
0.017288
0.017612
0.017066
0.019134
0.018286
0.017846
0.016051
0.019065
0.020566
0.015629
0.019584
0.018137
0.017324
0.017662
0.016779
0.016277
0.019915
0.019401
0.016687
0.016851
0.021845
0.019754
0.018274
0.019743
0.016013
0.016228
0.016633
0.019685
0.016702
0.016469
0.016102
0.018469
0.021502
0.019023
0.014582
0.015772
0.014796
0.016820
0.018943
0.023876
0.026028
0.021354
0.023705
0.021297
0.019651
0.017324
0.016233
0.018567
0.008205
0.014204
0.016851
0.016816
0.014249
0.016726
0.015350
0.015350
0.014543
0.014327
0.015237
0.013854
0.015021
0.013133
0.010768
0.010410
0.013201
0.015774
0.014998
0.017006
0.015157
0.015520
0.015293
0.016791
0.017238
0.018147
0.016734
0.016295
0.018547
0.021935
0.018034
0.021154
0.018925
0.021822
0.017344
0.021800
0.024316
0.018812
0.020322
0.019757
0.020288
0.020860
0.022120
0.026161
0.026897
0.024929
0.008427
0.022450
0.019465
0.020501
0.016972
0.016972
0.018429
0.016058
0.021614
0.018811
0.018474
0.016035
0.016561
0.017085
0.019216
0.020703
0.018811
0.018811
0.018396
0.016658
0.011424
0.018171
0.019139
0.016591
0.016157
0.017413
0.021001
0.019469
0.019569
0.020254
0.020221
0.018048
0.016967
0.016121
0.017580
0.016833
0.018748
0.013831
0.016389
0.015911
0.009757
0.015878
0.015978
0.017680
0.014814
0.017267
0.015241
0.015208
0.016032
0.017602
0.030971
0.022927
0.020756
0.018018
0.018912
0.016355
0.016712
0.015788
0.017402
0.019552
0.021322
0.019497
0.018181
0.021832
0.027170
0.031438
0.024187
0.024844
0.026959
0.025391
0.030395
0.023111
0.023932
0.023167
0.026304
0.026860
0.021589
0.022429
0.026016
0.021678
0.017817
0.024501
0.024424
0.021435
0.025961
0.016237
0.020813
0.017662
0.015691
0.022913
0.014748
0.016115
0.026385
0.011920
0.014992
0.014948
0.013675
0.015460
0.014970
0.015972
0.021900
0.018570
0.017874
0.022561
0.026945
0.021757
0.017786
0.016782
0.020874
0.020874
0.014341
0.017135
0.018252
0.019412
0.018987
0.025335
0.019489
0.005779
0.017058
0.020066
0.019979
0.020699
0.018845
0.021374
0.020524
0.018812
0.020524
0.019259
0.016785
0.016763
0.018671
0.020404
0.017261
0.018605
0.041578
0.031228
0.027461
0.028264
0.022463
0.021742
0.020197
0.021872
0.017728
0.033116
0.024615
0.021666
0.019477
0.085072
0.020034
0.018235
0.010423
0.012944
0.007828
0.011776
0.013327
0.013305
0.011623
0.004195
0.014195
0.019828
0.011171
0.110542
0.113907
0.116652
0.115278
0.116437
0.121829
0.113240
0.007267
0.013519
0.016024
0.017164
0.027495
0.021103
0.018380
0.023163
0.021758
0.023977
0.018185
0.014710
0.014306
0.012895
0.021103
0.015787
0.023109
0.028168
0.032272
0.036419
0.034308
0.025054
0.023514
0.028342
0.026004
0.019030
0.021381
0.014005
0.022850
0.034211
0.026422
0.022668
0.028438
0.028621
0.022711
0.017167
0.017328
0.019664
0.018257
0.020478
0.022571
0.018118
0.027566
0.030642
0.038998
0.033067
0.027438
0.023847
0.030395
0.032261
0.037397
0.033045
0.030256
0.032832
0.025470
0.030054
0.012808
0.014252
0.018388
0.018516
0.021388
0.014778
0.019237
0.013692
0.014167
0.013628
0.022894
0.015299
0.012670
0.011193
0.014061
0.023346
0.018154
0.013436
0.010617
0.009433
0.014363
0.009712
0.023123
0.024315
0.016144
0.016186
0.014809
0.013192
0.014640
0.019275
0.035001
0.043986
0.027875
0.022267
0.027939
0.017656
0.012959
0.013509
0.011927
0.015699
0.017550
0.019043
0.019678
0.015028
0.027685
0.016758
0.014228
0.016033
0.013654
0.011053
0.016033
0.021761
0.021708
0.025932
0.039336
0.035159
0.032268
0.026496
0.035170
0.028678
0.017819
0.019351
0.031409
0.027212
0.021430
0.021409
0.019839
0.023287
0.024969
0.024122
0.022867
0.026375
0.042086
0.029792
0.028526
0.026281
0.025570
0.029782
0.016788
0.019766
0.015001
0.014266
0.013562
0.013552
0.015441
0.018964
0.020433
0.022621
0.031169
0.028381
0.034035
0.034035
0.018944
0.024756
0.023889
0.028351
0.024758
0.026932
0.020393
0.026160
0.027631
0.023887
0.021875
0.031107
0.027639
0.027640
0.029662
0.030258
0.034860
0.029671
0.031111
0.023118
0.021885
0.016710
0.008900
0.006837
0.026183
0.026956
0.028386
0.026191
0.015490
0.026967
0.016743
0.026979
0.018303
0.035556
0.034090
0.020452
0.018325
0.038046
0.038052
0.031176
0.029735
0.022676
0.014282
0.030326
0.044155
0.032564
0.019772
0.019773
0.015546
0.018359
0.014307
0.029201
0.041972
0.028465
0.023987
0.030367
0.017608
0.025553
0.021341
0.021344
0.022704
0.027029
0.029771
0.030354
0.031203
0.026278
0.025585
0.037217
0.036416
0.041994
0.054795
0.047713
0.039150
0.031270
0.035665
0.033424
0.033431
0.026334
0.029833
0.027805
0.025623
0.029267
0.023291
0.019868
0.037289
0.031297
0.032082
0.048363
0.036495
0.040792
0.050452
0.046896
0.046101
0.039739
0.035820
0.029396
0.023402
0.030549
0.032774
0.031385
0.024124
0.041721
0.035820
0.027934
0.026465
0.074432
0.078020
0.049351
0.073788
0.017940
0.066349
0.031655
0.023159
0.063604
0.037682
0.037677
0.018830
0.033041
0.037639
0.032419
0.052841
0.077330
0.068332
0.059072
0.051153
0.018315
0.020481
0.033220
0.075438
0.065289
0.059899
0.058923
0.059229
0.059892
0.064992
0.061810
0.061563
0.056463
0.033712
0.040598
0.033055
0.034450
0.030832
0.068518
0.063605
0.057030
0.042840
0.036938
0.039417
0.037000
0.037766
0.058561
0.057872
0.060938
0.046618
0.046631
0.055123
0.015891
0.024776
0.034187
0.035697
0.032742
0.026424
0.026539
0.031524
0.011444
0.025765
0.055077
0.054591
0.056278
0.073181
0.068458
0.058177
0.058969
0.053866
0.067966
0.066957
0.065111
0.058446
0.055005
0.053077
0.055705
0.056344
0.053141
0.033520
0.053063
0.053699
0.049321
0.050200
0.048526
0.046640
0.043048
0.054790
0.044390
0.046781
0.040062
0.037083
0.055636
0.049803
0.054327
0.043650
0.042194
0.048446
0.044614
0.051021
0.052734
0.052684
0.051196
0.032303
0.038867
0.034976
0.047802
0.046508
0.050527
0.046624
0.041859
0.048979
0.056204
0.066515
0.063543
0.051774
0.045358
0.047184
0.058642
0.058748
0.051222
0.046074
0.055828
0.042641
0.042073
0.034030
0.045257
0.041413
0.014822
0.041575
0.021262
0.026721
0.064098
0.039985
0.029747
0.034280
0.058334
0.067145
0.064513
0.055904
0.046814
0.051838
0.059707
0.040536
0.033543
0.033594
0.028414
0.037696
0.024585
0.035368
0.031520
0.016321
0.016950
0.022165
0.034257
0.034180
0.034600
0.038156
0.037233
0.045948
0.044025
0.048241
0.054302
0.044598
0.048442
0.034195
0.024202
0.013944
0.042637
0.041211
0.050158
0.050222
0.041154
0.052074
0.036609
0.026825
0.040489
0.045419
0.030276
0.041864
0.045971
0.047621
0.050194
0.056033
0.054146
0.049146
0.038879
0.042981
0.037264
0.046256
0.048291
0.057873
0.055279
0.043887
0.039953
0.043342
0.037212
0.054347
0.052215
0.046603
0.043232
0.039167
0.033000
0.042575
0.035572
0.038554
0.038726
0.036320
0.037432
0.040990
0.037217
0.042044
0.043412
0.044955
0.044178
0.042818
0.043646
0.038210
0.022898
0.029246
0.035234
0.034393
0.039919
0.027577
0.045967
0.049000
0.041522
0.039682
0.032024
0.022318
0.025155
0.026983
0.032092
0.025919
0.028032
0.036099
0.043921
0.040650
0.040458
0.025868
0.022033
0.020769
0.019958
0.032882
0.033579
0.029136
0.035741
0.025652
0.020516
0.022250
0.029494
0.028771
0.033345
0.022125
0.024235
0.038048
0.038441
0.024764
0.029705
0.034052
0.032993
0.035759
0.039678
0.029046
0.020952
0.021359
0.027602
0.047713
0.034681
0.043623
0.038525
0.031995
0.022234
0.031947
0.028658
0.030939
0.029881
0.042986
0.030189
0.050780
0.041027
0.029479
0.026601
0.033871
0.045348
0.039276
0.030715
0.023903
0.024445
0.039176
0.040713
0.033026
0.029362
0.029622
0.031302
0.028275
0.033711
0.030344
0.033773
0.034426
0.038088
0.029062
0.023928
0.024573
0.026294
0.028630
0.030279
0.030277
0.030447
0.031434
0.030741
0.033026
0.032349
0.032588
0.031624
0.030496
0.031039
0.031665
0.032447
0.034237
0.033276
0.030601
0.030875
0.033541
0.035456
0.033507
0.033048
0.038708
0.040161
0.037233
0.034075
0.037640
0.046050
0.056030
0.038241
0.045698
0.043537
0.043394
0.042025
0.045069
0.045481
0.043932
0.041208
0.040585
0.041623
0.042053
0.038711
0.035153
0.034583
0.036527
0.043283
0.038812
0.042570
0.045846
0.043085
0.040942
0.039923
0.041186
0.044042
0.042623
0.044632
0.042831
0.045190
0.041330
0.042003
0.041558
0.041558
0.042408
0.044365
0.046639
0.045201
0.039750
0.039996
0.038908
0.041449
0.040687
0.039620
0.040199
0.039231
0.038656
0.038449
0.038925
0.039856
0.038949
0.038974
0.040584
0.042000
0.042258
0.043969
0.045461
0.044869
0.045600
0.054515
0.049411
0.049573
0.045275
0.046650
0.047479
0.048361
0.047751
0.047343
0.047564
0.048145
0.047765
0.047234
0.047757
0.048729
0.048920
0.048894
0.049064
0.049513
0.049480
0.050009
0.051440
0.052993
0.054726
0.050604
0.053029
0.052696
0.052787
0.055254
0.054450
0.056733
0.056457
0.185014
0.055009
0.057639
0.059322
0.055960
0.052474
0.052861
0.052963
0.053582
0.056763
0.057004
0.056556
0.057179
0.056230
0.061721
0.058385
0.053871
0.052861
0.052627
0.052162
0.052659
0.052056
0.053086
0.053636
0.054342
0.055274
0.058881
0.058696
0.059556
0.062661
0.064041
0.063683
0.063976
0.062892
0.062535
0.062183
0.062471
0.062671
0.062671
0.061683
0.060065
0.059124
0.060994
0.058247
0.057450
0.057226
0.060026
0.058696
0.057819
0.053011
0.049949
0.051504
0.053107
0.053191
0.053558
0.055215
0.055051
0.053849
0.054718
0.054766
0.057232
0.056166
0.055517
0.055324
0.055952
0.057153
0.057284
0.056269
0.056936
0.058068
0.060057
0.055626
0.052637
0.053532
0.054915
0.056146
0.057849
0.058907
0.057253
0.050804
0.055546
0.056798
0.057620
0.058759
0.059325
0.059398
0.060516
0.061668
0.061143
0.062654
0.062152
0.060217
0.060650
0.062488
0.061471
0.059360
0.058202
0.056750
0.058133
0.058048
0.055995
0.054869
0.056051
0.060271
0.057937
0.057937
0.059433
0.059208
0.059398
0.061296
0.063267
0.064620
0.064437
0.065041
0.062622
0.059556
0.054226
0.053520
0.054478
0.052927
0.054178
0.054150
0.056695
0.058166
0.062275
0.064664
0.061644
0.063080
0.063886
0.066502
0.067634
0.061043
0.060544
0.061766
0.064059
0.064156
0.065854
0.062540
0.062350
0.064124
0.067344
0.060009
0.058740
0.057406
0.062898
0.059043
0.055963
0.064260
0.049887
0.054237
0.076911
0.064967
0.061165
0.060851
0.063399
0.065168
0.067826
0.070609
0.070226
0.067544
0.068592
0.071196
0.076791
0.068210
0.070193
0.075504
0.073834
0.064244
0.062679
0.070594
0.072116
0.069218
0.071068
0.075268
0.076186
0.078782
0.077758
0.076837
0.077338
0.078289
0.080734
0.081783
0.079565
0.080013
0.078020
0.078644
0.079649
0.079484
0.079483
0.079682
0.081107
0.081098
0.078333
0.077178
0.078214
0.077242
0.076767
0.079131
0.078305
0.079839
0.081148
0.081124
0.081124
0.081059
0.081124
0.079839
0.082439
0.083101
0.082427
0.085087
0.214282
0.084539
0.084370
0.086211
0.085789
0.085592
0.083601
0.083152
0.082895
0.081799
0.081484
0.081446
0.082463
0.083144
0.084382
0.084576
0.087378
0.086028
0.086304
0.086155
0.087765
0.085395
0.087490
0.086762
0.088238
0.087539
0.088006
0.087089
0.086089
0.086583
0.086881
0.089419
0.088350
0.088621
0.089926
0.089292
0.090119
0.088865
0.089068
0.089024
0.089959
0.089908
0.090352
0.093309
0.096030
0.091262
0.098730
0.096905
0.096552
0.101846
0.099692
0.097317
0.097593
0.094656
0.100416
0.103382
0.102777
0.098675
0.098932
0.098238
0.095605
0.096948
0.097020
0.097631
0.095106
0.092540
0.093744
0.091685
0.093000
0.093676
0.095516
0.093346
0.092718
0.091869
0.092085
0.092811
0.093012
0.093368
0.094074
0.094656
0.096727
0.096130
0.095912
0.101022
0.100624
0.102039
0.097266
0.098028
0.101006
0.099231
0.097980
0.100402
0.099762
0.107436
0.100127
0.103464
0.101377
0.108373
0.108297
0.217940
0.103699
0.114981
0.111262
0.114731
0.104557
0.239250
0.246579
0.115514
0.110219
0.110960
0.109818
0.110993
0.110475
0.114443
0.114950
0.115221
0.113935
0.113517
0.116446
0.114443
0.116836
0.112656
0.123504
0.116671
0.116973
0.121556
0.124829
0.119287
0.123820
0.122765
0.121753
0.158994
0.117164
0.114866
0.116089
0.119491
0.122655
0.114060
0.117546
0.118148
0.107414
0.110630
0.116645
0.119770
0.113893
0.126917
0.132265
0.130273
0.125943
0.126989
0.130475
0.128070
0.128594
0.127420
0.128939
0.128904
0.129046
0.125910
0.127081
0.130209
0.128304
0.130476
0.131610
0.133414
0.133743
0.135982
0.138506
0.139425
0.138998
0.136835
0.137222
0.148889
0.137153
0.138998
0.141179
0.142355
0.147691
0.152775
0.144979
0.148248
0.149271
0.150416
0.156629
0.164240
0.164052
0.167210
0.184043
0.159178
0.158050
0.173940
0.181794
0.195916
0.198442
0.202963
0.210529
0.184183
0.165999
0.159184
0.169635
0.176878
0.176880
0.210360
0.176878
0.173555
0.167616
0.178989
0.162201
0.169491
0.169301
0.170012
0.166879
0.154861
0.180840
0.159123
0.163450
0.152852
0.164551
0.170421
0.162142
0.136824
0.129531
0.145036
0.156655
0.143606
0.125099
0.123118
0.124609
0.134419
0.142562
0.145406
0.142355
0.141976
0.140924
0.151611
0.145990
0.153574
0.155209
0.154567
0.148741
0.150334
0.161999
0.172704
0.174763
0.173201
0.178391
0.168173
0.187730
0.173548
0.179502
0.159882
0.148561
0.151185
0.172496
0.167051
0.169267
0.171228
0.184954
0.185477
0.191741
0.149999
0.143188
0.151432
0.184901
0.210922
0.233885
0.230742
0.235768
0.201774
0.211156
0.215627
0.263137
0.221421
0.232404
0.244492
0.253996
0.237675
0.284277
0.311030
0.278158
0.266135
0.253982
0.225196
0.232909
0.221231
0.217411
0.217653
0.223680
0.137136
0.138128
0.170982
0.205180
0.211224
0.194892
0.186284
0.184840
0.172653
0.149455
0.170377
0.176939
0.160345
0.130902
0.115680
0.117107
0.099583
0.109139
0.105360
0.110891
0.099128
0.098923
0.102729
0.104093
0.100720
0.093979
0.094563
0.097755
0.102359
0.100753
0.100921
0.098716
0.105926
0.109538
0.108652
0.104795
0.105690
0.114052
0.116142
0.116556
0.115379
0.125975
0.129513
0.118617
0.115979
0.124222
0.139163
0.119770
0.119886
0.125640
0.119858
0.120935
0.127480
0.122012
0.119975
0.113111
0.109900
0.111378
0.105092
0.111961
0.103138
0.092048
0.106923
0.097207
0.094771
0.102994
0.113908
0.098730
0.109110
0.108564
0.108451
0.111959
0.113254
0.108328
0.104239
0.105538
0.103247
0.106375
0.103889
0.099611
0.094544
0.098049
0.087265
0.074829
0.072640
0.074238
0.088754
0.083229
0.086315
0.082999
0.086596
0.087647
0.088322
0.074961
0.073825
0.074680
0.076507
0.076679
0.091730
0.093877
0.095162
0.095563
0.077664
0.075703
0.075296
0.080125
0.079100
0.086196
0.073933
0.066803
0.093798
0.098547
0.097029
0.106233
0.073205
0.071727
0.065105
0.095932
0.098847
0.089358
0.088418
0.086334
0.095472
0.101592
0.094506
0.095465
0.082487
0.084639
0.089512
0.096396
0.082258
0.149462
0.298930
0.322621
0.122559
0.085862
0.086840
0.083761
0.100887
0.118707
0.116309
0.110623
0.079862
0.091789
0.076763
0.076970
0.077249
0.082451
0.083044
0.079394
0.080656
0.080813
0.106087
0.106834
0.099729
0.079171
0.097832
0.090879
0.088882
0.096126
0.084368
0.070824
0.076931
0.074088
0.072600
0.074106
0.078427
0.077966
0.080779
0.082048
0.079862
0.076648
0.076206
0.077186
0.074688
0.075512
0.078751
0.082967
0.077871
0.078225
0.082634
0.088882
0.093543
0.089500
0.087516
0.084526
0.079812
0.072770
0.073071
0.087579
0.081534
0.075150
0.085456
0.078655
0.074198
0.092402
0.085396
0.085256
0.082085
0.071216
0.077889
0.074966
0.081714
0.082689
0.073246
0.073443
0.078914
0.081487
0.073410
0.066958
0.073171
0.070895
0.069405
0.074874
0.077342
0.073171
0.076264
0.067403
0.069007
0.066941
0.074499
0.074120
0.087548
0.068385
0.071203
0.065368
0.079119
0.091687
0.084729
0.077829
0.080662
0.081646
0.078703
0.078720
0.080028
0.071554
0.070677
0.069631
0.070076
0.069281
0.068607
0.059592
0.063375
0.068608
0.070449
0.064543
0.076867
0.078575
0.078089
0.066084
0.067673
0.075297
0.080333
0.067215
0.051138
0.061249
0.059077
0.064536
0.057177
0.057907
0.072647
0.070926
0.063660
0.049382
0.058116
0.044808
0.043055
0.046960
0.064835
0.081099
0.057857
0.062353
0.045857
0.071185
0.052627
0.063573
0.049394
0.040666
0.044327
0.048576
0.049494
0.046983
0.046810
0.055076
0.063698
0.055635
0.059486
0.075984
0.073971
0.077306
0.071516
0.072639
0.053846
0.060061
0.056760
0.057487
0.059331
0.062175
0.051290
0.058761
0.060531
0.047162
0.050076
0.051940
0.045507
0.050134
0.048213
0.058114
0.060560
0.060070
0.068630
0.069085
0.077321
0.056035
0.049396
0.053013
0.047981
0.044402
0.042163
0.045994
0.057615
0.051116
0.048081
0.045078
0.048977
0.048123
0.044596
0.043339
0.043804
0.044281
0.045400
0.048223
0.044354
0.054672
0.057303
0.053916
0.058560
0.048926
0.048674
0.047847
0.052727
0.041048
0.043128
0.040555
0.038432
0.037899
0.037818
0.041297
0.038156
0.037943
0.039213
0.039733
0.040698
0.042851
0.038689
0.037595
0.038167
0.036075
0.036163
0.035732
0.037837
0.039036
0.040022
0.036523
0.038216
0.037449
0.038275
0.047242
0.043901
0.040641
0.038074
0.037000
0.037667
0.039850
0.039369
0.041128
0.039304
0.042624
0.049583
0.042460
0.044350
0.041895
0.040047
0.044355
0.050930
0.034185
0.033778
0.035844
0.039526
0.038056
0.037602
0.037534
0.036010
0.056536
0.055979
0.037631
0.037342
0.038521
0.038070
0.038833
0.043714
0.041958
0.041781
0.040528
0.040055
0.041620
0.040737
0.044488
0.042098
0.042969
0.039914
0.039440
0.039774
0.037101
0.040155
0.036591
0.037489
0.048115
0.048378
0.043898
0.041245
0.045797
0.048716
0.052246
0.059687
0.057186
0.049258
0.040928
0.051717
0.034421
0.032146
0.030602
0.037155
0.030256
0.053961
0.037713
0.030148
0.031781
0.029780
0.029720
0.033069
0.029849
0.029659
0.029014
0.041267
0.055044
0.069295
0.074414
0.072221
0.067660
0.072371
0.044819
0.044103
0.035905
0.033935
0.040549
0.060019
0.063410
0.027421
0.124988
0.111898
0.118630
0.124861
0.026780
0.028447
0.029332
0.032975
0.032971
0.032385
0.034558
0.036404
0.051064
0.048706
0.033088
0.050188
0.050303
0.049764
0.044341
0.056449
0.062257
0.041572
0.059188
0.047324
0.047647
0.048831
0.030576
0.027328
0.043047
0.035300
0.037277
0.038967
0.045530
0.057803
0.047269
0.027258
0.026808
0.026507
0.114391
0.124510
0.120712
0.121886
0.123445
0.134345
0.149102
0.131940
0.122485
0.106782
0.066885
0.100329
0.116958
0.078582
0.070614
0.104069
0.115348
0.108526
0.111947
0.117205
0.123191
0.127219
0.125821
0.128503
0.130915
0.129173
0.123435
0.123657
0.128994
0.136653
0.146241
0.147387
0.152995
0.155430
0.088335
0.096666
0.112572
0.118798
0.126132
0.125909
0.130075
0.136485
0.048151
0.033136
0.027673
0.029427
0.030045
0.029829
0.028586
0.029927
0.029830
0.031115
0.033986
0.026612
0.032802
0.043707
0.036321
0.041900
0.065030
0.057662
0.055677
0.034147
0.035209
0.029858
0.029942
0.036760
0.035849
0.036086
0.042741
0.045616
0.041480
0.041372
0.034181
0.048646
0.024912
0.026974
0.023687
0.045102
0.026523
0.027268
0.026653
0.022369
0.034971
0.056678
0.052896
0.038679
0.038630
0.036385
0.041040
0.040876
0.044276
0.042518
0.057029
0.068554
0.049520
0.045081
0.032408
0.030526
0.024968
0.067900
0.045242
0.041931
0.041002
0.018870
0.016320
0.016799
0.017392
0.018727
0.076134
0.030662
0.020043
0.028126
0.023304
0.031080
0.025044
0.020210
0.017486
0.014177
0.016243
0.016514
0.015496
0.015291
0.020630
0.014106
0.017819
0.014958
0.022476
0.016838
0.021559
0.011760
0.016781
0.054545
0.013789
0.014324
0.029078
0.025789
0.016304
0.018216
0.022703
0.018656
0.024053
0.016743
0.015143
0.033706
0.019787
0.022789
0.015827
0.016933
0.041070
0.024361
0.017607
0.015518
0.014355
0.017554
0.016047
0.014338
0.014453
0.014592
0.013464
0.015330
0.018446
0.021685
0.043193
0.045877
0.040009
0.050609
0.023318
0.068287
0.090798
0.066374
0.063296
0.068221
0.053761
0.037364
0.044913
0.047107
0.034320
0.018389
0.015883
0.012747
0.011726
0.011223
0.011129
0.014607
0.017348
0.030449
0.045556
0.034416
0.012011
0.015639
0.023717
0.040498
0.045164
0.020562
0.027577
0.034093
0.037510
0.030236
0.026783
0.023184
0.034683
0.030510
0.038762
0.028619
0.027640
0.030289
0.051729
0.050295
0.050489
0.046486
0.053943
0.049918
0.061777
0.050946
0.034594
0.025209
0.023590
0.026042
0.023187
0.032917
0.036317
0.028078
0.057535
0.054340
0.054241
0.057305
0.048460
0.047850
0.018465
0.009381
0.009808
0.011830
0.012713
0.010222
0.008443
0.008759
0.008934
0.009849
0.009681
0.010135
0.010246
0.011126
0.012044
0.014267
0.011510
0.011035
0.114419
0.008385
0.014939
0.008844
0.043456
0.058734
0.074341
0.093195
0.095183
0.108296
0.117927
0.131573
0.138514
0.141499
0.095010
0.102661
0.082577
0.050019
0.085885
0.094092
0.094428
0.100120
0.081618
0.097957
0.097515
0.053477
0.108530
0.112153
0.115352
0.133980
0.129936
0.124553
0.125818
0.133814
0.132009
0.128014
0.136587
0.111896
0.107069
0.106185
0.106814
0.111812
0.112880
0.110986
0.105973
0.112312
0.116373
0.039309
0.005974
0.010026
0.008276
0.005748
0.005365
0.005551
0.005121
0.005572
0.005765
0.006072
0.007856
0.009649
0.008484
0.011406
0.012461
0.010156
0.012276
0.009974
0.015566
0.023214
0.011467
0.009309
0.011241
0.013140
0.026998
0.015436
0.018632
0.024920
0.029501
0.027271
0.031508
0.016429
0.013248
0.012344
0.014053
0.014394
0.008836
0.009273
0.009590
0.009717
0.010270
0.010122
0.009745
0.009231
0.010198
0.011019
0.010691
0.010836
0.009786
0.009811
0.009969
0.011648
0.014682
0.015245
0.016236
0.015034
0.014263
0.016045
0.014099
0.015843
0.014571
0.014665
0.014705
0.017646
0.016698
0.023029
0.018561
0.018762
0.017937
0.015998
0.014697
0.014963
0.012608
0.012723
0.012641
0.012485
0.012524
0.014622
0.013191
0.028823
0.021624
0.020848
0.023316
0.018360
0.016513
0.014567
0.012461
0.042367
0.035208
0.028243
0.031754
0.032305
0.028837
0.034126
0.032097
0.028473
0.025526
0.025212
0.027440
0.029568
0.032214
0.028124
0.027927
0.030594
0.028268
0.024593
0.025649
0.023375
0.027732
0.031178
0.022881
0.013255
0.039292
0.033139
0.024827
0.028663
0.020728
0.019467
0.020153
0.015931
0.019189
0.018158
0.017345
0.020502
0.020170
0.023050
0.022426
0.025481
0.028520
0.026964
0.017310
0.018166
0.017943
0.014346
0.015913
0.016633
0.014213
0.012162
0.012474
0.012069
0.013139
0.014096
0.011684
0.010094
0.009910
0.010692
0.017982
0.020613
0.016320
0.015892
0.014409
0.013984
0.012434
0.012045
0.010993
0.013377
0.011029
0.012206
0.013706
0.014004
0.013607
0.011062
0.011078
0.012221
0.010615
0.010444
0.010671
0.011141
0.010891
0.011135
0.010083
0.009593
0.009653
0.013491
0.011623
0.010789
0.013205
0.013506
0.011124
0.012057
0.013930
0.012508
0.019896
0.016905
0.018658
0.016996
0.017200
0.011696
0.010671
0.010871
0.012203
0.013411
0.018884
0.015899
0.014026
0.013310
0.015953
0.018887
0.013808
0.014309
0.014346
0.012423
0.014291
0.012897
0.011965
0.012310
0.014686
0.012530
0.013792
0.014049
0.013162
0.019143
0.014100
0.016177
0.016175
0.018311
0.019028
0.018750
0.016999
0.017350
0.016903
0.019281
0.019181
0.019504
0.021328
0.020163
0.015844
0.015504
0.015692
0.017334
0.020570
0.021384
0.018084
0.019668
0.022975
0.023162
0.022356
0.019287
0.025866
0.023817
0.032557
0.023162
0.028909
0.030297
0.025328
0.019974
0.028828
0.023457
0.024273
0.025626
0.023415
0.032858
0.034330
0.032820
0.032166
0.038175
0.036010
0.027906
0.026039
0.023862
0.038573
0.037972
0.040588
0.027133
0.026754
0.033215
0.025701
0.025896
0.026949
0.037471
0.037833
0.031321
0.025147
0.023746
0.036404
0.030784
0.025663
0.027452
0.026843
0.025754
0.025571
0.028426
0.035747
0.036275
0.029563
0.028267
0.028207
0.032773
0.030258
0.026583
0.034734
0.033931
0.030884
0.028076
0.031721
0.036737
0.028953
0.030358
0.027872
0.018885
0.025580
0.025927
0.027393
0.043438
0.033035
0.037523
0.027354
0.031790
0.029350
0.031720
0.027123
0.035383
0.033377
0.037872
0.027658
0.023952
0.025005
0.020411
0.023366
0.021441
0.021665
0.020503
0.020627
0.021453
0.025713
0.022387
0.022802
0.023179
0.026063
0.026391
0.027089
0.027337
0.030563
0.028513
0.026301
0.033815
0.027108
0.023031
0.021682
0.023032
0.023624
0.023039
0.025437
0.021523
0.025193
0.025159
0.023136
0.027543
0.027961
0.029272
0.034373
0.033293
0.034615
0.032608
0.029604
0.031262
0.030863
0.037336
0.039507
0.046173
0.044490
0.036287
0.038393
0.034557
0.027424
0.030376
0.037862
0.030131
0.036110
0.040564
0.041405
0.033004
0.031777
0.034059
0.033620
0.033271
0.035609
0.041731
0.036869
0.024814
0.027404
0.031946
0.041372
0.031128
0.038067
0.031128
0.030374
0.033567
0.034655
0.034609
0.031346
0.034480
0.034532
0.032172
0.034707
0.036549
0.031062
0.031850
0.033824
0.033604
0.033099
0.030004
0.028967
0.035992
0.035470
0.031223
0.030592
0.030870
0.041031
0.035727
0.036392
0.036334
0.037895
0.033138
0.034533
0.034411
0.037210
0.033801
0.039087
0.037540
0.040127
0.041476
0.042531
0.038745
0.042167
0.039829
0.039316
0.038535
0.039829
0.045979
0.046151
0.042376
0.056424
0.043578
0.047430
0.044348
0.047425
0.041658
0.043248
0.040390
0.047003
0.035154
0.041634
0.040246
0.044147
0.049214
0.043078
0.032832
0.046854
0.063552
0.061880
0.059959
0.044504
0.054573
0.044049
0.053492
0.050995
0.044536
0.043371
0.034676
0.031949
0.034309
0.046028
0.038405
0.079127
0.071855
0.064493
0.079088
0.072813
0.075596
0.082600
0.070647
0.068393
0.079068
0.085803
0.081639
0.083455
0.084654
0.078022
0.080348
0.083218
0.068793
0.085885
0.084005
0.075905
0.076492
0.077622
0.068618
0.066285
0.063507
0.084342
0.093350
0.096179
0.086058
0.095636
0.103802
0.098091
0.099241
0.075391
0.081683
0.083159
0.080076
0.074964
0.083853
0.086362
0.080006
0.083074
0.085410
0.084886
0.083658
0.086882
0.078219
0.072381
0.079498
0.074731
0.081188
0.074922
0.071789
0.056978
0.074091
0.063736
0.064107
0.066034
0.084183
0.086614
0.089881
0.082288
0.080970
0.072677
0.068987
0.062688
0.070949
0.068898
0.056644
0.064026
0.061875
0.061292
0.065703
0.057691
0.048158
0.048419
0.061533
0.076004
0.076467
0.070265
0.059780
0.055833
0.064574
0.065643
0.052571
0.062156
0.071977
0.068233
0.084209
0.072034
0.085576
0.081077
0.071078
0.053340
0.052507
0.065072
0.065981
0.070741
0.057516
0.053597
0.056688
0.058009
0.053537
0.068779
0.058181
0.066278
0.071219
0.062626
0.054871
0.053529
0.060056
0.053578
0.056045
0.056746
0.055405
0.058220
0.070732
0.062639
0.085762
0.071477
0.076109
0.080294
0.073886
0.080803
0.073514
0.082808
0.079225
0.076798
0.088772
0.090783
0.090517
0.110173
0.093994
0.086988
0.083897
0.069277
0.073726
0.060440
0.065075
0.058697
0.055489
0.047126
0.054900
0.062079
0.055046
0.050902
0.049745
0.053163
0.065604
0.083170
0.077302
0.082014
0.092671
0.086999
0.087479
0.080770
0.086999
0.086860
0.100173
0.066591
0.076025
0.089126
0.096809
0.092681
0.089979
0.084815
0.079111
0.083915
0.086177
0.088471
0.063792
0.051447
0.056172
0.048885
0.046441
0.052049
0.056302
0.047168
0.063237
0.151692
0.116059
0.114997
0.090646
0.178454
0.185798
0.184961
0.196080
0.198723
0.176988
0.161581
0.159660
0.162724
0.191767
0.206940
0.142940
0.185643
0.134006
0.154284
0.178715
0.182241
0.107902
0.108132
0.148766
0.129011
0.154002
0.197782
0.193043
0.172503
0.142412
0.137004
0.158021
0.152352
0.192196
0.178600
0.171508
0.191155
0.204313
0.209928
0.207370
0.104394
0.124276
0.031722
0.115608
0.028947
0.102281
0.104644
0.048264
0.117434
0.127795
0.146803
0.112102
0.030279
0.135770
0.176142
0.170047
0.163070
0.122713
0.148625
0.151031
0.167866
0.148084
0.157176
0.145239
0.148941
0.113187
0.039321
0.117550
0.126267
0.178058
0.119837
0.172841
0.192823
0.153615
0.146874
0.152387
0.143548
0.132934
0.145541
0.150162
0.144969
0.132122
0.130393
0.136119
0.139303
0.121057
0.132949
0.118026
0.115303
0.118672
0.129049
0.101505
0.117101
0.128173
0.123541
0.120229
0.105026
0.114320
0.113251
0.123115
0.133763
0.151391
0.156505
0.153464
0.166224
0.122463
0.153590
0.187329
0.185812
0.170725
0.156720
0.161590
0.173705
0.175199
0.138962
0.131552
0.161336
0.165802
0.140676
0.141676
0.140356
0.143126
0.141192
0.100674
0.125940
0.137805
0.133229
0.100870
0.089726
0.117773
0.116470
0.145880
0.090118
0.123463
0.159094
0.153683
0.124402
0.035008
0.095805
0.096087
0.082156
0.037874
0.012776
0.013748
0.042033
0.025337
0.006200
0.016243
0.019883
0.046009
0.029191
0.010854
0.014477
0.022396
0.014115
0.029877
0.014677
0.047589
0.017242
0.025184
0.019383
0.047746
0.063768
0.028694
0.011311
0.016122
0.103932
0.104721
0.111070
0.103274
0.057861
0.010891
0.005083
0.001876
0.002018
0.021758
0.001285
0.018543
0.001446
0.014070
0.032029
0.001946
0.001011
0.006362
0.011163
0.016985
0.010320
0.009786
0.008014
0.031117
0.020440
0.025527
0.021874
0.038429
0.020247
0.022544
0.026398
0.017777
0.120760
0.096686
0.093842
0.090935
0.012641
0.009798
0.006414
0.016552
0.016079
0.018922
0.022605
0.039267
0.004086
0.001640
0.001348
0.005897
0.003489
0.010425
0.012705
0.006253
0.010484
0.017887
0.014982
0.016429
0.016683
0.019352
0.022626
0.018470
0.075161
0.106662
0.109344
0.091370
0.006224
0.053627
0.014009
0.002099
0.008710
0.007501
0.002256
0.006124
0.002525
0.016579
0.045033
0.058790
0.029143
0.077736
0.087659
0.103193
0.025981
0.076220
0.067733
0.005464
0.010188
0.022592
0.006031
0.048342
0.014807
0.008324
0.045727
0.008773
0.006348
0.019692
0.058806
0.089884
0.108549
0.089432
0.090707
0.085440
0.095731
0.091661
0.094651
0.067276
0.101609
0.104606
0.072353
0.034634
0.080954
0.080234
0.085951
0.088116
0.050901
0.004345
0.019519
0.026347
0.028640
0.015016
0.006102
0.007353
0.009549
0.002018
0.007640
0.002216
0.013776
0.002880
0.000970
0.000612
0.025357
0.032353
0.029154
0.082380
0.089763
0.093682
0.088037
0.052684
0.066239
0.038322
0.026228
0.096382
0.072746
0.042870
0.027143
0.011973
0.048305
0.044633
0.020418
0.028490
0.027751
0.021500
0.005254
0.010583
0.009239
0.022275
0.019858
0.022016
0.019419
0.008781
0.028120
0.102145
0.052644
0.085368
0.112200
0.110253
0.105157
0.128416
0.068054
0.014239
0.028666
0.092172
0.112660
0.130771
0.098625
0.094985
0.096817
0.075332
0.041350
0.045102
0.064082
0.052637
0.025982
0.028117
0.027751
0.018322
0.006414
0.004446
0.000577
0.010342
0.019820
0.026279
0.037575
0.060586
0.048888
0.044617
0.061947
0.063773
0.041520
0.064311
0.034206
0.007653
0.007964
0.011612
0.095729
0.106034
0.105210
0.093156
0.109915
0.102858
0.100381
0.091911
0.096778
0.090676
0.027119
0.062734
0.093595
0.109305
0.118116
0.115629
0.103344
0.091337
0.092385
0.024427
0.080210
0.043953
0.019178
0.024018
0.076787
0.073811
0.015010
0.000824
0.006394
0.010051
0.089870
0.043979
0.087940
0.091297
0.083156
0.086077
0.108689
0.095178
0.104912
0.121781
0.141657
0.151244
0.116736
0.002701
0.008107
0.006322
0.001846
0.023385
0.014197
0.032374
0.089870
0.097763
0.094384
0.111950
0.135123
0.107995
0.095246
0.093735
0.032651
0.043791
0.058733
0.087564
0.091835
0.075791
0.095260
0.100894
0.090345
0.095987
0.084863
0.090195
0.087659
0.093407
0.100454
0.107667
0.095673
0.109394
0.104697
0.092541
0.093282
0.108087
0.139185
0.137216
0.145993
0.126092
0.128377
0.107307
0.087077
0.080981
0.103160
0.125092
0.118707
0.123272
0.121390
0.117017
0.129450
0.127277
0.123915
0.133642
0.146491
0.129381
0.146999
0.161180
0.167541
0.174446
0.151380
0.145056
0.132122
0.120874
0.119657
0.123335
0.132345
0.123731
0.123680
0.100828
0.115999
0.111463
0.109661
0.099254
0.080467
0.072814
0.070830
0.067178
0.073333
0.020824
0.041473
0.061913
0.080018
0.042339
0.047842
0.064175
0.068055
0.018458
0.009359
0.001104
0.000565
0.000536
0.000484
0.000243
0.014398
0.026868
0.005952
0.020378
0.063539
0.016168
0.008067
0.010720
0.008900
0.015588
0.020759
0.008132
0.013656
0.045350
0.094909
0.066600
0.044603
0.014819
0.024363
0.012086
0.023224
0.018261
0.023187
0.025377
0.020476
0.021493
0.027776
0.014246
0.042709
0.030311
0.035516
0.007579
0.002174
0.015475
0.019293
0.013750
0.004746
0.011241
0.021729
0.015100
0.014962
0.024474
0.016909
0.004602
0.007599
0.003840
0.012035
0.003714
0.001803
0.020545
0.004218
0.003788
0.002364
0.003633
0.008569
0.005325
0.002560
0.002019
0.001888
0.002338
0.002183
0.001500
0.004697
0.007736
0.001904
0.004045
0.010404
0.006533
0.008861
0.006033
0.008874
0.002250
0.002155
0.014075
0.011732
0.002533
0.002377
0.002313
0.002202
0.005338
0.002720
0.002655
0.002148
0.002301
0.002124
0.002523
0.002325
0.008636
0.002760
0.003305
0.005031
0.002639
0.004817
0.003612
0.007759
0.007742
0.008607
0.010156
0.009576
0.008595
0.008481
0.010557
0.008463
0.012548
0.019749
0.005916
0.003852
0.007490
0.012112
0.022772
0.027138
0.014047
0.045969
0.086772
0.076788
0.083485
0.059256
0.071783
0.079247
0.078626
0.056194
0.024989
0.067092
0.110777
0.032874
0.070596
0.009583
0.008886
0.011264
0.004277
0.004514
0.004822
0.006041
0.004810
0.004571
0.005753
0.005815
0.004567
0.005555
0.005556
0.005408
0.011912
0.004880
0.004800
0.006814
0.003910
0.005851
0.004244
0.004422
0.008456
0.004373
0.004785
0.003340
0.013212
0.012043
0.016263
0.021213
0.017459
0.015284
0.013289
0.003482
0.007311
0.011429
0.005144
0.007960
0.006617
0.011324
0.010192
0.015671
0.012324
0.013845
0.012031
0.012967
0.039931
0.057571
0.042966
0.037941
0.030114
0.017339
0.004733
0.002625
0.002228
0.002974
0.002638
0.002095
0.005169
0.004122
0.007976
0.012570
0.007079
0.007214
0.003881
0.002162
0.004812
0.001534
0.002374
0.015939
0.004045
0.002805
0.001798
0.004207
0.004211
0.009221
0.008200
0.002603
0.007220
0.005633
0.005439
0.013056
0.002813
0.002727
0.005942
0.002418
0.014619
0.012777
0.008415
0.005754
0.002365
0.002814
0.045854
0.047251
0.015654
0.001859
0.005600
0.001921
0.009269
0.015470
0.021888
0.016558
0.003094
0.007873
0.001032
0.000627
0.001844
0.000761
0.000461
0.000962
0.001259
0.000426
0.005159
0.003768
0.004625
0.003672
0.041344
0.047409
0.041276
0.027623
0.014329
0.048302
0.052482
0.057068
0.059001
0.067385
0.047472
0.038015
0.037976
0.033247
0.031035
0.011937
0.003069
0.035679
0.012804
0.002894
0.000892
0.000623
0.004672
0.016667
0.011632
0.010175
0.017339
0.134519
0.132542
0.130571
0.148635
0.133522
0.139002
0.160311
0.155918
0.164866
0.183365
0.167455
0.172763
0.183354
0.157959
0.150394
0.149904
0.153345
0.154229
0.159745
0.182403
0.157424
0.164933
0.082013
0.073426
0.098186
0.109628
0.105224
0.096899
0.104670
0.100945
0.095576
0.077599
0.069889
0.079844
0.080468
0.082808
0.063227
0.039531
0.025894
0.022954
0.039158
0.035043
0.034564
0.046583
0.032581
0.034493
0.050755
0.007373
0.002297
0.024090
0.023335
0.016983
0.018773
0.003182
0.033061
0.034462
0.010353
0.031871
0.019460
0.098199
0.078327
0.108626
0.110864
0.092549
0.088963
0.026330
0.008844
0.021946
0.032373
0.041519
0.042904
0.055938
0.047274
0.062344
0.034780
0.021547
0.030805
0.072470
0.085092
0.029082
0.039179
0.046515
0.031425
0.020470
0.022244
0.029084
0.027910
0.074196
0.072101
0.051174
0.017605
0.010010
0.000366
0.000529
0.000116
0.022643
0.047127
0.070516
0.086365
0.048213
0.007172
0.015401
0.025838
0.012605
0.002655
0.018349
0.005705
0.034913
0.004111
0.025840
0.019887
0.010105
0.008922
0.006121
0.006562
0.007673
0.010930
0.006563
0.017729
0.024037
0.017319
0.037023
0.030510
0.042552
0.031144
0.003367
0.003410
0.005208
0.002576
0.002685
0.002575
0.018975
0.015958
0.008593
0.010659
0.001787
0.002483
0.001970
0.006047
0.008192
0.005239
0.003158
0.004743
0.003793
0.008934
0.020839
0.017155
0.004069
0.009213
0.006582
0.005184
0.008376
0.012462
0.005008
0.001361
0.004586
0.007788
0.006378
0.003032
0.001473
0.001029
0.001559
0.001079
0.001000
0.001085
0.002144
0.001091
0.002016
0.000863
0.005571
0.001335
0.017266
0.034034
0.033518
0.043327
0.030704
0.027622
0.018058
0.018482
0.021405
0.016760
0.014086
0.018081
0.023843
0.029641
0.036871
0.024614
0.038957
0.039469
0.004449
0.014441
0.025565
0.003339
0.009978
0.014472
0.017835
0.010996
0.023951
0.014893
0.026587
0.028941
0.027921
0.028886
0.042346
0.017536
0.019051
0.030767
0.027905
0.024340
0.013803
0.014450
0.018323
0.012625
0.007464
0.006910
0.009576
0.012745
0.000493
0.006520
0.012522
0.018395
0.009164
0.000107
0.008644
0.007901
0.003301
0.006938
0.010380
0.003717
0.000126
0.000124
0.000000
0.003715
0.000034
0.000135
0.002199
0.006639
0.037743
0.079985
0.080435
0.010140
0.001873
0.134021
0.127385
0.098993
0.004836
0.007215
0.018508
0.000619
0.015378
0.025621
0.023307
0.030955
0.003931
0.003568
0.002753
0.008540
0.055871
0.008094
0.028670
0.026282
0.011859
0.020890
0.022437
0.052869
0.043526
0.032738
0.025123
0.013425
0.022954
0.011443
0.041495
0.024462
0.028859
0.018805
0.015178
0.006705
0.007544
0.025035
0.006935
0.005753
0.006259
0.006239
0.008494
0.007176
0.008426
0.007906
0.007410
0.007365
0.007643
0.009731
0.020086
0.025411
0.012443
0.015335
0.012827
0.010606
0.033038
0.068948
0.060542
0.079573
0.084988
0.075854
0.078367
0.072241
0.051315
0.021116
0.054256
0.092453
0.109585
0.112005
0.107684
0.110183
0.115296
0.120673
0.151996
0.171512
0.155793
0.150107
0.138817
0.127943
0.117180
0.081492
0.042762
0.092049
0.095447
0.086817
0.093303
0.102891
0.098960
0.090552
0.098911
0.103251
0.101352
0.094713
0.067355
0.082780
0.084322
0.065594
0.073212
0.106640
0.103873
0.096408
0.096165
0.096619
0.088880
0.092035
0.105691
0.129231
0.119255
0.078188
0.131254
0.157934
0.083196
0.044157
0.103802
0.103424
0.058098
0.071424
0.044123
0.036713
0.035378
0.038985
0.052617
0.028018
0.132140
0.082680
0.071710
0.152040
0.022382
0.008382
0.010517
0.097305
0.105775
0.036993
0.078551
0.068966
0.010257
0.024024
0.002884
0.005584
0.001935
0.001897
0.007240
0.002034
0.004627
0.005628
0.007171
0.002584
0.006847
0.004530
0.009264
0.017829
0.014691
0.013242
0.011697
0.008412
0.002287
0.009986
0.011629
0.023033
0.024889
0.010327
0.027906
0.059591
0.063095
0.076405
0.076030
0.039933
0.048603
0.022814
0.033182
0.016707
0.047535
0.084030
0.042492
0.029263
0.024153
0.030061
0.037460
0.048645
0.093900
0.106485
0.102082
0.093147
0.086345
0.085449
0.030642
0.027852
0.027005
0.015988
0.013929
0.009269
0.004215
0.003609
0.008530
0.006885
0.003205
0.005301
0.006566
0.005748
0.010415
0.011660
0.019670
0.010215
0.049820
0.089619
0.034014
0.034961
0.086496
0.072917
0.086380
0.082345
0.032663
0.023720
0.036594
0.024657
0.025621
0.017463
0.018959
0.007054
0.010978
0.012399
0.003352
0.014953
0.014653
0.011452
0.011749
0.019418
0.027513
0.028182
0.045596
0.093031
0.095315
0.106241
0.110971
0.095626
0.042374
0.034690
0.028383
0.025368
0.023382
0.018257
0.076620
0.008254
0.052810
0.146094
0.144875
0.088864
0.026189
0.078737
0.083968
0.113223
0.152086
0.177200
0.125109
0.201102
0.119422
0.079193
0.023018
0.079266
0.110212
0.111007
0.133632
0.093119
0.086298
0.110741
0.105315
0.098196
0.088808
0.028497
0.023833
0.023704
0.053458
0.023324
0.024156
0.063280
0.089485
0.100183
0.086002
0.080151
0.035201
0.021452
0.075981
0.030218
0.030145
0.097299
0.076709
0.047725
0.023932
0.020992
0.030946
0.073417
0.032768
0.116948
0.103456
0.076274
0.091004
0.102834
0.124547
0.028443
0.035585
0.084614
0.033822
0.111335
0.084148
0.076723
0.111780
0.118458
0.117936
0.117042
0.111819
0.110666
0.116322
0.108281
0.073002
0.046069
0.033430
0.027754
0.025463
0.030977
0.022397
0.024959
0.020913
0.022619
0.018795
0.018544
0.021926
0.020698
0.023102
0.030323
0.021280
0.019997
0.021838
0.024214
0.028219
0.095277
0.105759
0.106275
0.038540
0.040008
0.093371
0.043721
0.025193
0.022703
0.027788
0.023685
0.024140
0.026015
0.072984
0.081054
0.021434
0.022741
0.025864
0.054045
0.105429
0.082153
0.116598
0.029910
0.048426
0.064279
0.031021
0.033696
0.032176
0.042231
0.034423
0.032538
0.053717
0.035049
0.039050
0.075789
0.043128
0.050700
0.138199
0.155922
0.115638
0.053014
0.144639
0.143379
0.129769
0.149557
0.140526
0.159315
0.189976
0.126617
0.127072
0.110734
0.099225
0.107230
0.066246
0.048398
0.085794
0.133152
0.134290
0.134238
0.130778
0.137763
0.129259
0.119246
0.110781
0.108388
0.116845
0.121847
0.078212
0.030804
0.022687
0.015531
0.013526
0.013831
0.031226
0.014901
0.102112
0.100486
0.116342
0.096774
0.023345
0.034995
0.029033
0.145901
0.095548
0.039101
0.041341
0.142707
0.138543
0.165328
0.174829
0.171258
0.179349
0.175783
0.195765
0.189784
0.184438
0.172704
0.161705
0.137676
0.143776
0.124147
0.118091
0.045304
0.059283
0.099176
0.061925
0.057531
0.068400
0.079355
0.049087
0.042619
0.115177
0.130653
0.191583
0.230338
0.240703
0.229194
0.270767
0.275069
0.286129
0.270624
0.260578
0.214995
0.131876
0.149955
0.110128
0.020802
0.015429
0.044933
0.046433
0.061667
0.028378
0.019541
0.016521
0.015448
0.052229
0.074212
0.086865
0.071470
0.094765
0.096572
0.107949
0.074115
0.085127
0.060613
0.029176
0.024952
0.019288
0.017520
0.020200
0.017383
0.016370
0.017679
0.022979
0.017025
0.017214
0.018333
0.056725
0.088697
0.102193
0.086845
0.078795
0.024066
0.021894
0.020355
0.029610
0.017931
0.023682
0.019983
0.022799
0.018951
0.035174
0.026355
0.022164
0.023448
0.019856
0.014594
0.014992
0.017205
0.014202
0.017268
0.021299
0.024460
0.017691
0.029153
0.064957
0.112748
0.164108
0.105549
0.145544
0.124515
0.084878
0.024150
0.051107
0.040078
0.103295
0.107513
0.094860
0.050135
0.034083
0.025328
0.015597
0.017853
0.027836
0.019631
0.015884
0.015234
0.018413
0.020999
0.036718
0.065251
0.104183
0.078305
0.050241
0.082502
0.174760
0.194368
0.175379
0.233667
0.230318
0.225527
0.234901
0.220953
0.208926
0.188285
0.150980
0.089020
0.029713
0.008324
0.086475
0.035441
0.020600
0.027770
0.028015
0.032779
0.024840
0.030568
0.030210
0.031642
0.034506
0.024403
0.019827
0.018405
0.023143
0.085951
0.147684
0.160442
0.144038
0.156236
0.201417
0.212569
0.217008
0.218194
0.248166
0.250498
0.243568
0.225986
0.241549
0.235749
0.239725
0.238195
0.186719
0.111640
0.137132
0.139959
0.140579
0.127405
0.092818
0.029516
0.012079
0.010077
0.012490
0.008616
0.010985
0.035654
0.041602
0.044978
0.030374
0.030513
0.027941
0.030712
0.022191
0.011892
0.014328
0.011953
0.013868
0.011747
0.018852
0.034942
0.036367
0.052171
0.053958
0.057299
0.048916
0.037901
0.056577
0.037493
0.078688
0.050375
0.046963
0.023202
0.022784
0.015832
0.012812
0.012748
0.017042
0.013752
0.014771
0.022806
0.019298
0.020974
0.026229
0.055601
0.065462
0.070850
0.033441
0.060932
0.107213
0.118352
0.121161
0.126285
0.117227
0.119913
0.111061
0.103630
0.102668
0.088711
0.081639
0.076581
0.047605
0.020379
0.006937
0.010775
0.072804
0.054029
0.047920
0.051976
0.039072
0.048918
0.019796
0.013476
0.011983
0.020135
0.008586
0.092919
0.016137
0.016411
0.012113
0.033716
0.179675
0.089538
0.028196
0.013278
0.007559
0.009685
0.006534
0.011658
0.092935
0.044797
0.012811
0.007560
0.010273
0.012596
0.017429
0.016335
0.016207
0.019758
0.013891
0.010762
0.007167
0.051674
0.008341
0.007160
0.006878
0.006922
0.026156
0.021223
0.062669
0.040289
0.040897
0.019681
0.016334
0.019899
0.010428
0.015810
0.012592
0.027329
0.041224
0.035431
0.035120
0.038179
0.031121
0.032806
0.040214
0.036919
0.034319
0.032589
0.033321
0.032132
0.036042
0.031465
0.028543
0.023770
0.023249
0.028475
0.026338
0.034949
0.040378
0.043370
0.038682
0.033403
0.039030
0.045068
0.041997
0.019738
0.017239
0.014910
0.016442
0.017881
0.018121
0.010775
0.013176
0.004263
0.007397
0.023953
0.013177
0.007704
0.016230
0.004765
0.004590
0.003380
0.006837
0.005370
0.003765
0.009561
0.005742
0.013058
0.009986
0.012998
0.005800
0.003577
0.003613
0.005965
0.005509
0.004563
0.006316
0.006945
0.013777
0.020347
0.005036
0.007710
0.013528
0.010540
0.004946
0.004959
0.005716
0.008774
0.005481
0.005579
0.009914
0.015459
0.014675
0.016044
0.019245
0.030080
0.036317
0.044875
0.049829
0.050560
0.075686
0.073459
0.076698
0.072572
0.067462
0.039077
0.036867
0.052926
0.040238
0.100839
0.095910
0.098286
0.102833
0.109484
0.110841
0.100677
0.083861
0.081754
0.022918
0.072784
0.026091
0.005958
0.017535
0.009722
0.015518
0.040138
0.021730
