0.152646
0.152646
0.152749
0.154043
0.154571
0.155053
0.152719
0.153207
0.153207
0.153340
0.153137
0.154571
0.153698
0.153478
0.153989
0.152228
0.151736
0.149944
0.149903
0.152640
0.152848
0.151047
0.151049
0.150489
0.149646
0.152106
0.151849
0.153600
0.148580
0.155343
0.151518
0.147378
0.148270
0.144881
0.144052
0.143091
0.144871
0.149436
0.149091
0.148689
0.151895
0.149366
0.149713
0.150515
0.151489
0.150708
0.150924
0.151487
0.151519
0.152484
0.152291
0.153065
0.152695
0.152696
0.153435
0.153734
0.154499
0.154402
0.154499
0.155469
0.155740
0.155647
0.155705
0.156328
0.155752
0.156974
0.159257
0.157624
0.157507
0.157754
0.158393
0.159529
0.160105
0.160215
0.164058
0.167325
0.163918
0.164926
0.164081
0.164559
0.166258
0.165604
0.166971
0.165604
0.167645
0.169334
0.169741
0.169895
0.173853
0.171300
0.172450
0.172870
0.176679
0.177700
0.178625
0.182136
0.186307
0.186549
0.189771
0.187698
0.186968
0.188437
0.185744
0.193289
0.191963
0.188437
0.194296
0.188009
0.188336
0.187484
0.189523
0.193220
0.190953
0.187484
0.191975
0.193986
0.197429
0.194173
0.194340
0.193116
0.189629
0.191688
0.193534
0.199631
0.200218
0.185412
0.187594
0.191475
0.187594
0.186336
0.191475
0.183661
0.182118
0.181451
0.184241
0.187088
0.181833
0.179347
0.178250
0.177489
0.172738
0.187845
0.175848
0.177189
0.173474
0.174429
0.171490
0.172329
0.172201
0.173784
0.171560
0.175707
0.174930
0.174320
0.174320
0.172131
0.174886
0.173731
0.177102
0.177643
0.183630
0.192166
0.182732
0.182260
0.181551
0.181062
0.182057
0.185648
0.180235
0.186588
0.191054
0.191054
0.194737
0.194721
0.691464
0.197199
0.197956
0.198937
0.199774
0.198092
0.203030
0.213027
0.207278
0.210978
0.210936
0.214142
0.212306
0.215884
0.220403
0.225984
0.221657
0.224847
0.233172
0.249744
0.227054
0.229460
0.229763
0.257283
0.261906
0.260240
0.255253
0.263137
0.256696
0.269634
0.272785
0.269634
0.281118
0.276820
0.288953
0.296945
0.305553
0.308542
0.308542
0.299455
0.310283
0.310804
0.309357
0.309873
0.312717
0.320553
0.317168
0.319262
0.319262
0.331949
0.342435
0.333514
0.335771
0.350851
0.340424
0.353112
0.357447
0.356821
0.366729
0.366600
0.370823
0.372481
0.431546
0.382707
0.384294
0.450468
0.386691
0.390606
0.425991
0.427146
0.435645
0.406806
0.437734
0.437734
0.411937
0.461605
0.461739
0.428374
0.444305
0.494355
0.443262
0.473125
0.452416
0.498243
0.546706
0.603221
0.480311
0.541579
0.452972
0.594642
0.514312
0.529432
0.564583
0.481693
0.479882
0.519845
0.409576
0.397376
0.363818
0.441098
0.474292
0.452978
0.440123
0.437819
0.455363
0.379400
0.376763
0.358224
0.343315
0.335186
0.326823
0.328316
0.319923
0.324690
0.326424
0.321840
0.314543
0.314506
0.317845
0.324365
0.324940
0.312901
0.308361
0.311397
0.308290
0.325169
0.308529
0.283383
0.283383
0.282574
0.283383
0.270027
0.267580
0.256504
0.253194
0.251849
0.245997
0.245077
0.245077
0.237892
0.241699
0.239855
0.235300
0.236745
0.236851
0.237725
0.228389
0.236123
0.235477
0.229843
0.228149
0.228149
0.225800
0.243500
0.240582
0.244861
0.231706
0.231660
0.244865
0.234260
0.230492
0.237117
0.234715
0.241272
0.228149
0.245260
0.230761
0.232634
0.237705
0.231706
0.232043
0.240667
0.253229
0.236582
0.243652
0.247017
0.248532
0.237559
0.234494
0.236348
0.229199
0.233463
0.231882
0.236348
0.237559
0.233318
0.242793
0.244682
0.239621
0.229726
0.239781
0.241190
0.239781
0.246549
0.242793
0.247111
0.236582
0.251371
0.236582
0.242889
0.251108
0.244111
0.246549
0.241249
0.255272
0.238836
0.243242
0.236582
0.241190
0.250399
0.247219
0.239781
0.232608
0.238702
0.234326
0.234589
0.240651
0.237559
0.237559
0.248532
0.246533
0.234589
0.260433
0.254862
0.247219
0.253229
0.242793
0.242793
0.246549
0.265332
0.251012
0.257417
0.263661
0.257417
0.260267
0.257417
0.267611
0.261131
0.271719
0.273896
0.276820
0.274475
0.272785
0.269128
0.271260
0.278917
0.281118
0.283651
0.282241
0.289759
0.284621
0.290616
0.290616
0.300523
0.294958
0.301733
0.296857
0.310171
0.309357
0.312099
0.318635
0.323361
0.329273
0.335982
0.329057
0.327924
0.341419
0.350108
0.362499
0.365358
0.384622
0.366043
0.383358
0.402227
0.352836
0.344133
0.379679
0.441910
0.434943
0.314939
0.343382
0.336113
0.334816
0.326536
0.317380
0.294944
0.308290
0.299557
0.308290
0.289534
0.305119
0.283667
0.265256
0.258666
0.260784
0.253426
0.252133
0.243583
0.241656
0.242351
0.233805
0.236083
0.227271
0.225982
0.221419
0.219851
0.214459
0.213972
0.214954
0.213525
0.215609
0.213525
0.210674
0.214770
0.215242
0.213400
0.212186
0.213079
0.212811
0.217683
0.221085
0.214662
0.213700
0.211646
0.212843
0.205623
0.205478
0.207090
0.208161
0.206919
0.211248
0.213503
0.217574
0.220068
0.206752
0.208304
0.206848
0.209521
0.208173
0.211248
0.206848
0.208161
0.209521
0.202584
0.200214
0.203272
0.202088
0.202584
0.202874
0.201720
0.203937
0.201059
0.198415
0.197937
0.198879
0.197894
0.197937
0.196364
0.193220
0.192435
0.181315
0.183713
0.183114
0.176864
0.176276
0.174319
0.172172
0.172172
0.172908
0.172320
0.170342
0.169745
0.168698
0.168102
0.166576
0.166662
0.165979
0.165738
0.165748
0.166224
0.167815
0.171855
0.169329
0.171619
0.171619
0.174452
0.175178
0.177037
0.173825
0.180500
0.175044
0.183625
0.175044
0.179948
0.172931
0.177823
0.181421
0.177507
0.179542
0.180331
0.182966
0.180331
0.179601
0.181527
0.185635
0.182526
0.176973
0.180457
0.179135
0.178889
0.181357
0.182963
0.178590
0.190874
0.187057
0.180283
0.181354
0.183220
0.192733
0.185060
0.186059
0.190799
0.191457
0.189394
0.191457
0.186059
0.192588
0.185402
0.191368
0.185885
0.179572
0.176664
0.177483
0.171306
0.171188
0.170668
0.170132
0.168963
0.170013
0.166220
0.165531
0.162952
0.163112
0.161866
0.162779
0.167950
0.160711
0.160367
0.159169
0.158807
0.159491
0.159114
0.158584
0.158034
0.158729
0.157997
0.161646
0.167408
0.169564
0.182279
0.189558
0.187880
0.194253
0.205077
0.210796
0.203176
0.207229
0.210101
0.192121
0.195397
0.191697
0.202321
0.181385
0.166971
0.167688
0.163731
0.161965
0.169127
0.166132
0.168130
0.164663
0.161092
0.167322
0.161290
0.157417
0.162379
0.159446
0.160648
0.159342
0.151092
0.150934
0.149861
0.147703
0.144409
0.141229
0.142527
0.139275
0.144950
0.143586
0.145351
0.141726
0.141862
0.142341
0.142819
0.137821
0.136785
0.134518
0.132454
0.130019
0.126178
0.125422
0.121232
0.116720
0.118850
0.120485
0.120299
0.117198
0.114524
0.110436
0.110252
0.107899
0.108175
0.102746
0.102746
0.092710
0.088775
0.088407
0.088513
0.088834
0.087042
0.087171
0.087397
0.086617
0.089422
0.086513
0.088493
0.092717
0.090954
0.087935
0.087818
0.086877
0.086664
0.083401
0.082523
0.081542
0.081511
0.080914
0.080742
0.082116
0.080220
0.080040
0.079767
0.079504
0.080027
0.081874
0.086754
0.091318
0.088469
0.090399
0.092100
0.087004
0.088356
0.080957
0.080957
0.079181
0.079942
0.080395
0.079771
0.079206
0.080166
0.080750
0.079942
0.080346
0.079838
0.079330
0.079645
0.079069
0.078526
0.078581
0.077030
0.078039
0.077909
0.078706
0.077657
0.078606
0.079817
0.083658
0.088290
0.091177
0.091177
0.094061
0.090791
0.097525
0.103022
0.088168
0.099878
0.113100
0.126974
0.119270
0.132575
0.122323
0.117726
0.125447
0.114221
0.124854
0.112224
0.113585
0.088783
0.108483
0.113585
0.100364
0.104683
0.098044
0.085999
0.097756
0.100364
0.096292
0.096973
0.093809
0.095872
0.102931
0.099235
0.107760
0.105525
0.107833
0.106868
0.095501
0.108382
0.097115
0.093910
0.093910
0.093982
0.095440
0.097271
0.095969
0.099374
0.098859
0.094487
0.095454
0.097284
0.087432
0.089468
0.091283
0.108398
0.111360
0.110420
0.111624
0.098777
0.095454
0.096154
0.098859
0.101830
0.102290
0.122259
0.125679
0.123047
0.129496
0.133179
0.119927
0.116052
0.117778
0.125176
0.120848
0.121083
0.119992
0.132003
0.128559
0.129536
0.126869
0.131326
0.127589
0.119124
0.109642
0.121406
0.122144
0.114199
0.116377
0.121637
0.116958
0.113800
0.117631
0.118472
0.113800
0.120747
0.118231
0.116423
0.113474
0.119027
0.117386
0.119276
0.116382
0.111222
0.115643
0.104001
0.112496
0.109906
0.102858
0.100244
0.106246
0.112443
0.253716
0.253895
0.252248
0.310422
0.313437
0.300839
0.311451
0.249009
0.247784
0.103417
0.113584
0.255013
0.310816
0.302493
0.317854
0.314976
0.247130
0.086571
0.087264
0.088469
0.088469
0.249207
0.328719
0.314085
0.330868
0.310297
0.277080
0.244043
0.128999
0.247753
0.242811
0.117413
0.239499
0.134104
0.124347
0.154952
0.341254
0.344079
0.340653
0.320990
0.305672
0.336496
0.311751
0.335436
0.305407
0.244861
0.105657
0.100197
0.099247
0.111037
0.109318
0.114907
0.119477
0.130520
0.127201
0.138181
0.150285
0.150941
0.159659
0.155673
0.155673
0.155673
0.148026
0.140369
0.130005
0.105724
0.107423
0.106711
0.250829
0.252071
0.308596
0.334079
0.354700
0.335179
0.315971
0.302568
0.247307
0.120469
0.343422
0.324159
0.347782
0.325830
0.324438
0.259593
0.147102
0.135393
0.133930
0.138504
0.131196
0.134229
0.128045
0.126601
0.127039
0.130740
0.130154
0.132878
0.134636
0.133623
0.131068
0.131474
0.131327
0.133658
0.144534
0.153591
0.154401
0.153319
0.157008
0.145465
0.142872
0.144981
0.141228
0.109872
0.100728
0.102190
0.096638
0.097135
0.096675
0.094554
0.094420
0.094495
0.094450
0.097581
0.098472
0.099768
0.099768
0.098769
0.107287
0.118386
0.118891
0.121769
0.697561
0.114874
0.137542
0.149509
0.142872
0.154015
0.146275
0.149254
0.142070
0.133014
0.150157
0.143498
0.146680
0.144277
0.141282
0.144333
0.143364
0.141454
0.133923
0.141857
0.146002
0.149218
0.149683
0.145426
0.145841
0.147070
0.144342
0.142423
0.138787
0.142698
0.103985
0.105780
0.104297
0.104337
0.102470
0.102276
0.103135
0.104364
0.102852
0.101981
0.101552
0.103581
0.102731
0.104562
0.109071
0.111256
0.111501
0.114832
0.116483
0.125149
0.126476
0.098239
0.099730
0.099490
0.100378
0.100690
0.101040
0.099926
0.101424
0.101526
0.101845
0.102160
0.102022
0.109853
0.112164
0.110680
0.135788
0.139394
0.136971
0.137575
0.127893
0.122865
0.129826
0.123539
0.123539
0.119202
0.132330
0.135767
0.118810
0.134816
0.141729
0.141181
0.151714
0.150832
0.152611
0.134634
0.132701
0.104171
0.103773
0.104274
0.109820
0.113106
0.114643
0.120072
0.121869
0.141654
0.134161
0.129764
0.126879
0.129678
0.131659
0.138787
0.145928
0.148040
0.152695
0.158732
0.161861
0.164067
0.152710
0.154901
0.157091
0.153730
0.162011
0.159612
0.159612
0.160720
0.167098
0.163861
0.162173
0.164143
0.158071
0.166037
0.166605
0.174052
0.172601
0.118179
0.121643
0.130822
0.132381
0.127434
0.140608
0.154403
0.152520
0.127434
0.114650
0.114152
0.116121
0.116167
0.115925
0.113815
0.110047
0.109831
0.109874
0.109874
0.110695
0.109165
0.110307
0.110207
0.109115
0.111931
0.114184
0.112256
0.116813
0.127333
0.141040
0.135361
0.141040
0.153709
0.153306
0.147151
0.153547
0.157170
0.150523
0.153394
0.153394
0.135060
0.134261
0.143073
0.144710
0.144710
0.146389
0.141522
0.136332
0.146458
0.134930
0.131266
0.131988
0.127573
0.126238
0.125675
0.123595
0.123408
0.125675
0.132690
0.127377
0.127632
0.133412
0.125744
0.341164
0.271710
0.324951
0.321906
0.277507
0.165603
0.126238
0.127632
0.130822
0.129269
0.119413
0.127179
0.123894
0.126238
0.125231
0.123595
0.127434
0.125327
0.131740
0.136088
0.131988
0.134100
0.139544
0.141097
0.146013
0.145115
0.150540
0.138972
0.143217
0.143645
0.136375
0.144634
0.138400
0.143336
0.140203
0.138915
0.150681
0.152023
0.149234
0.144989
0.142571
0.136144
0.143872
0.142922
0.140293
0.144251
0.141056
0.144815
0.143244
0.143622
0.140403
0.146509
0.144513
0.143566
0.133408
0.126049
0.124598
0.143826
0.146664
0.143965
0.137793
0.145849
0.137397
0.130941
0.121080
0.120212
0.119454
0.122028
0.116842
0.115994
0.118792
0.117093
0.117224
0.116520
0.117981
0.117184
0.117500
0.118725
0.128434
0.128434
0.133528
0.131941
0.140609
0.144690
0.144690
0.140165
0.146885
0.153201
0.147609
0.158330
0.161391
0.168266
0.174633
0.166597
0.164156
0.170108
0.161571
0.166110
0.162574
0.158759
0.170451
0.163225
0.156449
0.153434
0.156330
0.151659
0.150351
0.154167
0.154167
0.155631
0.150017
0.160988
0.153597
0.153457
0.155185
0.150307
0.156388
0.150307
0.150344
0.146777
0.152323
0.155989
0.153275
0.158113
0.156369
0.156572
0.156508
0.154339
0.151794
0.156369
0.160855
0.153675
0.160224
0.154288
0.155867
0.157917
0.152905
0.156960
0.153544
0.153544
0.153544
0.150704
0.149239
0.155483
0.157110
0.152430
0.156104
0.152962
0.149834
0.147328
0.148530
0.155483
0.155472
0.159284
0.154230
0.153544
0.150008
0.147328
0.149630
0.151300
0.152968
0.151300
0.148530
0.150400
0.153437
0.150487
0.148268
0.150370
0.145643
0.148935
0.143360
0.145101
0.139745
0.138303
0.136887
0.133510
0.133510
0.132658
0.131037
0.127663
0.126698
0.129312
0.128753
0.127524
0.125791
0.124246
0.125405
0.126221
0.125271
0.124530
0.125144
0.125144
0.127987
0.129331
0.132092
0.133832
0.136090
0.137745
0.135191
0.138125
0.136498
0.143279
0.136978
0.138234
0.135248
0.139108
0.139133
0.139574
0.137793
0.140403
0.129331
0.129258
0.127978
0.120250
0.122679
0.123208
0.120046
0.120232
0.118432
0.120129
0.118848
0.607607
0.615726
0.604004
0.626050
0.116520
0.114889
0.113829
0.115398
0.115336
0.116801
0.119542
0.127228
0.689289
0.526472
0.756063
0.113415
0.122340
0.118179
0.124931
0.123138
0.113127
0.123164
0.109114
0.109565
0.111931
0.111931
0.113605
0.111427
0.107838
0.107956
0.106985
0.106112
0.105660
0.105631
0.108032
0.113624
0.116448
0.119391
0.108156
0.104732
0.104691
0.101257
0.112918
0.108317
0.112548
0.109501
0.100163
0.100707
0.099964
0.104551
0.109309
0.107317
0.101976
0.091060
0.090258
0.089993
0.090097
0.092186
0.106270
0.111741
0.116175
0.114979
0.105083
0.100902
0.106092
0.101939
0.107471
0.106777
0.109418
0.116493
0.114979
0.115542
0.110294
0.111741
0.118893
0.132405
0.125746
0.119704
0.119002
0.113464
0.106270
0.104590
0.091994
0.089852
0.089489
0.087849
0.088152
0.087079
0.089196
0.086566
0.085900
0.085900
0.085744
0.084932
0.088377
0.085331
0.084032
0.083559
0.083926
0.083475
0.084124
0.083671
0.083930
0.083244
0.082943
0.082413
0.082169
0.083803
0.081360
0.081130
0.080795
0.080895
0.080301
0.080858
0.080006
0.079578
0.079252
0.078810
0.078559
0.078733
0.078864
0.079600
0.080004
0.079887
0.079973
0.080021
0.079669
0.078788
0.078697
0.078055
0.078000
0.077215
0.076560
0.076375
0.076036
0.076375
0.076020
0.075630
0.075954
0.075712
0.075689
0.075311
0.075728
0.076223
0.075137
0.076657
0.074978
0.077592
0.076571
0.080820
0.080596
0.080559
0.074894
0.076378
0.075078
0.074866
0.074711
0.074764
0.075468
0.075136
0.075031
0.074666
0.074397
0.074757
0.074128
0.075300
0.074098
0.073954
0.074083
0.073741
0.073865
0.073584
0.073586
0.074399
0.077277
0.080316
0.078340
0.073491
0.073689
0.074151
0.073581
0.074385
0.074441
0.073833
0.074457
0.074084
0.073738
0.073135
0.073112
0.073124
0.072778
0.072264
0.072287
0.072465
0.071719
0.072382
0.071994
0.071941
0.071797
0.071508
0.071363
0.071645
0.070905
0.070592
0.070519
0.070205
0.069658
0.069698
0.069373
0.069351
0.068328
0.068399
0.067867
0.068062
0.067758
0.067423
0.067009
0.066604
0.066604
0.068906
0.066789
0.066364
0.066513
0.066003
0.070815
0.070815
0.068827
0.071945
0.072465
0.070223
0.069291
0.068269
0.072931
0.070190
0.074551
0.072931
0.071778
0.074096
0.079825
0.076206
0.076630
0.078875
0.077654
0.078441
0.081525
0.081788
0.082843
0.081444
0.081207
0.090358
0.088640
0.088640
0.087968
0.094139
0.087677
0.092163
0.095852
0.092300
0.096050
0.094405
0.099600
0.092977
0.095140
0.089832
0.104401
0.096786
0.095414
0.093481
0.096855
0.100388
0.097196
0.100388
0.099330
0.099330
0.097612
0.095721
0.093843
0.090801
0.092350
0.089994
0.096335
0.098181
0.098287
0.096639
0.098452
0.091982
0.089147
0.098564
0.098564
0.093637
0.084194
0.097888
0.106971
0.096040
0.102791
0.105880
0.095669
0.099645
0.092662
0.092747
0.092747
0.096679
0.088543
0.092145
0.091333
0.096255
0.100318
0.103384
0.093488
0.100318
0.099042
0.095401
0.087570
0.088939
0.087641
0.082732
0.090832
0.087570
0.083132
0.080158
0.080362
0.074313
0.074207
0.077145
0.074505
0.077039
0.071495
0.075435
0.075435
0.076210
0.079348
0.072130
0.068988
0.068709
0.068458
0.068154
0.069682
0.070772
0.068551
0.067616
0.067997
0.068579
0.067474
0.067558
0.068503
0.068434
0.067706
0.067339
0.067320
0.066321
0.066161
0.067181
0.067115
0.067352
0.066286
0.065774
0.065441
0.065388
0.065202
0.065202
0.065144
0.064671
0.064692
0.064755
0.065121
0.065382
0.066561
0.066390
0.066640
0.066322
0.066041
0.066171
0.065793
0.065041
0.064641
0.064459
0.064024
0.063880
0.064094
0.063762
0.063834
0.063543
0.063595
0.064306
0.063538
0.063927
0.063576
0.064038
0.063300
0.063243
0.063771
0.063423
0.063720
0.063600
0.064291
0.063902
0.064457
0.063841
0.064815
0.064854
0.065002
0.064715
0.066378
0.065447
0.065403
0.065389
0.065329
0.065470
0.065467
0.065391
0.065171
0.065304
0.065083
0.065199
0.065447
0.064950
0.065079
0.065320
0.066020
0.065232
0.065189
0.065114
0.064612
0.064376
0.064375
0.064241
0.064363
0.064891
0.063946
0.063699
0.063515
0.063258
0.062791
0.063211
0.062699
0.062114
0.061414
0.061414
0.061165
0.061235
0.061508
0.061788
0.061140
0.060949
0.060871
0.061309
0.060741
0.060741
0.060835
0.060835
0.060796
0.060750
0.060438
0.060539
0.060570
0.060589
0.060344
0.060363
0.060767
0.060897
0.060403
0.065616
0.072681
0.069673
0.070379
0.069512
0.068258
0.067118
0.067002
0.064754
0.065180
0.062799
0.067327
0.066195
0.063823
0.062602
0.062227
0.062211
0.062063
0.061698
0.061168
0.060550
0.059731
0.060029
0.058391
0.057052
0.061226
0.063412
0.064929
0.063146
0.057900
0.057171
0.056595
0.055490
0.056963
0.054791
0.055065
0.054392
0.054680
0.054844
0.054207
0.053901
0.053268
0.053617
0.053083
0.053020
0.053039
0.053083
0.052569
0.052690
0.055373
0.052343
0.058190
0.057314
0.056165
0.060288
0.056165
0.061359
0.060077
0.060856
0.060856
0.060077
0.057629
0.058448
0.053696
0.059806
0.051863
0.057234
0.055214
0.058516
0.054887
0.058239
0.151682
0.204943
0.210667
0.449500
0.452675
0.460284
0.446335
0.432771
0.422305
0.228783
0.243956
0.217817
0.211529
0.102046
0.103455
0.126909
0.203613
0.270348
0.338484
0.403757
0.409229
0.417679
0.439788
0.433349
0.425242
0.437684
0.406112
0.257736
0.195513
0.194813
0.285070
0.086732
0.036251
0.036488
0.035983
0.036543
0.054871
0.037574
0.036998
0.041620
0.042759
0.041007
0.429251
0.431921
0.447900
0.449846
0.212541
0.136832
0.087575
0.053309
0.066644
0.395514
0.415115
0.407635
0.437912
0.424913
0.414340
0.424711
0.420808
0.289422
0.231218
0.208985
0.191577
0.191109
0.053415
0.033377
0.033917
0.033917
0.029016
0.029150
0.028164
0.028805
0.027886
0.027403
0.028008
0.027138
0.027061
0.026936
0.026318
0.026973
0.026943
0.027527
0.035378
0.037757
0.036333
0.034153
0.031501
0.032999
0.027931
0.026696
0.025182
0.025396
0.025087
0.024635
0.024230
0.024104
0.024637
0.023847
0.023713
0.023605
0.023332
0.023501
0.026072
0.029460
0.025992
0.062166
0.061454
0.079927
0.074397
0.073528
0.059183
0.033053
0.030969
0.036003
0.033736
0.035558
0.035318
0.030725
0.028370
0.031375
0.029732
0.034108
0.034098
0.033611
0.037785
0.102541
0.146714
0.075746
0.070386
0.060752
0.121976
0.178902
0.184072
0.186978
0.388264
0.389039
0.440534
0.624322
0.664358
0.391096
0.026964
0.030276
0.027599
0.023628
0.022139
0.022916
0.022450
0.022291
0.022925
0.022180
0.022119
0.021908
0.022459
0.022149
0.021653
0.022043
0.021430
0.672666
0.485342
0.566893
0.020936
0.020445
0.020285
0.020398
0.020039
0.020320
0.020290
0.020331
0.020173
0.021873
0.026084
0.022827
0.023625
0.021512
0.023496
0.022640
0.019534
0.020394
0.019491
0.019746
0.019326
0.019584
0.019021
0.019009
0.018925
0.018661
0.018940
0.018690
0.018962
0.018561
0.017955
0.017942
0.018258
0.017972
0.018306
0.018304
0.017957
0.017989
0.017625
0.017497
0.017827
0.020351
0.018098
0.017382
0.017090
0.017061
0.017029
0.017029
0.016967
0.016991
0.016418
0.016325
0.016405
0.016188
0.015900
0.015951
0.016188
0.015635
0.015627
0.015376
0.016096
0.015994
0.015201
0.015201
0.014930
0.017332
0.019253
0.016183
0.020442
0.023099
0.016934
0.020169
0.019979
0.018503
0.020251
0.018207
0.015732
0.015448
0.017915
0.016183
0.018688
0.016523
0.014449
0.018278
0.020548
0.022335
0.017422
0.018688
0.017422
0.021258
0.015633
0.016523
0.014449
0.018688
0.018688
0.016441
0.017915
0.015667
0.018408
0.018207
0.017915
0.015773
0.015383
0.015192
0.015192
0.015322
0.015150
0.015611
0.015208
0.016183
0.017332
0.015322
0.017573
0.020809
0.017573
0.015230
0.017763
0.019455
0.018744
0.021034
0.024029
0.021034
0.018744
0.018115
0.016148
0.017275
0.016200
0.015693
0.015670
0.015790
0.016008
0.015221
0.015810
0.015326
0.015604
0.015917
0.015230
0.015221
0.014953
0.015108
0.014563
0.014568
0.014951
0.014476
0.014282
0.014745
0.014566
0.014746
0.014530
0.015002
0.015019
0.014282
0.014282
0.014142
0.014099
0.013783
0.014001
0.013627
0.014041
0.013569
0.013946
0.013569
0.013569
0.013495
0.013629
0.014146
0.013670
0.013670
0.014025
0.015686
0.031435
0.035642
0.040154
0.044151
0.046572
0.041842
0.589570
0.030349
0.047759
0.041222
0.038089
0.033442
0.033190
0.033563
0.036778
0.036551
0.032706
0.031073
0.031428
0.030748
0.030748
0.027822
0.031157
0.032093
0.030270
0.031501
0.028168
0.025492
0.027632
0.027065
0.648804
0.700910
0.033665
0.033481
0.035640
0.035241
0.033787
0.035171
0.036444
0.036270
0.036525
0.036449
0.038667
0.040123
0.041348
0.042650
0.042375
0.042974
0.043277
0.043072
0.042893
0.043098
0.043002
0.042790
0.041984
0.040245
0.040416
0.040053
0.042317
0.044353
0.044806
0.044748
0.050415
0.053198
0.051147
0.053179
0.051911
0.050838
0.049186
0.049791
0.048249
0.049670
0.050300
0.056095
0.058048
0.053901
0.052898
0.053716
0.053082
0.048770
0.049773
0.050171
0.050495
0.050247
0.052270
0.048514
0.051111
0.049732
0.052719
0.056830
0.059501
0.064774
0.062698
0.053364
0.056204
0.052442
0.054374
0.054568
0.053270
0.052479
0.055262
0.057276
0.060071
0.061005
0.054671
0.054543
0.051899
0.051416
0.052011
0.051808
0.054414
0.054414
0.057209
0.056140
0.060490
0.060490
0.058746
0.058764
0.057919
0.056562
0.056532
0.055747
0.055015
0.055560
0.054473
0.054592
0.054779
0.054310
0.053896
0.053852
0.051957
0.053435
0.053116
0.053083
0.052767
0.053403
0.051957
0.051704
0.051969
0.051921
0.051217
0.051376
0.051921
0.050970
0.051107
0.050267
0.050395
0.050970
0.050118
0.048304
0.048621
0.049157
0.049157
0.049464
0.049518
0.049464
0.048393
0.048663
0.048604
0.049005
0.047229
0.048021
0.046867
0.047229
0.047404
0.046710
0.046676
0.046401
0.047698
0.047698
0.078351
0.075295
0.071617
0.075907
0.074157
0.075123
0.082481
0.092310
0.092866
0.094019
0.106204
0.104682
0.103831
0.104107
0.103437
0.103422
0.103198
0.104322
0.103564
0.106008
0.813145
0.527387
0.699219
0.105801
0.106919
0.105481
0.111916
0.111198
0.115578
0.115448
0.116267
0.146096
0.135326
0.145586
0.139621
0.144667
0.140197
0.135571
0.131047
0.127745
0.119927
0.117101
0.109960
0.111836
0.110813
0.109885
0.117182
0.115778
0.116428
0.114124
0.112203
0.106446
0.107478
0.103385
0.104077
0.098153
0.095582
0.093667
0.094973
0.090986
0.089445
0.089278
0.088306
0.089530
0.089784
0.089680
0.089096
0.093326
0.109235
0.101871
0.107584
0.098952
0.099678
0.104234
0.107503
0.106762
0.103922
0.108146
0.108212
0.105512
0.108712
0.102022
0.100835
0.100835
0.107478
0.113285
0.103385
0.110472
0.102497
0.105087
0.112105
0.107192
0.113414
0.113364
0.111967
0.103210
0.098053
0.097357
0.098321
0.097141
0.094096
0.096762
0.095235
0.092254
0.091070
0.092359
0.091966
0.089547
0.630011
0.767558
0.532585
0.536245
1.000000
0.574271
0.560969
0.089475
0.089788
0.088047
0.164126
0.087121
0.086205
0.088136
0.092347
0.091867
0.102994
0.103986
0.099457
0.101352
0.100062
0.096036
0.097290
0.090764
0.092650
0.093162
0.089153
0.090323
0.090822
0.089305
0.087793
0.088660
0.087303
0.084236
0.083566
0.080680
0.077229
0.078758
0.077997
0.078215
0.074840
0.070648
0.071719
0.071565
0.070865
0.069878
0.068333
0.068260
0.067250
0.067418
0.066850
0.065391
0.064671
0.064453
0.062690
0.065495
0.063921
0.062653
0.063886
0.062672
0.062319
0.062684
0.063091
0.062427
0.759461
0.505559
0.542520
0.683289
0.369594
0.069024
0.072555
0.075537
0.073104
0.068803
0.078799
0.074562
0.075130
0.078825
0.080465
0.082191
0.082809
0.081078
0.082718
0.092866
0.099899
0.100638
0.103862
0.105539
0.109510
0.105930
0.104773
0.104039
0.103221
0.105673
0.106207
0.102799
0.102835
0.099329
0.099447
0.101319
0.098409
0.099502
0.096864
0.095850
0.097651
0.095763
0.097234
0.098094
0.097234
0.100536
0.096456
0.100326
0.095372
0.099805
0.098644
0.098251
0.096989
0.095830
0.097304
0.097084
0.095933
0.094823
0.095763
0.096933
0.105546
0.097797
0.093338
0.093028
0.093685
0.095234
0.095088
0.092804
0.093112
0.095315
0.092804
0.093607
0.098835
0.097502
0.095585
0.095830
0.093112
0.092066
0.093510
0.094030
0.096905
0.094030
0.093112
0.096905
0.099602
0.101672
0.101672
0.100917
0.098258
0.104363
0.104619
0.100864
0.101592
0.100143
0.099610
0.097494
0.096593
0.095031
0.096163
0.094178
0.095171
0.094934
0.094552
0.092688
0.092848
0.092405
0.092910
0.094178
0.093260
0.091867
0.093157
0.092064
0.092066
0.091685
0.093376
0.093338
0.092039
0.089427
0.089893
0.088828
0.089563
0.089246
0.090396
0.088872
0.088872
0.089897
0.089901
0.089580
0.091460
0.088931
0.091460
0.090585
0.093234
0.092176
0.091650
0.088716
0.092885
0.090708
0.089955
0.089529
0.089529
0.089529
0.088437
0.087347
0.087446
0.089529
0.090278
0.087691
0.089515
0.087985
0.088868
0.087045
0.086158
0.089106
0.089452
0.086604
0.088656
0.086588
0.086156
0.088139
0.089005
0.091219
0.089106
0.088109
0.089050
0.087659
0.088109
0.087384
0.086939
0.087911
0.086156
0.087384
0.088583
0.090259
0.091520
0.091051
0.089391
0.091708
0.090770
0.091051
0.094487
0.098020
0.102508
0.096662
0.097795
0.099088
0.100501
0.100501
0.097795
0.098204
0.094499
0.095723
0.096082
0.097666
0.096049
0.103227
0.099597
0.095033
0.093654
0.097666
0.099859
0.096662
0.095962
0.101680
0.104730
0.104534
0.104129
0.109283
0.109283
0.111209
0.112322
0.111209
0.119748
0.116249
0.108250
0.120312
0.145792
0.143025
0.126729
0.115110
0.132081
0.148814
0.128351
0.123477
0.116967
0.116554
0.110715
0.108042
0.102984
0.098829
0.096475
0.094026
0.095438
0.095164
0.094652
0.093683
0.102257
0.098250
0.098121
0.096463
0.099892
0.090897
0.093429
0.092633
0.089563
0.091350
0.091679
0.085939
0.087380
0.087323
0.086337
0.092904
0.091659
0.085006
0.088723
0.082368
0.083151
0.083420
0.084796
0.378752
0.374623
0.087438
0.082626
0.093375
0.098227
0.096254
0.119825
0.089821
0.097001
0.096019
0.112945
0.128739
0.096127
0.093695
0.114740
0.116733
0.098308
0.106459
0.113551
0.105564
0.105861
0.096403
0.097454
0.099528
0.137995
0.110879
0.117993
0.120903
0.118520
0.141449
0.128521
0.116177
0.120903
0.142480
0.104885
0.105002
0.098202
0.110879
0.122449
0.116177
0.106321
0.133012
0.136428
0.134436
0.133012
0.124689
0.142480
0.127644
0.133012
0.123431
0.113613
0.117372
0.125318
0.115240
0.112465
0.130370
0.118520
0.110879
0.108014
0.132201
0.120463
0.121926
0.130727
0.116483
0.111168
0.120291
0.111311
0.105319
0.105319
0.105319
0.105319
0.105319
0.124689
0.173038
0.104028
0.099492
0.099492
0.098523
0.101845
0.093005
0.101898
0.091808
0.105588
0.111253
0.128244
0.101741
0.093663
0.109830
0.121023
0.134382
0.125650
0.104213
0.113307
0.109713
0.109830
0.117993
0.132483
0.143993
0.194379
0.155063
0.180547
0.153258
0.167852
0.153258
0.141026
0.150933
0.153248
0.154722
0.159236
0.144101
0.138971
0.132201
0.132201
0.120463
0.109299
0.113881
0.112105
0.108014
0.106783
0.099773
0.090709
0.094555
0.097505
0.093261
0.103195
0.096211
0.093129
0.090892
0.093129
0.087180
0.099211
0.091808
0.094379
0.095103
0.092323
0.095660
0.099211
0.119637
0.139631
0.139459
0.140935
0.175747
0.152968
0.168090
0.156608
0.173056
0.157646
0.215795
0.227901
0.197074
0.153408
0.156332
0.175761
0.249028
0.213883
0.204782
0.184369
0.170582
0.175761
0.172234
0.149458
0.185542
0.163489
0.149663
0.144759
0.121227
0.145093
0.121067
0.116320
0.131536
0.115458
0.128036
0.143913
0.112953
0.131802
0.121830
0.130297
0.114966
0.114966
0.105207
0.097558
0.106712
0.098807
0.099093
0.095927
0.138681
0.100151
0.114349
0.124351
0.116733
0.098308
0.092485
0.091066
0.087561
0.081786
0.085207
0.094555
0.089099
0.079824
0.078773
0.090560
0.092888
0.087559
0.100398
0.091887
0.087105
0.084080
0.088174
0.086591
0.079393
0.079155
0.077210
0.071765
0.074586
0.086178
0.081992
0.087978
0.091098
0.086850
0.095103
0.089542
0.090928
0.089615
0.085668
0.079055
0.079740
0.076928
0.072506
0.068238
0.066784
0.065187
0.061308
0.061941
0.060598
0.061246
0.061536
0.059617
0.058795
0.059065
0.058288
0.057286
0.057418
0.056344
0.057418
0.062292
0.067371
0.060482
0.066610
0.063435
0.059279
0.061154
0.067596
0.063697
0.062752
0.062752
0.062752
0.064166
0.066901
0.065976
0.062146
0.059868
0.060426
0.064575
0.061825
0.059547
0.064575
0.063238
0.060341
0.068745
0.065589
0.061179
0.065589
0.061201
0.064575
0.060341
0.064295
0.068132
0.064096
0.061201
0.062363
0.066716
0.060906
0.068563
0.082972
0.067005
0.079536
0.067737
0.067005
0.067986
0.067737
0.065142
0.072977
0.065436
0.069151
0.065056
0.067005
0.064583
0.063814
0.067737
0.062336
0.062336
0.061007
0.070396
0.061007
0.058799
0.057163
0.060686
0.060115
0.063093
0.081259
0.063202
0.068012
0.061802
0.062894
0.064182
0.066074
0.057866
0.073433
0.058590
0.062894
0.058590
0.067902
0.065320
0.098840
0.089909
0.072738
0.077610
0.074299
0.072379
0.089461
0.072013
0.127342
0.087934
0.093483
0.086908
0.073879
0.080476
0.072360
0.080884
0.074660
0.080884
0.084366
0.080884
0.080944
0.104738
0.075084
0.094525
0.075084
0.078094
0.084830
0.078094
0.078545
0.095976
0.074975
0.078468
0.079101
0.110662
0.085414
0.094027
0.096908
0.088211
0.081947
0.093611
0.082532
0.079056
0.075747
0.073783
0.072837
0.078468
0.116524
0.078468
0.070525
0.069318
0.068255
0.069000
0.073433
0.070858
0.084007
0.062662
0.056870
0.058590
0.054729
0.067191
0.061752
0.056887
0.054258
0.056887
0.058925
0.057458
0.067705
0.067364
0.064824
0.069000
0.064824
0.068480
0.063245
0.070264
0.072365
0.064928
0.063579
0.065743
0.068487
0.068067
0.071962
0.069259
0.074005
0.067640
0.067652
0.068487
0.063916
0.083712
0.079903
0.067226
0.088383
0.068975
0.087113
0.090372
0.090129
0.068482
0.069803
0.067601
0.084823
0.082072
0.103316
0.065408
0.064163
0.064163
0.055657
0.054042
0.065137
0.058809
0.060675
0.064430
0.056707
0.058039
0.055657
0.063222
0.060351
0.053691
0.055269
0.053099
0.053395
0.052233
0.051532
0.053409
0.056707
0.055657
0.060645
0.062214
0.060045
0.075243
0.066389
0.062265
0.071720
0.057949
0.059282
0.052629
0.057949
0.057147
0.048676
0.047844
0.056432
0.049970
0.048994
0.047494
0.049783
0.048689
0.049080
0.047789
0.047789
0.046222
0.045057
0.043566
0.044911
0.043449
0.044491
0.044115
0.045435
0.043701
0.043017
0.057438
0.044911
0.047657
0.044911
0.045280
0.045806
0.044184
0.045603
0.042739
0.042943
0.043431
0.046037
0.046715
0.048815
0.042855
0.042823
0.041899
0.042297
0.042050
0.041653
0.039830
0.040806
0.039301
0.041501
0.038764
0.041118
0.040255
0.041899
0.045722
0.045797
0.043836
0.047985
0.043344
0.044574
0.042823
0.039830
0.037801
0.036355
0.038559
0.037614
0.038447
0.042793
0.555246
0.894102
0.574049
0.036702
0.522759
0.621136
0.632624
0.846924
0.813388
0.379387
0.033436
0.033575
0.033866
0.034004
0.033355
0.032313
0.032975
0.032962
0.032714
0.033076
0.033076
0.032313
0.030959
0.031395
0.031080
0.029341
0.029341
0.027801
0.030639
0.028261
0.030366
0.027945
0.029341
0.031395
0.033219
0.030871
0.028784
0.030063
0.027236
0.025759
0.025287
0.028316
0.024901
0.027236
0.027990
0.025909
0.028986
0.025962
0.022472
0.024312
0.024600
0.026241
0.028164
0.029143
0.025941
0.028733
0.031523
0.028318
0.028303
0.028973
0.030062
0.029175
0.028429
0.031516
0.032078
0.032903
0.031460
0.031082
0.029173
0.027118
0.028318
0.032549
0.033107
0.033107
0.032867
0.032574
0.032574
0.030871
0.031554
0.030014
0.029855
0.028757
0.028721
0.026262
0.027869
0.026142
0.025923
0.025335
0.025923
0.027870
0.027148
0.028285
0.030386
0.024964
0.027563
0.027005
0.025547
0.024581
0.021164
0.025536
0.021058
0.020071
0.022384
0.016066
0.016368
0.014864
0.012849
0.017895
0.020832
0.015768
0.014563
0.010693
0.009923
0.010791
0.010869
0.009809
0.010535
0.012000
0.009114
0.009703
0.010951
0.009717
0.016151
0.009619
0.010927
0.011965
0.014869
0.008403
0.013870
0.011788
0.012599
0.010836
0.010836
0.007127
0.012612
0.009038
0.009503
0.010828
0.009409
0.008886
0.008166
0.009427
0.010238
0.012533
0.008890
0.010759
0.014728
0.014746
0.019843
0.014685
0.015717
0.019829
0.014737
0.016922
0.016922
0.016885
0.012571
0.013631
0.013668
0.016884
0.010834
0.018641
0.017771
0.017746
0.017764
0.014738
0.020467
0.015780
0.015742
0.014683
0.017746
0.015715
0.016923
0.016857
0.020467
0.020548
0.018648
0.015754
0.015772
0.014713
0.015754
0.011772
0.015715
0.017728
0.023248
0.026260
0.023203
0.019819
0.018646
0.020491
0.021081
0.019776
0.021067
0.018689
0.023220
0.023864
0.022796
0.020490
0.016947
0.020477
0.017836
0.013676
0.016947
0.019770
0.015775
0.014641
0.012585
0.014713
0.012622
0.016948
0.014740
0.010799
0.012582
0.012502
0.013637
0.011774
0.011675
0.013604
0.014665
0.023242
0.021101
0.021079
0.021128
0.020527
0.021919
0.012569
0.013610
0.010282
0.013709
0.013685
0.013882
0.010279
0.009773
0.007603
0.012766
0.010323
0.008791
0.009254
0.009251
0.007865
0.007624
0.008841
0.008001
0.007981
0.007038
0.005189
0.007245
0.005850
0.006155
0.008578
0.005448
0.006419
0.005468
0.008119
0.010015
0.008335
0.007305
0.011914
0.011858
0.010629
0.008443
0.009621
0.013224
0.009627
0.011512
0.026583
0.018277
0.017207
0.012069
0.019481
0.011687
0.009905
0.008932
0.011069
0.009598
0.011269
0.009598
0.009335
0.011010
0.009937
0.009247
0.009235
0.007488
0.010363
0.008893
0.008893
0.009693
0.009375
0.009137
0.010636
0.007972
0.008893
0.008238
0.009137
0.008056
0.008228
0.010147
0.009160
0.009930
0.009706
0.009160
0.009851
0.009479
0.010147
0.009083
0.008891
0.010853
0.009739
0.010026
0.011983
0.010026
0.008029
0.008029
0.009231
0.008761
0.009240
0.008290
0.008905
0.008253
0.009390
0.008529
0.008984
0.010404
0.010404
0.011108
0.009611
0.009611
0.009024
0.009547
0.010752
0.009547
0.010412
0.014351
0.010752
0.011939
0.009841
0.009125
0.009672
0.009570
0.009261
0.012480
0.010140
0.009709
0.009145
0.010011
0.010011
0.011129
0.010826
0.011059
0.010191
0.010195
0.011129
0.011442
0.014970
0.012622
0.017301
0.015963
0.014446
0.013614
0.015075
0.016304
0.012286
0.012622
0.012999
0.012999
0.015560
0.014546
0.012622
0.015083
0.013090
0.012710
0.012040
0.013851
0.012534
0.013486
0.012881
0.015560
0.012042
0.011614
0.011763
0.012269
0.011799
0.011919
0.012113
0.021376
0.013376
0.012115
0.012038
0.012406
0.012700
0.012725
0.012287
0.012833
0.012233
0.012790
0.013009
0.012725
0.013009
0.012790
0.013402
0.013183
0.013278
0.014029
0.014407
0.013552
0.013593
0.013674
0.014791
0.013846
0.013402
0.016410
0.015720
0.017661
0.016292
0.015720
0.014791
0.015587
0.018496
0.015501
0.016248
0.015076
0.016407
0.014429
0.014971
0.017113
0.018883
0.017474
0.018608
0.018729
0.017661
0.019817
0.017792
0.016906
0.017317
0.015075
0.018608
0.017929
0.018351
0.019156
0.016955
0.020396
0.018927
0.021019
0.020048
0.017584
0.017567
0.017274
0.015273
0.016246
0.016901
0.016901
0.026283
0.017567
0.019467
0.018031
0.015979
0.015684
0.015942
0.015346
0.012751
0.013805
0.014790
0.014226
0.017119
0.016837
0.016837
0.018317
0.020282
0.024005
0.017540
0.018011
0.019087
0.016736
0.016517
0.014154
0.014745
0.016324
0.016846
0.013129
0.011515
0.014007
0.012259
0.010031
0.011948
0.010573
0.009125
0.009261
0.009820
0.009992
0.009818
0.010167
0.010284
0.010286
0.009461
0.009502
0.009709
0.010489
0.009393
0.010862
0.014061
0.009709
0.009393
0.012638
0.009870
0.010031
0.012067
0.009751
0.012373
0.009393
0.010094
0.009791
0.010039
0.009709
0.010061
0.012067
0.012031
0.011763
0.013565
0.017986
0.013284
0.015364
0.012351
0.012043
0.010631
0.011227
0.012286
0.011235
0.013878
0.011763
0.011098
0.011129
0.010711
0.011098
0.010626
0.010711
0.010359
0.010191
0.010837
0.011027
0.010011
0.009743
0.010094
0.010480
0.009791
0.010267
0.010359
0.010368
0.010245
0.010093
0.009458
0.010259
0.014803
0.014069
0.013774
0.017274
0.013367
0.018553
0.015083
0.013060
0.013928
0.015207
0.014360
0.013367
0.013060
0.013217
0.012935
0.012477
0.012833
0.012725
0.013958
0.013329
0.013218
0.012935
0.015108
0.014083
0.015705
0.013686
0.016103
0.014999
0.013859
0.015186
0.013958
0.015075
0.015075
0.014848
0.016292
0.015587
0.015910
0.017661
0.015232
0.016776
0.016906
0.017661
0.015075
0.017929
0.016164
0.017303
0.018022
0.017929
0.019506
0.022251
0.020197
0.032962
0.026395
0.023636
0.019506
0.017140
0.016377
0.015994
0.015666
0.013992
0.013454
0.028200
0.017125
0.015720
0.015946
0.015075
0.015075
0.014407
0.017430
0.016248
0.017381
0.015389
0.016597
0.015501
0.014261
0.014760
0.015207
0.014688
0.014964
0.014952
0.015478
0.014831
0.015067
0.015210
0.015283
0.016450
0.016634
0.016019
0.016858
0.016786
0.016110
0.017838
0.015359
0.021138
0.017734
0.016786
0.015248
0.016038
0.016191
0.016858
0.016858
0.016858
0.021294
0.016363
0.017878
0.016526
0.015947
0.015534
0.017779
0.016029
0.016575
0.015305
0.015386
0.016830
0.016127
0.016003
0.015600
0.016003
0.016366
0.016036
0.017068
0.016193
0.016387
0.016683
0.016162
0.016060
0.016188
0.026131
0.019418
0.016417
0.016628
0.016315
0.017320
0.016360
0.016592
0.016877
0.016492
0.016766
0.016644
0.016571
0.016743
0.016749
0.016696
0.017010
0.016981
0.017250
0.017452
0.017233
0.017349
0.017465
0.017773
0.017773
0.018025
0.018342
0.018287
0.018357
0.018530
0.023641
0.019983
0.019521
0.019427
0.019521
0.019895
0.019507
0.019046
0.020103
0.019884
0.020494
0.020304
0.020278
0.022727
0.020009
0.021436
0.021026
0.020710
0.020613
0.021541
0.020788
0.024907
0.021400
0.020690
0.021554
0.022338
0.021713
0.021232
0.021396
0.021127
0.022550
0.021622
0.022232
0.021727
0.022220
0.021228
0.021727
0.023745
0.023188
0.022573
0.021903
0.022423
0.023651
0.023515
0.029142
0.025533
0.023035
0.030810
0.023035
0.023491
0.024276
0.023392
0.024021
0.023491
0.025038
0.024790
0.023651
0.024809
0.024253
0.023339
0.024843
0.024608
0.025595
0.023516
0.022942
0.024114
0.023405
0.024773
0.025163
0.026772
0.023405
0.022624
0.023608
0.022859
0.022814
0.023830
0.023830
0.026153
0.023881
0.023881
0.023881
0.023764
0.026250
0.024255
0.023881
0.024255
0.026520
0.029429
0.027753
0.031022
0.027455
0.027487
0.025996
0.025907
0.027753
0.029510
0.025907
0.027183
0.026461
0.026552
0.025248
0.024978
0.027583
0.026156
0.028791
0.025717
0.026247
0.026712
0.026039
0.026850
0.026360
0.026039
0.024655
0.026322
0.025911
0.024772
0.024848
0.025706
0.027168
0.025911
0.025728
0.027143
0.026025
0.025926
0.025582
0.036921
0.028025
0.026670
0.029554
0.026489
0.027126
0.027211
0.025715
0.025766
0.025803
0.025779
0.026721
0.026093
0.026259
0.027428
0.033144
0.031177
0.032777
0.030381
0.030381
0.032464
0.031744
0.523737
0.607049
0.611351
0.597154
0.082902
0.052274
0.042701
0.041162
0.039941
0.037175
0.035488
0.039571
0.038561
0.036309
0.034393
0.033501
0.033626
0.034841
0.032490
0.519364
0.719831
0.579057
0.583614
0.590537
0.639383
0.181697
0.037819
0.190476
0.386020
0.382407
0.239406
0.028915
0.030338
0.029549
0.030989
0.030338
0.032711
0.033412
0.031047
0.035038
0.032143
0.031872
0.030660
0.032490
0.031554
0.032198
0.032043
0.030338
0.030338
0.030660
0.030159
0.030463
0.033140
0.030864
0.031282
0.031973
0.033891
0.030303
0.032495
0.030985
0.030009
0.030298
0.030111
0.032954
0.030614
0.030859
0.030614
0.030614
0.030432
0.031176
0.032563
0.036393
0.032247
0.033859
0.032007
0.032488
0.034452
0.031973
0.034452
0.033128
0.032970
0.031749
0.031033
0.031560
0.032978
0.031281
0.033789
0.031931
0.031580
0.031987
0.032005
0.032468
0.032879
0.033902
0.033597
0.033902
0.032730
0.033138
0.033948
0.033333
0.034799
0.033473
0.035728
0.034997
0.034512
0.033748
0.033333
0.034799
0.033948
0.039010
0.034586
0.035189
0.034096
0.035701
0.034711
0.042722
0.041717
0.038132
0.037900
0.037400
0.036970
0.036933
0.037301
0.037904
0.037656
0.038803
0.038498
0.039610
0.051877
0.041955
0.041624
0.047299
0.043052
0.051314
0.044597
0.044597
0.044631
0.041155
0.041709
0.043360
0.042784
0.044130
0.039814
0.043620
0.040032
0.039083
0.040526
0.039802
0.039572
0.038393
0.039010
0.039275
0.038807
0.038506
0.038807
0.039083
0.039807
0.049887
0.041635
0.041635
0.040998
0.040032
0.041357
0.038807
0.040465
0.041614
0.039010
0.039979
0.038505
0.038471
0.038393
0.038807
0.041955
0.039087
0.039288
0.039646
0.040262
0.038454
0.039395
0.040379
0.039506
0.040828
0.041708
0.040262
0.041951
0.042869
0.041955
0.045098
0.041955
0.042722
0.042375
0.042636
0.045098
0.041591
0.042375
0.040171
0.040261
0.038321
0.046104
0.041357
0.040554
0.040828
0.040128
0.038505
0.039802
0.039610
0.039807
0.040032
0.040526
0.046112
0.039610
0.039952
0.040128
0.041951
0.040128
0.042784
0.042636
0.042464
0.042580
0.039968
0.040554
0.039968
0.039462
0.038555
0.040920
0.046666
0.044932
0.042799
0.040032
0.039968
0.040554
0.040032
0.039797
0.037470
0.037545
0.038471
0.037871
0.040171
0.043982
0.041624
0.044932
0.041155
0.044932
0.042784
0.041016
0.045900
0.044754
0.039968
0.048620
0.040194
0.044619
0.040398
0.040575
0.038947
0.042005
0.042246
0.038276
0.036942
0.037775
0.036735
0.036378
0.034783
0.035907
0.034464
0.034995
0.036497
0.034995
0.036647
0.035412
0.036497
0.045401
0.036999
0.039635
0.038866
0.036999
0.035633
0.035900
0.035409
0.035947
0.035871
0.038505
0.036616
0.036660
0.036679
0.036914
0.037829
0.037227
0.036265
0.037294
0.037227
0.040641
0.039288
0.037900
0.038868
0.037967
0.038803
0.038498
0.037967
0.038321
0.039288
0.038079
0.038017
0.040998
0.039952
0.040998
0.041610
0.041624
0.040952
0.043645
0.043956
0.046611
0.040828
0.050465
0.045232
0.044032
0.043101
0.042722
0.045575
0.043237
0.041186
0.041397
0.044032
0.041955
0.042958
0.050857
0.043127
0.041892
0.041416
0.041091
0.042511
0.042511
0.042095
0.043482
0.042135
0.040525
0.042095
0.048249
0.044430
0.041945
0.045065
0.043555
0.044810
0.044084
0.044664
0.046106
0.043733
0.044307
0.051236
0.047490
0.045656
0.046120
0.047366
0.046871
0.049061
0.047899
0.046466
0.046723
0.045747
0.046298
0.051698
0.047986
0.047419
0.059918
0.057312
0.049781
0.048802
0.048898
0.048186
0.055427
0.051675
0.053936
0.052257
0.052898
0.051675
0.051043
0.049781
0.050716
0.050575
0.050096
0.052609
0.054474
0.049764
0.050425
0.054186
0.056201
0.058599
0.053294
0.053294
0.052119
0.052876
0.055618
0.053154
0.052898
0.049623
0.048830
0.050575
0.048499
0.054474
0.051534
0.056201
0.051675
0.050916
0.053294
0.053859
0.052429
0.057678
0.056241
0.056918
0.053859
0.060075
0.060406
0.055147
0.053955
0.055051
0.053274
0.053097
0.050582
0.052010
0.052299
0.051350
0.064527
0.056974
0.058973
0.060070
0.056145
0.053656
0.053391
0.052984
0.057208
0.053914
0.062642
0.066841
0.059303
0.066185
0.065742
0.062860
0.058999
0.058216
0.060523
0.061498
0.062899
0.073806
0.065230
0.065360
0.063713
0.062626
0.060523
0.056630
0.065649
0.060722
0.066246
0.058913
0.058359
0.061007
0.057874
0.056799
0.056213
0.057370
0.054848
0.070392
0.060880
0.061617
0.059602
0.061498
0.062304
0.064787
0.060284
0.061498
0.062626
0.061498
0.061498
0.062304
0.060059
0.060496
0.074610
0.069009
0.064270
0.071116
0.064836
0.063258
0.063713
0.066278
0.062222
0.057288
0.056643
0.059678
0.061500
0.059678
0.060022
0.062642
0.058075
0.058759
0.054295
0.059263
0.055555
0.054295
0.057037
0.056213
0.055392
0.055124
0.054813
0.054561
0.055124
0.069464
0.055725
0.057541
0.063059
0.070517
0.059271
0.061769
0.063713
0.059743
0.071019
0.066384
0.066246
0.065523
0.063714
0.063459
0.063714
0.069027
0.061484
0.060880
0.062861
0.059743
0.068650
0.057134
0.056545
0.056155
0.055991
0.057107
0.056545
0.057367
0.060976
0.061222
0.060640
0.057550
0.061353
0.059627
0.066936
0.061414
0.059803
0.060444
0.063761
0.061353
0.065212
0.060325
0.058922
0.060198
0.060198
0.059657
0.059373
0.068142
0.063456
0.062905
0.066310
0.063536
0.064682
0.064466
0.061146
0.066247
0.064408
0.065020
0.072355
0.065900
0.061222
0.063536
0.063161
0.063161
0.063738
0.068734
0.062405
0.065234
0.063738
0.064626
0.067041
0.060093
0.062877
0.064132
0.063055
0.062861
0.063738
0.063960
0.065900
0.058713
0.060284
0.067230
0.062194
0.058350
0.059921
0.063161
0.060859
0.060089
0.059103
0.064158
0.059921
0.061126
0.059921
0.058845
0.058548
0.058845
0.056773
0.059203
0.063943
0.068391
0.064552
0.062022
0.065212
0.062706
0.066770
0.065904
0.063857
0.061222
0.063059
0.063059
0.061830
0.062782
0.061414
0.062782
0.060401
0.067130
0.062782
0.064092
0.069279
0.062706
0.060339
0.066153
0.064682
0.060401
0.061146
0.062341
0.062905
0.062452
0.065115
0.060741
0.062341
0.060984
0.062782
0.065584
0.064408
0.065212
0.066310
0.063527
0.064092
0.071073
0.067108
0.064701
0.067230
0.066127
0.065020
0.069658
0.064701
0.066517
0.064552
0.065984
0.060966
0.064013
0.064408
0.070195
0.064408
0.066786
0.063761
0.064210
0.064197
0.066705
0.070360
0.071769
0.070350
0.069152
0.067288
0.078041
0.078614
0.077182
0.071880
0.071616
0.070755
0.072110
0.069152
0.071132
0.069117
0.069117
0.066301
0.070357
0.069152
0.070651
0.070148
0.068396
0.070517
0.069279
0.070651
0.069279
0.068082
0.066936
0.067348
0.067441
0.074355
0.071831
0.069724
0.071740
0.070286
0.071073
0.073391
0.068344
0.067230
0.068344
0.066517
0.064092
0.065984
0.066517
0.065629
0.061414
0.062706
0.060640
0.059479
0.060401
0.060401
0.061414
0.063161
0.063536
0.065020
0.063536
0.063536
0.063943
0.061897
0.064701
0.062706
0.061222
0.061353
0.072052
0.063857
0.063536
0.059203
0.060155
0.061845
0.072122
0.064136
0.060640
0.061222
0.061222
0.063059
0.062405
0.063059
0.065584
0.061222
0.061146
0.061353
0.060198
0.065630
0.060444
0.060966
0.060966
0.067105
0.066153
0.064701
0.062706
0.074665
0.063943
0.062706
0.061414
0.065504
0.069658
0.063536
0.059649
0.063527
0.060640
0.060155
0.060465
0.059479
0.059927
0.060422
0.060394
0.063082
0.060984
0.061947
0.059752
0.062311
0.064341
0.061816
0.068011
0.074656
0.068509
0.066565
0.064287
0.067757
0.066786
0.070083
0.077206
0.078653
0.080642
0.072832
0.074662
0.070560
0.075894
0.084595
0.079188
0.075589
0.076329
0.076064
0.076329
0.074921
0.074171
0.074334
0.073652
0.074656
0.075226
0.069041
0.069273
0.072062
0.071519
0.073652
0.074924
0.075486
0.073282
0.072740
0.072277
0.073768
0.071880
0.073174
0.074660
0.073245
0.074203
0.078105
0.073615
0.076985
0.074314
0.074288
0.071650
0.070723
0.070855
0.070140
0.069981
0.071779
0.067098
0.064836
0.064562
0.074193
0.070140
0.070159
0.075068
0.072237
0.069027
0.076183
0.075130
0.072682
0.072931
0.072628
0.067087
0.066524
0.066459
0.066835
0.068463
0.067940
0.068587
0.068734
0.069335
0.069009
0.067369
0.070668
0.067622
0.067308
0.066445
0.065427
0.063633
0.064341
0.062812
0.061196
0.060097
0.060744
0.061533
0.061515
0.057895
0.060542
0.059649
0.059823
0.063846
0.066005
0.059582
0.068167
0.067046
0.064704
0.061103
0.062194
0.066733
0.068601
0.065221
0.064319
0.060985
0.063159
0.061333
0.063505
0.059778
0.060297
0.058849
0.064493
0.070501
0.066890
0.064704
0.066725
0.064704
0.067509
0.065094
0.065684
0.065968
0.062856
0.060605
0.061342
0.059009
0.061776
0.062134
0.060089
0.060441
0.059092
0.058186
0.058751
0.057823
0.055326
0.057881
0.055618
0.058645
0.058202
0.057224
0.055367
0.054812
0.054467
0.051138
0.048323
0.050652
0.050175
0.047514
0.049701
0.052471
0.046653
0.043845
0.040914
0.042763
0.047039
0.040434
0.043654
0.039635
0.045711
0.047284
0.047455
0.057439
0.057058
0.055111
0.051529
0.049701
0.049715
0.055758
0.050721
0.051459
0.048929
0.044063
0.043645
0.046161
0.050948
0.047733
0.048965
0.046216
0.048007
0.049960
0.046071
0.048992
0.045354
0.043009
0.045684
0.048203
0.048623
0.049003
0.050685
0.049003
0.048299
0.047631
0.047050
0.047042
0.045072
0.046010
0.047631
0.044098
0.044174
0.040779
0.043932
0.039036
0.041445
0.040716
0.038705
0.039851
0.042963
0.041236
0.030949
0.051527
0.052831
0.029562
0.022394
0.024144
0.024840
0.025913
0.024531
0.028645
0.021764
0.021483
0.025086
0.028114
0.027003
0.026698
0.020651
0.022138
0.020177
0.020519
0.020331
0.019799
0.019722
0.021512
0.019462
0.021250
0.022022
0.022216
0.025207
0.026253
0.019221
0.019661
0.019292
0.020672
0.019982
0.019996
0.022234
0.019742
0.019711
0.019449
0.019039
0.018901
0.020761
0.019240
0.019865
0.018859
0.018457
0.018000
0.017778
0.018086
0.017307
0.017179
0.016405
0.016012
0.016611
0.015874
0.015230
0.015444
0.015091
0.015606
0.014243
0.014866
0.016644
0.014773
0.014339
0.013943
0.013946
0.014397
0.013816
0.015471
0.018660
0.016245
0.018745
0.017294
0.017437
0.013686
0.019834
0.019600
0.017527
0.013686
0.019600
0.015264
0.016915
0.013456
0.013356
0.016198
0.012930
0.012934
0.012423
0.013227
0.017167
0.012653
0.012453
0.012691
0.012839
0.014027
0.013761
0.012726
0.012337
0.012206
0.011915
0.012175
0.012136
0.011924
0.011864
0.011793
0.013088
0.012584
0.012318
0.012434
0.012796
0.011782
0.011923
0.011994
0.011605
0.012678
0.013023
0.012405
0.011830
0.011830
0.011472
0.012030
0.012375
0.011557
0.011358
0.010985
0.012088
0.012088
0.011358
0.010921
0.010516
0.010688
0.010423
0.012155
0.010108
0.009655
0.009651
0.008938
0.008679
0.009487
0.010342
0.009735
0.011183
0.015466
0.012762
0.012762
0.016321
0.010380
0.014400
0.008620
0.008861
0.008761
0.012380
0.008995
0.011513
0.008476
0.008212
0.007657
0.007878
0.008640
0.007125
0.007429
0.008523
0.007321
0.007300
0.006793
0.006439
0.006113
0.006173
0.005760
0.005516
0.005823
0.005266
0.005332
0.005332
0.004907
0.005154
0.005191
0.004809
0.004760
0.005700
0.004590
0.003974
0.003674
0.003823
0.003461
0.003929
0.003202
0.002735
0.003288
0.005036
0.003613
0.003399
0.008076
0.011186
0.007651
0.011629
0.010681
0.013876
0.011013
0.011651
0.014323
0.013423
0.011013
0.011286
0.014323
0.014941
0.012406
0.013186
0.009925
0.009925
0.008826
0.012112
0.007419
0.010179
0.006060
0.012270
0.014669
0.015455
0.013699
0.015569
0.020875
0.020875
0.019362
0.020875
0.024177
0.017983
0.019895
0.022852
0.019895
0.027453
0.025922
0.025922
0.021337
0.023015
0.016966
0.018430
0.015455
0.006521
0.009697
0.010578
0.013581
0.014669
0.013699
0.019560
0.024437
0.024420
0.023015
0.027293
0.027566
0.022852
0.024292
0.026202
0.032723
0.027639
0.019535
0.019131
0.025130
0.021685
0.015678
0.007058
0.005226
0.006082
0.006421
0.009608
0.004906
0.008994
0.014941
0.018804
0.014669
0.009697
0.015802
0.009697
0.012811
0.011754
0.014369
0.012573
0.007312
0.007811
0.005035
0.008131
0.002780
0.008826
0.008697
0.009513
0.012405
0.012367
0.010487
0.013259
0.005035
0.012405
0.005805
0.008513
0.010487
0.009513
0.010578
0.007680
0.007627
0.003567
0.001904
0.001679
0.001710
0.002579
0.005349
0.006375
0.004366
0.002516
0.006185
0.005117
0.001809
0.001614
0.002227
0.003076
0.004871
0.008997
0.011822
0.009896
0.012507
0.012449
0.009690
0.003302
0.001791
0.001274
0.000000
0.003911
0.003562
0.006504
0.009520
0.012278
0.010810
0.008626
0.010793
0.006598
0.010450
0.014521
0.011498
0.006375
0.014724
0.009420
0.013613
0.014531
0.012511
0.013367
0.018822
0.016003
0.015392
0.010604
0.015554
0.019902
0.019847
0.016003
0.015742
0.012636
0.013613
0.014792
0.009307
0.010594
0.015884
0.012483
0.016003
0.008247
0.014547
0.009403
0.013492
0.001782
0.001694
0.006002
0.005609
0.011072
0.010064
0.013562
0.014550
0.011852
0.013631
0.014275
0.016132
0.016132
0.015204
0.011952
0.006271
0.008483
0.010039
0.011179
0.013945
0.015186
0.014808
0.013951
0.006271
0.019278
0.017437
0.014760
0.016077
0.014799
0.016508
0.011179
0.009757
0.013653
0.013945
0.013945
0.018465
0.019608
0.015389
0.018465
0.018868
0.021309
0.023393
0.021309
0.028182
0.014275
0.020933
0.019608
0.026186
0.020422
0.023393
0.025304
0.026641
0.035355
0.030461
0.028597
0.032050
0.033128
0.038766
0.031627
0.028524
0.030960
0.036626
0.022630
0.034883
0.034949
0.028881
0.036356
0.039611
0.037984
0.032695
0.017593
0.023965
0.032583
0.034480
0.032695
0.031093
0.028810
0.032843
0.023618
0.036174
0.031003
0.032751
0.028810
0.030742
0.032635
0.032583
0.028857
0.020594
0.022231
0.022195
0.015762
0.027104
0.028564
0.028564
0.026935
0.028428
0.028524
0.023618
0.028524
0.027030
0.034368
0.030795
0.023875
0.025260
0.023823
0.016638
0.017849
0.019608
0.020933
0.017437
0.015693
0.019278
0.022630
0.024438
0.025758
0.023003
0.020922
0.015405
0.016173
0.023003
0.027678
0.032908
0.024816
0.023003
0.034949
0.038581
0.038581
0.036626
0.038302
0.039757
0.036356
0.028933
0.036626
0.034949
0.029171
0.023003
0.023655
0.024012
0.034544
0.029212
0.027131
0.024438
0.027719
0.027719
0.021720
0.023003
0.021720
0.020449
0.021720
0.017462
0.024832
0.022228
0.023913
0.022698
0.019837
0.022698
0.020958
0.025304
0.022698
0.021466
0.025772
0.026170
0.029006
0.022228
0.024376
0.024376
0.020667
0.021427
0.023135
0.011007
0.016941
0.013672
0.019328
0.017864
0.018459
0.020449
0.022228
0.026657
0.016077
0.031627
0.028171
0.030461
0.028171
0.033611
0.030461
0.041352
0.041352
0.036828
0.036648
0.035081
0.030106
0.023913
0.023913
0.018412
0.018373
0.016522
0.017441
0.025111
0.019235
0.021466
0.026142
0.015616
0.030106
0.037519
0.028597
0.032050
0.030797
0.034554
0.034587
0.036035
0.018465
0.032393
0.024348
0.037198
0.028613
0.029297
0.030764
0.028153
0.032697
0.036339
0.031133
0.029667
0.027129
0.023753
0.020997
0.024155
0.027313
0.028916
0.021750
0.017489
0.022077
0.028929
0.029025
0.023753
0.029025
0.034191
0.024470
0.029236
0.030723
0.032216
0.026537
0.029590
0.026747
0.028093
0.020121
0.024807
0.036056
0.023326
0.039564
0.032427
0.037813
0.036348
0.034931
0.031156
0.039716
0.031104
0.036799
0.033076
0.026747
0.032927
0.029251
0.032649
0.031156
0.029667
0.032875
0.033307
0.034931
0.035239
0.036799
0.036799
0.039161
0.038584
0.043119
0.040634
0.040032
0.041641
0.040370
0.041655
0.029236
0.045147
0.043376
0.036525
0.045237
0.046854
0.037172
0.038507
0.039230
0.042329
0.042251
0.031441
0.038507
0.043172
0.049515
0.043324
0.049724
0.045761
0.041121
0.037468
0.040634
0.032403
0.042563
0.040634
0.026517
0.032274
0.037765
0.032724
0.027987
0.030695
0.037633
0.036092
0.027987
0.037765
0.028962
0.039561
0.036519
0.039746
0.047857
0.042933
0.044186
0.036578
0.046559
0.043182
0.045568
0.046416
0.045568
0.042922
0.045958
0.032296
0.042902
0.048010
0.050383
0.051014
0.038158
0.043806
0.041808
0.045958
0.049339
0.044820
0.049562
0.044820
0.048960
0.032724
0.046559
0.048331
0.051014
0.051407
0.046559
0.050031
0.037776
0.046329
0.053782
0.055163
0.053782
0.049573
0.053782
0.048858
0.054529
0.052984
0.051407
0.054464
0.044071
0.052335
0.027354
0.042922
0.047834
0.051682
0.048010
0.037470
0.043426
0.044918
0.046948
0.041749
0.044918
0.040335
0.046559
0.045637
0.046948
0.049573
0.050031
0.046948
0.048331
0.046948
0.049573
0.051753
0.047422
0.047698
0.051407
0.052994
0.047698
0.053232
0.052984
0.053334
0.046767
0.052034
0.047977
0.040255
0.044347
0.046174
0.049811
0.043848
0.043726
0.034362
0.039622
0.042040
0.048471
0.047606
0.047898
0.047783
0.050152
0.041757
0.052445
0.039497
0.055462
0.050584
0.048567
0.052974
0.054677
0.049723
0.053377
0.050923
0.057988
0.052974
0.055970
0.057988
0.051526
0.062862
0.060537
0.067236
0.057988
0.058963
0.055368
0.055368
0.055334
0.051909
0.058963
0.060537
0.053377
0.056251
0.060537
0.060268
0.061812
0.056300
0.056325
0.058994
0.058841
0.060268
0.065021
0.060268
0.061934
0.055970
0.060537
0.061934
0.068417
0.056837
0.062074
0.060268
0.062074
0.060537
0.060714
0.056837
0.041139
0.057129
0.062222
0.064047
0.056060
0.060769
0.053377
0.051836
0.062074
0.064894
0.055575
0.053500
0.057525
0.060714
0.064844
0.063348
0.058893
0.059940
0.063348
0.055368
0.064844
0.061656
0.063348
0.063348
0.060268
0.060836
0.060714
0.066818
0.066456
0.052899
0.063836
0.064844
0.064844
0.075569
0.064844
0.066818
0.066818
0.066483
0.063529
0.060308
0.066334
0.057513
0.066697
0.064784
0.066334
0.045226
0.045013
0.053500
0.062074
0.063836
0.065506
0.054677
0.057510
0.070483
0.062163
0.067236
0.065506
0.067236
0.061273
0.068579
0.073520
0.075510
0.072544
0.071055
0.065489
0.066708
0.061273
0.062222
0.067236
0.071055
0.069313
0.071864
0.062074
0.056837
0.057510
0.057510
0.060537
0.055575
0.062163
0.066818
0.054800
0.065506
0.057513
0.060714
0.064844
0.059951
0.069856
0.064784
0.058165
0.066729
0.064784
0.056715
0.072283
0.075086
0.057045
0.073596
0.063529
0.066483
0.061656
0.052124
0.058165
0.053500
0.071141
0.061811
0.069449
0.071141
0.076278
0.056336
0.068519
0.061527
0.070156
0.059716
0.059949
0.065192
0.057041
0.062343
0.063794
0.069804
0.065888
0.071966
0.082330
0.078354
0.512414
0.516903
0.741627
0.569207
0.089061
0.104462
0.101095
0.097495
0.101781
0.091155
0.105373
0.106650
0.099427
0.105373
0.097795
0.092956
0.078536
0.072095
0.089291
0.083965
0.081754
0.087408
0.085353
0.089291
0.080405
0.089291
0.080007
0.089207
0.080405
0.085353
0.082787
0.087962
0.079185
0.084985
0.094174
0.104522
0.095166
0.104923
0.089296
0.094067
0.085766
0.100278
0.085839
0.069582
0.087291
0.091927
0.094495
0.087076
0.083286
0.077757
0.077854
0.079294
0.070483
0.080509
0.063622
0.079129
0.068417
0.073681
0.075086
0.065021
0.076882
0.068417
0.076882
0.083895
0.077854
0.075086
0.078063
0.085868
0.080237
0.081677
0.081677
0.080509
0.075510
0.090736
0.076188
0.073114
0.067772
0.060308
0.063629
0.071854
0.065192
0.061044
0.064986
0.068631
0.058555
0.068407
0.068483
0.060308
0.068885
0.072509
0.071365
0.067389
0.086194
0.065777
0.078726
0.087426
0.081877
0.080841
0.073250
0.084124
0.058893
0.081467
0.092374
0.092374
0.081612
0.076043
0.085411
0.082135
0.080388
0.085866
0.089404
0.094291
0.070695
0.095793
0.093380
0.099153
0.101377
0.106197
0.088428
0.096704
0.095793
0.108183
0.095793
0.091600
0.100361
0.095243
0.095868
0.099153
0.100768
0.106740
0.109744
0.066099
0.092191
0.104552
0.089574
0.108099
0.104552
0.105691
0.100239
0.106978
0.100062
0.106119
0.102631
0.104462
0.097672
0.105775
0.101697
0.103613
0.112011
0.110357
0.107302
0.105691
0.076882
0.096397
0.103693
0.061997
0.087076
0.091843
0.095263
0.083895
0.086867
0.054500
0.073681
0.076278
0.083965
0.082787
0.083965
0.075952
0.075004
0.070964
0.073114
0.062946
0.067236
0.066818
0.069313
0.070362
0.070483
0.078063
0.070483
0.081677
0.078063
0.078063
0.080237
0.069945
0.080237
0.078063
0.086808
0.081618
0.079192
0.083276
0.080509
0.071114
0.079192
0.064047
0.064860
0.075418
0.068010
0.066488
0.060621
0.068579
0.056841
0.053861
0.068579
0.074510
0.073664
0.071864
0.071114
0.069313
0.064106
0.067383
0.069533
0.072431
0.581530
0.539724
0.683903
0.557926
0.111046
0.129678
0.111056
0.111046
0.147185
0.121470
0.108363
0.105689
0.518458
0.060602
0.081528
0.081348
0.075233
0.081677
0.064934
0.078063
0.082775
0.084658
0.082526
0.090449
0.097833
0.076278
0.078726
0.081754
0.079185
0.086152
0.076925
0.071263
0.086617
0.083824
0.083965
0.090468
0.096397
0.096194
0.071880
0.084985
0.086808
0.082787
0.089296
0.090390
0.092942
0.083965
0.086152
0.065506
0.094067
0.097731
0.089207
0.064844
0.082787
0.075952
0.065021
0.080405
0.072301
0.060268
0.071141
0.068885
0.052974
0.074328
0.052124
0.060343
0.078211
0.069449
0.068519
0.070081
0.065192
0.071365
0.076127
0.063742
0.068519
0.076241
0.069337
0.076205
0.081467
0.076241
0.062325
0.058362
0.054921
0.057283
0.058226
0.062074
0.060896
0.060766
0.066182
0.059716
0.061062
0.077804
0.073364
0.068349
0.062086
0.046828
0.050161
0.047888
0.034082
0.051124
0.059676
0.060896
0.063471
0.042245
0.052753
0.060844
0.050777
0.032193
0.024562
0.025348
0.025207
0.026055
0.035967
0.057586
0.056125
0.049689
0.043885
0.036675
0.035015
0.036007
0.035746
0.037167
0.047811
0.055780
0.057432
0.067858
0.065927
0.081494
0.086796
0.095840
0.097570
0.091934
0.103342
0.099361
0.103261
0.125865
0.087690
0.126865
0.157562
0.150283
0.157562
0.182041
0.162089
0.144138
0.131418
0.124502
0.083048
0.089750
0.092729
0.085804
0.077676
0.077546
0.071292
0.069188
0.065682
0.064685
0.052853
0.063439
0.054569
0.059845
0.054991
0.045129
0.049283
0.046524
0.043971
0.038325
0.048451
0.044920
0.054635
0.055041
0.057619
0.029342
0.034919
0.044920
0.044017
0.050630
0.046840
0.053304
0.052215
0.052770
0.049484
0.061354
0.072705
0.073223
0.073802
0.079897
0.077046
0.078447
0.089127
0.076293
0.087312
0.085499
0.085037
0.067034
0.070294
0.072244
0.079021
0.077240
0.075367
0.060646
0.064528
0.064309
0.056547
0.038525
0.055741
0.057247
0.051590
0.057247
0.058257
0.056176
0.058261
0.053232
0.056669
0.049018
0.050315
0.041020
0.056669
0.040953
0.048437
0.028661
0.037983
0.041705
0.041271
0.271932
0.051257
0.039541
0.042735
0.045068
0.043679
0.046060
0.045983
0.053809
0.052750
0.053232
0.056670
0.048080
0.039803
0.047431
0.050600
0.052393
0.077676
0.108738
0.100092
0.038682
0.204734
0.224315
0.042735
0.041271
0.044241
0.041111
0.039538
0.042061
0.040815
0.038458
0.035477
0.036743
0.035479
0.033647
0.033647
0.031487
0.033717
0.039365
0.039560
0.038867
0.035080
0.034826
0.037603
0.045466
0.043390
0.044342
0.046114
0.048131
0.047329
0.033369
0.049079
0.057258
0.057258
0.060508
0.055391
0.055106
0.045808
0.054681
0.056547
0.056547
0.052452
0.057952
0.056547
0.052993
0.049662
0.048238
0.056216
0.052406
0.048238
0.055742
0.055742
0.045472
0.028901
0.030422
0.031261
0.031529
0.034387
0.034350
0.035522
0.035885
0.035008
0.035712
0.036556
0.034305
0.034138
0.040739
0.048074
0.055784
0.047449
0.044002
0.051142
0.048215
0.056530
0.057553
0.056442
0.055187
0.037474
0.035896
0.036220
0.036300
0.034673
0.035956
0.036464
0.038976
0.039398
0.039548
0.037860
0.045746
0.042285
0.045746
0.055144
0.056442
0.057166
0.058147
0.057432
0.061093
0.058830
0.056442
0.052799
0.052894
0.050736
0.051128
0.054502
0.051498
0.059497
0.054502
0.055780
0.054091
0.053353
0.047660
0.045285
0.041557
0.040315
0.044046
0.048044
0.045822
0.050353
0.055144
0.060295
0.054502
0.042187
0.040917
0.050483
0.051179
0.057243
0.064978
0.055115
0.056485
0.058512
0.061879
0.062463
0.062463
0.058512
0.056442
0.051230
0.055555
0.047528
0.056869
0.063439
0.060247
0.056484
0.056059
0.053343
0.050134
0.047304
0.045781
0.044002
0.044098
0.045416
0.042703
0.042459
0.044828
0.048724
0.042887
0.043679
0.047662
0.040210
0.041294
0.037229
0.037229
0.034255
0.035436
0.034556
0.035436
0.028436
0.027966
0.027247
0.028126
0.028611
0.028901
0.028509
0.030009
0.032140
0.032140
0.034672
0.036409
0.033647
0.033057
0.033583
0.119307
0.204449
0.205879
0.423335
0.423856
0.409607
0.437958
0.403833
0.402592
0.393525
0.413157
0.392358
0.233531
0.097584
0.404752
0.454232
0.415885
0.411715
0.438214
0.403559
0.235192
0.030365
0.409330
0.401640
0.384290
0.365329
0.360987
0.361665
0.181567
0.032327
0.035187
0.037002
0.035187
0.033296
0.033042
0.036450
0.036365
0.032180
0.033480
0.033464
0.034475
0.035468
0.043229
0.040573
0.040096
0.044667
0.044128
0.040894
0.044594
0.042271
0.042459
0.043153
0.039630
0.044715
0.043153
0.040917
0.045523
0.035548
0.041573
0.043202
0.044715
0.044081
0.046505
0.048152
0.049700
0.048821
0.055115
0.055115
0.053389
0.049102
0.055115
0.053521
0.054448
0.048529
0.047684
0.052273
0.042614
0.045805
0.041875
0.048949
0.057553
0.051880
0.049364
0.050545
0.049484
0.047449
0.046019
0.048913
0.047449
0.040902
0.039510
0.039510
0.041164
0.042023
0.040304
0.045805
0.041179
0.031270
0.033899
0.032278
0.033828
0.035340
0.034893
0.034277
0.037118
0.036325
0.036325
0.035792
0.036816
0.040243
0.037181
0.036364
0.038707
0.038974
0.038626
0.039726
0.039970
0.115330
0.247409
0.387424
0.400049
0.398739
0.396919
0.402718
0.397893
0.400846
0.403512
0.411023
0.408627
0.404395
0.405486
0.411098
0.360461
0.355908
0.356340
0.302337
0.248741
0.059694
0.137707
0.229051
0.361991
0.370192
0.094436
0.101714
0.103782
0.387689
0.484827
0.470429
0.454261
0.457075
0.435887
0.450193
0.461753
0.492984
0.471430
0.458825
0.464537
0.491649
0.474866
0.458548
0.469757
0.464692
0.493503
0.484474
0.459538
0.460365
0.490884
0.483048
0.461710
0.498645
0.469595
0.457200
0.466535
0.473731
0.479075
0.491100
0.455329
0.485386
0.419439
0.352357
0.410916
0.443874
0.435156
0.448641
0.451833
0.423271
0.384430
0.359508
0.152284
0.076961
0.073284
0.072806
0.082785
0.089096
0.089647
0.068231
0.072792
0.075958
0.071967
0.071087
0.063375
0.060593
0.067288
0.068268
0.062689
0.062918
0.069918
0.068789
0.073044
0.069290
0.070588
0.071454
0.077627
0.080426
0.077590
0.254278
0.388848
0.272189
0.126734
0.232535
0.264993
0.254844
0.255005
0.154140
0.098937
0.095482
0.095660
0.099844
0.223606
0.110695
0.097480
0.107302
0.098078
0.112622
0.098747
0.103527
0.095613
0.097006
0.083748
0.085775
0.093059
0.090508
0.074596
0.067820
0.081790
0.087364
0.092648
0.088385
0.089376
0.090740
0.091890
0.092281
0.092127
0.086485
0.087364
0.075542
0.076583
0.081862
0.083321
0.078894
0.082608
0.079308
0.084746
0.077449
0.079382
0.067613
0.074777
0.067288
0.072999
0.078868
0.070039
0.078629
0.081790
0.080426
0.078493
0.067288
0.074028
0.084974
0.082785
0.065930
0.070618
0.082407
0.083880
0.088341
0.090889
0.088341
0.087519
0.082407
0.082407
0.075691
0.079711
0.088341
0.082861
0.089647
0.087011
0.088341
0.071477
0.062158
0.056381
0.060198
0.060198
0.059516
0.062876
0.066892
0.071223
0.072673
0.076648
0.072527
0.086970
0.077247
0.085496
0.073518
0.073681
0.076354
0.076999
0.067198
0.068742
0.068180
0.065627
0.061401
0.068635
0.067833
0.076995
0.070396
0.074640
0.073460
0.077836
0.073370
0.074379
0.068796
0.069701
0.062958
0.067065
0.067407
0.069843
0.068391
0.069119
0.068208
0.074311
0.081106
0.081484
0.081048
0.089778
0.099092
0.090963
0.097695
0.098684
0.100804
0.099675
0.100491
0.101277
0.097347
0.095138
0.080186
0.100235
0.098662
0.097282
0.096205
0.107021
0.105115
0.112374
0.109887
0.109941
0.118623
0.114481
0.119803
0.119178
0.117782
0.125349
0.120641
0.112669
0.108490
0.105760
0.112240
0.113781
0.113678
0.118305
0.112876
0.118305
0.118305
0.110572
0.118102
0.113562
0.109035
0.116301
0.108376
0.114197
0.103092
0.109807
0.121078
0.104445
0.109185
0.108376
0.101447
0.093619
0.091722
0.094206
0.089677
0.089778
0.092290
0.091865
0.085426
0.080415
0.086769
0.089495
0.088015
0.091768
0.096205
0.089495
0.098820
0.085117
0.083582
0.094337
0.090118
0.094337
0.094613
0.105298
0.111514
0.111562
0.115363
0.117595
0.116712
0.111514
0.116095
0.108351
0.121910
0.115363
0.118982
0.110132
0.111115
0.112209
0.112695
0.117595
0.109419
0.114839
0.113490
0.114543
0.113389
0.114839
0.118449
0.114839
0.113490
0.116712
0.117595
0.117309
0.123362
0.124060
0.124060
0.117176
0.106880
0.124109
0.125650
0.124060
0.119401
0.125317
0.121215
0.116926
0.130345
0.130345
0.124954
0.133410
0.129034
0.129034
0.123317
0.129778
0.123653
0.125349
0.126266
0.110572
0.122292
0.128917
0.128748
0.134491
0.143983
0.133876
0.128114
0.136879
0.139060
0.102332
0.127618
0.117355
0.128750
0.117883
0.133039
0.125700
0.126876
0.124260
0.128750
0.129772
0.122177
0.119372
0.118039
0.102332
0.109068
0.107822
0.105084
0.104113
0.119372
0.117191
0.113397
0.106246
0.086638
0.077056
0.091992
0.086867
0.083040
0.093425
0.089495
0.099025
0.104720
0.105077
0.106407
0.106407
0.103278
0.105375
0.105548
0.098894
0.094828
0.092460
0.093426
0.099869
0.093475
0.099391
0.101466
0.102395
0.109226
0.111813
0.114185
0.118849
0.117050
0.097012
0.118415
0.126022
0.130672
0.132821
0.132602
0.136317
0.135530
0.132137
0.135631
0.138754
0.135104
0.131570
0.134828
0.128026
0.123530
0.132602
0.127125
0.135756
0.119518
0.118319
0.112113
0.112735
0.105933
0.110057
0.113261
0.107771
0.102662
0.110304
0.115003
0.111522
0.111818
0.120273
0.123313
0.125850
0.130881
0.127768
0.133969
0.139959
0.159086
0.152236
0.141564
0.156840
0.149106
0.162564
0.159086
0.155410
0.156294
0.156097
0.165332
0.153142
0.164149
0.168564
0.173987
0.178747
0.161824
0.167814
0.168112
0.159992
0.152796
0.156701
0.154213
0.164430
0.166700
0.152242
0.166211
0.160562
0.155122
0.162385
0.155122
0.155590
0.152434
0.161282
0.169903
0.190253
0.165433
0.180632
0.172515
0.172804
0.179103
0.166651
0.161357
0.153313
0.155965
0.161067
0.156332
0.150554
0.146020
0.146020
0.152125
0.153396
0.154405
0.159428
0.138714
0.150490
0.146783
0.154108
0.151268
0.143341
0.149334
0.146783
0.129576
0.150971
0.141374
0.145157
0.142927
0.146011
0.145157
0.153375
0.148266
0.150992
0.141761
0.145157
0.139722
0.141374
0.152416
0.141761
0.136823
0.150992
0.138005
0.143963
0.143963
0.150537
0.150537
0.136333
0.136369
0.116819
0.112793
0.110314
0.121418
0.113043
0.106934
0.115727
0.119051
0.130512
0.129494
0.131789
0.132356
0.134751
0.127989
0.120539
0.114905
0.115711
0.109580
0.119460
0.118526
0.116497
0.121484
0.123027
0.117144
0.120909
0.122026
0.125325
0.126937
0.131961
0.132629
0.141048
0.138559
0.117506
0.144335
0.138395
0.153968
0.137827
0.136105
0.135713
0.139239
0.131074
0.129816
0.130947
0.131403
0.139535
0.138511
0.142107
0.144650
0.154994
0.147055
0.148327
0.153488
0.146444
0.150557
0.144103
0.144103
0.148328
0.147742
0.140145
0.141438
0.146069
0.147874
0.152294
0.143808
0.157128
0.156244
0.152926
0.146913
0.147638
0.151383
0.154506
0.152048
0.148450
0.157014
0.157014
0.160307
0.161270
0.161270
0.163451
0.167616
0.164646
0.160975
0.158455
0.173558
0.171334
0.165021
0.157384
0.168926
0.168926
0.155357
0.164627
0.167573
0.167160
0.169383
0.161317
0.169383
0.134460
0.153178
0.150591
0.152820
0.156082
0.144109
0.146444
0.149393
0.149053
0.160356
0.157128
0.154088
0.158329
0.151331
0.156682
0.153670
0.158256
0.160356
0.153670
0.158109
0.156586
0.163246
0.164776
0.156682
0.144109
0.155138
0.158329
0.159756
0.162546
0.164428
0.164627
0.166844
0.164627
0.164627
0.166844
0.166435
0.169075
0.169383
0.174903
0.169075
0.176476
0.168142
0.179470
0.181012
0.176072
0.184370
0.176072
0.174948
0.170583
0.160013
0.166637
0.174186
0.173677
0.170862
0.173462
0.175787
0.170862
0.165425
0.162322
0.165686
0.169336
0.164842
0.168907
0.171656
0.170331
0.169582
0.170628
0.167035
0.173302
0.168112
0.166331
0.156427
0.150725
0.164666
0.159600
0.163131
0.157854
0.165985
0.159781
0.167101
0.167320
0.167101
0.162604
0.168212
0.157854
0.165814
0.150702
0.148290
0.149375
0.153213
0.155764
0.150961
0.144353
0.161888
0.156687
0.144353
0.149375
0.148432
0.146305
0.153024
0.153042
0.156687
0.163750
0.161018
0.152242
0.146552
0.148432
0.147232
0.148526
0.146256
0.149672
0.155600
0.152242
0.144333
0.140051
0.118749
0.105774
0.105639
0.109924
0.117457
0.120760
0.125244
0.114891
0.117610
0.115501
0.116377
0.138001
0.130359
0.131275
0.135835
0.136368
0.134083
0.136368
0.144499
0.145044
0.147667
0.149273
0.145207
0.145199
0.147140
0.152323
0.156295
0.157701
0.155654
0.159529
0.162087
0.167167
0.151354
0.167343
0.165666
0.165666
0.178448
0.270970
0.292014
0.164883
0.174760
0.177248
0.181154
0.172878
0.178448
0.178340
0.182646
0.179222
0.182646
0.159799
0.169259
0.166696
0.175678
0.178275
0.178448
0.179222
0.176960
0.184164
0.180712
0.164051
0.176135
0.186328
0.189941
0.189650
0.191458
0.192393
0.189953
0.192393
0.184924
0.177075
0.164826
0.165666
0.165920
0.179222
0.189650
0.187888
0.190760
0.188280
0.186755
0.184924
0.168485
0.188191
0.190760
0.196845
0.184907
0.186455
0.188191
0.193377
0.188804
0.194449
0.188087
0.185466
0.191091
0.193907
0.189389
0.189964
0.188597
0.182226
0.175653
0.176175
0.171046
0.177876
0.158154
0.169188
0.171279
0.178768
0.161855
0.149237
0.147348
0.139427
0.141523
0.152876
0.149551
0.128354
0.144006
0.146398
0.151678
0.137502
0.141433
0.150013
0.147966
0.150563
0.155489
0.153291
0.172163
0.146606
0.151945
0.154817
0.158424
0.158307
0.167426
0.165770
0.166647
0.177345
0.173091
0.170827
0.178312
0.177039
0.183541
0.178745
0.176696
0.182695
0.183455
0.183148
0.195821
0.192223
0.194793
0.181663
0.208764
0.207339
0.206958
0.213480
0.219888
0.209432
0.211920
0.215335
0.214747
0.222299
0.222905
0.227306
0.227965
0.221827
0.227306
0.226011
0.231837
0.226011
0.226011
0.212019
0.219619
0.231837
0.216491
0.236081
0.218969
0.214920
0.204315
0.211097
0.207505
0.214248
0.202050
0.186889
0.178219
0.177058
0.173583
0.175071
0.177058
0.161673
0.164943
0.166368
0.175328
0.177231
0.168056
0.178199
0.182729
0.175740
0.160800
0.175740
0.176445
0.177039
0.182209
0.180449
0.181309
0.189570
0.187911
0.190992
0.191659
0.192959
0.197118
0.199058
0.200512
0.210707
0.207669
0.212399
0.209580
0.225789
0.228955
0.228715
0.232728
0.234189
0.224141
0.213580
0.226692
0.362847
0.406977
0.416920
0.427704
0.540457
0.555295
0.410195
0.254409
0.246309
0.256321
0.275305
0.270735
0.264456
0.282613
0.285976
0.277237
0.277237
0.275077
0.282613
0.282681
0.295730
0.300264
0.322564
0.323243
0.294052
0.298847
0.298827
0.295467
0.284592
0.318364
0.285143
0.303594
0.309530
0.308926
0.286980
0.292086
0.298048
0.299897
0.280650
0.294294
0.286311
0.278538
0.285508
0.264184
0.259911
0.282243
0.270222
0.276627
0.255551
0.273241
0.281543
0.264055
0.276627
0.259309
0.261951
0.283898
0.268676
0.273424
0.261878
0.274281
0.234873
0.270328
0.262355
0.253281
0.248230
0.237115
0.225260
0.227975
0.216149
0.220077
0.234873
0.223453
0.221256
0.234293
0.225260
0.230231
0.216149
0.240060
0.241918
0.233582
0.234873
0.252698
0.261744
0.265284
0.267076
0.231605
0.249261
0.259952
0.249261
0.244821
0.238029
0.258824
0.238665
0.253166
0.219091
0.236635
0.245833
0.261766
0.253166
0.220248
0.240332
0.260626
0.255523
0.557591
0.732907
0.217258
0.260626
0.259795
0.250809
0.239156
0.250809
0.253630
0.238356
0.253630
0.221758
0.211463
0.194591
0.569770
0.534706
0.197482
0.201458
0.215504
0.198632
0.196957
0.190000
0.197000
0.182949
0.183428
0.186892
0.201580
0.206126
0.207688
0.208099
0.213373
0.208471
0.215705
0.228943
0.230215
0.235254
0.230605
0.240556
0.241468
0.243812
0.248860
0.248026
0.249210
0.255012
0.256321
0.252139
0.254340
0.256909
0.265449
0.263385
0.263387
0.266486
0.266501
0.276260
0.269155
0.271659
0.272668
0.253206
0.263128
0.272448
0.263739
0.260751
0.272448
0.270076
0.276147
0.246202
0.276147
0.268067
0.272448
0.269876
0.263739
0.275542
0.256587
0.260483
0.259778
0.259778
0.253895
0.262920
0.250957
0.255594
0.254472
0.252658
0.270222
0.254246
0.259877
0.268522
0.254246
0.243327
0.256358
0.239299
0.241535
0.243084
0.245440
0.239299
0.231152
0.236283
0.228715
0.236283
0.249389
0.231143
0.234724
0.231152
0.234724
0.232121
0.238395
0.241848
0.236283
0.248760
0.245422
0.242236
0.232121
0.233265
0.221107
0.221768
0.231152
0.234895
0.221256
0.225154
0.229907
0.223157
0.222596
0.225269
0.234895
0.225260
0.225269
0.225269
0.232121
0.226811
0.232121
0.240633
0.223453
0.221256
0.231450
0.228662
0.227858
0.225269
0.221768
0.218747
0.208877
0.237394
0.240139
0.241103
0.245497
0.236775
0.241074
0.252952
0.271418
0.266618
0.264328
0.273372
0.277842
0.283138
0.288646
0.296891
0.281980
0.293106
0.300264
0.302832
0.300264
0.297362
0.299651
0.283138
0.289192
0.295730
0.288386
0.294052
0.298847
0.285680
0.299755
0.319485
0.295467
0.300450
0.311705
0.316111
0.298845
0.302065
0.309530
0.261114
0.289935
0.285516
0.273573
0.273573
0.273573
0.254246
0.273573
0.270222
0.234895
0.247389
0.241535
0.253895
0.264184
0.245117
0.263178
0.245422
0.249389
0.236962
0.245689
0.238395
0.236283
0.249979
0.238174
0.239299
0.224663
0.232099
0.209294
0.238395
0.249833
0.243375
0.273241
0.238177
0.230215
0.230145
0.244080
0.230145
0.241101
0.243375
0.247968
0.245226
0.247968
0.249290
0.240619
0.278538
0.241103
0.259302
0.259977
0.269946
0.294031
0.303392
0.324151
0.297023
0.317995
0.337633
0.346277
0.351078
0.364408
0.366373
0.386600
0.409064
0.408454
0.430854
0.441602
0.433381
0.439169
0.424939
0.422721
0.425007
0.424591
0.420854
0.419115
0.412206
0.406231
0.407023
0.395933
0.390919
0.391543
0.384625
0.388854
0.386332
0.356404
0.366455
0.344004
0.337714
0.349670
0.355664
0.335903
0.345991
0.345991
0.349383
0.349383
0.359254
0.354855
0.334212
0.341119
0.341060
0.344019
0.350277
0.332789
0.337052
0.329524
0.311655
0.305038
0.308738
0.300431
0.301446
0.306052
0.301029
0.293946
0.313217
0.311975
0.306586
0.309518
0.306586
0.306586
0.301061
0.309518
0.306586
0.305631
0.305631
0.306586
0.311503
0.311503
0.320227
0.290455
0.305837
0.300409
0.295083
0.317347
0.317347
0.323135
0.302325
0.311579
0.318871
0.307645
0.300264
0.288386
0.296891
0.312766
0.306528
0.277700
0.296891
0.292964
0.319291
0.289350
0.292964
0.298827
0.311120
0.315533
0.307494
0.285326
0.300450
0.300450
0.302065
0.298845
0.302065
0.299292
0.301117
0.291643
0.292086
0.293573
0.273241
0.258211
0.273573
0.255551
0.273241
0.273241
0.269207
0.269235
0.269207
0.253432
0.242236
0.231152
0.253432
0.254236
0.239875
0.247389
0.254236
0.238174
0.248760
0.242365
0.259725
0.233605
0.239875
0.232121
0.229147
0.240633
0.244314
0.259309
0.244314
0.245117
0.232099
0.226920
0.225026
0.222590
0.238527
0.230686
0.240619
0.245226
0.246202
0.250459
0.258482
0.267801
0.267801
0.266486
0.256485
0.267801
0.281212
0.259843
0.268067
0.250555
0.250555
0.265430
0.260751
0.256587
0.272448
0.258482
0.262513
0.258482
0.263739
0.261838
0.255913
0.304317
0.308490
0.310898
0.262513
0.261114
0.286311
0.278538
0.285478
0.289935
0.290386
0.246818
0.254472
0.259315
0.264451
0.276535
0.280913
0.278069
0.289395
0.304848
0.313604
0.306484
0.318007
0.328085
0.330436
0.332372
0.346143
0.344621
0.342278
0.351064
0.361929
0.349603
0.351064
0.363292
0.356947
0.370719
0.366023
0.367797
0.357903
0.356461
0.353786
0.346995
0.353152
0.356461
0.354432
0.349670
0.345991
0.355664
0.346212
0.342593
0.346212
0.343699
0.345991
0.339420
0.333682
0.336908
0.333682
0.320042
0.330528
0.333682
0.340128
0.328615
0.322299
0.337714
0.327151
0.311655
0.334212
0.318336
0.330528
0.328294
0.329494
0.328955
0.323136
0.326866
0.328615
0.333416
0.338664
0.333556
0.333416
0.349727
0.349603
0.324142
0.346143
0.364748
0.368039
0.381444
0.371599
0.356404
0.368171
0.368171
0.361929
0.357156
0.378131
0.356063
0.349603
0.358733
0.365443
0.362594
0.368116
0.370445
0.361007
0.370113
0.368039
0.374815
0.374820
0.374146
0.367188
0.374820
0.377877
0.374820
0.368171
0.374432
0.377877
0.391186
0.389208
0.402197
0.430544
0.386332
0.377834
0.372848
0.362613
0.367797
0.373822
0.376995
0.363600
0.352237
0.347475
0.342278
0.331215
0.349670
0.335312
0.335903
0.350613
0.360685
0.356606
0.361585
0.368028
0.368028
0.361276
0.354740
0.353127
0.334572
0.344667
0.320227
0.317612
0.322148
0.316482
0.308738
0.308391
0.323128
0.317641
0.332789
0.339898
0.328543
0.323495
0.336081
0.334148
0.340273
0.332980
0.333059
0.335072
0.335434
0.335051
0.328746
0.333048
0.320909
0.316111
0.320312
0.316111
0.312752
0.312752
0.283301
0.285143
0.292086
0.295718
0.289935
0.265543
0.261799
0.297442
0.261799
0.248482
0.254246
0.261114
0.272754
0.265002
0.258211
0.273573
0.265002
0.268431
0.264055
0.259004
0.273055
0.254236
0.253432
0.288908
0.280639
0.282416
0.251350
0.233416
0.268676
0.279561
0.276318
0.278815
0.270182
0.259952
0.254876
0.230970
0.224426
0.227905
0.231605
0.236024
0.222932
0.217681
0.229447
0.236635
0.227905
0.217733
0.212289
0.226359
0.256868
0.236024
0.230970
0.252773
0.234700
0.242402
0.270638
0.237340
0.266423
0.272448
