0.024288
0.024015
0.021924
0.022030
0.021729
0.021999
0.026561
0.024502
0.024057
0.025796
0.025687
0.024492
0.023385
0.023443
0.024302
0.025199
0.024458
0.025712
0.026578
0.027613
0.027973
0.028390
0.029323
0.029176
0.032296
0.030652
0.033003
0.032459
0.034690
0.035135
0.034708
0.034910
0.035363
0.034869
0.035525
0.033232
0.032871
0.034695
0.033475
0.033293
0.035540
0.034485
0.038178
0.038509
0.037291
0.034837
0.033500
0.032789
0.032684
0.033369
0.033740
0.033862
0.037804
0.039083
0.036971
0.035052
0.035073
0.037001
0.038242
0.040332
0.041043
0.039684
0.039619
0.040018
0.040693
0.040330
0.040216
0.041907
0.040568
0.039123
0.039128
0.038887
0.038436
0.038510
0.038189
0.037007
0.036014
0.036020
0.036355
0.036708
0.036877
0.036738
0.034499
0.034375
0.033855
0.034107
0.034364
0.034033
0.033414
0.036754
0.039183
0.035718
0.034719
0.037586
0.039430
0.037573
0.036861
0.033114
0.032643
0.033835
0.035108
0.036990
0.036469
0.035480
0.034195
0.034675
0.033758
0.033463
0.032757
0.033695
0.035583
0.035252
0.035321
0.043104
0.042405
0.038671
0.041485
0.040727
0.040922
0.039866
0.040482
0.042853
0.043339
0.042569
0.040046
0.038931
0.038016
0.037485
0.037466
0.038577
0.038835
0.040170
0.038935
0.038904
0.037201
0.036105
0.035240
0.034552
0.035161
0.035279
0.034543
0.035090
0.037382
0.042089
0.039730
0.037386
0.036246
0.036171
0.034792
0.035279
0.035308
0.037181
0.036011
0.035395
0.036579
0.036266
0.035166
0.037569
0.037060
0.036203
0.037060
0.035480
0.034640
0.034247
0.033935
0.033319
0.034935
0.033900
0.034949
0.040145
0.041944
0.044463
0.043946
0.043725
0.042150
0.041801
0.041720
0.041236
0.041137
0.040233
0.040613
0.040577
0.041053
0.041238
0.040616
0.040377
0.040719
0.040533
0.039399
0.040240
0.039437
0.038477
0.038780
0.038356
0.038264
0.037710
0.037122
0.037056
0.038286
0.037671
0.037697
0.038395
0.040621
0.040158
0.040667
0.041013
0.041365
0.040012
0.038264
0.038931
0.038651
0.038551
0.038184
0.037510
0.036652
0.037060
0.040555
0.039594
0.038907
0.039778
0.041263
0.040767
0.038713
0.038040
0.037531
0.037586
0.038345
0.036904
0.036754
0.035613
0.036432
0.036072
0.035899
0.035799
0.036473
0.036308
0.038657
0.039419
0.039183
0.038068
0.037804
0.040457
0.040621
0.040054
0.041470
0.041633
0.042542
0.042727
0.042356
0.040886
0.041539
0.040071
0.041133
0.042012
0.043207
0.042819
0.041026
0.040837
0.040864
0.040418
0.042173
0.042680
0.045023
0.047039
0.043628
0.042393
0.043971
0.044332
0.044385
0.044580
0.044667
0.045555
0.046755
0.047151
0.045802
0.046094
0.053183
0.053857
0.054966
0.055873
0.057163
0.056495
0.054136
0.051939
0.056052
0.055584
0.055631
0.054505
0.053569
0.053143
0.053351
0.052951
0.053203
0.055284
0.055178
0.060204
0.056104
0.060311
0.063559
0.065993
0.064001
0.066841
0.067968
0.069564
0.068052
0.067716
0.067781
0.066575
0.066197
0.065879
0.064900
0.064111
0.061510
0.061661
0.061499
0.055231
0.052805
0.054397
0.053434
0.053226
0.052759
0.053703
0.054101
0.056859
0.073186
0.079213
0.088780
0.089136
0.083721
0.082042
0.081464
0.078582
0.075383
0.074229
0.073906
0.071194
0.070432
0.070026
0.068638
0.067454
0.065952
0.065823
0.064821
0.063551
0.064744
0.064159
0.065449
0.063018
0.061075
0.053734
0.052547
0.056465
0.077966
0.087073
0.084528
0.071406
0.063018
0.060018
0.054960
0.053678
0.053920
0.053054
0.054101
0.054438
0.057098
0.056379
0.057981
0.056765
0.055312
0.056033
0.063723
0.068768
0.067551
0.070552
0.076328
0.074936
0.076177
0.071645
0.072995
0.070245
0.073456
0.072191
0.071612
0.070362
0.070425
0.074091
0.074150
0.078234
0.078340
0.079253
0.082198
0.079579
0.082448
0.086880
0.090288
0.087311
0.098014
0.095173
0.086389
0.085762
0.085290
0.085009
0.084884
0.084235
0.083070
0.082581
0.082581
0.083351
0.083858
0.084982
0.086450
0.085325
0.083948
0.083005
0.083286
0.083814
0.083898
0.082713
0.082208
0.082861
0.087449
0.087666
0.100675
0.104148
0.112624
0.125707
0.115172
0.109948
0.107966
0.107336
0.108488
0.110077
0.112573
0.106075
0.105394
0.103481
0.096935
0.095552
0.095428
0.103010
0.106027
0.105795
0.120627
0.131576
0.148493
0.184882
0.188980
0.224658
0.238502
0.212820
0.224245
0.193736
0.196298
0.192777
0.191919
0.191374
0.209397
0.205135
0.191841
0.220998
0.234964
0.227807
0.240356
0.236264
0.231064
0.236264
0.234481
0.244351
0.237368
0.232303
0.267118
0.400480
0.471182
0.354199
0.324634
0.313360
0.286594
0.260261
0.275173
0.275173
0.308670
0.282553
0.298600
0.337229
0.318483
0.318483
0.313320
0.372035
0.338463
0.353923
0.313912
0.282520
0.270560
0.263219
0.271100
0.275173
0.270560
0.257235
0.270524
0.282553
0.271067
0.260148
0.265293
0.252657
0.254661
0.252657
0.249064
0.244497
0.235386
0.236937
0.234354
0.225709
0.226817
0.209040
0.216621
0.220347
0.213477
0.218282
0.217794
0.217271
0.209291
0.181867
0.183665
0.177202
0.157920
0.170710
0.166206
0.158348
0.155034
0.155721
0.138723
0.146497
0.145780
0.150302
0.139204
0.131534
0.132947
0.126972
0.128511
0.127410
0.133807
0.135710
0.128902
0.127976
0.129867
0.131284
0.134812
0.137750
0.138678
0.135118
0.139920
0.148657
0.147386
0.143022
0.148558
0.152957
0.156990
0.157756
0.175313
0.169465
0.164331
0.156608
0.156637
0.165261
0.157670
0.159018
0.153558
0.158134
0.153558
0.160089
0.157365
0.165117
0.164936
0.163042
0.169598
0.158822
0.162682
0.157823
0.161707
0.160473
0.194086
0.188376
0.186520
0.179056
0.178091
0.185479
0.191755
0.195566
0.191257
0.154878
0.109749
0.110445
0.139775
0.196775
0.174887
0.173941
0.191303
0.187009
0.173731
0.170481
0.121362
0.115312
0.116111
0.141115
0.159847
0.151219
0.161226
0.172553
0.171980
0.180273
0.187439
0.185529
0.180880
0.170779
0.186642
0.190902
0.185186
0.184095
0.199179
0.205827
0.212215
0.207884
0.197063
0.197653
0.205728
0.190826
0.205751
0.205019
0.195249
0.190667
0.202255
0.187130
0.175826
0.167179
0.177421
0.180191
0.183376
0.186717
0.183059
0.191026
0.198344
0.193864
0.165376
0.118562
0.107507
0.113117
0.112859
0.117798
0.114837
0.111280
0.111157
0.113529
0.113726
0.120161
0.123934
0.125462
0.121807
0.127994
0.130939
0.134227
0.130988
0.134060
0.135812
0.162041
0.160396
0.162682
0.160875
0.157000
0.155862
0.147442
0.148495
0.151219
0.157000
0.159795
0.160967
0.154799
0.154034
0.159954
0.158724
0.158724
0.154034
0.147935
0.142859
0.132765
0.140909
0.134292
0.139529
0.135989
0.135621
0.140132
0.134434
0.136907
0.138257
0.133818
0.123547
0.112013
0.113374
0.115173
0.104018
0.106089
0.106666
0.105966
0.105886
0.106089
0.104697
0.105495
0.106115
0.105437
0.101081
0.103963
0.104699
0.104202
0.102422
0.103688
0.106938
0.109956
0.107749
0.107542
0.108153
0.108445
0.109539
0.113314
0.116851
0.117701
0.116955
0.119303
0.139689
0.132842
0.123934
0.129114
0.128955
0.125873
0.125462
0.123790
0.122532
0.126387
0.128825
0.128324
0.131429
0.130487
0.128852
0.134563
0.132560
0.135486
0.134290
0.133232
0.139566
0.139529
0.143308
0.145078
0.148654
0.146116
0.140909
0.124616
0.120660
0.118732
0.118107
0.115787
0.111072
0.112014
0.111025
0.110114
0.111578
0.112545
0.116322
0.116684
0.114693
0.114613
0.113346
0.112329
0.113726
0.116089
0.116089
0.124704
0.154264
0.153220
0.149553
0.151309
0.144789
0.143804
0.133191
0.140729
0.134071
0.133286
0.127855
0.140729
0.140549
0.140382
0.129786
0.121800
0.121037
0.127855
0.129988
0.128873
0.121860
0.123246
0.120991
0.123026
0.118272
0.118791
0.119315
0.123404
0.130988
0.125361
0.121111
0.122250
0.120189
0.121306
0.119315
0.124148
0.119315
0.123093
0.124461
0.121860
0.126156
0.124148
0.131000
0.129988
0.131333
0.119751
0.115387
0.114166
0.108246
0.108195
0.109620
0.107245
0.109985
0.107674
0.108027
0.108657
0.108681
0.107535
0.102454
0.101506
0.099241
0.100749
0.094732
0.096730
0.095423
0.096685
0.096313
0.096340
0.097082
0.096622
0.099018
0.097024
0.094372
0.095236
0.094714
0.095736
0.097471
0.099025
0.098369
0.099651
0.101880
0.101000
0.100209
0.101260
0.101312
0.103464
0.102644
0.105026
0.102694
0.103866
0.100972
0.100031
0.101880
0.099444
0.101760
0.102644
0.102000
0.101472
0.100669
0.101495
0.101981
0.101717
0.099145
0.098622
0.100031
0.102092
0.101981
0.100209
0.101760
0.099757
0.098267
0.096972
0.093634
0.095268
0.092788
0.094085
0.091404
0.090344
0.090936
0.090149
0.087255
0.087107
0.088561
0.089098
0.088137
0.087219
0.087386
0.086659
0.089001
0.088514
0.089185
0.088101
0.089574
0.088514
0.088420
0.088186
0.090390
0.090500
0.090522
0.091591
0.091554
0.093322
0.091966
0.091724
0.092139
0.092832
0.092010
0.092595
0.092586
0.092145
0.094375
0.095437
0.095007
0.095923
0.095276
0.094766
0.095045
0.095746
0.095281
0.093031
0.092822
0.093162
0.095166
0.093888
0.094574
0.094300
0.093571
0.092442
0.093044
0.090866
0.090344
0.090337
0.090792
0.091040
0.090672
0.089255
0.088920
0.089469
0.088831
0.089098
0.088650
0.089630
0.086946
0.087716
0.087174
0.086638
0.086279
0.086256
0.085934
0.085675
0.085713
0.085846
0.085982
0.085331
0.085285
0.084824
0.084010
0.082768
0.083152
0.083187
0.083454
0.084108
0.084336
0.085304
0.084926
0.084470
0.084539
0.083952
0.083854
0.083748
0.083056
0.082471
0.082272
0.082065
0.081502
0.081464
0.080598
0.080161
0.080769
0.080236
0.079328
0.079804
0.079351
0.079989
0.080087
0.080015
0.080529
0.080431
0.079041
0.077956
0.077842
0.078029
0.078456
0.078294
0.078631
0.078914
0.079134
0.078260
0.078518
0.077117
0.076368
0.076570
0.077294
0.077288
0.076901
0.077360
0.077759
0.077305
0.077272
0.076300
0.075940
0.076514
0.076223
0.076109
0.075586
0.076223
0.075922
0.075746
0.075519
0.075997
0.075337
0.075276
0.074825
0.074985
0.076908
0.075378
0.074926
0.076311
0.076097
0.075093
0.074672
0.074740
0.074445
0.074198
0.073774
0.073451
0.073677
0.073684
0.073479
0.072279
0.071485
0.071552
0.072391
0.072127
0.070997
0.070475
0.070240
0.071460
0.070441
0.070624
0.070449
0.071604
0.070362
0.070385
0.069954
0.069872
0.070061
0.071742
0.072238
0.072625
0.073617
0.073266
0.073354
0.072674
0.073266
0.072279
0.071688
0.072674
0.073121
0.072625
0.072658
0.072871
0.072330
0.072625
0.070739
0.072238
0.071689
0.072940
0.072181
0.073298
0.071820
0.071025
0.071172
0.070342
0.069255
0.067994
0.068915
0.068143
0.067924
0.065685
0.067510
0.066847
0.068948
0.067182
0.067136
0.066179
0.066917
0.068572
0.069342
0.069199
0.068819
0.069731
0.069564
0.068819
0.069894
0.069336
0.069137
0.067172
0.069950
0.070223
0.067922
0.069620
0.069433
0.068047
0.068564
0.065234
0.065411
0.065033
0.066677
0.066378
0.066366
0.066373
0.065587
0.066024
0.064347
0.063316
0.064718
0.063998
0.063803
0.060066
0.059656
0.061768
0.059668
0.061723
0.063489
0.063955
0.063425
0.061033
0.059501
0.058546
0.060387
0.057197
0.055892
0.054142
0.053328
0.052406
0.046494
0.046886
0.047966
0.049917
0.050145
0.050943
0.051221
0.051325
0.051852
0.052102
0.052543
0.052811
0.052015
0.052513
0.051972
0.052061
0.050771
0.050370
0.049698
0.048682
0.048856
0.050131
0.050056
0.048659
0.049022
0.049090
0.048184
0.046357
0.046043
0.045579
0.045636
0.045935
0.046562
0.046887
0.046321
0.046501
0.047610
0.047835
0.048034
0.049185
0.049461
0.048887
0.049846
0.049898
0.049370
0.048413
0.047303
0.046264
0.046201
0.045967
0.046406
0.047615
0.050346
0.050367
0.052711
0.052485
0.051621
0.051943
0.052474
0.053799
0.055378
0.054176
0.056495
0.055245
0.054794
0.055041
0.054079
0.056971
0.059134
0.056689
0.061351
0.064751
0.062779
0.064413
0.063984
0.063602
0.063702
0.064150
0.063684
0.064570
0.063947
0.063208
0.062502
0.063320
0.062229
0.061844
0.061830
0.062028
0.061215
0.062238
0.062606
0.062349
0.061921
0.060997
0.060658
0.059044
0.058111
0.058836
0.058686
0.056565
0.056246
0.055086
0.054326
0.059138
0.057046
0.057031
0.059499
0.058521
0.058371
0.058235
0.058235
0.058588
0.058182
0.058891
0.057639
0.056353
0.058082
0.057460
0.056966
0.058371
0.057460
0.059956
0.059499
0.057639
0.058819
0.059449
0.059174
0.060222
0.059956
0.058371
0.058187
0.058121
0.058436
0.057771
0.057771
0.059003
0.058819
0.059956
0.059473
0.058686
0.060667
0.061113
0.059972
0.061393
0.060667
0.061208
0.060892
0.061908
0.061743
0.060275
0.059224
0.059499
0.061208
0.060250
0.060957
0.061355
0.058891
0.061393
0.059983
0.057484
0.059465
0.060657
0.061579
0.060093
0.060536
0.060559
0.059554
0.058708
0.059134
0.059465
0.062070
0.062732
0.066969
0.066083
0.065209
0.065942
0.066632
0.066237
0.066657
0.066291
0.068071
0.067771
0.068414
0.067723
0.068987
0.068414
0.068813
0.069816
0.069388
0.068880
0.068813
0.068362
0.068118
0.068528
0.069121
0.070249
0.070510
0.069971
0.069971
0.071004
0.070517
0.071191
0.070441
0.070865
0.070700
0.067126
0.066945
0.067210
0.066415
0.065548
0.053313
0.047227
0.048990
0.048681
0.051062
0.052795
0.052822
0.052614
0.051704
0.053260
0.055919
0.053989
0.054187
0.055216
0.055926
0.056083
0.056478
0.057689
0.058019
0.058019
0.057363
0.057387
0.057091
0.057615
0.058709
0.057837
0.056959
0.055508
0.055944
0.054710
0.055806
0.056481
0.056564
0.054985
0.054778
0.054071
0.054017
0.054118
0.054232
0.054991
0.053718
0.053130
0.052010
0.052032
0.052393
0.051268
0.048622
0.049184
0.049584
0.050102
0.049184
0.048776
0.049024
0.048968
0.049695
0.051175
0.051290
0.050764
0.050764
0.050050
0.049184
0.048594
0.046891
0.046658
0.046387
0.047070
0.047240
0.046781
0.047019
0.047158
0.046948
0.048110
0.047739
0.047765
0.048396
0.048163
0.048560
0.050222
0.050242
0.051046
0.049494
0.049014
0.049371
0.050593
0.050164
0.050839
0.050128
0.050759
0.051972
0.051634
0.051663
0.052110
0.052007
0.052768
0.051887
0.052548
0.053595
0.053546
0.054024
0.053874
0.053140
0.053383
0.052884
0.053045
0.054129
0.053678
0.052793
0.052765
0.052396
0.050839
0.048852
0.051321
0.048818
0.049533
0.050140
0.050254
0.051931
0.051813
0.051464
0.049775
0.049873
0.051321
0.052893
0.048666
0.047954
0.047787
0.049808
0.048968
0.048569
0.050566
0.049753
0.050888
0.048666
0.050185
0.050185
0.048666
0.049775
0.047733
0.048688
0.049574
0.049639
0.050535
0.049840
0.049199
0.049955
0.049354
0.049468
0.049067
0.050241
0.051057
0.050082
0.051321
0.051681
0.050409
0.051126
0.049470
0.049815
0.049730
0.048978
0.048512
0.046420
0.046781
0.048063
0.046781
0.047274
0.047535
0.047595
0.047596
0.047470
0.047581
0.046145
0.045853
0.046410
0.046794
0.047053
0.047037
0.047417
0.046436
0.046266
0.046536
0.046436
0.046153
0.046418
0.046428
0.046089
0.046002
0.045648
0.045594
0.045665
0.045574
0.045026
0.044735
0.045558
0.045088
0.043421
0.044271
0.041671
0.040934
0.041872
0.040006
0.040694
0.041107
0.037370
0.037196
0.037318
0.036709
0.036882
0.037472
0.037896
0.037793
0.038258
0.037903
0.037863
0.038716
0.038944
0.038944
0.038985
0.039332
0.039563
0.039150
0.039680
0.039027
0.039213
0.038776
0.038214
0.038151
0.038047
0.038488
0.038424
0.038708
0.039090
0.038385
0.038732
0.039304
0.039422
0.038188
0.037925
0.036772
0.036954
0.037477
0.037124
0.037247
0.037398
0.036875
0.036745
0.036532
0.035026
0.034806
0.033721
0.034476
0.035939
0.036810
0.037248
0.034029
0.034157
0.034096
0.033142
0.030630
0.032770
0.032959
0.032749
0.033643
0.034004
0.036670
0.036351
0.036614
0.037692
0.036459
0.037413
0.036898
0.037038
0.037741
0.037576
0.037982
0.039910
0.038785
0.039306
0.038573
0.038023
0.037723
0.037661
0.037083
0.036703
0.037288
0.037288
0.035680
0.036921
0.037508
0.036859
0.036958
0.036846
0.036488
0.036329
0.035944
0.035426
0.034888
0.035013
0.034932
0.034033
0.032794
0.033578
0.033321
0.034066
0.033612
0.033321
0.033612
0.032484
0.032944
0.032959
0.032653
0.032855
0.033662
0.033588
0.033721
0.033970
0.034682
0.033833
0.035040
0.035503
0.035916
0.035039
0.035557
0.034543
0.034929
0.036877
0.035548
0.036479
0.036142
0.035102
0.036511
0.039677
0.038318
0.036338
0.035006
0.035153
0.035606
0.036224
0.035786
0.035735
0.038222
0.036704
0.039482
0.038930
0.037444
0.037814
0.039482
0.036930
0.036615
0.040161
0.037135
0.037389
0.037567
0.038665
0.038544
0.037607
0.038113
0.036452
0.036599
0.037070
0.037931
0.035851
0.036704
0.040192
0.036615
0.036959
0.037628
0.036852
0.039688
0.036585
0.039798
0.035829
0.039135
0.037070
0.040467
0.039176
0.037315
0.038163
0.039953
0.037169
0.036897
0.035245
0.034895
0.034161
0.035171
0.038367
0.036334
0.037761
0.035843
0.033942
0.034066
0.033992
0.032607
0.031905
0.033794
0.036930
0.034411
0.035669
0.035420
0.035227
0.035227
0.032774
0.034335
0.033817
0.034305
0.033230
0.035133
0.033442
0.033442
0.032915
0.036242
0.033391
0.035701
0.034284
0.034335
0.033484
0.031971
0.032381
0.033237
0.033253
0.031104
0.032186
0.034957
0.032248
0.035861
0.034828
0.032305
0.032987
0.035210
0.035762
0.032937
0.035762
0.032725
0.033999
0.035192
0.032511
0.032686
0.033407
0.031072
0.034807
0.036350
0.033902
0.032572
0.031709
0.033641
0.031709
0.035169
0.035498
0.032829
0.033619
0.034350
0.033407
0.033758
0.036071
0.034807
0.035210
0.033357
0.031882
0.034118
0.032797
0.033534
0.035524
0.032745
0.032752
0.032797
0.032976
0.032320
0.035128
0.032994
0.032901
0.033633
0.033862
0.033633
0.033587
0.030849
0.034621
0.034807
0.032937
0.032987
0.034500
0.036974
0.038241
0.037384
0.038040
0.037580
0.038040
0.037189
0.037052
0.037883
0.035864
0.037926
0.037355
0.038997
0.035272
0.039810
0.038192
0.038192
0.038821
0.038915
0.038427
0.039391
0.037513
0.038705
0.040056
0.038705
0.035227
0.036338
0.039102
0.037229
0.036169
0.037236
0.036963
0.038961
0.035944
0.034495
0.036164
0.033709
0.033099
0.034828
0.032650
0.033999
0.036350
0.035794
0.035874
0.035586
0.034775
0.034828
0.030150
0.029952
0.032208
0.031789
0.035498
0.034034
0.033633
0.034565
0.034386
0.033813
0.036180
0.036045
0.029921
0.030883
0.032063
0.032151
0.036438
0.031245
0.030107
0.031736
0.030172
0.028739
0.027328
0.034624
0.029969
0.030432
0.028785
0.029472
0.031315
0.030329
0.032073
0.035126
0.034200
0.034241
0.034243
0.031493
0.029296
0.027607
0.027918
0.027918
0.028286
0.028350
0.028868
0.032650
0.033050
0.031187
0.028815
0.031564
0.028026
0.029738
0.028820
0.026441
0.027245
0.030903
0.028316
0.026679
0.028494
0.027987
0.032120
0.031368
0.030141
0.030903
0.027888
0.028519
0.026960
0.027999
0.027516
0.025406
0.027356
0.025023
0.025311
0.026507
0.031034
0.027533
0.025312
0.025866
0.025106
0.027148
0.028839
0.025312
0.027514
0.024595
0.024780
0.026560
0.024977
0.029030
0.025865
0.024885
0.024647
0.029690
0.024885
0.024602
0.025387
0.025865
0.025936
0.029351
0.027397
0.027088
0.027906
0.027966
0.029388
0.032737
0.033169
0.028342
0.029380
0.027888
0.028107
0.027866
0.029457
0.030165
0.028978
0.031693
0.029023
0.031648
0.029754
0.031071
0.029856
0.029813
0.029989
0.031458
0.034500
0.032262
0.028911
0.029538
0.029083
0.030794
0.028475
0.030427
0.028026
0.033660
0.032236
0.030442
0.028505
0.029738
0.029538
0.033130
0.029034
0.029294
0.029247
0.031458
0.031566
0.030654
0.030052
0.030654
0.029965
0.029965
0.031566
0.030156
0.029826
0.029826
0.031622
0.026952
0.026201
0.023704
0.024785
0.024556
0.020308
0.021508
0.023504
0.022732
0.021748
0.026249
0.025095
0.026467
0.031249
0.028885
0.029555
0.025936
0.029003
0.030614
0.027884
0.030782
0.027322
0.031283
0.030700
0.031633
0.028608
0.030954
0.025221
0.022596
0.023106
0.024180
0.029378
0.029696
0.026853
0.023664
0.021964
0.024286
0.024390
0.026756
0.022228
0.024736
0.023069
0.022786
0.020217
0.022190
0.021295
0.023837
0.021449
0.021431
0.023403
0.023143
0.022989
0.025775
0.024413
0.024464
0.026591
0.028029
0.026732
0.029762
0.024682
0.024717
0.021346
0.022454
0.021501
0.023127
0.023730
0.024049
0.024413
0.025502
0.025880
0.026794
0.026432
0.023739
0.025092
0.026249
0.028090
0.025717
0.031274
0.032206
0.031865
0.033987
0.030374
0.032798
0.033229
0.034812
0.032929
0.032329
0.033427
0.035290
0.032995
0.029538
0.030366
0.022569
0.019604
0.017328
0.017410
0.018858
0.022266
0.025480
0.023127
0.031847
0.035587
0.032499
0.028567
0.030015
0.030923
0.030048
0.031918
0.031867
0.032641
0.030954
0.030954
0.031482
0.029903
0.032428
0.034111
0.031902
0.032923
0.031926
0.030366
0.026733
0.026410
0.031134
0.024494
0.027726
0.029030
0.026965
0.026679
0.029518
0.028814
0.030371
0.030923
0.031316
0.030465
0.031980
0.032067
0.030400
0.025542
0.029389
0.029145
0.029820
0.031715
0.030988
0.038657
0.032403
0.031781
0.031405
0.032302
0.022852
0.024018
0.024315
0.021672
0.024198
0.025464
0.028933
0.027867
0.027796
0.029408
0.027744
0.025512
0.026193
0.026305
0.023552
0.026528
0.027831
0.027471
0.026057
0.028611
0.028611
0.028793
0.027178
0.029909
0.029238
0.029891
0.035721
0.033243
0.033155
0.031578
0.030728
0.031651
0.031651
0.030728
0.033503
0.030505
0.024898
0.028766
0.024898
0.028988
0.030358
0.034479
0.028736
0.030358
0.028961
0.030655
0.031493
0.030930
0.029569
0.031493
0.031101
0.034005
0.030515
0.029236
0.028793
0.031453
0.032963
0.030263
0.030092
0.031493
0.030226
0.034005
0.032872
0.029268
0.028872
0.032292
0.032076
0.034098
0.028395
0.032076
0.028659
0.028169
0.031992
0.028181
0.027968
0.033019
0.033184
0.034216
0.028945
0.029932
0.028306
0.028306
0.031992
0.030558
0.027853
0.026036
0.026317
0.025680
0.027340
0.028106
0.028212
0.026247
0.026573
0.026247
0.027798
0.026639
0.028125
0.026948
0.025942
0.027152
0.026071
0.026675
0.030036
0.026948
0.025679
0.023605
0.027851
0.024223
0.024315
0.026409
0.024971
0.027222
0.026314
0.025431
0.027238
0.026314
0.028260
0.027414
0.027558
0.025784
0.028788
0.026734
0.029515
0.024848
0.027727
0.030670
0.025531
0.028427
0.033553
0.031306
0.026923
0.031431
0.027706
0.030477
0.027479
0.027064
0.026305
0.029771
0.031026
0.025608
0.024428
0.026246
0.026061
0.024386
0.028077
0.026246
0.025742
0.025551
0.026078
0.023866
0.023831
0.024959
0.029102
0.026409
0.028272
0.023465
0.023441
0.028880
0.024138
0.021703
0.022548
0.023219
0.023139
0.022055
0.025227
0.024427
0.023345
0.025798
0.026804
0.027732
0.029595
0.025169
0.029684
0.024498
0.028499
0.023291
0.022340
0.019206
0.023674
0.025637
0.019708
0.018613
0.019761
0.019761
0.024052
0.024913
0.031230
0.033111
0.031049
0.027557
0.024668
0.022652
0.023847
0.027254
0.024624
0.028080
0.022181
0.025595
0.025570
0.023504
0.026487
0.023450
0.023302
0.023045
0.026908
0.020568
0.022236
0.023677
0.022946
0.019525
0.023100
0.021213
0.020340
0.025724
0.021023
0.022354
0.029695
0.023503
0.027098
0.026224
0.023859
0.025846
0.026784
0.022790
0.022125
0.024214
0.025982
0.017833
0.020023
0.027232
0.021428
0.022726
0.020641
0.025406
0.023494
0.026286
0.027254
0.025429
0.024483
0.025429
0.023604
0.021505
0.023520
0.024670
0.021082
0.026376
0.026422
0.024820
0.029967
0.027640
0.026650
0.023915
0.025825
0.026816
0.027159
0.027123
0.031682
0.028288
0.026431
0.023743
0.030052
0.029074
0.025579
0.029207
0.028485
0.028633
0.029321
0.032632
0.029414
0.027454
0.028541
0.029529
0.028700
0.029477
0.026868
0.024995
0.026041
0.026036
0.026161
0.026161
0.027797
0.027454
0.022749
0.027215
0.028368
0.027342
0.029294
0.032595
0.033368
0.023687
0.027176
0.031352
0.029899
0.031634
0.029152
0.029942
0.029861
0.030035
0.021350
0.021801
0.022092
0.020906
0.030831
0.032210
0.027209
0.027157
0.023699
0.021147
0.023075
0.025579
0.023743
0.024387
0.022000
0.022379
0.026623
0.024015
0.022937
0.022198
0.024737
0.024820
0.030217
0.027926
0.025090
0.028454
0.025981
0.025270
0.025270
0.031050
0.026967
0.028815
0.020037
0.019591
0.024655
0.026410
0.026584
0.028454
0.026855
0.022354
0.026552
0.023859
0.028454
0.030748
0.021373
0.021208
0.023447
0.021290
0.020096
0.016278
0.012028
0.017751
0.019530
0.020546
0.020079
0.020879
0.020879
0.024216
0.021622
0.020332
0.025652
0.022834
0.020769
0.019656
0.025603
0.019602
0.021231
0.020208
0.022993
0.023222
0.022463
0.022229
0.021116
0.025085
0.022244
0.021056
0.022883
0.023611
0.020936
0.022883
0.022129
0.021009
0.021206
0.022931
0.022993
0.023162
0.020447
0.021231
0.023330
0.020662
0.024031
0.019847
0.020033
0.024933
0.024061
0.023905
0.020278
0.025099
0.022244
0.023162
0.022512
0.028244
0.025988
0.027127
0.027880
0.029029
0.027978
0.027387
0.024551
0.028048
0.025845
0.027567
0.025533
0.021243
0.023833
0.026438
0.025743
0.028048
0.025612
0.026222
0.022941
0.026465
0.024449
0.027387
0.027457
0.025914
0.025743
0.028668
0.024789
0.027047
0.028052
0.025743
0.028996
0.026867
0.027966
0.026563
0.028996
0.026566
0.027955
0.029748
0.028686
0.026294
0.025241
0.028539
0.021008
0.026286
0.021706
0.027708
0.023365
0.021216
0.020955
0.025384
0.023579
0.028237
0.025384
0.025513
0.026698
0.027320
0.029762
0.029964
0.028745
0.026272
0.024287
0.027708
0.029098
0.025914
0.029911
0.027752
0.026224
0.029545
0.029356
0.030852
0.030015
0.028759
0.026566
0.025776
0.027567
0.029325
0.028088
0.032438
0.031930
0.031995
0.028433
0.029975
0.029939
0.031314
0.032087
0.029810
0.027426
0.030736
0.027426
0.031738
0.029590
0.023639
0.027159
0.028563
0.027483
0.031245
0.033385
0.031314
0.030715
0.032139
0.031508
0.030883
0.031930
0.031496
0.028826
0.027629
0.030320
0.025156
0.027813
0.026912
0.030132
0.028668
0.027308
0.026117
0.028830
0.029310
0.030442
0.030392
0.030797
0.030731
0.029465
0.031754
0.031754
0.030379
0.028996
0.029748
0.028563
0.032227
0.028345
0.029325
0.029903
0.030593
0.029812
0.027497
0.032106
0.032941
0.033205
0.033090
0.031843
0.032612
0.032645
0.029748
0.028539
0.028742
0.027131
0.032201
0.033961
0.032106
0.030891
0.030823
0.030891
0.029545
0.031201
0.033057
0.030415
0.030433
0.030732
0.029903
0.031449
0.029936
0.033401
0.032356
0.031754
0.031299
0.029084
0.028325
0.028933
0.028535
0.028839
0.032201
0.029499
0.029812
0.028185
0.029687
0.032624
0.032201
0.031883
0.031232
0.030105
0.029413
0.027854
0.024121
0.032156
0.023147
0.013284
0.020150
0.025215
0.026280
0.024445
0.026743
0.027397
0.023371
0.031570
0.028984
0.030425
0.027870
0.030457
0.029014
0.029743
0.032693
0.029049
0.030477
0.033443
0.031128
0.031749
0.032389
0.030592
0.032575
0.031816
0.031206
0.031948
0.033160
0.033785
0.030934
0.028483
0.027950
0.031727
0.031948
0.031976
0.031482
0.032631
0.031727
0.032338
0.030526
0.032853
0.031742
0.030661
0.029873
0.029141
0.033763
0.026862
0.029766
0.029696
0.027778
0.010899
0.018094
0.024996
0.026677
0.025091
0.019035
0.017826
0.022734
0.023747
0.029067
0.024268
0.023515
0.015391
0.029322
0.029579
0.029579
0.030943
0.029701
0.031649
0.027534
0.030053
0.032775
0.033859
0.030325
0.032589
0.031941
0.030900
0.030794
0.030216
0.030272
0.031957
0.031999
0.032684
0.031009
0.032097
0.034094
0.034519
0.032778
0.032814
0.031763
0.031060
0.031110
0.029860
0.032078
0.033086
0.031060
0.034083
0.033117
0.034409
0.033692
0.033710
0.034072
0.032743
0.033225
0.032177
0.034519
0.034607
0.033327
0.033365
0.033268
0.033260
0.035158
0.034320
0.031985
0.033162
0.033260
0.033886
0.031144
0.032816
0.033862
0.033875
0.035434
0.033365
0.032279
0.031917
0.031985
0.031852
0.029294
0.033117
0.029073
0.031620
0.029806
0.032208
0.030056
0.032880
0.032916
0.033530
0.033567
0.031849
0.032382
0.035462
0.026427
0.030730
0.030323
0.030211
0.027917
0.030115
0.030854
0.032126
0.032633
0.031668
0.030690
0.030057
0.032022
0.032191
0.031797
0.030150
0.032674
0.030999
0.033871
0.033801
0.030115
0.032532
0.033391
0.033712
0.033185
0.035864
0.033825
0.033680
0.033940
0.033887
0.034041
0.034039
0.034230
0.033606
0.038084
0.038225
0.037355
0.037357
0.035914
0.037910
0.034719
0.036698
0.036698
0.036813
0.034853
0.035969
0.032963
0.026161
0.033792
0.035655
0.035752
0.036674
0.036813
0.034495
0.034037
0.034386
0.033969
0.034541
0.033256
0.033278
0.032502
0.032767
0.032982
0.032329
0.034719
0.036071
0.032652
0.033130
0.031930
0.031949
0.033799
0.034270
0.034963
0.033030
0.035102
0.032364
0.034225
0.035392
0.035486
0.035719
0.029994
0.034390
0.034759
0.033589
0.030181
0.031124
0.031538
0.031123
0.034855
0.033965
0.032779
0.033966
0.033729
0.034158
0.038321
0.036705
0.035738
0.032790
0.033172
0.035966
0.036383
0.037314
0.034949
0.035038
0.036407
0.036407
0.033589
0.034424
0.034914
0.035307
0.034390
0.034136
0.035102
0.032981
0.033026
0.034285
0.033882
0.034440
0.037459
0.035120
0.036495
0.036201
0.035964
0.031579
0.035694
0.034918
0.033038
0.034158
0.036241
0.037286
0.035652
0.037379
0.037471
0.036625
0.036184
0.038113
0.038116
0.033932
0.036330
0.035050
0.038244
0.037286
0.038113
0.040420
0.036810
0.038071
0.037397
0.039382
0.036705
0.038116
0.037490
0.041407
0.036622
0.039379
0.041470
0.039497
0.039494
0.038190
0.039249
0.037366
0.036205
0.036751
0.039379
0.036723
0.036622
0.038276
0.039042
0.037309
0.036781
0.038321
0.036453
0.037795
0.038598
0.038529
0.037629
0.038994
0.042566
0.040674
0.037795
0.037010
0.039681
0.039878
0.041667
0.041103
0.038092
0.037431
0.039878
0.039628
0.040147
0.040807
0.043906
0.038652
0.040807
0.039218
0.039515
0.039218
0.039628
0.042402
0.040807
0.041832
0.039771
0.040621
0.041407
0.040545
0.040581
0.037529
0.044052
0.039382
0.042231
0.039367
0.042186
0.045176
0.045450
0.041539
0.041434
0.041434
0.042402
0.041578
0.045590
0.045663
0.042402
0.041809
0.044381
0.043887
0.040853
0.042310
0.042448
0.043465
0.043697
0.043465
0.045421
0.042402
0.044316
0.047941
0.040663
0.044178
0.044316
0.048942
0.043719
0.044549
0.046960
0.044549
0.045663
0.047983
0.041103
0.042402
0.042591
0.043719
0.036270
0.037899
0.042787
0.049066
0.044682
0.041636
0.043245
0.041543
0.033246
0.036259
0.038228
0.038198
0.047164
0.046177
0.040869
0.040088
0.043845
0.043906
0.040960
0.036966
0.040630
0.044852
0.045892
0.042328
0.037194
0.041462
0.042145
0.042056
0.044600
0.044492
0.039475
0.042263
0.043454
0.043455
0.044891
0.044882
0.045940
0.040694
0.045952
0.045048
0.041857
0.042630
0.043690
0.047097
0.038043
0.037511
0.047645
0.042145
0.043224
0.049007
0.039883
0.043552
0.044820
0.049129
0.048430
0.042053
0.044492
0.043322
0.046762
0.045855
0.045563
0.048867
0.046821
0.048347
0.046898
0.047038
0.044937
0.046864
0.045770
0.043211
0.044777
0.043211
0.046679
0.045777
0.040380
0.048867
0.047449
0.048033
0.047435
0.046551
0.044492
0.046686
0.048186
0.045563
0.049055
0.045702
0.046551
0.047490
0.049617
0.050126
0.049010
0.047905
0.049024
0.046386
0.048980
0.047861
0.049580
0.048973
0.049580
0.048537
0.050238
0.050328
0.049405
0.050454
0.050724
0.048730
0.050807
0.052663
0.058990
0.054083
0.058787
0.052577
0.054831
0.051584
0.051975
0.051872
0.050563
0.052348
0.052013
0.056642
0.059912
0.056678
0.057988
0.062946
0.059824
0.054625
0.054831
0.054779
0.059912
0.058041
0.057988
0.057988
0.057928
0.059912
0.054831
0.057842
0.054831
0.053221
0.054787
0.056487
0.053015
0.062754
0.057779
0.062754
0.059626
0.056310
0.053049
0.051479
0.054576
0.054470
0.053289
0.051364
0.053508
0.051065
0.053432
0.052923
0.054315
0.053420
0.051986
0.057884
0.055874
0.053155
0.064156
0.053094
0.061319
0.060912
0.058787
0.063937
0.067239
0.057626
0.063937
0.058990
0.060912
0.061163
0.066884
0.060722
0.058757
0.060711
0.060912
0.063947
0.074596
0.067090
0.063738
0.074379
0.060687
0.070775
0.060722
0.070571
0.074379
0.066704
0.063738
0.070502
0.058754
0.063738
0.063709
0.066447
0.063407
0.066431
0.086074
0.073719
0.070248
0.066431
0.060507
0.073887
0.060142
0.058346
0.070083
0.079323
0.060455
0.070123
0.066216
0.063135
0.079081
0.073627
0.060255
0.066392
0.079341
0.085766
0.060142
0.066392
0.070132
0.070132
0.066447
0.086074
0.098229
0.086222
0.074140
0.098867
0.086498
0.067239
0.056300
0.064476
0.086954
0.067519
0.086954
0.074890
0.080315
0.080225
0.086881
0.074788
0.109347
0.067563
0.080535
0.067671
0.125266
0.109515
0.080457
0.080433
0.080368
0.071298
0.125045
0.071298
0.109559
0.087133
0.067563
0.109577
0.071368
0.071489
0.087265
0.109700
0.109943
0.087311
0.099605
0.075536
0.142065
0.087311
0.109700
0.075360
0.087770
0.110025
0.080901
0.193051
0.125519
0.087628
0.110043
0.099947
0.099947
0.075798
0.110381
0.125945
0.142446
0.099930
0.087894
0.125945
0.142532
0.125887
0.176110
0.175912
0.099775
0.142156
0.142091
0.142032
0.099453
0.099431
0.142032
0.192748
0.087303
0.087484
0.087460
0.087311
0.075203
0.235551
0.087665
0.060394
0.068324
0.056026
0.058018
0.081851
0.065847
0.061077
0.068806
0.088500
0.100711
0.072890
0.081986
0.066350
0.076902
0.082280
0.069287
0.076766
0.101369
0.077612
0.070103
0.061879
0.070103
0.067617
0.078204
0.102456
0.074906
0.083782
0.078537
0.074895
0.070555
0.078658
0.065364
0.078763
0.078537
0.078890
0.071719
0.079245
0.069144
0.079245
0.084762
0.105676
0.079106
0.078140
0.069361
0.094598
0.117194
0.149510
0.088349
0.132352
0.116864
0.116864
0.082468
0.115837
0.082113
0.078140
0.093442
0.075239
0.087632
0.088564
0.078355
0.116085
0.117063
0.088829
0.089140
0.149933
0.149510
0.200543
0.107652
0.089587
0.095956
0.108275
0.096423
0.134321
0.118148
0.118313
0.150364
0.089301
0.095766
0.133415
0.133299
0.095367
0.133979
0.084373
0.096682
0.109009
0.097072
0.066680
0.083487
0.110673
0.092968
0.099215
0.121209
0.092724
0.099533
0.121873
0.137175
0.099215
0.136842
0.136580
0.121541
0.080048
0.112345
0.121873
0.153739
0.153739
0.083870
0.110879
0.099140
0.111626
0.093210
0.137431
0.099761
0.111626
0.111626
0.099533
0.099533
0.093210
0.188004
0.099533
0.122592
0.099761
0.154397
0.073987
0.122968
0.088956
0.112974
0.094410
0.113536
0.101416
0.094941
0.101416
0.082313
0.078905
0.078905
0.089077
0.085212
0.089624
0.094941
0.101537
0.081690
0.089016
0.072190
0.085481
0.094289
0.084927
0.071574
0.069247
0.073718
0.094289
0.072415
0.075912
0.076536
0.069293
0.072537
0.078844
0.081406
0.075552
0.076505
0.078753
0.075851
0.075552
0.072415
0.081614
0.078469
0.077537
0.068344
0.072483
0.068823
0.070585
0.070540
0.068823
0.070585
0.065992
0.067061
0.076213
0.067706
0.065318
0.066047
0.066222
0.072563
0.067486
0.067486
0.063908
0.064667
0.067206
0.067206
0.067206
0.063530
0.065827
0.062861
0.064274
0.068467
0.065013
0.064179
0.062858
0.061408
0.064822
0.064822
0.062917
0.062917
0.062554
0.063310
0.062842
0.061562
0.060467
0.061550
0.060738
0.059011
0.059036
0.058019
0.057530
0.055912
0.060068
0.055900
0.053617
0.053807
0.057338
0.057202
0.059827
0.055811
0.046290
0.052252
0.050422
0.051946
0.052345
0.052668
0.054420
0.052638
0.049045
0.048881
0.048692
0.047349
0.047146
0.048692
0.042838
0.047119
0.042999
0.045076
0.043290
0.044035
0.044689
0.043210
0.046687
0.041455
0.042955
0.041455
0.050080
0.047860
0.044023
0.038875
0.042433
0.040565
0.042083
0.043934
0.045032
0.042999
0.047119
0.043698
0.046777
0.044023
0.047625
0.045532
0.043481
0.038738
0.037233
0.038017
0.042567
0.040056
0.034893
0.028431
0.027596
0.025866
0.025182
0.006328
0.011915
0.011806
0.016239
0.016228
0.018171
0.014802
0.014163
0.015467
0.013779
0.015524
0.016254
0.016254
0.017273
0.014834
0.018169
0.014247
0.012715
0.015528
0.013405
0.014838
0.013713
0.016260
0.013363
0.013736
0.013017
0.012745
0.010622
0.011383
0.011874
0.011847
0.012356
0.009375
0.007271
0.012404
0.011363
0.010649
0.014313
0.011393
0.006502
0.006318
0.006256
0.006112
0.005853
0.005798
0.006043
0.005772
0.005766
0.005636
0.005818
0.005896
0.005911
0.005848
0.006075
0.005899
0.005917
0.005899
0.006107
0.005627
0.005730
0.005036
0.005028
0.005085
0.004877
0.004648
0.003291
0.003375
0.003630
0.003081
0.002408
0.003565
0.002959
0.003326
0.004249
0.003353
0.002093
0.002039
0.001722
0.001584
0.001580
0.001584
0.001704
0.001421
0.001287
0.001424
0.000883
0.001017
0.000152
0.000170
0.000229
0.000222
0.000439
0.000152
0.000285
0.000285
0.000496
0.000168
0.000181
0.000228
0.000274
0.000273
0.000304
0.000248
0.000215
0.000396
0.000218
0.000338
0.000183
0.000081
0.000102
0.000162
0.000000
0.000249
0.000150
0.000062
0.000118
0.000119
0.000076
0.000349
0.000421
0.000354
0.000516
0.000562
0.000411
0.000573
0.000552
0.000459
0.000475
0.000442
0.000595
0.000594
0.000505
0.000619
0.000817
0.000845
0.000752
0.000836
0.000785
0.000964
0.000918
0.001037
0.000943
0.000820
0.000853
0.000869
0.000691
0.000627
0.000531
0.000579
0.000509
0.000691
0.000726
0.000480
0.000529
0.000530
0.000528
0.000591
0.000587
0.000696
0.000579
0.000640
0.000721
0.000834
0.000591
0.000629
0.000785
0.000955
0.000638
0.000706
0.000720
0.000838
0.000909
0.001000
0.001121
0.001030
0.000849
0.001195
0.001212
0.001226
0.001200
0.000999
0.001120
0.001118
0.001040
0.001023
0.001227
0.001155
0.001229
0.001304
0.001335
0.001439
0.001431
0.001336
0.001409
0.001421
0.001489
0.001491
0.001495
0.001592
0.001634
0.001614
0.001607
0.001637
0.001640
0.001629
0.001805
0.001649
0.001603
0.001634
0.001670
0.001681
0.001724
0.001735
0.001634
0.001717
0.001623
0.001524
0.001754
0.001672
0.001696
0.001845
0.001708
0.001711
0.001711
0.001708
0.001982
0.001833
0.001850
0.001941
0.001941
0.001997
0.001927
0.001775
0.001783
0.002006
0.001845
0.001898
0.002096
0.001996
0.002163
0.001962
0.002174
0.002141
0.002491
0.002409
0.002472
0.002581
0.002652
0.002939
0.002853
0.002302
0.002578
0.002398
0.002879
0.003693
0.004720
0.005568
0.005590
0.004708
0.004733
0.004365
0.004512
0.004558
0.004065
0.004629
0.004384
0.004599
0.004365
0.004279
0.005413
0.005148
0.005622
0.005320
0.005426
0.005448
0.005318
0.005553
0.005531
0.005776
0.005793
0.005768
0.006039
0.006287
0.006121
0.005988
0.006443
0.006692
0.006733
0.006445
0.006484
0.006484
0.008248
0.008139
0.007764
0.007599
0.007632
0.007455
0.007933
0.007608
0.007533
0.007608
0.008146
0.008248
0.008351
0.008960
0.008849
0.008849
0.008942
0.009028
0.009037
0.009172
0.009476
0.009537
0.009312
0.009709
0.009644
0.009646
0.009923
0.009583
0.009741
0.009937
0.009953
0.009716
0.009921
0.009892
0.009953
0.009938
0.010288
0.009834
0.009706
0.009690
0.009853
0.009813
0.009982
0.010027
0.009737
0.009873
0.010182
0.009913
0.010027
0.010069
0.010258
0.010104
0.009856
0.009461
0.009998
0.010381
0.010422
0.010372
0.010108
0.010108
0.010182
0.010184
0.009516
0.008963
0.008893
0.009578
0.009489
0.008628
0.008905
0.008996
0.008761
0.007907
0.007955
0.008291
0.008263
0.008085
0.008055
0.008131
0.007978
0.007664
0.007664
0.007293
0.007550
0.007359
0.006932
0.006931
0.007042
0.006787
0.005894
0.006122
0.006223
0.006268
0.006148
0.005971
0.005971
0.005971
0.005626
0.006008
0.005306
0.005496
0.005018
0.005377
0.005212
0.004893
0.005377
0.005757
0.005776
0.004283
0.006563
0.003951
0.004542
0.004489
0.004306
0.004607
0.004395
0.004283
0.003883
0.004395
0.004306
0.004830
0.004372
0.004080
0.004293
0.003951
0.004319
0.004245
0.003913
0.004296
0.004494
0.004550
0.004157
0.005148
0.004549
0.004522
0.004538
0.005189
0.003801
0.003770
0.003350
0.003373
0.004293
0.003834
0.003792
0.002882
0.003285
0.002766
0.004260
0.003655
0.003733
0.002506
0.002453
0.002633
0.002761
0.003102
0.002923
0.003021
0.002667
0.002361
0.002994
0.002540
0.001307
0.002960
0.001629
0.002433
0.002614
0.002640
0.001307
0.002496
0.002864
0.001918
0.001302
0.001168
0.001456
0.001423
0.001327
0.002614
0.001327
0.001911
0.002503
0.001584
0.001196
0.001447
0.003119
0.002381
0.002425
0.001489
0.002725
0.002070
0.002192
0.002253
0.002174
0.000650
0.000918
0.001958
0.001415
0.002586
0.001893
0.001818
0.002554
0.002424
0.004093
0.002882
0.002761
0.002498
0.002744
0.003032
0.003248
0.003305
0.003765
0.003577
0.004096
0.003443
0.003538
0.003605
0.004467
0.004239
0.004175
0.003444
0.004263
0.004601
0.004166
0.003373
0.003978
0.003453
0.003855
0.003840
0.003955
0.004391
0.003838
0.003817
0.004283
0.004808
0.004293
0.004395
0.004395
0.004427
0.004489
0.004395
0.004391
0.004550
0.004593
0.004245
0.005811
0.004798
0.004391
0.004394
0.004830
0.005811
0.004812
0.005415
0.006276
0.005229
0.005103
0.004783
0.005134
0.005562
0.005362
0.005696
0.005470
0.005015
0.004943
0.005154
0.005929
0.005950
0.005776
0.005950
0.005919
0.006002
0.005757
0.006344
0.005829
0.005979
0.005979
0.005131
0.005743
0.005776
0.005894
0.006394
0.006594
0.006148
0.005696
0.006223
0.005377
0.005757
0.004826
0.005049
0.005079
0.005015
0.005289
0.005288
0.005266
0.004793
0.004347
0.003659
0.003515
0.003500
0.003515
0.003577
0.003420
0.003350
0.003492
0.003864
0.003695
0.004135
0.003157
0.003350
0.003817
0.004399
0.003272
0.003757
0.003366
0.002912
0.002882
0.002647
0.002417
0.003123
0.003280
0.002633
0.002841
0.001572
0.001196
0.001327
0.001707
0.002459
0.001880
0.002386
0.002554
0.001680
0.001707
0.001301
0.001606
0.001903
0.002370
0.002201
0.002109
0.002403
0.002363
0.002380
0.002297
0.002381
0.002453
0.002361
0.002476
0.001967
0.003742
0.002074
0.002130
0.002143
0.001606
0.001703
0.002146
0.002146
0.002076
0.002380
0.002306
0.002381
0.002146
0.002361
0.002488
0.002476
0.002912
0.002882
0.003526
0.003152
0.003152
0.001826
0.002889
0.002724
0.001329
0.002160
0.001667
0.002740
0.003556
0.002481
0.001562
0.002640
0.002381
0.001562
0.003155
0.002867
0.002688
0.002918
0.001873
0.002192
0.002074
0.002220
0.002321
0.001827
0.002301
0.002503
0.002541
0.002515
0.002325
0.002689
0.002223
0.001958
0.002301
0.002311
0.002276
0.002429
0.002044
0.002341
0.001971
0.001916
0.002129
0.002776
0.002341
0.002100
0.001958
0.001991
0.001981
0.002611
0.002327
0.002067
0.002109
0.001923
0.002253
0.002282
0.002249
0.002284
0.001996
0.002239
0.002181
0.002047
0.002221
0.002126
0.002469
0.002480
0.002538
0.002063
0.002061
0.002197
0.002239
0.002375
0.002269
0.002223
0.002268
0.002126
0.002340
0.002195
0.002208
0.002273
0.002221
0.002550
0.002897
0.002883
0.002951
0.003460
0.003482
0.003918
0.003869
0.003880
0.003513
0.003867
0.003734
0.003840
0.004068
0.003810
0.003594
0.003679
0.003388
0.003875
0.003868
0.003732
0.004167
0.004124
0.003845
0.004311
0.003524
0.003515
0.003197
0.003181
0.003124
0.002821
0.002929
0.002821
0.002942
0.003117
0.003227
0.003140
0.003478
0.003735
0.003663
0.004435
0.005252
0.004743
0.004129
0.004202
0.004217
0.003471
0.003559
0.003559
0.004104
0.004094
0.004311
0.004277
0.003927
0.003844
0.003636
0.004401
0.003799
0.003721
0.004347
0.003721
0.003446
0.003534
0.003667
0.003944
0.003667
0.003551
0.003403
0.005279
0.005933
0.004944
0.004062
0.004815
0.004611
0.004549
0.004861
0.004372
0.004062
0.004062
0.004722
0.004050
0.004272
0.004514
0.004323
0.004600
0.004806
0.005566
0.004434
0.004546
0.005245
0.005620
0.005415
0.005245
0.004824
0.004649
0.005081
0.005081
0.005079
0.005330
0.006138
0.005518
0.005426
0.005634
0.005866
0.006190
0.007167
0.006541
0.005827
0.006974
0.006945
0.006827
0.006667
0.006401
0.006127
0.006240
0.007330
0.006251
0.006572
0.006281
0.006769
0.006769
0.007364
0.005909
0.007282
0.007054
0.006721
0.007877
0.008552
0.008454
0.008202
0.008231
0.008380
0.008990
0.008894
0.009155
0.009145
0.009023
0.009577
0.009438
0.009527
0.009771
0.009871
0.011429
0.009964
0.010071
0.009775
0.009319
0.009313
0.009043
0.009467
0.009285
0.009058
0.009059
0.008879
0.009318
0.009256
0.009185
0.009003
0.009328
0.009038
0.009336
0.009199
0.009306
0.009220
0.008957
0.009334
0.009337
0.009223
0.009362
0.009032
0.009512
0.009717
0.009124
0.009273
0.009308
0.009265
0.009339
0.009539
0.009781
0.009167
0.009653
0.009484
0.009474
0.009652
0.010103
0.009829
0.009037
0.009498
0.009425
0.009178
0.009299
0.009235
0.008993
0.010411
0.009855
0.009513
0.009526
0.009209
0.009489
0.009317
0.009586
0.009663
0.009724
0.009754
0.009522
0.008994
0.009458
0.009490
0.009135
0.009102
0.009334
0.010075
0.009704
0.009709
0.009853
0.009896
0.009982
0.009433
0.009589
0.009841
0.009816
0.009535
0.009511
0.009489
0.009393
0.009102
0.008926
0.009021
0.009199
0.010209
0.010025
0.009598
0.009908
0.010578
0.010034
0.009735
0.010111
0.009884
0.009677
0.009969
0.009580
0.009508
0.009441
0.009519
0.009947
0.010306
0.009945
0.009882
0.009853
0.009662
0.009725
0.010023
0.009929
0.009860
0.009484
0.009866
0.009704
0.009562
0.009923
0.009772
0.009662
0.009562
0.009647
0.010055
0.010364
0.010390
0.010231
0.010086
0.010074
0.010269
0.010373
0.010339
0.010023
0.010558
0.010507
0.010245
0.010409
0.010171
0.010104
0.010270
0.010672
0.010299
0.010470
0.010641
0.010617
0.010507
0.010531
0.010608
0.010637
0.010981
0.010638
0.010503
0.010884
0.010507
0.010914
0.010746
0.010525
0.010932
0.010891
0.011619
0.011250
0.010962
0.011193
0.010883
0.011197
0.010927
0.010926
0.010894
0.010719
0.010814
0.010782
0.010755
0.011074
0.010565
0.010644
0.010947
0.011708
0.012407
0.012567
0.012615
0.013387
0.013679
0.013925
0.014150
0.014709
0.014525
0.014629
0.014477
0.015064
0.015127
0.015471
0.015643
0.015363
0.015359
0.015363
0.015251
0.015363
0.015903
0.016512
0.017253
0.017426
0.017485
0.017570
0.017948
0.019504
0.018698
0.018626
0.017799
0.018638
0.018933
0.019500
0.019309
0.020718
0.020091
0.020091
0.019409
0.021647
0.020723
0.019309
0.020419
0.021044
0.020091
0.019341
0.019648
0.019697
0.019697
0.019949
0.020771
0.021048
0.018849
0.020322
0.020216
0.021809
0.020859
0.021599
0.021227
0.021175
0.021436
0.021680
0.022475
0.021827
0.020485
0.021175
0.021827
0.021497
0.020680
0.021827
0.022083
0.022221
0.021899
0.020395
0.020771
0.020916
0.021497
0.021227
0.020853
0.020005
0.020614
0.019486
0.020853
0.020293
0.020430
0.019018
0.019244
0.020212
0.020103
0.018933
0.018165
0.018238
0.017748
0.017657
0.017903
0.018369
0.019177
0.019066
0.018340
0.018369
0.017560
0.017916
0.018106
0.017906
0.018126
0.017906
0.019103
0.019111
0.018581
0.018671
0.018801
0.018841
0.018808
0.019274
0.019084
0.020370
0.020350
0.020487
0.020958
0.023442
0.023524
0.023640
0.025747
0.025749
0.025367
0.025002
0.026097
0.025798
0.025565
0.026434
0.025367
0.025600
0.025598
0.025566
0.025985
0.025834
0.026269
0.027160
0.026957
0.027443
0.027359
0.028851
0.029575
0.029783
0.029792
0.030830
0.030543
0.029506
0.029406
0.030863
0.030839
0.030745
0.030231
0.031186
0.032102
0.031260
0.030830
0.031514
0.030498
0.030441
0.031260
0.032029
0.033075
0.032463
0.032945
0.032605
0.033937
0.033098
0.033608
0.033390
0.033098
0.033514
0.033303
0.033123
0.034158
0.033732
0.033076
0.033238
0.033420
0.033036
0.033361
0.032957
0.033805
0.034038
0.034215
0.033123
0.033977
0.033420
0.033238
0.030100
0.029547
0.028360
0.028729
0.030241
0.030412
0.030433
0.030653
0.030744
0.032514
0.032696
0.032574
0.031505
0.031166
0.031961
0.032222
0.031098
0.031719
0.031203
0.032045
0.030527
0.030955
0.031806
0.031863
0.031528
0.031700
0.031098
0.028425
0.029204
0.029764
0.029187
0.027776
0.026967
0.026239
0.024984
0.025382
0.025230
0.025934
0.025604
0.025230
0.025486
0.025672
0.026537
0.026163
0.025407
0.025492
0.025808
0.025492
0.026205
0.026849
0.026724
0.026434
0.025926
0.026724
0.026849
0.026247
0.026163
0.027918
0.029149
0.029045
0.028149
0.028759
0.028380
0.027457
0.027850
0.028060
0.027321
0.026958
0.027508
0.027746
0.028879
0.028173
0.029274
0.029245
0.029960
0.031182
0.030703
0.029826
0.028867
0.028350
0.028038
0.028324
0.028466
0.026764
0.026519
0.026839
0.023308
0.022129
0.021284
0.021807
0.022498
0.021468
0.021131
0.021419
0.020993
0.021324
0.021535
0.021613
0.021451
0.021442
0.021719
0.021640
0.021899
0.021944
0.022634
0.022975
0.023221
0.022995
0.022414
0.022520
0.022346
0.022520
0.022701
0.023025
0.022923
0.022775
0.023258
0.023274
0.023258
0.023617
0.023357
0.024344
0.025413
0.026945
0.028336
0.027423
0.028211
0.030281
0.029160
0.026362
0.025319
0.024737
0.024547
0.023941
0.023667
0.023469
0.024383
0.026501
0.025989
0.024856
0.024053
0.024404
0.023967
0.024446
0.028601
0.031874
0.031423
0.028283
0.026435
0.028674
0.027854
0.027841
0.030432
0.029146
0.029041
0.027941
0.028354
0.028360
0.027920
0.027732
0.028028
0.028354
0.027839
0.028412
0.029058
0.030270
0.030477
0.030083
0.031577
0.031501
0.031172
0.032121
0.032344
0.033113
0.032779
0.033281
0.034078
0.033678
0.033236
0.033153
0.034078
0.033978
0.034762
0.034020
0.034207
0.034234
0.034020
0.033956
0.035434
0.035099
0.035935
0.035431
0.034716
0.034586
0.034620
0.034868
0.034558
0.034379
0.034708
0.034397
0.034503
0.035127
0.037339
0.037903
0.038452
0.038363
0.038684
0.038613
0.039115
0.039240
0.039762
0.039961
0.039689
0.040085
0.040407
0.040012
0.040297
0.040101
0.039921
0.039795
0.039705
0.039563
0.039669
0.039507
0.040404
0.039364
0.039865
0.040674
0.040836
0.040801
0.040962
0.040656
0.040440
0.040295
0.039936
0.039434
0.039488
0.039811
0.039756
0.039613
0.040170
0.040133
0.039721
0.040044
0.040134
0.039936
0.039990
0.040909
0.040765
0.040818
0.040458
0.040441
0.040657
0.040350
0.040478
0.040279
0.040136
0.040496
0.040785
0.040676
0.040082
0.040426
0.040335
0.040227
0.040300
0.040317
0.040516
0.040912
0.041326
0.041759
0.041685
0.041613
0.041414
0.042268
0.042302
0.041902
0.042102
0.042538
0.042575
0.042283
0.043435
0.043012
0.043249
0.042884
0.042429
0.042375
0.042793
0.042593
0.042957
0.043562
0.042738
0.043104
0.042702
0.042812
0.043579
0.043322
0.043579
0.043983
0.043890
0.043615
0.043304
0.043488
0.043927
0.043542
0.043615
0.043633
0.043506
0.044128
0.043286
0.044110
0.043707
0.043305
0.046639
0.045032
0.044996
0.044939
0.044294
0.045124
0.048440
0.044846
0.044514
0.044166
0.044312
0.044882
0.044828
0.045215
0.046987
0.047061
0.046217
0.045418
0.045215
0.044864
0.045885
0.045215
0.045920
0.044919
0.047015
0.045455
0.046802
0.047403
0.048801
0.048857
0.047875
0.046327
0.046066
0.047172
0.046310
0.048783
0.059048
0.052194
0.062538
0.073985
0.062612
0.056259
0.055408
0.055575
0.054125
0.052585
0.050956
0.050901
0.049173
0.055724
0.058765
0.055326
0.052790
0.056575
0.055083
0.054952
0.063153
0.053855
0.054461
0.061538
0.061538
0.070162
0.057864
0.058821
0.054554
0.070068
0.057024
0.056378
0.059008
0.063695
0.084893
0.090614
0.113533
0.115988
0.117806
0.124219
0.105668
0.121605
0.105932
0.105518
0.101164
0.119234
0.130370
0.120045
0.105913
0.096493
0.119234
0.117505
0.121756
0.117712
0.126217
0.121643
0.113194
0.126085
0.140307
0.133694
0.124295
0.128827
0.122228
0.131068
0.126481
0.131144
0.129074
0.120196
0.137347
0.131068
0.131333
0.144261
0.129206
0.138164
0.141273
0.144851
0.144699
0.141121
0.131428
0.131580
0.120480
0.134527
0.144489
0.134679
0.127182
0.134888
0.137840
0.141655
0.137878
0.129377
0.141635
0.138336
0.141769
0.127677
0.129853
0.150220
0.145769
0.139064
0.135902
0.135691
0.142133
0.145309
0.150278
0.130102
0.141922
0.132592
0.141979
0.165890
0.145482
0.150565
0.130312
0.177302
0.156486
0.150910
0.146116
0.166870
0.166870
0.151392
0.189872
0.167063
0.157450
0.157624
0.136751
0.157276
0.167063
0.200300
0.156909
0.157005
0.189119
0.142651
0.156717
0.177571
0.188869
0.177667
0.258880
0.241226
0.212590
0.157915
0.157701
0.200474
0.178478
0.146811
0.190143
0.241439
0.178652
0.167179
0.157044
0.166774
0.166774
0.189872
0.158090
0.212901
0.168150
0.190630
0.179041
0.167897
0.167878
0.179138
0.190727
0.213115
0.320516
0.190825
0.201252
0.168326
0.147803
0.226615
0.201389
0.213428
0.168424
0.276386
0.276228
0.169345
0.214173
0.191883
0.153436
0.160169
0.153672
0.191706
0.180647
0.214667
0.180647
0.179763
0.144845
0.159046
0.276465
0.142732
0.170572
0.170572
0.203638
0.154817
0.159557
0.169345
0.181240
0.181161
0.202272
0.192753
0.153259
0.148194
0.191706
0.202272
0.153730
0.141803
0.144962
0.227183
0.201702
0.191392
0.202272
0.192673
0.169050
0.180647
0.159813
0.159990
0.145909
0.154382
0.149179
0.155334
0.193528
0.161002
0.142514
0.149475
0.159990
0.169523
0.142079
0.154382
0.159990
0.170493
0.160485
0.149179
0.137301
0.170911
0.244850
0.151631
0.163029
0.148301
0.156798
0.161961
0.171410
0.217644
0.183641
0.144023
0.194168
0.143663
0.155753
0.144304
0.194812
0.141423
0.156919
0.205060
0.151631
0.217342
0.157162
0.156395
0.141161
0.150968
0.150428
0.156315
0.162323
0.161681
0.150688
0.161681
0.171771
0.156798
0.171912
0.156315
0.183359
0.162706
0.138362
0.161961
0.141121
0.162182
0.171270
0.161401
0.150488
0.143663
0.151028
0.205302
0.162323
0.156798
0.205060
0.172962
0.163394
0.163455
0.173083
0.157546
0.145674
0.195600
0.173246
0.163557
0.173347
0.173388
0.184553
0.158136
0.173612
0.153049
0.173510
0.184533
0.152805
0.173837
0.164046
0.218599
0.173775
0.206844
0.232167
0.207808
0.185370
0.158545
0.153315
0.164189
0.149944
0.153478
0.185227
0.219479
0.296972
0.175047
0.164865
0.185534
0.185370
0.153621
0.138898
0.219294
0.150517
0.197214
0.232967
0.197214
0.164865
0.175047
0.174492
0.158873
0.185780
0.165091
0.154443
0.186048
0.154114
0.159263
0.147554
0.151547
0.165669
0.155541
0.166229
0.187519
0.160338
0.155250
0.154897
0.155042
0.166229
0.155042
0.165566
0.175233
0.175274
0.159799
0.186937
0.186792
0.187519
0.160858
0.176625
0.187207
0.186937
0.198579
0.209196
0.166000
0.148380
0.155250
0.166146
0.148380
0.186937
0.148733
0.160858
0.155832
0.152377
0.149379
0.210241
0.177148
0.177043
0.167524
0.188482
0.188335
0.167482
0.153171
0.176939
0.167083
0.167083
0.156313
0.161443
0.167230
0.176708
0.166916
0.187874
0.284832
0.318209
0.167944
0.210431
0.162305
0.270084
0.177864
0.329986
0.188735
0.177927
0.177779
0.177569
0.167734
0.188735
0.188566
0.150386
0.345453
0.285001
0.211275
0.178011
0.270550
0.211127
0.223295
0.251967
0.211127
0.236683
0.236513
0.251967
0.236831
0.252306
0.300427
0.252412
0.237299
0.300725
0.252561
0.300938
0.223762
0.212189
0.201672
0.253030
0.237534
0.163364
0.189984
0.211891
0.211784
0.252859
0.212082
0.324733
0.358906
0.301365
0.272001
0.212767
0.377744
0.159557
0.179885
0.253394
0.224466
0.169748
0.202121
0.325204
0.271637
0.286555
0.212767
0.179992
0.320445
0.378088
0.347440
0.332693
0.325612
0.225260
0.191460
0.213153
0.272410
0.359872
0.287394
0.347828
0.239123
0.287480
0.287567
0.203260
0.254297
0.287631
0.192195
0.272928
0.302830
0.302765
0.302635
0.405409
0.360564
0.435314
0.360629
0.396902
0.303111
0.327194
0.406389
0.226820
0.255621
0.226820
0.303830
0.182115
0.193064
0.192737
0.204170
0.204083
0.165901
0.192542
0.165857
0.192607
0.255664
0.214712
0.204345
0.193064
0.240384
0.181918
0.214821
0.304136
0.215520
0.240931
0.256409
0.215411
0.289571
0.241151
0.256827
0.241151
0.256959
0.241569
0.173328
0.172954
0.205659
0.240931
0.227695
0.256761
0.216048
0.205483
0.193940
0.242566
0.276150
0.229198
0.194733
0.183720
0.183366
0.216268
0.167036
0.166817
0.240646
0.173020
0.194512
0.228400
0.206233
0.216644
0.183720
0.206965
0.242566
0.229442
0.207054
0.195132
0.206632
0.217154
0.228687
0.257445
0.206632
0.257800
0.257956
0.206410
0.206366
0.242078
0.217020
0.216865
0.229665
0.306680
0.243391
0.243212
0.291898
0.218046
0.196045
0.276774
0.217844
0.276707
0.258557
0.364529
0.277288
0.243481
0.337572
0.259005
0.383275
0.230404
0.325760
0.383635
0.259409
0.244719
0.245263
0.209802
0.219623
0.186518
0.176336
0.176066
0.196762
0.197032
0.208195
0.208263
0.230718
0.230718
0.259590
0.218719
0.259635
0.196762
0.243930
0.293361
0.231305
0.208533
0.278256
0.197416
0.339039
0.278958
0.293951
0.232008
0.245173
0.219827
0.209188
0.176607
0.197665
0.231667
0.244855
0.209007
0.354191
0.308981
0.309140
0.279322
0.354373
0.470385
0.427883
0.403049
0.339813
0.411906
0.459439
0.502147
0.279779
0.261406
0.279847
0.280031
0.428891
0.246497
0.233036
0.232921
0.246222
0.232807
0.385975
0.210831
0.355449
0.368466
0.280835
0.200135
0.295532
0.246819
0.221358
0.188228
0.178544
0.280628
0.262601
0.233910
0.233610
0.233449
0.233380
0.262278
0.247003
0.233610
0.296017
0.341630
0.200413
0.234118
0.234095
0.173702
0.189428
0.189358
0.234443
0.296457
0.234512
0.247906
0.222652
0.248092
0.296666
0.165997
0.189822
0.189822
0.263551
0.263691
0.263737
0.330590
0.223538
0.312375
0.180652
0.174655
0.201343
0.190195
0.212799
0.248534
0.235374
0.264111
0.343217
0.249026
0.223961
0.213572
0.213642
0.201974
0.201974
0.181308
0.190850
0.181074
0.181027
0.181826
0.181826
0.175968
0.167307
0.160488
0.180956
0.312939
0.249754
0.224573
0.202798
0.202515
0.265191
0.191603
0.191297
0.213548
0.214420
0.203034
0.203105
0.344230
0.250345
0.265877
0.203318
0.176535
0.337654
0.182631
0.266138
0.237449
0.182892
0.192670
0.182631
0.171771
0.225307
0.192574
0.182988
0.183083
0.203865
0.171889
0.192908
0.226285
0.238284
0.215608
0.204414
0.193698
0.169897
0.193290
0.193410
0.286816
0.195243
0.161555
0.179266
0.159171
0.174143
0.166502
0.163072
0.178782
0.194107
0.184714
0.184618
0.170378
0.178976
0.194444
0.193938
0.163025
0.184618
0.184040
0.163025
0.162857
0.177773
0.183393
0.169490
0.193698
0.178013
0.173347
0.178373
0.184980
0.167177
0.166382
0.163072
0.172485
0.183393
0.193290
0.217752
0.217995
0.195902
0.195828
0.175042
0.185733
0.287423
0.206222
0.167806
0.164470
0.171031
0.185344
0.206416
0.253707
0.269195
0.493974
0.303952
0.255178
0.176242
0.175996
0.168952
0.168879
0.165516
0.162285
0.171932
0.168415
0.186050
0.240701
0.180605
0.218679
0.254735
0.207565
0.180703
0.180850
0.169198
0.176095
0.176785
0.166622
0.169518
0.169518
0.169370
0.196637
0.176538
0.163217
0.172765
0.187129
0.172912
0.187573
0.176958
0.170085
0.196982
0.167314
0.167066
0.163561
0.230472
0.177206
0.272006
0.183053
0.168160
0.182605
0.174075
0.167314
0.209844
0.168160
0.167936
0.168310
0.167811
0.164427
0.164750
0.167388
0.174423
0.182406
0.174075
0.155782
0.174199
0.167562
0.162312
0.164601
0.168310
0.171528
0.165400
0.161428
0.163711
0.159079
0.163561
0.165550
0.161077
0.168636
0.183805
0.175625
0.222233
0.166987
0.176105
0.166481
0.176181
0.165051
0.158902
0.167368
0.160669
0.170048
0.158165
0.167241
0.158165
0.149431
0.164265
0.164468
0.161830
0.162260
0.162310
0.159506
0.161705
0.155300
0.159657
0.172710
0.166481
0.160036
0.162032
0.162032
0.200610
0.234167
0.163046
0.173826
0.158902
0.157409
0.174311
0.165790
0.174235
0.147754
0.166071
0.168313
0.157179
0.161484
0.159182
0.156872
0.161050
0.173928
0.161280
0.191951
0.260284
0.166302
0.168776
0.164324
0.174850
0.153936
0.164222
0.166611
0.186832
0.168879
0.192825
0.178760
0.160363
0.156162
0.169680
0.169550
0.167411
0.158749
0.160802
0.162950
0.158283
0.160440
0.160544
0.158516
0.156342
0.169835
0.169939
0.165357
0.167618
0.173156
0.154167
0.169054
0.170905
0.160104
0.170538
0.150543
0.161659
0.150752
0.141820
0.150308
0.153252
0.153226
0.165877
0.155409
0.149892
0.155409
0.159242
0.145551
0.159763
0.155982
0.166608
0.157980
0.158111
0.167212
0.160445
0.164853
0.164984
0.153931
0.150883
0.146570
0.154509
0.174674
0.157058
0.216524
0.175096
0.165829
0.172115
0.165776
0.147624
0.147518
0.112466
0.112360
0.108873
0.137958
0.121093
0.161077
0.182030
0.168216
0.147916
0.166015
0.159799
0.159958
0.190811
0.158542
0.156125
0.160145
0.164614
0.157466
0.153424
0.127893
0.143876
0.164454
0.133790
0.148261
0.148181
0.133736
0.128106
0.159238
0.149115
0.139498
0.168780
0.145994
0.154418
0.166499
0.134431
0.165472
0.162187
0.165904
0.157143
0.124760
0.159149
0.154634
0.128641
0.134324
0.128990
0.188968
0.169922
0.159231
0.163383
0.150706
0.135346
0.129205
0.140490
0.128748
0.134485
0.136214
0.135509
0.155338
0.146672
0.123597
0.135185
0.129502
0.149787
0.113982
0.139765
0.149276
0.150543
0.129826
0.124191
0.150380
0.155040
0.155338
0.157709
0.134969
0.146916
0.141273
0.151440
0.131130
0.137142
0.125933
0.116742
0.109861
0.116496
0.136786
0.113169
0.125686
0.156539
0.148176
0.138215
0.143267
0.143488
0.143267
0.114073
0.121907
0.126043
0.114239
0.117372
0.107249
0.143378
0.138215
0.153841
0.134034
0.124490
0.128931
0.140222
0.128931
0.144597
0.110609
0.112373
0.114819
0.138603
0.107689
0.117896
0.128035
0.123707
0.123484
0.133114
0.133727
0.123567
0.126703
0.111455
0.126814
0.122762
0.119062
0.122956
0.138603
0.139550
0.124686
0.129128
0.145407
0.139830
0.119062
0.118007
0.128342
0.145407
0.133114
0.127756
0.133114
0.133643
0.122956
0.115319
0.133058
0.124378
0.135046
0.135046
0.134961
0.146364
0.120803
0.130032
0.125731
0.141351
0.111159
0.117308
0.120549
0.125533
0.117026
0.114309
0.117308
0.129353
0.113857
0.156086
0.130401
0.141635
0.136123
0.135867
0.135668
0.121768
0.136322
0.130857
0.130486
0.126413
0.126299
0.157110
0.142462
0.136837
0.131057
0.136579
0.113454
0.112099
0.142434
0.122483
0.142692
0.115963
0.114026
0.142778
0.173583
0.128338
0.149800
0.132959
0.120660
0.113422
0.116942
0.123751
0.132350
0.119936
0.114918
0.127876
0.120254
0.138480
0.110057
0.111200
0.110178
0.111811
0.111724
0.116106
0.123058
0.154096
0.158317
0.148701
0.127530
0.119561
0.163886
0.167694
0.172079
0.129736
0.159711
0.164236
0.155053
0.159419
0.139236
0.164529
0.125238
0.133745
0.113260
0.144628
0.113056
0.133308
0.150441
0.187868
0.164969
0.160531
0.151379
0.130088
0.130117
0.116809
0.125032
0.114642
0.174956
0.279185
0.162486
0.170840
0.120941
0.146418
0.172963
0.151496
0.125796
0.151526
0.140557
0.162009
0.141119
0.140675
0.169613
0.169941
0.157969
0.152710
0.135482
0.165942
0.157315
0.126298
0.130677
0.126002
0.140675
0.134979
0.161683
0.147278
0.173229
0.166714
0.131387
0.141119
0.127308
0.163175
0.163025
0.158716
0.142581
0.121510
0.136763
0.132341
0.142102
0.136494
0.153276
0.158417
0.136973
0.345483
0.200060
0.182591
0.140906
0.143969
0.159348
0.154266
0.180742
0.154357
0.176017
0.175437
0.145680
0.148926
0.117199
0.163506
0.168697
0.149172
0.143352
0.177128
0.115910
0.118627
0.121862
0.163207
0.164301
0.127954
0.159970
0.159121
0.156040
0.163462
0.140285
0.171446
0.137802
0.239597
0.211013
0.198503
0.175742
0.167854
0.162089
0.157623
0.149428
0.200050
0.184658
0.201060
0.198399
0.214666
0.205328
0.167870
0.157839
0.139586
0.138909
0.140643
0.173202
0.149648
0.139866
0.169174
0.162788
0.169174
0.167428
0.183462
0.155334
0.159793
0.159068
0.153799
0.156226
0.146752
0.145042
0.140628
0.151193
0.143719
0.148105
0.143393
0.138211
0.149687
0.141508
0.152327
0.141933
0.147295
0.159068
0.191361
0.165447
0.158283
0.164935
0.151258
0.162019
0.169202
0.156198
0.150330
0.156423
0.147337
0.147531
0.157362
0.166669
0.173498
0.189218
0.162307
0.174997
0.159472
0.162238
0.151089
0.152357
0.154146
0.165894
0.158283
0.163976
0.153495
0.158588
0.171294
0.158588
0.224768
0.238230
0.240775
0.195355
0.186279
0.183470
0.183634
0.180471
0.198360
0.173170
0.172301
0.184074
0.164616
0.163499
0.169202
0.166215
0.179329
0.161361
0.152309
0.157623
0.156931
0.150790
0.147337
0.157749
0.153383
0.166669
0.144990
0.147445
0.157180
0.149910
0.145757
0.155590
0.151359
0.146185
0.148475
0.151089
0.140080
0.141821
0.139286
0.136661
0.143523
0.141739
0.136838
0.149454
0.134205
0.134205
0.136782
0.158957
0.143241
0.149765
0.144151
0.144956
0.150352
0.148231
0.145120
0.190949
0.148338
0.152627
0.144258
0.142049
0.142540
0.136838
0.135687
0.139286
0.139286
0.132090
0.136838
0.148338
0.160477
0.141005
0.135169
0.139383
0.141005
0.144956
0.145707
0.136782
0.155322
0.146508
0.184614
0.152092
0.187874
0.171356
0.177764
0.162025
0.162788
0.176902
0.196875
0.199533
0.200851
0.175087
0.181331
0.171038
0.178534
0.164795
0.169885
0.174926
0.158588
0.152309
0.152382
0.156931
0.164070
0.161206
0.156423
0.169885
0.175683
0.170943
0.171038
0.156931
0.151812
0.156724
0.152309
0.163339
0.156468
0.147337
0.159068
0.149910
0.155590
0.141933
0.143918
0.134515
0.145924
0.148475
0.135100
0.138615
0.144956
0.135123
0.129098
0.139860
0.127972
0.145495
0.132866
0.135754
0.143352
0.132385
0.126830
0.132037
0.129876
0.134460
0.134778
0.135766
0.123269
0.144489
0.127954
0.133831
0.141113
0.136212
0.153591
0.165919
0.180171
0.168159
0.133526
0.198033
0.195613
0.154187
0.136984
0.166302
0.135291
0.130237
0.131294
0.133953
0.129689
0.128375
0.134421
0.133575
0.131530
0.143726
0.128371
0.136212
0.126283
0.132037
0.132385
0.147983
0.193331
0.188352
0.150586
0.156899
0.144956
0.151850
0.150352
0.152627
0.156098
0.141739
0.150352
0.151049
0.169592
0.146508
0.136170
0.127539
0.134072
0.146434
0.128849
0.135105
0.134778
0.124593
0.137941
0.125727
0.133203
0.126633
0.129604
0.125541
0.128980
0.158340
0.152507
0.146700
0.137130
0.123716
0.147509
0.136510
0.124245
0.135861
0.131063
0.116945
0.144913
0.130388
0.129565
0.125759
0.129839
0.160469
0.130510
0.150688
0.138573
0.133846
0.138361
0.122385
0.149319
0.133967
0.154961
0.137846
0.137846
0.138088
0.155538
0.166278
0.166648
0.139703
0.144913
0.144577
0.139000
0.134331
0.160530
0.134727
0.134331
0.129565
0.156271
0.162369
0.181397
0.206010
0.192457
0.181167
0.188048
0.206688
0.176762
0.190562
0.169617
0.168159
0.182307
0.191749
0.182608
0.180171
0.156951
0.158309
0.158309
0.155710
0.172342
0.207135
0.189482
0.192686
0.170204
0.168159
0.146634
0.174236
0.158309
0.180947
0.171935
0.201962
0.207392
0.217956
0.183788
0.150372
0.153163
0.152327
0.153614
0.157556
0.184955
0.177456
0.158962
0.154187
0.174312
0.165041
0.167817
0.189512
0.217406
0.371065
0.262906
0.200424
0.243676
0.226362
0.220810
0.211027
0.197937
0.211013
0.217129
0.245840
0.225443
0.218459
0.225783
0.220449
0.214090
0.219480
0.230635
0.238658
0.240490
0.240490
0.252951
0.254059
0.260212
0.267004
0.223022
0.246222
0.243178
0.258289
0.232837
0.244336
0.247126
0.268800
0.218447
0.238187
0.248341
0.218916
0.187325
0.192710
0.188655
0.189042
0.187931
0.180959
0.203727
0.216503
0.197249
0.191932
0.209099
0.205410
0.191361
0.181642
0.191361
0.201692
0.219480
0.194319
0.208055
0.195042
0.208055
0.211854
0.212037
0.228001
0.187931
0.207723
0.201317
0.215882
0.203727
0.198399
0.198360
0.189958
0.183467
0.187089
0.198778
0.186633
0.198778
0.192976
0.189958
0.186446
0.176367
0.195042
0.173627
0.188347
0.191192
0.181514
0.181331
0.162641
0.173378
0.183298
0.178534
0.159939
0.179753
0.170250
0.161554
0.172370
0.162788
0.176151
0.164901
0.169174
0.167428
0.194378
0.177102
0.184064
0.150494
0.149542
0.146508
0.134662
0.154624
0.180689
0.180689
0.154187
0.165041
0.154187
0.185817
0.175697
0.137802
0.173841
0.205929
0.230275
0.229514
0.203494
0.208770
0.186072
0.175572
0.149439
0.177764
0.207392
0.176174
0.209579
0.186949
0.190109
0.181126
0.200618
0.198660
0.188981
0.202176
0.220374
0.232092
0.254056
0.245048
0.248350
0.240490
0.219921
0.233101
0.233504
0.233504
0.225783
0.205505
0.214090
0.197937
0.208055
0.225307
0.211854
0.212037
0.236227
0.209335
0.179621
0.208055
0.175817
0.198987
0.199078
0.186530
0.207100
0.192113
0.184658
0.223776
0.248485
0.224158
0.262284
0.260442
0.232837
0.237593
0.236516
0.244155
0.243178
0.248341
0.253946
0.229487
0.206410
0.223747
0.223747
0.232837
0.229920
0.217074
0.199188
0.203727
0.200328
0.217538
0.235944
0.229487
0.243152
0.287766
0.299250
0.252071
0.244354
0.223240
0.236749
0.251306
0.214295
0.202708
0.194928
0.218916
0.206090
0.194728
0.182530
0.185479
0.181357
0.185906
0.204461
0.172301
0.201812
0.198778
0.217129
0.205055
0.177350
0.211854
0.195160
0.221504
0.229679
0.214161
0.195355
0.208553
0.200328
0.191974
0.198182
0.225646
0.240909
0.210927
0.203727
0.222894
0.283408
0.280447
0.284866
0.256541
0.269883
0.279153
0.258447
0.257833
0.243004
0.246731
0.247191
0.233593
0.227164
0.220118
0.223747
0.218447
0.221569
0.242889
0.244336
0.231910
0.258117
0.251247
0.251749
0.220582
0.256885
0.240082
0.227265
0.245079
0.228760
0.245079
0.237437
0.231809
0.210780
0.218447
0.218447
0.218447
0.209182
0.210233
0.223747
0.212200
0.210927
0.198213
0.195006
0.201656
0.186810
0.205251
0.191474
0.186597
0.188221
0.197777
0.191118
0.186890
0.188446
0.185712
0.208553
0.183500
0.184544
0.211553
0.203274
0.199188
0.235012
0.221803
0.206145
0.237593
0.231141
0.218628
0.225185
0.238614
0.244354
0.245079
0.217328
0.230211
0.222445
0.216444
0.232834
0.207418
0.207545
0.224785
0.236231
0.260780
0.236467
0.222655
0.230211
0.225909
0.217328
0.244354
0.240740
0.221803
0.236467
0.217690
0.228655
0.220466
0.218628
0.207532
0.210304
0.227164
0.217690
0.209831
0.212287
0.219288
0.222661
0.228760
0.248192
0.248916
0.255259
0.220617
0.245075
0.236972
0.242543
0.234899
0.234899
0.240353
0.239162
0.247932
0.230921
0.244325
0.254290
0.244325
0.239010
0.240353
0.247932
0.228160
0.233582
0.237576
0.240353
0.230921
0.225781
0.245738
0.258520
0.227312
0.225470
0.233165
0.227265
0.227164
0.217690
0.225185
0.215585
0.236368
0.241778
0.209831
0.213008
0.209831
0.210913
0.220118
0.210913
0.220118
0.203340
0.203486
0.207660
0.215416
0.221569
0.209640
0.201986
0.223747
0.206386
0.198639
0.196544
0.207590
0.201656
0.195538
0.213430
0.195006
0.191118
0.198213
0.198032
0.202708
0.206386
0.207545
0.193278
0.196544
0.190419
0.192710
0.196410
0.211930
0.222682
0.192710
0.197777
0.197777
0.196410
0.187554
0.192710
0.190643
0.203727
0.200328
0.202708
0.192787
0.181758
0.187931
0.192424
0.197777
0.230740
0.225647
0.213008
0.229221
0.255699
0.237593
0.223804
0.210927
0.217966
0.225646
0.225646
0.215839
0.186158
0.221522
0.189958
0.222410
0.184074
0.186530
0.175683
0.159597
0.162811
0.179516
0.214346
0.177878
0.183449
0.197500
0.186530
0.201477
0.190266
0.190266
0.194404
0.194404
0.187851
0.198503
0.201855
0.199925
0.173108
0.173536
0.192906
0.192906
0.173536
0.189744
0.204421
0.179753
0.163193
0.200986
0.196523
0.188981
0.169885
0.184064
0.184937
0.182503
0.200986
0.182503
0.192113
0.197897
0.203668
0.186590
0.181143
0.176998
0.167854
0.177978
0.195266
0.173536
0.173536
0.188981
0.176151
0.202881
0.183662
0.198660
0.221341
0.208317
0.259236
0.265226
0.253384
0.258798
0.236368
0.242082
0.230646
0.252465
0.270325
0.256201
0.221803
0.255259
0.241934
0.237810
0.230211
0.251346
0.217690
0.238614
0.238614
0.235226
0.228760
0.238815
0.212200
0.192710
0.188734
0.208606
0.193007
0.186633
0.186633
0.195042
0.199078
0.198399
0.242855
0.233069
0.241344
0.222682
0.219038
0.251405
0.249563
0.220038
0.249766
0.228760
0.238614
0.225647
0.238815
0.217785
0.223747
0.225646
0.207590
0.225646
0.208893
0.219038
0.223022
0.207546
0.198360
0.190046
0.190046
0.196205
0.193974
0.177878
0.206863
0.202534
0.197937
0.214090
0.177878
0.194404
0.205046
0.196875
0.187851
0.204421
0.165894
0.214663
0.203494
0.173108
0.185436
0.182503
0.185436
0.207402
0.195266
0.192906
0.197634
0.213439
0.219378
0.190087
0.200986
0.185436
0.179753
0.186590
0.190195
0.203821
0.167428
0.180000
0.177039
0.187356
0.191940
0.173498
0.178227
0.165748
0.183748
0.193522
0.183286
0.167428
0.176174
0.159370
0.154187
0.171308
0.171308
0.155734
0.168287
0.161061
0.157556
0.190726
0.185722
0.183306
0.165625
0.180390
0.167296
0.177456
0.160477
0.165041
0.185817
0.175113
0.169121
0.175113
0.156098
0.155322
0.155322
0.191022
0.172600
0.169346
0.171446
0.160619
0.142495
0.147886
0.147341
0.157459
0.147139
0.147139
0.157729
0.187407
0.162130
0.172342
0.156951
0.183598
0.162130
0.137207
0.131596
0.147983
0.164964
0.158685
0.151898
0.152578
0.160032
0.158685
0.164964
0.175389
0.168880
0.151736
0.146872
0.145707
0.139771
0.156358
0.151154
0.144489
0.143726
0.155462
0.175816
0.156040
0.161145
0.182493
0.145707
0.181878
0.163462
0.173328
0.163462
0.144745
0.149049
0.138569
0.161466
0.144745
0.141793
0.152643
0.182579
0.166549
0.182781
0.149170
0.170910
0.164634
0.170188
0.150202
0.147983
0.159112
0.159112
0.159112
0.142179
0.162300
0.132037
0.134778
0.169373
0.137941
0.164301
0.143726
0.139423
0.162462
0.157419
0.154732
0.155719
0.149334
0.142905
0.170263
0.159970
0.142214
0.147415
0.147509
0.158246
0.145926
0.167485
0.152507
0.166648
0.166957
0.166957
0.170468
0.162060
0.166154
0.166001
0.178006
0.188258
0.205801
0.229838
0.235807
0.226585
0.225843
0.214022
0.227314
0.239861
0.214887
0.219099
0.207555
0.221691
0.212998
0.208867
0.207135
0.208164
0.203515
0.201201
0.218033
0.216989
0.209579
0.203821
0.212932
0.216951
0.225175
0.224313
0.216384
0.226585
0.225479
0.230835
0.224884
0.223972
0.208770
0.211666
0.220276
0.222385
0.236472
0.233266
0.234082
0.233444
0.228092
0.227521
0.234860
0.230835
0.224648
0.249295
0.254204
0.259142
0.244168
0.255481
0.265105
0.258351
0.254383
0.251620
0.231934
0.249047
0.237643
0.219921
0.224768
0.228289
0.229410
0.225307
0.236814
0.240485
0.234046
0.236814
0.230053
0.245045
0.238230
0.219480
0.234562
0.217177
0.219480
0.222738
0.242148
0.241920
0.240490
0.249433
0.207980
0.237348
0.229079
0.237728
0.212037
0.222410
0.217558
0.240490
0.228001
0.227401
0.225774
0.208553
0.231731
0.231934
0.233069
0.237348
0.212560
0.217558
0.224768
0.228289
0.210982
0.212138
0.228289
0.215882
0.241763
0.241507
0.202570
0.231934
0.221504
0.208553
0.209072
0.233101
0.218243
0.195355
0.194728
0.208553
0.215839
0.225646
0.218447
0.225185
0.238728
0.218447
0.248410
0.245767
0.244222
0.241976
0.230211
0.257770
0.225781
0.248916
0.247191
0.227164
0.220676
0.273689
0.304967
0.305007
0.245013
0.235554
0.237134
0.235009
0.246334
0.237386
0.260781
0.245629
0.265838
0.265838
0.236684
0.233293
0.236373
0.253612
0.265136
0.259920
0.255803
0.283235
0.252641
0.268204
0.287492
0.251451
0.261490
0.267648
0.287015
0.302538
0.269647
0.282195
0.260225
0.240667
0.266489
0.257931
0.245806
0.289288
0.281028
0.269402
0.268646
0.279934
0.281367
0.290637
0.260876
0.264979
0.253953
0.239792
0.240419
0.240061
0.264856
0.237882
0.237315
0.246218
0.236034
0.275900
0.246946
0.255870
0.299352
0.273080
0.244671
0.258842
0.240553
0.392294
0.319459
0.252001
0.239057
0.244222
0.247570
0.242719
0.238230
0.237067
0.236843
0.240877
0.291136
0.244887
0.316924
0.301194
0.270927
0.395157
0.308071
0.706859
0.324133
0.328927
0.305372
0.288290
0.285700
0.272733
0.311864
0.346715
0.554799
0.521243
0.454029
0.440116
0.431836
0.398669
0.375595
0.386163
0.364504
0.371111
0.356896
0.390647
0.373522
0.412093
0.399820
0.402145
0.418796
0.421254
0.406312
0.405214
0.366595
0.374724
0.368618
0.390301
0.374282
0.376249
0.360723
0.369250
0.371701
0.355276
0.353885
0.348670
0.339535
0.341212
0.347375
0.355987
0.348928
0.321851
0.315152
0.321881
0.306067
0.315850
0.321457
0.315850
0.310834
0.309335
0.289481
0.282756
0.290046
0.300453
0.288983
0.288481
0.301840
0.293986
0.297022
0.297022
0.293986
0.288983
0.293460
0.295091
0.298399
0.288512
0.280240
0.278224
0.275596
0.268855
0.266172
0.271539
0.271539
0.275990
0.268116
0.267008
0.262058
0.258759
0.276413
0.262058
0.265914
0.262668
0.256403
0.261597
0.261436
0.262189
0.268051
0.257277
0.259652
0.249238
0.251133
0.249947
0.249947
0.256722
0.253821
0.258021
0.251768
0.271889
0.252368
0.278684
0.259097
0.265810
0.276410
0.262304
0.301627
0.286690
0.310633
0.289587
0.281436
0.292183
0.309730
0.290046
0.291941
0.279142
0.272900
0.269794
0.268267
0.278176
0.274167
0.263867
0.264316
0.260605
0.262646
0.275765
0.274125
0.258372
0.256446
0.260686
0.266548
0.262269
0.281083
0.267678
0.269581
0.277156
0.270170
0.289831
0.286423
0.267228
0.280014
0.310415
0.284668
0.308157
0.301840
0.293795
0.281175
0.296828
0.300439
0.302934
0.308157
0.291560
0.288481
0.281578
0.297368
0.297022
0.293795
0.288481
0.293795
0.321475
0.300856
0.305440
0.297022
0.290413
0.301840
0.298137
0.316515
0.325076
0.311120
0.310078
0.303724
0.306838
0.315850
0.321881
0.314964
0.315850
0.313555
0.302778
0.300295
0.299831
0.290455
0.298966
0.297157
0.293403
0.292691
0.287173
0.288983
0.284959
0.280430
0.273248
0.257112
0.265064
0.257794
0.268518
0.261131
0.261131
0.269794
0.276550
0.288130
0.280430
0.272610
0.285556
0.281633
0.287522
0.294752
0.294544
0.287522
0.285649
0.283281
0.287268
0.271559
0.272610
0.270421
0.265566
0.261131
0.263686
0.268437
0.280385
0.314902
0.302846
0.304772
0.305810
0.325963
0.317288
0.305297
0.317220
0.314494
0.315141
0.318735
0.311759
0.324242
0.319751
0.318735
0.308630
0.315934
0.320460
0.323706
0.317288
0.314084
0.327909
0.330565
0.325151
0.323706
0.321455
0.316621
0.310625
0.308783
0.313323
0.316822
0.313765
0.311146
0.310724
0.303578
0.313323
0.310673
0.324553
0.330965
0.334279
0.335032
0.336535
0.343543
0.336483
0.335799
0.333880
0.331085
0.330289
0.330289
0.330479
0.322493
0.325963
0.321919
0.318860
0.308557
0.301913
0.299604
0.302326
0.296820
0.294021
0.297028
0.290160
0.287311
0.289021
0.282746
0.274793
0.278409
0.275993
0.275452
0.280132
0.276533
0.271577
0.271571
0.267355
0.269142
0.265235
0.260973
0.258040
0.263150
0.257664
0.262511
0.254357
0.252283
0.268240
0.258372
0.250026
0.252283
0.246149
0.245324
0.245324
0.247062
0.243627
0.242940
0.245685
0.240275
0.243914
0.243795
0.240103
0.243760
0.241744
0.241545
0.240121
0.244794
0.243614
0.247655
0.248617
0.250753
0.257122
0.246439
0.247382
0.292660
0.247984
0.244642
0.242250
0.245685
0.246251
0.245261
0.250645
0.255323
0.252343
0.251908
0.249655
0.248617
0.243795
0.247984
0.258301
0.256544
0.255612
0.264946
0.261482
0.257311
0.261131
0.254170
0.250395
0.255277
0.254357
0.265590
0.261752
0.269088
0.276601
0.269077
0.274410
0.274632
0.268240
0.266172
0.261752
0.258661
0.264340
0.272610
0.274422
0.265235
0.276048
0.280814
0.278717
0.284518
0.286510
0.284857
0.280814
0.279789
0.277374
0.281731
0.274632
0.289168
0.298637
0.304098
0.305310
0.299869
0.310852
0.311120
0.305088
0.295432
0.299577
0.301824
0.309704
0.311306
0.308624
0.318436
0.309352
0.311180
0.305962
0.306901
0.311680
0.306901
0.298795
0.305573
0.303118
0.303447
0.307306
0.303447
0.328035
0.352384
0.327780
0.331271
0.322777
0.321060
0.324939
0.326103
0.315934
0.321060
0.325623
0.327056
0.327909
0.326164
0.328445
0.338173
0.333829
0.340660
0.337799
0.337281
0.340660
0.339673
0.332811
0.336520
0.334139
0.343515
0.345549
0.348637
0.346430
0.346254
0.356909
0.353630
0.349395
0.349963
0.353131
0.354850
0.359135
0.355423
0.354666
0.349395
0.351352
0.348262
0.352030
0.344425
0.359092
0.361324
0.366683
0.349902
0.368435
0.364463
0.363749
0.370023
0.657063
0.424328
0.453054
0.438565
0.364839
0.361994
0.366898
0.394269
0.395251
0.438624
0.377748
0.457789
0.407522
0.454454
0.406009
0.410943
0.387092
0.382437
0.381602
0.379169
0.379140
0.379196
0.376212
0.379390
0.375651
0.374858
0.372789
0.372892
0.372041
0.370730
0.370222
0.368771
0.367079
0.366834
0.367184
0.523972
0.518819
0.393654
0.388722
0.392803
0.435300
0.450883
0.388806
0.389117
0.408337
0.429727
0.479580
0.403517
0.437651
0.429214
0.406273
0.422063
0.614686
0.806922
0.566818
0.960510
0.694061
0.540077
0.612637
0.587484
0.590316
0.579959
0.536243
0.522465
0.527128
0.525309
0.519592
0.509689
0.504887
0.495918
0.499350
0.498069
0.488670
0.487403
0.485698
0.482951
0.486909
0.488202
0.479643
0.476790
0.465702
0.418689
0.410402
0.409840
0.410616
0.411617
0.407491
0.401756
0.399441
0.398327
0.395105
0.393399
0.391692
0.390521
0.390930
0.389037
0.393167
0.405096
0.423729
0.406534
0.407632
0.402877
0.397702
0.399610
0.402593
0.405603
0.406396
0.409676
0.416755
0.412516
0.414477
0.413797
0.414513
0.419344
0.418549
0.415397
0.411690
0.409514
0.404924
0.456217
0.424946
0.439187
0.423085
0.420173
0.428581
0.468935
0.453993
0.454784
0.488162
0.443262
0.447695
0.432129
0.438149
0.429433
0.434023
0.457046
0.451828
0.432938
0.425459
0.443139
0.442522
0.450109
0.456539
0.441957
0.444753
0.446937
0.453579
0.470025
0.479017
0.481824
0.492166
0.489297
0.479318
0.476592
0.475027
0.468350
0.469819
0.469819
0.467138
0.467770
0.464897
0.466863
0.461302
0.448081
0.444040
0.441498
0.438703
0.429235
0.435065
0.452576
0.444314
0.442947
0.434797
0.429726
0.433558
0.449351
0.441810
0.426402
0.429131
0.521825
0.500055
0.501872
0.531277
0.537252
0.510153
0.518351
0.575075
0.661751
0.626036
0.633897
0.650297
0.608013
0.655431
0.619056
0.577015
0.595834
0.613137
0.631169
0.640978
0.667898
0.612183
0.557332
0.585176
0.603869
0.606149
0.681824
0.795591
0.797805
0.708517
0.681184
0.722562
0.670270
0.670270
0.642143
0.629964
0.621241
0.592261
0.600649
0.566645
0.570207
0.567944
0.545789
0.565920
0.553471
0.565920
0.538132
0.557247
0.557247
0.542476
0.546182
0.550868
0.529349
0.529345
0.564871
0.565920
0.522854
0.530399
0.527939
0.530796
0.525711
0.589095
0.692284
0.786373
0.923005
0.933132
1.000000
0.803601
0.801316
0.814873
0.779911
0.732881
0.741842
