0.387474
0.303062
0.357560
0.340196
0.303505
0.287412
0.327867
0.303062
0.287622
0.296718
0.262294
0.232785
0.242028
0.212389
0.222004
0.211231
0.200630
0.200900
0.189410
0.201041
0.205423
0.198294
0.179440
0.192706
0.185708
0.185708
0.210952
0.185558
0.188614
0.178747
0.188517
0.178177
0.168076
0.162978
0.178471
0.193480
0.200850
0.189031
0.193024
0.175977
0.192957
0.180252
0.186665
0.206090
0.218627
0.201041
0.218470
0.223046
0.234870
0.243431
0.253121
0.234659
0.235299
0.234203
0.218517
0.219024
0.223046
0.201471
0.230280
0.181063
0.206456
0.199466
0.189939
0.176999
0.178852
0.173092
0.171996
0.164373
0.164519
0.170473
0.159461
0.170271
0.166742
0.160897
0.177847
0.165489
0.164405
0.167732
0.169397
0.156290
0.153985
0.157058
0.156917
0.154227
0.154121
0.145987
0.146991
0.149128
0.147079
0.134901
0.135405
0.137682
0.138379
0.138428
0.136599
0.135227
0.130264
0.130147
0.129940
0.128778
0.127855
0.124766
0.127593
0.124862
0.124902
0.109495
0.120716
0.120916
0.120714
0.127409
0.124639
0.123053
0.125052
0.123286
0.124798
0.123254
0.125067
0.123187
0.120714
0.122825
0.120761
0.120596
0.125024
0.119005
0.117322
0.117091
0.118566
0.116761
0.115423
0.115165
0.117140
0.118566
0.116953
0.113082
0.114894
0.114858
0.117036
0.111605
0.115481
0.113313
0.114894
0.103851
0.109819
0.113141
0.113113
0.106995
0.113462
0.115385
0.115222
0.111601
0.109114
0.109098
0.108930
0.106843
0.109251
0.111008
0.105215
0.106546
0.109114
0.106509
0.103868
0.106548
0.108934
0.106833
0.108790
0.108999
0.104337
0.105361
0.105198
0.105538
0.103005
0.103821
0.101306
0.093383
0.093893
0.095481
0.091251
0.090353
0.090742
0.089963
0.085652
0.083294
0.083001
0.085072
0.084781
0.082868
0.081425
0.082782
0.082919
0.081404
0.081259
0.081762
0.080355
0.079246
0.079304
0.079439
0.081189
0.079431
0.080314
0.081189
0.080383
0.077292
0.076743
0.076954
0.075786
0.074963
0.074882
0.072925
0.072781
0.073642
0.070597
0.071697
0.071007
0.071697
0.070447
0.070010
0.071507
0.072412
0.072222
0.072382
0.073729
0.070757
0.071627
0.074772
0.074045
0.072025
0.071791
0.069165
0.071627
0.073123
0.073084
0.074032
0.072793
0.071832
0.070940
0.069284
0.068928
0.068826
0.067995
0.067949
0.068180
0.061399
0.065249
0.062784
0.065391
0.066344
0.063966
0.065699
0.065370
0.066271
0.063966
0.063019
0.063333
0.065171
0.061163
0.062119
0.063955
0.064669
0.063955
0.062662
0.066271
0.063695
0.060942
0.062124
0.065391
0.061804
0.064809
0.065123
0.062824
0.064322
0.064870
0.061415
0.062124
0.061888
0.063415
0.061360
0.061968
0.063486
0.062532
0.063158
0.064322
0.065364
0.064283
0.063263
0.067948
0.067086
0.067456
0.064283
0.066175
0.058826
0.058081
0.058840
0.057000
0.056643
0.055608
0.054375
0.054329
0.055358
0.055765
0.053714
0.053082
0.053759
0.053054
0.052425
0.051640
0.051671
0.051274
0.049437
0.051567
0.052544
0.049424
0.050044
0.049951
0.051469
0.049697
0.050044
0.048747
0.050551
0.049819
0.050345
0.049621
0.048753
0.049142
0.048351
0.048952
0.046944
0.046960
0.047862
0.047967
0.046827
0.047632
0.047708
0.048066
0.049361
0.047474
0.048317
0.049499
0.049367
0.047357
0.049789
0.048240
0.049352
0.047587
0.047318
0.047868
0.047174
0.046847
0.046663
0.047334
0.046100
0.046063
0.045803
0.045956
0.044704
0.044975
0.045348
0.045349
0.045536
0.045440
0.045448
0.045631
0.044371
0.044338
0.044753
0.043814
0.044272
0.043899
0.043737
0.043829
0.043948
0.043559
0.043513
0.042974
0.042885
0.043002
0.042936
0.042586
0.042256
0.042384
0.042300
0.041713
0.041529
0.041683
0.040429
0.040495
0.040726
0.040174
0.040342
0.040639
0.040171
0.040488
0.040498
0.040754
0.040406
0.040131
0.040131
0.039250
0.039605
0.039685
0.039253
0.039660
0.039516
0.039268
0.039176
0.038724
0.039609
0.038604
0.038220
0.038507
0.038619
0.037539
0.038237
0.037711
0.037898
0.038760
0.038284
0.038814
0.039043
0.037263
0.038463
0.038070
0.036985
0.036120
0.036120
0.036168
0.033271
0.034973
0.035134
0.035210
0.033631
0.033879
0.033938
0.032982
0.032933
0.032534
0.033412
0.030861
0.034331
0.032982
0.035666
0.034870
0.033955
0.035358
0.035358
0.035273
0.035823
0.036236
0.035421
0.035823
0.031396
0.036641
0.036529
0.036654
0.036425
0.036329
0.035137
0.036608
0.033507
0.034030
0.035316
0.034983
0.034484
0.032796
0.033616
0.032799
0.032201
0.032253
0.032630
0.032319
0.032630
0.032319
0.032928
0.032365
0.033060
0.032999
0.033271
0.034388
0.033453
0.034472
0.033803
0.034356
0.034131
0.033123
0.033960
0.034091
0.033476
0.033419
0.033803
0.033247
0.032239
0.031902
0.031843
0.032365
0.031979
0.032199
0.031802
0.032422
0.031845
0.031403
0.030542
0.031231
0.030311
0.029240
0.029143
0.028839
0.027413
0.026559
0.026874
0.024028
0.026937
0.026851
0.025519
0.025792
0.025341
0.023927
0.023568
0.022908
0.021348
0.020297
0.021211
0.020113
0.019586
0.019175
0.018992
0.017870
0.017684
0.017430
0.016111
0.000000
0.016811
0.016201
0.016626
0.016361
0.016221
0.016190
0.016634
0.016413
0.016380
0.017195
0.017332
0.017231
0.017012
0.017166
0.017135
0.017268
0.017135
0.015982
0.016302
0.016217
0.016056
0.016123
0.015807
0.016568
0.015898
0.016300
0.016217
0.016000
0.015906
0.016042
0.015959
0.015944
0.015497
0.015181
0.015509
0.015519
0.015282
0.014873
0.015125
0.014845
0.015282
0.015092
0.015072
0.016498
0.015527
0.014739
0.014710
0.014894
0.014797
0.014971
0.015040
0.014781
0.014565
0.014548
0.014470
0.014278
0.014697
0.015222
0.014331
0.013724
0.013985
0.014408
0.013987
0.014390
0.014630
0.015087
0.015333
0.014249
0.014453
0.014543
0.014759
0.014470
0.014916
0.014589
0.014537
0.014529
0.015087
0.014249
0.014584
0.014034
0.014804
0.014446
0.014404
0.015345
0.014655
0.014766
0.015577
0.014871
0.014756
0.015007
0.014630
0.014979
0.014847
0.014177
0.013435
0.013997
0.013686
0.014303
0.014886
0.015358
0.014922
0.014369
0.014835
0.014578
0.014385
0.015092
0.013894
0.013605
0.014133
0.014404
0.015281
0.014487
0.013308
0.013983
0.013649
0.013591
0.014177
0.013595
0.013475
0.013770
0.014232
0.013532
0.014404
0.013911
0.013248
0.014232
0.013701
0.014865
0.013221
0.014138
0.013907
0.013793
0.014193
0.013581
0.013996
0.014434
0.013124
0.013571
0.013770
0.012656
0.014746
0.014138
0.013816
0.013713
0.013520
0.013666
0.012269
0.012856
0.012951
0.013692
0.013964
0.013365
0.013363
0.012906
0.013202
0.012842
0.014521
0.015544
0.014030
0.014673
0.013996
0.014433
0.014756
0.014723
0.014867
0.015927
0.015152
0.014972
0.014598
0.014400
0.015398
0.014970
0.015448
0.015381
0.014969
0.015281
0.014946
0.014566
0.015509
0.016425
0.016236
0.018876
0.015905
0.017638
0.019670
0.018651
0.019467
0.020480
0.019073
0.020873
0.019146
0.021223
0.022173
0.018878
0.020616
0.020616
0.020800
0.017139
0.017217
0.020493
0.020631
0.018790
0.020558
0.018843
0.020579
0.022580
0.021931
0.018001
0.018933
0.019851
0.020822
0.020462
0.020290
0.018547
0.018445
0.018773
0.021448
0.020723
0.019621
0.021493
0.018605
0.020590
0.022253
0.022348
0.020604
0.021887
0.021935
0.020493
0.022794
0.021729
0.021792
0.022063
0.023400
0.021943
0.022628
0.023176
0.024199
0.024819
0.026901
0.024353
0.026144
0.022863
0.026901
0.024853
0.026833
0.027820
0.025970
0.022713
0.028321
0.026731
0.024767
0.024167
0.025779
0.026633
0.025550
0.025550
0.026190
0.027988
0.023877
0.026342
0.027737
0.028093
0.026102
0.027213
0.022339
0.025552
0.025552
0.025732
0.024544
0.024065
0.025283
0.025283
0.027252
0.026160
0.026633
0.024049
0.024230
0.023464
0.023965
0.025200
0.022092
0.028093
0.024037
0.024261
0.024261
0.024037
0.024037
0.023502
0.022016
0.026042
0.023708
0.021951
0.023765
0.023606
0.027402
0.025858
0.025751
0.025838
0.026757
0.024856
0.025522
0.024778
0.027076
0.026558
0.024463
0.026691
0.023251
0.024463
0.025391
0.027740
0.027504
0.024463
0.024486
0.025187
0.023095
0.026981
0.023095
0.023313
0.025277
0.027252
0.026802
0.028159
0.026103
0.026339
0.026088
0.026176
0.024147
0.027504
0.023934
0.024381
0.025038
0.026235
0.027252
0.027334
0.021953
0.018557
0.021652
0.027394
0.024770
0.024375
0.024973
0.024973
0.026576
0.025823
0.027378
0.024147
0.024524
0.024735
0.024735
0.024532
0.027296
0.023661
0.022868
0.025270
0.026298
0.025760
0.026842
0.027461
0.024712
0.026356
0.026298
0.025711
0.026053
0.025739
0.024991
0.022971
0.025760
0.024163
0.021602
0.024614
0.025260
0.024270
0.021595
0.024079
0.024176
0.023803
0.024720
0.022761
0.025551
0.024171
0.024404
0.023095
0.023938
0.021206
0.023247
0.023938
0.023264
0.021822
0.022142
0.024020
0.023006
0.021474
0.020506
0.019290
0.022779
0.022761
0.018615
0.017907
0.018858
0.015783
0.016589
0.015771
0.016066
0.017231
0.018277
0.018377
0.016481
0.017328
0.014783
0.016909
0.015707
0.015184
0.016763
0.013918
0.015376
0.014017
0.016220
0.015857
0.015445
0.013629
0.011901
0.013963
0.014846
0.017358
0.015707
0.018235
0.015748
0.015952
0.012305
0.013821
0.012387
0.017149
0.013963
0.014244
0.014630
0.014941
0.013215
0.014634
0.015717
0.014672
0.017450
0.015487
0.014669
0.015952
0.015861
0.014873
0.014247
0.014206
0.012176
0.015354
0.013807
0.015857
0.013677
0.012320
0.015449
0.014244
0.014067
0.012537
0.014241
0.013967
0.013014
0.013381
0.011590
0.012414
0.012557
0.012059
0.013234
0.012004
0.012561
0.009981
0.010923
0.011544
0.010037
0.013585
0.013984
0.014894
0.012222
0.011736
0.011735
0.012218
0.013060
0.012310
0.011531
0.009538
0.010950
0.007143
0.008897
0.010724
0.009925
0.009214
0.010382
0.009641
0.010026
0.010554
0.011733
0.012222
0.011402
0.009981
0.010712
0.009617
0.010021
0.011224
0.013017
0.011103
0.009387
0.009263
0.009641
0.010559
0.010559
0.007345
0.010169
0.008657
0.009662
0.008695
0.009189
0.007818
0.009354
0.008990
0.008689
0.009054
0.009568
0.007890
0.008199
0.011590
0.009595
0.008127
0.008990
0.010513
0.009043
0.007822
0.009542
0.009054
0.008351
0.010360
0.010360
0.010210
0.011733
0.011111
0.010170
0.008806
0.008353
0.009681
0.009681
0.010368
0.012222
0.009406
0.008091
0.009155
0.010147
0.008798
0.007727
0.007826
0.007345
0.007799
0.006687
0.005603
0.008910
0.008320
0.010328
0.009684
0.008918
0.010987
0.009681
0.009196
0.009613
0.009680
0.011677
0.010662
0.010319
0.009090
0.010477
0.009593
0.010018
0.008812
0.010018
0.008550
0.007484
0.008097
0.008126
0.006942
0.007699
0.005644
0.006317
0.005983
0.007361
0.006392
0.006524
0.005773
0.007770
0.006800
0.007950
0.006879
0.007642
0.007561
0.007277
0.006354
0.007881
0.007565
0.008180
0.009394
0.009091
0.007561
0.008040
0.012128
0.011534
0.010341
0.009213
0.009520
0.010465
0.011526
0.009958
0.009947
0.009925
0.009925
0.009593
0.010724
0.012423
0.010120
0.009958
0.014098
0.014526
0.013265
0.012169
0.012041
0.012169
0.013494
0.015349
0.012128
0.013838
0.013197
0.011590
0.016147
0.015536
0.013920
0.015379
0.012749
0.013892
0.014497
0.014579
0.013829
0.011597
0.013377
0.012745
0.014773
0.013456
0.013286
0.013649
0.014317
0.012683
0.012537
0.013017
0.014252
0.013633
0.014252
0.015449
0.017285
0.016420
0.015756
0.017945
0.018692
0.017382
0.017978
0.016848
0.018050
0.015800
0.016420
0.016345
0.018366
0.015930
0.016345
0.018814
0.016754
0.018833
0.019402
0.017577
0.019423
0.018620
0.016474
0.015267
0.018692
0.019905
0.017445
0.016253
0.016654
0.015707
0.018006
0.017358
0.014488
0.017358
0.017243
0.021750
0.018324
0.018316
0.020368
0.019872
0.019402
0.019132
0.018464
0.015521
0.016770
0.018316
0.016916
0.018692
0.018916
0.020602
0.018316
0.020734
0.022637
0.020841
0.018692
0.019268
0.021643
0.021763
0.022274
0.020862
0.020862
0.021001
0.021591
0.018431
0.020730
0.020400
0.020116
0.021226
0.019757
0.020602
0.019513
0.018472
0.025012
0.020437
0.020528
0.020248
0.020515
0.020408
0.020918
0.020360
0.022544
0.020416
0.020416
0.020918
0.020841
0.018692
0.020198
0.020709
0.021643
0.021763
0.020734
0.017960
0.020121
0.019757
0.019620
0.019852
0.017475
0.018013
0.016322
0.017742
0.019791
0.019687
0.019526
0.015662
0.018858
0.015142
0.017118
0.018348
0.018624
0.016322
0.018143
0.016282
0.014116
0.013766
0.015953
0.013683
0.011530
0.011756
0.012734
0.011461
0.014655
0.011741
0.008068
0.009896
0.012673
0.011407
0.009341
0.010004
0.009840
0.012706
0.010853
0.011585
0.009835
0.009817
0.009870
0.010776
0.011422
0.010499
0.011320
0.012977
0.010439
0.013398
0.012373
0.014425
0.013355
0.013403
0.012346
0.012316
0.012346
0.014511
0.013398
0.013409
0.011337
0.013204
0.011944
0.013963
0.014224
0.015065
0.013327
0.014522
0.016869
0.013207
0.014708
0.014595
0.012556
0.014720
0.014522
0.014693
0.016036
0.017944
0.015368
0.013761
0.015219
0.015274
0.016146
0.015260
0.015290
0.014732
0.012985
0.014559
0.014191
0.016020
0.013773
0.014270
0.016985
0.014281
0.012556
0.012376
0.012356
0.012866
0.011933
0.012465
0.012867
0.012976
0.011952
0.010822
0.012504
0.012334
0.010773
0.012457
0.010524
0.012727
0.012615
0.010577
0.010659
0.011677
0.010795
0.008220
0.008617
0.011541
0.008557
0.011172
0.009894
0.008629
0.008890
0.010442
0.010577
0.010648
0.009963
0.010725
0.012357
0.012438
0.010562
0.009969
0.010815
0.008968
0.012872
0.009960
0.010723
0.010728
0.009047
0.008955
0.009984
0.010564
0.010789
0.010576
0.009045
0.007670
0.009047
0.009045
0.010660
0.009033
0.010707
0.010905
0.008850
0.006774
0.008609
0.009022
0.007780
0.008946
0.009771
0.009045
0.008413
0.008108
0.006798
0.006630
0.007534
0.009771
0.009771
0.008783
0.007579
0.008729
0.007920
0.009733
0.007865
0.009733
0.007579
0.008208
0.007483
0.007920
0.008484
0.008412
0.007901
0.008130
0.006906
0.007711
0.006414
0.007832
0.008717
0.006942
0.006824
0.008113
0.008002
0.009624
0.008118
0.008118
0.008618
0.007375
0.007975
0.008130
0.008123
0.007993
0.009636
0.008002
0.007975
0.008595
0.007250
0.005369
0.007711
0.007359
0.007993
0.006250
0.006706
0.006895
0.007698
0.008145
0.006824
0.008123
0.009502
0.008163
0.008087
0.007629
0.008489
0.006706
0.007629
0.006835
0.010112
0.010136
0.009494
0.009565
0.010202
0.011420
0.008525
0.007643
0.006671
0.007330
0.008038
0.007518
0.008518
0.008516
0.008038
0.008583
0.008553
0.008060
0.007707
0.006804
0.007246
0.005985
0.007358
0.005896
0.006234
0.006782
0.005890
0.005535
0.006671
0.005449
0.006590
0.006233
0.005624
0.005928
0.006125
0.006200
0.005771
0.006731
0.006237
0.006183
0.006164
0.005821
0.005431
0.006129
0.005892
0.005821
0.007540
0.006146
0.007567
0.006624
0.006178
0.007490
0.007094
0.006630
0.005403
0.005805
0.006088
0.005175
0.005842
0.010912
0.004755
0.005375
0.005046
0.005359
0.006115
0.004693
0.005815
0.006142
0.005127
0.006623
0.005842
0.005840
0.005132
0.005139
0.003875
0.005405
0.007561
0.004442
0.004442
0.005364
0.007070
0.005158
0.005391
0.004411
0.004917
0.005195
0.005166
0.004419
0.005103
0.005749
0.004856
0.005926
0.004155
0.005391
0.005327
0.004432
0.004201
0.003730
0.006198
0.004150
0.003888
0.004910
0.005262
0.005109
0.004475
0.004925
0.005839
0.004579
0.006359
0.006595
0.004579
0.007054
0.004953
0.006279
0.005839
0.004181
0.005370
0.005861
0.007677
0.004272
0.003921
0.004498
0.005266
0.005165
0.005861
0.005186
0.005164
0.005775
0.006146
0.003377
0.004092
0.004830
0.007225
0.004850
0.003922
0.006460
0.003791
0.004521
0.007899
0.003797
0.003905
0.003627
0.003377
0.004004
0.003797
0.004447
0.005960
0.004254
0.003565
0.003621
0.003571
0.003190
0.003232
0.004257
0.002580
0.003393
0.003254
0.003281
0.001817
0.003920
0.003459
0.002484
0.003661
0.003566
0.003190
0.002786
0.003216
0.002481
0.002906
0.005021
0.004523
0.003449
0.003206
0.003358
0.002019
0.003275
0.002730
0.005851
0.002919
0.003238
0.003546
0.003765
0.002754
0.007539
0.006729
0.006036
0.004024
0.006361
0.007198
0.007575
0.006360
0.008432
0.007550
0.007760
0.008576
0.008760
0.008366
0.010155
0.010062
0.009433
0.009295
0.008867
0.010473
0.008528
0.008791
0.008565
0.008558
0.009915
0.008867
0.008991
0.009003
0.010774
0.009875
0.009718
0.010137
0.009254
0.019251
0.010341
0.010137
0.009852
0.010341
0.009718
0.011299
0.009062
0.009331
0.011299
0.010098
0.009321
0.010614
0.010071
0.009355
0.009374
0.010457
0.010493
0.008740
0.010312
0.010920
0.010108
0.009669
0.028269
0.009701
0.009897
0.011894
0.011127
0.010910
0.008824
0.009474
0.009020
0.014264
0.012311
0.014259
0.014881
0.014281
0.009729
0.012781
0.013847
0.013332
0.009117
0.008861
0.009859
0.009545
0.009641
0.009420
0.012840
0.014801
0.011464
0.012603
0.011186
0.011464
0.020541
0.012925
0.008010
0.009446
0.013689
0.014520
0.011747
0.011421
0.015895
0.011469
0.011345
0.008089
0.008115
0.009420
0.009496
0.011161
0.008045
0.007698
0.008778
0.009217
0.012581
0.007932
0.008648
0.008833
0.010697
0.011421
0.011162
0.009534
0.009619
0.011441
0.010591
0.009106
0.009269
0.008986
0.009389
0.007817
0.008117
0.008544
0.009747
0.008907
0.008439
0.009362
0.009725
0.009725
0.010666
0.010954
0.011766
0.017658
0.018640
0.018429
0.015759
0.015777
0.015811
0.017185
0.014781
0.016149
0.016836
0.011428
0.011428
0.012850
0.017279
0.011497
0.013959
0.018436
0.014120
0.011058
0.009882
0.011764
0.012808
0.012808
0.012728
0.013050
0.012808
0.013875
0.013757
0.011565
0.010978
0.009845
0.011725
0.013145
0.014135
0.014279
0.013145
0.011527
0.011764
0.011867
0.016189
0.015880
0.014874
0.015216
0.015026
0.019978
0.015908
0.018925
0.016212
0.016395
0.016371
0.018043
0.018160
0.019575
0.015399
0.015399
0.016563
0.015597
0.012969
0.014192
0.014999
0.018203
0.012084
0.011474
0.014219
0.014097
0.012965
0.013222
0.018609
0.016093
0.013446
0.011853
0.010979
0.012199
0.010947
0.012084
0.011665
0.013446
0.017441
0.011474
0.013774
0.016594
0.027163
0.016859
0.014725
0.014041
0.015948
0.015573
0.015468
0.013670
0.012370
0.011742
0.012576
0.010524
0.015721
0.013223
0.015668
0.015468
0.018098
0.012353
0.017136
0.014768
0.012533
0.014294
0.017783
0.014768
0.017852
0.016302
0.012150
0.011083
0.011516
0.010472
0.019982
0.011564
0.012531
0.013949
0.012464
0.016003
0.014205
0.012533
0.019448
0.016207
0.015570
0.011587
0.015373
0.015169
0.015468
0.012760
0.015373
0.013074
0.010858
0.018138
0.012464
0.017849
0.019853
0.018046
0.015861
0.011738
0.011827
0.012024
0.012380
0.013594
0.012809
0.015373
0.013448
0.011099
0.013241
0.011279
0.013656
0.016938
0.011279
0.012837
0.013656
0.012199
0.012464
0.010856
0.015873
0.013720
0.018279
0.016721
0.017759
0.016847
0.016300
0.017124
0.019714
0.016870
0.018225
0.016995
0.013465
0.020193
0.017314
0.015262
0.016996
0.013961
0.014161
0.015461
0.018553
0.020777
0.021288
0.020286
0.016533
0.017537
0.018809
0.018723
0.012451
0.012904
0.013971
0.013657
0.018288
0.019158
0.019287
0.014988
0.013465
0.014036
0.013720
0.015114
0.012930
0.013814
0.013039
0.021226
0.017135
0.017144
0.018448
0.020582
0.020563
0.016863
0.022403
0.018905
0.020879
0.022944
0.021352
0.021258
0.020961
0.021914
0.021238
0.018329
0.018649
0.016995
0.022053
0.017738
0.020459
0.022191
0.021944
0.020595
0.020686
0.019362
0.020564
0.019541
0.021291
0.020836
0.016013
0.021921
0.019714
0.021074
0.018499
0.020757
0.021866
0.020948
0.018809
0.015887
0.013657
0.016995
0.013594
0.014957
0.016575
0.018458
0.015805
0.013006
0.013594
0.016996
0.016996
0.012546
0.017270
0.013591
0.009118
0.010766
0.009900
0.014321
0.025131
0.018906
0.011853
0.008412
0.014137
0.009512
0.013923
0.014166
0.011619
0.013096
0.018070
0.020084
0.015910
0.016993
0.018102
0.023441
0.026373
0.024451
0.025669
0.026159
0.028842
0.032709
0.027557
0.029488
0.028452
0.027762
0.029940
0.047920
0.028660
0.030619
0.030839
0.030270
0.028461
0.030496
0.030077
0.029409
0.033356
0.030077
0.031690
0.032486
0.035513
0.031463
0.032362
0.033097
0.031413
0.030724
0.032160
0.040770
0.035796
0.034835
0.039836
0.042762
0.036100
0.035436
0.033478
0.035420
0.037793
0.039217
0.039180
0.043050
0.047802
0.045376
0.039946
0.039836
0.040526
0.037870
0.042062
0.041963
0.042777
0.044814
0.048463
0.044287
0.049748
0.052755
0.053123
0.053689
0.054431
0.049940
0.052133
0.053674
0.053986
0.049597
0.054164
0.054044
0.053421
0.052647
0.052847
0.055333
0.059021
0.057943
0.058793
0.061281
0.061638
0.059795
0.061743
0.060797
0.058823
0.059159
0.058709
0.056111
0.056541
0.056921
0.062049
0.058746
0.059725
0.060717
0.061810
0.059817
0.061859
0.062211
0.064198
0.068525
0.065058
0.065507
0.067584
0.065670
0.069710
0.067661
0.066276
0.068798
0.069410
0.067255
0.069452
0.070430
0.069763
0.068162
0.068257
0.067967
0.067363
0.068013
0.069185
0.070705
0.068588
0.070656
0.071415
0.072547
0.072026
0.074008
0.074497
0.075377
0.078304
0.076397
0.071400
0.074731
0.073673
0.077539
0.072454
0.072821
0.073560
0.073692
0.072277
0.071169
0.070110
0.072516
0.072504
0.072424
0.070915
0.068199
0.067967
0.071495
0.071679
0.071061
0.071433
0.069261
0.072382
0.070218
0.068030
0.068315
0.069258
0.071547
0.070455
0.069353
0.073355
0.074750
0.073341
0.075439
0.073031
0.071042
0.073993
0.074882
0.073610
0.074411
0.073703
0.072963
0.073594
0.080579
0.077015
0.078226
0.080565
0.082405
0.080132
0.080686
0.083486
0.082279
0.080324
0.082036
0.078625
0.078201
0.080941
0.082595
0.080455
0.084025
0.078218
0.079823
0.078267
0.080041
0.083678
0.081482
0.079823
0.083377
0.084104
0.096977
0.094815
0.096033
0.095926
0.095515
0.099466
0.098391
0.097692
0.099327
0.100397
0.098596
0.099433
0.099819
0.100737
0.101380
0.099998
0.100432
0.099281
0.099355
0.100324
0.101832
0.102365
0.103724
0.103531
0.108628
0.107070
0.116816
0.121633
0.111275
0.118321
0.125335
0.129908
0.132822
0.134193
0.133792
0.136684
0.138693
0.137769
0.138648
0.124986
0.127240
0.127240
0.127484
0.125360
0.137523
0.125636
0.131562
0.130427
0.131998
0.128324
0.143422
0.143353
0.132024
0.144564
0.151032
0.151440
0.140754
0.130117
0.163155
0.196408
0.239750
0.149933
0.163155
0.146701
0.146701
0.147970
0.151626
0.147970
0.148753
0.126718
0.193769
0.182044
0.181991
0.193997
0.182081
0.193769
0.138674
0.194030
0.146659
0.122342
0.135168
0.131078
0.134738
0.133826
0.146122
0.165843
0.131314
0.144471
0.130732
0.143422
0.135945
0.142308
0.149495
0.139935
0.161205
0.193496
0.195201
0.161073
0.237168
0.161124
0.146370
0.196428
0.149607
0.137877
0.149495
0.181718
0.148718
0.165108
0.181975
0.146370
0.133821
0.162373
0.131042
0.146728
0.135220
0.134012
0.161440
0.194310
0.161460
0.153178
0.161093
0.161630
0.161234
0.161253
0.147023
0.147171
0.194432
0.161622
0.237812
0.161797
0.237906
0.238166
0.272307
0.272618
0.195044
0.273379
0.147806
0.183029
0.182948
0.273153
0.196294
0.163131
0.222969
0.223801
0.224108
0.223459
0.163716
0.186708
0.164610
0.164906
0.150119
0.136593
0.164692
0.142904
0.150586
0.142585
0.150586
0.148788
0.142585
0.142185
0.128281
0.132337
0.140009
0.136593
0.141012
0.133656
0.128645
0.128950
0.129896
0.129918
0.130586
0.124805
0.125274
0.125510
0.125750
0.123297
0.124289
0.122067
0.124513
0.122727
0.123563
0.121657
0.123403
0.124717
0.123059
0.118358
0.120663
0.123282
0.116122
0.120903
0.119858
0.113479
0.113824
0.119939
0.120382
0.118588
0.116971
0.120761
0.113159
0.110326
0.116086
0.115583
0.113556
0.117612
0.118946
0.116774
0.114316
0.111086
0.107929
0.114795
0.107454
0.108006
0.105197
0.098746
0.101187
0.098262
0.099802
0.097673
0.098085
0.096669
0.098754
0.105487
0.098267
0.095794
0.097404
0.105858
0.098697
0.100591
0.095245
0.098484
0.096338
0.100483
0.095636
0.100591
0.100369
0.106813
0.097519
0.104127
0.097286
0.098830
0.096998
0.099315
0.094287
0.097106
0.094932
0.093087
0.093940
0.096046
0.102465
0.099242
0.093580
0.094289
0.096130
0.105187
0.094342
0.095344
0.092956
0.095335
0.104998
0.096805
0.097478
0.098013
0.103191
0.102186
0.098024
0.104460
0.108212
0.093126
0.107846
0.107529
0.112228
0.114279
0.105655
0.097584
0.102186
0.098022
0.113866
0.116200
0.107748
0.104181
0.110640
0.096987
0.104211
0.101738
0.107933
0.113217
0.110201
0.114851
0.107960
0.114851
0.097144
0.103769
0.108434
0.107523
0.107960
0.104181
0.104685
0.104989
0.108413
0.101711
0.104985
0.109544
0.109384
0.104918
0.102837
0.098246
0.098830
0.112328
0.098105
0.102032
0.104848
0.097592
0.096987
0.091547
0.091183
0.089977
0.092507
0.090121
0.090141
0.091493
0.092654
0.090850
0.090437
0.093034
0.092934
0.090976
0.091782
0.089862
0.091343
0.090149
0.090178
0.088904
0.089325
0.089979
0.090204
0.088848
0.088934
0.090837
0.087522
0.089276
0.087544
0.090235
0.089802
0.088690
0.088174
0.089605
0.090349
0.087875
0.086645
0.085798
0.087852
0.090419
0.090864
0.088695
0.087522
0.088292
0.088292
0.087613
0.087434
0.083897
0.086716
0.086716
0.088852
0.087757
0.087357
0.086832
0.084255
0.084693
0.082713
0.087130
0.086556
0.085166
0.086781
0.086332
0.084571
0.082904
0.084340
0.084087
0.080300
0.082259
0.083949
0.081865
0.084415
0.085493
0.085232
0.082434
0.081184
0.080470
0.081258
0.080950
0.079614
0.082499
0.079736
0.079837
0.073047
0.074568
0.074322
0.070159
0.068958
0.070491
0.074921
0.074450
0.070473
0.071076
0.074061
0.072934
0.071440
0.073417
0.074266
0.073246
0.075825
0.074331
0.076130
0.073140
0.073890
0.071765
0.076529
0.074119
0.074568
0.073446
0.073446
0.073980
0.075944
0.074433
0.074856
0.075903
0.074844
0.076198
0.076307
0.075236
0.075401
0.072773
0.074868
0.076394
0.076100
0.076847
0.076087
0.075726
0.075749
0.074772
0.074930
0.075241
0.075190
0.073795
0.073667
0.074516
0.076417
0.074084
0.074395
0.074596
0.075948
0.069024
0.071108
0.073408
0.073308
0.072350
0.073742
0.073808
0.075144
0.074904
0.072504
0.075887
0.075471
0.076918
0.077854
0.076612
0.074534
0.075640
0.074732
0.074743
0.055039
0.074442
0.073269
0.074969
0.074608
0.076664
0.076741
0.076245
0.074150
0.074689
0.075081
0.072464
0.074963
0.073170
0.072888
0.073714
0.074632
0.072579
0.075994
0.074252
0.075165
0.075128
0.074255
0.076225
0.071409
0.073801
0.076711
0.073589
0.071304
0.074552
0.074910
0.076389
0.074782
0.074777
0.077335
0.073200
0.072399
0.072283
0.072503
0.075387
0.075616
0.074384
0.073002
0.074431
0.073230
0.074114
0.076071
0.072853
0.071015
0.073950
0.074649
0.072785
0.073695
0.073950
0.074952
0.074081
0.072503
0.074778
0.073950
0.071065
0.073118
0.072167
0.069465
0.070527
0.070257
0.071228
0.070128
0.071052
0.067951
0.068175
0.063793
0.063834
0.069350
0.068794
0.069622
0.064851
0.069061
0.070118
0.067238
0.071232
0.069345
0.067289
0.067632
0.066722
0.068379
0.067923
0.068309
0.076274
0.070161
0.075640
0.070392
0.071494
0.070294
0.071494
0.074497
0.074734
0.072618
0.073626
0.073186
0.071268
0.070579
0.078892
0.072410
0.074785
0.075180
0.075802
0.076071
0.074732
0.071628
0.074732
0.074071
0.076592
0.075198
0.064677
0.075464
0.105452
0.106466
0.106384
0.105818
0.105471
0.105555
0.105132
0.106804
0.105396
0.105934
0.105396
0.108255
0.104670
0.105123
0.082023
0.081524
0.074049
0.076970
0.077531
0.073131
0.078897
0.079669
0.072228
0.058855
0.078719
0.081248
0.083003
0.080953
0.075844
0.081940
0.081731
0.081083
0.085559
0.082513
0.085153
0.084918
0.084400
0.074573
0.079754
0.075271
0.080312
0.085576
0.082998
0.086819
0.083120
0.080149
0.084452
0.084708
0.085539
0.087002
0.080392
0.081005
0.081623
0.042369
0.083798
0.083855
0.081885
0.049394
0.079389
0.084340
0.082631
0.082139
0.076336
0.077094
0.071627
0.075863
0.078138
0.077992
0.077219
0.085489
0.082106
0.083040
0.078363
0.078374
0.079951
0.081387
0.081654
0.083312
0.078462
0.078589
0.078385
0.080186
0.082373
0.081391
0.079789
0.077358
0.077503
0.077918
0.079081
0.077925
0.081579
0.082499
0.080407
0.086450
0.078973
0.069251
0.078631
0.080065
0.079223
0.083413
0.077814
0.076861
0.077171
0.083259
0.079737
0.083248
0.083271
0.081042
0.084091
0.077982
0.083785
0.077547
0.082651
0.075341
0.082058
0.079737
0.083182
0.081993
0.078316
0.080418
0.080283
0.083788
0.082123
0.074364
0.082600
0.075987
0.080570
0.080283
0.079455
0.079841
0.079105
0.079068
0.077080
0.081308
0.074702
0.080224
0.078928
0.080796
0.082954
0.079007
0.071461
0.075661
0.078009
0.052711
0.078318
0.077353
0.080933
0.079678
0.078372
0.079122
0.074396
0.072392
0.072356
0.071336
0.072085
0.071603
0.072221
0.067146
0.062687
0.071034
0.075432
0.069954
0.064169
0.067429
0.067713
0.070361
0.065639
0.068523
0.068916
0.072392
0.068770
0.070967
0.066140
0.065415
0.073412
0.065836
0.072010
0.069275
0.068320
0.070856
0.076951
0.070404
0.070103
0.072516
0.068169
0.068812
0.069994
0.061817
0.062707
0.068506
0.071263
0.069823
0.062251
0.066258
0.061134
0.060131
0.058392
0.061145
0.031035
0.065286
0.066599
0.066096
0.066660
0.071886
0.070873
0.066971
0.063025
0.065806
0.068652
0.073155
0.074277
0.071886
0.066044
0.071215
0.065156
0.071948
0.062843
0.073797
0.069477
0.069116
0.070563
0.070851
0.072063
0.069195
0.068025
0.061675
0.066610
0.066584
0.071355
0.068526
0.071208
0.068332
0.064504
0.066562
0.065839
0.067954
0.064572
0.066816
0.063956
0.064691
0.068192
0.066116
0.064459
0.062108
0.064930
0.065596
0.063797
0.064712
0.063392
0.063348
0.059543
0.065661
0.063616
0.059337
0.059667
0.059667
0.061752
0.062738
0.064691
0.062185
0.060509
0.061324
0.060928
0.063810
0.061565
0.052023
0.055883
0.055808
0.052355
0.059866
0.063172
0.063303
0.060817
0.062693
0.060410
0.063333
0.051570
0.063299
0.055433
0.055883
0.058133
0.061822
0.056018
0.061885
0.059313
0.062272
0.062748
0.059030
0.057390
0.061063
0.063283
0.060701
0.054616
0.053497
0.053461
0.056554
0.057136
0.060036
0.055809
0.055999
0.059097
0.060038
0.060466
0.061310
0.059971
0.060003
0.057569
0.055950
0.047662
0.057967
0.056018
0.060047
0.060425
0.057569
0.058705
0.059754
0.058951
0.059541
0.057044
0.055230
0.054907
0.054477
0.058026
0.057489
0.055183
0.044351
0.055475
0.053072
0.055357
0.054442
0.054370
0.055067
0.052799
0.050818
0.053959
0.050417
0.052093
0.054691
0.053206
0.051140
0.053797
0.050330
0.051888
0.054293
0.051684
0.050915
0.051433
0.044042
0.042471
0.048868
0.027409
0.034274
0.047565
0.045470
0.045892
0.045300
0.041675
0.036968
0.039923
0.038164
0.041133
0.040378
0.042079
0.041239
0.036737
0.031164
0.036446
0.034141
0.031288
0.035652
0.038079
0.036202
0.037069
0.035322
0.034573
0.034345
0.036364
0.034728
0.036085
0.036434
0.035716
0.037017
0.037000
0.034713
0.030077
0.035879
0.037862
0.034200
0.036739
0.034946
0.036864
0.036452
0.037054
0.036515
0.036736
0.037013
0.037203
0.033082
0.027315
0.030143
0.035059
0.032741
0.035082
0.036834
0.033837
0.036996
0.035698
0.036193
0.029615
0.036753
0.034946
0.038333
0.036119
0.034859
0.035365
0.033965
0.032893
0.034888
0.033736
0.031997
0.030357
0.031840
0.032076
0.030080
0.030959
0.030794
0.030751
0.030139
0.022978
0.025728
0.028041
0.027660
0.028327
0.029855
0.028360
0.028427
0.027884
0.023716
0.027484
0.028248
0.028901
0.028327
0.027545
0.028011
0.029307
0.027923
0.029619
0.026157
0.028128
0.029785
0.027582
0.027810
0.027639
0.028088
0.028823
0.028596
0.028867
0.028793
0.029667
0.029482
0.029655
0.029809
0.028402
0.026636
0.028452
0.028299
0.029750
0.027711
0.028745
0.029355
0.028572
0.027676
0.027230
0.028150
0.029183
0.028215
0.028367
0.028303
0.029489
0.028723
0.029059
0.029450
0.029609
0.028714
0.028584
0.029232
0.029230
0.026251
0.028490
0.028242
0.015690
0.028653
0.029325
0.028604
0.029267
0.028985
0.029351
0.028635
0.028179
0.027428
0.028425
0.027553
0.028084
0.028208
0.025467
0.028659
0.028566
0.028051
0.027973
0.028458
0.027016
0.028318
0.019845
0.026235
0.024084
0.027060
0.026027
0.014810
0.027316
0.026668
0.028294
0.026282
0.025405
0.025426
0.024482
0.026437
0.025066
0.024538
0.024309
0.022893
0.024337
0.014233
0.020824
0.023495
0.020643
0.023092
0.024784
0.023064
0.023103
0.024473
0.019292
0.015533
0.024229
0.022685
0.022758
0.022978
0.025368
0.027000
0.028176
0.029442
0.029523
0.027720
0.030322
0.029995
0.030565
0.029728
0.032993
0.034610
0.033993
0.033418
0.034260
0.033229
0.035282
0.035290
0.035074
0.027880
0.033628
0.034686
0.034193
0.037279
0.035694
0.038309
0.037873
0.037279
0.037754
0.035604
0.038290
0.040730
0.040353
0.042626
0.043256
0.041717
0.042764
0.043012
0.043012
0.043485
0.043698
0.043864
0.042927
0.043492
0.043651
0.043882
0.052535
0.047587
0.049000
0.050223
0.047644
0.046843
0.050174
0.050077
0.054271
0.056069
0.057844
0.059445
0.063871
0.066983
0.066784
0.065971
0.071917
0.072846
0.071321
0.071730
0.071769
0.071459
0.076070
0.086764
0.091150
0.094787
0.096885
0.092531
0.088727
0.089571
0.087844
0.088275
0.093431
0.095865
0.099589
0.099589
0.088301
0.096735
0.095952
0.098712
0.091501
0.093006
0.091656
0.094073
0.094181
0.093604
0.097976
0.096418
0.093924
0.098276
0.105602
0.104440
0.100861
0.101309
0.100503
0.095983
0.098735
0.100665
0.100404
0.101191
0.099608
0.104755
0.105827
0.105748
0.098032
0.106790
0.107450
0.113209
0.130002
0.120335
0.116855
0.115973
0.116973
0.110527
0.103590
0.082107
0.081084
0.092771
0.100715
0.105120
0.093639
0.099008
0.098520
0.090004
0.092516
0.097481
0.098366
0.099004
0.096856
0.104482
0.106170
0.108610
0.115250
0.110463
0.113902
0.111279
0.121093
0.112515
0.119853
0.114825
0.120715
0.119963
0.118477
0.113433
0.119775
0.125188
0.126017
0.127083
0.137011
0.133942
0.131081
0.132205
0.132949
0.130001
0.137881
0.137891
0.132766
0.139905
0.143307
0.145705
0.145392
0.135927
0.140974
0.136468
0.138140
0.141287
0.155579
0.135146
0.153183
0.157398
0.167576
0.156600
0.152571
0.161550
0.169748
0.166012
0.165122
0.162140
0.165899
0.121748
0.167925
0.168075
0.176475
0.180650
0.177695
0.179630
0.181525
0.189184
0.184912
0.179481
0.175579
0.177407
0.176089
0.184129
0.175740
0.183568
0.185473
0.197331
0.199551
0.193253
0.188027
0.194787
0.197017
0.189023
0.192020
0.191653
0.184001
0.198633
0.198821
0.194168
0.206857
0.199815
0.200684
0.205685
0.184759
0.194212
0.208498
0.201672
0.203180
0.200158
0.201244
0.201066
0.205563
0.209961
0.203343
0.212522
0.220480
0.227113
0.217270
0.227589
0.223703
0.222686
0.224701
0.215181
0.224701
0.245680
0.222267
0.217468
0.236600
0.217945
0.213409
0.212158
0.218443
0.424724
0.237752
0.274194
0.235421
0.226224
0.230902
0.249806
0.229706
0.228866
0.206118
0.275422
0.267239
0.246589
0.257772
0.305972
0.282724
0.213660
0.350460
0.328620
0.107645
0.289196
0.274559
0.067639
0.368222
0.328756
0.287220
0.217222
0.261113
0.280319
0.286903
0.264643
0.266753
0.240509
0.314062
0.279605
0.286166
0.209257
0.311438
0.300506
0.363942
0.360984
0.255382
0.260777
0.270007
0.283360
0.283004
0.307429
0.321436
0.341511
0.273249
0.305065
0.319369
0.215504
0.203252
0.212030
0.224551
0.219377
0.236265
0.241697
0.240938
0.223868
0.231145
0.235718
0.236317
0.240294
0.236317
0.235854
0.246765
0.216038
0.228982
0.225122
0.246765
0.247299
0.257129
0.279347
0.292774
0.255648
0.255568
0.210381
0.228477
0.221793
0.220794
0.251774
0.229045
0.239755
0.251567
0.292181
0.246239
0.255668
0.246518
0.240297
0.265219
0.195767
0.225422
0.240824
0.225354
0.232181
0.231891
0.222597
0.225222
0.232160
0.225222
0.215986
0.212723
0.202086
0.201023
0.195314
0.196463
0.206586
0.206585
0.200417
0.199519
0.209413
0.172001
0.172490
0.177672
0.187163
0.174749
0.177682
0.183429
0.188030
0.182211
0.180429
0.183464
0.189347
0.186778
0.198958
0.196549
0.190347
0.196122
0.192616
0.204338
0.190800
0.200594
0.193639
0.196139
0.199815
0.189688
0.186626
0.194508
0.185387
0.189359
0.191755
0.198526
0.181688
0.184064
0.176885
0.189557
0.190067
0.177874
0.158310
0.169352
0.169019
0.167815
0.164864
0.164054
0.166890
0.174408
0.173088
0.177824
0.191265
0.175354
0.177155
0.184002
0.166765
0.172187
0.176344
0.180404
0.174959
0.162644
0.129946
0.125726
0.166091
0.168525
0.169007
0.162787
0.166929
0.166556
0.162621
0.162838
0.153364
0.170046
0.159740
0.158140
0.157608
0.167433
0.159093
0.169594
0.159002
0.111504
0.149542
0.152786
0.154656
0.147190
0.146121
0.153726
0.141938
0.149296
0.149307
0.141307
0.146693
0.091675
0.139822
0.148588
0.155898
0.157466
0.159402
0.161529
0.157073
0.153381
0.153184
0.171643
0.164228
0.167476
0.155648
0.168804
0.157628
0.158833
0.157170
0.155080
0.153330
0.162326
0.159902
0.154472
0.160280
0.154823
0.132743
0.137962
0.142268
0.143951
0.141632
0.141963
0.144655
0.143534
0.136750
0.139650
0.141768
0.134819
0.144849
0.134652
0.141267
0.134811
0.135608
0.128820
0.129088
0.128323
0.127690
0.126287
0.126640
0.125774
0.125286
0.125219
0.133153
0.129298
0.130474
0.117450
0.125717
0.115153
0.123160
0.115420
0.127726
0.126589
0.086089
0.109920
0.115846
0.109886
0.136239
0.139979
0.152647
0.146307
0.173849
0.179255
0.178795
0.192977
0.191331
0.196968
0.182347
0.196551
0.244646
0.251637
0.273752
0.264361
0.235911
0.231206
0.232692
0.210386
0.194171
0.207571
0.205325
0.209134
0.205757
0.201011
0.205387
0.190396
0.191876
0.194525
0.188250
0.191070
0.186094
0.185901
0.175140
0.183524
0.179060
0.171985
0.168398
0.177174
0.174604
0.169584
0.167865
0.161122
0.165414
0.166029
0.157924
0.157924
0.154417
0.158145
0.158108
0.158252
0.144157
0.149847
0.154040
0.158010
0.143644
0.140982
0.141716
0.133370
0.136678
0.124284
0.141836
0.142358
0.141625
0.142239
0.135569
0.133371
0.133859
0.146748
0.141146
0.088329
0.137396
0.132465
0.145932
0.139791
0.142935
0.121556
0.142189
0.136152
0.133727
0.141214
0.138474
0.133618
0.135998
0.134586
0.139229
0.135334
0.131384
0.134989
0.133372
0.132413
0.115407
0.129961
0.125112
0.119876
0.108536
0.114504
0.108748
0.117880
0.109319
0.111205
0.127484
0.129654
0.123086
0.115931
0.130205
0.142632
0.139113
0.134828
0.141364
0.138250
0.142317
0.153194
0.147120
0.137482
0.143735
0.160030
0.159188
0.155658
0.154286
0.157213
0.164470
0.157696
0.163631
0.153402
0.186276
0.187888
0.221556
0.219662
0.202655
0.219649
0.201944
0.174994
0.207559
0.176969
0.163937
0.248590
0.228193
0.269124
0.236805
0.219572
0.214825
0.186767
0.170072
0.199882
0.213101
0.228812
0.199882
0.190614
0.207935
0.184828
0.173937
0.183236
0.181957
0.172291
0.172281
0.167837
0.165286
0.170005
0.168035
0.162324
0.162556
0.163417
0.165013
0.160291
0.143957
0.156482
0.158366
0.168431
0.154800
0.156815
0.149826
0.153754
0.143379
0.130439
0.127373
0.128605
0.128468
0.123457
0.132894
0.122998
0.131221
0.119489
0.129890
0.135439
0.121570
0.117340
0.126754
0.124195
0.116473
0.118884
0.114961
0.117675
0.112841
0.118148
0.098978
0.117107
0.088701
0.099540
0.115449
0.122228
0.114988
0.114513
0.107793
0.115191
0.112988
0.106854
0.110453
0.105926
0.107000
0.105471
0.110924
0.097080
0.106894
0.115648
0.113279
0.114530
0.110542
0.112514
0.107741
0.108020
0.104783
0.101926
0.109575
0.103141
0.095772
0.093017
0.094377
0.097735
0.101045
0.093762
0.095746
0.090853
0.081826
0.075830
0.082799
0.084261
0.076030
0.084193
0.083846
0.090402
0.079190
0.073640
0.074860
0.074860
0.076137
0.078601
0.076345
0.073155
0.075331
0.071534
0.064610
0.056759
0.069045
0.073469
0.075250
0.076490
0.082798
0.080492
0.077469
0.083293
0.085841
0.069734
0.078827
0.082718
0.082188
0.075596
0.078494
0.088307
0.084126
0.084815
0.084640
0.085687
0.079052
0.096694
0.084437
0.071609
0.005233
0.007118
0.004990
0.006856
0.111325
0.116773
0.116190
0.145989
0.153450
0.144376
0.144277
0.142093
0.141202
0.161399
0.152160
0.105798
0.145028
0.130459
0.134540
0.132518
0.142299
0.147647
0.119043
0.130903
0.143211
0.135918
0.135194
0.134356
0.136164
0.133471
0.133033
0.128420
0.124230
0.123656
0.118169
0.126747
0.126747
0.120254
0.114447
0.132334
0.136164
0.132463
0.124182
0.117338
0.130887
0.109870
0.119021
0.129345
0.124111
0.090007
0.109109
0.116223
0.113335
0.113142
0.113901
0.110889
0.106163
0.111235
0.108023
0.104741
0.106163
0.108499
0.107933
0.107253
0.101415
0.112458
0.103829
0.107521
0.112994
0.113708
0.108897
0.112801
0.101035
0.107683
0.109037
0.114505
0.083831
0.115334
0.103835
0.108616
0.098701
0.102733
0.107551
0.099186
0.100034
0.101457
0.101297
0.122795
0.130787
0.133877
0.124821
0.124330
0.128814
0.141538
0.137969
0.133598
0.140407
0.145187
0.141779
0.150340
0.166862
0.061833
0.151014
0.142869
0.170210
0.174758
0.175537
0.161872
0.163857
0.153863
0.155483
0.166487
0.184132
0.150873
0.189916
0.259687
0.257741
0.266059
0.266272
0.286413
0.259089
0.197222
0.266845
0.237064
0.244975
0.277799
0.164105
0.175271
0.181771
0.170170
0.163476
0.216866
0.184419
0.166921
0.154476
0.170987
0.161129
0.158895
0.129838
0.146267
0.152771
0.129237
0.132941
0.140651
0.139023
0.110741
0.126909
0.128732
0.125255
0.123286
0.023331
0.099384
0.118528
0.112496
0.122924
0.125856
0.096834
0.088290
0.085768
0.052605
0.051670
0.066359
0.058815
0.069788
0.067674
0.072425
0.066838
0.075480
0.062508
0.067960
0.072421
0.073325
0.071041
0.065824
0.078142
0.074094
0.075958
0.081153
0.081647
0.075677
0.055908
0.051978
0.065173
0.070275
0.068573
0.065886
0.068610
0.081552
0.075134
0.084397
0.074479
0.077387
0.093868
0.090849
0.102121
0.093479
0.094057
0.090481
0.085201
0.084165
0.086450
0.063512
0.090462
0.094485
0.092106
0.094079
0.099610
0.093795
0.078522
0.088076
0.094485
0.105185
0.098219
0.089330
0.072102
0.086845
0.085761
0.081982
0.082267
0.086298
0.086252
0.090041
0.080457
0.078522
0.088270
0.087644
0.091698
0.083603
0.086503
0.083401
0.077951
0.064765
0.076005
0.072301
0.079658
0.077170
0.083634
0.065541
0.066958
0.078897
0.075625
0.071823
0.065052
0.078486
0.067773
0.067812
0.061596
0.058465
0.056433
0.064386
0.065167
0.063265
0.063474
0.061618
0.059661
0.059300
0.063234
0.059623
0.055512
0.065399
0.070169
0.083825
0.087494
0.083366
0.086939
0.089427
0.119759
0.116707
0.113034
0.107750
0.103786
0.111506
0.112869
0.119285
0.121103
0.125740
0.124019
0.118342
0.127631
0.121724
0.113838
0.130926
0.147679
0.149487
0.151485
0.147833
0.141082
0.137709
0.112134
0.136396
0.142769
0.144165
0.151027
0.153314
0.148980
0.155637
0.150975
0.151466
0.148075
0.153051
0.164963
0.164779
0.173707
0.166377
0.171797
0.166689
0.122786
0.166478
0.164731
0.172528
0.173110
0.181804
0.174171
0.172651
0.167853
0.167161
0.175470
0.178038
0.176111
0.165110
0.144443
0.138495
0.135814
0.136106
0.148858
0.138262
0.131272
0.150251
0.133889
0.136978
0.131220
0.130387
0.118168
0.131270
0.144442
0.114955
0.128853
0.139473
0.135137
0.136381
0.109401
0.139688
0.135016
0.132646
0.134068
0.133366
0.133115
0.128747
0.140828
0.130611
0.118176
0.129940
0.118252
0.130711
0.129653
0.140798
0.148095
0.137637
0.155611
0.145842
0.146939
0.138495
0.129129
0.130842
0.137245
0.128646
0.133032
0.124257
0.121941
0.124620
0.105985
0.106710
0.106597
0.107694
0.093352
0.099781
0.101649
0.083212
0.084202
0.080518
0.080962
0.078192
0.079908
0.083625
0.082676
0.080666
0.080934
0.078619
0.077927
0.080863
0.081304
0.081972
0.079586
0.080423
0.084822
0.082011
0.081526
0.083226
0.080762
0.079908
0.079494
0.079012
0.079600
0.078358
0.078782
0.079405
0.078442
0.077650
0.077034
0.081194
0.079897
0.078747
0.078768
0.078121
0.076801
0.076751
0.076751
0.075973
0.074914
0.075433
0.073951
0.075213
0.075270
0.071023
0.071121
0.070794
0.071371
0.071345
0.069484
0.068134
0.070436
0.066223
0.067633
0.067142
0.066316
0.065501
0.065353
0.065606
0.064667
0.064676
0.066022
0.064628
0.063247
0.062484
0.064722
0.062848
0.063320
0.061655
0.062400
0.058649
0.056436
0.055989
0.056013
0.055535
0.056798
0.054718
0.055212
0.056268
0.057817
0.060359
0.058331
0.058229
0.061718
0.058328
0.058122
0.059100
0.061713
0.066155
0.082544
0.089791
0.090205
0.089457
0.087058
0.083975
0.073502
0.080933
0.076240
0.079651
0.083111
0.082614
0.083903
0.087779
0.087455
0.087651
0.087171
0.088374
0.090705
0.089123
0.089450
0.089150
0.091954
0.091249
0.090111
0.090918
0.091938
0.091786
0.090994
0.094388
0.095894
0.096006
0.097355
0.093110
0.092091
0.092716
0.093572
0.092993
0.093075
0.093691
0.094307
0.093661
0.094431
0.095891
0.094759
0.095952
0.095922
0.097752
0.098491
0.099789
0.100064
0.102266
0.100630
0.104794
0.106605
0.108390
0.109075
0.107667
0.107241
0.107320
0.107044
0.107118
0.105514
0.104926
0.105235
0.106287
0.115541
0.119968
0.119187
0.118610
0.108146
0.106255
0.105308
0.107305
0.105272
0.104848
0.103255
0.101385
0.101618
0.101834
0.104334
0.103638
0.102540
0.101292
0.101709
0.105072
0.103333
0.099920
0.102590
0.098876
0.100463
0.100253
0.101309
0.098847
0.101382
0.102884
0.102670
0.104957
0.101813
0.103050
0.102956
0.101481
0.102384
0.102233
0.102832
0.103388
0.102176
0.102989
0.103851
0.104927
0.105204
0.106734
0.105908
0.109573
0.104520
0.107135
0.107818
0.108675
0.108137
0.108577
0.107180
0.108608
0.108653
0.103996
0.108305
0.109225
0.106855
0.108510
0.110372
0.108977
0.110363
0.110044
0.110684
0.111997
0.111890
0.110244
0.110442
0.109472
0.108146
0.109033
0.109807
0.108838
0.109265
0.107156
0.105848
0.132852
0.107721
0.107488
0.107114
0.105169
0.105481
0.106738
0.105534
0.106061
0.106749
0.107458
0.106319
0.106577
0.107862
0.105662
0.105722
0.104036
0.104944
0.103322
0.103915
0.103062
0.102055
0.103001
0.102518
0.102249
0.101279
0.100757
0.101798
0.101235
0.100446
0.101431
0.099813
0.100283
0.097202
0.100413
0.101293
0.101316
0.099875
0.100677
0.099315
0.100161
0.100517
0.099932
0.100584
0.099051
0.098584
0.100604
0.100017
0.099421
0.099901
0.099040
0.099067
0.098822
0.100494
0.100179
0.100455
0.100348
0.098681
0.098326
0.098341
0.098182
0.098190
0.097956
0.097725
0.097798
0.097867
0.096630
0.095870
0.098165
0.097701
0.096923
0.097044
0.096823
0.096313
0.096834
0.096328
0.093914
0.095684
0.095345
0.095114
0.095375
0.094598
0.094430
0.092061
0.092590
0.092992
0.093450
0.093085
0.092036
0.109225
0.090575
0.089914
0.089743
0.094404
0.105725
0.104154
0.105801
0.105066
0.105667
0.104397
0.107056
0.108717
0.106443
0.106812
0.107108
0.107830
0.108133
0.109496
0.113163
0.110703
0.109803
0.108167
0.107661
0.107493
0.109527
0.106165
0.105644
0.103183
0.104664
0.106339
0.115546
0.104908
0.106454
0.102802
0.097948
0.097849
0.099214
0.103411
0.104502
0.102711
0.103376
0.105643
0.107886
0.105469
0.104548
0.106076
0.106841
0.106219
0.106827
0.109021
0.111025
0.112924
0.109095
0.110718
0.114032
0.116363
0.113883
0.116085
0.117306
0.115541
0.116400
0.117765
0.119085
0.118371
0.123091
0.121709
0.127632
0.124505
0.112585
0.114143
0.117807
0.119068
0.120534
0.112986
0.102732
0.090781
0.092095
0.109811
0.116647
0.113570
0.111107
0.111732
0.112954
0.118407
0.117375
0.127391
0.126542
0.127968
0.119307
0.134027
0.113271
0.112360
0.114890
0.112472
0.112397
0.113560
0.112391
0.112168
0.111912
0.111830
0.111616
0.128019
0.110948
0.113621
0.112117
0.135477
0.142139
0.132499
0.109634
0.111901
0.109275
0.110800
0.107935
0.107052
0.107878
0.108031
0.108160
0.116140
0.128814
0.123374
0.114305
0.120446
0.109549
0.111464
0.122822
0.123913
0.123532
0.123863
0.123779
0.124082
0.121683
0.121526
0.122408
0.124023
0.123500
0.127826
0.132418
0.126091
0.125077
0.122322
0.120878
0.122902
0.123774
0.123411
0.126079
0.125269
0.129330
0.132463
0.110366
0.124836
0.126889
0.123848
0.132403
0.125685
0.129297
0.133257
0.133606
0.129154
0.135528
0.138369
0.142128
0.133037
0.109819
0.109604
0.120017
0.119461
0.114546
0.115826
0.119321
0.122923
0.119172
0.129832
0.126539
0.110745
0.133899
0.126304
0.118699
0.132561
0.140510
0.129719
0.119255
0.117225
0.123017
0.133357
0.112906
0.113574
0.113610
0.115167
0.113769
0.115095
0.114383
0.118744
0.116568
0.132231
0.132429
0.138206
0.143723
0.128817
0.120837
0.125943
0.135571
0.136755
0.137099
0.137953
0.143635
0.149077
0.146003
0.143793
0.145267
0.145408
0.147149
0.143540
0.144548
0.145506
0.139490
0.137901
0.135846
0.135931
0.142941
0.137891
0.140353
0.140005
0.144190
0.147102
0.140721
0.136215
0.122040
0.137165
0.114528
0.134606
0.121463
0.122183
0.132822
0.135971
0.123648
0.133435
0.132696
0.136886
0.157109
0.161705
0.178432
0.172592
0.149982
0.165627
0.152933
0.137197
0.136159
0.137448
0.163366
0.173327
0.154559
0.165302
0.180810
0.178784
0.166184
0.177800
0.166233
0.181063
0.184794
0.167467
0.184458
0.179070
0.169470
0.185630
0.173891
0.169187
0.169693
0.170165
0.170315
0.184433
0.199630
0.170080
0.169065
0.169055
0.166951
0.165342
0.167119
0.164804
0.162887
0.165919
0.164749
0.172029
0.163150
0.162606
0.162183
0.158144
0.160283
0.176341
0.175940
0.162587
0.163297
0.157979
0.156780
0.156788
0.158865
0.154685
0.161411
0.174180
0.174524
0.172962
0.173392
0.156725
0.154693
0.153126
0.155046
0.174219
0.163995
0.157856
0.157521
0.152288
0.166865
0.182182
0.179640
0.150860
0.150343
0.149122
0.170500
0.175492
0.168784
0.149297
0.150552
0.147960
0.146891
0.148580
0.153292
0.164113
0.161766
0.160820
0.166451
0.158923
0.174474
0.179969
0.170684
0.169484
0.139367
0.145944
0.141778
0.165961
0.143988
0.143301
0.140294
0.140973
0.138754
0.138461
0.138428
0.142405
0.152055
0.149132
0.156096
0.164311
0.169097
0.168664
0.141862
0.141332
0.137937
0.138111
0.137467
0.138532
0.138110
0.139243
0.145059
0.151994
0.157670
0.157069
0.163911
0.165941
0.169021
0.176148
0.172865
0.173255
0.172335
0.171063
0.175927
0.176608
0.168937
0.171545
0.174321
0.168928
0.178692
0.185348
0.181709
0.182077
0.188335
0.186117
0.193082
0.193396
0.196311
0.196999
0.194411
0.229613
0.219036
0.236788
0.235518
0.229685
0.222100
0.209436
0.207685
0.208477
0.229407
0.229641
0.232000
0.225244
0.226126
0.226102
0.235289
0.225324
0.206817
0.212002
0.213319
0.205598
0.201901
0.216818
0.199216
0.227410
0.217891
0.215079
0.218544
0.219118
0.217472
0.217860
0.226690
0.219750
0.196901
0.201650
0.209928
0.204072
0.200905
0.202428
0.195132
0.203150
0.196091
0.206413
0.197911
0.200379
0.223125
0.217789
0.216991
0.216952
0.216921
0.210961
0.196637
0.210417
0.211492
0.212154
0.204057
0.206569
0.208882
0.208740
0.210705
0.211281
0.215218
0.205280
0.200293
0.212205
0.211885
0.205516
0.206527
0.209280
0.209501
0.205362
0.201090
0.200989
0.200111
0.202702
0.201995
0.201818
0.201585
0.201122
0.208267
0.208427
0.210153
0.199820
0.198864
0.198413
0.198255
0.201335
0.199463
0.202733
0.204181
0.205570
0.208149
0.208202
0.203513
0.212057
0.207215
0.212291
0.211442
0.212706
0.217681
0.214073
0.214593
0.218097
0.224139
0.233690
0.229030
0.230521
0.237474
0.234578
0.235917
0.234474
0.235763
0.230474
0.230442
0.234841
0.233029
0.234006
0.228392
0.232845
0.232076
0.234748
0.228323
0.231627
0.233425
0.230704
0.233188
0.239090
0.243901
0.253395
0.234076
0.227349
0.226084
0.227155
0.220257
0.220440
0.215162
0.218760
0.215109
0.216591
0.216050
0.217784
0.221256
0.217067
0.218285
0.223610
0.219935
0.224056
0.231280
0.219236
0.214881
0.213917
0.211727
0.220730
0.218639
0.212157
0.211972
0.214897
0.207959
0.214108
0.215513
0.212726
0.211880
0.210573
0.212302
0.205708
0.205740
0.210712
0.210169
0.214375
0.211837
0.214897
0.212774
0.214163
0.217169
0.220872
0.222637
0.224896
0.226487
0.223461
0.227364
0.228604
0.225906
0.230959
0.231155
0.232573
0.231363
0.231449
0.229531
0.235853
0.236754
0.236477
0.241386
0.233967
0.241039
0.239755
0.245570
0.247383
0.245554
0.247864
0.247296
0.250045
0.253269
0.255457
0.254876
0.254578
0.265350
0.259605
0.262737
0.263510
0.274821
0.273732
0.277182
0.283717
0.280957
0.281603
0.281398
0.283638
0.285533
0.281400
0.283303
0.292597
0.288651
0.292191
0.314400
0.348672
0.354449
0.346501
0.349489
0.347632
0.350817
0.349400
0.346619
0.346420
0.350831
0.351576
0.344911
0.359970
0.347079
0.354511
0.354433
0.368047
0.375909
0.360260
0.385179
0.367966
0.381114
0.389112
0.387698
0.381088
0.409386
0.395488
0.407210
0.448748
0.386152
0.392966
0.392636
0.396857
0.419060
0.423207
0.440725
0.499869
0.473970
0.492320
0.524636
0.490788
0.520077
0.451172
0.406943
0.418581
0.482609
0.405138
0.393917
0.433458
0.423379
0.395514
0.404558
0.449605
0.449957
0.466963
0.585836
0.547131
0.517935
0.516511
0.673534
0.484811
0.543444
0.669613
0.544888
0.586590
0.775296
0.597625
0.529853
0.592101
0.590074
0.471745
0.550355
0.470272
0.437551
0.489793
0.469636
0.470937
0.491539
0.428099
0.457808
0.412139
0.414532
0.414085
0.438906
0.399912
0.410799
0.437140
0.415658
0.461338
0.463738
0.559477
0.482713
0.445457
0.512462
0.427840
0.435558
0.446473
0.429051
0.398619
0.400859
0.403594
0.428741
0.408920
0.437112
0.437442
0.411484
0.394321
0.390182
0.373173
0.362204
0.396293
0.380303
0.387695
0.370270
0.379065
0.365530
0.381342
0.386583
0.386554
0.397286
0.389482
0.395702
0.381081
0.378000
0.385731
0.404811
0.408330
0.389412
0.390990
0.391224
0.384377
0.378352
0.372509
0.355999
0.368444
0.371364
0.383188
0.367075
0.375655
0.402444
0.351074
0.357344
0.356515
0.347859
0.339008
0.349259
0.332443
0.329682
0.302130
0.309887
0.304040
0.302457
0.302512
0.303067
0.303455
0.292329
0.300111
0.327686
0.353384
0.347694
0.351101
0.349558
0.350678
0.364069
0.334619
0.316830
0.353969
0.360417
0.363944
0.354965
0.356978
0.344810
0.339266
0.331190
0.324727
0.320558
0.317984
0.326824
0.324030
0.312359
0.315585
0.324126
0.324988
0.352668
0.353246
0.337808
0.335194
0.324663
0.352991
0.335495
0.334897
0.331038
0.334500
0.346798
0.322424
0.344126
0.343339
0.341079
0.345230
0.342011
0.338193
0.340301
0.338368
0.335895
0.325762
0.324968
0.325991
0.335610
0.331882
0.355113
0.347107
0.343792
0.330265
0.317232
0.315708
0.320233
0.320579
0.337790
0.325736
0.331529
0.332801
0.352265
0.341600
0.328862
0.321785
0.338665
0.331080
0.324423
0.339094
0.326934
0.325734
0.330783
0.310844
0.303060
0.311608
0.312603
0.326733
0.327880
0.313706
0.315736
0.334297
0.319945
0.328342
0.330957
0.301109
0.313441
0.313952
0.304933
0.332789
0.329879
0.348126
0.323046
0.324557
0.324722
0.328264
0.313891
0.318620
0.332790
0.327678
0.316842
0.313056
0.311572
0.306132
0.314764
0.316668
0.303795
0.315761
0.321835
0.324228
0.310598
0.312757
0.310143
0.312882
0.307927
0.319713
0.310460
0.324623
0.318700
0.324914
0.313864
0.318008
0.328223
0.320637
0.320861
0.314572
0.319130
0.319566
0.323084
0.347735
0.325688
0.328630
0.329332
0.324032
0.322862
0.320382
0.321329
0.320866
0.320949
0.322316
0.316910
0.325600
0.326908
0.330147
0.324027
0.313213
0.305713
0.304515
0.306480
0.305333
0.303513
0.301620
0.305674
0.309121
0.327283
0.342277
0.332205
0.312982
0.322244
0.316856
0.321726
0.317490
0.307441
0.309653
0.324346
0.339485
0.364025
0.367000
0.353491
0.335421
0.337923
0.366250
0.392107
0.347027
0.343211
0.330013
0.324426
0.327345
0.325021
0.318012
0.323284
0.322122
0.321244
0.318045
0.314711
0.314647
0.315121
0.308418
0.322229
0.311822
0.305875
0.304980
0.297929
0.302182
0.289202
0.284844
0.284666
0.283591
0.281421
0.284966
0.281482
0.284051
0.279550
0.278321
0.275854
0.274254
0.268182
0.271568
0.269138
0.267203
0.263504
0.262255
0.264682
0.260929
0.263316
0.262453
0.262964
0.261466
0.254664
0.254552
0.257314
0.256216
0.276069
0.280934
0.283363
0.274886
0.274381
0.270419
0.268777
0.263939
0.260353
0.263027
0.261537
0.262714
0.260769
0.259153
0.255575
0.260570
0.255493
0.258887
0.256774
0.258896
0.263691
0.280251
0.288154
0.287549
0.286183
0.282542
0.280205
0.281944
0.283057
0.282272
0.280800
0.290858
0.282570
0.278619
0.269288
0.266352
0.255135
0.262608
0.262914
0.252891
0.252197
0.252317
0.254007
0.246662
0.242449
0.235258
0.238430
0.238786
0.240638
0.242558
0.244254
0.239986
0.239331
0.240079
0.236838
0.231077
0.222110
0.225111
0.223276
0.221065
0.216015
0.217554
0.219113
0.226278
0.219481
0.226143
0.228657
0.223834
0.220539
0.223486
0.229529
0.221267
0.221977
0.227455
0.232358
0.229584
0.228494
0.226319
0.224778
0.224336
0.222855
0.222192
0.222110
0.220954
0.221029
0.221361
0.221143
0.219218
0.219848
0.221254
0.218471
0.220401
0.219694
0.220735
0.222343
0.242111
0.265093
0.242715
0.238889
0.233678
0.233289
0.234152
0.231037
0.230628
0.230503
0.230250
0.224516
0.224194
0.225216
0.223792
0.224318
0.229459
0.233005
0.233749
0.233675
0.232812
0.229952
0.227200
0.223947
0.225687
0.223584
0.221979
0.222072
0.221468
0.221376
0.218881
0.219456
0.221522
0.216056
0.219865
0.215843
0.214872
0.214209
0.216899
0.217551
0.215097
0.215473
0.210570
0.213080
0.214532
0.212696
0.211841
0.217202
0.219265
0.224937
0.227468
0.227774
0.226155
0.225927
0.225739
0.225729
0.227554
0.225416
0.229179
0.222752
0.222401
0.221540
0.220685
0.224995
0.226549
0.226648
0.227210
0.224915
0.225631
0.224909
0.221594
0.218736
0.216746
0.218532
0.214590
0.213810
0.210988
0.210495
0.210002
0.213801
0.214495
0.212695
0.212110
0.210386
0.209122
0.213753
0.206606
0.205825
0.207012
0.207881
0.210846
0.225043
0.228142
0.226736
0.219887
0.219482
0.217494
0.223818
0.223515
0.224353
0.227570
0.231233
0.233717
0.263546
0.233339
0.288110
0.256597
0.243798
0.239535
0.237772
0.235910
0.238970
0.234406
0.233176
0.231381
0.229607
0.225934
0.223534
0.221101
0.221780
0.221201
0.219428
0.217008
0.223396
0.219564
0.217711
0.217695
0.219743
0.215871
0.212704
0.212263
0.209102
0.203413
0.207658
0.201793
0.205030
0.200512
0.202133
0.197903
0.194375
0.196319
0.197032
0.199941
0.195635
0.198087
0.197091
0.198201
0.196930
0.195068
0.195396
0.195545
0.196258
0.196228
0.199462
0.195901
0.198496
0.199161
0.196860
0.199691
0.202151
0.206473
0.213297
0.214591
0.213790
0.216841
0.215868
0.216906
0.215944
0.212318
0.210183
0.209836
0.213833
0.222027
0.222005
0.222533
0.221262
0.221228
0.220474
0.219227
0.217520
0.212396
0.213859
0.209071
0.212059
0.210889
0.208407
0.201250
0.203425
0.201271
0.203752
0.200581
0.202020
0.205507
0.203379
0.203675
0.203478
0.205583
0.202057
0.199661
0.199406
0.196853
0.199760
0.200356
0.201391
0.201127
0.201763
0.204118
0.202115
0.206735
0.208013
0.209400
0.209529
0.206407
0.207557
0.204829
0.203345
0.201779
0.202648
0.200808
0.196265
0.194162
0.194867
0.193908
0.191405
0.187636
0.189730
0.186363
0.188213
0.188181
0.182844
0.186763
0.189295
0.186175
0.190738
0.192048
0.191889
0.188936
0.186476
0.186319
0.194270
0.194849
0.194618
0.192023
0.189405
0.193194
0.194321
0.191667
0.192820
0.192201
0.190596
0.191652
0.192786
0.190388
0.190351
0.192320
0.191468
0.199026
0.198909
0.198521
0.197524
0.199887
0.196944
0.195166
0.198784
0.202414
0.200192
0.200260
0.204117
0.203730
0.204075
0.200206
0.201783
0.202685
0.199752
0.203710
0.199957
0.201581
0.196656
0.196525
0.197042
0.195108
0.192181
0.194556
0.196096
0.197007
0.194023
0.194556
0.197642
0.198254
0.200296
0.198802
0.197414
0.203787
0.201513
0.201756
0.200735
0.199983
0.200386
0.202171
0.204367
0.205111
0.201731
0.203843
0.206950
0.203425
0.202834
0.205318
0.202834
0.205248
0.204436
0.205948
0.204128
0.208488
0.212189
0.212577
0.215277
0.211364
0.214747
0.214460
0.212595
0.215817
0.217059
0.217095
0.219766
0.219739
0.218348
0.220087
0.220455
0.220651
0.224454
0.227371
0.227231
0.225518
0.224934
0.225116
0.225711
0.225050
0.225746
0.224056
0.224319
0.225126
0.225625
0.225198
0.223325
0.225992
0.224349
0.225374
0.228662
0.230463
0.230303
0.230595
0.231847
0.229062
0.231517
0.227033
0.229201
0.228800
0.228596
0.226618
0.228395
0.234667
0.234966
0.233073
0.234543
0.237792
0.234969
0.234220
0.231663
0.229535
0.232028
0.225352
0.229417
0.231908
0.230003
0.231962
0.238352
0.242716
0.241890
0.243097
0.238780
0.239856
0.238429
0.238056
0.244821
0.239314
0.238481
0.241500
0.248611
0.249201
0.246248
0.242516
0.243486
0.249409
0.245770
0.242604
0.244540
0.246737
0.243625
0.239657
0.242479
0.240357
0.245974
0.248262
0.246979
0.249813
0.254228
0.256872
0.259832
0.259886
0.260698
0.258585
0.260207
0.262195
0.257930
0.255708
0.276497
0.275971
0.276679
0.268463
0.264612
0.263544
0.273749
0.272910
0.273439
0.269914
0.265839
0.261525
0.260325
0.263924
0.259771
0.256033
0.250041
0.249827
0.250965
0.242946
0.244276
0.243508
0.243305
0.245078
0.261198
0.253455
0.250548
0.244737
0.240319
0.239162
0.236842
0.236345
0.239009
0.240504
0.243690
0.254658
0.254040
0.252058
0.251007
0.256185
0.259352
0.265715
0.258621
0.260794
0.265256
0.254354
0.263190
0.257240
0.261627
0.267841
0.265933
0.264139
0.264896
0.262946
0.261056
0.261947
0.267984
0.301737
0.301614
0.310463
0.296824
0.293977
0.287628
0.281841
0.286911
0.287903
0.294150
0.289868
0.279417
0.289298
0.271785
0.269835
0.270470
0.270782
0.269988
0.266729
0.267524
0.264838
0.264126
0.269312
0.291692
0.350048
0.375797
0.377254
0.376168
0.351690
0.304465
0.297871
0.293239
0.295327
0.276415
0.267244
0.259715
0.250582
0.247037
0.255105
0.271708
0.297040
0.297283
0.879893
0.940082
0.587703
0.299755
0.290520
0.271248
0.260434
0.249611
0.242631
0.239609
0.237654
0.230677
0.223760
0.220376
0.219154
0.217710
0.211711
0.210081
0.211300
0.215363
0.216411
0.220092
0.219670
0.232436
0.242106
0.244034
0.241123
0.242601
0.239176
0.235339
0.235054
0.234547
0.237247
0.235169
0.229559
0.226210
0.218791
0.217898
0.217533
0.216281
0.212098
0.212416
0.223026
0.214109
0.211654
0.218236
0.215585
0.216320
0.211012
0.203868
0.200493
0.198207
0.196380
0.192872
0.189441
0.188774
0.188351
0.190752
0.193018
0.193603
0.192004
0.189877
0.189877
0.189555
0.189683
0.192450
0.195635
0.205367
0.205861
0.207950
0.210726
0.210205
0.207149
0.206847
0.208849
0.205174
0.203041
0.205090
0.204133
0.206098
0.206920
0.204401
0.204861
0.204723
0.200108
0.203768
0.201248
0.218897
0.217608
0.221016
0.223464
0.224287
0.218494
0.213393
0.209143
0.205829
0.199987
0.199377
0.192372
0.193052
0.192129
0.190158
0.186718
0.186887
0.185339
0.190835
0.199599
0.198304
0.197124
0.195402
0.204588
0.191611
0.195111
0.190108
0.186509
0.188737
0.183594
0.190451
0.196208
0.194719
0.194782
0.200069
0.189353
0.187918
0.186002
0.182918
0.187859
0.183239
0.183888
0.179334
0.177901
0.182107
0.184220
0.178974
0.183108
0.177629
0.177937
0.175355
0.179109
0.177661
0.173537
0.172565
0.175063
0.168335
0.171120
0.168335
0.169079
0.174010
0.176430
0.174976
0.172592
0.173894
0.168414
0.175937
0.173477
0.176510
0.176013
0.170481
0.169703
0.169141
0.169699
0.167143
0.172739
0.169707
0.167398
0.165545
0.170881
0.180073
0.176510
0.179141
0.175832
0.173731
0.176844
0.177944
0.183585
0.184966
0.184682
0.182228
0.184279
0.180300
0.177127
0.184985
0.181587
0.179055
0.183037
0.193851
0.193129
0.197228
0.198222
0.204621
0.202459
0.205853
0.201894
0.198610
0.191914
0.183697
0.188884
0.189130
0.194262
0.194304
0.196340
0.194147
0.192583
0.194764
0.190411
0.188067
0.185424
0.182994
0.186340
0.185742
0.180252
0.179346
0.176371
0.182982
0.179413
0.178364
0.178792
0.178597
0.180724
0.173921
0.176935
0.172565
0.173013
0.171377
0.169994
0.168546
0.167162
0.165703
0.164294
0.164033
0.163281
0.161305
0.161108
0.162183
0.162117
0.159759
0.159487
0.161728
0.157559
0.160114
0.162057
0.161778
0.162407
0.160090
0.161385
0.161657
0.160555
0.160923
0.159769
0.158404
0.161096
0.158961
0.161075
0.162444
0.161192
0.159699
0.160845
0.161218
0.165483
0.165648
0.163405
0.162841
0.163489
0.164024
0.163696
0.162189
0.165775
0.166108
0.165164
0.164122
0.162217
0.163701
0.161858
0.163560
0.161238
0.164024
0.159450
0.159111
0.159244
0.162726
0.161732
0.162498
0.161090
0.167743
0.165175
0.162670
0.162142
0.162063
0.162040
0.163201
0.165356
0.164330
0.161048
0.160516
0.161076
0.164172
0.164394
0.164126
0.167748
0.169195
0.170284
0.171438
0.172026
0.170341
0.170971
0.170636
0.171300
0.170418
0.175094
0.171789
0.171460
0.172338
0.171579
0.172760
0.172258
0.171303
0.171128
0.172518
0.173439
0.174254
0.175183
0.175763
0.173989
0.175779
0.177503
0.178333
0.178114
0.180048
0.181578
0.183819
0.186627
0.181352
0.183725
0.184009
0.183121
0.187169
0.188613
0.184227
0.187620
0.189335
0.189833
0.191372
0.192834
0.194146
0.195465
0.196497
0.198268
0.204645
0.204239
0.202982
0.200678
0.201562
0.201428
0.200726
0.208618
0.202281
0.197545
0.202857
0.196201
0.199009
0.198903
0.204099
0.199168
0.190958
0.203470
0.200149
0.201736
0.197869
0.200583
0.197012
0.190106
0.187086
0.184786
0.184803
0.187011
0.180347
0.180308
0.180454
0.180339
0.180413
0.181664
0.182988
0.179272
0.175559
0.176730
0.177097
0.177532
0.177545
0.177033
0.179513
0.180424
0.181096
0.181468
0.178047
0.181197
0.178175
0.177701
0.180536
0.181601
0.180743
0.180342
0.176927
0.173294
0.175710
0.175737
0.176616
0.177543
0.177898
0.179395
0.179767
0.179854
0.177543
0.179265
0.183682
0.182014
0.182687
0.182210
0.182811
0.181477
0.178548
0.181360
0.182014
0.182079
0.183038
0.184777
0.184705
0.183507
0.182974
0.183805
0.186284
0.187285
0.184957
0.186065
0.185270
0.184499
0.184409
0.184440
0.182595
0.182543
0.185913
0.185362
0.184943
0.184848
0.187029
0.185002
0.187819
0.187819
0.188494
0.188431
0.186742
0.186228
0.186629
0.186276
0.187046
0.186678
0.189793
0.189430
0.189091
0.188360
0.189730
0.189218
0.190672
0.191374
0.192480
0.191968
0.193235
0.191321
0.190906
0.191137
0.192655
0.192433
0.191502
0.190415
0.191016
0.190507
0.190775
0.191343
0.191715
0.195255
0.194077
0.192843
0.191627
0.191207
0.191169
0.191756
0.191803
0.192143
0.193185
0.192282
0.194164
0.192652
0.194466
0.193424
0.193234
0.193172
0.193459
0.193980
0.194025
0.194978
0.195798
0.201874
0.201448
0.204266
0.200931
0.201845
0.201431
0.199950
0.197683
0.198386
0.199303
0.200397
0.201184
0.202727
0.205568
0.203027
0.201326
0.197998
0.201326
0.197009
0.196662
0.199823
0.200564
0.203501
0.201412
0.199259
0.199916
0.203064
0.202705
0.202101
0.199659
0.201355
0.200204
0.195598
0.198506
0.196034
0.195042
0.194019
0.197737
0.200686
0.199013
0.196833
0.194641
0.194292
0.193151
0.192620
0.193554
0.193593
0.193761
0.193018
0.191953
0.191757
0.194313
0.196152
0.196613
0.196861
0.195061
0.195999
0.195690
0.193557
0.194619
0.195988
0.195620
0.194752
0.195299
0.197457
0.197994
0.198194
0.198783
0.193444
0.194924
0.196292
0.196312
0.199572
0.200216
0.200566
0.200475
0.200219
0.198253
0.201072
0.199805
0.198559
0.200671
0.201208
0.201801
0.198130
0.196796
0.199598
0.198793
0.199056
0.198748
0.200212
0.201284
0.200027
0.201832
0.199413
0.198944
0.199826
0.196138
0.197212
0.200029
0.201309
0.201638
0.201832
0.204466
0.203931
0.207387
0.203400
0.207364
0.205609
0.205999
0.207055
0.205038
0.208051
0.207558
0.207735
0.207202
0.208898
0.206294
0.207853
0.207470
0.209649
0.210200
0.208997
0.210499
0.207140
0.209250
0.207352
0.205910
0.207721
0.207882
0.208095
0.209115
0.211140
0.209868
0.212534
0.207729
0.208577
0.207677
0.207188
0.210312
0.208677
0.212195
0.208742
0.211827
0.211933
0.212263
0.210675
0.209994
0.209737
0.209301
0.207814
0.210421
0.209458
0.208233
0.211077
0.214089
0.210003
0.211681
0.210770
0.208062
0.211464
0.210441
0.209888
0.211022
0.210938
0.212832
0.211579
0.211360
0.214553
0.209813
0.209602
0.210043
0.210371
0.212517
0.213074
0.211577
0.212013
0.212514
0.211968
0.211085
0.212908
0.212471
0.210279
0.212750
0.213635
0.214081
0.213591
0.211385
0.212599
0.213141
0.215812
0.211347
0.212563
0.211835
0.215096
0.213993
0.214410
0.213618
0.215039
0.215488
0.216742
0.213982
0.213361
0.215990
0.216175
0.213844
0.215799
0.215320
0.217473
0.214928
0.217380
0.216707
0.216776
0.215251
0.216757
0.217867
0.215209
0.215879
0.216250
0.216307
0.217035
0.217790
0.218965
0.223611
0.221438
0.222935
0.220464
0.224696
0.221258
0.221258
0.218845
0.218950
0.219784
0.218157
0.216598
0.219244
0.216863
0.219139
0.221245
0.218389
0.217744
0.217329
0.222954
0.210564
0.209873
0.210433
0.214920
0.218103
0.212647
0.216572
0.213253
0.217973
0.213505
0.210686
0.213593
0.214127
0.216259
0.213839
0.211049
0.213053
0.208899
0.208317
0.210257
0.210257
0.209075
0.210686
0.206363
0.210974
0.205742
0.206337
0.204545
0.204626
0.205848
0.206079
0.206786
0.212209
0.207414
0.213665
0.209415
0.208933
0.207851
0.207668
0.207708
0.209078
0.212018
0.211533
0.214211
0.209881
0.209583
0.211046
0.211095
0.209894
0.211046
0.211095
0.211897
0.209323
0.213534
0.210730
0.217062
0.215877
0.212642
0.212518
0.214588
0.214334
0.217032
0.216312
0.213316
0.214899
0.212820
0.214830
0.216932
0.215890
0.215051
0.215799
0.215994
0.216197
0.219375
0.219438
0.215367
0.214935
0.218845
0.217261
0.218403
0.215752
0.215245
0.222054
0.216992
0.218467
0.222448
0.219187
0.219951
0.220395
0.221845
0.218344
0.219629
0.220017
0.221475
0.221616
0.220125
0.223071
0.220966
0.221413
0.222064
0.223901
0.223392
0.224998
0.223779
0.225621
0.225713
0.226946
0.227798
0.228785
0.227732
0.226687
0.226231
0.224875
0.227209
0.227953
0.222457
0.223044
0.221902
0.221541
0.224734
0.223897
0.220115
0.218363
0.222332
0.221353
0.221948
0.220658
0.221485
0.220777
0.221189
0.222812
0.223027
0.222144
0.224763
0.222743
0.222744
0.223815
0.224641
0.224221
0.224892
0.222360
0.223169
0.223891
0.223201
0.220843
0.224208
0.222894
0.224625
0.222547
0.223624
0.224421
0.224274
0.224545
0.226304
0.225910
0.225659
0.226202
0.226930
0.227409
0.225840
0.225931
0.226204
0.227206
0.229070
0.230983
0.225922
0.228758
0.227546
0.227094
0.227056
0.228236
0.228100
0.229600
0.229378
0.234396
0.230874
0.229275
0.231570
0.231985
0.233894
0.231862
0.231226
0.231510
0.230666
0.229842
0.230339
0.231510
0.231218
0.232956
0.231596
0.230555
0.232639
0.232057
0.232956
0.231218
0.234297
0.233803
0.234774
0.235285
0.234903
0.236996
0.238811
0.242070
0.238558
0.239828
0.239828
0.242613
0.239070
0.240115
0.246320
0.243833
0.245895
0.243097
0.240099
0.240961
0.241888
0.243546
0.246934
0.249753
0.239317
0.243541
0.240956
0.243821
0.240035
0.241244
0.239258
0.248103
0.251269
0.248546
0.244964
0.243593
0.244958
0.245047
0.243821
0.240532
0.243110
0.246220
0.246621
0.251111
0.250457
0.250434
0.245412
0.249848
0.252585
0.249874
0.251991
0.256495
0.253914
0.256053
0.254570
0.256053
0.254213
0.255208
0.255183
0.251413
0.252145
0.251719
0.251694
0.252436
0.249874
0.250434
0.250827
0.253172
0.251423
0.256403
0.253311
0.252086
0.257409
0.253608
0.254030
0.252100
0.249914
0.252548
0.250512
0.246415
0.251153
0.250778
0.247084
0.249225
0.248363
0.249378
0.251607
0.247013
0.250436
0.252673
0.250029
0.250412
0.249726
0.252824
0.249801
0.252864
0.251886
0.253324
0.254681
0.252347
0.255373
0.251874
0.256666
0.251718
0.254820
0.255285
0.255440
0.256396
0.256918
0.255723
0.252958
0.256762
0.254515
0.253891
0.255827
0.258140
0.259080
0.261266
0.262543
0.260147
0.258396
0.259941
0.257311
0.259706
0.259119
0.260147
0.261908
0.261186
0.261118
0.258489
0.258999
0.259235
0.260239
0.261741
0.261102
0.262855
0.264362
0.265730
0.264304
0.264121
0.265487
0.266133
0.265407
0.264682
0.265049
0.265690
0.267426
0.265931
0.269234
0.267060
0.266538
0.268235
0.266239
0.270811
0.269774
0.269867
0.268279
0.270101
0.272382
0.270935
0.268085
0.272571
0.267954
0.268283
0.273512
0.272759
0.270808
0.271270
0.269649
0.268694
0.271265
0.270576
0.270062
0.272486
0.270578
0.269358
0.270394
0.268297
0.269670
0.274275
0.270853
0.273846
0.273343
0.274352
0.274182
0.271520
0.274674
0.274857
0.274820
0.273678
0.276271
0.276229
0.277714
0.274251
0.278941
0.277666
0.277788
0.280601
0.281798
0.277666
0.277445
0.277666
0.278275
0.277581
0.275763
0.276994
0.284699
0.283868
0.289175
0.287989
0.283848
0.281790
0.288377
0.282846
0.278038
0.285017
0.285799
0.285041
0.290582
0.291943
0.290583
0.296797
0.295786
0.295600
0.295929
0.294277
0.297427
0.295737
0.294277
0.298394
0.294101
0.297069
0.298987
0.300637
0.301026
0.299693
0.296623
0.299999
0.302092
0.304868
0.302688
0.306845
0.306682
0.305426
0.303048
0.304201
0.299692
0.301471
0.305476
0.306665
0.305500
0.309022
0.307527
0.308505
0.308107
0.306869
0.301650
0.302688
0.308443
0.309669
0.310523
0.312914
0.314248
0.311632
0.310196
0.314065
0.315954
0.317944
0.314765
0.328651
0.315025
0.316665
0.319726
0.320044
0.325657
0.322458
0.321896
0.325152
0.323360
0.321654
0.318449
0.323006
0.321518
0.322427
0.322545
0.325239
0.323174
0.329239
0.331029
0.328951
0.327847
0.328259
0.325759
0.331585
0.333501
0.333888
0.332284
0.330979
0.333841
0.337731
0.334653
0.333182
0.331815
0.334534
0.334115
0.334553
0.333331
0.336755
0.328801
0.330860
0.333277
0.335052
0.331339
0.332515
0.338068
0.334132
0.335747
0.337874
0.338572
0.347834
0.348526
0.343890
0.339652
0.341814
0.343632
0.341338
0.339863
0.340554
0.341043
0.339707
0.339652
0.343611
0.344746
0.347578
0.342696
0.343601
0.341609
0.338034
0.343827
0.338515
0.341286
0.348378
0.340785
0.341023
0.341513
0.343740
0.344207
0.343133
0.347488
0.347212
0.348017
0.350618
0.349799
0.350779
0.347290
0.349673
0.349529
0.343491
0.341638
0.344194
0.348120
0.349845
0.350255
0.350989
0.355483
0.358710
0.362330
0.354918
0.354208
0.349571
0.349402
0.344042
0.353597
0.353976
0.359510
0.364724
0.365007
0.356942
0.361820
0.355893
0.356713
0.356168
0.363565
0.352433
0.356942
0.357893
0.353224
0.353224
0.350858
0.354099
0.352232
0.354579
0.348389
0.353799
0.377788
0.368147
0.350320
0.348194
0.345625
0.343828
0.344467
0.343828
0.341284
0.343545
0.344022
0.339101
0.344965
0.344750
0.354546
0.356710
0.357257
0.358535
0.352695
0.359510
0.360215
0.361616
0.359594
0.362238
0.365857
0.364724
0.360543
0.390414
0.371116
0.384531
0.381007
0.375834
0.369507
0.364699
0.365914
0.370153
0.363066
0.362260
0.372598
0.367162
0.366023
0.360543
0.365489
0.368044
0.367276
0.379264
0.365187
0.372595
0.362884
0.369591
0.374089
0.363050
0.366548
0.370602
0.367039
0.370939
0.365758
0.361447
0.364970
0.377557
0.382842
0.377557
0.379828
0.376064
0.382963
0.378043
0.369411
0.372109
0.384433
0.378704
0.390009
0.387532
0.397036
0.395113
0.410392
0.411005
0.407808
0.399093
0.392218
0.397001
0.404982
0.385077
0.360423
0.373280
0.377717
0.383198
0.381206
0.377727
0.373363
0.380248
0.400515
0.396896
0.386393
0.388804
0.393892
0.397381
0.388939
0.390392
0.391150
0.402546
0.383837
0.395469
0.394024
0.387670
0.396357
0.385925
0.382203
0.382303
0.395885
0.407530
0.405447
0.410303
0.397820
0.420462
0.413143
0.413074
0.424461
0.441297
0.450823
0.459408
0.434792
0.435805
0.419597
0.444668
0.435942
0.432209
0.431503
0.425427
0.429317
0.448324
0.465233
0.469719
0.460471
0.464732
0.478967
0.485557
0.469719
0.489315
0.472275
0.485587
0.538201
0.452181
0.491457
0.449277
0.448547
0.415513
0.407505
0.411095
0.415822
0.432635
0.425322
0.426273
0.432543
0.419332
0.425743
0.440464
0.449552
0.463712
0.446821
0.445559
0.447650
0.426866
0.434170
0.458041
0.458458
0.515780
0.510637
0.473926
0.473972
0.483532
0.511756
0.498708
0.470352
0.478583
0.487525
0.486096
0.463322
0.454435
0.406083
0.402961
0.414648
0.410748
0.424581
0.415538
0.416611
0.414648
0.416611
0.404845
0.422152
0.418567
0.414481
0.407550
0.398767
0.404222
0.412514
0.412536
0.412491
0.406296
0.398699
0.397592
0.405530
0.410590
0.411521
0.412102
0.408958
0.390616
0.396855
0.398740
0.393758
0.389634
0.386236
0.403944
0.399077
0.411332
0.414453
0.403157
0.365436
0.380493
0.364180
0.366916
0.363144
0.370612
0.374717
0.376429
0.375983
0.379731
0.374154
0.385643
0.379731
0.385168
0.373738
0.367862
0.376197
0.376167
0.381869
0.378278
0.377708
0.394030
0.399480
0.391640
0.388438
0.399824
0.411367
0.397517
0.389405
0.381160
0.392329
0.386517
0.381160
0.383919
0.368141
0.370034
0.375341
0.383293
0.386211
0.396893
0.394689
0.392247
0.407526
0.411411
0.427428
0.427248
0.438633
0.442599
0.458735
0.469826
0.477059
0.470342
0.457644
0.458735
0.464219
0.453995
0.457213
0.459182
0.475078
0.463538
0.470154
0.460902
0.474094
0.482139
0.453995
0.456808
0.463815
0.473558
0.481147
0.473558
0.660445
0.645410
0.495025
0.505342
0.523242
0.501730
0.690514
0.501730
0.493901
0.499078
0.506284
0.480742
0.492985
0.497936
0.509485
0.530717
0.493098
0.526221
0.510389
0.553712
0.559074
0.523519
0.526777
0.542640
0.528465
0.494340
0.518220
0.492441
0.483752
0.489723
0.471138
0.469351
0.461944
0.449365
0.450535
0.451759
0.461026
0.461944
0.453923
0.453430
0.468073
0.485532
0.498234
0.497692
0.513778
0.538311
0.524103
0.552060
0.565194
0.567237
0.557522
0.552345
0.569736
0.539706
0.559653
0.548985
0.562685
0.549612
0.530121
0.570193
0.562227
0.574542
0.539833
0.527302
0.570314
0.580661
0.577320
0.602950
0.589056
0.587190
0.579439
0.592115
0.604586
0.599561
0.595888
0.601072
0.596047
0.600813
0.623192
0.629251
0.633321
0.643501
0.643501
0.633039
0.610631
0.613532
0.594421
0.631291
0.618072
0.605361
0.629202
0.614822
0.626729
0.639881
0.651178
0.639881
0.626118
0.654648
0.653441
0.676288
0.800638
0.667822
0.723932
0.681458
0.678105
0.688513
0.692801
0.700144
0.702961
0.699676
0.689103
0.707930
0.716936
0.729203
0.722887
0.743002
0.742843
0.806328
0.841401
1.000000
0.834887
0.779877
0.819326
0.918449
0.915470
0.877188
0.827289
0.969044
0.950101
0.822699
0.786484
0.772209
0.847703
0.849040
0.869226
0.882651
0.786940
0.786940
0.758154
0.755551
0.750368
0.755551
0.801854
0.786485
0.747460
0.750526
0.747354
0.586587
0.647867
0.663537
0.661464
0.668468
0.668489
0.627900
0.569355
0.571409
0.575568
0.532285
0.520004
0.491050
0.491667
0.478714
0.488216
0.480469
0.469147
0.480469
0.482938
0.494775
0.507373
0.511941
0.521126
0.521090
0.520756
0.511369
0.521090
0.495732
0.508983
0.499546
0.484254
0.479772
0.474473
0.458481
0.450713
0.450025
0.446004
0.446004
0.440989
0.426838
0.428098
0.427628
0.430403
0.441335
0.435322
0.429570
0.420244
0.415113
0.421208
0.411897
0.404823
0.404873
0.387746
0.383218
0.380159
0.382585
0.391213
0.399973
0.389506
0.392273
0.381897
0.384899
0.389386
0.382184
0.385245
0.385689
0.393990
0.389177
0.391806
0.385245
0.385697
0.389443
0.393845
0.388428
0.376822
0.374072
0.374105
0.373942
0.376712
0.373942
0.369368
0.368024
0.359540
0.355125
0.355490
0.346315
0.350319
0.358229
0.371082
0.363591
0.358136
0.358845
0.354462
0.360982
0.352979
0.345648
0.343340
0.338819
0.335182
0.337208
0.330278
0.333203
0.336836
0.348830
0.344165
0.349313
0.358961
0.343669
0.349202
0.350373
0.344434
0.344434
0.339385
0.336417
0.328281
0.336340
0.332876
0.339082
0.339828
0.332876
0.321647
0.326486
0.319253
0.319790
0.321672
0.321446
0.319640
0.317525
0.318314
0.318231
0.317865
0.319535
0.318432
0.319083
0.321620
0.325465
0.325818
0.321168
0.329674
0.325033
0.325465
0.320856
0.329385
0.330302
0.335242
0.339203
0.335509
0.336033
0.333727
0.330011
0.328776
0.324007
0.322932
0.320065
0.319711
0.320856
0.320594
0.323653
0.328150
0.319215
0.315503
0.320165
0.322932
0.327618
0.319581
0.323653
0.323360
0.323958
0.318364
0.325193
0.323835
0.319267
0.318243
0.318758
0.324183
0.323835
0.328499
0.328978
0.324534
0.319215
0.319748
0.321072
0.320988
0.325760
0.333212
0.334859
0.335896
0.339018
0.335521
0.339007
0.343401
0.340999
0.356652
0.340386
0.342142
0.342563
0.342080
0.341763
0.340177
0.342603
0.341919
0.338238
0.340970
0.349923
0.340177
0.338464
0.342603
0.342145
0.342046
0.340176
0.339009
0.346340
0.348595
0.350093
0.340220
0.338569
0.335092
0.340707
0.345744
0.346422
0.349266
0.349755
0.346315
0.340372
0.354863
0.345911
0.354231
0.349125
0.349964
0.355039
0.355039
0.357815
0.371507
0.371774
0.371082
0.366762
0.358367
0.359424
0.358367
0.365487
0.362676
0.354328
0.357165
0.363603
0.359540
0.358367
0.359540
0.365357
0.365357
0.364810
0.377922
0.377268
0.381983
0.388573
0.384673
0.376712
0.376573
0.381626
0.382053
0.381451
0.377922
0.377583
0.381968
0.394236
0.399018
0.397797
0.406178
0.402336
0.395231
0.398738
0.394722
0.398738
0.404265
0.399560
0.398738
0.396005
0.396426
0.396485
0.400043
0.407453
0.412893
0.414577
0.414422
0.421004
0.416675
0.416357
0.423182
0.428741
0.432962
0.435640
0.444214
0.451872
0.443555
0.444549
0.458194
0.464208
0.481447
0.487233
0.487417
0.490362
0.489946
0.492644
0.504682
0.493914
0.500572
0.505539
0.520578
0.538001
0.541423
0.548605
0.550501
0.555381
0.556909
0.559002
0.581397
0.577187
0.564031
0.563257
0.564310
0.564439
0.574030
0.559565
0.567179
0.581175
0.585627
0.600138
0.591231
0.590801
0.584739
0.593032
0.612255
0.602088
0.602080
0.615335
0.615335
0.625951
0.635536
0.628472
0.632085
0.648570
0.654999
0.655402
0.690412
0.667319
0.636748
0.688655
0.665028
0.700396
0.667319
0.695093
0.726779
0.729910
0.793771
0.752067
0.755839
0.807155
0.816573
0.748816
0.812669
0.810949
