0.073990
0.074937
0.076508
0.063144
0.068696
0.072480
0.072088
0.073235
0.073386
0.075881
0.071465
0.068081
0.070106
0.069725
0.068667
0.070620
0.072512
0.071938
0.075128
0.071032
0.069333
0.067212
0.071547
0.069969
0.064625
0.071336
0.062803
0.070791
0.072177
0.076596
0.075972
0.076356
0.068316
0.069386
0.067481
0.065862
0.068656
0.072693
0.068919
0.060416
0.068467
0.066936
0.068225
0.071676
0.068378
0.063052
0.065569
0.067560
0.070678
0.069462
0.065830
0.070950
0.073046
0.069564
0.073801
0.068728
0.073087
0.068415
0.070700
0.071455
0.070136
0.071205
0.071525
0.069342
0.071941
0.070327
0.069685
0.068760
0.068439
0.069323
0.067027
0.069554
0.073107
0.069926
0.071335
0.070652
0.072785
0.069936
0.070087
0.069072
0.071315
0.070069
0.067561
0.066818
0.069394
0.069141
0.074204
0.073589
0.074003
0.076698
0.077192
0.071285
0.071545
0.066215
0.069777
0.069938
0.075039
0.075823
0.065963
0.070198
0.069956
0.070216
0.075530
0.075281
0.074010
0.076555
0.067833
0.072592
0.078730
0.069714
0.072422
0.074030
0.071707
0.075804
0.065017
0.074173
0.077412
0.071497
0.070066
0.071855
0.071758
0.069122
0.069685
0.068134
0.077882
0.072982
0.070732
0.072631
0.072691
0.075621
0.073397
0.075058
0.073166
0.074072
0.069816
0.064431
0.067158
0.071927
0.060004
0.069782
0.068514
0.065424
0.070568
0.069161
0.073205
0.071142
0.063265
0.067590
0.068284
0.070327
0.071413
0.071697
0.070317
0.064268
0.068758
0.070941
0.072288
0.075486
0.151049
0.079464
0.079431
0.065828
0.068446
0.069371
0.069540
0.070489
0.069340
0.069188
0.066141
0.074604
0.068113
0.068796
0.067418
0.067199
0.071474
0.071152
0.066212
0.071665
0.068770
0.069512
0.068043
0.066816
0.072722
0.069039
0.064862
0.070993
0.069253
0.069561
0.069221
0.073266
0.075419
0.070126
0.074454
0.070357
0.071675
0.074394
0.067169
0.071957
0.073226
0.072342
0.073569
0.071175
0.068305
0.071828
0.074042
0.074475
0.069887
0.070056
0.071616
0.075974
0.072454
0.077212
0.069987
0.070905
0.070380
0.065812
0.075309
0.066070
0.071778
0.074413
0.071195
0.072585
0.070953
0.072713
0.074594
0.071800
0.072131
0.071958
0.071757
0.076486
0.108345
0.075672
0.072311
0.074032
0.074618
0.076660
0.071257
0.073942
0.072542
0.062018
0.069675
0.068973
0.068690
0.074917
0.072716
0.074003
0.076217
0.073991
0.076650
0.069224
0.068600
0.071146
0.075187
0.076540
0.077513
0.077434
0.077099
0.073701
0.075110
0.068992
0.076265
0.076839
0.073349
0.076307
0.077214
0.076034
0.075562
0.074466
0.072805
0.076238
0.076408
0.078330
0.076449
0.079791
0.075050
0.077965
0.075763
0.077061
0.079497
0.074166
0.071357
0.078755
0.079710
0.078923
0.079013
0.078704
0.081531
0.074377
0.078240
0.067777
0.074526
0.076207
0.083160
0.074586
0.098257
0.066395
0.075590
0.079445
0.070853
0.067533
0.069180
0.077190
0.073319
0.074927
0.074999
0.073578
0.075137
0.071002
0.072283
0.076406
0.075541
0.077475
0.075915
0.077233
0.069585
0.071980
0.074766
0.071748
0.068960
0.073389
0.076046
0.068369
0.067008
0.068600
0.075582
0.072372
0.068286
0.075740
0.072977
0.070935
0.072864
0.073658
0.073247
0.074916
0.076698
0.071716
0.072654
0.075349
0.077725
0.075492
0.072392
0.072240
0.071205
0.070903
0.072270
0.073558
0.075039
0.073037
0.071085
0.071044
0.075662
0.070679
0.077344
0.073761
0.067795
0.072354
0.073459
0.074273
0.070248
0.069163
0.070409
0.074586
0.075844
0.072301
0.069986
0.073215
0.074315
0.071959
0.075381
0.076154
0.072030
0.074533
0.074508
0.079848
0.076467
0.075142
0.075492
0.072814
0.069797
0.073378
0.075190
0.074646
0.072554
0.075250
0.072403
0.077099
0.075834
0.075725
0.073622
0.075000
0.076325
0.078005
0.076612
0.072475
0.073752
0.075353
0.073448
0.075239
0.075493
0.076156
0.071429
0.077778
0.075855
0.071286
0.076659
0.074427
0.073814
0.075834
0.076288
0.073843
0.074024
0.074327
0.071710
0.070955
0.071458
0.072795
0.075442
0.075211
0.072624
0.072667
0.075634
0.074336
0.076649
0.068965
0.066157
0.071799
0.071438
0.072593
0.075390
0.076610
0.071537
0.072415
0.074416
0.076478
0.072033
0.073762
0.072444
0.078139
0.076167
0.075573
0.071679
0.072465
0.073772
0.078353
0.071811
0.070796
0.076086
0.077204
0.073512
0.074283
0.074818
0.078722
0.074659
0.073201
0.075322
0.078635
0.071259
0.071247
0.073826
0.076480
0.075717
0.076381
0.075844
0.078250
0.075323
0.075894
0.073843
0.076559
0.075082
0.076945
0.073461
0.074768
0.072001
0.072394
0.075744
0.076598
0.081975
0.080867
0.069821
0.070875
0.074237
0.076853
0.075343
0.067805
0.072606
0.074205
0.072313
0.068341
0.072284
0.068994
0.068985
0.072746
0.075080
0.075160
0.074487
0.069517
0.071771
0.077285
0.073371
0.069267
0.072375
0.071891
0.073161
0.072182
0.072876
0.069255
0.073662
0.074991
0.072977
0.072213
0.065251
0.069115
0.068903
0.069284
0.066800
0.066601
0.069478
0.069345
0.066691
0.073219
0.070637
0.071298
0.066830
0.063530
0.066731
0.069666
0.071779
0.069687
0.069547
0.066276
0.067766
0.068370
0.072778
0.070976
0.069718
0.071127
0.068933
0.069747
0.068804
0.071628
0.072685
0.071035
0.071439
0.072364
0.068681
0.073028
0.065430
0.069003
0.072674
0.070865
0.073894
0.073613
0.073602
0.071128
0.069586
0.069809
0.068190
0.066819
0.073360
0.069267
0.067050
0.064951
0.066808
0.071818
0.070069
0.065671
0.071631
0.073390
0.069749
0.071893
0.070353
0.066377
0.067122
0.068599
0.067112
0.068588
0.071761
0.069022
0.064735
0.065945
0.069245
0.069414
0.069022
0.064426
0.066017
0.072293
0.067817
0.066438
0.064627
0.068339
0.063358
0.065612
0.065400
0.065220
0.070714
0.068652
0.068822
0.070321
0.068399
0.065642
0.066346
0.068129
0.065038
0.067040
0.067081
0.065884
0.065491
0.069245
0.066940
0.067470
0.065963
0.069698
0.067254
0.063862
0.066860
0.068361
0.068017
0.065562
0.066377
0.067465
0.068541
0.067143
0.065028
0.065573
0.065258
0.067849
0.063099
0.066109
0.063702
0.067897
0.069438
0.066723
0.063029
0.062374
0.070715
0.063602
0.064021
0.061959
0.061687
0.064846
0.065671
0.064547
0.066940
0.064467
0.063150
0.066226
0.077553
0.069407
0.072219
0.063459
0.063089
0.070337
0.066046
0.066638
0.064926
0.062937
0.062262
0.062866
0.065212
0.063448
0.066476
0.067867
0.063159
0.069647
0.062490
0.061740
0.063167
0.062483
0.063438
0.068430
0.063580
0.063078
0.065864
0.066135
0.062253
0.065815
0.066051
0.078621
0.062714
0.062212
0.065994
0.065070
0.064174
0.062878
0.082635
0.063733
0.062593
0.064012
0.062525
0.064678
0.066365
0.065232
0.062929
0.074982
0.064757
0.071240
0.071737
0.071429
0.075193
0.076930
0.083108
0.088425
0.065350
0.066698
0.063592
0.072682
0.064023
0.062081
0.063362
0.063784
0.088727
0.063289
0.092220
0.081904
0.062633
0.076158
0.062131
0.063542
0.062867
0.065272
0.062725
0.064216
0.082139
0.091467
0.106691
0.095250
0.069002
0.072032
0.069377
0.096525
0.098346
0.077782
0.062535
0.098219
0.083622
0.076443
0.064284
0.105291
0.064247
0.076321
0.086990
0.077220
0.098346
0.090338
0.072954
0.081782
0.062286
0.104181
0.084437
0.062286
0.083809
0.076864
0.090062
0.074415
0.080962
0.080877
0.072449
0.064464
0.088179
0.092300
0.063752
0.107047
0.092947
0.094122
0.093846
0.087260
0.062925
0.081444
0.086067
0.079122
0.070758
0.067246
0.072804
0.082489
0.081571
0.075108
0.066407
0.075170
0.068604
0.079271
0.084231
0.080105
0.064077
0.079356
0.075633
0.078625
0.084311
0.083688
0.074903
0.076804
0.095401
0.082217
0.093138
0.075885
0.077933
0.093306
0.086362
0.088516
0.088685
0.106213
0.079965
0.093518
0.076261
0.101531
0.116798
0.077872
0.106213
0.091129
0.090211
0.088582
0.098141
0.114414
0.106756
0.091045
0.076678
0.080653
0.081951
0.076261
0.080447
0.077582
0.068689
0.066722
0.065930
0.067058
0.071263
0.074088
0.086850
0.103353
0.098351
0.068464
0.092534
0.088541
0.067480
0.091701
0.099395
0.081553
0.088268
0.091991
0.095967
0.086091
0.082349
0.093873
0.081511
0.099540
0.089920
0.064029
0.063893
0.066642
0.068670
0.083501
0.085366
0.089275
0.093101
0.086559
0.092329
0.086432
0.078522
0.079844
0.084358
0.094212
0.094000
0.090217
0.080490
0.077146
0.067649
0.085281
0.089256
0.065096
0.077127
0.092984
0.101391
0.083988
0.088086
0.111431
0.103587
0.109150
0.085599
0.085014
0.085286
0.097939
0.075812
0.093214
0.112644
0.104553
0.102435
0.090976
0.096726
0.099466
0.105555
0.106514
0.091936
0.089491
0.115008
0.109928
0.125275
0.098319
0.116765
0.142832
0.096936
0.084869
0.120493
0.127373
0.099532
0.098042
0.086475
0.103943
0.111727
0.131096
0.088072
0.079932
0.080518
0.111165
0.110205
0.103465
0.104594
0.105789
0.109826
0.112860
0.094559
0.112443
0.124090
0.121290
0.116376
0.125013
0.118405
0.127420
0.123384
0.101649
0.098305
0.083605
0.116733
0.145577
0.123632
0.126563
0.121627
0.114012
0.129532
0.122504
0.123402
0.116752
0.132399
0.123487
0.118485
0.124259
0.115473
0.131186
0.113656
0.119553
0.114930
0.118199
0.125870
0.106777
0.105231
0.114289
0.128867
0.123954
0.128679
0.129706
0.113156
0.132694
0.124184
0.134056
0.122513
0.113914
0.126779
0.128662
0.142299
0.111301
0.095215
0.067925
0.137278
0.140126
0.120461
0.140833
0.135855
0.132155
0.141882
0.137924
0.141086
0.146837
0.149389
0.140646
0.142317
0.138618
0.117428
0.127257
0.119713
0.125356
0.136212
0.110276
0.127008
0.137636
0.151192
0.130756
0.141254
0.144851
0.128282
0.135419
0.129898
0.124081
0.136904
0.136131
0.129398
0.132431
0.144851
0.157782
0.138829
0.132431
0.152700
0.147717
0.138117
0.133415
0.155647
0.141067
0.132431
0.141193
0.143306
0.134605
0.136783
0.160020
0.141634
0.153074
0.144458
0.160919
0.136909
0.157988
0.171438
0.135358
0.128708
0.170248
0.146818
0.173113
0.150397
0.096573
0.069394
0.120545
0.143035
0.159579
0.171105
0.157275
0.139789
0.145690
0.151422
0.157946
0.149371
0.129271
0.160479
0.137326
0.143391
0.169579
0.165583
0.159641
0.164582
0.162381
0.145920
0.143474
0.150692
0.165271
0.156508
0.152658
0.154602
0.145839
0.161295
0.158451
0.150776
0.129692
0.144796
0.161280
0.164375
0.161491
0.150841
0.155610
0.161866
0.155174
0.155318
0.163121
0.170773
0.170904
0.156658
0.162493
0.163477
0.157642
0.178014
0.187951
0.180879
0.172093
0.168956
0.153647
0.178894
0.166258
0.166361
0.176299
0.184039
0.168141
0.167200
0.182953
0.172782
0.146013
0.158980
0.179249
0.177929
0.179961
0.165425
0.157726
0.161932
0.168876
0.164901
0.163875
0.153652
0.179986
0.184753
0.183643
0.168937
0.174127
0.172080
0.165364
0.177976
0.169940
0.176009
0.177076
0.166492
0.162559
0.164756
0.169733
0.166119
0.154908
0.178144
0.178060
0.178814
0.170993
0.171892
0.171809
0.182303
0.170113
0.178711
0.186471
0.177685
0.180739
0.168146
0.170155
0.171326
0.180111
0.174211
0.164887
0.178417
0.178500
0.166685
0.150617
0.171767
0.158466
0.176978
0.176014
0.166437
0.183020
0.182019
0.186935
0.160850
0.188231
0.191159
0.192227
0.189277
0.176707
0.186453
0.184509
0.188439
0.192583
0.195533
0.182941
0.186809
0.180913
0.192728
0.162110
0.191539
0.182880
0.205284
0.188713
0.198527
0.204216
0.208796
0.202980
0.194067
0.182734
0.202038
0.193548
0.202122
0.204234
0.203167
0.196517
0.199382
0.197500
0.214884
0.206182
0.209925
0.204005
0.220299
0.201138
0.212706
0.212581
0.205634
0.198816
0.193360
0.214757
0.218626
0.210612
0.205718
0.204988
0.195177
0.198128
0.213857
0.208001
0.200137
0.184702
0.205157
0.201349
0.197500
0.235044
0.220003
0.228039
0.208209
0.209465
0.202521
0.194967
0.228016
0.206305
0.203524
0.211030
0.216009
0.229626
0.205134
0.205134
0.197495
0.194822
0.204567
0.204801
0.204778
0.201766
0.212561
0.215385
0.218771
0.214838
0.215591
0.212725
0.216429
0.218457
0.202956
0.217492
0.222409
0.211742
0.215525
0.213709
0.209817
0.224713
0.231299
0.215609
0.226320
0.206805
0.214776
0.214861
0.230357
0.229206
0.225295
0.217492
0.209920
0.221698
0.211095
0.219731
0.214879
0.225842
0.222808
0.219816
0.210111
0.207372
0.209550
0.221263
0.234730
0.226676
0.216092
0.226446
0.233284
0.230189
0.227262
0.217703
0.224502
0.219525
0.233204
0.241925
0.224419
0.214818
0.214838
0.213207
0.210383
0.213436
0.220362
0.234815
0.224146
0.224021
0.230906
0.221263
0.218461
0.235864
0.227871
0.225884
0.241404
0.241404
0.224584
0.223037
0.233705
0.240440
0.231739
0.241466
0.235588
0.228516
0.227744
0.243390
0.240421
0.221909
0.225131
0.243516
0.242322
0.246962
0.228709
0.235376
0.234417
0.235294
0.230441
0.229501
0.237260
0.236361
0.243160
0.242177
0.243868
0.243160
0.232970
0.178940
0.109139
0.094348
0.133630
0.164737
0.188372
0.189712
0.214458
0.217197
0.218518
0.205948
0.200862
0.192577
0.188499
0.222091
0.233471
0.247988
0.245960
0.246837
0.264553
0.252943
0.233091
0.236482
0.236586
0.241502
0.224101
0.239620
0.247446
0.239367
0.235584
0.246312
0.244369
0.240415
0.250894
0.230563
0.241441
0.265537
0.268987
0.270822
0.253299
0.255140
0.252021
0.252836
0.242083
0.252985
0.272790
0.266889
0.259026
0.247374
0.285673
0.236725
0.242772
0.266823
0.242541
0.257078
0.268729
0.244363
0.257892
0.271259
0.246910
0.247998
0.242205
0.261555
0.260234
0.237915
0.243942
0.235029
0.247726
0.233148
0.248690
0.243646
0.242874
0.261260
0.246597
0.243942
0.260234
0.257115
0.248292
0.264899
0.269816
0.250175
0.253120
0.250320
0.245426
0.256867
0.256928
0.261761
0.249000
0.245216
0.241474
0.252141
0.249899
0.244087
0.251931
0.242161
0.256717
0.239169
0.251678
0.250442
0.247661
0.269249
0.284366
0.257115
0.248432
0.258183
0.255171
0.245488
0.247304
0.263933
0.256216
0.265002
0.264982
0.258806
0.255064
0.257888
0.267868
0.252216
0.253265
0.250231
0.263933
0.240696
0.263161
0.267868
0.246531
0.230173
0.258683
0.265400
0.259372
0.272907
0.260857
0.261821
0.254249
0.267783
0.257972
0.271356
0.248330
0.276147
0.254666
0.254750
0.249814
0.250647
0.243998
0.243913
0.236491
0.249187
0.247239
0.243501
0.279435
0.275018
0.263826
0.267844
0.264748
0.237469
0.259035
0.257115
0.262759
0.260917
0.264683
0.265727
0.269703
0.257991
0.284263
0.286454
0.278591
0.281440
0.266796
0.283130
0.252904
0.262420
0.249725
0.262336
0.256459
0.263259
0.261334
0.260224
0.266832
0.265975
0.250624
0.259410
0.277795
0.245604
0.260079
0.263778
0.251232
0.255312
0.268780
0.251124
0.260725
0.253237
0.285991
0.266687
0.272292
0.262144
0.241145
0.254553
0.248029
0.258698
0.270555
0.232800
0.280259
0.261895
0.247149
0.253067
0.286032
0.259826
0.234706
0.262317
0.266916
0.259138
0.261939
0.267943
0.279552
0.278357
0.275431
0.266331
0.254661
0.269427
0.258735
0.261727
0.278188
0.267376
0.279968
0.246961
0.264448
0.270241
0.238616
0.240873
0.252646
0.267501
0.278127
0.264303
0.259513
0.251688
0.257003
0.262837
0.266873
0.263947
0.277458
0.273271
0.272376
0.276034
0.279968
0.250015
0.254201
0.248928
0.266416
0.255808
0.245201
0.247445
0.264116
0.260955
0.266771
0.264823
0.260121
0.271769
0.288941
0.277814
0.273276
0.277936
0.275093
0.273210
0.273772
0.278689
0.265137
0.263297
0.273150
0.270410
0.280637
0.265909
0.277814
0.273753
0.269970
0.264322
0.255662
0.267376
0.265728
0.270410
0.230519
0.275346
0.274194
0.275220
0.277917
0.260533
0.266561
0.272311
0.268214
0.267376
0.283897
0.272142
0.261583
0.274321
0.280928
0.284736
0.280802
0.281935
0.283794
0.276619
0.271871
0.269131
0.278170
0.278043
0.277790
0.272101
0.272269
0.272396
0.289067
0.288000
0.280094
0.271478
0.286679
0.257732
0.255977
0.263947
0.282460
0.266898
0.271749
0.277458
0.274466
0.272732
0.262234
0.283630
0.279823
0.288501
0.289381
0.289466
0.279739
0.278840
0.273988
0.280469
0.261100
0.279907
0.297311
0.287185
0.280452
0.277626
0.299066
0.278610
0.278713
0.291451
0.292458
0.290426
0.258655
0.254328
0.278863
0.284615
0.285410
0.287335
0.295094
0.290782
0.298312
0.291305
0.278694
0.297141
0.273673
0.273969
0.283167
0.274405
0.274597
0.278441
0.240312
0.261063
0.272902
0.289513
0.303712
0.292941
0.283340
0.272775
0.285452
0.312413
0.306325
0.291517
0.286389
0.304944
0.266331
0.271374
0.272504
0.278338
0.241754
0.245960
0.291643
0.264411
0.263783
0.274639
0.288150
0.279430
0.296917
0.323794
0.321742
0.297586
0.296308
0.286539
0.288338
0.277045
0.272148
0.283196
0.288946
0.299488
0.293756
0.277463
0.278471
0.290913
0.264120
0.258510
0.264454
0.274868
0.277547
0.290220
0.272171
0.264242
0.205525
0.214672
0.234795
0.246930
0.275314
0.283158
0.294664
0.320323
0.297839
0.286188
0.292964
0.310180
0.307918
0.306808
0.295221
0.297169
0.292942
0.300911
0.278362
0.285139
0.292879
0.259101
0.289260
0.284493
0.289387
0.288613
0.280789
0.301183
0.295432
0.294515
0.303923
0.303712
0.301750
0.299698
0.305323
0.312015
0.300494
0.298589
0.297667
0.269558
0.277317
0.280138
0.301558
0.283926
0.294888
0.300977
0.310638
0.317270
0.315049
0.286624
0.141156
0.294237
0.297979
0.302854
0.303754
0.277922
0.273028
0.281813
0.288740
0.290558
0.282797
0.278863
0.287583
0.293484
0.300261
0.299553
0.305112
0.299258
0.308063
0.275454
0.270644
0.283503
0.286708
0.284825
0.296477
0.301413
0.309861
0.301267
0.274845
0.279931
0.289114
0.279852
0.273221
0.274307
0.277173
0.290875
0.305201
0.329235
0.315363
0.311285
0.313041
0.311350
0.300387
0.296477
0.302330
0.317958
0.320613
0.321343
0.306493
0.293816
0.289279
0.283907
0.288843
0.296477
0.301328
0.306245
0.308231
0.307331
0.306222
0.311973
0.307458
0.309341
0.309192
0.313106
0.310929
0.315592
0.315340
0.306537
0.297515
0.298626
0.305593
0.314399
0.308606
0.307580
0.303862
0.306934
0.299174
0.311870
0.309692
0.308901
0.302981
0.309734
0.292481
0.291082
0.300827
0.302649
0.307416
0.311411
0.306306
0.304489
0.310929
0.310844
0.314881
0.304176
0.310947
0.298215
0.303150
0.306012
0.310156
0.313168
0.310258
0.305533
0.302752
0.301600
0.300827
0.303862
0.304823
0.304972
0.311556
0.309908
0.309463
0.302541
0.310427
0.311664
0.323418
0.316473
0.321536
0.316492
0.316684
0.319569
0.320491
0.320341
0.316263
0.316932
0.304489
0.316202
0.318103
0.314362
0.316221
0.321971
0.322725
0.319068
0.318815
0.314670
0.312895
0.301389
0.302752
0.311514
0.314210
0.313462
0.319424
0.319442
0.323334
0.309739
0.322646
0.326641
0.337328
0.326660
0.330636
0.326599
0.333459
0.336199
0.333168
0.327414
0.336283
0.340278
0.329380
0.337098
0.343917
0.338020
0.324360
0.330008
0.333876
0.336845
0.336677
0.330695
0.328771
0.299802
0.320552
0.321536
0.329464
0.330298
0.336133
0.335215
0.343017
0.331010
0.336634
0.329380
0.332349
0.336326
0.338293
0.339065
0.330172
0.328270
0.333375
0.336409
0.344192
0.336283
0.337182
0.336180
0.336326
0.346071
0.348121
0.344212
0.347054
0.347997
0.345130
0.350881
0.346867
0.345027
0.354710
0.358452
0.358434
0.348327
0.345251
0.344460
0.350229
0.359081
0.366588
0.357952
0.368427
0.355773
0.346820
0.346904
0.352805
0.353535
0.368198
0.358950
0.352866
0.344206
0.341171
0.349958
0.352050
0.361961
0.360144
0.359034
0.361604
0.350749
0.358930
0.356499
0.357441
0.352379
0.357253
0.352107
0.375554
0.325539
0.330265
0.334034
0.331735
0.337468
0.330541
0.339308
0.343884
0.340914
0.344782
0.340787
0.467834
0.618644
0.356474
0.218237
0.378784
0.384291
0.540571
0.368587
0.257133
0.454947
0.318942
0.281272
0.297962
0.296163
0.247595
0.235171
0.239535
0.237550
0.210692
0.221398
0.054303
0.147759
0.291950
0.272637
0.263954
0.206534
0.199528
0.149012
0.189713
0.194063
0.136723
0.183928
0.078988
0.112586
0.077346
0.126186
0.125010
0.126180
0.145901
0.157136
0.148865
0.091324
0.055554
0.093918
0.076933
0.072666
0.081850
0.113058
0.104544
0.084523
0.096007
0.112014
0.103097
0.103537
0.099248
0.035884
0.059398
0.030063
0.044005
0.040788
0.051180
0.099314
0.109124
0.119394
0.078122
0.118201
0.105902
0.094836
0.093852
0.096844
0.103579
0.047312
0.098124
0.119732
0.118955
0.109770
0.051878
0.097763
0.117006
0.112950
0.103869
0.104582
0.083330
0.066493
0.097637
0.105982
0.114477
0.114477
0.113699
0.123946
0.094475
0.114954
0.082908
0.102422
0.122171
0.113699
0.093032
0.073935
0.038774
0.062283
0.082842
0.078496
0.080505
0.102825
0.035613
0.070676
0.073415
0.029692
0.073481
0.083602
0.102198
0.096718
0.106259
0.073626
0.104932
0.108088
0.113924
0.112734
0.120368
0.111376
0.109029
0.122208
0.108294
0.105072
0.094194
0.103443
0.032662
0.073719
0.097772
0.021717
0.062259
0.099327
0.091019
0.034334
0.024570
0.058963
0.102614
0.056388
0.024177
0.026400
0.024514
0.049569
0.075298
0.085423
0.099313
0.086406
0.105752
0.076595
0.063665
0.069650
0.149052
0.095538
0.082486
0.020786
0.092213
0.059103
0.040236
0.063622
0.034564
0.020734
0.046473
0.065693
0.055900
0.034483
0.048486
0.046575
0.119594
0.054414
0.053284
0.062851
0.034204
0.030763
0.038069
0.035101
0.058862
0.126818
0.026837
0.024099
0.129497
0.046915
0.076929
0.036579
0.071555
0.324709
0.164824
0.064092
0.031573
0.027579
0.037389
0.097340
0.038227
0.075056
0.034363
0.039107
0.178798
0.158459
0.048909
0.126615
0.054104
0.121481
0.056752
0.049510
0.058158
0.052567
0.115619
0.146369
0.132769
0.146580
0.123488
0.104497
0.100513
0.143476
0.142263
0.171336
0.191169
0.198470
0.216317
0.156187
0.200470
0.260479
0.234666
0.272796
0.277020
0.299185
0.182829
0.211573
0.247971
0.229374
0.206216
0.194480
0.126730
0.180178
0.229547
0.201623
0.153620
0.189119
0.208489
0.207299
0.219223
0.243046
0.225563
0.247921
0.249138
0.284214
0.300779
0.341836
0.332717
0.272889
0.266797
0.279971
0.237007
0.261712
0.271934
0.202840
0.186397
0.302131
0.253182
0.203976
0.363810
0.138387
0.050363
0.167682
0.249270
0.365644
0.284799
0.171908
0.043807
0.047118
0.169178
0.189235
0.196742
0.224171
0.241755
0.038266
0.068315
0.120384
0.111545
0.079950
0.054794
0.037000
0.044700
0.038887
0.039601
0.227262
0.076264
0.089321
0.094329
0.097941
0.114237
0.206088
0.192404
0.118523
0.065547
0.090082
0.114936
0.191014
0.177986
0.171499
0.138970
0.113386
0.155914
0.170263
0.207100
0.184926
0.188475
0.245365
0.230281
0.150063
0.167138
0.123356
0.098869
0.190302
0.204276
0.214017
0.174880
0.236064
0.231298
0.274967
0.264186
0.220155
0.211895
0.186779
0.184124
0.192891
0.210921
0.220377
0.232047
0.237399
0.219140
0.222587
0.285088
0.254984
0.226642
0.216203
0.204050
0.216536
0.212873
0.203732
0.214901
0.225840
0.226196
0.245856
0.190613
0.214775
0.184442
0.167793
0.130684
0.131082
0.158905
0.177048
0.126914
0.137958
0.188396
0.149404
0.113283
0.204060
0.229873
0.233737
0.267835
0.265156
0.224301
0.275881
0.239127
0.205638
0.229025
0.193236
0.211122
0.237666
0.247181
0.211703
0.148870
0.186348
0.210677
0.212789
0.128305
0.086012
0.151337
0.212063
0.115905
0.165312
0.202210
0.134188
0.186208
0.183010
0.173011
0.169095
0.098086
0.175563
0.190226
0.146594
0.054022
0.059162
0.044918
0.050177
0.046253
0.050880
0.116960
0.105308
0.213192
0.058870
0.255155
0.182002
0.093868
0.125333
0.268523
0.084074
0.146303
0.207376
0.178630
0.050877
0.099668
0.044407
0.061641
0.113928
0.137175
0.056842
0.051293
0.049309
0.110482
0.059773
0.132146
0.141021
0.213599
0.180425
0.208135
0.221505
0.286216
0.217861
0.183285
0.193387
0.213112
0.238088
0.263358
0.280611
0.244672
0.210995
0.207985
0.192399
0.239127
0.210738
0.207745
0.219878
0.249977
0.254684
0.236776
0.209543
0.219288
0.224580
0.237463
0.239950
0.211040
0.215144
0.192843
0.209280
0.224613
0.236053
0.233458
0.237744
0.232747
0.205468
0.217368
0.219273
0.209149
0.210797
0.207851
0.212553
0.208400
0.221446
0.227052
0.183901
0.192973
0.192532
0.182015
0.182998
0.212969
0.212235
0.184102
0.195403
0.193244
0.184126
0.196528
0.174333
0.185442
0.188097
0.190987
0.192869
0.185569
0.193595
0.188304
0.195478
0.199243
0.201940
0.152323
0.152599
0.172198
0.164564
0.176028
0.181653
0.176609
0.179602
0.180603
0.179602
0.193155
0.195895
0.188738
0.183742
0.170062
0.183221
0.196667
0.203655
0.200769
0.183199
0.167848
0.161783
0.162575
0.168662
0.183493
0.183344
0.156135
0.145508
0.163118
0.182993
0.175898
0.172156
0.173308
0.156744
0.177368
0.176174
0.175209
0.173181
0.160673
0.088403
0.155572
0.154486
0.249675
0.215527
0.164072
0.117834
0.128169
0.096478
0.086461
0.099658
0.140153
0.145065
0.184909
0.202227
0.090746
0.089696
0.121514
0.169595
0.155138
0.177663
0.187896
0.212511
0.187474
0.181363
0.193891
0.196738
0.189249
0.210309
0.200020
0.189764
0.195749
0.172259
0.174057
0.173032
0.183488
0.192298
0.200873
0.194826
0.192002
0.169411
0.175227
0.162551
0.175958
0.141069
0.152739
0.162382
0.157572
0.174117
0.171106
0.178889
0.138704
0.156776
0.173134
0.148927
0.175306
0.174553
0.175387
0.182145
0.157024
0.103749
0.132802
0.136713
0.137135
0.136943
0.154410
0.156312
0.144581
0.124247
0.056042
0.061166
0.168639
0.126552
0.160939
0.167462
0.165267
0.171747
0.186976
0.181227
0.172230
0.194273
0.206595
0.184860
0.185783
0.119746
0.152565
0.167313
0.165219
0.155680
0.146810
0.154485
0.175550
0.156409
0.156579
0.161345
0.166347
0.172847
0.161622
0.154612
0.154612
0.169003
0.166825
0.172810
0.166033
0.164025
0.166053
0.173559
0.168371
0.170379
0.172497
0.174876
0.187553
0.185548
0.178181
0.175297
0.186882
0.170585
0.179371
0.175231
0.171316
0.163513
0.159730
0.164226
0.156986
0.162821
0.161903
0.168721
0.181272
0.173470
0.164141
0.170937
0.174744
0.168764
0.166797
0.146106
0.153951
0.157192
0.159309
0.156086
0.154957
0.143433
0.151422
0.149394
0.152490
0.156274
0.154180
0.155936
0.159766
0.158742
0.165752
0.162506
0.158868
0.162717
0.164493
0.156564
0.168257
0.178944
0.172191
0.150228
0.158174
0.135916
0.143011
0.130938
0.151773
0.073831
0.094728
0.060611
0.143573
0.153318
0.148363
0.156143
0.150161
0.149179
0.148069
0.150161
0.150017
0.156751
0.157566
0.151646
0.150513
0.148715
0.145039
0.152752
0.150935
0.141184
0.154114
0.163172
0.198942
0.177876
0.167082
0.149679
0.154953
0.129121
0.129893
0.152279
0.131233
0.136145
0.138323
0.126442
0.122658
0.134164
0.148491
0.129748
0.077246
0.092620
0.119562
0.116611
0.126231
0.172608
0.186016
0.155913
0.132754
0.119010
0.126231
0.141962
0.154301
0.139972
0.141535
0.149506
0.162183
0.171053
0.155988
0.139554
0.099078
0.101317
0.136688
0.128675
0.124222
0.147985
0.193583
0.218643
0.194417
0.172345
0.167264
0.158164
0.154296
0.141053
0.168748
0.172682
0.159500
0.147557
0.165653
0.153791
0.155547
0.159415
0.138711
0.171423
0.168326
0.158099
0.160585
0.157658
0.124399
0.144186
0.146297
0.131152
0.153182
0.120760
0.108541
0.127219
0.130084
0.123205
0.119210
0.118081
0.109506
0.098773
0.130651
0.140252
0.143141
0.142092
0.130084
0.139979
0.124399
0.135273
0.146588
0.135920
0.129040
0.137783
0.124268
0.136196
0.135985
0.130295
0.125316
0.124544
0.114021
0.111769
0.130216
0.136177
0.045400
0.030100
0.051006
0.072497
0.101050
0.113034
0.130998
0.168753
0.158628
0.155008
0.140533
0.142668
0.162937
0.162515
0.154357
0.158249
0.151346
0.150363
0.152330
0.158015
0.147847
0.141155
0.144045
0.145047
0.146930
0.135344
0.137161
0.156699
0.148667
0.158371
0.152662
0.153454
0.155402
0.149524
0.150213
0.157031
0.147412
0.155340
0.161153
0.161864
0.166084
0.153158
0.158909
0.149248
0.127912
0.138495
0.123355
0.124315
0.122432
0.129527
0.126511
0.141113
0.134983
0.144944
0.149585
0.153326
0.149393
0.144457
0.134772
0.137596
0.132829
0.134646
0.124943
0.141656
0.145441
0.146382
0.144541
0.146635
0.140111
0.133395
0.108397
0.117998
0.121866
0.115196
0.107499
0.120277
0.126029
0.107288
0.102394
0.104130
0.090995
0.093022
0.105718
0.091893
0.094567
0.094442
0.098585
0.108458
0.115276
0.124418
0.118288
0.027156
0.036328
0.029835
0.119814
0.148119
0.145024
0.152886
0.162445
0.146442
0.146232
0.143262
0.139141
0.139141
0.138031
0.135938
0.138931
0.139014
0.139685
0.130856
0.138574
0.141736
0.145435
0.145374
0.137025
0.142860
0.143843
0.134013
0.133995
0.133011
0.136734
0.128867
0.136734
0.137357
0.133447
0.137380
0.129368
0.107905
0.110920
0.107114
0.123907
0.142485
0.135540
0.131629
0.131479
0.124937
0.126024
0.135751
0.136734
0.138761
0.133868
0.124118
0.126277
0.128094
0.121443
0.121443
0.136752
0.132800
0.135751
0.141374
0.140326
0.138153
0.135034
0.130205
0.137797
0.135620
0.140307
0.135179
0.129301
0.138148
0.130350
0.130200
0.132042
0.124239
0.126122
0.129030
0.130998
0.137857
0.126894
0.129011
0.130786
0.131750
0.127690
0.127690
0.127606
0.126497
0.133315
0.127461
0.134195
0.135178
0.121289
0.125306
0.125804
0.127414
0.127479
0.116118
0.128857
0.123817
0.133647
0.128439
0.132096
0.127827
0.121115
0.116095
0.126847
0.131596
0.120717
0.130462
0.123456
0.128308
0.128182
0.122137
0.125920
0.130064
0.133787
0.125629
0.114624
0.114835
0.126697
0.114900
0.113791
0.122679
0.122721
0.120651
0.131464
0.130251
0.134958
0.133553
0.122051
0.118534
0.122342
0.124935
0.118698
0.122401
0.126059
0.132087
0.123175
0.112423
0.125142
0.131665
0.114764
0.120243
0.127188
0.122041
0.116290
0.119030
0.124805
0.118969
0.111167
0.110057
0.118759
0.119658
0.119512
0.126265
0.110324
0.103824
0.050483
0.086838
0.092655
0.073304
0.081148
0.066570
0.083241
0.114970
0.130827
0.144361
0.120496
0.121226
0.127038
0.128733
0.125217
0.134882
0.128668
0.128143
0.119357
0.110132
0.119605
0.101197
0.112787
0.119460
0.120083
0.107157
0.100212
0.096906
0.097074
0.124368
0.110965
0.108576
0.113344
0.098536
0.103326
0.109203
0.106193
0.106108
0.112010
0.105855
0.100919
0.102053
0.108637
0.097907
0.101841
0.094058
0.098826
0.095876
0.093141
0.098952
0.091319
0.094120
0.093201
0.109059
0.097154
0.108993
0.104998
0.103805
0.102905
0.103805
0.104853
0.107443
0.105836
0.099748
0.109789
0.109537
0.109621
0.103743
0.108511
0.102675
0.099664
0.101841
0.096798
0.094039
0.100985
0.100858
0.102675
0.101757
0.102825
0.101608
0.096798
0.103935
0.110538
0.099748
0.109494
0.102741
0.098765
0.101504
0.099453
0.107467
0.100311
0.098260
0.099370
0.099393
0.095332
0.096442
0.095163
0.092152
0.087048
0.096794
0.086837
0.078974
0.096648
0.091754
0.081840
0.082908
0.090771
0.092653
0.093636
0.089577
0.096564
0.091586
0.096437
0.090391
0.083259
0.079517
0.073303
0.081919
0.080725
0.081690
0.094259
0.095327
0.089347
0.097964
0.102061
0.114612
0.100722
0.098610
0.088485
0.093065
0.087811
0.091374
0.096353
0.099257
0.020769
0.028297
0.039882
0.052364
0.057908
0.070689
0.085627
0.077633
0.054896
0.067991
0.060521
0.069850
0.086480
0.054246
0.023665
0.017909
0.040356
0.052297
0.077399
0.062544
0.061397
0.059219
0.070538
0.069344
0.062108
0.054910
0.050976
0.049974
0.057003
0.054760
0.054470
0.054198
0.040847
0.046204
0.058109
0.050826
0.063606
0.048293
0.039465
0.047290
0.048021
0.042748
0.051327
0.057912
0.052976
0.052100
0.013308
0.019308
0.021215
0.067044
0.098754
0.086951
0.062936
0.083224
0.079876
0.045553
0.051430
0.062454
0.054591
0.056994
0.071090
0.070172
0.057911
0.050882
0.058473
0.060421
0.057344
0.055317
0.055041
0.058202
0.059101
0.055106
0.043098
0.047950
0.045772
0.044813
0.041005
0.044148
0.050881
0.048915
0.048915
0.044728
0.039961
0.045964
0.044982
0.044939
0.037928
0.027935
0.051490
0.044522
0.050273
0.050611
0.046550
0.049416
0.041361
0.041361
0.044226
0.048372
0.047323
0.037619
0.038602
0.046531
0.044372
0.049331
0.050062
0.037281
0.036027
0.044728
0.041988
0.064079
0.057429
0.041155
0.057489
0.058684
0.053580
0.054478
0.044855
0.045276
0.046199
0.047243
0.052287
0.052137
0.053851
0.058684
0.056591
0.054605
0.049837
0.050756
0.058623
0.050629
0.065273
0.051383
0.049331
0.056488
0.058412
0.049416
0.056234
0.080226
0.074410
0.056632
0.055649
0.051547
0.053832
0.049622
0.050755
0.050606
0.047889
0.049983
0.040879
0.067235
0.057152
0.061212
0.055167
0.053284
0.053158
0.053494
0.051443
0.046634
0.052446
0.052511
0.046400
0.045566
0.012578
0.012348
0.043201
0.052989
0.032715
0.015458
0.015959
0.026693
0.041712
0.050624
0.055391
0.052591
0.046460
0.046564
0.067750
0.068780
0.058421
0.054468
0.052585
0.049153
0.056393
0.052651
0.054342
0.055325
0.053339
0.041501
0.052440
0.050197
0.041436
0.041225
0.042980
0.040161
0.040995
0.039970
0.042980
0.040030
0.036036
0.033066
0.035033
0.037001
0.039824
0.036855
0.038400
0.052375
0.039319
0.034425
0.030346
0.036096
0.031226
0.029301
0.032312
0.046118
0.039112
0.071032
0.060927
0.049213
0.052098
0.042976
0.053771
0.046277
0.043476
0.032813
0.042432
0.035614
0.044231
0.049017
0.048099
0.038185
0.033727
0.038770
0.044521
0.036677
0.034709
0.042703
0.040737
0.036447
0.040863
0.051109
0.049831
0.038976
0.044666
0.041008
0.032803
0.045649
0.040587
0.033641
0.033431
0.030251
0.026406
0.031319
0.026256
0.030275
0.026467
0.020505
0.025273
0.032929
0.027970
0.021859
0.024875
0.027951
0.025647
0.028724
0.023830
0.014351
0.022215
0.028176
0.031753
0.035393
0.026921
0.026607
0.037299
0.029009
0.027193
0.021081
0.023132
0.020121
0.011252
0.015437
0.007663
0.006924
0.008607
0.010436
0.008426
0.007815
0.012380
0.018009
0.014848
0.019700
0.019849
0.022716
0.016754
0.013593
0.019451
0.021310
0.025516
0.024532
0.018782
0.025788
0.022004
0.007968
0.006524
0.007340
0.009654
0.009714
0.009726
0.011841
0.013389
0.010139
0.008107
0.009795
0.007291
0.014689
0.007846
0.012450
0.008096
0.010835
0.007696
0.011335
0.015059
0.030494
0.015541
0.021292
0.019845
0.015620
0.010577
0.005797
0.010515
0.006413
0.007328
0.006311
0.012188
0.005518
0.007983
0.010329
0.009229
0.009048
0.007076
0.010366
0.023211
0.013382
0.018425
0.006403
0.007420
0.006645
0.016674
0.011654
0.007831
0.007479
0.007299
0.008333
0.007479
0.011424
0.023211
0.006192
0.009943
0.006252
0.007982
0.006854
0.006665
0.005777
0.007610
0.006805
0.005748
0.010569
0.014515
0.009360
0.009259
0.008122
0.011786
0.007439
0.025581
0.026048
0.062503
0.065355
0.060962
0.059058
0.028041
0.031721
0.007980
0.005895
0.004498
0.005143
0.012135
0.017886
0.032175
0.028971
0.054990
0.048527
0.042083
0.027359
0.003730
0.008340
0.005603
0.032983
0.017942
0.014012
0.008759
0.003156
0.002796
0.005654
0.005261
0.003852
0.004687
0.004716
0.006911
0.003459
0.003711
0.003810
0.004589
0.004698
0.004052
0.004940
0.006578
0.007081
0.006156
0.006839
0.006478
0.006659
0.005360
0.006084
0.006066
0.004767
0.005824
0.004839
0.002977
0.006308
0.005190
0.003903
0.004598
0.001980
0.002282
0.004084
0.002331
0.002131
0.003358
0.003760
0.004243
0.002823
0.005302
0.002552
0.003126
0.003670
0.002714
0.004021
0.003681
0.002764
0.004838
0.004083
0.003860
0.003024
0.004585
0.003830
0.003860
0.002863
0.003014
0.003903
0.002210
0.002210
0.002102
0.002682
0.003921
0.003499
0.003831
0.001958
0.001746
0.002068
0.002672
0.002944
0.003265
0.003670
0.003035
0.002864
0.001807
0.002925
0.001867
0.002592
0.002261
0.002745
0.002370
0.002110
0.001977
0.002340
0.002171
0.002794
0.002855
0.002873
0.002825
0.002976
0.003228
0.001875
0.000800
0.001294
0.002341
0.002160
0.001876
0.002039
0.002190
0.001465
0.001544
0.002874
0.003146
0.003516
0.003739
0.003818
0.004563
0.004563
0.004090
0.004060
0.003902
0.002965
0.003649
0.005129
0.004766
0.005933
0.005450
0.004663
0.003035
0.009334
0.001403
0.004398
0.002327
0.002262
0.003761
0.002079
0.004665
0.010612
0.029250
0.019271
0.004071
0.029855
0.040261
0.033023
0.071546
0.064707
0.059114
0.098411
0.061645
0.062524
0.062879
0.007218
0.012291
0.010637
0.022287
0.007175
0.008149
0.008097
0.018399
0.049152
0.073432
0.076332
0.020932
0.014668
0.045840
0.062100
0.046402
0.085133
0.055983
0.066805
0.088765
0.116826
0.061471
0.004880
0.010739
0.003644
0.001879
0.018020
0.006931
0.003086
0.010612
0.001892
0.001173
0.006468
0.001766
0.001142
0.000900
0.001384
0.004004
0.003793
0.002442
0.003435
0.003193
0.004445
0.002541
0.003829
0.002288
0.003161
0.006950
0.020419
0.002829
0.007535
0.006383
0.003077
0.006111
0.018325
0.009834
0.001841
0.022259
0.019997
0.024015
0.030750
0.028572
0.036481
0.027569
0.014747
0.010879
0.003994
0.006818
0.000941
0.005901
0.005001
0.008912
0.013763
0.013847
0.007737
0.003868
0.000000
0.002950
0.000023
0.004917
0.012359
0.004706
0.003806
0.008490
0.000054
0.000356
0.000526
0.002328
0.003656
0.003584
0.005519
0.006371
0.011969
0.012886
0.013977
0.006008
0.005956
0.004936
0.005045
0.005178
0.009419
0.027941
0.025296
0.021366
0.018928
0.006505
0.005520
0.006426
0.009193
0.014568
0.021296
0.038783
0.017403
0.062379
0.016161
0.036285
0.022836
0.008036
0.098277
0.065573
0.049989
0.083208
0.112085
0.088290
0.057708
0.124656
0.179503
0.124911
0.094267
0.098297
0.066732
0.102691
0.098968
0.081471
0.007152
0.035370
0.037543
0.005339
0.007533
0.063104
0.077068
0.071155
0.082222
0.102867
0.065657
0.048315
0.042182
0.039859
0.020821
0.002642
0.093480
0.107260
0.014482
0.020222
0.005824
0.054190
0.073426
0.030723
0.039571
0.035692
0.080197
0.118181
0.097274
0.008400
0.004587
0.005914
0.005443
0.005059
0.005079
0.009127
0.003699
0.034513
0.016181
0.013493
0.006859
0.026578
0.042937
0.144193
0.110750
0.112447
0.098100
0.144598
0.235794
0.184068
0.180350
0.197458
0.206389
0.239002
0.229251
0.161669
0.168633
0.144142
0.142645
0.064289
0.015240
0.013813
0.119595
0.163135
0.109830
0.062517
0.003073
0.007163
0.046454
0.045934
0.081258
0.083266
0.072643
0.035536
0.034195
0.018351
0.067145
0.107549
0.067806
0.162025
0.134192
0.113989
0.068436
0.067463
0.119568
0.093729
0.065560
0.025373
0.040433
0.038161
0.016020
0.053646
0.019785
0.034291
0.073177
0.066008
0.046961
0.204899
0.050035
0.037758
0.040064
0.037414
0.007924
0.015113
0.032350
0.038085
0.013076
0.011275
0.010932
0.045354
0.024711
0.008103
0.024171
0.045531
0.116667
0.062573
0.009934
0.068519
0.011848
0.008690
0.009916
0.012229
0.024639
0.012470
0.011503
0.011272
0.025045
0.029850
0.042524
0.006566
0.006464
0.006442
0.046927
0.039766
0.012079
0.009178
0.015877
0.009481
0.008816
0.031607
0.008949
0.006514
0.010358
0.008152
0.006654
0.009845
0.007650
0.005870
0.012481
0.018119
0.008124
0.009973
0.008818
0.010015
0.011001
0.006986
0.008399
0.006243
0.007086
0.010316
0.037012
0.005990
0.009602
0.021445
0.016514
0.005429
0.016243
0.008272
0.011816
0.012714
0.013031
0.038380
0.019947
0.025168
0.033694
0.041858
0.026915
0.008716
0.009892
0.035972
0.035192
0.032693
0.006165
0.010709
0.011908
0.010518
0.016472
0.010961
0.043704
0.087532
0.056411
0.057962
0.055463
0.031347
0.039247
0.012128
0.008065
0.010370
0.014555
0.009320
0.011515
0.007391
0.035524
0.026718
0.009605
0.008316
0.080061
0.013266
0.109497
0.018169
0.009383
0.010571
0.014173
0.007523
0.009063
0.011296
0.011818
0.007905
0.012741
0.012048
0.013328
0.013912
0.014581
0.024448
0.009493
0.012290
0.012404
0.012525
0.007099
0.021919
0.006917
0.008417
0.008013
0.011186
0.006374
0.008406
0.014220
0.009403
0.010371
0.015204
0.022481
0.008175
0.006575
0.009012
0.008898
0.007429
0.006281
0.012459
0.009513
0.023213
0.015755
0.009876
0.022229
0.037584
0.007358
0.018933
0.012822
0.042614
0.059206
0.009141
0.007280
0.006544
0.012693
0.006062
0.017292
0.009885
0.007400
0.010719
0.010036
0.019452
0.036261
0.021768
0.012160
0.009060
0.016629
0.009643
0.007168
0.020048
0.020602
0.055370
0.024736
0.038544
0.019411
0.010379
0.012663
0.012119
0.007621
0.041289
0.016190
0.013499
0.017229
0.008265
0.008688
0.011486
0.012763
0.012835
0.011921
0.017485
0.007842
0.007582
0.007975
0.007723
0.009493
0.010563
0.006525
0.013507
0.012171
0.008738
0.015896
0.011778
0.009311
0.017394
0.078286
0.015376
0.085250
0.061696
0.086261
0.040359
0.037166
0.069250
0.050771
0.046268
0.012393
0.008499
0.015171
0.014498
0.011166
0.010502
0.008187
0.010610
0.018328
0.010212
0.039411
0.036297
0.022215
0.011340
0.043438
0.010311
0.041862
0.048895
0.016036
0.053929
0.009421
0.043241
0.009687
0.026781
0.026003
0.011871
0.037861
0.023620
0.008558
0.014857
0.013271
0.008489
0.009385
0.012955
0.015200
0.051990
0.014697
0.018538
0.035815
0.065869
0.010895
0.008308
0.028307
0.011177
0.025087
0.010310
0.026793
0.031875
0.011487
0.035376
0.110917
0.033641
0.053657
0.026377
0.040039
0.013531
0.010681
0.026692
0.024114
0.088647
0.084278
0.100269
0.045622
0.236331
0.059370
0.014164
0.018688
0.008703
0.055491
0.118032
0.027811
0.011247
0.011521
0.020239
0.009437
0.061445
0.046216
0.010779
0.010442
0.016891
0.013532
0.045939
0.013086
0.011750
0.009456
0.024102
0.011907
0.038409
0.021498
0.012414
0.009779
0.033581
0.007865
0.038021
0.030690
0.080660
0.020233
0.026612
0.034269
0.022823
0.043049
0.059131
0.030832
0.022631
0.014721
0.010326
0.012090
0.013015
0.014932
0.008094
0.012835
0.010774
0.010289
0.026982
0.020299
0.009294
0.027605
0.020725
0.031056
0.012605
0.031140
0.010862
0.009169
0.015802
0.033506
0.030410
0.021239
0.011669
0.021938
0.006443
0.008002
0.009475
0.011132
0.009626
0.005959
0.013598
0.007631
0.010830
0.009615
0.021732
0.012904
0.010141
0.015682
0.007814
0.010726
0.010639
0.009869
0.028944
0.021999
0.007339
0.012834
0.039398
0.016463
0.058677
0.016730
0.018471
0.013106
0.013921
0.007502
0.010924
0.007843
0.006967
0.009031
0.005717
0.006310
0.006352
0.022229
0.027810
0.030719
0.014280
0.021877
0.008737
0.011234
0.009191
0.010055
0.012127
0.005788
0.012924
0.009480
0.012259
0.015608
0.050740
0.006957
0.010348
0.009616
0.021244
0.007547
0.006201
0.023193
0.007370
0.006253
0.056039
0.014790
0.008495
0.035221
0.011414
0.008004
0.009795
0.012211
0.015097
0.021230
0.011677
0.010468
0.012330
0.009573
0.019680
0.009735
0.035280
0.012342
0.029614
0.013123
0.007078
0.018707
0.009212
0.012531
0.050830
0.010387
0.014347
0.024995
0.017792
0.012272
0.025244
0.023545
0.009763
0.006948
0.027627
0.052483
0.010792
0.030138
0.017254
0.012532
0.013076
0.012774
0.025094
0.011697
0.013387
0.009514
0.012675
0.010249
0.010470
0.057425
0.008950
0.054280
0.012421
0.011930
0.011205
0.011546
0.018716
0.040574
0.019511
0.044746
0.054884
0.010882
0.017830
0.022076
0.014062
0.014316
0.007148
0.031945
0.036598
0.010149
0.021943
0.033448
0.010563
0.008770
0.064597
0.014948
0.009012
0.046490
0.011677
0.011257
0.020670
0.007289
0.008287
0.009273
0.008669
0.008221
0.010391
0.007291
0.013118
0.056186
0.025352
0.008357
0.010858
0.008920
0.008841
0.008768
0.070493
0.007774
0.019746
0.008265
0.020730
0.011941
0.007691
0.016609
0.017944
0.011043
0.008365
0.007663
0.008668
0.012120
0.014202
0.027839
0.006938
0.014477
0.013157
0.007924
0.009725
0.008578
0.012351
0.008548
0.014325
0.015505
0.011223
0.010219
0.033257
0.023721
0.009940
0.038573
0.025435
0.060620
0.015153
0.011175
0.015473
0.037927
0.012450
0.007323
0.014622
0.011055
0.012705
0.015190
0.019980
0.012231
0.012607
0.033449
0.036943
0.007925
0.017552
0.014264
0.014456
0.013308
0.014184
0.009347
0.013561
0.011648
0.009586
0.010922
0.026684
0.031224
0.010573
0.016806
0.071088
0.037908
0.034168
0.016430
0.016998
0.030739
0.026280
0.024186
0.015190
0.044947
0.027095
0.012547
0.020836
0.015645
0.018931
0.014708
0.021767
0.014216
0.014045
0.032930
0.033903
0.013139
0.055638
0.060330
0.047116
0.013069
0.098838
0.031278
0.023833
0.015475
0.016230
0.012559
0.012296
0.024348
0.034377
0.026290
0.011479
0.019161
0.012706
0.013152
0.012085
0.041491
0.013411
0.080492
0.057557
0.040151
0.053082
0.013370
0.032018
0.019344
0.029143
0.016119
0.016048
0.010445
0.037727
0.035965
0.017942
0.040306
0.035052
0.030973
0.011781
0.011570
0.018491
0.017728
0.016300
0.015194
0.020473
0.010796
0.044170
0.011055
0.039548
0.010143
0.037580
0.009567
0.026416
0.012355
0.009266
0.009508
0.034641
0.027750
0.010546
0.045384
0.011712
0.009567
0.032729
0.015063
0.014984
0.013655
0.012519
0.013233
0.009539
0.014721
0.016128
0.025000
0.016702
0.041194
0.011149
0.011058
0.019015
0.016858
0.010817
0.010304
0.014910
0.016029
0.062367
0.055956
0.014601
0.028318
0.029484
0.025578
0.105185
0.022825
0.018053
0.018646
0.050136
0.010506
0.011140
0.030748
0.016783
0.040925
0.011582
0.015076
0.047850
0.045215
0.021515
0.037146
0.013202
0.010705
0.026187
0.013283
0.049721
0.098445
0.016312
0.012629
0.018204
0.032972
0.172006
0.015285
0.015186
0.014008
0.026904
0.049912
0.043667
0.016092
0.064158
0.044372
0.038594
0.057787
0.018838
0.013726
0.011906
0.084215
0.099664
0.063800
0.016272
0.095957
0.043534
0.012820
0.066772
0.838437
0.293546
0.018612
0.786570
0.587149
0.382052
0.110295
0.129563
0.055065
0.149967
0.059811
0.074072
0.039809
0.019955
0.083798
0.077917
0.015942
0.011000
0.076025
0.527366
0.174023
0.135405
0.308776
0.090736
0.241545
0.027172
0.061429
0.096023
0.190371
0.049102
0.081929
0.162174
0.102328
0.086887
0.055453
0.018118
0.018368
0.122608
0.081152
0.039435
0.060033
0.048211
0.041617
0.018895
0.018200
0.015784
0.052985
0.173421
0.089482
0.041139
0.118408
0.062218
0.085256
0.190295
0.300805
0.138915
0.090350
0.036001
0.051330
0.146575
0.089462
0.078369
0.197686
0.304168
0.116436
0.032371
0.056486
0.043789
0.030206
0.019671
0.396489
0.428490
0.170690
0.138728
0.155800
0.103422
0.066113
0.101977
0.288169
0.153322
0.065098
0.019867
0.035393
0.155453
0.138168
0.305618
0.128085
0.353259
0.243421
0.499859
0.019011
0.198120
0.266280
0.082111
0.215922
0.135009
0.040592
0.086397
0.073630
0.021040
0.106402
0.273824
0.070741
0.021487
0.073076
0.948290
0.618660
0.050925
0.100358
0.168327
0.086421
0.116432
0.038840
0.173854
0.094616
0.023466
0.200784
0.023384
0.157962
0.019270
0.225056
0.073068
0.251979
0.151265
0.180880
0.199337
0.120112
0.100476
0.184713
0.368015
0.390456
1.000000
0.667602
0.241429
0.341951
0.216128
0.142745
0.101393
0.048187
0.196461
0.037517
0.353573
0.090572
0.133827
0.302256
0.079918
0.260632
0.040862
0.032067
0.170113
0.169980
0.073436
0.704718
0.163952
0.359608
0.231193
0.032925
0.112210
0.058552
0.062723
0.172411
0.033431
0.248075
0.198095
0.137969
0.551031
0.033532
0.170051
0.439999
0.331967
0.085365
0.180520
0.042611
0.066464
0.034590
0.108936
0.138740
0.055435
0.048036
0.058994
0.134969
0.082436
0.045310
0.210163
0.140295
0.115117
0.098395
0.036109
0.049887
0.140405
0.186536
0.042037
0.223832
0.293612
0.094040
0.527499
0.308597
0.252084
0.043215
0.109989
0.206235
0.250717
0.037821
0.304585
0.383630
0.224948
0.227371
0.347851
0.055555
0.049709
0.049207
0.097930
0.185818
0.229161
0.110049
0.302798
0.052192
0.096829
0.114812
0.066388
0.203762
0.065170
0.052602
0.041770
0.388757
0.106455
0.489498
0.054375
0.117871
0.329724
0.044951
0.169838
0.106054
0.047888
0.215833
0.167853
0.340420
0.050559
0.225207
0.091971
0.441557
0.272690
0.092000
0.306384
0.047754
0.157561
0.106120
0.181035
0.175588
0.133202
0.222079
0.203322
0.173028
0.157537
0.153116
0.041540
0.041555
0.108248
0.047363
0.073939
0.065332
0.206864
0.302319
0.128893
0.211885
0.240659
0.054731
0.222621
0.147654
0.093658
0.133666
0.174536
0.262653
0.212469
0.269474
0.105119
0.068702
0.114317
0.204058
0.420505
0.045167
0.047469
0.214985
0.228491
0.301734
0.109479
0.179731
0.075812
0.221400
0.348943
0.168502
0.101393
0.091168
0.168741
0.054497
0.202600
0.071279
0.283103
0.342088
0.215196
0.064870
0.195336
0.164507
0.132077
0.116927
0.144086
0.210753
0.142394
0.055637
0.111275
0.057836
0.308647
0.121420
0.124457
0.161243
0.189390
0.052826
0.062740
0.150530
0.070345
0.189709
0.127161
0.227515
0.355421
0.253127
0.326164
0.256816
0.208519
0.172441
0.104123
0.048411
0.324206
0.109813
0.300267
0.567681
0.054564
0.047238
0.072796
0.336786
0.051339
0.049830
0.122691
0.271723
0.271314
0.232722
0.304556
0.537288
0.208820
0.125009
0.047526
0.229831
0.356455
0.062386
0.052980
0.054928
0.246506
0.052404
0.287712
0.062656
0.261618
0.061901
0.365434
0.108635
0.289277
0.229442
0.053652
0.199018
0.235136
0.061882
0.163816
0.063674
0.069711
0.255198
0.194519
0.386451
0.176161
0.102950
0.064615
0.118130
0.185936
0.135218
0.182858
0.132190
0.085263
0.107227
0.169371
0.126095
0.149477
0.112893
0.094315
0.248366
0.193353
0.339639
0.053297
0.306580
0.190677
0.119354
0.051830
0.119468
0.088035
0.157332
0.069218
0.120465
0.357421
0.298076
0.147547
0.060448
0.138949
0.354410
0.096647
0.060928
0.094245
0.132369
0.443954
0.066335
0.468667
0.253273
0.087875
0.074767
0.057381
0.052759
0.437942
0.320805
0.063427
0.213445
0.128609
0.160351
0.493345
0.108592
0.056514
0.060924
0.061370
0.232294
0.070006
0.065161
0.059413
0.062924
0.147421
0.130762
0.064550
0.074467
0.139961
0.197184
0.100351
0.064835
0.080306
0.198173
0.080294
0.061337
0.338470
0.160802
0.057679
0.148233
0.195082
0.209376
0.138079
0.070900
0.101956
0.131570
0.070935
0.071907
0.189191
0.112112
0.062088
0.163149
0.173696
0.100881
0.198980
0.074443
0.117699
0.137244
0.099716
0.105121
0.260578
0.058111
0.177877
0.358927
0.296820
0.078144
0.311866
0.093718
0.066555
0.251754
0.064682
0.105233
0.066059
0.134120
0.187346
0.114597
0.074126
0.073874
0.160115
0.224640
0.073684
0.084219
0.282172
0.179048
0.183450
0.134917
0.076036
0.133684
0.079618
0.376728
0.248235
0.069054
0.076271
0.195923
0.124248
0.169778
0.147729
0.265349
0.105932
0.067176
0.076079
0.089926
0.071625
0.217841
0.098458
0.074641
0.244170
0.138788
0.241347
0.107656
0.079000
0.175655
0.181363
0.073776
0.080566
0.074600
0.152441
0.305822
0.063681
0.141412
0.075900
0.066659
0.285403
0.169538
0.153032
0.122258
0.074580
0.116531
0.153494
0.263249
0.102932
0.070213
0.385739
0.075433
0.071479
0.082246
0.256636
0.194522
0.195249
0.072223
0.072670
0.065051
0.076361
0.076572
0.131876
0.211588
0.079790
0.223156
0.089819
0.260163
0.415090
0.309203
0.223035
0.176962
0.222324
0.083366
0.176386
0.149311
0.079763
0.096920
0.082168
0.179562
0.072572
0.082202
0.153616
0.124362
0.084999
0.349372
0.121013
0.071653
0.130592
0.112344
0.070777
0.068818
0.072871
0.224917
0.087075
0.078134
0.072930
0.088673
0.079866
0.255383
0.067667
0.064445
0.131605
0.081369
0.243862
0.072848
0.283582
0.111380
0.157765
0.185913
0.233306
0.243444
0.176989
0.068309
0.195514
0.083315
0.271951
0.078983
0.082240
0.124681
0.078735
0.085093
0.193818
0.075340
0.137250
0.111877
0.073953
0.148091
0.082504
0.235176
0.276466
0.115623
0.068139
0.130146
0.157228
0.225980
0.185590
0.079303
0.083734
0.128783
0.348061
0.088110
0.121558
0.218970
0.276179
0.078813
0.179819
0.082505
0.066115
0.088974
0.138676
0.140154
0.125977
0.070050
0.124614
0.365845
0.140162
0.204148
0.070120
0.079688
0.075323
0.074549
0.082817
0.105532
0.244668
0.128628
0.079617
0.222726
0.085465
0.068157
0.072415
0.180869
0.097703
0.205895
0.090525
0.286341
0.202672
0.384615
0.080817
0.148701
0.270394
0.171466
0.154897
0.089855
0.201982
0.140542
0.090356
0.253788
0.231923
0.149436
0.370353
0.131252
0.208883
0.220159
0.095215
0.081475
0.300827
0.067575
0.344247
0.068682
0.073282
0.106891
0.229574
0.320103
0.088038
0.087444
0.076752
0.090318
0.125869
0.241223
0.080980
0.082649
0.157981
0.193814
0.089523
0.127102
0.076411
0.078586
0.097164
0.091344
0.149545
0.080676
0.148162
0.149170
0.136856
0.172093
0.195942
0.132018
0.138385
0.124400
0.080184
0.082762
0.241755
0.092547
0.091664
0.081227
0.115304
0.081097
0.093813
0.227729
0.090588
0.078874
0.134136
0.100029
0.125573
0.244849
0.090019
0.096061
0.197593
0.154342
0.086078
0.091592
0.194433
0.096390
0.105576
0.197440
0.087575
0.089197
0.093163
0.075774
0.166868
0.134991
0.077011
0.106141
0.227454
0.079265
0.165267
0.298875
0.191239
0.254883
0.153667
0.172114
0.099071
0.072261
0.193327
0.095404
0.209174
0.227922
0.278845
0.207647
0.131355
0.082544
0.224727
0.097260
0.119124
0.132843
0.188118
0.123176
0.132339
0.099775
0.169018
0.084149
0.170479
0.242174
0.084179
0.244924
0.338125
0.094253
0.099617
0.143997
0.140214
0.157650
0.295706
0.162121
0.177583
0.089809
0.126564
0.097673
0.139436
0.093676
0.222032
0.267154
0.103741
0.100330
0.192991
0.102566
0.087551
0.082599
0.156346
0.164480
0.082851
0.079459
0.203787
0.111911
0.154257
0.152222
0.143912
0.096323
0.137061
0.092239
0.107324
0.158782
0.099100
0.120667
0.153401
0.283200
0.129182
0.093698
0.123114
0.216076
0.096586
0.090156
0.077689
0.180511
0.244011
0.137132
0.133642
0.091645
0.095687
0.221634
0.136256
0.150494
0.219589
0.160925
0.098912
0.152656
0.099143
0.093396
0.132397
0.227642
0.155570
0.132026
0.150557
0.080678
0.162956
0.101127
0.184234
0.253908
0.094212
0.107596
0.087821
0.081097
0.211392
0.193825
0.151995
0.081997
0.075244
0.090940
0.325787
0.127623
0.277350
0.121409
0.192055
0.097051
0.123808
0.090792
0.130101
0.096254
0.081557
0.079261
0.145720
0.377708
0.130303
0.111246
0.091105
0.230609
0.155020
0.100622
0.164477
0.083237
0.163973
0.118442
0.093689
0.083233
0.184987
0.088394
0.317931
0.166752
0.086272
0.111129
0.079076
0.117670
0.104400
0.089562
0.090836
0.356015
0.094333
0.201789
0.086837
0.098941
0.235162
0.165365
0.092682
0.213935
0.118928
0.093638
0.171591
0.116615
0.184266
0.107841
0.195875
0.207317
0.232392
0.144590
0.111917
0.094204
0.301679
0.165985
0.283480
0.129141
0.079104
0.085360
0.099515
0.137391
0.223870
0.168529
0.089377
0.103545
0.141523
0.102355
0.189831
0.113036
0.087472
0.180332
0.102697
0.213128
0.216114
0.178121
0.140797
0.091424
0.135816
0.198626
0.095024
0.103734
0.253650
0.100577
0.097608
0.088774
0.099405
0.101853
0.196533
0.206047
0.096843
0.087767
0.098301
0.126835
0.099267
0.087196
0.178267
0.100733
0.101834
0.080521
0.179835
0.116252
0.229986
0.227617
0.135694
0.096721
0.099015
0.123294
0.099238
0.133492
0.200819
0.158389
0.126438
0.104170
0.137225
0.105821
0.254261
0.144322
0.162061
0.113790
0.146657
0.173610
0.193046
0.179015
0.144272
0.194303
0.150041
0.174709
0.155185
0.156158
0.177227
0.150196
0.134731
0.110053
0.107566
0.118598
0.137480
0.140574
0.129657
0.127229
0.151132
0.120861
0.151547
0.145544
0.152994
0.131509
0.131509
0.136584
0.171413
0.152106
0.121262
0.140716
0.173778
0.149863
0.109226
0.137925
0.134607
0.123531
0.122047
0.133644
0.179939
0.167299
0.144625
0.167290
0.159373
0.134794
0.117462
0.124406
0.113024
0.112458
0.123011
0.146911
0.148880
0.133141
0.130093
0.123578
0.124509
0.159692
0.156485
0.137283
0.127292
0.126622
0.140343
0.142403
0.121812
0.125335
0.127457
0.134391
0.154361
0.143023
0.136561
0.116111
0.141686
0.144529
0.133452
0.143598
0.129720
0.117617
0.126369
0.137854
0.132941
0.132479
0.141894
0.136768
0.129153
0.130097
0.135889
0.140387
0.149447
0.138780
0.133863
0.133968
0.127704
0.133863
0.157984
0.139084
0.130286
0.140538
0.140694
0.134639
0.128487
0.113687
0.129162
0.128283
0.125700
0.123432
0.146348
0.145313
0.141997
0.135992
0.180321
0.131227
0.128110
0.111878
0.122639
0.132374
0.131600
0.117574
0.128808
0.140136
0.139153
0.135838
0.139049
0.135417
0.132521
0.125328
0.120262
0.125020
0.143755
0.129832
0.120106
0.109630
0.131023
0.147426
0.127453
0.127859
0.131435
0.126258
0.131435
0.104730
0.095996
0.100815
0.115623
0.090079
0.091979
0.100611
0.088660
0.127628
0.182709
0.084597
0.097226
0.099886
0.093551
0.099074
0.093752
0.083281
0.076048
0.085779
0.156708
0.130301
0.223887
0.194779
0.181252
0.152365
0.102113
0.090720
0.076493
0.076874
0.125038
0.170160
0.094199
0.142619
0.087981
0.096110
0.259574
0.126196
0.165739
0.286902
0.207546
0.104866
0.237149
0.227101
0.243060
0.226896
0.132669
0.168127
0.249519
0.110952
0.086823
0.074417
0.076769
0.075328
0.079766
0.221709
0.201430
0.095094
0.343678
0.239763
0.118408
0.139191
0.114479
0.113713
0.086417
0.079505
0.071873
0.069044
0.069990
0.070533
0.074977
0.077062
0.076106
0.073085
0.069453
0.070539
0.076526
0.075258
0.077101
0.072038
0.073526
0.076797
0.078495
0.083457
0.086909
0.085633
0.083680
0.081535
0.077653
0.070226
0.068566
0.069047
0.069551
0.071523
0.069621
0.070849
0.077407
0.084502
0.082700
0.081654
0.082811
0.082811
0.083235
0.081594
0.079624
0.078203
0.077399
0.079653
0.077598
0.084412
0.082149
0.079664
0.080457
0.079430
0.078034
0.075962
0.075920
0.080581
0.076474
0.074251
0.071561
0.075648
0.077853
0.077630
0.079886
0.075377
0.078315
0.074952
0.091803
0.135926
0.083084
0.083236
0.083165
0.077048
0.083568
0.079705
0.078437
0.074048
0.073274
0.076273
0.081525
0.084966
0.089646
0.085500
0.078801
0.084846
0.110223
0.128080
0.088389
0.080208
0.089317
0.101902
0.086529
0.083320
0.076455
0.074153
0.080690
0.092827
0.081668
0.084546
0.076072
0.122602
0.085381
0.098440
0.107079
0.174372
0.096528
0.083702
0.077593
0.077281
0.085583
0.088210
0.076731
0.079687
0.077161
0.085131
0.084699
0.082190
0.072813
0.075016
0.072400
0.077031
0.082503
0.081366
0.077061
0.074022
0.077451
0.081978
0.078871
0.080642
0.076234
0.073890
0.075952
0.078717
0.079011
0.079484
0.080903
0.087293
0.085259
0.082322
0.079082
0.075237
0.075025
0.071816
0.076134
0.071897
0.073585
0.079152
0.077602
0.076205
0.075849
0.068837
0.070970
0.088863
0.081729
0.072462
0.078054
0.082616
0.075985
0.068750
0.067792
0.077483
0.072116
0.076697
0.074421
0.087987
0.082754
0.084686
0.078108
0.069483
0.073547
0.071724
0.066502
0.067790
0.070396
0.071605
0.072813
0.077983
0.073456
0.070337
0.090430
0.075901
0.075399
0.072752
0.075098
0.068534
0.077530
0.071625
0.078747
0.073464
0.070085
0.074008
0.083576
0.077824
0.074815
0.077572
0.074441
0.078104
0.078376
0.069309
0.071885
0.069551
0.070043
0.074662
0.128381
0.207257
0.081256
0.141502
0.130983
0.109550
0.077512
0.086890
0.138564
0.256313
0.152266
0.087980
0.076279
0.075935
0.097396
0.100410
0.089840
0.086087
0.078732
0.159593
0.154774
0.079839
0.197328
0.068990
0.071991
0.102792
0.085736
0.082022
0.090395
0.193647
0.101527
0.103492
0.120564
0.162405
0.100711
0.120887
0.080897
0.073902
0.071417
0.084931
0.088794
0.082776
0.153853
0.107336
0.150342
0.137650
0.157722
0.157359
0.132398
0.212189
0.167227
0.173780
0.221564
0.120265
0.125736
0.151335
0.106477
0.089775
0.081585
0.096873
0.087680
0.095412
0.184882
0.127509
0.231484
0.515243
0.131326
0.166786
0.278695
0.157782
0.098289
0.079910
0.071828
0.117441
0.128428
0.193084
0.089454
0.271498
0.159521
0.079657
0.300515
0.186165
0.210749
0.287065
0.344752
0.175240
0.133039
0.092547
0.091654
0.091006
0.087016
0.078037
0.074057
0.097773
0.074760
0.075000
0.077465
0.074082
0.078884
0.104581
0.147316
0.088753
0.085635
0.085373
0.080489
0.082504
0.079626
0.076024
0.084336
0.084001
0.086717
0.097999
0.135495
0.138966
0.160378
0.102479
0.128569
0.127898
0.084040
0.077603
0.127504
0.081165
0.098657
0.104976
0.117005
0.088901
0.141091
0.130066
0.141715
0.093630
0.086833
0.084112
0.079956
0.086669
0.091069
0.084635
0.079977
0.082343
0.083790
0.082653
0.082986
0.081809
0.088320
0.140225
0.098523
0.116569
0.116567
0.127138
0.147120
0.243857
0.239385
0.339264
0.332051
0.249903
0.175662
0.135293
0.115732
0.133376
0.139989
0.103770
0.089050
0.109716
0.261797
0.345733
0.130417
0.179745
0.118056
0.131680
0.102967
0.097562
0.076483
0.114459
0.131251
0.084372
0.212957
0.140699
0.093186
0.082760
0.073622
0.080845
0.169297
0.149015
0.129683
0.075416
0.090526
0.083070
0.074336
0.079095
0.073470
0.081206
0.074205
0.089588
0.090348
0.077160
0.106711
0.155202
0.231518
0.087456
0.114057
0.185399
0.106972
0.180265
0.124052
0.104433
0.196182
0.167365
0.139674
0.116173
0.168027
0.113185
0.204976
0.088144
0.156586
0.226792
0.231964
0.194805
0.161049
0.093630
0.172480
0.166940
0.094234
0.092967
0.094406
0.140990
0.171870
0.179580
0.097758
0.158322
0.172655
0.111437
0.092630
0.086171
0.098833
0.119976
0.227568
0.170007
0.154008
0.121247
0.090187
0.092603
0.134331
0.105661
0.132536
0.115927
0.091532
0.103130
0.241130
0.161952
0.092016
0.216984
0.157010
0.184169
0.089845
0.075263
0.266614
0.161722
0.110033
0.088929
0.086876
0.087739
0.125983
0.287329
0.129597
0.180460
0.523530
0.253617
0.088928
0.208477
0.150468
0.090225
0.083806
0.294340
0.384997
0.301899
0.183044
0.196275
0.090853
0.090871
0.118074
0.090924
0.174215
0.176895
0.091223
0.317753
0.245223
0.219743
0.141421
0.245264
0.139646
0.141559
0.132466
0.113493
0.086073
0.081072
0.136978
0.193256
0.182203
0.163778
0.177899
0.154198
0.163584
0.148793
0.092059
0.092059
0.136378
0.133279
0.109167
0.092842
0.085357
0.106711
0.145276
0.090224
0.115586
0.215766
0.143881
0.144463
0.133403
0.118940
0.125166
0.085053
0.085084
0.077958
0.083744
0.086349
0.087056
0.084256
0.091613
0.101011
0.153155
0.243755
0.276332
0.295858
0.185948
0.145696
0.191768
0.234794
0.132875
0.204911
0.129465
0.136263
0.178527
0.180066
0.203330
0.164297
0.236167
0.256320
0.190388
0.172151
0.176604
0.192223
0.195019
0.161999
0.166476
0.120016
0.136163
0.097270
0.100771
0.089190
0.088487
0.120945
0.119045
0.144772
0.128522
0.115990
0.131863
0.090025
0.095597
0.089141
0.092098
0.090900
0.088413
0.084631
0.079086
0.082053
0.080212
0.081266
0.082622
0.070471
0.079987
0.082363
0.084656
0.085672
0.084724
0.085781
0.085079
0.081787
0.080045
0.083830
0.080195
0.108683
0.093855
0.088159
0.111864
0.118652
0.130430
0.088241
0.262680
0.158558
0.162795
0.120421
0.128854
0.109434
0.088282
0.201688
0.123948
0.105270
0.131307
0.079508
0.077497
0.075242
0.079134
0.078459
0.083872
0.088261
0.100524
0.098398
0.087646
0.096782
0.106198
0.155606
0.113478
0.088211
0.086581
0.087356
0.087706
0.198074
0.217358
0.243672
0.328983
0.174931
0.102708
0.138353
0.122174
0.084724
0.087781
0.091265
0.082569
0.087468
0.305487
0.193843
0.207019
0.182370
0.160427
0.149455
0.217615
0.272290
0.228070
0.176845
0.089059
0.082540
0.084159
0.150628
0.145625
0.175679
0.111029
0.091643
0.090368
0.082607
0.097239
0.113805
0.082145
0.071871
0.089430
0.078985
0.085455
0.221637
0.196554
0.131657
0.078451
0.086821
0.081600
0.260341
0.421271
0.333205
0.150163
0.085822
0.087290
0.096754
0.092098
0.089662
0.086827
0.077073
0.102737
0.097239
0.105156
0.090385
0.127514
0.093062
0.090858
0.095089
0.087767
0.138261
0.161375
0.126966
0.100106
0.155627
0.122190
0.113498
0.121737
0.138714
0.202507
0.137916
0.089110
0.086965
0.132390
0.111901
0.210051
0.256147
0.203807
0.219363
0.082711
0.286315
0.306581
0.182470
0.169130
0.289274
0.228715
0.187314
0.236901
0.250449
0.195775
0.240270
0.228055
0.213883
0.178062
0.099200
0.215527
0.299461
0.201511
0.159548
0.132078
0.219805
0.309692
0.260663
0.171118
0.091711
0.145299
0.283214
0.238035
0.287174
0.211836
0.151965
0.233987
0.161133
0.226910
0.084484
0.138776
0.156883
0.087341
0.097898
0.175932
0.129662
0.201234
0.098314
0.122330
0.091646
0.135855
0.164532
0.129136
0.102380
0.125942
0.171423
0.093124
0.163748
0.142425
0.091224
0.087611
0.117964
0.091595
0.091925
0.090324
0.088987
0.084561
0.082739
0.083412
0.087216
0.087265
0.089720
0.090385
0.091221
0.086530
0.085624
0.083722
0.115665
0.175219
0.102353
0.085241
0.082347
0.093146
0.083744
0.090847
0.088785
0.088152
0.081340
0.083632
0.087646
0.080351
0.084268
0.082123
0.084427
0.084023
0.082815
0.082445
0.084318
0.080546
0.085786
0.090531
0.092704
0.097777
0.127707
0.110933
0.085955
0.083339
0.081930
0.077501
0.076757
0.077212
0.079729
0.081083
0.080672
0.080701
0.081909
0.086939
0.093479
0.127257
0.147281
0.088261
0.103277
0.081879
0.083983
0.096729
0.157673
0.161240
0.102862
0.092204
0.087232
0.131876
0.207837
0.143749
0.133971
0.117353
0.120919
0.150537
0.128156
0.121225
0.089219
0.082638
0.108258
0.090475
0.086913
0.085163
0.085496
0.084596
0.131480
0.101975
0.118342
0.089116
0.088974
0.098355
0.088585
0.087897
0.089578
0.083059
0.079547
0.080191
0.080202
0.081115
0.083166
0.085009
0.081538
0.079295
0.078165
0.079435
0.078982
0.079151
0.078649
0.078360
0.080251
0.080511
0.077562
0.077381
0.074433
0.077613
0.079051
0.076899
0.075581
0.077625
0.080986
0.079595
0.078530
0.078386
0.133632
0.093508
0.081549
0.089921
0.087989
0.083329
0.081551
0.078662
0.079669
0.080413
0.081749
0.082304
0.085815
0.084436
0.111730
0.087567
0.084098
0.076058
0.076320
0.080686
0.080606
0.074922
0.072052
0.075070
0.076449
0.079579
0.087911
0.084812
0.084159
0.080486
0.079490
0.081292
0.082176
0.079581
0.082517
0.075960
0.077078
0.079763
0.077208
0.077227
0.080809
0.079482
0.079198
0.076955
0.076606
0.079380
0.075296
0.075035
0.075888
0.076180
0.072657
0.074759
0.074508
0.073159
0.073795
0.075041
0.077496
0.076651
0.074018
0.073534
0.073654
0.076601
0.074459
0.074055
0.075181
0.077134
0.077898
0.077841
0.073866
0.076008
0.075917
0.078120
0.080135
0.082608
0.081702
0.096568
0.084222
0.073655
0.073535
0.075355
0.078876
0.074489
0.079854
0.078915
0.080174
0.077748
0.078160
0.078686
0.077639
0.076987
0.078555
0.077405
0.072065
0.077078
0.081783
0.077387
0.078009
0.076993
0.075344
0.077991
0.075213
0.073313
0.076301
0.073975
0.074108
0.072155
0.077654
0.071841
0.076311
0.076080
0.077257
0.073253
0.071208
0.073011
0.075771
0.075466
0.073102
0.073475
0.073562
0.072179
0.073001
0.072528
0.071679
0.071693
0.085570
0.087554
0.078287
0.072861
0.071179
0.071694
0.072106
0.072359
0.070859
0.072690
0.072026
0.071705
0.071482
0.083410
0.069793
0.103767
0.119601
0.103266
0.111509
0.107786
0.104480
0.089587
0.120440
0.124500
0.111678
0.104920
0.075051
0.091977
0.110640
0.122646
0.111018
0.134780
0.102017
0.081916
0.114152
0.128645
0.136447
0.139187
0.136109
0.130045
0.119044
0.100949
0.123601
0.087541
0.114338
0.130340
0.130490
0.141889
0.134925
0.172115
0.150694
0.144671
0.138775
0.129882
0.128668
0.152853
0.153456
0.122285
0.147411
0.153101
0.127474
0.133772
0.123902
0.122852
0.131661
0.157535
0.157306
0.156449
0.149588
0.152370
0.146764
0.123817
0.117790
0.121639
0.133731
0.115074
0.145026
0.129320
0.144816
0.156908
0.157976
0.180922
0.174147
0.138648
0.115936
0.145013
0.178189
0.127255
0.154258
0.138615
0.153775
0.151017
0.141664
0.141579
0.140555
0.141791
0.141917
0.140976
0.156431
0.154759
0.148923
0.148086
0.154969
0.156703
0.146268
0.140663
0.152459
0.158421
0.149659
0.201304
0.146775
0.182413
0.198920
0.189026
0.199548
0.201220
0.205281
0.190533
0.177856
0.190763
0.187896
0.185995
0.189091
0.188880
0.199819
0.200678
0.191958
0.190010
0.204672
0.190847
0.179322
0.179617
0.174699
0.174011
0.173529
0.169871
0.174035
0.166065
0.161189
0.181730
0.181795
0.195475
0.193507
0.194655
0.195704
0.208272
0.210220
0.197442
0.198233
0.194426
0.187840
0.190140
0.194008
0.194931
0.206120
0.219756
0.212793
0.215743
0.211556
0.216576
0.207898
0.202921
0.200115
0.204574
0.182568
0.176381
0.186211
0.201085
0.198050
0.190585
0.186215
0.180250
0.184624
0.194416
0.197948
0.222210
0.214264
0.202425
0.204264
0.197609
0.188034
0.171572
0.187404
0.190567
0.193578
0.187097
0.189709
0.203136
0.192299
0.201002
0.214829
0.220599
0.207928
0.225349
0.210709
0.208676
0.203679
0.188244
0.197067
0.186295
0.180943
0.185023
0.180508
0.198201
0.196528
0.205652
0.208096
0.204438
0.199479
0.223386
0.213491
0.197718
0.201862
0.198056
0.190984
0.201216
0.204100
0.198369
0.192744
0.193788
0.193874
0.215251
0.209037
0.202134
0.201151
0.208096
0.216193
0.208620
0.187115
0.188478
0.199629
0.194023
0.195925
0.203853
0.208874
0.210025
0.205234
0.210381
0.224665
0.209043
0.207849
0.211486
0.209814
0.204837
0.214647
0.225251
0.211486
0.208686
0.219270
0.217157
0.220273
0.212536
0.216380
0.214521
0.212555
0.217533
0.216466
0.216615
0.210630
0.212747
0.227199
0.226693
0.216967
0.208180
0.204691
0.207703
0.197807
0.201868
0.205174
0.208185
0.208893
0.214020
0.224961
0.209043
0.219542
0.208897
0.206030
0.212891
0.220671
0.219772
0.222511
0.228328
0.219691
0.219562
0.215777
0.217870
0.216971
0.216971
0.216821
0.209459
0.209880
0.201591
0.215211
0.228449
0.221673
0.219706
0.217782
0.203497
0.207768
0.216278
0.219354
0.227217
0.222216
0.214563
0.225021
0.231965
0.220108
0.226023
0.211637
0.216320
0.227282
0.225039
0.223137
0.217303
0.217093
0.217178
0.214226
0.219959
0.211408
0.218075
0.215191
0.215191
0.210231
0.211342
0.224057
0.225189
0.219354
0.217514
0.221592
0.220671
0.233726
0.222372
0.211196
0.210363
0.218999
0.219210
0.215342
0.218226
0.187163
0.182353
0.190090
0.194361
0.216054
0.209609
0.207708
0.202874
0.201938
0.202603
0.213315
0.214592
0.221386
0.220132
0.226740
0.225864
0.217267
0.213482
0.232055
0.224900
0.217476
0.214568
0.208606
0.224717
0.210654
0.224169
0.225111
0.224380
0.205952
0.207708
0.218438
0.232158
0.219757
0.218732
0.226553
0.224483
0.229484
0.223692
0.229545
0.217810
0.231701
0.235193
0.231427
0.224735
0.220820
0.213210
0.207334
0.210115
0.220010
0.232917
0.223856
0.222019
0.221013
0.213337
0.252137
0.234630
0.223752
0.230613
0.228880
0.232748
0.224820
0.221996
0.216329
0.215431
0.221284
0.249668
0.260379
0.250569
0.235779
0.231011
0.238771
0.223040
0.230173
0.231283
0.205244
0.223003
0.240532
0.256678
0.238041
0.259354
0.238686
0.236552
0.238789
0.249566
0.236406
0.242432
0.251130
0.246719
0.236238
0.229800
0.226914
0.247624
0.249590
0.261091
0.252347
0.257953
0.228000
0.218503
0.217331
0.208317
0.216994
0.211015
0.220886
0.207061
0.200074
0.197105
0.199990
0.211914
0.219841
0.239145
0.211202
0.217097
0.202458
0.202710
0.190807
0.206495
0.198627
0.203732
0.200973
0.190305
0.193654
0.198633
0.201957
0.212185
0.205318
0.198713
0.207061
0.215509
0.229443
0.200762
0.200992
0.193884
0.192062
0.211556
0.223416
0.218817
0.215571
0.213500
0.215467
0.205722
0.209380
0.216559
0.208752
0.218648
0.223185
0.205657
0.199924
0.193359
0.195411
0.194511
0.199887
0.220446
0.231385
0.211829
0.214568
0.226576
0.233246
0.232707
0.217748
0.203774
0.220530
0.233334
0.218648
0.219359
0.222015
0.215759
0.207890
0.204341
0.212268
0.218376
0.220469
0.224464
0.225045
0.218165
0.213315
0.216260
0.195766
0.206369
0.199381
0.210321
0.201451
0.190531
0.197583
0.194801
0.206851
0.218586
0.221533
0.216162
0.195832
0.193008
0.194010
0.190183
0.210639
0.197776
0.197690
0.192858
0.212499
0.228295
0.241698
0.229296
0.216325
0.212541
0.226075
0.223210
0.228150
0.223021
0.225176
0.224150
0.221158
0.232411
0.216850
0.208106
0.195326
0.196394
0.223794
0.240190
0.207038
0.205324
0.199658
0.217331
0.206954
0.208213
0.218250
0.201667
0.191981
0.168618
0.184198
0.171733
0.180559
0.173179
0.198717
0.195813
0.183051
0.191083
0.192881
0.241599
0.206937
0.201769
0.210639
0.201624
0.216577
0.207145
0.219008
0.209155
0.193299
0.206832
0.217585
0.216790
0.207774
0.217941
0.219551
0.224423
0.219613
0.226287
0.218104
0.208275
0.218147
0.205493
0.224150
0.217917
0.216891
0.211015
0.218985
0.213838
0.214991
0.212185
0.209047
0.212059
0.206289
0.216119
0.211955
0.208213
0.215993
0.202397
0.210326
0.206645
0.205807
0.215973
0.229822
0.222895
0.222919
0.218713
0.238354
0.229527
0.224759
0.237287
0.231198
0.218610
0.220512
0.215533
0.216620
0.217204
0.225242
0.207206
0.207356
0.197414
0.209300
0.217917
0.210158
0.208148
0.206350
0.222081
0.217247
0.211328
0.222123
0.220132
0.209404
0.217936
0.212395
0.209613
0.207628
0.223210
0.212457
0.228188
0.214255
0.211370
0.215322
0.220241
0.211347
0.208756
0.215660
0.216747
0.225532
0.230678
0.236538
0.224338
0.218357
0.225031
0.216222
0.209174
0.200472
0.212541
0.215533
0.214442
0.217478
0.209595
0.223812
0.219902
0.214967
0.221954
0.222895
0.222979
0.211328
0.213379
0.205681
0.203779
0.216368
0.229401
0.221598
0.218821
0.213754
0.211769
0.219402
0.221706
0.217458
0.215449
0.221411
0.224675
0.231390
0.223711
0.215720
0.216873
0.220614
0.214736
0.210870
0.210097
0.215201
0.213022
0.214026
0.217749
0.231470
0.217959
0.214991
0.229846
0.214049
0.212040
0.211937
0.215955
0.210163
0.228881
0.214949
0.221598
0.223776
0.219906
0.221809
0.235699
0.220975
0.230571
0.232898
0.213383
0.208402
0.216372
0.178574
0.194534
0.230491
0.216354
0.198824
0.200537
0.194806
0.196254
0.200037
0.192338
0.200417
0.199577
0.207210
0.200182
0.195204
0.219305
0.217252
0.183196
0.203091
0.243693
0.221538
0.206706
0.208738
0.232668
0.228946
0.221935
0.227855
0.242729
0.227982
0.221332
0.227836
0.174659
0.233924
0.222104
0.211563
0.235560
0.234364
0.228547
0.229531
0.224890
0.227987
0.235915
0.234032
0.241834
0.234159
0.238945
0.236186
0.269025
0.259280
0.278288
0.280128
0.268608
0.273164
0.257499
0.261661
0.266430
0.260552
0.276471
0.260951
0.262665
0.256184
0.256328
0.263837
0.264754
0.287580
0.264903
0.275697
0.280320
0.276386
0.275257
0.287912
0.296402
0.289540
0.285757
0.279899
0.276676
0.286488
0.284562
0.274753
0.280610
0.282554
0.280610
0.285167
0.278287
0.273726
0.275631
0.281677
0.280694
0.286404
0.273038
0.276827
0.302780
0.303428
0.309351
0.305726
0.301085
0.312591
0.302442
0.297441
0.291002
0.293930
0.301647
0.286066
0.282300
0.284749
0.295208
0.299203
0.307694
0.319532
0.299957
0.308803
0.295184
0.326435
0.316122
0.314197
0.310371
0.312443
0.318427
0.304789
0.303679
0.294976
0.298972
0.301043
0.298909
0.303844
0.293180
0.288262
0.303094
0.326977
0.311205
0.315663
0.316455
0.326266
0.321934
0.329905
0.308338
0.307270
0.298570
0.305492
0.293114
0.285289
0.311392
0.295831
0.295788
0.307336
0.292880
0.299932
0.287968
0.289658
0.279097
0.300120
0.298112
0.297319
0.305955
0.300120
0.316646
0.346951
0.304050
0.338021
0.323774
0.313753
0.300930
0.300326
0.300134
0.285809
0.282150
0.279640
0.296542
0.299070
0.294322
0.315701
0.301937
0.331052
0.331637
0.328878
0.311767
0.310826
0.305721
0.307603
0.339899
0.328663
0.317162
0.304381
0.326008
0.308291
0.320801
0.304340
0.301514
0.291769
0.294780
0.305576
0.320047
0.326761
0.315823
0.309649
0.310759
0.309565
0.303876
0.309879
0.313711
0.309630
0.307959
0.300883
0.304942
0.326133
0.344937
0.343888
0.317343
0.333200
0.317091
0.307472
0.317007
0.315335
0.316614
0.309776
0.300883
0.304025
0.309860
0.348154
0.303097
0.302048
0.307448
0.301841
0.302054
0.301969
0.301988
0.311321
0.309017
0.314834
0.298144
0.320143
0.332504
0.331942
0.318135
0.307443
0.314749
0.315939
0.310811
0.324804
0.302067
0.309869
0.295249
0.301482
0.319887
0.310956
0.325993
0.311662
0.315952
0.325553
0.300680
0.292775
0.304781
0.298840
0.297983
0.360774
0.342298
0.321173
0.328928
0.352250
0.331709
0.340556
0.305081
0.305559
0.319594
0.334215
0.309553
0.227462
0.380683
0.360144
0.347288
0.399763
0.364550
0.376051
0.364895
0.362170
0.334937
0.311109
0.268147
0.345671
0.292873
0.388764
0.352142
0.337541
0.309783
0.325514
0.341348
0.330577
0.318569
0.305161
0.301588
0.300961
0.242497
0.256074
0.370425
0.433591
0.369914
0.372148
0.347800
0.324852
0.334743
0.299086
0.292080
0.268777
0.305881
0.319785
0.324474
0.332251
0.310934
0.305014
0.298364
0.327709
0.321036
0.316245
0.307983
0.309698
0.307042
0.295742
0.291475
0.298335
0.291245
0.290472
0.307936
0.308226
0.287934
0.317134
0.287934
0.300007
0.309355
0.310169
0.311341
0.299230
0.302766
0.289063
0.299169
0.311449
0.322116
0.318412
0.324519
0.333642
0.314624
0.346694
0.324102
0.323746
0.318122
0.308583
0.294191
0.314253
0.320385
0.337431
0.345836
0.322908
0.322056
0.313790
0.308372
0.295253
0.289605
0.247168
0.286844
0.309308
0.286926
0.304971
0.298448
0.309097
0.323689
0.300531
0.303252
0.311199
0.302353
0.292729
0.294761
0.295805
0.291979
0.287105
0.292106
0.282019
0.282440
0.286289
0.282271
0.283550
0.283610
0.280201
0.277233
0.277316
0.288092
0.305430
0.294425
0.302628
0.282712
0.302226
0.291455
0.286646
0.296728
0.278216
0.293843
0.292692
0.288738
0.289095
0.287774
0.283260
0.297379
0.291629
0.301459
0.316247
0.306268
0.303046
0.307191
0.303359
0.299347
0.294430
0.281667
0.284889
0.270082
0.286923
0.291417
0.293446
0.294658
0.301229
0.321516
0.312459
0.305592
0.314506
0.310974
0.303819
0.283068
0.289240
0.294279
0.297103
0.294345
0.299969
0.291605
0.294490
0.274763
0.273654
0.282440
0.283676
0.285663
0.281583
0.285367
0.293573
0.303692
0.300596
0.289929
0.278970
0.293567
0.293084
0.271898
0.277003
0.276876
0.272943
0.275954
0.295534
0.279532
0.276183
0.266686
0.278693
0.269008
0.267271
0.290223
0.281311
0.291184
0.280117
0.295342
0.280262
0.259614
0.258758
0.267880
0.267047
0.281874
0.257316
0.282839
0.283401
0.287123
0.285704
0.270766
0.271622
0.280993
0.304507
0.277102
0.265557
0.257152
0.271144
0.288800
0.295492
0.284594
0.314547
0.296535
0.301992
0.297350
0.281934
0.266999
0.283339
0.276455
0.273654
0.256875
0.265936
0.273589
0.264887
0.268175
0.286580
0.312159
0.294798
0.308562
0.287534
0.303584
0.296638
0.315858
0.337508
0.310609
0.292288
0.276492
0.282243
0.297200
0.280384
0.276515
0.278857
0.280510
0.279461
0.289547
0.288645
0.290635
0.297430
0.279087
0.296994
0.289259
0.286888
0.278750
0.268147
0.273229
0.269739
0.260513
0.286491
0.288251
0.247335
0.260892
0.257708
0.256767
0.287245
0.264278
0.257418
0.263127
0.264532
0.268212
0.260448
0.267604
0.259717
0.260785
0.274360
0.278273
0.276558
0.285723
0.283817
0.294545
0.286514
0.279695
0.285656
0.287625
0.282477
0.289568
0.288859
0.296448
0.279822
0.282857
0.283479
0.281958
0.296386
0.294400
0.305172
0.286683
0.286201
0.280384
0.299318
0.293772
0.298920
0.303983
0.298358
0.292481
0.304816
0.289783
0.272105
0.299402
0.296789
0.301496
0.279133
0.267884
0.275411
0.282440
0.277673
0.297356
0.312941
0.301098
0.300180
0.292106
0.295468
0.306160
0.296953
0.289028
0.278127
0.286996
0.287123
0.280323
0.292035
0.286495
0.293375
0.300320
0.292523
0.298358
0.288673
0.292584
0.295637
0.291979
0.289010
0.300741
0.293797
0.293923
0.298840
0.303819
0.309588
0.308586
0.304736
0.295117
0.304882
0.296391
0.293885
0.293863
0.262237
0.309653
0.259535
0.259474
0.315554
0.302919
0.307897
0.310974
0.311976
0.314365
0.307673
0.309659
0.314595
0.324616
0.327398
0.321183
0.305537
0.306690
0.313190
0.319217
0.317376
0.309092
0.326935
0.336536
0.334423
0.322626
0.324383
0.308801
0.307753
0.310848
0.318776
0.305930
0.294471
0.298237
0.306141
0.323755
0.326789
0.319760
0.313925
0.308385
0.301585
0.298761
0.298592
0.305518
0.291208
0.289385
0.296607
0.317231
0.311415
0.323423
0.327398
0.334574
0.332732
0.328068
0.323071
0.328049
0.328653
0.348061
0.355155
0.346721
0.340951
0.339069
0.335220
0.325599
0.323844
0.339340
0.331792
0.333904
0.323821
0.315850
0.316188
0.316960
0.326874
0.327019
0.310665
0.311002
0.303075
0.295314
0.308698
0.321605
0.314661
0.307776
0.305102
0.318697
0.308053
0.293264
0.300831
0.306966
0.315367
0.350009
0.324551
0.321854
0.314009
0.340366
0.335345
0.326602
0.316103
0.303215
0.295984
0.310394
0.306292
0.321751
0.328546
0.339340
0.319700
0.309326
0.319053
0.317943
0.307486
0.316103
0.320913
0.326935
0.338984
0.333613
0.338465
0.330017
0.337585
0.348276
0.327900
0.322234
0.361955
0.355970
0.343962
0.329796
0.325300
0.318842
0.319844
0.326640
0.319971
0.336366
0.334278
0.317587
0.327248
0.319405
0.314570
0.313588
0.313527
0.323127
0.317100
0.331955
0.326701
0.321723
0.296040
0.322499
0.334423
0.326430
0.313943
0.320804
0.316936
0.320182
0.319217
0.323132
0.355965
0.341518
0.326579
0.315119
0.312357
0.344253
0.348524
0.316036
0.317520
0.347619
0.314342
0.299678
0.330719
0.329945
0.310365
0.331955
0.329234
0.330218
0.319109
0.317016
0.312333
0.311626
0.309592
0.310721
0.318210
0.315536
0.316454
0.317607
0.317648
0.312393
0.319006
0.322916
0.309321
0.319109
0.304615
0.302901
0.304886
0.294368
0.293319
0.293615
0.278637
0.287549
0.282590
0.284810
0.282716
0.346431
0.359959
0.342562
0.311391
0.333290
0.318125
0.296222
0.350710
0.336170
0.324668
0.296386
0.280594
0.300990
0.332572
0.308141
0.306970
0.191291
0.294358
0.291515
0.320775
0.281784
0.317722
0.287745
0.286804
0.280295
0.285568
0.290105
0.311316
0.306675
0.297992
0.286489
0.288289
0.279877
0.275088
0.266114
0.301607
0.293973
0.285665
0.274103
0.277199
0.295416
0.276196
0.264985
0.261113
0.256556
0.265467
0.307049
0.266110
0.277255
0.284537
0.286087
0.285273
0.294016
0.289599
0.285881
0.272263
0.302586
0.291711
0.299303
0.302084
0.289600
0.299008
0.279975
0.276547
0.284748
0.295706
0.306248
0.308547
0.301162
0.280411
0.294240
0.287356
0.318986
0.299298
0.305029
0.285600
0.278949
0.290494
0.280833
0.289829
0.290082
0.297945
0.273241
0.290662
0.275287
0.289032
0.278280
0.273597
0.274285
0.269579
0.290499
0.279850
0.281756
0.292466
0.293449
0.284556
0.274183
0.271696
0.268765
0.275775
0.285604
0.277049
0.257830
0.287239
0.311207
0.309475
0.308135
0.296315
0.284284
0.298783
0.294999
0.287235
0.284433
0.287361
0.298591
0.310013
0.292966
0.298380
0.304341
0.321098
0.303358
0.291833
0.306580
0.305746
0.286312
0.281587
0.270042
0.264203
0.268347
0.278093
0.269458
0.289393
