0.045564
0.001933
0.000018
0.000000
0.119478
0.042311
0.165585
0.453656
0.226505
0.111250
0.021442
0.148460
0.083186
0.176585
0.007627
0.041242
0.141944
0.103484
0.013392
0.227296
0.177570
0.109310
0.059586
0.041280
0.602151
0.245194
0.263186
0.644027
0.401147
0.383605
0.161738
0.143716
0.294855
0.503829
0.224868
0.113872
0.064660
0.094400
0.309760
0.057352
0.228584
0.134758
0.524506
0.369222
0.217545
0.821908
0.274954
0.270290
0.291086
0.291424
0.301687
0.263785
0.243017
0.273019
0.301417
0.308829
0.337887
0.297107
0.278238
0.273936
0.283239
0.279993
0.279403
0.275165
0.222348
0.237692
0.238828
0.257882
0.383777
0.240356
0.277038
0.219235
0.196441
0.225383
0.195758
0.253536
0.247719
0.177059
0.138700
0.112266
0.130637
0.301489
0.463922
0.102663
0.165569
0.142159
0.304202
0.014819
0.098756
0.114391
0.222796
0.154142
0.304980
0.207295
0.164027
0.181767
0.140301
0.113387
0.115822
0.082313
0.051928
0.063596
0.045291
0.039211
0.044397
0.082364
0.029582
0.018171
0.071869
0.072373
0.121330
0.026674
0.156045
0.071660
0.097013
0.174678
0.090647
0.104682
0.132946
0.110488
0.123874
0.154628
0.071613
0.130955
0.094483
0.145888
0.106998
0.248802
0.159973
0.167197
0.125859
0.244196
0.430529
0.209943
0.287112
0.242764
0.264442
0.297935
0.257675
0.261640
0.236630
0.339704
0.296200
0.236642
0.278867
0.297525
0.295284
0.300143
0.236613
0.271015
0.482572
0.203085
0.253582
0.141493
0.108241
0.253770
0.245718
0.255463
0.165066
0.291504
0.230527
0.250165
0.236889
0.261238
0.204614
0.218759
0.176871
0.217995
0.255958
0.377500
0.239609
0.183542
0.409529
0.292843
0.225227
0.168399
0.310184
0.241399
0.050006
0.112584
0.182750
0.128843
0.172776
0.205888
0.315872
0.172860
0.124634
0.173290
0.109277
0.074550
0.280703
0.128862
0.235092
0.237235
0.218188
0.159843
0.023439
0.295608
0.223924
0.125903
0.165794
0.256340
0.115659
0.289127
0.045057
0.229196
0.248835
0.266429
0.175046
0.181963
0.309314
0.119723
0.122410
0.272117
0.181329
0.207849
0.184477
0.373296
0.295227
0.155096
0.215290
0.205459
0.260026
0.170942
0.229873
0.137172
0.210333
0.244872
0.265419
0.272033
0.302906
0.239475
0.258345
0.424928
0.243757
0.250891
0.286322
0.371088
0.247442
0.393444
0.341946
0.255380
0.296369
0.294850
0.362733
0.366969
0.363574
0.363361
0.324067
0.473719
0.221439
0.207784
0.236367
0.372702
0.315112
0.205959
0.318266
0.296423
0.304332
0.327732
0.211327
0.293011
0.241703
0.269737
0.322382
0.430162
0.032857
0.262913
0.117848
0.010550
0.258408
0.014126
0.083835
0.041348
0.062802
0.071874
0.287124
0.284728
0.392228
0.274660
0.290600
0.235547
0.145384
0.127152
0.249012
0.046769
0.070780
0.234327
0.242428
0.300225
0.157814
0.259836
0.302868
0.161797
0.187861
0.218137
0.145851
0.161931
0.139126
0.146833
0.180274
0.255982
0.147688
0.180876
0.242053
0.057017
0.080747
0.133614
0.149973
0.122547
0.100074
0.168678
0.219383
0.191607
0.193538
0.190451
0.201414
0.175114
0.191207
0.214718
0.200493
0.189871
0.187698
0.191063
0.177916
0.180944
0.175480
0.189084
0.180857
0.172340
0.177372
0.133284
0.189677
0.168546
0.187212
0.191997
0.192908
0.179616
0.168339
0.111164
0.124628
0.234248
0.205327
0.259785
0.199912
0.259377
0.149449
0.193352
0.187014
0.199261
0.194010
0.227793
0.268186
0.161645
0.199146
0.173726
0.187986
0.213221
0.231318
0.158892
0.195441
0.319129
0.268916
0.117117
0.251197
0.085418
0.179928
0.122968
0.108192
0.121908
0.075116
0.103824
0.035635
0.004816
0.003753
0.214952
0.150340
0.135862
0.159701
0.075496
0.121011
0.109502
0.110458
0.186030
0.050662
0.086950
0.147114
0.105160
0.105285
0.093180
0.129627
0.117013
0.114525
0.115619
0.135590
0.139977
0.101179
0.059093
0.097251
0.100342
0.077297
0.079544
0.098449
0.050323
0.062609
0.002732
0.069529
0.102570
0.156931
0.204318
0.101919
0.120790
0.088768
0.055593
0.067133
0.076843
0.078796
0.175658
0.083416
0.048219
0.057106
0.080616
0.096590
0.080163
0.161234
0.174961
0.162537
0.157877
0.125173
0.153699
0.079461
0.132509
0.176010
0.062751
0.146598
0.140467
0.280226
0.136136
0.173543
0.103791
0.113823
0.057903
0.086666
0.123254
0.113370
0.087764
0.066114
0.082090
0.080410
0.089716
0.110825
0.114677
0.137143
0.122368
0.090696
0.075823
0.109495
0.050160
0.073331
0.141444
0.107508
0.109817
0.114833
0.024211
0.092230
0.091518
0.088067
0.095763
0.022611
0.069462
0.134124
0.157203
0.128268
0.148474
0.147422
0.082689
0.114351
0.194969
0.103763
0.096964
0.120790
0.089594
0.081858
0.099516
0.056429
0.110703
0.105510
0.016919
0.073242
0.088487
0.119934
0.113151
0.077207
0.131700
0.119513
0.127454
0.077381
0.034002
0.108423
0.237417
0.233456
0.098535
0.100639
0.092933
0.100307
0.091893
0.077152
0.100662
0.103249
0.089006
0.135770
0.120169
0.084975
0.074658
0.053751
0.084273
0.080953
0.080812
0.106088
0.071211
0.087364
0.058684
0.076544
0.100124
0.101124
0.081157
0.089132
0.094526
0.084692
0.093897
0.094840
0.077051
0.094342
0.098427
0.085784
0.088821
0.092159
0.099609
0.096769
0.101194
0.088900
0.101871
0.098103
0.097456
0.096041
0.115376
0.099840
0.083526
0.213727
0.027557
0.016516
0.122309
0.170128
0.123146
0.093483
0.115439
0.080223
0.120433
0.069036
0.056644
0.218086
0.035680
0.043568
0.011604
0.013863
0.090396
0.143838
0.061464
0.037575
0.147851
0.070440
0.065623
0.076740
0.089149
0.115655
0.132430
0.145471
0.157031
0.115016
0.135409
0.130475
0.120213
0.086567
0.016909
0.169542
0.055922
0.078651
0.000160
0.011173
0.030814
0.125064
0.058167
0.091938
0.091549
0.096779
0.055081
0.070802
0.058812
0.081304
0.067022
0.094918
0.074453
0.104310
0.079234
0.023500
0.078888
0.019773
0.049168
0.029016
0.042851
0.089928
0.127442
0.144777
0.116911
0.097712
0.084732
0.046592
0.192829
0.152220
0.123832
0.107923
0.148835
0.145858
0.069323
0.087515
0.042727
0.039899
0.036581
0.012082
0.025703
0.034267
0.038474
0.060130
0.094011
0.080034
0.101329
0.081281
0.032133
0.123586
0.010272
0.091184
0.036993
0.020851
0.038063
0.051353
0.067409
0.084455
0.086133
0.067120
0.034438
0.227399
0.004112
0.169118
0.113378
0.120769
0.065632
0.107132
0.125872
0.154097
0.056671
0.065587
0.065848
0.062885
0.060243
0.099993
0.117596
0.077703
0.018409
0.079311
0.031442
0.045287
0.022284
0.047955
0.091464
0.085808
0.047628
0.055976
0.012529
0.104003
0.120173
0.114052
0.199215
0.094568
0.075794
0.156375
0.174725
0.067136
0.074957
0.090218
0.093358
0.096142
0.082634
0.153438
0.133353
0.149758
0.187431
0.148184
0.076208
0.099736
0.096021
0.075247
0.058374
0.085052
0.092346
0.055340
0.155838
0.075654
0.139975
0.164492
0.086479
0.126569
0.058351
0.070100
0.046245
0.050145
0.107048
0.147224
0.043487
0.069028
0.139171
0.146451
0.128713
0.187247
0.111153
0.099890
0.089339
0.143328
0.139187
0.152764
0.085382
0.075875
0.073607
0.116317
0.091554
0.117253
0.114518
0.115935
0.188995
0.159781
0.203355
0.181590
0.179594
0.169737
0.150160
0.148535
0.140720
0.152261
0.148622
0.141802
0.143499
0.149261
0.148811
0.151747
0.152799
0.155713
0.166454
0.162832
0.166123
0.172994
0.174554
0.171119
0.173362
0.160700
0.177851
0.192838
0.167112
0.189590
0.181026
0.190738
0.196126
0.188490
0.186383
0.186497
0.190437
0.171330
0.172457
0.158485
0.184995
0.171263
0.180689
0.183243
0.189403
0.190416
0.189728
0.206944
0.198614
0.205934
0.213024
0.211340
0.208340
0.203150
0.203885
0.216972
0.224349
0.222931
0.224136
0.245214
0.255168
0.241622
0.258908
0.260706
0.260276
0.250603
0.255487
0.260209
0.246100
0.250871
0.251116
0.254220
0.256636
0.255156
0.263919
0.257565
0.260011
0.263564
0.266510
0.270758
0.270672
0.269088
0.271939
0.272633
0.278094
0.276372
0.273844
0.270254
0.262838
0.267056
0.263343
0.263617
0.256361
0.262927
0.266522
0.262790
0.265201
0.263934
0.262776
0.254033
0.259082
0.256340
0.257834
0.260346
0.258478
0.262118
0.256412
0.256376
0.245716
0.241376
0.236813
0.234434
0.235954
0.235236
0.225865
0.220615
0.217983
0.211236
0.213487
0.212818
0.216881
0.217592
0.198061
0.196465
0.184724
0.220000
0.222355
0.234524
0.223227
0.220912
0.221128
0.227250
0.220123
0.226683
0.213442
0.217476
0.200574
0.202765
0.205452
0.204625
0.193925
0.215920
0.217132
0.224944
0.217858
0.222358
0.230878
0.231649
0.208523
0.215495
0.205159
0.206896
0.206327
0.233347
0.230651
0.239859
0.235119
0.231707
0.242580
0.256910
0.271609
0.274263
0.273807
0.271916
0.274598
0.274637
0.276512
0.273966
0.272886
0.273234
0.275483
0.278286
0.281682
0.282982
0.281499
0.283323
0.279200
0.276237
0.279135
0.284384
0.288844
0.291544
0.276296
0.277402
0.280756
0.283299
0.272806
0.283606
0.287899
0.294107
0.294273
0.299898
0.301480
0.296799
0.289416
0.289773
0.288947
0.295842
0.296480
0.294572
0.292853
0.293854
0.291830
0.289905
0.289216
0.288550
0.242649
0.273011
0.271953
0.273437
0.278090
0.280118
0.277380
0.279825
0.283805
0.281112
0.279354
0.279511
0.267303
0.260666
0.269934
0.263937
0.274734
0.280519
0.279730
0.279099
0.278109
0.281465
0.283771
0.286198
0.291406
0.280935
0.284822
0.273680
0.270666
0.263031
0.262964
0.254758
0.254271
0.257730
0.250809
0.268949
0.276401
0.269668
0.268206
0.327241
0.247107
0.257221
0.254092
0.272390
0.263214
0.264257
0.268026
0.264283
0.265266
0.262163
0.262774
0.261692
0.255716
0.266330
0.271795
0.265122
0.264507
0.272202
0.269481
0.266210
0.264574
0.268616
0.256538
0.252544
0.254812
0.255034
0.260500
0.265068
0.249648
0.257105
0.263371
0.269670
0.252250
0.247625
0.270019
0.259054
0.278810
0.271125
0.276473
0.287930
0.290051
0.293961
0.292265
0.283651
0.294845
0.289757
0.300515
0.302026
0.298852
0.297236
0.291214
0.291406
0.289905
0.286913
0.303369
0.307398
0.305993
0.313514
0.309274
0.289254
0.289770
0.315234
0.316480
0.320192
0.323052
0.322141
0.322144
0.324929
0.323088
0.324120
0.327287
0.326124
0.324929
0.320236
0.327485
0.325554
0.322313
0.329584
0.329815
0.339391
0.335855
0.328738
0.329479
0.327307
0.332898
0.327414
0.338200
0.335671
0.323926
0.328957
0.322315
0.330291
0.332461
0.333764
0.338616
0.324870
0.325414
0.326626
0.327909
0.323311
0.327368
0.334873
0.331318
0.322633
0.326069
0.324808
0.328889
0.330388
0.328572
0.332520
0.334019
0.309664
0.316549
0.317165
0.319146
0.320442
0.316636
0.293716
0.315269
0.316201
0.317578
0.319787
0.320683
0.318962
0.317263
0.315525
0.319233
0.319688
0.314797
0.315983
0.297279
0.314552
0.313153
0.306574
0.311719
0.306943
0.306357
0.293126
0.294886
0.296263
0.301927
0.300707
0.298855
0.294692
0.294275
0.296583
0.288388
0.296700
0.289669
0.295420
0.302528
0.301719
0.293935
0.304295
0.301719
0.298282
0.298259
0.307390
0.305325
0.306704
0.306504
0.306472
0.307793
0.306727
0.303587
0.293347
0.292195
0.291666
0.289322
0.278901
0.277791
0.276749
0.277259
0.273788
0.271658
0.273765
0.272699
0.277736
0.285409
0.292369
0.284541
0.290636
0.286380
0.279054
0.272701
0.274439
0.273037
0.271455
0.267196
0.264293
0.260448
0.258208
0.255625
0.252094
0.253613
0.252156
0.260367
0.271629
0.273057
0.272782
0.274518
0.269077
0.263544
0.265810
0.265501
0.264358
0.273763
0.268164
0.272566
0.274166
0.272327
0.268776
0.267511
0.269481
0.271518
0.273255
0.283724
0.280913
0.284517
0.281560
0.278952
0.275326
0.274166
0.274418
0.271953
0.278430
0.276773
0.278511
0.279674
0.279410
0.276805
0.275683
0.274902
0.278963
0.279153
0.278461
0.279156
0.279255
0.273219
0.272865
0.271973
0.275706
0.273219
0.270555
0.270355
0.273219
0.274007
0.274247
0.278365
0.293159
0.286791
0.288841
0.288225
0.286773
0.288310
0.291348
0.281035
0.284041
0.277161
0.271318
0.268419
0.268403
0.270982
0.272845
0.273594
0.276390
0.275785
0.304981
0.305627
0.322817
0.312161
0.336503
0.350918
0.333876
0.334352
0.345405
0.347482
0.350333
0.359612
0.342989
0.351326
0.360346
0.345557
0.384724
0.374539
0.374581
0.368798
0.369037
0.379430
0.365598
0.364298
0.361418
0.363668
0.368336
0.376906
0.378629
0.395346
0.414949
0.423179
0.418768
0.421677
0.437407
0.430695
0.447452
0.432351
0.445256
0.457011
0.444524
0.449418
0.440151
0.451763
0.443236
0.439914
0.443801
0.456982
0.461264
0.470678
0.474872
0.473003
0.477900
0.480046
0.482218
0.492740
0.492738
0.489173
0.486545
0.494869
0.483162
0.483857
0.476736
0.457603
0.482341
0.472457
0.480854
0.482205
0.489639
0.498223
0.500416
0.513225
0.513604
0.508286
0.507578
0.503657
0.511935
0.524723
0.523404
0.520011
0.513197
0.513561
0.521873
0.531741
0.533817
0.523689
0.540031
0.510258
0.510797
0.514533
0.519593
0.522089
0.538545
0.523941
0.535998
0.545544
0.568956
0.554447
0.563639
0.563605
0.562656
0.565199
0.558217
0.553642
0.542273
0.534959
0.539982
0.544892
0.540717
0.533562
0.569254
0.557961
0.552833
0.547182
0.551542
0.537651
0.535601
0.531751
0.527685
0.525817
0.524313
0.517665
0.522912
0.519367
0.540625
0.538627
0.539892
0.537881
0.531761
0.520297
0.522912
0.522269
0.524969
0.518643
0.532430
0.532246
0.546386
0.547041
0.546293
0.548597
0.560749
0.562297
0.562925
0.521407
0.534744
0.562000
0.565673
0.565963
0.549377
0.543523
0.537858
0.534685
0.534123
0.533059
0.551807
0.541236
0.544194
0.551077
0.547276
0.538014
0.520937
0.504647
0.514241
0.515618
0.510193
0.523436
0.529138
0.541748
0.560967
0.562293
0.565083
0.585158
0.583255
0.581636
0.577833
0.587212
0.567944
0.574775
0.556041
0.555931
0.540446
0.538510
0.537007
0.524461
0.528322
0.530065
0.531305
0.532200
0.533358
0.538890
0.552836
0.551220
0.552523
0.543582
0.547452
0.545221
0.541359
0.551814
0.543429
0.567049
0.549538
0.554774
0.534070
0.539807
0.532972
0.540914
0.541109
0.537600
0.556868
0.555933
0.553283
0.548202
0.553963
0.558050
0.550141
0.541845
0.542776
0.540596
0.546588
0.543661
0.569818
0.598467
0.585847
0.591955
0.600139
0.611491
0.603924
0.593173
0.585801
0.590087
0.575931
0.573737
0.573248
0.578996
0.592620
0.603526
0.606294
0.622293
0.617352
0.619265
0.626539
0.626814
0.621551
0.618242
0.608045
0.614737
0.618289
0.606242
0.589799
0.573398
0.562805
0.568337
0.522994
0.596026
0.606509
0.606957
0.608589
0.607746
0.610998
0.612735
0.614275
0.608238
0.620418
0.617173
0.607068
0.611944
0.606616
0.614721
0.613006
0.616930
0.617248
0.619621
0.624771
0.627924
0.626425
0.633982
0.631836
0.627183
0.616523
0.599948
0.625954
0.615041
0.613008
0.616706
0.626662
0.642266
0.637594
0.644919
0.650616
0.648470
0.645179
0.649554
0.647089
0.643812
0.640337
0.632548
0.625936
0.620568
0.615658
0.616500
0.625718
0.627749
0.621954
0.624516
0.630788
0.631297
0.627162
0.627115
0.623258
0.619820
0.619439
0.615969
0.609029
0.602808
0.611147
0.608505
0.615210
0.603163
0.573086
0.554450
0.569447
0.565765
0.572495
0.573499
0.583588
0.591108
0.594690
0.590307
0.602297
0.602770
0.612548
0.626488
0.626639
0.628753
0.634287
0.638268
0.641824
0.639376
0.640794
0.644659
0.645015
0.643749
0.645726
0.644441
0.646988
0.648502
0.648761
0.648175
0.647222
0.649812
0.652236
0.653264
0.653839
0.653956
0.655835
0.660483
0.653151
0.657283
0.650140
0.655157
0.659078
0.666975
0.664309
0.662675
0.655833
0.674225
0.670170
0.674453
0.676095
0.676724
0.684416
0.683099
0.684398
0.683102
0.681693
0.683670
0.687082
0.683352
0.682965
0.686960
0.684973
0.684384
0.686151
0.687301
0.685155
0.686393
0.685547
0.686101
0.686692
0.684531
0.687098
0.686135
0.686573
0.685428
0.686471
0.687397
0.676232
0.681811
0.673648
0.678403
0.676643
0.674574
0.674980
0.681901
0.689412
0.683690
0.688308
0.690800
0.691386
0.691386
0.698906
0.698685
0.697268
0.701759
0.702553
0.704155
0.706798
0.707562
0.705399
0.703346
0.700759
0.705039
0.695887
0.697088
0.705548
0.703767
0.704254
0.704358
0.703181
0.703484
0.703008
0.709208
0.707907
0.707603
0.703666
0.702970
0.697511
0.697169
0.696394
0.694287
0.693915
0.691352
0.692179
0.691602
0.692968
0.692019
0.692627
0.694800
0.695429
0.697288
0.698487
0.701272
0.697725
0.697879
0.694823
0.693829
0.692533
0.690978
0.684305
0.683115
0.683221
0.684283
0.682588
0.681784
0.680693
0.681069
0.683235
0.683102
0.683573
0.682250
0.681502
0.680690
0.682090
0.679291
0.680059
0.679665
0.681480
0.677342
0.678642
0.676634
0.674338
0.669071
0.668501
0.675717
0.673706
0.662375
0.663470
0.665934
0.674926
0.672462
0.668672
0.671942
0.671847
0.669720
0.669326
0.668972
0.668618
0.663626
0.663185
0.660944
0.662245
0.659711
0.656437
0.658632
0.658765
0.657821
0.654925
0.653501
0.651175
0.652843
0.652018
0.654934
0.654193
0.654648
0.656104
0.656340
0.652122
0.651921
0.648876
0.647362
0.649568
0.650420
0.650378
0.647918
0.643830
0.642945
0.642014
0.641519
0.627377
0.621112
0.614275
0.618712
0.614365
0.611985
0.611681
0.610545
0.615056
0.610147
0.611198
0.607041
0.596398
0.590154
0.577742
0.579363
0.584711
0.590472
0.582933
0.582597
0.581887
0.574451
0.571465
0.550259
0.546674
0.564217
0.561483
0.559083
0.561661
0.562252
0.560990
0.559523
0.558935
0.561024
0.555126
0.553611
0.556014
0.554817
0.556568
0.554569
0.553702
0.553808
0.553826
0.550252
0.551176
0.545474
0.548377
0.546743
0.544987
0.545375
0.544451
0.541408
0.540940
0.541190
0.541062
0.539907
0.540264
0.538172
0.538238
0.537916
0.534785
0.533492
0.534781
0.531743
0.530145
0.527770
0.525460
0.528843
0.525115
0.523988
0.524714
0.523213
0.522877
0.525521
0.523360
0.525543
0.526961
0.529016
0.529490
0.527533
0.528464
0.528259
0.527719
0.526686
0.526691
0.526251
0.525091
0.523941
0.523957
0.522341
0.521178
0.526403
0.530135
0.527441
0.526840
0.527708
0.529562
0.527024
0.529019
0.530486
0.529862
0.531221
0.530651
0.529071
0.532447
0.535106
0.539019
0.535780
0.533673
0.535886
0.536137
0.535548
0.536743
0.536019
0.533946
0.533626
0.532745
0.533304
0.534836
0.538799
0.540522
0.536962
0.539310
0.538007
0.533353
0.532883
0.531733
0.532547
0.532173
0.534688
0.533218
0.535147
0.532883
0.534167
0.533768
0.533548
0.534219
0.533545
0.532957
0.533766
0.534942
0.535147
0.536885
0.536511
0.538009
0.540279
0.539822
0.540421
0.542986
0.544852
0.544205
0.544996
0.543236
0.544859
0.542666
0.540313
0.539193
0.542444
0.537864
0.544758
0.545096
0.543020
0.541341
0.526385
0.539093
0.535092
0.533897
0.535989
0.538121
0.539252
0.535662
0.535403
0.536311
0.537371
0.535737
0.536875
0.533780
0.531813
0.531216
0.532651
0.529801
0.531117
0.530880
0.529262
0.529853
0.528336
0.529048
0.526853
0.525652
0.518759
0.512167
0.509990
0.509487
0.510060
0.510278
0.508991
0.509214
0.509552
0.510713
0.510850
0.512975
0.514909
0.517796
0.520007
0.515067
0.512025
0.513055
0.511896
0.511085
0.512248
0.511691
0.510413
0.513452
0.512370
0.512487
0.512503
0.509266
0.508539
0.507157
0.507178
0.505102
0.504883
0.504546
0.502794
0.501174
0.501902
0.500800
0.502421
0.502966
0.500090
0.501090
0.503320
0.500699
0.497782
0.496874
0.499892
0.499876
0.497936
0.498765
0.495330
0.495114
0.496570
0.496755
0.499437
0.498069
0.497936
0.497933
0.499200
0.498747
0.497704
0.496439
0.495883
0.495137
0.493282
0.493756
0.490891
0.491126
0.491146
0.491397
0.487078
0.488735
0.488485
0.486627
0.487556
0.487396
0.486254
0.484635
0.485125
0.482397
0.480885
0.480097
0.479527
0.478630
0.477474
0.476007
0.475335
0.470440
0.473918
0.471741
0.471452
0.468270
0.469142
0.470542
0.469938
0.469616
0.467037
0.467537
0.465922
0.466062
0.463517
0.462133
0.461741
0.461034
0.461171
0.462720
0.461102
0.458084
0.457054
0.452030
0.451794
0.452252
0.451796
0.452741
0.453329
0.450514
0.450191
0.449286
0.449203
0.448157
0.448851
0.446893
0.447075
0.445159
0.444515
0.444869
0.445459
0.444411
0.444547
0.442223
0.441446
0.439135
0.439174
0.436950
0.436790
0.436848
0.436393
0.436555
0.436866
0.436004
0.431942
0.429903
0.431183
0.427334
0.427728
0.427156
0.426214
0.423766
0.425639
0.425535
0.423509
0.424118
0.422617
0.421829
0.418696
0.414797
0.412118
0.401115
0.407911
0.405350
0.406292
0.404422
0.402582
0.401582
0.401298
0.400570
0.396527
0.395754
0.394321
0.397237
0.397828
0.394240
0.391912
0.392759
0.389890
0.389185
0.387846
0.387508
0.387172
0.386975
0.382945
0.380757
0.379846
0.379021
0.379024
0.377333
0.375364
0.376018
0.366967
0.366015
0.371366
0.369779
0.369529
0.369292
0.370947
0.368504
0.365635
0.364352
0.363343
0.364019
0.362851
0.362858
0.367217
0.359370
0.367530
0.357225
0.357227
0.356402
0.356184
0.355021
0.353520
0.355023
0.352828
0.352141
0.350655
0.349612
0.354295
0.352880
0.350602
0.349436
0.350300
0.353612
0.357200
0.350613
0.343412
0.346750
0.347784
0.344504
0.350624
0.361525
0.353158
0.347827
0.353667
0.353025
0.351611
0.352501
0.347499
0.354949
0.357228
0.354976
0.355145
0.347944
0.352894
0.357101
0.357017
0.354542
0.360578
0.369612
0.354431
0.348702
0.363773
0.358182
0.354012
0.355930
0.365855
0.360657
0.363931
0.348808
0.366904
0.366825
0.369182
0.371567
0.370448
0.374247
0.366600
0.368004
0.374564
0.379068
0.371225
0.383625
0.383821
0.380154
0.377065
0.373726
0.377785
0.382337
0.386221
0.389214
0.373592
0.381769
0.393967
0.391466
0.385875
0.388350
0.387682
0.387041
0.388350
0.394746
0.392801
0.395604
0.392986
0.395894
0.387384
0.398815
0.389663
0.425330
0.402391
0.392545
0.398935
0.410582
0.402988
0.392030
0.399263
0.393195
0.407874
0.401510
0.403534
0.401706
0.396862
0.417968
0.407868
0.406999
0.412069
0.393978
0.395359
0.404750
0.409143
0.415522
0.405676
0.411293
0.420577
0.416714
0.411293
0.416375
0.421101
0.423173
0.414975
0.415945
0.412304
0.434009
0.420458
0.418186
0.428969
0.434797
0.426955
0.432428
0.429503
0.426476
0.433392
0.431722
0.434441
0.434370
0.435192
0.443083
0.435946
0.434663
0.440714
0.452695
0.437937
0.437863
0.442718
0.442118
0.443756
0.443155
0.446274
0.448228
0.448241
0.448654
0.445780
0.448935
0.449167
0.460446
0.450450
0.459995
0.453269
0.452273
0.452343
0.456316
0.455502
0.458782
0.459474
0.460648
0.462236
0.468641
0.465173
0.467246
0.465155
0.466656
0.465173
0.465748
0.468765
0.467025
0.466967
0.468055
0.469218
0.468628
0.469338
0.471292
0.473385
0.472479
0.471931
0.475492
0.475695
0.475828
0.476563
0.475826
0.476484
0.479533
0.480156
0.481136
0.477881
0.481021
0.480212
0.478947
0.477212
0.477228
0.477097
0.476994
0.476655
0.476080
0.475948
0.475713
0.475373
0.474550
0.476037
0.475849
0.476299
0.473861
0.473935
0.473600
0.474661
0.474307
0.474582
0.475319
0.474920
0.473498
0.470028
0.468984
0.467704
0.466615
0.465193
0.462825
0.461504
0.467015
0.458917
0.466925
0.457650
0.457418
0.456963
0.453037
0.452343
0.459995
0.456217
0.453546
0.450772
0.450258
0.449963
0.450035
0.454383
0.450098
0.445584
0.446997
0.445837
0.449445
0.446639
0.447434
0.448579
0.448699
0.449422
0.448714
0.449289
0.448126
0.446727
0.446625
0.450415
0.447786
0.448361
0.448834
0.448106
0.446269
0.447218
0.445598
0.445699
0.446758
0.445697
0.446170
0.447099
0.441906
0.445246
0.449744
0.448813
0.449255
0.448931
0.449744
0.447671
0.445460
0.446511
0.447437
0.445239
0.445478
0.445494
0.446944
0.444538
0.448363
0.447788
0.449172
0.446269
0.447094
0.448228
0.446030
0.447655
0.448834
0.447434
0.446860
0.446157
0.441586
0.443718
0.442580
0.444773
0.445717
0.445009
0.443524
0.442702
0.442186
0.441552
0.443155
0.442420
0.442595
0.442346
0.442479
0.443527
0.442143
0.440333
0.437527
0.436664
0.440714
0.447222
0.432175
0.432400
0.430543
0.432189
0.437138
0.431607
0.430341
0.430282
0.430343
0.429414
0.430054
0.427695
0.427476
0.432174
0.425227
0.422669
0.423949
0.428316
0.423257
0.431655
0.422843
0.420771
0.426181
0.421303
0.421179
0.420156
0.422960
0.423352
0.426494
0.419462
0.423495
0.433839
0.429308
0.425838
0.418806
0.423008
0.426289
0.423814
0.416613
0.423591
0.421535
0.422649
0.424127
0.417567
0.407981
0.421532
0.411607
0.419280
0.420694
0.415496
0.413466
0.420752
0.417446
0.419206
0.422067
0.421203
0.421564
0.424987
0.416699
0.423901
0.425734
0.427790
0.424006
0.417224
0.417001
0.428124
0.418755
0.416837
0.423901
0.420011
0.425957
0.415168
0.424568
0.425014
0.419921
0.419147
0.422099
0.415735
0.432973
0.426937
0.424017
0.426630
0.423599
0.425438
0.423159
0.424468
0.428003
0.414046
0.433647
0.418550
0.421247
0.424363
0.429339
0.426392
0.424585
0.427033
0.422725
0.426536
0.410024
0.418101
0.404286
0.419277
0.415553
0.415748
0.420921
0.412166
0.412750
0.417699
0.420252
0.421366
0.416612
0.410444
0.410694
0.408441
0.421038
0.406778
0.409501
0.421483
0.413168
0.419473
0.418859
0.444850
0.421216
0.413178
0.423914
0.424581
0.417799
0.413687
0.429425
0.420560
0.430401
0.410275
0.426183
0.418457
0.416846
0.421377
0.419602
0.415654
0.413153
0.426628
0.410143
0.421011
0.416703
0.416952
0.421901
0.422320
0.420068
0.415092
0.413927
0.411648
0.416846
0.428997
0.422103
0.424048
0.422660
0.415182
0.428277
0.418993
0.430200
0.420917
0.408962
0.414552
0.420392
0.413360
0.423089
0.415417
0.423900
0.418559
0.408411
0.418336
0.421033
0.421479
0.416503
0.418008
0.419762
0.429438
0.420181
0.417039
0.428246
0.413398
0.415650
0.405280
0.427828
0.416148
0.421596
0.413674
0.410892
0.411003
0.418204
0.407664
0.418231
0.410780
0.415952
0.418983
0.402164
0.418766
0.405397
0.410765
0.398614
0.411655
0.409907
0.408100
0.407380
0.407131
0.410273
0.403045
0.410888
0.403713
0.396263
0.394206
0.391790
0.406998
0.396904
0.397545
0.393041
0.394912
0.392464
0.397334
0.394308
0.378125
0.392252
0.391924
0.388284
0.381709
0.394214
0.374158
0.387957
0.383951
0.387199
0.377719
0.387718
0.367025
0.376393
0.376303
0.374379
0.378661
0.391479
0.378661
0.378438
0.378910
0.385470
0.384691
0.383074
0.385130
0.393131
0.377170
0.388373
0.383444
0.376942
0.392150
0.383535
0.381256
0.388791
0.386205
0.385871
0.385983
0.388065
0.385591
0.387397
0.390317
0.375532
0.402314
0.387073
0.395774
0.397221
0.415237
0.375230
0.383046
0.396251
0.396670
0.403420
0.427201
0.399699
0.394718
0.382646
0.397743
0.390515
0.396641
0.400844
0.394506
0.402153
0.393865
0.394703
0.398396
0.395699
0.395476
0.393642
0.401708
0.400870
0.398311
0.399784
0.399142
0.396864
0.398697
0.400949
0.399366
0.397113
0.396668
0.395385
0.395359
0.392884
0.392047
0.385147
0.392794
0.386954
0.389429
0.390489
0.383510
0.400769
0.385338
0.377382
0.383244
0.380733
0.387605
0.387356
0.386714
0.392332
0.382468
0.382629
0.392109
0.386715
0.399141
0.391886
0.387160
0.388771
0.394584
0.387271
0.389634
0.406433
0.387499
0.395787
0.393063
0.393005
0.395257
0.389529
0.386609
0.381087
0.383382
0.387774
0.387356
0.384908
0.380611
0.380967
0.385326
0.382349
0.384325
0.381082
0.381084
0.381321
0.380320
0.385103
0.382585
0.385956
0.389951
0.390387
0.390268
0.387958
0.386470
0.388266
0.392426
0.385898
0.387622
0.388287
0.388681
0.389905
0.387388
0.389755
0.389728
0.389197
0.389592
0.391330
0.389001
0.389238
0.390757
0.388077
0.387635
0.387388
0.387225
0.388465
0.389224
0.388884
0.389709
0.389057
0.390505
0.388703
0.390369
0.390114
0.392323
0.391527
0.391647
0.392677
0.394054
0.395254
0.395257
0.397838
0.393761
0.393782
0.391881
0.391897
0.391645
0.392469
0.391730
0.392307
0.393071
0.398459
0.401693
0.401124
0.398002
0.396546
0.398140
0.399242
0.400781
0.399841
0.399167
0.394191
0.393871
0.392995
0.396071
0.395715
0.395023
0.395140
0.396303
0.397094
0.397429
0.397060
0.400091
0.400781
0.399719
0.400190
0.400864
0.402604
0.404001
0.403057
0.403733
0.403731
0.403685
0.404672
0.405128
0.406160
0.404758
0.406466
0.405405
0.406277
0.405466
0.406160
0.407355
0.405599
0.405939
0.404201
0.403278
0.403023
0.403952
0.405130
0.404776
0.404186
0.404774
0.403712
0.404997
0.405011
0.404553
0.404084
0.403023
0.404691
0.402818
0.401758
0.402937
0.402820
0.402538
0.401758
0.403057
0.401790
0.400861
0.401436
0.402250
0.402617
0.401380
0.400510
0.400983
0.400409
0.400054
0.399113
0.399144
0.397377
0.398678
0.396584
0.397294
0.395892
0.396012
0.395791
0.395144
0.394055
0.394779
0.393368
0.392573
0.392793
0.393411
0.393720
0.393481
0.393821
0.394997
0.394157
0.394290
0.393305
0.393821
0.393704
0.392908
0.393956
0.393954
0.393941
0.393409
0.394188
0.393584
0.394292
0.394585
0.394878
0.394630
0.394409
0.393882
0.393483
0.393294
0.393262
0.393499
0.392541
0.392807
0.392066
0.390684
0.388811
0.387899
0.389064
0.388827
0.387797
0.387549
0.386397
0.387092
0.385942
0.387094
0.387094
0.385588
0.386519
0.388138
0.387310
0.386959
0.387664
0.388457
0.389503
0.388809
0.388000
0.389284
0.389636
0.390858
0.391824
0.391391
0.393778
0.394529
0.394880
0.394628
0.397030
0.396898
0.396733
0.396942
0.396719
0.396365
0.393361
0.392573
0.393386
0.396269
0.394292
0.394765
0.393147
0.393384
0.391824
0.391664
0.390799
0.390046
0.391432
0.390517
0.392066
0.393030
0.395000
0.395827
0.393956
0.394446
0.392165
0.390664
0.391374
0.393860
0.390702
0.391962
0.392079
0.391212
0.390616
0.395689
0.395876
0.395791
0.394411
0.394986
0.395471
0.395913
0.396009
0.398437
0.399820
0.397474
0.399347
0.400710
0.400929
0.402903
0.404064
0.404740
0.403511
0.404456
0.404147
0.405400
0.405285
0.403138
0.404657
0.404692
0.405015
0.403255
0.403138
0.404316
0.402092
0.402903
0.402344
0.402419
0.401416
0.403494
0.402549
0.402044
0.402786
0.403138
0.403212
0.402446
0.404064
0.404064
0.403473
0.403119
0.403588
0.405269
0.403356
0.403058
0.403124
0.403491
0.402682
0.402874
0.401754
0.402799
0.401972
0.401704
0.406784
0.403964
0.406750
0.406191
0.404357
0.402822
0.402209
0.401754
0.401519
0.401857
0.400692
0.402581
0.399782
0.400316
0.397828
0.396818
0.396803
0.397271
0.397945
0.397472
0.398858
0.399092
0.400375
0.400237
0.402207
0.400456
0.399881
0.400456
0.401873
0.400354
0.400176
0.403832
0.401366
0.402662
0.402630
0.402481
0.404559
0.404118
0.402630
0.401893
0.403662
0.402294
0.403072
0.402073
0.402193
0.400219
0.398422
0.399090
0.398959
0.398752
0.399108
0.397810
0.399563
0.397672
0.398616
0.399013
0.400674
0.402247
0.400658
0.401129
0.403806
0.406061
0.404320
0.403982
0.402524
0.405228
0.405343
0.407200
0.405010
0.405015
0.404672
0.406056
0.407315
0.408523
0.408625
0.408447
0.407975
0.408111
0.407182
0.406727
0.406256
0.404496
0.403809
0.405603
0.403101
0.401127
0.402761
0.405920
0.406829
0.409907
0.409251
0.408780
0.410063
0.411192
0.412352
0.410026
0.412253
0.411798
0.409930
0.407581
0.405681
0.405801
0.405916
0.409253
0.408647
0.409413
0.410369
0.412943
0.413603
0.413754
0.410869
0.411225
0.409823
0.411093
0.411210
0.410752
0.410281
0.410401
0.410597
0.405666
0.405918
0.406730
0.406272
0.408332
0.406254
0.406376
0.405346
0.405361
0.403371
0.404771
0.405093
0.404755
0.404755
0.404640
0.405127
0.402207
0.397888
0.402425
0.402918
0.402290
0.398319
0.397794
0.399919
0.399369
0.398380
0.398938
0.398465
0.397863
0.397647
0.392243
0.393974
0.393226
0.392284
0.393683
0.392811
0.391100
0.393311
0.393428
0.392603
0.394370
0.389399
0.384882
0.387865
0.386127
0.386584
0.386992
0.385653
0.383361
0.381274
0.382690
0.382214
0.381628
0.378746
0.377024
0.375881
0.374854
0.374029
0.375267
0.375722
0.376456
0.376318
0.376084
0.376688
0.376116
0.375246
0.375647
0.374349
0.374723
0.373518
0.370358
0.371417
0.367994
0.367755
0.369961
0.368460
0.368936
0.367316
0.366256
0.366150
0.367656
0.367095
0.366982
0.363845
0.360981
0.362567
0.363038
0.361555
0.359142
0.360751
0.360171
0.360054
0.360645
0.359128
0.359365
0.358790
0.358790
0.358486
0.355450
0.356602
0.357839
0.356498
0.357073
0.358747
0.357965
0.358199
0.360645
0.359463
0.359940
0.360291
0.359363
0.362263
0.360962
0.361098
0.361789
0.361789
0.363070
0.363863
0.362714
0.364100
0.363453
0.363054
0.363746
0.366173
0.364771
0.366730
0.365580
0.366168
0.368010
0.366863
0.364816
0.363998
0.362835
0.364591
0.362714
0.362619
0.360514
0.361353
0.363676
0.360052
0.363343
0.364336
0.363647
0.366284
0.362261
0.365202
0.365800
0.357070
0.356857
0.355457
0.354188
0.354707
0.358752
0.355244
0.362833
0.360645
0.357172
0.358218
0.358675
0.356698
0.357941
0.357861
0.359430
0.365772
0.365900
0.364850
0.365346
0.368328
0.369810
0.376292
0.374281
0.375312
0.373319
0.374205
0.374444
0.373452
0.375413
0.374780
0.372611
0.374380
0.373249
0.371618
0.370946
0.371580
0.369254
0.364891
0.367037
0.362144
0.366153
0.369307
0.370872
0.369880
0.371999
0.370689
0.366490
0.364599
0.356664
0.361113
0.363703
0.362756
0.362341
0.364845
0.365107
0.365916
0.366020
0.366137
0.366374
0.366020
0.365932
0.364753
0.365801
0.366605
0.367649
0.367651
0.367771
0.368141
0.366272
0.366863
0.364771
0.364776
0.364616
0.364082
0.365596
0.366962
0.365918
0.365343
0.365242
0.365716
0.363110
0.362955
0.362383
0.360845
0.361670
0.363189
0.361300
0.361537
0.361084
0.362026
0.363309
0.362364
0.364041
0.362580
0.363743
0.367336
0.365564
0.366745
0.365580
0.366745
0.365876
0.363054
0.363998
0.362130
0.360864
0.360174
0.359703
0.362718
0.365382
0.364850
0.364079
0.364654
0.365093
0.365679
0.366946
0.367856
0.368341
0.368812
0.369680
0.370225
0.370709
0.369826
0.369544
0.368190
0.369488
0.371313
0.369592
0.369608
0.367973
0.367079
0.367757
0.368479
0.366272
0.366626
0.366168
0.365005
0.365125
0.364113
0.362732
0.361774
0.363171
0.361891
0.361787
0.361569
0.358335
0.361353
0.360192
0.359950
0.359802
0.362820
0.361197
0.362245
0.361319
0.360052
0.358317
0.359479
0.360309
0.358062
0.357677
0.356899
0.355806
0.356584
0.357999
0.357055
0.356735
0.356399
0.355707
0.354999
0.354542
0.355401
0.354763
0.353751
0.353327
0.352859
0.350445
0.350208
0.350796
0.351371
0.351826
0.352992
0.351943
0.351707
0.351132
0.352417
0.351017
0.348926
0.350211
0.347664
0.348964
0.348169
0.345710
0.345135
0.346199
0.345491
0.345270
0.345523
0.343668
0.340062
0.341953
0.340671
0.339609
0.338696
0.339185
0.338363
0.336851
0.335632
0.333407
0.334514
0.333747
0.334117
0.334458
0.331830
0.330592
0.330782
0.330843
0.329959
0.331418
0.330180
0.325519
0.325727
0.324136
0.323478
0.322315
0.324861
0.324899
0.321844
0.318583
0.318290
0.314700
0.316572
0.315293
0.313809
0.314147
0.314129
0.314954
0.314247
0.313316
0.314936
0.313874
0.314012
0.313672
0.313672
0.313084
0.314616
0.313552
0.304060
0.304610
0.308045
0.311723
0.310733
0.310118
0.311342
0.310812
0.311619
0.312133
0.312662
0.311718
0.311614
0.312309
0.311380
0.310690
0.310690
0.309780
0.309530
0.308619
0.308095
0.307238
0.308534
0.308633
0.305838
0.308620
0.308250
0.307811
0.301534
0.298560
0.298102
0.303109
0.303679
0.304991
0.309382
0.305164
0.306032
0.307594
0.306990
0.307491
0.306032
0.304182
0.304637
0.305537
0.303763
0.301674
0.301573
0.300745
0.299479
0.299481
0.298084
0.299262
0.297762
0.298424
0.296686
0.296186
0.294649
0.288564
0.290185
0.290151
0.291328
0.292808
0.292706
0.293502
0.291645
0.290266
0.287737
0.286694
0.286475
0.283579
0.280377
0.278423
0.275894
0.278821
0.279266
0.276316
0.276548
0.278522
0.279227
0.278049
0.279110
0.279908
0.278299
0.279802
0.277018
0.276332
0.272203
0.272558
0.269102
0.272336
0.268191
0.266675
0.267949
0.265716
0.267382
0.265559
0.263840
0.272157
0.263285
0.262545
0.259218
0.255686
0.253599
0.254581
0.255223
0.255026
0.261836
0.254804
0.253495
0.253834
0.248857
0.250599
0.249702
0.249452
0.249333
0.249686
0.250027
0.256818
0.248305
0.248172
0.248303
0.254370
0.252341
0.247142
0.246924
0.247678
0.249183
0.246931
0.243351
0.246407
0.249104
0.245856
0.245109
0.240552
0.240341
0.248655
0.251130
0.237236
0.250500
0.231842
0.231137
0.230560
0.230310
0.236017
0.235965
0.235833
0.229352
0.229468
0.232060
0.236787
0.232060
0.220774
0.220303
0.229781
0.219156
0.223445
0.231091
0.223863
0.239156
0.229348
0.227001
0.218386
0.226673
0.225153
0.212753
0.213840
0.219336
0.224312
0.188791
0.223165
0.179878
0.181478
0.187959
0.191916
0.210929
0.192069
0.190400
0.188481
0.195630
0.193156
0.197299
0.200802
0.194242
0.196494
0.199472
0.190438
0.193972
0.192918
0.195281
0.186220
0.194089
0.187921
0.192675
0.193119
0.191313
0.193761
0.191954
0.188483
0.186565
0.182702
0.188600
0.187604
0.190746
0.193863
0.192056
0.189332
0.185273
0.190641
0.177076
0.175019
0.180610
0.178162
0.184696
0.182772
0.188272
0.174786
0.191075
0.191938
0.198054
0.187932
0.199431
0.198212
0.204772
0.187842
0.195489
0.203241
0.200464
0.215460
0.201422
0.194836
0.200983
0.205423
0.204867
0.202837
0.202392
0.207034
0.208253
0.208253
0.211231
0.206393
0.209090
0.212036
0.205423
0.204538
0.209737
0.212545
0.207596
0.197650
0.209722
0.211582
0.211777
0.204772
0.210194
0.206998
0.204105
0.208439
0.206685
0.206934
0.214267
0.209292
0.209731
0.211983
0.216540
0.223408
0.212338
0.214230
0.222263
0.222989
0.214065
0.214596
0.217404
0.220186
0.210039
0.218374
0.224214
0.222740
0.218458
0.223853
0.222570
0.230302
0.221706
0.220403
0.233248
0.216429
0.221935
0.222354
0.231638
0.218904
0.216180
0.221739
0.221352
0.212455
0.219244
0.226450
0.224951
0.219896
0.223626
0.215339
0.220092
0.206160
0.221035
0.209186
0.219556
0.219975
0.209801
0.231426
0.227622
0.216165
0.219307
0.227399
0.212943
0.226901
0.222593
0.218232
0.212313
0.208254
0.216235
0.210374
0.210623
0.202924
0.215127
0.207258
0.205007
0.220300
0.215350
0.214577
0.215022
0.208128
0.211578
0.202713
0.212309
0.225049
0.205092
0.201511
0.205989
0.204436
0.205851
0.201877
0.197129
0.197575
0.188832
0.182764
0.193547
0.200823
0.192508
0.190781
0.197563
0.202735
0.199704
0.199619
0.199397
0.196726
0.203259
0.201034
0.201007
0.204012
0.206715
0.196149
0.190871
0.213418
0.200875
0.205734
0.201204
0.198952
0.202539
0.197129
0.209731
0.201253
0.199393
0.194666
0.195504
0.204119
0.195847
0.193908
0.201332
0.203271
0.205570
0.205968
0.215914
0.203684
0.212320
0.211155
0.215765
0.202384
0.214286
0.216119
0.214366
0.214614
0.221371
0.219564
0.219537
0.222261
0.212781
0.219760
0.223427
0.222261
0.216093
0.211812
0.214482
0.221684
0.207039
0.232522
0.215135
0.221276
0.222246
0.206508
0.213513
0.201320
0.219232
0.208671
0.215453
0.212973
0.208686
0.216995
0.205315
0.220412
0.220831
0.206847
0.216105
0.216131
0.211245
0.219454
0.219015
0.209869
0.223106
0.198306
0.208677
0.204553
0.213837
0.210367
0.209529
0.203493
0.202630
0.209201
0.211257
0.208231
0.209175
0.213181
0.223879
0.204252
0.209764
0.207241
0.207050
0.214724
0.208731
0.195389
0.199728
0.204566
0.204434
0.200381
0.203385
0.202390
0.195829
0.187955
0.192688
0.190764
0.185893
0.188500
0.187811
0.191203
0.191420
0.192061
0.188473
0.186640
0.194509
0.194758
0.192034
0.197678
0.205325
0.181919
0.189126
0.192464
0.198723
0.189269
0.197531
0.185666
0.186361
0.178269
0.196482
0.183860
0.183219
0.176632
0.183309
0.174693
0.181147
0.195942
0.172781
0.169649
0.173242
0.170291
0.172516
0.176432
0.172230
0.169951
0.159490
0.166941
0.174168
0.168408
0.163014
0.173410
0.168101
0.168519
0.168997
0.175885
0.177373
0.188256
0.169397
0.172501
0.178807
0.193564
0.179946
0.184497
0.191222
0.188080
0.199393
0.188276
0.186454
0.188732
0.188462
0.192718
0.185357
0.192347
0.176609
0.180302
0.184728
0.189009
0.181178
0.168751
0.185354
0.176421
0.165002
0.164445
0.166077
0.165164
0.182856
0.175237
0.171098
0.162614
0.172422
0.181902
0.159785
0.160034
0.182115
0.170834
0.169838
0.179631
0.172954
0.163998
0.166918
0.164666
0.162610
0.163787
0.163368
0.171905
0.170687
0.162431
0.167269
0.172743
0.168016
0.170611
0.164549
0.163278
0.172116
0.163892
0.167893
0.169001
0.167220
0.164326
0.158932
0.172890
0.164968
0.173203
0.173510
0.172731
0.159373
0.162505
0.162505
0.164640
0.159690
0.155292
0.167247
0.164549
0.164994
0.170573
0.167340
0.178038
0.163268
0.178422
0.156442
0.173707
0.172620
0.173367
0.176604
0.209942
0.205948
0.180534
0.190303
0.195740
0.194131
0.224391
0.201429
0.206822
0.206085
0.212964
0.213963
0.210337
0.215703
0.225252
0.221761
0.225491
0.231217
0.234688
0.242449
0.244741
0.243362
0.245467
0.251802
0.255252
0.251786
0.255478
0.253051
0.254581
0.261432
0.261948
0.263246
0.262238
0.270171
0.273746
0.273372
0.270962
0.270825
0.261094
0.274336
0.274753
0.286614
0.282888
0.277365
0.275447
0.271636
0.289262
0.293672
0.293435
0.295662
0.293118
0.296926
0.309456
0.307798
0.305472
0.307455
0.308882
0.324999
0.327122
0.326550
0.335747
0.337211
0.331230
0.340265
0.340112
0.346521
0.345750
0.338590
0.328406
0.340008
0.343683
0.347844
0.352248
0.356159
0.355783
0.357771
0.369636
0.371726
0.369749
0.369652
0.368494
0.368573
0.361327
0.379298
0.375659
0.381873
0.370679
0.378556
0.379426
0.383926
0.383811
0.382664
0.390336
0.397231
0.396526
0.397213
0.399339
0.397819
0.398178
0.340211
0.332496
0.333790
0.370836
0.344753
0.369954
0.387835
0.380538
0.378801
0.380451
0.382878
0.383220
0.389948
0.397312
0.399599
0.400393
0.400246
0.400544
0.402638
0.400429
0.403244
0.401254
0.400562
0.394746
0.406670
0.403411
0.405955
0.396149
0.401594
0.406277
0.400089
0.402419
0.397512
0.395143
0.399440
0.399516
0.402851
0.401220
0.405268
0.407983
0.407257
0.409703
0.408993
0.409586
0.408305
0.407426
0.405502
0.404474
0.404323
0.410431
0.391295
0.390955
0.402577
0.407440
0.405990
0.415075
0.424643
0.432775
0.429845
0.440298
0.454335
0.455416
0.446195
0.457326
0.457720
0.461202
0.463749
0.468364
0.470433
0.483675
0.472174
0.463313
0.478402
0.477655
0.476927
0.443483
0.480493
0.486575
0.491747
0.484247
0.482372
0.489237
0.484028
0.476391
0.492139
0.489169
0.488999
0.484999
0.476389
0.492854
0.487941
0.491530
0.489676
0.490519
0.490976
0.495898
0.491039
0.494990
0.493484
0.494871
0.495675
0.494530
0.491736
0.488666
0.493302
0.485355
0.494352
0.497532
0.500547
0.502758
0.503062
0.506267
0.504617
0.506592
0.506017
0.508408
0.512054
0.512153
0.512944
0.512766
0.517564
0.518157
0.520147
0.521062
0.521765
0.521864
0.523397
0.522087
0.527722
0.527823
0.525141
0.524411
0.514289
0.511544
0.494708
0.506286
0.517835
0.524870
0.523130
0.530234
0.530348
0.531834
0.532643
0.536353
0.536452
0.539710
0.540639
0.541227
0.544973
0.544240
0.539117
0.545667
0.548612
0.553624
0.554487
0.559440
0.563188
0.565460
0.567452
0.566745
0.565893
0.565787
0.570272
0.568265
0.566508
0.564572
0.575466
0.577162
0.576374
0.575429
0.584167
0.579001
0.582427
0.579869
0.581035
0.586734
0.588464
0.588198
0.587421
0.592666
0.588672
0.589697
0.583459
0.585808
0.586952
0.587777
0.586950
0.587879
0.589343
0.591033
0.591372
0.593461
0.592178
0.591169
0.586952
0.589697
0.591369
0.592045
0.591588
0.594704
0.593393
0.594987
0.590427
0.594195
0.595500
0.595078
0.601591
0.600530
0.597828
0.598351
0.589414
0.580593
0.591135
0.609385
0.609823
0.609197
0.612490
0.615724
0.616019
0.618545
0.618577
0.625724
0.630939
0.630485
0.630562
0.629739
0.627875
0.630424
0.632160
0.634485
0.634487
0.633897
0.634789
0.637336
0.637764
0.639125
0.638672
0.640890
0.638447
0.636840
0.632180
0.629385
0.630979
0.634512
0.633207
0.638321
0.642621
0.645467
0.645507
0.644775
0.649451
0.650186
0.650548
0.656938
0.651817
0.652351
0.649830
0.650770
0.634672
0.640412
0.637279
0.636999
0.644833
0.645603
0.644693
0.644693
0.608886
0.630608
0.628731
0.640557
0.644714
0.640382
1.000000
0.627789
0.636545
0.633624
0.632661
0.630486
0.635379
0.638534
0.630116
0.638248
0.640398
0.641419
0.639462
0.640492
0.643179
0.644202
0.643715
0.643613
0.647895
0.650699
0.651487
0.650699
0.630570
0.638146
0.645603
0.650343
0.646124
0.649989
0.651424
0.650245
0.650714
0.651866
0.651882
0.648251
0.647580
0.648607
0.651407
0.648129
0.648470
0.650381
0.651050
0.651156
0.632780
0.641302
0.642766
0.650363
0.649668
0.652316
0.650329
0.651426
0.651760
0.650698
0.651848
0.650784
0.652668
0.649141
0.649551
0.651408
0.647965
0.647981
0.642396
0.643820
0.644422
0.645467
0.645470
0.641129
0.642295
0.628108
0.631614
0.638943
0.635353
0.639254
0.640237
0.637672
0.637278
0.638249
0.637837
0.638384
0.637384
0.638727
0.636415
0.629169
0.631655
0.627276
0.624910
0.624673
0.626451
0.626393
0.624358
0.624894
0.622656
0.625009
0.624474
0.624950
0.623447
0.622791
0.621045
0.617982
0.617311
0.614489
0.613579
0.609520
0.607406
0.605869
0.598786
0.598680
0.592981
0.585628
0.579646
0.576644
0.572322
0.570467
0.570410
0.571151
0.575051
0.573444
0.571526
0.588442
0.578270
0.580968
0.584975
0.592406
0.588430
0.593933
0.595069
0.591822
0.591544
0.594382
0.592746
0.595761
0.595035
0.595806
0.593318
0.594759
0.592946
0.589277
0.584339
0.588146
0.587166
0.581204
0.580378
0.578996
0.579132
0.577392
0.575978
0.575659
0.571757
0.566126
0.565907
0.562597
0.557145
0.555448
0.550184
0.542305
0.531885
0.517892
0.512222
0.522055
0.522307
0.525532
0.526049
0.517171
0.520127
0.513970
0.509591
0.507613
0.506806
0.512068
0.514294
0.514071
0.515218
0.515847
0.516611
0.520109
0.524866
0.526739
0.525524
0.524629
0.520618
0.514211
0.515218
0.518189
0.520517
0.524193
0.523147
0.526401
0.528021
0.527059
0.534368
0.527987
0.526622
0.537149
0.535800
0.537497
0.538759
0.538543
0.538640
0.536434
0.536485
0.537552
0.537315
0.536524
0.535170
0.534595
0.542362
0.538424
0.543371
0.539434
0.549048
0.558514
0.550215
0.561313
0.555021
0.558907
0.554074
0.555104
0.548885
0.546672
0.544380
0.543238
0.545192
0.546018
0.549473
0.551821
0.551073
0.552928
0.553221
0.553811
0.552750
0.553322
0.552880
0.555770
0.554586
0.553101
0.553279
0.552513
0.556200
0.557151
0.564806
0.563896
0.563154
0.565228
0.565816
0.572074
0.572430
0.574163
0.575702
0.576911
0.577339
0.582229
0.587462
0.588176
0.587843
0.590838
0.590560
0.583595
0.578892
0.579034
0.581979
0.582015
0.581201
0.581659
0.579453
0.582349
0.582290
0.585269
0.584271
0.589555
0.590700
0.593979
0.591655
0.591773
0.586650
0.587606
0.592686
0.590899
0.590903
0.589432
0.589578
0.590225
0.588911
0.595972
0.592715
0.595809
0.597466
0.596859
0.597229
0.602339
0.594615
0.599246
0.599561
0.598572
0.603845
0.610433
0.614264
0.615954
0.614210
0.614636
0.616714
0.616664
0.618974
0.618248
0.614635
0.622366
0.623955
0.624450
0.629638
0.617954
0.617521
0.622906
0.625219
0.625451
0.626652
0.629082
0.630713
0.632789
0.631414
0.629176
0.628038
0.632478
0.632689
0.636304
0.637100
0.636269
0.629323
0.594503
0.593063
0.637974
0.625013
0.626027
0.625885
0.620381
0.627378
0.624609
0.631254
0.630560
0.609510
0.604143
0.598329
0.578588
0.569922
0.584127
0.587797
0.589836
0.598238
0.620479
0.629162
0.623230
0.626247
0.628948
0.626042
0.626201
0.636199
0.638610
0.635216
0.635356
0.636284
0.635002
0.635135
0.634547
0.635238
0.635813
0.638193
0.637429
0.635470
0.637796
0.635689
0.635223
0.634900
0.637900
0.637781
0.637195
0.636640
0.648178
0.646035
0.647250
0.647649
0.646188
0.646736
0.645911
0.647670
0.646946
0.652229
0.650725
0.649055
0.651649
0.652224
0.651295
0.652147
0.650351
0.650218
0.649763
0.649882
0.650103
0.652447
0.651519
0.651987
0.653473
0.653707
0.652941
0.655738
0.656977
0.654320
0.660263
0.660517
0.662099
0.662016
0.663787
0.664299
0.664722
0.664815
0.666554
0.666243
0.662985
0.663431
0.658167
0.654552
0.648297
0.643471
0.649344
0.652501
0.654421
0.652803
0.653274
0.653745
0.653172
0.653396
0.653351
0.653337
0.648012
0.650473
0.649648
0.644100
0.645242
0.645564
0.644652
0.644886
0.647356
0.646071
0.644064
0.644555
0.642831
0.641988
0.649600
0.647536
0.664028
0.658860
0.662842
0.663352
0.667499
0.667607
0.673329
0.675044
0.674365
0.674974
0.674703
0.679567
0.678555
0.681320
0.681570
0.679364
0.680162
0.677836
0.679235
0.680782
0.681805
0.683364
0.682010
0.682278
0.681814
0.682837
0.683362
0.684013
0.682875
0.690174
0.691263
0.696861
0.697692
0.699531
0.700692
0.704735
0.704897
0.706236
0.706040
0.707692
0.705030
0.707559
0.706849
0.707192
0.707780
0.704778
0.706074
0.705763
0.711485
0.714006
0.709302
0.713721
0.700876
0.706669
0.712049
0.709335
0.691617
0.706169
0.706263
0.711327
0.712003
0.710148
0.712945
0.711647
0.711440
0.711342
0.716573
0.716235
0.718700
0.709430
0.710058
0.713672
0.718748
0.717263
0.717605
0.718329
0.715771
0.711782
0.712713
0.709652
0.711289
0.710818
0.713301
0.711667
0.712976
0.710919
0.710991
0.710229
0.708388
0.708167
0.708776
0.708640
0.708523
0.706263
0.705569
0.707610
0.708895
0.710986
0.710227
0.712517
0.716321
0.718565
0.717580
0.720273
0.725452
0.722146
0.722755
0.711764
0.717721
0.708092
0.706026
0.705431
0.707385
0.720618
0.718161
0.722263
0.720737
0.724765
0.725734
0.725339
0.724017
0.721452
0.711558
0.711354
0.714626
0.714114
0.716523
0.717607
0.719894
0.721632
0.724073
0.723559
0.722957
0.725148
0.725619
0.723895
0.724841
0.721959
0.714193
0.722040
0.716893
0.719579
0.714078
0.720292
0.697708
0.699030
0.681533
0.685621
0.702582
0.705378
0.710025
0.713064
0.712928
0.715630
0.721260
0.723545
0.725064
0.728183
0.726267
0.726860
0.729087
0.726921
0.725993
0.725891
0.726362
0.719342
0.723539
0.722047
0.721668
0.720487
0.718297
0.718328
0.720133
0.720490
0.719520
0.720523
0.724572
0.725062
0.725580
0.722677
0.723730
0.722738
0.727356
0.726468
0.726324
0.727372
0.725120
0.731814
0.733873
0.731326
0.736393
0.732859
0.731378
0.727410
0.734484
0.731570
0.735365
0.744521
0.746256
0.744893
0.737111
0.739552
0.748844
0.741977
0.726704
0.695333
0.721473
0.725285
0.738578
0.738249
0.745030
0.743356
0.751011
0.749028
0.751584
0.743952
0.731103
0.742956
0.755866
0.753539
0.755769
0.756911
0.758162
0.757488
0.746466
0.732917
0.728171
0.741857
0.747700
0.750447
0.732865
0.746835
0.748428
0.751665
0.758567
0.757828
0.761114
0.758534
0.762417
0.760742
0.760947
0.756325
0.758396
0.763253
0.768107
0.770315
0.769995
0.768756
0.766489
0.769524
0.763325
0.791370
0.746211
0.765334
0.762308
0.767498
0.764949
0.768084
0.771377
0.772727
0.770083
0.768596
0.768355
0.759403
0.766854
0.773982
0.775566
0.776492
0.776984
0.777220
0.757981
0.758293
0.785223
0.775303
0.780697
0.779649
0.781831
0.780934
0.768946
0.772831
0.763034
0.759814
0.763406
0.778776
0.777123
0.776889
0.776761
0.776260
0.771934
0.770315
0.772125
0.783785
0.781765
0.783828
0.782308
0.781603
0.782766
0.776801
0.757571
0.755986
0.761885
0.774791
0.773136
0.783992
0.784247
0.787587
0.785628
0.788247
0.785136
0.776733
0.785115
0.770932
0.771929
0.782985
0.785646
0.774913
0.776634
0.777477
0.784639
0.781803
0.780382
0.779654
0.758499
0.775186
0.772584
0.782034
0.779279
0.785644
0.786333
0.787382
0.783097
0.782642
0.784267
0.778978
0.780378
0.781087
0.783045
0.784400
0.784262
0.785680
0.784934
0.785071
0.786908
0.786717
0.787129
0.786717
0.785984
0.784954
0.785071
0.782493
0.781486
0.782766
0.780474
0.777240
0.777831
0.777714
0.776316
0.775722
0.775144
0.773747
0.773966
0.774538
0.761182
0.752894
0.750724
0.752041
0.750382
0.759737
0.756845
0.762972
0.764609
0.761338
0.762168
0.754269
0.757830
0.756052
0.756701
0.757690
0.763354
0.765999
0.766450
0.764811
0.766707
0.764356
0.764971
0.761614
0.761419
0.760782
0.767635
0.762808
0.763901
0.763448
0.760809
0.756800
0.755793
0.758986
0.754999
0.754139
0.750244
0.747220
0.746284
0.748649
0.741236
0.708000
0.717137
0.720609
0.739869
0.738399
0.739562
0.745811
0.744943
0.743384
0.743661
0.740421
0.743463
0.741437
0.744218
0.744495
0.749343
0.750131
0.749047
0.744371
0.742237
0.731244
0.732234
0.736259
0.735408
0.737270
0.740545
0.737856
0.739159
0.738115
0.738746
0.743303
0.739082
0.736777
0.729373
0.723593
0.729196
0.721892
0.729396
0.731133
0.731109
0.736455
0.740592
0.736358
0.733180
0.731918
0.730347
0.729538
0.728388
0.727776
0.729056
0.737167
0.733739
0.734721
0.734367
0.746718
0.723508
0.729867
0.731846
0.729795
0.731530
0.732549
0.732037
0.731715
0.730890
0.736238
0.734721
0.736121
0.732668
0.820033
0.715284
0.716902
0.716690
0.722926
0.720523
0.723158
0.721821
0.723746
0.723868
0.726043
0.728148
0.735984
0.733772
0.734698
0.748747
0.742796
0.741921
0.745176
0.745965
0.748626
0.750152
0.752218
0.750434
0.750846
0.750862
0.750961
0.740405
0.744608
0.745116
0.737148
0.739493
0.739930
0.742632
0.740899
0.740678
0.740340
0.741151
0.737232
0.737994
0.736378
0.734284
0.735864
0.732747
0.728638
0.713216
0.706577
0.713714
0.708219
0.716544
0.719235
0.724002
0.722008
0.731576
0.722921
0.723514
0.724323
0.720556
0.723241
0.726295
0.714312
0.722091
0.718838
0.713490
0.712266
0.712290
0.727704
0.728481
0.727023
0.729669
0.732157
0.735817
0.732572
0.732053
0.734145
0.735824
0.736894
0.736205
0.740773
0.739560
0.738296
0.740403
0.740283
0.741455
0.741606
0.739139
0.743682
0.744189
0.747466
0.744493
0.749300
0.750351
0.753726
0.751175
0.751394
0.753289
0.752478
0.752223
0.753149
0.754197
0.751849
0.753958
0.756992
0.756271
0.749913
0.745000
0.746973
0.748946
0.755087
0.754436
0.754991
0.758436
0.754851
0.749405
0.754348
0.753037
0.753172
0.737049
0.736192
0.740561
0.754632
0.750591
0.748946
0.749994
0.749640
0.729447
0.740575
0.745886
0.737248
0.742409
0.744567
0.717829
0.713469
0.743769
0.750840
0.752662
0.744007
0.744187
0.750211
0.751198
0.756185
0.756108
0.754905
0.749690
0.756833
0.755124
0.757429
0.749321
0.754702
0.753508
0.757981
0.757670
0.742783
0.725859
0.735604
0.749319
0.759635
0.756085
0.760293
0.761533
0.756857
0.765399
0.757035
0.741823
0.751869
0.772461
0.766704
0.767536
0.773651
0.772190
0.776193
0.773376
0.763131
0.771397
0.762193
0.775186
0.782764
0.788215
0.790539
0.983632
0.790355
0.781069
0.768073
0.774402
0.770865
0.760684
0.769606
0.783122
0.786156
0.780461
0.785545
0.792072
0.790523
0.788587
0.791465
0.793658
0.790762
0.786593
0.785683
0.791959
0.790661
0.778620
0.772110
0.719696
0.779242
0.776898
0.781557
0.788213
0.786009
0.791585
0.788108
0.796694
0.783992
0.784975
0.798409
0.791235
0.788446
0.793951
0.791132
0.789358
0.782018
0.787891
0.791152
0.783726
0.788586
0.791400
0.795457
0.796655
0.798510
0.798053
0.795506
0.791725
0.798643
0.797073
0.794765
0.786154
0.764785
0.773188
0.781679
0.790238
0.795191
0.794659
0.791977
0.792198
0.798429
0.796867
0.797618
0.795033
0.782171
0.784225
0.771718
0.775718
0.745808
0.754870
0.775277
0.768920
0.782823
0.785140
0.750498
0.747895
0.792046
0.775906
0.781794
0.784594
0.730313
0.774232
0.775046
0.754686
0.745043
0.769358
0.779451
0.779334
0.778956
0.774478
0.770042
0.746059
0.751998
0.775227
0.770705
0.770669
0.777930
0.763311
0.717115
0.727775
0.700527
0.713303
0.742294
0.749286
0.755139
0.757233
0.764104
0.771019
0.768456
0.769049
0.770489
0.714907
0.730698
0.728220
0.756849
0.748745
0.753573
0.752713
0.757964
0.758042
0.756406
0.761707
0.735782
0.729706
0.736258
0.735862
0.752642
0.759814
0.757842
0.725843
0.727587
0.723347
0.743055
0.758279
0.755435
0.757610
0.758435
0.759005
0.759481
0.764804
0.751296
0.760223
0.758652
0.757270
0.759163
0.768459
0.762379
0.752040
0.741556
0.746192
0.752849
0.755868
0.755733
0.768869
0.769288
0.759479
0.761708
0.767029
0.764128
0.765054
0.771000
0.769679
0.764466
0.765456
0.767015
0.751765
0.743577
0.700148
0.725057
0.742132
0.754469
0.754374
0.751703
0.758246
0.759109
0.762422
0.764468
0.766776
0.766677
0.765145
0.756852
0.761632
0.762301
0.765532
0.763103
0.762769
0.762181
0.758810
0.761156
0.761135
0.761607
0.762114
0.759581
0.760802
0.759772
0.758923
0.741869
0.742328
0.743434
0.748996
0.744326
0.751639
0.748646
0.750266
0.749723
0.750003
0.741818
0.746411
0.736251
0.734647
0.731867
0.735578
0.740844
0.738109
0.737858
0.738753
0.737516
0.735291
0.738481
0.740115
0.737536
0.738595
0.736137
0.736612
0.733924
0.735105
0.733346
0.733588
0.734889
0.729973
0.733252
0.733351
0.734160
0.732425
0.732283
0.732675
0.733502
0.731594
0.731256
0.731393
0.727172
0.726773
0.708591
0.715191
0.716371
0.715982
0.719677
0.719120
0.697303
0.690770
0.684541
0.696644
0.700372
0.700658
0.705387
0.706516
0.710365
0.710245
0.712794
0.711719
0.707304
0.704909
0.693983
0.685659
0.684519
0.689734
0.697100
0.696820
0.702114
0.699867
0.701402
0.705367
0.700119
0.702468
0.702588
0.701867
0.703271
0.698385
0.700492
0.698757
0.698378
0.695956
0.695951
0.694991
0.696508
0.693373
0.692499
0.692956
0.693529
0.694000
0.693824
0.694338
0.693082
0.695145
0.696188
0.694870
0.693310
0.692226
0.685434
0.686624
0.685878
0.688021
0.688988
0.688492
0.687387
0.687331
0.688835
0.688431
0.690568
0.688649
0.688458
0.688397
0.689740
0.689003
0.687723
0.686128
0.688596
0.686346
0.685828
0.686617
0.684151
0.682418
0.683935
0.674835
0.680483
0.671775
0.673204
0.670775
0.665475
0.661881
0.664342
0.665224
0.665884
0.664365
0.664083
0.642207
0.621441
0.584277
0.596747
0.607707
0.624559
0.630017
0.641258
0.644636
0.645700
0.640859
0.633720
0.598277
0.618403
0.624187
0.627482
0.627142
0.636359
0.640246
0.635813
0.616111
0.630418
0.637231
0.637789
0.641572
0.648754
0.647810
0.649678
0.652385
0.648653
0.634173
0.644725
0.660631
0.654223
0.649324
0.659033
0.656806
0.661659
0.657687
0.644909
0.645493
0.654747
0.654323
0.659716
0.654102
0.660004
0.659607
0.660475
0.663551
0.666368
0.665841
0.664297
0.659549
0.657453
0.661063
0.660790
0.670457
0.670353
0.669992
0.671011
0.669510
0.668935
0.669526
0.667439
0.665111
0.662821
0.665208
0.666794
0.666677
0.668243
0.670459
0.672140
0.675959
0.669632
0.670100
0.669864
0.669510
0.666675
0.667694
0.668090
0.667486
0.668606
0.669528
0.665998
0.665366
0.665526
0.661578
0.664736
0.662265
0.669886
0.669863
0.674389
0.674051
0.671392
0.671826
0.673420
0.676395
0.679884
0.674725
0.680343
0.678821
0.680311
0.679063
0.679063
0.680715
0.681511
0.681053
0.680330
0.683230
0.677645
0.683042
0.679419
0.682736
0.685321
0.688927
0.689279
0.690822
0.689143
0.687881
0.687769
0.684749
0.686049
0.686029
0.686755
0.683146
0.676411
0.677205
0.668244
0.672747
0.682333
0.679734
0.680697
0.667520
0.671523
0.677204
0.681272
0.678267
0.684487
0.684544
0.686045
0.686518
0.678195
0.668113
0.677027
0.686341
0.681964
0.680075
0.682874
0.681862
0.682049
0.681254
0.681391
0.684152
0.682754
0.683149
0.685696
0.687785
0.690388
0.688409
0.689500
0.691014
0.692776
0.692204
0.689077
0.687838
0.684053
0.685472
0.686505
0.687397
0.688693
0.687059
0.686270
0.685312
0.685813
0.686822
0.688866
0.688630
0.688984
0.688927
0.687469
0.688632
0.688560
0.685770
0.677537
0.679895
0.674439
0.675728
0.674623
0.681724
0.681373
0.681946
0.684751
0.684530
0.686268
0.684648
0.682770
0.677208
0.677420
0.679908
0.681373
0.681862
0.686281
0.684735
0.684999
0.685693
0.685236
0.682736
0.682315
0.684055
0.682549
0.682788
0.682200
0.681508
0.683127
0.681946
0.683593
0.683683
0.682534
0.682770
0.682419
0.683701
0.681506
0.681743
0.680659
0.679314
0.679985
0.680292
0.680449
0.680212
0.681628
0.680699
0.680580
0.680713
0.680223
0.680952
0.680244
0.679433
0.680231
0.681292
0.680957
0.677089
0.664565
0.662342
0.675310
0.682453
0.680208
0.681828
0.681961
0.683598
0.683465
0.677659
0.678502
0.674698
0.676073
0.681047
0.681826
0.683701
0.685213
0.684310
0.682457
0.684175
0.687566
0.688355
0.690149
0.690942
0.692222
0.691988
0.694589
0.694988
0.694634
0.696941
0.697809
0.698086
0.697349
0.699071
0.701908
0.700333
0.702289
0.702760
0.702702
0.699902
0.703468
0.703529
0.700946
0.700844
0.703545
0.699028
0.700347
0.695973
0.695695
0.696268
0.697527
0.698456
0.698736
0.698116
0.696721
0.696308
0.693133
0.694524
0.693723
0.694886
0.697194
0.699961
0.699089
0.700687
0.697730
0.699799
0.699444
0.692914
0.694197
0.690789
0.692613
0.691434
0.691607
0.691136
0.690564
0.692876
0.690503
0.692671
0.690447
0.691316
0.690580
0.691330
0.690974
0.692594
0.691903
0.695790
0.693579
0.692019
0.695905
0.696018
0.699010
0.699858
0.700985
0.700660
0.701120
0.702044
0.703212
0.703015
0.702858
0.695003
0.688490
0.695192
0.697113
0.703209
0.697658
0.704135
0.703563
0.706144
0.705605
0.710907
0.711852
0.694843
0.701589
0.707412
0.713723
0.712427
0.713925
0.713702
0.713907
0.715190
0.715917
0.719747
0.718464
0.718322
0.717806
0.718007
0.715442
0.715226
0.713353
0.720002
0.719968
0.716862
0.716628
0.720076
0.721027
0.719499
0.723118
0.722329
0.722704
0.723190
0.726057
0.725270
0.727747
0.726393
0.725640
0.726230
0.725406
0.726100
0.727279
0.726645
0.725365
0.724831
0.725538
0.727968
0.726904
