0.059350
0.056802
0.051669
0.051740
0.052222
0.052571
0.053645
0.053882
0.053561
0.054912
0.056018
0.056779
0.056970
0.056736
0.057286
0.055972
0.047981
0.049771
0.052469
0.051991
0.051313
0.051584
0.052745
0.054652
0.056560
0.054769
0.054523
0.052898
0.050908
0.050861
0.050819
0.049766
0.050658
0.051215
0.051729
0.052956
0.053471
0.053629
0.053351
0.053987
0.052642
0.051083
0.050095
0.049993
0.050216
0.049517
0.049873
0.049934
0.049600
0.049977
0.049805
0.049813
0.049674
0.049733
0.049764
0.050222
0.050445
0.050232
0.050495
0.050404
0.050363
0.050363
0.050720
0.050712
0.051004
0.051618
0.052135
0.052543
0.053012
0.053098
0.054492
0.056354
0.054770
0.054492
0.055638
0.054492
0.054813
0.054253
0.053976
0.054533
0.055369
0.055959
0.055879
0.054533
0.055089
0.055281
0.055401
0.056715
0.056556
0.056802
0.056924
0.056320
0.056765
0.057043
0.056844
0.057442
0.057642
0.056806
0.057563
0.056648
0.056370
0.055845
0.054620
0.054109
0.054063
0.055256
0.055297
0.054461
0.053260
0.052949
0.052113
0.053306
0.053028
0.052072
0.052270
0.051793
0.052152
0.051682
0.051594
0.051316
0.050606
0.049945
0.049550
0.048890
0.049043
0.048455
0.048769
0.049349
0.049450
0.049613
0.049573
0.049321
0.049494
0.049321
0.049361
0.049413
0.049077
0.049697
0.049525
0.050053
0.049687
0.049618
0.049129
0.049261
0.049475
0.049475
0.049080
0.049303
0.048777
0.049000
0.048432
0.048656
0.048554
0.048585
0.048777
0.048676
0.047967
0.046913
0.047004
0.046630
0.046618
0.045962
0.045891
0.046064
0.046135
0.047049
0.047201
0.046937
0.047324
0.047719
0.047151
0.047405
0.047547
0.047274
0.047691
0.047294
0.047030
0.046899
0.046474
0.046596
0.047092
0.046656
0.046879
0.047347
0.047064
0.046941
0.046546
0.046080
0.046172
0.045877
0.045532
0.044974
0.045665
0.044672
0.044822
0.044318
0.043200
0.043679
0.043437
0.043660
0.043792
0.044207
0.043650
0.043761
0.043560
0.044180
0.044574
0.044668
0.044912
0.044851
0.044819
0.044314
0.044343
0.044163
0.044295
0.044284
0.044895
0.044570
0.044691
0.045087
0.045210
0.045514
0.045069
0.045767
0.045738
0.045210
0.045200
0.044673
0.044673
0.045169
0.044540
0.044805
0.045332
0.046185
0.048124
0.047706
0.047667
0.048233
0.047848
0.047623
0.047168
0.046812
0.046649
0.046456
0.046619
0.045929
0.046680
0.045898
0.045218
0.045208
0.045837
0.045176
0.045310
0.045440
0.045805
0.044742
0.045036
0.044742
0.045137
0.045240
0.045757
0.045228
0.045493
0.045554
0.045808
0.045544
0.045798
0.045940
0.046489
0.045241
0.045109
0.045109
0.045597
0.045464
0.046214
0.045859
0.045789
0.045657
0.045992
0.045667
0.045829
0.045505
0.045271
0.044937
0.045038
0.044410
0.043942
0.043749
0.043548
0.043548
0.044197
0.044745
0.044776
0.044948
0.045242
0.045141
0.045303
0.044381
0.044481
0.044349
0.043873
0.043833
0.044188
0.044097
0.043702
0.043916
0.044312
0.043976
0.044363
0.043691
0.043836
0.044200
0.043668
0.043835
0.043599
0.043528
0.043739
0.043884
0.043862
0.044081
0.043719
0.043744
0.043794
0.043603
0.043889
0.043769
0.043794
0.043793
0.043587
0.043633
0.043682
0.043706
0.043402
0.043424
0.043285
0.043381
0.043405
0.043310
0.043405
0.043474
0.043785
0.043526
0.043715
0.043526
0.043715
0.043526
0.043905
0.043740
0.043689
0.043809
0.043906
0.043857
0.043859
0.043929
0.044115
0.043553
0.043789
0.043744
0.043534
0.043744
0.043651
0.043651
0.043464
0.043534
0.043275
0.043346
0.043111
0.043230
0.043206
0.043397
0.043301
0.043397
0.043421
0.043543
0.043445
0.043491
0.043332
0.043401
0.043189
0.043313
0.043313
0.043594
0.043688
0.043575
0.043741
0.043579
0.043624
0.043600
0.043789
0.044327
0.046767
0.047488
0.047467
0.046431
0.045538
0.044866
0.044379
0.043946
0.043685
0.043310
0.043471
0.043210
0.043591
0.043310
0.043263
0.043263
0.043454
0.043504
0.043078
0.043151
0.043131
0.045089
0.050861
0.049177
0.046286
0.048862
0.049743
0.050188
0.051782
0.052033
0.051881
0.051848
0.050244
0.049533
0.049086
0.049025
0.048587
0.048525
0.048830
0.048088
0.047724
0.047856
0.047235
0.047012
0.046749
0.046718
0.047530
0.049529
0.049662
0.049570
0.049305
0.049082
0.048067
0.047711
0.047316
0.046605
0.044830
0.045549
0.045023
0.044536
0.044099
0.044099
0.043137
0.042681
0.042566
0.042516
0.042352
0.042568
0.042663
0.042689
0.042571
0.042597
0.042720
0.043049
0.043003
0.043123
0.043577
0.043355
0.043197
0.043317
0.044065
0.045222
0.045578
0.044919
0.044949
0.044685
0.044745
0.044045
0.044177
0.044311
0.044270
0.044401
0.044300
0.044270
0.043966
0.044138
0.043610
0.043702
0.044151
0.044048
0.044151
0.044100
0.044689
0.044952
0.044780
0.044293
0.043954
0.043646
0.043250
0.042900
0.043041
0.043250
0.043322
0.043137
0.043277
0.043068
0.043207
0.043141
0.043115
0.043141
0.043189
0.043451
0.043474
0.043549
0.043389
0.043623
0.043579
0.043604
0.043557
0.043183
0.043277
0.043041
0.042880
0.042901
0.043089
0.042949
0.043046
0.042859
0.042765
0.042767
0.042559
0.042512
0.042492
0.042657
0.042611
0.042848
0.042969
0.043157
0.043273
0.043443
0.043653
0.043840
0.043980
0.044382
0.044431
0.044593
0.044848
0.045062
0.044922
0.044826
0.044663
0.044922
0.044941
0.045105
0.044867
0.044727
0.044751
0.044867
0.044587
0.044303
0.044326
0.044042
0.044163
0.043972
0.043831
0.043761
0.043710
0.043524
0.043524
0.043672
0.043574
0.043550
0.043904
0.043740
0.043598
0.043484
0.043390
0.043390
0.043414
0.043223
0.042828
0.043040
0.043065
0.042947
0.042880
0.042621
0.042858
0.042837
0.042696
0.042485
0.042865
0.043100
0.042630
0.042911
0.042748
0.042704
0.042448
0.042542
0.042542
0.042661
0.042566
0.042427
0.042641
0.042711
0.042710
0.042856
0.043042
0.042927
0.042878
0.043022
0.043137
0.043163
0.043583
0.043538
0.043798
0.043633
0.043748
0.044010
0.043678
0.043960
0.044078
0.043982
0.043960
0.043748
0.043866
0.043818
0.044340
0.044105
0.044149
0.044310
0.044287
0.044425
0.044307
0.044471
0.044542
0.044210
0.044513
0.044442
0.044302
0.044088
0.044325
0.043994
0.043946
0.043831
0.043617
0.043501
0.043431
0.043758
0.043520
0.043450
0.043596
0.043501
0.043714
0.043574
0.043506
0.043103
0.043108
0.042897
0.042827
0.042617
0.042667
0.042807
0.042573
0.042785
0.042761
0.042690
0.043093
0.043186
0.043351
0.043376
0.043634
0.043517
0.043565
0.043516
0.043681
0.043516
0.044572
0.047353
0.051806
0.052901
0.056612
0.058021
0.057685
0.056525
0.055408
0.055163
0.055851
0.056032
0.055654
0.055715
0.054821
0.054574
0.053456
0.053416
0.052867
0.054103
0.053726
0.053402
0.052995
0.052648
0.052597
0.052251
0.052322
0.053325
0.052583
0.052615
0.052066
0.051711
0.051760
0.051628
0.051252
0.052175
0.051423
0.051534
0.051860
0.051372
0.050915
0.051816
0.052243
0.052709
0.053941
0.056758
0.057803
0.061543
0.061583
0.060470
0.061313
0.064539
0.065852
0.065091
0.063619
0.063313
0.063075
0.070636
0.075054
0.075652
0.075781
0.075266
0.074671
0.075389
0.075152
0.075282
0.075323
0.073424
0.072106
0.069919
0.068726
0.067095
0.065782
0.065744
0.064998
0.063327
0.062167
0.062722
0.061385
0.061975
0.060503
0.059659
0.057989
0.057074
0.055440
0.053857
0.052860
0.050274
0.049797
0.048749
0.049308
0.048213
0.048030
0.047960
0.047414
0.047140
0.046897
0.046724
0.047001
0.046138
0.046586
0.046200
0.046385
0.046397
0.046448
0.046996
0.047708
0.047830
0.048581
0.049129
0.048715
0.047953
0.048442
0.048727
0.048322
0.048189
0.047591
0.047440
0.047084
0.047105
0.047228
0.046305
0.046437
0.046588
0.046581
0.046773
0.046205
0.045932
0.046561
0.046117
0.046937
0.046400
0.046229
0.046452
0.046147
0.046067
0.045397
0.045489
0.045551
0.045774
0.045500
0.045500
0.045500
0.044893
0.045288
0.044791
0.044619
0.044153
0.914119
0.154184
0.267866
0.456226
0.041240
0.043368
0.043427
0.043287
0.043176
0.043115
0.043015
0.043360
0.043412
0.043574
0.043990
0.043920
0.032850
0.044102
0.044236
0.044226
0.044532
0.044197
0.044197
0.044127
0.043853
0.044290
0.045009
0.044573
0.045447
0.045943
0.046572
0.048004
0.050115
0.050703
0.050318
0.050915
0.595207
0.025333
0.050091
0.049604
0.049969
0.049035
0.049581
0.049772
0.049813
0.049821
0.050086
0.048754
0.049019
0.048823
0.048326
0.048326
0.048125
0.047505
0.047353
0.046703
0.047190
0.046826
0.046622
0.046925
0.047190
0.046957
0.046733
0.046377
0.046246
0.046228
0.046286
0.045902
0.045598
0.045992
0.045396
0.045659
0.045952
0.045922
0.046015
0.046066
0.045710
0.045842
0.045671
0.045458
0.045948
0.306823
0.046610
0.045948
0.046008
0.045846
0.046303
0.993118
0.266976
0.286093
0.295685
0.290589
0.292800
0.291573
0.296593
0.302506
0.315310
0.317086
0.327168
0.308451
0.308648
0.327481
0.341724
0.243086
0.256805
0.281277
0.308087
0.338318
0.478492
0.492888
0.494818
0.394020
0.403129
0.406044
0.413497
0.361468
0.379042
0.479567
0.464897
0.472860
0.487091
0.487693
0.508543
0.356506
1.000000
0.083259
0.361741
0.262672
0.926796
0.369497
0.502104
0.491782
0.482797
0.518001
0.120025
0.044487
0.044526
0.043998
0.044068
0.043643
0.044109
0.044483
0.206743
0.516817
0.044504
0.050053
0.052283
0.054260
0.056252
0.057693
0.058691
0.061471
0.062556
0.061603
0.062043
0.061291
0.061611
0.057126
0.053825
0.055022
0.054316
0.055192
0.054032
0.054440
0.050829
0.049014
0.048657
0.049001
0.048373
0.048373
0.867218
0.360481
0.431305
0.307255
0.249908
0.254237
0.244537
0.045450
0.045013
0.043543
0.043240
0.043392
0.043444
0.044459
0.045017
0.045099
0.045921
0.047819
0.048082
0.049817
0.049980
0.050080
0.050184
0.050152
0.048782
0.048558
0.048031
0.047320
0.047543
0.047056
0.046963
0.046670
0.046203
0.045737
0.045343
0.044155
0.043719
0.043415
0.041437
0.041032
0.041448
0.041114
0.041936
0.042615
0.042961
0.042131
0.042749
0.043075
0.044049
0.043776
0.043797
0.045410
0.046395
0.046355
0.046588
0.046780
0.047105
0.047897
0.048617
0.048821
0.048688
0.048627
0.048494
0.048100
0.048209
0.048302
0.048544
0.050341
0.053121
0.054514
0.056417
0.056336
0.055311
0.055074
0.053992
0.051894
0.052683
0.051186
0.050112
0.049106
0.048610
0.048427
0.048334
0.047979
0.048446
0.048678
0.048415
0.048283
0.048191
0.048455
0.048718
0.049247
0.049907
0.049907
0.049977
0.050434
0.050434
0.050767
0.050767
0.052072
0.051913
0.052471
0.052471
0.053069
0.051923
0.051606
0.049911
0.049719
0.049648
0.049586
0.049648
0.049911
0.049678
0.049120
0.049212
0.048491
0.048623
0.048978
0.048785
0.049150
0.048806
0.048847
0.048856
0.048847
0.048421
0.048451
0.047629
0.046605
0.047132
0.047315
0.047416
0.046787
0.046980
0.046880
0.046972
0.046707
0.047155
0.047479
0.047471
0.047348
0.048099
0.047967
0.047927
0.047563
0.047664
0.047897
0.047623
0.048060
0.048120
0.047754
0.048099
0.047161
0.060228
0.064512
0.063996
0.064721
0.064075
0.060465
0.056844
0.055888
0.053423
0.053264
0.050798
0.050721
0.050563
0.050752
0.049688
0.048248
0.047295
0.047985
0.046797
0.045742
0.045742
0.045997
0.045997
0.045692
0.046048
0.046110
0.046303
0.046768
0.046294
0.046385
0.047044
0.047176
0.047401
0.047857
0.047583
0.047979
0.048465
0.048110
0.048293
0.048344
0.048465
0.047969
0.047766
0.047969
0.048071
0.047938
0.047504
0.047716
0.047837
0.047452
0.047583
0.048203
0.047635
0.047726
0.047898
0.047635
0.047736
0.047462
0.047726
0.047240
0.046966
0.046966
0.047067
0.046935
0.047858
0.049238
0.049796
0.050028
0.049969
0.049837
0.049218
0.048729
0.048598
0.047979
0.047979
0.047452
0.047390
0.046740
0.047452
0.046935
0.045717
0.045026
0.045949
0.045685
0.045594
0.045554
0.044895
0.045737
0.044824
0.044398
0.044103
0.044155
0.044419
0.043618
0.043678
0.043678
0.044196
0.044613
0.044705
0.044492
0.045284
0.045112
0.045498
0.046126
0.045945
0.046016
0.046341
0.046139
0.045875
0.046046
0.046503
0.046362
0.046139
0.046322
0.046464
0.046586
0.046789
0.047021
0.047113
0.047103
0.047549
0.047062
0.048076
0.047904
0.048340
0.048147
0.048178
0.047782
0.047945
0.047316
0.047123
0.047813
0.046929
0.047822
0.047821
0.048117
0.048715
0.049607
0.050935
0.051159
0.051331
0.051535
0.051157
0.051610
0.050712
0.050557
0.050141
0.050272
0.050575
0.050312
0.050291
0.050434
0.050797
0.050950
0.050117
0.049934
0.049539
0.049934
0.050798
0.054341
0.065323
0.069189
0.073041
0.072127
0.074117
0.073569
0.075282
0.080814
0.085432
0.089896
0.090299
0.090660
0.088045
0.086458
0.084670
0.084403
0.081701
0.078085
0.075739
0.073562
0.069467
0.064417
0.062787
0.061794
0.060242
0.058381
0.057578
0.056066
0.054951
0.053671
0.053876
0.052524
0.052204
0.053031
0.052164
0.052489
0.052758
0.054619
0.054266
0.055181
0.057043
0.057560
0.057916
0.059468
0.063843
0.065274
0.066945
0.070008
0.071679
0.072435
0.072594
0.074584
0.075897
0.076298
0.075980
0.074988
0.074750
0.075228
0.073756
0.073607
0.073406
0.073960
0.076355
0.079292
0.081640
0.081538
0.082884
0.081802
0.082256
0.081262
0.083444
0.084042
0.084362
0.084404
0.084691
0.084262
0.084820
0.085929
0.085772
0.086178
0.086132
0.085585
0.085903
0.084911
0.084315
0.085193
0.084557
0.081389
0.082856
0.082267
0.082532
0.082618
0.082618
0.081825
0.081468
0.081866
0.080162
0.081509
0.080632
0.081788
0.079926
0.079410
0.079688
0.079879
0.079090
0.078852
0.079409
0.079643
0.079643
0.081081
0.083542
0.085449
0.082386
0.081517
0.080993
0.081081
0.080566
0.079172
0.079643
0.079172
0.079140
0.081679
0.083908
0.082515
0.083073
0.083860
0.084975
0.084664
0.083703
0.083080
0.083591
0.082199
0.082599
0.084180
0.084825
0.084547
0.083474
0.083753
0.083953
0.083674
0.083197
0.083706
0.082369
0.083795
0.082960
0.083795
0.082559
0.082912
0.083279
0.082602
0.082721
0.083158
0.082086
0.081887
0.082164
0.082366
0.083795
0.084272
0.083204
0.084306
0.085107
0.087136
0.087972
0.087097
0.087614
0.088292
0.087655
0.087218
0.087696
0.087816
0.086392
0.084642
0.084116
0.083369
0.083045
0.083324
0.082693
0.084116
0.083560
0.083560
0.082257
0.083004
0.082535
0.081857
0.081699
0.082415
0.081420
0.081977
0.081420
0.080863
0.081931
0.082023
0.082693
0.082535
0.082168
0.082056
0.074039
0.111067
0.162331
0.078316
0.077792
0.078626
0.077392
0.076923
0.076804
0.075768
0.076515
0.075211
0.076236
0.076473
0.075202
0.075717
0.075996
0.076155
0.076433
0.076948
0.076147
0.076425
0.076661
0.076661
0.075881
0.075356
0.075794
0.076429
0.076151
0.076151
0.076898
0.076620
0.075873
0.075316
0.076309
0.075473
0.076420
0.075585
0.074718
0.074718
0.075275
0.074597
0.074351
0.074397
0.073284
0.072726
0.074031
0.072963
0.074267
0.073274
0.073154
0.072876
0.074267
0.074226
0.076176
0.076700
0.077614
0.078172
0.079477
0.079240
0.081825
0.082981
0.088518
0.091256
0.090229
0.091895
0.097196
0.100142
0.102134
0.103846
0.107079
0.109390
0.113618
0.114489
0.113736
0.113271
0.116854
0.119929
0.117148
0.119013
0.117949
0.117841
0.117010
0.118086
0.118048
0.118735
0.118738
0.118543
0.118273
0.119303
0.119033
0.119585
0.119036
0.120869
0.121903
0.123616
0.123379
0.124025
0.056469
0.843910
0.802511
0.124530
0.129481
0.130914
0.128695
0.129326
0.128819
0.129139
0.131408
0.132007
0.130655
0.130228
0.129791
0.126570
0.126366
0.126452
0.125181
0.125255
0.123481
0.123235
0.121486
0.123276
0.416159
0.767132
0.121592
0.117783
0.114765
0.116152
0.114602
0.112095
0.112016
0.111459
0.110392
0.110113
0.109389
0.109547
0.109158
0.109984
0.110532
0.110778
0.111094
0.117969
0.121882
0.121079
0.118094
0.115788
0.116344
0.115231
0.116179
0.113950
0.114037
0.113839
0.113759
0.113560
0.114069
0.114117
0.114553
0.113280
0.115151
0.114673
0.115709
0.114673
0.113638
0.114195
0.112970
0.113481
0.112088
0.111856
0.112956
0.112446
0.112446
0.111768
0.112094
0.112047
0.112080
0.112080
0.110979
0.110456
0.111846
0.111170
0.112874
0.111806
0.112276
0.110971
0.110659
0.110093
0.111128
0.111088
0.110842
0.111120
0.111320
0.112592
0.113627
0.114183
0.113028
0.111125
0.113617
0.112193
0.111598
0.454091
0.058366
0.109733
0.108930
0.107895
0.107974
0.106581
0.106540
0.105467
0.104511
0.103635
0.102919
0.103755
0.102919
0.103078
0.104740
0.011175
0.083338
0.104059
0.104138
0.103859
0.103826
0.104296
0.102306
0.100323
0.102501
0.100672
0.100552
0.101109
0.101347
0.100900
0.101026
0.101338
0.100548
0.100181
0.100261
0.099393
0.100141
0.100418
0.100934
0.101849
0.101728
0.102165
0.102754
0.102276
0.099817
0.097556
0.097867
0.097937
0.098303
0.095320
0.096067
0.094443
0.094675
0.094397
0.094323
0.094560
0.094036
0.093357
0.093636
0.093682
0.093795
0.093554
0.093076
0.093665
0.092765
0.092399
0.092199
0.092834
0.092316
0.092148
0.092116
0.092307
0.091240
0.091119
0.091231
0.091111
0.090910
0.090511
0.090312
0.090235
0.090591
0.089635
0.076419
0.088353
0.087407
0.086061
0.087445
0.087367
0.088103
0.087999
0.086128
0.086962
0.086364
0.087391
0.088218
0.086793
0.086514
0.085836
0.085716
0.084882
0.084760
0.085318
0.085595
0.085555
0.085745
0.086390
0.087027
0.086938
0.087816
0.088052
0.087662
0.087852
0.088211
0.087733
0.088010
0.086943
0.087812
0.087778
0.088926
0.087700
0.088368
0.088257
0.087264
0.088130
0.088010
0.088211
0.088655
0.087978
0.088010
0.088846
0.089172
0.089371
0.089929
0.090764
0.090996
0.091083
0.092230
0.092516
0.091124
0.091601
0.091713
0.090567
0.091840
0.091761
0.090965
0.090846
0.090688
0.090368
0.090758
0.090090
0.088585
0.089844
0.089174
0.089485
0.088850
0.089017
0.088539
0.088696
0.088617
0.089565
0.089765
0.088020
0.087862
0.088577
0.088020
0.089166
0.088098
0.088568
0.088377
0.086586
0.087143
0.086577
0.086340
0.085504
0.085504
0.086307
0.085941
0.085741
0.084549
0.085741
0.085106
0.085421
0.085979
0.085176
0.085422
0.085422
0.084508
0.084340
0.083560
0.083472
0.084508
0.083314
0.083751
0.084587
0.083194
0.084109
0.085413
0.085649
0.084741
0.086649
0.085976
0.086412
0.086412
0.085655
0.086212
0.085535
0.085655
0.086125
0.084899
0.085019
0.085099
0.084732
0.084174
0.083586
0.081716
0.082783
0.082782
0.082472
0.082472
0.082503
0.082393
0.082551
0.081993
0.082272
0.082152
0.081627
0.081316
0.081627
0.080601
0.081070
0.080434
0.080235
0.079924
0.080235
0.081428
0.083257
0.085684
0.087242
0.087402
0.088795
0.012904
0.000579
0.000000
0.002675
0.088788
0.089987
0.090856
0.091849
0.093362
0.093877
0.094354
0.093830
0.093329
0.092884
0.094438
0.095282
0.094757
0.094521
0.094887
0.095207
0.096035
0.094611
0.096323
0.096602
0.098037
0.099238
0.100306
0.099559
0.100744
0.101033
0.100997
0.100717
0.100526
0.100688
0.100919
0.098980
0.100650
0.099498
0.100200
0.099419
0.099897
0.099707
0.100895
0.101492
0.101177
0.100708
0.100503
0.099677
0.098841
0.098604
0.099601
0.099523
0.099759
0.100864
0.100991
0.100391
0.100154
0.100434
0.101102
0.100196
0.100832
0.100274
0.101064
0.100832
0.100832
0.101143
0.101430
0.099889
0.100326
0.100637
0.102219
0.102586
0.102219
0.101797
0.102149
0.100924
0.102818
0.101193
0.101392
0.101513
0.100686
0.100718
0.100718
0.100918
0.101085
0.102032
0.103704
0.103425
0.101684
0.102240
0.101962
0.102351
0.101367
0.101210
0.101130
0.101497
0.101408
0.101766
0.101766
0.102523
0.101965
0.100851
0.100851
0.100249
0.098545
0.098577
0.097988
0.098466
0.098623
0.098578
0.098388
0.099858
0.100341
0.103875
0.104788
0.105855
0.105423
0.107805
0.107208
0.107058
0.107336
0.107894
0.107535
0.107535
0.108222
0.108724
0.108812
0.108778
0.108533
0.107906
0.107984
0.108026
0.106986
0.105760
0.106471
0.106438
0.106668
0.106391
0.106201
0.105964
0.105606
0.107355
0.106998
0.107040
0.107447
0.107401
0.108357
0.109062
0.109634
0.111338
0.111903
0.111625
0.112738
0.114600
0.114401
0.114043
0.112223
0.113249
0.112297
0.112733
0.111985
0.112175
0.112026
0.111238
0.111224
0.111033
0.110318
0.109882
0.110002
0.109135
0.109882
0.109644
0.109454
0.109408
0.108898
0.109050
0.109965
0.109287
0.108971
0.109129
0.108614
0.109171
0.108377
0.106515
0.107819
0.106984
0.106194
0.106664
0.107021
0.107380
0.106353
0.106664
0.107188
0.106864
0.107060
0.109079
0.108212
0.108212
0.107097
0.106025
0.106345
0.106223
0.107371
0.107099
0.107784
0.106948
0.107426
0.110044
0.110402
0.109886
0.109974
0.108934
0.110015
0.109341
0.104766
0.089592
0.043912
0.048755
0.038897
0.021435
0.047151
0.109668
0.112317
0.107228
0.104466
0.110932
0.110654
0.110335
0.109629
0.109350
0.110496
0.110059
0.110140
0.110376
0.110613
0.111202
0.110376
0.110376
0.111132
0.111760
0.112404
0.113676
0.114034
0.114711
0.115459
0.118451
0.119645
0.120124
0.122383
0.120999
0.122433
0.121997
0.121481
0.120933
0.119025
0.119624
0.119307
0.118513
0.117637
0.117678
0.117765
0.117840
0.117997
0.117125
0.116846
0.116210
0.116256
0.826643
0.277950
0.012245
0.383804
0.777101
0.506767
0.116323
0.116609
0.117915
0.119985
0.122212
0.122612
0.121340
0.119789
0.118920
0.120504
0.806341
0.832705
0.124916
0.124835
0.126070
0.125156
0.123247
0.123131
0.123251
0.123140
0.121979
0.121701
0.120350
0.120038
0.121114
0.121114
0.121625
0.123217
0.125014
0.128077
0.131061
0.132454
0.133091
0.134681
0.136353
0.137588
0.138064
0.138709
0.137080
0.139104
0.139581
0.139066
0.137724
0.138036
0.137686
0.137328
0.138363
0.138325
0.138479
0.137643
0.136905
0.136198
0.136828
0.135399
0.135249
0.136117
0.135889
0.137314
0.141133
0.141217
0.139555
0.139555
0.140431
0.140232
0.140473
0.139758
0.139998
0.139052
0.140039
0.139922
0.140210
0.139049
0.138581
0.138223
0.137944
0.137986
0.138265
0.139178
0.140451
0.141406
0.143444
0.145950
0.146427
0.147417
0.149333
0.149524
0.149771
0.152030
0.150648
0.150205
0.150334
0.149828
0.150180
0.149743
0.150820
0.149756
0.150029
0.150200
0.149327
0.150004
0.151683
0.153954
0.153636
0.154081
0.153957
0.153042
0.152726
0.151779
0.151072
0.151424
0.151856
0.151029
0.151516
0.150802
0.151670
0.150714
0.151628
0.151359
0.151590
0.152147
0.152156
0.153220
0.153466
0.154891
0.155489
0.155846
0.154932
0.155289
0.155726
0.156608
0.156046
0.155577
0.154974
0.155094
0.154546
0.154546
0.153664
0.154945
0.153761
0.154304
0.153876
0.152845
0.152135
0.153044
0.152209
0.153044
0.152018
0.151818
0.152375
0.153442
0.152616
0.152370
0.152337
0.153730
0.152737
0.152100
0.151631
0.152221
0.152179
0.150825
0.152495
0.129017
0.532713
0.818617
0.427412
0.387949
0.151623
0.152018
0.154794
0.153838
0.155148
0.158290
0.158847
0.159603
0.158530
0.158294
0.158614
0.158294
0.159733
0.159686
0.160244
0.160006
0.159380
0.159341
0.158348
0.157990
0.157753
0.156959
0.154215
0.152233
0.151472
0.151749
0.150692
0.150125
0.150038
0.149360
0.148804
0.148135
0.148604
0.149160
0.148651
0.148562
0.149128
0.148804
0.148604
0.149519
0.149834
0.150518
0.149125
0.150786
0.150828
0.149436
0.150828
0.149362
0.150538
0.150267
0.150936
0.149084
0.149386
0.149146
0.150019
0.150222
0.150455
0.149665
0.150733
0.150264
0.150019
0.149225
0.149225
0.150217
0.147799
0.146685
0.147640
0.147442
0.146727
0.146727
0.147561
0.147640
0.147719
0.147991
0.149225
0.148825
0.150543
0.151329
0.153829
0.155355
0.156433
0.156187
0.155875
0.158065
0.161003
0.163756
0.165705
0.165227
0.166142
0.165268
0.163917
0.162853
0.164803
0.165155
0.164798
0.165513
0.164524
0.164487
0.165396
0.163775
0.162940
0.163855
0.163734
0.164332
0.164128
0.164256
0.162507
0.162507
0.161718
0.161472
0.161114
0.160646
0.159851
0.159288
0.158542
0.158462
0.158495
0.155956
0.156068
0.129987
0.725576
0.088280
0.152605
0.152095
0.151171
0.151497
0.152045
0.152482
0.152004
0.151168
0.151136
0.151613
0.149934
0.150202
0.146638
0.146351
0.145952
0.146310
0.145752
0.145196
0.144199
0.142208
0.146655
0.147727
0.149323
0.150708
0.147885
0.146340
0.147764
0.146776
0.147724
0.147516
0.147075
0.147947
0.145799
0.146282
0.147466
0.147036
0.147903
0.148461
0.149176
0.148905
0.149304
0.149217
0.149304
0.150483
0.150961
0.150497
0.151533
0.153075
0.152796
0.153390
0.152787
0.147956
0.014329
0.649790
0.823591
0.833621
0.084990
0.059682
0.020838
0.785264
0.263400
0.147534
0.149671
0.151580
0.152726
0.152169
0.153841
0.153412
0.152539
0.151903
0.150956
0.151346
0.150631
0.149007
0.149317
0.148839
0.149522
0.150150
0.150228
0.151779
0.154086
0.155233
0.153450
0.154006
0.155320
0.156625
0.158058
0.157311
0.158902
0.160415
0.160179
0.158191
0.158353
0.158910
0.158840
0.161188
0.162102
0.161142
0.161183
0.159599
0.160477
0.161354
0.160718
0.160244
0.159895
0.159857
0.157717
0.157791
0.156407
0.157791
0.156161
0.154291
0.153612
0.153812
0.154885
0.156556
0.155442
0.155210
0.158423
0.159575
0.161232
0.162202
0.163951
0.167892
0.168918
0.170111
0.169164
0.169604
0.168809
0.167547
0.166506
0.167542
0.165754
0.165126
0.163538
0.161384
0.156468
0.154871
0.786655
0.067106
0.833849
0.826750
0.273880
0.154748
0.156295
0.155968
0.151000
0.096666
0.156174
0.126435
0.130579
0.144614
0.157039
0.138829
0.135274
0.150569
0.800394
0.139564
0.153797
0.809305
0.802357
0.705738
0.415551
0.109904
0.781333
0.385910
0.251358
0.159803
0.160477
0.159961
0.159872
0.158847
0.158258
0.156652
0.158171
0.157404
0.156449
0.154703
0.153431
0.153431
0.153066
0.152834
0.153270
0.151474
0.151163
0.151194
0.150485
0.150485
0.150286
0.149650
0.150206
0.150286
0.151080
0.151590
0.152273
0.152504
0.152821
0.152858
0.153531
0.153412
0.153366
0.153690
0.153644
0.153176
0.154568
0.153774
0.156200
0.159779
0.162364
0.162523
0.163001
0.162087
0.165628
0.168812
0.169322
0.168175
0.167940
0.167144
0.167186
0.166907
0.166949
0.166512
0.165565
0.165091
0.165489
0.164409
0.164019
0.165131
0.164102
0.161755
0.160734
0.160339
0.160896
0.161411
0.161332
0.161411
0.162730
0.164583
0.165298
0.164827
0.168601
0.167892
0.168959
0.170119
0.172737
0.174567
0.174496
0.174927
0.174468
0.174746
0.173158
0.173431
0.173440
0.173514
0.172204
0.170867
0.170583
0.170634
0.169036
0.169315
0.169593
0.169361
0.169083
0.171663
0.181012
0.182770
0.186511
0.187547
0.185726
0.187349
0.187479
0.187442
0.186411
0.186812
0.184756
0.185029
0.185038
0.185594
0.186143
0.185395
0.185435
0.183727
0.183013
0.182696
0.182139
0.182729
0.183531
0.184614
0.184970
0.185997
0.188823
0.189746
0.189381
0.188427
0.190744
0.190061
0.188597
0.187566
0.188927
0.186782
0.185106
0.184121
0.184401
0.185197
0.185197
0.188580
0.193593
0.197294
0.198361
0.205697
0.212344
0.215290
0.219598
0.228035
0.229830
0.235565
0.238352
0.239230
0.239638
0.243822
0.246342
0.252712
0.259163
0.259215
0.259740
0.257853
0.256147
0.252460
0.246545
0.248606
0.249458
0.249861
0.246771
0.246098
0.242208
0.239456
0.236442
0.236763
0.237640
0.240753
0.251417
0.259299
0.256875
0.253927
0.250078
0.246232
0.245717
0.244208
0.244607
0.243939
0.241942
0.237208
0.234028
0.232486
0.232486
0.233075
0.232764
0.232524
0.233113
0.232046
0.232315
0.229697
0.231011
0.228189
0.227265
0.225404
0.226230
0.227186
0.226786
0.226115
0.226820
0.227384
0.228131
0.224270
0.223347
0.221762
0.220650
0.222232
0.221881
0.222196
0.221830
0.223173
0.220672
0.219675
0.220459
0.219026
0.217034
0.216794
0.216632
0.218451
0.218458
0.219405
0.219563
0.220111
0.218653
0.220228
0.219521
0.220237
0.220668
0.219401
0.220037
0.220516
0.218416
0.218964
0.219243
0.220394
0.701944
0.100662
0.101416
0.104135
0.148203
0.750811
0.300206
0.227985
0.229891
0.235907
0.238289
0.236617
0.238289
0.235387
0.190321
0.739434
0.247882
0.147083
0.677325
0.715019
0.040330
0.078305
0.705724
0.085513
0.231115
0.231706
0.231515
0.231706
0.231147
0.230837
0.230288
0.230401
0.230043
0.229485
0.228929
0.230043
0.230043
0.229327
0.230084
0.231231
0.230641
0.230682
0.229568
0.229369
0.227340
0.226193
0.224045
0.223354
0.221738
0.222008
0.222287
0.222287
0.222682
0.222720
0.223235
0.223862
0.222869
0.223862
0.223417
0.222873
0.222661
0.223423
0.223381
0.222586
0.223102
0.223413
0.223896
0.223260
0.222106
0.223646
0.221982
0.222728
0.221930
0.220775
0.222874
0.222202
0.222839
0.223944
0.223424
0.223066
0.222796
0.223823
0.223823
0.222830
0.222830
0.222750
0.221915
0.222796
0.222988
0.222192
0.222550
0.222787
0.222422
0.222510
0.173389
0.169368
0.450006
0.750726
0.714225
0.221952
0.222471
0.221994
0.221715
0.221915
0.222463
0.222106
0.221642
0.221269
0.221715
0.221715
0.221674
0.221586
0.221188
0.221354
0.221396
0.221038
0.221553
0.222937
0.222943
0.222019
0.222502
0.222581
0.222493
0.222730
0.221895
0.221663
0.222095
0.222763
0.222502
0.221986
0.221861
0.219800
0.220988
0.221545
0.220208
0.220440
0.219924
0.218889
0.218889
0.219924
0.221308
0.219563
0.220431
0.219920
0.220715
0.218408
0.218996
0.218408
0.218130
0.217884
0.217571
0.218161
0.218161
0.218719
0.218636
0.218357
0.217680
0.215856
0.216284
0.215169
0.214734
0.216047
0.214422
0.215290
0.214654
0.215211
0.215560
0.214971
0.215207
0.215333
0.214929
0.215277
0.216795
0.218620
0.217673
0.218142
0.218229
0.220569
0.222844
0.221451
0.223201
0.223034
0.222834
0.223080
0.222613
0.222834
0.221530
0.221363
0.220973
0.221410
0.221442
0.220694
0.221451
0.220615
0.220179
0.220221
0.219227
0.219347
0.218321
0.218274
0.217290
0.218515
0.217837
0.217964
0.218233
0.218624
0.217913
0.215964
0.217148
0.216239
0.215840
0.215561
0.215919
0.215552
0.214765
0.214954
0.215511
0.214954
0.212170
0.208836
0.206799
0.209018
0.211134
0.210736
0.210138
0.219844
0.226796
0.235556
0.240489
0.247730
0.248282
0.251117
0.250689
0.248265
0.251379
0.253690
0.250909
0.251111
0.250047
0.248022
0.245751
0.238761
0.235938
0.232288
0.232808
0.234242
0.234163
0.236275
0.239346
0.242354
0.244995
0.249642
0.246903
0.247056
0.248569
0.250796
0.249682
0.250719
0.254347
0.256051
0.255256
0.256737
0.255663
0.258768
0.258532
0.258573
0.259181
0.260447
0.260497
0.260737
0.261099
0.260114
0.262254
0.260991
0.260991
0.260954
0.262977
0.263065
0.263663
0.264261
0.262075
0.259299
0.259373
0.257711
0.257952
0.257237
0.256321
0.256879
0.256483
0.255457
0.254821
0.253151
0.252078
0.253192
0.250569
0.249010
0.247226
0.246511
0.245519
0.244445
0.243600
0.243527
0.244312
0.243356
0.239932
0.240568
0.248914
0.251036
0.250939
0.250749
0.250780
0.250143
0.249077
0.250939
0.250094
0.250944
0.252044
0.252656
0.255033
0.257303
0.260454
0.262602
0.264664
0.264705
0.262166
0.262398
0.260457
0.258628
0.258628
0.257794
0.258358
0.260985
0.260930
0.260540
0.264518
0.262299
0.263288
0.261021
0.259271
0.256927
0.255943
0.255306
0.254796
0.253310
0.252284
0.247828
0.246158
0.245967
0.243971
0.244296
0.247468
0.246270
0.247422
0.250644
0.249568
0.254493
0.264197
0.268214
0.270473
0.269726
0.271277
0.272702
0.274136
0.272752
0.273151
0.272325
0.275025
0.276110
0.274003
0.271299
0.269797
0.269592
0.267892
0.260804
0.259134
0.255243
0.253605
0.257797
0.266095
0.267725
0.268607
0.269633
0.268885
0.271424
0.271313
0.270599
0.272659
0.270082
0.270871
0.268017
0.268415
0.268855
0.267861
0.266678
0.267466
0.266681
0.265687
0.265920
0.264258
0.264494
0.262824
0.262424
0.261947
0.263688
0.264291
0.261943
0.259669
0.255380
0.254615
0.254852
0.254499
0.254022
0.253456
0.253772
0.254528
0.254686
0.254686
0.254644
0.255122
0.255554
0.254998
0.255522
0.256586
0.256228
0.259608
0.260689
0.264538
0.265572
0.265136
0.264109
0.265734
0.263236
0.263357
0.262754
0.262517
0.260181
0.259790
0.260746
0.260746
0.261256
0.262172
0.262371
0.261855
0.261902
0.262649
0.262371
0.260381
0.259233
0.260895
0.263202
0.262247
0.261602
0.262526
0.261968
0.263362
0.264434
0.263677
0.263719
0.263203
0.263045
0.262567
0.263959
0.263203
0.263919
0.262605
0.263162
0.260864
0.260459
0.262479
0.260427
0.260659
0.259504
0.258946
0.258111
0.257800
0.258301
0.257155
0.257354
0.257276
0.256477
0.254728
0.253335
0.254886
0.253851
0.254766
0.254008
0.254366
0.254678
0.255392
0.254168
0.254398
0.252816
0.253930
0.255554
0.255522
0.255044
0.254487
0.254598
0.253651
0.251939
0.251981
0.252416
0.251335
0.249989
0.249433
0.248598
0.249592
0.249265
0.249989
0.250738
0.250297
0.248515
0.248793
0.249898
0.249379
0.248391
0.249774
0.249654
0.249455
0.249217
0.248939
0.249964
0.249933
0.249534
0.250360
0.249882
0.249525
0.249572
0.249046
0.248490
0.246744
0.246666
0.246978
0.246690
0.245552
0.245352
0.245106
0.245664
0.244590
0.244193
0.244279
0.243444
0.241448
0.240144
0.240613
0.239778
0.238942
0.238390
0.236194
0.237230
0.236066
0.235596
0.236581
0.235793
0.236189
0.237292
0.236982
0.235668
0.236694
0.234513
0.236174
0.235498
0.234899
0.236807
0.237165
0.236209
0.235889
0.237082
0.237314
0.236716
0.237510
0.236720
0.236633
0.237516
0.237705
0.237743
0.237344
0.238060
0.238218
0.238965
0.238845
0.239124
0.240038
0.241120
0.241547
0.241788
0.243617
0.243617
0.244095
0.250541
0.249316
0.250672
0.249083
0.251631
0.251759
0.255142
0.256371
0.256103
0.255587
0.255270
0.253961
0.253765
0.253295
0.254093
0.254373
0.254962
0.255798
0.255876
0.255798
0.256075
0.254372
0.254373
0.254970
0.254901
0.255173
0.259517
0.263417
0.261824
0.260752
0.260826
0.262905
0.261799
0.261761
0.261557
0.259896
0.262155
0.262035
0.261320
0.260763
0.260016
0.258502
0.258177
0.257550
0.257709
0.257230
0.259091
0.261835
0.261835
0.261000
0.261079
0.260968
0.259927
0.260527
0.259689
0.259379
0.260814
0.260846
0.263672
0.262725
0.262887
0.263174
0.263614
0.263577
0.263062
0.262503
0.263929
0.263970
0.262234
0.262544
0.262388
0.261399
0.263140
0.262620
0.265828
0.266399
0.264959
0.264927
0.266631
0.267036
0.268219
0.267385
0.267861
0.266836
0.266639
0.265799
0.265641
0.266007
0.265649
0.265809
0.266286
0.268434
0.269118
0.271020
0.271340
0.278223
0.280889
0.281166
0.280810
0.281685
0.280542
0.280825
0.280623
0.281834
0.284137
0.284274
0.286655
0.286140
0.284240
0.283608
0.284248
0.285365
0.285295
0.286005
0.286172
0.286005
0.287523
0.287245
0.286131
0.287198
0.289982
0.289672
0.292897
0.292065
0.291362
0.289059
0.289018
0.196226
0.555206
0.189505
0.075940
0.075905
0.092443
0.200603
0.133254
0.679712
0.322372
0.141046
0.298958
0.297830
0.296652
0.297083
0.296256
0.294906
0.294358
0.294588
0.293841
0.294432
0.293237
0.292403
0.291497
0.291497
0.291816
0.292684
0.152684
0.559134
0.653156
0.081190
0.072539
0.076011
0.082983
0.081388
0.089057
0.070046
0.277115
0.293288
0.294276
0.293965
0.294801
0.294285
0.293858
0.295045
0.294132
0.295045
0.294052
0.294298
0.289995
0.287808
0.287530
0.289280
0.290315
0.292223
0.292779
0.292581
0.290162
0.290083
0.286732
0.286532
0.288283
0.286970
0.287796
0.286092
0.285257
0.283855
0.283187
0.283299
0.283067
0.282389
0.282589
0.281633
0.281513
0.281750
0.281471
0.280793
0.281105
0.282377
0.282693
0.283486
0.282698
0.282922
0.282332
0.282323
0.280253
0.280444
0.279932
0.279177
0.278820
0.278541
0.279932
0.282009
0.281085
0.279851
0.279730
0.278459
0.277948
0.278140
0.278384
0.277350
0.278097
0.277628
0.277336
0.279164
0.280078
0.280047
0.280762
0.281955
0.283148
0.283385
0.283426
0.283705
0.284095
0.283148
0.282265
0.280961
0.280316
0.278700
0.278845
0.278334
0.277499
0.276863
0.276147
0.275949
0.276028
0.275740
0.275071
0.274395
0.273591
0.273591
0.273717
0.273828
0.274065
0.272403
0.273271
0.273708
0.271925
0.271884
0.272831
0.272753
0.272075
0.272521
0.271287
0.271436
0.271950
0.272267
0.272895
0.271947
0.271581
0.234638
0.229784
0.044864
0.190342
0.189192
0.267988
0.268713
0.269429
0.268951
0.267358
0.267674
0.268264
0.265796
0.265675
0.266985
0.266149
0.266108
0.266186
0.265398
0.266661
0.265984
0.266382
0.265705
0.265976
0.263835
0.265140
0.264392
0.263835
0.263191
0.262767
0.263746
0.263236
0.263148
0.262878
0.261885
0.261018
0.262043
0.262076
0.262035
0.260610
0.260967
0.260839
0.261075
0.259451
0.261471
0.260236
0.259680
0.261262
0.260473
0.260632
0.261667
0.262057
0.261904
0.262293
0.262618
0.264002
0.267589
0.275388
0.278164
0.278354
0.275944
0.275899
0.274037
0.272685
0.271612
0.270973
0.271334
0.271891
0.272680
0.272370
0.272443
0.270861
0.269756
0.269272
0.268200
0.267094
0.266849
0.266212
0.265775
0.265934
0.264907
0.264350
0.263984
0.265569
0.265610
0.264617
0.264458
0.265414
0.264899
0.264583
0.265218
0.265702
0.265614
0.265178
0.264426
0.264496
0.265889
0.266413
0.266176
0.269230
0.270502
0.269189
0.269945
0.269477
0.268873
0.266413
0.268274
0.273087
0.277702
0.280050
0.284149
0.282598
0.282008
0.285424
0.284956
0.286505
0.287225
0.286820
0.290927
0.294232
0.293954
0.294124
0.298663
0.299182
0.300737
0.304685
0.306351
0.305366
0.305448
0.301275
0.303427
0.306661
0.305152
0.303285
0.303655
0.303585
0.305338
0.304460
0.305537
0.302770
0.302954
0.303878
0.221110
0.213820
0.211364
0.209982
0.209181
0.309772
0.307784
0.306957
0.309705
0.309877
0.309392
0.308607
0.307098
0.306540
0.307019
0.172035
0.512532
0.230405
0.227471
0.170256
0.167800
0.170044
0.170587
0.217557
0.214218
0.525019
0.226281
0.227134
0.225694
0.227920
0.232390
0.228937
0.649088
0.667024
0.336967
0.213660
0.216224
0.216776
0.213765
0.212114
0.213868
0.203264
0.205547
0.222060
0.103149
0.631564
0.682966
0.638863
0.212704
0.225834
0.598020
0.264115
0.272765
0.313495
0.313648
0.316355
0.315050
0.315290
0.314934
0.318237
0.320418
0.320354
0.319582
0.319443
0.256555
0.202676
0.165955
0.624442
0.644327
0.152847
0.613980
0.240102
0.237728
0.260112
0.256294
0.252370
0.591168
0.604757
0.155337
0.288636
0.289256
0.286411
0.286537
0.283324
0.283644
0.283286
0.281150
0.280755
0.281273
0.279993
0.280512
0.322655
0.326382
0.325069
0.321192
0.319064
0.318697
0.318182
0.317671
0.317114
0.316556
0.318182
0.318740
0.321802
0.322169
0.321334
0.321285
0.321770
0.322127
0.323391
0.322235
0.322684
0.323561
0.324517
0.326175
0.323997
0.322605
0.323314
0.323528
0.323440
0.323314
0.322758
0.323045
0.323523
0.324359
0.325153
0.324168
0.322173
0.323802
0.323602
0.322105
0.323369
0.322064
0.321893
0.322729
0.321735
0.319990
0.320812
0.319466
0.322887
0.323324
0.323045
0.323245
0.323444
0.323834
0.322816
0.323328
0.323449
0.322255
0.322064
0.322017
0.322421
0.322064
0.322932
0.321785
0.322700
0.322612
0.319660
0.323153
0.322364
0.322921
0.320136
0.317779
0.317269
0.316990
0.319069
0.311812
0.321518
0.322712
0.323022
0.322712
0.322632
0.320920
0.321509
0.320164
0.317815
0.316455
0.315355
0.316738
0.317534
0.317803
0.318796
0.316894
0.317362
0.316853
0.317878
0.317280
0.316564
0.316564
0.316486
0.315451
0.315140
0.314815
0.312674
0.311997
0.312072
0.312665
0.312345
0.311200
0.313460
0.311511
0.312304
0.313052
0.312380
0.313559
0.311225
0.312051
0.311851
0.311486
0.309699
0.309189
0.310173
0.310444
0.309933
0.312147
0.311836
0.312072
0.311046
0.311279
0.311557
0.312152
0.315136
0.318479
0.322424
0.320150
0.317324
0.317889
0.317610
0.318200
0.318845
0.322107
0.323611
0.323779
0.323541
0.324688
0.325090
0.328359
0.326807
0.325378
0.326301
0.328760
0.328612
0.327891
0.327542
0.327383
0.325796
0.325512
0.324129
0.324331
0.324340
0.324819
0.322344
0.322860
0.322104
0.321115
0.322342
0.322498
0.323659
0.321664
0.322824
0.323294
0.322546
0.323572
0.323892
0.323645
0.322778
0.326677
0.325841
0.330575
0.336382
0.337903
0.337937
0.340173
0.344160
0.344196
0.345909
0.349102
0.349652
0.346115
0.350343
0.353726
0.362609
0.377888
0.378733
0.379326
0.380962
0.383806
0.383767
0.381514
0.384074
0.385720
0.382464
0.380847
0.384632
0.380190
0.379008
0.379045
0.377295
0.374718
0.373965
0.374327
0.373254
0.374289
0.375445
0.373620
0.374348
0.374691
0.374979
0.375568
0.374305
0.374625
0.374865
0.374430
0.374391
0.375946
0.375152
0.371269
0.372180
0.371544
0.370002
0.368887
0.368683
0.368404
0.367849
0.367013
0.366417
0.365629
0.365629
0.368046
0.367179
0.367769
0.366655
0.366186
0.367769
0.371556
0.372712
0.373269
0.370683
0.368733
0.369410
0.370209
0.370059
0.370895
0.373355
0.372281
0.373442
0.374877
0.377620
0.377254
0.377021
0.377180
0.378652
0.379408
0.379249
0.380725
0.381244
0.380492
0.378388
0.377552
0.377041
0.377630
0.376763
0.376397
0.375329
0.376911
0.377502
0.380775
0.381094
0.384939
0.383792
0.383588
0.384719
0.385112
0.384095
0.386118
0.385292
0.386675
0.389143
0.388396
0.386720
0.385694
0.384942
0.383354
0.383436
0.383477
0.382284
0.383281
0.382089
0.380107
0.380942
0.380695
0.379948
0.380218
0.379628
0.379661
0.380344
0.380376
0.380103
0.382435
0.382078
0.382388
0.381957
0.382078
0.382152
0.381563
0.381283
0.380536
0.380726
0.380527
0.380764
0.381678
0.380602
0.380198
0.379373
0.379404
0.378615
0.377701
0.377375
0.375555
0.375198
0.374927
0.374927
0.375834
0.376939
0.375506
0.374994
0.376261
0.376516
0.375908
0.374770
0.375638
0.375558
0.374532
0.373889
0.374245
0.374763
0.375230
0.374957
0.377217
0.379766
0.377423
0.377343
0.377185
0.376665
0.377251
0.377298
0.377567
0.378124
0.377567
0.376430
0.375905
0.376732
0.376143
0.377209
0.376216
0.375390
0.376502
0.375590
0.375143
0.373677
0.373279
0.373589
0.376148
0.375825
0.377733
0.377765
0.381067
0.381377
0.380787
0.381782
0.380755
0.380231
0.382100
0.382179
0.383024
0.381586
0.382026
0.380800
0.379806
0.378418
0.377624
0.377345
0.377465
0.378180
0.377901
0.377383
0.379848
0.380235
0.381140
0.380796
0.382458
0.381582
0.382018
0.381304
0.380190
0.380147
0.379511
0.379553
0.381067
0.391370
0.389652
0.396383
0.398492
0.399326
0.393519
0.391175
0.388909
0.390077
0.386016
0.385175
0.383750
0.382765
0.384715
0.388845
0.392275
0.393621
0.408102
0.414596
0.421076
0.415236
0.414961
0.416394
0.421332
0.422616
0.422151
0.420604
0.420171
0.420221
0.418595
0.417875
0.415420
0.415385
0.413852
0.413058
0.413498
0.420502
0.421124
0.424275
0.428781
0.429230
0.427920
0.425212
0.423319
0.422558
0.419822
0.427507
0.429693
0.433355
0.431128
0.430333
0.429818
0.428155
0.429310
0.439610
0.442803
0.441140
0.441651
0.440658
0.439899
0.436886
0.434987
0.433158
0.432652
0.432733
0.433610
0.433057
0.432503
0.431399
0.431877
0.431719
0.431481
0.431991
0.430687
0.430566
0.430687
0.430330
0.429215
0.427632
0.428418
0.426430
0.426190
0.426152
0.426709
0.426551
0.426273
0.426741
0.424718
0.424988
0.423841
0.423674
0.423284
0.423044
0.420965
0.420334
0.422108
0.420283
0.420521
0.420155
0.418804
0.419041
0.418841
0.419277
0.417654
0.418712
0.417836
0.417802
0.417046
0.417604
0.416735
0.417237
0.416959
0.415891
0.416361
0.415572
0.415770
0.415850
0.415524
0.414100
0.413623
0.412507
0.411950
0.412220
0.411781
0.410950
0.410942
0.409237
0.409549
0.409196
0.410334
0.408557
0.409574
0.411292
0.411283
0.410564
0.412472
0.413387
0.412551
0.413387
0.412194
0.413618
0.414691
0.415527
0.414943
0.415801
0.415491
0.414614
0.414247
0.414368
0.413458
0.414772
0.415640
0.413658
0.414845
0.414845
0.436098
0.440834
0.440229
0.438126
0.433561
0.431065
0.435196
0.433574
0.432590
0.434812
0.437360
0.442455
0.436500
0.440440
0.438216
0.438744
0.438938
0.440501
0.435380
0.430082
0.426792
0.426684
0.425611
0.423346
0.421034
0.418257
0.419093
0.420087
0.423507
0.427327
0.429634
0.427007
0.434359
0.440217
0.438745
0.435682
0.435762
0.434568
0.439264
0.439268
0.441505
0.444522
0.443458
0.449747
0.448832
0.449513
0.444987
0.446621
0.444712
0.444862
0.442572
0.450323
0.457574
0.454783
0.454108
0.451096
0.450389
0.452056
0.450235
0.451112
0.450827
0.449245
0.446193
0.446556
0.445604
0.454277
0.457939
0.473177
0.482131
0.493446
0.503039
0.516999
0.511720
0.515148
0.518535
0.520943
0.501377
0.501185
0.509115
0.515128
0.521189
0.521870
0.514396
0.502274
0.499734
0.519353
0.530584
0.526653
0.520691
0.525758
0.531809
0.540691
0.550355
0.549773
0.544252
0.547569
0.545024
0.541536
0.538011
0.534278
0.532150
0.529758
0.531912
0.531038
0.531288
0.528195
0.528834
0.534478
0.533660
0.533735
0.533451
0.533023
0.531872
0.528102
0.528978
0.528305
0.526230
0.529789
0.532853
0.533125
0.534526
0.534003
0.532897
0.530241
0.529169
0.532265
0.534368
0.533903
0.533499
0.534057
0.535332
0.537648
0.536408
0.535304
0.536101
0.534875
0.534862
0.535418
0.534583
0.533041
0.535381
0.535186
0.534662
0.534147
0.532530
0.532954
0.529988
0.531411
0.530664
0.528914
0.528673
0.528158
0.526644
0.527870
0.528349
0.526956
0.529174
0.528069
0.527313
0.527471
0.526167
0.526914
0.529133
0.530535
0.531973
0.531728
0.532206
0.532492
0.531092
0.530426
0.530219
0.530962
0.529778
0.529657
0.526196
0.524636
0.524371
0.518198
0.517521
0.519349
0.518983
0.519690
0.519927
0.519575
0.521412
0.520568
0.520082
0.520319
0.519817
0.519679
0.520004
0.520473
0.520711
0.520590
0.520748
0.520192
0.519635
0.519635
0.519355
0.519625
0.519194
0.517921
0.517801
0.517523
0.518757
0.519273
0.519027
0.518001
0.527581
0.532594
0.528974
0.528537
0.528777
0.525492
0.525844
0.526678
0.526601
0.528233
0.530540
0.529356
0.528673
0.528013
0.529726
0.528287
0.528765
0.528241
0.527683
0.525185
0.523825
0.522958
0.520730
0.520809
0.519146
0.520205
0.519417
0.520173
0.524388
0.523553
0.523910
0.527443
0.536439
0.533650
0.538101
0.535961
0.535994
0.535565
0.532145
0.534692
0.540773
0.536604
0.536256
0.543973
0.545687
0.542377
0.540120
0.538690
0.537060
0.542314
0.539817
0.539817
0.538865
0.538182
0.535206
0.533618
0.530317
0.528614
0.528409
0.529245
0.530047
0.529523
0.532029
0.532911
0.534773
0.536811
0.536922
0.540654
0.538234
0.540064
0.545912
0.548507
0.547991
0.546362
0.547667
0.545489
0.547281
0.549707
0.549358
0.550904
0.550388
0.549125
0.548609
0.549923
0.547416
0.546381
0.546454
0.545898
0.546066
0.548093
0.553937
0.554271
0.555060
0.553389
0.553463
0.552079
0.552566
0.551007
0.551605
0.551414
0.552290
0.551853
0.552332
0.552851
0.553687
0.555845
0.556643
0.555719
0.552586
0.553811
0.553852
0.554139
0.555096
0.556845
0.557880
0.554268
0.449167
0.448186
0.434847
0.436841
0.446095
0.427702
0.218150
0.168861
0.144995
0.183052
0.458623
0.562137
0.567624
0.573506
0.574308
0.511495
0.516322
0.484864
0.490497
0.494293
0.287363
0.128943
0.146633
0.420184
0.229788
0.178694
0.130608
0.264607
0.424219
0.441454
0.483684
0.415110
0.411355
0.399301
0.391765
0.396891
0.391834
0.392625
0.390356
0.387762
0.389720
0.393061
0.395247
0.394390
0.403029
0.404161
0.399394
0.401659
0.400258
0.395211
0.394309
0.392916
0.391348
0.432233
0.421467
0.377166
0.397969
0.334018
0.210253
0.600686
0.599011
0.595162
0.593404
0.593486
0.590232
0.586885
0.583862
0.590912
0.592537
0.595363
0.594300
0.591680
0.589582
0.588231
0.587644
0.587840
0.590943
0.589322
0.590436
0.592669
0.593150
0.594472
0.592717
0.589745
0.589034
0.587733
0.586933
0.586236
0.585475
0.585994
0.584373
0.584813
0.584298
0.582826
0.584496
0.584418
0.585174
0.584904
0.584667
0.582759
0.583595
0.582481
0.582434
0.581441
0.581728
0.585348
0.584233
0.586175
0.587726
0.588019
0.590357
0.586333
0.589684
0.589725
0.593895
0.591196
0.590797
0.590681
0.594501
0.595457
0.590890
0.590717
0.591410
0.595182
0.596016
0.594625
0.593354
0.592558
0.594429
0.595663
0.595392
0.596428
0.595912
0.595007
0.596990
0.595717
0.595559
0.595201
0.594176
0.593341
0.592268
0.592021
0.591710
0.591942
0.591989
0.591751
0.593015
0.592625
0.593381
0.593103
0.592030
0.593177
0.593381
0.591631
0.592736
0.591989
0.592736
0.591989
0.591344
0.592021
0.592062
0.591428
0.589246
0.591149
0.589922
0.590869
0.588572
0.588651
0.590869
0.589756
0.590313
0.590916
0.591386
0.590869
0.590591
0.589008
0.588729
0.589844
0.591514
0.590474
0.589527
0.590911
0.589607
0.589876
0.589565
0.589198
0.589834
0.590080
0.590875
0.589802
0.588999
0.594258
0.596844
0.594258
0.593098
0.596439
0.595563
0.596797
0.596805
0.596894
0.600514
0.600389
0.599404
0.601541
0.603253
0.601664
0.605842
0.602263
0.600912
0.598693
0.599235
0.597899
0.597304
0.596901
0.597145
0.595762
0.595985
0.596065
0.594638
0.593994
0.593725
0.594950
0.594838
0.596509
0.598737
0.599884
0.598779
0.598017
0.596068
0.596912
0.602012
0.602045
0.601487
0.600295
0.602333
0.600113
0.600694
0.590319
0.434390
0.418664
0.154377
0.159887
0.339631
0.414143
0.148480
0.173076
0.270182
0.605536
0.604978
0.605336
0.604822
0.604585
0.604305
0.554291
0.315636
0.324928
0.588324
0.589875
0.577885
0.579820
0.577561
0.576734
0.577165
0.590732
0.584185
0.579212
0.579295
0.580414
0.580554
0.581682
0.583027
0.582987
0.582707
0.584737
0.580466
0.580503
0.565042
0.563388
0.564022
0.563233
0.565258
0.565527
0.565719
0.567581
0.573289
0.574371
0.573419
0.573182
0.572658
0.558348
0.563156
0.565535
0.565842
0.565760
0.566117
0.555981
0.482782
0.472755
0.586604
0.608653
0.609550
0.609565
0.611069
0.612103
0.610631
0.610710
0.612502
0.612423
0.611031
0.611787
0.614094
0.613736
0.612901
0.612622
0.613657
0.487060
0.486033
0.486161
0.511584
0.513834
0.517438
0.521039
0.521518
0.521269
0.521933
0.526623
0.552738
0.536891
0.534352
0.534270
0.534494
0.204687
0.209556
0.415089
0.412854
0.409078
0.413333
0.533586
0.555876
0.447190
0.547979
0.214357
0.294153
0.282465
0.262297
0.289201
0.286490
0.262358
0.265407
0.276539
0.292852
0.308781
0.289808
0.191396
0.171505
0.280878
0.271346
0.251690
0.321887
0.290736
0.153871
0.153281
0.202962
0.191337
0.261960
0.255247
0.255992
0.263951
0.265282
0.270493
0.266558
0.289389
0.291040
0.290944
0.292972
0.297161
0.300271
0.299600
0.334130
0.316124
0.318809
0.315941
0.318393
0.316942
0.329674
0.346709
0.336130
0.334538
0.331261
0.407869
0.372893
0.370495
0.357794
0.221928
0.388142
0.281613
0.622897
0.648300
0.648377
0.649247
0.648935
0.649405
0.648100
0.648569
0.647576
0.647463
0.646707
0.647733
0.646619
0.644916
0.645194
0.645227
0.644718
0.646021
0.646300
0.645353
0.645265
0.644397
0.645422
0.644667
0.643798
0.645024
0.645102
0.645340
0.645897
0.646255
0.647648
0.647369
0.650154
0.650432
0.649040
0.649996
0.649238
0.648524
0.647976
0.649679
0.651828
0.651318
0.652195
0.654065
0.653308
0.655611
0.655020
0.653828
0.653670
0.653033
0.654194
0.654547
0.655336
0.655382
0.654309
0.656737
0.655432
0.654828
0.656866
0.657734
0.655984
0.653844
0.654624
0.654633
0.654442
0.656981
0.659924
0.662918
0.661325
0.661167
0.660095
0.663635
0.664592
0.660455
0.659574
0.662925
0.662488
0.660817
0.665751
0.665760
0.667742
0.666907
0.666446
0.667912
0.666720
0.666483
0.667317
0.668593
0.671067
0.668880
0.670871
0.671469
0.670866
0.670875
0.670081
0.670758
0.670243
0.668181
0.669402
0.671963
0.677812
0.678132
0.673549
0.678739
0.680283
0.682832
0.684711
0.684419
0.681564
0.684398
0.687137
0.689694
0.694748
0.696507
0.694125
0.685230
0.682727
0.679556
0.679638
0.684048
0.680640
0.677222
0.677096
0.675959
0.676637
0.677235
0.677554
0.678669
0.683444
0.679466
0.677558
0.677163
0.690484
0.697813
0.700369
0.698661
0.697388
0.703178
0.701835
0.701274
0.700567
0.706967
0.709849
0.711004
0.711634
0.708813
0.710613
0.712558
0.712050
0.710739
0.714211
0.714452
0.715329
0.713304
0.711396
0.710610
0.711399
0.709459
0.706836
0.709629
0.712725
0.717223
0.714122
0.713095
0.712491
0.711944
0.713099
0.713418
0.718194
0.721290
0.719437
0.719478
0.719798
0.719046
0.718163
0.717935
0.719082
0.717976
0.717303
0.717033
0.717512
0.717386
0.716838
0.723433
0.721772
0.722171
0.721655
0.722178
0.721092
0.720354
0.719550
0.719003
0.718724
0.718478
0.716259
0.716570
0.718162
0.717693
0.717693
0.717883
0.721235
0.721067
0.719094
0.719882
0.720161
0.721308
0.720513
0.720602
0.720522
0.721080
0.720333
0.718893
0.717580
0.719259
0.720963
0.720128
0.720049
0.718893
0.719213
0.718689
0.717575
0.717352
0.718418
0.719055
0.720972
0.720972
0.720090
0.720090
0.718785
0.718785
0.717949
0.717114
0.716757
0.716789
0.716032
0.715880
0.717501
0.715959
0.717861
0.717630
0.718187
0.718465
0.719213
0.718697
0.718539
0.718108
0.716836
0.717114
0.717584
0.718498
0.717597
0.717352
0.715880
0.715401
0.717017
0.716427
0.715871
0.716984
0.716229
0.716229
0.716108
0.715918
0.716108
0.716108
0.717222
0.716664
0.714994
0.714994
0.714484
0.715305
0.714994
0.715082
0.716150
0.716664
0.718178
0.717501
0.717547
0.717214
0.716902
0.716146
0.715788
0.714762
0.715231
0.715041
0.715468
0.713839
0.713560
0.713560
0.713082
0.713607
0.713952
0.711009
0.712680
0.714073
0.714230
0.713706
0.714597
0.714630
0.712355
0.711566
0.712035
0.711566
0.712035
0.710643
0.710443
0.710132
0.709576
0.710880
0.710880
0.710401
0.710926
0.710123
0.709724
0.709414
0.709803
0.709247
0.709729
0.709484
0.710040
0.709451
0.709762
0.709721
0.709912
0.710191
0.709076
0.708208
0.707451
0.707967
0.707451
0.707609
0.707642
0.708009
0.707410
0.707044
0.706732
0.707123
0.706446
0.706288
0.705173
0.704659
0.704347
0.704273
0.705689
0.705927
0.705805
0.704738
0.705844
0.705246
0.704377
0.705125
0.704568
0.705158
0.704847
0.702427
0.704090
0.704002
0.703803
0.703492
0.702890
0.703524
0.703204
0.702814
0.705591
0.704198
0.703687
0.705270
0.704235
0.705349
0.703294
0.704704
0.703400
0.702491
0.703558
0.703043
0.702811
0.702532
0.703076
0.703001
0.702969
0.703916
0.703280
0.703605
0.703837
0.705229
0.703280
0.703550
0.703518
0.703605
0.703359
0.703596
0.702770
0.703550
0.703239
0.703359
0.703081
0.702802
0.702770
0.701846
0.701966
0.702444
0.701976
0.703121
0.703600
0.700894
0.701730
0.700615
0.702165
0.702403
0.703786
0.703284
0.703554
0.703507
0.702919
0.703596
0.704153
0.703563
0.703476
0.704352
0.703875
0.703828
0.704153
0.704399
0.704631
0.704710
0.704075
0.703518
0.703875
0.703239
0.702960
0.703006
0.703319
0.703006
0.704344
0.703319
0.702760
0.703833
0.704623
0.702640
0.701925
0.703197
0.702171
0.704552
0.704710
0.704631
0.703359
0.704153
0.704311
0.703284
0.704910
0.705029
0.709207
0.708850
0.705595
0.705628
0.705318
0.705113
0.706472
0.706751
0.707866
0.708654
0.710409
0.710258
0.709312
0.709423
0.708906
0.708349
0.707435
0.706720
0.707755
0.709654
0.708680
0.707917
0.708237
0.710354
0.709551
0.709875
0.710711
0.711778
0.710228
0.710507
0.710910
0.711866
0.711829
0.711350
0.711670
0.713541
0.713105
0.713382
0.714140
0.715253
0.717003
0.717203
0.715006
0.714221
0.714541
0.713985
0.718203
0.718250
0.719953
0.719359
0.719089
0.721126
0.719530
0.717779
0.719213
0.718934
0.720368
0.721482
0.720729
0.719616
0.718028
0.719420
0.720854
0.718951
0.719238
0.719311
0.719274
0.718438
0.719872
0.719682
0.718809
0.717694
0.717737
0.717728
0.717496
0.717496
0.718521
0.718331
0.718577
0.718799
0.718243
0.717965
0.719166
0.719955
0.719955
0.719407
0.724731
0.724223
0.725658
0.723551
0.723754
0.722873
0.728442
0.728767
0.727416
0.725142
0.546928
0.373218
0.247656
0.593127
0.375358
0.364804
0.264673
0.663350
0.679872
0.685685
0.686745
0.690892
0.669657
0.689719
0.655609
0.732854
0.737117
0.735567
0.734694
0.732990
0.731447
0.731759
0.732316
0.732325
0.733472
0.734873
0.734636
0.735225
0.736538
0.734431
0.734909
0.734514
0.734992
0.732934
0.733175
0.731387
0.730440
0.731866
0.732135
0.731945
0.731313
0.731308
0.252313
0.320563
0.299254
0.294656
0.298502
0.301665
0.254859
0.253591
0.672542
0.728968
0.730081
0.731700
0.732893
0.731501
0.730943
0.731380
0.730902
0.731929
0.732166
0.711560
0.710772
0.708414
0.706622
0.710283
0.705417
0.706082
0.706120
0.707503
0.708822
0.709926
0.710683
0.709926
0.709250
0.709380
0.709734
0.710724
0.710813
0.711004
0.710683
0.717076
0.626370
0.582279
0.578565
0.559322
0.559288
0.560647
0.561600
0.561276
0.560878
0.560241
0.560283
0.559530
0.549978
0.577310
0.573881
0.571195
0.558563
0.559717
0.559240
0.559723
0.560562
0.559842
0.559888
0.560086
0.558109
0.559052
0.559176
0.560290
0.574014
0.587339
0.560765
0.560926
0.599244
0.602803
0.598923
0.598850
0.600043
0.597632
0.599573
0.598426
0.598975
0.600121
0.600725
0.600167
0.600048
0.600962
0.600127
0.598692
0.592963
0.592781
0.553801
0.507016
0.510091
0.524360
0.540129
0.539313
0.534955
0.537279
0.537989
0.537200
0.537508
0.539616
0.540689
0.539820
0.539574
0.549226
0.720145
0.726180
0.728129
0.728256
0.727452
0.728525
0.728288
0.723911
0.727132
0.727769
0.727648
0.729000
0.728763
0.727170
0.728722
0.728164
0.728800
0.729237
0.726016
0.723667
0.724549
0.724582
0.725417
0.723626
0.724739
0.724820
0.725845
0.725812
0.725375
0.725608
0.725807
0.725097
0.719448
0.719495
0.722590
0.721166
0.723107
0.721666
0.722270
0.708504
0.710208
0.715982
0.716897
0.717454
0.718438
0.718995
0.712632
0.714548
0.715226
0.714622
0.715491
0.717179
0.715661
0.713888
0.713683
0.714035
0.710145
0.707685
0.703150
0.707407
0.709110
0.708243
0.708243
0.710740
0.712610
0.712921
0.711305
0.712094
0.714164
0.712618
0.712174
0.711226
0.710104
0.710414
0.704376
0.705768
0.706293
0.704655
0.703898
0.705360
0.704817
0.704293
0.703894
0.703059
0.705278
0.703654
0.705278
0.705882
0.705603
0.704377
0.545671
0.434219
0.442510
0.442930
0.524715
0.501680
0.497076
0.579349
0.705400
0.705521
0.705989
0.706588
0.705999
0.706314
0.704606
0.704211
0.704211
0.706718
0.707989
0.706675
0.706675
0.707187
0.709182
0.709182
0.708871
0.709373
0.706913
0.708218
0.708733
0.706871
0.704405
0.705195
0.707113
0.706834
0.707980
0.707748
0.708853
0.709369
0.709249
0.709726
0.709057
0.709615
0.711327
0.711368
0.711838
0.710770
0.710213
0.711838
0.710454
0.711052
0.712008
0.712519
0.712328
0.711683
0.710068
0.709743
0.708350
0.709743
0.710657
0.709542
0.708662
0.709232
0.711533
0.710740
0.710898
0.710740
0.712323
0.710660
0.710183
0.709825
0.710192
0.711027
0.707679
0.705968
0.702277
0.707244
0.708881
0.710432
0.711816
0.712735
0.714244
0.715271
0.713800
0.713363
0.714048
0.714090
0.714560
0.713167
0.712419
0.713491
0.710939
0.702863
0.708284
0.711945
0.712455
0.711667
0.713849
0.713092
0.702755
0.701673
0.706407
0.707244
0.673490
0.180403
0.677030
0.692878
0.695980
0.697488
0.699151
0.702132
0.702369
0.701859
0.703841
0.702647
0.702814
0.704045
0.704556
0.705628
0.707665
0.709012
0.707460
0.706236
0.696562
0.694733
0.701305
0.694687
0.686386
0.687691
0.691080
0.692663
0.692859
0.693333
0.696267
0.695795
0.695228
0.695149
0.696028
0.695716
0.696505
0.336834
0.360826
0.680073
0.356102
0.380170
0.308671
0.365387
0.388755
0.694958
0.701142
0.700394
0.697563
0.697641
0.697363
0.699471
0.700459
0.700069
0.701540
0.701852
0.699972
0.676467
0.620125
0.697920
0.699312
0.697642
0.696727
0.696203
0.697953
0.698389
0.698111
0.700019
0.699508
0.700338
0.699583
0.699471
0.699823
0.700148
0.699782
0.700107
0.699869
0.702330
0.702098
0.702288
0.700896
0.701731
0.701722
0.701778
0.701411
0.705073
0.707022
0.706512
0.705082
0.704129
0.705356
0.703796
0.703207
0.702738
0.700239
0.701298
0.700151
0.700431
0.701697
0.702421
0.702978
0.703377
0.704212
0.703656
0.702541
0.701946
0.701946
0.699956
0.699241
0.700513
0.701111
0.700953
0.700276
0.700832
0.700354
0.701667
0.701469
0.701904
0.703617
0.702035
0.700961
0.701839
0.702317
0.701922
0.702200
0.702757
0.702948
0.703593
0.704062
0.702683
0.703509
0.703617
0.703134
0.701709
0.693633
0.691771
0.695904
0.696976
0.697171
0.698875
0.699199
0.700559
0.699756
0.701428
0.699446
0.699431
0.698643
0.699358
0.699715
0.700829
0.701187
0.701298
0.699396
0.700700
0.698751
0.692670
0.694531
0.696759
0.697553
0.698389
0.685546
0.685977
0.689723
0.691983
0.694291
0.690638
0.680524
0.674198
0.675740
0.678804
0.680122
0.684369
0.685442
0.688432
0.675213
0.662910
0.674932
0.681254
0.683032
0.682235
0.679210
0.682065
0.680161
0.675107
0.670285
0.664953
0.674251
0.675643
0.678513
0.683962
0.683443
0.671982
0.669477
0.670823
0.667241
0.669626
0.664102
0.665955
0.669549
0.670374
0.671369
0.663999
0.664435
0.671235
0.671473
0.677080
0.678630
0.679221
0.678385
0.674574
0.670351
0.673413
0.675298
0.674541
0.673460
0.665894
0.667009
0.665583
0.671241
0.672945
0.674893
0.671353
0.669402
0.671361
0.669848
0.667096
0.667899
0.668479
0.663991
0.662789
0.657823
0.659374
0.660846
0.662832
0.663102
0.664532
0.665048
0.665605
0.666678
0.664765
0.665991
0.668623
0.669649
0.621194
0.405831
0.596516
0.335022
0.184504
0.652524
0.676428
0.676428
0.676197
0.675950
0.674725
0.675640
0.676150
0.675918
0.676396
0.675751
0.671932
0.672855
0.672297
0.673849
0.673044
0.673044
0.673723
0.673411
0.673370
0.673449
0.671054
0.669708
0.669741
0.669708
0.670576
0.670544
0.670735
0.669421
0.669143
0.666279
0.666794
0.668577
0.667439
0.668785
0.668228
0.669334
0.669380
0.669301
0.668824
0.669937
0.667988
0.668298
0.669060
0.668503
0.669060
0.668972
0.669218
0.667826
0.669854
0.669251
0.669496
0.669529
0.668582
0.667668
0.665272
0.663291
0.664000
0.665082
0.665041
0.665629
0.661183
0.663601
0.666122
0.666665
0.666744
0.667189
0.666944
0.665287
0.664117
0.662288
0.662256
0.662758
0.662168
0.661611
0.662209
0.658914
0.657990
0.658506
0.659857
0.660897
0.662510
0.663104
0.664097
0.663898
0.664144
0.664812
0.665258
0.664892
0.664646
0.663420
0.662306
0.658329
0.658575
0.658575
0.659323
0.659123
0.657968
0.658993
0.657323
0.659198
0.659983
0.657395
0.658546
0.660454
0.367216
0.264411
0.660725
0.661402
0.660845
0.661871
0.662508
0.662476
0.661640
0.578587
0.383031
0.148878
0.221229
0.154960
0.659278
0.660314
0.660949
0.659757
0.660115
0.659836
0.660862
0.659238
0.659795
0.659795
0.660073
0.658123
0.656452
0.655896
0.655617
0.656611
0.655577
0.656968
0.656968
0.657246
0.658082
0.654374
0.656848
0.657762
0.656607
0.657355
0.657401
0.658826
0.659583
0.659073
0.659541
0.659908
0.661054
0.659661
0.659861
0.659304
0.660696
0.661620
0.661532
0.658190
0.658190
0.657355
0.658190
0.658190
0.657634
0.658468
0.658468
0.656519
0.656844
0.656565
0.657401
0.657870
0.658195
0.653141
0.650899
0.651823
0.650389
0.644819
0.644508
0.648032
0.653337
0.657459
0.656304
0.656758
0.657696
0.657817
0.657107
0.657538
0.657465
0.658579
0.659971
0.659056
0.658062
0.653360
0.649740
0.652492
0.655190
0.653050
0.651291
0.653598
0.655793
0.655793
0.656072
0.658458
0.658333
0.658220
0.657186
0.656916
0.657186
0.657385
0.656670
0.656392
0.655789
0.655875
0.656067
0.656312
0.656154
0.656076
0.652177
0.650863
0.649670
0.647474
0.638609
0.642699
0.641598
0.644408
0.646125
0.645160
0.643972
0.640941
0.645514
0.646461
0.645877
0.646825
0.647182
0.645343
0.641245
0.632301
0.633494
0.640805
0.644305
0.641479
0.641438
0.644580
0.645819
0.646646
0.645333
0.641268
0.632912
0.629529
0.633707
0.634223
0.639519
0.638595
0.640815
0.641943
0.635848
0.636555
0.634215
0.635645
0.634930
0.635199
0.637395
0.637632
0.635642
0.633803
0.632848
0.633293
0.631318
0.577015
0.547227
0.555997
0.551101
0.550710
0.549440
0.614351
0.628183
0.555818
0.626710
0.551932
0.552078
0.551293
0.635658
0.633673
0.633069
0.632034
0.634420
0.635213
0.634187
0.629087
0.630122
0.629682
0.631552
0.631273
0.629283
0.631223
0.632297
0.631150
0.632064
0.633735
0.633058
0.632779
0.633249
0.632301
0.629985
0.624662
0.622991
0.625688
0.628273
0.630581
0.627118
0.626840
0.626240
0.625652
0.628270
0.619794
0.600300
0.596917
0.596231
0.606731
0.613452
0.617023
0.620370
0.620519
0.620755
0.622107
0.622902
0.620117
0.616488
0.619081
0.604257
0.569565
0.576182
0.616413
0.610087
0.602247
0.607261
0.611508
0.614285
0.614767
0.613421
0.614805
0.618982
0.618862
0.617270
0.614119
0.613841
0.613250
0.613609
0.613799
0.615995
0.619049
0.619885
0.620441
0.620489
0.621246
0.341212
0.336447
0.621722
0.621690
0.624149
0.623360
0.620483
0.619894
0.621764
0.622042
0.621962
0.622084
0.623388
0.622919
0.622329
0.623764
0.624511
0.620009
0.617312
0.615162
0.616197
0.616675
0.617789
0.620496
0.622134
0.623151
0.622357
0.616987
0.614169
0.615886
0.618027
0.619545
0.605058
0.614365
0.623109
0.621169
0.621527
0.621726
0.616713
0.618105
0.616593
0.607834
0.601954
0.601546
0.597089
0.589807
0.599314
0.602058
0.599980
0.589123
0.596601
0.603156
0.604274
0.608086
0.610518
0.611145
0.614399
0.614956
0.611940
0.608597
0.609944
0.605932
0.609433
0.599407
0.601079
0.603497
0.606050
0.606565
0.605085
0.604528
0.601456
0.598639
0.596735
0.595734
0.594337
0.597522
0.600702
0.597080
0.590992
0.591739
0.590426
0.593169
0.592817
0.580197
0.579878
0.583577
0.572075
0.585959
0.590810
0.591359
0.596409
0.598754
0.600782
0.603725
0.600940
0.593509
0.599111
0.599947
0.600225
0.597638
0.595532
0.598475
0.600424
0.604603
0.606830
0.607665
0.605280
0.602447
0.600307
0.599481
0.601152
0.602498
0.598924
0.601311
0.601622
0.601742
0.595257
0.599156
0.598043
0.599746
0.598878
0.598089
0.593586
0.593388
0.592240
0.592988
0.593903
0.582675
0.581886
0.580653
0.581447
0.579089
0.585611
0.582227
0.587199
0.590142
0.591261
0.591252
0.590885
0.586755
0.584726
0.579854
0.417144
0.410929
0.577270
0.578974
0.576482
0.577466
0.568268
0.571011
0.567038
0.569448
0.564440
0.558184
0.552095
0.542385
0.545446
0.548427
0.264633
0.477009
0.433623
0.151022
0.155731
0.158613
0.547916
0.548982
0.561580
0.561896
0.559349
0.556243
0.555845
0.558152
0.558023
0.558626
0.559890
0.561082
0.560484
0.561477
0.560642
0.562304
0.561673
0.562820
0.562310
0.563423
0.564291
0.562031
0.563701
0.562031
0.561943
0.562268
0.561066
0.561702
0.562180
0.560834
0.561947
0.563286
0.562742
0.562775
0.556615
0.551037
0.556885
0.556607
0.548689
0.542474
0.541240
0.548407
0.550504
0.552134
0.552451
0.550618
0.547508
0.549941
0.551134
0.550735
0.551696
0.554426
0.555777
0.557647
0.554351
0.545798
0.550207
0.553907
0.555624
0.555894
0.556999
0.556251
0.546908
0.539812
0.537584
0.538498
0.542211
0.549364
0.547127
0.544858
0.544659
0.545732
0.543662
0.543184
0.538640
0.538765
0.536060
0.532755
0.536804
0.536962
0.538591
0.537515
0.537395
0.537710
0.536755
0.536913
0.537072
0.537063
0.537857
0.538938
0.538929
0.538419
0.538419
0.538377
0.539523
0.538893
0.539038
0.538248
0.539441
0.539441
0.538295
0.536536
0.535055
0.532716
0.532150
0.532118
0.532118
0.530963
0.531312
0.532551
0.531905
0.531706
0.530750
0.530431
0.530988
0.534371
0.182008
0.480393
0.536554
0.536554
0.537078
0.537580
0.536545
0.536711
0.537102
0.536146
0.536704
0.537975
0.537506
0.536671
0.536202
0.537906
0.537937
0.535909
0.535399
0.537817
0.533885
0.533918
0.534076
0.532215
0.533241
0.535149
0.534713
0.535236
0.533756
0.530502
0.526794
0.528512
0.531241
0.532879
0.534821
0.529297
0.523959
0.522850
0.510198
0.510835
0.511852
0.512891
0.517663
0.519562
0.522273
0.523425
0.523217
0.526359
0.524726
0.526476
0.525911
0.526556
0.526714
0.524286
0.526157
0.524566
0.508849
0.511356
0.512739
0.514169
0.513858
0.514174
0.514332
0.516073
0.515350
0.515076
0.513485
0.513443
0.512966
0.514228
0.511522
0.509732
0.507939
0.503396
0.508692
0.508971
0.505866
0.505068
0.506452
0.502043
0.501914
0.500089
0.501075
0.502188
0.499878
0.500426
0.499637
0.497646
0.493029
0.481513
0.478655
0.479839
0.478564
0.480231
0.479591
0.478705
0.479983
0.482040
0.483350
0.481907
0.482224
0.482021
0.483404
0.482774
0.481888
0.482482
0.482130
0.478612
0.474473
0.472729
0.469257
0.468937
0.473277
0.473627
0.473219
0.465616
0.471225
0.471063
0.473560
0.476071
0.476866
0.474508
0.475057
0.477020
0.474705
0.472834
0.467979
0.464629
0.443078
0.443181
0.434428
0.442421
0.445106
0.441695
0.440568
0.438806
0.438213
0.442219
0.439432
0.439818
0.440371
0.438060
0.440675
0.440560
0.436611
0.438510
0.439788
0.441528
0.440722
0.439613
0.441401
0.441908
0.439916
0.441100
0.442141
0.443167
0.438159
0.430830
0.427922
0.428192
0.429790
0.433400
0.433563
0.420778
0.426598
0.422848
0.422361
0.418301
0.418853
0.414269
0.413908
0.413078
0.416926
0.417001
0.414414
0.415755
0.414511
0.413046
0.413997
0.413279
0.414343
0.414817
0.416447
0.418076
0.419339
0.418742
0.413775
0.415595
0.414240
0.414678
0.414993
0.414993
0.414641
0.415355
0.413667
0.413111
0.413904
0.414229
0.411126
0.413734
0.412588
0.408647
0.407692
0.409274
0.409749
0.409191
0.410264
0.408474
0.409267
0.410698
0.411134
0.410377
0.411682
0.411403
0.411450
0.412244
0.412156
0.412714
0.413038
0.412394
0.413753
0.416929
0.415504
0.416092
0.415537
0.417731
0.420986
0.420828
0.419714
0.419125
0.420907
0.421026
0.421147
0.422540
0.421347
0.419484
0.419962
0.418691
0.418723
0.418134
0.418955
0.419846
0.421317
0.420961
0.422862
0.428599
0.427128
0.427686
0.426891
0.427925
0.429081
0.429448
0.429879
0.428773
0.428773
0.428370
0.429205
0.431363
0.432430
0.432439
0.433117
0.433562
0.432569
0.432563
0.431212
0.430655
0.429670
0.429862
0.429281
0.429345
0.428552
0.429075
0.428281
0.427803
0.427246
0.427446
0.425776
0.427167
0.434410
0.433541
0.430073
0.429716
0.432422
0.432541
0.430950
0.431674
0.430991
0.429242
0.429599
0.428406
0.429799
0.435767
0.437326
0.437915
0.437915
0.437326
0.439826
0.441554
0.441350
0.447884
0.447034
0.446365
0.444583
0.447442
0.451786
0.455480
0.453892
0.452907
0.456968
0.464218
0.465415
0.463793
0.465301
0.466744
0.464607
0.461627
0.460786
0.460201
0.458532
0.456824
0.455162
0.459937
0.462963
0.466148
0.474266
0.473828
0.496906
0.504396
0.493618
0.491982
0.486869
0.490215
0.485605
0.501729
0.499903
0.498603
0.491319
0.488704
0.486792
0.483620
0.491556
0.492753
0.496924
0.503418
0.505491
0.505573
0.502792
0.499534
0.498581
0.497560
0.495382
0.493115
0.496819
0.497695
0.500609
0.501153
0.501170
0.500696
0.500054
0.501377
0.503367
0.501659
0.499273
0.475922
0.447834
0.447008
0.457024
0.459369
0.457417
0.472406
0.475665
0.482075
0.479527
0.479240
0.477768
0.479684
0.484531
0.485802
0.486639
0.486727
0.487873
0.487316
0.487794
0.488471
0.488160
0.483778
0.491060
0.490638
0.493255
0.498263
0.503085
0.503048
0.503089
0.500712
0.501779
0.501073
0.501271
0.503106
0.501563
0.502305
0.501877
0.500574
0.502207
0.502328
0.502972
0.504127
0.503166
0.503444
0.500980
0.501388
0.502743
0.499798
0.499084
0.498480
0.500160
0.501752
0.501474
0.501403
0.501358
0.501246
0.501096
0.430606
0.417038
0.414835
0.414776
0.412363
0.439769
0.497509
0.496872
0.493962
0.496460
0.495712
0.495002
0.495002
0.494166
0.496394
0.497420
0.496951
0.487162
0.491373
0.493846
0.496112
0.497936
0.500243
0.500442
0.501079
0.501278
0.502949
0.503539
0.502043
0.501996
0.499132
0.498298
0.498153
0.499499
0.500933
0.501402
0.503193
0.503997
0.504594
0.508215
0.508135
0.507699
0.508177
0.509379
0.508306
0.509215
0.511731
0.511262
0.513444
0.515713
0.516320
0.517744
0.515994
0.516147
0.515521
0.514684
0.514448
0.515603
0.515890
0.517960
0.520184
0.527511
0.530059
0.532844
0.533730
0.532420
0.532549
0.533945
0.534622
0.535940
0.536379
0.534671
0.537061
0.536354
0.538108
0.542614
0.539903
0.537694
0.541118
0.541948
0.543103
0.540448
0.542113
0.541806
0.539819
0.540417
0.538755
0.538313
0.538791
0.539477
0.539041
0.540117
0.538255
0.536626
0.537502
0.536347
0.537734
0.537975
0.537228
0.537228
0.537859
0.538471
0.537867
0.538146
0.537663
0.536636
0.536604
0.536679
0.536321
0.536599
0.537402
0.536408
0.535526
0.534690
0.531552
0.534034
0.532564
0.519112
0.519388
0.533102
0.534812
0.531962
0.532551
0.532106
0.531191
0.532152
0.531674
0.531395
0.533066
0.533894
0.532700
0.531674
0.532501
0.531633
0.532501
0.531632
0.532413
0.531354
0.531632
0.530988
0.531178
0.530342
0.531415
0.531814
0.530900
0.532529
0.531382
0.531972
0.531695
0.530626
0.528956
0.530292
0.529234
0.529512
0.529425
0.529146
0.528357
0.528946
0.528668
0.528858
0.529137
0.527202
0.528070
0.528070
0.528786
0.528307
0.528274
0.529101
0.529413
0.528465
0.528265
0.529022
0.528543
0.529014
0.527900
0.528146
0.527667
0.527946
0.527032
0.527789
0.527380
0.527825
0.527858
0.527380
0.527626
0.527905
0.527427
0.527506
0.527705
0.527506
0.527306
0.527306
0.526995
0.527585
0.527306
0.527306
0.528420
0.528508
0.528332
0.527464
0.527863
0.527306
0.527664
0.529168
0.527386
0.529206
0.529771
0.528657
0.530050
0.528657
0.529405
0.531633
0.531475
0.532231
0.532510
0.532598
0.532789
0.531919
0.534775
0.535104
0.534946
0.535623
0.534717
0.529072
0.455366
0.532225
0.536343
0.535236
0.533998
0.503489
0.491291
0.535718
0.535320
0.535876
0.535083
0.535439
0.536198
0.536038
0.535203
0.535203
0.534846
0.537663
0.539110
0.537426
0.537393
0.536321
0.537115
0.537555
0.537759
0.538669
0.537165
0.538001
0.537564
0.538042
0.538677
0.539467
0.537883
0.538440
0.537995
0.538631
0.537048
0.537605
0.537289
0.536968
0.536968
0.537368
0.537567
0.537521
0.540662
0.540161
0.540194
0.539368
0.534787
0.456941
0.454887
0.455966
0.458900
0.458983
0.522302
0.461108
0.455747
0.456533
0.457411
0.458513
0.456184
0.496185
0.527500
0.543344
0.542318
0.542001
0.541755
0.542034
0.541955
0.541486
0.541718
0.541050
0.542720
0.542554
0.541016
0.542673
0.542673
0.543477
0.542763
0.542920
0.543796
0.543884
0.542158
0.541814
0.540774
0.540217
0.539146
0.538309
0.537799
0.538309
0.537162
0.537474
0.536360
0.537075
0.537743
0.536039
0.535729
0.536007
0.537192
0.537549
0.536078
0.534375
0.534843
0.535154
0.455143
0.453421
0.453491
0.452356
0.530943
0.456057
0.454320
0.535994
0.536390
0.535746
0.535579
0.535546
0.535273
0.535315
0.534947
0.535226
0.535273
0.535830
0.533982
0.532758
0.533784
0.532636
0.533194
0.533432
0.531013
0.531482
0.531283
0.531473
0.532791
0.533626
0.533706
0.533428
0.533340
0.533062
0.534142
0.534820
0.534421
0.533833
0.503741
0.453627
0.454807
0.453589
0.466248
0.531502
0.451775
0.452196
0.451526
0.510683
0.534978
0.533943
0.532272
0.532829
0.532862
0.533053
0.529765
0.532431
0.532431
0.532700
0.531945
0.532778
0.532389
0.531665
0.530551
0.530194
0.530988
0.531299
0.530120
0.530152
0.531299
0.530701
0.530668
0.531457
0.531257
0.530310
0.530946
0.530390
0.530111
0.529586
0.530301
0.529234
0.530022
0.530658
0.530070
0.530626
0.531096
0.531461
0.531932
0.530985
0.531263
0.531773
0.531263
0.532099
0.533054
0.532552
0.530026
0.530905
0.531215
0.530626
0.530580
0.530580
0.529466
0.529824
0.528988
0.531415
0.530348
0.531742
0.528677
0.529471
0.529750
0.525572
0.526885
0.527753
0.527801
0.529105
0.530177
0.526924
0.528270
0.526765
0.526120
0.525285
0.526836
0.529063
0.528307
0.526826
0.526562
0.525211
0.526437
0.526595
0.524367
0.517404
0.519600
0.517595
0.516448
0.518037
0.518673
0.520223
0.521129
0.520261
0.520698
0.522082
0.521292
0.521292
0.522675
0.522040
0.521530
0.523391
0.522834
0.523503
0.524185
0.523949
0.524306
0.524228
0.525300
0.525062
0.525610
0.524274
0.523981
0.520652
0.519215
0.516754
0.517344
0.518137
0.519164
0.518773
0.518964
0.518654
0.519010
0.518612
0.519169
0.519360
0.518771
0.520711
0.520432
0.521547
0.520799
0.520989
0.520432
0.518766
0.519629
0.517091
0.515976
0.515698
0.514631
0.513516
0.514065
0.515179
0.515059
0.514580
0.514548
0.515374
0.515810
0.515254
0.516080
0.513940
0.514377
0.512195
0.509244
0.506895
0.507364
0.508321
0.508247
0.510229
0.509909
0.510950
0.510829
0.511265
0.511066
0.512959
0.512258
0.512059
0.513643
0.513954
0.512250
0.511850
0.508987
0.510816
0.506361
0.497161
0.489842
0.494303
0.500309
0.503999
0.503360
0.506145
0.504910
0.504590
0.506452
0.507612
0.507924
0.507334
0.507836
0.507605
0.506768
0.506457
0.506211
0.506012
0.505933
0.506736
0.506815
0.505979
0.507563
0.507284
0.506049
0.507252
0.509080
0.509234
0.509392
0.508643
0.508643
0.508398
0.509114
0.508676
0.507808
0.508208
0.508208
0.509322
0.508486
0.509242
0.510356
0.511104
0.510077
0.511503
0.511145
0.510635
0.511544
0.511233
0.511186
0.510908
0.510908
0.510160
0.510160
0.510360
0.511474
0.510751
0.509923
0.507185
0.506980
0.506781
0.506391
0.506145
0.506225
0.506303
0.505157
0.501814
0.504066
0.502831
0.503198
0.502329
0.503110
0.504261
0.504261
0.503348
0.503672
0.505143
0.506360
0.506216
0.507284
0.509949
0.508366
0.509392
0.509114
0.508955
0.508207
0.508764
0.509601
0.510068
0.509520
0.509566
0.510635
0.510032
0.510397
0.511791
0.511712
0.514774
0.518116
0.519351
0.521699
0.515492
0.514420
0.514508
0.516967
0.519395
0.521711
0.522111
0.522509
0.524578
0.527159
0.528560
0.526699
0.527529
0.530356
0.532991
0.535140
0.537933
0.538876
0.541544
0.541004
0.543227
0.542274
0.539698
0.539303
0.542727
0.542179
0.541738
0.541190
0.541518
0.542228
0.542468
0.543545
0.542918
0.542913
0.541708
0.481174
0.461496
0.527821
0.541894
0.542381
0.542421
0.540672
0.539966
0.540198
0.539403
0.541121
0.543622
0.544101
0.543822
0.543942
0.543864
0.543347
0.541519
0.541574
0.542920
0.542171
0.538142
0.542524
0.542724
0.543638
0.542765
0.542217
0.543331
0.541859
0.541814
0.540342
0.540906
0.541743
0.542425
0.543135
0.544927
0.544012
0.544569
0.544044
0.544378
0.543218
0.544364
0.543496
0.542861
0.544173
0.544364
0.544053
0.543617
0.543896
0.544341
0.543059
0.543491
0.545209
0.544930
0.545251
0.546396
0.545807
0.544972
0.544391
0.545370
0.545602
0.545491
0.543662
0.543750
0.543550
0.543630
0.544306
0.543861
0.543391
0.544585
0.543703
0.545062
0.545096
0.546487
0.546456
0.548995
0.548446
0.548915
0.549314
0.548009
0.548567
0.550191
0.550033
0.549364
0.549127
0.549485
0.549438
0.549406
0.549057
0.550082
0.548699
0.549010
0.548217
0.547938
0.548652
0.548217
0.549168
0.548374
0.547302
0.547422
0.547946
0.547780
0.548415
0.547264
0.548457
0.548537
0.547066
0.547931
0.545672
0.537446
0.474659
0.462130
0.461334
0.463269
0.544853
0.463390
0.539264
0.546238
0.546350
0.546350
0.546159
0.546318
0.546071
0.545672
0.545672
0.545115
0.545514
0.545203
0.546229
0.544247
0.543556
0.542966
0.542687
0.542654
0.542846
0.461307
0.487914
0.460043
0.455902
0.540613
0.544475
0.545032
0.546703
0.547850
0.546823
0.546146
0.548096
0.547149
0.548208
0.546950
0.546823
0.545752
0.547700
0.546554
0.546554
0.547900
0.549840
0.547510
0.547431
0.547431
0.547152
0.546350
0.544280
0.542650
0.542943
0.543255
0.544958
0.544646
0.545514
0.544878
0.545402
0.545672
0.544043
0.545434
0.544965
0.545203
0.545157
0.545157
0.545476
0.546391
0.547273
0.546391
0.546549
0.545843
0.546367
0.544728
0.545875
0.545755
0.544529
0.545565
0.546711
0.548349
0.546632
0.545843
0.545294
0.546915
0.547546
0.546441
0.547276
0.546163
0.545558
0.545169
0.545016
0.545838
0.545169
0.545558
0.546361
0.545558
0.545448
0.545137
0.545875
0.545605
0.544770
0.544445
0.544691
0.545048
0.544770
0.544770
0.545638
0.544770
0.544181
0.543657
0.543099
0.543656
0.543536
0.542821
0.544404
0.544325
0.543847
0.543336
0.542134
0.542102
0.543049
0.542659
0.542738
0.543606
0.543811
0.543884
0.542818
0.543295
0.544712
0.544321
0.543096
0.542260
0.543175
0.542818
0.543175
0.543843
0.543175
0.543565
0.542696
0.544479
0.543286
0.542975
0.543644
0.542687
0.543165
0.543723
0.543334
0.529373
0.543490
0.543802
0.543444
0.543444
0.542609
0.542966
0.543769
0.544039
0.543961
0.542335
0.541732
0.540897
0.540864
0.538914
0.541166
0.542726
0.545111
0.544833
0.545111
0.545111
0.545390
0.547293
0.549813
0.550635
0.549530
0.548583
0.553469
0.562103
0.564174
0.563379
0.563824
0.564669
0.564305
0.562867
0.564634
0.565951
0.565078
0.565445
0.564692
0.565290
0.574475
0.575120
0.573769
0.572418
0.570829
0.570514
0.568294
0.569323
0.570647
0.574108
0.575217
0.573834
0.578410
0.579810
0.581008
0.581605
0.581569
0.579191
0.580100
0.581572
0.583255
0.582660
0.582424
0.580994
0.580366
0.577854
0.578819
0.579887
0.579459
0.579101
0.580214
0.580934
0.580386
0.581541
0.581217
0.579666
0.579396
0.578490
0.578476
0.579400
0.579956
0.579878
0.579720
0.579839
0.580597
0.581274
0.578609
0.581830
0.580916
0.581839
0.582946
0.582238
0.579137
0.575748
0.576584
0.577697
0.577108
0.577787
0.578534
0.578622
0.580808
0.583036
0.583355
0.584033
0.583713
0.585018
0.583315
0.583118
0.582849
0.583351
0.583996
0.582724
0.581777
0.583201
0.584593
0.586033
0.591319
0.594382
0.595297
0.592999
0.593431
0.595030
0.603181
0.600961
0.605148
0.603638
0.603355
0.605959
0.604639
0.605206
0.606712
0.611656
0.612287
0.613450
0.612776
0.614688
0.612822
0.610444
0.610249
0.612871
0.614987
0.615747
0.614641
0.614325
0.616103
0.618029
0.617276
0.598962
0.619039
0.618045
0.617687
0.615574
0.612641
0.614798
0.615753
0.617142
0.615205
0.618064
0.617550
0.619827
0.617000
0.616526
0.618263
0.622334
0.622964
0.630246
0.634720
0.635398
0.634357
0.631623
0.632977
0.632902
0.633142
0.632705
0.632946
0.631683
0.630532
0.629937
0.630926
0.632369
0.632934
0.634957
0.635156
0.632739
0.631985
0.632297
0.632704
0.632076
0.632118
0.630169
0.639512
0.636425
0.638361
0.637534
0.636382
0.634799
0.635271
0.636149
0.635234
0.634796
0.636723
0.640654
0.640887
0.638946
0.640101
0.639354
0.640811
0.641011
0.639793
0.639747
0.639478
0.637848
0.637249
0.637801
0.637291
0.637810
0.637890
0.637652
0.639277
