0.168336
0.168336
0.168875
0.160822
0.139930
0.128890
0.157549
0.133915
0.149861
0.160152
0.137258
0.154347
0.167452
0.189238
0.147981
0.141752
0.149897
0.126552
0.144098
0.125209
0.166847
0.146304
0.117891
0.128436
0.151225
0.126057
0.194475
0.164254
0.166735
0.171048
0.187963
0.164675
0.157301
0.155560
0.155129
0.192826
0.303255
0.127405
0.121503
0.118757
0.110500
0.101833
0.131470
0.145996
0.166680
0.151797
0.121929
0.155284
0.122533
0.126297
0.111988
0.158203
0.130204
0.114667
0.137055
0.156316
0.166884
0.176715
0.152895
0.195866
0.118530
0.166574
0.154212
0.117895
0.134879
0.205768
0.131999
0.168170
0.158134
0.139151
0.230863
0.152357
0.234593
0.090041
0.205257
0.137248
0.108082
0.138532
0.091758
0.129300
0.110232
0.096572
0.133646
0.114779
0.110470
0.108724
0.104222
0.084777
0.137968
0.192824
0.177938
0.154368
0.154799
0.167295
0.172598
0.163229
0.162483
0.154716
0.176896
0.180531
0.118595
0.081601
0.089575
0.089621
0.091505
0.099836
0.101757
0.100903
0.108518
0.100436
0.106809
0.105106
0.110591
0.109096
0.095169
0.094138
0.085631
0.090548
0.119769
0.108452
0.101717
0.209621
0.117322
0.113488
0.101431
0.123043
0.100320
0.150527
0.113686
0.141404
0.141370
0.133143
0.151935
0.164931
0.154607
0.124709
0.110503
0.128950
0.083233
0.088404
0.101146
0.107131
0.091247
0.107417
0.104922
0.086478
0.095952
0.103006
0.109485
0.114362
0.109869
0.103394
0.103890
0.098868
0.110438
0.104922
0.111187
0.116140
0.117242
0.111361
0.119805
0.115847
0.122967
0.132619
0.114645
0.109021
0.108482
0.103038
0.103422
0.100584
0.107953
0.104856
0.097904
0.103755
0.104637
0.110977
0.134116
0.140948
0.127096
0.093382
0.134501
0.143083
0.159282
0.121366
0.126172
0.123188
0.140586
0.143685
0.108689
0.135601
0.148377
0.146922
0.162545
0.161437
0.127520
0.108977
0.159459
0.154720
0.166759
0.093631
0.100290
0.137887
0.120091
0.116489
0.111005
0.120305
0.117631
0.117525
0.133364
0.122504
0.131506
0.125880
0.174443
0.198434
0.172685
0.173013
0.122171
0.138862
0.152145
0.150403
0.148296
0.143500
0.129964
0.145206
0.148835
0.148763
0.143500
0.134455
0.151007
0.145485
0.167883
0.126937
0.114440
0.131996
0.155311
0.136942
0.141998
0.148726
0.149969
0.157910
0.116653
0.130848
0.140572
0.149893
0.129573
0.124620
0.136786
0.110562
0.119894
0.142901
0.152687
0.136694
0.142284
0.139401
0.140791
0.146590
0.127970
0.175825
0.103153
0.104304
0.111066
0.129656
0.115826
0.098275
0.119300
0.159097
0.138382
0.103485
0.127552
0.142902
0.149088
0.140907
0.121645
0.113225
0.143352
0.142705
0.179629
0.125669
0.206331
0.152322
0.170378
0.135783
0.114960
0.111608
0.136069
0.145604
0.132713
0.167502
0.132249
0.129616
0.141121
0.133149
0.139369
0.165116
0.118799
0.121179
0.152830
0.121146
0.173480
0.117125
0.188387
0.168701
0.160220
0.153998
0.160513
0.158870
0.113233
0.201246
0.152877
0.103847
0.104918
0.144786
0.165470
0.114881
0.121568
0.141946
0.121899
0.134632
0.102772
0.116801
0.120331
0.135108
0.148990
0.157503
0.180535
0.169674
0.160487
0.134357
0.144674
0.164582
0.126589
0.124815
0.119753
0.112883
0.121284
0.128377
0.139622
0.146564
0.146071
0.165901
0.157029
0.142254
0.135986
0.143503
0.128874
0.146966
0.142440
0.140910
0.146744
0.151231
0.175012
0.144181
0.148849
0.152297
0.133928
0.141374
0.147208
0.148987
0.156780
0.153864
0.159022
0.163689
0.166641
0.179562
0.129606
0.163439
0.137449
0.165716
0.118615
0.323104
0.174792
0.154890
0.147524
0.150403
0.140188
0.139404
0.148592
0.149088
0.139974
0.161868
0.156523
0.167455
0.176560
0.192054
0.183800
0.134556
0.135523
0.164286
0.225089
0.128403
0.114691
0.163714
0.150327
0.171110
0.145946
0.147697
0.159971
0.166308
0.128854
0.138928
0.141958
0.160862
0.186099
0.128031
0.185438
0.143421
0.153427
0.131249
0.118720
0.140177
0.112450
0.156447
0.117257
0.148940
0.165813
0.167702
0.133879
0.140318
0.157056
0.147656
0.133775
0.138972
0.151189
0.150259
0.130681
0.141436
0.140362
0.168800
0.202329
0.194603
0.152470
0.128903
0.157019
0.195572
0.162426
0.134015
0.186490
0.152458
0.153634
0.125258
0.137828
0.139684
0.138685
0.154459
0.164392
0.155882
0.153174
0.152399
0.142814
0.154387
0.160159
0.150435
0.154282
0.132528
0.147369
0.151152
0.155389
0.144277
0.133952
0.140789
0.131960
0.143421
0.147911
0.143212
0.149545
0.158022
0.159192
0.159905
0.161191
0.162150
0.157483
0.154140
0.157374
0.159373
0.162327
0.158199
0.155346
0.156810
0.151717
0.137866
0.145304
0.125898
0.131282
0.133913
0.146581
0.152098
0.142274
0.151530
0.138714
0.140462
0.133340
0.135434
0.148149
0.127894
0.138932
0.147536
0.128694
0.135480
0.140598
0.124305
0.146816
0.125676
0.126020
0.124370
0.127897
0.133765
0.132732
0.123903
0.132250
0.123620
0.123935
0.129633
0.128676
0.133087
0.134974
0.147868
0.149433
0.166808
0.161930
0.155448
0.158686
0.151036
0.152568
0.149114
0.160257
0.163031
0.164563
0.154771
0.150679
0.144700
0.140210
0.143303
0.148007
0.148286
0.150502
0.146369
0.153164
0.160323
0.163919
0.159866
0.144449
0.148085
0.146130
0.146304
0.181797
0.172482
0.161371
0.142176
0.139675
0.143216
0.131546
0.124189
0.130027
0.138822
0.124511
0.126885
0.139423
0.145375
0.122424
0.147228
0.152350
0.123157
0.134926
0.135829
0.138608
0.144874
0.155839
0.154836
0.153804
0.159435
0.148534
0.161463
0.161853
0.163064
0.160432
0.159326
0.156198
0.153879
0.156555
0.157979
0.158896
0.152566
0.152924
0.146475
0.153496
0.146767
0.131674
0.140496
0.145945
0.145837
0.155842
0.156513
0.158160
0.149107
0.164346
0.162643
0.170222
0.158471
0.162213
0.163419
0.158189
0.154701
0.148506
0.149748
0.154774
0.160862
0.167377
0.152460
0.150248
0.152851
0.156657
0.156512
0.164809
0.157157
0.158189
0.158725
0.156053
0.154347
0.157443
0.160040
0.162495
0.160819
0.160642
0.155268
0.148792
0.152275
0.156375
0.157407
0.152275
0.150961
0.159685
0.155342
0.151740
0.149748
0.151103
0.146297
0.150465
0.159613
0.160714
0.164885
0.158294
0.160898
0.157334
0.152352
0.151425
0.146372
0.146547
0.140351
0.155629
0.150856
0.152279
0.151605
0.160432
0.150502
0.150248
0.150813
0.151067
0.140210
0.139035
0.143486
0.141883
0.143126
0.138504
0.144696
0.144627
0.124366
0.124087
0.139648
0.159761
0.180018
0.163606
0.165417
0.159507
0.158265
0.166167
0.163926
0.149794
0.157164
0.156132
0.159507
0.160184
0.149686
0.148539
0.158659
0.167659
0.171222
0.159225
0.167448
0.158865
0.156306
0.153214
0.155561
0.158045
0.159544
0.160977
0.164178
0.158584
0.152990
0.152493
0.151707
0.151534
0.158544
0.158689
0.155484
0.148753
0.159869
0.146839
0.158865
0.150787
0.154242
0.155527
0.155409
0.155097
0.147300
0.146688
0.148756
0.149114
0.153276
0.161003
0.161466
0.157801
0.154814
0.162358
0.163248
0.164103
0.162683
0.162607
0.163070
0.162995
0.162144
0.161073
0.160257
0.157016
0.154238
0.148796
0.153634
0.153634
0.153029
0.156697
0.159581
0.162538
0.171117
0.166315
0.164562
0.164027
0.163563
0.163711
0.162143
0.154350
0.156693
0.158654
0.159689
0.155560
0.155773
0.162426
0.158406
0.155274
0.152108
0.157339
0.162535
0.161502
0.162110
0.156592
0.159794
0.156516
0.157801
0.158011
0.152102
0.145909
0.156306
0.156693
0.155987
0.147369
0.147766
0.136368
0.140818
0.153811
0.153423
0.151543
0.130573
0.146521
0.158485
0.153456
0.147333
0.145452
0.144063
0.145666
0.141817
0.133389
0.138658
0.132542
0.163363
0.165787
0.151468
0.153926
0.162078
0.162150
0.159412
0.160550
0.156741
0.138264
0.150051
0.159196
0.161688
0.139083
0.146419
0.152073
0.137413
0.140430
0.144201
0.145171
0.132851
0.130606
0.144706
0.140615
0.145134
0.142359
0.151866
0.153358
0.161904
0.162647
0.157776
0.143102
0.147307
0.147093
0.151829
0.152999
0.149157
0.152431
0.136696
0.134448
0.136513
0.149052
0.144530
0.139611
0.122556
0.132850
0.134240
0.129540
0.124522
0.119854
0.108775
0.108968
0.113385
0.123003
0.136779
0.123250
0.128667
0.129765
0.126352
0.125784
0.142735
0.135536
0.140776
0.146258
0.128134
0.140815
0.140493
0.151920
0.117698
0.131481
0.098401
0.120541
0.125706
0.142232
0.148993
0.145999
0.124173
0.099463
0.106378
0.105209
0.126166
0.121000
0.125387
0.128979
0.134280
0.101602
0.126879
0.109362
0.133108
0.119325
0.136244
0.134675
0.126879
0.111608
0.129055
0.119121
0.120261
0.092651
0.095028
0.088687
0.096737
0.115602
0.101753
0.097129
0.096097
0.095170
0.174389
0.118846
0.123615
0.136180
0.111861
0.102285
0.108054
0.100863
0.093279
0.148760
0.112426
0.103276
0.103961
0.096268
0.124539
0.117629
0.111400
0.122753
0.127843
0.142409
0.141693
0.116518
0.106417
0.111467
0.122040
0.102750
0.110329
0.104529
0.130761
0.133864
0.129304
0.114995
0.108616
0.138698
0.124172
0.144217
0.129689
0.135320
0.142797
0.134077
0.137919
0.134649
0.141092
0.128061
0.127171
0.140773
0.121580
0.129920
0.143018
0.132624
0.126284
0.141239
0.143165
0.128207
0.144441
0.136107
0.132719
0.149497
0.127555
0.122971
0.148073
0.141134
0.129880
0.116985
0.133548
0.140845
0.143297
0.135145
0.145006
0.142728
0.130659
0.125468
0.136181
0.123750
0.131692
0.111337
0.100508
0.119490
0.123930
0.146868
0.134334
0.112722
0.127674
0.132519
0.140136
0.110806
0.133091
0.135761
0.148080
0.141671
0.136292
0.131415
0.135728
0.138754
0.137612
0.129604
0.122554
0.122264
0.134512
0.141631
0.124262
0.112801
0.110271
0.119993
0.133588
0.123734
0.110625
0.103788
0.102576
0.143626
0.123947
0.133349
0.112164
0.128723
0.085322
0.101909
0.110704
0.093964
0.126044
0.098456
0.109314
0.117955
0.128355
0.142595
0.140139
0.140109
0.130564
0.124582
0.116893
0.120740
0.128216
0.134873
0.129074
0.123154
0.121667
0.115608
0.133407
0.127750
0.124016
0.126183
0.109058
0.122803
0.117074
0.128388
0.131527
0.134416
0.131063
0.144983
0.152215
0.138926
0.123159
0.133587
0.143313
0.108775
0.153240
0.150999
0.136937
0.137253
0.125650
0.116539
0.107253
0.116829
0.119388
0.121702
0.114691
0.099235
0.116934
0.102589
0.107177
0.105649
0.111486
0.122132
0.103512
0.114905
0.090120
0.120739
0.117469
0.121416
0.096212
0.124052
0.096601
0.091442
0.097743
0.104078
0.104363
0.120351
0.116433
0.117078
0.081542
0.086775
0.087025
0.091547
0.117541
0.091341
0.132034
0.126584
0.130818
0.100984
0.128828
0.096215
0.133884
0.120677
0.134028
0.117081
0.145737
0.129190
0.122324
0.139855
0.093241
0.111930
0.084830
0.097257
0.119934
0.100284
0.080277
0.062721
0.066998
0.086042
0.095979
0.089494
0.106625
0.106804
0.053259
0.101642
0.052103
0.139418
0.072493
0.066013
0.089616
0.116619
0.151845
0.077495
0.106375
0.258686
0.206624
0.201529
0.196164
0.164997
0.174278
0.150465
0.149992
0.211787
0.166520
0.129578
0.164420
0.113814
0.128161
0.110186
0.164638
0.144426
0.204564
0.206202
0.165034
0.309584
0.235367
0.190934
0.120334
0.164792
0.184538
0.181090
0.233888
0.228750
0.214243
0.136914
0.219259
0.304746
0.249163
0.061735
0.186715
0.236997
0.146913
0.237615
0.184359
0.108800
0.210782
0.080269
0.109997
0.171319
0.137937
0.111261
0.168229
0.165374
0.123103
0.099340
0.121688
0.034705
0.134373
0.167043
0.139238
0.118830
0.096319
0.137010
0.046616
0.058965
0.087774
0.092316
0.073099
0.148542
0.191147
0.170111
0.179746
0.108152
0.197340
0.211797
0.231137
0.246562
0.245253
0.221119
0.176830
0.174572
0.144206
0.181012
0.222891
0.237879
0.291823
0.064381
0.154849
0.138515
0.205886
0.270239
0.267269
0.255240
0.231301
0.263080
0.244646
0.186071
0.103105
0.188920
0.141664
0.155135
0.244400
0.127067
0.053925
0.084360
0.224356
0.247107
0.337374
0.308520
0.338765
0.056493
0.185680
0.081394
0.152002
0.286593
0.288607
0.322538
0.148177
0.065735
0.251872
0.155883
0.183122
0.226714
0.275700
0.303686
0.269301
0.260383
0.151898
0.175053
0.147881
0.156448
0.242939
0.115863
0.237865
0.296440
0.260886
0.271246
0.256306
0.194068
0.196097
0.270395
0.271232
0.317780
0.262658
0.285311
0.212955
0.263016
0.172317
0.194498
0.173595
0.156329
0.054526
0.189576
0.231404
0.202945
0.109410
0.215074
0.119197
0.096303
0.037883
0.251805
0.184569
0.224056
0.163761
0.188942
0.238978
0.339636
0.334459
0.162766
0.244039
0.198854
0.307563
0.210234
0.129320
0.254412
0.122002
0.102079
0.187454
0.135917
0.161991
0.048535
0.103470
0.018750
0.219971
0.137915
0.225551
0.242716
0.204249
0.275199
0.103090
0.214222
0.135429
0.243810
0.327937
0.235243
0.368221
0.265907
0.335342
0.374894
0.116761
0.076621
0.293761
0.341019
0.283211
0.318988
0.326673
0.422072
0.293869
0.231414
0.350850
0.119872
0.229850
0.339546
0.301507
0.150559
0.302694
0.220505
0.319810
0.244371
0.207122
0.287727
0.178296
0.147580
0.243015
0.296775
0.299306
0.152631
0.276532
0.190348
0.274989
0.292062
0.276389
0.338230
0.307848
0.297116
0.326242
0.238089
0.234828
0.262547
0.253572
0.251714
0.170672
0.251140
0.118916
0.290074
0.200305
0.126283
0.329214
0.152337
0.178455
0.299266
0.233007
0.163926
0.229165
0.317284
0.292671
0.189869
0.153640
0.188979
0.017274
0.208558
0.226036
0.141889
0.239158
0.240170
0.291736
0.335641
0.305096
0.360105
0.287320
0.319590
0.362282
0.255225
0.313518
0.306888
0.326279
0.284596
0.280895
0.261857
0.258873
0.211833
0.187723
0.312209
0.226923
0.280378
0.277102
0.295152
0.240586
0.248226
0.327231
0.291472
0.347858
0.301463
0.341261
0.319981
0.304623
0.297728
0.258294
0.257814
0.297053
0.287267
0.332355
0.301690
0.316195
0.320899
0.321942
0.293512
0.346522
0.325857
0.283680
0.297602
0.252644
0.295862
0.291755
0.313384
0.294349
0.308368
0.258500
0.281756
0.288497
0.293155
0.294312
0.266835
0.132913
0.152582
0.055600
0.106507
0.161523
0.198211
0.150159
0.317377
0.185087
0.148681
0.163088
0.014886
0.161280
0.198828
0.330757
0.250471
0.282188
0.064743
0.511515
0.374698
0.302032
0.322490
0.241799
0.215048
0.307776
0.277112
0.127741
0.112322
0.150806
0.091067
0.136733
0.181621
0.188959
0.203637
0.135491
0.160070
0.160070
0.110625
0.161292
0.151300
0.142021
0.126223
0.022838
0.049755
0.125905
0.173359
0.101966
0.141832
0.346220
0.233562
0.320205
0.275665
0.294611
0.253834
0.233679
0.306119
0.260081
0.256303
0.110227
0.185119
0.141705
0.126886
0.197152
0.159708
0.082024
0.208777
0.153417
0.110056
0.052847
0.134496
0.279549
0.090727
0.232066
0.287862
0.147049
0.096770
0.114858
0.054891
0.009980
0.114664
0.156760
0.174061
0.221760
0.183536
0.157655
0.159289
0.168176
0.223084
0.281191
0.270980
0.307975
0.320256
0.314984
0.276693
0.278093
0.272367
0.256870
0.272408
0.276641
0.306422
0.336043
0.319857
0.323914
0.324826
0.339481
0.325124
0.312333
0.328440
0.321512
0.323120
0.314867
0.337335
0.366774
0.279184
0.326840
0.336805
0.411270
0.443306
0.658041
0.448578
0.464286
0.297916
0.440317
0.400106
0.405566
0.406106
0.418022
0.399338
0.385602
0.392028
0.414126
0.442433
0.488590
0.455961
0.335175
0.369773
0.346522
0.349028
0.374900
0.351677
0.339512
0.328958
0.314384
0.327819
0.340371
0.304448
0.306123
0.273519
0.281204
0.324669
0.314324
0.321527
0.284532
0.269608
0.242823
0.231701
0.238948
0.238401
0.192453
0.159950
0.226599
0.228597
0.213977
0.212235
0.215377
0.228759
0.264430
0.282347
0.298276
0.294415
0.279003
0.279565
0.266593
0.258057
0.262732
0.271219
0.252662
0.313582
0.321801
0.276306
0.350018
0.287147
0.331247
0.351316
0.305659
0.341001
0.239557
0.164213
0.159025
0.114583
0.153399
0.113679
0.243660
0.163151
0.154704
0.105802
0.095562
0.097912
0.074907
0.095658
0.081641
0.102801
0.135967
0.187250
0.200267
0.190090
0.195868
0.230855
0.251054
0.269565
0.235435
0.223248
0.225321
0.220563
0.185611
0.189502
0.159009
0.206752
0.228972
0.229855
0.203871
0.159929
0.119970
0.154433
0.137893
0.147296
0.202607
0.186886
0.202389
0.216571
0.184716
0.162093
0.189205
0.182210
0.176310
0.147088
0.142464
0.142821
0.160317
0.171426
0.195158
0.175930
0.236855
0.230363
0.168273
0.192210
0.207063
0.176760
0.151156
0.150485
0.126123
0.112847
0.092055
0.071872
0.081343
0.063051
0.046061
0.229735
0.298515
0.286140
0.245935
0.331533
0.361466
0.449555
0.387126
0.417670
0.285800
0.260589
0.056837
0.084944
0.032302
0.069893
0.011420
0.152663
0.152335
0.129639
0.206684
0.169943
0.167947
0.127201
0.017365
0.031808
0.045268
0.087122
0.136501
0.132136
0.137940
0.120540
0.074877
0.065437
0.106945
0.082416
0.096330
0.107010
0.127156
0.138015
0.147304
0.190877
0.157316
0.150224
0.158126
0.159230
0.150513
0.148084
0.164423
0.150078
0.153066
0.155413
0.156268
0.157268
0.159900
0.155696
0.156727
0.150716
0.152031
0.157079
0.154661
0.159220
0.159256
0.156081
0.163593
0.157754
0.162315
0.171683
0.162956
0.160640
0.155837
0.162354
0.157754
0.154801
0.152951
0.149884
0.154341
0.156153
0.152383
0.156616
0.157619
0.153951
0.153313
0.160465
0.154556
0.169265
0.161688
0.129502
0.129755
0.137158
0.137620
0.122456
0.117936
0.126732
0.115976
0.095864
0.089849
0.081162
0.103660
0.098960
0.112166
0.102730
0.131255
0.120960
0.107894
0.171363
0.133248
0.125766
0.115139
0.136869
0.123341
0.067777
0.072550
0.078742
0.096255
0.074148
0.089743
0.098175
0.103877
0.093050
0.076461
0.061867
0.078851
0.075245
0.059534
0.058906
0.113657
0.080527
0.065834
0.057916
0.061506
0.054397
0.073792
0.070023
0.085364
0.143998
0.175498
0.176018
0.156068
0.236946
0.135966
0.177349
0.231172
0.114784
0.198459
0.211085
0.119319
0.098140
0.207399
0.221481
0.308226
0.219834
0.279898
0.192972
0.133752
0.112006
0.079778
0.062826
0.086285
0.099591
0.107312
0.071405
0.097079
0.067450
0.112757
0.156245
0.152018
0.121947
0.068797
0.085174
0.082111
0.098309
0.099276
0.101622
0.114329
0.107065
0.105855
0.115142
0.127139
0.130057
0.139284
0.142275
0.137003
0.139918
0.148004
0.140136
0.114931
0.114286
0.131057
0.135050
0.132201
0.128817
0.144408
0.131984
0.124577
0.101543
0.093461
0.087235
0.076841
0.088327
0.085268
0.087772
0.226645
0.217089
0.233101
0.233101
0.217964
0.180850
0.179006
0.169376
0.164723
0.162456
0.177941
0.193465
0.097377
0.163278
0.214148
0.200490
0.166152
0.180336
0.168389
0.156995
0.115126
0.139692
0.136342
0.098514
0.142262
0.150318
0.149122
0.164010
0.154487
0.089080
0.107026
0.107239
0.087690
0.117991
0.121866
0.116100
0.137499
0.134790
0.134968
0.129913
0.122938
0.126743
0.127743
0.127950
0.122832
0.115852
0.113428
0.119375
0.129594
0.131516
0.144898
0.120828
0.121080
0.102203
0.114548
0.131425
0.224392
0.287878
0.287541
0.296864
0.154722
0.127775
0.094801
0.105836
0.105125
0.106864
0.112488
0.141792
0.139303
0.125557
0.124203
0.120712
0.129192
0.134175
0.120219
0.132036
0.151014
0.152464
0.158414
0.175364
0.167814
0.161549
0.151760
0.166851
0.153358
0.144417
0.148017
0.148017
0.149546
0.155321
0.154393
0.147661
0.145703
0.108472
0.108070
0.106145
0.147369
0.139086
0.181940
0.182093
0.122732
0.104617
0.104843
0.103377
0.109363
0.108149
0.111709
0.119502
0.113878
0.113277
0.119650
0.115272
0.119326
0.117123
0.119078
0.126983
0.140263
0.131147
0.132288
0.134317
0.131779
0.147912
0.151863
0.152789
0.155676
0.111292
0.128468
0.152897
0.173187
0.161190
0.159439
0.165496
0.165532
0.161687
0.156345
0.162893
0.165918
0.157733
0.156733
0.163501
0.159409
0.155133
0.158160
0.157838
0.162718
0.152605
0.155987
0.152500
0.155699
0.154600
0.159903
0.149755
0.150432
0.158975
0.160579
0.153814
0.152319
0.146518
0.149689
0.149118
0.137189
0.134908
0.127580
0.129856
0.129259
0.180230
0.167963
0.166707
0.178279
0.172098
0.173549
0.171401
0.141386
0.205597
0.208287
0.181452
0.228108
0.199994
0.179003
0.132663
0.193238
0.322871
0.364029
0.312028
0.268413
0.235997
0.181603
0.114999
0.127969
0.141278
0.142988
0.149581
0.147730
0.171971
0.149759
0.154778
0.171865
0.183042
0.173856
0.170052
0.163389
0.158623
0.146794
0.158294
0.157266
0.157367
0.155593
0.161394
0.158120
0.153387
0.144030
0.138434
0.134908
0.137472
0.140072
0.121349
0.135935
0.127812
0.127111
0.120274
0.125618
0.132165
0.153141
0.160359
0.163853
0.174210
0.160895
0.169763
0.153248
0.153354
0.157092
0.151110
0.158259
0.170255
0.175314
0.173102
0.174203
0.187624
0.172419
0.162169
0.173628
0.171067
0.162420
0.165334
0.168253
0.157965
0.158248
0.161703
0.174450
0.168362
0.169315
0.167009
0.167610
0.150664
0.160414
0.159566
0.155149
0.162810
0.160283
0.156362
0.155717
0.135497
0.136999
0.149736
0.142974
0.155633
0.207642
0.143753
0.143051
0.158610
0.153656
0.159244
0.170883
0.163662
0.152127
0.144216
0.166578
0.155612
0.153835
0.143359
0.145110
0.140272
0.161988
0.155645
0.196216
0.135645
0.152497
0.204116
0.128281
0.145902
0.146041
0.136147
0.150776
0.161282
0.143125
0.139815
0.150070
0.155688
0.163886
0.155375
0.156947
0.130455
0.146942
0.172153
0.218455
0.149684
0.137070
0.148320
0.145971
0.144227
0.147289
0.142732
0.143760
0.136925
0.142484
0.156621
0.161456
0.156223
0.145722
0.147079
0.138918
0.143944
0.138602
0.149644
0.141136
0.147539
0.120944
0.142846
0.134415
0.122291
0.148753
0.144986
0.141071
0.136654
0.140887
0.134194
0.160891
0.159290
0.148431
0.137212
0.131447
0.157225
0.159468
0.150705
0.154156
0.161456
0.159714
0.157506
0.163024
0.162988
0.165306
0.160209
0.160602
0.162170
0.163025
0.162844
0.165190
0.167406
0.165444
0.162449
0.162169
0.160674
0.166505
0.159175
0.159744
0.154865
0.159458
0.158143
0.159353
0.154865
0.156575
0.149810
0.150274
0.151234
0.135137
0.141775
0.218653
0.318092
0.406119
0.159742
0.189839
0.114096
0.119292
0.208477
0.219846
0.131739
0.143668
0.156377
0.166873
0.129132
0.154025
0.133086
0.172070
0.174308
0.653208
0.581320
0.392918
0.486164
0.449765
0.387289
0.356520
0.445148
0.400816
0.361475
0.329375
0.435719
0.457106
0.371441
0.304783
0.323105
0.312485
0.271870
0.320372
0.318903
0.233151
0.192762
0.231463
0.383189
0.514247
0.212087
0.125268
0.555662
0.561692
0.440664
0.292786
0.282597
0.371367
0.602165
0.813662
0.790448
0.719335
0.537860
0.281787
0.209780
0.106519
0.327527
0.651933
0.836662
1.000000
0.620963
0.683917
0.570784
0.326512
0.317505
0.209683
0.136407
0.125901
0.138726
0.112593
0.127785
0.222080
0.145624
0.223628
0.276816
0.158818
0.154831
0.118484
0.131915
0.419303
0.246758
0.165802
0.125099
0.114809
0.116844
0.123530
0.138123
0.134741
0.145823
0.112597
0.130362
0.124735
0.104694
0.102449
0.107295
0.132258
0.138160
0.099474
0.474784
0.375739
0.530832
0.491193
0.502260
0.521215
0.424619
0.425483
0.202371
0.197226
0.086287
0.222215
0.389051
0.462565
0.431444
0.229474
0.275811
0.123186
0.079707
0.128037
0.116650
0.102458
0.085266
0.088839
0.119212
0.111715
0.148851
0.208010
0.257026
0.272222
0.160384
0.128701
0.273426
0.187840
0.164888
0.159518
0.245968
0.280898
0.190906
0.247576
0.197532
0.321577
0.333499
0.526812
0.131177
0.080452
0.076478
0.126556
0.149696
0.214864
0.045472
0.102027
0.114484
0.048391
0.045973
0.099125
0.080854
0.082335
0.073349
0.126305
0.196429
0.136591
0.106158
0.144408
0.349778
0.386362
0.295622
0.379553
0.308692
0.198297
0.337701
0.357231
0.395775
0.311037
0.272054
0.342512
0.440797
0.431553
0.303028
0.722364
0.705683
0.719096
0.623036
0.302150
0.400878
0.038750
0.261555
0.018466
0.461837
0.288044
0.221186
0.692297
0.620309
0.390511
0.497745
0.123594
0.033449
0.083082
0.109572
0.032636
0.097474
0.021987
0.028324
0.069079
0.265736
0.381037
0.124254
0.075822
0.063172
0.071663
0.055800
0.046330
0.080470
0.111328
0.055340
0.059719
0.054271
0.101131
0.042171
0.037999
0.088547
0.039736
0.062462
0.130267
0.098695
0.108571
0.284213
0.225565
0.305847
0.229530
0.049846
0.381562
0.213776
0.374086
0.504799
0.499710
0.605540
0.518903
0.613508
0.647786
0.710509
0.426631
0.245212
0.235065
0.265486
0.340233
0.313915
0.059010
0.240652
0.237257
0.330160
0.253320
0.029422
0.038175
0.287420
0.403353
0.386348
0.305925
0.173496
0.244932
0.377919
0.317184
0.573435
0.377056
0.539211
0.311097
0.321229
0.210318
0.209831
0.329209
0.271319
0.077719
0.231817
0.077746
0.071061
0.144878
0.207521
0.265759
0.214342
0.073007
0.143169
0.145998
0.159728
0.213914
0.140929
0.114683
0.096406
0.092799
0.131001
0.114610
0.188884
0.255708
0.116246
0.316241
0.236471
0.119363
0.188096
0.134947
0.129112
0.178668
0.285500
0.178816
0.044742
0.171772
0.078244
0.089598
0.056653
0.090361
0.071957
0.156145
0.286458
0.009943
0.224702
0.097428
0.173403
0.112852
0.049681
0.084251
0.140157
0.093422
0.034210
0.201826
0.122392
0.033875
0.200966
0.207644
0.016577
0.211664
0.160266
0.162560
0.168453
0.184543
0.186407
0.109531
0.099297
0.128923
0.127330
0.022293
0.004898
0.175751
0.008244
0.026362
0.006462
0.018895
0.038677
0.024893
0.005924
0.003850
0.096652
0.390558
0.251919
0.485678
0.132016
0.339745
0.254338
0.189545
0.104896
0.340965
0.327425
0.182707
0.013623
0.245630
0.059327
0.375737
0.331014
0.478850
0.310680
0.124219
0.097704
0.014279
0.019737
0.049413
0.006397
0.086244
0.168736
0.041526
0.068782
0.066633
0.248697
0.442184
0.196289
0.475603
0.102200
0.284275
0.054489
0.247429
0.036373
0.001442
0.048740
0.101854
0.023051
0.142777
0.088126
0.024092
0.196379
0.062871
0.063141
0.046666
0.216367
0.009034
0.014205
0.287718
0.134549
0.042224
0.110825
0.054695
0.133764
0.414533
0.122923
0.279960
0.182645
0.147029
0.154142
0.049053
0.007611
0.235620
0.026948
0.154277
0.251904
0.221959
0.248478
0.216508
0.172478
0.177402
0.051112
0.141631
0.109049
0.122068
0.219579
0.182420
0.146344
0.112719
0.023297
0.064864
0.056213
0.089415
0.102748
0.050986
0.047242
0.094807
0.372312
0.093360
0.101302
0.190199
0.140994
0.212860
0.275843
0.271872
0.257710
0.021479
0.226947
0.324815
0.204444
0.263365
0.234906
0.204474
0.259781
0.200096
0.280452
0.282347
0.102388
0.294301
0.160591
0.220292
0.169920
0.160297
0.009344
0.016688
0.235542
0.019069
0.138393
0.035027
0.112973
0.251546
0.140150
0.026542
0.108596
0.082054
0.119954
0.225391
0.062585
0.065805
0.245574
0.197823
0.232281
0.203003
0.078551
0.207362
0.061156
0.151776
0.237038
0.111258
0.008314
0.093386
0.266905
0.158540
0.194277
0.068458
0.106285
0.075709
0.033688
0.038469
0.011953
0.138407
0.221526
0.168583
0.036757
0.008606
0.050540
0.091235
0.044458
0.045716
0.124860
0.067827
0.041227
0.038789
0.004898
0.066790
0.162318
0.097031
0.043773
0.053512
0.173166
0.004836
0.136368
0.069410
0.041791
0.017569
0.020274
0.017782
0.014804
0.073622
0.071269
0.058159
0.013338
0.079874
0.063108
0.090681
0.088059
0.196953
0.074581
0.099538
0.093798
0.022362
0.082456
0.073876
0.252330
0.087806
0.161173
0.416237
0.046657
0.115919
0.128549
0.150910
0.044386
0.058756
0.056534
0.015191
0.257028
0.174505
0.016021
0.059015
0.011611
0.157817
0.097281
0.054499
0.127653
0.095757
0.063214
0.207903
0.111460
0.038827
0.034967
0.025180
0.070142
0.094045
0.009983
0.083653
0.157618
0.045924
0.242957
0.167213
0.143869
0.122758
0.024574
0.042733
0.164098
0.216421
0.093759
0.025457
0.068752
0.010496
0.037384
0.167467
0.085020
0.108075
0.053839
0.212338
0.275570
0.037307
0.037189
0.236169
0.005215
0.264019
0.028670
0.000000
0.121679
0.029047
0.080616
0.024230
0.003504
0.042094
0.030005
0.033563
0.545990
0.341470
0.821131
0.599759
0.241555
0.090417
0.084118
0.079944
0.046794
0.043521
0.044747
0.119780
0.138392
0.264935
0.211497
0.176777
0.134482
0.044718
0.151149
0.082575
0.043480
0.041176
0.026311
0.145768
0.127252
0.273198
0.192495
0.048881
0.036608
0.152148
0.053342
0.158450
0.089091
0.045400
0.122269
0.047073
0.332663
0.106672
0.440146
0.254610
0.541022
0.128754
0.070525
0.159556
0.161779
0.041992
0.022668
0.074565
0.122742
0.000594
0.108806
0.131607
0.010167
0.103861
0.121054
0.148360
0.193030
0.159769
0.061080
0.110383
0.244658
0.084334
0.394196
0.340249
0.064514
0.101645
0.127012
0.324052
0.123431
0.064828
0.167021
0.100282
0.408073
0.223653
0.280453
0.064510
0.042612
0.068421
0.070884
0.097301
0.082010
0.014009
0.032700
0.031945
0.110979
0.109809
0.051438
0.061473
0.147875
0.229151
0.541492
0.248558
0.167971
0.084765
0.270506
0.510751
0.241244
0.083088
0.310039
0.191379
0.142822
0.186512
0.032526
0.215670
0.102338
0.032420
0.179876
0.148206
0.216285
0.179043
0.234541
0.044053
0.113787
0.034224
0.030090
0.068465
0.146012
0.081136
0.105069
0.059695
0.040089
0.236326
0.083272
0.209133
0.041507
0.102817
0.057887
0.066495
0.065000
0.327461
0.099240
0.402399
0.379463
0.074601
0.086167
0.123083
0.104739
0.161060
0.102981
0.228757
0.174484
0.141969
0.089814
0.118083
0.145539
0.215035
0.173203
0.172702
0.264654
0.583529
0.264085
0.162272
0.370793
0.159501
0.281162
0.668977
0.492233
0.347884
0.147665
0.721391
0.305457
0.608453
0.441556
0.152188
0.105980
0.154499
0.214502
0.121078
0.726964
0.322232
0.161760
0.205447
0.949773
0.226902
0.164589
0.196024
0.178832
0.244265
0.211402
0.153553
0.545606
0.447369
0.539081
0.767803
0.556789
0.530589
0.207616
0.507696
0.652920
0.569745
0.480160
0.101478
0.133666
0.120351
0.247577
0.245265
0.171198
0.189253
0.591952
0.114629
0.107720
0.182728
0.136194
0.127422
0.179017
0.360319
0.157227
0.473190
0.104864
0.330843
0.215978
0.305349
0.390445
0.169626
0.221214
0.136411
0.483704
0.528521
0.629866
0.314580
0.407028
0.895881
0.314543
0.612951
0.665658
0.569129
0.394621
0.216458
0.277677
0.172527
0.505084
0.250191
0.197112
0.124244
0.124249
0.199075
0.134315
0.483624
0.169670
0.206199
0.215636
0.123722
0.161899
0.251164
0.167366
0.195562
0.219377
0.284237
0.393481
0.122268
0.316637
0.306971
0.211882
0.223385
0.207435
0.145704
0.326795
0.152902
0.119815
0.142150
0.159859
0.198561
0.181116
0.282496
0.103844
0.272596
0.125017
0.450010
0.351188
0.164462
0.276852
0.242164
0.112879
0.126054
0.186699
0.115982
0.231402
0.152156
0.259047
0.137725
0.163324
0.121695
0.597801
0.192618
0.390782
0.210561
0.160294
0.161617
0.121838
0.255975
0.194224
0.314452
0.445478
0.193633
0.170776
0.127421
0.168317
0.155793
0.410645
0.239531
0.259556
0.243440
0.138454
0.172386
0.301628
0.208584
0.316627
0.474043
0.262315
0.205377
0.262877
0.362716
0.198797
0.177366
0.194484
0.251348
0.218844
0.173501
0.184341
0.135986
0.137133
0.293586
0.395372
0.171839
0.442361
0.154932
0.175313
0.303748
0.281124
0.234006
0.210842
0.133104
0.260983
0.283760
0.129439
0.166977
0.152197
0.209824
0.212181
0.196565
0.144440
0.220766
0.284761
0.171897
0.152424
0.129856
0.108111
0.317256
0.121669
0.385825
0.186369
0.372906
0.170375
0.235418
0.388128
0.190845
0.212013
0.142195
0.123394
0.150032
0.484096
0.142660
0.155895
0.172274
0.126641
0.352524
0.213524
0.154504
0.227556
0.147761
0.188248
0.204342
0.139941
0.375471
0.150261
0.159130
0.357677
0.262592
0.344575
0.341482
0.174739
0.117922
0.286323
0.442749
0.416468
0.465517
0.260022
0.453773
0.147293
0.207186
0.361018
0.102942
0.225010
0.197854
0.368220
0.180418
0.211912
0.148988
0.318785
0.133833
0.160740
0.129035
0.161703
0.199378
0.157543
0.231329
0.170461
0.325738
0.211273
0.186204
0.234079
0.176894
0.187622
0.122792
0.175338
0.220843
0.235784
0.308077
0.541702
0.240014
0.234089
0.148878
0.135000
0.261786
0.113684
0.116646
0.113470
0.174585
0.181398
0.359593
0.355330
0.135077
0.121547
0.152483
0.208881
0.140712
0.164709
0.210220
0.142255
0.143940
0.105181
0.165633
0.316540
0.273680
0.285822
0.332931
0.297140
0.183281
0.207574
0.356819
0.199737
0.110634
0.130284
0.145352
0.238806
0.130680
0.121466
0.380101
0.299184
0.207075
0.213556
0.149509
0.333566
0.369283
0.116529
0.173243
0.250457
0.226388
0.280330
0.165608
0.145710
0.259052
0.314359
0.087316
0.129254
0.313026
0.363716
0.249697
0.335131
0.485254
0.287784
0.274936
0.210963
0.163669
0.202281
0.122510
0.228600
0.204779
0.133222
0.364950
0.399567
0.233655
0.152842
0.180544
0.280735
0.406736
0.152428
0.132377
0.243938
0.179875
0.126399
0.132707
0.219759
0.104367
0.302839
0.207805
0.290461
0.427172
0.199125
0.174219
0.133655
0.224790
0.147395
0.128454
0.377001
0.136498
0.206810
0.118354
0.355473
0.151632
0.184837
0.373700
0.200261
0.244688
0.136344
0.174368
0.191737
0.238982
0.173158
0.138444
0.218143
0.166026
0.312929
0.256156
0.192915
0.214622
0.473445
0.200667
0.203550
0.146908
0.294650
0.179410
0.171737
0.251444
0.385149
0.194760
0.145170
0.146244
0.187542
0.233468
0.218686
0.297815
0.248519
0.364693
0.216716
0.209996
0.170555
0.186082
0.198882
0.212566
0.198362
0.159265
0.224638
0.204227
0.205335
0.179476
0.260625
0.152647
0.197758
0.149475
0.308821
0.149225
0.254606
0.343145
0.240292
0.190809
0.208683
0.219640
0.278286
0.176804
0.293734
0.329309
0.238940
0.360877
0.423540
0.162793
0.176705
0.214717
0.268336
0.238987
0.167554
0.323319
0.320799
0.312241
0.200447
0.155632
0.299267
0.169976
0.227400
0.148585
0.221674
0.254544
0.219902
0.207794
0.203291
0.157757
0.206280
0.217138
0.192171
0.213249
0.207871
0.200609
0.245856
0.196018
0.215523
0.220578
0.206480
0.216992
0.211427
0.271167
0.292385
0.203529
0.212425
0.200360
0.225880
0.248348
0.221643
0.282409
0.211928
0.225238
0.259700
0.271157
0.251473
0.257067
0.293587
0.265497
0.238022
0.226087
0.235986
0.225101
0.193633
0.249194
0.277359
0.292345
0.244112
0.238558
0.190029
0.210639
0.209678
0.239053
0.238830
0.255288
0.221826
0.186585
0.212998
0.237065
0.196337
0.167642
0.173851
0.239057
0.205162
0.292769
0.286648
0.341396
0.265175
0.253640
0.276180
0.229366
0.250900
0.256064
0.254929
0.292483
0.239370
0.281843
0.294766
0.285365
0.250226
0.290922
0.268067
0.197798
0.185907
0.172352
0.226640
0.201224
0.228239
0.180460
0.177654
0.274846
0.198872
0.193575
0.224253
0.160253
0.292489
0.155589
0.157117
0.173302
0.218024
0.301046
0.147877
0.196108
0.147336
0.156980
0.159640
0.177147
0.189723
0.191287
0.184770
0.176724
0.170923
0.208443
0.283276
0.268291
0.180761
0.209921
0.144659
0.211873
0.256225
0.255865
0.248310
0.291712
0.302314
0.291744
0.340190
0.319473
0.269206
0.294334
0.300711
0.273799
0.265609
0.305371
0.340403
0.291990
0.248195
0.280775
0.230721
0.257139
0.244888
0.240767
0.200183
0.221972
0.260170
0.274624
0.256254
0.197907
0.196695
0.252514
0.248408
0.246209
0.266529
0.283478
0.264755
0.315735
0.245070
0.231260
0.286439
0.221389
0.251932
0.257452
0.244606
0.215664
0.216515
0.293022
0.240220
0.277313
0.250263
0.270088
0.259620
0.274823
0.286612
0.304478
0.283654
0.242828
0.220003
0.222247
0.223099
0.288608
0.233850
0.250900
0.292408
0.314374
0.279198
0.290767
0.352778
0.271440
0.267418
0.335483
0.304090
0.324627
0.271157
0.263002
0.252681
0.373074
0.292726
0.280088
0.296003
0.346946
0.401046
0.349759
0.342310
0.337613
0.329641
0.306963
0.343924
0.335736
0.294505
0.316509
0.356596
0.319601
0.277528
0.299063
0.288953
0.280414
0.267490
0.248730
0.278846
0.301875
0.267239
0.333165
0.285186
0.261865
0.274790
0.294085
0.211884
0.272157
0.218862
0.246055
0.235093
0.277348
0.343214
0.315472
0.283148
0.335295
0.377162
0.394494
0.427689
0.354482
0.337393
0.406282
0.372389
0.345722
0.324755
0.292227
0.259908
0.306081
0.305719
0.294203
0.202815
0.316762
0.322519
0.315223
0.305395
0.341712
0.312377
0.333948
0.290482
0.289272
0.276170
0.321593
0.356651
0.343161
0.308608
0.267312
0.276209
0.279309
0.372718
0.408160
0.326836
0.186013
0.219043
0.271227
0.301950
0.256001
0.253368
0.221182
0.255032
0.330282
0.278803
0.298380
0.375855
0.303402
0.315829
0.311659
0.315473
0.324302
0.272430
0.281863
0.260541
0.251281
0.271611
0.266628
0.268410
0.330280
0.240139
0.232096
0.264959
0.286707
0.275388
0.236980
0.263004
0.224025
0.226587
0.302445
0.259337
0.244742
0.236871
0.225089
0.234880
0.234771
0.227296
0.205901
0.200096
0.236592
0.196610
0.187357
0.193049
0.223164
0.201057
0.204735
0.187997
0.182513
0.222529
0.208081
0.183073
0.189706
0.189284
0.193154
0.219706
0.218177
0.217968
0.212376
0.219066
0.218032
0.219673
0.236013
0.233410
0.243413
0.279868
0.245016
0.236730
0.201593
0.213977
0.221350
0.214053
0.190166
0.240891
0.245373
0.204971
0.241171
0.216429
0.230818
0.224193
0.241107
0.207397
0.198992
0.239646
0.226332
0.208320
0.209101
0.211239
0.186994
0.195791
0.212899
0.190634
0.197358
0.197073
0.218040
0.202345
0.206582
0.236799
0.223812
0.202982
0.214447
0.205405
0.200636
0.221598
0.205122
0.210030
0.186034
0.203626
0.231211
0.231206
0.216939
0.209505
0.192947
0.203521
0.207828
0.191665
0.199106
0.196786
0.178161
0.203982
0.205654
0.205225
0.193053
0.181058
0.190315
0.193440
0.183918
0.195614
0.195506
0.203129
0.182264
0.230309
0.192246
0.189313
0.191985
0.190453
0.176077
0.186785
0.177316
0.175541
0.174844
0.177402
0.204470
0.207574
0.243940
0.206631
0.208982
0.207146
0.193343
0.240153
0.261533
0.274964
0.279454
0.184526
0.186802
0.245222
0.206123
0.290570
0.246293
0.246491
0.277315
0.283651
0.272540
0.263734
0.241998
0.262904
0.284512
0.285590
0.269301
0.270102
0.281141
0.314540
0.238044
0.254413
0.271105
0.247321
0.184499
0.228213
0.204095
0.221479
0.185597
0.216825
0.223590
0.202792
0.246477
0.227597
0.226694
0.261457
0.260852
0.245009
0.269944
0.274672
0.266408
0.261742
0.252908
0.243591
0.277232
0.296950
0.288977
0.233670
0.181621
0.188236
0.212331
0.253061
0.282518
0.239428
0.230084
0.270863
0.252018
0.227331
0.177967
0.180170
0.191505
0.215660
0.218255
0.227300
0.186043
0.248840
0.188190
0.221152
0.243092
0.263837
0.233387
0.236927
0.185645
0.190142
0.197151
0.237297
0.211905
0.186287
0.222137
0.234125
0.229236
0.275986
0.239426
0.237992
0.258031
0.300315
0.326983
0.282943
0.204678
0.202513
0.219813
0.191978
0.192193
0.307198
0.278464
0.277043
0.300194
0.221659
0.224113
0.201411
0.207290
0.181987
0.199951
0.214085
0.265006
0.307760
0.267997
0.250242
0.253624
0.287230
0.259459
0.239070
0.227001
0.211411
0.188742
0.199811
0.218072
0.188635
0.270834
0.198806
0.233567
0.194756
0.208813
0.198988
0.218536
0.226506
0.235262
0.233199
0.224690
0.214802
0.197082
0.212232
0.200456
0.199952
0.206461
0.227677
0.213692
0.202836
0.201806
0.190058
0.207142
0.218529
0.207962
0.211525
0.185756
0.200949
0.221560
0.199380
0.203906
0.197349
0.251317
0.245510
0.213862
0.213006
0.211482
0.237719
0.237964
0.243628
0.241383
0.245230
0.233548
0.224722
0.237002
0.241130
0.244050
0.216964
0.205818
0.203436
0.235155
0.229844
0.282204
0.282878
0.284945
0.274339
0.282026
0.315415
0.316518
0.291242
0.283450
0.302534
0.266548
0.286263
0.283659
0.277254
0.260204
0.248996
0.260027
0.269562
0.263801
0.255434
0.262479
0.253190
0.225997
0.255327
0.279394
0.276656
0.275190
0.256360
0.289643
0.294519
0.266865
0.258064
0.278497
0.281347
0.288813
0.276328
0.275045
0.270243
0.292060
0.290139
0.289629
0.290095
0.287032
0.320457
0.304368
0.304618
0.297574
0.292656
0.270841
0.290994
0.283729
0.274433
0.276856
0.284369
0.253437
0.249410
0.276320
0.278637
0.275751
0.272728
0.263544
0.260915
0.322272
0.321489
0.298606
0.286608
0.281738
0.262290
0.273970
0.254364
0.225567
0.243678
0.232330
0.238520
0.242259
0.244785
0.241692
0.239089
0.220439
0.218341
0.209249
0.219947
0.213109
0.247356
0.272623
0.269526
0.255002
0.257922
0.248840
0.275509
0.264045
0.290034
0.275748
0.268534
0.308042
0.333946
0.363710
0.350242
0.361377
0.355364
0.360064
0.370426
0.327781
0.321381
0.335761
0.312618
0.330920
0.309600
0.280909
0.292082
0.308456
0.301797
0.333660
0.302297
0.285818
0.339169
0.331731
0.317673
0.315542
0.379896
0.366121
0.342019
0.324898
0.349711
0.331343
0.328274
0.324226
0.312723
0.300409
0.288522
0.293618
0.298806
0.275173
0.286781
0.290953
0.302050
0.353662
0.310445
0.315009
0.305398
0.317497
0.321308
0.307068
0.321157
0.318490
0.308388
0.315503
0.311161
0.304930
0.306423
0.293787
0.324615
0.315782
0.341024
0.337355
0.309771
0.357356
0.365113
0.361203
0.374797
0.350382
0.348174
0.332583
0.338930
0.309130
0.260187
0.266200
0.299486
0.297522
0.297777
0.286921
0.299306
0.307993
0.311691
0.329773
0.336325
0.335858
0.314855
0.299760
0.309236
0.326174
0.316069
0.317240
0.320625
0.308663
0.327317
0.320201
0.299979
0.300440
0.292255
0.296105
0.294318
0.297211
0.322948
0.311626
0.303118
0.294041
0.279482
0.310554
0.292078
0.309696
0.304717
0.286845
0.223191
0.263888
0.263714
0.281625
0.300772
0.303685
0.309236
0.291900
0.335333
0.316852
0.308874
0.307878
0.324825
0.302218
0.328993
0.314968
0.321870
0.305817
0.306961
0.301189
0.293141
0.320335
0.325319
0.341095
0.350565
0.328424
0.322192
0.315319
0.306564
0.321729
0.312901
0.306917
0.323577
0.282749
0.300801
0.312184
0.336789
0.339987
0.329557
0.316073
0.285740
0.295561
0.308624
0.324220
0.313219
0.314852
0.336317
0.342830
0.346641
0.328729
0.312824
0.370208
0.346496
0.330697
0.323826
0.322826
0.345181
0.326172
0.318163
0.324499
0.324423
0.307346
0.305171
0.305176
0.296873
0.315351
0.331124
0.325105
0.302431
0.322149
0.327492
0.323108
0.313968
0.305741
0.310475
0.301045
0.277584
0.292358
0.333651
0.334502
0.312216
0.315217
0.330261
0.328556
0.332832
0.315885
0.312751
0.313143
0.336783
0.306386
0.267129
0.302680
0.304180
0.305005
0.304359
0.306387
0.294815
0.288836
0.264810
0.280862
0.268476
0.258975
0.300700
0.292796
0.296032
0.283179
0.298734
0.327961
0.312398
0.293891
0.291118
0.300729
0.290943
0.286172
0.268694
0.299736
0.282719
0.260970
0.276238
0.280865
0.267126
0.243986
0.236301
0.273858
0.275640
0.302757
0.273892
0.240039
0.267876
0.277447
0.267056
0.258870
0.269548
0.247509
0.302192
0.304821
0.286985
0.292292
0.304998
0.287017
0.290502
0.299125
0.281609
0.264596
0.265555
0.290977
0.299091
0.309235
0.261252
0.302684
0.307593
0.294351
0.244345
0.255945
0.239890
0.307407
0.303282
0.305955
0.282716
0.275882
0.245087
0.251065
0.277268
0.301899
0.293314
0.291606
0.317306
0.330331
0.297481
0.318915
0.291606
0.321508
0.293602
0.284314
0.305596
0.308095
0.313570
0.285559
0.294243
0.282355
0.269222
0.283353
0.277234
0.283644
0.269151
0.284842
0.277088
0.270078
0.272642
0.242776
0.251747
0.289190
0.280541
0.311685
0.314495
0.304670
0.275873
0.261530
0.240959
0.257122
0.254528
0.255799
0.292353
0.285839
0.285596
0.271639
0.288330
0.294988
0.294672
0.283959
0.292432
0.277907
0.259072
0.280183
0.294349
0.271073
0.293034
0.285488
0.257581
0.266976
0.289685
0.315782
0.301257
0.290223
0.300077
0.293210
0.300542
0.301005
0.306023
0.289369
0.247616
0.235367
0.245235
0.245663
0.263277
0.253704
0.270540
0.235159
0.238788
0.289366
0.293494
0.276234
0.282250
0.287406
0.288406
0.271389
0.258435
0.261141
0.262351
0.247302
0.253952
0.251494
0.242917
0.252955
0.270215
0.252879
0.250823
0.256231
0.270215
0.260886
0.277905
0.271712
0.241843
0.236828
0.238853
0.239674
0.250604
0.269970
0.248467
0.271180
0.282921
0.294635
0.288438
0.286164
0.271851
0.276689
0.294244
0.286796
0.268963
0.259924
0.274305
0.306773
0.267540
0.239887
0.285771
0.293705
0.288724
0.257116
0.267262
0.272700
0.271209
0.258682
0.252917
0.238814
0.317682
0.259453
0.262202
0.254058
0.249819
0.244161
0.243058
0.242951
0.267616
0.274337
0.284521
0.273163
0.248177
0.244369
0.261529
0.246119
0.251029
0.265582
0.273630
0.270248
0.255473
0.256364
0.261380
0.262808
0.270633
0.281563
0.275619
0.282345
0.283339
0.247888
0.253094
0.271388
0.264582
0.265194
0.254694
0.246611
0.263234
0.275015
0.267079
0.283876
0.263451
0.249031
0.266294
0.255115
0.260531
0.273020
0.286371
0.282309
0.251709
0.254370
0.262059
0.260532
0.263912
0.272342
0.292918
0.281061
0.276254
0.287574
0.295517
0.301782
0.309107
0.300671
0.294487
0.302852
0.282271
0.276825
0.265261
0.256932
0.293596
0.275905
0.257965
0.267822
0.267573
0.265869
0.249209
0.257280
0.249524
0.256827
0.257183
0.283555
0.273447
0.268891
0.262271
0.281278
0.288149
0.287007
0.280710
0.287008
0.269674
0.271664
0.289107
0.266188
0.270741
0.284158
0.271419
0.259098
0.253905
0.293736
0.299145
0.283843
0.277362
0.259281
0.258711
0.262662
0.300281
0.291919
0.308357
0.322567
0.340319
0.294085
0.298256
0.311782
0.331214
0.320504
0.310106
0.331855
0.319900
0.315626
0.310031
0.309212
0.342778
0.356086
0.334668
0.317582
0.300889
0.313485
0.299923
0.296975
0.323031
0.307010
0.305053
0.302632
0.304023
0.309001
0.312068
0.321248
0.335517
0.319251
0.315914
0.312173
0.315907
0.305050
0.313416
0.306723
0.285977
0.291990
0.297649
0.318468
0.313846
0.296722
0.296866
0.310493
0.342459
0.326408
0.328792
0.320743
0.327294
0.334594
0.325048
0.326551
0.325660
0.300777
0.302914
0.294728
0.319424
0.327829
0.314803
0.297286
0.325870
0.321248
0.318113
0.325305
0.297181
0.305691
0.307151
0.311172
0.312919
0.298431
0.310747
0.313806
0.313589
0.314234
0.314056
0.311457
0.306937
0.293086
0.286863
0.274583
0.294085
0.304020
0.319713
0.322777
0.302627
0.294763
0.283407
0.291276
0.300175
0.291663
0.312527
0.317869
0.304336
0.303765
0.281522
0.290598
0.305409
0.307398
0.301954
0.322702
0.322599
0.283091
0.283231
0.299926
0.290989
0.306476
0.299322
0.293655
0.300101
0.293340
0.299857
0.291203
0.297861
0.314266
0.299785
0.285549
0.314338
0.309747
0.295045
0.288537
0.299818
0.292771
0.306369
0.303089
0.295196
0.299608
0.307608
0.312311
0.305550
0.285829
0.304695
0.313413
0.307967
0.298427
0.309926
0.305159
0.303447
0.288928
0.280204
0.302029
0.323132
0.314730
0.314728
0.288250
0.280524
0.280984
0.289349
0.291024
0.285081
0.293444
0.283302
0.284047
0.298600
0.305263
0.300065
0.326578
0.309991
0.303555
0.298641
0.288497
0.278140
0.276431
0.297253
0.297080
0.289142
0.268992
0.272803
0.279597
0.282121
0.278142
0.279704
0.290065
0.295191
0.293335
0.291308
0.283872
0.295689
0.297720
0.282050
0.286361
0.295041
0.299278
0.293943
0.299384
0.293155
0.302881
0.308002
0.296609
0.308752
0.314941
0.304016
0.303798
0.284868
0.290095
0.292126
0.299283
0.304905
0.315151
0.280128
0.291913
0.311136
0.300882
0.307184
0.309314
0.310706
0.305865
0.296355
0.302836
0.305221
0.287534
0.289706
0.299702
0.295936
0.306395
0.303448
0.304436
0.294825
0.298923
0.309455
0.311058
0.314331
0.313015
0.312663
0.310673
0.314408
0.306217
0.325048
0.325229
0.318251
0.321169
0.314157
0.305793
0.299239
0.302909
0.306077
0.293407
0.291447
0.301096
0.303621
0.308502
0.305869
0.313269
0.301769
0.289065
0.295577
0.302627
0.301953
0.293122
0.301306
0.301698
0.304761
0.306895
0.295543
0.305616
0.313981
0.310881
0.324626
0.318106
0.323158
0.317860
0.324262
0.313018
0.309818
0.308637
0.311702
0.307782
0.311599
0.321452
0.328361
0.323946
0.328285
0.321275
0.344161
0.346689
0.338821
0.333377
0.323483
0.320561
0.322842
0.325115
0.307852
0.312731
0.307466
0.317968
0.315259
0.321739
0.323908
0.338248
0.345086
0.338924
0.327963
0.337112
0.344622
0.337969
0.330070
0.327751
0.327751
0.307684
0.328112
0.331701
0.321172
0.330353
0.336006
0.334228
0.322021
0.313232
0.318961
0.316115
0.330070
0.338221
0.333126
0.321669
0.316470
0.312735
0.314336
0.327540
0.316010
0.302515
0.330637
0.321948
0.320240
0.334945
0.330454
0.319812
0.316010
0.320886
0.339819
0.335228
0.331957
0.308456
0.325012
0.331313
0.335080
0.332132
0.331313
0.330597
0.341272
0.342098
0.344264
0.357579
0.347366
0.315399
0.308351
0.332734
0.340391
0.337505
0.336612
0.334869
0.334408
0.323908
0.319918
0.326467
0.333015
0.330024
0.337999
0.345972
0.341246
0.339678
0.346723
0.337825
0.342776
0.340138
0.332631
0.336398
0.345372
0.336862
0.328784
0.319421
0.310595
0.325044
0.338892
0.325974
0.339360
0.341488
0.334021
0.334233
0.332060
0.327572
0.325718
0.334156
0.330879
0.327467
0.327892
0.323910
0.320169
0.317676
0.311705
0.321665
0.316787
0.322802
0.330921
0.319345
0.317428
0.315760
0.326182
0.328814
0.326928
0.346509
0.340599
0.345086
0.342740
0.336967
0.335938
0.351025
0.347720
0.338069
0.341453
0.338288
0.358999
0.363416
0.359286
0.344475
0.349996
0.352448
0.369930
0.370818
0.363667
0.369008
0.368472
0.360961
0.357607
0.349040
0.339704
0.337219
0.332270
0.339244
0.345552
0.345900
0.346828
0.349533
0.334051
0.328715
0.340172
0.346510
0.348608
0.333153
0.327750
0.334260
0.340453
0.349073
0.347185
0.340990
0.339212
0.349741
0.358645
0.353732
0.350030
0.343448
0.346222
0.351416
0.342843
0.343904
0.351027
0.351882
0.351879
0.348076
0.345481
0.344907
0.347575
0.357293
0.354444
0.351313
0.354201
0.356370
0.351102
0.340782
0.349604
0.346045
0.348750
0.350956
0.348678
0.349996
0.349173
0.343444
0.341559
0.346900
0.347394
0.346045
0.342517
0.339497
0.357507
0.356862
0.352835
0.346254
0.340989
0.335153
0.340420
0.342626
0.354873
0.353631
0.352561
0.348965
0.339176
0.340381
0.345792
0.339748
0.352240
0.356582
0.348572
0.345723
0.341380
0.340950
0.350279
0.346686
0.351058
0.348858
0.353059
0.354624
0.357791
0.360317
0.364413
0.368864
0.369787
0.367081
0.361635
0.349634
0.350959
0.358253
0.357474
0.353059
0.348036
0.345585
0.354267
0.365297
0.363911
0.365763
0.355975
0.360350
0.369398
0.370105
0.369143
0.365585
0.362060
0.358000
0.357224
0.359316
0.357611
0.357221
0.358429
0.362171
0.356972
0.361317
0.359002
0.359602
0.363768
0.366122
0.368290
0.373375
0.373453
0.372281
0.366795
0.362239
0.361421
0.360137
0.358391
0.358359
0.365510
0.365656
0.364803
0.372315
0.377653
0.372780
0.370822
0.374377
0.383204
0.381498
0.371952
0.373415
0.376935
0.375729
0.372340
0.370464
0.371207
0.368578
0.375729
0.372130
0.377117
0.378325
0.377437
0.379362
0.372343
0.377938
0.373914
0.378325
0.379719
0.381350
0.378967
0.379924
0.380426
0.379284
0.380003
0.376761
0.377296
0.375439
0.375162
0.373838
0.374126
0.381817
0.378930
0.385373
0.380389
0.376258
0.377221
0.380502
0.380784
0.389220
0.387368
0.387438
0.384732
0.383096
0.380816
0.379464
0.380746
0.385231
0.387126
0.382530
0.384161
0.384447
0.382311
0.386196
0.389038
0.387689
0.386405
0.386089
0.384380
0.389538
0.388471
0.385761
0.384981
0.380784
0.380141
0.385272
0.388331
0.387868
0.386510
0.388929
0.390602
0.389896
0.388542
0.387651
0.388259
0.390428
0.387970
0.391633
0.389894
0.389080
0.389785
0.388007
0.389711
0.389109
0.391384
0.390497
0.387757
0.391958
0.390715
0.390252
0.391960
0.390070
0.393674
0.394484
0.391926
0.390849
0.394128
0.386973
0.387400
0.392568
0.392032
0.387829
0.390070
0.389679
0.390605
0.389216
0.388648
0.390571
0.390039
0.390464
0.388932
0.388008
0.388820
0.388115
0.392597
0.391779
0.390396
0.389787
0.392601
0.391283
0.392631
0.389071
0.389892
0.391777
0.390567
0.389110
0.388579
0.389075
0.387760
0.390039
0.388038
0.389997
0.390537
0.390537
0.389615
0.390001
0.392315
0.388687
0.389892
0.390675
0.391819
0.390322
0.391598
0.391246
0.389214
0.392992
0.391570
0.392343
0.391286
0.392098
0.392243
0.394770
0.397086
0.393423
0.394125
0.395625
0.393665
0.392637
0.395730
0.398085
0.396020
0.394663
0.394130
0.392739
0.394589
0.391246
0.395192
0.396335
0.395625
0.390176
0.392735
0.395199
0.391985
0.396227
0.397585
0.401705
0.396332
0.392702
0.400000
0.400573
0.396014
0.397861
0.397972
0.396654
0.393916
0.392345
0.396977
0.394199
0.393130
0.398826
0.399787
0.396976
0.396585
0.398543
0.399036
0.397829
0.396584
0.395582
0.394801
0.396657
0.395662
0.394981
0.395553
0.394662
0.392955
0.395370
0.397186
0.394558
0.395731
0.393803
0.397049
0.394268
0.399396
0.398860
0.398860
0.393485
0.397297
0.395485
0.396585
0.397186
0.395404
0.395869
0.400565
0.396904
0.393805
0.397471
0.396225
0.400427
0.400146
0.395516
0.395939
0.400250
0.398899
0.396904
0.398438
0.399324
0.393771
0.397442
0.395481
0.399109
0.397368
0.397439
0.396588
0.395122
0.395159
0.394159
0.393699
0.393736
0.395051
0.398829
0.397721
0.395767
0.399042
0.396582
0.396613
0.396617
0.393696
0.394912
0.397686
0.397576
0.398189
0.396798
0.397151
0.395263
0.396543
0.395267
0.399251
0.398859
0.401745
0.397972
0.397079
0.400425
0.399497
0.396585
0.397474
0.398679
0.398254
0.398900
0.397512
0.395199
0.400359
0.407863
0.399786
0.406186
0.399783
0.403133
0.400533
0.405696
0.402064
0.401560
0.401638
0.397751
0.402490
0.399784
0.401207
0.403205
0.398542
0.395372
0.395372
0.399609
0.395372
0.398001
0.398932
0.396898
0.399784
0.397004
0.396974
0.398364
0.396045
0.397437
0.399323
0.400638
0.401249
0.401745
0.401638
0.397617
0.396582
0.398544
0.397157
0.397617
0.398859
0.394701
0.398469
0.399324
0.398930
0.399395
0.400818
0.400999
0.398574
0.403480
0.402242
0.398112
0.399074
0.396720
0.396790
0.399292
0.395299
0.397544
0.400283
0.399504
0.394731
0.395971
0.398859
0.397755
0.398472
0.397829
0.396720
0.396720
0.398217
0.398290
0.400102
0.396230
0.396509
0.396155
0.399400
0.398290
0.393698
0.396829
0.396900
0.399066
0.395196
0.394091
0.398787
0.398543
0.398543
0.399891
0.397689
0.400430
0.401674
0.400562
0.402136
0.398543
0.398930
0.398856
0.399319
0.401210
0.404025
0.401818
0.403628
0.400999
0.400853
0.399966
0.402600
0.402600
0.400786
0.398217
0.400562
0.400072
0.400928
0.398113
0.400460
0.398290
0.395586
0.400605
0.401106
0.401492
0.399532
0.401489
0.401285
0.395866
0.399400
0.397289
0.397824
0.395582
0.399709
0.398930
0.399115
0.401210
0.399428
0.402705
0.400500
0.400147
0.397182
0.397648
0.397833
0.395481
0.396477
0.397833
0.398608
0.397439
0.399146
0.396796
0.399146
0.398758
0.398112
0.398579
0.398574
0.399783
0.399008
0.396584
0.399066
0.400102
0.400430
0.399250
0.397436
0.397440
0.397289
0.396514
0.394087
0.395760
0.398148
0.396257
0.394015
0.394913
0.394264
0.393231
0.395970
0.393265
0.397290
0.396007
0.395686
0.393522
0.394299
0.391948
0.396763
0.394941
0.393804
0.393833
0.389781
0.392873
0.394299
0.392873
0.391243
0.391243
0.387503
0.388782
0.390170
0.388746
0.389673
0.385192
0.386007
0.389988
0.388466
0.386580
0.386119
0.389287
0.388358
0.389857
0.388782
0.388782
0.391168
0.391739
0.388071
0.388004
0.389601
0.386895
0.386399
0.389680
0.387254
0.389990
0.387357
0.389708
0.387361
0.388825
0.389601
0.389216
0.388567
0.388325
0.387401
0.386786
0.389603
0.390847
0.390138
0.393417
0.388820
0.388825
0.386714
0.388254
0.387002
0.389571
0.390036
0.388497
0.386685
0.385833
0.388391
0.390354
0.389463
0.387715
0.386681
0.384125
0.385902
0.386608
0.384511
0.382125
0.387257
0.385828
0.386790
0.382945
0.385754
0.384443
0.386828
0.383588
0.384907
0.386076
0.387931
0.388746
0.387819
0.388426
0.385477
0.387257
0.388106
0.385222
0.383977
0.383406
0.385442
0.387609
0.384759
0.380958
0.385116
0.386898
0.384725
0.387469
0.386685
0.386504
0.390354
0.389427
0.388254
0.388106
0.385438
0.387328
0.385758
0.389391
0.387075
0.385334
0.387075
0.386076
0.385725
0.385299
0.386221
0.382408
0.386043
0.384725
0.384796
0.383725
0.384371
0.383589
0.386790
0.386898
0.390244
0.382413
0.386432
0.384157
0.385651
0.383726
0.385581
0.384725
0.383799
0.381917
0.385088
0.386790
0.383619
0.383799
0.384578
0.381629
0.382413
0.384080
0.384549
0.384080
0.379883
0.383978
0.385399
0.385292
0.385369
0.387791
0.388105
0.387330
0.383589
0.384335
0.382871
0.383020
0.383336
0.382799
0.385612
0.381554
0.381094
0.384052
0.386222
0.382591
0.379355
0.380061
0.379598
0.384907
0.385403
0.381625
0.383908
0.380739
0.384052
0.384475
0.381347
0.387148
0.387039
0.384296
0.381203
0.380702
0.385897
0.385684
0.387286
0.388286
0.387286
0.389313
0.386760
0.387253
0.386326
0.385899
0.385546
0.386900
0.385436
0.386399
0.383120
0.384012
0.384366
0.387960
0.389241
0.386152
0.388781
0.386931
0.385687
0.387927
0.387647
0.384366
0.384219
0.382976
0.384548
0.385938
0.384973
0.383584
0.383120
0.380203
0.385120
0.387750
0.385045
0.386895
0.386582
0.383086
0.383158
0.384048
0.387542
0.385190
0.383693
0.381878
0.385655
0.384010
0.382302
0.383339
0.385691
0.386644
0.386222
0.385833
0.384337
0.384193
0.383690
0.384190
0.383336
0.384337
0.383799
0.381873
0.381840
0.380985
0.382375
0.382375
0.380450
0.381451
0.380917
0.379989
0.380527
0.380451
0.384657
0.384156
0.381916
0.380988
0.380061
0.380101
0.380524
0.382559
0.383339
0.381417
0.379028
0.383475
0.381198
0.386006
0.381417
0.378455
0.382694
0.380101
0.382767
0.381987
0.380135
0.381949
0.379281
0.380487
0.380061
0.380061
0.381379
0.380807
0.379097
0.379565
0.380917
0.379028
0.380028
0.380881
0.380418
0.378321
0.381272
0.382733
0.382697
0.384048
0.381379
0.381342
0.381124
0.381733
0.377532
0.379918
0.380028
0.379601
0.381771
0.378957
0.380066
0.379526
0.377324
0.378636
0.379174
0.382302
0.381063
0.380028
0.378821
0.381063
0.379212
0.378888
0.377609
0.378388
0.378069
0.383477
0.382164
0.383124
0.381018
0.381982
0.382090
0.380810
0.381198
0.381629
0.380240
0.380775
0.380347
0.380201
0.380344
0.382232
0.375679
0.380418
0.381306
0.381882
0.380275
0.382126
0.379386
0.382416
0.388178
0.388427
0.387109
0.386717
0.383444
0.387642
0.382407
0.385011
0.385048
0.382976
0.383623
0.382661
0.385120
0.380560
0.386931
0.381456
0.383835
0.381555
0.380485
0.386613
0.380554
0.381203
0.382662
0.381662
0.383049
0.382274
0.384012
0.386145
0.386330
0.388496
0.382126
0.382589
0.382869
0.382943
0.379745
0.386469
0.387539
0.385075
0.384759
0.384293
0.384759
0.383442
0.383977
0.383408
0.383555
0.382834
0.384686
0.384686
0.381057
0.384755
0.386256
0.383053
0.391956
0.387257
0.386613
0.389461
0.388393
0.387286
0.391026
0.390560
0.389814
0.389739
0.386789
0.389739
0.389422
0.388885
0.392556
0.390664
0.392165
0.391273
0.386641
0.391023
0.393376
0.394687
0.389742
0.386970
0.388995
0.395543
0.394260
0.392703
0.396009
0.397929
0.394334
0.391774
0.391238
0.393018
0.392518
0.397250
0.395187
0.397325
0.395192
0.391415
0.390560
0.392910
0.392096
0.390169
0.392373
0.389205
0.393765
0.401272
0.409674
0.407576
0.403662
0.402198
0.399636
0.393945
0.395258
0.395440
0.392164
0.395753
0.392342
0.392804
0.396753
0.395900
0.394511
0.393196
0.390918
0.393192
0.391667
0.392522
0.391984
0.389962
0.387960
0.388570
0.388035
0.386931
0.390592
0.389739
0.387924
0.392952
0.399315
0.400281
0.399280
0.398359
0.398744
0.403304
0.404654
0.402377
0.399708
0.401706
0.395722
0.392730
0.402272
0.400029
0.400027
0.400137
0.396575
0.394405
0.393945
0.398322
0.399427
0.395188
0.397075
0.396932
0.396932
0.398820
0.395263
0.401093
0.398146
0.398926
0.400137
0.395079
0.395542
0.397857
0.396397
0.395934
0.397789
0.397897
0.397117
0.397216
0.398359
0.396932
0.394764
0.395727
0.395542
0.399526
0.397042
0.400528
0.400990
0.397933
0.398175
0.395401
0.396789
0.397897
0.396575
0.399422
0.398463
0.396999
0.399921
0.398606
0.400598
0.401873
0.397429
0.399278
0.400388
0.399883
0.398140
0.395792
0.397252
0.397789
0.394551
0.395617
0.396653
0.396007
0.398820
0.397042
0.396501
0.397429
0.394761
0.395371
0.396575
0.393907
0.397114
0.393409
0.395337
0.396577
0.397114
0.395651
0.396117
0.397505
0.394332
0.397502
0.394021
0.393557
0.394764
0.396117
0.394836
0.393409
0.392942
0.394370
0.395576
0.397426
0.392551
0.393586
0.391694
0.391562
0.393660
0.393268
0.393264
0.393656
0.391026
0.394897
0.392266
0.394331
0.397111
0.396648
0.394829
0.395794
0.395829
0.394587
0.394977
0.393551
0.395329
0.395051
0.394122
0.394547
0.393515
0.390806
0.389529
0.392733
0.392733
0.395870
0.395722
0.398353
0.395723
0.396367
0.398926
0.399743
0.400244
0.400058
0.396117
0.399283
0.398820
0.398392
0.397574
0.396367
0.397426
0.398463
0.397962
0.399073
0.396756
0.396222
0.397682
0.398816
0.407862
0.404621
0.404121
0.406189
0.401946
0.400670
0.403304
0.400282
0.400598
0.399743
0.401170
0.399924
0.400281
0.402597
0.397111
0.401093
0.407790
0.409246
0.412949
0.408395
0.405831
0.406794
0.405943
0.402272
0.401992
0.399534
0.402946
0.404981
0.407503
0.402553
0.405867
0.404833
0.401133
0.406686
0.406724
0.404516
0.404373
0.409354
0.406506
0.404264
0.399388
0.401131
0.402482
0.402092
0.403444
0.403516
0.402699
0.403273
0.402737
0.403944
0.402238
0.400528
0.402451
0.403340
0.400673
0.399280
0.401987
0.402451
0.398672
0.400207
0.402098
0.402839
0.401133
0.400633
0.400598
0.402948
0.400391
0.401242
0.401629
0.402667
0.402238
0.401887
0.404093
0.401777
0.403053
0.401811
0.402200
0.403981
0.400709
0.403166
0.400704
0.399888
0.397755
0.396756
0.394976
0.395510
0.395900
0.394658
0.396009
0.395581
0.394655
0.396541
0.395007
0.398323
0.394225
0.394835
0.393556
0.394480
0.391777
0.392129
0.392592
0.393942
0.393627
0.391774
0.392308
0.393088
0.391698
0.391844
0.391774
0.390919
0.391918
0.390066
0.391382
0.388031
0.390919
0.391382
0.393345
0.393658
0.390099
0.391102
0.390530
0.389920
0.390845
0.392345
0.392270
0.391490
0.390491
0.388212
0.390454
0.392808
0.393164
0.391235
0.390028
0.389711
0.390602
0.387858
0.389213
0.389138
0.390028
0.394623
0.395976
0.394623
0.392345
0.392701
0.390809
0.395079
0.398714
0.397401
0.400960
0.398284
0.403834
0.406652
0.401488
0.394411
0.399070
0.399642
0.396823
0.399534
0.402271
0.398711
0.396860
0.396937
0.399715
0.400178
0.403480
0.399638
0.400808
0.399675
0.397715
0.409784
0.402383
0.406612
0.402735
0.399179
0.400421
0.399458
0.400101
0.400601
0.396857
0.395615
0.395225
0.400101
0.395440
0.400601
0.398428
0.398040
0.397966
0.394373
0.398431
0.402987
0.397966
0.394941
0.398969
0.400600
0.401598
0.396392
0.395150
0.395581
0.396860
0.395973
0.397608
0.396222
0.394901
0.399534
0.399106
0.396292
0.397534
0.396189
0.397111
0.395409
0.398179
0.392551
0.395826
0.395047
0.394658
0.396933
0.393656
0.396009
0.396288
0.396902
0.392127
0.393405
0.393091
0.396295
0.394229
0.398433
0.397434
0.400171
0.400065
0.398103
0.396216
0.397502
0.394016
0.395870
0.397679
0.397936
0.397006
0.397469
0.395692
0.395546
0.393732
0.394976
0.393941
0.394873
0.393978
0.398358
0.395337
0.390024
0.394051
0.391881
0.393766
0.392912
0.395650
0.392878
0.393912
0.395079
0.395335
0.395650
0.395619
0.396472
0.395438
0.395051
0.394587
0.397256
0.396828
0.402126
0.395263
0.395014
0.391383
0.391697
0.395826
0.392733
0.390491
0.390489
0.391562
0.389814
0.392518
0.395156
0.394691
0.392194
0.395829
0.396860
0.396509
0.396009
0.398860
0.397506
0.393053
0.394330
0.393731
0.388002
0.392556
0.388958
0.388681
0.389035
0.390533
0.390845
0.392979
0.393058
0.393843
0.394119
0.394303
0.393693
0.392878
0.395405
0.391628
0.393480
0.394013
0.389205
0.389354
0.392371
0.394225
0.387677
0.392876
0.427436
0.440888
0.379378
0.399454
0.423659
0.426401
0.418895
0.407608
0.402271
0.392910
0.388109
0.384971
0.389354
0.388352
0.391628
0.392628
0.391128
0.391203
0.393910
0.394260
0.391667
0.387673
0.390063
0.394303
0.397003
0.397966
0.397429
0.392342
0.391173
0.395227
0.396650
0.397966
0.395870
0.391667
0.390707
0.393091
0.389205
0.393125
0.388890
0.391123
0.390887
0.393942
0.391131
0.393942
0.392054
0.391952
0.397111
0.397043
0.396433
0.391735
0.396078
0.390806
0.391488
0.392620
0.391806
0.390777
0.387573
0.392200
0.393052
0.393052
0.394691
0.396933
0.396009
0.392881
0.389850
0.400135
0.394513
0.394190
0.391063
0.390563
0.389917
0.386717
0.388568
0.390809
0.391492
0.392771
0.390809
0.388995
0.398036
0.397147
0.395871
0.394835
0.392342
0.398966
0.394122
0.391305
0.394225
0.389951
0.387214
0.386751
0.385011
0.390951
0.386361
0.390813
0.390849
0.392701
0.390664
0.389959
0.387779
0.387568
0.389461
0.389422
0.391235
0.387568
0.391844
0.388253
0.391487
0.392730
0.394301
0.393657
0.397829
0.393233
0.394659
0.392598
0.387434
0.387821
0.392629
0.392128
0.389960
0.389497
0.385651
0.385299
0.393235
0.392416
0.394267
0.392487
0.389212
0.389857
0.389603
0.386221
0.387356
0.392984
0.392591
0.394900
0.395511
0.399070
0.400494
0.399681
0.393161
0.393091
0.396150
0.400461
0.400180
0.395792
0.392774
0.398501
0.396614
0.394837
0.393914
0.395376
0.396328
0.399993
0.394153
0.398684
0.401883
0.397220
0.401881
0.402842
0.402735
0.406084
0.400670
0.401241
0.399892
0.399356
0.399282
0.399536
0.400781
0.402632
0.402558
0.398142
0.399997
0.399997
0.398752
0.399528
0.400314
0.403872
0.400925
0.400533
0.400957
0.400641
0.398252
0.401567
0.398323
0.398322
0.400953
0.399785
0.399324
0.400490
0.398396
0.396896
0.396438
0.397646
0.400033
0.396825
0.399785
0.400026
0.399677
0.402878
0.400097
0.400210
0.401211
0.399356
0.395121
0.401134
0.401134
0.401207
0.398429
0.398963
0.398111
0.397929
0.395902
0.396048
0.395583
0.397753
0.399069
0.400925
0.398143
0.401421
0.401951
0.401137
0.398395
0.399530
0.399175
0.398855
0.396798
0.396331
0.395406
0.397723
0.396260
0.396615
0.399816
0.398217
0.398499
0.399353
0.397723
0.397466
0.394264
0.397079
0.395192
0.397614
0.392487
0.398573
0.400146
0.402133
0.399892
0.399968
0.399999
0.399921
0.399607
0.401464
0.401459
0.399146
0.399677
0.397899
0.398217
0.395299
0.395686
0.397574
0.395686
0.395299
0.397394
0.396007
0.393340
0.393414
0.399892
0.400279
0.401283
0.400710
0.402387
0.398501
0.401387
0.395225
0.398036
0.402343
0.401137
0.401210
0.401923
0.399891
0.400428
0.402778
0.403166
0.398683
0.400144
0.398184
0.396869
0.395869
0.399890
0.396720
0.400566
0.399681
0.399218
0.393699
0.398325
0.397547
0.396544
0.397722
0.397079
0.397688
0.396618
0.394838
0.389858
0.397617
0.393416
0.395659
0.393951
0.393339
0.395340
0.392490
0.391635
0.397331
0.394554
0.391919
0.393339
0.393412
0.393877
0.392525
0.398186
0.393201
0.394622
0.392739
0.391706
0.398863
0.395090
0.398939
0.395267
0.395267
0.391639
0.393097
0.393564
0.387790
0.383276
0.391846
0.392063
0.393803
0.395338
0.396727
0.397116
0.392916
0.392488
0.386544
0.386011
0.386934
0.390679
0.395907
0.396332
0.394199
0.394163
0.393307
0.390640
0.389821
0.392453
0.390602
0.389109
0.390178
0.390139
0.391030
0.391751
0.393273
0.394382
0.393735
0.388759
0.396657
0.390706
0.395695
0.391565
0.396690
0.396657
0.389717
0.396192
0.390175
0.392318
0.390463
0.388189
0.388540
0.385694
0.386934
0.383341
0.387011
0.388896
0.387151
0.388079
0.388115
0.385019
0.387219
0.383910
0.389037
0.388966
0.390533
0.392348
0.393167
0.391923
0.391461
0.392493
0.393312
0.390606
0.391641
0.390675
0.394453
0.389924
0.388219
0.388864
0.389394
0.379891
0.383593
0.387977
0.387792
0.388827
0.387938
0.389288
0.389328
0.389862
0.386549
0.385196
0.390715
0.388755
0.389145
0.389148
0.391033
0.386088
0.385232
0.387472
0.382953
0.387897
0.386511
0.385695
0.390751
0.387511
0.385583
0.389932
0.387974
0.395410
0.395056
0.391816
0.390929
0.390925
0.388648
0.386978
0.391070
0.392492
0.393992
0.393101
0.392637
0.391921
0.388718
0.386476
0.390534
0.390501
0.388648
0.386727
0.388966
0.391391
0.388155
0.389079
0.390501
0.389003
0.383946
0.387438
0.387718
0.388365
0.388326
0.387434
0.391210
0.386659
0.388397
0.388434
0.388085
0.386159
0.389860
0.390822
0.388643
0.392030
0.390710
0.390710
0.385231
0.387902
0.388215
0.385015
0.391287
0.390710
0.390358
0.390320
0.386727
0.387155
0.387686
0.384486
0.392779
0.391819
0.391431
0.386192
0.385727
0.385024
0.389188
0.385338
0.390755
0.391073
0.390143
0.391070
0.387905
0.388259
0.390501
0.391963
0.393706
0.390786
0.389713
0.393493
0.388788
0.387902
0.389289
0.389751
0.395487
0.390356
0.388934
0.391355
0.395061
0.395798
0.396338
0.398116
0.397081
0.394380
0.392671
0.395484
0.395981
0.394167
0.393240
0.394346
0.393318
0.393168
0.396200
0.394739
0.392314
0.392634
0.396129
0.392602
0.398298
0.396798
0.397906
0.394629
0.394702
0.396369
0.393853
0.393811
0.392883
0.392883
0.394422
0.391141
0.389292
0.388827
0.387941
0.387828
0.396229
0.391145
0.395844
0.392349
0.395269
0.395660
0.395664
0.396834
0.396229
0.395484
0.396262
0.394561
0.399721
0.398298
0.396589
0.402422
0.400182
0.403531
0.403458
0.396053
0.397056
0.399757
0.396410
0.400682
0.398758
0.399223
0.398686
0.395557
0.398728
0.394025
0.393987
0.394308
0.393919
0.393420
0.397728
0.398400
0.399754
0.401469
0.402393
0.407095
0.403636
0.404875
0.403813
0.402389
0.401389
0.402242
0.402466
0.401247
0.401394
0.402711
0.404565
0.405802
0.400820
0.405341
0.401292
0.404491
0.404099
0.402322
0.400820
0.398938
0.402140
0.402710
0.406729
0.406450
0.403172
0.400751
0.400820
0.401858
0.401358
0.398656
0.404133
0.400539
0.404562
0.404985
0.401465
0.405596
0.404096
0.405596
0.403708
0.404096
0.397052
0.400820
0.400044
0.398400
0.404486
0.405667
0.408299
0.400287
0.398866
0.404099
0.404026
0.406264
0.402958
0.406196
0.407195
0.407121
0.409082
0.410081
0.405030
0.405270
0.408694
0.405733
0.406269
0.406552
0.406194
0.407512
0.406699
0.407586
0.406480
0.402280
0.407942
0.407018
0.409183
0.408260
0.412849
0.407869
0.405704
0.402812
0.404308
0.403349
0.404845
0.404812
0.402669
0.407015
0.403670
0.407942
0.404241
0.408974
0.406091
0.411718
0.411534
0.415811
0.410607
0.410498
0.406909
0.412499
0.413496
0.409188
0.413778
0.408260
0.411534
0.411606
0.409188
0.409617
0.413852
0.411686
0.410220
0.411718
0.409436
0.406272
0.411791
0.411252
0.406869
0.411070
0.415666
0.417874
0.416594
0.413674
0.414319
0.414634
0.411749
0.411891
0.401818
0.408974
0.407015
0.407973
0.406269
0.406269
0.407584
0.405416
0.407343
0.411215
0.411791
0.410864
0.403067
0.405954
0.402990
0.406340
0.406340
0.407298
0.407764
0.408336
0.409727
0.407689
0.407692
0.409727
0.409541
0.410005
0.410185
0.408232
0.409082
0.410397
0.408155
0.409541
0.411894
0.411042
0.412500
0.411037
0.411223
0.411890
0.411574
0.411117
0.409648
0.408409
0.409547
0.408153
0.412896
0.411968
0.407767
0.405341
0.407298
0.409974
0.407124
0.410864
0.410717
0.413565
0.411144
0.408974
0.407552
0.411686
0.404772
0.407195
0.406552
0.408513
0.410011
0.409470
0.410861
0.411896
0.405266
0.406984
0.402173
0.400751
0.410189
0.405447
0.405055
0.405982
0.403850
0.406163
0.408586
0.406090
0.407943
0.409900
0.409900
0.407090
0.407975
0.409754
0.410756
0.405775
0.408333
0.408333
0.412071
0.412998
0.411677
0.412142
0.411253
0.412644
0.412106
0.410110
0.410293
0.412464
0.409754
0.412462
0.412071
0.411426
0.412924
0.414313
0.410365
0.413178
0.411534
0.412458
0.414032
0.414240
0.412462
0.410756
0.407198
0.403917
0.408302
0.406840
0.402572
0.408900
0.407195
0.411395
0.410470
0.407195
0.409650
0.409727
0.409509
0.412429
0.404671
0.405876
0.411785
0.408619
0.411395
0.406197
0.407840
0.412355
0.413708
0.415061
0.414281
0.414170
0.416947
0.414314
0.412929
0.412073
0.412997
0.410651
0.416810
0.408687
0.417233
0.416308
0.417307
0.416767
0.418234
0.412251
0.412715
0.410217
0.407163
0.405667
0.411291
0.405443
0.408511
0.408870
0.408126
0.407481
0.414419
0.412790
0.415527
0.411681
0.415992
0.414495
0.415988
0.411143
0.413029
0.412819
0.413672
0.411788
0.412175
0.413102
0.415525
0.410291
0.412715
0.411896
0.411506
0.414674
0.413818
0.409727
0.408764
0.409727
0.411041
0.410114
0.406522
0.410648
0.409794
0.408869
0.408872
0.404094
0.406522
0.408153
0.406594
0.406236
0.407271
0.408511
0.408511
0.406804
0.405845
0.409153
0.411009
0.411396
0.413822
0.412784
0.414673
0.414348
0.416527
0.418229
0.418026
0.412642
0.415597
0.416557
0.419909
0.418128
0.420909
0.419726
0.418906
0.415422
0.413995
0.413851
0.414315
0.412928
0.412038
0.412966
0.412784
0.415557
0.414315
0.413814
0.418664
0.410468
0.412891
0.414354
0.423179
0.421865
0.417918
0.420472
0.418379
0.417306
0.417233
0.416418
0.412604
0.417198
0.414851
0.417589
0.415387
0.420547
0.417310
0.417274
0.416064
0.415564
0.414283
0.415669
0.413746
0.415390
0.413710
0.414743
0.414278
0.415633
0.417450
0.417062
0.418621
0.421612
0.420299
0.418799
0.421793
0.430118
0.428562
0.424676
0.423009
0.429341
0.431689
0.426882
0.428269
0.426916
0.427844
0.425605
0.425530
0.426310
0.424676
0.425918
0.424288
0.424680
0.425069
0.427311
0.422612
0.422536
0.422152
0.416449
0.419332
0.421014
0.419548
0.421901
0.418407
0.421221
0.423609
0.418799
0.421296
0.422612
0.418338
0.421836
0.422537
0.422999
0.422147
0.423501
0.419482
0.421760
0.421684
0.422467
0.422927
0.419298
0.421688
0.421296
0.422612
0.419832
0.421404
0.418943
0.419338
0.420299
0.423113
0.420941
0.418872
0.420299
0.420760
0.421760
0.422223
0.425780
0.423926
0.424389
0.423075
0.421221
0.422536
0.419298
0.423113
0.421614
0.422614
0.420304
0.420193
0.419265
0.420973
0.422898
0.422508
0.424215
0.423105
0.424031
0.424288
0.421718
0.422824
0.418125
0.419548
0.420937
0.422789
0.420865
0.423643
0.421718
0.423360
0.422325
0.420052
0.424957
0.424495
0.422717
0.423292
0.420549
0.417306
0.421754
0.423857
0.418550
0.424212
0.418769
0.419234
0.420159
0.421475
0.418697
0.422435
0.422435
0.421398
0.420830
0.420159
0.419160
0.419624
0.418694
0.423825
0.420086
0.415955
0.420937
0.422898
0.423753
0.425172
0.418664
0.422325
0.425531
0.426849
0.427126
0.422689
0.422184
0.422257
0.423749
0.420935
0.421475
0.423929
0.420193
0.422505
0.422041
0.426173
0.426454
0.427564
0.427024
0.424395
0.420193
0.423541
0.421652
0.423541
0.422927
0.421116
0.422260
0.419725
0.419653
0.418230
0.415883
0.422041
0.419262
0.414490
0.422152
0.416596
0.417632
0.420082
0.424752
0.422720
0.421720
0.426174
0.424288
0.424676
0.420585
0.423213
0.423747
0.421938
0.423752
0.424680
0.423679
0.425069
0.425533
0.429586
0.425139
0.422401
0.419443
0.423293
0.414354
0.417838
0.422147
0.419262
0.415133
0.419518
0.420402
0.420478
0.421511
0.421474
0.418199
0.422507
0.418305
0.423714
0.417269
0.425065
0.425065
0.424784
0.420475
0.423822
0.419801
0.420262
0.420445
0.416245
0.414137
0.414250
0.417172
0.420085
0.419309
0.421658
0.415956
0.414565
0.411292
0.409017
0.409440
0.415782
0.417667
0.418312
0.415815
0.415815
0.418127
0.414178
0.411971
0.410440
0.408514
0.413750
0.413325
0.413822
0.414988
0.417845
0.417842
0.417955
0.422151
0.424925
0.426500
0.423115
0.417955
0.416844
0.424685
0.423216
0.418516
0.420830
0.423256
0.426493
0.422684
0.419371
0.416202
0.418589
0.417237
0.419903
0.418348
0.419272
0.414648
0.414104
0.406277
0.411862
0.413641
0.417489
0.411512
0.417099
0.416637
0.418913
0.411120
0.411579
0.413396
0.415243
0.413757
0.414536
0.414532
0.416389
0.410795
0.415996
0.415848
0.413719
0.409548
0.410476
0.406094
0.408443
0.410016
0.408843
0.411974
0.407307
0.419376
0.414862
0.414782
0.419766
0.417098
0.418135
0.418526
0.420227
0.417562
0.418523
0.415894
0.415144
0.409592
0.407347
0.411939
0.410620
0.407025
0.406210
0.409444
0.409052
0.410088
0.406032
0.406350
0.404145
0.408626
0.413434
0.414931
0.414500
0.412613
0.409875
0.408024
0.410730
0.409488
0.405673
0.412579
0.410730
0.414786
0.414287
0.412896
0.410654
0.406526
0.406634
0.408485
0.411014
0.409517
0.403998
0.410620
0.408347
0.409162
0.407886
0.408914
0.404821
0.410910
0.415291
0.412869
0.413224
0.416531
0.404898
0.407346
0.407499
0.405670
0.412298
0.410910
0.410449
0.411833
0.411548
0.409697
0.404891
0.409412
0.409741
0.410130
0.408064
0.413045
0.407709
0.410519
0.409484
0.411445
0.410875
0.408914
0.411192
0.410519
0.411802
0.411370
0.410203
0.407736
0.407032
0.407602
0.407602
0.403788
0.408063
0.408989
0.411583
0.405716
0.411658
0.407883
0.406883
0.409458
0.406424
0.406883
0.406105
0.409411
0.411729
0.409380
0.413152
0.410341
0.409878
0.412583
0.411729
0.411264
0.416004
0.412796
0.415963
0.410979
0.407961
0.408066
0.412340
0.410234
0.407988
0.410414
0.411340
0.408097
0.409130
0.415646
0.415147
0.410628
0.409130
0.412939
0.410309
0.406645
0.410265
0.412585
0.407496
0.411124
0.411839
0.415613
0.410806
0.413047
0.413691
0.411193
0.408918
0.408950
0.409635
0.408211
0.402973
0.408599
0.407208
0.404862
0.407066
0.410842
0.407527
0.403363
0.402054
0.406181
0.401269
0.402509
0.400731
0.406777
0.404260
0.400692
0.408245
0.404580
0.410021
0.407466
0.405578
0.407742
0.407390
0.404040
0.401376
0.405039
0.407597
0.402766
0.405004
0.402049
0.404508
0.401231
0.404398
0.408208
0.407357
0.406533
0.405898
0.407600
0.405178
0.407034
0.408596
0.408062
0.406818
0.406749
0.406673
0.406394
0.410380
0.410235
0.399632
0.407998
0.408283
0.408211
0.408062
0.407323
0.404326
0.400806
0.401838
0.405973
0.400268
0.397354
0.392090
0.402088
0.403334
0.403504
0.412590
0.409881
0.398525
0.399953
0.402161
0.401552
0.404757
0.401414
0.402582
0.402870
0.400128
0.398666
0.400596
0.401023
0.401658
0.400770
0.403228
0.404973
0.399702
0.403975
0.404902
0.403048
0.401232
0.402476
0.402404
0.401903
0.400882
0.408598
0.403827
0.397884
0.401947
0.403765
0.401519
0.401089
0.396044
0.401157
0.397110
0.405543
0.408846
0.406253
0.409423
0.403979
0.397285
0.393473
0.392338
0.396394
0.399491
0.402733
0.400879
0.397786
0.396539
0.393834
0.398637
0.395823
0.399349
0.393730
0.397003
0.398394
0.397394
0.394506
0.394650
0.397786
0.393509
0.395041
0.397993
0.397601
0.398529
0.399029
0.401345
0.403196
0.398883
0.398239
0.398420
0.390558
0.397569
0.397142
0.393408
0.391948
0.388736
0.390453
0.391660
0.393940
0.392440
0.398814
0.397604
0.402341
0.399455
0.395435
0.391050
0.393371
0.397424
0.398531
0.397247
0.396468
0.396931
0.390876
0.394078
0.396851
0.394504
0.396076
0.395576
0.397888
0.399386
0.397318
0.395504
0.396356
0.393617
0.396393
0.398705
0.396931
0.397779
0.394820
0.398171
0.398705
0.400907
0.395932
0.401984
0.402016
0.398095
0.397421
0.399631
0.401267
0.403693
0.407041
0.401415
0.397822
0.398134
0.396746
0.396710
0.393794
0.392757
0.393222
0.393722
0.393442
0.392412
0.400021
0.400416
0.397135
0.398633
0.401342
0.397138
0.398782
0.397283
0.396431
0.396820
0.392655
0.393582
0.394227
0.392726
0.390022
0.393969
0.394116
0.393435
0.399172
0.399416
0.397323
0.396359
0.400560
0.397779
0.396496
0.394939
0.394863
0.392256
0.391199
0.394828
0.394866
0.398460
0.390022
0.398919
0.395606
0.399603
0.396109
0.400418
0.397993
0.401270
0.399277
0.402910
0.397638
0.394003
0.398883
0.395572
0.400310
0.396603
0.398213
0.399384
0.406039
0.405112
0.400202
0.398531
0.401306
0.396569
0.397318
0.402942
0.392802
0.392652
0.396536
0.402125
0.399130
0.397855
0.396069
0.394400
0.393827
0.395718
0.398887
0.395718
0.395330
0.396182
0.397107
0.393332
0.396569
0.395646
0.393937
0.397532
0.394755
0.396606
0.398531
0.391620
0.391340
0.389489
0.393653
0.395431
0.391230
0.394226
0.394972
0.392622
0.396750
0.393657
0.395827
0.391620
0.396928
0.396537
0.400277
0.397037
0.396257
0.397032
0.396572
0.400417
0.394397
0.393267
0.396394
0.394969
0.393864
0.390271
0.388706
0.391409
0.392979
0.391630
0.392760
0.396329
0.398423
0.394686
0.397425
0.396851
0.395223
0.396390
0.397464
0.389914
0.390482
0.393976
0.389383
0.394791
0.401197
0.397961
0.396004
0.391514
0.395326
0.394862
0.393477
0.392904
0.393441
0.390271
0.391514
0.394012
0.394402
0.394936
0.396286
0.398063
0.396110
0.395251
0.396957
0.394718
0.394367
0.395714
0.393260
0.388131
0.397110
0.395898
0.399065
0.396750
0.393791
0.391518
0.398884
0.401552
0.399277
0.402623
0.398423
0.395146
0.400350
0.399667
0.398242
0.393722
0.396609
0.392652
0.394506
0.396073
0.395537
0.393791
0.397076
0.399172
0.397322
0.397105
0.397066
0.396606
0.398245
0.395609
0.397284
0.396820
0.395894
0.395507
0.397139
0.397286
0.395009
0.399169
0.397247
0.394358
0.393937
0.395894
0.397105
0.394863
0.393549
0.394471
0.396254
0.394042
0.396930
0.394581
0.395324
0.396178
0.395254
0.394939
0.395254
0.391479
0.393864
0.396645
0.394295
0.394866
0.392868
0.393940
0.395254
0.390737
0.391586
0.392256
0.393368
0.389062
0.397217
0.396573
0.391127
0.395827
0.393864
0.395254
0.396569
0.397604
0.396573
0.395646
0.395538
0.396851
0.399203
0.394999
0.400774
0.393755
0.395718
0.399845
0.398143
0.400776
0.400882
0.401345
0.397037
0.398456
0.399459
0.399774
0.396033
0.398388
0.397814
0.399668
0.402837
0.396858
0.398242
0.395464
0.399275
0.394328
0.397352
0.398995
0.400774
0.393682
0.393762
0.394540
0.394682
0.395817
0.396073
0.396962
0.397496
0.399455
0.398456
0.396679
0.398992
0.395179
0.398382
0.397066
0.397604
0.398063
0.397142
0.397678
0.397286
0.398529
0.395827
0.395182
0.393682
0.398456
0.399386
0.395074
0.396887
0.399351
0.401020
0.398705
0.395681
0.394256
0.394295
0.394682
0.397888
0.392056
0.395182
0.393292
0.393295
0.390094
0.394223
0.396573
0.400629
0.395926
0.390304
0.400592
0.397499
0.399346
0.397001
0.396962
0.392944
0.397105
0.395330
0.391486
0.387638
0.393262
0.396356
0.395359
0.394078
0.394149
0.389486
0.395999
0.395613
0.394227
0.391909
0.392579
0.391619
0.394116
0.395929
0.396468
0.399384
0.396679
0.397037
0.392757
0.398142
0.398245
0.397746
0.400378
0.399563
0.399130
0.398245
0.397634
0.398321
0.400171
0.400342
0.398142
0.397209
0.399029
0.399491
0.398916
0.397821
0.398987
0.400882
0.399024
0.399064
0.399459
0.398607
0.397142
0.398245
0.395827
0.395827
0.398142
0.398142
0.398424
0.400590
0.399921
0.398811
0.399309
0.400129
0.399811
0.398319
0.398738
0.399317
0.398171
0.394973
0.399948
0.399022
0.400595
0.399169
0.399204
0.400021
0.397209
0.400023
0.399561
