0.515141
0.516213
0.545835
0.517894
0.515789
0.522224
0.482478
0.444259
0.509580
0.447354
0.442930
0.477335
0.511813
0.512829
0.433783
0.382154
0.483085
0.496961
0.492683
0.524888
0.494841
0.511450
0.543627
0.518953
0.535677
0.534615
0.529330
0.545470
0.509580
0.521380
0.505341
0.495647
0.520375
0.592327
0.501648
0.456003
0.519381
0.581251
0.543768
0.566414
0.485369
0.558388
0.498268
0.536965
0.488594
0.515470
0.566036
0.527416
0.507020
0.542472
0.502742
0.516193
0.524859
0.532432
0.513153
0.562570
0.370454
0.487155
0.459593
0.603467
0.548548
0.391169
0.465208
0.513563
0.547963
0.527524
0.576469
0.494978
0.538988
0.526042
0.557444
0.518167
0.552061
0.591877
0.510397
0.539345
0.502381
0.563689
0.533700
0.517071
0.519260
0.527835
0.511693
0.521380
0.506352
0.534352
0.576229
0.552633
0.508604
0.533689
0.528342
0.490211
0.540808
0.559091
0.560190
0.553734
0.542988
0.549402
0.511809
0.534400
0.493191
0.559851
0.520127
0.510471
0.519780
0.577153
0.550512
0.556634
0.568486
0.594266
0.571732
0.526607
0.545479
0.511195
0.530583
0.524233
0.508734
0.488349
0.520643
0.521744
0.479872
0.529271
0.503554
0.472449
0.483704
0.488056
0.482725
0.489119
0.486319
0.451488
0.658868
0.601914
0.492802
0.451617
0.510369
0.561971
0.569032
0.524487
0.495004
0.486505
0.562756
0.531603
0.518695
0.491826
0.509049
0.556251
0.484284
0.499329
0.534828
0.480017
0.490737
0.546604
0.505822
0.474633
0.497176
0.507959
0.477884
0.512284
0.506923
0.534801
0.533759
0.506905
0.514394
0.518693
0.500443
0.485373
0.532677
0.545606
0.520926
0.483343
0.539176
0.509093
0.466066
0.409477
0.521542
0.463046
0.537294
0.347048
0.411471
0.538202
0.532277
0.582713
0.479305
0.486852
0.526554
0.490076
0.551038
0.511733
0.451660
0.512768
0.538619
0.514989
0.573041
0.575192
0.463108
0.619229
0.530111
0.498948
0.560185
0.519969
0.488880
0.493137
0.526522
0.618972
0.551235
0.510467
0.498701
0.531986
0.533034
0.538431
0.529849
0.483562
0.513752
0.483141
0.526098
0.522887
0.442363
0.504670
0.489619
0.502539
0.498261
0.524077
0.491826
0.518689
0.458573
0.501662
0.527411
0.526347
0.503730
0.531609
0.598464
0.415887
0.499152
0.535908
0.522043
0.574220
0.494695
0.520537
0.530253
0.540981
0.504424
0.511913
0.523116
0.494084
0.527405
0.490761
0.522909
0.479959
0.491878
0.526333
0.547354
0.533433
0.571163
0.537959
0.555723
0.507417
0.478394
0.512809
0.505253
0.512809
0.504223
0.475263
0.503165
0.474228
0.462488
0.510808
0.522644
0.459260
0.508181
0.479709
0.479229
0.463121
0.483538
0.481407
0.469595
0.487289
0.490012
0.485692
0.460462
0.462085
0.472841
0.455640
0.494300
0.478690
0.487838
0.490021
0.487838
0.494300
0.461001
0.483538
0.481381
0.480292
0.474383
0.472156
0.535386
0.462693
0.408834
0.548789
0.514394
0.578045
0.491043
0.495759
0.506334
0.527867
0.513937
0.520359
0.509729
0.544624
0.510288
0.545729
0.523175
0.579109
0.531954
0.532564
0.536896
0.543374
0.551983
0.517574
0.506880
0.544442
0.531609
0.531678
0.500520
0.507030
0.551081
0.537056
0.517574
0.526170
0.505808
0.574455
0.415887
0.512454
0.551616
0.512918
0.542891
0.522454
0.501041
0.520979
0.538395
0.563139
0.644629
0.479852
0.452281
0.490094
0.518619
0.542307
0.553075
0.528511
0.491591
0.542095
0.550746
0.573285
0.547062
0.585730
0.517032
0.501987
0.576042
0.547202
0.561794
0.583328
0.565244
0.546983
0.522312
0.531853
0.536393
0.653877
0.252862
0.507461
0.557654
0.534026
0.575962
0.586724
0.569524
0.633992
0.517969
0.535202
0.558048
0.517068
0.504126
0.389561
0.511235
0.466513
0.469488
0.497971
0.547383
0.566743
0.538284
0.543694
0.591003
0.559851
0.579291
0.569150
0.535913
0.618140
0.555296
0.583214
0.530168
0.501285
0.644677
0.711316
0.476099
0.510288
0.514989
0.554567
0.559345
0.551846
0.505596
0.517377
0.464091
0.548313
0.453717
0.494937
0.574540
0.505464
0.555509
0.439202
0.597036
0.674447
0.534755
0.424291
0.462904
0.569246
0.553032
0.594924
0.884615
0.582951
0.582504
0.510602
0.501060
0.612458
0.550194
0.506025
0.564392
0.494531
0.608265
0.342560
0.550573
0.496918
0.443960
0.568529
0.555670
0.437866
0.537951
0.352502
0.540728
0.634326
0.626636
0.568683
0.581577
0.509725
0.582739
0.709291
0.489968
0.551848
0.537524
0.474434
0.634606
0.618103
0.558316
0.847978
0.683225
0.303972
0.554233
0.713799
0.478050
0.557479
0.566376
0.391540
0.492439
0.548812
0.642246
0.608998
0.575598
0.548037
0.474879
0.521338
0.500345
0.612385
0.563555
0.585493
0.576172
0.591079
0.548413
0.609311
0.559893
0.600687
0.603261
0.616122
0.629483
0.583132
0.623334
0.567348
0.555512
0.622194
0.476502
0.639841
0.693043
0.704621
0.628729
0.593217
0.404523
0.594647
0.580743
0.672653
0.616281
0.618393
0.633765
0.640861
0.595814
0.622057
0.610286
0.508546
0.585888
0.601617
0.693682
0.605640
0.591677
0.579201
0.508387
0.583107
0.728216
0.605804
0.360814
0.368648
0.790014
0.551602
0.555845
0.651364
0.669370
0.665141
0.572386
0.282877
0.265990
0.567229
0.515947
0.000000
0.499803
0.584152
0.613289
0.649827
0.636471
0.650433
0.639771
0.740277
0.830261
0.424306
0.501974
0.734002
0.627347
0.791221
0.623795
0.644834
0.684768
0.685888
0.562313
0.611773
0.695732
0.654831
0.352739
0.676356
0.634449
0.538468
0.650145
0.613720
0.540296
0.652653
0.722606
0.791194
0.572470
0.607268
0.620018
0.680524
0.630066
0.597788
0.621544
0.683056
0.823505
0.652738
0.736175
0.671874
0.647813
0.672926
0.658551
0.589144
0.606921
0.653195
0.738241
0.614813
0.654723
0.676498
0.195757
0.516614
0.642342
0.596166
0.637056
0.593021
0.614459
0.562242
0.652462
0.616094
0.445999
0.581577
0.432624
0.559585
0.494517
0.627890
0.671190
0.556443
0.595092
0.674561
0.679412
0.563925
0.647680
0.705638
0.631466
0.631470
0.508114
0.638651
0.647313
0.638779
0.597575
0.598647
0.647980
0.656911
0.694633
0.665308
0.670559
0.685604
0.539898
0.581819
0.643104
0.633999
0.679120
0.637594
0.841670
0.693490
0.597516
0.573905
0.595338
0.541610
0.629091
0.604973
0.628607
0.577130
0.651227
0.644831
0.613646
0.623893
0.594333
0.657681
0.638348
0.607212
0.588951
0.614288
0.617440
0.634649
0.727052
0.642366
0.661610
0.632646
0.582072
0.584637
0.583543
0.646409
0.620062
0.535112
0.623190
0.611405
0.597459
0.640394
0.600681
0.639375
0.645868
0.605685
0.466183
0.789792
0.827366
0.485524
0.637354
0.557419
0.639096
0.777637
0.596804
0.551848
0.616181
0.662511
0.585838
0.634289
0.569811
0.628965
0.573685
0.614542
0.557601
0.601706
0.589963
0.644748
0.650138
0.532982
0.393355
0.450326
0.570571
0.818864
0.439820
0.497456
0.497081
0.588358
0.630927
0.769911
0.598355
0.400712
0.892250
0.582889
0.795376
0.574412
0.913765
0.874993
0.283114
1.000000
0.440531
0.666594
0.653911
0.433921
0.620036
0.770162
0.535212
0.565881
0.615778
0.545040
0.659593
0.591235
0.563555
0.626596
0.556405
0.567961
0.641030
0.586248
0.623334
0.761482
0.629694
0.609698
0.665625
0.624732
0.622711
0.668819
0.543154
0.601414
0.682834
0.655644
0.615054
0.619455
0.504378
0.661359
0.749031
0.350592
0.739231
0.590043
0.645499
0.657075
0.691979
0.686639
0.643808
0.639096
0.522349
0.670625
0.732168
0.667741
0.708462
0.653690
0.585991
0.618328
0.629106
0.652729
0.576004
0.626596
0.604036
0.650208
0.641647
0.609448
0.678241
0.644910
0.623424
0.620250
0.613262
0.627222
0.620231
0.639544
0.605137
0.579455
0.639000
0.588557
0.616525
0.582088
0.550403
0.598232
0.578916
0.638037
0.592951
0.595051
0.569290
0.628292
0.592323
0.665902
0.577921
0.591850
0.605775
0.617645
0.560757
0.771962
0.449181
0.492438
0.609615
0.263727
0.284186
0.688983
0.759477
0.519201
0.445754
0.783725
0.856623
0.628720
0.328509
0.645866
0.289386
0.583671
0.580438
0.595355
0.575070
0.602015
0.559723
0.596311
0.601791
0.538986
0.612084
0.564862
0.592772
0.573466
0.573466
0.559493
0.561709
0.563921
0.580601
0.544135
0.575287
0.553790
0.564977
0.545629
0.587605
0.540344
0.606881
0.530188
0.551022
0.598288
0.580086
0.545166
0.561805
0.586527
0.559610
0.546627
0.546708
0.568183
0.590694
0.568183
0.587505
0.542387
0.573534
0.558432
0.546658
0.607839
0.551983
0.518567
0.547020
0.519051
0.564196
0.549187
0.574949
0.626439
0.564172
0.562065
0.553472
0.583516
0.672143
0.583099
0.555204
0.674403
0.615471
0.622484
0.566673
0.523727
0.497364
0.524832
0.586048
0.554949
0.591869
0.516638
0.572493
0.561709
0.554307
0.524207
0.528485
0.611164
0.524128
0.655473
0.600616
0.425357
0.872051
0.796666
0.549135
0.582935
0.366530
0.522330
0.695123
0.565499
0.564723
0.547153
0.608434
0.516785
0.659630
0.547883
0.575590
0.552062
0.619749
0.621896
0.534962
0.591831
0.572156
0.611883
0.571062
0.557106
0.563575
0.498022
0.535654
0.524892
0.551845
0.582904
0.559344
0.612021
0.482031
0.467994
0.507618
0.597943
0.526969
0.545324
0.501390
0.563643
0.538538
0.594382
0.596648
0.492452
0.513992
0.545166
0.522644
0.569899
0.620417
0.543655
0.539367
0.515723
0.544739
0.484623
0.510415
0.478216
0.506173
0.537898
0.537475
0.519222
0.550354
0.516543
0.494019
0.533161
0.494019
0.539680
0.537506
0.487001
0.520346
0.517079
0.499904
0.519237
0.509042
0.524108
0.503686
0.514458
0.524108
0.478976
0.513410
0.527366
0.526297
0.505870
0.512332
0.503728
0.501550
0.514458
0.523050
0.518710
0.488647
0.508523
0.496708
0.518168
0.506900
0.488647
0.494035
0.532713
0.503708
0.514464
0.498926
0.506987
0.517749
0.525321
0.521043
0.517781
0.511340
0.531789
0.497396
0.525385
0.518935
0.474936
0.509283
0.523249
0.495354
0.528634
0.528658
0.527560
0.524365
0.483546
0.487835
0.507188
0.512526
0.541562
0.518988
0.531884
0.491024
0.508204
0.501768
0.491551
0.546898
0.536184
0.511456
0.529733
0.527618
0.499666
0.521139
0.496418
0.532979
0.500749
0.528675
0.499707
0.528704
0.510485
0.512114
0.508853
0.543783
0.500812
0.511548
0.499216
0.504584
0.505652
0.514795
0.502431
0.536274
0.505652
0.486330
0.492772
0.488484
0.497107
0.477775
0.532601
0.519709
0.511100
0.507859
0.510005
0.508976
0.530455
0.526083
0.485279
0.488520
0.542215
0.490677
0.506193
0.522861
0.513210
0.521771
0.516425
0.530407
0.527203
0.506806
0.539064
0.496124
0.501467
0.511158
0.518652
0.507912
0.491836
0.504707
0.509022
0.500419
0.514405
0.525136
0.459128
0.524037
0.497204
0.517611
0.549820
0.499329
0.500392
0.496093
0.493961
0.497145
0.502528
0.499303
0.531535
0.516495
0.504676
0.505728
0.491757
0.518610
0.471361
0.500392
0.493942
0.535892
0.527288
0.512249
0.521957
0.504718
0.495067
0.499388
0.467199
0.529552
0.530568
0.503741
0.512334
0.499442
0.511276
0.531673
0.526337
0.503758
0.508062
0.532773
0.515603
0.540334
0.541403
0.536030
0.524201
0.529584
0.522070
0.518819
0.526390
0.517771
0.519928
0.514555
0.511320
0.509193
0.529584
0.524201
0.513475
0.514554
0.513476
0.507042
0.532821
0.532821
0.511361
0.534993
0.509214
0.517782
0.518840
0.504911
0.493632
0.518358
0.504388
0.519965
0.461453
0.504388
0.532858
0.490998
0.529658
0.504388
0.529658
0.490426
0.492563
0.533936
0.504371
0.512409
0.522070
0.539278
0.556453
0.511320
0.531716
0.537109
0.507061
0.484497
0.512378
0.534963
0.568251
0.515630
0.530653
0.528543
0.524201
0.582249
0.509193
0.471620
0.513488
0.510303
0.507042
0.514562
0.523186
0.494150
0.521043
0.518840
0.526411
0.503827
0.511357
0.506540
0.509211
0.493654
0.542551
0.492575
0.519423
0.493654
0.518370
0.536589
0.495748
0.496339
0.557590
0.504388
0.507084
0.544144
0.507604
0.518370
0.532858
0.519967
0.492575
0.479682
0.523197
0.550081
0.509777
0.511909
0.494764
0.476461
0.546813
0.540334
0.507034
0.489817
0.509193
0.528521
0.522059
0.505936
0.513444
0.502688
0.517722
0.513444
0.503741
0.499442
0.480093
0.505875
0.505358
0.540254
0.517722
0.546701
0.506955
0.493010
0.515569
0.516654
0.542397
0.532746
0.532195
0.528435
0.520938
0.540313
0.527394
0.509140
0.506998
0.566052
0.520959
0.497317
0.527421
0.536015
0.526337
0.512387
0.542460
0.510203
0.497317
0.523126
0.522043
0.511277
0.537077
0.496242
0.505899
0.506942
0.505877
0.524158
0.511294
0.531709
0.520959
0.558564
0.512387
0.546745
0.538166
0.536015
0.511313
0.534926
0.507004
0.499479
0.512381
0.511251
0.505907
0.521978
0.503703
0.540234
0.557420
0.549896
0.529499
0.505857
0.541344
0.525195
0.531610
0.503618
0.487499
0.520793
0.493816
0.511038
0.555054
0.535757
0.563680
0.504590
0.484213
0.506752
0.514278
0.511057
0.499250
0.491797
0.501459
0.510043
0.507911
0.521862
0.526191
0.518610
0.543351
0.507859
0.515404
0.505684
0.485279
0.486388
0.543267
0.484172
0.504549
0.512105
0.505669
0.501322
0.478773
0.530850
0.553429
0.529722
0.483530
0.478153
0.534000
0.531864
0.459889
0.507115
0.537176
0.576955
0.575883
0.498457
0.516712
0.501650
0.534952
0.515495
0.501088
0.470892
0.466470
0.616703
0.584595
0.445042
0.387090
0.485834
0.513714
0.710926
0.587761
0.424661
0.541296
0.537018
0.496613
0.349824
0.465757
0.549503
0.605245
0.658528
0.654435
0.581536
0.480579
0.641591
0.521406
0.357486
0.538980
0.695682
0.759054
0.606607
0.700165
0.601371
0.713091
0.680809
0.585433
0.561709
0.696839
0.656551
0.551235
0.665136
0.492855
0.394490
0.578019
0.513550
0.557548
0.624180
0.479166
0.560939
0.482833
0.512485
0.717576
0.644923
0.677214
0.435551
0.539776
0.536455
0.603055
0.444149
0.570467
0.399073
0.525289
0.593176
0.619998
0.581170
0.605818
0.552786
0.512382
0.527330
0.455373
0.583184
0.552105
0.544537
0.558520
0.653064
0.552044
0.601514
0.521580
0.528022
0.579718
0.629176
0.521665
0.684923
0.501427
0.571239
0.533171
0.651384
0.627798
0.556938
0.621385
0.400847
0.551626
0.554780
0.534383
0.495773
0.550560
0.525885
0.547318
0.556953
0.502190
0.532294
0.579550
0.496423
0.524381
0.581383
0.595941
0.595370
0.523377
0.507258
0.487882
0.520065
0.543677
0.507173
0.514698
0.566273
0.505010
0.520564
0.562427
0.532294
0.521500
0.532358
0.581671
0.594472
0.452710
0.508596
0.574091
0.608359
0.447374
0.453948
0.580654
0.527931
0.614311
0.585970
0.589247
0.417861
0.503133
0.512780
0.617023
0.547362
0.542704
0.557738
0.619058
0.503102
0.579337
0.570711
0.513814
0.527671
0.496489
0.546962
0.552328
0.583476
0.534052
0.518992
0.483551
0.471151
0.572650
0.537200
0.607472
0.464450
0.670434
0.374205
0.502069
0.605156
0.566584
0.606153
0.469816
0.579306
0.602965
0.554672
0.499250
0.463792
0.507810
0.564733
0.608688
0.535722
0.622629
0.506533
0.559471
0.719568
0.696979
0.474641
0.612121
0.491453
0.576850
0.475245
0.591233
0.785640
0.578339
0.556954
0.577975
0.440620
0.435119
0.504106
0.603503
0.608847
0.635814
0.683739
0.614013
0.543061
0.671026
0.652808
0.649619
0.645337
0.586825
0.560178
0.596676
0.581690
0.555911
0.551207
0.543694
0.569494
0.617881
0.601808
0.546534
0.645938
0.569154
0.540646
0.528718
0.531963
0.568516
0.571738
0.571768
0.545985
0.557844
0.535249
0.478278
0.538395
0.559849
0.573873
0.624408
0.641606
0.570781
0.538072
0.549931
0.519837
0.527366
0.519837
0.545653
0.517706
0.528467
0.530588
0.542433
0.542470
0.526336
0.526336
0.501589
0.528473
0.540294
0.559668
0.525309
0.515654
0.547897
0.566666
0.575829
0.541450
0.550065
0.569408
0.536083
0.513487
0.540313
0.538197
0.528510
0.526393
0.535000
0.539294
0.479294
0.570605
0.572762
0.564742
0.530370
0.575499
0.509996
0.536918
0.530492
0.507908
0.517599
0.544448
0.562724
0.535934
0.554143
0.562736
0.543407
0.536416
0.504740
0.543407
0.527330
0.544513
0.533777
0.527330
0.532703
0.529462
0.534830
0.500472
0.501546
0.478970
0.520831
0.501461
0.492861
0.505769
0.516531
0.530492
0.505766
0.564865
0.531555
0.512215
0.506863
0.470200
0.567354
0.530850
0.522312
0.629265
0.535892
0.548765
0.544490
0.533746
0.560593
0.552037
0.527321
0.553629
0.521916
0.530492
0.524009
0.515404
0.525072
0.540105
0.543294
0.508327
0.538033
0.570286
0.529490
0.567156
0.539219
0.530653
0.541432
0.547333
0.537159
0.524802
0.579056
0.528059
0.532358
0.546330
0.505500
0.557064
0.481846
0.520538
0.515161
0.543102
0.534546
0.502342
0.505531
0.530268
0.500205
0.506652
0.510915
0.507699
0.488393
0.536774
0.546966
0.533585
0.428419
0.523899
0.530349
0.509905
0.536089
0.561857
0.518827
0.502688
0.552080
0.515607
0.542483
0.546809
0.538215
0.542460
0.535892
0.533628
0.513278
0.419915
0.531647
0.559679
0.545240
0.521608
0.450723
0.507663
0.544230
0.542093
0.540999
0.549630
0.527093
0.553946
0.538938
0.553987
0.522836
0.542154
0.532512
0.548659
0.514321
0.532598
0.497147
0.571266
0.516533
0.530493
0.518728
0.515534
0.536999
0.520896
0.537019
0.533837
0.477441
0.502162
0.517196
0.517196
0.505895
0.531140
0.497806
0.536523
0.533837
0.501064
0.503225
0.522528
0.523617
0.493569
0.535446
0.491427
0.507536
0.526863
0.520422
0.533298
0.488181
0.513951
0.515055
0.496785
0.512898
0.516128
0.523675
0.524757
0.554852
0.541945
0.512962
0.528000
0.522655
0.503307
0.507616
0.528007
0.522655
0.522655
0.519423
0.515119
0.524781
0.502232
0.522628
0.521550
0.534426
0.518328
0.539792
0.522596
0.496811
0.484982
0.519355
0.506474
0.522612
0.535510
0.528000
0.530174
0.508678
0.451759
0.513898
0.495019
0.498225
0.509027
0.512287
0.492470
0.518286
0.517254
0.509756
0.518334
0.520423
0.475309
0.507545
0.481803
0.533383
0.506551
0.497964
0.493142
0.495818
0.478652
0.502285
0.499064
0.533421
0.511952
0.482995
0.506643
0.503423
0.517389
0.516310
0.507732
0.501292
0.474486
0.503545
0.521816
0.523941
0.506739
0.501340
0.517448
0.489532
0.495988
0.499194
0.534680
0.490573
0.500234
0.502396
0.488405
0.503412
0.491491
0.431306
0.484958
0.503763
0.449970
0.432746
0.525172
0.486049
0.436743
0.502357
0.495860
0.509879
0.492745
0.500234
0.464835
0.477738
0.474588
0.515448
0.518180
0.477419
0.470956
0.476298
0.473109
0.466637
0.483843
0.482755
0.497794
0.461275
0.466637
0.459128
0.491400
0.459176
0.473158
0.466753
0.478625
0.415337
0.481948
0.470134
0.476553
0.463683
0.493782
0.461557
0.505565
0.461553
0.472303
0.469103
0.489499
0.458327
0.475575
0.445503
0.492794
0.501408
0.469767
0.469899
0.458112
0.467728
0.449487
0.478441
0.459102
0.469905
0.468869
0.446279
0.468812
0.474221
0.459187
0.447369
0.455966
0.453804
0.466732
0.476470
0.461482
0.487294
0.470088
0.466825
0.459295
0.463619
0.475428
0.443209
0.475471
0.468090
0.463769
0.449808
0.445530
0.436937
0.421370
0.461681
0.412841
0.392429
0.413400
0.429000
0.415046
0.418283
0.421537
0.435497
0.443000
0.410774
0.420472
0.451619
0.427992
0.440864
0.425839
0.432281
0.424783
0.431234
0.449510
0.429097
0.411890
0.421497
0.422529
0.425807
0.429008
0.422529
0.419297
0.446636
0.420313
0.453040
0.462737
0.454708
0.453640
0.425718
0.418161
0.423496
0.421929
0.450909
0.460617
0.466970
0.429315
0.446593
0.433743
0.428942
0.432142
0.454150
0.433743
0.422438
0.467611
0.427934
0.432216
0.409709
0.440837
0.424687
0.415010
0.416083
0.421418
0.445557
0.411756
0.449377
0.412906
0.479899
0.475343
0.499836
0.445250
0.406748
0.412181
0.501164
0.466733
0.481751
0.463624
0.477725
0.468037
0.452776
0.403359
0.443189
0.465796
0.473269
0.445360
0.453032
0.482704
0.454797
0.481762
0.417406
0.481922
0.451919
0.503276
0.478499
0.452813
0.464678
0.465746
0.485176
0.503376
0.484043
0.476546
0.478674
0.459342
0.456169
0.473367
0.525869
0.427105
0.481890
0.492651
0.481922
0.452903
0.422646
0.476169
0.469183
0.477309
0.452692
0.475358
0.494692
0.475406
0.486062
0.467802
0.479626
0.444191
0.464678
0.453932
0.454947
0.495722
0.452030
0.446587
0.419344
0.432329
0.454887
0.433363
0.436697
0.471138
0.435729
0.453954
0.485131
0.402276
0.433406
0.436632
0.415146
0.416232
0.440979
0.445214
0.428357
0.379644
0.394818
0.435585
0.413043
0.406740
0.435757
0.443292
0.456223
0.422949
0.433725
0.451980
0.425113
0.407969
0.440809
0.409658
0.421493
0.418251
0.431153
0.388157
0.418251
0.411847
0.395751
0.455987
0.425790
0.454102
0.362663
0.413131
0.428210
0.459423
0.440673
0.418201
0.449437
0.450573
0.471024
0.409858
0.436719
0.401283
0.420634
0.420665
0.402472
0.380954
0.421850
0.425024
0.373268
0.382101
0.387282
0.305647
0.386194
0.410750
0.364562
0.308635
0.398341
0.360253
0.373350
0.455058
0.440752
0.398913
0.411890
0.362520
0.406535
0.392499
0.363518
0.410206
0.461276
0.319505
0.399108
0.393847
0.320901
0.401020
0.406452
0.380711
0.381835
0.405476
0.390512
0.417377
0.390512
0.393751
0.379878
0.372347
0.341207
0.393799
0.386326
0.365881
0.372132
0.362368
0.362401
0.344602
0.378418
0.387033
0.352792
0.357065
0.403431
0.326174
0.390735
0.429436
0.389743
0.390308
0.382232
0.373633
0.390844
0.382259
0.375279
0.387648
0.369395
0.408006
0.371423
0.359520
0.311099
0.390592
0.369200
0.351017
0.346665
0.384184
0.364877
0.377827
0.358448
0.355055
0.319656
0.347671
0.378976
0.343555
0.353875
0.368896
0.373283
0.374399
0.407731
0.403462
0.294859
0.341481
0.376460
0.378639
0.378661
0.377795
0.388555
0.389180
0.399400
0.382204
0.329545
0.342478
0.392990
0.382281
0.358545
0.350030
0.372663
0.383459
0.370636
0.380339
0.352942
0.361586
0.334748
0.308958
0.366969
0.348706
0.359458
0.368088
0.361649
0.353025
0.377138
0.356690
0.364246
0.348752
0.377779
0.344470
0.340112
0.357297
0.371832
0.356260
0.371448
0.395073
0.377937
0.342494
0.386642
0.357703
0.377114
0.397482
0.388901
0.370675
0.371742
0.377111
0.385690
0.346859
0.348975
0.364048
0.369524
0.357703
0.346889
0.385662
0.387957
0.354685
0.381510
0.348247
0.377193
0.365408
0.410531
0.371883
0.384778
0.379411
0.377232
0.372991
0.378405
0.362370
0.387135
0.365660
0.365686
0.365700
0.360870
0.402225
0.394722
0.408687
0.393700
0.384049
0.366883
0.392633
0.427036
0.345928
0.412006
0.389513
0.377690
0.384726
0.349363
0.383774
0.397233
0.394020
0.398282
0.339765
0.412294
0.396240
0.403210
0.378520
0.358116
0.366184
0.382259
0.383866
0.379590
0.334500
0.382825
0.394650
0.376397
0.389312
0.376417
0.323690
0.374722
0.380661
0.204440
0.394802
0.409908
0.399167
0.416444
0.415299
0.344971
0.378356
0.415937
0.379856
0.391602
0.396980
0.356126
0.384042
0.354965
0.385078
0.375421
0.359285
0.422612
0.372091
0.371033
0.364621
0.404339
0.324703
0.377241
0.365320
0.379802
0.343253
0.380311
0.389917
0.380240
0.387781
0.366395
0.359945
0.393270
0.393284
0.398632
0.392230
0.390130
0.391156
0.379244
0.376119
0.386967
0.406775
0.356708
0.305042
0.356792
0.440673
0.405201
0.444994
0.376204
0.397688
0.398760
0.410579
0.396618
0.404125
0.393369
0.352506
0.401957
0.399815
0.372923
0.382605
0.357902
0.376683
0.373989
0.387988
0.375056
0.384710
0.382531
0.363187
0.356668
0.387754
0.353335
0.360821
0.391904
0.427382
0.391904
0.330751
0.350104
0.375916
0.381299
0.377001
0.396324
0.385576
0.377981
0.415550
0.385444
0.369351
0.392972
0.394002
0.326239
0.378879
0.379959
0.453960
0.383039
0.412502
0.401604
0.387586
0.387615
0.419854
0.426298
0.402650
0.385437
0.415477
0.389635
0.411108
0.401423
0.403560
0.446549
0.348892
0.352307
0.483335
0.442591
0.441463
0.403958
0.426420
0.424254
0.419932
0.359698
0.481080
0.439083
0.435944
0.530523
0.412413
0.335171
0.453284
0.415719
0.424311
0.377054
0.396309
0.412409
0.234145
0.378087
0.434923
0.400465
0.382077
0.413121
0.452804
0.456009
0.419456
0.519296
0.498054
0.344484
0.375650
0.404609
0.444334
0.391716
0.380954
0.419630
0.391678
0.419047
0.398086
0.407662
0.418454
0.449506
0.407600
0.420345
0.418677
0.388533
0.377772
0.345505
0.358320
0.401238
0.409800
0.410804
0.425748
0.507479
0.428021
0.409762
0.449523
0.405511
0.433455
0.443244
0.477653
0.507768
0.523936
0.476657
0.419696
0.473420
0.500167
0.484054
0.486141
0.485096
0.453954
0.567751
0.472236
0.432515
0.465880
0.448569
0.424054
0.293669
0.498949
0.445351
0.410949
0.370166
0.367912
0.441235
0.499190
0.434753
0.393843
0.403470
0.397084
0.366720
0.437626
0.505673
0.406687
0.333557
0.315281
0.234815
0.435731
0.345198
0.358465
0.491617
0.407785
0.466904
0.512872
0.370026
0.437627
0.377714
0.270456
0.555799
0.153101
0.387205
0.529170
0.137357
0.392826
0.422878
0.499138
0.408695
0.509751
0.465775
0.218951
0.423959
0.352967
0.378627
0.357197
0.419528
0.432473
0.438958
0.379904
0.418584
0.397105
0.362738
0.394853
0.394838
0.388401
0.377648
0.384089
0.321862
0.419535
0.373289
0.333583
0.458260
0.396516
0.352990
0.308970
0.361569
0.394824
0.407560
0.465589
0.278710
0.303476
0.256201
0.437685
0.458159
0.414037
0.388277
0.462397
0.453826
0.298172
0.495859
0.434609
0.391508
0.395917
0.383094
0.375539
0.598981
0.355342
0.425162
0.492879
0.468275
0.401648
0.367251
0.383347
0.366247
0.448963
0.424254
0.320059
0.385471
0.426099
0.347659
0.438958
0.370207
0.358423
0.398131
0.337973
0.374528
0.453086
0.423099
0.483265
0.429544
0.405936
0.309338
0.452252
0.371157
0.322875
0.241782
0.443666
0.373364
0.444352
0.370194
0.382024
0.402500
0.397204
0.426282
0.483434
0.480311
0.492293
0.478463
0.444127
0.437600
0.438611
0.424623
0.425732
0.426811
0.419367
0.441956
0.411851
0.426876
0.427909
0.427909
0.383834
0.433255
0.509555
0.395715
0.341953
0.405362
0.410698
0.438611
0.397800
0.418268
0.397923
0.432371
0.450733
0.382590
0.418620
0.436298
0.345679
0.368700
0.421948
0.366614
0.393509
0.440895
0.421600
0.397824
0.212078
0.364598
0.396747
0.366614
0.350433
0.360092
0.391848
0.359615
0.445603
0.371511
0.394625
0.398921
0.418274
0.357057
0.384999
0.376427
0.366729
0.362427
0.357041
0.355975
0.400082
0.370018
0.377569
0.214463
0.284347
0.388620
0.443481
0.619661
0.441715
0.400963
0.536280
0.534059
0.347253
0.391396
0.338126
0.320392
0.339660
0.389065
0.402974
0.356744
0.362090
0.372832
0.372843
0.362116
0.366468
0.395979
0.377710
0.375013
0.341752
0.405196
0.354759
0.385901
0.345200
0.366794
0.378540
0.404366
0.440360
0.378581
0.401127
0.373238
0.372134
0.321660
0.360349
0.331279
0.443015
0.333452
0.398907
0.345274
0.347416
0.345835
0.364612
0.402792
0.385077
0.370079
0.350781
0.347575
0.358319
0.328228
0.330332
0.371739
0.367992
0.317477
0.359357
0.350781
0.367947
0.346496
0.341209
0.382070
0.356230
0.372257
0.330366
0.340016
0.359319
0.356111
0.346429
0.345353
0.329253
0.367933
0.346469
0.359398
0.437807
0.349831
0.405688
0.401456
0.323131
0.354352
0.347873
0.379017
0.346744
0.328466
0.330576
0.375699
0.319932
0.410365
0.339038
0.379304
0.389114
0.323657
0.373105
0.333437
0.456483
0.412990
0.392130
0.378688
0.340589
0.386790
0.367444
0.393244
0.352418
0.319153
0.288497
0.347079
0.288015
0.298153
0.305185
0.379279
0.357797
0.362111
0.351872
0.329879
0.305712
0.334183
0.352545
0.357891
0.346136
0.379520
0.406893
0.415910
0.381732
0.344635
0.310930
0.372043
0.377033
0.345390
0.338977
0.351962
0.370745
0.335859
0.336960
0.350929
0.349861
0.367063
0.329457
0.306908
0.375696
0.319845
0.360232
0.350057
0.348994
0.329657
0.376917
0.349028
0.299630
0.337163
0.345200
0.322106
0.318856
0.305478
0.270561
0.316761
0.383410
0.293147
0.339944
0.363078
0.339431
0.326537
0.313634
0.380244
0.358288
0.374989
0.320321
0.327291
0.346114
0.357386
0.333769
0.318151
0.338006
0.348789
0.370271
0.361697
0.372491
0.347777
0.349953
0.343660
0.387682
0.341493
0.360390
0.363084
0.355572
0.358809
0.386737
0.357786
0.351302
0.359920
0.336273
0.350233
0.341616
0.367438
0.362655
0.339554
0.327768
0.307523
0.364521
0.316183
0.346286
0.375865
0.341460
0.369379
0.315707
0.338295
0.371632
0.356641
0.351272
0.350285
0.353530
0.383583
0.313818
0.350326
0.335372
0.343995
0.350365
0.349293
0.335378
0.366501
0.384816
0.306502
0.341899
0.342884
0.331061
0.345657
0.361323
0.368400
0.358748
0.339493
0.344953
0.326801
0.350415
0.299984
0.322654
0.282941
0.320476
0.317191
0.280682
0.292471
0.273174
0.336605
0.299039
0.322687
0.334519
0.294801
0.290495
0.278672
0.332418
0.286185
0.323710
0.278544
0.298010
0.341601
0.383561
0.263359
0.292355
0.292355
0.322458
0.261260
0.299908
0.326215
0.260118
0.302086
0.290297
0.236584
0.258061
0.296740
0.242951
0.342824
0.279496
0.271944
0.215028
0.211735
0.262132
0.261027
0.267470
0.257233
0.273327
0.247541
