0.574152
0.573364
0.574663
0.571880
0.573380
0.571956
0.574663
0.571956
0.571168
0.573658
0.573163
0.573658
0.574864
0.574663
0.573163
0.574385
0.572869
0.573596
0.575374
0.575374
0.574586
0.573874
0.574663
0.573874
0.574385
0.574880
0.574880
0.576642
0.574864
0.574864
0.574385
0.573874
0.575792
0.576086
0.576287
0.577509
0.576999
0.575576
0.574369
0.574663
0.576364
0.574369
0.575157
0.577353
0.576070
0.576859
0.574880
0.575869
0.575652
0.576920
0.575915
0.575729
0.578142
0.575729
0.577909
0.580909
0.575915
0.577213
0.576425
0.576935
0.577848
0.577647
0.578853
0.577647
0.578359
0.577864
0.578359
0.576086
0.576874
0.578853
0.578637
0.579364
0.576581
0.578792
0.578792
0.579070
0.579565
0.579565
0.580570
0.578081
0.580338
0.578637
0.576859
0.578065
0.578343
0.580555
0.578343
0.577864
0.579565
0.577076
0.580060
0.579070
0.578853
0.581777
0.579070
0.578792
0.579782
0.579070
0.580494
0.578298
0.579782
0.580988
0.580787
0.581282
0.579798
0.578575
0.581065
0.580060
0.580277
0.579782
0.579782
0.583478
0.579504
0.581004
0.580216
0.582195
0.582210
0.582210
0.581144
0.581932
0.583417
0.581499
0.581993
0.582488
0.581499
0.580787
0.582488
0.582705
0.583215
0.582134
0.583432
0.582922
0.584840
0.585134
0.585274
0.584361
0.584361
0.584144
0.584840
0.582644
0.584345
0.584623
0.585845
0.584128
0.585134
0.586850
0.587128
0.586340
0.584562
0.586850
0.586557
0.586062
0.584779
0.585350
0.585134
0.585628
0.585210
0.585628
0.583927
0.584639
0.585628
0.586850
0.588258
0.585845
0.586356
0.587607
0.587113
0.586417
0.586835
0.585411
0.586896
0.587128
0.585628
0.585628
0.587824
0.587623
0.586123
0.587607
0.587128
0.589618
0.589541
0.589758
0.587268
0.589046
0.590052
0.588552
0.587268
0.588970
0.588768
0.587980
0.590253
0.588274
0.589046
0.587067
0.589541
0.590052
0.590268
0.591334
0.589541
0.591025
0.590329
0.589401
0.588335
0.590531
0.588552
0.590546
0.588057
0.589340
0.590964
0.588258
0.589046
0.588768
0.590980
0.592263
0.590748
0.592263
0.592959
0.591970
0.592263
0.591475
0.592959
0.591475
0.593747
0.592541
0.592975
0.592464
0.592681
0.593176
0.593671
0.593964
0.594242
0.593747
0.592263
0.593469
0.594459
0.592975
0.594893
0.593176
0.593964
0.595665
0.594954
0.596237
0.596221
0.597504
0.596020
0.594737
0.597227
0.596020
0.597010
0.596237
0.597227
0.597737
0.596438
0.596732
0.597737
0.595449
0.597660
0.598650
0.600150
0.599160
0.598155
0.597938
0.598232
0.598726
0.598726
0.599933
0.599438
0.599005
0.597660
0.600150
0.598155
0.599160
0.601078
0.600367
0.599887
0.600367
0.599872
0.601078
0.601372
0.600165
0.601650
0.601634
0.599655
0.599872
0.603150
0.602145
0.603846
0.600367
0.600861
0.603150
0.602361
0.602856
0.601573
0.603568
0.602578
0.604356
0.604557
0.602361
0.602856
0.604356
0.602856
0.603150
0.603846
0.604557
0.602639
0.603846
0.602856
0.605346
0.606552
0.604356
0.604634
0.604417
0.604912
0.604139
0.604634
0.606057
0.602872
0.605917
0.605901
0.604912
0.604912
0.605129
0.603644
0.604340
0.605407
0.605190
0.605700
0.604912
0.604634
0.604634
0.605700
0.604417
0.605129
0.606907
0.604417
0.605129
0.606134
0.606613
0.603644
0.606845
0.606769
0.607496
0.608980
0.606986
0.606552
0.605068
0.606552
0.607557
0.605840
0.606552
0.607557
0.607062
0.608052
0.606335
0.605129
0.606845
0.605639
0.606118
0.606907
0.605344
0.605407
0.607123
0.604851
0.608764
0.610047
0.607557
0.606568
0.608269
0.607774
0.608486
0.608779
0.610248
0.610325
0.609830
0.609536
0.609041
0.609970
0.610975
0.609708
0.610682
0.608996
0.609986
0.610697
0.611208
0.610202
0.611192
0.609986
0.610682
0.610480
0.608996
0.609769
0.610264
0.611036
0.611253
0.609057
0.609335
0.611036
0.611547
0.609335
0.611809
0.609830
0.610819
0.609613
0.608407
0.609891
0.608190
0.608886
0.609396
0.609907
0.610819
0.609319
0.611391
0.609891
0.610880
0.610169
0.609952
0.608947
0.607462
0.608947
0.607246
0.608962
0.609674
0.609674
0.608901
0.610247
0.607679
0.611097
0.608407
0.610618
0.609335
0.609335
0.613804
0.610819
0.609536
0.609830
0.610047
0.611330
0.609613
0.609830
0.609830
0.610047
0.611036
0.611253
0.613031
0.611330
0.612753
0.612536
0.611547
0.613031
0.612041
0.609908
0.612753
0.612041
0.610960
0.611748
0.612041
0.613743
0.612753
0.612319
0.612597
0.610679
0.608669
0.610013
0.610725
0.610725
0.611296
0.608513
0.608513
0.610306
0.608807
0.610306
0.609518
0.611219
0.610523
0.612225
0.610230
0.610230
0.611947
0.610942
0.610245
0.610245
0.609240
0.610740
0.610957
0.610957
0.611947
0.612441
0.613153
0.611375
0.612875
0.611886
0.608901
0.611391
0.613431
0.608666
0.613135
0.607862
0.610352
0.609640
0.610646
0.609579
0.609735
0.611296
0.610725
0.609317
0.609317
0.611513
0.609735
0.608746
0.610957
0.611452
0.614653
0.613386
0.613663
0.612365
0.613169
0.614870
0.613587
0.613386
0.613648
0.612441
0.611886
0.612103
0.614314
0.613804
0.613324
0.614732
0.613324
0.615304
0.616510
0.615227
0.613465
0.614176
0.615181
0.617888
0.618089
0.616465
0.615676
0.616465
0.617454
0.616465
0.616372
0.615676
0.616959
0.614965
0.615878
0.617872
0.616883
0.617594
0.617888
0.615893
0.616589
0.615893
0.616883
0.618166
0.616883
0.616171
0.616449
0.616666
0.614965
0.617872
0.616959
0.616388
0.617949
0.616959
0.615676
0.617872
0.615954
0.617161
0.616465
0.616666
0.618661
0.616728
0.618661
0.616681
0.618862
0.617594
0.618367
0.617872
0.619155
0.618367
0.619883
0.619171
0.618877
0.616883
0.619883
0.618584
0.620084
0.618383
0.619372
0.618383
0.616681
0.618938
0.618444
0.618444
0.615954
0.620438
0.619155
0.617671
0.617377
0.617872
0.619171
0.618367
0.617377
0.618862
0.619589
0.618877
0.619666
0.620160
0.618877
0.619094
0.619171
0.619079
0.620301
0.620023
0.620518
0.618523
0.620023
0.620734
0.621446
0.622234
0.621462
0.620456
0.620750
0.620750
0.620472
0.621462
0.621462
0.623658
0.621184
0.623658
0.620673
0.620951
0.621168
0.619745
0.622885
0.622390
0.621895
0.623086
0.621956
0.622219
0.622436
0.621941
0.625142
0.623163
0.621168
0.621184
0.623874
0.625576
0.623380
0.621678
0.622869
0.624663
0.623086
0.622668
0.624168
0.623673
0.623441
0.623224
0.621507
0.623084
0.623795
0.622512
0.622729
0.623517
0.621306
0.623007
0.622451
0.622668
0.624864
0.623380
0.624446
0.623224
0.622851
0.623578
0.622295
0.623007
0.624012
0.623239
0.622729
0.623517
0.623224
0.621523
0.623517
0.622512
0.624925
0.623441
0.625435
0.624152
0.623935
0.623007
0.625063
0.623007
0.623068
0.621862
0.621938
0.621938
0.621645
0.622990
0.623640
0.621862
0.622434
0.624290
0.623795
0.623007
0.623795
0.625219
0.622946
0.623224
0.625991
0.623362
0.623856
0.621862
0.622851
0.622418
0.620655
0.623563
0.622140
0.623346
0.622573
0.623563
0.623856
0.623285
0.624274
0.623563
0.624568
0.624568
0.623902
0.623917
0.622140
0.623917
0.619928
0.623190
0.624256
0.621550
0.619788
0.619060
0.618859
0.619833
0.621550
0.622833
0.617420
0.617497
0.617637
0.619910
0.618844
0.620406
0.620344
0.618844
0.618132
0.618426
0.616431
0.618426
0.617931
0.617203
0.618487
0.617775
0.618053
0.615069
0.617497
0.617915
0.615548
0.615130
0.613847
0.615347
0.620249
0.616987
0.619910
0.620405
0.619122
0.621132
0.620838
0.620050
0.619354
0.620066
0.618426
0.619415
0.619833
0.619137
0.618920
0.620203
0.620405
0.618642
0.620560
0.620762
0.620484
0.620701
0.624690
0.621984
0.615765
0.614479
0.615609
0.619400
0.616770
0.619198
0.619415
0.614479
0.610178
0.607750
0.606265
0.608972
0.604408
0.604036
0.602753
0.607099
0.608461
0.610334
0.610117
0.610829
0.612484
0.613196
0.614125
0.614913
0.617124
0.616537
0.615841
0.617759
0.615625
0.615625
0.617759
0.616058
0.615902
0.612778
0.615191
0.614897
0.614696
0.613908
0.614201
0.615130
0.617543
0.618765
0.619183
0.620683
0.620683
0.620900
0.621611
0.618844
0.619200
0.620560
0.621071
0.619198
0.620127
0.618920
0.620481
0.618905
0.620560
0.621272
0.622262
0.621055
0.621489
0.623190
0.620560
0.619910
0.617714
0.619910
0.617420
0.618981
0.618688
0.620188
0.619910
0.618627
0.618688
0.618254
0.616275
0.614140
0.615191
0.615392
0.612979
0.615686
0.615609
0.617109
0.617341
0.616847
0.615331
0.615408
0.615408
0.615625
0.616058
0.619259
0.619476
0.619183
0.619476
0.617759
0.617992
0.619693
0.617992
0.620915
0.620622
0.620545
0.619555
0.621550
0.620545
0.619122
0.619632
0.621410
0.621132
0.621550
0.621333
0.619910
0.620188
0.616785
0.617063
0.616553
0.618193
0.617976
0.618193
0.619693
0.618905
0.618981
0.617714
0.622106
0.620545
0.621055
0.624256
0.621550
0.623328
0.621550
0.622338
0.621844
0.622833
0.620838
0.620838
0.620545
0.622338
0.623545
0.622772
0.625402
0.623423
0.622772
0.622772
0.620777
0.622122
0.620823
0.620188
0.619043
0.616397
0.613257
0.612390
0.609961
0.609961
0.611956
0.610966
0.611461
0.614384
0.612112
0.612390
0.611168
0.610750
0.607811
0.607671
0.604020
0.603742
0.606726
0.606681
0.606882
0.606464
0.605676
0.606681
0.607316
0.606898
0.607887
0.606882
0.607316
0.610022
0.607316
0.614940
0.613101
0.611678
0.610395
0.612313
0.610612
0.613025
0.615236
0.612701
0.613908
0.614418
0.615902
0.616397
0.615625
0.616119
0.617619
0.616336
0.616553
0.619754
0.617543
0.616831
0.617124
0.616831
0.618254
0.617265
0.619770
0.619183
0.620698
0.620900
0.620761
0.619971
0.618331
0.617681
0.617820
0.617820
0.618548
0.617109
0.614323
0.611956
0.608694
0.612607
0.613257
0.615514
0.612112
0.612390
0.613318
0.616025
0.614030
0.614308
0.615469
0.614757
0.613040
0.615019
0.614464
0.614262
0.616397
0.615686
0.617326
0.618826
0.616675
0.616892
0.615747
0.613813
0.612683
0.612112
0.615963
0.617402
0.618826
0.619043
0.619522
0.618532
0.620093
0.618532
0.619244
0.619259
0.619259
0.619259
0.619754
0.619754
0.619553
0.621471
0.622322
0.619275
0.620265
0.618765
0.620744
0.619043
0.620249
0.619104
0.616614
0.617448
0.617897
0.619754
0.622476
0.622259
0.619831
0.616397
0.616752
0.611446
0.608104
0.607176
0.608104
0.611244
0.610966
0.615313
0.613752
0.616397
0.616831
0.618098
0.613056
0.614308
0.615731
0.613101
0.614045
0.608043
0.610083
0.612945
0.613890
0.611183
0.609528
0.608382
0.609094
0.612234
0.608538
0.611168
0.613101
0.615453
0.613257
0.612823
0.611617
0.614106
0.615313
0.612313
0.612884
0.613101
0.613813
0.613596
0.613162
0.612683
0.611678
0.609961
0.610456
0.611446
0.607671
0.604747
0.609094
0.609033
0.609528
0.607671
0.607237
0.603107
0.598901
0.595960
0.593314
0.596793
0.599255
0.595171
0.594814
0.595465
0.596610
0.601002
0.601390
0.602597
0.607221
0.608165
0.607948
0.606742
0.606171
0.606882
0.608165
0.605459
0.607160
0.605536
0.604964
0.606665
0.608104
0.605459
0.607377
0.606882
0.606665
0.608165
0.605242
0.604530
0.604515
0.603819
0.604808
0.606015
0.603324
0.602380
0.603369
0.604081
0.601390
0.604808
0.607237
0.606030
0.606742
0.606742
0.606247
0.605303
0.603663
0.598589
0.597444
0.594738
0.596021
0.598449
0.595883
0.599362
0.602796
0.601018
0.601018
0.601018
0.600028
0.600801
0.599811
0.598156
0.596949
0.595944
0.598495
0.593314
0.594799
0.595370
0.590235
0.590220
0.593204
0.593220
0.590947
0.595865
0.593592
0.597939
0.599145
0.598156
0.599362
0.596872
0.598094
0.600446
0.603385
0.602163
0.602240
0.603385
0.601314
0.604375
0.604097
0.605798
0.605520
0.606525
0.607176
0.609604
0.607811
0.610316
0.610811
0.611522
0.611027
0.611739
0.609543
0.612451
0.611446
0.612234
0.610750
0.611446
0.610255
0.611461
0.610966
0.610951
0.610951
0.613935
0.611446
0.611244
0.612451
0.613440
0.612234
0.612234
0.611956
0.611739
0.610255
0.611956
0.612668
0.613673
0.612668
0.613951
0.611678
0.616086
0.612173
0.614369
0.612607
0.613379
0.611895
0.613596
0.608972
0.612884
0.611107
0.613101
0.613395
0.613101
0.613890
0.613178
0.612668
0.612234
0.610300
0.607454
0.606076
0.604003
0.601790
0.599378
0.600150
0.601296
0.601079
0.600446
0.602023
0.602023
0.599301
0.600801
0.602346
0.601079
0.598666
0.597444
0.593870
0.594148
0.584667
0.571916
0.551835
0.546606
0.543466
0.541193
0.543899
0.548124
0.554838
0.556710
0.551853
0.548451
0.546144
0.556771
0.561692
0.554126
0.553060
0.554560
0.554853
0.557761
0.563036
0.561551
0.560623
0.561490
0.565620
0.567477
0.570138
0.568931
0.574112
0.571821
0.567459
0.564924
0.567059
0.567120
0.561118
0.558967
0.555687
0.556554
0.563189
0.557761
0.556737
0.553475
0.554899
0.553103
0.555314
0.552981
0.554856
0.562679
0.557510
0.560761
0.564658
0.558549
0.560110
0.556554
0.562263
0.565776
0.569905
0.571839
0.570849
0.570727
0.575847
0.578770
0.577797
0.581510
0.585082
0.585656
0.586106
0.591442
0.592787
0.592013
0.590513
0.590373
0.588085
0.588857
0.589368
0.594053
0.591796
0.589090
0.589090
0.589585
0.590574
0.591024
0.592709
0.594381
0.595293
0.596299
0.596299
0.594799
0.596576
0.594087
0.592804
0.595865
0.595077
0.596082
0.592881
0.594582
0.596066
0.595788
0.595370
0.594860
0.595865
0.595865
0.593159
0.594860
0.594365
0.594087
0.595587
0.596793
0.595092
0.593314
0.596793
0.595015
0.596500
0.596299
0.594582
0.595804
0.595587
0.595587
0.594304
0.595092
0.595293
0.593809
0.594304
0.594814
0.596299
0.595804
0.595015
0.594319
0.598217
0.595293
0.595804
0.595804
0.594304
0.596299
0.595510
0.596021
0.594521
0.594814
0.595804
0.599500
0.598293
0.596515
0.594521
0.594521
0.595804
0.595293
0.594799
0.597010
0.594304
0.595804
0.595293
0.594799
0.595077
0.597783
0.595293
0.597227
0.597783
0.597304
0.595510
0.597288
0.595526
0.597505
0.595309
0.595510
0.595293
0.595587
0.597288
0.596299
0.596299
0.597288
0.596793
0.595309
0.596515
0.598000
0.598015
0.597010
0.601928
0.598449
0.598156
0.601851
0.599872
0.600089
0.602362
0.601079
0.602084
0.601296
0.600507
0.600584
0.603709
0.604497
0.602796
0.601513
0.603507
0.601806
0.604002
0.603941
0.606415
0.604729
0.605147
0.602936
0.604158
0.605147
0.607420
0.604451
0.606354
0.605642
0.604653
0.606354
0.606647
0.605936
0.606152
0.604158
0.604653
0.606369
0.605441
0.606369
0.604158
0.603941
0.604436
0.604729
0.601945
0.604064
0.605502
0.603709
0.604714
0.603507
0.603709
0.603446
0.603523
0.603941
0.605936
0.604869
0.608071
0.606586
0.606369
0.610282
0.605581
0.608086
0.608643
0.608999
0.607793
0.608798
0.608504
0.608798
0.610499
0.611428
0.611922
0.610716
0.611922
0.609448
0.612634
0.609943
0.609665
0.610933
0.613144
0.612573
0.611366
0.612372
0.612155
0.613639
0.612356
0.613856
0.611583
0.612573
0.613578
0.613562
0.609882
0.611861
0.611877
0.613856
0.611861
0.613144
0.611644
0.612155
0.611150
0.612573
0.612078
0.612573
0.610377
0.613068
0.613361
0.611861
0.612356
0.610655
0.612139
0.610454
0.611644
0.609650
0.611150
0.612851
0.613144
0.611366
0.609448
0.611938
0.611644
0.611150
0.611644
0.611938
0.610454
0.610361
0.610655
0.611366
0.612866
0.611366
0.610872
0.611861
0.613856
0.612649
0.612851
0.612216
0.611922
0.609943
0.610221
0.612912
0.610438
0.611861
0.610438
0.611644
0.611644
0.611443
0.611938
0.609448
0.610221
0.613361
0.612356
0.611999
0.610933
0.607793
0.608626
0.604869
0.606925
0.607652
0.607637
0.606137
0.606431
0.605224
0.605858
0.605224
0.607002
0.606507
0.606647
0.608132
0.606431
0.605997
0.606198
0.604992
0.605270
0.603568
0.603568
0.604573
0.602780
0.602579
0.604558
0.603073
0.604558
0.602857
0.603351
0.604140
0.604140
0.603135
0.603073
0.603645
0.605563
0.604079
0.606058
0.604992
0.604790
0.606275
0.608269
0.606785
0.608486
0.606073
0.607280
0.607481
0.604295
0.604790
0.604002
0.606492
0.605502
0.605007
0.605780
0.607930
0.607203
0.605502
0.607203
0.607219
0.607203
0.607698
0.608410
0.605936
0.605007
0.607002
0.607915
0.607930
0.607930
0.607359
0.610933
0.613917
0.613144
0.613856
0.615851
0.610872
0.614366
0.612790
0.613083
0.613795
0.612573
0.614073
0.613578
0.614568
0.615279
0.613795
0.614290
0.612588
0.614568
0.615790
0.614012
0.614522
0.619486
0.615945
0.615218
0.616935
0.621065
0.622009
0.621498
0.620215
0.618914
0.615930
0.611877
0.608071
0.607436
0.608208
0.604729
0.606785
0.604790
0.603290
0.603150
0.599717
0.600211
0.604201
0.601928
0.600645
0.599005
0.597304
0.601494
0.596515
0.598339
0.599066
0.597410
0.597026
0.595370
0.596143
0.592725
0.593575
0.594442
0.596778
0.599500
0.598788
0.600010
0.597737
0.600010
0.600367
0.603724
0.604497
0.601155
0.605380
0.605798
0.608798
0.608581
0.609277
0.610282
0.609711
0.610081
0.610777
0.605303
0.608287
0.610499
0.610126
0.609293
0.611504
0.611070
0.608114
0.608504
0.605502
0.606803
0.608364
0.610420
0.611394
0.611782
0.609909
0.609909
0.606415
0.613994
0.615401
0.613639
0.613422
0.617769
0.613361
0.615557
0.616068
0.617274
0.618774
0.617274
0.617290
0.615001
0.614800
0.614088
0.615790
0.614800
0.615790
0.615279
0.616284
0.617274
0.613578
0.614861
0.611660
0.613346
0.612433
0.613422
0.613639
0.614427
0.612139
0.612711
0.611999
0.613126
0.608132
0.606431
0.603785
0.606724
0.606769
0.606986
0.604295
0.609832
0.609909
0.609137
0.608642
0.609848
0.608642
0.606152
0.609354
0.609293
0.612417
0.612417
0.612634
0.612155
0.616345
0.614351
0.613578
0.613068
0.615573
0.616562
0.614290
0.615774
0.616996
0.616284
0.617274
0.615078
0.616562
0.614568
0.617057
0.614150
0.614629
0.613422
0.611705
0.613978
0.613266
0.612338
0.611843
0.612044
0.608147
0.610621
0.608147
0.609137
0.609415
0.609121
0.608920
0.607930
0.610621
0.609354
0.608348
0.608565
0.607652
0.610142
0.609632
0.610420
0.609415
0.609213
0.609476
0.608703
0.606476
0.606986
0.605780
0.606769
0.606769
0.607063
0.607202
0.607264
0.606275
0.606058
0.607775
0.606058
0.607063
0.605841
0.606336
0.606552
0.608254
0.604712
0.606275
0.608780
0.606568
0.608981
0.609415
0.608410
0.607264
0.607991
0.606552
0.606351
0.608254
0.604357
0.606058
0.605841
0.606568
0.606552
0.605485
0.606197
0.605841
0.604140
0.604140
0.603645
0.604635
0.604619
0.604201
0.605918
0.604912
0.603907
0.604696
0.605114
0.603907
0.604201
0.604201
0.605685
0.603211
0.605624
0.603846
0.602206
0.602994
0.603211
0.604418
0.602994
0.602267
0.602206
0.602701
0.603690
0.604897
0.605190
0.602484
0.603196
0.606907
0.603196
0.608037
0.611315
0.609275
0.607698
0.609198
0.606214
0.606058
0.606336
0.605841
0.604140
0.605346
0.605841
0.606336
0.605407
0.604418
0.604045
0.606812
0.604479
0.602778
0.600272
0.600550
0.604045
0.600550
0.601061
0.604540
0.603040
0.603040
0.602545
0.602328
0.602127
0.602035
0.602111
0.600117
0.600627
0.601617
0.601122
0.602111
0.601415
0.601106
0.600611
0.601400
0.601122
0.599622
0.601910
0.600611
0.601617
0.600117
0.599698
0.602389
0.600410
0.601106
0.600982
0.598910
0.600982
0.600982
0.601183
0.600688
0.600688
0.601183
0.598910
0.599405
0.601183
0.600982
0.600688
0.601894
0.598910
0.600117
0.601400
0.599405
0.601198
0.602900
0.601833
0.605468
0.602839
0.603535
0.602050
0.601061
0.605251
0.603968
0.604463
0.604696
0.605190
0.606907
0.608330
0.608825
0.608114
0.607402
0.607341
0.608037
0.607619
0.607619
0.606629
0.608608
0.607619
0.606629
0.607402
0.608114
0.605918
0.606907
0.607820
0.607619
0.607124
0.608825
0.605841
0.607124
0.606614
0.607325
0.606907
0.607108
0.607696
0.607402
0.609103
0.608036
0.606473
0.605979
0.604201
0.606334
0.606473
0.606968
0.605190
0.604696
0.607185
0.602701
0.603272
0.603550
0.602050
0.601617
0.601833
0.601833
0.600410
0.601894
0.598754
0.597392
0.600099
0.593696
0.593325
0.587355
0.592474
0.593262
0.592830
0.593696
0.588468
0.591608
0.589689
0.587260
0.590617
0.585050
0.589256
0.591112
0.587973
0.587956
0.586550
0.588699
0.593262
0.591608
0.594686
0.596109
0.596821
0.598043
0.598104
0.598321
0.602389
0.599622
0.598693
0.597053
0.602484
0.601476
0.604090
0.605963
0.607619
0.611315
0.614888
0.612476
0.609971
0.608037
0.608330
0.608129
0.607820
0.604479
0.606119
0.606473
0.607897
0.606241
0.606318
0.607741
0.610759
0.619452
0.613666
0.617968
0.611904
0.614611
0.620457
0.620240
0.623380
0.622314
0.624248
0.625625
0.622919
0.622626
0.624681
0.627745
0.624327
0.627406
0.625472
0.625332
0.627467
0.625054
0.627760
0.626138
0.628628
0.623694
0.620353
0.620213
0.620631
0.621853
0.621575
0.622332
0.615435
0.621202
0.618419
0.619702
0.616718
0.618774
0.617197
0.617506
0.613483
0.613065
0.614272
0.614488
0.611489
0.610854
0.612044
0.615184
0.615401
0.612494
0.616190
0.618108
0.618325
0.617906
0.615896
0.616623
0.618602
0.622748
0.622115
0.622702
0.623832
0.624049
0.625332
0.624483
0.628240
0.625549
0.622626
0.619687
0.622192
0.620909
0.623398
0.627528
0.624544
0.629184
0.627189
0.628117
0.632030
0.634520
0.632400
0.632308
0.629633
0.627901
0.626199
0.623059
0.621559
0.616935
0.617986
0.625705
0.621776
0.623493
0.622503
0.621620
0.620863
0.626493
0.625348
0.623059
0.624281
0.625766
0.625194
0.623353
0.624049
0.619131
0.621202
0.620213
0.618991
0.614922
0.609121
0.608764
0.609909
0.612494
0.609232
0.610854
0.617057
0.614351
0.611428
0.611767
0.612121
0.612833
0.613205
0.612044
0.610637
0.612338
0.615044
0.616468
0.618184
0.615184
0.617690
0.618108
0.617891
0.618896
0.617629
0.617134
0.617335
0.615618
0.617118
0.615912
0.617195
0.612928
0.614488
0.615200
0.613483
0.614766
0.614272
0.613205
0.613639
0.615478
0.615695
0.615184
0.617256
0.614690
0.613761
0.612973
0.611767
0.611565
0.613560
0.612833
0.612060
0.611843
0.613343
0.612848
0.614039
0.615044
0.615973
0.614488
0.612338
0.614550
0.613544
0.613050
0.615044
0.614751
0.613050
0.613838
0.613978
0.616251
0.614766
0.616684
0.616266
0.622253
0.620830
0.623676
0.621480
0.620475
0.621047
0.622192
0.625625
0.625625
0.630668
0.625488
0.628472
0.627760
0.627977
0.626260
0.626988
0.627699
0.628133
0.628411
0.629617
0.627760
0.627977
0.627467
0.624761
0.624049
0.624342
0.623136
0.624620
0.627110
0.626260
0.620631
0.623909
0.624620
0.624837
0.624837
0.624620
0.626321
0.624403
0.619996
0.619840
0.618340
0.617412
0.616978
0.619669
0.617179
0.617195
0.619391
0.619623
0.621031
0.620042
0.624031
0.619980
0.622763
0.622192
0.626383
0.623893
0.623181
0.624403
0.622409
0.626538
0.627760
0.628240
0.626477
0.626694
0.628472
0.629184
0.626694
0.627684
0.626972
0.625488
0.626493
0.624110
0.625888
0.624883
0.623398
0.622393
0.624171
0.621697
0.626599
0.624126
0.625393
0.627033
0.627760
0.625194
0.627977
0.627189
0.626972
0.624761
0.626972
0.624559
0.625332
0.627250
0.626755
0.626615
0.628533
0.627033
0.626044
0.626832
0.631239
0.628689
0.628472
0.631239
0.630173
0.627684
0.627977
0.627345
0.628673
0.627623
0.626988
0.629401
0.625827
0.626105
0.624620
0.625610
0.622827
0.624126
0.624327
0.620848
0.621480
0.621465
0.621480
0.623398
0.620769
0.621743
0.619052
0.621031
0.620102
0.618835
0.616856
0.618835
0.618542
0.618835
0.619330
0.618835
0.618835
0.617845
0.619330
0.621031
0.620536
0.620475
0.623243
0.623954
0.624449
0.622965
0.623459
0.622470
0.622671
0.623459
0.620970
0.621758
0.621465
0.623041
0.624742
0.619547
0.621541
0.621526
0.621309
0.618835
0.622253
0.622748
0.621541
0.620753
0.618618
0.618912
0.620380
0.618184
0.618664
0.618462
0.619174
0.620674
0.617690
0.616761
0.617534
0.618523
0.615322
0.616746
0.617396
0.619174
0.618602
0.616684
0.608626
0.610759
0.610759
0.610248
0.613666
0.613899
0.614378
0.616962
0.608129
0.613960
0.611254
0.612338
0.609675
0.612365
0.607264
0.608965
0.605624
0.605902
0.606180
0.605606
0.603828
0.607973
0.608963
0.612121
0.615044
0.619623
0.620335
0.619052
0.621541
0.618062
0.621047
0.619345
0.620118
0.621092
0.616962
0.617968
0.616529
0.612693
0.612182
0.610820
0.608037
0.611254
0.608547
0.608608
0.608114
0.609891
0.615105
0.620952
0.619730
0.619529
0.616761
0.618462
0.619669
0.620396
0.620891
0.623814
0.625732
0.623243
0.624742
0.625531
0.622748
0.625020
0.622608
0.622314
0.623319
0.626227
0.626877
0.625687
0.625377
0.624309
0.624324
0.623319
0.626166
0.625253
0.626661
0.624465
0.621324
0.622531
0.624309
0.621401
0.620597
0.621386
0.618523
0.619018
0.620518
0.616388
0.619868
0.614177
0.615522
0.615677
0.616605
0.618307
0.619235
0.618817
0.621957
0.621370
0.619947
0.623365
0.624648
0.623304
0.624015
0.624015
0.625809
0.624309
0.625515
0.625020
0.626444
0.625454
0.627171
0.625176
0.630372
0.626661
0.628594
0.630311
0.629801
0.629367
0.628377
0.629306
0.628594
0.631301
0.629599
0.632507
0.629028
0.628316
0.627605
0.627388
0.624959
0.622531
0.622097
0.621663
0.618462
0.618957
0.617412
0.620674
0.620179
0.618679
0.617891
0.622454
0.614733
0.622174
0.616944
0.616388
0.612259
0.614888
0.613899
0.614888
0.612677
0.618878
0.617378
0.617084
0.612677
0.614672
0.612754
0.613450
0.616605
0.617534
0.618307
0.617518
0.618817
0.620240
0.623087
0.623597
0.626383
0.626893
0.624883
0.624959
0.627372
0.627171
0.627094
0.626816
0.630094
0.627883
0.629740
0.630033
0.627250
0.627745
0.627250
0.625610
0.624883
0.624620
0.624403
0.627171
0.627189
0.630623
0.627406
0.629895
0.627745
0.629816
0.630512
0.627033
0.627821
0.626816
0.627806
0.627311
0.626538
0.627806
0.626615
0.628301
0.628594
0.627806
0.628240
0.627528
0.628240
0.630589
0.628811
0.629599
0.625099
0.628176
0.625531
0.625576
0.619730
0.619730
0.613187
0.614378
0.619034
0.616727
0.619452
0.613960
0.617995
0.615799
0.612937
0.612442
0.607699
0.608859
0.614488
0.614766
0.619235
0.621819
0.617690
0.622036
0.622748
0.625515
0.626444
0.624015
0.625515
0.622809
0.620814
0.620102
0.618618
0.621092
0.618801
0.619791
0.618090
0.617656
0.613465
0.615738
0.614733
0.616156
0.615661
0.616544
0.624370
0.619452
0.621941
0.622375
0.622375
0.624587
0.625793
0.626444
0.626166
0.626938
0.626227
0.621880
0.621880
0.623258
0.626026
0.627232
0.628655
0.625393
0.628084
0.625161
0.624819
0.625732
0.627944
0.624959
0.623970
0.624526
0.621602
0.622653
0.617240
0.620457
0.620396
0.619669
0.619452
0.617317
0.616746
0.618245
0.620179
0.618679
0.618664
0.619669
0.623380
0.625097
0.624804
0.624742
0.623814
0.624309
0.621541
0.621324
0.620814
0.623319
0.622809
0.623597
0.623319
0.623814
0.622531
0.622824
0.623243
0.626938
0.623753
0.623753
0.625454
0.624526
0.625438
0.623258
0.626444
0.623258
0.627650
0.625671
0.626661
0.624248
0.624959
0.625655
0.626181
0.625161
0.625949
0.623954
0.625949
0.626166
0.625888
0.623893
0.628316
0.628316
0.630017
0.626538
0.628316
0.627388
0.629523
0.627528
0.627388
0.628301
0.626893
0.627388
0.625888
0.625888
0.625687
0.626877
0.626166
0.625872
0.624681
0.623970
0.624171
0.622671
0.622097
0.620118
0.622531
0.619825
0.620042
0.619608
0.621602
0.618401
0.619684
0.622592
0.619901
0.619886
0.616978
0.616173
0.617952
0.621880
0.623814
0.623304
0.622036
0.623536
0.623026
0.623814
0.625237
0.624465
0.626166
0.628377
0.624666
0.624171
0.626954
0.626166
0.624681
0.627666
0.625888
0.626383
0.626676
0.626816
0.626599
0.628393
0.629523
0.627171
0.626893
0.626166
0.626383
0.626877
0.626383
0.623676
0.625949
0.625020
0.624293
0.622391
0.622886
0.621941
0.621447
0.622375
0.620457
0.621447
0.622947
0.619452
0.619296
0.618322
0.619791
0.618090
0.619791
0.618801
0.619791
0.619018
0.618817
0.620008
0.618029
0.618817
0.619312
0.617301
0.617595
0.619791
0.617595
0.617595
0.617812
0.620008
0.618307
0.619095
0.616172
0.615661
0.615722
0.615722
0.614516
0.611593
0.612921
0.612442
0.611376
0.613587
0.612815
0.615289
0.612598
0.614794
0.612103
0.614021
0.613867
0.614733
0.613526
0.613511
0.613016
0.612103
0.614577
0.611453
0.604601
0.605652
0.601815
0.602588
0.601027
0.601800
0.603300
0.601305
0.604662
0.607863
0.611654
0.611809
0.612537
0.612876
0.612582
0.612799
0.614299
0.612381
0.612860
0.610169
0.610386
0.611654
0.606318
0.610725
0.611947
0.614299
0.612320
0.614794
0.613511
0.615011
0.613587
0.613077
0.613371
0.611159
0.613077
0.613572
0.611593
0.608685
0.614516
0.616016
0.614238
0.613294
0.614516
0.611809
0.612815
0.615026
0.614021
0.613526
0.615722
0.613016
0.611825
0.615227
0.613944
0.616666
0.616156
0.613944
0.614021
0.613728
0.614516
0.614593
0.614021
0.616651
0.616233
0.616233
0.615939
0.615243
0.615444
0.614238
0.614733
0.615722
0.616434
0.614238
0.614299
0.613526
0.614238
0.613032
0.615722
0.613465
0.614238
0.614238
0.615722
0.614733
0.612521
0.613309
0.613309
0.614299
0.609103
0.612365
0.611593
0.611438
0.612381
0.610881
0.610386
0.612860
0.610865
0.608175
0.610169
0.611376
0.611593
0.612164
0.614794
0.612381
0.612659
0.609598
0.612087
0.610386
0.610386
0.610386
0.611593
0.610803
0.608947
0.611437
0.611143
0.612659
0.613960
0.614021
0.612537
0.614809
0.610820
0.615304
0.612320
0.614455
0.614794
0.611532
0.612955
0.614238
0.613016
0.614021
0.613526
0.613309
0.612521
0.614006
0.613511
0.609119
0.610371
0.608669
0.609659
0.608669
0.610169
0.611871
0.608175
0.608453
0.609458
0.606751
0.608175
0.608886
0.611871
0.611593
0.615738
0.614378
0.615011
0.613865
0.617005
0.614299
0.615087
0.610587
0.613294
0.612598
0.612103
0.612876
0.610943
0.610664
0.608669
0.610447
0.611143
0.608669
0.610664
0.607958
0.609442
0.606751
0.608731
0.608947
0.607741
0.608236
0.609952
0.610154
0.609241
0.607246
0.606024
0.606024
0.605823
0.603813
0.603611
0.603178
0.603672
0.605374
0.604818
0.606797
0.605312
0.607802
0.608236
0.607029
0.605668
0.607524
0.607029
0.605312
0.606024
0.604818
0.605807
0.606812
0.604818
0.604323
0.604323
0.604802
0.605111
0.605389
0.605389
0.604802
0.608220
0.610014
0.609458
0.611159
0.611871
0.609164
0.607586
0.605807
0.604106
0.605096
0.605389
0.604106
0.604384
0.601461
0.598815
0.602850
0.596464
0.600376
0.598877
0.598397
0.604522
0.600532
0.602017
0.600532
0.602867
0.600239
0.609303
0.605251
0.606302
0.600595
0.600595
0.600733
0.601027
0.602511
0.600315
0.603362
0.604167
0.604384
0.600037
0.601522
0.599604
0.598675
0.598382
0.604384
0.605868
0.603362
0.609286
0.605453
0.615072
0.611453
0.610386
0.612026
0.615939
0.612304
0.615783
0.613743
0.612521
0.611593
0.609442
0.610664
0.606968
0.608437
0.606953
0.608236
0.605312
0.606736
0.605328
0.606736
0.607524
0.607231
0.606024
0.604540
0.604818
0.604384
0.602405
0.602405
0.602884
0.602606
0.602884
0.604323
0.609164
0.603116
0.605096
0.604818
0.602884
0.603456
0.604167
0.601894
0.602389
0.600966
0.602667
0.602450
0.604879
0.600672
0.603950
0.604090
0.601400
0.600688
0.604106
0.602884
0.605312
0.604384
0.604802
0.603116
0.603596
0.603596
0.601183
0.601167
0.599249
0.604662
0.600100
0.601584
0.600672
0.600672
0.600966
0.602945
0.599527
0.601956
0.602079
0.600037
0.599821
0.599543
0.600037
0.598538
0.598538
0.600810
0.598321
0.601228
0.600532
0.599821
0.599604
0.597114
0.598397
0.597609
0.596897
0.602294
0.602079
0.601678
0.602249
0.601678
0.603239
0.601584
0.599543
0.598043
0.595908
0.596109
0.596387
0.593262
0.592396
0.590680
0.593818
0.597221
0.592164
0.590122
0.593324
0.594020
0.594376
0.593818
0.593818
0.595798
0.596292
0.591900
0.591235
0.588807
0.588250
0.589519
0.592395
0.590678
0.592720
0.590291
0.589796
0.589595
0.588373
0.586889
0.588373
0.590585
0.591961
0.593152
0.590585
0.591080
0.589533
0.589363
0.588017
0.586099
0.584970
0.586393
0.587383
0.586162
0.589363
0.586393
0.583376
0.585355
0.581659
0.583577
0.583748
0.587011
0.587011
0.588372
0.588806
0.587646
0.591141
0.589300
0.587321
0.586594
0.589300
0.588311
0.588806
0.588373
0.589533
0.587816
0.585605
0.588434
0.596213
0.586223
0.583454
0.584366
0.583437
0.579170
0.579231
0.579231
0.578813
0.581442
0.582664
0.581876
0.581937
0.579741
0.580731
0.578596
0.578287
0.577358
0.575162
0.573956
0.574945
0.571899
0.574234
0.572517
0.572377
0.571882
0.571882
0.569671
0.569377
0.568448
0.573366
0.573583
0.573089
0.570382
0.570165
0.572361
0.573089
0.572361
0.575361
0.572160
0.570150
0.568742
0.568943
0.567536
0.567025
0.565819
0.570721
0.565602
0.571882
0.570660
0.571589
0.573382
0.573583
0.580514
0.577808
0.576802
0.575517
0.573739
0.578596
0.577808
0.576586
0.576662
0.575734
0.574729
0.574527
0.573522
0.573027
0.572734
0.573027
0.573027
0.570028
0.571589
0.572099
0.574512
0.574234
0.575440
0.571821
0.572811
0.576229
0.575162
0.578302
0.577591
0.579943
0.576106
0.576879
0.576662
0.578025
0.576741
0.577808
0.575657
0.574668
0.572966
0.573739
0.572517
0.570599
0.574234
0.573168
0.575440
0.560684
0.578580
0.571250
0.573956
0.573678
0.578287
0.578519
0.578241
0.576757
0.577669
0.576741
0.577514
0.576802
0.575379
0.575874
0.571683
0.571683
0.571250
0.572178
0.571033
0.568604
0.570305
0.568109
0.567398
0.567893
0.568543
0.569966
0.571961
0.570522
0.569099
0.565403
0.568403
0.570599
0.570755
0.572178
0.569966
0.568837
0.567615
0.566686
0.567181
0.564969
0.563747
0.563329
0.560684
0.558472
0.557544
0.557544
0.558534
0.558039
0.556539
0.559322
0.560745
0.567303
0.567676
0.566964
0.567954
0.566530
0.563530
0.560901
0.561179
0.561951
0.563174
0.561674
0.565308
0.564319
0.565803
0.565803
0.566747
0.563747
0.566454
0.566454
0.567459
0.567877
0.566454
0.567443
0.567443
0.566314
0.564025
0.566515
0.563808
0.562602
0.559972
0.562385
0.564597
0.565030
0.560824
0.560112
0.559694
0.559972
0.559462
0.557049
0.555888
0.556676
0.554960
0.556676
0.555888
0.557249
0.555177
0.553258
0.550552
0.550335
0.551325
0.550103
0.548108
0.549685
0.547690
0.547968
0.545772
0.544751
0.544828
0.544550
0.547024
0.542399
0.544828
0.542833
0.544116
0.541764
0.542894
0.543404
0.544889
0.543111
0.543111
0.542894
0.543667
0.544039
0.544177
0.543899
0.547751
0.545756
0.546762
0.548896
0.549174
0.556521
0.551835
0.550830
0.552470
0.553615
0.552409
0.551759
0.550057
0.551481
0.551481
0.555393
0.553970
0.555610
0.557327
0.555332
0.554621
0.552687
0.550475
0.550830
0.550597
0.546251
0.541177
0.543682
0.545755
0.540915
0.541966
0.541547
0.542460
0.542971
0.542399
0.551386
0.552703
0.553970
0.552687
0.553258
0.553475
0.555177
0.555827
0.561551
0.560391
0.561179
0.559462
0.557544
0.557033
0.554838
0.553692
0.552687
0.552269
0.550970
0.551759
0.551264
0.551264
0.554171
0.554187
0.553816
0.551047
0.550042
0.553320
0.547907
0.550103
0.550396
0.545695
0.548603
0.549391
0.548124
0.550396
0.550335
0.551047
0.550335
0.547846
0.550335
0.549624
0.552748
0.550335
0.550118
0.547846
0.551557
0.549346
0.550552
0.551481
0.552052
0.550103
0.550552
0.549563
0.551542
0.548774
0.551264
0.552253
0.549113
0.550320
0.547907
0.546484
0.547473
0.545695
0.546978
0.545973
0.544534
0.543343
0.543621
0.544611
0.541410
0.547317
0.544550
0.547039
0.546251
0.551386
0.548402
0.552330
0.550613
0.547412
0.549685
0.543700
0.543282
0.542323
0.542338
0.543899
0.543404
0.542183
0.537048
0.540048
0.540048
0.539553
0.539815
0.537820
0.539336
0.541037
0.540976
0.540188
0.541410
0.540899
0.542137
0.545539
0.546251
0.544055
0.545539
0.545833
0.544055
0.547241
0.543050
0.545817
0.544116
0.545121
0.542833
0.546746
0.544550
0.543545
0.548957
0.549886
0.550613
0.549624
0.548835
0.547412
0.550753
0.551743
0.550613
0.551108
0.547907
0.548185
0.550103
0.547396
0.546545
0.546762
0.545756
0.546545
0.546762
0.542849
0.542988
0.543606
0.543266
0.541410
0.544116
0.543823
0.543606
0.543404
0.540698
0.537976
0.539754
0.539058
0.538053
0.537124
0.538826
0.538130
0.539815
0.536908
0.535408
0.532500
0.533630
0.534974
0.531556
0.531834
0.532344
0.533056
0.531834
0.529900
0.528911
0.529622
0.526931
0.530334
0.531834
0.527209
0.530410
0.531895
0.528987
0.529699
0.532900
0.535530
0.533474
0.533984
0.533551
0.530349
0.525987
0.529466
0.527982
0.530905
0.530333
0.527270
0.537463
0.534185
0.535963
0.533691
0.533984
0.534479
0.533474
0.531061
0.532778
0.531834
0.530612
0.532622
0.532344
0.531834
0.533334
0.530844
0.528987
0.530688
0.527982
0.529760
0.526559
0.525059
0.527533
0.527331
0.524347
0.522197
0.522908
0.522908
0.522692
0.528755
0.524998
0.527331
0.523898
0.523837
0.522924
0.521625
0.520773
0.520062
0.522056
0.518623
0.519985
0.522908
0.523480
0.519057
0.517911
0.518623
0.518623
0.517710
0.517200
0.520123
0.515404
0.510919
0.509991
0.512202
0.510486
0.510052
0.508769
0.511042
0.506341
0.510825
0.511970
0.515837
0.513983
0.513504
0.518128
0.518345
0.517138
0.519411
0.516689
0.515837
0.512621
0.511430
0.516256
0.517416
0.518205
0.517044
0.516256
0.514554
0.513287
0.524747
0.521207
0.526109
0.524919
0.526125
0.521641
0.525831
0.523202
0.520062
0.520324
0.516628
0.515977
0.516967
0.513332
0.513131
0.511692
0.508769
0.510486
0.507562
0.509062
0.507840
0.502999
0.507346
0.510980
0.510486
0.510208
0.510843
0.512621
0.511631
0.514832
0.516472
0.516054
0.515559
0.515049
0.515327
0.511909
0.510919
0.508507
0.509279
0.507068
0.506063
0.506417
0.503200
0.502550
0.502843
0.501838
0.505705
0.504917
0.508335
0.508769
0.508568
0.508568
0.509279
0.509774
0.508274
0.506356
0.507624
0.506851
0.507562
0.503216
0.507840
0.505257
0.502489
0.502504
0.502272
0.505690
0.506851
0.506356
0.508430
0.507285
0.506774
0.507501
0.506341
0.503589
0.503790
0.505073
0.504422
0.509264
0.507840
0.507068
0.506063
0.506557
0.505846
0.504700
0.504206
0.503216
0.502565
0.503555
0.507190
0.505983
0.507035
0.508118
0.511708
0.513904
0.513827
0.512480
0.510779
0.509047
0.508118
0.508830
0.505922
0.509124
0.508412
0.507840
0.510036
0.508351
0.508568
0.506139
0.508568
0.509557
0.510036
0.506341
0.505412
0.503478
0.502767
0.500555
0.499132
0.498064
0.498992
0.497136
0.498992
0.496053
0.494428
0.496624
0.496129
0.497553
0.495635
0.499703
0.499642
0.500415
0.501404
0.501404
0.501404
0.500121
0.498931
0.499132
0.499410
0.497214
0.497058
0.497770
0.498698
0.497492
0.496053
0.494846
0.493918
0.490222
0.496624
0.495063
0.496563
0.496765
0.496765
0.494846
0.493640
0.494135
0.494135
0.501127
0.499627
0.502410
0.495124
0.494413
0.495140
0.497770
0.494352
0.498403
0.494846
0.492495
0.489339
0.488148
0.490127
0.490622
0.488921
0.489910
0.491627
0.491783
0.491783
0.491490
0.494630
0.494119
0.492495
0.494691
0.494413
0.493484
0.493423
0.495836
0.501188
0.497135
0.493933
0.496640
0.494352
0.496548
0.495124
0.492989
0.491767
0.493545
0.486987
0.487699
0.489400
0.488410
0.487204
0.485487
0.484498
0.484559
0.486770
0.486276
0.490405
0.491334
0.487204
0.486276
0.485069
0.487760
0.487482
0.485781
0.484574
0.486694
0.485286
0.484791
0.486770
0.485548
0.483630
0.484837
0.483135
0.488038
0.483352
0.486553
0.486276
0.487760
0.484559
0.484837
0.485625
0.483908
0.482919
0.481495
0.482191
0.482702
0.485130
0.484342
0.480351
0.478217
0.481278
0.482191
0.479284
0.481696
0.479284
0.480768
0.477567
0.476638
0.481339
0.479051
0.477350
0.479623
0.479329
0.479329
0.478850
0.477860
0.475927
0.475988
0.473792
0.475988
0.477689
0.472075
0.471565
0.474705
0.475493
0.478834
0.480490
0.482702
0.480490
0.481712
0.481419
0.479934
0.476995
0.476638
0.475477
0.475493
0.473282
0.474488
0.474659
0.479778
0.477567
0.476638
0.475927
0.475416
0.473654
0.473638
0.475911
0.477628
0.478340
0.475215
0.475911
0.472787
0.470652
0.471997
0.469430
0.468501
0.464589
0.464139
0.469631
0.465007
0.472059
0.471146
0.471070
0.475215
0.474861
0.480629
0.476638
0.479485
0.478495
0.482146
0.484080
0.486276
0.483352
0.482347
0.483135
0.481141
0.484342
0.485781
0.487204
0.487497
0.486214
0.485921
0.488132
0.488349
0.486214
0.484992
0.485921
0.482363
0.484064
0.485148
0.486926
0.487143
0.484931
0.484220
0.484342
0.482085
0.481791
0.481574
0.479485
0.480490
0.478836
0.476299
0.477860
0.475633
0.475649
0.470514
0.471843
0.469586
0.471348
0.468007
0.468501
0.468779
0.465300
0.466229
0.465501
0.468223
0.467930
0.473482
0.470652
0.467945
0.472724
0.469864
0.471363
0.472848
0.473282
0.473715
0.474427
0.474149
0.476855
0.475850
0.475850
0.473498
0.476345
0.472881
0.475572
0.478556
0.476345
0.481773
0.479067
0.478773
0.477784
0.478789
0.477289
0.477134
0.481217
0.480413
0.479919
0.480273
0.475789
0.475927
0.474149
0.474644
0.472726
0.470358
0.468363
0.469136
0.467218
0.470141
0.469430
0.471626
0.468858
0.468223
0.468208
0.466785
0.466057
0.468562
0.463877
0.466274
0.468007
0.471626
0.471348
0.471363
0.470560
0.470080
0.466800
0.466213
0.466506
0.463861
0.462639
0.466351
0.461726
0.464851
0.466568
0.465578
0.465068
0.465578
0.465361
0.468501
0.475771
0.473127
0.464017
0.465795
0.458232
0.459576
0.464927
0.464216
0.466769
0.463150
0.465068
0.464356
0.461015
0.463211
0.463504
0.460999
0.462206
0.461509
0.459298
0.458076
0.458137
0.460565
0.456653
0.458153
0.459065
0.456869
0.455229
0.459420
0.457271
0.458415
0.456653
0.461015
0.462700
0.462716
0.459004
0.458665
0.460443
0.458803
0.460226
0.458293
0.461372
0.459655
0.460877
0.464729
0.465007
0.462872
0.463305
0.464884
0.481495
0.475572
0.478834
0.481574
0.480802
0.479797
0.477445
0.478945
0.480368
0.480786
0.476394
0.480802
0.479519
0.478080
0.479302
0.480725
0.482008
0.480508
0.483291
0.485148
0.482442
0.482937
0.479736
0.478791
0.481296
0.479797
0.481513
0.477229
0.475960
0.480368
0.480352
0.478156
0.477863
0.478156
0.478930
0.476873
0.477879
0.478156
0.479146
0.473950
0.472603
0.473794
0.471165
0.471381
0.470453
0.472588
0.472881
0.472154
0.467884
0.468025
0.469741
0.467885
0.466323
0.469726
0.466384
0.463956
0.463027
0.461665
0.461387
0.460660
0.459731
0.459020
0.459221
0.458387
0.460367
0.459671
0.462377
0.460877
0.458448
0.464945
0.465068
0.469075
0.461528
0.466586
0.465178
0.462456
0.466647
0.467591
0.462749
0.464157
0.466818
0.466586
0.467884
0.466030
0.467096
0.469726
0.467157
0.466308
0.465969
0.466525
0.467313
0.469308
0.463107
0.461683
0.462377
0.460043
0.465596
0.461326
0.458620
0.466647
0.464668
0.463739
0.465239
0.465162
0.463522
0.463724
0.463507
0.464017
0.462316
0.460321
0.460599
0.459176
0.455742
0.457798
0.459221
0.456808
0.458742
0.461821
0.466430
0.463739
0.461744
0.462038
0.465007
0.465223
0.469308
0.466091
0.469308
0.465535
0.464112
0.468519
0.468797
0.469726
0.473222
0.468458
0.466540
0.467035
0.467948
0.467731
0.464451
0.466369
0.462688
0.466446
0.470514
0.468009
0.464884
0.463461
0.463663
0.468009
0.463244
0.463088
0.462377
0.463522
0.463305
0.463027
0.459826
0.460305
0.460028
0.461821
0.458326
0.459377
0.457181
0.456176
0.461078
0.460382
0.453191
0.457615
0.455742
0.457459
0.457071
0.456530
0.452324
0.451814
0.449755
0.447822
0.449817
0.448766
0.449245
0.448378
0.449801
0.447589
0.445671
0.451890
0.455880
0.448595
0.451890
0.452880
0.453097
0.452880
0.455880
0.453391
0.452168
0.450390
0.453097
0.449477
0.445610
0.444527
0.449523
0.447605
0.450311
0.446228
0.446661
0.444805
0.446026
0.446321
0.447944
0.445099
0.442592
0.444805
0.445531
0.447512
0.443953
0.445810
0.445593
0.446521
0.443366
0.440118
0.449445
0.449306
0.446522
0.449584
0.448378
0.447017
0.445038
0.446166
0.445795
0.447449
0.447589
0.448393
0.447110
0.448023
0.451874
0.449089
0.444543
0.445671
0.449306
0.449878
0.450605
0.452245
0.450528
0.451533
0.450235
0.450528
0.448811
0.448827
0.450033
0.449817
0.446600
0.449584
0.449661
0.450791
0.448439
0.447512
0.446954
0.445795
0.445795
0.445531
0.440613
0.445438
0.445144
0.443877
0.444154
0.445438
0.442886
0.442391
0.440737
0.439869
0.444231
0.441370
0.442592
0.439252
0.445531
0.445361
0.443938
0.446227
0.441170
0.441170
0.438478
0.441246
0.439576
0.439792
0.439096
0.434890
0.434179
0.440674
0.438369
0.437224
0.437380
0.433173
0.433250
0.434951
0.434456
0.436173
0.438385
0.440086
0.438385
0.437380
0.433295
0.435229
0.431115
0.432382
0.433172
0.434734
0.432028
0.431749
0.431454
0.430372
0.426536
0.431655
0.425531
0.424386
0.423179
0.426814
0.430959
0.433650
0.428748
0.429166
0.432938
0.431933
0.433928
0.426814
0.428793
0.428375
0.430849
0.422529
0.423534
0.424447
0.421600
0.423735
0.423579
0.418399
0.423085
0.416188
0.420517
0.415088
0.418460
0.416944
0.422434
0.422373
0.421740
0.422529
0.420317
0.425235
0.417733
0.423796
0.428359
0.424880
0.427819
0.427526
0.428793
0.429303
0.420039
0.424663
0.427092
0.425452
0.422730
0.423735
0.428298
0.428097
0.423952
0.423100
0.425513
0.423518
0.422235
0.427880
0.425452
0.426380
0.424957
0.424740
0.424523
0.424245
0.423735
0.423735
0.421322
0.425158
0.418399
0.423023
0.419605
0.423735
0.422746
0.422452
0.422312
0.419743
0.421862
0.417733
0.420595
0.418383
0.422079
0.417733
0.416032
0.416526
0.416233
0.415799
0.411670
0.412675
0.411731
0.417577
0.415876
0.411468
0.414871
0.412797
0.411746
0.413942
0.411514
0.417516
0.424291
0.420751
0.414098
0.417870
0.416587
0.417794
0.419016
0.422868
0.421585
0.420161
0.422868
0.426597
0.425174
0.429798
0.430248
0.432150
0.429954
0.430232
0.428314
0.430232
0.429026
0.426814
0.426319
0.429026
0.427819
0.425113
0.429954
0.426597
0.424957
0.423534
0.422822
0.421585
0.420672
0.419172
0.418816
0.420656
0.420672
0.420888
0.417238
0.417516
0.416804
0.415815
0.414037
0.418505
0.412614
0.415381
0.413664
0.416648
0.414871
0.411514
0.411746
0.407694
0.411019
0.409874
0.407461
0.411529
0.411096
0.413369
0.412458
0.411963
0.414453
0.413324
0.413386
0.415025
0.411468
0.415103
0.419666
0.417161
0.418878
0.418939
0.416804
0.416310
0.415799
0.418460
0.418955
0.421166
0.418939
0.420378
0.418167
0.415521
0.415027
0.415304
0.415876
0.416882
0.418243
0.418955
0.419450
0.416960
0.414748
0.417021
0.415815
0.416233
0.414235
0.417870
0.414886
0.414608
0.418026
0.413603
0.414530
0.418350
0.412598
0.412675
0.413169
0.410246
0.412458
0.411746
0.413881
0.412397
0.414175
0.411963
0.413508
0.411746
0.412675
0.413246
0.410741
0.409752
0.407894
0.407461
0.406239
0.410368
0.408945
0.410090
0.407894
0.409038
0.407461
0.409950
0.408961
0.407956
0.413014
0.408389
0.407461
0.406950
0.410879
0.411297
0.412658
0.411312
0.411590
0.413942
0.413230
0.415659
0.413230
0.412458
0.415225
0.412024
0.412503
0.412519
0.411807
0.415008
0.410106
0.413090
0.411373
0.411297
0.407384
0.408374
0.409162
0.411575
0.408728
0.407662
0.410151
0.408945
0.407445
0.409239
0.406022
0.408667
0.408017
0.405310
0.407027
0.405805
0.407940
0.406733
0.408234
0.407445
0.406037
0.409440
0.406950
0.405945
0.408234
0.413292
0.415798
0.415720
0.413029
0.414669
0.415164
0.414886
0.416092
0.416016
0.415164
0.417082
0.416865
0.416370
0.416865
0.418087
0.418799
0.420733
0.424074
0.423812
0.422806
0.420672
0.420873
0.418800
0.418955
0.418521
0.417794
0.415876
0.414730
0.417855
0.415799
0.420500
0.422574
0.422574
0.423085
0.422806
0.422156
0.420950
0.414947
0.409812
0.410384
0.410151
0.408172
0.409874
0.411868
0.410167
0.409950
0.411946
0.407167
0.404739
0.407506
0.406733
0.409223
0.406022
0.404305
0.406083
0.406300
0.405805
0.404305
0.406654
0.403593
0.405866
0.406871
0.406300
0.406376
0.404861
0.402943
0.402665
0.401953
0.404443
0.404165
0.401953
0.399030
0.400020
0.400020
0.400236
0.403236
0.401458
0.401953
0.401458
0.405588
0.407506
0.408218
0.402897
0.402387
0.402170
0.399247
0.399247
0.396385
0.395178
0.397668
0.398364
0.396940
0.399586
0.401025
0.400945
0.400530
0.402726
0.400731
0.401520
0.402787
0.400096
0.401520
0.399525
0.398596
0.401303
0.398379
0.400374
0.399091
0.397312
0.398163
0.395951
0.397002
0.393877
0.397017
0.394945
0.393584
0.388309
0.386809
0.385499
0.383174
0.394292
0.391017
0.388737
0.390688
0.397834
0.392438
0.393660
0.394259
0.390242
0.391980
0.391980
0.395229
0.390382
0.391603
0.393660
0.393660
0.391943
0.393089
0.389825
0.390954
0.389964
0.392872
0.395084
0.394589
0.398023
0.395224
0.396507
0.392950
0.392671
0.392610
0.395811
0.394311
0.395795
0.395161
0.395022
0.394094
0.393089
0.399119
0.393877
0.395361
0.391943
0.388449
0.394907
0.391010
0.399455
0.392655
0.393089
0.395439
0.392377
0.392810
0.393150
0.393930
0.392144
0.390026
0.395887
0.396535
0.389718
0.390721
0.391943
0.393601
0.394867
0.398300
0.396012
0.398224
0.397590
0.398285
0.392176
0.391943
0.394259
0.403026
0.394252
0.395439
0.402091
0.403221
0.398935
0.398734
0.396940
0.396939
0.397790
0.399151
0.401596
0.399662
0.401147
0.399647
0.402075
0.403282
0.404009
0.402091
0.400591
0.404953
0.403019
0.406376
0.402231
0.401797
0.394094
0.394372
0.396290
0.401380
0.399708
0.399012
0.397234
0.395084
0.398300
0.397295
0.395361
0.397078
0.396290
0.396722
0.396089
0.394728
0.394867
0.397280
0.400081
0.398023
0.396229
0.397295
0.396522
0.397017
0.396073
0.399491
0.390954
0.393962
0.396890
0.396528
0.392160
0.399152
0.398657
0.397590
0.401364
0.400081
0.400173
0.397234
0.402570
0.397946
0.399152
0.398224
0.394311
0.397573
0.395300
0.396568
0.394650
0.394650
0.393601
0.399119
0.395856
0.393601
0.391943
0.393645
0.393279
0.393608
0.393297
0.399462
0.396864
0.395877
0.394907
0.392960
0.392309
0.397168
0.397168
0.396367
0.396290
0.403065
0.401642
0.408432
0.404443
0.404009
0.404721
0.405726
0.405927
0.408356
0.406144
0.405649
0.404937
0.405432
0.405215
0.404009
0.404999
0.404488
0.401380
0.399940
0.398935
0.401642
0.398502
0.397790
0.398996
0.394259
0.396839
0.403499
0.404705
0.404782
0.402570
0.402308
0.403993
0.405509
0.407427
0.403715
0.401504
0.401874
0.404070
0.403343
0.401303
0.403575
0.404488
0.403792
0.401782
0.401303
0.403499
0.402848
0.400853
0.399012
0.400002
0.397295
0.396290
0.396089
0.395084
0.397820
0.394712
0.400930
0.402864
0.399925
0.399012
0.400218
0.397295
0.394155
0.395547
0.399126
0.393944
0.395244
0.397688
0.397834
0.396217
0.396217
0.393937
0.399784
0.398321
0.396199
0.396445
0.395795
0.399430
0.399111
0.396584
0.402136
0.401642
0.401642
0.401874
0.402353
0.403560
0.402353
0.401581
0.403575
0.402647
0.400945
0.400435
0.401718
0.402136
0.401920
0.400142
0.401051
0.399430
0.399283
0.401935
0.402647
0.400652
0.403636
0.404070
0.404147
0.401147
0.401935
0.401920
0.401642
0.402198
0.401208
0.398239
0.403777
0.404999
0.406205
0.405710
0.405432
0.404287
0.405277
0.399940
0.400775
0.400218
0.400435
0.405014
0.405277
0.403297
0.404009
0.404999
0.407411
0.406639
0.403715
0.404287
0.401874
0.402647
0.401070
0.401147
0.400157
0.399430
0.400435
0.397017
0.394589
0.390359
0.397201
0.396890
0.399177
0.398511
0.398500
0.396542
0.396553
0.398182
0.403370
0.398493
0.398500
0.395909
0.397212
0.396231
0.399817
0.395598
0.399166
0.402752
0.399502
0.401789
0.398855
0.401446
0.396257
0.398214
0.400161
0.400812
0.395953
0.400497
0.400483
0.400483
0.395276
0.397226
0.397556
0.402093
0.401109
0.396231
0.394610
0.401757
0.398837
0.398511
0.402408
0.405975
0.397859
0.403385
0.399488
0.397859
0.394629
0.402422
0.401453
0.402752
0.405672
0.404684
0.399177
0.401453
0.401775
0.402390
0.404669
0.399126
0.402053
0.405632
0.401413
0.404504
0.402382
0.400443
0.404662
0.400761
0.404340
0.404340
0.403363
0.402712
0.397194
0.399792
0.399792
0.404669
0.401091
0.404003
0.405310
0.404340
0.396864
0.405310
0.405310
0.402053
0.411142
0.395565
0.404333
0.401881
0.401076
0.407886
0.402708
0.403914
0.403914
0.401380
0.405295
0.401076
0.403674
0.404644
0.406272
0.406272
0.400747
0.404637
0.404300
0.405928
0.403649
0.402349
0.399986
0.402368
0.403345
0.398475
0.404340
0.407267
0.411157
0.403041
0.406290
0.408237
0.405961
0.406601
0.406601
0.404150
0.406594
0.404644
0.404003
0.407900
0.405302
0.403180
0.407564
0.402210
0.400754
0.407095
0.404340
0.403370
0.411815
0.407267
0.407926
0.404677
0.405335
0.410202
0.409224
0.407604
0.407926
0.400121
0.414406
0.408394
0.408552
0.402540
0.408881
0.407260
0.408888
0.407919
0.410517
0.408566
0.406634
0.411190
0.408592
0.408270
0.404043
0.409891
0.407622
0.406305
0.403074
0.406330
0.402752
0.417688
0.409891
0.406001
0.411526
0.404702
0.408928
0.410860
0.403740
0.412514
0.411855
0.410227
0.411208
0.412825
0.409561
0.399817
0.409258
0.407959
0.410549
0.408262
0.407940
0.408599
0.410886
0.409594
0.407966
0.414464
0.413154
0.413469
0.411512
0.412810
0.410860
0.409891
0.415409
0.410213
0.413798
0.408592
0.408270
0.407629
0.410886
0.408946
0.413491
0.408295
0.409265
0.406008
0.416404
0.418025
0.404043
0.412499
0.409569
0.403396
0.405994
0.404043
0.410220
0.410549
0.408270
0.411848
0.409250
0.406001
0.403403
0.407959
0.405039
0.408936
0.408617
0.412514
0.413484
0.413484
0.410557
0.407636
0.410886
0.407959
0.409587
0.409916
0.410893
0.408295
0.409265
0.413484
0.413154
0.407959
0.409258
0.410557
0.406659
0.414783
0.410557
0.405679
0.410867
0.408599
0.418025
0.411848
0.409587
0.418032
0.414775
0.417688
0.410542
0.416397
0.411848
0.415745
0.414117
0.415409
0.409554
0.408903
0.408903
0.412810
0.405983
0.414757
0.415409
0.413140
0.413469
0.410860
0.409876
0.412474
0.412474
0.410524
0.414092
0.417176
0.412792
0.409536
0.414092
0.415401
0.414092
0.411823
0.416042
0.418321
0.413114
0.416042
0.413279
0.412785
0.413107
0.413107
0.413096
0.414406
0.415705
0.419273
0.415376
0.416016
0.413429
0.414399
0.418289
0.413075
0.414366
0.409496
0.411775
0.409503
0.411790
0.417004
0.419924
0.421216
0.415369
0.411808
0.419917
0.423155
0.413740
0.417301
0.416324
0.417630
0.416331
0.410162
0.416832
0.412449
0.419266
0.416668
0.416989
0.413740
0.413740
0.413089
0.418124
0.423166
0.417630
0.412441
0.411775
0.413722
0.413733
0.418600
0.417630
0.420228
0.418929
0.419910
0.416660
0.416002
0.417959
0.416009
0.414052
0.417630
0.418289
0.419588
0.415032
0.418600
0.414373
0.414373
0.418106
0.417952
0.416002
0.417301
0.414703
0.417301
0.418271
0.414703
0.418281
0.417630
0.417136
0.413733
0.416331
0.416331
0.410813
0.415032
0.416979
0.414227
0.415680
0.413082
0.416002
0.420550
0.418600
0.415361
0.420887
0.414077
0.421059
0.423166
0.424454
0.416002
0.420221
0.413404
0.416331
0.420887
0.416503
0.420879
0.418947
0.424480
0.419613
0.423675
0.421560
0.420261
0.420919
0.423517
0.422193
0.422193
0.423814
0.422837
0.419258
0.426086
0.419910
0.420557
0.423155
0.425106
0.421538
0.425435
0.420879
0.426379
0.423148
0.424776
0.417959
0.426075
0.419251
0.419899
0.420879
0.418764
0.420879
0.417630
0.419580
0.417795
0.423148
0.424440
0.422160
0.423141
0.423788
0.423148
0.420228
0.422508
0.419588
0.420557
0.421520
0.425106
0.429013
0.427689
0.424769
0.422160
0.422819
0.427374
0.417293
0.418592
0.423463
0.423141
0.418914
0.423141
0.419251
0.422830
0.424447
0.421520
0.424776
0.420879
0.421520
0.423477
0.426075
0.425427
0.420715
0.427696
0.424110
0.422490
0.426397
0.425427
0.424447
0.421198
0.421849
0.419891
0.425098
0.426390
0.425413
0.424103
0.422153
0.426053
0.421824
0.423774
0.419226
0.419555
0.423133
0.422153
0.425731
0.428658
0.424762
0.423133
0.428962
0.432212
0.427334
0.427986
0.427005
0.426686
0.423108
0.427327
0.427327
0.429596
0.425047
0.423426
0.429603
0.425058
0.427986
0.425699
0.427005
0.431553
0.427334
0.431882
0.420188
0.426364
0.427663
0.426676
0.433833
0.432204
0.425699
0.426346
0.437064
0.425040
0.426990
0.420247
0.421948
0.423082
0.426002
0.426983
0.423082
0.424063
0.425033
0.428271
0.424703
0.425033
0.430551
0.426972
0.426573
0.426094
0.427953
0.428444
0.428723
0.429017
0.429867
0.431430
0.431369
0.430935
0.429079
0.431430
0.430935
0.432636
0.432652
0.432172
0.423734
0.425366
0.430873
0.427083
0.431842
0.429496
0.429435
0.431723
0.432435
0.433069
0.433146
0.430935
0.432791
0.432652
0.432791
0.435080
0.433426
0.431369
0.433348
0.432157
0.432296
0.437276
0.435281
0.435297
0.435281
0.433781
0.433580
0.436054
0.435297
0.435514
0.436998
0.436503
0.435003
0.432869
0.436271
0.434585
0.435297
0.436210
0.437215
0.435715
0.435514
0.435281
0.436287
0.436024
0.436427
0.436226
0.437215
0.437138
0.438422
0.436442
0.436937
0.437927
0.438220
0.440123
0.437927
0.438932
0.440633
0.438855
0.437850
0.438144
0.437215
0.436720
0.439922
0.438422
0.438932
0.437416
0.434509
0.435220
0.434014
0.435003
0.431662
0.432435
0.432079
0.428507
0.430006
0.432805
0.433580
0.433146
0.433858
0.434292
0.436781
0.436009
0.437927
0.437927
0.438422
0.436442
0.437710
0.435715
0.436287
0.438144
0.439860
0.437649
0.434726
0.435559
0.432930
0.434353
0.437633
0.436644
0.436998
0.435715
0.440123
0.436210
0.437200
0.438003
0.434585
0.436287
0.437137
0.435514
0.438205
0.438422
0.438144
0.439149
0.439644
0.437432
0.436720
0.439072
0.440355
0.437649
0.437138
0.436720
0.437664
0.439350
0.438437
0.436442
0.438731
0.439644
0.439427
0.440138
0.435947
0.438932
0.437633
0.439427
0.441128
0.440633
0.440633
0.441562
0.441562
0.445985
0.443728
0.443712
0.443913
0.440789
0.443278
0.443278
0.445429
0.444146
0.446358
0.444918
0.443217
0.444130
0.445196
0.442784
0.447130
0.445924
0.446140
0.445847
0.446635
0.446635
0.446635
0.446852
0.447857
0.449760
0.448059
0.446635
0.447640
0.450038
0.448337
0.447625
0.446342
0.446635
0.447842
0.450548
0.450826
0.449559
0.446358
0.448770
0.448059
0.448276
0.447069
0.449775
0.449064
0.449265
0.448059
0.444857
0.444424
0.448553
0.447564
0.447053
0.449048
0.447625
0.445630
0.447130
0.445924
0.446913
0.444934
0.448352
0.446140
0.444918
0.444207
0.442490
0.443495
0.443712
0.445212
0.445908
0.444207
0.447408
0.448059
0.448059
0.447069
0.448847
0.449265
0.445847
0.445429
0.445924
0.446620
0.444702
0.444424
0.443929
0.444918
0.445847
0.446419
0.447347
0.447842
0.447069
0.446559
0.448135
0.446852
0.447564
0.446852
0.445924
0.446419
0.447686
0.444500
0.444918
0.448908
0.446419
0.445212
0.447640
0.446140
0.448553
0.448059
0.448135
0.449559
0.449836
0.449064
0.451275
0.450704
0.450270
0.449281
0.449482
0.450270
0.454678
0.449281
0.450982
0.452482
0.451214
0.452622
0.453334
0.452143
0.454061
0.451849
0.451199
0.452343
0.449281
0.450765
0.451553
0.449637
0.450270
0.451971
0.451971
0.451709
0.452065
0.451709
0.450704
0.450982
0.451987
0.451987
0.448492
0.450270
0.451199
0.450194
0.450487
0.449977
0.448770
0.450842
0.449342
0.449760
0.450270
0.451694
0.451415
0.450982
0.452204
0.454848
0.453627
0.451415
0.453627
0.453627
0.451138
0.453410
0.453843
0.452900
0.455328
0.453844
0.453844
0.454834
0.455545
0.453844
0.452421
0.455900
0.454678
0.453688
0.453905
0.452699
0.452622
0.454632
0.453921
0.454693
0.453410
0.453905
0.452900
0.451694
0.453395
0.452622
0.451987
0.453395
0.451477
0.453471
0.454400
0.452482
0.451770
0.451059
0.450564
0.451414
0.449775
0.453410
0.455111
0.453395
0.453410
0.454400
0.452482
0.451553
0.449498
0.451694
0.453905
0.452482
0.449498
0.452683
0.450765
0.451477
0.450053
0.450826
0.453192
0.449760
0.448569
0.451336
0.448630
0.449326
0.448847
0.451615
0.451043
0.450270
0.452203
0.450548
0.451770
0.449559
0.450270
0.452188
0.452760
0.450548
0.450548
0.449403
0.449696
0.449775
0.450548
0.448908
0.443789
0.443416
0.451104
0.444128
0.444824
0.443826
0.445455
0.445444
0.443184
0.445612
0.446540
0.444112
0.440911
0.441482
0.443504
0.442205
0.442673
0.444163
0.444481
0.443018
0.442178
0.444145
0.442906
0.443617
0.441406
0.447394
0.443400
0.442906
0.442689
0.444474
0.441406
0.446424
0.443400
0.442194
0.444390
0.439766
0.437693
0.441883
0.441554
0.442864
0.444152
0.446095
0.442704
0.446095
0.441977
0.439933
0.438974
0.437671
0.442549
0.445806
0.441909
0.445147
0.441572
0.443530
0.444829
0.444013
0.442549
0.445469
0.440262
0.442542
0.442542
0.443841
0.446109
0.441561
0.446439
0.445140
0.446439
0.440438
0.445147
0.445477
0.442549
0.444507
0.446135
0.440928
0.442549
0.439951
0.446439
0.444170
0.442871
0.445147
0.441579
0.449366
0.442384
0.443043
0.442878
0.442549
0.445469
0.437360
0.444521
0.446497
0.449095
0.452344
0.449417
0.444210
0.447130
0.445502
0.443874
0.453142
0.448766
0.443570
0.444539
0.451686
0.444210
0.445509
0.446808
0.449417
0.451045
0.449406
0.447137
0.452977
0.444861
0.450379
0.446965
0.447789
0.448436
0.450387
0.447130
0.448429
0.452326
0.445509
0.448100
0.446815
0.448125
0.446815
0.448107
0.449406
0.445838
0.450065
0.453003
0.450723
0.449424
0.451060
0.450090
0.453995
0.453683
0.451071
0.455286
0.446175
0.452688
0.449450
0.448469
0.448477
0.454982
0.452713
0.455008
0.456314
0.462161
0.460862
0.458264
0.451429
0.456932
0.456292
0.456611
0.452384
0.457573
0.452713
0.454184
0.454671
0.457902
0.453683
0.451414
0.458239
0.463116
0.454982
0.452721
0.455977
0.454678
0.450452
0.454678
0.455008
0.456954
0.459563
0.456801
0.453716
0.454686
0.461513
0.452391
0.456940
0.453057
0.460222
0.457302
0.462015
0.461839
0.456629
0.453050
0.461495
0.461177
0.456299
0.453379
0.462154
0.456307
0.456954
0.455674
0.462834
0.461711
0.459596
0.462029
0.461224
0.467547
0.457631
0.460566
0.460558
0.459596
0.459932
0.463478
0.463321
0.460236
0.462516
0.467712
0.460236
0.462194
0.462516
0.454052
0.461528
0.461535
0.465418
0.464448
0.459900
0.462662
0.458601
0.461199
0.459259
0.456339
0.467408
0.461250
0.462556
0.472318
0.466142
0.464521
0.469727
0.469727
0.466808
0.472655
0.464199
0.469069
0.469717
0.465490
0.473288
0.468099
0.466149
0.472333
0.468443
0.472834
0.473328
0.473987
0.476241
0.474942
0.468443
0.470064
0.468608
0.474620
0.470723
0.471052
0.470401
0.473328
0.474956
0.475604
0.473665
0.473346
0.475139
0.477572
0.473024
0.472702
0.479867
0.476624
0.479233
0.480203
0.480196
0.475647
0.478904
0.480203
0.477923
0.484429
0.479874
0.476643
0.483460
0.493844
0.481857
0.485736
0.480540
0.486058
0.480229
0.483474
0.485424
0.484462
0.483481
0.482183
0.484133
0.484447
0.480869
0.482497
0.479570
0.478285
0.482193
0.487719
0.486420
0.480250
0.486592
0.485768
0.487078
0.490324
0.486749
0.488706
0.486098
0.483500
0.483170
0.492933
0.485786
0.488714
0.488721
0.494733
0.490679
0.486130
0.490679
0.488410
0.489050
0.490679
0.486789
0.491337
0.492314
0.486796
0.492965
0.493935
0.490679
0.493935
0.492636
0.490364
0.494601
0.488754
0.491033
0.497371
0.497528
0.493302
0.492493
0.492823
0.495267
0.497715
0.494136
0.498037
0.495915
0.496409
0.496895
0.501443
0.497371
0.496720
0.491688
0.495267
0.498194
0.497876
0.493811
0.497067
0.496745
0.495775
0.498703
0.494795
0.498373
0.504221
0.498044
0.496738
0.498037
0.497067
0.496409
0.494469
0.500800
0.503244
0.500324
0.496745
0.498373
0.499672
0.500313
0.497067
0.499336
0.500964
0.502585
0.494458
0.499007
0.496738
0.499823
0.496738
0.500635
0.499350
0.505520
0.498696
0.503079
0.497715
0.499672
0.499361
0.509105
0.505856
0.500331
0.504726
0.501959
0.503587
0.508136
0.502936
0.504912
0.500682
0.506211
0.507502
0.506211
0.513686
0.503620
0.504268
0.509138
0.506540
0.509797
0.508168
0.502651
0.509786
0.510766
0.509138
0.506225
0.513053
0.508498
0.509468
0.508161
0.506859
0.508480
0.505882
0.504912
0.508158
0.507510
0.514986
0.508809
0.505874
0.503931
0.507832
0.507502
0.506515
0.510734
0.503258
0.506515
0.502955
0.507510
0.509113
0.503942
0.510766
0.508158
0.509138
0.509460
0.510748
0.506211
0.512058
0.509778
0.508802
0.504905
0.506522
0.509124
0.513021
0.500338
0.505874
0.507492
0.509435
0.507166
0.507807
0.504228
0.510726
0.506819
0.500642
0.502446
0.506515
0.510430
0.508143
0.511400
0.509124
0.512033
0.506515
0.510404
0.503258
0.510075
0.507964
0.508769
0.503251
0.503244
0.505520
0.501604
0.503884
0.505183
0.505183
0.505022
0.502742
0.502249
0.498999
0.501754
0.504846
0.504682
0.504195
0.501754
0.497528
0.500448
0.499157
0.504034
0.500456
0.501597
0.504034
0.502069
0.498491
0.503687
0.496551
0.495571
0.499790
0.497503
0.496540
0.498491
0.501722
0.491813
0.494905
0.500269
0.497818
0.495531
0.491623
0.491634
0.497152
0.496182
0.495860
0.495860
0.491970
0.494232
0.497166
0.487719
0.495201
0.490646
0.493229
0.493548
0.488656
0.490277
0.487679
0.490277
0.486058
0.489965
0.488345
0.496149
0.485736
0.484759
0.486698
0.486058
0.490277
0.486361
0.484733
0.482135
0.479201
0.480482
0.470064
0.470705
0.463888
0.470994
0.452113
0.446266
0.445600
0.439391
0.432244
0.430591
0.434828
0.432541
0.429925
0.429266
0.426021
0.423748
0.427309
0.424063
0.424160
0.425366
0.427517
0.422382
0.430880
0.425522
0.426983
0.427006
0.424750
0.427596
0.429035
0.429918
0.428897
0.428402
0.427984
0.423621
0.420992
0.418225
0.416447
0.418799
0.419309
0.421923
0.416310
0.416603
0.417889
0.413420
0.413716
0.412015
0.412293
0.415155
0.411938
0.412170
0.410949
0.411226
0.409171
0.409403
0.408615
0.404207
0.403990
0.406636
0.406853
0.409977
0.404720
0.403529
0.403807
0.400529
0.398379
0.394450
0.392532
0.394249
0.391543
0.391265
0.386720
0.382452
0.380256
0.386860
0.388499
0.387926
0.383024
0.383008
0.381029
0.378756
0.378756
0.378400
0.377256
0.376484
0.377767
0.378262
0.375772
0.378323
0.376050
0.377333
0.374132
0.373344
0.366741
0.365891
0.365597
0.361513
0.360600
0.365502
0.362674
0.361623
0.358407
0.359195
0.355777
0.357772
0.358761
0.357261
0.357417
0.356922
0.358407
0.359396
0.356211
0.357989
0.358483
0.356999
0.357695
0.356983
0.355716
0.354015
0.352933
0.352438
0.352160
0.351448
0.351665
0.349949
0.350520
0.344674
0.342245
0.343946
0.343033
0.345880
0.346020
0.344829
0.344753
0.346020
0.343128
0.342123
0.340422
0.340113
0.341689
0.342107
0.342401
0.342028
0.334975
0.335192
0.333708
0.334126
0.334343
0.335983
0.332797
0.331994
0.331514
0.330308
0.333787
0.333493
0.335287
0.334499
0.334004
0.334716
0.330091
0.332782
0.330431
0.332086
0.330787
0.334065
0.330013
0.329364
0.327013
0.325451
0.327739
0.323750
0.319898
0.319388
0.316031
0.315970
0.319465
0.318954
0.318383
0.319171
0.318181
0.317470
0.319171
0.318166
0.319666
0.317176
0.319605
0.321599
0.320455
0.320377
0.316681
0.316465
0.316248
0.315737
0.312041
0.310912
0.310401
0.311962
0.309674
0.306055
0.305838
0.306256
0.306549
0.308327
0.304848
0.306348
0.308049
0.305621
0.304631
0.302915
0.303409
0.302698
0.301986
0.302976
0.298631
0.302047
0.300486
0.301275
0.299264
0.299759
0.299264
0.297857
0.298846
0.297129
0.296418
0.294716
0.295706
0.294484
0.292550
0.290137
0.290771
0.287709
0.288003
0.290693
0.287987
0.286286
0.288775
0.286069
0.287770
0.287987
0.285558
0.284569
0.284847
0.283640
0.281924
0.278521
0.277299
0.278365
0.279712
0.279789
0.278304
0.275876
0.281783
0.279728
0.280500
0.274453
0.272859
0.274236
0.273014
0.269889
0.269657
0.269069
0.267027
0.268574
0.266810
0.268496
0.267012
0.264026
0.259370
0.259138
0.254157
0.255858
0.251728
0.248093
0.250799
0.247800
0.249376
0.243731
0.245509
0.242586
0.244520
0.245509
0.246776
0.244565
0.242369
0.242369
0.238007
0.241642
0.240946
0.237078
0.238502
0.235872
0.236877
0.235160
0.237851
0.232949
0.233938
0.234232
0.232732
0.233938
0.232376
0.233010
0.234928
0.231031
0.231819
0.233505
0.231309
0.231092
0.230875
0.230380
0.230365
0.231370
0.232576
0.229885
0.230875
0.232082
0.227179
0.228663
0.229158
0.227240
0.227952
0.224534
0.224595
0.225801
0.225306
0.224796
0.223095
0.221238
0.222460
0.222243
0.223217
0.222939
0.223156
0.221455
0.224439
0.225074
0.222878
0.223373
0.222661
0.221516
0.218592
0.220587
0.218577
0.216937
0.218437
0.214307
0.212373
0.212651
0.211445
0.209016
0.209805
0.206665
0.203509
0.205009
0.202101
0.201096
0.200586
0.200091
0.198900
0.199162
0.202657
0.201234
0.197522
0.196811
0.194321
0.195604
0.197290
0.193671
0.194599
0.196377
0.194676
0.198790
0.196594
0.195589
0.195372
0.195665
0.191876
0.189107
0.187885
0.190592
0.191520
0.190159
0.189602
0.192742
0.188396
0.191520
0.190097
0.190097
0.191814
0.190808
0.192015
0.194737
0.193671
0.189525
0.191025
0.188441
0.187235
0.185533
0.184312
0.183600
0.183661
0.183166
0.180026
0.181015
0.178603
0.178603
0.179809
0.181293
0.180799
0.178587
0.176174
0.176174
0.178153
0.178942
0.176452
0.176235
0.168905
0.172368
0.169971
0.171734
0.171177
0.168655
0.166877
0.168532
0.168362
0.167867
0.167944
0.168299
0.166938
0.164510
0.161169
0.163163
0.162653
0.161663
0.160442
0.161663
0.166161
0.165181
0.162583
0.159730
0.165839
0.166809
0.161292
0.160442
0.162912
0.166809
0.164540
0.162919
0.163571
0.158371
0.161950
0.165206
0.163256
0.166835
0.156439
0.164244
0.160025
0.165872
0.161971
0.164580
0.162960
0.165879
0.167186
0.167508
0.168807
0.163611
0.164588
0.164588
0.163289
0.162648
0.168495
0.167844
0.167844
0.164606
0.165905
0.164606
0.164606
0.166234
0.168181
0.168839
0.166571
0.168857
0.171774
0.164627
0.167555
0.165286
0.169194
0.169194
0.166925
0.172121
0.170171
0.169194
0.168221
0.167902
0.171964
0.171159
0.164982
0.166281
0.167910
0.176036
0.169538
0.175385
0.173116
0.171653
0.167588
0.173435
0.169216
0.172794
0.169545
0.169216
0.169216
0.169216
0.176362
0.169227
0.171495
0.169216
0.177343
0.171166
0.170197
0.170526
0.174415
0.168239
0.172136
0.169867
0.171817
0.169867
0.169867
0.173435
0.173116
0.168239
0.171166
0.167269
0.171166
0.167598
0.170197
0.168897
0.170204
0.165502
0.177039
0.168912
0.168912
0.169570
0.176724
0.172827
0.171528
0.174126
0.165681
0.171528
0.170877
0.173156
0.168608
0.173486
0.175755
0.167957
0.172834
0.175432
0.171535
0.173486
0.177382
0.172505
0.174785
0.174785
0.170573
0.166676
0.171568
0.173837
0.171239
0.175820
0.172234
0.177093
0.176116
0.174495
0.168319
0.173196
0.171897
0.175787
0.175147
0.171568
0.174177
0.171246
0.172874
0.171897
0.177104
0.171257
0.176453
0.177423
0.174825
0.174825
0.172227
0.174825
0.177423
0.173526
0.176775
0.176124
0.172227
0.175805
0.168977
0.181001
0.172885
0.177752
0.168977
0.173204
0.170606
0.176124
0.173196
0.168977
0.172234
0.175161
0.173211
0.170624
0.177770
0.172241
0.177119
0.171264
0.173862
0.172892
0.172563
0.176142
0.173544
0.176142
0.174191
0.170942
0.170302
0.172900
0.175498
0.175509
0.174528
0.173558
0.170960
0.171444
0.168681
0.167711
0.171619
0.170638
0.176815
0.174865
0.176164
0.173247
0.172596
0.169347
0.172267
0.169017
0.172596
0.171297
0.173566
0.174554
0.171633
0.175531
0.169036
0.172932
0.169365
0.170013
0.167744
0.168073
0.168402
0.167751
0.168080
0.170192
0.166460
0.170038
0.168893
0.166295
0.163861
0.166460
0.170192
0.167272
0.163375
0.173613
0.164838
0.163382
0.159815
0.161779
0.170232
0.167956
0.162116
0.163415
0.162445
0.158555
0.158233
0.158233
0.160842
0.157593
0.158252
0.150791
0.154040
0.154040
0.152101
0.155339
0.151753
0.156294
0.156935
0.155965
0.157600
0.158241
0.151424
0.148522
0.152083
0.155998
0.150150
0.152437
0.151786
0.153414
0.146926
0.144318
0.146604
0.150183
0.147922
0.147600
0.145660
0.149887
0.147947
0.145996
0.142425
0.142773
0.139531
0.135634
0.139860
0.137928
0.137613
0.133398
0.133716
0.132747
0.134704
0.134045
0.132095
0.132435
0.134383
0.134400
0.126596
0.134071
0.126281
0.129226
0.133123
0.130222
0.131520
0.127960
0.129259
0.127638
0.125047
0.120012
0.126848
0.125548
0.127817
0.125226
0.122636
0.123606
0.126533
0.121015
0.124264
0.117461
0.125910
0.125581
0.122314
0.123309
0.119076
0.124905
0.121033
0.123960
0.124930
0.124930
0.121370
0.122339
0.118450
0.118779
0.118779
0.120736
0.114889
0.118464
0.115233
0.115562
0.116861
0.118160
0.119470
0.117274
0.119333
0.124889
0.127200
0.125054
0.124465
0.124426
0.125015
0.127074
0.127790
0.131829
0.130690
0.134391
0.130611
0.137000
0.136199
0.136411
0.135067
0.132081
0.137716
0.137464
0.140954
0.141079
0.140954
0.139272
0.135869
0.141292
0.139358
0.140325
0.143059
0.142887
0.141543
0.141881
0.141669
0.140073
0.140451
0.147119
0.146278
0.147768
0.148212
0.148357
0.144510
0.148463
0.147622
0.145689
0.142761
0.142722
0.145496
0.147179
0.148609
0.148549
0.152164
0.151198
0.154310
0.156833
0.159104
0.163560
0.165077
0.169368
0.170123
0.170672
0.171679
0.171639
0.172228
0.169156
0.173195
0.173321
0.177062
0.173109
0.176811
0.179102
0.182909
0.181566
0.181943
0.184843
0.190352
0.189809
0.184340
0.187790
0.187491
0.187240
0.190941
0.188631
0.190313
0.189134
0.190227
0.188379
0.188756
0.189008
0.188969
0.186611
0.188167
0.188167
0.194266
0.193928
0.195358
0.196325
0.199901
0.201669
0.200133
0.202656
0.197570
0.199901
0.201497
0.199185
0.195987
0.198749
0.197570
0.196981
0.197570
0.197127
0.198789
0.199379
0.197233
0.198412
0.199001
0.199001
0.197233
0.197233
0.193909
0.196644
0.193531
0.191347
0.193744
0.193531
0.194333
0.195088
0.192651
0.192903
0.193869
0.193154
0.193744
0.190419
0.182785
0.184930
0.186738
0.181818
0.178706
0.178812
0.179924
0.178746
0.178030
0.173322
0.177063
0.172144
0.172104
0.174356
0.176223
0.176435
0.175130
0.172395
0.170462
0.169661
0.167389
0.167939
0.163648
0.162807
0.161629
0.160788
0.160748
0.162132
0.160788
0.159821
0.160788
0.164277
0.160410
0.155742
0.155027
0.152755
0.151789
0.153471
0.153133
0.149266
0.145525
0.148087
0.151239
0.147498
0.149306
0.144260
0.141903
0.145187
0.142916
0.139592
0.141738
0.141148
0.137870
0.137533
0.141400
0.127355
0.125838
0.124051
0.123567
0.119740
0.119072
0.120455
0.122389
0.120667
0.113390
0.109747
0.109185
0.108781
0.105668
0.107225
0.103570
0.098941
0.096332
0.094398
0.096081
0.086956
0.091876
0.077282
0.073203
0.075765
0.076354
0.073580
0.069587
0.068998
0.062939
0.057854
0.061257
0.051708
0.046537
0.043975
0.043802
0.036572
0.038505
0.045319
0.028328
0.037829
0.035141
0.030135
0.025341
0.024162
0.023970
0.019553
0.008897
0.000000
0.002536
0.003346
0.002003
0.007072
0.004800
0.006018
0.001389
0.004628
0.003278
0.004432
0.008415
0.011150
0.013633
0.009634
0.013799
0.019096
0.016825
0.010223
0.011614
0.012494
0.023473
0.022798
0.024566
0.028142
0.026161
0.029108
0.026963
0.023850
0.020990
0.023764
0.019222
0.021917
0.022884
0.022294
0.025745
0.027890
0.032896
0.035207
0.036048
0.036173
0.038531
0.036802
0.034657
0.035207
0.036213
0.042020
0.042736
0.046476
0.044292
0.048960
0.046814
0.046814
0.048072
0.045132
0.047443
0.049966
0.050555
0.048159
0.050304
0.051482
0.053078
0.053038
0.052516
0.052516
0.052516
0.051820
0.059892
0.054595
0.054383
0.059263
0.058799
0.061263
0.059978
0.058488
0.056303
0.062501
0.058972
0.058972
0.059078
0.061263
0.060673
0.060084
0.063342
0.063342
0.064713
0.066269
0.066898
0.065275
0.063031
0.065110
0.062587
0.061746
0.062607
0.063534
0.065302
0.065448
0.066037
0.065553
0.065864
0.064375
0.069672
0.065302
0.065679
0.069043
0.068076
0.067632
0.067400
0.064182
0.061494
0.060316
0.060103
0.060693
0.063805
0.064520
0.067632
0.069228
0.070010
0.070222
0.070407
0.069043
0.071188
0.072155
0.075307
0.072744
0.070407
0.068328
0.070599
0.074261
0.072367
0.074175
0.073546
0.074890
0.077035
0.075228
0.078002
0.076406
0.079055
0.081829
0.081452
0.082081
0.083385
0.086875
0.086246
0.086034
0.088391
0.089987
0.089020
0.089020
0.087299
0.088093
0.088391
0.091987
0.093649
0.095999
0.094317
0.093649
0.092722
0.095794
0.097390
0.093649
0.097641
0.094867
0.095244
0.098946
0.101131
0.098734
0.098357
0.099535
0.098396
0.098396
0.097178
0.097767
0.097728
0.101131
0.097767
0.098357
0.096463
0.093311
0.093563
0.093602
0.092847
0.093311
0.091165
0.090364
0.095873
0.093688
0.093939
0.093939
0.092046
0.091755
0.092344
0.091755
0.093900
0.092761
0.093350
0.094946
0.093728
0.093224
0.090576
0.088092
0.083947
0.087232
0.089020
0.086391
0.088238
0.082815
0.079180
0.088325
0.082800
0.091238
0.087330
0.088629
0.084732
0.086360
0.089610
0.085380
0.087337
0.086690
0.086360
0.086690
0.086690
0.086690
0.087659
0.088318
0.085398
0.089288
0.086690
0.093836
0.094165
0.091567
0.089288
0.093185
0.093195
0.092537
0.098384
0.101311
0.094165
0.093507
0.097396
0.096090
0.100316
0.097067
0.095439
0.102267
0.087645
0.096097
0.099347
0.099347
0.102274
0.097396
0.100975
0.101945
0.099017
0.095768
0.104224
0.106164
0.103884
0.108762
0.102914
0.099347
0.105842
0.101945
0.109091
0.105194
0.112340
0.110061
0.103895
0.108762
0.108762
0.114938
0.113639
0.110061
0.107792
0.107133
0.108103
0.110383
0.113632
0.111023
0.108425
0.114272
0.118499
0.112651
0.116877
0.117529
0.122396
0.117200
0.120778
0.116230
0.114931
0.116230
0.118828
0.116230
0.119479
0.120442
0.117675
0.120753
0.123647
0.118433
0.121683
0.116157
0.114207
0.114865
0.119421
0.119421
0.122019
0.120391
0.119421
0.122348
0.121378
0.122026
0.127226
0.121049
0.122678
0.124946
0.124946
0.122019
0.116805
0.122012
0.125580
0.118433
0.122341
0.124610
0.129158
0.120054
0.126205
0.123278
0.122949
0.127819
0.130746
0.129093
0.125854
0.123904
0.121635
0.128763
0.124866
0.125195
0.127794
0.127146
0.130062
0.128434
0.132982
0.133937
0.131972
0.129356
0.130487
0.136968
0.130132
0.128987
0.135321
0.134022
0.131424
0.129467
0.136595
0.134641
0.132665
0.131695
0.129097
0.125511
0.128439
0.128768
0.129426
0.129748
0.129097
0.129097
0.135914
0.129097
0.131044
0.135248
0.130693
0.128742
0.129072
0.135881
0.132636
0.126466
0.128417
0.132979
0.130693
0.131351
0.133606
0.132306
0.135552
0.136507
0.131465
0.131293
0.133876
0.133547
0.132560
0.130291
0.130620
0.139033
0.130258
0.129921
0.135908
0.129238
0.132158
0.135070
0.130171
0.134708
0.137047
0.140072
0.141100
0.132275
0.131470
0.127924
0.135070
0.135253
0.144967
0.138965
0.151510
0.156107
0.167088
0.161242
0.153877
0.146112
0.154033
0.157683
0.157173
0.155255
0.156184
0.166083
0.166593
0.175720
0.177375
0.179510
0.183161
0.192349
0.187724
0.197267
0.194221
0.189441
0.192132
0.189148
0.190941
0.188174
0.191576
0.192999
0.194362
0.198228
0.203085
0.201786
0.205002
0.205714
0.211423
0.210232
0.210944
0.213079
0.217208
0.218431
0.219931
0.222065
0.221277
0.225205
0.230680
0.235908
0.232924
0.234409
0.232553
0.231207
0.231207
0.233419
0.242622
0.243969
0.244819
0.249120
0.251255
0.255445
0.253622
0.254983
0.258974
0.259901
0.266877
0.268377
0.269599
0.269305
0.271749
0.271456
0.267604
0.272506
0.272723
0.273945
0.272028
0.273884
0.279282
0.279019
0.278726
0.283860
0.285717
0.289569
0.291781
0.292508
0.296127
0.293219
0.293219
0.301479
0.300428
0.304851
0.304836
0.303413
0.298495
0.303706
0.302191
0.302407
0.793446
0.317968
0.319469
0.319903
0.324759
0.327744
0.327683
0.324047
0.326754
0.331873
0.329167
0.331100
0.330389
0.331534
0.329617
0.339592
0.342934
0.339021
0.342949
0.341944
0.344651
0.347296
0.354999
0.355711
0.360335
0.359856
0.358634
0.358851
0.360274
0.364636
0.372123
0.377119
0.375758
0.375635
0.380553
0.381280
0.386539
0.391411
0.392401
0.393113
0.393531
0.396314
0.396469
0.397459
0.400321
0.401821
0.400321
0.402533
0.402811
0.404311
0.403522
0.409292
0.409447
0.411302
0.406663
0.411581
0.409292
0.409864
0.408380
0.411070
0.408798
0.411504
0.411797
0.410452
0.411009
0.412649
0.415649
0.421218
0.419501
0.420011
0.422363
0.421434
0.422564
0.426709
0.427916
0.427932
0.428133
0.425426
0.419717
0.424776
0.425998
0.430561
0.432990
0.432773
0.430655
0.431985
0.432495
0.431490
0.435124
0.436718
0.437152
0.437011
0.434305
0.438713
0.440075
0.930806
0.440493
0.933250
0.443927
0.442149
0.447067
0.443572
0.937751
0.446850
0.445860
0.445149
0.938478
0.943814
0.448151
0.448368
0.941820
0.446542
0.449495
0.447516
0.941741
0.943970
0.449264
0.451585
0.451291
0.451074
0.450998
0.944465
0.944666
0.452497
0.458344
0.455190
0.458005
0.952168
0.953113
0.461857
0.956036
0.957953
0.957459
0.958665
0.961371
0.469976
0.962284
0.467888
0.468583
0.470470
0.963861
0.471677
0.476734
0.475373
0.474383
0.472172
0.473161
0.473161
0.474955
0.475373
0.476161
0.473888
0.475666
0.478867
0.479656
0.478079
0.481791
0.483569
0.482563
0.483553
0.480074
0.481713
0.480150
0.481357
0.483553
0.482362
0.480368
0.480352
0.480846
0.481852
0.975597
0.976526
0.974531
0.482965
0.484775
0.485068
0.980161
0.487125
0.983640
0.980949
0.983640
0.984352
0.987336
0.491394
0.494379
0.493682
0.986562
0.492600
0.986779
0.495198
0.492290
0.495600
0.494889
0.495383
0.494116
0.495600
0.500069
0.497101
0.497673
0.501725
0.501662
0.503503
0.501662
0.991264
0.993738
0.500935
0.502048
0.501785
0.502280
0.997232
0.996026
0.501352
0.996010
0.994511
0.995097
0.503408
0.994804
0.996087
0.997015
0.997510
0.999783
0.998005
0.505048
0.997015
0.999505
1.000000
0.996505
0.998066
0.997077
0.996148
0.996860
0.997648
0.996148
0.996936
0.996148
0.995855
0.996148
0.995360
0.502975
0.997137
0.502958
0.995436
0.993659
0.995436
0.995436
0.996209
0.500762
0.995203
0.995497
0.993998
0.995497
0.993720
0.996704
0.997137
0.994230
0.995003
0.996209
0.994926
0.995855
0.502958
0.996643
0.502758
0.502247
0.503530
0.501334
0.995203
0.994508
0.993998
0.995992
0.995203
0.993998
0.498442
0.995003
0.993008
0.992715
0.994508
0.501535
0.995203
0.993503
0.500824
0.995482
0.994074
0.994275
0.992296
0.994275
0.994553
0.993563
0.992651
0.994120
0.991151
0.497079
0.501162
0.501456
0.500390
0.501379
0.499694
0.993563
0.502663
0.501178
0.500390
0.501456
0.501178
0.499911
0.501829
0.501056
0.502819
0.501117
0.501612
0.501178
0.994847
0.994847
0.500668
0.502879
