0.893849
0.891973
0.893831
0.894690
0.893378
0.901279
0.896020
0.896807
0.901315
0.900000
0.908142
0.905489
0.890832
0.875718
0.890352
0.883047
0.881645
0.886393
0.892141
0.891324
0.893662
0.892255
0.893301
0.894905
0.886102
0.896020
0.887437
0.881704
0.889496
0.886300
0.880934
0.892748
0.902715
0.892588
0.901863
0.889721
0.884128
0.888914
0.889969
0.886998
0.892255
0.891016
0.889696
0.889734
0.888877
0.896143
0.902445
0.904113
0.900025
0.895717
0.893849
0.902319
0.899128
0.901774
0.895167
0.903876
0.903876
0.897337
0.898119
0.891271
0.890578
0.897546
0.883121
0.901053
0.899143
0.888512
0.888479
0.903031
0.885522
0.895016
0.901863
0.895988
0.911667
0.899212
0.906922
0.903179
0.901081
0.890578
0.887842
0.896480
0.912477
0.904683
0.911038
0.912042
0.916094
0.912441
0.910612
0.893926
0.898948
0.909668
0.894333
0.902909
0.900915
0.918066
0.914777
0.895428
0.914730
0.918692
0.912853
0.925066
0.925724
0.916464
0.918019
0.924123
0.923812
0.919922
0.934944
0.930115
0.938606
0.946451
0.933696
0.926061
0.935794
0.937195
0.940776
0.931830
0.944702
0.928475
0.939682
0.940341
0.945090
0.938240
0.944418
0.949019
0.947188
0.954346
0.945911
0.944576
0.949725
0.935553
0.931161
0.941236
0.936798
0.941324
0.931976
0.933290
0.939321
0.951311
0.942091
0.952369
0.940690
0.949324
0.952098
0.950766
0.946295
0.935648
0.936812
0.935927
0.940900
0.920469
0.933153
0.930327
0.924375
0.925724
0.936969
0.934561
0.943508
0.945920
0.933011
0.938214
0.940773
0.944207
0.929417
0.942102
0.928446
0.930435
0.933939
0.938871
0.929158
0.930161
0.947051
0.933632
0.930363
0.933662
0.935726
0.931068
0.930831
0.942925
0.934323
0.908499
0.897216
0.923137
0.907616
0.927541
0.926992
0.914302
0.903058
0.958929
0.932087
0.919559
0.919798
0.910415
0.916946
0.822807
0.900720
0.924255
0.923598
0.917301
0.923388
0.911865
0.902956
0.897362
0.897987
0.894404
0.890468
0.900580
0.911739
0.901402
0.895574
0.903661
0.923347
0.909181
0.905202
0.913532
0.912319
0.909330
0.901696
0.923807
0.923719
0.917223
0.920603
0.923851
0.913756
0.914577
0.919139
0.931465
0.916762
0.922403
0.927175
0.944409
0.925588
0.940597
0.938390
0.932857
0.936912
0.932834
0.910723
0.919830
0.918823
0.915481
0.913452
0.911205
0.918994
0.899461
0.896029
0.896049
0.902726
0.897745
0.871467
0.894306
0.893098
0.888898
0.881499
0.858242
0.883378
0.882534
0.866701
0.860161
0.870471
0.868069
0.881453
0.875301
0.883628
0.896809
0.899150
0.893731
0.885936
0.896762
0.883762
0.883839
0.891234
0.905869
0.885880
0.868999
0.868999
0.865805
0.878215
0.877874
0.884991
0.887084
0.900189
0.886178
0.916212
0.893645
0.912398
0.907411
0.892329
0.905012
0.900465
0.895901
0.893457
0.882921
0.902514
0.877229
0.894203
0.905322
0.898713
0.878590
0.905636
0.899344
0.901212
0.853938
0.880050
0.893596
0.885194
0.865455
0.867480
0.890355
0.886319
0.826702
0.855305
0.860320
0.848599
0.805274
0.829975
0.816474
0.837952
0.826518
0.867347
0.854084
0.837551
0.829938
0.821953
0.813668
0.826582
0.832025
0.900336
0.866113
0.887261
0.834204
0.852955
0.853500
0.866684
0.830497
0.842132
0.862320
0.836065
0.848190
0.836415
0.877916
0.868585
0.863131
0.876279
0.835978
0.833839
0.875871
0.849236
0.754771
0.847296
0.815707
0.868064
0.838841
0.868856
0.884027
0.829564
0.801191
0.809442
0.812127
0.807690
0.811966
0.846752
0.848305
0.821627
0.830726
0.844426
0.831812
0.817164
0.811789
0.781206
0.799737
0.812776
0.814669
0.771578
0.804345
0.812245
0.797383
0.790809
0.792984
0.787470
0.796723
0.787774
0.784054
0.782173
0.790372
0.800704
0.774084
0.805832
0.792325
0.787318
0.793380
0.789674
0.791283
0.788668
0.797124
0.792377
0.795570
0.795792
0.791283
0.784667
0.785710
0.791830
0.798437
0.791078
0.794551
0.788481
0.792995
0.781162
0.771909
0.787627
0.787461
0.777659
0.789272
0.788434
0.753120
0.785876
0.796430
0.793727
0.791753
0.791731
0.727148
0.763388
0.776772
0.816926
0.776083
0.793041
0.787971
0.775373
0.784793
0.781359
0.784793
0.771320
0.788206
0.776244
0.793831
0.789412
0.795490
0.799181
0.791667
0.804590
0.779613
0.779883
0.792367
0.777877
0.765096
0.788463
0.783553
0.756000
0.783001
0.773268
0.775843
0.791947
0.786344
0.773507
0.765890
0.745899
0.753877
0.754918
0.790796
0.779659
0.773819
0.746813
0.791326
0.776864
0.773829
0.770721
0.767145
0.763403
0.782971
0.752522
0.779137
0.776091
0.783871
0.776443
0.772939
0.771419
0.770721
0.765665
0.766248
0.786502
0.776241
0.778271
0.779422
0.786358
0.784479
0.793115
0.786654
0.787440
0.799219
0.808091
0.803038
0.783977
0.813775
0.806677
0.812606
0.807383
0.802090
0.801087
0.802020
0.790040
0.795865
0.816375
0.808197
0.804577
0.819276
0.807925
0.817324
0.822309
0.813600
0.822000
0.819897
0.818184
0.821530
0.817331
0.826277
0.839152
0.816472
0.821369
0.833364
0.818480
0.810579
0.787913
0.801696
0.808672
0.803720
0.790972
0.833530
0.822667
0.808555
0.820805
0.841135
0.798437
0.846723
0.771879
0.828019
0.795539
0.784006
0.783648
0.792779
0.764597
0.838442
0.702020
0.757422
0.691982
0.779678
0.771937
0.717876
0.682008
0.699569
0.635309
0.688495
0.675979
0.705102
0.689879
0.667386
0.688601
0.717427
0.683003
0.684796
0.704030
0.647348
0.750930
0.747968
0.579408
0.700210
0.726126
0.666958
0.695274
0.712945
0.644839
0.701042
0.707155
0.603992
0.679916
0.710782
0.654310
0.626904
0.555894
0.583677
0.526064
0.495094
0.464989
0.552132
0.483406
0.474238
0.424412
0.527300
0.487963
0.447881
0.380367
0.449228
0.328387
0.338455
0.434144
0.481740
0.410151
0.397702
0.403027
0.367613
0.355071
0.404042
0.397272
0.451457
0.417534
0.430484
0.403897
0.462300
0.449482
0.374093
0.429847
0.444402
0.432804
0.459933
0.443780
0.489919
0.469899
0.405012
0.368211
0.477991
0.431694
0.452322
0.443403
0.435462
0.444053
0.483643
0.479317
0.486565
0.440096
0.478799
0.496021
0.513893
0.476691
0.495594
0.496818
0.494959
0.464182
0.497633
0.492260
0.496393
0.504003
0.515017
0.506887
0.506271
0.504716
0.515329
0.504011
0.489219
0.517193
0.534220
0.521821
0.533732
0.513954
0.532468
0.500981
0.545656
0.503282
0.539308
0.541219
0.539419
0.538980
0.534321
0.505416
0.469895
0.557683
0.547807
0.529414
0.553075
0.524049
0.518991
0.531593
0.522023
0.521240
0.540375
0.573667
0.580522
0.535909
0.587102
0.555031
0.556333
0.538002
0.547098
0.525321
0.558223
0.548893
0.559783
0.567470
0.554622
0.534357
0.554398
0.534626
0.566540
0.537049
0.539772
0.557518
0.573684
0.568351
0.594165
0.579426
0.580959
0.579551
0.546365
0.621556
0.551494
0.544449
0.556839
0.542197
0.573253
0.575042
0.610581
0.552276
0.551185
0.557499
0.581716
0.594790
0.549387
0.611828
0.603315
0.607629
0.608438
0.616290
0.581504
0.586643
0.569503
0.529523
0.545243
0.508550
0.553640
0.600897
0.524070
0.490768
0.486503
0.485458
0.562885
0.443045
0.478868
0.519440
0.512074
0.527308
0.546024
0.533031
0.560787
0.552900
0.571287
0.516677
0.562132
0.527496
0.535464
0.502013
0.569448
0.504526
0.618049
0.540324
0.490807
0.589375
0.577544
0.570125
0.531773
0.562493
0.668260
0.677193
0.565892
0.577126
0.551651
0.532013
0.717062
0.557479
0.482288
0.609840
0.636913
0.532328
0.649201
0.619259
0.689162
0.651028
0.709843
0.618025
0.646270
0.696169
0.605256
0.655927
0.572350
0.591684
0.588291
0.588100
0.708710
0.703597
0.742132
0.756263
0.757010
0.820809
0.803775
0.854785
0.848225
0.930357
0.815910
0.949301
0.933572
0.903532
0.910769
0.919628
0.920174
0.888127
0.917855
0.903760
0.905788
0.900563
0.911005
0.899481
0.893810
0.883762
0.879565
0.874199
0.892870
0.883119
0.865183
0.869506
0.837521
0.865709
0.863131
0.854569
0.867257
0.855813
0.860561
0.865491
0.869893
0.864798
0.851487
0.860515
0.856547
0.860515
0.869787
0.859233
0.863396
0.868329
0.873590
0.864330
0.871762
0.866190
0.862486
0.860077
0.862486
0.859072
0.864914
0.863396
0.867048
0.852699
0.870404
0.857987
0.860049
0.881377
0.877250
0.840989
0.860910
0.784000
0.850131
0.819032
0.848915
0.843098
0.875540
0.872929
0.706997
0.711726
1.000000
0.878994
0.942076
0.734009
0.792347
0.865841
0.764885
0.694804
0.799140
0.669446
0.699097
0.769248
0.737105
0.731661
0.685094
0.745443
0.789033
0.833886
0.533360
0.632753
0.616800
0.642580
0.708401
0.736582
0.809835
0.734951
0.778718
0.735785
0.758342
0.769017
0.775768
0.842862
0.819872
0.797947
0.772417
0.820886
0.845035
0.846441
0.861885
0.873160
0.881305
0.885419
0.880659
0.856975
0.883073
0.877082
0.877618
0.882327
0.883521
0.875262
0.872925
0.870793
0.873953
0.871343
0.876874
0.880565
0.870886
0.879990
0.850865
0.871356
0.871356
0.869049
0.844238
0.879093
0.856689
0.866495
0.865821
0.862590
0.867428
0.867043
0.839414
0.864008
0.876931
0.854352
0.876846
0.872716
0.841443
0.848685
0.855208
0.886349
0.803372
0.780111
0.775151
0.823392
0.835070
0.838252
0.832176
0.771211
0.829306
0.786003
0.800484
0.776817
0.805580
0.803868
0.836698
0.777070
0.828143
0.791513
0.744655
0.667507
0.762409
0.715027
0.695312
0.702120
0.756939
0.752614
0.679323
0.690481
0.728678
0.731115
0.686502
0.754449
0.726017
0.714631
0.767442
0.770475
0.745663
0.789240
0.757110
0.752436
0.760583
0.734605
0.768107
0.740741
0.766320
0.739572
0.760167
0.747480
0.758527
0.781878
0.749003
0.733221
0.738357
0.772338
0.771436
0.779183
0.784735
0.792662
0.742823
0.812463
0.784947
0.796146
0.791634
0.802170
0.802017
0.776416
0.808406
0.796719
0.810565
0.813517
0.806145
0.814230
0.815399
0.811839
0.824965
0.809010
0.836558
0.839988
0.832521
0.777560
0.790390
0.760818
0.796992
0.886506
0.838890
0.827893
0.857344
0.683835
0.652516
0.787701
0.838534
0.841532
0.876299
0.761145
0.699058
0.713769
0.730561
0.754937
0.759786
0.789888
0.788131
0.759530
0.793919
0.761003
0.773676
0.829755
0.765061
0.745880
0.807498
0.795139
0.767739
0.809218
0.805567
0.801517
0.801132
0.794518
0.778017
0.788986
0.806880
0.817671
0.795671
0.806920
0.805934
0.807540
0.795526
0.818722
0.716444
0.729041
0.711726
0.752496
0.793423
0.777114
0.747809
0.774935
0.750342
0.740079
0.746691
0.752133
0.748703
0.747773
0.763880
0.752559
0.715797
0.724984
0.737109
0.745284
0.746528
0.741325
0.750846
0.749013
0.748856
0.745663
0.746243
0.746483
0.745551
0.761841
0.789659
0.828610
0.767547
0.769651
0.760392
0.776039
0.797262
0.793831
0.788229
0.780485
0.792904
0.793596
0.781805
0.779503
0.758594
0.714400
0.801321
0.746355
0.751701
0.811311
0.790251
0.728881
0.767686
0.783170
0.837519
0.788653
0.818976
0.803553
0.799362
0.860575
0.855356
0.824077
0.892806
0.866420
0.823363
0.877104
0.846759
0.874500
0.887317
0.878686
0.881027
0.895067
0.864176
0.875058
0.878291
0.900662
0.872671
0.881947
0.884704
0.885948
0.888360
0.885987
0.877586
0.875722
0.891335
0.874626
0.879922
0.886607
0.875758
0.871358
0.880085
0.871906
0.872671
0.871973
0.849623
0.859610
0.870001
0.855720
0.860980
0.868957
0.856746
0.831926
0.845158
0.876376
0.844329
0.823841
0.837269
0.791883
0.851199
0.770161
0.833052
0.774075
0.766964
0.761913
0.782760
0.730404
0.719841
0.750124
0.746347
0.755135
0.761301
0.777792
0.779890
0.768608
0.786554
0.780513
0.788207
0.811815
0.825964
0.799108
0.795879
0.806664
0.803559
0.831376
0.807950
0.787862
0.781327
0.822383
0.803480
0.787140
0.812274
0.806999
0.786668
0.820891
0.851795
0.780852
0.782882
0.778444
0.789637
0.777610
0.786430
0.788460
0.793047
0.788919
0.769237
0.780833
0.793342
0.799185
0.807500
0.850447
0.789753
0.811500
0.797189
0.794578
0.787740
0.766443
0.762979
0.749489
0.760785
0.749571
0.742725
0.750666
0.746742
0.751251
0.765602
0.764349
0.767860
0.695782
0.744963
0.711509
0.714415
0.702202
0.689475
0.729626
0.686643
0.715334
0.679299
0.638788
0.641625
0.596158
0.707735
0.663645
0.647545
0.659614
0.682813
0.683260
0.676883
0.678911
0.737509
0.679614
0.730751
0.733447
0.732617
0.743902
0.823888
0.726937
0.737889
0.770086
0.699154
0.610590
0.696654
0.736741
0.753401
0.779990
0.759352
0.766796
0.748141
0.771981
0.791978
0.789480
0.812652
0.804873
0.777157
0.774214
0.736558
0.731540
0.703515
0.723622
0.744127
0.730272
0.758211
0.732543
0.713999
0.673922
0.697734
0.711579
0.717206
0.741030
0.716073
0.709303
0.800981
0.778562
0.705804
0.786767
0.863770
0.874568
0.842824
0.882177
0.844398
0.868179
0.859216
0.868050
0.868050
0.862508
0.869854
0.857913
0.869268
0.853312
0.849510
0.841752
0.794901
0.812172
0.819040
0.761050
0.816520
0.820647
0.873742
0.861317
0.862049
0.854802
0.851135
0.863790
0.875109
0.852070
0.838139
0.799456
0.843853
0.812558
0.787630
0.789154
0.703855
0.723274
0.696480
0.696865
0.697720
0.718538
0.703749
0.710631
0.712582
0.719667
0.717531
0.692038
0.635973
0.652240
0.710295
0.689553
0.664511
0.642252
0.689517
0.710482
0.711886
0.688115
0.714274
0.663730
0.682939
0.697655
0.685884
0.677172
0.702412
0.706159
0.704743
0.703486
0.723333
0.717494
0.714844
0.726220
0.700839
0.709639
0.706992
0.709711
0.715517
0.708431
0.704233
0.714272
0.681947
0.688647
0.706155
0.691179
0.675549
0.690720
0.714388
0.624459
0.701883
0.618553
0.639457
0.638294
0.633315
0.653681
0.673091
0.647349
0.661221
0.623859
0.596356
0.624947
0.625619
0.608940
0.654314
0.642295
0.597795
0.590088
0.593629
0.602428
0.606390
0.603046
0.572004
0.545820
0.548676
0.556505
0.583505
0.562460
0.577444
0.583981
0.580242
0.572720
0.584008
0.588989
0.576176
0.584631
0.583025
0.595077
0.598181
0.595785
0.588441
0.552875
0.550179
0.555631
0.546235
0.555133
0.547303
0.592662
0.582188
0.547218
0.570996
0.581880
0.546983
0.564640
0.558141
0.575181
0.545506
0.556738
0.580015
0.583050
0.571604
0.566694
0.575406
0.574750
0.576415
0.576723
0.588307
0.580566
0.588747
0.583125
0.596289
0.599396
0.601025
0.598650
0.601171
0.600387
0.594722
0.580119
0.572032
0.614743
0.592575
0.608554
0.584271
0.592101
0.594551
0.614075
0.613836
0.622492
0.619023
0.623531
0.609236
0.611065
0.612633
0.610372
0.615266
0.613402
0.611777
0.612544
0.627334
0.625234
0.619105
0.633900
0.624764
0.597733
0.599772
0.535053
0.555528
0.485652
0.565066
0.496885
0.528979
0.562121
0.559166
0.555548
0.563800
0.539219
0.549789
0.568421
0.546713
0.553153
0.585793
0.543933
0.583587
0.567950
0.570023
0.545899
0.556303
0.543564
0.531349
0.544187
0.545592
0.545668
0.518826
0.532285
0.551859
0.577058
0.554256
0.553518
0.557522
0.597056
0.575678
0.557522
0.514539
0.554900
0.519697
0.520039
0.521671
0.527276
0.529445
0.529846
0.526466
0.526776
0.525146
0.533397
0.511120
0.500502
0.500192
0.482423
0.484744
0.497397
0.517974
0.525168
0.516971
0.474787
0.480865
0.486597
0.487912
0.475780
0.492656
0.470751
0.470502
0.498218
0.512407
0.491983
0.512980
0.500910
0.509164
0.506368
0.510876
0.513924
0.496230
0.513500
0.492775
0.491654
0.533760
0.523193
0.529464
0.536214
0.549350
0.565715
0.526186
0.574231
0.582742
0.601423
0.584445
0.596734
0.576804
0.636689
0.611637
0.612457
0.602141
0.590439
0.593384
0.566469
0.622796
0.627070
0.624300
0.591123
0.619082
0.559870
0.578885
0.617286
0.623804
0.660157
0.660545
0.643565
0.633725
0.622756
0.661499
0.639008
0.640577
0.630297
0.636671
0.648901
0.624855
0.646491
0.630696
0.629292
0.637381
0.640340
0.629680
0.640328
0.629044
0.639739
0.630446
0.634737
0.630996
0.629986
0.632239
0.622159
0.632968
0.634610
0.634463
0.623998
0.625074
0.604659
0.618863
0.613605
0.614700
0.610375
0.622315
0.618315
0.616561
0.616726
0.613068
0.605839
0.595812
0.607914
0.612423
0.603626
0.614649
0.600331
0.599017
0.594817
0.602119
0.594731
0.623449
0.599474
0.580462
0.589025
0.584038
0.563893
0.568071
0.499374
0.530739
0.544741
0.572250
0.483645
0.511742
0.444839
0.582791
0.522142
0.464840
0.469351
0.536966
0.505777
0.498930
0.492155
0.505299
0.529435
0.492302
0.496904
0.505377
0.517446
0.519421
0.510474
0.484217
0.489730
0.506400
0.497364
0.495139
0.499922
0.507702
0.489897
0.491665
0.498205
0.467957
0.446518
0.482395
0.447135
0.467843
0.509040
0.483588
0.465211
0.483179
0.483232
0.467674
0.505326
0.480698
0.477501
0.498281
0.500220
0.501844
0.483879
0.494067
0.494493
0.494420
0.497673
0.511529
0.493785
0.483543
0.502841
0.495996
0.491323
0.502769
0.499724
0.513236
0.507666
0.510313
0.507666
0.504710
0.504161
0.512724
0.508560
0.500560
0.482264
0.507899
0.509815
0.514799
0.505455
0.495375
0.505542
0.498644
0.499957
0.497003
0.501951
0.506149
0.495287
0.508361
0.504038
0.516965
0.520307
0.524743
0.516492
0.532871
0.550985
0.522669
0.536908
0.543047
0.523364
0.540632
0.503419
0.486457
0.511121
0.512911
0.517421
0.523175
0.528708
0.515762
0.508625
0.511820
0.524506
0.511034
0.526059
0.512752
0.519212
0.540028
0.528160
0.516492
0.531281
0.502710
0.529951
0.519760
0.511034
0.522008
0.507147
0.516403
0.528747
0.529752
0.527415
0.512553
0.528347
0.533331
0.524843
0.536200
0.527730
0.538537
0.537992
0.524534
0.516356
0.533097
0.527801
0.524149
0.510070
0.488728
0.516365
0.513226
0.502454
0.483332
0.530546
0.512105
0.502223
0.530082
0.533150
0.499849
0.471455
0.496285
0.477607
0.477291
0.492467
0.530667
0.489659
0.496435
0.480826
0.487506
0.494187
0.504597
0.515847
0.502557
0.505716
0.501676
0.509766
0.513236
0.500983
0.507868
0.505729
0.479294
0.496257
0.492347
0.495340
0.503776
0.494900
0.512154
0.489749
0.488653
0.480491
0.514232
0.506803
0.504301
0.500560
0.488415
0.475047
0.477058
0.485459
0.487339
0.466631
0.458232
0.446187
0.480548
0.491594
0.453033
0.465415
0.473760
0.462332
0.493136
0.479677
0.476324
0.480683
0.475080
0.463485
0.479280
0.446068
0.496021
0.492029
0.440470
0.434009
0.431637
0.453581
0.451956
0.455954
0.463196
0.435972
0.478769
0.470441
0.426985
0.449972
0.429721
0.425159
0.438544
0.439501
0.451279
0.475218
0.467550
0.455568
0.455728
0.461261
0.449906
0.455200
0.452006
0.474468
0.489988
0.425334
0.391004
0.402832
0.391356
0.441388
0.419751
0.433995
0.429580
0.452623
0.462119
0.453433
0.458179
0.433040
0.459571
0.472208
0.469251
0.475003
0.500220
0.463398
0.463176
0.475554
0.469660
0.492754
0.452455
0.462170
0.434323
0.469019
0.452414
0.429809
0.356994
0.451283
0.444784
0.445454
0.458214
0.448686
0.450511
0.375043
0.404742
0.428240
0.413215
0.416028
0.399359
0.412668
0.424113
0.419366
0.430961
0.429955
0.428461
0.429721
0.432368
0.458188
0.452929
0.434999
0.429482
0.448855
0.420610
0.425356
0.416719
0.410964
0.419145
0.412208
0.428711
0.420311
0.417004
0.427743
0.398961
0.411960
0.416964
0.410865
0.399966
0.412181
0.388040
0.387641
0.388808
0.380605
0.378504
0.387542
0.379598
0.370527
0.389404
0.387614
0.378516
0.383799
0.386631
0.400254
0.411450
0.392935
0.407945
0.413934
0.416821
0.404531
0.387879
0.408182
0.411836
0.385141
0.403274
0.423269
0.425571
0.384559
0.424870
0.403512
0.385964
0.396772
0.388062
0.392884
0.400204
0.383791
0.385573
0.376256
0.376715
0.374066
0.370413
0.381646
0.385809
0.368122
0.396315
0.405225
0.410395
0.420584
0.401360
0.398675
0.403970
0.417207
0.382221
0.389729
0.397521
0.413006
0.404826
0.382660
0.393870
0.405214
0.410655
0.406915
0.420959
0.423279
0.413452
0.385731
0.423018
0.393768
0.397016
0.428164
0.410964
0.396724
0.393149
0.412757
0.406456
0.394847
0.426599
0.429287
0.444301
0.435044
0.439428
0.450190
0.438049
0.440475
0.476958
0.440695
0.464269
0.441320
0.458827
0.420777
0.461523
0.428507
0.442896
0.449579
0.420726
0.401500
0.392054
0.392290
0.395558
0.392910
0.385515
0.397658
0.401400
0.400763
0.392839
0.424101
0.417221
0.432232
0.439078
0.438716
0.434492
0.364946
0.425930
0.422278
0.391745
0.415004
0.404980
0.392601
0.393695
0.363969
0.347828
0.363039
0.458729
0.395956
0.366615
0.438640
0.419728
0.425432
0.406456
0.395920
0.376164
0.410894
0.400852
0.390667
0.420638
0.424764
0.377353
0.392916
0.413070
0.415701
0.367649
0.433796
0.389236
0.413718
0.431398
0.453777
0.431016
0.427959
0.379939
0.390058
0.423759
0.406462
0.341766
0.380982
0.375253
0.366193
0.382845
0.379121
0.364331
0.375451
0.381803
0.368531
0.367289
0.380745
0.377837
0.340804
0.343875
0.339875
0.342981
0.339985
0.337574
0.373597
0.353144
0.346481
0.341786
0.309960
0.327632
0.336962
0.322572
0.314630
0.355023
0.307402
0.346149
0.345601
0.327545
0.353233
0.338206
0.355315
0.349949
0.344981
0.344070
0.364102
0.340442
0.365089
0.326912
0.321393
0.348794
0.332442
0.323344
0.327087
0.326688
0.320459
0.338117
0.341238
0.349182
0.335397
0.336950
0.334081
0.337224
0.343999
0.337062
0.350484
0.349443
0.346795
0.369673
0.358502
0.340423
0.340643
0.332940
0.352476
0.316140
0.323148
0.338395
0.328846
0.355741
0.340132
0.351928
0.347252
0.367562
0.382737
0.369102
0.402171
0.399523
0.395235
0.398382
0.410998
0.421063
0.429410
0.438213
0.471499
0.372502
0.433614
0.493301
0.462096
0.474882
0.450837
0.421635
0.399504
0.406608
0.401290
0.390481
0.409082
0.411218
0.389910
0.392557
0.384425
0.385158
0.373068
0.380463
0.389905
0.374620
0.376424
0.388936
0.404385
0.368793
0.393844
0.376258
0.360702
0.359695
0.365152
0.327958
0.331225
0.337014
0.328615
0.337872
0.350525
0.343861
0.347258
0.334915
0.342910
0.325419
0.340833
0.328615
0.330095
0.319744
0.333016
0.335460
0.322915
0.337876
0.364664
0.388739
0.380266
0.366410
0.365168
0.392392
0.427720
0.382825
0.371616
0.380105
0.400558
0.417583
0.431427
0.424192
0.393078
0.408016
0.414006
0.433329
0.411399
0.440247
0.432091
0.432163
0.437608
0.461787
0.474054
0.442739
0.445147
0.426895
0.484552
0.461168
0.469098
0.455205
0.509311
0.494029
0.479154
0.484831
0.498244
0.517120
0.524550
0.533086
0.519717
0.516354
0.608059
0.550510
0.554377
0.562499
0.529285
0.519093
0.509884
0.498054
0.559292
0.548871
0.481950
0.470740
0.534390
0.517661
0.516137
0.540494
0.521481
0.563296
0.525111
0.516257
0.536014
0.539684
0.548631
0.571121
0.528834
0.522868
0.549413
0.510678
0.498229
0.505331
0.511957
0.512231
0.526015
0.502849
0.525452
0.513349
0.508875
0.517019
0.541014
0.535866
0.524550
0.527544
0.571222
0.547650
0.535199
0.582980
0.575969
0.544195
0.553654
0.503586
0.494764
0.514111
0.492856
0.481785
0.462102
0.427224
0.445920
0.464285
0.436599
0.427813
0.447351
0.428509
0.430532
0.396659
0.375809
0.436262
0.415720
0.442706
0.407916
0.404959
0.398000
0.379706
0.396358
0.396543
0.396049
0.403169
0.408101
0.419113
0.417707
0.415917
0.407940
0.415335
0.447529
0.462759
0.422282
0.464001
0.420746
0.413531
0.425138
0.402187
0.394842
0.363835
0.357536
0.364472
0.361949
0.378624
0.375519
0.386091
0.413046
0.454228
0.404127
0.459671
0.479172
0.416743
0.446565
0.496280
0.448575
0.465231
0.462859
0.484752
0.457762
0.439867
0.459552
0.454493
0.467629
0.484518
0.484244
0.480937
0.476083
0.478967
0.492441
0.461196
0.496049
0.493017
0.507497
0.526854
0.529429
0.536425
0.515249
0.522878
0.539680
0.533196
0.550358
0.548988
0.565641
0.533850
0.527092
0.518478
0.507051
0.534253
0.541083
0.539680
0.544551
0.527045
0.546069
0.534438
0.537122
0.562537
0.523462
0.531680
0.527117
0.542998
0.545251
0.542838
0.538055
0.551567
0.531429
0.546218
0.553850
0.541927
0.548008
0.545051
0.561701
0.553999
0.561395
0.555552
0.559752
0.555241
0.557889
0.555753
0.563421
0.561303
0.563950
0.559204
0.563691
0.558984
0.559752
0.555788
0.555788
0.562177
0.553451
0.564348
0.557961
0.557430
0.569793
0.562398
0.565591
0.553999
0.563253
0.562177
0.560609
0.564586
0.559529
0.564277
0.566924
0.567692
0.561065
0.559990
0.567930
0.571894
0.565010
0.575051
0.569484
0.568936
0.570798
0.571309
0.578432
0.581808
0.575745
0.577064
0.575745
0.572551
0.584367
0.593553
0.601731
0.590136
0.591692
0.598537
0.605934
0.600638
0.595891
0.599542
0.596895
0.604525
0.597319
0.598082
0.608180
0.605718
0.607543
0.602524
0.618643
0.607783
0.617548
0.625180
0.619339
0.623266
0.628290
0.621131
0.617937
0.618701
0.622956
0.619801
0.627194
0.624545
0.624817
0.629532
0.630024
0.638205
0.630262
0.637161
0.636104
0.635319
0.639576
0.637472
0.639063
0.634826
0.634042
0.636631
0.646180
0.636652
0.642459
0.636631
0.633456
0.641381
0.645637
0.639790
0.642169
0.642459
0.649596
0.645581
0.640525
0.645035
0.646365
0.646365
0.649251
0.647134
0.649251
0.655624
0.654306
0.647682
0.653524
0.652482
0.646913
0.651660
0.646365
0.645581
0.647189
0.658050
0.656443
0.650874
0.660424
0.646913
0.647189
0.654344
0.649870
0.656260
0.650690
0.652334
0.647036
0.657629
0.649210
0.646069
0.655177
0.639330
0.642835
0.634343
0.643346
0.645941
0.648586
0.649064
0.643530
0.654118
0.649681
0.654482
0.649681
0.661331
0.655559
0.663592
0.648413
0.649729
0.651758
0.653530
0.659848
0.653458
0.652874
0.652604
0.661090
0.658534
0.662802
0.661490
0.646373
0.650901
0.648799
0.656743
0.659936
0.641095
0.645728
0.629621
0.639737
0.644412
0.648134
0.640742
0.649780
0.655073
0.648463
0.655383
0.643243
0.647441
0.660200
0.656604
0.652037
0.650946
0.658028
0.664640
0.665735
0.655692
0.661992
0.660678
0.663087
0.664182
0.658650
0.656785
0.660437
0.660437
0.656785
0.660747
0.660200
0.665310
0.668852
0.663372
0.659901
0.657167
0.670370
0.665034
0.664727
0.662302
0.665495
0.667959
0.670916
0.670476
0.660215
0.657843
0.653927
0.681860
0.640376
0.665133
0.650966
0.654703
0.658722
0.654816
0.639966
0.634502
0.654954
0.653038
0.648676
0.653662
0.657551
0.647371
0.634718
0.637826
0.641058
0.647408
0.646077
0.645586
0.638959
0.648027
0.646440
0.648725
0.646077
0.635247
0.642015
0.635644
0.639294
0.646453
0.645121
0.644661
0.639802
0.629353
0.627277
0.633501
0.644733
0.636480
0.633287
0.642671
0.621830
0.606273
0.592154
0.591035
0.596717
0.617752
0.602468
0.612425
0.624094
0.621905
0.623238
0.619493
0.609765
0.622141
0.618764
0.621408
0.620166
0.611291
0.610595
0.603328
0.605279
0.616639
0.605187
0.614063
0.624220
0.619420
0.613123
0.621332
0.616310
0.612149
0.618922
0.623157
0.614999
0.611688
0.612149
0.617679
0.611600
0.610359
0.617260
0.613593
0.621171
0.624005
0.633041
0.618560
0.620437
0.621262
0.607128
0.609164
0.593840
0.588313
0.591652
0.595161
0.592787
0.600147
0.595856
0.608781
0.610573
0.610024
0.608146
0.615230
0.609353
0.617752
0.607950
0.609317
0.609862
0.603018
0.610171
0.616013
0.613368
0.605187
0.610721
0.608931
0.605823
0.609785
0.605823
0.607452
0.604582
0.602826
0.605676
0.609324
0.601388
0.611428
0.611976
0.603029
0.606678
0.611118
0.605820
0.605514
0.601622
0.605587
0.607583
0.594663
0.588432
0.591956
0.598928
0.590074
0.603769
0.599718
0.593257
0.607734
0.603769
0.593030
0.592411
0.597043
0.579771
0.588734
0.576739
0.590096
0.579510
0.583401
0.592588
0.584369
0.583004
0.590743
0.592035
0.595267
0.579199
0.599356
0.581314
0.577300
0.584693
0.578304
0.581295
0.573169
0.559564
0.591170
0.562830
0.576837
0.563451
0.572946
0.568245
0.541168
0.548539
0.531028
0.551609
0.553052
0.555883
0.565448
0.580311
0.559163
0.566559
0.542161
0.529521
0.522053
0.537625
0.529111
0.518759
0.528724
0.515488
0.523122
0.523582
0.516734
0.535504
0.537749
0.529719
0.522722
0.522028
0.535887
0.535286
0.523657
0.515799
0.520091
0.518519
0.540855
0.535435
0.538319
0.542829
0.523564
0.550313
0.541713
0.525519
0.532763
0.530575
0.530357
0.528785
0.531123
0.529259
0.531997
0.524822
0.530665
0.530115
0.528477
0.531907
0.544049
0.538208
0.536892
0.528477
0.526684
0.535175
0.531449
0.531211
0.535722
0.539702
0.536815
0.525918
0.520623
0.525222
0.528724
0.525840
0.517896
0.523192
0.522736
0.517677
0.521949
0.519628
0.515464
0.516049
0.519244
0.517328
0.525232
0.512269
0.521801
0.516779
0.517876
0.518420
0.516049
0.518183
0.511610
0.515390
0.510639
0.521232
0.517799
0.518583
0.518110
0.516845
0.512046
0.509945
0.520846
0.511350
0.502623
0.514269
0.511114
0.515913
0.513267
0.503719
0.505581
0.512756
0.516223
0.508045
0.502200
0.507582
0.510816
0.500077
0.497429
0.499072
0.493538
0.501483
0.490048
0.490507
0.502267
0.504274
0.509519
0.495875
0.500399
0.489025
0.488020
0.484278
0.492238
0.488568
0.493789
0.499304
0.487013
0.487049
0.480602
0.473298
0.484564
0.480204
0.499617
0.495346
0.499304
0.488764
0.487139
0.495068
0.475070
0.482463
0.489713
0.480674
0.486207
0.478117
0.487374
0.477878
0.491112
0.479796
0.484305
0.481381
0.482936
0.482785
0.463612
0.482948
0.462905
0.485994
0.457272
0.458862
0.460393
0.468062
0.454478
0.475143
0.459572
0.465100
0.459497
0.458402
0.463972
0.459572
0.460630
0.462216
0.464828
0.458714
0.464553
0.445056
0.449655
0.452154
0.446585
0.450785
0.449965
0.453121
0.455186
0.464715
0.464989
0.455770
0.453945
0.452610
0.462106
0.459419
0.457048
0.455496
0.458762
0.455072
0.453595
0.448390
0.450579
0.435658
0.451084
0.430215
0.441896
0.434504
0.438776
0.435910
0.439648
0.431709
0.432564
0.427121
0.443296
0.421167
0.416969
0.419120
0.420472
0.419739
0.409187
0.419264
0.413602
0.417747
0.420174
0.427607
0.414095
0.416741
0.400525
0.411388
0.413488
0.410024
0.396945
0.392323
0.409212
0.402912
0.405558
0.397617
0.409247
0.408665
0.411583
0.403919
0.399021
0.412022
0.396059
0.380848
0.378986
0.394630
0.388484
0.390071
0.399839
0.396059
0.401592
0.397885
0.388392
0.398013
0.392716
0.390856
0.390583
0.397467
0.395365
0.393540
0.390621
0.397246
0.385635
0.396494
0.398629
0.397591
0.398139
0.392845
0.397901
0.396035
0.395250
0.398685
0.397131
0.395250
0.390267
0.398995
0.399302
0.389040
0.392764
0.397293
0.398606
0.387251
0.384912
0.380476
0.389511
0.386626
0.392158
0.378137
0.384343
0.377482
0.376471
0.376015
0.375229
0.377877
0.375538
0.374772
0.374536
0.376396
0.373530
0.374385
0.369092
0.372284
0.372048
0.359722
0.361126
0.362491
0.361982
0.375491
0.371328
0.362142
0.358476
0.359570
0.359021
0.356612
0.352175
0.352263
0.354486
0.351329
0.354486
0.343638
0.348657
0.345773
0.342580
0.358736
0.332536
0.348149
0.345773
0.351615
0.344988
0.350833
0.349787
0.349787
0.352986
0.345351
0.345897
0.345114
0.351194
0.351194
0.355942
0.349860
0.357035
0.348308
0.351265
0.335469
0.340766
0.342351
0.342078
0.341533
0.346298
0.344179
0.341039
0.334958
0.335853
0.329877
0.332749
0.334661
0.330771
0.319028
0.332575
0.334763
0.318865
0.333652
0.337084
0.333121
0.327591
0.322607
0.333193
0.325326
0.333317
0.320790
0.322346
0.324532
0.316593
0.323986
0.319549
0.318543
0.310673
0.306289
0.320566
0.315817
0.300844
0.293999
0.302870
0.292370
0.302172
0.297736
0.300161
0.293352
0.298100
0.299923
0.293297
0.295400
0.301055
0.298959
0.299572
0.292180
0.301250
0.296155
0.292320
0.280909
0.292007
0.283297
0.290454
0.285877
0.284564
0.287480
0.286166
0.284564
0.288762
0.281910
0.288429
0.286636
0.284486
0.294487
0.279940
0.286090
0.282985
0.268702
0.269286
0.279290
0.276828
0.282909
0.284770
0.291578
0.289445
0.282819
0.287542
0.270890
0.264297
0.277499
0.270380
0.277499
0.276443
0.271126
0.266227
0.275998
0.264589
0.262796
0.262863
0.257169
0.265568
0.267520
0.264564
0.264328
0.264089
0.268376
0.258919
0.254631
0.249981
0.224345
0.246329
0.256522
0.268973
0.268736
0.246790
0.254037
0.243297
0.239445
0.234187
0.241854
0.251313
0.251586
0.249760
0.257849
0.255437
0.246326
0.241477
0.219904
0.212586
0.231177
0.233985
0.227926
0.225494
0.232580
0.235538
0.243552
0.237180
0.234456
0.226823
0.229708
0.232045
0.234891
0.225868
0.226725
0.227319
0.219377
0.230114
0.227034
0.225079
0.226175
0.235196
0.225244
0.228325
0.221402
0.218918
0.216390
0.203802
0.196604
0.200035
0.203379
0.198324
0.213734
0.200892
0.205403
0.205641
0.209602
0.213034
0.208708
0.208747
0.211156
0.212560
0.216061
0.212956
0.215454
0.217829
0.212227
0.209526
0.204233
0.218473
0.208123
0.216301
0.206335
0.216383
0.205887
0.213011
0.217307
0.219150
0.187767
0.176155
0.189066
0.187347
0.186584
0.158519
0.167229
0.179867
0.186550
0.183563
0.182079
0.178111
0.183735
0.182164
0.177964
0.198979
0.180321
0.186312
0.184452
0.190754
0.183052
0.195738
0.183013
0.147232
0.146210
0.152685
0.155662
0.161657
0.169599
0.172713
0.165469
0.158383
0.177680
0.170289
0.169395
0.161657
0.180758
0.176068
0.181566
0.163073
0.179670
0.188164
0.181230
0.194925
0.184038
0.181706
0.172036
0.185282
0.173672
0.169289
0.163987
0.174081
0.177061
0.167257
0.177061
0.164973
0.163987
0.166248
0.159524
0.157350
0.167268
0.154655
0.170609
0.160256
0.171305
0.188733
0.171298
0.153663
0.188373
0.184787
0.183105
0.179180
0.177352
0.181677
0.191711
0.150837
0.145531
0.142472
0.131056
0.146920
0.142026
0.144557
0.126204
0.132097
0.130543
0.138758
0.144805
0.137886
0.143952
0.149466
0.154688
0.151497
0.153830
0.162158
0.143627
0.144557
0.156175
0.151211
0.170586
0.162244
0.168198
0.160023
0.163576
0.153300
0.158678
0.153880
0.153422
0.145717
0.156417
0.153309
0.151829
0.149731
0.156581
0.150426
0.157819
0.145917
0.157819
0.157819
0.155485
0.158131
0.156816
0.151284
0.148487
0.147755
0.158177
0.151569
0.143627
0.155857
0.152278
0.139350
0.116014
0.145327
0.178005
0.143995
0.154113
0.164006
0.132787
0.135670
0.145368
0.135051
0.140657
0.138245
0.142208
0.147502
0.145947
0.145639
0.141110
0.147738
0.153890
0.136526
0.142443
0.124784
0.143623
0.129367
0.136046
0.126769
0.133891
0.135022
0.140864
0.142343
0.139692
0.123903
0.121415
0.107720
0.087007
0.074862
0.109988
0.102954
0.115862
0.122800
0.121159
0.122253
0.137116
0.128222
0.106892
0.104557
0.119654
0.110621
0.107128
0.099825
0.108845
0.113953
0.098614
0.108730
0.114330
0.113091
0.115190
0.095191
0.091079
0.099754
0.096593
0.109594
0.102800
0.100155
0.106850
0.099366
0.094860
0.099527
0.084834
0.090195
0.085368
0.078666
0.092434
0.067580
0.074618
0.071812
0.055865
0.060355
0.056860
0.088355
0.046107
0.067124
0.058326
0.054269
0.069609
0.056921
0.064556
0.070542
0.073394
0.063373
0.070804
0.065899
0.074535
0.081382
0.090016
0.073245
0.098808
0.077484
0.082726
0.090868
0.079767
0.090594
0.088454
0.083202
0.083510
0.082778
0.083433
0.084012
0.093839
0.074064
0.083484
0.100282
0.085277
0.088876
0.086462
0.084093
0.091028
0.083708
0.081456
0.079669
0.080830
0.070028
0.064965
0.089631
0.067686
0.082003
0.075940
0.086054
0.079681
0.070951
0.076007
0.077343
0.073965
0.079750
0.075009
0.070569
0.070569
0.061200
0.064939
0.068750
0.068057
0.040830
0.063973
0.017744
0.103036
0.104656
0.003115
0.096883
0.206211
0.091620
0.035027
0.031817
0.019456
0.048841
0.015062
0.039769
0.041296
0.036078
0.051569
0.005246
0.034095
0.045272
0.050740
0.035155
0.005681
0.012532
0.031819
0.030882
0.028751
0.018433
0.022594
0.057377
0.040805
0.017314
0.024125
0.023359
0.013784
0.007283
0.029690
0.030700
0.020034
0.026839
0.014739
0.008436
0.011833
0.020939
0.036458
0.022562
0.016573
0.012901
0.001338
0.033287
0.030342
0.030873
0.009108
0.009907
0.005673
0.009726
0.000266
0.001476
0.005288
0.041329
0.011012
0.034974
0.029386
0.019563
0.012108
0.018727
0.025331
0.016806
0.006915
0.010571
0.008828
0.010510
0.009875
0.018587
0.024030
0.022866
0.016561
0.032119
0.020760
0.029711
0.011267
0.032846
0.036010
0.022304
0.009012
0.023944
0.011144
0.018429
0.026078
0.036010
0.037106
0.028378
0.033533
0.014795
0.031140
0.019358
0.019668
0.020125
0.029711
0.029109
0.026900
0.026011
0.033917
0.024095
0.023965
0.035419
0.028404
0.021815
0.027169
0.024290
0.027110
0.025066
0.031276
0.030751
0.027316
0.039147
0.032449
0.035556
0.042638
0.049648
0.029808
0.035642
0.024746
0.023962
0.031228
0.040952
0.039232
0.031530
0.059469
0.058178
0.048682
0.037803
0.045496
0.059955
0.050386
0.060194
0.043493
0.074844
0.071120
0.072981
0.044357
0.063728
0.052591
0.058969
0.046246
0.073284
0.069560
0.064760
0.071369
0.056635
0.069120
0.072278
0.053869
0.058345
0.066599
0.043259
0.063329
0.041011
0.034073
0.030181
0.039220
0.041319
0.031201
0.036351
0.046022
0.047543
0.041778
0.055365
0.051658
0.054764
0.073055
0.054930
0.059941
0.071672
0.054628
0.044725
0.057214
0.044970
0.060666
0.048840
0.050574
0.052130
0.049172
0.059200
0.064567
0.064026
0.053050
0.039357
0.069050
0.068796
0.048800
0.073619
0.068527
0.071360
0.058614
0.063358
0.056898
0.070009
0.075971
0.062261
0.071537
0.051996
0.053389
0.060564
0.057219
0.065200
0.054718
0.063864
0.068341
0.056091
0.075011
0.072072
0.075031
0.081328
0.076344
0.082063
0.083664
0.069133
0.071288
0.075031
0.073152
0.071833
0.071746
0.069427
0.072072
0.071472
0.073937
0.069957
0.075559
0.079852
0.063052
0.070904
0.069072
0.078151
0.069001
0.061568
0.060637
0.058994
0.065146
0.058464
0.055008
0.057965
0.067221
0.058222
0.055626
0.063329
0.057487
0.060370
0.060410
0.063021
0.056120
0.065191
0.064187
0.057803
0.063568
0.062785
0.063090
0.053361
0.055189
0.057029
0.065047
0.057409
0.062396
0.055006
0.054068
0.049592
0.059911
0.056259
0.056807
0.049940
0.040995
0.060618
0.046685
0.047543
0.046540
0.050497
0.051870
0.043469
0.046150
0.030542
0.034828
0.045966
0.038790
0.043631
0.040749
0.040749
0.035452
0.036854
0.036011
0.040908
0.037563
0.037563
0.035539
0.026585
0.026325
0.029758
0.040639
0.022750
0.034580
0.039638
0.033648
0.040253
0.021960
0.038465
0.027892
0.031376
0.032161
0.028983
0.030304
0.032641
0.031069
0.036600
0.029757
0.028895
0.022287
0.028346
0.028203
0.009997
0.031157
0.032201
0.036489
0.027724
0.030682
0.036560
0.016680
0.033019
0.026720
0.017827
0.021550
0.025605
0.034640
0.012456
0.026462
0.022026
0.035257
0.021638
0.001642
0.005965
0.012541
0.013542
0.029189
0.002163
0.023590
0.023350
0.010203
0.033006
0.009012
0.019769
0.000019
0.009891
0.033695
0.011202
0.010987
0.002857
0.003554
0.003673
0.031119
0.017804
0.005281
0.012522
0.002085
0.000683
0.004734
0.001716
0.011346
0.002432
0.023480
0.002322
0.018576
0.010960
0.003798
0.017494
0.000074
0.013601
0.001868
0.024960
0.002836
0.006383
0.018264
0.004536
0.010870
0.016709
0.001850
0.001850
0.003488
0.000106
0.000879
0.004818
0.003724
0.005022
0.007611
0.000244
0.000069
0.004752
0.003562
0.005935
0.005847
0.004657
0.001560
0.000000
0.000941
0.000977
0.002345
0.004657
0.009643
0.007308
0.008404
0.005759
0.002805
0.004510
0.001589
0.011600
0.000499
0.008952
0.002964
0.001684
0.006069
0.000036
0.016181
0.024984
0.006145
0.008554
0.007003
0.014635
0.003500
0.006764
0.000457
0.007509
0.004585
0.016509
0.005283
0.009732
0.003743
0.002152
0.010403
0.002465
0.006937
0.012739
0.002103
0.011338
0.006535
0.006281
0.001880
0.015625
0.011798
0.001998
0.003121
0.008513
0.005994
0.011558
0.002180
0.008048
0.003229
0.012174
0.009911
0.017689
0.002534
0.009446
0.004928
0.024851
0.000567
0.012325
0.006570
0.000968
0.014805
0.013518
0.006171
0.002664
0.020986
0.036623
0.035307
0.023861
0.029974
0.003714
0.016868
0.016389
0.015843
0.012190
0.012427
0.012502
0.005581
0.013580
0.015191
0.017557
0.013286
0.041057
0.033901
0.008725
0.023589
0.003627
0.019149
0.024481
0.018961
0.012889
0.006657
0.037091
0.038732
0.014687
0.002579
0.007604
0.004574
0.017177
0.021225
0.013123
0.007370
0.034990
0.003079
0.044886
0.021452
0.027389
0.014840
0.002873
0.014790
0.009857
0.019585
0.021949
0.018295
0.006352
0.007395
0.013509
0.004802
0.020081
0.014296
0.006936
0.005112
0.020429
0.012265
0.011021
0.025024
0.012116
0.003391
0.004886
0.006657
0.001573
0.011802
0.000402
0.008461
0.004494
0.000863
0.012747
0.000590
0.003476
0.004110
0.005485
0.000192
0.018700
0.018553
0.031931
0.006635
0.000263
0.013183
0.006996
0.002441
0.022216
0.010772
0.017852
0.013033
0.000198
0.012795
0.001525
0.005168
0.012794
0.007572
0.008903
0.011462
0.004382
0.000968
0.010772
0.009221
0.002222
0.000235
0.013955
0.015704
0.008354
0.002059
0.016798
0.007112
0.010577
0.001486
0.001663
0.005614
0.010103
0.017201
0.017113
0.004334
0.010416
0.000238
0.002890
0.022738
0.002562
0.002230
0.013475
0.007942
0.001648
0.008488
0.003399
0.002648
0.005462
0.001078
0.003368
0.000481
0.005663
0.005300
0.003983
0.008218
0.007183
0.012510
0.001184
0.011113
0.014305
0.006747
0.004601
0.000404
0.012277
0.009012
0.015383
0.022027
0.029066
0.003822
0.014792
0.042836
0.029967
0.021613
0.030559
0.012281
0.011189
0.017374
0.003554
0.014379
0.015383
0.020060
0.012118
0.026190
0.015383
0.012684
0.017213
0.021922
0.023327
0.026190
0.014801
0.027214
0.014529
0.027214
0.023711
0.024569
0.015148
0.023787
0.024675
0.010093
0.023878
0.012465
0.019825
0.020060
0.021613
0.028770
0.028222
0.029009
0.017358
0.003867
0.016814
0.010786
0.017324
0.017815
0.012855
0.013855
0.008797
0.004529
0.014529
0.034011
0.025190
0.015698
0.018069
0.017177
0.022152
0.006052
0.037131
0.005342
0.014873
0.026190
0.013666
0.024116
0.018361
0.017905
0.021707
0.010203
0.034212
0.015702
0.006390
0.013054
0.023423
0.003025
0.021672
0.010039
0.029798
0.014787
0.013694
0.033776
0.019538
0.018950
0.008451
0.024044
0.025955
0.018988
0.035644
0.028447
0.021090
0.021601
0.034085
0.021326
0.034778
0.018830
0.020930
0.019250
0.027394
0.028252
0.018922
0.009890
0.009890
0.021313
0.011365
0.028784
0.015787
0.050057
0.032368
0.039763
0.027568
0.026250
0.022198
0.038974
0.030181
0.042506
0.049588
0.032082
0.030765
0.036826
0.030989
0.054326
0.036121
0.043528
0.046403
0.030697
0.019464
0.023426
0.002085
0.098354
0.041168
0.040459
0.075557
0.039018
0.000362
0.073911
0.011609
0.035304
0.016392
0.036660
0.037570
0.048139
0.032779
0.027908
0.030940
0.045342
0.046035
0.010695
0.052397
0.001808
0.015288
0.022908
0.002915
0.025557
0.003454
0.036138
0.008877
0.001956
0.006157
0.026427
0.006886
0.029193
0.014048
0.021348
0.016841
0.025479
0.013113
0.002142
0.007036
0.007587
0.016313
0.011563
0.009834
0.015603
0.021358
0.019489
0.010458
0.015058
0.023456
0.010765
0.020350
0.016700
0.006877
0.006259
0.016700
0.029606
0.019413
0.020113
0.016700
0.012169
0.014345
0.020511
0.014670
0.014905
0.014737
0.025718
0.025394
0.017997
0.031896
0.035934
0.028468
0.031883
0.027595
0.034386
0.030069
0.029759
0.029211
0.028208
0.023842
0.021361
0.021434
0.003460
0.014121
0.006963
0.018320
0.018320
0.025557
0.027655
0.024154
0.038239
0.027431
0.005225
0.020732
0.012879
0.026260
0.010617
0.020421
0.040977
0.000297
0.013433
0.003654
0.004734
0.000224
0.006537
0.015710
0.004825
0.002252
0.004511
0.001871
0.004660
0.004350
0.001871
0.007472
0.006445
0.000628
0.004665
0.040272
0.033340
0.000912
0.057236
0.047978
0.006588
0.015384
0.021867
0.030322
0.015370
0.034397
0.035455
0.035915
0.019967
0.019259
0.024916
0.011715
0.032171
0.035674
0.028769
0.035219
0.031748
0.025650
0.037317
0.027056
0.024479
0.009455
0.015832
0.029065
0.021290
0.000202
0.017846
0.029999
0.040045
0.045245
0.041047
0.027042
0.023461
0.025413
0.028680
0.046428
0.025544
0.045950
0.040748
0.049845
0.054961
0.030932
0.033213
0.012880
0.027339
0.042549
0.031583
0.035482
0.033638
0.038512
0.033799
0.032864
0.017473
0.020526
0.019052
0.044191
0.030500
0.044647
0.042242
0.037951
0.032816
0.030577
0.040141
0.032746
0.037491
0.037491
0.029643
0.033055
0.045509
0.046605
0.032088
0.031576
0.033453
0.035370
0.025950
0.039641
0.035752
0.023081
0.034436
0.043698
0.047584
0.061355
0.021601
0.044480
0.030625
0.028160
0.040300
0.025974
0.042316
0.057261
0.035917
0.038749
0.035009
0.031903
0.039056
0.041707
0.036775
0.029379
0.035987
0.035678
0.030074
0.036463
0.039333
0.039879
0.024347
0.040300
0.037108
0.039278
0.032670
0.039444
0.037657
0.046640
0.038661
0.022353
0.029710
0.035009
0.029767
0.033453
0.038785
0.035678
0.032487
0.036227
0.027042
0.029999
0.023388
0.025106
0.025686
0.031329
0.019881
0.027584
0.025484
0.012849
0.028988
0.022382
0.036143
0.026342
0.029539
0.018713
0.017943
0.038249
0.028769
0.026962
0.037550
0.018761
0.027508
0.027292
0.030755
0.008299
0.021210
0.032105
0.032163
0.036981
0.030279
0.034024
0.018997
0.027415
0.031615
0.022355
0.016278
0.031251
0.042148
0.030368
0.014488
0.013791
0.012479
0.024928
0.014648
0.024141
0.026553
0.021496
0.037960
0.042435
0.017060
0.022933
0.022900
0.038307
0.014807
0.016982
0.024230
0.016762
0.020997
0.024138
0.017983
0.012632
0.011847
0.010843
0.012210
0.019059
0.000339
0.024114
0.003261
0.006218
0.018909
0.016534
0.010269
0.010216
0.013154
0.011276
0.003885
0.000628
0.000541
0.031900
0.006963
0.027376
0.005993
0.010505
0.005684
0.012367
0.006523
0.008094
0.004276
0.001469
0.002799
0.007239
0.015248
0.001558
0.001871
0.000103
0.004971
0.007704
0.002105
0.006611
0.004186
0.014068
0.006156
0.008735
0.007844
0.013083
0.019773
0.010673
0.003518
0.009707
0.016776
0.012004
0.000451
0.000059
0.026744
0.013519
0.001110
0.001494
0.009707
0.023238
0.001494
0.033633
0.006626
0.003404
0.020894
0.037430
0.002812
0.009004
0.002978
0.015453
0.006241
0.002039
0.015000
0.029935
0.001346
0.016625
0.000034
0.002353
0.000075
0.004999
0.008977
0.018344
0.001768
0.012392
0.003119
0.003135
0.000285
0.003263
0.004139
0.002588
0.005930
0.006364
0.011299
0.001070
0.003048
0.006677
0.001932
0.006982
0.005695
0.002165
0.001070
0.007531
0.020083
0.008536
0.007725
0.016432
0.009898
0.005148
0.002190
0.002695
0.010132
0.012040
0.009733
0.015335
0.006626
0.000077
0.003641
0.010279
0.004367
0.004985
0.005535
0.003581
0.013477
0.012384
0.014018
0.001573
0.005535
0.008182
0.007635
0.005680
0.001956
0.004550
0.016930
0.019031
0.014812
0.014319
0.016144
0.012093
0.016858
0.012732
0.009223
0.008748
0.009766
0.009446
0.021056
0.025332
0.014888
0.020968
0.017774
0.016700
0.019020
0.017939
0.029063
0.025557
0.025793
0.022271
0.028900
0.031543
0.018306
0.026252
0.021192
0.019569
0.024535
0.023680
0.026509
0.033172
0.007691
0.020049
0.025581
0.028448
0.035077
0.023172
0.028691
0.024181
0.033895
0.018269
0.037641
0.022063
0.048688
0.031399
0.048072
0.038210
0.030968
0.053698
0.030893
0.045285
0.057664
0.046213
0.040152
0.053541
0.060150
0.055401
0.057501
0.049795
0.048705
0.056885
0.048633
0.045438
0.052284
0.050407
0.062087
0.059679
0.053293
0.058587
0.066712
0.053712
0.045740
0.063206
0.063358
0.051688
0.060089
0.064614
0.054558
0.055578
0.058994
0.065075
0.063134
0.056052
0.044219
0.060137
0.054479
0.063704
0.058535
0.065927
0.069124
0.060324
0.055578
0.062502
0.081181
0.078055
0.066069
0.075304
0.064624
0.064789
0.078557
0.076918
0.072168
0.075053
0.062911
0.075053
0.078702
0.071000
0.065706
0.076843
0.079727
0.078088
0.085482
0.071937
0.087546
0.076135
0.076135
0.085390
0.082399
0.079022
0.075277
0.080026
0.069442
0.075513
0.079206
0.075513
0.085009
0.079990
0.075207
0.073253
0.077999
0.088809
0.075505
0.077093
0.085350
0.094810
0.093659
0.097403
0.086898
0.080049
0.083283
0.076712
0.084929
0.089928
0.086040
0.080349
0.115058
0.098797
0.118120
0.116807
0.112125
0.108201
0.095202
0.104426
0.107001
0.113062
0.102475
0.113845
0.104574
0.106915
0.104736
0.111347
0.103642
0.108393
0.108393
0.108084
0.108304
0.116480
0.104249
0.110877
0.112120
0.107611
0.116830
0.112353
0.122947
0.107522
0.121616
0.113289
0.110877
0.107372
0.105274
0.115864
0.117961
0.106826
0.114217
0.116796
0.109162
0.108072
0.122546
0.121180
0.114246
0.124616
0.115885
0.111597
0.125765
0.112966
0.117514
0.116967
0.115795
0.117368
0.117368
0.116274
0.121714
0.121169
0.117204
0.119071
0.108719
0.116114
0.109722
0.117936
0.118449
0.118449
0.127392
0.127546
0.115331
0.125373
0.117923
0.123421
0.128407
0.123421
0.128167
0.127859
0.126217
0.125598
0.126056
0.126023
0.131312
0.128667
0.128081
0.126167
0.130883
0.132704
0.130368
0.128361
0.123101
0.125165
0.121967
0.127725
0.130059
0.137142
0.142586
0.136438
0.138772
0.140328
0.135508
0.137366
0.138137
0.142267
0.134280
0.136386
0.144599
0.139305
0.145112
0.139270
0.139489
0.139183
0.144712
0.143619
0.138324
0.143619
0.140424
0.142526
0.139332
0.142216
0.136372
0.143766
0.145888
0.144551
0.142653
0.144461
0.142603
0.147311
0.147807
0.152845
0.153338
0.144850
0.148014
0.148285
0.149840
0.154581
0.146094
0.148982
0.151080
0.153179
0.156067
0.153143
0.152010
0.149601
0.166492
0.155897
0.151922
0.154571
0.152707
0.155048
0.156838
0.156013
0.162043
0.157478
0.163027
0.162702
0.162632
0.157554
0.160133
0.156696
0.158797
0.161447
0.162231
0.165027
0.167052
0.168061
0.167478
0.168990
0.167354
0.174747
0.161747
0.177316
0.169376
0.173818
0.174035
0.171119
0.171356
0.168162
0.171040
0.177859
0.175445
0.162939
0.167960
0.180378
0.179249
0.177566
0.185747
0.179360
0.179050
0.184034
0.182939
0.177332
0.170185
0.181776
0.182231
0.188859
0.192510
0.189042
0.188458
0.182346
0.192622
0.184901
0.183041
0.187242
0.190126
0.188568
0.184830
0.187167
0.179684
0.189727
0.183886
0.188099
0.184669
0.192304
0.191992
0.191408
0.189805
0.183928
0.193690
0.196342
0.185442
0.194938
0.189569
0.195324
0.196714
0.197185
0.196714
0.198905
0.188312
0.197037
0.201785
0.189323
0.195946
0.205676
0.198746
0.201061
0.199712
0.193873
0.198066
0.203053
0.196901
0.201103
0.200796
0.200796
0.189658
0.198387
0.197837
0.204139
0.195849
0.200865
0.201146
0.203517
0.202421
0.203973
0.203906
0.203118
0.203322
0.204529
0.196974
0.209882
0.207241
0.213622
0.205921
0.208017
0.207241
0.211214
0.214317
0.219613
0.209809
0.207656
0.215523
0.213422
0.210449
0.203256
0.213022
0.210067
0.212718
0.213964
0.217154
0.213653
0.211002
0.212249
0.211156
0.217227
0.212155
0.211612
0.224076
0.209750
0.212393
0.216358
0.223767
0.211847
0.210221
0.220022
0.217055
0.210684
0.225234
0.221502
0.222239
0.219318
0.223026
0.218730
0.215046
0.215816
0.225076
0.213166
0.215540
0.210212
0.217095
0.220800
0.218388
0.227411
0.219431
0.216202
0.211946
0.213279
0.217202
0.212420
0.213431
0.218178
0.221829
0.217279
0.224166
0.219419
0.212810
0.223705
0.218137
0.216006
0.206965
0.209068
0.209068
0.221754
0.216976
0.216921
0.224172
0.227735
0.222127
0.216304
0.228754
0.227735
0.218476
0.226660
0.222372
0.230070
0.217625
0.219718
0.224398
0.234042
0.228522
0.223685
0.238715
0.235463
0.227103
0.234995
0.230173
0.232089
0.235197
0.232040
0.228352
0.236839
0.242443
0.231311
0.229989
0.237697
0.239013
0.237697
0.239796
0.228900
0.231544
0.232585
0.242114
0.232857
0.229115
0.236839
0.233917
0.230994
0.232585
0.235507
0.228352
0.227344
0.226796
0.236839
0.227288
0.225979
0.224099
0.223568
0.226984
0.230394
0.223750
0.225580
0.236678
0.224722
0.234216
0.221762
0.228885
0.238346
0.232497
0.237247
0.236155
0.228996
0.235075
0.233199
0.233429
0.231792
0.241067
0.238639
0.236780
0.230387
0.229772
0.233748
0.230630
0.244085
0.242734
0.241603
0.241563
0.240434
0.242260
0.229225
0.235216
0.243929
0.242066
0.236222
0.240181
0.233115
0.234433
0.230723
0.236077
0.235528
0.237623
0.237623
0.232332
0.235766
0.235991
0.238324
0.236643
0.238712
0.243453
0.245049
0.236284
0.246598
0.238616
0.238892
0.237026
0.236481
0.247656
0.236242
0.237306
0.243185
0.240848
0.245831
0.242876
0.249483
0.243489
0.237155
0.244041
0.236062
0.244004
0.246649
0.244004
0.246105
0.239987
0.242909
0.242087
0.240499
0.236793
0.235717
0.244977
0.238074
0.231192
0.238587
0.238824
0.244420
0.249175
0.233835
0.244698
0.244115
0.243026
0.241162
0.246162
0.244811
0.244046
0.242165
0.240833
0.247256
0.237964
0.243501
0.241924
0.246675
0.245357
0.246914
0.244498
0.242859
0.246294
0.239115
0.253449
0.240142
0.244961
0.244414
0.245200
0.242009
0.244728
0.248703
0.246055
0.241545
0.248703
0.245273
0.251111
0.248462
0.246055
0.244175
0.253216
0.244195
0.246294
0.251811
0.249950
0.241455
0.246748
0.249398
0.244651
0.252902
0.245744
0.237257
0.247756
0.247756
0.251407
0.254532
0.251061
0.257948
0.257177
0.252979
0.252502
0.253051
0.244108
0.251500
0.251500
0.254142
0.250952
0.253831
0.253831
0.247995
0.255698
0.250402
0.247756
0.250952
0.262860
0.255390
0.252743
0.255937
0.247212
0.250095
0.249548
0.245348
0.241455
0.245896
0.241696
0.245655
0.251500
0.256003
0.247756
0.241696
0.247297
0.248065
0.246748
0.249398
0.245963
0.253359
0.246987
0.250162
0.256793
0.248850
0.243013
0.245655
0.249091
0.256793
0.254142
0.242464
0.246441
0.250402
0.245896
0.256703
0.257724
0.246585
0.250552
0.253675
0.257328
0.251962
0.263280
0.256616
0.256616
0.249701
0.264248
0.258104
0.260743
0.262884
0.258884
0.260984
0.263088
0.272341
0.267044
0.261993
0.259888
0.269933
0.258796
0.269933
0.262230
0.257171
0.265881
0.268764
0.262139
0.264791
0.269535
0.269223
0.265206
0.265446
0.265956
0.265684
0.256174
0.261704
0.265133
0.264043
0.264827
0.262946
0.262946
0.258438
0.269027
0.265281
0.264502
0.266067
0.265505
0.266836
0.266836
0.273139
0.268623
0.279988
0.265668
0.270966
0.270181
0.273613
0.257727
0.270421
0.268557
0.271971
0.270874
0.263173
0.271893
0.267917
0.268701
0.267605
0.273452
0.275546
0.271044
0.269160
0.274969
0.276794
0.283148
0.268544
0.271920
0.277184
0.274531
0.279828
0.283027
0.274531
0.271342
0.276637
0.276873
0.272888
0.275544
0.280528
0.278972
0.281618
0.273619
0.278113
0.279428
0.284723
0.284723
0.274643
0.275698
0.270866
0.283552
0.283552
0.283552
0.280367
0.275616
0.279043
0.281152
0.279505
0.285587
0.288233
0.279978
0.268845
0.277005
0.277793
0.277244
0.281991
0.279580
0.281683
0.286429
0.281136
0.283229
0.283474
0.283200
0.283200
0.285809
0.284444
0.288639
0.285208
0.288402
0.281009
0.287056
0.285447
0.293898
0.287934
0.286834
0.285493
0.299762
0.286254
0.285437
0.290181
0.287005
0.284338
0.283025
0.292521
0.283722
0.283958
0.296958
0.292448
0.288704
0.288704
0.294781
0.286789
0.294697
0.286438
0.299682
0.284034
0.299682
0.295390
0.299899
0.290883
0.297271
0.297271
0.282703
0.290883
0.292982
0.289004
0.298277
0.297419
0.293367
0.303415
0.308155
0.299669
0.298045
0.304612
0.303794
0.297403
0.299983
0.304639
0.296864
0.314138
0.308244
0.310895
0.298752
0.304355
0.306927
0.305592
0.319383
0.297981
0.303003
0.305055
0.297348
0.304279
0.313229
0.306895
0.296338
0.310121
0.307476
0.309887
0.308024
0.307476
0.310345
0.308244
0.312989
0.297348
0.302636
0.308717
0.305526
0.307385
0.312187
0.305562
0.308208
0.310309
0.304742
0.304976
0.312609
0.309650
0.306219
0.306219
0.304906
0.312842
0.313614
0.308013
0.310109
0.315954
0.306682
0.305363
0.307463
0.315404
0.305363
0.310109
0.314864
0.315404
0.315404
0.312761
0.310351
0.307156
0.310571
0.307156
0.308469
0.307939
0.305274
0.307926
0.310571
0.311349
0.309184
0.316340
0.307852
0.307301
0.312052
0.307545
0.316799
0.308234
0.324935
0.315087
0.324580
0.312672
0.318518
0.317971
0.321626
0.317222
0.325446
0.323794
0.316717
0.317018
0.328945
0.319668
0.320448
0.313826
0.317804
0.318814
0.331188
0.319751
0.322941
0.324257
0.324498
0.323638
0.319674
0.326519
0.327842
0.321685
0.326192
0.331266
0.322777
0.326192
0.324878
0.322231
0.324878
0.319820
0.327988
0.323166
0.326048
0.319661
0.339749
0.330251
0.323859
0.322548
0.329703
0.325728
0.329975
0.323091
0.326511
0.327840
0.323584
0.319351
0.323859
0.328063
0.330947
0.324322
0.329069
0.325341
0.323739
0.327140
0.337178
0.329232
0.333744
0.337178
0.334526
0.333197
0.332925
0.333433
0.331568
0.336863
0.327317
0.329967
0.324909
0.332065
0.323032
0.328320
0.328016
0.320038
0.323723
0.331358
0.322835
0.327851
0.333603
0.333840
0.344983
0.334393
0.324349
0.326684
0.324312
0.332834
0.330743
0.322795
0.328089
0.325677
0.337587
0.335006
0.328859
0.326994
0.324621
0.328089
0.321696
0.334393
0.331192
0.333840
0.329328
0.333840
0.329328
0.325594
0.330887
0.327687
0.333528
0.335324
0.332365
0.336564
0.333373
0.334156
0.338908
0.339142
0.342558
0.335163
0.334617
0.334083
0.340692
0.337497
0.344349
0.335860
0.336644
0.342174
0.333689
0.343494
0.343494
0.345041
0.340297
0.334457
0.343459
0.343415
0.333049
0.345244
0.339437
0.336792
0.342088
0.335237
0.343181
0.342637
0.334694
0.341538
0.337301
0.336243
0.333595
0.339127
0.333049
0.345207
0.337488
0.338824
0.341705
0.340647
0.340915
0.340915
0.343290
0.342778
0.339603
0.334530
0.337966
0.344847
0.342476
0.342195
0.337182
0.338236
0.341649
0.343714
0.338971
0.340281
0.346124
0.335265
0.341616
0.345358
0.340281
0.338971
0.346124
0.343990
0.342400
0.337325
0.342070
0.345509
0.339423
0.348156
0.340759
0.346052
0.335706
0.351347
0.342859
0.347603
0.345509
0.342859
0.343101
0.344411
0.344648
0.344648
0.349635
0.337488
0.346440
0.344103
0.348302
0.342458
0.342458
0.356475
0.344014
0.343484
0.344255
0.343153
0.348925
0.348688
0.346826
0.351573
0.349471
0.350019
0.352853
0.344640
0.349857
0.345566
0.345259
0.347670
0.349001
0.349001
0.338104
0.345020
0.351339
0.351886
0.347396
0.347686
0.349001
0.346355
0.354056
0.352193
0.349551
0.353237
0.354842
0.345566
0.351410
0.346664
0.350097
0.354094
0.349857
0.348527
0.338720
0.346389
0.346428
0.346664
0.354369
0.349071
0.344566
0.356465
0.347994
0.343474
0.345566
0.346355
0.350315
0.353199
0.351339
0.355301
0.356636
0.346041
0.357951
0.350241
0.351796
0.354990
0.346541
0.349424
0.355764
0.354831
0.355140
0.353190
0.349175
0.358357
0.362560
0.360147
0.360596
0.382459
0.385652
0.383383
0.360007
0.367671
0.369858
0.365661
0.371881
0.356676
0.354056
0.363644
0.361620
0.353916
0.358420
0.357964
0.354770
0.350882
0.357816
0.357816
0.359679
0.354383
0.360463
0.359220
0.360993
0.350969
0.366298
0.357816
0.359208
0.354144
0.356792
0.356792
0.359990
0.360228
0.360228
0.354144
0.362326
0.357816
0.363878
0.351502
0.359220
0.360538
0.347294
0.358125
0.355477
0.360228
0.364973
0.357036
0.362563
0.362563
0.353979
0.357964
0.356633
0.362169
0.365361
0.368465
0.350719
0.364178
0.360217
0.358658
0.358420
0.360265
0.361857
0.364463
0.358114
0.366062
0.357326
0.357871
0.361310
0.364230
0.357871
0.358973
0.358658
0.358114
0.357570
0.355462
0.370256
0.364651
0.365965
0.368081
0.358806
0.366750
0.366202
0.361699
0.370146
0.368304
0.363797
0.364488
0.357946
0.370372
0.366679
0.370640
0.369092
0.359813
0.360837
0.364341
0.362477
0.358225
0.356910
0.361383
0.368232
0.365349
0.362242
0.365435
0.364891
0.362517
0.361454
0.365435
0.363301
0.361422
0.401833
0.380278
0.383071
0.372023
0.368458
0.373053
0.369858
0.365184
0.362534
0.366209
0.374996
0.369937
0.374601
0.370698
0.376379
0.386279
0.379044
0.373728
0.379483
0.391700
0.387273
0.382051
0.373113
0.388194
0.392364
0.394229
0.387446
0.399678
0.381506
0.375590
0.379483
0.375525
0.384397
0.386901
0.384069
0.385422
0.393208
0.386903
0.387273
0.380589
0.398280
0.418560
0.393888
0.395762
0.381137
0.390008
0.386281
0.388071
0.389863
0.383864
0.371187
0.389309
0.388541
0.369760
0.386901
0.380747
0.384266
0.376871
0.390846
0.384489
0.386367
0.383730
0.386880
0.395081
0.397303
0.386126
0.386681
0.379523
0.392742
0.383251
0.378806
0.377806
0.376165
0.388945
0.379179
0.387119
0.384162
0.391586
0.378900
0.391810
0.380995
0.386565
0.384162
0.384107
0.382555
0.383559
0.391008
0.382248
0.401491
0.393199
0.393514
0.379167
0.368280
0.356606
0.485314
0.375882
0.521060
0.407586
0.393776
0.492137
0.430750
0.429914
0.408744
0.410336
0.411630
0.368819
0.426943
0.452308
0.467384
0.469959
0.458810
0.471809
0.478278
0.436417
0.437533
0.445080
0.461919
0.581161
0.567286
0.577806
0.541335
0.556205
0.558718
0.477880
0.539560
0.536241
0.474577
0.451702
0.491467
0.500084
0.525975
0.554580
0.539983
0.474901
0.438017
0.417900
0.388041
0.442506
0.415263
0.430561
0.414727
0.410056
0.414225
0.397766
0.412872
0.416924
0.409992
0.412954
0.409573
0.415636
0.413022
0.397240
0.410751
0.406042
0.415661
0.415697
0.404158
0.409196
0.421424
0.416439
0.412244
0.404613
0.398316
0.408043
0.407494
0.411936
0.407188
0.418377
0.431597
0.421071
0.414127
0.416434
0.412644
0.430586
0.427483
0.416359
0.419003
0.419553
0.413320
0.437296
0.411065
0.424784
0.431711
0.435423
0.429817
0.419073
0.441414
0.437295
0.451529
0.426179
0.455199
0.446016
0.408272
0.436560
0.456965
0.446307
0.452722
0.436186
0.431535
0.439853
0.417686
0.425624
0.417073
0.422010
0.421267
0.417472
0.415911
0.413738
0.427469
0.414196
0.435364
0.462067
0.445760
0.452258
0.444522
0.449344
0.455712
0.474993
0.459386
0.467676
0.490532
0.441520
0.525370
0.597895
0.549905
0.538776
0.475954
0.575852
0.574744
0.567409
0.591563
0.560603
0.556486
0.524339
0.543448
0.524947
0.446545
0.419098
0.486095
0.480577
0.454284
0.466345
0.413156
0.470616
0.430475
0.482000
0.447848
0.465484
0.426661
0.501191
0.488894
0.460124
0.451038
0.436015
0.448256
0.461578
0.462923
0.438099
0.410765
0.463351
0.473892
0.489937
0.483637
0.469699
0.479706
0.488407
0.456863
0.462458
0.487733
0.494648
0.489359
0.492002
0.498233
0.479108
0.444339
0.449557
0.451890
0.494507
0.492182
0.501662
0.477226
0.500248
0.505622
0.490905
0.480168
0.494088
0.475982
0.470835
0.489202
0.483367
0.463752
0.466788
0.483988
0.476594
0.482352
0.489444
0.470457
0.497213
0.486569
0.475674
0.470455
0.449028
0.466259
0.488404
0.513654
0.470542
0.484860
0.469836
0.491398
0.464020
0.477640
0.471099
0.469753
0.451350
0.441541
0.466504
0.470162
0.487502
0.470857
0.477867
0.482933
0.461134
0.468146
0.456790
0.466899
0.492065
0.473200
0.484133
0.467826
0.478854
0.476889
0.472723
0.481434
0.475289
0.502832
0.468506
0.497539
0.487429
0.494648
0.458134
0.459570
0.508646
0.480242
0.469824
0.506861
0.502413
0.494392
0.504316
0.511938
0.502800
0.507457
0.495166
0.513412
0.500136
0.550317
0.518106
0.524857
0.532567
0.530382
0.514116
0.513653
0.543448
0.548459
0.507578
0.497240
0.482770
0.515096
0.523385
0.513744
0.541505
0.514820
0.516769
0.527046
0.513438
0.494669
0.496309
0.504869
0.507818
0.496327
0.511811
0.487449
0.489706
0.482806
0.476504
0.489490
0.479386
0.491293
0.510491
0.476455
0.472092
0.455363
0.470384
0.465871
0.454297
0.465173
0.459178
0.457322
0.480165
0.475918
0.468015
0.466820
0.478718
0.482938
0.468914
0.473356
0.475455
0.472806
0.471253
0.473900
0.476864
0.462002
0.466199
0.474124
0.465724
0.459750
0.468060
0.481137
0.484695
0.494195
0.506476
0.512867
0.490055
0.489118
0.500872
0.484442
0.488184
0.486520
0.492928
0.502509
0.496907
0.446500
0.513088
0.480242
0.492288
0.535061
0.551169
0.558736
0.509783
0.534452
0.482618
0.490961
0.472768
0.493624
0.490740
0.494697
0.502017
0.481954
0.495789
0.493782
0.508336
0.515730
0.501948
0.502570
0.512072
0.502804
0.507537
0.534766
0.496794
0.520208
0.501625
0.485587
0.491586
0.533055
0.505742
0.509635
0.523095
0.517876
0.521401
0.501454
0.516700
0.515778
0.535848
0.529625
0.535380
0.525267
0.515163
0.501615
0.501384
0.507771
0.508155
0.499514
0.514612
0.510958
0.501006
0.484900
0.499458
0.491905
0.499921
0.498681
0.498841
0.492610
0.479466
0.492317
0.491535
0.490993
0.486630
0.475941
0.454433
0.477853
0.473420
0.472099
0.457944
0.466415
0.466265
0.466820
0.467955
0.473241
0.464722
0.474141
0.473364
0.489782
0.474141
0.465188
0.477289
0.468807
0.485182
0.508889
0.491976
0.522612
0.494355
0.481043
0.494015
0.505578
0.507003
0.501874
0.477297
0.495808
0.503970
0.497248
0.493312
0.498358
0.504285
0.497812
0.493519
0.515697
0.539197
0.497580
0.519902
0.517645
0.544245
0.485134
0.513996
0.506228
0.505742
0.515316
0.497619
0.501326
0.489244
0.530564
0.527599
0.524010
0.512193
0.510257
0.509309
0.515108
0.501226
0.536787
0.526752
0.523704
0.530325
0.506201
0.562528
0.505157
0.502237
0.551335
0.509242
0.529506
0.522052
0.538282
0.523756
0.541663
0.520517
0.528914
0.540970
0.524617
0.525707
0.524317
0.508370
0.519616
0.519616
0.512182
0.507199
0.539867
0.544539
0.534651
0.542360
0.520608
0.524698
0.518418
0.531486
0.518646
0.500296
0.508133
0.530701
0.537686
0.542518
0.528741
0.525855
0.531149
0.530076
0.525236
0.528499
0.529596
0.528358
0.532413
0.516996
0.519039
0.518418
0.500738
0.515614
0.537152
0.523771
0.513334
0.545339
0.534867
0.515451
0.507052
0.523392
0.518872
0.521437
0.524317
0.528358
0.549976
0.532677
0.550490
0.541652
0.542671
0.527861
0.514907
0.513190
0.517868
0.521437
0.524698
0.528371
0.529919
0.520025
0.527733
0.528520
0.537762
0.539867
0.538775
0.538319
0.527486
0.531633
0.526563
0.541045
0.524962
0.526096
0.532879
0.521362
0.523625
0.520517
0.518166
0.522766
0.534505
0.530458
0.530598
0.557983
0.551838
0.547621
0.548331
0.548495
0.534807
0.528810
0.526411
0.530064
0.533564
0.530464
0.524688
0.533729
0.535827
0.527184
0.522452
0.523382
0.531330
0.538625
0.556981
0.552620
0.553785
0.548331
0.536734
0.545530
0.548296
0.540239
0.543048
0.547015
0.536734
0.540873
0.539127
0.533706
0.546175
0.535341
0.535732
0.530672
0.543432
0.531934
0.534651
0.527013
0.540020
0.547322
0.543512
0.548262
0.534946
0.549281
0.533552
0.532096
0.528966
0.534057
0.527176
0.528001
0.537859
0.523910
0.520331
0.533485
0.538850
0.540952
0.526159
0.542036
0.534720
0.544437
0.543821
0.545136
0.543512
0.557283
0.554086
0.542494
0.549420
0.542037
0.551838
0.550289
0.536257
0.550006
0.547547
0.544828
0.549344
0.546699
0.545132
0.545132
0.547475
0.547937
0.547076
0.543123
0.541020
0.543737
0.545841
0.542873
0.556111
0.547076
0.541785
0.539228
0.536580
0.541324
0.549032
0.538679
0.551211
0.549558
0.548708
0.543098
0.545758
0.549094
0.547848
0.553063
0.553073
0.556489
0.542482
0.548858
0.548089
0.546755
0.549640
0.546447
0.540382
0.549324
0.550882
0.552200
0.553217
0.551889
0.546829
0.548935
0.560070
0.546141
0.551195
0.560779
0.545440
0.544654
0.550187
0.546447
0.545363
0.546379
0.553532
0.552750
0.548714
0.555324
0.550573
0.561162
0.546611
0.553990
0.560619
0.544425
0.554847
0.555397
0.546673
0.560295
0.561533
0.552899
0.549470
0.551340
0.554541
0.553514
0.552751
0.554618
0.545428
0.550483
0.553459
0.551576
0.553918
0.554311
0.569318
0.566203
0.563012
0.570561
0.561923
0.554603
0.562009
0.558648
0.563796
0.542157
0.553061
0.553605
0.551199
0.554618
0.554618
0.555473
0.553605
0.550723
0.559519
0.558208
0.554779
0.550573
0.550269
0.554779
0.540458
0.562951
0.561857
0.559448
0.554153
0.556573
0.552366
0.550816
0.557186
0.550573
0.563021
0.551120
0.556729
0.559920
0.549560
0.558821
0.556167
0.551416
0.557882
0.556325
0.552677
0.548074
0.552820
0.550568
0.553444
0.563796
0.551416
0.553295
0.564503
0.552366
0.558514
0.551665
0.548544
0.550951
0.552290
0.546755
0.555105
0.557421
0.547384
0.552750
0.582561
0.554320
0.560925
0.550118
0.549094
0.557341
0.553692
0.553416
0.545200
0.549727
0.553146
0.553929
0.551808
0.553381
0.544891
0.548017
0.555714
0.542793
0.550492
0.549955
0.544492
0.555870
0.551819
0.555710
0.556786
0.556573
0.553374
0.551819
0.555011
0.556105
0.547384
0.555561
0.548935
0.561162
0.552436
0.550573
0.555087
0.551120
0.555870
0.556174
0.552769
0.557274
0.556489
0.560619
0.554540
0.559047
0.553217
0.553990
0.557274
0.556174
0.560070
0.554779
0.552677
0.555870
0.555870
0.555870
0.557666
0.552366
0.551819
0.557112
0.552366
0.557112
0.557882
0.551033
0.557666
0.559212
0.556257
0.557263
0.564070
0.555365
0.563707
0.563089
0.561844
0.552351
0.560603
0.561029
0.559897
0.557171
0.565665
0.562712
0.563022
0.559037
0.565665
0.569391
0.560986
0.558106
0.556555
0.559511
0.554210
0.550803
0.556642
0.558269
0.564896
0.556950
0.556950
0.559596
0.553756
0.559831
0.559831
0.553209
0.568541
0.555784
0.557642
0.559200
0.553083
0.562086
0.560750
0.556795
0.560750
0.558897
0.563327
0.565813
0.553437
0.555532
0.564022
0.562390
0.567443
0.559737
0.564171
0.568924
0.566986
0.568445
0.570545
0.572115
0.570003
0.561758
0.569379
0.566190
0.574683
0.571840
0.570789
0.569478
0.574525
0.563937
0.561596
0.564250
0.568831
0.576323
0.566971
0.574128
0.575375
0.571398
0.577781
0.571485
0.572576
0.565765
0.573707
0.567625
0.567625
0.574288
0.568997
0.580130
0.568690
0.560980
0.565090
0.585962
0.572178
0.570396
0.577044
0.577044
0.572031
0.565649
0.571868
0.573114
0.581056
0.584158
0.589454
0.580727
0.570704
0.585692
0.582260
0.588989
0.585240
0.587643
0.580802
0.591082
0.591082
0.584238
0.586645
0.588519
0.585091
0.577924
0.587505
0.576145
0.582809
0.569054
0.566960
0.577553
0.581290
0.575989
0.580198
0.582058
0.581514
0.583898
0.582848
0.577001
0.576463
0.581747
0.579104
0.584158
0.569914
0.587505
0.593498
0.606479
0.598225
0.613324
0.594022
0.600107
0.599874
0.600724
0.588822
0.602825
0.607488
0.606626
0.615110
0.615500
0.612307
0.618108
0.614409
0.616008
0.613405
0.601572
0.607170
0.603760
0.600877
0.603760
0.601970
0.606171
0.600630
0.608812
0.602970
0.608812
0.606957
0.604068
0.599874
0.603520
0.608489
0.622199
0.627807
0.610514
0.612384
0.612390
0.610052
0.607955
0.612168
0.608415
0.613947
0.603595
0.613640
0.607562
0.611755
0.609665
0.616506
0.613863
0.615500
0.611755
0.613093
0.610212
0.609665
0.608649
0.604682
0.613247
0.600325
0.602666
0.622658
0.613077
0.621565
0.620473
0.615960
0.643161
0.637506
0.650431
0.641455
0.647238
0.640628
0.636664
0.644366
0.634091
0.624598
0.635459
0.636502
0.625143
0.631262
0.628100
0.620473
0.626306
0.625546
0.621565
0.616818
0.619472
0.630820
0.628406
0.637114
0.635808
0.640004
0.645810
0.655068
0.644202
0.642870
0.648459
0.644481
0.633923
0.646397
0.642198
0.642964
0.640624
0.636111
0.638759
0.630820
0.636111
0.637207
0.639079
0.636977
0.635655
0.643050
0.645150
0.643820
0.643268
0.635874
0.638520
0.641177
0.637979
0.645380
0.640075
0.646164
0.640075
0.639532
0.642177
0.642721
0.637979
0.644913
0.642816
0.634877
0.635874
0.643820
0.643820
0.646462
0.642264
0.649660
0.650214
0.655226
0.638833
0.649110
0.647232
0.646462
0.649660
0.645678
0.643820
0.653860
0.647255
0.648567
0.642481
0.641719
0.652311
0.646775
0.637519
0.645218
0.642340
0.647639
0.641882
0.638141
0.637594
0.642880
0.656119
0.652682
0.653232
0.654788
0.649490
0.652927
0.655340
0.654788
0.652144
0.652682
0.657435
0.650831
0.652144
0.660636
0.659318
0.651901
0.651901
0.654788
0.661634
0.658203
0.658995
0.664281
0.662179
0.666139
0.663280
0.661177
0.656437
0.650584
0.663827
0.664591
0.677043
0.672847
0.669413
0.668646
0.669645
0.675494
0.673397
0.674701
0.680778
0.674156
0.668331
0.668867
0.668086
0.672061
0.674484
0.676583
0.683747
0.669188
0.688015
0.678447
0.685843
0.677904
0.688495
0.686604
0.692688
0.678667
0.679765
0.676890
0.676115
0.691209
0.679305
0.682503
0.675870
0.679854
0.679067
0.683261
0.680619
0.689329
0.686686
0.680072
0.681951
0.709024
0.685130
0.690425
0.692284
0.695724
0.689654
0.696032
0.691282
0.688633
0.688397
0.702734
0.691131
0.695097
0.692228
0.703346
0.698602
0.703117
0.710807
0.714793
0.714010
0.706616
0.710588
0.709806
0.710588
0.699997
0.710588
0.704751
0.751525
0.712425
0.710588
0.710043
0.710588
0.703961
0.706391
0.706391
0.706948
0.703816
0.701958
0.699619
0.707323
0.704439
0.700474
0.703123
0.706313
0.708414
0.704439
0.700474
0.705228
0.705228
0.696735
0.699381
0.702028
0.695418
0.698609
0.694636
0.701260
0.700240
0.710606
0.703440
0.703440
0.696828
0.698686
0.706629
0.701328
0.701328
0.710364
0.708801
0.713327
0.714954
0.713637
0.712303
0.706237
0.706002
0.710748
0.719243
0.716590
0.716322
0.713673
0.710511
0.708409
0.714253
0.721926
0.719863
0.713246
0.714325
0.717517
0.720167
0.722818
0.710909
0.718063
0.710127
0.715967
0.712008
0.720480
0.725007
0.718920
0.705689
0.706237
0.708882
0.711839
0.717131
0.711293
0.717687
0.717131
0.717131
0.711839
0.709980
0.717687
0.709192
0.720332
0.707092
0.711624
0.709499
0.712161
0.708188
0.708738
0.714030
0.703440
0.711937
0.714335
0.705847
0.711141
0.716986
0.719629
0.703207
0.716986
0.716986
0.705847
0.717767
0.715657
0.714101
0.719395
0.710139
0.722830
0.717294
0.715193
0.714646
0.723919
0.704096
0.718389
0.717602
0.722894
0.710210
0.710760
0.715503
0.707585
0.712092
0.710760
0.713990
0.716907
0.712674
0.717727
0.719594
0.716943
0.718560
0.711613
0.722447
0.715816
0.717144
0.720338
0.711852
0.714265
0.715593
0.708967
0.711383
0.715906
0.717769
0.710374
0.704533
0.709276
0.715357
0.711155
0.706170
0.718620
0.712780
0.712014
0.710137
0.717072
0.711542
0.715514
0.714735
0.717933
0.712937
0.713726
0.715046
0.717451
0.710843
0.721432
0.713489
0.717998
0.713489
0.716685
0.721650
0.720338
0.718785
0.713245
0.722840
0.715655
0.712553
0.710698
0.716302
0.715753
0.715515
0.710219
0.710219
0.719714
0.713412
0.721903
0.712097
0.711553
0.710767
0.708663
0.710767
0.708120
0.716302
0.715478
0.715790
0.716062
0.720110
0.714276
0.708663
0.714051
0.713810
0.710380
0.715675
0.709066
0.714356
0.717554
0.713845
0.714576
0.718402
0.717230
0.711939
0.719877
0.711939
0.709359
0.707025
0.711005
0.707659
0.709759
0.707731
0.713577
0.709376
0.706732
0.713895
0.712572
0.717628
0.707036
0.710235
0.712330
0.713974
0.704387
0.706491
0.709685
0.705725
0.712879
0.712879
0.702835
0.702291
0.704936
0.713115
0.709610
0.715090
0.714815
0.710857
0.702918
0.710922
0.699639
0.703620
0.708129
0.710085
0.708204
0.705099
0.711182
0.704009
0.706431
0.714488
0.703381
0.716822
0.707270
0.712258
0.704858
0.704166
0.706267
0.704009
0.705881
0.699497
0.718026
0.704791
0.708293
0.700829
0.713042
0.708293
0.707745
0.705099
0.700661
0.707286
0.708385
0.700969
0.701752
0.709692
0.698558
0.705948
0.699343
0.701211
0.702540
0.705948
0.702304
0.700202
0.698106
0.700743
0.695222
0.698106
0.696786
0.707599
0.707286
0.701435
0.700114
0.699343
0.701993
0.700131
0.702693
0.700039
0.688136
0.692331
0.698946
0.702140
0.694200
0.699570
0.695918
0.696374
0.706107
0.697064
0.701087
0.699499
0.706420
0.699770
0.694753
0.703003
0.694512
0.699639
0.695439
0.697559
0.699187
0.697634
0.691791
0.696846
0.702693
0.696297
0.695839
0.695839
0.696388
0.697159
0.695299
0.697159
0.694751
0.697943
0.701926
0.699038
0.693744
0.699270
0.690783
0.692096
0.690783
0.691331
0.690783
0.687352
0.696388
0.692733
0.688992
0.693286
0.692494
0.697796
0.688299
0.693048
0.695457
0.692806
0.698649
0.685418
0.692806
0.699667
0.690940
0.693829
0.698106
0.688299
0.686983
0.678806
0.698888
0.686231
0.681758
0.688144
0.689699
0.686025
0.679969
0.689007
0.687401
0.689007
0.686593
0.681288
0.687126
0.693753
0.692898
0.686270
0.687839
0.682769
0.684647
0.685956
0.688608
0.684405
0.677013
0.692110
0.684953
0.687608
0.685231
0.684953
0.676739
0.686270
0.679425
0.686814
0.696169
0.686593
0.683407
0.687371
0.690562
0.679425
0.690013
0.683161
0.685266
0.692748
0.682706
0.683240
0.678730
0.691967
0.692275
0.687764
0.685886
0.685120
0.680369
0.680917
0.684113
0.684636
0.682780
0.686517
0.680435
0.685737
0.677795
0.679651
0.680204
0.683636
0.682082
0.677881
0.684727
0.682390
0.675549
0.685588
0.685588
0.682156
0.680286
0.684031
0.680601
0.681934
0.681391
0.683253
0.678502
0.681391
0.681149
0.689878
0.679831
0.683022
0.684344
0.686207
0.694937
0.677719
0.676395
0.681457
0.683339
0.682551
0.679903
0.675156
0.680690
0.683101
0.682308
0.682308
0.675467
0.670416
0.676715
0.673996
0.686374
0.675225
0.673139
0.673139
0.674765
0.673209
0.681624
0.682172
0.681934
0.670801
0.677735
0.690474
0.686207
0.676948
0.674303
0.685200
0.679359
0.677495
0.685744
0.677803
0.678356
0.678356
0.674155
0.678661
0.680246
0.676563
0.681857
0.673606
0.672361
0.673698
0.671577
0.680071
0.674766
0.682711
0.677145
0.677924
0.673672
0.674463
0.674463
0.682399
0.675008
0.685599
0.675008
0.675008
0.682952
0.676320
0.672361
0.675008
0.678205
0.676872
0.671577
0.680609
0.677418
0.680609
0.680071
0.680373
0.675076
0.681158
0.676416
0.681158
0.679059
0.678507
0.677485
0.682018
0.674080
0.676724
0.676724
0.679370
0.674382
0.681780
0.671740
0.674932
0.675172
0.677578
0.682088
0.674458
0.675246
0.671813
0.673685
0.673456
0.674000
0.674239
0.682491
0.678510
0.679291
0.676646
0.670568
0.743721
0.672444
0.676646
0.672139
0.676579
0.677652
0.671046
0.671046
0.664198
0.667149
0.675644
0.664505
0.670349
0.671586
0.671521
0.662943
0.663727
0.670808
0.670808
0.667614
0.667854
0.662318
0.674766
0.667614
0.668163
0.670026
0.668163
0.666062
0.657882
0.669801
0.667614
0.664731
0.665279
0.671672
0.669027
0.669801
0.663491
0.665869
0.661349
0.667466
0.665363
0.663792
0.670182
0.665437
0.676032
0.663338
0.663104
0.671046
0.667081
0.666302
0.671046
0.672139
0.668702
0.668702
0.674549
0.668244
0.667465
0.672992
0.667465
0.668313
0.670415
0.673379
0.657200
0.665677
0.663262
0.673617
0.669107
0.674401
0.663809
0.672060
0.668096
0.669415
0.666767
0.673158
0.670745
0.667317
0.671514
0.672366
0.663114
0.671057
0.672912
0.665760
0.670269
0.664977
0.671361
0.668167
0.662332
0.675324
0.672133
0.671607
0.670509
0.667894
0.667894
0.664702
0.666308
0.669772
0.670551
0.673468
0.674780
0.670269
0.671607
0.669727
0.674251
0.664977
0.672912
0.670269
0.673191
0.674780
0.670269
0.673468
0.674251
0.672912
0.673468
0.675879
0.662876
0.664977
0.670269
0.670269
0.675561
0.669727
0.676663
0.680623
0.677425
0.672682
0.673468
0.680860
0.673426
0.678752
0.676389
0.673775
0.674322
0.672166
0.672439
0.669026
0.668480
0.672952
0.673229
0.672133
0.664977
0.670301
0.674562
0.676663
0.670030
0.670578
0.677976
0.666072
0.667168
0.670891
0.666105
0.676731
0.682811
0.674322
0.670891
0.672766
0.669577
0.674868
0.675419
0.672766
0.666924
0.670671
0.663548
0.660624
0.666690
0.672766
0.658987
0.664040
0.703728
0.663818
0.660946
0.654859
0.659931
0.662339
0.667391
0.658142
0.653937
0.661102
0.657354
0.656351
0.664837
0.662195
0.663504
0.664598
0.664837
0.657429
0.662965
0.666388
0.653151
0.662647
0.661337
0.658142
0.654941
0.660789
0.658688
0.656589
0.666939
0.660556
0.655260
0.659542
0.659542
0.657991
0.661955
0.654562
0.659091
0.659382
0.663363
0.663363
0.657518
0.661501
0.669198
0.658843
0.660404
0.653772
0.657211
0.651367
0.655890
0.659860
0.657991
0.657991
0.655890
0.654562
0.655107
0.648498
0.655652
0.648498
0.649577
0.652242
0.654099
0.650677
0.652794
0.648296
0.648804
0.651459
0.650903
0.646162
0.651997
0.648592
0.649121
0.649422
0.644678
0.648116
0.648661
0.649189
0.651068
0.655584
0.659397
0.643743
0.645539
0.648415
0.650290
0.645539
0.643992
0.644843
0.641955
0.642268
0.651068
0.649759
0.647104
0.648971
0.645536
0.636826
0.647964
0.644529
0.642120
0.645776
0.640654
0.641176
0.642268
0.645708
0.643061
0.642813
0.642268
0.642268
0.632225
0.644697
0.644146
0.638068
0.643368
0.649759
0.649759
0.641847
0.636590
0.630989
0.640600
0.641664
0.644072
0.637446
0.643799
0.646483
0.640645
0.638779
0.638779
0.643284
0.645937
0.644342
0.644072
0.640113
0.643284
0.640093
0.633250
0.641702
0.640364
0.638779
0.634033
0.639087
0.634579
0.631933
0.635673
0.636205
0.630690
0.632551
0.630447
0.632551
0.633097
0.630690
0.629136
0.632327
0.633097
0.634740
0.635289
0.635508
0.633959
0.628658
0.629448
0.631853
0.627107
0.635821
0.631853
0.632950
0.632950
0.632950
0.631398
0.625317
0.632490
0.641747
0.622432
0.625080
0.633881
0.633104
0.630466
0.629678
0.629989
0.622831
0.635761
0.631318
0.631869
0.637155
0.628438
0.623688
0.655838
0.627424
0.627404
0.623688
0.634040
0.622904
0.622904
0.632183
0.628438
0.628744
0.622675
0.627978
0.632999
0.630626
0.627192
0.627978
0.621137
0.622202
0.625641
0.630936
0.624330
0.622202
0.622202
0.633344
0.626734
0.619556
0.628010
0.621898
0.623849
0.624400
0.616455
0.620984
0.620737
0.669923
0.626039
0.618403
0.625254
0.629996
0.631096
0.622608
0.617864
0.621822
0.630305
0.630861
0.623458
0.624795
0.634601
0.621368
0.618714
0.620030
0.619027
0.619027
0.619568
0.630709
0.621985
0.622766
0.622766
0.620116
0.623314
0.636555
0.625179
0.623072
0.624406
0.625726
0.625999
0.618324
0.621289
0.627920
0.630018
0.624486
0.616302
0.622109
0.621603
0.621603
0.624243
0.624786
0.623699
0.623479
0.623206
0.622692
0.616854
0.634409
0.626436
0.625884
0.618257
0.616940
0.622456
0.624331
0.626984
0.621962
0.628054
0.629933
0.624643
0.621449
0.630484
0.618800
0.615112
0.619896
0.624643
0.627838
0.609308
0.628386
0.623636
0.617795
0.620441
0.620164
0.620441
0.614601
0.621760
0.622815
0.622308
0.617795
0.617795
0.619115
0.617011
0.621535
0.625493
0.619654
0.614359
0.616463
0.631105
0.617411
0.614765
0.622938
0.622156
0.622156
0.618962
0.615767
0.624020
0.621614
0.620056
0.620056
0.619040
0.618814
0.615620
0.616173
0.616173
0.613281
0.613830
0.617571
0.619975
0.616018
0.612314
0.620529
0.613683
0.613989
0.611344
0.611344
0.616362
0.613989
0.612897
0.620839
0.619285
0.615087
0.618280
0.604494
0.609554
0.612203
0.611657
0.614296
0.616710
0.606906
0.610648
0.610098
0.617804
0.609860
0.603324
0.612599
0.611504
0.608620
0.608855
0.615008
0.601223
0.613147
0.615516
0.611814
0.621354
0.618933
0.611814
0.607612
0.613456
0.608480
0.608781
0.609869
0.610423
0.603253
0.615168
0.613834
0.607540
0.614383
0.609943
0.605743
0.609181
0.608395
0.606293
0.606293
0.612994
0.616952
