0.308724
0.308839
0.315774
0.324278
0.339169
0.317220
0.305306
0.332660
0.325280
0.322840
0.326444
0.311775
0.305713
0.322032
0.324997
0.325862
0.323333
0.318493
0.320222
0.331244
0.327169
0.324146
0.309979
0.341924
0.331334
0.331374
0.318234
0.314978
0.328280
0.323861
0.303103
0.327590
0.325468
0.319589
0.327909
0.327043
0.329058
0.305540
0.294679
0.320560
0.324675
0.320763
0.341280
0.330084
0.330570
0.323460
0.336516
0.327630
0.315933
0.335298
0.324894
0.326627
0.326135
0.283055
0.321341
0.324266
0.328272
0.329814
0.324404
0.325384
0.328492
0.325356
0.326165
0.311531
0.320559
0.333173
0.321481
0.322599
0.332935
0.321260
0.315388
0.316100
0.310202
0.322338
0.318641
0.326286
0.315076
0.332302
0.321883
0.318749
0.323289
0.310515
0.309740
0.273752
0.299735
0.311355
0.315912
0.322730
0.332136
0.311470
0.328442
0.300882
0.275556
0.309831
0.297610
0.327199
0.301539
0.326225
0.325692
0.307825
0.308823
0.235041
0.316020
0.306857
0.304909
0.294786
0.324197
0.312495
0.284110
0.296501
0.312889
0.314418
0.315627
0.306322
0.343368
0.317354
0.302519
0.298798
0.294861
0.330603
0.316410
0.240167
0.280610
0.304353
0.321352
0.315799
0.311420
0.308111
0.325312
0.299572
0.319981
0.303746
0.319755
0.315561
0.320306
0.301270
0.321874
0.324681
0.314830
0.284657
0.317033
0.293794
0.313211
0.298623
0.316390
0.314209
0.312418
0.349266
0.308805
0.304568
0.314791
0.318063
0.320867
0.328715
0.327441
0.313941
0.327878
0.322283
0.320246
0.323997
0.319726
0.324283
0.302952
0.290378
0.300964
0.298562
0.312504
0.306901
0.317195
0.320464
0.301919
0.319675
0.309706
0.319019
0.328455
0.298195
0.313425
0.297362
0.321092
0.324563
0.306651
0.313974
0.302441
0.327915
0.321847
0.303573
0.315802
0.313082
0.315863
0.313015
0.315727
0.331881
0.319332
0.318532
0.306984
0.309702
0.317828
0.321409
0.313567
0.304653
0.313066
0.290222
0.311790
0.307628
0.329489
0.322527
0.318139
0.313177
0.315992
0.316097
0.316325
0.318405
0.320239
0.306511
0.313072
0.314896
0.313726
0.313712
0.313230
0.304930
0.316380
0.312876
0.313036
0.307484
0.316258
0.312239
0.308297
0.320830
0.315562
0.310714
0.310164
0.310970
0.313968
0.313059
0.312519
0.315233
0.316836
0.317334
0.320062
0.311909
0.315870
0.311352
0.314053
0.312844
0.313881
0.317265
0.311730
0.312111
0.312908
0.311556
0.311552
0.320341
0.309620
0.325808
0.282666
0.289088
0.295024
0.315228
0.309213
0.312830
0.312899
0.311015
0.316270
0.308652
0.308826
0.316590
0.311876
0.316160
0.309488
0.303056
0.300041
0.307431
0.314748
0.312709
0.313231
0.292637
0.296061
0.302712
0.301153
0.297793
0.312779
0.308828
0.304467
0.311569
0.307271
0.309133
0.308307
0.316081
0.311585
0.304533
0.311718
0.305583
0.303766
0.304701
0.310907
0.313614
0.305378
0.312122
0.310090
0.311127
0.314070
0.302884
0.302888
0.295360
0.274433
0.307469
0.307978
0.300329
0.306908
0.309898
0.307686
0.310521
0.300159
0.303664
0.305130
0.316468
0.286719
0.305143
0.309160
0.307169
0.310383
0.304459
0.298712
0.308331
0.299927
0.306268
0.304413
0.301240
0.305354
0.306756
0.298413
0.313086
0.310870
0.307192
0.307808
0.307104
0.308376
0.291086
0.305917
0.310497
0.307819
0.309787
0.306356
0.309762
0.308858
0.310845
0.307728
0.308222
0.307477
0.307008
0.309589
0.309344
0.308663
0.309117
0.306233
0.289288
0.294773
0.308028
0.305965
0.307569
0.308499
0.307224
0.308719
0.307219
0.305794
0.311020
0.309209
0.312408
0.310431
0.302755
0.292338
0.306026
0.310309
0.304962
0.306823
0.308887
0.303491
0.305354
0.330824
0.309597
0.317093
0.327642
0.300510
0.298091
0.299172
0.306960
0.296860
0.309753
0.310066
0.318209
0.303576
0.303868
0.309644
0.289150
0.303498
0.321446
0.310276
0.305911
0.326868
0.304759
0.289399
0.304682
0.298585
0.301864
0.306974
0.299064
0.319413
0.304991
0.288387
0.301180
0.310924
0.297128
0.308240
0.301509
0.303231
0.295116
0.303040
0.301842
0.307049
0.292294
0.301668
0.296687
0.295956
0.305593
0.281652
0.306829
0.312280
0.314061
0.308518
0.306096
0.302541
0.288428
0.307820
0.298333
0.301296
0.305372
0.299457
0.303221
0.302771
0.299949
0.301780
0.300462
0.304005
0.301930
0.292625
0.290703
0.299651
0.296367
0.289229
0.297038
0.300866
0.291100
0.295695
0.297191
0.300423
0.294518
0.296980
0.298429
0.295720
0.304380
0.291217
0.300060
0.290291
0.297966
0.291865
0.296342
0.294067
0.295199
0.296430
0.291746
0.291702
0.295801
0.298107
0.295754
0.292681
0.297240
0.298752
0.294644
0.294494
0.294362
0.298005
0.296963
0.294808
0.298498
0.295266
0.293197
0.286297
0.294935
0.283712
0.282929
0.293945
0.293457
0.298547
0.296120
0.299022
0.296835
0.297315
0.291974
0.289778
0.295890
0.294026
0.305472
0.294137
0.279946
0.296553
0.294720
0.296828
0.294452
0.293521
0.311601
0.305734
0.292591
0.294960
0.289981
0.294367
0.298092
0.284742
0.294861
0.305640
0.299029
0.293742
0.291847
0.288012
0.295647
0.302080
0.295428
0.292639
0.301918
0.298535
0.296536
0.293645
0.288948
0.287567
0.290695
0.291125
0.290847
0.287643
0.288226
0.293479
0.291520
0.296507
0.283839
0.284177
0.295798
0.292078
0.282781
0.281745
0.289694
0.291635
0.284815
0.293150
0.289846
0.287166
0.278264
0.287958
0.288693
0.288720
0.290522
0.294186
0.289065
0.287813
0.286853
0.289821
0.294574
0.293690
0.277291
0.293935
0.291777
0.288091
0.289766
0.280937
0.265568
0.266702
0.287003
0.287177
0.288031
0.289559
0.287962
0.286825
0.290750
0.287250
0.287326
0.285841
0.288960
0.293810
0.293053
0.287870
0.290211
0.295368
0.289498
0.289153
0.292669
0.277325
0.290834
0.295790
0.299163
0.293845
0.283152
0.289032
0.288429
0.292650
0.293379
0.283721
0.289855
0.284894
0.297474
0.283594
0.271803
0.261878
0.275419
0.263570
0.293086
0.280363
0.285380
0.275133
0.293525
0.281811
0.273905
0.260568
0.274549
0.263114
0.277985
0.279215
0.293205
0.295051
0.288636
0.293481
0.260818
0.281367
0.273362
0.269385
0.236000
0.283972
0.268945
0.276930
0.284880
0.248083
0.240925
0.266158
0.280728
0.286683
0.275668
0.293507
0.275452
0.270677
0.283574
0.264785
0.274835
0.282472
0.273663
0.265427
0.256796
0.272251
0.275955
0.270424
0.269246
0.275128
0.261888
0.280921
0.273444
0.279335
0.278563
0.278584
0.241907
0.271599
0.273845
0.269011
0.272098
0.270945
0.270079
0.270600
0.273425
0.265881
0.265820
0.273939
0.269127
0.266484
0.264934
0.272173
0.271630
0.271839
0.266602
0.269193
0.271724
0.271025
0.273792
0.267553
0.269726
0.271197
0.270728
0.270012
0.263307
0.268144
0.273450
0.272553
0.270587
0.270301
0.270044
0.267952
0.269401
0.271690
0.268970
0.266639
0.266573
0.277822
0.264093
0.274160
0.270294
0.275635
0.268677
0.271502
0.268942
0.262241
0.269030
0.270408
0.270997
0.269904
0.270107
0.270800
0.266930
0.266668
0.269885
0.256189
0.272115
0.263295
0.271767
0.269550
0.267726
0.271194
0.270298
0.268365
0.269670
0.271278
0.267945
0.272122
0.265916
0.269166
0.260663
0.268686
0.264266
0.266821
0.269236
0.266268
0.254230
0.264627
0.273601
0.276219
0.267200
0.265789
0.270322
0.266962
0.258316
0.256203
0.263804
0.259776
0.273540
0.282757
0.226803
0.257726
0.260110
0.276068
0.289111
0.270223
0.214910
0.224366
0.233861
0.192709
0.225089
0.268346
0.252242
0.259823
0.266649
0.293412
0.285190
0.293528
0.279674
0.276657
0.291182
0.277039
0.267597
0.267724
0.274318
0.273859
0.278894
0.227434
0.254702
0.283218
0.266565
0.269328
0.261458
0.265071
0.277597
0.266700
0.272687
0.263754
0.252727
0.269273
0.267540
0.245639
0.241696
0.262729
0.242142
0.232948
0.253879
0.261263
0.255190
0.258514
0.266570
0.260068
0.271776
0.263501
0.264274
0.255576
0.259169
0.253249
0.242749
0.244811
0.258565
0.304362
0.296594
0.284316
0.291799
0.286786
0.287395
0.274507
0.270739
0.253979
0.258189
0.262094
0.250929
0.261684
0.266125
0.266970
0.261538
0.257946
0.257239
0.258676
0.262000
0.234077
0.224551
0.260243
0.234852
0.256684
0.244026
0.266945
0.273436
0.260673
0.259107
0.257407
0.248174
0.233282
0.248238
0.236762
0.266882
0.244610
0.238555
0.242533
0.245606
0.250144
0.251039
0.244820
0.259213
0.217858
0.267490
0.264056
0.171460
0.244133
0.246349
0.256849
0.256486
0.280358
0.262566
0.254784
0.320967
0.270252
0.254346
0.251535
0.246955
0.261712
0.250924
0.223100
0.229087
0.209726
0.198307
0.217410
0.249168
0.211967
0.221136
0.228835
0.231457
0.238960
0.223757
0.243303
0.251502
0.252814
0.233574
0.244208
0.256397
0.224041
0.319392
0.272170
0.221632
0.246750
0.248267
0.226620
0.240621
0.403294
0.287733
0.325618
0.254962
0.251689
0.248841
0.207471
0.298772
0.300468
0.289777
0.297347
0.286262
0.246316
0.247256
0.248002
0.252688
0.205428
0.233413
0.216312
0.185245
0.217142
0.257929
0.213510
0.234503
0.231417
0.125838
0.113032
0.127902
0.152657
0.099485
0.169758
0.226996
0.205724
0.214743
0.222299
0.242034
0.137259
0.152583
0.254280
0.138303
0.197155
0.124151
0.227489
0.175856
0.143828
0.231690
0.242752
0.240242
0.246667
0.277521
0.246387
0.250348
0.233084
0.163105
0.220026
0.104024
0.278067
0.121867
0.208526
0.315481
0.210107
0.254109
0.276217
0.210408
0.226336
0.272125
0.310931
0.195529
0.261709
0.271842
0.275919
0.271799
0.279896
0.274610
0.255256
0.289556
0.197405
0.205005
0.133044
0.167723
0.208636
0.228433
0.234303
0.260973
0.221541
0.218437
0.245629
0.210264
0.203635
0.239105
0.230076
0.164471
0.137271
0.179358
0.196070
0.195514
0.236375
0.147872
0.134274
0.175309
0.202066
0.138883
0.246749
0.212032
0.242241
0.269489
0.206898
0.179262
0.233676
0.194722
0.261423
0.240699
0.201846
0.239751
0.279698
0.303145
0.268989
0.243098
0.236253
0.301597
0.227573
0.205700
0.218362
0.276172
0.237754
0.207024
0.257523
0.203971
0.282234
0.281244
0.262227
0.244028
0.265639
0.242213
0.251764
0.194976
0.258375
0.266555
0.269045
0.316092
0.210058
0.216341
0.394987
0.289137
0.164818
0.116628
0.233057
0.162914
0.223077
0.167330
0.252198
0.263604
0.150383
0.277439
0.240481
0.214349
0.332821
0.278705
0.139844
0.058079
0.219184
0.241430
0.304277
0.166212
0.157633
0.238187
0.278988
0.233176
0.218406
0.248537
0.330156
0.326948
0.295687
0.250037
0.235793
0.257957
0.251522
0.239472
0.244327
0.226654
0.218674
0.237101
0.234377
0.238577
0.204059
0.227187
0.229934
0.174679
0.230100
0.216789
0.192016
0.200352
0.222460
0.181524
0.201609
0.188493
0.207144
0.231539
0.201224
0.230986
0.223518
0.229579
0.229427
0.227903
0.227006
0.226601
0.227685
0.232902
0.225348
0.223903
0.225747
0.228130
0.223899
0.222317
0.232082
0.238045
0.233335
0.230665
0.212002
0.241303
0.218461
0.217919
0.230499
0.188488
0.242791
0.221497
0.222266
0.189024
0.171870
0.202092
0.234438
0.227132
0.226854
0.183881
0.118163
0.200333
0.204608
0.297497
0.242036
0.229287
0.178312
0.207177
0.181646
0.242262
0.152933
0.221286
0.026940
0.199281
0.003945
0.252587
0.239837
0.156185
0.232513
0.250365
0.181170
0.273623
0.167010
0.325349
0.259831
0.158581
0.143021
0.063358
0.095706
0.177171
0.029747
0.208368
0.200613
0.212375
0.214317
0.212131
0.210306
0.210214
0.218159
0.228361
0.232553
0.203031
0.171112
0.215382
0.193335
0.210864
0.226256
0.230991
0.215613
0.216518
0.212250
0.196637
0.203979
0.210089
0.177837
0.212443
0.212006
0.128515
0.183574
0.198295
0.189511
0.189093
0.172327
0.202585
0.321911
0.113084
0.176527
0.144323
0.153021
0.200309
0.194503
0.212072
0.199428
0.206185
0.299923
0.280544
0.227631
0.218339
0.205373
0.217968
0.205298
0.229713
0.132127
0.221317
0.228678
0.221524
0.208232
0.213399
0.210125
0.222504
0.215382
0.222968
0.195076
0.210779
0.209330
0.206533
0.216776
0.210357
0.208923
0.189136
0.252333
0.198649
0.185542
0.181732
0.205367
0.148651
0.200678
0.209639
0.190111
0.212680
0.147243
0.212743
0.235813
0.196692
0.217457
0.135770
0.287872
0.121761
0.204639
0.220561
0.217136
0.017572
0.031470
0.122235
0.194794
0.294765
0.208885
0.076922
0.171751
0.294901
0.160337
0.219324
0.158113
0.186407
0.114899
0.220035
0.229949
0.200042
0.116370
0.203722
0.201937
0.217660
0.090349
0.257927
0.218659
0.218986
0.391299
0.163347
0.169579
0.207499
0.230231
0.128623
0.222482
0.452487
0.278509
0.384305
0.214054
0.230991
0.166980
0.206893
0.322406
0.250229
0.190252
0.035285
0.312246
0.197460
0.018985
0.096960
0.049493
0.181762
0.208845
0.157523
0.042754
0.042878
0.026437
0.247414
0.247848
0.144714
0.236823
0.277577
0.143397
0.255222
0.231025
0.275001
0.229459
0.207850
0.144719
0.228438
0.203625
0.197976
0.216680
0.212332
0.201503
0.213944
0.055529
0.111007
0.142480
0.144435
0.282634
0.129582
0.209780
0.233974
0.116697
0.080589
0.264999
0.037315
0.010906
0.111103
0.155863
0.180942
0.059417
0.202543
0.150789
0.030136
0.274596
0.095011
0.023327
0.067673
0.084401
0.185264
0.197923
0.229108
0.345933
0.203468
0.076109
0.172253
0.249119
0.347195
0.090867
0.179907
0.274337
0.196093
0.119256
0.282336
0.195931
0.283632
0.083279
0.098644
0.160685
0.237608
0.195754
0.231088
0.201090
0.271660
0.264349
0.240315
0.266287
0.205945
0.191491
0.077706
0.177098
0.195822
0.000000
0.102944
0.189435
0.181667
0.281193
0.301271
0.261667
0.367587
0.365726
0.284647
0.287854
0.210339
0.243884
0.088246
0.141607
0.228525
0.226819
0.151371
0.130239
0.202033
0.173349
0.144340
0.085913
0.342710
0.198474
0.153334
0.155640
0.199468
0.175549
0.057191
0.238012
0.183777
0.128616
0.128938
0.046140
0.042372
0.147596
0.174482
0.255805
0.157910
0.273322
0.053382
0.171766
0.279206
0.206109
0.367539
0.096020
0.268838
0.258127
0.311644
0.184394
0.333878
0.301269
0.161232
0.221830
0.343795
0.334792
0.305532
0.277040
0.395370
0.286231
0.365008
0.205634
0.286159
0.505322
0.321467
0.265494
0.304563
0.395044
0.341919
0.297610
0.120853
0.233916
0.277974
0.442683
0.513104
0.337045
0.267281
0.226259
0.421167
0.353333
0.386100
0.410220
0.307480
0.280773
0.408198
0.439245
0.304194
0.248171
0.099384
0.344632
0.333138
0.324241
0.231620
0.216424
0.247884
0.266172
0.240538
0.214530
0.034105
0.143705
0.056348
0.327069
0.210916
0.237882
0.120834
0.237642
0.028217
0.265357
0.126806
0.240946
0.008679
0.086093
0.214220
0.018504
0.259319
0.200280
0.219283
0.214436
0.195254
0.207897
0.167470
0.216214
0.208548
0.192759
0.014682
0.047965
0.055057
0.046258
0.112261
0.154276
0.248904
0.204138
0.143077
0.177008
0.198190
0.080094
0.246135
0.140361
0.189931
0.247610
0.241872
0.131101
0.138733
0.210850
0.145319
0.239873
0.123947
0.194362
0.194003
0.154169
0.171465
0.054329
0.093276
0.154817
0.368262
0.299425
0.217175
0.191372
0.226418
0.226737
0.181194
0.288472
0.293354
0.288266
0.189346
0.329889
0.146403
0.269455
0.445185
0.403800
0.401331
0.388833
0.288602
0.333343
0.328314
0.230349
0.202835
0.081541
0.195319
0.251527
0.065644
0.288273
0.218544
0.366551
0.236504
0.221227
0.248844
0.213638
0.228515
0.161986
0.218171
0.075591
0.181478
0.205494
0.232538
0.285909
0.136518
0.319815
0.303351
0.157345
0.210518
0.210979
0.180939
0.217888
0.220381
0.198560
0.254397
0.227764
0.213874
0.216408
0.217680
0.216638
0.214378
0.153926
0.264412
0.256994
0.300415
0.276226
0.245411
0.248880
0.258136
0.268416
0.228572
0.233691
0.239006
0.258639
0.212125
0.202532
0.212050
0.102157
0.207979
0.219873
0.198205
0.253572
0.239822
0.250608
0.113207
0.196418
0.201399
0.236038
0.321932
0.184801
0.243061
0.173714
0.114991
0.015245
0.152161
0.231691
0.213136
0.264527
0.248063
0.257254
0.247190
0.255378
0.229821
0.223853
0.138285
0.272510
0.167864
0.112822
0.191973
0.285719
0.303553
0.238299
0.193253
0.232802
0.184072
0.193886
0.218799
0.105255
0.025512
0.168710
0.091416
0.178522
0.220461
0.194890
0.223372
0.234248
0.170678
0.181153
0.220652
0.229090
0.193960
0.180800
0.177161
0.213302
0.125928
0.175972
0.216692
0.203436
0.204227
0.234142
0.216516
0.189089
0.147393
0.176328
0.296790
0.284529
0.231427
0.237887
0.228622
0.225865
0.221778
0.173184
0.204098
0.166815
0.198009
0.229484
0.174151
0.234851
0.237204
0.243237
0.194426
0.210548
0.231968
0.236722
0.288314
0.389349
0.197256
0.236159
0.136701
0.223016
0.287430
0.208648
0.166763
0.206230
0.266778
0.258897
0.241816
0.227145
0.243099
0.252982
0.240621
0.238715
0.246952
0.250648
0.247933
0.238510
0.259115
0.241924
0.228823
0.237004
0.287565
0.224140
0.228322
0.234823
0.198754
0.208697
0.226682
0.219072
0.270697
0.270340
0.293907
0.288385
0.244748
0.249014
0.260510
0.259253
0.251459
0.241827
0.243423
0.230048
0.218510
0.204557
0.213581
0.276624
0.210241
0.209325
0.229864
0.223817
0.222894
0.218514
0.224891
0.239858
0.152405
0.253497
0.269694
0.262010
0.237714
0.226296
0.228899
0.215954
0.222167
0.224621
0.235219
0.243006
0.233524
0.215413
0.240097
0.187070
0.230605
0.202170
0.232123
0.226495
0.227464
0.228726
0.225562
0.227684
0.222400
0.223045
0.233390
0.228457
0.207391
0.188890
0.233882
0.220713
0.202268
0.246304
0.181342
0.219949
0.168321
0.181780
0.204765
0.173942
0.205505
0.212430
0.218406
0.229695
0.228276
0.202261
0.131416
0.214382
0.255788
0.260853
0.271789
0.243001
0.232804
0.227379
0.232134
0.244702
0.230640
0.194434
0.221165
0.141035
0.224174
0.189354
0.241953
0.217174
0.215362
0.222052
0.271046
0.267924
0.256415
0.265733
0.262842
0.229020
0.232130
0.268848
0.264207
0.250445
0.257871
0.235804
0.228770
0.245009
0.145907
0.207162
0.233979
0.201501
0.216494
0.223534
0.221889
0.177248
0.230459
0.239558
0.233043
0.262255
0.283307
0.269592
0.258537
0.259741
0.256802
0.259571
0.236639
0.230193
0.227759
0.231864
0.231433
0.223915
0.242349
0.237025
0.246301
0.236009
0.229697
0.229904
0.217734
0.184945
0.201586
0.209261
0.218475
0.243538
0.274732
0.262053
0.246831
0.239394
0.107162
0.180868
0.233800
0.233777
0.225105
0.225872
0.238508
0.227653
0.228134
0.218038
0.231736
0.227415
0.226871
0.268299
0.211063
0.242915
0.213782
0.222170
0.218258
0.242860
0.224455
0.223078
0.317707
0.237425
0.202885
0.207936
0.198562
0.231050
0.107861
0.182124
0.223360
0.216234
0.207125
0.215412
0.213061
0.224748
0.224057
0.218879
0.209059
0.226196
0.225888
0.220704
0.230415
0.230250
0.240010
0.236422
0.197488
0.223070
0.263804
0.252423
0.242129
0.255309
0.229496
0.243606
0.198733
0.216779
0.235166
0.106483
0.255094
0.254852
0.155537
0.259107
0.234544
0.245034
0.246126
0.202254
0.175929
0.247559
0.241577
0.221904
0.229243
0.242157
0.186788
0.205664
0.234478
0.232978
0.248244
0.218088
0.258293
0.211384
0.238090
0.264732
0.256409
0.246272
0.304163
0.282569
0.256639
0.237069
0.224054
0.255516
0.259052
0.284134
0.245802
0.260145
0.285705
0.219338
0.231296
0.230090
0.277920
0.251126
0.265877
0.275279
0.235038
0.239342
0.245555
0.276700
0.246391
0.221855
0.227411
0.208786
0.231776
0.192076
0.169369
0.232041
0.182905
0.216572
0.251693
0.144443
0.049112
0.193197
0.226290
0.190443
0.256140
0.200625
0.192701
0.278960
0.145606
0.202773
0.240420
0.239614
0.212905
0.243131
0.247965
0.232911
0.241456
0.221321
0.271806
0.196216
0.213076
0.247793
0.188947
0.228484
0.205630
0.201729
0.230731
0.195314
0.237181
0.230059
0.232215
0.222193
0.217427
0.221145
0.219142
0.219751
0.218897
0.228424
0.229302
0.220579
0.244878
0.205263
0.252210
0.242968
0.238526
0.243208
0.221937
0.231231
0.232892
0.233714
0.240200
0.231303
0.254836
0.233824
0.210492
0.211948
0.234876
0.224992
0.224705
0.205668
0.208991
0.237578
0.218774
0.194369
0.199192
0.210521
0.227158
0.216575
0.220028
0.209045
0.226385
0.221265
0.231819
0.263797
0.210686
0.217483
0.240930
0.257070
0.268212
0.246967
0.235009
0.217080
0.155731
0.225607
0.272611
0.188601
0.227855
0.180218
0.218459
0.222073
0.206506
0.209557
0.219602
0.216583
0.200225
0.227079
0.199542
0.217274
0.227437
0.210980
0.274856
0.291343
0.194789
0.212092
0.236704
0.221875
0.203385
0.218570
0.191516
0.217362
0.193451
0.215211
0.216344
0.219190
0.241325
0.212608
0.240829
0.233839
0.222675
0.258707
0.143678
0.136394
0.234848
0.199404
0.124741
0.138318
0.123308
0.090343
0.272045
0.226660
0.236941
0.226962
0.236145
0.181613
0.192066
0.220804
0.267810
0.237098
0.223686
0.150637
0.134634
0.216150
0.232537
0.113952
0.113935
0.097072
0.193381
0.189207
0.220045
0.231853
0.230472
0.299009
0.227024
0.227113
0.241026
0.233607
0.232770
0.226068
0.165391
0.229068
0.192081
0.224864
0.227616
0.224899
0.217789
0.221619
0.224915
0.243608
0.212016
0.213202
0.183572
0.129086
0.199485
0.235315
0.231511
0.230976
0.250572
0.253862
0.245995
0.232129
0.221859
0.236674
0.264776
0.250084
0.237236
0.255152
0.254629
0.236726
0.216325
0.221334
0.221396
0.223825
0.227085
0.225282
0.218682
0.224727
0.222898
0.226901
0.228099
0.247007
0.235353
0.235673
0.207461
0.220922
0.227713
0.207813
0.239997
0.224405
0.219003
0.180984
0.221625
0.217703
0.243198
0.212430
0.243480
0.239725
0.236719
0.226550
0.223872
0.225770
0.219127
0.223537
0.217432
0.218711
0.222967
0.228985
0.218386
0.244374
0.233762
0.243617
0.215340
0.228869
0.211943
0.233041
0.167002
0.180195
0.175244
0.201408
0.227730
0.218458
0.213438
0.220771
0.224018
0.209340
0.237211
0.235712
0.230902
0.232766
0.228424
0.227038
0.211700
0.221095
0.251605
0.225535
0.222891
0.217486
0.224758
0.214027
0.218031
0.222158
0.227431
0.236780
0.247775
0.231568
0.190713
0.187289
0.208438
0.222316
0.228421
0.220860
0.218914
0.209099
0.186934
0.221525
0.237241
0.204947
0.222975
0.145690
0.192891
0.200772
0.158561
0.237557
0.200969
0.233135
0.223056
0.277968
0.225376
0.200741
0.172834
0.201618
0.246845
0.242202
0.223801
0.210999
0.220330
0.235382
0.209695
0.230447
0.225410
0.230656
0.225720
0.222211
0.220532
0.219320
0.199751
0.250215
0.246394
0.244144
0.228775
0.230028
0.235851
0.231530
0.229566
0.233317
0.235252
0.232403
0.233362
0.231480
0.240713
0.202605
0.212311
0.276621
0.221925
0.241975
0.239293
0.229088
0.231794
0.227804
0.237633
0.235040
0.211672
0.203734
0.217541
0.227574
0.255166
0.232787
0.194512
0.203580
0.227628
0.201366
0.215128
0.221488
0.243124
0.249947
0.230294
0.203709
0.228353
0.234868
0.188769
0.239616
0.088150
0.241476
0.252910
0.225319
0.223061
0.175022
0.029918
0.027245
0.162674
0.232858
0.258386
0.233790
0.269978
0.178180
0.239421
0.220670
0.263739
0.236500
0.216890
0.231730
0.237885
0.227486
0.235805
0.223740
0.232423
0.282535
0.228850
0.230266
0.281889
0.280198
0.220659
0.241567
0.228113
0.231638
0.251870
0.235277
0.214397
0.215288
0.219866
0.244045
0.213324
0.217688
0.278192
0.181101
0.147361
0.090455
0.205152
0.178069
0.198066
0.211472
0.226774
0.228406
0.236220
0.253762
0.246801
0.241513
0.236909
0.245142
0.228623
0.216036
0.220858
0.230558
0.183331
0.068248
0.149168
0.179932
0.147808
0.189124
0.198027
0.217234
0.218292
0.201734
0.206992
0.244317
0.100899
0.263615
0.276331
0.221951
0.258947
0.276161
0.213161
0.216305
0.210922
0.105594
0.160709
0.230913
0.243225
0.235036
0.239450
0.238820
0.226568
0.242319
0.239346
0.251021
0.195422
0.267110
0.195599
0.141414
0.078553
0.187383
0.238612
0.218570
0.218468
0.213413
0.215082
0.222446
0.225895
0.246228
0.230220
0.226873
0.191000
0.216982
0.228725
0.227340
0.229217
0.236759
0.223519
0.215753
0.218026
0.224999
0.218243
0.213904
0.219339
0.214342
0.218314
0.226254
0.223962
0.218678
0.230281
0.221117
0.228853
0.221256
0.225143
0.219182
0.224883
0.226377
0.226017
0.225527
0.230181
0.227275
0.231392
0.223888
0.228063
0.232808
0.216797
0.227257
0.223096
0.222072
0.240660
0.245050
0.202699
0.227587
0.241444
0.234700
0.218831
0.222057
0.233316
0.203042
0.218942
0.266138
0.005427
0.221616
0.209976
0.189421
0.205314
0.193299
0.190643
0.201629
0.185695
0.196129
0.235692
0.237952
0.248248
0.255649
0.244133
0.207898
0.215147
0.221422
0.231471
0.282793
0.285391
0.265023
0.266242
0.272410
0.177769
0.228859
0.297852
0.225046
0.242763
0.256654
0.258070
0.267603
0.235173
0.215970
0.234443
0.225244
0.224656
0.230342
0.212424
0.216969
0.221350
0.220150
0.214354
0.233057
0.231452
0.200121
0.169478
0.168676
0.202488
0.204046
0.235524
0.228493
0.222417
0.263605
0.211226
0.093151
0.193225
0.124966
0.236877
0.230145
0.234464
0.237618
0.171482
0.146743
0.099060
0.264427
0.197727
0.172063
0.245304
0.223026
0.200952
0.233804
0.223152
0.285213
0.252271
0.260089
0.175487
0.328270
0.216926
0.189381
0.204645
0.167499
0.261563
0.231202
0.237801
0.213857
0.258618
0.183300
0.206405
0.134373
0.094396
0.186107
0.226261
0.205059
0.220872
0.219994
0.225705
0.068540
0.182476
0.217896
0.224914
0.162517
0.197128
0.215161
0.274580
0.229851
0.235718
0.255691
0.162263
0.212297
0.215371
0.218491
0.224114
0.245667
0.225808
0.209912
0.241078
0.240747
0.214140
0.124286
0.254279
0.231842
0.186009
0.113262
0.126498
0.249171
0.202117
0.221109
0.229405
0.180824
0.196255
0.227702
0.212202
0.198214
0.233697
0.253626
0.232980
0.242847
0.236337
0.194277
0.205187
0.226544
0.141959
0.137780
0.186189
0.135858
0.210961
0.214761
0.171742
0.205004
0.196874
0.233686
0.088264
0.184444
0.237040
0.332210
0.239188
0.232315
0.141851
0.233121
0.241283
0.190609
0.221383
0.205987
0.289435
0.308855
0.183876
0.248699
0.246643
0.217236
0.219031
0.197915
0.224239
0.264194
0.221978
0.197851
0.229478
0.243015
0.222283
0.234368
0.240468
0.248839
0.226401
0.222556
0.073500
0.223728
0.191383
0.237639
0.280366
0.198467
0.277332
0.271435
0.216093
0.249374
0.149401
0.285730
0.168785
0.124161
0.225044
0.257992
0.211788
0.234354
0.205039
0.187083
0.201629
0.224704
0.152543
0.187994
0.228106
0.203972
0.226127
0.220261
0.195126
0.169441
0.215526
0.196784
0.210390
0.214619
0.184528
0.210647
0.193443
0.201154
0.219550
0.210405
0.210308
0.209605
0.217655
0.207166
0.191345
0.243415
0.248528
0.255568
0.254090
0.265292
0.190388
0.422528
0.284234
0.308834
0.230236
0.129284
0.124363
0.142890
0.229860
0.349885
0.143038
0.169550
0.274353
0.217895
0.210570
0.240735
0.209746
0.185063
0.081938
0.210417
0.110961
0.155764
0.340707
0.265514
0.213182
0.189660
0.071132
0.180095
0.265714
0.236866
0.161487
0.183612
0.148597
0.205536
0.221500
0.165402
0.323171
0.096813
0.157890
0.005610
0.242196
0.140691
0.194083
0.175499
0.184205
0.130702
0.352953
0.193913
0.332266
0.248402
0.176485
0.265613
0.226394
0.289824
0.210951
0.280288
0.195285
0.179661
0.144978
0.176310
0.138098
0.237495
0.240819
0.201033
0.172396
0.191416
0.133466
0.259801
0.181534
0.169585
0.194819
0.257015
0.179613
0.147899
0.160573
0.141711
0.187245
0.181855
0.181145
0.223748
0.125614
0.117882
0.168189
0.143873
0.142819
0.175332
0.109670
0.171362
0.247616
0.092859
0.047341
0.189520
0.208160
0.261762
0.204544
0.152452
0.223914
0.215009
0.242336
0.167057
0.201999
0.285691
0.224178
0.180355
0.254089
0.210833
0.184954
0.183403
0.328943
0.189351
0.184741
0.172938
0.158947
0.172656
0.194795
0.227524
0.236900
0.207385
0.214356
0.203110
0.217139
0.216386
0.209482
0.206386
0.195672
0.213586
0.216267
0.217664
0.227425
0.217683
0.216981
0.220006
0.215681
0.214003
0.216615
0.223230
0.224087
0.226722
0.220639
0.218608
0.179127
0.214007
0.215477
0.215559
0.222112
0.228310
0.220049
0.236380
0.222900
0.200417
0.194120
0.208002
0.212933
0.221215
0.217283
0.206852
0.200248
0.203634
0.137963
0.076104
0.023463
0.095642
0.160485
0.146437
0.148151
0.175091
0.180370
0.185593
0.198548
0.209614
0.221150
0.224935
0.227001
0.214961
0.224236
0.201190
0.231023
0.206922
0.223566
0.219606
0.205283
0.210006
0.207134
0.215311
0.217437
0.214467
0.215607
0.211516
0.215905
0.213351
0.218000
0.211290
0.203986
0.212274
0.214530
0.218137
0.216465
0.234340
0.219729
0.220198
0.221216
0.222128
0.217050
0.220203
0.216110
0.218428
0.217474
0.213936
0.205623
0.202987
0.181163
0.191038
0.197918
0.139125
0.174508
0.183967
0.162188
0.183430
0.195959
0.199709
0.204751
0.151532
0.157382
0.196236
0.216477
0.216241
0.208645
0.211132
0.218819
0.203752
0.155219
0.138372
0.144416
0.129549
0.122192
0.178851
0.184697
0.234270
0.178337
0.215761
0.213408
0.216705
0.222068
0.165142
0.219094
0.324647
0.200907
0.220343
0.091797
0.227089
0.234560
0.222877
0.222677
0.218422
0.219422
0.218280
0.216649
0.214142
0.210613
0.214620
0.217542
0.217162
0.216770
0.214582
0.216227
0.206224
0.222386
0.195312
0.220299
0.218574
0.198251
0.213578
0.215323
0.220917
0.211644
0.215484
0.209876
0.219431
0.217752
0.218207
0.211871
0.213134
0.211780
0.213030
0.214598
0.202843
0.200755
0.194926
0.199585
0.208300
0.225391
0.209128
0.205028
0.182780
0.198527
0.187347
0.201217
0.208701
0.210261
0.207932
0.204912
0.199429
0.195246
0.198142
0.202090
0.206687
0.208593
0.204366
0.206601
0.202980
0.208266
0.199437
0.201820
0.196582
0.200865
0.202351
0.202547
0.200729
0.212228
0.205452
0.202362
0.207747
0.207079
0.197955
0.197991
0.223405
0.214519
0.234177
0.221558
0.218941
0.354427
0.246234
0.198466
0.144041
0.187698
0.096143
0.098893
0.176494
0.052774
0.046626
0.070896
0.075530
0.033880
0.081851
0.104681
0.098501
0.166128
0.165853
0.179704
0.182382
0.182646
0.187515
0.171049
0.181302
0.149044
0.119065
0.097560
0.125011
0.141528
0.151451
0.178694
0.150165
0.186095
0.190481
0.147276
0.171588
0.188012
0.164312
0.129936
0.137906
0.117747
0.136335
0.176365
0.148041
0.150329
0.184201
0.149780
0.151009
0.099816
0.092043
0.128707
0.124842
0.101501
0.089919
0.112083
0.192257
0.128028
0.165803
0.063909
0.074827
0.099584
0.104984
0.129957
0.150100
0.149018
0.144272
0.106012
0.141280
0.117958
0.135382
0.125184
0.113689
0.113984
0.101676
0.070509
0.102311
0.063235
0.063917
0.056043
0.073520
0.188131
0.082185
0.087205
0.075335
0.092086
0.061081
0.123553
0.088163
0.109186
0.066683
0.069089
0.074685
0.155874
0.131352
0.143410
0.129904
0.128295
0.071848
0.142553
0.075439
0.124316
0.066370
0.091030
0.095734
0.103767
0.063567
0.075670
0.094268
0.107444
0.087251
0.119258
0.128056
0.100676
0.100801
0.125189
0.126506
0.128451
0.128996
0.118108
0.120384
0.116512
0.117245
0.118771
0.107957
0.114899
0.118643
0.090215
0.108998
0.130446
0.128288
0.116732
0.111408
0.113089
0.110453
0.105024
0.127448
0.140038
0.116214
0.138827
0.135510
0.328849
0.378405
0.177881
0.176910
0.245207
0.137103
0.067789
0.062765
0.079721
0.066513
0.202767
0.070331
0.078426
0.079584
0.155777
0.181479
0.086181
0.088275
0.103040
0.131166
0.133682
0.129063
0.092428
0.083358
0.099223
0.077023
0.072391
0.256108
0.214428
0.254981
0.139569
0.095575
0.081729
0.131630
0.179516
0.206968
0.249778
0.150694
0.229157
0.209330
0.167482
0.051762
0.184117
0.105195
0.204589
0.130650
0.184180
0.110007
0.073376
0.074709
0.078437
0.090147
0.100754
0.144173
0.123632
0.126341
0.122436
0.119799
0.122608
0.103718
0.083910
0.071785
0.071757
0.080117
0.074757
0.095381
0.060749
0.062615
0.108360
0.086094
0.058502
0.111226
0.134091
0.086056
0.062818
0.149731
0.083254
0.103547
0.109684
0.120416
0.118972
0.122600
0.114595
0.118867
0.116392
0.117800
0.115161
0.115886
0.118651
0.117208
0.109009
0.118342
0.114672
0.118857
0.101528
0.148367
0.145416
0.163592
0.139138
0.140281
0.160198
0.216757
0.239043
0.189248
0.130667
0.068531
0.065281
0.124808
0.092630
0.121518
0.108240
0.078239
0.086378
0.063421
0.114718
0.206915
0.154808
0.098962
0.135575
0.133155
0.144645
0.116563
0.106303
0.121072
0.116852
0.094937
0.389105
0.112392
0.060166
0.057356
0.078498
0.155117
0.108046
0.096889
0.134556
0.108401
0.062509
0.087968
0.105559
0.097945
0.125181
0.133957
0.064136
0.204296
0.123535
0.151879
0.075960
0.196487
0.289744
0.118865
0.091746
0.296850
0.246427
0.332849
0.345087
0.135840
0.259461
0.295745
0.232697
0.201205
0.154499
0.292614
0.171186
0.125925
0.085253
0.059975
0.077000
0.057426
0.063854
0.052569
0.075365
0.065164
0.065523
0.081961
0.121554
0.063055
0.166424
0.151826
0.191911
0.168713
0.160663
0.173296
0.114165
0.101478
0.127083
0.109311
0.107112
0.120673
0.123412
0.123392
0.123468
0.118915
0.120395
0.120081
0.118376
0.259111
0.238296
0.091071
0.116418
0.103657
0.115841
0.119394
0.119378
0.118835
0.120840
0.120419
0.119957
0.118125
0.119173
0.105955
0.104797
0.112977
0.368753
0.225719
0.244079
0.196219
0.305326
0.195655
0.116285
0.130438
0.102415
0.110028
0.117359
0.126673
0.125770
0.123145
0.121826
0.118981
0.115420
0.257827
0.254720
0.186308
0.255830
0.133303
0.190968
0.186537
0.174769
0.084876
0.201546
0.234190
0.179856
0.182659
0.127271
0.089865
0.082850
0.080971
0.080872
0.099119
0.087355
0.100843
0.083746
0.080238
0.129424
0.166605
0.089870
0.076238
0.090215
0.080497
0.144989
0.141516
0.173038
0.156892
0.093724
0.070088
0.082378
0.072019
0.087036
0.104093
0.153222
0.140242
0.132676
0.172157
0.080563
0.063482
0.058415
0.124224
0.097553
0.101396
0.056625
0.072223
0.077779
0.094668
0.075614
0.084945
0.095997
0.057748
0.082380
0.081982
0.056609
0.064703
0.055645
0.053361
0.056660
0.059007
0.050876
0.062676
0.076626
0.073756
0.064661
0.053745
0.065298
0.085578
0.068419
0.084897
0.112488
0.127834
0.143974
0.131063
0.097053
0.080670
0.073777
0.082941
0.081490
0.092534
0.091554
0.095965
0.080821
0.044273
0.167283
0.215759
0.156029
0.087918
0.062153
0.108525
0.138607
0.128660
0.092534
0.068808
0.099563
0.087867
0.056047
0.048794
0.074743
0.047237
0.054626
0.082852
0.097068
0.094599
0.092200
0.059325
0.102269
0.073501
0.075964
0.085701
0.058640
0.081796
0.073858
0.079875
0.132270
0.131438
0.085118
0.063898
0.059622
0.067048
0.082882
0.070910
0.077968
0.065184
0.062622
0.056134
0.089194
0.055742
0.068805
0.159157
0.078928
0.043852
0.089168
0.247558
0.681331
1.000000
0.270006
0.083385
0.048841
0.057000
0.097878
0.101870
0.116805
0.108238
0.094600
0.098773
0.084256
0.091961
0.081125
0.113518
0.085654
0.045535
0.048585
0.068711
0.087768
0.091855
0.096156
0.080790
0.032943
0.444538
0.304740
0.032648
0.046424
0.056537
0.089655
0.091369
0.110701
0.130480
0.107624
0.106164
0.128824
0.101921
0.089275
0.074754
0.081078
0.086392
0.067886
0.061114
0.048729
0.049064
0.089266
0.031301
0.033935
0.048073
0.208287
0.098748
0.025596
0.040462
0.089321
0.045216
0.110439
0.082745
0.134832
0.102286
0.070950
0.118882
0.065138
0.076570
0.073473
0.080232
0.145044
0.238281
0.191108
0.061827
0.188759
0.124785
0.161751
0.047954
0.050878
0.044119
0.163254
0.059583
0.098824
0.240686
0.372608
0.377633
0.255038
0.183996
0.212500
0.092126
0.079785
0.083348
0.137879
0.073101
0.158076
0.257866
0.092230
0.089617
0.095168
0.100854
0.102279
0.106408
0.113870
0.160577
0.133935
0.128273
0.127163
0.126372
0.121473
0.093256
0.105358
0.089030
0.090365
0.115791
0.114000
0.116468
0.121685
0.131277
0.123041
0.122343
0.125255
0.122994
0.110001
0.121016
0.118351
0.125308
0.126368
0.123665
0.122595
0.125895
0.124902
0.124659
0.125887
0.122318
0.093951
0.141909
0.102618
0.105024
0.093723
0.119653
0.127223
0.126754
0.122628
0.123024
0.126130
0.117611
0.116745
0.112126
0.117742
0.116733
0.120287
0.121918
0.120364
0.123151
0.120831
0.125301
0.120867
0.119044
0.119906
0.096790
0.116659
0.180484
0.207691
0.185451
0.155446
0.098041
0.121198
0.121700
0.116631
0.113604
0.108120
0.116169
0.111035
0.119329
0.118278
0.126623
0.122262
0.118308
0.120158
0.122648
0.122824
0.124967
0.122266
0.121429
0.120009
0.119297
0.118943
0.106341
0.117924
0.120532
0.118771
0.119017
0.120004
0.120009
0.121906
0.121702
0.121741
0.121165
0.122235
0.121592
0.121580
0.120529
0.118864
0.111783
0.113111
0.211458
0.165604
0.265783
0.238131
0.172286
0.223554
0.261715
0.189575
0.105022
0.094049
0.113820
0.094063
0.105565
0.131191
0.220435
0.229020
0.289421
0.128977
0.103169
0.099798
0.105718
0.097016
0.101564
0.105971
0.104726
0.120015
0.121600
0.126405
0.121034
0.116025
0.113222
0.118556
0.118326
0.119088
0.114478
0.110095
0.109566
0.102354
0.111090
0.110461
0.127229
0.203404
0.189479
0.236469
0.273814
0.170549
0.360680
0.219931
0.166243
0.142956
0.109406
0.411981
0.542712
0.553029
0.408953
0.075526
0.051190
0.070545
0.091189
0.043090
0.044122
0.058561
0.141240
0.051416
0.113753
0.072357
0.079489
0.051721
0.054409
0.075578
0.055694
0.043133
0.062242
0.046423
0.046976
0.052712
0.094196
0.134226
0.095979
0.043822
0.087148
0.075090
0.071212
0.167497
0.099048
0.040708
0.046072
0.041835
0.039515
0.052006
0.067241
0.070641
0.033776
0.119209
0.114588
0.164371
0.070214
0.024460
0.056319
0.072724
0.086945
0.049943
0.027255
0.057510
0.041240
0.046425
0.112311
0.508459
0.445604
0.081875
0.096288
0.022218
0.013299
0.082933
0.006000
0.146599
0.197667
0.109781
0.112144
0.159208
0.089504
0.104486
0.096008
0.141704
0.203595
0.189740
0.172112
0.158568
0.111229
0.102363
0.178516
0.030309
0.012504
0.089855
0.232017
0.169133
0.054274
0.055262
0.143179
0.049286
0.028633
0.033196
0.144490
0.166848
0.041226
0.081827
0.078973
0.121251
0.107525
0.138493
0.142737
0.225332
0.138713
0.149619
0.091273
0.582610
0.718007
0.477839
0.611042
0.780546
0.747498
0.779610
0.452497
0.044663
0.035726
0.139412
0.197648
0.096769
0.048109
0.640241
0.758202
0.502838
0.441486
0.037145
0.104136
0.130123
0.045764
0.183356
0.050957
0.237341
0.368465
0.209400
0.055707
0.202733
0.227608
0.065826
0.109909
0.035901
0.219975
0.334767
0.070000
0.200140
0.162365
0.146786
0.064460
0.204778
0.146961
0.056073
0.056951
0.036633
0.111021
0.181129
0.227315
0.164637
0.211236
0.017864
0.166053
0.131208
0.065766
0.135829
0.286853
0.071413
0.023767
0.252012
0.047808
0.129923
0.234994
0.192928
0.079180
0.055874
0.045181
0.115110
0.198762
0.214957
0.139487
0.192059
0.203888
0.203577
0.183674
0.214185
0.199672
0.240065
0.245513
0.215246
0.236992
0.255394
0.256542
0.156147
0.219146
0.203253
0.223437
0.223717
0.124287
0.151383
0.110317
0.115397
0.015323
0.017554
0.086254
0.118456
0.164547
0.205680
0.198116
0.221223
0.209072
0.249592
0.257804
0.254698
0.256671
0.219818
0.213341
0.240555
0.254798
0.247362
0.258841
0.251737
0.269728
0.227538
0.232501
0.189060
0.188159
0.237139
0.210442
0.233944
0.216726
0.230740
0.242575
0.277551
0.196393
0.211546
0.242909
0.227291
0.228466
0.236549
0.263606
0.241480
0.171414
0.271161
0.245751
0.183813
0.134656
0.131132
0.165688
0.244800
0.214245
0.228479
0.296095
0.137673
0.188087
0.165321
0.174846
0.222231
0.267299
0.254608
0.267726
0.191737
0.230885
0.244729
0.217877
0.232611
0.325849
0.244890
0.251764
0.234718
0.261488
0.256445
0.268377
0.162749
0.254939
0.259201
0.275342
0.266214
0.280263
0.242567
0.266619
0.215830
0.250092
0.281593
0.241376
0.249038
0.193582
0.229716
0.263055
0.261269
0.256194
0.268135
0.263972
0.280773
0.279678
0.262471
0.239258
0.236188
0.242967
0.254794
0.252575
0.298760
0.284510
0.245357
0.264312
0.266948
0.281381
0.247051
0.239647
0.255075
0.270636
0.277910
0.278871
0.288024
0.241597
0.239052
0.274032
0.275337
0.281710
0.265378
0.252038
0.226940
0.239936
0.263034
0.246228
0.248865
0.264812
0.249643
0.226818
0.257982
0.273903
0.274636
0.262236
0.232397
0.202878
0.227985
0.233512
0.298442
0.211632
0.246311
0.261292
0.255752
0.365304
0.315053
0.297152
0.252498
0.256718
0.195750
0.249025
0.250122
0.260518
0.194844
0.224791
0.286794
0.268810
0.249327
0.282540
0.249222
0.256593
0.251112
0.245055
0.266615
0.233081
0.233062
0.229771
0.259626
0.292992
0.315898
0.256940
0.265375
0.276687
0.276258
0.279365
0.282936
0.289428
0.289437
0.285056
0.248001
0.240029
0.281203
0.274052
0.241068
0.230502
0.253498
0.290021
0.223900
0.222449
0.200527
0.221888
0.228146
0.221330
0.233558
0.163364
0.184299
0.205037
0.223950
0.270572
0.252331
0.268649
0.268204
0.281179
0.268065
0.270503
0.264442
0.234813
0.270690
0.278697
0.276070
0.300186
0.229421
0.291095
0.263140
0.255437
0.254980
0.293601
0.294210
0.256123
0.271597
0.251744
0.277885
0.277949
0.282950
0.269815
0.273277
0.241518
0.270835
0.267841
0.239425
0.248605
0.281716
0.273972
0.257619
0.281140
0.266523
0.263712
0.279585
0.275865
0.288601
0.273404
0.219437
0.245689
0.250434
0.291980
0.275824
0.263895
0.268267
0.276667
0.263951
0.275377
0.266834
0.264764
0.283645
0.296449
0.295933
0.296259
0.291226
0.272122
0.252671
0.233973
0.227959
0.214491
0.215961
0.235171
0.232418
0.240346
0.242024
0.232528
0.233255
0.230576
0.241323
0.253983
0.229750
0.225682
0.236234
0.231244
0.226542
0.236405
0.246195
0.228006
0.191564
0.213970
0.232585
0.216092
0.227282
0.184000
0.195413
0.206677
0.234516
0.231525
0.237638
0.207959
0.214310
0.210706
0.220583
0.210528
0.215891
0.204318
0.222152
0.223538
0.235718
0.211352
0.221444
0.220402
0.145983
0.122744
0.225886
0.111307
0.143997
0.231507
0.244030
0.155429
0.223709
0.215078
0.211603
0.178249
0.183432
0.191237
0.150558
0.231854
0.210380
0.185078
0.230653
0.208287
0.225464
0.277106
0.270244
0.257660
0.199670
0.256362
0.230138
0.221300
0.240279
0.198359
0.265938
0.204243
0.255527
0.169391
0.236993
0.250932
0.218295
0.253691
0.201379
0.206024
0.245678
0.246856
0.218793
0.184310
0.252814
0.293790
0.266921
0.250263
0.194486
0.210273
0.133921
0.184834
0.142601
0.177730
0.137884
0.245015
0.282481
0.255566
0.279367
0.272353
0.268045
0.260379
0.267778
0.248779
0.255826
0.229868
0.220392
0.196322
0.245051
0.253957
0.241176
0.231823
0.229324
0.190721
0.208274
0.133272
0.173545
0.132483
0.156488
0.164274
0.073382
0.129842
0.156910
0.108001
0.062676
0.174176
0.221840
0.213586
0.082540
0.149041
0.175299
0.116188
0.151608
0.203000
0.096480
0.161741
0.076327
0.137123
0.176429
0.166712
0.169352
0.176265
0.239404
0.145957
0.209359
0.188919
0.156480
0.241073
0.233181
0.267084
0.177033
0.066487
0.108947
0.192151
0.195858
0.176235
0.231542
0.190701
0.215874
0.234153
0.185427
0.196757
0.237153
0.240503
0.257850
0.235717
0.224845
0.239402
0.227258
0.229556
0.194745
0.270979
0.234887
0.229808
0.252711
0.249875
0.223579
0.199842
0.222168
0.251322
0.234010
0.247622
0.221731
0.219382
0.218690
0.171773
0.230273
0.143885
0.212948
0.161788
0.172112
0.235328
0.217795
0.214618
0.217547
0.234266
0.181724
0.214902
0.159573
0.206078
0.128720
0.156279
0.181239
0.191281
0.191225
0.154932
0.144383
0.139007
0.150342
0.165016
0.136281
0.197190
0.206584
0.227364
0.259402
0.261543
0.184864
0.220823
0.223209
0.210490
0.243077
0.240977
0.236435
0.227748
0.190160
0.244828
0.259074
0.248405
0.212335
0.181688
0.216961
0.238860
0.223140
0.206293
0.171461
0.175925
0.197233
0.226535
0.247918
0.142422
0.261381
0.219155
0.203621
0.170964
0.237741
0.206701
0.196503
0.255486
0.212172
0.188714
0.266526
0.208286
0.203774
0.256940
0.261111
0.262101
0.243703
0.248176
0.252480
0.258414
0.253225
0.114210
0.221566
0.221242
0.195752
0.134776
0.102759
0.207502
0.204668
0.254705
0.252681
0.277155
0.271863
0.275433
0.263030
0.271175
0.273776
0.226378
0.246233
0.258189
0.260301
0.245544
0.262904
0.232673
0.191238
0.177049
0.271688
0.217903
0.235190
0.201063
0.160250
0.228442
0.201142
0.134255
0.227443
0.102062
0.232058
0.097899
0.118428
0.118722
0.085907
0.205649
0.180456
0.032271
0.189275
0.115125
0.169350
0.225518
0.032284
0.085799
0.131803
0.201957
0.170686
0.065175
0.170236
0.123201
0.215385
0.224943
0.227959
0.243445
0.153665
0.100964
0.201469
0.239291
0.058160
0.065527
0.055516
0.137050
0.065640
0.157599
0.082266
0.045989
0.132630
0.121728
0.073430
0.250449
0.135638
0.230768
0.213952
0.114052
0.113506
0.146558
0.074021
0.091329
0.088520
0.102462
0.113741
0.088818
0.164627
0.132194
0.190532
0.217589
0.199063
0.206092
0.254113
0.175625
0.289235
0.151820
0.144203
0.273732
0.162141
0.217674
0.236035
0.117866
0.131464
0.129599
0.193913
0.196847
0.259948
0.173442
0.204418
0.201141
0.172396
0.266447
0.303543
0.289265
0.105727
0.176805
0.201974
0.210074
0.209279
0.251458
0.291610
0.182852
0.267193
0.259593
0.273124
0.262070
0.234164
0.245501
0.271053
0.207608
0.202015
0.203184
0.288309
0.346480
0.211899
0.224103
0.208521
0.260926
0.346358
0.301785
0.261485
0.263487
0.273769
0.227121
0.279841
0.281120
0.116362
0.259695
0.272188
0.215809
0.260078
0.135227
0.141958
0.184473
0.176460
0.249649
0.246515
0.235123
0.290905
0.247442
0.236036
0.264750
0.211279
0.144374
0.195074
0.240857
0.264478
0.301965
0.305049
0.229156
0.221248
0.252200
0.176725
0.212744
0.264352
0.226853
0.222902
0.278608
0.189742
0.246765
0.272104
0.155629
0.252060
0.247192
0.284161
0.222364
0.213520
0.206258
0.224464
0.257035
0.242666
0.256373
0.220772
0.221255
0.270839
0.226667
0.229385
0.214451
0.245447
0.222777
0.280877
0.295865
0.303194
0.283851
0.225932
0.216259
0.224792
0.206797
0.285737
0.259276
0.260577
0.230949
0.281636
0.281554
0.306610
0.276445
0.246011
0.216345
0.228053
0.215096
0.275886
0.248146
0.263865
0.181996
0.234056
0.273116
0.273689
0.139511
0.208131
0.220971
0.179145
0.201059
0.178687
0.194154
0.187807
0.254436
0.266109
0.259065
0.262597
0.281829
0.131519
0.138136
0.114784
0.235581
0.179069
0.266379
0.110002
0.177067
0.314498
0.473214
0.132372
0.214781
0.273036
0.312575
0.266874
0.163440
0.275629
0.412901
0.305463
0.221827
0.287702
0.302734
0.191076
0.208271
0.255937
0.157988
0.230551
0.151769
0.229305
0.258224
0.264721
0.104374
0.126746
0.212196
0.214059
0.174907
0.205585
0.284434
0.304467
0.317353
0.315885
0.331460
0.245233
0.317281
0.283032
0.242843
0.077125
0.194759
0.270594
0.182912
0.152676
0.222275
0.236821
0.229652
0.121049
0.184336
0.095872
0.117712
0.153174
0.061594
0.054656
0.044104
0.064322
0.097111
0.150932
0.038637
0.065178
0.164991
0.114383
0.072450
0.114038
0.055183
0.068841
0.065175
0.055544
0.037843
0.025246
0.045074
0.060559
0.063025
0.022874
0.072753
0.096170
0.076309
0.034680
0.188586
0.191327
0.399393
0.090557
0.114899
0.132144
0.150114
0.051761
0.046218
0.142429
0.051049
0.372001
0.241547
0.045539
0.040896
0.113940
0.066926
0.071441
0.088530
0.089215
0.156853
0.111124
0.119420
0.043072
0.004233
0.023613
0.087378
0.108957
0.114348
0.145808
0.113448
0.149498
0.146369
0.012614
0.021181
0.041720
0.053724
0.024622
0.101380
0.128445
0.159706
0.122000
0.142653
0.169372
0.246376
0.266043
0.215384
0.203593
0.272802
0.248164
0.191305
0.173606
0.135314
0.169076
0.138288
0.054787
0.121336
0.091761
0.046794
0.028010
0.048566
0.046308
0.033119
0.044068
0.016508
0.078121
0.010504
0.007677
0.004988
0.042313
0.041237
0.021341
0.015715
0.017464
0.094275
0.019174
0.059786
0.024085
0.066574
0.092227
0.094671
0.047676
0.013430
0.009179
0.011153
0.008236
0.115721
0.129968
0.139918
0.302446
0.214828
0.258108
0.351425
0.286097
0.190687
0.194627
0.103473
0.126740
0.188186
0.085792
0.132672
0.080702
0.094160
0.109952
0.059934
0.118855
0.094147
0.169047
0.144441
0.058723
0.023820
0.112808
0.114724
0.161062
0.221625
0.179808
0.187963
0.181023
0.120743
0.046998
0.122330
0.153534
0.171369
0.174953
0.145925
0.111925
0.107026
0.063767
0.127542
0.115867
0.121287
0.115630
0.116591
0.056687
0.059496
0.059317
0.038222
0.019289
0.061538
0.049938
0.038867
0.188968
0.146399
0.193845
0.114417
0.112697
0.083915
0.111925
0.033342
0.118666
0.128036
0.143412
0.048642
0.035845
0.029981
0.042594
0.039880
0.106462
0.157932
0.093558
0.079364
0.115183
0.115279
0.090271
0.086526
0.168939
0.197743
0.221531
0.197587
0.158226
0.142991
0.132564
0.103376
0.046751
0.074183
0.155339
0.154439
0.114961
0.222350
0.163841
0.157252
0.110767
0.025417
0.121686
0.195748
0.088213
0.140494
0.215028
0.143200
0.190247
0.157023
0.182157
0.204364
0.200788
0.190864
0.197227
0.189891
0.194905
0.180124
0.182637
0.174315
0.186016
0.185887
0.187783
0.184225
0.155889
0.140202
0.161744
0.150002
0.072871
0.098798
0.061136
0.029552
0.048894
0.133472
0.036925
0.041240
0.038937
0.035132
0.077890
0.099468
0.206654
0.068323
0.106464
0.034886
0.122303
0.119143
0.157991
0.091791
0.127231
0.067992
0.069769
0.096426
0.055888
0.196686
0.208556
0.207747
0.182286
0.192379
0.187318
0.178492
0.188678
0.167230
0.169667
0.135133
0.165697
0.155815
0.177623
0.170000
0.190086
0.164567
0.182139
0.161366
0.175041
0.176140
0.128757
0.181655
0.167919
0.157517
0.186947
0.152068
0.176698
0.196861
0.178915
0.177853
0.154323
0.235961
0.163697
0.106382
0.142104
0.059243
0.054014
0.099847
0.171280
0.181036
0.233898
0.169161
0.119256
0.289946
0.158183
0.198693
0.142581
0.307028
0.205370
0.296204
0.241968
0.274629
0.262459
0.150872
0.040621
0.170741
0.076645
0.049877
0.070066
0.213533
0.194987
0.203031
0.192487
0.141186
0.182873
0.156058
0.094858
0.044702
0.043995
0.131670
0.072292
0.040802
0.114855
0.212396
0.190415
0.169111
0.011244
0.027231
0.030509
0.009367
0.092988
0.146116
0.114791
0.003871
0.137747
0.090601
0.256369
0.177329
0.242428
0.066770
0.192847
0.182517
0.238418
0.207854
0.210105
0.166550
0.177207
0.170201
0.164712
0.158616
0.119077
0.135655
0.061050
0.145244
0.080834
0.156115
0.084413
0.107603
0.126910
0.145613
0.115984
0.142623
0.093428
0.150651
0.155524
0.131821
0.152925
0.069959
0.093868
0.155177
0.169668
0.103941
0.057558
0.121590
0.124902
0.129608
0.139811
0.098643
0.124041
0.129032
0.121204
0.155808
0.129119
0.165513
0.155288
0.156092
0.174556
0.174073
0.139186
0.116579
0.111702
0.135424
0.135858
0.104865
0.111626
0.058483
0.109241
0.081604
0.142618
0.151207
0.096182
0.056967
0.102229
0.066647
0.051207
0.072770
0.057460
0.208162
0.073325
0.052913
0.048553
0.103839
0.067705
0.053725
0.066924
0.109822
0.055247
0.116946
0.122820
0.125686
0.138345
0.144236
0.158889
0.159945
0.166792
0.161080
0.138213
0.086266
0.064392
0.132172
0.106844
0.081827
0.074076
0.074934
0.050585
0.061191
0.072444
0.124931
0.189241
0.075299
0.061110
0.095318
0.144961
0.126905
0.060579
0.095859
0.062495
0.111439
0.070236
0.072667
0.114952
0.074333
0.069580
0.100359
0.065709
0.060363
0.184826
0.325668
0.225547
0.121475
0.199197
0.137832
0.099605
0.102538
0.137273
0.132767
0.134670
0.116514
0.045689
0.125601
0.037843
0.016002
0.094594
0.112320
0.062849
0.094799
0.034919
0.025162
0.094210
0.071654
0.076143
0.053791
0.055131
0.034217
0.069245
0.062840
0.089897
0.093887
0.089835
0.076293
0.038446
0.128317
0.182647
0.142679
0.107021
0.122250
0.106850
0.060000
0.057050
0.069254
0.115513
0.130119
0.125302
0.145664
0.194156
0.160710
0.186863
0.133365
0.195592
0.248875
0.206030
0.179079
0.194951
0.237444
0.155792
0.160335
0.157910
0.150322
0.166609
0.201350
0.195831
0.221542
0.153911
0.149856
0.133849
0.096727
0.143994
0.177904
0.212537
0.225238
0.205677
0.184085
0.222242
0.231607
0.205605
0.208846
0.126059
0.151357
0.122038
0.169807
0.119639
0.179654
0.215532
0.170294
0.111219
0.152632
0.176710
0.176952
0.168555
0.153091
0.166697
0.175397
0.181826
0.129218
0.161613
0.023775
0.031470
0.093687
0.112810
0.111953
0.156071
0.118485
0.125366
0.079869
0.066130
0.068043
0.053036
0.075270
0.141104
0.031618
0.080920
0.122574
0.065263
0.181358
0.131448
0.068652
0.121705
0.073266
0.109421
0.037005
0.076149
0.046235
0.040355
0.072084
0.077017
0.117973
0.066980
0.070905
0.125975
0.085148
0.035255
0.075334
0.039234
0.045001
0.053995
0.043336
0.033183
0.077529
0.094669
0.172502
0.154206
0.030803
0.040006
0.153245
0.062899
0.161466
0.048551
0.085869
0.058883
0.162002
0.047478
0.041302
0.166506
0.081836
0.183627
0.055192
0.065928
0.094835
0.137076
0.062992
0.058149
0.088274
0.067398
0.105466
0.072229
0.146205
0.123395
0.090747
0.182398
0.170176
0.183125
0.212664
0.124436
0.074222
0.060195
0.067581
0.065115
0.058664
0.065057
0.062230
0.069710
0.052272
0.110351
0.092464
0.089887
0.100706
0.100252
0.057592
0.100135
0.136185
0.072660
0.159413
0.198753
0.105266
0.040243
0.047550
0.082927
0.094313
0.079471
0.096196
0.064374
0.060697
0.046548
0.053617
0.053907
0.047688
0.056954
0.106530
0.169923
0.076774
0.081880
0.049212
0.039674
0.064603
0.063586
0.103717
0.084677
0.104975
0.049443
0.053774
0.053094
0.059693
0.097388
0.118009
0.079852
0.080443
0.056357
0.051330
0.064511
0.070405
0.057620
0.113450
0.088576
0.098259
0.141817
0.133152
0.151632
0.133261
0.142383
0.160061
0.137550
0.074212
0.064598
0.115850
0.170823
0.167314
0.164511
0.120642
0.114814
0.088310
0.048185
0.042958
0.041682
0.026628
0.052409
0.111660
0.129939
0.104347
0.038100
0.049450
0.051349
0.038634
0.042173
0.060066
0.077751
0.030402
0.029708
0.049467
0.033122
0.146855
0.101846
0.079437
0.106143
0.091752
0.027391
0.069460
0.033636
0.083377
0.088362
0.134745
0.137481
0.062912
0.116189
0.116872
0.154184
0.165708
0.027267
0.232694
0.189378
0.138250
0.210542
0.185800
0.183943
0.246677
0.171358
0.198971
0.188024
0.243553
0.142239
0.162932
0.224999
0.185113
0.181852
0.221092
0.176812
0.073940
0.085883
0.097807
0.094715
0.056530
0.083749
0.043177
0.038234
0.053411
0.062256
0.200004
0.274740
0.177469
0.166535
0.168416
0.125904
0.038094
0.062331
0.056076
0.109053
0.195086
0.256302
0.183681
0.082484
0.026385
0.034201
0.030518
0.122905
0.054384
0.051757
0.098885
0.062218
0.054529
0.041068
0.090041
0.078379
0.076610
0.035437
0.053250
0.032405
0.105706
0.121177
0.043579
0.038350
0.040283
0.046471
0.080239
0.039807
0.079259
0.029558
0.057305
0.042400
0.165341
0.028810
0.204379
0.193664
0.172404
0.021891
0.051546
0.049656
0.118693
0.146107
0.173341
0.180779
0.193549
0.092219
0.060737
0.058900
0.092150
0.147191
0.070859
0.061311
0.118793
0.553735
0.191374
0.228276
0.264182
0.234104
0.251695
0.183669
0.397722
0.122278
0.037667
0.148688
0.159461
0.252022
0.295394
0.194593
0.217884
0.180858
0.327881
0.382855
0.227955
0.138826
0.186785
0.080880
0.130809
0.104997
0.241635
0.105276
0.090969
0.314946
0.218108
0.264472
0.203373
0.262944
0.282123
0.171628
0.021124
0.062139
0.082167
0.169261
0.149245
0.108581
0.019272
0.090385
0.023317
0.137910
0.101390
0.019497
0.295093
0.393554
0.103632
0.155192
0.102169
0.085144
0.144942
0.027777
0.130473
0.317655
0.205146
0.161317
0.138544
0.143541
0.252719
0.209779
0.132881
0.080115
0.220274
0.193290
0.069904
0.452114
0.147620
0.316710
0.119769
0.042101
0.057935
0.249277
0.198756
0.434070
0.281681
0.092814
0.186528
0.303669
0.443405
0.113689
0.018645
0.084307
0.165981
0.182078
0.309753
0.307761
0.107967
0.265202
0.029599
0.344432
0.283035
0.328420
0.238540
0.247721
0.263693
0.255276
0.028912
0.183526
0.068557
0.022795
0.216748
0.384614
0.309459
0.215501
0.244427
0.128868
0.058687
0.309259
0.144923
0.361100
0.079077
0.118607
0.103652
0.026813
0.032986
0.407213
0.336737
0.204091
0.250262
0.222677
0.160785
0.229649
0.192029
0.033793
0.072845
0.039978
0.153431
0.055081
0.036940
0.434534
0.045236
0.165211
0.002498
0.037198
0.159259
0.116581
0.088280
0.124145
0.165605
0.161635
0.266624
0.304675
0.130006
0.038856
0.141260
0.191397
0.177944
0.156057
0.296664
0.214641
0.239849
0.292094
0.178034
0.171786
0.154936
0.035626
0.138418
0.056660
0.225670
0.186741
0.200130
0.148794
0.259247
0.232222
0.151110
0.162058
0.057126
0.028053
0.123818
0.112917
0.063793
0.117628
0.183883
0.162838
0.125231
0.020642
0.108594
0.075705
0.151765
0.153988
0.275579
0.142173
0.136055
0.089229
0.206466
0.265623
0.301977
0.212200
0.312649
0.096954
0.213800
0.196549
0.206174
0.249176
0.198955
0.227527
0.197461
0.216876
0.023806
0.111072
0.120205
0.445309
0.407835
0.265379
0.009522
0.219230
0.264436
0.251075
0.185385
0.147287
0.331332
0.061548
0.132950
0.140457
0.141208
0.110223
0.086421
0.210361
0.055140
0.064648
0.224668
0.267628
0.244619
0.010720
0.084152
0.264624
0.181851
0.210761
0.160356
0.194957
0.117691
0.074040
0.060730
0.015885
0.305829
0.158398
0.213235
0.302790
0.213124
0.335590
0.337367
0.190147
0.279683
0.236819
0.286790
0.331595
0.312112
0.221613
0.181812
0.277467
0.020437
0.051004
0.130779
0.018818
0.166685
0.063700
0.190427
0.252526
0.170456
0.198536
0.081946
0.214274
0.179684
0.270667
0.300218
0.286457
0.386528
0.164371
0.370519
0.279049
0.016785
0.194162
0.266549
0.279410
0.253670
0.102050
0.252220
0.304414
0.240212
0.163019
0.041987
0.114027
0.166096
0.149811
0.130043
0.128586
0.234837
0.065417
0.018243
0.070778
0.117613
0.026819
0.261427
0.171047
0.151015
0.145602
0.026448
0.163486
0.154393
0.167670
0.286710
0.196037
0.200649
0.107126
0.078243
0.028954
0.131175
0.129024
0.213819
0.011827
0.059274
0.173307
0.085513
0.092987
0.063863
0.042887
0.151189
0.179999
0.152927
0.202774
0.320471
0.677145
0.453247
0.085104
0.257939
0.283583
0.257926
0.237836
0.121939
0.171671
0.121377
0.155230
0.145479
0.220097
0.296803
0.175914
0.331455
0.121534
0.151031
0.046706
0.110049
0.150881
0.236317
0.054674
0.035535
0.058747
0.137309
0.041577
0.110099
0.056006
0.217022
0.062297
0.032555
0.082592
0.093054
0.065874
0.064931
0.027292
0.124544
0.094293
0.213578
0.210521
0.078329
0.276295
0.251429
0.214408
0.164295
0.191185
0.094421
0.151622
0.279884
0.196136
0.011728
0.145127
0.072802
0.043738
0.068766
0.329057
0.289423
0.436285
0.370767
0.280463
0.318610
0.210903
0.137213
0.214426
0.153100
0.165368
0.208598
0.200651
0.045085
0.261395
0.139181
0.149065
0.046451
0.012657
0.071809
0.070836
0.202547
0.125833
0.161834
0.174457
0.119329
0.164328
0.150599
0.186929
0.019134
0.179156
0.058397
0.100527
0.096575
0.182705
0.302760
0.236691
0.262488
0.263580
0.222239
0.340832
0.253320
0.031157
0.254430
0.151154
0.337124
0.233067
0.192488
0.076573
0.140952
0.115954
0.205840
0.158400
0.130820
0.070598
0.070528
0.185621
0.188729
0.269368
0.095177
0.195047
0.219474
0.185111
0.199949
0.177780
0.154264
0.191958
0.034963
0.096414
0.081439
0.157131
0.157572
0.051125
0.142240
0.213126
0.114135
0.152685
0.193677
0.150350
0.236993
0.174682
0.176488
0.036273
0.154303
0.214647
0.161627
0.141040
0.199023
0.145277
0.150557
0.128209
0.144107
0.087402
0.175313
0.127962
0.119466
0.084381
0.078297
0.138022
0.134799
0.116051
0.136438
0.131575
0.100210
0.077719
0.093231
0.108561
0.113789
0.142912
0.147578
0.147021
0.153038
0.188465
0.191864
0.153534
0.162993
0.084896
0.048939
0.050616
0.084772
0.056235
0.117620
0.090765
0.064492
0.174126
0.040062
0.076247
0.074496
0.084340
0.051097
0.057361
0.135820
0.072798
0.077492
0.063282
0.073506
0.071459
0.162506
0.092554
0.070122
0.125608
0.077614
0.069996
0.213950
0.075761
0.057843
0.051825
0.109198
0.117199
0.085265
0.120579
0.069933
0.059345
0.131091
0.109923
0.114836
0.078641
0.096296
0.088630
0.235862
0.169039
0.103309
0.093798
0.073140
0.130535
0.136247
0.154772
0.131904
0.078755
0.150588
0.120455
0.097905
0.131979
0.091744
0.089675
0.079665
0.084926
0.150652
0.130103
0.132855
0.146648
0.135063
0.130749
0.139081
0.140675
0.132193
0.136928
0.125267
0.129332
0.133737
0.137853
0.120057
0.128654
0.133338
0.135719
0.130153
0.100274
0.098731
0.133310
0.141223
0.139487
0.134437
0.125999
0.133485
0.129452
0.128594
0.138223
0.127245
0.136220
0.144911
0.140293
0.126616
0.125637
0.129736
0.129217
0.129464
0.141354
0.122783
0.130549
0.150922
0.144506
0.119293
0.103082
0.102299
0.135489
0.107148
0.128392
0.109661
0.124109
0.142318
0.132343
0.129972
0.142112
0.099197
0.127243
0.143982
0.128453
0.116996
0.117588
0.140606
0.141581
0.121592
0.133936
0.118342
0.142267
0.123010
0.107827
0.109075
0.131356
0.139327
0.104756
0.116160
0.140451
0.134290
0.115484
0.130940
0.134342
0.132971
0.128581
0.139383
0.136738
0.134532
0.137883
0.142005
0.139769
0.137950
0.136016
0.130705
0.136077
0.141034
0.132662
0.138016
0.130851
0.133717
0.122907
0.137359
0.132887
0.131960
0.128134
0.123982
0.137708
0.139991
0.136604
0.129523
0.137849
0.140860
0.144812
0.134505
0.134033
0.128547
0.135590
0.138872
0.131472
0.125442
0.124786
0.130543
0.103721
0.134741
0.136280
0.133641
0.121691
0.134885
0.133823
0.143201
0.124924
0.132225
0.130526
0.134906
0.136393
0.119564
0.120952
0.121683
0.096605
0.127218
0.131818
0.141689
0.129529
0.121747
0.102116
0.101618
0.097647
0.128543
0.109913
0.138137
0.083585
0.143676
0.102675
0.113728
0.102968
0.115329
0.136405
0.075340
0.076937
0.142989
0.113870
0.101001
0.089615
0.086263
0.085736
0.091671
0.103350
0.096477
0.067648
0.075469
0.065828
0.090542
0.084784
0.110588
0.105900
0.121946
0.087983
0.099138
0.115727
0.119760
0.137245
0.117631
0.158724
0.068227
0.076342
0.067880
0.096033
0.092667
0.092022
0.092905
0.089033
0.079746
0.118887
0.115169
0.102525
0.138299
0.099498
0.096488
0.104259
0.085424
0.084266
0.066726
0.089387
0.084404
0.100844
0.085351
0.100809
0.065068
0.113011
0.063724
0.075670
0.074452
0.084418
0.094610
0.126066
0.070048
0.088939
0.066368
0.069718
0.079866
0.118964
0.067394
0.070152
0.204845
0.112802
0.192190
0.143698
0.128745
0.143116
0.127429
0.090229
0.104812
0.098769
0.101912
0.124425
0.072625
0.112458
0.129074
0.103890
0.107126
0.093146
0.104515
0.116741
0.118612
0.181471
0.155788
0.111169
0.135959
0.122310
0.091435
0.094618
0.091093
0.104419
0.104713
0.114461
0.103127
0.102087
0.100871
0.103308
0.106016
0.123979
0.112018
0.124855
0.120620
0.131381
0.131334
0.096321
0.118939
0.135625
0.100950
0.109398
0.108842
0.102117
0.107277
0.106138
0.102568
0.108955
0.126779
0.112519
0.102121
0.102922
0.090605
0.107707
0.097280
0.107604
0.121679
0.132438
0.119878
0.093108
0.114713
0.095937
0.076055
0.109660
0.108998
0.142657
0.147458
0.103972
0.121660
0.121267
0.122162
0.126751
0.131889
0.123147
0.122452
0.115429
0.097129
0.129438
0.138787
0.094767
0.112116
0.134418
0.118169
0.110740
0.129773
0.100718
0.102325
0.109251
0.105733
0.136122
0.126767
0.129688
0.123924
0.135439
0.104588
0.115242
0.102492
0.101826
0.124279
0.141270
0.139779
0.137738
0.141715
0.136672
0.137004
0.106157
0.123179
0.123148
0.104938
0.106154
0.103984
0.129051
0.116174
0.115448
0.115150
0.116219
0.139081
0.120072
0.097456
0.125062
0.139815
0.134166
0.129777
0.118044
0.122604
0.096125
0.097031
0.117601
0.131073
0.119663
0.120049
0.137344
0.100198
0.120870
0.101997
0.100868
0.130216
0.126995
0.121857
0.133783
0.129100
0.115573
0.104486
0.132472
0.140457
0.134003
0.122886
0.134687
0.120855
0.142097
0.144837
0.100177
0.086767
0.097499
0.116371
0.108276
0.147172
0.114519
0.129164
0.133922
0.110853
0.127068
0.123175
0.119423
0.109291
0.112262
0.149473
0.102221
0.114520
0.083071
0.094647
0.126657
0.131567
0.123040
0.132214
0.120330
0.147874
0.138682
0.128970
0.118572
0.098025
0.113066
0.105088
0.117564
0.101193
0.137878
0.091499
0.122477
0.126470
0.135940
0.112669
0.113585
0.105165
0.101389
0.095853
0.118942
0.123711
0.127194
0.132073
0.115509
0.139215
0.130092
0.151169
0.144956
0.132848
0.133929
0.130550
0.131259
0.139336
0.141267
0.132455
0.137043
0.136800
0.135954
0.134073
0.135939
0.132657
0.135585
0.139419
0.136252
0.132392
0.135498
0.132375
0.136042
0.139578
0.142292
0.140756
0.135751
0.135063
0.138446
0.135253
0.130945
0.114065
0.108404
0.128660
0.130660
0.131126
0.113518
0.132479
0.133195
0.119342
0.104318
0.125539
0.112527
0.128735
0.124893
0.121909
0.135176
0.110939
0.131472
0.125307
0.121383
0.138254
0.111087
0.129714
0.132719
0.133630
0.129799
0.123365
0.131924
0.126850
0.125627
0.127567
0.126094
0.126425
0.122269
0.126665
0.132059
0.120285
0.120492
0.126575
0.125311
0.087641
0.131025
0.128471
0.116944
0.136464
0.149422
0.132680
0.131347
0.121757
0.136285
0.131378
0.131189
0.125200
0.125586
0.125397
0.128089
0.124761
0.115965
0.127178
0.125414
0.124822
0.131426
0.118467
0.121925
0.103766
0.118335
0.113326
0.120345
0.122487
0.117563
0.122321
0.124850
0.125054
0.118407
0.129086
0.123932
0.120703
0.120190
0.124479
0.127609
0.118383
0.109012
0.122779
0.123021
0.113889
0.112995
0.116276
0.108008
0.125063
0.125074
0.113270
0.114608
0.121375
0.128008
0.123569
0.114867
0.115979
0.118888
0.129876
0.123378
0.121009
0.113419
0.120730
0.120957
0.113401
0.113426
0.123919
0.121884
0.121110
0.128001
0.115494
0.117130
0.117306
0.104066
0.119451
0.120268
0.119300
0.118901
0.118491
0.120142
0.125611
0.113398
0.120557
0.115469
0.131678
0.120280
0.144787
0.119711
0.118512
0.107918
0.114753
0.115056
0.110476
0.116089
0.115621
0.126333
0.118835
0.112838
0.111508
0.114006
0.104640
0.126430
0.122618
0.110383
0.110177
0.096400
0.112878
0.107419
0.107197
0.112686
0.114953
0.109041
0.096438
0.110654
0.104997
0.111036
0.107316
0.109127
0.105344
0.109571
0.106383
0.103336
0.112269
0.106149
0.105990
0.104691
0.116968
0.111704
0.106502
0.105893
0.105218
0.104150
0.106458
0.113914
0.103995
0.104673
0.120790
0.104399
0.110668
0.110794
0.105428
0.103517
0.109550
0.104843
0.106615
0.106400
0.107401
0.104938
0.106400
0.103221
0.107042
0.105018
0.105212
0.110944
0.108395
0.107288
0.108436
0.107352
0.105163
0.105390
0.103368
0.105547
0.108696
0.106684
0.103296
0.106836
0.106014
0.106640
0.094135
0.100058
0.104385
0.106224
0.106200
0.106380
0.105625
0.106213
0.112870
0.107584
0.125748
0.112192
0.108943
0.109040
0.107004
0.108621
0.108889
0.109706
0.106292
0.104325
0.108646
0.109217
0.098140
0.106444
0.105184
0.099641
0.109173
0.103037
0.108629
0.107590
0.107930
0.108297
0.108429
0.109026
0.108466
0.113147
0.102577
0.100098
0.109043
0.109633
0.109411
0.105362
0.108396
0.108841
0.106575
0.106529
0.108311
0.105046
0.107748
0.099512
0.110117
0.110461
0.109660
0.110926
0.107916
0.111552
0.107932
0.107254
0.109608
0.115167
0.109500
0.110082
0.109416
0.113213
0.110252
0.109400
0.108811
0.111699
0.108145
0.110220
0.109466
0.109678
0.107887
0.108778
0.109228
0.110538
0.112629
0.110409
0.107954
0.109735
0.110802
0.110315
0.110173
0.109832
0.109225
0.111195
0.109423
0.109940
0.109848
0.108163
0.107212
0.113304
0.110188
0.110356
0.111146
0.110458
0.110495
0.109946
0.109704
0.110695
0.110832
0.109822
0.110470
0.110952
0.107878
0.110016
0.109872
0.109942
0.111061
0.110579
0.110896
0.110835
0.112952
0.109957
0.110143
0.110553
0.111690
0.112270
0.108722
0.110379
0.109552
0.112171
0.113570
0.111661
0.114271
0.104249
0.112753
0.108846
0.111528
0.112055
0.112293
0.114128
0.110935
0.110948
0.112091
0.111295
0.112639
0.112709
0.110654
0.111377
0.113639
0.113110
0.113812
0.112938
0.113805
0.115470
0.113369
0.112352
0.112934
0.114516
0.110852
0.115731
0.110608
0.114506
0.112972
0.112058
0.118591
0.113500
0.111766
0.113302
0.113339
0.116514
0.112548
0.113636
0.115895
0.114076
0.118847
0.117267
0.114417
0.114195
0.113811
0.113207
0.114276
0.114960
0.115721
0.109510
0.112285
0.112240
0.114935
0.116539
0.111285
0.116124
0.114264
0.114190
0.115999
0.115202
0.115859
0.114997
0.113491
0.114335
0.112246
0.118953
0.113714
0.117797
0.116255
0.114901
0.113270
0.114062
0.112209
0.114441
0.114292
0.114601
0.112034
0.114276
0.116042
0.116412
0.115557
0.112839
0.115922
0.117459
0.117295
0.116161
0.113659
0.113685
0.116611
0.119882
0.112126
0.117661
0.106484
0.116615
0.117372
0.114055
0.113702
0.118467
0.116339
0.118534
0.114154
0.115751
0.115325
0.116431
0.116186
0.116251
0.117029
0.119631
0.119436
0.121077
0.118165
0.117556
0.113171
0.103603
0.116621
0.116739
0.118323
0.116466
0.114071
0.114226
0.125746
0.117712
0.120995
0.115861
0.114107
0.113169
0.114777
0.116823
0.114172
0.119142
0.120701
0.122835
0.113581
0.111561
0.119190
0.117029
0.118447
0.119298
0.118224
0.115214
0.117559
0.120057
0.118444
0.119083
0.118630
0.115707
0.119674
0.118966
0.123337
0.119348
0.118913
0.119415
0.119200
0.119486
0.119378
0.118213
0.119596
0.116087
0.117839
0.119427
0.120275
0.123156
0.120545
0.120275
0.122870
0.121786
0.121921
0.121529
0.118755
0.121168
0.118199
0.121445
0.122438
0.120173
0.122669
0.125685
0.121961
0.121954
0.122225
0.120431
0.132116
0.121121
0.123780
0.116681
0.121903
0.121015
0.119849
0.123470
0.118037
0.119316
0.128765
0.125778
0.123916
0.123097
0.125386
0.120870
0.121159
0.121930
0.123116
0.121375
0.119408
0.121331
0.122583
0.124573
0.124994
0.126491
0.126596
0.121386
0.124668
0.124534
0.121772
0.124354
0.124818
0.124454
0.125698
0.125086
0.122497
0.126232
0.118317
0.123088
0.122458
0.123653
0.123668
0.124940
0.128442
0.122814
0.123565
0.125359
0.125866
0.122718
0.126492
0.124033
0.120795
0.127681
0.125685
0.124380
0.124599
0.124936
0.125106
0.125359
0.123455
0.123265
0.124536
0.127228
0.127286
0.123081
0.124558
0.124298
0.130034
0.125020
0.126790
0.125494
0.127758
0.125007
0.126605
0.126368
0.124186
0.125156
0.125911
0.124623
0.126522
0.125747
0.126809
0.124825
0.126783
0.125703
0.126773
0.127783
0.128852
0.124522
0.128111
0.128337
0.129181
0.126236
0.125718
0.127091
0.126826
0.126275
0.126264
0.125870
0.126453
0.125077
0.125580
0.126014
0.126860
0.125582
0.125948
0.126776
0.129420
0.127066
0.124952
0.132503
0.125950
0.129592
0.126933
0.130767
0.131158
0.131453
0.125584
0.126467
0.130193
0.132673
0.127442
0.128678
0.127196
0.129149
0.126191
0.127138
0.127733
0.128662
0.131392
0.124087
0.128203
0.128876
0.128598
0.131514
0.127682
0.129150
0.125394
0.129562
0.126977
0.127506
0.126908
0.127023
0.118429
0.130287
0.128114
0.130999
0.129722
0.126269
0.130175
0.125584
0.127409
0.132940
0.129322
0.134422
0.125765
0.126528
0.126811
0.127377
0.129719
0.126955
0.129671
0.130258
0.128499
0.123240
0.125610
0.127141
0.132439
0.128039
0.118801
0.119423
0.131484
0.143288
0.129698
0.130308
0.126929
0.161259
0.121673
0.132853
0.125559
0.133963
0.130693
0.128467
0.122321
0.134238
0.127873
0.112164
0.133334
0.128517
0.130558
0.129610
0.129258
0.126886
0.123418
0.129939
0.122020
0.128372
0.130078
0.129825
0.130054
0.130602
0.131209
0.128868
0.129361
0.128541
0.129288
0.128787
0.129091
0.128682
0.131296
0.129580
0.130978
0.129632
0.132727
0.130115
0.128638
0.125505
0.124450
0.127307
0.129911
0.129481
0.117681
0.127728
0.131810
0.134750
0.131825
0.132295
0.131113
0.132073
0.183493
0.130767
0.132003
0.123580
0.125108
0.133931
0.134040
0.135027
0.119592
0.131715
0.131324
0.131946
0.127438
0.120205
0.132077
0.129711
0.130835
0.127466
0.133772
0.130907
0.135936
0.128503
0.132905
0.132074
0.158201
0.135694
0.131646
0.130066
0.136581
0.131057
0.192951
0.127619
0.134873
0.134194
0.133313
0.131186
0.133645
0.125389
0.135641
0.133008
0.134575
0.131589
0.132639
0.126735
0.128323
0.126257
0.124352
0.129837
0.130040
0.134427
0.133031
0.135034
0.131756
0.133559
0.129779
0.129960
0.130564
0.130773
0.131082
0.131560
0.125530
0.130826
0.132518
0.132868
0.131057
0.126384
0.131318
0.135811
0.131471
0.127712
0.133350
0.127719
0.131546
0.132206
0.132715
0.131474
0.129328
0.133709
0.128881
0.131767
0.131440
0.133129
0.131887
0.131918
0.132403
0.132478
0.132467
0.133597
0.133641
0.131830
0.132578
0.134274
0.132217
0.131664
0.138724
0.208219
0.132399
0.126423
0.129878
0.132286
0.128445
0.131765
0.130591
0.124703
0.134526
0.125014
0.135067
0.126532
0.131807
0.132749
0.121805
0.126808
0.196921
0.158204
0.138904
0.139465
0.137573
0.192485
0.174471
0.171466
0.128541
0.131619
0.130751
0.127502
0.145320
0.135133
0.133369
0.265340
0.136599
0.134756
0.122562
0.255301
0.118064
0.176016
0.123741
0.223680
0.179698
0.137256
0.148522
0.124277
0.125383
0.125976
0.135632
0.185800
0.123959
0.137000
0.118326
0.125409
0.140849
0.220306
0.387541
0.183697
0.150013
0.140738
0.158090
0.129913
0.215102
0.206289
0.129643
0.139178
0.132450
0.119369
0.125153
0.136348
0.124959
0.125548
0.166530
0.136055
0.118537
0.140311
0.263211
0.116694
0.122208
0.145366
0.121758
0.111927
0.160047
0.127516
0.138743
0.136064
0.193289
0.135418
0.148290
0.137337
0.129400
0.131251
0.134422
0.132982
0.224210
0.197251
0.168209
0.132983
0.143118
0.123955
0.126884
0.135920
0.138955
0.198936
0.131508
0.238568
0.142106
0.210197
0.131124
0.136281
0.132525
0.119402
0.109040
0.125660
0.148627
0.129242
0.142177
0.176252
0.133393
0.229909
0.160744
0.141555
0.104677
0.122157
0.152368
0.162440
0.122259
0.162818
0.200389
0.347188
0.152535
0.166603
0.134781
0.114336
0.149439
0.245014
0.123680
0.115689
0.115427
0.163416
0.140132
0.379534
0.252846
0.142507
0.139578
0.128956
0.185990
0.123559
0.244725
0.300934
0.230469
0.150324
0.138149
0.152143
0.123838
0.144652
0.134778
0.126662
0.164273
0.132782
0.131911
0.163881
0.139102
0.222170
0.238953
0.459237
0.179539
0.128288
0.225761
0.189864
0.146755
0.158902
0.210484
0.220459
0.113854
0.118666
0.150276
0.197273
0.129836
0.116764
0.179956
0.127196
0.125175
0.118660
0.124472
0.144801
0.140388
0.106713
0.131987
0.153281
0.132108
0.153212
0.148296
0.210623
0.166358
0.152436
0.121812
0.110506
0.122131
0.142950
0.192768
0.112837
0.109732
0.120208
0.132862
0.137270
0.149350
0.128697
0.141694
0.124858
0.124926
0.128268
0.129383
0.104893
0.190063
0.129600
0.136481
0.142980
0.150980
0.139857
0.132041
0.160524
0.174839
0.143061
0.128917
0.138287
0.189399
0.232316
0.127714
0.136411
0.137900
0.139508
0.134403
0.169747
0.135400
0.203014
0.161082
0.185957
0.133417
0.252536
0.129046
0.133090
0.206992
0.141342
0.131232
0.126647
0.131304
0.178037
0.135321
0.379095
0.239908
0.162054
0.258082
0.141111
0.127056
0.157984
0.214608
0.129255
0.135547
0.169660
0.190668
0.204565
0.124661
0.148579
0.277132
0.242199
0.126884
0.130388
0.142428
0.276974
0.201682
0.188845
0.125463
0.125552
0.135050
0.134285
0.129591
0.124600
0.131588
0.130013
0.143747
0.133114
0.128168
0.164326
0.149993
0.123478
0.134148
0.127749
0.138040
0.114586
0.121216
0.116588
0.121107
0.120459
0.118482
0.123310
0.146665
0.126109
0.118186
0.121061
0.128767
0.174591
0.118020
0.117607
0.115274
0.121237
0.116148
0.121162
0.123641
0.114000
0.116934
0.126036
0.124532
0.116679
0.106798
0.114742
0.115452
0.130127
0.124842
0.142748
0.123434
0.122654
0.127602
0.168605
0.118793
0.121103
0.129469
0.107771
0.105851
0.123793
0.220727
0.134776
0.127148
0.138747
0.146690
0.120029
0.124183
0.134407
0.131424
0.127840
0.128824
0.127556
0.125442
0.137660
0.130897
0.137390
0.120523
0.123084
0.135501
0.174640
0.118156
0.119098
0.169612
0.134560
0.138785
0.137900
0.114096
0.152188
0.141725
0.166675
0.120808
0.130371
0.123073
0.120675
0.128982
0.136579
0.120757
0.127248
0.120328
0.122796
0.128912
0.120658
0.121361
0.122470
0.136176
0.116512
0.138728
0.126474
0.133456
0.125848
0.161589
0.130457
0.131367
0.125930
0.136993
0.149400
0.138316
0.129444
0.144912
0.144368
0.128067
0.129813
0.120698
0.128630
0.131839
0.127596
0.119648
0.125462
0.119397
0.130622
0.121511
0.122512
0.123121
0.115404
0.126562
0.124367
0.124250
0.129653
0.124868
0.125568
0.129102
0.127481
0.129519
0.129481
0.127960
0.130287
0.129931
0.129472
0.129415
0.130098
0.129152
0.142874
0.130122
0.128908
0.130245
0.125419
0.133480
0.119574
0.123494
0.131415
0.113393
0.158096
0.133896
0.131955
0.133404
0.131885
0.131159
0.130508
0.132811
0.132717
0.130073
0.129248
0.128959
0.130764
0.131744
0.128566
0.131952
0.132767
0.130695
0.126698
0.134102
0.130977
0.127512
0.118183
0.167390
0.119835
0.115192
0.132652
0.122616
0.128505
0.132205
0.117894
0.131188
0.134572
0.221574
0.137512
0.118245
0.202761
0.125127
0.132695
0.187881
0.134063
0.117830
0.134356
0.123021
0.121763
0.130795
0.127522
0.132703
0.118026
0.122374
0.142629
0.124903
0.126826
0.126472
0.123906
0.122589
0.125523
0.133202
0.128120
0.128791
0.129658
0.126498
0.130007
0.130839
0.126402
0.123188
0.126165
0.130499
0.132519
0.119377
0.127313
0.147991
0.122571
0.127742
0.128588
0.144974
0.141502
0.139244
0.134430
0.134913
0.131630
0.151426
0.115476
0.127924
0.116686
0.115324
0.192497
0.145578
0.149983
0.121400
0.140473
0.115069
0.136458
0.127026
0.175893
0.115551
0.120497
0.129378
0.118138
0.117234
0.125570
0.148813
0.120847
0.121671
0.121543
0.120164
0.115118
0.112183
0.118193
0.125787
0.112964
0.127328
0.122261
0.125686
0.128518
0.127003
0.117724
0.126070
0.125757
0.119071
0.126222
0.122971
0.123836
0.121693
0.115496
0.124903
0.130146
0.128978
0.119545
0.151445
0.114412
0.115510
0.187173
0.119526
0.123122
0.128018
0.132452
0.121725
0.124484
0.126348
0.119703
0.123940
0.129778
0.148336
0.122645
0.196505
0.131712
0.122918
0.156308
0.255323
0.120529
0.120758
0.127809
0.132947
0.130398
0.124417
0.148523
0.141699
0.141933
0.126528
0.115881
0.143894
0.121244
0.145230
0.237107
0.167113
0.117297
0.125311
0.115912
0.127030
0.116445
0.126921
0.122916
0.124043
0.116448
0.124079
0.131984
0.115844
0.128275
0.131583
0.119709
0.126940
0.137380
0.125997
0.132104
0.125410
0.137506
0.132170
0.166510
0.125298
0.123112
0.122825
0.123093
0.135438
0.199198
0.134384
0.128126
0.134118
0.130333
0.128956
0.128851
0.126896
0.132956
0.132351
0.128145
0.127867
0.131147
0.215568
0.130591
0.148533
0.124844
0.140579
0.138418
0.131348
0.125025
0.127772
0.172371
0.123534
0.140084
0.132639
0.130891
0.187835
0.135330
0.127724
0.143288
0.149419
0.124075
0.130383
0.126222
0.138022
0.125313
0.150986
0.136779
0.126232
0.127014
0.116555
0.119316
0.126852
0.126580
0.179313
0.133454
0.129763
0.128195
0.127225
0.140548
0.125557
0.134909
0.137442
0.138985
0.136539
0.135044
0.133142
0.129607
0.125850
0.132911
0.138788
0.134521
0.129601
0.139676
0.129951
0.125013
0.130862
0.129821
0.136173
0.136122
0.133556
0.136690
0.130927
0.134177
0.136089
0.135817
0.134915
0.134521
0.135507
0.135860
0.136471
0.135845
0.133901
0.138869
0.136502
0.138169
0.136871
0.139982
0.134213
0.137789
0.140837
0.143487
0.142741
0.132843
0.133500
0.141494
0.140940
0.141206
0.136560
0.145496
0.136351
0.142429
0.138551
0.139465
0.136502
0.139570
0.139690
0.142997
0.139782
0.138140
0.138607
0.223981
0.254214
0.138952
0.144976
0.157789
0.319013
0.148586
0.152398
0.144145
0.151477
0.152030
0.146239
0.153192
0.156730
0.147139
0.296845
0.150089
0.155172
0.150841
0.157054
0.215138
0.178499
0.175686
0.148992
0.149778
0.149599
0.156769
0.170365
0.160826
0.153912
0.152257
0.155823
0.158258
0.207444
0.171660
0.200761
0.171770
0.170060
0.163702
0.186465
0.180942
0.158676
0.253660
0.201813
0.157218
0.170782
0.157529
0.147290
0.255686
0.184367
0.147775
0.175210
0.152121
0.150520
0.196076
0.229541
0.176957
0.141570
0.155440
0.175054
0.148145
0.188126
0.180680
0.152733
0.160556
0.228484
0.203328
0.152295
0.150352
0.191073
0.197970
0.162226
0.168747
0.158201
0.165057
0.152170
0.152316
0.183234
0.154962
0.189535
0.145199
0.153069
0.149090
0.146534
0.152350
0.142469
0.159917
0.155637
0.185941
0.155457
0.151951
0.146827
0.153420
0.140520
0.169507
0.145196
0.145079
0.143710
0.149568
0.144181
0.143868
0.149686
0.143738
0.144294
0.146882
0.160495
0.147500
0.144579
0.159340
0.175442
0.193927
0.150411
0.201588
0.151311
0.143941
0.154447
0.170439
0.160369
0.149844
0.147128
0.145717
0.153572
0.229126
0.147718
0.149452
0.157998
0.169909
0.168919
0.161240
0.159586
0.148641
0.187433
0.146851
0.238937
0.158395
0.155267
0.154822
0.192326
0.149843
0.151629
0.176467
0.159178
0.180180
0.168906
0.182872
0.143778
0.158188
0.156855
0.257597
0.144764
0.162039
0.202841
0.174978
0.164720
0.164226
0.152804
0.150924
0.149462
0.166864
0.185461
0.163179
0.175842
0.148887
0.184402
0.153826
0.210335
0.148796
0.159982
0.158370
0.165725
0.158795
0.151847
0.148470
0.146558
0.169918
0.155226
0.149905
0.147590
0.181284
0.154034
0.154190
0.161714
0.155813
0.141147
0.156982
0.152357
0.155977
0.211649
0.170965
0.234886
0.147494
0.157713
0.155673
0.150403
0.195474
0.159337
0.160888
0.163103
0.154747
0.176171
0.198724
0.149515
0.147210
0.148858
0.155382
0.150292
0.177138
0.141342
0.187923
0.157191
0.159354
0.152458
0.148324
0.175652
0.168690
0.155388
0.146867
0.176187
0.168720
0.170921
0.178417
0.148379
0.174702
0.159962
0.172692
0.153050
0.292639
0.161321
0.178183
0.170718
0.150363
0.199159
0.163077
0.213815
0.169246
0.194885
0.154290
0.150899
0.158829
0.217779
0.178640
0.178868
0.155203
0.200952
0.207286
0.151654
0.189810
0.156602
0.166276
0.150967
0.134444
0.139037
0.139412
0.174977
0.148909
0.155876
0.159196
0.160574
0.150804
0.148421
0.151157
0.137285
0.138795
0.136959
0.135961
0.159630
0.146817
0.174918
0.133441
0.162945
0.155909
0.169751
0.240096
0.146161
0.159553
0.186782
0.155492
0.140143
0.162729
0.157361
0.137818
0.145871
0.177867
0.152814
0.172734
0.144467
0.145891
0.152658
0.150982
0.253004
0.161465
0.156008
0.298514
0.250428
0.147847
0.170443
0.220130
0.156838
0.151172
0.173009
0.150945
0.160564
0.229555
0.157469
0.163944
0.228435
0.147527
0.152160
0.248463
0.166579
0.149618
0.157492
0.200253
0.152969
0.158542
0.159654
0.164575
0.145222
0.160343
0.160816
0.186880
0.155190
0.187634
0.172484
0.162606
0.175074
0.178158
0.168197
0.148382
0.145660
0.148975
0.165018
0.180390
0.171799
0.173068
0.152307
0.158067
0.154554
0.165585
0.165059
0.159772
0.220833
0.180502
0.160348
0.164824
