0.362405
0.391033
0.375220
0.284741
0.446754
0.416527
0.400714
0.400714
0.330995
0.408029
0.426209
0.401897
0.385533
0.400714
0.406846
0.427392
0.408029
0.423211
0.410396
0.353492
0.403848
0.413530
0.391033
0.419661
0.400714
0.406846
0.408029
0.388666
0.389849
0.445571
0.356489
0.440070
0.433523
0.401346
0.411027
0.431709
0.393615
0.439023
0.416527
0.461384
0.420844
0.408029
0.416527
0.374668
0.398348
0.429342
0.479563
0.427392
0.452885
0.406214
0.403081
0.417711
0.432756
0.464933
0.447938
0.464933
0.456436
0.441806
0.439439
0.449122
0.429758
0.417711
0.456436
0.427392
0.435889
0.413393
0.408029
0.420077
0.459433
0.450304
0.429758
0.456436
0.440623
0.439439
0.429758
0.464933
0.457619
0.446754
0.464933
0.429758
0.449122
0.429758
0.444388
0.471066
0.462567
0.435889
0.471066
0.440070
0.454069
0.484927
0.464933
0.475797
0.428575
0.447938
0.449122
0.449122
0.440623
0.429758
0.466116
0.469114
0.459985
0.447938
0.439439
0.420077
0.449122
0.472664
0.456436
0.433523
0.445571
0.456436
0.400714
0.464933
0.429758
0.420077
0.437074
0.417711
0.445571
0.461936
0.481929
0.455252
0.433940
0.435889
0.480746
0.501708
0.474614
0.491611
0.495161
0.464933
0.452254
0.447938
0.455252
0.430941
0.439439
0.481299
0.475797
0.475797
0.484296
0.475797
0.449122
0.458803
0.449122
0.484296
0.429758
0.424258
0.424258
0.471481
0.452254
0.456436
0.447938
0.447938
0.452254
0.438256
0.456436
0.452254
0.435889
0.452254
0.408029
0.455252
0.455252
0.442021
0.445571
0.444388
0.416527
0.462567
0.452885
0.466884
0.490011
0.479563
0.452885
0.405663
0.445571
0.460200
0.474614
0.471066
0.455252
0.445571
0.471066
0.481929
0.426209
0.463750
0.506792
0.474198
0.491611
0.443204
0.416527
0.443204
0.403295
0.464517
0.433523
0.452885
0.490427
0.451702
0.443204
0.436521
0.477749
0.445155
0.509373
0.502689
0.499692
0.512924
0.471066
0.506241
0.493561
0.442021
0.443204
0.439654
0.435473
0.483880
0.435473
0.425792
0.506241
0.493561
0.503242
0.464933
0.473431
0.474614
0.474614
0.484296
0.484296
0.500109
0.474614
0.464933
0.460753
0.477749
0.485479
0.454069
0.487429
0.472248
0.455252
0.469114
0.512924
0.472248
0.480746
0.471066
0.486246
0.461384
0.468068
0.435889
0.501292
0.449752
0.478796
0.464933
0.471066
0.456436
0.481929
0.449752
0.489796
0.474614
0.469114
0.458803
0.474614
0.513339
0.484296
0.473431
0.472664
0.466116
0.474614
0.452254
0.489796
0.475797
0.443621
0.478796
0.491611
0.466116
0.469114
0.490427
0.490427
0.455252
0.452885
0.464933
0.490427
0.491611
0.501292
0.512924
0.442021
0.480746
0.459018
0.518287
0.497742
0.467515
0.460200
0.531734
0.451702
0.492378
0.483743
0.479563
0.489244
0.481929
0.483880
0.455883
0.434707
0.476565
0.511740
0.477749
0.490427
0.483880
0.490427
0.477749
0.509789
0.485062
0.480746
0.461384
0.515922
0.525602
0.468068
0.477196
0.432340
0.512924
0.461384
0.473016
0.470648
0.489244
0.507424
0.486246
0.445571
0.475245
0.500109
0.475245
0.461384
0.443204
0.490427
0.509789
0.452885
0.497742
0.480746
0.469881
0.476565
0.515922
0.477196
0.483880
0.523237
0.538418
0.512924
0.489244
0.503242
0.511740
0.496559
0.506241
0.443972
0.474198
0.486877
0.449336
0.486877
0.480330
0.443972
0.493009
0.517872
0.488828
0.490011
0.463334
0.505824
0.528736
0.483880
0.467515
0.473016
0.495375
0.464381
0.464517
0.486877
0.534868
0.466331
0.531734
0.486877
0.490011
0.498508
0.499692
0.493009
0.496143
0.515505
0.533684
0.490011
0.484510
0.499692
0.539049
0.510005
0.525186
0.554861
0.524002
0.493009
0.525186
0.476013
0.554230
0.460968
0.524002
0.518502
0.515505
0.486461
0.467099
0.498508
0.514322
0.485278
0.505824
0.494959
0.501643
0.476780
0.541000
0.506455
0.489459
0.486461
0.485278
0.517456
0.457418
0.476780
0.465916
0.450734
0.494959
0.502274
0.463549
0.492592
0.485909
0.482912
0.456866
0.472047
0.489043
0.473230
0.518086
0.472047
0.462365
0.453867
0.544764
0.498725
0.462365
0.489043
0.510772
0.472047
0.498725
0.498725
0.459999
0.495174
0.479361
0.489043
0.504856
0.487859
0.482495
0.475811
0.514537
0.492177
0.539400
0.482495
0.472678
0.496357
0.476995
0.492177
0.475811
0.506039
0.507989
0.514537
0.455265
0.530901
0.495174
0.530349
0.475811
0.485492
0.506039
0.485492
0.491624
0.459447
0.475811
0.485492
0.483126
0.478945
0.483126
0.488491
0.493991
0.485492
0.454082
0.488627
0.464947
0.516487
0.512937
0.462580
0.483126
0.488627
0.510988
0.504439
0.472262
0.517118
0.533483
0.481943
0.493575
0.501306
0.514121
0.517118
0.486260
0.526800
0.536481
0.494758
0.495941
0.488075
0.461396
0.493575
0.503255
0.510571
0.488075
0.481527
0.509387
0.500889
0.529932
0.485076
0.465714
0.481527
0.512937
0.522618
0.510988
0.510988
0.497755
0.478393
0.490440
0.520251
0.506253
0.497755
0.493575
0.507436
0.496572
0.493575
0.515935
0.510571
0.507020
0.477762
0.503255
0.529932
0.454849
0.522618
0.535298
0.528750
0.503255
0.468711
0.532931
0.478393
0.500889
0.478393
0.509387
0.464531
0.522066
0.535433
0.477210
0.494758
0.509387
0.529932
0.507436
0.503255
0.493575
0.477210
0.507436
0.545746
0.513568
0.493575
0.529932
0.509387
0.488075
0.481527
0.509387
0.496572
0.491208
0.481527
0.481527
0.529381
0.519069
0.500889
0.510571
0.519069
0.499706
0.492391
0.500889
0.494206
0.452483
0.484524
0.512521
0.582872
0.510571
0.491208
0.545746
0.503887
0.470663
0.503887
0.507020
0.480343
0.513568
0.499706
0.516702
0.512521
0.516702
0.497339
0.595550
0.496156
0.538015
0.515518
0.496156
0.515518
0.476793
0.516150
0.496156
0.544146
0.522833
0.513152
0.511968
0.528965
0.518652
0.492606
0.522833
0.492606
0.511968
0.511968
0.538647
0.521650
0.487106
0.464746
0.525414
0.516150
0.495739
0.538647
0.473244
0.486474
0.486474
0.479791
0.502287
0.469478
0.515518
0.503471
0.496156
0.515518
0.499289
0.486474
0.503471
0.506467
0.484108
0.486474
0.457431
0.502287
0.482925
0.464746
0.558008
0.525414
0.502287
0.541012
0.489609
0.524784
0.489473
0.513152
0.487106
0.492606
0.482925
0.486058
0.524784
0.482925
0.492606
0.505421
0.473244
0.518100
0.530915
0.505421
0.482925
0.480559
0.486690
0.518100
0.547144
0.515733
0.518100
0.501871
0.485506
0.490240
0.506051
0.479375
0.524232
0.556409
0.464193
0.511552
0.469694
0.475825
0.483139
0.562540
0.512184
0.489687
0.511000
0.495186
0.466143
0.502502
0.530363
0.466143
0.469277
0.477008
0.495186
0.514551
0.496372
0.508002
0.475825
0.543178
0.506819
0.516500
0.508002
0.491637
0.501319
0.511000
0.506051
0.508002
0.492821
0.494771
0.497769
0.520682
0.533496
0.504452
0.527997
0.534127
0.501319
0.485091
0.504452
0.514134
0.491637
0.511000
0.491637
0.504452
0.508002
0.497138
0.477776
0.510584
0.468725
0.458413
0.469908
0.468725
0.465727
0.491637
0.494771
0.508634
0.548125
0.504452
0.517132
0.487456
0.529946
0.514765
0.493589
0.517132
0.504452
0.558991
0.619659
0.533496
0.515181
0.518315
0.537678
0.508634
0.568672
0.526813
0.509401
0.501319
0.540044
0.530363
0.475825
0.530363
0.533496
0.527365
0.514551
0.531546
0.521865
0.512184
0.501319
0.520682
0.520682
0.508002
0.512184
0.543178
0.492821
0.508002
0.520682
0.501319
0.511000
0.536494
0.518315
0.536494
0.498320
0.491637
0.517684
0.517132
0.526182
0.530363
0.495186
0.485506
0.502502
0.495186
0.531546
0.511000
0.492821
0.491637
0.523815
0.543178
0.541995
0.546175
0.511000
0.546175
0.533496
0.552859
0.543178
0.511000
0.568672
0.517132
0.518315
0.533496
0.533496
0.527997
0.543178
0.514134
0.527997
0.559621
0.567488
0.523815
0.504452
0.572853
0.533496
0.533496
0.546175
0.565122
0.523815
0.532313
0.568672
0.517132
0.501319
0.547360
0.537678
0.530363
0.546728
0.546728
0.520682
0.533496
0.541227
0.524232
0.556409
0.521234
0.581904
0.518100
0.506051
0.521234
0.533912
0.514551
0.533912
0.560590
0.533912
0.543594
0.610946
0.520050
0.501871
0.529732
0.537047
0.541227
0.531546
0.508002
0.517684
0.504869
0.498320
0.512184
0.549725
0.581904
0.556409
0.546175
0.547360
0.520682
0.571039
0.543178
0.540044
0.527997
0.533496
0.518315
0.558991
0.526813
0.558991
0.514134
0.491637
0.537678
0.514134
0.488639
0.511631
0.543178
0.536494
0.514134
0.541995
0.578353
0.543809
0.549310
0.555225
0.530363
0.511000
0.506819
0.533496
0.551675
0.511000
0.502502
0.555856
0.478959
0.520682
0.552859
0.475825
0.562540
0.512184
0.533496
0.546175
0.530363
0.520682
0.527997
0.523815
0.543178
0.533496
0.508634
0.517132
0.520265
0.514134
0.497769
0.523815
0.512951
0.514134
0.584484
0.529946
0.528762
0.512951
0.529946
0.529946
0.507450
0.548125
0.545759
0.555440
0.519082
0.603847
0.528762
0.545759
0.565122
0.520265
0.571669
0.500903
0.510584
0.538445
0.512951
0.526813
0.505084
0.520265
0.520265
0.539628
0.555440
0.494219
0.523264
0.548125
0.516716
0.509401
0.587066
0.520896
0.536078
0.516716
0.561571
0.548893
0.523264
0.523264
0.528762
0.578984
0.541995
0.526813
0.541995
0.558991
0.517132
0.529946
0.529946
0.485091
0.558991
0.552859
0.597715
0.541995
0.533496
0.520682
0.518315
0.472275
0.549310
0.537047
0.517684
0.535863
0.540044
0.521234
0.527781
0.534465
0.527781
0.533282
0.579321
0.525414
0.588450
0.524232
0.527781
0.544778
0.533912
0.540596
0.537463
0.518100
0.537463
0.508419
0.535096
0.519284
0.511968
0.538647
0.577370
0.508971
0.551877
0.570056
0.515518
0.532515
0.550694
0.547695
0.521650
0.569640
0.576188
0.553828
0.506467
0.538647
0.579321
0.521650
0.511968
0.541012
0.519284
0.524784
0.537463
0.567689
0.538647
0.547144
0.499921
0.509601
0.528965
0.553828
0.553828
0.583502
0.516150
0.581687
0.579321
0.531331
0.548328
0.576188
0.528334
0.587052
0.556826
0.541012
0.542196
0.521650
0.582872
0.573191
0.579737
0.563925
0.570056
0.542196
0.580921
0.568105
0.542196
0.544563
0.554244
0.531883
0.544563
0.608782
0.536064
0.565108
0.539062
0.528750
0.550480
0.538432
0.538432
0.563925
0.538432
0.542613
0.520251
0.538432
0.551662
0.533483
0.514121
0.532300
0.536481
0.581889
0.559393
0.516487
0.545531
0.502489
0.546163
0.549711
0.529718
0.575205
0.591571
0.555843
0.575205
0.571025
0.536481
0.522618
0.512937
0.514121
0.557794
0.526800
0.544979
0.558977
0.512937
0.543164
0.514121
0.523802
0.561344
0.516487
0.526800
0.541980
0.532300
0.529932
0.561975
0.532931
0.535298
0.519069
0.500889
0.534881
0.481527
0.526384
0.536064
0.547560
0.538432
0.560928
0.544563
0.545746
0.497339
0.515518
0.524016
0.521019
0.532515
0.524016
0.513152
0.487658
0.538015
0.502287
0.538647
0.509601
0.538015
0.547695
0.563509
0.541012
0.513152
0.525200
0.522833
0.515518
0.513152
0.567059
0.553828
0.505837
0.505837
0.505837
0.537879
0.516702
0.477977
0.507020
0.544563
0.507020
0.531331
0.544563
0.507020
0.496156
0.544563
0.525200
0.515518
0.512521
0.510018
0.556194
0.525200
0.515518
0.510018
0.524016
0.545193
0.515518
0.515518
0.507020
0.505837
0.538015
0.521650
0.563509
0.527151
0.541012
0.479791
0.513152
0.515518
0.500889
0.525200
0.547695
0.528750
0.491208
0.533483
0.533483
0.533483
0.533483
0.473444
0.559393
0.516487
0.517670
0.534666
0.538848
0.514537
0.513354
0.541980
0.507989
0.526800
0.510988
0.491624
0.529167
0.527982
0.546163
0.514121
0.541980
0.522618
0.538432
0.515935
0.485076
0.487444
0.450948
0.501306
0.523802
0.533483
0.495941
0.504439
0.523802
0.547345
0.527351
0.497125
0.526169
0.555843
0.529932
0.519620
0.509803
0.523802
0.543164
0.490440
0.512937
0.490440
0.485076
0.520251
0.504439
0.520251
0.549295
0.571656
0.512937
0.505623
0.491624
0.500122
0.488627
0.498308
0.538983
0.517670
0.512170
0.512170
0.481312
0.459999
0.486677
0.517670
0.507989
0.501858
0.495174
0.521220
0.527351
0.495174
0.475811
0.487859
0.510772
0.487859
0.511539
0.521220
0.511539
0.489043
0.476995
0.525401
0.524217
0.504225
0.481728
0.529718
0.501858
0.495174
0.485492
0.524217
0.474628
0.498308
0.484309
0.446768
0.516487
0.506806
0.469264
0.490994
0.494758
0.504439
0.497125
0.523802
0.497125
0.465082
0.481943
0.517670
0.532300
0.501306
0.469264
0.485492
0.475811
0.481312
0.478945
0.517670
0.447951
0.478178
0.479361
0.478178
0.476229
0.467730
0.453867
0.510772
0.497540
0.550264
0.431372
0.453867
0.498725
0.508406
0.450318
0.524217
0.447184
0.452685
0.443003
0.452685
0.475180
0.492177
0.496357
0.486677
0.501858
0.479361
0.475811
0.487859
0.485492
0.497540
0.496357
0.468497
0.467313
0.456449
0.495174
0.535850
0.485492
0.456449
0.495174
0.495174
0.456449
0.456449
0.456449
0.482495
0.461949
0.478945
0.509803
0.514121
0.422040
0.486260
0.491208
0.503255
0.487026
0.477762
0.475395
0.464531
0.481527
0.483893
0.468711
0.460981
0.499706
0.468296
0.507020
0.521019
0.429987
0.442034
0.470663
0.436670
0.454849
0.459030
0.512937
0.468711
0.474212
0.467528
0.485076
0.510571
0.503255
0.462580
0.516070
0.474212
0.448718
0.478393
0.439036
0.433536
0.485076
0.446351
0.500889
0.503255
0.457217
0.474212
0.496709
0.491208
0.451715
0.439668
0.451715
0.526384
0.500889
0.499706
0.494206
0.491208
0.471215
0.464531
0.468711
0.464531
0.487026
0.481527
0.456033
0.473028
0.439668
0.470032
0.445168
0.437854
0.454849
0.459030
0.445168
0.434935
0.462163
0.487658
0.462163
0.454849
0.454849
0.462163
0.448166
0.484524
0.438485
0.429987
0.467528
0.462163
0.416124
0.462163
0.462163
0.476162
0.460981
0.425806
0.470663
0.423439
0.451300
0.467664
0.440435
0.451300
0.486474
0.448934
0.448934
0.460981
0.434304
0.457983
0.497339
0.462163
0.452483
0.493575
0.445168
0.461533
0.475395
0.485076
0.461533
0.496572
0.464531
0.474212
0.426989
0.510571
0.470663
0.496709
0.481527
0.454849
0.445168
0.487658
0.471845
0.459030
0.438621
0.490025
0.452483
0.477977
0.477977
0.522202
0.474427
0.454296
0.515518
0.480343
0.462163
0.483341
0.426437
0.457431
0.426437
0.475610
0.467112
0.438070
0.458614
0.447750
0.457431
0.447750
0.438070
0.470246
0.524784
0.473244
0.463562
0.469062
0.488425
0.482925
0.489609
0.463562
0.447750
0.404843
0.468296
0.457431
0.428387
0.454433
0.471845
0.448934
0.426437
0.477977
0.462163
0.451930
0.439252
0.448934
0.451300
0.458614
0.448934
0.447750
0.447750
0.402893
0.440435
0.461195
0.473244
0.460566
0.490240
0.498737
0.421073
0.429570
0.418705
0.421839
0.418705
0.479375
0.451514
0.463562
0.434518
0.402341
0.431521
0.409025
0.409025
0.435702
0.402341
0.441202
0.441834
0.421839
0.441202
0.444200
0.409025
0.377615
0.444200
0.428387
0.422886
0.455064
0.406658
0.416339
0.416339
0.407842
0.457014
0.411605
0.424838
0.432152
0.469694
0.475825
0.447334
0.409656
0.451514
0.418290
0.432152
0.386111
0.447334
0.392796
0.431521
0.415156
0.424838
0.415156
0.441834
0.437652
0.406658
0.421839
0.387296
0.412158
0.434518
0.451514
0.441834
0.405474
0.406658
0.424838
0.430338
0.432152
0.415156
0.464746
0.399344
0.389662
0.421704
0.400527
0.438070
0.344806
0.429570
0.394395
0.438070
0.422886
0.438070
0.463146
0.466143
0.434518
0.431521
0.428387
0.400527
0.373849
0.386663
0.449700
0.394395
0.380397
0.387080
0.402893
0.368901
0.383947
0.371268
0.320911
0.426989
0.400311
0.380949
0.446351
0.384499
0.400311
0.343824
0.346957
0.376001
0.417093
0.392231
0.362555
0.357055
0.352874
0.369734
0.351691
0.359005
0.353505
0.353505
0.326827
0.343824
0.353505
0.359005
0.359005
0.334143
0.349324
0.377185
0.366319
0.346957
0.376001
0.359636
0.374818
0.420857
0.314780
0.382133
0.394179
0.365136
0.346957
0.337275
0.369318
0.355455
0.359636
0.353505
0.359005
0.353505
0.307465
0.317146
0.298968
0.352874
0.301334
0.336509
0.336509
0.355872
0.382549
0.363186
0.340690
0.337692
0.297785
0.352322
0.397730
0.329962
0.326827
0.359005
0.349324
0.318330
0.326827
0.326827
0.314780
0.376001
0.349324
0.346957
0.341457
0.356639
0.376001
0.340273
0.301549
0.384499
0.366319
0.372450
0.346957
0.349324
0.336509
0.329962
0.363953
0.337275
0.380949
0.362770
0.355455
0.345773
0.365767
0.319728
0.320911
0.310046
0.373849
0.335540
0.346405
0.328362
0.342223
0.307680
0.324045
0.321678
0.364721
0.368901
0.388264
0.330593
0.346405
0.351905
0.320911
0.340273
0.353088
0.297368
0.326411
0.333727
0.300365
0.298551
0.218383
0.316730
0.332543
0.361586
0.308233
0.314780
0.305099
0.326827
0.391814
0.276055
0.327595
0.340273
0.298551
0.301965
0.314780
0.312413
0.314149
0.281971
0.320697
0.312198
0.283154
0.291653
0.304468
0.281971
0.317146
0.291653
0.324462
0.313597
0.346957
0.288102
0.288102
0.323278
0.329962
0.345773
0.327595
0.329962
0.342223
0.336724
0.308233
0.353088
0.377399
0.330593
0.337275
0.273688
0.282186
0.319728
0.349538
0.339856
0.288870
0.298551
0.288870
0.262193
0.258643
0.262193
0.278005
0.259825
0.328226
0.269507
0.266373
0.298551
0.317913
0.311230
0.285736
0.311230
0.285736
0.268740
0.285736
0.278422
0.259058
0.279189
0.298551
0.148826
0.294233
0.257109
0.233565
0.250561
0.310599
0.297785
0.250561
0.307465
0.289286
0.294786
0.225067
0.237745
0.237745
0.234749
0.220886
0.237745
0.268109
0.243246
0.247427
0.243246
0.253559
0.272289
0.204521
0.291236
0.259058
0.225067
0.243246
0.262609
0.289286
0.237745
0.289286
0.259058
0.285736
0.233565
0.244430
0.262609
0.205704
0.233565
0.298968
0.247427
0.265742
0.144268
0.260242
0.262609
0.177077
0.247979
0.230983
0.257661
0.252296
0.209255
0.185574
0.231614
0.246796
0.244430
0.254111
0.202571
0.192890
0.225067
0.217752
0.212252
0.211205
0.228617
0.244430
0.217752
0.265742
0.196023
0.231198
0.214202
0.215386
0.239696
0.230567
0.220886
0.243246
0.218383
0.214202
0.233565
0.152350
0.231198
0.225067
0.225067
0.230567
0.234749
0.240248
0.198390
0.192259
0.180210
0.212252
0.208071
0.214202
0.205704
0.176661
0.227434
0.199574
0.209255
0.166213
0.180210
0.186758
0.177077
0.192259
0.154717
0.218936
0.167396
0.183761
0.196439
0.163215
0.215386
0.199574
0.175893
0.155900
0.170530
0.185574
0.199574
0.217752
0.209255
0.167396
0.175893
0.166213
0.186758
0.174079
0.183761
0.182577
0.181393
0.147402
0.199574
0.174079
0.180210
0.143852
0.143852
0.172896
0.180210
0.180210
0.185574
0.217336
0.240248
0.205704
0.169346
0.205704
0.141485
0.175477
0.211836
0.185158
0.223884
0.154164
0.204521
0.214202
0.182161
0.201523
0.196023
0.176661
0.141485
0.166980
0.185158
0.189891
0.188709
0.146849
0.186342
0.185158
0.169346
0.151167
0.179028
0.182577
0.163215
0.134171
0.141485
0.156667
0.157714
0.183209
0.134171
0.169346
0.186342
0.166980
0.169346
0.160849
0.194840
0.169346
0.168714
0.138352
0.166213
0.163215
0.148032
0.166980
0.144483
0.149983
0.124489
0.160849
0.151167
0.169346
0.141485
0.124489
0.176029
0.146986
0.124489
0.160849
0.143436
0.147616
0.210653
0.166980
0.125121
0.186342
0.175477
0.182161
0.176661
0.175477
0.182161
0.157298
0.166980
0.127624
0.143436
0.200340
0.165796
0.143436
0.136752
0.134802
0.146434
0.118574
0.169346
0.157298
0.172480
0.163846
0.130620
0.111258
0.140302
0.143436
0.130620
0.157298
0.112441
0.153118
0.118574
0.105758
0.093079
0.140302
0.124073
0.149983
0.144067
0.127071
0.111890
0.118574
0.136752
0.149983
0.137935
0.168929
0.156114
0.117389
0.127071
0.159879
0.088346
0.144067
0.127071
0.124704
0.124704
0.136752
0.149567
0.134386
0.091896
0.134386
0.163429
0.062852
0.099211
0.091896
0.124073
0.108892
0.091896
0.146434
0.142253
0.076714
0.072534
0.072534
0.091896
0.072534
0.117389
0.108892
0.107077
0.095030
0.095030
0.104710
0.102760
0.073717
0.043275
0.111258
0.065986
0.078665
0.121155
0.149567
0.132572
0.152564
0.120523
0.073164
0.104710
0.108892
0.098027
0.124073
0.113840
0.124073
0.118574
0.083398
0.079848
0.117389
0.098027
0.107708
0.107708
0.089529
0.101577
0.099211
0.098027
0.130204
0.088346
0.098027
0.111890
0.105342
0.115023
0.084165
0.049621
0.031441
0.060486
0.101160
0.066617
0.106108
0.095660
0.078665
0.089529
0.085979
0.062436
0.085979
0.097611
0.039940
0.068983
0.044120
0.124704
0.095660
0.060486
0.053171
0.068983
0.047670
0.104159
0.134386
0.049621
0.066617
0.026927
0.059302
0.075115
0.094478
0.107292
0.075115
0.062436
0.085563
0.046071
0.056935
0.053385
0.101792
0.059933
0.104925
0.095244
0.046071
0.065433
0.046071
0.081246
0.036389
0.094061
0.068567
0.057702
0.082429
0.072748
0.095244
0.104925
0.082429
0.053385
0.028860
0.055752
0.053385
0.056519
0.094061
0.028860
0.031227
0.025567
0.061883
0.034022
0.075881
0.039523
0.039523
0.023252
0.023714
0.052969
0.013263
0.023714
0.031770
0.043288
0.097826
0.049835
0.023714
0.045654
0.072332
0.037157
0.032839
0.031770
0.066200
0.049835
0.065018
0.087514
0.103742
0.026545
0.032839
0.021320
0.015630
0.030330
0.056519
0.066200
0.029866
0.023252
0.031770
0.023252
0.023252
0.033240
0.043288
0.078463
0.068782
0.062651
0.078463
0.051787
0.080831
0.090512
0.061467
0.064602
0.088145
0.059100
0.071148
0.049419
0.060284
0.033240
0.103957
0.067599
0.050603
0.067599
0.049419
0.032777
0.048236
0.055551
0.023305
0.038554
0.034219
0.026162
0.031851
0.020937
0.038554
0.044686
0.039186
0.044686
0.061682
0.048236
0.065232
0.038554
0.062866
0.100408
0.070732
0.072547
0.054368
0.080414
0.084595
0.017153
0.026162
0.038554
0.026162
0.026162
0.066415
0.023796
0.026162
0.044686
0.030463
0.036151
0.054368
0.029021
0.014786
0.036614
0.060499
0.066631
0.070180
0.044686
0.087175
0.053184
0.065999
0.018160
0.035225
0.041136
0.018160
0.034763
0.047820
0.014866
0.023385
0.031932
0.018622
0.017697
0.076312
0.039525
0.031932
0.047268
0.041136
0.031932
0.039062
0.054582
0.053951
0.031006
0.049634
0.013941
0.028612
0.030543
0.025318
0.054582
0.040995
0.072762
0.060083
0.029618
0.016307
0.027685
0.050401
0.034844
0.023929
0.012552
0.016851
0.056533
0.028229
0.042670
0.041972
0.036284
0.046851
0.028229
0.039606
0.051800
0.041972
0.052982
0.033454
0.051800
0.026840
0.017830
0.045376
0.031139
0.044884
0.044884
0.046817
0.028281
0.033507
0.030677
0.064830
0.045427
0.035440
0.034977
0.024062
0.029288
0.015052
0.024605
0.008466
0.030294
0.040282
0.040282
0.041209
0.083640
0.034594
0.040282
0.029832
0.034594
0.028906
0.024143
0.049808
0.045509
0.015596
0.023217
0.057729
0.044582
0.060727
0.044039
0.064278
0.051197
0.028443
0.031764
0.051197
0.036961
0.039819
0.047441
0.042650
0.036961
0.051197
0.075909
0.042650
0.044582
0.044119
0.043194
0.000000
0.027516
0.044119
0.032742
0.031816
0.027054
0.042731
0.022806
0.065812
0.022806
0.040363
0.040363
0.017118
0.034675
0.011921
0.029964
0.041341
0.044172
0.005740
0.048963
0.038483
0.047031
0.028495
0.036116
0.024276
0.068393
0.071943
0.047575
0.029038
0.045642
0.053264
0.039953
0.017198
0.049015
0.051330
0.072574
0.054242
0.056093
0.027649
0.069024
0.035706
0.050405
0.011973
0.028575
0.022887
0.017198
0.044716
0.022887
0.050405
0.057563
0.033338
0.033338
0.039953
0.050405
0.039028
0.011510
0.039953
0.053264
0.072574
0.056093
0.055631
0.038564
0.058489
0.039028
0.062893
0.033338
0.038564
0.033338
0.038564
0.057563
0.037174
0.044253
0.054242
0.030018
0.065474
0.045723
0.048553
0.025798
0.042864
0.035786
0.044797
0.054785
0.060474
0.035786
0.044334
0.040087
0.047164
0.018720
0.020653
0.040087
0.032030
0.052008
0.033500
0.036794
0.031567
0.036330
0.042019
0.014038
0.030642
0.024489
0.034941
0.019264
0.033009
0.049640
0.040630
0.052471
0.059629
0.034941
0.078504
0.056307
0.051544
0.040167
0.023563
0.045856
0.045856
0.051081
0.052008
0.025931
0.065370
0.056307
0.042563
0.043461
0.047298
0.044930
0.091951
0.039242
0.050619
0.038778
0.044930
0.042997
0.037390
0.043077
0.054456
0.054919
0.048766
0.054919
0.043540
0.097665
0.077536
0.070596
0.059218
0.038778
0.072529
0.080669
0.072065
0.066376
0.052604
0.055925
0.075169
0.066376
0.035076
0.043623
0.047922
0.042697
0.059299
0.059762
0.042697
0.032244
0.022800
0.074122
0.069288
0.027997
0.042233
0.032789
0.041307
0.049854
0.046996
0.040844
0.057910
0.056521
0.034230
0.039918
0.029467
0.049907
0.029085
0.027152
0.038530
0.051376
0.045689
0.035700
0.056602
0.067053
0.040978
0.030063
0.029600
0.035753
0.061365
0.044762
0.055676
0.055676
0.040978
0.064196
0.061365
0.050451
0.071354
0.054751
0.054288
0.038147
0.023912
0.026306
0.064275
0.047210
0.059050
0.069965
0.085642
0.053361
0.058588
0.038200
0.060058
0.045821
0.059130
0.051047
0.041059
0.052435
0.031122
0.051047
0.046747
0.084253
0.073339
0.055266
0.069039
0.065717
0.068576
0.062887
0.065746
0.084716
0.062887
0.046747
0.100259
0.056735
0.045821
0.034444
0.064356
0.045357
0.061498
0.038743
0.031122
0.061498
0.056816
0.044976
0.020702
0.044514
0.055428
0.064409
0.042581
0.042117
0.072957
0.034062
0.033135
0.063484
0.078645
0.053957
0.059645
0.071024
0.078645
0.060109
0.067730
0.056816
0.064873
0.038825
0.055890
0.053495
0.080086
0.047342
0.061116
0.072957
0.069635
0.066804
0.050201
0.048350
0.049327
0.057413
0.069715
0.034114
0.069253
0.066857
0.046498
0.046960
0.067863
0.081093
0.022737
0.056869
0.053112
0.037435
0.027037
0.050798
0.063100
0.078779
0.087787
0.095843
0.084931
0.054553
0.067863
0.073553
0.032725
0.057413
0.074479
0.067863
0.070722
0.079322
0.062175
0.067401
0.067401
0.050798
0.071701
0.055098
0.051776
0.064161
0.026192
0.042332
0.082234
0.078396
0.063235
0.060867
0.070855
0.066092
0.057545
0.055178
0.046169
0.055178
0.061331
0.050415
0.066556
0.063698
0.035253
0.066092
0.071781
0.072244
0.060867
0.070855
0.083159
0.077933
0.055641
0.062771
0.073686
0.080300
0.063698
0.085525
0.080300
0.063235
0.035716
0.066092
0.067535
0.046169
0.070855
0.070855
0.053789
0.057545
0.040479
0.056157
0.044779
0.076081
0.059015
0.050005
0.035336
0.085143
0.060456
0.055231
0.080381
0.035336
0.063314
0.069467
0.077522
0.068541
0.043390
0.083292
0.035387
0.061926
0.039634
0.035849
0.049160
0.054385
0.042545
0.031631
0.029068
0.058684
0.048234
0.053459
0.041620
0.057761
0.044993
0.088679
0.056913
0.054546
0.063065
0.071613
0.068755
0.073980
0.046925
0.078228
0.052615
0.052615
0.051226
0.053593
0.033696
0.042166
0.038459
0.037357
0.058898
0.053210
0.052748
0.041833
0.038838
0.038511
0.051358
0.041547
0.053292
0.046132
0.080346
0.047139
0.041191
0.041281
0.040525
0.048887
0.037788
0.043303
0.054680
0.058436
0.058436
0.056069
0.058436
0.052748
0.074577
0.055606
0.056069
0.069814
0.038838
0.047059
0.052284
0.052829
0.044076
0.051903
0.045039
0.040525
0.041281
0.040525
0.039449
0.051415
0.046698
0.049406
0.060323
0.054641
0.046521
0.047736
0.053425
0.045471
0.055793
0.053425
0.059113
0.043436
0.060039
0.079039
0.060039
0.048663
0.044598
0.042973
0.043815
0.042973
0.052809
0.053425
0.042973
0.048357
0.048663
0.041801
0.048663
0.048663
0.041801
0.061480
0.053425
0.065727
0.056283
0.063414
0.043548
0.048663
0.045471
0.041801
0.047736
0.050886
0.042047
0.053425
0.064802
0.043518
0.055821
0.052961
0.051761
0.046347
0.051761
0.058651
0.071960
0.043518
0.041535
0.049837
0.048742
0.043373
0.057174
0.060844
0.058049
0.054379
0.068181
0.048788
0.042233
0.060668
0.064337
0.044069
0.048520
0.061643
0.044676
0.047829
0.054810
0.054810
0.050091
0.059790
0.048169
0.059327
0.068337
0.059790
0.062238
0.051837
0.054101
0.062649
0.046422
0.058569
0.053760
0.062649
0.061099
0.048413
0.053640
0.056007
0.086382
0.048413
0.050808
0.051837
0.047992
0.055506
0.047950
0.070242
0.047950
0.059175
0.052711
0.062844
0.060049
0.052711
0.056380
0.052250
0.056470
0.057077
0.058732
0.061528
0.059698
0.072626
0.057684
0.057093
0.050345
0.072226
0.052330
0.049472
0.051405
0.058380
0.114465
0.072790
0.094112
0.078119
0.075931
0.079599
0.075931
0.084409
0.083535
0.058634
0.062571
0.075500
0.074361
0.070959
0.060825
0.055785
0.061873
0.061873
0.064669
0.057065
0.076548
0.061607
0.073831
0.081170
0.094706
0.085269
0.089810
0.090079
0.087282
0.071732
0.080994
0.080209
0.078021
0.083614
0.085359
0.094178
0.109550
0.119684
0.114875
0.113916
0.105529
0.102127
0.124923
0.110246
0.106578
0.111994
0.099150
0.115661
0.108326
0.120113
0.100810
0.105529
0.093381
0.113135
0.120113
0.109465
0.113135
0.100289
0.098367
0.103958
0.091903
0.098367
0.087451
0.103868
0.101163
0.096622
0.084564
0.111296
0.089980
0.107627
0.100289
0.083777
0.089458
0.082995
0.075657
0.074608
0.088410
0.106754
0.105705
0.120382
0.123000
0.109804
0.118282
0.103339
0.109628
0.114438
0.122558
0.126494
0.118015
0.136451
0.107883
0.120635
0.108847
0.093904
0.127190
0.117840
0.122558
0.113297
0.113389
0.110502
0.106832
0.120725
0.105782
0.117058
0.108580
0.117058
0.108580
0.111466
0.109452
0.117058
0.109452
0.119586
0.123256
0.108580
0.123344
0.118804
0.119675
0.112249
0.108580
0.120725
0.113389
0.117058
0.092156
0.114079
0.117058
0.117840
0.120725
0.117058
0.115044
0.113297
0.118980
0.105959
0.114347
0.103339
0.120904
0.096002
0.107792
0.106226
0.109895
0.096092
0.099670
0.105263
0.093904
0.096875
0.094952
0.102558
0.107883
0.118015
0.116184
0.115220
0.136451
0.123256
0.138980
0.138803
0.127797
0.125873
0.136973
0.135831
0.109010
0.137755
0.122812
0.110931
0.143170
0.117222
0.114514
0.122636
0.131290
0.133909
0.118093
0.122636
0.107087
0.123685
0.131113
0.115298
0.118967
0.123510
0.117136
0.116172
0.115995
0.119664
0.134607
0.120538
0.118007
0.125347
0.124206
0.140714
0.137833
0.126826
0.124030
0.134165
0.129621
0.135037
0.115818
0.130495
0.131369
0.135037
0.119221
0.138974
0.139756
0.133115
0.148573
0.140363
0.120186
0.137833
0.125686
0.126560
0.141501
0.133115
0.130495
0.116601
0.130228
0.132418
0.123423
0.117918
0.135212
0.136262
0.140895
0.137402
0.134692
0.136706
0.131113
0.144651
0.138453
0.149459
0.138453
0.131023
0.131023
0.157846
0.134692
0.144916
0.140981
0.151115
0.155658
0.143600
0.139931
0.136085
0.150762
0.136085
0.147094
0.138706
0.147789
0.130320
0.148663
0.125601
0.128396
0.137565
0.140454
0.126382
0.143072
0.130925
0.133989
0.133989
0.139670
0.148573
0.125510
0.139580
0.133897
0.144298
0.126826
0.141768
0.131545
0.153824
0.133467
0.136262
0.129707
0.144741
0.136262
0.133467
0.139931
0.148409
0.130064
0.123510
0.140981
0.140981
0.138453
0.134692
0.155317
0.140285
0.145092
0.138021
0.149811
0.140549
0.152607
0.149987
0.138198
0.151128
0.160566
0.146937
0.146240
0.146330
0.146064
0.141346
0.156022
0.162577
0.151212
0.145621
0.150255
0.155578
0.137233
0.146318
0.149987
0.155845
0.152352
0.145797
0.146937
0.154275
0.127907
0.127641
0.125198
0.138823
0.131486
0.139698
0.154549
0.140050
0.154118
0.138212
0.149310
0.160317
0.154118
0.151058
0.145641
0.148261
0.153853
0.156738
0.160408
0.148261
0.155599
0.154458
0.157346
0.163720
0.163810
0.156472
0.149134
0.159268
0.142845
0.145641
0.145641
0.145641
0.165732
0.140831
0.156738
0.160408
0.156648
0.153763
0.173070
0.160317
0.148261
0.174210
0.141098
0.138048
0.133683
0.128710
0.103126
0.098063
0.096316
0.092126
0.117203
0.110472
0.124364
0.114140
0.121569
0.127160
0.128034
0.124364
0.132752
0.124540
0.107069
0.117985
0.142885
0.118251
0.104017
0.108913
0.103498
0.110138
0.109266
0.093808
0.116870
0.115821
0.109355
0.107342
0.099308
0.103244
0.100533
0.106822
0.109443
0.115997
0.120539
0.112151
0.113632
0.136519
0.127348
0.123589
0.134596
0.129879
0.130660
0.119919
0.117034
0.116250
0.120793
0.116341
0.116250
0.118174
0.118174
0.115378
0.120970
0.127525
0.112582
0.117300
0.117300
0.125688
0.111011
0.122109
0.120539
0.110405
0.102976
0.101056
0.117920
0.116870
0.117828
0.103419
0.105342
0.104469
0.109885
0.117666
0.092941
0.087526
0.105089
0.103948
0.102202
0.097484
0.104038
0.106567
0.110237
0.121242
0.116525
0.109188
0.099055
0.109798
0.128405
0.126217
0.138187
0.137048
0.117743
0.134075
0.138793
0.138884
0.123851
0.137835
0.150589
0.124639
0.150322
0.125513
0.132850
0.136519
0.131977
0.146743
0.124371
0.123589
0.143948
0.131801
0.128913
0.112582
0.117906
0.126560
0.126652
0.129357
0.129357
0.134948
0.137567
0.133898
0.131977
0.133116
0.130230
0.124639
0.123766
0.127259
0.122716
0.136519
0.131801
0.131801
0.142984
0.119919
0.138265
0.138265
0.137392
0.139137
0.124195
0.139137
0.120618
0.127864
0.133370
0.132497
0.149096
0.132497
0.134418
0.136342
0.118603
0.124462
0.129180
0.139406
0.128132
0.122983
0.131280
0.115730
0.118702
0.124118
0.109266
0.123159
0.123159
0.121055
0.132771
0.097913
0.104293
0.111807
0.106392
0.119322
0.118273
0.112680
0.121335
0.114954
0.115046
0.118018
0.087702
0.109982
0.100898
0.113828
0.116715
0.117229
0.088485
0.114434
0.114434
0.099758
0.123179
0.112954
0.104568
0.119510
0.106757
0.116623
0.113222
0.102996
0.104919
0.111913
0.117242
0.089637
0.109904
0.120038
0.114622
0.088848
0.099856
0.098375
0.114102
0.111573
0.095933
0.086848
0.106333
0.091657
0.100044
0.094805
0.089390
0.074018
0.077255
0.079621
0.082150
0.067474
0.082769
0.104871
0.094207
0.090628
0.094207
0.098748
0.091587
0.101320
0.071495
0.083466
0.090979
0.057353
0.091423
0.080149
0.089411
0.125216
0.097355
0.094916
0.120267
0.114767
0.097178
0.105502
0.114552
0.098658
0.127784
0.093157
0.122284
0.108421
0.100495
0.090361
0.118519
0.135514
0.137881
0.096559
0.118519
0.100319
0.118519
0.143381
0.144564
0.112387
0.100319
0.099446
0.086692
0.091411
0.085031
0.079099
0.092029
0.086438
0.083818
0.081022
0.091247
0.105086
0.107452
0.076480
0.081022
0.107036
0.102303
0.103486
0.093805
0.122849
0.101536
0.116166
0.110034
0.106484
0.089586
0.138662
0.125847
0.088536
0.085917
0.109618
0.102934
0.085917
0.128980
0.116166
0.145210
0.121666
0.140261
0.100353
0.116718
0.113584
0.124448
0.139631
0.136496
0.124448
0.136496
0.137680
0.147361
0.152861
0.115184
0.135865
0.097178
0.101320
0.118317
0.157042
0.124864
0.087917
0.124864
0.091587
0.096396
0.130365
0.140046
0.114136
0.137680
0.095255
0.137680
0.126815
0.114136
0.107869
0.137680
0.101320
0.113369
0.098143
0.092459
0.128415
0.118733
0.127232
0.130781
0.143596
0.121100
0.121100
0.131965
0.115600
0.143596
0.130781
0.117550
0.136282
0.117550
0.118733
0.107869
0.098143
0.152095
0.114552
0.096396
0.108635
0.093509
0.105502
0.137680
0.155859
0.127998
0.114767
0.123265
0.136496
0.116718
0.128765
0.124448
0.152309
0.127446
0.090107
0.134130
0.132947
0.153493
0.126815
0.178356
0.172855
0.161990
0.129948
0.149311
0.123265
0.191035
0.181353
0.124448
0.178986
0.121315
0.143811
0.123265
0.127446
0.132947
0.154260
0.117765
0.132947
0.099722
0.142627
0.163174
0.161990
0.194168
0.153493
0.123265
0.119715
0.136080
0.180937
0.151893
0.156074
0.114215
0.107668
0.119715
0.185118
0.139078
0.142212
0.171256
0.090283
0.127030
0.154891
0.142212
0.142212
0.142212
0.132530
0.154891
0.136711
0.151893
0.185118
0.151893
0.176756
0.120899
0.129396
0.161022
0.154260
0.136711
0.139078
0.129396
0.156074
0.089586
0.179754
0.142212
0.089586
0.143609
0.176204
0.139293
0.114566
0.140691
0.069416
0.141673
0.118760
0.131992
0.112629
0.137076
0.142655
0.082616
0.092298
0.107480
0.178382
0.196009
0.149969
0.131790
0.178382
0.143838
0.188694
0.179013
0.172882
0.130607
0.160834
0.190645
0.191828
0.186328
0.171699
0.172882
0.166750
0.195794
0.176432
0.186113
0.144254
0.208609
0.166750
0.206659
0.147805
0.144807
0.202895
0.206444
0.146406
0.165769
0.179000
0.168135
0.134143
0.163188
0.163188
0.152322
0.143825
0.143273
0.169319
0.090685
0.149540
0.106081
0.127259
0.148987
0.148987
0.125444
0.142440
0.101349
0.123845
0.100933
0.094463
0.135354
0.084366
0.104360
0.146218
0.141901
0.091895
0.062435
0.111609
0.092877
0.129788
0.104925
0.094477
0.139470
0.094827
0.092877
0.091694
0.060700
0.100192
0.102559
0.046286
0.137734
0.045102
0.131817
0.116219
0.052000
0.115588
0.125270
0.060498
0.108489
0.120536
0.087176
0.102358
0.122903
0.132584
0.125900
0.217564
0.154945
0.128267
0.098592
0.133768
0.160445
0.158495
0.154313
0.111272
0.115588
0.078047
0.096226
0.116219
0.125900
0.144632
0.114269
0.141499
0.102774
0.095673
0.109672
0.116219
0.145263
0.113222
0.105907
0.145815
0.073314
0.112039
0.095042
0.115588
0.100406
0.099223
0.123951
0.100406
0.129451
0.118586
0.173676
0.133000
0.113638
0.110504
0.124503
0.154730
0.145048
0.145048
0.109873
0.121921
0.092877
0.146648
0.114606
0.124288
0.107292
0.131602
0.095875
0.103741
0.075114
0.117604
0.139470
0.129788
0.138286
0.165380
0.163013
0.142883
0.168930
0.153748
0.134385
0.133202
0.130205
0.127070
0.135569
0.136752
0.153117
0.143435
0.132571
0.146433
0.151934
0.157297
0.179794
0.191841
0.120939
0.171296
0.162798
0.165796
0.110074
0.087578
0.157297
0.110842
0.117390
0.125887
0.122889
0.136752
0.133754
0.148799
0.149983
0.159664
0.107077
0.119756
0.104710
0.096843
0.110842
0.118156
0.149150
0.131602
0.132785
0.141699
0.132785
0.200555
0.165380
0.136335
0.107292
0.065433
0.144834
0.113839
0.175061
0.173877
0.123521
0.141699
0.155698
0.146017
0.162246
0.166563
0.133202
0.096843
0.147064
0.152565
0.175477
0.193792
0.142253
0.165796
0.194840
0.176660
0.188708
0.145666
0.151166
0.131804
0.142669
0.120939
0.156667
0.172895
0.140854
0.110490
0.128670
0.153533
0.153533
0.143852
0.128039
0.143852
0.140302
0.151166
0.141485
0.125672
0.108677
0.134171
0.135354
0.149352
0.120172
0.112857
0.145035
0.137720
0.121355
0.174079
0.123722
0.112857
0.131037
0.180210
0.141485
0.124073
0.142253
0.149983
0.140302
0.111258
0.143435
0.099210
0.120939
0.157297
0.172479
0.183344
0.187661
0.141485
0.159664
0.137304
0.159664
0.101577
0.140302
0.156114
0.148799
0.114391
0.149983
0.149983
0.173662
0.127622
0.158481
0.149983
0.125120
0.093079
0.140302
0.124073
0.166979
0.179794
0.148799
0.125120
0.147616
0.143435
0.156114
0.162798
0.157297
0.140302
0.123306
0.105126
0.160848
0.143852
0.160848
0.105758
0.154300
0.171296
0.117390
0.136752
0.136752
0.139885
0.147200
0.148383
0.136752
0.165796
0.132571
0.144066
0.127070
0.124704
0.107708
0.102760
0.151934
0.147616
0.142253
0.165796
0.185158
0.158481
0.172479
0.166979
0.159664
0.173662
0.170529
0.185711
0.169898
0.189124
0.187941
0.200125
0.169898
0.148585
0.158266
0.129222
0.140718
0.168579
0.115360
0.158266
0.164814
0.162447
0.169131
0.126089
0.170314
0.144267
0.178812
0.117590
0.142454
0.127272
0.142454
0.160633
0.166134
0.169131
0.158266
0.172128
0.158266
0.150951
0.135770
0.126089
0.135770
0.167947
0.120725
0.131589
0.167947
0.163766
0.129638
0.125458
0.183545
0.175047
0.192043
0.153734
0.184728
0.168916
0.175047
0.152552
0.133188
0.159235
0.168916
0.168916
0.161601
0.168916
0.156100
0.136738
0.172466
0.166965
0.143422
0.169332
0.174832
0.170515
0.159651
0.180197
0.171699
0.162018
0.192245
0.165567
0.171068
0.136523
0.122525
0.243232
0.186113
0.186113
0.155118
0.164800
0.179982
0.147805
0.206028
0.209026
0.179982
0.223440
0.183532
0.228804
0.180398
0.199761
0.164585
0.171900
0.190631
0.169950
0.165769
0.174267
0.189448
0.180950
0.197179
0.227406
0.146822
0.188681
0.171685
0.128643
0.159637
0.192231
0.150372
0.190417
0.196412
0.213960
0.215144
0.115197
0.169735
0.172868
0.177050
0.149956
0.169319
0.198362
0.181366
0.200729
0.170502
0.191047
0.210410
0.234090
0.176418
0.147375
0.178233
0.223641
0.218140
0.224825
0.163603
0.164786
0.175235
0.200729
0.204279
0.182550
0.190631
0.159637
0.140275
0.230540
0.174819
0.188681
0.223857
0.160405
0.171900
0.219123
0.199129
0.154905
0.180398
0.210625
0.181581
0.167719
0.202263
0.187082
0.203311
0.225807
0.225807
0.209994
0.264532
0.209442
0.212575
0.200944
0.151906
0.181581
0.202895
0.202895
0.199761
0.184579
0.169534
0.180398
0.223440
0.164585
0.235488
0.205261
0.204078
0.181581
0.184714
0.223440
0.191262
0.217309
0.205261
0.197946
0.226990
0.212992
0.204493
0.200312
0.252900
0.214175
0.197179
0.227406
0.188681
0.193629
0.231171
0.248720
0.243219
0.232907
0.217724
0.237087
0.242588
0.175235
0.254636
0.253452
0.260000
0.237504
0.204279
0.250318
0.258816
0.247952
0.197179
0.245170
0.229357
0.209994
0.245800
0.227622
0.280344
0.249350
0.248167
0.263348
0.278394
0.304440
0.271079
0.275260
0.260981
0.253667
0.257848
0.264532
0.235488
0.293575
0.251716
0.249767
0.264948
0.287444
0.267530
0.252900
0.281944
0.298309
0.293575
0.215358
0.248167
0.309388
0.263980
0.329382
0.286475
0.272614
0.302288
0.250748
0.313153
0.293654
0.304655
0.305838
0.284525
0.312386
0.302288
0.294974
0.279792
0.281743
0.256880
0.298738
0.298738
0.285923
0.306470
0.331332
0.334330
0.321651
0.316151
0.294974
0.315520
0.325201
0.303887
0.331748
0.284525
0.306254
0.309388
0.325617
0.292392
0.322619
0.344349
0.315169
0.287444
0.332300
0.312938
0.315936
0.280344
0.303887
0.338432
0.359745
0.332931
0.332931
0.357794
0.374791
0.317119
0.331117
0.348113
0.325617
0.331117
0.383705
0.381338
0.374023
0.389205
0.312938
0.352847
0.400070
0.309804
0.320669
0.358211
0.351663
0.323666
0.323666
0.375974
0.342613
0.349161
0.331748
0.377157
0.367476
0.393386
0.383705
0.366708
0.338848
0.365525
0.365525
0.348113
0.341982
0.346930
0.351111
0.374791
0.370473
0.385655
0.354661
0.365525
0.308621
0.336482
0.320669
0.364342
0.388021
0.382658
0.382658
0.360162
0.351663
0.334667
0.364894
0.415251
0.367892
0.359394
0.320669
0.367261
0.367261
0.346579
0.387254
0.367892
0.378757
0.359394
0.419432
0.389621
0.381123
0.377573
0.398119
0.413301
0.422982
0.384257
0.407800
0.390804
0.382307
0.407169
0.442345
0.429530
0.430713
0.447709
0.400486
0.446526
0.461707
0.452026
0.456207
0.490751
0.421031
0.450075
0.465256
0.494301
0.455575
0.446942
0.495348
0.471805
0.478488
0.463307
0.421448
0.443944
0.481486
0.468806
0.474171
0.492351
0.474938
0.455575
0.456623
0.493749
0.501615
0.469438
0.503430
0.456207
0.481069
0.487617
0.493749
0.494932
0.468255
0.475569
0.462754
0.436845
0.468255
0.529476
0.537206
0.505030
0.500848
0.502032
0.469854
0.460173
0.486850
0.475985
0.498481
0.498481
0.491167
0.522025
0.527525
0.528708
0.511713
0.581016
0.511713
0.565620
0.472988
0.523345
0.516662
0.549254
0.520842
0.536023
0.516662
0.529476
0.491167
0.546887
0.537206
0.524528
0.527525
0.517214
0.563253
0.531075
0.495348
0.542708
0.556569
0.525575
0.549254
0.556569
0.537206
0.518260
0.515894
0.502032
0.511713
0.555386
0.540757
0.509762
0.527942
0.494717
0.498898
0.550438
0.540757
0.540757
0.557753
0.575931
0.562069
0.549254
0.524392
0.603376
0.575516
0.545704
0.573565
0.549886
0.603792
0.587564
0.562701
0.591744
0.526342
0.587564
0.566251
0.541387
0.545704
0.598428
0.559567
0.570432
0.557753
0.560750
0.614657
0.615840
0.569801
0.550438
0.598844
0.583663
0.540757
0.589163
0.547304
0.576348
0.573351
0.570217
0.566035
0.578850
0.621757
0.570217
0.604761
0.567219
0.607895
0.604761
0.550223
0.576900
0.605944
0.586582
0.599261
0.583448
0.583448
0.561719
0.560535
0.550854
0.579898
0.585398
0.573766
0.615625
0.596263
0.596263
0.601763
0.567635
0.590131
0.584631
0.577316
0.557953
0.603994
0.588181
0.597862
0.613044
0.572369
0.590547
0.597231
0.540191
0.580867
0.590547
0.562687
0.597862
0.571185
0.593682
0.622725
0.590547
0.559553
0.586231
0.611094
0.580236
0.594098
0.613460
0.574735
0.519229
0.564085
0.608311
0.569585
0.516862
0.573351
0.527311
0.614026
0.573351
0.592713
0.541173
0.599261
0.561719
0.554404
0.596263
0.573766
0.574950
0.594312
0.590131
0.591179
0.557953
0.559137
0.536641
0.549455
0.573136
0.551823
0.576685
0.574319
0.611444
0.492767
0.514294
0.523975
0.585197
0.494932
0.520426
0.528924
0.537421
0.514925
0.552603
0.561517
0.550653
0.507611
0.521609
0.511161
0.545704
0.550021
0.541387
0.544521
0.569248
0.560750
0.517844
0.522792
0.496882
0.528924
0.520426
0.522792
0.545920
0.530107
0.474386
0.525374
0.525374
0.525374
0.498280
0.535055
0.535055
0.506011
0.569183
0.515693
0.515693
0.532688
0.497513
0.541738
0.480517
0.521193
0.528507
0.503013
0.540555
0.521824
0.459555
0.457188
0.495914
0.495914
0.509777
0.512143
0.490413
0.473418
0.515276
0.512143
0.492780
0.512143
0.489782
0.526141
0.468470
0.492149
0.538189
0.513326
0.492780
0.543137
0.505595
0.500095
0.522591
0.466870
0.518410
0.502461
0.503645
0.492780
0.538189
0.532688
0.500647
0.489782
0.528507
0.507194
0.570783
0.525926
0.522792
0.536023
0.597245
0.526342
0.537206
0.538390
0.537206
0.554755
0.525575
0.531075
0.563669
0.572167
0.519444
0.553987
0.512129
0.524944
0.524944
0.512129
0.560535
0.552037
0.515679
0.509131
0.552037
0.518813
0.486635
0.557537
0.521180
0.535041
0.536224
0.551407
0.512681
0.557953
0.559137
0.539144
0.553007
0.526329
0.548825
0.514281
0.526329
0.512331
0.524378
0.584417
0.516648
0.523962
0.516648
0.522779
0.494918
0.514281
0.523962
0.526960
0.533644
0.529462
0.516648
0.521381
0.537193
0.529878
0.521381
0.511700
0.531062
0.550425
0.511700
0.540743
0.524378
0.648850
0.515880
0.537193
0.511700
0.529878
0.511700
0.550425
0.539560
0.520197
0.558923
0.531062
0.550425
0.506199
0.488787
0.477922
0.510516
0.526329
0.514697
0.489553
0.490185
0.478137
0.487819
0.503000
0.507181
0.484685
0.507181
0.489769
0.454594
0.457591
0.457175
0.509762
0.471453
0.470407
0.461773
0.447910
0.482454
0.476954
0.478137
0.522362
0.509547
0.501050
0.493319
0.462325
0.495269
0.487819
0.451460
0.439412
0.467273
0.493950
0.464275
0.470822
0.493319
0.467273
0.470822
0.473957
0.445960
0.461141
0.467825
0.512681
0.441779
0.493950
0.475003
0.487819
0.461141
0.452644
0.477506
0.467825
0.487187
0.487187
0.481687
0.474372
0.438781
0.461141
0.465322
0.465322
0.439828
0.475556
0.440380
0.462741
0.465243
0.481472
0.485653
0.482655
0.450478
0.468793
0.465659
0.485022
0.475341
0.466843
0.446714
0.456394
0.475757
0.461760
0.438216
0.425401
0.467259
0.486622
0.469626
0.444763
0.430901
0.421220
0.461128
0.502219
0.516634
0.471778
0.491140
0.462095
0.467596
0.468012
0.472193
0.485425
0.450249
0.482427
0.498656
0.473163
0.453799
0.445165
0.496706
0.440984
0.442168
0.460347
0.460347
0.488344
0.494891
0.445165
0.463480
0.465848
0.457348
0.446485
0.437987
0.437987
0.444118
0.434437
0.462298
0.476296
0.453799
0.434437
0.418072
0.463064
0.453383
0.492109
0.426706
0.472746
0.429073
0.443071
0.452616
0.434437
0.459299
0.470028
0.450034
0.450034
0.409360
0.414860
0.466399
0.443903
0.451218
0.406362
0.442584
0.464449
0.463265
0.447453
0.493494
0.452817
0.464449
0.453585
0.472947
0.483812
0.451635
0.461315
0.455183
0.474547
0.478096
0.458102
0.447102
0.471965
0.444105
0.444105
0.473148
0.462284
0.471965
0.456152
0.482830
0.457336
0.467017
0.505742
0.469383
0.501561
0.469383
0.479065
0.500794
0.457752
0.465619
0.483798
0.474117
0.417213
0.461302
0.445073
0.455938
0.482615
0.441940
0.474117
0.451621
0.443122
0.509709
0.455171
0.487348
0.450223
0.442354
0.466035
0.446672
0.510261
0.449040
0.478084
0.465404
0.436360
0.437407
0.440542
0.465404
0.461087
0.423545
0.469586
0.467770
0.471953
0.475501
0.390737
0.445274
0.485184
0.444508
0.446875
0.437193
0.441508
0.472920
0.450424
0.422564
0.449793
0.447426
0.444292
0.426114
0.445476
0.405568
0.380073
0.424930
0.453974
0.418798
0.472152
0.434611
0.417616
0.422348
0.418798
0.397069
0.418798
0.435794
0.410301
0.389755
0.418798
0.439344
0.447842
0.433844
0.449026
0.416849
0.354579
0.392122
0.410301
0.412667
0.432029
0.408486
0.393305
0.390938
0.404937
0.393936
0.399436
0.428479
0.432661
0.371575
0.374573
0.361895
0.388571
0.377076
0.388571
0.384255
0.387388
0.380073
0.347481
0.347695
0.369423
0.398468
0.371375
0.348878
0.379105
0.393103
0.367057
0.362877
0.408916
0.323735
0.332649
0.353826
0.386004
0.374372
0.410099
0.381055
0.397284
0.377921
0.395469
0.402784
0.388786
0.437193
0.437193
0.431197
0.440879
0.405568
0.424930
0.424930
0.386205
0.422980
0.419982
0.387805
0.427082
0.465806
0.402771
0.446861
0.453543
0.424500
0.446861
0.427498
0.420182
0.396503
0.402005
0.429865
0.421368
0.423733
0.437731
0.447413
0.424916
0.424916
0.444279
0.463641
0.441282
0.393923
0.392738
0.438148
0.403604
0.393923
0.431600
0.421919
0.424916
0.406737
0.445463
0.435150
0.412101
0.387374
0.401373
0.420735
0.397055
0.413421
0.416418
0.441282
0.406737
0.427283
0.413285
0.410287
0.370795
0.392108
0.402973
0.422334
0.410287
0.441698
0.412653
0.426653
0.404155
0.404155
0.409655
0.433199
0.429018
0.407707
0.461612
0.432569
0.398024
0.427068
0.410071
0.411256
0.447614
0.356167
0.404573
0.410071
0.437932
0.443297
0.440299
0.442666
0.420169
0.449981
0.417803
0.417803
0.423303
0.388760
0.395307
0.440299
0.419753
0.365846
0.428252
0.406522
0.374481
0.407707
0.422887
0.409520
0.423518
0.406106
0.381244
0.381244
0.373929
0.368428
0.387791
0.387791
0.393292
0.425469
0.419968
0.439330
0.408336
0.427068
0.433199
0.377478
0.415020
0.404155
0.412653
0.404155
0.397607
0.387791
0.381244
0.381244
0.358746
0.461275
0.407290
0.432016
0.388975
0.412653
0.413837
0.452562
0.396841
0.395521
0.432569
0.424071
0.385210
0.444480
0.420936
0.388760
0.398441
0.415436
0.423303
0.405124
0.436536
0.385761
0.404356
0.401990
0.434168
0.410489
0.392309
0.431034
0.436536
0.382628
0.449213
0.420169
0.401990
0.406308
0.429850
0.400807
0.432985
0.448030
0.411672
0.411672
0.421354
0.411672
0.407491
0.453395
0.395859
0.395859
0.409722
0.439948
0.448447
0.405541
0.453947
0.419403
0.433400
0.421769
0.431450
0.427269
0.451366
0.454363
0.451366
0.451366
0.438134
0.392093
0.421138
0.438134
0.457497
0.440501
0.421138
0.453315
0.458679
0.430818
0.391327
0.440501
0.399825
0.444051
0.444051
0.434370
0.406509
0.432002
0.481592
0.442867
0.454915
0.445235
0.454915
0.432420
0.436736
0.459096
0.436736
0.437919
0.454915
0.422738
0.423921
0.471144
0.443283
0.449967
0.468146
0.412426
0.432972
0.449199
0.456515
0.418972
0.435339
0.440701
0.466196
0.460831
0.445651
0.481377
0.429838
0.469746
0.469746
0.437569
0.433387
0.461248
0.463615
0.491475
0.465981
0.460481
0.475663
0.450169
0.457483
0.447170
0.397445
0.445851
0.441671
0.461033
0.451352
0.451352
0.488894
0.470715
0.477262
0.438537
0.476845
0.450169
0.448217
0.461033
0.461033
0.454348
0.434986
0.444668
0.459849
0.444668
0.444668
0.472664
0.464030
0.461033
0.451352
0.453719
0.479213
0.501709
0.469531
0.441671
0.461033
0.492443
0.470715
0.480396
0.459849
0.464030
0.461033
0.485895
0.431989
0.463399
0.463399
0.449401
0.461449
0.464583
0.464583
0.451768
0.471131
0.423909
0.461449
0.466949
0.482130
0.487495
0.474680
0.484362
0.484362
0.489862
0.496546
0.500727
0.422510
0.462001
0.478230
0.455870
0.468549
0.470915
0.472099
0.464368
0.436372
0.461233
0.465414
0.465414
0.462417
0.465414
0.489096
0.466599
0.491461
0.456917
0.452736
0.441872
0.478783
0.480597
0.481916
0.487280
0.488464
0.488464
0.501143
0.498145
0.475650
0.438107
0.453153
0.433790
0.492645
0.458654
0.470148
0.446605
0.524056
0.453153
0.431424
0.529556
0.478783
0.490278
0.429609
0.456287
0.504692
0.453920
0.446605
0.456917
0.443472
0.434558
0.492645
0.475650
0.492645
0.475650
0.487696
0.479198
0.482197
0.422159
0.487696
0.472514
0.499192
0.507059
0.468334
0.475650
0.475650
0.472514
0.475650
0.471468
0.485329
0.485329
0.456287
0.471468
0.456287
0.446605
0.475650
0.487696
0.529556
0.500513
0.487696
0.478015
0.495428
0.479198
0.453705
0.476064
0.492429
0.474115
0.467567
0.467567
0.480799
0.454753
0.486929
0.467567
0.440889
0.431209
0.442073
0.479615
0.469934
0.461436
0.518340
0.477665
0.514159
0.469934
0.448620
0.515974
0.504479
0.485115
0.476618
0.495979
0.505660
0.484348
0.457255
0.461436
0.496611
0.460252
0.450571
0.476618
0.518340
0.454120
0.498978
0.442073
0.469934
0.489296
0.512423
0.475433
0.503158
0.500161
0.494029
0.495979
0.484348
0.474667
0.477665
0.502527
0.496395
0.513392
0.486714
0.518892
0.482398
0.507260
0.497579
0.507260
0.513809
0.490265
0.496395
0.499947
0.465401
0.528990
0.494446
0.497579
0.475083
0.461220
0.507260
0.522442
0.472085
0.499947
0.513809
0.455720
0.516942
0.465401
0.482398
0.487898
0.478216
0.507260
0.507260
0.504127
0.484763
0.496948
0.516942
0.470902
0.494446
0.480583
0.507260
0.487898
0.511441
0.497579
0.516942
0.493398
0.521260
0.526623
0.497579
0.496395
0.478216
0.483717
0.470902
0.521260
0.496395
0.516942
0.466585
0.494446
0.504127
0.465401
0.494446
0.519309
0.522857
0.519309
0.466585
0.475083
0.519309
0.520491
0.490265
0.501129
0.535672
0.513178
0.464003
0.490817
0.468951
0.497364
0.491865
0.482183
0.507046
0.488866
0.491865
0.488866
0.517358
0.516942
0.494998
0.489497
0.497995
0.507676
0.484133
0.517358
0.555036
0.513178
0.522857
0.489497
0.485316
0.537904
0.462820
0.488866
0.465953
0.516727
0.497995
0.478632
0.503496
0.559217
0.480583
0.520491
0.500498
0.494998
0.490817
0.503496
0.514361
0.522857
0.474452
0.485316
0.543404
0.488314
0.499314
0.510810
0.488314
0.493815
0.493815
0.527040
0.516311
0.491449
0.496948
0.443041
0.461852
0.503711
0.494029
0.471534
0.532755
0.490895
0.500576
0.482398
0.513392
0.478216
0.506076
0.492215
0.489849
0.547936
0.477033
0.452172
0.506708
0.496395
0.502527
0.487347
0.502527
0.521890
0.512208
0.486714
0.494029
0.494029
0.509211
0.495979
0.483165
0.483165
0.484980
0.492846
0.444439
0.469934
0.492429
0.473067
0.448204
0.437340
0.477248
0.496611
0.514791
0.515974
0.479615
0.479615
0.474115
0.515343
0.485115
0.469934
0.511793
0.482332
0.456702
0.476832
0.465967
0.478015
0.517925
0.501558
0.489927
0.502743
0.543418
0.529556
0.475650
0.448770
0.514038
0.371736
0.449401
0.486527
0.498575
0.461033
0.432420
0.552143
0.530199
0.493074
0.496624
0.512990
0.494043
0.488544
0.491676
0.506858
0.471683
0.465000
0.637326
0.509856
0.474680
0.455317
0.487495
0.308714
0.377867
0.496207
0.541495
0.466613
0.343890
0.513002
0.502905
0.428453
0.528399
0.541845
0.469128
0.459447
0.495038
0.473310
0.543445
0.537313
0.526864
0.486956
0.499771
0.490089
0.519133
0.461046
0.490089
0.438549
0.432002
0.479857
0.496852
0.477490
0.477490
0.458127
0.401990
0.480624
0.434031
0.496020
0.488706
0.430619
0.465793
0.436750
0.465793
0.501385
0.479024
0.485572
0.487938
0.504935
0.465793
0.465793
0.490657
0.476657
0.475475
0.505701
0.494836
0.486339
0.488706
0.497620
0.439532
0.466209
0.473524
0.468161
0.457295
0.462659
0.479024
0.466977
0.494836
0.494836
0.461612
0.485157
0.485157
0.494836
0.481606
0.462875
0.469558
0.455560
0.467192
0.439330
0.435150
0.467192
0.460644
0.459877
0.500417
0.492685
0.475904
0.437179
0.496034
0.474305
0.497433
0.487120
0.456757
0.487120
0.492484
0.500983
0.529395
0.464623
0.474305
0.448811
0.465806
0.485169
0.447627
0.494850
0.518530
0.480989
0.496034
0.457308
0.442895
0.462257
0.429663
0.449241
0.477101
0.434195
0.469370
0.462055
0.459689
0.459689
0.495280
0.466237
0.495280
0.472920
0.482601
0.481418
0.461919
0.492282
0.466237
0.495280
0.492282
0.506144
0.483785
0.481834
0.503147
0.482601
0.522509
0.478284
0.483785
0.493466
0.506144
0.531008
0.476470
0.493466
0.490332
0.515195
0.523694
0.483017
0.506698
0.474519
0.523694
0.492699
0.498199
0.438376
0.376524
0.481418
0.462687
0.476685
0.469370
0.480865
0.468187
0.480865
0.463454
0.484000
0.471953
0.484631
0.447088
0.471953
0.476133
0.484000
0.482816
0.497997
0.444091
0.455723
0.497445
0.480665
0.492296
0.479617
0.477115
0.480248
0.506158
0.489163
0.492296
0.504975
0.468616
0.472934
0.466250
0.518974
0.520157
0.495430
0.510475
0.477115
0.467433
0.489163
0.449253
0.474117
0.497661
0.422161
0.470567
0.444105
0.442921
0.452603
0.452603
0.476147
0.450236
0.468415
0.466049
0.464865
0.461868
0.503591
0.500593
0.514455
0.487778
0.479279
0.464865
0.456367
0.457550
0.466049
0.451003
0.464865
0.484228
0.503591
0.455183
0.455183
0.456367
0.455183
0.441953
0.483259
0.409360
0.480262
0.416674
0.440984
0.460347
0.505340
0.465848
0.459930
0.436803
0.430887
0.466614
0.482427
0.485425
0.472746
0.481244
0.470243
0.444333
0.477694
0.473377
0.491556
0.465646
0.468643
0.468643
0.448651
0.475327
0.494690
0.462512
0.481875
0.461330
0.433468
0.448651
0.495458
0.491140
0.474144
0.520184
0.500821
0.465646
0.462095
0.439183
0.451232
0.433053
0.477909
0.439600
0.495321
0.498319
0.499638
0.503818
0.506322
0.489956
0.522134
0.464463
0.478325
0.477278
0.456596
0.458963
0.516003
0.500821
0.482778
0.497687
0.499638
0.500821
0.438552
0.477909
0.453397
0.447480
0.436616
0.426935
0.447480
0.482655
0.488787
0.417885
0.442747
0.484606
0.458560
0.490738
0.516231
0.461141
0.464691
0.390791
0.475556
0.465875
0.465875
0.488235
0.516231
0.490738
0.448879
0.484606
0.484606
0.458560
0.452012
0.467058
0.481055
0.512050
0.516231
0.481687
0.435647
0.433697
0.472006
0.519229
0.472006
0.475556
0.459191
0.474372
0.439828
0.475556
0.468872
0.448879
0.474372
0.521731
0.479872
0.550775
0.528279
0.529462
0.503416
0.468241
0.494918
0.481055
0.494918
0.497285
0.487604
0.459743
0.481472
0.498468
0.489970
0.510516
0.473741
0.503969
0.513650
0.469424
0.498468
0.471791
0.475972
0.501466
0.479106
0.517831
0.462741
0.512466
0.508149
0.440380
0.450062
0.477922
0.482655
0.481472
0.459743
0.494287
0.512466
0.488787
0.508149
0.498468
0.485653
0.462110
0.452429
0.508149
0.513650
0.503969
0.505016
0.510516
0.481472
0.500834
0.503969
0.538513
0.486973
0.482655
0.471791
0.482655
0.502018
0.497837
0.511700
0.492338
0.492338
0.502018
0.517200
0.488787
0.437247
0.493734
0.461693
0.465875
0.468241
0.432650
0.475556
0.452012
0.470192
0.499867
0.510731
0.513097
0.465875
0.481055
0.474372
0.522779
0.509964
0.522779
0.456194
0.506967
0.501050
0.493734
0.537960
0.484054
0.493734
0.510100
0.519782
0.443378
0.475556
0.453060
0.475556
0.493734
0.481055
0.485237
0.488235
0.490738
0.474372
0.445329
0.503000
0.487187
0.474372
0.516231
0.525913
0.516231
0.496869
0.499867
0.474372
0.516231
0.487187
0.557537
0.499867
0.493734
0.476323
0.467825
0.481687
0.506550
0.491368
0.473957
0.541173
0.478137
0.473957
0.493319
0.483638
0.489138
0.492135
0.493319
0.486635
0.486635
0.463092
0.457591
0.467273
0.478137
0.469223
0.473405
0.469223
0.511713
0.434263
0.455991
0.469854
0.482670
0.465673
0.463307
0.459126
0.453625
0.456758
0.462123
0.427579
0.482670
0.452442
0.464705
0.410167
0.503013
0.474386
0.468255
0.462754
0.458574
0.415531
0.439211
0.462754
0.465888
0.460388
0.448892
0.465888
0.500432
0.472436
0.410167
0.417482
0.474386
0.464705
0.498066
0.464705
0.461707
0.474386
0.470205
0.471388
0.474386
0.453209
0.457390
0.446526
0.464705
0.429530
0.446526
0.457605
0.438242
0.470419
0.474601
0.441376
0.459555
0.418880
0.449874
0.428145
0.466870
0.469237
0.476551
0.465687
0.479685
0.437826
0.453008
0.521407
0.405648
0.422644
0.442007
0.469867
0.486233
0.443326
0.439010
0.494730
0.486233
0.422644
0.466870
0.476551
0.448138
0.474184
0.482682
0.454822
0.446324
0.422644
0.454822
0.453639
0.489997
0.497864
0.526908
0.446324
0.488183
0.447507
0.444509
0.447507
0.401468
0.473001
0.422644
0.422644
0.422644
0.425779
0.431143
0.432326
0.402099
0.437826
0.431143
0.473001
0.460323
0.443958
0.453639
0.473001
0.428145
0.462689
0.449457
0.459140
0.456636
0.411780
0.443958
0.443958
0.427592
0.484633
0.437410
0.384687
0.395135
0.416448
0.388452
0.404264
0.401897
0.403847
0.392983
0.390617
0.399114
0.406429
0.406429
0.409979
0.417293
0.408796
0.425792
0.407613
0.388250
0.424609
0.406429
0.430109
0.405246
0.431923
0.410610
0.406429
0.425792
0.421611
0.424609
0.439790
0.453653
0.388250
0.423426
0.405246
0.377385
0.404063
0.414927
0.431923
0.404063
0.324245
0.350924
0.311015
0.370286
0.345423
0.388049
0.422593
0.391599
0.392782
0.417092
0.400096
0.394596
0.388049
0.335461
0.391599
0.342009
0.378367
0.378367
0.353505
0.359772
0.371267
0.386449
0.396131
0.357405
0.405811
0.396131
0.344590
0.295001
0.360403
0.364584
0.366534
0.369668
0.326626
0.333173
0.389031
0.393212
0.351489
0.385480
0.386664
0.404843
0.357620
0.332758
0.361801
0.346756
0.358251
0.391612
0.372250
0.363752
0.383114
0.398296
0.369252
0.404843
0.391612
0.375800
0.375800
0.361801
0.413341
0.379350
0.347803
0.366118
0.367301
0.321262
0.341255
0.340624
0.361801
0.350937
0.386664
0.376983
0.354486
0.389031
0.370851
0.348355
0.332543
0.364584
0.362769
0.339090
0.329409
0.345774
0.374265
0.341040
0.358036
0.331359
0.348355
0.354902
0.317361
0.360403
0.335541
0.335541
0.362769
0.335541
0.349539
0.341040
0.350722
0.361586
0.311230
0.310046
0.354271
0.307049
0.345774
0.316730
0.354271
0.307049
0.345774
0.326411
0.348771
0.371267
0.319728
0.363953
0.348771
0.400311
0.327595
0.365136
0.336092
0.371267
0.356222
0.344590
0.375584
0.380949
0.348771
0.351905
0.329409
0.332543
0.358453
0.365903
0.341040
0.326626
0.343622
0.290267
0.274039
0.307264
0.303714
0.289851
0.316528
0.340839
0.316113
0.334708
0.287484
0.346339
0.310612
0.320293
0.314793
0.285118
0.323427
0.328791
0.336106
0.294247
0.316743
0.314377
0.313193
0.342237
0.335690
0.316327
0.300514
0.356236
0.345371
0.355052
0.329006
0.321692
0.313193
0.291464
0.327823
0.310827
0.326008
0.291464
0.310827
0.308461
0.317725
0.269319
0.225646
0.270502
0.315359
0.325040
0.280183
0.285132
0.307492
0.305678
0.289313
0.333538
0.305678
0.305678
0.293630
0.294813
0.269950
0.294813
0.294813
0.308675
0.314175
0.314175
0.305678
0.309994
0.298363
0.294813
0.301496
0.320859
0.333538
0.302544
0.315359
0.292863
0.298994
0.298363
0.275866
0.288681
0.291679
0.292863
0.302544
0.302544
0.312225
0.317725
0.317725
0.306094
0.339455
0.296412
0.330956
0.330956
0.322459
0.345371
0.335690
0.347738
0.313193
0.301561
0.316743
0.307063
0.302881
0.320924
0.283519
0.314377
0.330742
0.287700
0.308245
0.250157
0.315560
0.273837
0.267706
0.317927
0.312562
0.269520
0.317927
0.304065
0.296197
0.326425
0.336106
0.297381
0.269520
0.308245
0.297381
0.287700
0.276835
0.287700
0.268337
0.307063
0.282199
0.281016
0.304696
0.270704
0.294383
0.294383
0.298564
0.317927
0.312562
0.313746
0.294247
0.299747
0.351288
0.310612
0.302881
0.310612
0.309429
0.307614
0.263389
0.317296
0.302114
0.271119
0.302114
0.337841
0.328024
0.348570
0.321477
0.334708
0.320709
0.309214
0.306080
0.281218
0.312211
0.322445
0.307264
0.341255
0.316945
0.312764
0.307264
0.315130
0.315130
0.251542
0.284767
0.277453
0.303083
0.313947
0.295768
0.293818
0.332127
0.280586
0.273271
0.273271
0.292634
0.324812
0.292634
0.253909
0.270905
0.308030
0.321262
0.312764
0.290267
0.295632
0.292634
0.306496
0.316178
0.299949
0.292634
0.259273
0.290267
0.338674
0.290267
0.332127
0.328993
0.340624
0.250495
0.298350
0.328577
0.299532
0.311580
0.305033
0.281354
0.226263
0.299532
0.129034
0.159893
0.212200
0.232745
0.214781
0.142494
0.241673
0.143046
0.184769
0.216609
0.233390
0.232207
0.283747
0.254703
0.264385
0.283747
0.257701
0.254703
0.297609
0.261251
0.251569
0.258884
0.238338
0.257701
0.257701
0.232838
0.279013
0.291829
0.277830
0.276647
0.276647
0.263832
0.287512
0.305691
0.305691
0.270515
0.229840
0.255334
0.248020
0.238338
0.289878
0.289878
0.315788
0.274065
0.282564
0.296426
0.318922
0.241888
0.292245
0.276432
0.280613
0.277615
0.281797
0.246621
0.281165
0.310209
0.287713
0.250171
0.287297
0.257701
0.260282
0.279229
0.253319
0.252136
0.265367
0.255685
0.255685
0.271498
0.277629
0.262448
0.288494
0.215641
0.227273
0.228455
0.285360
0.256316
0.288357
0.282362
0.224275
0.253182
0.290860
0.293994
0.300541
0.265997
0.278045
0.269547
0.226641
0.216623
0.268579
0.232220
0.217175
0.277629
0.237584
0.220589
0.223722
0.260081
0.280627
0.281810
0.241902
0.252766
0.243085
0.236954
0.259450
0.223722
0.281810
0.271712
0.265581
0.235354
0.252350
0.289892
0.242669
0.235354
0.232987
0.241486
0.289892
0.286894
0.262031
0.291075
0.253398
0.254717
0.262031
0.281394
0.241486
0.206941
0.199210
0.264613
0.337882
0.271160
0.215440
0.266979
0.322701
0.266979
0.220940
0.276661
0.274294
0.282792
0.260432
0.244067
0.263429
0.293657
0.293657
0.274294
0.307655
0.286342
0.287525
0.312388
0.275893
0.285575
0.300757
0.334748
0.307304
0.303123
0.325619
0.268579
0.286127
0.294625
0.317537
0.314404
0.290860
0.259866
0.311406
0.291276
0.396587
0.302772
0.303324
0.292460
0.313006
0.325053
0.311191
0.349917
0.305691
0.345599
0.317739
0.299560
0.306107
0.297609
0.287928
0.312791
0.332153
0.316341
0.249619
0.327069
0.303526
0.285347
0.307076
0.339253
0.343434
0.282213
0.329572
0.285763
0.274267
0.319124
0.305126
0.323305
0.339669
0.339669
0.329988
0.305126
0.300944
0.321490
0.305126
0.316757
0.214444
0.197447
0.221127
0.239938
0.252753
0.287928
0.265432
0.293428
0.264385
0.287928
0.270932
0.280613
0.293428
0.315021
0.290295
0.338701
0.293845
0.334520
0.295028
0.313207
0.324072
0.287713
0.322889
0.310209
0.313207
0.313207
0.293845
0.326022
0.322889
0.313207
0.316341
0.357432
0.332570
0.329572
0.319891
0.313207
0.264801
0.331522
0.293845
0.313207
0.304709
0.300528
0.299209
0.313207
0.303526
0.284163
0.320522
0.283747
0.279781
0.286329
0.286329
0.344416
0.277830
0.280197
0.248786
0.211876
0.263416
0.273097
0.280412
0.249417
0.282778
0.308272
0.288910
0.251368
0.250185
0.264047
0.288910
0.290093
0.286960
0.302141
0.311822
0.292460
0.302141
0.321504
0.306874
0.293643
0.355281
0.341418
0.337101
0.347966
1.000000
0.349566
0.335703
0.339884
0.272531
0.337302
0.324488
0.302128
0.311809
0.351717
0.340852
0.325040
0.345586
0.346769
0.357633
0.347952
0.303096
0.319325
0.328590
0.328590
0.303096
0.289864
0.274683
0.261237
0.306094
0.286731
0.440247
0.209281
0.260821
0.258454
0.302128
0.302128
0.256088
0.329357
0.314175
0.295996
0.368082
0.348719
0.298994
0.321490
0.292446
0.737396
0.285132
0.264450
0.269950
0.247038
0.237356
0.304078
0.300944
0.345034
0.302128
0.331171
0.307492
0.305126
0.266400
0.336672
0.329988
0.338486
0.339669
0.329988
0.271900
0.356665
0.291263
0.318707
0.305261
0.322258
0.307076
0.316757
0.329572
0.329572
0.348934
0.316757
0.361613
0.383557
0.384110
0.343434
0.339253
0.297394
0.310209
0.297193
0.296010
0.277064
0.241888
0.287928
0.278246
0.252200
0.306107
0.282427
0.325470
0.301926
0.340651
0.357647
0.355697
0.335151
0.355281
0.297609
0.330203
0.358064
0.326022
0.335703
0.320522
0.330203
0.326022
0.349566
0.307707
0.368928
0.359247
0.332570
0.307707
0.356113
0.337934
0.446593
0.336120
0.339253
0.358615
0.358615
0.343434
0.326438
0.330619
0.384526
0.314175
0.285132
0.333538
0.356034
0.331171
0.323857
0.355267
0.337088
0.350950
0.362582
0.369266
0.370313
0.321907
0.352901
0.354084
0.397126
0.381944
0.372263
0.376444
0.347400
0.344402
0.344402
0.373446
0.328038
0.363213
0.356665
0.365715
0.368714
0.432516
0.395391
0.381528
0.381528
0.378394
0.318356
0.369897
0.347400
0.350534
0.345170
0.357848
0.340852
0.360982
0.371847
0.370664
0.362165
0.366347
0.413569
0.370664
0.356665
0.366347
0.366347
0.368714
0.372263
0.395807
0.400124
0.392809
0.402490
0.370448
0.373446
0.381944
0.370313
0.366132
0.366132
0.350950
0.385494
0.379994
0.346769
0.373446
0.407991
0.366132
0.375814
0.367315
0.356451
0.390858
0.367315
0.385494
0.367315
0.406040
0.366132
0.369266
0.393992
0.416488
0.387445
0.401307
0.380761
0.339669
0.310626
0.364747
0.377426
0.374428
0.390657
0.378609
0.401522
0.382159
0.349566
0.347751
0.348382
0.332570
0.313207
0.324839
0.361197
0.361197
0.380559
0.354514
0.400689
0.380144
0.343232
0.296426
0.323103
0.361828
0.373460
0.322687
0.323870
0.357231
0.359813
0.345814
0.366360
0.376041
0.405085
0.346998
0.366360
0.384539
0.405085
0.374091
0.372277
0.403135
0.358278
0.414135
0.362595
0.352914
0.375410
0.360229
0.389272
0.389272
0.405637
0.386275
0.388641
0.354097
0.395956
0.389272
0.348181
0.395404
0.379591
0.364409
0.365593
0.379591
0.380638
0.358278
0.387322
0.387322
0.377641
0.402504
0.370462
0.354097
0.309872
0.302141
0.353681
0.423400
0.345814
0.339683
0.405085
0.337316
0.366360
0.383356
0.336133
0.324085
0.397354
0.390807
0.410169
0.362810
0.344631
0.339130
0.347629
0.350762
0.345398
0.358844
0.366711
0.361211
0.332167
0.341848
0.336348
0.336348
0.339482
0.328617
0.357661
0.331751
0.378974
0.369293
0.361978
0.351113
0.373473
0.370476
0.415333
0.323117
0.352160
0.333981
0.358844
0.349163
0.367342
0.333981
0.378206
0.365391
0.384754
0.341848
0.365391
0.365391
0.365391
0.380573
0.352713
0.366575
0.365944
0.370125
0.356127
0.394987
0.364761
0.384123
0.393804
0.368942
0.365944
0.365944
0.333766
0.358629
0.353129
0.354312
0.351178
0.341497
0.376041
0.367543
0.370541
0.376041
0.366360
0.363226
0.386906
0.374091
0.400137
0.391639
0.392822
0.402504
0.387322
0.409187
0.403687
0.409187
0.384325
0.390872
0.406053
0.412185
0.396372
0.386691
0.401872
0.372829
0.429733
0.369695
0.364195
0.386691
0.377010
0.377010
0.396372
0.389058
0.365378
0.350197
0.375060
0.369695
0.373876
0.398739
0.408420
0.383557
0.361197
0.384110
0.381607
0.391288
0.381607
0.424785
0.396788
0.387107
0.390657
0.359247
0.362245
0.377426
0.374428
0.392608
0.377426
0.373245
0.409603
0.377426
0.377426
0.373245
0.377426
0.421651
0.351932
0.347615
0.346431
0.371295
0.346431
0.384110
0.391840
0.362797
0.391840
0.357296
0.394838
0.343434
0.375475
0.422835
0.316757
0.396158
0.407653
0.380976
0.346431
0.380976
0.388291
0.382159
0.400338
0.417334
0.371295
0.397341
0.314807
0.374845
0.396158
0.377978
0.377978
0.411203
0.394207
0.353531
0.362029
0.389890
0.353115
0.364747
0.332570
0.361197
0.406470
0.338701
0.370878
0.349566
0.314390
0.336750
0.409603
0.381607
0.303526
0.384740
0.335151
0.364195
0.373876
0.390241
0.380559
0.348382
0.365378
0.377426
0.358064
0.412601
0.390241
0.409603
0.380559
0.438647
0.416151
0.387107
0.379376
0.399922
0.399922
0.365378
0.367744
0.377426
0.390241
0.399922
0.418102
0.358064
0.371925
0.388291
0.361197
0.367744
0.368928
0.405423
0.409603
0.438647
0.390657
0.390657
0.380976
0.368928
0.418654
0.417334
0.430013
0.394838
0.403752
0.404519
0.443244
0.436697
0.415384
0.452926
0.478419
0.423882
0.405703
0.459609
0.452926
0.411834
0.398388
0.391840
0.436066
0.445747
0.454245
0.415520
0.416703
0.400338
0.391840
0.385709
0.436066
0.427016
0.417750
0.410020
0.379025
0.362245
0.390657
0.436697
0.429382
0.419701
0.391840
0.369344
0.385157
0.435514
0.454876
0.390657
0.391840
0.449928
0.407022
0.390657
0.300944
0.397341
0.380976
0.390657
0.403472
0.442197
0.407653
0.382159
0.378609
0.421651
0.422835
0.400338
0.397341
0.394838
0.427016
0.442197
0.361613
0.413153
0.353115
0.391840
0.385157
0.390657
0.342251
0.365795
0.390657
0.351932
0.372478
0.394838
0.413153
0.379929
0.411970
0.415104
0.421651
0.403472
0.388291
0.388291
0.388291
0.417334
0.356113
0.420884
0.419701
0.407022
0.405839
0.428335
0.447697
0.403472
0.425201
0.445747
0.451879
0.419701
0.436066
0.397341
0.421020
0.398108
0.421651
0.438017
0.403472
0.425201
0.405839
0.438017
0.405839
0.426384
0.397341
0.422204
0.438017
0.425201
0.413153
0.445747
0.376028
0.407022
0.397757
0.424434
0.395391
0.403889
0.423251
0.365163
0.403889
0.417750
0.411203
0.455428
0.425201
0.423251
0.405071
0.405071
0.356665
0.403889
0.372894
0.372894
0.389259
0.363213
0.389259
0.368714
0.429934
0.443932
0.410572
0.410572
0.403257
0.406254
0.368714
0.417119
0.389259
0.397757
0.388076
0.388076
0.365579
0.393440
0.436482
0.397757
0.441982
0.378394
0.421300
0.401938
0.398940
0.384942
0.366763
0.381944
0.406671
0.437665
0.404304
0.398940
0.427984
0.377627
0.386125
0.383128
0.401307
0.410988
0.420669
0.381944
0.417672
0.435851
0.417672
0.402490
0.420038
0.420038
0.406040
0.386677
0.415721
0.389044
0.414538
0.420038
0.418719
0.392178
0.389044
0.389044
0.396359
0.419902
0.393225
0.404090
0.409590
0.428952
0.405273
0.378596
0.388277
0.370098
0.388277
0.385143
0.404506
0.407640
0.431319
0.425188
0.403458
0.447685
0.444550
0.401508
0.371697
0.414739
0.442600
0.445734
0.413556
0.402692
0.401508
0.388693
0.380196
0.434102
0.419472
0.440018
0.405474
0.426020
0.406658
0.400526
0.381300
0.437021
0.402477
0.412158
0.431520
0.395793
0.427339
0.415292
0.420655
0.426156
0.430337
0.410975
0.398160
0.379980
0.402477
0.402477
0.431520
0.423022
0.411606
0.348570
0.386112
0.412158
0.421839
0.387295
0.391612
0.407425
0.389245
0.389245
0.417106
0.439050
0.391827
0.373863
0.440663
0.423251
0.400540
0.378043
0.413771
0.387093
0.380546
0.331588
0.375814
0.342588
0.387445
0.411124
0.452847
0.411755
0.347400
0.331171
0.337719
0.359032
0.358615
0.336120
0.407022
0.394207
0.391840
0.390657
0.432516
0.390657
0.414753
0.395391
0.314807
0.382159
0.376028
0.394207
0.348167
0.392888
0.378394
0.382159
0.393159
0.403472
0.413153
0.374428
0.396158
0.407022
0.384110
0.342251
0.377978
0.365163
0.363844
0.391840
0.390657
0.400338
0.361613
0.396788
0.387107
0.388291
0.345801
0.353115
0.387659
0.397341
0.422835
0.393791
0.401522
0.395391
0.395391
0.371711
0.370527
0.410436
0.393440
0.357081
0.367946
0.392809
0.359448
0.402490
0.405488
0.375261
0.414122
0.452847
0.372263
0.423803
0.350950
0.405488
0.389675
0.402490
0.410988
0.433901
0.395176
0.420038
0.399357
0.392041
0.393225
0.389044
0.390227
0.427769
0.377412
0.405273
0.403458
0.371281
0.400325
0.400325
0.354916
0.404506
0.400325
0.361600
0.410006
0.383329
0.407009
0.445734
0.410559
0.391196
0.385695
0.397744
0.388062
0.404427
0.412925
0.418290
0.427971
0.379565
0.403243
0.407425
0.397744
0.394745
0.398927
0.379565
0.365702
0.393562
0.373016
0.403243
0.393562
0.432287
0.412925
0.397113
0.378933
0.394745
0.394745
0.428738
0.323843
0.368700
0.394193
0.349337
0.368700
0.372250
0.360202
0.362568
0.366749
0.380611
0.351567
0.393011
0.402276
0.402276
0.398725
0.406457
0.362367
0.399909
0.410773
0.374414
0.386046
0.422269
0.457996
0.425819
0.403458
0.413140
0.386463
0.386463
0.398094
0.389597
0.431319
0.416138
0.434453
0.379779
0.420319
0.387093
0.388277
0.402276
0.406457
0.379779
0.365780
0.390644
0.405825
0.367100
0.386463
0.400325
0.380331
0.415506
0.377965
0.343421
0.393011
0.407009
0.417457
0.428321
0.376782
0.451313
0.355468
0.390644
0.390013
0.371281
0.386463
0.372465
0.365149
0.384512
0.383329
0.427419
0.383329
0.401508
0.411190
0.456813
0.382145
0.405825
0.372465
0.394193
0.387510
0.384512
0.385695
0.371833
0.407009
0.450051
0.415506
0.390644
0.382145
0.384512
0.358466
0.380410
0.391827
0.377965
0.394824
0.355468
0.362016
0.394193
0.426370
0.394193
0.384512
0.374831
0.408056
0.373512
0.356516
0.379012
0.359650
0.377965
0.338687
0.354500
0.329006
0.293415
0.327407
0.350319
0.352269
0.341269
0.377763
0.385494
0.350319
0.311594
0.362999
0.333954
0.345586
0.329221
0.283812
0.315989
0.308259
0.275665
0.322889
0.338070
0.347751
0.374428
0.359663
0.347615
0.373525
0.330619
0.358615
0.332570
0.364747
0.342251
0.347751
0.369695
0.341834
0.352563
0.315021
0.355066
0.352563
0.373245
0.380559
0.330203
0.394422
0.349566
0.380559
0.370878
0.361197
0.274697
0.350964
0.319553
0.348597
0.307506
0.312870
0.080668
0.279027
0.299573
0.347563
0.287876
0.298189
0.347226
0.246649
0.246649
0.227286
0.278826
0.350496
0.344995
0.324313
0.346043
0.278274
0.268592
0.320132
0.310451
0.255914
0.278274
0.295270
0.285589
0.268176
0.310035
0.248814
0.289489
0.324664
0.287122
0.273124
0.274308
0.290673
0.289489
0.313033
0.265042
0.244080
0.239764
0.257943
0.281622
0.299801
0.292285
0.266791
0.238164
0.318196
0.282253
0.299249
0.327877
0.304749
0.325295
0.331427
0.308514
0.289152
0.284971
0.275290
0.304333
0.261291
0.246246
0.223333
0.253560
0.182658
0.229465
0.299951
0.293684
0.185239
0.262273
0.233229
0.291317
0.259139
0.300998
0.287136
0.300998
0.291317
0.284002
0.260323
0.310049
0.211286
0.281219
0.284770
0.295634
0.267773
0.309632
0.335542
0.314230
0.281005
0.279269
0.298215
0.327811
0.338124
0.323358
0.294867
0.258509
0.223964
0.262690
0.222917
0.225915
0.230096
0.264640
0.275504
0.270004
0.235596
0.268821
0.285186
0.300367
0.289503
0.299184
0.281005
0.293684
0.265823
0.268821
0.294867
0.271323
0.275504
0.272371
0.304548
0.289366
0.248827
0.335542
0.258509
0.303365
0.284770
0.287136
0.299184
0.325861
0.314996
0.279821
0.256142
0.304548
0.329411
0.285186
0.297234
0.262690
0.269373
0.306914
0.288736
0.275921
0.304964
0.266239
0.292285
0.307467
0.275290
0.307467
0.312967
0.317148
0.314014
0.309834
0.320698
0.294652
0.281973
0.295835
0.269022
0.238795
0.248476
0.266791
0.304333
0.259477
0.269789
0.247429
0.276473
0.266791
0.207937
0.253976
0.236980
0.295835
0.194842
0.279054
0.236565
0.218385
0.218385
0.207521
0.214218
0.271674
0.208502
0.165461
0.319191
0.182255
0.252391
0.258307
0.276486
0.247859
0.218815
0.260674
0.250992
0.243678
0.272722
0.253359
0.229048
0.237546
0.263040
0.267221
0.238177
0.282403
0.276902
0.230727
0.253223
0.262904
0.290765
0.313261
0.302396
0.297032
0.273353
0.276486
0.276486
0.261305
0.261305
0.248490
0.249673
0.274536
0.277670
0.300166
0.301349
0.315211
0.283034
0.245492
0.292715
0.295849
0.274536
0.274536
0.303580
0.264855
0.284217
0.288534
0.288534
0.270355
0.294034
0.278853
0.275855
0.275855
0.253359
0.304899
0.285537
0.315764
0.287351
0.267221
0.286584
0.295082
0.286584
0.272585
0.258723
0.240544
0.286584
0.283586
0.286584
0.275088
0.272722
0.314580
0.282403
0.286584
0.247859
0.218815
0.229679
0.282267
0.264224
0.261857
0.221182
0.271538
0.234628
0.213451
0.228496
0.253990
0.215817
0.256493
0.284353
0.262624
0.249809
0.273489
0.292851
0.244308
0.309847
0.274120
0.266805
0.286168
0.276486
0.270986
0.266805
0.292299
0.259074
0.288118
0.251624
0.255941
0.298430
0.288118
0.253574
0.272936
0.272936
0.291116
0.233028
0.249393
0.221533
0.282617
0.247442
0.279484
0.253574
0.246259
0.254757
0.265621
0.294802
0.275303
0.293482
0.289165
0.255941
0.301980
0.265621
0.264439
0.251624
0.222580
0.239992
0.280036
0.286168
0.297032
0.283034
0.290349
0.248490
0.281850
0.290349
0.293899
0.292715
0.311030
0.311030
0.298982
0.308664
0.257124
0.278853
0.295849
0.274536
0.264855
0.321343
0.286168
0.292715
0.286584
0.299399
0.283034
0.280036
0.260674
0.254542
0.286584
0.270771
0.306498
0.283586
0.262273
0.270771
0.262273
0.258092
0.294451
0.300998
0.264640
0.230648
0.253008
0.265823
0.285186
0.272371
0.306914
0.278502
0.281005
0.268190
0.281005
0.271323
0.304548
0.281005
0.284002
0.291317
0.285186
0.278502
0.249458
0.264640
0.279821
0.264640
0.277455
0.287136
0.270140
0.279821
0.274321
0.306498
0.281005
0.255511
0.337909
0.313046
0.279054
0.271739
0.255511
0.242696
0.288736
0.284555
0.271739
0.282604
0.285602
0.254607
0.269789
0.282604
0.260108
0.263242
0.297786
0.255927
0.286921
0.291102
0.282604
0.286785
0.253560
0.259061
0.284971
0.275290
0.265608
0.304333
0.240114
0.266791
0.276473
0.317148
0.294652
0.249796
0.281973
0.320698
0.291655
0.266025
0.266025
0.242481
0.311017
0.269158
0.291655
0.275706
0.295068
0.295068
0.268391
0.286570
0.286570
0.283572
0.252578
0.265258
0.283572
0.270758
0.249028
0.308435
0.301752
0.293254
0.283572
0.251395
0.235582
0.229035
0.308435
0.302935
0.290120
0.232033
0.248262
0.292487
0.259262
0.295621
0.309483
0.259126
0.259126
0.257943
0.263307
0.286987
0.254945
0.278489
0.259126
0.264626
0.452765
0.248262
0.290120
0.261076
0.334346
0.295621
0.306485
0.273124
0.273124
0.282806
0.273124
0.313033
0.262260
0.283989
0.275491
0.256128
0.300354
0.289489
0.274308
0.261629
0.268176
0.275491
0.285172
0.254945
0.270127
0.271310
0.317349
0.268943
0.279808
0.275491
0.323897
0.277858
0.287539
0.348760
0.300354
0.318533
0.309483
0.292487
0.293670
0.311849
0.235582
0.280991
0.268176
0.248814
0.287539
0.300354
0.248814
0.285172
0.275491
0.252995
0.255361
0.265042
0.255361
0.287539
0.280991
0.325217
0.283358
0.280224
0.316582
0.270543
0.260861
0.302720
0.314216
0.333579
0.304534
0.309483
0.296804
0.314983
0.273124
0.309483
0.256896
0.274308
0.287539
0.268176
0.323897
0.280855
0.258495
0.242682
0.308852
0.287539
0.300354
0.275491
0.283989
0.256128
0.275491
0.272357
0.290673
0.275491
0.280991
0.275491
0.271310
0.283989
0.235582
0.268807
0.231265
0.306349
0.260445
0.266577
0.270758
0.308435
0.322298
0.312617
0.294301
0.251947
0.285172
0.251947
0.246447
0.264626
0.288306
0.310802
0.268943
0.300985
0.292487
0.293670
0.267624
0.314216
0.256128
0.262676
0.252995
0.310035
0.283989
0.310035
0.285172
0.303351
0.300354
0.290673
0.280991
0.264626
0.277858
0.262676
0.302720
0.324033
0.299170
0.252995
0.278905
0.326264
0.266226
0.281408
0.280224
0.289906
0.280224
0.256544
0.310451
0.281408
0.271726
0.299587
0.277858
0.280224
0.281408
0.280224
0.299587
0.270543
0.286908
0.281408
0.260861
0.281408
0.258911
0.300770
0.310451
0.287955
0.283774
0.291089
0.309268
0.341445
0.309268
0.310451
0.249230
0.265595
0.284957
0.240732
0.246232
0.293455
0.284957
0.258911
0.309268
0.309268
0.252363
0.303136
0.296589
0.285589
0.278826
