0.994622
1.000000
0.996032
0.999435
0.994654
0.989467
0.993822
0.997391
0.989500
0.995160
0.997703
0.988089
0.992323
0.996824
0.998815
0.995994
0.998815
0.998236
0.989500
0.990926
0.995146
0.995994
0.991237
0.999341
0.993484
0.991225
0.992056
0.991225
0.988983
0.991225
0.996041
0.993782
0.994229
0.990392
0.993380
0.992948
0.992102
0.991705
0.991126
0.990560
0.993695
0.993695
0.998508
0.992848
0.993961
0.994539
0.994528
0.993127
0.993695
0.997084
0.987795
0.989450
0.993695
0.995106
0.997941
0.996562
0.994795
0.994229
0.993380
0.992028
0.993115
0.989727
0.993695
0.992848
0.994275
0.992648
0.994314
0.998195
0.992816
0.992295
0.990591
0.983814
0.994275
0.993380
0.992284
0.993127
0.997364
0.993961
0.990296
0.996203
0.997615
0.996483
0.992948
0.990560
0.993248
0.995639
0.990124
0.993794
0.993782
0.994626
0.988702
0.986455
0.982790
0.985034
0.988882
0.981304
0.990591
0.990351
0.990604
0.990604
0.987249
0.986681
0.985537
0.985272
0.985007
0.989227
0.988976
0.985452
0.978176
0.977896
0.985280
0.977989
0.974018
0.977590
0.974753
0.971664
0.971738
0.973668
0.974499
0.971723
0.972736
0.974460
0.968233
0.970226
0.969128
0.966037
0.969307
0.972695
0.969159
0.974998
0.966529
0.967097
0.969906
0.965684
0.967097
0.965999
0.966529
0.961752
0.965999
0.961219
0.957970
0.951211
0.963348
0.956954
0.959733
0.960612
0.954700
0.957522
0.959959
0.961623
0.958534
0.961106
0.958268
0.959102
0.954658
0.953515
0.962249
0.955769
0.957748
0.957748
0.957482
0.954673
0.954658
0.952151
0.957228
0.961365
0.953559
0.948496
0.957262
0.944824
0.953875
0.950205
0.952062
0.952894
0.954887
0.948094
0.953027
0.955284
0.958539
0.955552
0.951894
0.957143
0.955850
0.952461
0.957976
0.958673
0.951483
0.952062
0.952643
0.952062
0.953462
0.951483
0.948781
0.951217
0.952627
0.950205
0.955151
0.951217
0.949540
0.945930
0.950998
0.928887
0.942146
0.939711
0.930312
0.933749
0.937582
0.927748
0.937893
0.930004
0.937341
0.936217
0.926648
0.930052
0.934286
0.938520
0.934286
0.936274
0.932475
0.941356
0.941356
0.934286
0.934286
0.932609
0.926549
0.918089
0.914167
0.914478
0.920656
0.923481
0.931335
0.925990
0.927666
0.933327
0.929211
0.931735
0.930057
0.924677
0.930023
0.937348
0.940690
0.936189
0.934779
0.932833
0.932267
0.929445
0.933933
0.931689
0.933933
0.930589
0.927769
0.933412
0.936504
0.931169
0.935392
0.930323
0.935405
0.935668
0.934512
0.938446
0.941536
0.954811
0.945777
0.946908
0.955702
0.947186
0.948420
0.941930
0.945064
0.944133
0.939064
0.946078
0.942409
0.951155
0.949166
0.950575
0.946954
0.949743
0.954065
0.963598
0.950052
0.954284
0.948949
0.954329
0.952341
0.948106
0.944750
0.952922
0.953172
0.943026
0.950084
0.945137
0.947529
0.948937
0.949831
0.943874
0.948672
0.943607
0.950931
0.953739
0.944440
0.943519
0.953089
0.942229
0.945319
0.943072
0.948152
0.946078
0.944085
0.940414
0.941830
0.936595
0.946643
0.938499
0.939365
0.937956
0.935708
0.939810
0.937122
0.943347
0.939099
0.940379
0.941536
0.941356
0.945603
0.951693
0.950847
0.942767
0.949125
0.944059
0.947845
0.947015
0.952515
0.940525
0.943525
0.944356
0.939857
0.936202
0.941137
0.935358
0.935091
0.934836
0.939904
0.937080
0.937646
0.935105
0.941896
0.939325
0.936235
0.936948
0.939058
0.940083
0.941228
0.937841
0.940651
0.941495
0.938139
0.943485
0.938985
0.944883
0.948831
0.944316
0.939252
0.940976
0.944051
0.938717
0.939554
0.939554
0.935895
0.946309
0.938985
0.941541
0.940397
0.937572
0.940129
0.938451
0.941807
0.940965
0.943219
0.942954
0.943531
0.939554
0.942954
0.939562
0.937042
0.939864
0.942117
0.943518
0.940129
0.938153
0.937307
0.940965
0.940989
0.938286
0.945464
0.946709
0.943485
0.947453
0.947154
0.950808
0.939071
0.942475
0.940218
0.943754
0.951373
0.946973
0.941330
0.943886
0.943620
0.944051
0.949117
0.944316
0.941495
0.946143
0.944719
0.945730
0.945031
0.945163
0.945163
0.945296
0.942475
0.943754
0.938671
0.941495
0.939252
0.939637
0.942073
0.944896
0.940651
0.941807
0.941820
0.943338
0.944630
0.941240
0.944229
0.942654
0.940663
0.940794
0.937572
0.944896
0.945777
0.942117
0.937042
0.940129
0.944377
0.942374
0.937885
0.941288
0.941409
0.939864
0.941855
0.940709
0.940129
0.938717
0.936342
0.939296
0.939296
0.937294
0.939030
0.938632
0.938766
0.941452
0.937220
0.938363
0.933952
0.940175
0.930877
0.941022
0.943531
0.941022
0.938766
0.942299
0.940175
0.941855
0.935957
0.940309
0.942387
0.940709
0.939876
0.935631
0.942117
0.936476
0.937619
0.943845
0.944618
0.937885
0.937752
0.945790
0.940129
0.936476
0.943785
0.943930
0.943265
0.937885
0.939030
0.941541
0.940129
0.944677
0.945777
0.941555
0.938717
0.941807
0.946621
0.941288
0.938405
0.943798
0.945477
0.938393
0.942060
0.937558
0.934618
0.937307
0.939562
0.940129
0.933073
0.933073
0.937042
0.937307
0.935049
0.934484
0.936476
0.933073
0.933638
0.939730
0.933517
0.936777
0.934531
0.930997
0.934518
0.929052
0.930017
0.934518
0.932141
0.935231
0.936375
0.939199
0.936107
0.934252
0.934700
0.934700
0.928217
0.931298
0.926794
0.932185
0.930510
0.929363
0.926855
0.928520
0.927687
0.931342
0.931210
0.927421
0.930243
0.931925
0.926840
0.929410
0.929099
0.931652
0.931925
0.924152
0.931652
0.928831
0.931355
0.933331
0.929652
0.926007
0.929989
0.921509
0.924911
0.924064
0.922520
0.923932
0.923364
0.927899
0.924631
0.925655
0.922434
0.914992
0.922302
0.921156
0.917218
0.919211
0.918113
0.921202
0.917546
0.924772
0.922080
0.917193
0.916482
0.917760
0.915516
0.917244
0.914417
0.913437
0.915246
0.918240
0.916261
0.919398
0.917974
0.914590
0.911767
0.916282
0.916087
0.917767
0.915433
0.911767
0.908931
0.912334
0.913165
0.909511
0.910730
0.905636
0.909868
0.904138
0.905538
0.907791
0.906114
0.908373
0.900735
0.899937
0.897438
0.898763
0.902673
0.899418
0.896460
0.900997
0.899331
0.902153
0.898752
0.898232
0.901623
0.896853
0.905201
0.902513
0.905335
0.899569
0.903523
0.899869
0.906925
0.906925
0.905515
0.901548
0.902428
0.904116
0.903273
0.906661
0.903004
0.901592
0.902428
0.903273
0.905827
0.903318
0.903851
0.906971
0.902187
0.907239
0.904681
0.903017
0.899930
0.906407
0.895982
0.897904
0.890270
0.892472
0.890478
0.888757
0.891014
0.897635
0.898157
0.905493
0.900368
0.907126
0.901599
0.898374
0.904035
0.904556
0.905700
0.901466
0.901778
0.902043
0.898209
0.901198
0.890474
0.893876
0.895022
0.890520
0.891100
0.892811
0.896789
0.898917
0.898335
0.894247
0.893569
0.892157
0.892992
0.881432
0.871573
0.882371
0.893348
0.885374
0.883162
0.888762
0.881174
0.885986
0.889209
0.888228
0.883994
0.886515
0.882543
0.885631
0.888902
0.890712
0.892109
0.890578
0.887950
0.889615
0.885945
0.884847
0.887937
0.881447
0.886525
0.888781
0.886243
0.886257
0.883182
0.884594
0.885427
0.885412
0.882901
0.889261
0.885026
0.875844
0.884763
0.883129
0.883973
0.875180
0.874794
0.872136
0.880306
0.878062
0.879473
0.876550
0.870061
0.872941
0.873462
0.877697
0.872677
0.876643
0.876910
0.875497
0.874087
0.872276
0.874087
0.877923
0.875112
0.873987
0.876809
0.873302
0.873735
0.877123
0.875025
0.875146
0.871179
0.871358
0.874314
0.872502
0.875724
0.880791
0.880539
0.876036
0.875205
0.873215
0.874227
0.876036
0.881949
0.883372
0.876303
0.877860
0.883106
0.881118
0.883372
0.882528
0.883106
0.884118
0.883540
0.882264
0.878208
0.881030
0.884118
0.883321
0.878254
0.879966
0.886768
0.884392
0.883027
0.881349
0.883858
0.884258
0.880990
0.876889
0.876222
0.881869
0.884705
0.880458
0.879313
0.880518
0.885763
0.879672
0.891243
0.882195
0.885598
0.884616
0.890973
0.894910
0.890544
0.892520
0.887442
0.891673
0.891408
0.891420
0.893665
0.889830
0.898297
0.901301
0.888851
0.885776
0.893665
0.900735
0.892042
0.893005
0.897688
0.887540
0.890940
0.896274
0.904738
0.901348
0.888620
0.898287
0.896356
0.888153
0.899079
0.896833
0.893746
0.896317
0.892647
0.892336
0.891190
0.895691
0.895158
0.889780
0.891622
0.891011
0.892955
0.891190
0.895245
0.898022
0.894233
0.898274
0.889878
0.890218
0.897395
0.896517
0.895818
0.894658
0.892668
0.892369
0.889280
0.891838
0.887070
0.892668
0.895806
0.890691
0.892623
0.890955
0.892101
0.885965
0.888967
0.892101
0.889366
0.889308
0.891253
0.892084
0.893289
0.887850
0.888161
0.892662
0.887850
0.888695
0.895007
0.889346
0.887057
0.895260
0.882603
0.890674
0.887015
0.890406
0.883482
0.888695
0.887284
0.885026
0.884847
0.883436
0.891771
0.882023
0.887091
0.889081
0.883422
0.882591
0.884581
0.890359
0.883436
0.886571
0.881447
0.882603
0.884181
0.884014
0.886571
0.879512
0.883747
0.880346
0.878934
0.882057
0.879512
0.875714
0.876293
0.881492
0.882769
0.878269
0.886158
0.888416
0.880346
0.881492
0.881492
0.884313
0.885026
0.880912
0.880912
0.885993
0.881926
0.879237
0.882334
0.883336
0.880912
0.884894
0.883915
0.880346
0.888982
0.881937
0.881492
0.884181
0.883915
0.886171
0.883915
0.884763
0.888416
0.878269
0.882517
0.885327
0.880080
0.874437
0.874866
0.876013
0.884274
0.880051
0.883129
0.878315
0.881984
0.881984
0.881403
0.880825
0.878581
0.883129
0.880825
0.881139
0.876905
0.883383
0.879729
0.881139
0.879993
0.879162
0.877472
0.878626
0.877785
0.874392
0.881052
0.875540
0.876951
0.873561
0.873996
0.883307
0.874974
0.877130
0.881364
0.868648
0.866451
0.868562
0.873510
0.870420
0.872842
0.874834
0.873689
0.874665
0.877656
0.868909
0.872369
0.870378
0.877138
0.872369
0.873380
0.868049
0.872636
0.877617
0.870291
0.865879
0.864381
0.866684
0.868049
0.868927
0.869774
0.869774
0.870337
0.858479
0.844047
0.833581
0.839227
0.858346
0.857287
0.859256
0.843959
0.850505
0.864372
0.865156
0.858086
0.862560
0.859738
0.858047
0.856636
0.856201
0.858372
0.859470
0.866802
0.856075
0.854618
0.856949
0.854437
0.856382
0.855536
0.857214
0.860038
0.863128
0.855637
0.864285
0.860049
0.862872
0.865429
0.867673
0.857540
0.862917
0.864598
0.861508
0.861688
0.864499
0.866187
0.862655
0.867320
0.863944
0.865075
0.858419
0.863664
0.871833
0.867333
0.863185
0.862087
0.867735
0.870255
0.869940
0.873331
0.868830
0.870509
0.871667
0.865128
0.864330
0.865176
0.868578
0.867688
0.867952
0.869940
0.873344
0.872766
0.868845
0.873924
0.873597
0.873033
0.867688
0.873021
0.872766
0.872454
0.873597
0.871041
0.869940
0.872498
0.867120
0.870788
0.872188
0.876107
0.882613
0.877785
0.877354
0.875808
0.876375
0.869317
0.875943
0.875096
0.874963
0.876388
0.868885
0.874977
0.874530
0.875275
0.873386
0.873964
0.878366
0.870861
0.879476
0.880455
0.877885
0.871973
0.875375
0.878366
0.874963
0.874530
0.874530
0.877220
0.881453
0.874133
0.873298
0.882019
0.875808
0.871309
0.871309
0.874133
0.873118
0.869317
0.870730
0.876698
0.873284
0.872199
0.872766
0.872113
0.876070
0.874937
0.873837
0.875068
0.874669
0.863725
0.864490
0.866507
0.864516
0.868510
0.867665
0.864788
0.866525
0.868961
0.875739
0.875161
0.869303
0.871234
0.873211
0.870714
0.866466
0.865888
0.865634
0.863943
0.869841
0.870083
0.867540
0.864760
0.872072
0.870660
0.870093
0.870938
0.864748
0.860513
0.855182
0.863564
0.860787
0.867504
0.868648
0.863936
0.863536
0.860698
0.865247
0.854222
0.862737
0.862990
0.860792
0.864595
0.865353
0.861285
0.862045
0.866456
0.870691
0.866638
0.867469
0.858823
0.863900
0.860499
0.859667
0.859400
0.862223
0.862091
0.859833
0.863816
0.864479
0.857989
0.860146
0.862669
0.864393
0.858735
0.865806
0.865272
0.864127
0.864973
0.860723
0.857548
0.862350
0.862616
0.860207
0.864839
0.872596
0.865490
0.869327
0.866638
0.866951
0.866684
0.866863
0.867744
0.860772
0.861558
0.867782
0.863281
0.864973
0.863294
0.862461
0.862448
0.858214
0.866019
0.860193
0.860193
0.857947
0.859348
0.863016
0.862703
0.861040
0.857636
0.857636
0.856477
0.856211
0.852243
0.861558
0.857143
0.862091
0.858158
0.858158
0.860146
0.856211
0.859568
0.858158
0.853077
0.857578
0.856745
0.855912
0.854234
0.857621
0.852810
0.849734
0.853967
0.851724
0.849200
0.847791
0.848490
0.831631
0.841247
0.842417
0.836973
0.833580
0.844561
0.844828
0.840725
0.839314
0.842004
0.836984
0.835072
0.812085
0.812357
0.828369
0.830193
0.822290
0.822302
0.819187
0.827370
0.818002
0.817070
0.817129
0.822464
0.825252
0.830319
0.819340
0.818009
0.811266
0.812855
0.808609
0.810285
0.815944
0.814844
0.814014
0.817136
0.816822
0.808933
0.813435
0.810910
0.815159
0.814578
0.813734
0.814492
0.813646
0.813394
0.816219
0.816219
0.812548
0.820184
0.813440
0.811364
0.814174
0.805450
0.815599
0.816165
0.806863
0.810263
0.808586
0.809418
0.808600
0.808886
0.807175
0.813967
0.808899
0.812291
0.808899
0.810032
0.804878
0.802682
0.808012
0.804360
0.803201
0.802635
0.808812
0.808278
0.801489
0.801791
0.804612
0.802381
0.805458
0.805936
0.806347
0.807347
0.807628
0.809340
0.804093
0.804093
0.808773
0.802282
0.798447
0.800616
0.802593
0.803741
0.804316
0.796137
0.798721
0.800131
0.800562
0.804618
0.799286
0.803966
0.803385
0.801975
0.801528
0.802640
0.798632
0.801708
0.802539
0.802333
0.800623
0.800296
0.802552
0.799717
0.808200
0.803132
0.798886
0.801142
0.804531
0.798632
0.800924
0.800342
0.798886
0.800863
0.796896
0.798621
0.794685
0.792920
0.792488
0.792488
0.790109
0.794745
0.792753
0.789662
0.787274
0.789563
0.783088
0.789623
0.783979
0.788925
0.795536
0.784991
0.782732
0.781633
0.780790
0.786183
0.783924
0.774613
0.783538
0.782780
0.784240
0.781029
0.789486
0.788400
0.785829
0.788964
0.788083
0.790641
0.785575
0.785575
0.788400
0.787820
0.787832
0.787567
0.786409
0.787551
0.787551
0.786153
0.786976
0.783898
0.787299
0.791534
0.786454
0.786200
0.782785
0.790124
0.784476
0.787879
0.789857
0.786454
0.786766
0.787046
0.787032
0.784476
0.785621
0.784791
0.786200
0.786189
0.786200
0.782220
0.785887
0.777986
0.789870
0.792099
0.789857
0.786069
0.786766
0.785357
0.792858
0.782534
0.783809
0.788446
0.792365
0.790701
0.792114
0.786153
0.792114
0.783644
0.792365
0.794358
0.794669
0.792378
0.795202
0.788724
0.793257
0.786722
0.786734
0.791799
0.792378
0.792633
0.791814
0.792378
0.789823
0.792378
0.791235
0.791268
0.794937
0.790136
0.792378
0.785057
0.793791
0.790124
0.792378
0.791534
0.793210
0.790654
0.791549
0.792365
0.790124
0.787312
0.789555
0.792378
0.797759
0.791549
0.788724
0.791534
0.793210
0.793523
0.791549
0.787612
0.787612
0.792114
0.793257
0.790701
0.792114
0.789870
0.794534
0.788045
0.792680
0.793691
0.792293
0.791713
0.788625
0.787201
0.788360
0.790615
0.790867
0.785802
0.787525
0.789902
0.791181
0.793172
0.787213
0.787525
0.786695
0.795682
0.789782
0.788105
0.790660
0.789251
0.788105
0.792593
0.785849
0.789517
0.789251
0.791238
0.788983
0.788404
0.786608
0.784614
0.785496
0.793084
0.788584
0.789728
0.785229
0.791721
0.788052
0.787218
0.781840
0.781887
0.777599
0.777599
0.774015
0.776852
0.777371
0.779363
0.778484
0.783598
0.774550
0.781220
0.781520
0.788024
0.782366
0.784341
0.795580
0.786960
0.780157
0.776498
0.779070
0.779636
0.771733
0.774988
0.772312
0.777826
0.783473
0.781480
0.776993
0.774203
0.779536
0.777872
0.773503
0.777292
0.782684
0.775627
0.774782
0.775048
0.773938
0.776374
0.773104
0.773271
0.768604
0.772139
0.768918
0.774696
0.776673
0.768784
0.772186
0.772438
0.773285
0.777252
0.770759
0.776985
0.766840
0.769142
0.765918
0.763796
0.769621
0.768212
0.769044
0.772710
0.766533
0.762566
0.764542
0.760055
0.764335
0.763668
0.765334
0.763936
0.758011
0.758637
0.759215
0.747823
0.752888
0.747870
0.750381
0.756607
0.758861
0.751791
0.757124
0.750660
0.755772
0.752284
0.752284
0.756086
0.748185
0.749873
0.754007
0.751751
0.751186
0.747785
0.750027
0.754007
0.749506
0.752019
0.745853
0.750665
0.749242
0.748456
0.743278
0.732297
0.735701
0.739003
0.741526
0.734201
0.740694
0.712818
0.717825
0.721492
0.726558
0.727450
0.725727
0.713936
0.716407
0.711651
0.711340
0.722597
0.722984
0.724575
0.722344
0.713909
0.712445
0.714919
0.717730
0.721131
0.717730
0.720553
0.718889
0.718848
0.706769
0.711305
0.704414
0.704414
0.705305
0.703315
0.706406
0.705575
0.706393
0.710965
0.706137
0.705838
0.706452
0.704775
0.700852
0.698776
0.704167
0.698776
0.703142
0.700586
0.698909
0.693264
0.698909
0.695772
0.694674
0.698909
0.695953
0.697495
0.696086
0.701597
0.701152
0.697929
0.697364
0.701331
0.697929
0.692863
0.701331
0.703900
0.700766
0.703324
0.704466
0.698821
0.701644
0.704466
0.702488
0.699656
0.699133
0.693474
0.697157
0.699133
0.695731
0.699133
0.704481
0.700812
0.701644
0.701078
0.703367
0.700812
0.701390
0.703900
0.703367
0.700812
0.700812
0.699980
0.701078
0.714047
0.709259
0.710392
0.714895
0.716570
0.716003
0.721651
0.720759
0.712324
0.716570
0.711490
0.710359
0.708401
0.711225
0.710925
0.709766
0.707256
0.710125
0.705578
0.704747
0.709235
0.713481
0.708979
0.711490
0.712591
0.713481
0.707822
0.710660
0.712901
0.709828
0.710125
0.710392
0.710959
0.708715
0.712693
0.704212
0.707615
0.709605
0.708180
0.710871
0.708627
0.705539
0.704693
0.706117
0.705805
0.704392
0.707216
0.709460
0.705805
0.705539
0.701303
0.703560
0.705272
0.703029
0.702762
0.707574
0.706163
0.712656
0.704486
0.709152
0.707223
0.699586
0.706643
0.703819
0.704132
0.700524
0.698447
0.700126
0.704094
0.696757
0.699279
0.697650
0.693061
0.696197
0.692807
0.697631
0.698173
0.700610
0.695277
0.694518
0.693107
0.696687
0.699331
0.695942
0.697223
0.695942
0.697355
0.696376
0.697789
0.696376
0.696687
0.691030
0.694699
0.693853
0.691610
0.695576
0.695589
0.697567
0.689944
0.691922
0.696736
0.692514
0.695589
0.691090
0.695904
0.693926
0.696336
0.695904
0.695336
0.695904
0.695904
0.701816
0.693082
0.697179
0.693646
0.697747
0.693826
0.696914
0.696082
0.697495
0.699736
0.697759
0.707062
0.701548
0.701248
0.700138
0.698314
0.698060
0.696082
0.697481
0.702293
0.699171
0.699472
0.701995
0.699736
0.698905
0.703406
0.703406
0.706240
0.704382
0.703393
0.703971
0.696914
0.704552
0.697747
0.703139
0.698340
0.692413
0.705648
0.703139
0.696082
0.694405
0.695551
0.699472
0.696961
0.695551
0.695551
0.696395
0.694984
0.700631
0.698952
0.700631
0.703186
0.699784
0.698372
0.700375
0.695864
0.698685
0.694185
0.698697
0.699265
0.694185
0.697452
0.700097
0.703099
0.697452
0.701954
0.693219
0.699265
0.692774
0.698952
0.701388
0.700853
0.700275
0.700843
0.696875
0.705920
0.699696
0.705708
0.699796
0.703139
0.706553
0.708220
0.706495
0.705662
0.703671
0.699171
0.701728
0.706275
0.707639
0.701459
0.705708
0.702874
0.702293
0.706542
0.703199
0.704297
0.704598
0.699531
0.698372
0.696128
0.696440
0.700363
0.696708
0.700631
0.702054
0.697226
0.704862
0.699796
0.704283
0.698650
0.699796
0.703764
0.698905
0.698638
0.698650
0.701728
0.701459
0.698071
0.699206
0.698386
0.692361
0.697755
0.703678
0.693532
0.694931
0.684996
0.683379
0.685889
0.682753
0.687566
0.679132
0.686767
0.680022
0.680738
0.678613
0.682846
0.685368
0.676534
0.673531
0.683410
0.679925
0.682179
0.677472
0.675169
0.678886
0.679449
0.682553
0.683373
0.679718
0.671416
0.675130
0.672307
0.675709
0.690612
0.677385
0.676541
0.679374
0.675974
0.681355
0.674862
0.675175
0.674609
0.664897
0.672844
0.670276
0.666040
0.662374
0.665510
0.667813
0.663314
0.663744
0.667546
0.666401
0.668958
0.669402
0.666700
0.669138
0.673949
0.674529
0.674263
0.670549
0.665736
0.674872
0.676161
0.672058
0.676547
0.669222
0.671648
0.669126
0.656468
0.661159
0.666528
0.668784
0.665961
0.660094
0.666260
0.665695
0.667094
0.662604
0.663184
0.664862
0.668518
0.664598
0.665428
0.662604
0.667685
0.663750
0.662386
0.657573
0.662651
0.661818
0.659251
0.655593
0.655316
0.658682
0.661807
0.662083
0.666221
0.664543
0.659743
0.658332
0.663976
0.656386
0.659210
0.660887
0.660620
0.662612
0.663442
0.660041
0.661733
0.663143
0.663458
0.665388
0.667379
0.661156
0.664555
0.662878
0.663143
0.662878
0.666799
0.663412
0.667646
0.664808
0.663412
0.663143
0.662831
0.665388
0.661720
0.661468
0.666533
0.669634
0.667957
0.672458
0.666799
0.663724
0.670261
0.661733
0.661780
0.670201
0.667379
0.658332
0.662878
0.666546
0.663710
0.667067
0.668311
0.666899
0.667166
0.666054
0.670553
0.669976
0.667910
0.663809
0.674401
0.665487
0.670553
0.669722
0.668877
0.669142
0.664075
0.668877
0.668311
0.669987
0.670240
0.668831
0.667698
0.668843
0.675949
0.672232
0.670822
0.674224
0.671665
0.665164
0.669142
0.668877
0.666320
0.672811
0.667999
0.665753
0.670822
0.665753
0.668831
0.672499
0.670240
0.664862
0.667685
0.666273
0.669098
0.669409
0.669976
0.673065
0.667166
0.667153
0.665209
0.665787
0.661555
0.668045
0.665787
0.662397
0.662831
0.661420
0.659743
0.663976
0.660899
0.664555
0.663710
0.668271
0.660620
0.652719
0.653611
0.660682
0.657279
0.654443
0.651934
0.654755
0.657445
0.656434
0.659167
0.657180
0.659167
0.655514
0.657759
0.657759
0.655780
0.658071
0.658636
0.656526
0.657504
0.659748
0.656393
0.656078
0.655247
0.654418
0.654401
0.653006
0.656659
0.655826
0.656973
0.659216
0.654717
0.653883
0.656705
0.652472
0.650214
0.651313
0.655549
0.651327
0.651907
0.649068
0.655161
0.648238
0.657139
0.652072
0.653752
0.653484
0.658551
0.653530
0.657198
0.654729
0.652903
0.656307
0.656872
0.653543
0.653530
0.652384
0.653265
0.650130
0.653484
0.654629
0.653797
0.651274
0.651539
0.658295
0.668143
0.671066
0.663669
0.659700
0.678343
0.682411
0.665168
0.660682
0.655201
0.666240
0.672251
0.677538
0.689687
0.680061
0.667506
0.664117
0.669350
0.669987
0.674162
0.676168
0.663804
0.676480
0.676194
0.666980
0.670862
0.654703
0.658682
0.670822
0.672766
0.677000
0.676472
0.680214
0.677287
0.672353
0.677599
0.677021
0.677108
0.673764
0.671461
0.670051
0.679065
0.674550
0.675709
0.672840
0.671461
0.669798
0.672041
0.673452
0.677952
0.679943
0.678266
0.677867
0.674596
0.670809
0.671508
0.677154
0.671774
0.672041
0.673452
0.672618
0.669472
0.671981
0.676228
0.671416
0.672824
0.664492
0.669737
0.669737
0.666082
0.673719
0.672873
0.664657
0.657548
0.620597
0.635277
0.631388
0.645131
0.646808
0.654755
0.659743
0.654970
0.660036
0.658457
0.663791
0.664676
0.659331
0.659232
0.655929
0.662154
0.665156
0.661008
0.661020
0.664351
0.664930
0.666921
0.664409
0.668823
0.667412
0.667993
0.656821
0.655976
0.651329
0.656155
0.653916
0.650190
0.647053
0.652806
0.655495
0.654664
0.641774
0.642620
0.655500
0.651620
0.652367
0.651041
0.647965
0.643945
0.647347
0.648180
0.643412
0.648238
0.643412
0.647081
0.645979
0.652158
0.650734
0.649024
0.654981
0.648490
0.647647
0.645979
0.641433
0.648490
0.645921
0.648744
0.643945
0.646813
0.648180
0.643424
0.653257
0.647081
0.643990
0.643990
0.646826
0.645895
0.650082
0.647959
0.644569
0.652060
0.648671
0.639090
0.644156
0.645313
0.647307
0.650082
0.650395
0.652939
0.648138
0.648125
0.646727
0.643903
0.648452
0.642526
0.642537
0.646240
0.647338
0.644262
0.639449
0.644515
0.644215
0.644515
0.646460
0.651007
0.648185
0.652384
0.647572
0.644736
0.646993
0.652639
0.648138
0.642226
0.639968
0.642805
0.646813
0.652072
0.650482
0.654669
0.656078
0.651595
0.651580
0.654981
0.655813
0.663450
0.662936
0.654977
0.657754
0.658730
0.660574
0.658111
0.648572
0.661453
0.660887
0.652673
0.657320
0.654485
0.659731
0.656654
0.645170
0.648837
0.654485
0.651915
0.651094
0.649104
0.654703
0.652713
0.658457
0.665251
0.666260
0.659202
0.663484
0.657886
0.654477
0.658665
0.664682
0.650017
0.651417
0.650850
0.656807
0.651161
0.648604
0.653984
0.661280
0.658398
0.664104
0.661222
0.654563
0.646348
0.647939
0.655841
0.655129
0.654551
0.648604
0.656096
0.658750
0.649172
0.642368
0.651947
0.647700
0.643201
0.640957
0.637855
0.636755
0.633101
0.635935
0.647168
0.638699
0.640943
0.642103
0.648281
0.646854
0.647402
0.643468
0.644033
0.635032
0.634188
0.642635
0.644299
0.635923
0.632521
0.644079
0.641004
0.640422
0.638687
0.637915
0.635923
0.631944
0.632521
0.634248
0.637915
0.639594
0.639325
0.639012
0.642980
0.642368
0.644347
0.644624
0.644046
0.638699
0.644033
0.633008
0.639810
0.646024
0.638964
0.643468
0.646555
0.644046
0.635564
0.645456
0.644613
0.644299
0.639898
0.642044
0.629905
0.632474
0.633354
0.633932
0.633366
0.632521
0.628867
0.634778
0.639012
0.638435
0.640691
0.639533
0.637868
0.643766
0.638135
0.640691
0.642103
0.640691
0.637868
0.636456
0.635523
0.637334
0.635923
0.631689
0.633580
0.640058
0.633279
0.640651
0.627089
0.639227
0.633001
0.640651
0.642149
0.640679
0.643526
0.639279
0.633666
0.638079
0.628767
0.632746
0.631589
0.635571
0.638393
0.637249
0.629646
0.629126
0.633626
0.628812
0.634159
0.636669
0.635258
0.636934
0.637249
0.632169
0.631323
0.635837
0.637249
0.640651
0.640904
0.629924
0.634459
0.631903
0.630504
0.632169
0.624014
0.627668
0.631056
0.633892
0.631903
0.631336
0.635571
0.628501
0.629612
0.632734
0.631855
0.624845
0.629659
0.632734
0.631589
0.632169
0.629080
0.618921
0.628231
0.626257
0.623700
0.630479
0.626257
0.629646
0.625411
0.630803
0.625146
0.629646
0.629659
0.622320
0.627089
0.631009
0.631589
0.613941
0.615351
0.617195
0.619185
0.619754
0.622890
0.618088
0.624580
0.619766
0.625146
0.624845
0.622589
0.627403
0.631589
0.630179
0.619719
0.633835
0.623241
0.623109
0.624845
0.629646
0.623734
0.624845
0.627403
0.624567
0.624845
0.620333
0.621756
0.621756
0.618921
0.620644
0.619487
0.621743
0.625423
0.624313
0.616664
0.615564
0.608809
0.613308
0.614734
0.622320
0.617509
0.611631
0.615000
0.617467
0.615744
0.612474
0.615877
0.612742
0.616708
0.612076
0.613057
0.617542
0.617822
0.617242
0.620911
0.617242
0.612430
0.615831
0.616931
0.616364
0.616397
0.619232
0.619220
0.614986
0.617456
0.610233
0.614901
0.615298
0.611909
0.617822
0.619487
0.615505
0.618652
0.614986
0.618134
0.612463
0.612463
0.609652
0.613622
0.614901
0.609819
0.601976
0.609649
0.614652
0.616015
0.613015
0.612170
0.618358
0.616935
0.612136
0.616684
0.614944
0.612702
0.613533
0.619462
0.621124
0.619145
0.621703
0.620557
0.620085
0.617467
0.612170
0.620085
0.617262
0.618659
0.618626
0.604522
0.622242
0.619998
0.608249
0.614738
0.612660
0.612929
0.614341
0.616595
0.624798
0.621408
0.619731
0.621098
0.622508
0.623400
0.620263
0.629878
0.623922
0.618626
0.618840
0.609346
0.615231
0.614399
0.618619
0.619465
0.620043
0.619731
0.616595
0.617308
0.619998
0.618840
0.618053
0.618887
0.619998
0.620032
0.623712
0.625065
0.619731
0.622301
0.612974
0.614865
0.613566
0.616156
0.619646
0.622022
0.615976
0.613820
0.623046
0.614967
0.616955
0.618236
0.615132
0.612322
0.612888
0.613552
0.616955
0.618366
0.616555
0.618632
0.626134
0.618632
0.621369
0.614699
0.616377
0.616110
0.620611
0.618932
0.620611
0.620043
0.619465
0.616641
0.619166
0.620877
0.618632
0.614131
0.616542
0.620777
0.617400
0.612355
0.610377
0.616024
0.610463
0.618267
0.618591
0.615176
0.616868
0.613779
0.619690
0.618859
0.621622
0.615544
0.622261
0.612888
0.620492
0.623034
0.621622
0.618800
0.623435
0.615810
0.624858
0.621054
0.617788
0.622866
0.620043
0.622469
0.613466
0.624458
0.616955
0.621442
0.618366
0.623700
0.616909
0.621113
0.625423
0.622036
0.626534
0.628524
0.627901
0.614387
0.621189
0.612720
0.623034
0.620611
0.626802
0.623700
0.620043
0.622022
0.621455
0.621455
0.624277
0.626269
0.625292
0.622469
0.622866
0.628960
0.629524
0.622301
0.624277
0.629358
0.624292
0.620309
0.624277
0.633277
0.629627
0.620622
0.617799
0.623625
0.622469
0.622214
0.631350
0.619646
0.618236
0.624458
0.621189
0.625111
0.623046
0.623046
0.625124
0.620043
0.614131
0.621189
0.622469
0.626534
0.625124
0.624277
0.625691
0.620877
0.619646
0.621622
0.621622
0.620791
0.619112
0.625037
0.624458
0.626436
0.616542
0.622201
0.623613
0.618800
0.628692
0.624458
0.624772
0.623034
0.620270
0.626183
0.623092
0.622245
0.621682
0.620526
0.618280
0.623939
0.625350
0.620835
0.623359
0.617136
0.619125
0.625602
0.625602
0.624472
0.625602
0.616955
0.623879
0.621468
0.630202
0.627367
0.631036
0.629627
0.631036
0.621455
0.623712
0.628393
0.625423
0.620611
0.627367
0.624245
0.633545
0.628745
0.632146
0.627054
0.628168
0.628168
0.625065
0.627587
0.630157
0.632800
0.626309
0.627720
0.622520
0.629132
0.623086
0.631821
0.634657
0.632667
0.634078
0.632221
0.638398
0.629667
0.631787
0.636913
0.633055
0.628119
0.633333
0.632490
0.632707
0.636989
0.637734
0.636109
0.633585
0.629363
0.633019
0.631922
0.632707
0.636097
0.635530
0.634430
0.639256
0.626262
0.624331
0.630144
0.627367
0.625968
0.623967
0.624812
0.629310
0.635222
0.629001
0.626309
0.635178
0.639413
0.633899
0.631388
0.628831
0.638580
0.631388
0.637156
0.638000
0.630511
0.635178
0.638000
0.634343
0.632186
0.636588
0.640258
0.631341
0.631341
0.629098
0.628508
0.633899
0.626842
0.631062
0.629667
0.631076
0.641400
0.638846
0.635312
0.633234
0.628553
0.634078
0.628565
0.633199
0.638000
0.637166
0.634744
0.638098
0.637568
0.636157
0.638933
0.645989
0.644278
0.640921
0.640921
0.641175
0.640876
0.640297
0.642540
0.636640
0.636050
0.633806
0.642022
0.639765
0.643685
0.644843
0.636942
0.634384
0.637772
0.636989
0.633019
0.641175
0.636942
0.637519
0.646223
0.640128
0.649710
0.642641
0.636981
0.641129
0.637028
0.635486
0.648286
0.638440
0.642954
0.640118
0.639802
0.637560
0.636464
0.638440
0.642373
0.632746
0.645197
0.641793
0.635571
0.643474
0.642629
0.640951
0.637560
0.632746
0.638140
0.641530
0.644362
0.650277
0.642373
0.646875
0.645151
0.633014
0.645983
0.655874
0.651062
0.645403
0.651329
0.648506
0.647493
0.648013
0.649437
0.643526
0.637056
0.640637
0.638974
0.634159
0.637249
0.633266
0.637249
0.649700
0.650231
0.638747
0.642993
0.643825
0.644659
0.644924
0.649437
0.646348
0.643201
0.642103
0.638699
0.640691
0.640422
0.647168
0.642949
0.652246
0.651637
0.650224
0.653615
0.640065
0.644347
0.647391
0.647121
0.644046
0.643155
0.647955
0.645411
0.658114
0.651057
0.648232
0.649645
0.640984
0.645132
0.646676
0.647222
0.648798
0.650791
0.644073
0.648052
0.651156
0.644338
0.646909
0.645484
0.648321
0.647163
0.650252
0.647174
0.643772
0.641251
0.639898
0.643240
0.641297
0.642977
0.641828
0.636736
0.641030
0.637642
0.642395
0.636217
0.638076
0.635951
0.634985
0.637541
0.641211
0.634985
0.644566
0.641463
0.642141
0.641476
0.643553
0.655970
0.650311
0.645230
0.640464
0.645411
0.638459
0.651142
0.646063
0.642662
0.649998
0.642662
0.648841
0.643772
0.653399
0.648841
0.652508
0.643595
0.639093
0.647263
0.649406
0.650252
0.648973
0.650252
0.650664
0.652508
0.640091
0.644605
0.653653
0.650664
0.646118
0.643282
0.646104
0.652594
0.652548
0.643801
0.652282
0.650124
0.648714
0.656781
0.649506
0.646936
0.644426
0.638781
0.639613
0.643014
0.639360
0.641025
0.639880
0.642435
0.639880
0.650293
0.647781
0.646622
0.637309
0.640444
0.636478
0.643548
0.641291
0.643801
0.642388
0.638735
0.648301
0.644468
0.646905
0.648135
0.651490
0.642164
0.652589
0.648342
0.650598
0.654256
0.653122
0.650120
0.649586
0.647270
0.656910
0.652975
0.649454
0.648741
0.650019
0.650420
0.648129
0.654353
0.652940
0.654028
0.656597
0.648960
0.647031
0.647596
0.652577
0.659612
0.648741
0.649274
0.646969
0.648116
0.651218
0.653462
0.649228
0.653015
0.650193
0.651305
0.652968
0.656591
0.661923
0.654421
0.659453
0.660286
0.652651
0.652472
0.648503
0.650226
0.651060
0.651013
0.658384
0.645414
0.654160
0.654414
0.650181
0.656359
0.655468
0.654622
0.661115
0.648544
0.655201
0.643718
0.656877
0.656313
0.656877
0.650435
0.654104
0.651013
0.654368
0.656877
0.654368
0.655468
0.663104
0.657457
0.661392
0.662935
0.666558
0.664881
0.666292
0.665147
0.668236
0.667921
0.662916
0.659203
0.666270
0.665440
0.664862
0.667518
0.669942
0.665202
0.659910
0.660487
0.664157
0.665835
0.665568
0.662165
0.665253
0.670321
0.668392
0.671481
0.661021
0.665253
0.664111
0.673425
0.661287
0.661527
0.664363
0.659642
0.658233
0.663178
0.669222
0.667809
0.655941
0.662433
0.658199
0.664988
0.664988
0.665002
0.663265
0.668256
0.662998
0.664688
0.672310
0.666622
0.671122
0.668385
0.667239
0.672660
0.667013
0.669836
0.672034
0.675702
0.672301
0.669744
0.669876
0.661080
0.668899
0.666682
0.670170
0.668095
0.672607
0.666456
0.670661
0.666202
0.664212
0.667568
0.674624
0.681115
0.672113
0.672426
0.658566
0.664476
0.664733
0.663420
0.667556
0.666808
0.666808
0.674131
0.661950
0.663362
0.669272
0.671263
0.667283
0.670104
0.665704
0.667635
0.667367
0.674441
0.668212
0.660577
0.661990
0.656909
0.664499
0.664055
0.669400
0.665153
0.666564
0.660426
0.656672
0.659775
0.656419
0.660918
0.668241
0.662029
0.656938
0.669100
0.671596
0.669933
0.653861
0.651638
0.661411
0.658010
0.656419
0.668155
0.659254
0.655272
0.663476
0.666564
0.666832
0.662909
0.663755
0.663476
0.661231
0.660340
0.657829
0.658097
0.657263
0.658321
0.659719
0.656151
0.660832
0.654174
0.655234
0.659820
0.660818
0.654606
0.665744
0.669086
0.663959
0.667940
0.672176
0.673288
0.672842
0.669026
0.666250
0.659459
0.655752
0.651341
0.652702
0.655793
0.663162
0.660918
0.659459
0.667940
0.665954
0.662683
0.667703
0.667184
0.665195
0.668859
0.663782
0.660958
0.661804
0.665770
0.665770
0.665458
0.665458
0.667149
0.673050
0.663737
0.660080
0.655614
0.666881
0.659280
0.669873
0.667451
0.654421
0.659766
0.674148
0.669747
0.662591
0.667983
0.670224
0.672216
0.668236
0.665954
0.658882
0.669887
0.655585
0.659775
0.660040
0.658097
0.660040
0.669606
0.670719
0.671683
0.662551
0.662949
0.659233
0.659233
0.658136
0.660026
0.665954
0.664540
0.656058
0.658613
0.657769
0.653549
0.651505
0.653494
0.660251
0.655852
0.644859
0.645559
0.648513
0.657829
0.665731
0.661497
0.658663
0.659196
0.671298
0.659547
0.661538
0.670852
0.658402
0.660692
0.664360
0.660293
0.659459
0.661704
0.656938
0.669873
0.666219
0.649121
0.650133
0.649881
0.654368
0.649134
0.656445
0.667136
0.671073
0.656991
0.658656
0.659501
0.660066
0.661165
0.660336
0.663422
0.656632
0.653044
0.658656
0.649922
0.646519
0.652696
0.652151
0.649922
0.653009
0.648243
0.659547
0.649330
0.657558
0.654408
0.652743
0.646240
0.649078
0.657303
0.647623
0.657769
0.656458
0.645140
0.645633
0.643078
0.642857
0.645114
0.647043
0.652124
0.653549
0.649033
0.639411
0.653003
0.649615
0.649566
0.646300
0.645900
0.642233
0.648189
0.655793
0.644044
0.642632
0.646831
0.652211
0.649022
0.643078
0.639142
0.649701
0.646879
0.650786
0.654421
0.651052
0.646821
0.649134
0.652971
0.648288
0.655879
0.649376
0.653323
0.645455
0.647145
0.652389
0.650534
0.651899
0.652956
0.654380
0.655345
0.661792
0.657511
0.649606
0.658389
0.653096
0.664654
0.656173
0.665452
0.662632
0.659854
0.655654
0.653941
0.661832
0.656440
0.659530
0.655295
0.658652
0.662887
0.651061
0.658163
0.655905
0.662099
0.654508
0.654508
0.649996
0.656931
0.660999
0.661732
0.644528
0.650753
0.644250
0.651286
0.660866
0.659228
0.653036
0.649162
0.654456
0.645987
0.654987
0.657909
0.649694
0.661224
0.647084
0.647665
0.665993
0.651985
0.661432
0.657864
0.652206
0.656140
0.665707
0.660729
0.658652
0.664295
0.660313
0.660729
0.673130
0.656481
0.650301
0.657490
0.668317
0.671139
0.665181
0.666280
0.669681
0.671938
0.675027
0.671190
0.677405
0.676260
0.672011
0.670568
0.665798
0.664376
0.665798
0.666946
0.664376
0.659384
0.655372
0.660454
0.666113
0.674282
0.664376
0.663277
0.671458
0.660934
0.659522
0.667125
0.664109
0.666676
0.659623
0.664421
0.663544
0.675992
0.668044
0.673436
0.664897
0.670347
0.672590
0.664954
0.668309
0.669720
0.669988
0.660227
0.661552
0.660394
0.667200
0.665267
0.667211
0.661854
0.664954
0.660721
0.662441
0.658943
0.667823
0.668356
0.669514
0.666631
0.670613
0.669468
0.672857
0.676777
0.669454
0.677624
0.678855
0.676299
0.674056
0.678544
0.680487
0.672006
0.676819
0.678510
0.676785
0.688924
0.685074
0.686187
0.679070
0.671526
0.669281
0.667519
0.677651
0.676819
0.674573
0.672091
0.682998
0.680260
0.684776
0.689008
0.672273
0.675459
0.677438
0.683097
0.676294
0.684762
0.679948
0.677839
0.680792
0.675979
0.685295
0.681891
0.683884
0.677957
0.679695
0.678849
0.668958
0.687864
0.689852
0.696863
0.690374
0.698363
0.687204
0.696951
0.683078
0.684236
0.685335
0.680672
0.682519
0.681951
0.686260
0.670722
0.681626
0.685028
0.677166
0.683391
0.689050
0.683702
0.670109
0.679156
0.685600
0.694347
0.697257
0.690986
0.698611
0.694123
0.687439
0.685953
0.688690
0.679774
0.691334
0.684276
0.686800
0.692180
0.698003
0.700924
0.695787
0.693543
0.695220
0.701147
0.695874
0.695220
0.698164
0.699189
0.700822
0.703476
0.705987
0.702598
0.696673
0.702319
0.705675
0.699185
0.698618
0.704529
0.701128
0.686599
0.701233
0.710754
0.705156
0.714468
0.701174
0.704009
0.711334
0.707186
0.708850
0.704616
0.710793
0.708058
0.710182
0.711328
0.713572
0.712559
0.709736
0.704958
0.709384
0.710481
0.694943
0.689110
0.697192
0.699283
0.706029
0.700056
0.700322
0.704835
0.702679
0.708058
0.715069
0.702666
0.704343
0.710834
0.714021
0.714021
0.717632
0.722446
0.711707
0.702972
0.707207
0.705794
0.713297
0.714809
0.710310
0.714217
0.706064
0.714229
0.710521
0.711973
0.711082
0.711973
0.714317
0.715063
0.710515
0.712594
0.716781
0.721860
0.721860
0.707765
0.711448
0.707779
0.715680
0.717349
0.717358
0.728930
0.715102
0.700130
0.691117
0.697308
0.701852
0.688606
0.700756
0.693686
0.688872
0.693119
0.693384
0.704630
0.701376
0.708134
0.705830
0.712008
0.706170
0.705024
0.705603
0.705557
0.703047
0.707002
0.710369
0.709525
0.710624
0.715124
0.706655
0.709211
0.702808
0.702808
0.695484
0.704799
0.697102
0.699720
0.700254
0.701664
0.710977
0.702761
0.699446
0.703860
0.704440
0.703607
0.705005
0.703427
0.708760
0.702582
0.706118
0.697741
0.696049
0.689824
0.696278
0.687482
0.695698
0.687836
0.699406
0.697683
0.696259
0.708406
0.698779
0.701602
0.696938
0.705600
0.706164
0.700193
0.701172
0.695691
0.697501
0.697368
0.696270
0.700254
0.707262
0.704739
0.708406
0.703640
0.691758
0.693759
0.706164
0.702448
0.694114
0.693799
0.696043
0.692857
0.692121
0.688189
0.698335
0.698349
0.697770
0.705107
0.697144
0.698820
0.707835
0.711623
0.697409
0.694886
0.704465
0.687878
0.695464
0.689227
0.694574
0.692997
0.702754
0.683403
0.690740
0.687650
0.700898
0.707304
0.686419
0.694308
0.694142
0.703409
0.697497
0.704569
0.692684
0.696025
0.700853
0.698294
0.693781
0.699692
0.702616
0.701951
0.701951
0.702349
0.705040
0.698028
0.698115
0.703184
0.696084
0.689015
0.687603
0.697722
0.700279
0.690159
0.688189
0.681118
0.694281
0.677715
0.683289
0.683024
0.679706
0.696523
0.687878
0.686106
0.690740
0.706995
0.708753
0.711931
0.704860
0.696870
0.683623
0.702842
0.697497
0.694142
0.682512
0.679927
0.672639
0.680807
0.681131
0.677896
0.680539
0.681118
0.681962
0.683049
0.681385
0.676570
0.677983
0.688663
0.699088
0.692317
0.692330
0.684826
0.692330
0.691233
0.695554
0.694987
0.688701
0.685348
0.683936
0.696870
0.702517
0.695014
0.698682
0.691045
0.694882
0.696704
0.692710
0.700361
0.692710
0.694122
0.694135
0.697789
0.689575
0.691845
0.687066
0.696597
0.698143
0.693595
0.688518
0.691339
0.688469
0.691556
0.691556
0.696107
0.702863
0.692704
0.686879
0.693537
0.692184
0.694173
0.695007
0.699194
0.705907
0.706573
0.707670
0.707660
0.685469
0.689881
0.683646
0.678977
0.683957
0.676100
0.694740
0.683742
0.692224
0.697243
0.700693
0.688230
0.686225
0.698616
0.690812
0.692745
0.697243
0.693577
0.698924
0.693943
0.703522
0.686919
0.698165
0.696452
0.704620
0.694149
0.690349
0.694982
0.706552
0.701740
0.696657
0.693352
0.677904
0.694687
0.692164
0.699189
0.692471
0.688853
0.689129
0.697865
0.694776
0.705988
0.701740
0.701740
0.693659
0.696139
0.702633
0.707976
0.689990
0.697506
0.696227
0.700728
0.696435
0.705168
0.700936
0.703192
0.710359
0.704436
0.704123
0.696222
0.695389
0.693118
0.705003
0.692599
0.704436
0.703857
0.701600
0.699125
0.695289
0.691187
0.697026
0.688354
0.697933
0.691443
0.699523
0.697679
0.688619
0.690210
0.698425
0.704735
0.703544
0.703544
0.701613
0.705003
0.710616
0.711846
0.704910
0.700155
0.703544
0.704063
0.698165
0.713211
0.705754
0.707566
0.708930
0.716520
0.713697
0.704070
0.709536
0.702779
0.712359
0.715716
0.719130
0.704456
0.710117
0.717752
0.713160
0.708068
0.716646
0.712666
0.707765
0.706089
0.710590
0.715716
0.706979
0.707813
0.714011
0.698460
0.709849
0.708911
0.706134
0.723304
0.707813
0.695935
0.698507
0.697939
0.688879
0.693905
0.695150
0.700975
0.698771
0.697672
0.703006
0.708439
0.708572
0.702213
0.711481
0.709311
0.713824
0.713736
0.703252
0.708391
0.704770
0.707547
0.693674
0.702821
0.710724
0.721414
0.722246
0.724443
0.716374
0.715143
0.719377
0.725854
0.711296
0.718632
0.722865
0.715229
0.712396
0.718307
0.722505
0.722062
0.725163
0.726526
0.735310
0.726741
0.725149
0.713014
0.720516
0.726476
0.718672
0.713581
0.715738
0.717694
0.715570
0.699399
0.704791
0.712138
0.721720
0.717250
0.719490
0.724271
0.718613
0.728771
0.728784
0.720828
0.714158
0.725109
0.722246
0.712979
0.710382
0.702689
0.713247
0.710679
0.721101
0.730635
0.727944
0.734124
0.722819
0.723638
0.715738
0.716315
0.715484
0.713757
0.718660
0.719180
0.717515
0.712968
0.721123
0.713621
0.725101
0.725101
0.719133
0.724346
0.733926
0.727653
0.718918
0.734145
0.735570
0.723985
0.716928
0.712694
0.704526
0.708494
0.723778
0.718121
0.718353
0.722307
0.718385
0.711330
0.723732
0.734157
0.729019
0.725928
0.735789
0.736356
0.725172
0.729698
0.735284
0.743464
0.738431
0.732728
0.729637
0.735028
0.738954
0.731404
0.741462
0.737060
0.739039
0.739218
0.738954
0.732773
0.732999
0.716483
0.716602
0.721740
0.708015
0.722275
0.720016
0.720587
0.727923
0.731576
0.728009
0.738120
0.720312
0.726817
0.729952
0.732521
0.732416
0.725705
0.725972
0.733041
0.720949
0.711936
0.724520
0.723507
0.722349
0.732507
0.729952
0.731882
0.706231
0.718294
0.713036
0.718958
0.729372
0.725923
0.732248
0.731934
0.739826
0.728268
0.729101
0.714174
0.726857
0.733866
0.733301
0.731963
0.732855
0.729708
0.732541
0.734533
0.736477
0.733906
0.731483
0.733726
0.735065
0.725726
0.719593
0.712782
0.704865
0.712768
0.719212
0.708841
0.726010
0.726265
0.726798
0.722962
0.727464
0.737621
0.720718
0.715806
0.725697
0.714693
0.708563
0.707064
0.720949
0.716397
0.708834
0.721164
0.718385
0.717495
0.719187
0.702091
0.710705
0.716928
0.716037
0.723774
0.728480
0.720589
0.721457
0.720000
0.717754
0.718902
0.728746
0.715897
0.715319
0.726904
0.717843
0.724850
0.715007
0.719519
0.726857
0.728253
0.730212
0.717843
0.721496
0.720084
0.720631
0.723441
0.714142
0.723441
0.728268
0.718107
0.717796
0.724540
0.720306
0.718994
0.723229
0.727982
0.735884
0.730237
0.731916
0.736250
0.732762
0.733416
0.737383
0.736816
0.727815
0.734173
0.728650
0.735139
0.725498
0.729701
0.724887
0.735180
0.720373
0.729688
0.732788
0.737867
0.723827
0.719893
0.735446
0.731467
0.735120
0.734820
0.733722
0.727809
0.737702
0.734565
0.739380
0.737077
0.732575
0.726132
0.728654
0.728063
0.729160
0.726604
0.739322
0.734641
0.726739
0.735353
0.718435
0.728376
0.728953
0.726697
0.711158
0.727710
0.729520
0.731729
0.729741
0.734327
0.727848
0.738575
0.730672
0.732071
0.728995
0.732649
0.736898
0.730273
0.727169
0.733095
0.735919
0.736808
0.723070
0.721318
0.717921
0.710850
0.706652
0.706352
0.719899
0.711951
0.720699
0.726033
0.716540
0.715127
0.716451
0.717032
0.719941
0.710847
0.724974
0.728063
0.726919
0.720233
0.724715
0.738221
0.726438
0.729513
0.726633
0.729469
0.737950
0.740591
0.734068
0.739401
0.739933
0.739489
0.730426
0.734276
0.729821
0.732291
0.726151
0.727878
0.732599
0.735780
0.724788
0.725887
0.726732
0.734365
0.738569
0.741645
0.744167
0.740287
0.747297
0.746199
0.743987
0.738609
0.731021
0.738908
0.739442
0.742310
0.736039
0.733159
0.731892
0.730069
0.732724
0.726187
0.738276
0.742511
0.747591
0.732412
0.734629
0.743050
0.742784
0.724735
0.730440
0.734761
0.738342
0.723638
0.732599
0.728750
0.725081
0.726506
0.709237
0.720554
0.717318
0.716586
0.731859
0.723810
0.729022
0.716520
0.708318
0.731456
0.725222
0.732291
0.719308
0.719129
0.724788
0.727832
0.718204
0.721905
0.718776
0.713438
0.705881
0.720187
0.717944
0.718204
0.714537
0.725840
0.724249
0.730341
0.727039
0.723584
0.719615
0.710601
0.719928
0.711228
0.727789
0.726407
0.726418
0.725095
0.726407
0.727564
0.723556
0.719129
0.715654
0.714062
0.714330
0.714849
0.726151
0.729734
0.734009
0.733209
0.731174
0.718832
0.721073
0.721073
0.723595
0.728349
0.729016
0.719656
0.728136
0.739442
0.727858
0.728969
0.729055
0.732724
0.728476
0.726980
0.724409
0.717413
0.724515
0.722272
0.726686
0.718191
0.716034
0.732330
0.730076
0.719961
0.725798
0.728457
0.733535
0.730966
0.723064
0.706455
0.724769
0.730426
0.723683
0.731792
0.734881
0.731578
0.733159
0.731878
0.722479
0.732373
0.744195
0.732591
0.736559
0.731568
0.733291
0.730422
0.732990
0.740315
0.734090
0.722965
0.727630
0.724409
0.731312
0.729369
0.714830
0.717400
0.718499
0.725302
0.732058
0.734614
0.737806
0.736345
0.725609
0.738412
0.733463
0.731921
0.735009
0.731606
0.729930
0.734562
0.729317
0.732971
0.730641
0.747113
0.735274
0.736420
0.729049
0.727105
0.731834
0.721660
0.728745
0.728432
0.732977
0.730941
0.729590
0.741411
0.729097
0.723931
0.728998
0.729055
0.733691
0.728165
0.732944
0.740269
0.744902
0.738364
0.720880
0.732185
0.737219
0.739774
0.745640
0.738231
0.740355
0.733862
0.740607
0.730148
0.739774
0.732392
0.735540
0.742820
0.741407
0.746738
0.742325
0.734070
0.739595
0.739682
0.740083
0.736680
0.736621
0.733545
0.738570
0.744485
0.738585
0.725695
0.731355
0.729628
0.736420
0.728683
0.731921
0.725521
0.725955
0.727912
0.726441
0.736601
0.736865
0.735588
0.737786
0.734119
0.735540
0.732407
0.730682
0.732452
0.738231
0.731561
0.732185
0.730016
0.733820
0.733238
0.736328
0.741467
0.734915
0.737219
0.742864
0.739816
0.740216
0.741136
0.732699
0.727353
0.730949
0.733903
0.736813
0.722541
0.730768
0.740561
0.727353
0.729968
0.737559
0.739252
0.739191
0.738924
0.743523
0.741533
0.740688
0.742279
0.730201
0.736680
0.734157
0.737513
0.740036
0.745958
0.751705
0.742378
0.733897
0.743212
0.741223
0.739859
0.742547
0.746034
0.736421
0.741088
0.742898
0.742320
0.755096
0.723205
0.730418
0.728825
0.727099
0.736415
0.739816
0.738608
0.740603
0.749037
0.743212
0.737420
0.741136
0.741786
0.741268
0.741223
0.740967
0.744056
0.749436
0.734465
0.734998
0.734998
0.742053
0.731774
0.734078
0.732965
0.741846
0.748604
0.750235
0.741840
0.748067
0.748331
0.752832
0.744578
0.742766
0.754384
0.735174
0.745382
0.739545
0.736986
0.743197
0.740654
0.739763
0.747712
0.750801
0.746255
0.747266
0.742418
0.749475
0.753145
0.748584
0.753351
0.752206
0.744039
0.752252
0.756440
0.757819
0.755653
0.745316
0.746595
0.746339
0.752832
0.737253
0.734104
0.733055
0.734389
0.733232
0.746347
0.752538
0.750801
0.752746
0.747398
0.745109
0.738618
0.741485
0.745988
0.745240
0.746520
0.755088
0.751941
0.751064
0.750482
0.743784
0.749430
0.754157
0.753351
0.757640
0.759305
0.760726
0.759568
0.751945
0.765315
0.760191
0.753865
0.755378
0.761600
0.753132
0.757933
0.760711
0.748039
0.751444
0.761022
0.758199
0.759610
0.756787
0.747785
0.755422
0.762434
0.757100
0.744165
0.746513
0.742075
0.743765
0.748266
0.747420
0.744997
0.742174
0.743018
0.749763
0.743765
0.739651
0.742579
0.745402
0.742134
0.735869
0.739405
0.745763
0.743727
0.734784
0.738644
0.742059
0.747962
0.746549
0.736488
0.742893
0.737533
0.735170
0.734683
0.735070
0.744565
0.733672
0.735516
0.735516
0.742685
0.742672
0.744084
0.739537
0.743239
0.743505
0.739271
0.742106
0.745050
0.741783
0.738128
0.741706
0.744607
0.739224
0.745137
0.754271
0.751979
0.748312
0.753078
0.739516
0.749989
0.739516
0.730210
0.739801
0.739045
0.742399
0.746900
0.740410
0.742148
0.746368
0.746246
0.744824
0.747480
0.745225
0.749989
0.739516
0.750838
0.748591
0.744078
0.749458
0.744078
0.745802
0.745742
0.746023
0.745010
0.746109
0.746942
0.747266
0.743018
0.744418
0.748000
0.746321
0.741508
0.742653
0.746842
0.746856
0.751670
0.747119
0.752600
0.744371
0.747475
0.746376
0.754265
0.748365
0.746361
0.750342
0.744866
0.738206
0.744997
0.750777
0.753166
0.752022
0.751444
0.752287
0.751709
0.755823
0.748365
0.759971
0.752553
0.750877
0.764777
0.760396
0.754051
0.760544
0.759072
0.755402
0.759603
0.763586
0.759651
0.763006
0.758762
0.757181
0.750650
0.753740
0.752015
0.758193
0.752535
0.750589
0.756827
0.758592
0.756615
0.760257
0.753513
0.759871
0.757617
0.760484
0.762693
0.763925
0.763360
0.764190
0.752576
0.752635
0.755458
0.753335
0.761849
0.757448
0.754622
0.760525
0.762202
0.755143
0.760224
0.763564
0.756556
0.755722
0.764993
0.763000
0.759730
0.750053
0.756244
0.762988
0.765557
0.768479
0.755484
0.758009
0.753421
0.759730
0.766791
0.762522
0.767587
0.770988
0.766442
0.764725
0.764398
0.759597
0.765557
0.762820
0.765331
0.762509
0.769531
0.770097
0.762195
0.769220
0.768954
0.764704
0.766527
0.765657
0.761989
0.764186
0.764451
0.765684
0.763962
0.772174
0.766115
0.761317
0.758009
0.760251
0.757782
0.765018
0.760784
0.764232
0.757115
0.767321
0.755171
0.766756
0.761451
0.767008
0.766696
0.769252
0.759639
0.765849
0.770631
0.762860
0.768954
0.764704
0.765684
0.759461
0.763606
0.767273
0.767528
0.767528
0.765119
0.767542
0.765951
0.768773
0.765551
0.765119
0.760871
0.772710
0.765904
0.757736
0.770453
0.772381
0.771814
0.768147
0.772393
0.778574
0.776716
0.774638
0.775750
0.777414
0.776584
0.767582
0.763334
0.767894
0.758315
0.762728
0.769872
0.775263
0.771548
0.778352
0.769824
0.769883
0.764226
0.773805
0.767568
0.773541
0.770971
0.775218
0.766171
0.770225
0.777414
0.772168
0.772168
0.768944
0.769645
0.769513
0.770924
0.769080
0.776404
0.775257
0.774724
0.763433
0.777149
0.767100
0.774413
0.771857
0.766510
0.772688
0.767042
0.774946
0.771941
0.775479
0.775344
0.772210
0.772463
0.771063
0.776976
0.778654
0.776410
0.783454
0.774687
0.776976
0.783410
0.775071
0.775385
0.780019
0.782397
0.770257
0.782574
0.775639
0.777911
0.781997
0.779572
0.777017
0.782350
0.786017
0.776704
0.788259
0.780889
0.781469
0.782568
0.784871
0.782927
0.794486
0.779094
0.790785
0.780047
0.786538
0.784026
0.780444
0.780978
0.784959
0.784292
0.787646
0.783993
0.778468
0.780047
0.783135
0.783981
0.787470
0.786903
0.788568
0.790246
0.789399
0.777798
0.781183
0.785698
0.782476
0.786278
0.787421
0.784732
0.792235
0.780174
0.774309
0.787735
0.780352
0.769243
0.776997
0.782075
0.783058
0.787240
0.788608
0.780186
0.780753
0.782031
0.786099
0.782031
0.782342
0.786010
0.784588
0.780186
0.780174
0.786099
0.787210
0.787463
0.789406
0.790287
0.786664
0.783275
0.788342
0.786052
0.789974
0.785353
0.782961
0.780391
0.788429
0.784314
0.788029
0.781105
0.789142
0.786570
0.787717
0.785546
0.784581
0.785293
0.783169
0.793061
0.782735
0.786092
0.798975
0.793461
0.790593
0.792004
0.794115
0.791438
0.788869
0.785867
0.787192
0.789181
0.782958
0.779287
0.792137
0.788022
0.785780
0.785513
0.783255
0.777611
0.785113
0.778755
0.784413
0.776632
0.782159
0.788071
0.784235
0.784104
0.787178
0.785912
0.787192
0.789436
0.787010
0.789699
0.793668
0.787010
0.787856
0.789786
0.790632
0.790678
0.792042
0.793454
0.792577
0.793410
0.796931
0.800165
0.790985
0.803556
0.791418
0.797197
0.798742
0.791552
0.795605
0.800554
0.795356
0.793544
0.794554
0.793142
0.797077
0.791985
0.791998
0.793410
0.787483
0.792877
0.785940
0.789475
0.762446
0.766633
0.584991
0.568059
0.576592
0.515118
0.473501
0.467482
0.444907
0.373609
0.365917
0.360643
0.319381
0.317443
0.336576
0.343746
0.332758
0.338619
0.335350
0.312719
0.289148
0.290850
0.295334
0.277682
0.278493
0.257620
0.247164
0.241124
0.234984
0.233323
0.230831
0.234363
0.236461
0.240557
0.235827
0.238036
0.237430
0.239287
0.242317
0.238043
0.236376
0.232223
0.227871
0.225771
0.226357
0.216192
0.214385
0.217389
0.213080
0.208907
0.207194
0.210898
0.213414
0.214659
0.212860
0.200696
0.201282
0.198426
0.195067
0.190635
0.185814
0.166520
0.174575
0.171544
0.172867
0.176253
0.180841
0.176691
0.180763
0.178164
0.172324
0.161601
0.159480
0.138403
0.132178
0.125170
0.127260
0.124436
0.130549
0.129410
0.139852
0.134631
0.132464
0.111869
0.106975
0.104756
0.092420
0.095534
0.086887
0.091406
0.095197
0.085106
0.081483
0.081917
0.081559
0.083164
0.077028
0.077022
0.076744
0.072669
0.073219
0.070551
0.072738
0.065143
0.066747
0.068635
0.071262
0.070927
0.068076
0.068134
0.060176
0.062922
0.061346
0.068126
0.064453
0.065836
0.060662
0.057833
0.054037
0.057695
0.057833
0.052980
0.048442
0.044923
0.045264
0.054812
0.050303
0.047140
0.047358
0.049000
0.048882
0.049775
0.044116
0.042178
0.041818
0.039168
0.042843
0.040422
0.036288
0.035475
0.032869
0.038863
0.037001
0.035917
0.034760
0.034959
0.033878
0.032209
0.033434
0.028335
0.026884
0.027952
0.027261
0.027375
0.025814
0.030139
0.021988
0.025991
0.040947
0.041205
0.035979
0.035547
0.031060
0.031577
0.038117
0.023436
0.024788
0.025737
0.022985
0.024127
0.016176
0.016456
0.018449
0.016664
0.016761
0.016148
0.010921
0.005409
0.009289
0.006048
0.003837
0.004399
0.005835
0.004479
0.007563
0.000859
0.005441
0.009524
0.005822
0.006294
0.002369
0.007022
0.004259
0.000000
0.005773
0.011839
0.005140
0.017128
0.012762
0.010552
0.017562
0.021050
0.020385
0.009494
0.008289
0.018406
0.011172
0.009228
0.012923
0.017377
0.020465
0.026659
0.031291
0.039992
0.045100
0.036583
0.094810
0.127414
0.105386
0.095953
0.109242
0.116005
0.127822
0.098959
0.132437
0.140201
0.152866
0.144709
0.150088
0.154416
0.177586
0.176391
0.170154
0.153071
0.181760
0.176555
0.175424
0.184705
0.193144
0.196281
0.194017
0.190049
0.195742
0.192340
0.196633
0.198519
0.197727
0.198913
0.197256
0.203227
0.202328
0.217527
0.217381
0.227894
0.228159
0.226469
0.226156
0.226396
0.233853
0.227940
0.221443
0.221697
0.223196
0.224559
0.224347
0.223102
0.236963
0.230598
0.243495
0.239075
0.240723
0.240144
0.237311
0.238467
0.231444
0.240624
0.247754
0.239035
0.239879
0.241470
0.246283
0.247655
0.233080
0.250782
0.246058
0.252774
0.237931
0.237974
0.259294
0.259613
0.265951
0.268966
0.272123
0.265997
0.273010
0.277822
0.270272
0.267437
0.274108
0.275026
0.277550
0.280020
0.281745
0.280384
0.284933
0.300159
0.290530
0.288627
0.282728
0.288015
0.285000
0.275911
0.286338
0.291978
0.291798
0.292291
0.291484
0.294574
0.294839
0.298848
0.298016
0.296518
0.295152
0.300220
0.300839
0.305919
0.299382
0.298536
0.298801
0.301358
0.300046
0.297702
0.292369
0.294082
0.300575
0.296559
0.302602
0.297224
0.299213
0.300387
0.297743
0.297165
0.305912
0.317297
0.313631
0.310227
0.316718
0.317563
0.312571
0.306953
0.316192
0.319268
0.316305
0.328349
0.327564
0.326912
0.335993
0.339216
0.340001
0.339483
0.343137
0.335501
0.343630
0.336561
0.345381
0.348484
0.350116
0.352532
0.347984
0.350820
0.342918
0.351918
0.360313
0.357225
0.347192
0.390412
0.388462
0.366514
0.380282
0.388544
0.394987
0.390469
0.385968
0.391627
0.385401
0.390528
0.389948
0.393078
0.394404
0.393345
0.395409
0.397745
0.404178
0.411162
0.403391
0.401401
0.405518
0.408692
0.398614
0.416096
0.419497
0.409425
0.421488
0.412526
0.417028
0.427932
0.435043
0.439530
0.433931
0.429383
0.429991
0.439612
0.446114
0.437720
0.442220
0.436560
0.432640
0.435689
0.425837
0.428407
0.424425
0.411251
0.429592
0.432414
0.436514
0.428659
0.425171
0.430916
0.441023
0.439091
0.436222
0.429404
0.435463
0.435683
0.442486
0.441342
0.441063
0.437760
0.438904
0.443585
0.441609
0.440583
0.444504
0.444504
0.446228
0.439919
0.441063
0.441994
0.445349
0.445083
0.444772
0.449803
0.450811
0.458146
0.463432
0.452789
0.461303
0.474431
0.476243
0.478174
0.483113
0.476009
0.487340
0.493266
0.484739
0.495198
0.490383
0.485883
0.489286
0.488140
0.485570
0.492980
0.490423
0.488835
0.492801
0.489894
0.498385
0.513072
0.503179
0.499510
0.501429
0.503971
0.501816
0.502647
0.497055
0.498408
0.512240
0.503233
0.503534
0.504377
0.500976
0.501763
0.505430
0.500971
0.508874
0.507848
0.507490
0.512570
0.520131
0.527049
0.522363
0.529387
0.524886
0.532209
0.523994
0.534720
0.533054
0.528554
0.531376
0.533827
0.532191
0.535337
0.535871
0.534754
0.537889
0.535692
0.530047
0.535280
0.531624
0.532457
0.537489
0.545438
0.534714
0.535113
0.541471
0.534799
0.533968
0.529142
0.530879
0.533134
0.536790
0.531710
0.532822
0.540713
0.537623
0.535377
0.536164
0.538467
0.540977
0.537363
0.548920
0.549512
0.553108
0.549853
0.559167
0.551484
0.556877
0.555405
0.557143
0.556071
0.553022
0.559426
0.551299
0.561091
0.564280
0.561770
0.558044
0.558310
0.552976
0.555533
0.559721
0.557311
0.562557
0.558634
0.566170
0.564846
0.556153
0.565212
0.570547
0.561006
0.560341
0.571124
0.565952
0.569088
0.573142
0.573409
0.571731
0.567764
0.570585
0.562416
0.562104
0.577345
0.573362
0.569469
0.576550
0.587265
0.586964
0.584394
0.587796
0.583070
0.583516
0.584406
0.581866
0.588016
0.587611
0.594368
0.593209
0.603322
0.600853
0.607389
0.607123
0.601478
0.601910
0.597809
0.594988
0.593130
0.594662
0.589102
0.594615
0.598076
0.603775
0.615318
0.606851
0.606284
0.610193
0.608614
0.610825
0.618982
0.611911
0.605700
0.615846
0.606932
0.615579
0.607691
0.604941
0.616511
0.619914
0.614342
0.616199
0.614209
0.616199
0.616766
0.615946
0.618768
0.608609
0.614609
0.613364
0.614209
0.608650
0.610639
0.614620
0.618444
0.605559
0.610401
0.615927
0.616327
0.615927
0.623036
0.616592
0.624096
0.622684
0.624761
0.639675
0.638929
0.639753
0.648549
0.645140
0.651366
0.644127
0.651098
0.641833
0.644881
0.629609
0.632520
0.646610
0.637020
0.642664
0.653668
0.649735
0.644962
0.642405
0.648317
0.651672
0.646258
0.641333
0.651672
0.650302
0.647525
0.642120
0.644915
0.642744
0.646580
0.655161
0.664907
0.661379
0.657891
0.655102
0.651746
0.655721
0.655242
0.674443
0.677345
0.683918
0.683563
0.696759
0.681845
0.688957
0.685767
0.686699
0.692298
0.683614
0.698326
0.711933
0.703746
0.704591
0.707159
0.734743
0.725602
0.727725
0.728039
0.728065
0.725509
0.723266
0.723252
0.728997
0.732979
0.733545
0.726488
0.730721
0.730184
0.727893
0.734059
0.736361
0.735782
0.732127
0.735469
0.737461
0.731815
0.735469
0.739450
0.730403
0.737294
0.742014
0.745357
0.750435
0.742087
0.737247
0.742014
0.755516
0.758125
0.756787
0.747826
0.746104
0.759931
0.764430
0.754850
0.750084
0.747693
0.747826
0.755330
0.750916
0.756175
0.754317
0.749711
0.756528
0.754317
0.754838
0.753739
0.762219
0.761370
0.767207
0.762394
0.763359
0.760536
0.763805
0.766182
0.763805
0.763007
0.758280
0.759704
0.757175
0.765330
0.763666
0.765330
0.764512
0.768431
0.765031
0.767022
0.765910
0.762340
0.757528
0.764764
0.768480
0.763354
0.763919
0.762208
0.768166
0.759119
0.765077
0.765077
0.763666
0.765904
0.771609
0.772501
0.774165
0.768519
0.776155
0.775575
0.771609
0.775229
0.780298
0.770816
0.773819
0.786222
0.787321
0.785742
0.790230
0.780915
0.785995
0.781542
0.778746
0.764407
0.773007
0.794152
0.779459
0.776668
0.769444
0.777648
0.778673
0.784624
0.792833
0.793713
0.782755
0.800844
0.807041
0.817228
0.804033
0.810258
0.818327
0.801770
0.819033
0.813906
0.819564
0.815359
0.819872
0.818674
0.819326
0.821496
0.820450
0.818507
0.823754
0.815626
0.821330
0.827508
0.826409
0.823614
0.825783
0.826437
0.825604
0.832302
0.829179
0.826744
0.826744
0.831510
0.826164
0.829832
0.833766
0.834600
0.832608
0.832442
0.836589
0.839185
0.838932
0.837688
0.838875
0.836051
0.832649
0.830805
0.834639
0.834639
0.836451
0.838708
0.839139
0.844267
0.834472
0.837476
0.841530
0.839540
0.841397
0.843474
0.841218
0.840325
0.838927
0.844618
0.843994
0.844307
0.843994
0.844573
0.845998
0.844260
0.849073
0.845504
0.848494
0.845805
0.839281
0.854985
0.849426
0.849426
0.844925
0.848594
0.847702
0.853034
0.847702
0.858427
0.850526
0.845712
0.848535
0.851624
0.851104
0.852203
0.852516
0.857861
0.853182
0.861249
0.855125
0.857680
0.851769
0.857102
0.855065
0.860678
0.861557
0.857902
0.859879
0.854633
0.858734
0.858287
0.857989
0.856876
0.866324
0.858255
0.857941
0.867736
0.862177
0.856785
0.855374
0.864732
0.861331
0.862177
0.863321
0.860186
0.861643
0.862575
0.861065
0.863588
0.860718
0.864120
0.865578
0.865519
0.862429
0.862695
0.866098
0.869499
0.856617
0.863541
0.867908
0.864785
0.869021
0.869320
0.866717
0.868455
0.865353
0.865039
0.872362
0.866717
0.868128
0.867548
0.869227
0.871797
0.869807
0.869227
0.871217
0.871483
0.865886
0.871483
0.872137
0.877396
0.871571
0.869494
0.876552
0.869061
0.875719
0.866757
0.870160
0.873161
0.870160
0.875983
0.873728
0.867082
0.871883
0.869627
0.873728
0.869061
0.869494
0.869061
0.874706
0.875138
0.869627
0.875983
0.871571
0.866238
0.870725
0.873295
0.873295
0.877216
0.874573
0.866504
0.869061
0.873295
0.874974
0.874573
0.874573
0.870725
0.872669
0.874706
0.873827
0.873827
0.876070
0.875504
0.874660
0.871837
0.875551
0.871571
0.877229
0.868168
0.875805
0.876917
0.876070
0.871883
0.867901
0.876949
0.874974
0.875805
0.866238
0.877229
0.878640
0.872983
0.871524
0.872983
0.871837
0.874660
0.876070
0.880052
0.877495
0.871837
0.876902
0.875239
0.876917
0.877483
0.875193
0.876651
0.877169
0.879560
0.880273
0.880005
0.878580
0.878015
0.875325
0.882562
0.878993
0.879427
0.876170
0.878993
0.881984
0.881816
0.882250
0.878993
0.876170
0.879427
0.881237
0.874479
0.875591
0.875013
0.881252
0.875013
0.881683
0.880092
0.881417
0.882082
0.879514
0.882915
0.882915
0.883747
0.885738
0.877789
0.882290
0.878367
0.883181
0.879299
0.886092
0.889759
0.887189
0.886802
0.885731
0.887988
0.884054
0.889713
0.888302
0.887189
0.885212
0.885731
0.890232
0.887456
0.890812
0.887543
0.893901
0.890898
0.889800
0.894467
0.890232
0.888567
0.891210
0.890112
0.886976
0.891210
0.894301
0.888821
0.891478
0.890631
0.886663
0.892056
0.890898
0.891744
0.891744
0.892010
0.897955
0.893986
0.892310
0.889487
0.897389
0.900998
0.897909
0.896197
0.897609
0.895186
0.897742
0.891119
0.893096
0.891517
0.895352
0.897742
0.896018
0.899586
0.898310
0.900264
0.896284
0.893535
0.901039
0.901097
0.898482
0.902716
0.906118
0.899061
0.897962
0.901930
0.899999
0.902244
0.900206
0.900471
0.901097
0.906432
0.906743
0.898528
0.900832
0.900517
0.899373
0.900253
0.899940
0.902150
0.907796
0.905285
0.903962
0.903562
0.908375
0.904394
0.904972
0.906385
0.905818
0.905371
0.905805
0.905638
0.905551
0.904227
0.908194
0.906963
0.903828
0.902815
0.907050
0.902503
0.910318
0.907037
0.903081
0.908728
0.907883
0.906739
0.908415
0.903601
0.912395
0.909826
0.905545
0.912782
0.907090
0.912083
0.910360
0.908768
0.909780
0.908501
0.915439
0.916838
0.911591
0.910758
0.906524
0.912338
0.909780
0.912110
0.913535
0.917236
0.915199
0.915778
0.910965
0.919180
0.917204
0.915825
0.916623
0.919847
0.919714
0.919001
0.921691
0.918435
0.918688
0.917543
0.917289
0.918654
0.922934
0.919221
0.914986
0.918967
0.917808
0.921524
0.920378
0.924387
0.922710
0.926545
0.928222
0.921297
0.920898
0.919234
0.917909
0.921831
0.921251
0.924340
0.926597
0.927163
0.923448
0.924294
0.924294
0.928527
0.925706
0.929941
0.933342
0.924960
0.932196
0.925838
0.934487
0.932762
0.929507
0.929195
0.935020
0.926106
0.933428
0.933428
0.930026
0.935020
0.929712
0.934794
0.930825
0.932536
0.928135
0.931791
0.938861
0.931391
0.934627
0.936784
0.930559
0.933695
0.934840
0.931451
0.931185
0.930606
0.926951
0.932196
0.924340
0.922349
0.927116
0.931397
0.932762
0.926285
0.925172
0.922096
0.929420
0.930252
0.926583
0.928275
0.926583
0.927431
0.927431
0.927298
0.924861
0.928574
0.928707
0.924607
0.927163
0.933908
0.932243
0.930519
0.929107
0.927696
0.927116
0.924874
0.928262
0.930264
0.929107
0.927683
0.929507
0.929375
0.933921
0.934487
0.929941
0.929941
0.929953
0.932196
0.928262
0.929107
0.929941
0.931930
0.931352
0.927696
0.926851
0.930519
0.930785
0.926285
0.928262
0.931352
0.932762
0.929375
0.930519
0.929953
0.924874
0.930831
0.927431
0.928262
0.925706
0.926018
0.929687
0.928842
0.932496
0.928262
0.932496
0.928574
0.925438
0.924607
0.929167
0.930252
0.927996
0.929155
0.928307
0.926018
0.929420
0.929420
0.925231
0.927476
0.922663
0.925231
0.926064
0.928622
0.920731
0.929201
0.922676
0.924653
0.922084
0.927163
0.926077
0.926911
0.924340
0.925186
0.929408
0.926898
0.928321
0.926597
0.926597
0.929155
0.926064
0.930565
0.929466
0.926330
0.930565
0.924607
0.924340
0.930577
0.929155
0.928009
0.931722
0.930612
0.925752
0.920684
0.927476
0.923820
0.923555
0.926330
0.925798
0.920420
0.924832
0.925231
0.924920
0.921831
0.925798
0.926643
0.926077
0.926643
0.928622
0.925798
0.928055
0.925231
0.932555
0.926077
0.929155
0.927476
0.930297
0.926330
0.930000
0.924041
0.928842
0.929687
0.928842
0.929953
0.928842
0.930831
0.927431
0.928587
0.928275
0.928842
0.931930
0.930000
0.930785
0.926864
0.929375
0.932196
0.931352
0.929507
0.929941
0.936430
0.931930
0.932196
0.925438
0.930831
0.927431
0.927742
0.928275
0.924920
0.925706
0.927431
0.925438
0.931097
0.926018
0.924607
0.926330
0.921518
0.927476
0.922676
0.927742
0.924665
0.925798
0.922676
0.927742
0.925231
0.929155
0.927655
0.926597
0.927176
0.930831
0.927742
0.929732
0.922096
0.925811
0.926643
0.931890
0.927488
0.924400
0.926064
0.925231
0.931144
0.925231
0.925365
0.928888
0.928634
0.925231
0.924966
0.928055
0.925231
0.923555
0.923820
0.925231
0.924832
0.926643
0.924387
0.920153
0.923555
0.928634
0.921831
0.920153
0.923989
0.925231
0.923555
0.920731
0.926811
0.923555
0.924387
0.926244
0.923555
0.926244
0.930479
0.925798
0.929067
0.927655
0.923989
0.922977
0.929201
0.922142
0.928055
0.924966
0.923555
0.928236
0.923820
0.924832
0.925231
0.930878
0.922410
0.930211
0.924966
0.926244
0.930479
0.928222
0.924966
0.927655
0.920731
0.925531
0.924566
0.926811
0.922577
0.927388
0.924400
0.929067
0.923989
0.924832
0.925978
0.927124
0.924879
0.924566
0.922057
0.923455
0.922322
0.925146
0.924832
0.924299
0.922888
0.927388
0.927701
0.922888
0.921478
0.921478
0.923721
0.923468
0.920067
0.923721
0.925711
0.924299
0.922623
0.921691
0.923767
0.922934
0.920113
0.923455
0.917558
0.922369
0.926292
0.925179
0.924879
0.920378
0.925179
0.922369
0.919446
0.919847
0.918880
0.926950
0.917204
0.917781
0.919714
0.924260
0.925092
0.918615
0.919446
0.920292
0.923994
0.916623
0.918082
0.921171
0.923906
0.925983
0.920279
0.920592
0.920558
0.924526
0.920292
0.922534
0.922534
0.924538
0.919714
0.919534
0.917869
0.922101
0.921703
0.926770
0.919459
0.922003
0.915526
0.920592
0.915526
0.916358
0.922283
0.916372
0.919759
0.918615
0.919506
0.924306
0.915838
0.917503
0.914113
0.915526
0.914693
0.913016
0.911591
0.920073
0.914413
0.915259
0.925332
0.920339
0.922762
0.917517
0.920325
0.914426
0.914993
0.916404
0.923906
0.914426
0.914860
0.917250
0.917250
0.917416
0.916850
0.916584
0.918248
0.916838
0.914860
0.921396
0.919986
0.912169
0.919673
0.921085
0.921085
0.914159
0.916271
0.916004
0.918828
0.914593
0.917727
0.914593
0.916004
0.911817
0.914339
0.913807
0.913229
0.914653
0.914073
0.907315
0.912709
0.909040
0.916277
0.910631
0.908075
0.910318
0.914121
0.913141
0.913141
0.910985
0.916364
0.914073
0.918874
0.908415
0.914121
0.915218
0.914653
0.912383
0.916543
0.910365
0.911511
0.911198
0.910631
0.912295
0.912309
0.911163
0.917376
0.912709
0.912309
0.906218
0.905072
0.914686
0.913587
0.913986
0.914554
0.909473
0.910718
0.913141
0.909306
0.907629
0.910318
0.910318
0.909473
0.912874
0.913141
0.909885
0.914953
0.911549
0.915218
0.911295
0.912129
0.909573
0.911295
0.914554
0.908075
0.914554
0.903648
0.910718
0.911730
0.910054
0.914386
0.913454
0.909872
0.909040
0.911019
0.912295
0.913540
0.910452
0.913274
0.916809
0.912709
0.910718
0.910452
0.911563
0.910318
0.916809
0.911730
0.908075
0.909220
0.906963
0.910631
0.907528
0.901616
0.909266
0.910365
0.906963
0.913186
0.909266
0.910100
0.907228
0.906131
0.910100
0.909787
0.907276
0.908686
0.903620
0.908375
0.907855
0.908108
0.904453
0.905032
0.909000
0.906177
0.910845
0.907321
0.903920
0.901364
0.911256
0.907588
0.906442
0.907588
0.907022
0.912089
0.911256
0.907855
0.910365
0.907842
0.906442
0.907276
0.910412
0.903341
0.900532
0.904186
0.904186
0.907276
0.902775
0.905019
0.905032
0.908108
0.905019
0.903875
0.903608
0.905598
0.901896
0.901364
0.909531
0.908820
0.908953
0.906696
0.907543
0.910365
0.906264
0.907543
0.906442
0.909266
0.908686
0.907276
0.902775
0.908421
0.907010
0.903920
0.903088
0.899107
0.903355
0.904499
0.901097
0.909831
0.903920
0.904186
0.903920
0.907276
0.904186
0.907022
0.905866
0.903920
0.910665
0.905032
0.906432
0.909000
0.909433
0.905910
0.906743
0.903920
0.910591
0.908334
0.903666
0.905910
0.904186
0.903620
0.906743
0.901677
0.904765
0.905910
0.904099
0.904499
0.910279
0.899866
0.903088
0.903355
0.905910
0.906743
0.900832
0.901943
0.903088
0.908648
0.906177
0.904499
0.908421
0.902821
0.903920
0.907056
0.902775
0.906177
0.903088
0.904499
0.899999
0.905598
0.903088
0.907321
0.905598
0.901364
0.906177
0.903341
0.906177
0.907276
0.906442
0.901943
0.908375
0.903608
0.908686
0.905551
0.906131
0.907228
0.907228
0.911198
0.907228
0.907809
0.906385
0.911776
0.911464
0.912295
0.908062
0.909885
0.911730
0.911464
0.909086
0.915698
0.911730
0.908375
0.913454
0.912295
0.910631
0.907497
0.909353
0.909787
0.912042
0.910054
0.911163
0.913141
0.909607
0.907895
0.907629
0.915131
0.911295
0.914121
0.913986
0.915964
0.909885
0.908474
0.913707
0.911464
0.910365
0.910677
0.906442
0.908868
0.899686
0.902509
0.901411
0.901411
0.898840
0.891517
0.887495
0.890898
0.887230
0.886651
0.896763
0.897164
0.898275
0.899420
0.899107
0.901930
0.902821
0.902821
0.907056
0.903920
0.900564
0.902244
0.897175
0.899420
0.895452
0.898275
0.900517
0.899999
0.898009
0.901411
0.901411
0.893941
0.894520
0.891963
0.898175
0.895665
0.902157
0.901890
0.902723
0.903666
0.906923
0.906656
0.902821
0.911256
0.912355
0.909487
0.911163
0.909473
0.910318
0.907315
0.911817
0.908415
0.915485
0.914964
0.902503
0.915218
0.912395
0.911817
0.914386
0.912662
0.908593
0.908415
0.910673
0.905325
0.907270
0.912915
0.912662
0.906482
0.910658
0.916630
0.909526
0.912915
0.913494
0.912483
0.914593
0.914593
0.912338
0.910673
0.911239
0.917149
0.917416
0.915171
0.916838
0.914027
0.918262
0.919094
0.919940
0.912169
0.917416
0.917682
0.914693
0.918082
0.916104
0.917517
0.917781
0.916091
0.918348
0.921171
0.914113
0.916104
0.921485
0.917517
0.917250
0.919773
0.916670
0.922003
0.916372
0.922016
0.920026
0.914693
0.915526
0.918348
0.917769
0.918661
0.916104
0.916104
0.919940
0.925318
0.918262
0.918082
0.914693
0.921485
0.921085
0.912968
0.920605
0.924306
0.922596
0.918927
0.921437
0.917204
0.924260
0.930004
0.923468
0.925711
0.928860
0.924879
0.925146
0.926811
0.930225
0.927388
0.927403
0.929126
0.925458
0.931683
0.929114
0.928014
0.926037
0.923201
0.926601
0.928280
0.927701
0.927437
0.927388
0.928535
0.928801
0.925411
0.927403
0.931890
0.931324
0.932469
0.927403
0.931683
0.922090
0.926557
0.927223
0.931457
0.930479
0.924312
0.930004
0.923514
0.931415
0.929067
0.933049
0.928067
0.937635
0.930000
0.932243
0.934186
0.936743
0.937814
0.932869
0.932289
0.933389
0.935378
0.931144
0.932555
0.931722
0.933389
0.934512
0.934019
0.940943
0.938421
0.942922
0.946158
0.944420
0.945844
0.940186
0.944119
0.943542
0.942710
0.942130
0.946098
0.942710
0.944786
0.940465
0.951710
0.952022
0.948042
0.943287
0.950924
0.946643
0.949765
0.944387
0.947787
0.946110
0.947787
0.949200
0.938475
0.934541
0.931451
0.939000
0.938168
0.935598
0.937841
0.927696
0.916704
0.916125
0.916691
0.926583
0.935331
0.931363
0.934186
0.932209
0.940143
0.936442
0.941834
0.931097
0.931017
0.937329
0.912036
0.917727
0.929000
0.915611
0.906772
0.917204
0.921437
0.916890
0.923426
0.936136
0.939891
0.939578
0.941256
0.939845
0.937022
0.944080
0.938434
0.944404
0.943234
0.940678
0.940943
0.937097
0.936278
0.941598
0.940631
0.941331
0.940198
0.942189
0.940198
0.939354
0.945266
0.946098
0.946110
0.946944
0.941611
0.944119
0.945266
0.942755
0.941563
0.944166
0.943274
0.942443
0.946543
0.941863
0.947776
0.946197
0.940152
0.946631
0.942529
0.938295
0.948886
0.944952
0.942710
0.944952
0.940717
0.942710
0.938295
0.941877
0.941343
0.943334
0.941910
0.946158
0.942755
0.944166
0.941922
0.941343
0.941297
0.951176
0.944699
0.943866
0.943854
0.945279
0.945279
0.944166
0.946590
0.946590
0.944746
0.944612
0.942768
0.953436
0.949466
0.950878
0.946064
0.949466
0.948620
0.950612
0.949466
0.952333
0.951403
0.949991
0.949205
0.946590
0.942768
0.946689
0.943600
0.944432
0.941922
0.938254
0.939532
0.933921
0.934454
0.930606
0.942356
0.944746
0.947435
0.946422
0.951670
0.947835
0.946422
0.948280
0.948414
0.953659
0.949247
0.948102
0.948934
0.953167
0.946422
0.955471
0.954892
0.950090
0.950657
0.946689
0.953360
0.951490
0.943287
0.948368
0.950924
0.951756
0.947256
0.949514
0.944746
0.941077
0.945179
0.942089
0.943334
0.941343
0.941922
0.949247
0.951101
0.948934
0.947208
0.950612
0.946098
0.949200
0.950612
0.947208
0.950298
0.953436
0.952288
0.949731
0.947042
0.945898
0.948042
0.950298
0.948886
0.950878
0.944746
0.944346
0.942668
0.937948
0.941569
0.941523
0.949158
0.940511
0.941077
0.939666
0.944126
0.943873
0.945239
0.932528
0.935264
0.941842
0.940206
0.939807
0.934813
0.933627
0.927714
0.933094
0.935962
0.933360
0.936536
0.933713
0.935390
0.937635
0.945226
0.942402
0.939845
0.937689
0.940378
0.934186
0.928940
0.936842
0.935345
0.939000
0.942356
0.940943
0.941823
0.934512
0.940991
0.936178
0.942982
0.937334
0.941004
0.942148
0.938434
0.941511
0.944925
0.946323
0.938381
0.928594
0.926430
0.915526
0.934331
0.926249
0.935305
0.937863
0.949685
0.939625
0.940736
0.942136
0.935912
0.943460
0.936762
0.933301
0.933134
0.938168
0.944080
0.950836
0.950924
0.949824
0.941834
0.938480
0.944391
0.952082
0.957993
0.953182
0.946110
0.949765
0.945757
0.939891
0.944872
0.933881
0.941881
0.935020
0.936536
0.942982
0.945803
0.947127
0.941881
0.945239
0.945803
0.940071
0.940637
0.941216
0.948274
0.943294
0.946696
0.945451
0.942049
0.935390
0.937863
0.933094
0.942008
0.933853
0.930451
0.935518
0.940332
0.934953
0.937016
0.936136
0.943027
0.942462
0.936237
0.945850
0.942895
0.941796
0.940962
0.939019
0.939452
0.939286
0.940384
0.936182
0.934206
0.942674
0.935085
0.941442
0.940163
0.937774
0.938621
0.938921
0.937481
0.931509
0.924799
0.924799
0.932134
0.937467
0.936903
0.934347
0.928507
0.935310
0.929253
0.930410
0.933012
0.920339
0.929665
0.935849
0.928201
0.929879
0.931556
0.934378
0.929000
0.929564
0.929386
0.929831
0.934958
0.931556
0.929045
0.933280
0.921723
0.928201
0.921723
0.929299
0.927887
0.924752
0.917163
0.906739
0.922941
0.910139
0.901970
0.906663
0.906750
0.908148
0.910985
0.916630
0.919067
0.920776
0.920004
0.918533
0.915093
0.894814
0.910897
0.903892
0.900178
0.916337
0.915093
0.901896
0.909480
0.907502
0.906923
0.913454
0.908120
0.918799
0.918221
0.917224
0.929925
0.929625
0.920046
0.923966
0.923400
0.926223
0.925956
0.927948
0.934439
0.927948
0.927102
0.929792
0.933459
0.931869
0.934657
0.935491
0.938566
0.932921
0.938000
0.941488
0.937821
0.937832
0.933898
0.933233
0.934077
0.934331
0.937746
0.937735
0.935225
0.937154
0.931822
0.933799
0.930410
0.932487
0.938134
0.936322
0.940825
0.938047
0.933233
0.937735
0.937481
0.936588
0.934165
0.933898
0.933233
0.931204
0.925124
0.923713
0.925691
0.926223
0.929226
0.931023
0.930724
0.928792
0.930192
0.934040
0.935003
0.931822
0.928419
0.930677
0.932967
0.936322
0.934126
0.936695
0.930950
0.922768
0.921103
0.920477
0.925291
0.929006
0.928171
0.926763
0.928171
0.924239
0.925111
0.933847
0.931616
0.933771
0.927282
0.923701
0.923347
0.919339
0.928072
0.922160
0.920750
0.925563
0.923041
0.921063
0.923220
0.921375
0.924999
0.920571
0.923925
0.926361
0.926927
0.928474
0.920183
0.921848
0.921016
0.931162
0.920790
0.921680
0.922200
0.924491
0.925651
0.920183
0.920170
0.921416
0.926495
0.917748
0.919651
0.914837
0.923618
0.918760
0.934564
0.928159
0.932407
0.925038
0.930724
0.929891
0.927547
0.934337
0.929006
0.925083
0.927495
0.922827
0.927240
0.923885
0.916562
0.929751
0.916296
0.908573
0.910384
0.913773
0.905871
0.894499
0.900058
0.898380
0.920415
0.915943
0.923267
0.920529
0.915150
0.925609
0.924718
0.920796
0.925043
0.924999
0.923319
0.924064
0.920457
0.917894
0.916182
0.913912
0.913658
0.915059
0.914225
0.907421
0.920403
0.917807
0.911315
0.900144
0.903545
0.897281
0.901116
0.900017
0.917188
0.919785
0.918373
0.913125
0.915071
0.914757
0.915990
0.913746
0.917979
0.919091
0.925170
0.913080
0.900903
0.898960
0.896882
0.888758
0.886435
0.886077
0.884397
0.896534
0.896234
0.898045
0.898611
0.899131
0.898254
0.902234
0.902014
0.896009
0.897467
0.902319
0.893753
0.899398
0.893573
0.894358
0.900331
0.891282
0.893838
0.893007
0.893272
0.903465
0.885404
0.887927
0.890084
0.877161
0.889299
0.890409
0.887873
0.898312
0.879671
0.874506
0.886749
0.887056
0.907688
0.897235
0.868334
0.855731
0.863670
0.848884
0.838285
0.869948
0.880343
0.858487
0.824452
0.826096
0.840489
0.841588
0.856722
0.879551
0.895355
0.884777
0.854090
0.846484
0.843122
0.864045
0.852336
0.868021
0.879445
0.894624
0.910742
0.896743
0.900948
0.885897
0.840583
0.813347
0.797999
0.817167
0.801163
0.861566
0.857434
0.859464
0.817881
0.882140
0.903291
0.907087
0.924570
0.917553
0.916441
0.872935
0.855447
0.863913
0.870929
0.867900
0.817575
0.819877
0.809052
0.824072
0.832520
0.865929
0.821038
0.861182
0.846945
0.857967
0.805485
0.802023
0.822974
0.831888
0.820082
0.814111
0.834845
0.836896
0.804898
0.764556
0.784253
0.809923
0.786029
0.799637
0.811953
0.797941
0.803373
0.762357
0.765098
0.775923
0.787487
0.787615
0.791803
0.785597
0.754825
0.728023
0.747617
0.803120
0.794065
0.784272
0.772269
0.762514
0.797960
0.829188
0.848744
0.830528
0.839312
0.813368
0.785763
0.792001
0.768501
0.789246
0.774573
0.795516
0.815893
0.726201
0.720219
0.781828
0.810895
0.799739
0.803674
0.802540
0.821123
0.855723
0.855044
0.833581
0.820930
0.793375
0.846711
0.817265
0.769699
0.771521
0.820434
0.851797
0.873243
0.863828
0.845641
0.849337
0.827740
0.821163
0.814398
0.826889
0.829498
0.840443
0.837127
0.835943
0.788835
0.779793
0.792443
0.790002
0.801612
0.806131
0.805799
0.806691
0.833993
0.832615
0.846035
0.854231
0.862978
0.865322
0.869018
0.873830
0.866281
0.880401
0.895275
0.887073
0.899044
0.893758
0.915534
0.907399
0.919489
0.916188
0.920110
0.907212
0.905704
0.908498
0.898593
0.871982
0.837295
0.816624
0.823654
0.839952
0.859650
0.861798
0.826676
0.849450
0.850315
0.857325
0.885364
0.866817
0.874167
0.850548
0.869546
0.833955
0.843976
0.820295
0.831213
0.825329
0.834469
0.880385
0.890172
0.879216
0.896247
0.894437
0.876774
0.868645
0.854511
0.862635
0.877600
0.875484
0.901075
0.915215
0.908792
0.917020
0.915059
0.913872
0.903992
0.913085
0.903133
0.898646
0.911049
