0
7.178488329810159
7.159202189601264
5.50315747568747
4.889347054341459
6.439414490274227
5.3706731541547645
6.448377527622479
6.467720096417508
5.996141004729674
7.090546183227458
4.843140860523449
6.623541942712388
5.170350942304796
5.152153418500841
6.779104969667684
6.936986805810364
4.93329646705937
5.1580213009669365
4.845251014113086
6.732507083442868
6.470990418843593
6.37471756544686
6.061696204228089
5.089804163232468
5.807853597512891
6.2478309702234816
5.182975844111486
5.112316053860014
6.498441529359836
5.1527257260099875
6.8880914921856204
7.118095757325959
6.69195840603868
6.451154926288295
5.024969721225563
6.488970373687751
5.889866665666314
4.862298293539191
6.0276683711562935
6.846130141396087
5.147619106334571
5.77626741550756
6.274416749295705
6.9223123733714695
5.64849229653966
7.024676460972499
6.642678845489811
7.119496431222814
5.013395878498548
6.067837827710098
6.339300154241778
6.821864579407328
6.57930269772372
6.354097678996148
5.908594621571559
6.218051676462885
6.921295469403402
5.671233385904675
6.840936145742491
6.664113128266219
6.597185043093187
5.129774024697227
6.738167860095766
6.944681297083991
5.960755836441065
6.734910642491661
6.469527551121695
6.556442393622226
5.957456348863196
4.830026851065416
5.653402297796585
6.69335463383228
5.948646479143349
6.609703357331771
6.43699416966892
7.0262928069396935
6.299394838986665
5.285158809634984
6.039267396575548
7.122532341240215
6.303644375152915
5.885314100852493
5.151725074914769
4.8746307477512
6.183057614300714
5.044650401922361
6.165659170130638
6.343424502608536
6.574023733970398
6.173342122660444
5.225418799122354
7.199719704016694
5.073934868185918
6.264487544042246
5.0103144150875
5.97410198310504
6.068136984659298
7.080027492197592
5.31093814939119
5.83390984132871
5.1208279618230685
5.280019407571465
6.9353424004172854
5.2726763249495
5.0880699553454685
6.102557614816896
5.656912200438148
6.105407034061164
5.058633304502626
4.909015941360806
6.194841251980687
6.431371181600551
5.944352399823185
4.818725135884081
7.0398940681692626
6.94096752741232
7.168177367638761
6.270990639144487
6.994626505924265
5.569591708852374
6.332335133724147
6.883418219593969
6.604855800915679
5.809548896839559
6.301295462852419
6.03008899706486
5.558004967571339
6.104436466675293
6.690320147776342
5.451503066551518
5.556490631362779
5.168923461051901
6.646541430046077
4.8894550061758615
6.189742609029027
5.139298428049408
6.814104486283683
6.805501045897874
6.990741230805782
5.822772577116294
5.852356282883085
6.020044971835154
5.215351550846138
6.9141786592165495
5.988650344551945
6.386297764050132
6.654523295462486
4.867996341747945
5.712119891034967
5.429941933722951
5.353051256757644
5.058780063566688
6.788988200066358
4.940723090275443
5.040385908248678
5.53216377442753
6.677048942631199
4.940738073871744
6.992574647947197
6.7152992052000275
6.750399696471228
5.115777062433009
6.493399539236736
5.585239233460916
5.458500509481357
6.789839641288617
6.995915249473773
5.375166064157318
5.921599722829301
5.633687058803918
5.344951071233863
6.224373080626816
6.11261705990085
6.516850353123416
5.139217172365947
5.079918310305549
6.888554717202393
5.742610748601126
6.227897646666371
5.240185476894599
6.669948744334681
6.925474585808792
7.071662658687983
5.780519023445352
5.545269371754514
7.021358545654923
5.907218305099856
5.731858811961363
4.8797784504378265
5.8037930368701165
6.699027371995374
6.2678302014718215
5.915088750066122
6.468062576278332
6.740470459766497
6.9023826774602
6.752462802716025
5.061161591196271
5.369656300037788
6.944661227679247
5.4562464234327654
5.84360591024837
5.325621536739894
6.2736491839123945
5.689749731765708
7.05373130299271
4.88016606400601
6.569631529038268
5.5212925151563645
6.040421040590538
5.838893615152255
5.403198118720618
5.282556150317052
6.0887533744447495
6.961191576060729
5.5385944347867175
7.005898672946814
6.70539794601718
6.606332302870818
5.716491845704213
6.172623294842958
5.64176384823637
6.566744083204343
5.729210915984938
5.021911925341141
5.644753863766399
6.157366831607841
6.232045670415374
5.426979782292453
6.206222079302592
6.437068047686135
7.138425115269368
6.725609629114149
6.659275061794037
5.93341006252846
6.23077272151531
6.461234799440891
6.8402637526745105
5.225551087423984
5.678377004366644
5.011264443015195
5.8646253706176985
7.055773495514237
7.007565275499557
5.586922443686636
6.37451886043018
5.892014480231568
5.833284807982162
5.5192124996181855
6.821927090802222
6.445682356442647
5.919491961621403
6.254905479426212
5.899050192988001
5.323408829223913
5.238220987759063
6.829379071206033
6.2457376291774755
7.195771415960185
5.164407659078503
6.975524513538948
6.594858381973061
4.843148470584366
5.853156938556215
6.546376279228758
6.8235040680355254
4.911744044162781
5.580285170022797
5.198121916871615
6.44925512642975
6.579437612590983
6.258063679743676
6.7806674735393555
6.747086228244691
5.5497195861560025
4.9884870041834715
5.699676334143738
7.211181339916384
5.641310922966649
5.940018855359522
7.086186683677862
7.005750470246264
6.062762946459783
7.204362531375205
6.41475658604207
6.05086883037335
4.999034990878912
5.76053677512453
6.018153350137708
5.146935632854157
6.865383540507896
5.368860291503015
5.041550478879784
5.2062824995134855
5.294907025359959
6.587984895031243
5.839275769532559
5.983183035587134
6.2809899368443265
4.894721453342101
6.724213524579915
6.99870350523205
6.037453368141625
6.370284911182474
5.362708233127095
6.6559497299031225
6.260731312019625
5.346568323799987
6.256181468211663
6.3124412535413175
5.318838484152906
5.470171366445303
5.2701232885300024
5.622894845944315
6.135764140971012
5.8901400356089075
5.334431739708856
6.9760605447326345
5.052922808974743
5.891165797248301
6.433437049908914
5.020333989421838
5.276146879875545
7.026567442629983
5.525334352346254
5.119627050375186
6.033670120405759
7.159156661716521
5.465665829130807
5.356266112412746
7.129266466113533
6.173792734700772
4.85618525355509
6.827269558968249
4.915720647173859
5.020892518785725
5.490768208153378
6.660217327948688
5.117295396097241
6.36721735443692
6.64815915220812
5.784685736073207
6.057478116247413
6.433651648003064
6.906149210267634
6.145557647901018
6.468446970657229
4.911890082335353
4.993174732396
5.281286547912942
5.456395804681704
5.521958302182084
5.379452196366178
6.532288007863457
4.859319420305664
6.949812377418114
6.983475961871951
6.126204690280052
7.110661720687072
6.136160002024941
6.156093708497591
5.305994130661132
5.31068081526788
4.841394714385561
5.897010385901035
4.914870735953715
4.9362866416496995
6.432460330057616
7.105555581763626
5.040157035745815
6.15167978779816
5.392545449013464
6.017546409538011
6.776159346953318
6.845435721406231
6.6232041041292256
7.012068690504832
6.882119023870823
6.08095119835306
6.180590868317518
6.555105563034373
5.513891944490084
6.205939184694422
6.403632988659335
5.2081911170747315
5.726134592040378
5.3142903329231395
5.297687020452883
6.400723415081658
5.745177894132506
5.289395589483091
5.8977589981606755
6.768988087029649
6.584207273797022
5.231025296627853
6.196804764734389
4.8708234469740646
5.165853266331428
5.317514397698907
4.86166308665168
5.3221721712581855
6.860890436259075
6.222064031560651
6.484111603162531
6.226592149524844
6.88498140275593
6.552878277659096
6.2427021468912445
4.846974792150871
4.836338376414357
6.7028506568815125
6.00304298815329
5.570140916750461
6.364662789975691
6.975710568596664
6.906389465649694
6.822793229362538
5.2220180018357105
4.9441720740324895
5.2425323300244004
6.363056410934524
6.879877049416636
5.160639190660089
5.343436559879742
6.046064675617109
6.363555250707537
5.0800681605505895
5.51136956223885
5.469124215823421
6.89208614058281
6.59649610889332
5.518280384453652
6.742970552570899
6.504147634565376
5.667492221380164
6.255899191799075
6.357850932619016
5.329779773049001
6.5537327845026
5.637488210340669
5.793121894412846
6.997625967150086
5.0282485670205
5.0605079438123965
6.155960561678852
5.496536566509463
7.094676060436974
6.433934030176256
5.21952956156231
6.063144055361551
6.566419120763936
5.712889482779463
7.08558851366495
6.683753134350724
5.180096807675488
5.250858774787032
6.676089858662387
7.037962501494842
6.604203359443816
6.60391566032827
6.029504259739268
7.126035283248583
6.308999044954204
6.716262258911176
6.860618760437163
6.238619640168695
6.154820957723134
7.084390027238311
5.21101251504449
6.136611875803123
7.105776603282194
6.894007700832626
6.928720879308278
6.956888764303997
5.415199465438767
6.014612203823831
6.235889010707833
6.445428667696857
6.553982582783305
5.84527593914484
5.863906215448718
6.8643698897661904
5.348087413460423
5.765213830452339
6.691183730892886
5.882854061316588
5.074246202144626
6.649929137662468
5.461597123764204
5.866835125790906
5.07981404601342
6.006776313754944
6.850323186211732
7.158210635822428
5.8683621650816935
6.5359516070055745
5.876074911172737
5.128971628306125
6.186366379747328
6.568553757486684
4.955763265229021
4.9145609487207285
6.356317255328572
6.111719312192588
5.665966676130203
5.359216988038725
5.8659102800472604
6.246250482416507
5.619496410835787
5.415884332008463
6.989414356633412
5.276506968085604
5.438803605661083
5.82072262985875
5.667357862004492
5.5284711359674645
5.110344367916277
5.99872122350797
6.404586464967816
5.294309773137166
6.179525455852918
4.839214414653585
6.075501384707079
7.111636158646519
7.07800655912221
5.354007702676649
6.751228217469131
5.357899317488309
5.5088839024159535
6.381707418668449
5.319362145451289
6.3219779723283365
5.144218814841747
7.161945368891376
6.068425592626028
6.1294669509043915
6.192070551101698
6.638010166250875
5.005492889108139
5.891234956297202
5.180523368281599
6.156847109002147
5.369756703179559
5.873473271558967
6.83304245305681
6.5782775942503156
5.1579827116378985
6.510688846048413
4.823900822648641
5.948331359664441
5.302966485975118
6.710864890371083
6.894093149198714
5.917929719595418
5.078534264230904
5.781991168110105
5.11579310323191
6.8094051403704805
6.504922120851038
7.145731914694708
6.86050377448609
5.623565404885897
7.044382854643655
5.527264343434261
7.053191482749355
6.345940893936257
6.483436676390534
6.675544150857989
6.585191419434545
6.93087753960115
7.199779464656986
5.77158098042324
6.796157289657942
5.164611602364347
6.07497636286853
6.876089147427098
5.69804479320384
6.786821393015628
4.930946888868156
5.971592134860709
6.878898953474884
6.299212198897761
4.961250038727613
5.632016110578023
6.8396900358522315
6.194682135009788
7.099835612596133
6.4111297499662045
6.953946344491355
5.756516969207008
5.056822259848326
7.033884341217605
5.279179311049751
7.01274872172558
7.146973838307279
6.11394944959088
7.051425652826185
6.117124742517595
5.103827256654534
6.663332142044798
5.753334409302127
6.493858636972419
6.106529622527291
5.2013240545156805
5.868292973314736
6.610295256643046
5.078471481126984
5.228493636203832
6.8256852722609365
6.260208110428771
6.673488493697181
7.182619079670932
5.801391294345254
5.327156271109409
6.5978172543269515
6.468006831885782
6.728743216020047
6.931711819073104
7.1462869614747815
6.838965272144577
5.808296421464353
5.250742673224365
6.857779243784452
6.071607065174468
5.666695939670175
4.878641244618637
6.5634077198583505
4.906624398147114
5.478203546673653
5.789955951294319
4.993915700240389
6.064967171731853
7.1541104602983765
6.503746522580431
6.098053717919849
5.536175009082782
6.56189920760537
5.471083677491614
5.802043954560637
6.246760525841378
6.667289020236445
5.10753838428376
6.675634866584431
4.939519596626844
6.2968097498300395
5.379637739327484
5.832908951501461
5.417417629200809
5.916157549320414
5.862894170382296
6.6628135063390195
6.4717623811547265
6.755721213235103
5.520122872478835
6.864272652141898
6.296394341594443
7.064390279746138
6.831925945548642
5.531655614733698
5.39363357422698
6.359507722853872
6.467582741730443
5.462406143755038
7.095808374107648
7.068213082952994
5.88410999664849
6.598549322206126
6.073011850588924
6.8368547780351925
4.949281001307433
6.525878281230158
5.050976331923352
6.440483375975602
5.866826907238071
5.314625834264954
6.422439400990061
5.648680612865
7.032544696601469
6.517026245156118
5.630813750680429
6.647173269588308
5.297749270848068
4.829653006877389
6.131193506303401
5.712531555969414
5.653668239221581
5.843831862957954
5.853623406600556
5.816769605737122
5.525576410067555
6.694618190760723
5.437724894827917
6.87044966241082
4.808989371068892
6.542477680120473
6.120255505661896
4.853529407587734
5.632695022729934
5.237034579662602
5.296090296405508
5.204666534939507
7.19047832163484
6.473093178887269
5.062096984469675
5.393728611453336
5.17698096330576
5.071438161654171
5.870947752651289
6.620972862841668
6.547074981082015
6.9027039206878165
6.103862050962795
6.693284279107482
6.939717891217541
6.23150677845742
5.553449124733356
6.929710703689585
6.179352438473044
7.02184892528995
4.93322839924119
5.394484416826638
7.007882348126363
5.67082944467069
6.160046320912883
6.446466461616115
5.00010322498017
7.193713951679785
5.163920098806749
6.673658517853382
6.960925738318406
5.432846278565175
6.032453722583495
5.85360700239155
7.074049875178267
6.931935229244887
4.975229093452655
5.1981104707478085
5.135853280176296
5.103035199182691
5.951324141378102
5.979332480191343
6.395765875651823
4.87764790310595
6.354224639176017
7.106349515412408
5.661016509132267
6.196098559844198
4.924979566898671
7.062007411129033
5.299391969011806
6.304091358659618
4.90224408820611
6.140510455411273
5.015350402257149
5.957471121027409
6.941968767901113
5.877182686821047
6.758022121767452
6.831967291378522
5.843203142796316
6.16361643030536
5.975486495998511
7.017438456749979
6.764602488777345
6.5739534770722825
6.805476340567058
5.580522908624887
5.44142025604954
6.914366595961531
7.112771586217991
5.183403527160572
6.982766132025946
6.247197866628744
5.551218968050018
6.7698617534864995
4.921048848220307
7.1087403832698906
5.216712430918121
6.194129280669188
5.213245753517882
6.634451266860258
5.178351768690788
6.709758117094977
5.632251438591814
6.383681405795732
5.06571722560774
6.569175855744924
6.549094430133032
6.7395356175578724
5.784007632017505
6.530908545954767
4.957054396538161
4.9960655151948465
6.819701694090877
6.46610581231343
6.14089986590118
5.746707706470421
4.875198696691659
5.118979209813933
6.601722227621381
5.9592518542663315
5.670355863515255
6.249821839434923
6.779984876814652
6.6350545995431
4.997869072644521
5.910644099222516
4.9764924981138385
6.456889940289163
6.7673462986565065
5.077224023643902
5.599291577736473
6.959700978942452
5.555164001836461
6.740157995558378
6.343042042661639
6.956813711558063
6.161114155180268
6.219850667931513
6.13775940623613
5.1465851301983605
6.998517978386036
5.575371069096013
4.978713317401981
6.186283400541388
6.545264146888308
6.445698159787374
5.399479773410828
5.410924325601982
5.9693474718394475
5.029971361528724
4.951873757724289
5.714818249250086
5.253965112110411
6.108229700852291
7.024029807270444
5.569214915323841
6.42688849245204
5.207777111883002
4.948362752148755
6.53655268512076
4.894805359479413
5.932281977646019
6.025215248961445
6.725777923077614
6.0033143141829886
5.7624492107047685
5.820294628724026
5.53630089653153
5.932319099641243
7.207059304483225
5.6066560220696156
4.827137657931122
6.62874987128267
5.139367132592068
5.291017316770905
5.6974880281413425
5.885387745216495
4.962449054631457
5.29454899005022
5.208694935856491
5.027973014774889
6.793837228910862
6.074509395344045
5.967176562667876
6.505213638424429
6.27558935995437
7.1922733653546995
6.296313242606122
6.143890396143235
5.467706890162446
5.2296690208551855
6.784537690559879
5.868332737829609
6.469932122594114
5.320122214678583
5.571100704820892
6.498280447711482
5.1115433517180096
6.635692480035256
6.751367224800802
6.180075303656716
4.976562466400444
5.526644544869942
6.5584714179476675
5.609026755489283
6.41777405454354
5.459476211278079
5.265564416779234
6.886248906173583
7.171041650415238
6.229122818899917
5.9931026780557035
7.010066840703132
6.729031016693656
6.475154956023909
5.769998622646641
6.46235428746859
6.845002751343731
4.885292679596971
6.489855712203029
5.515791526682247
6.1673183279307064
5.355643476573254
5.250248197556349
5.0474475127947125
5.379560814881223
5.9543432129141305
6.6882385884842135
6.2741850056457995
6.176034558233261
6.805853895292346
6.659284772397958
5.958422396297792
6.761381953517718
6.6518232350998225
7.135126782754967
5.2786487725301
6.398289709696401
6.009103527913984
6.498393125703687
5.386371419813289
5.84875971822454
5.164714260623745
6.505980470205651
5.383014157012779
6.442605583525856
6.685945176597325
5.884694906407456
5.579655146361265
5.469577819506017
6.1961031178915515
6.316209939954265
6.255624435888468
5.431952131106875
6.821796280301962
6.461143993318789
5.016508431962676
5.16793372258389
6.209706478928784
4.985364168473967
6.20716391184752
5.6169821855185855
6.400033506935496
6.37064931048894
5.621119732061157
5.326601516932519
5.385299498321984
6.4499330376398065
4.8477390674222995
4.921833681840771
6.446380899034348
4.879555510302605
5.016895841728631
5.718950240740909
5.519113817255264
6.363666546768254
5.457355823068533
7.013227907029481
5.177714432784013
5.319827699946375
5.051438928734001
6.670040215602929
6.309390194069211
6.790128035185331
6.81152836530401
5.146402810747276
5.5282501615979704
5.401897442284422
6.773949076779087
6.823735862174587
7.161850544930654
5.857540033518715
6.225683945079824
7.1579771934538385
6.015905237507854
5.7476143762456715
6.62320339696638
5.6226556452177725
5.281554661398743
5.337699583602128
6.043055723440437
6.901400292022892
5.890066105829073
5.004416284620486
6.41542206279467
6.4773203384182345
6.704499924844167
6.386743213883649
4.895133530431176
6.700960486769239
5.2174122720287786
5.248621262844184
5.027424133428562
5.467672734237267
5.5866645284292185
5.520272142673587
5.665275925594988
5.504512846673341
6.148527191748758
5.497315133840457
6.45363708364906
5.857603369488864
5.645629351097566
7.052899081073063
6.197309692889583
6.949372957835541
6.140968363206499
6.9959518751261
6.189723012586481
6.0889414777177215
6.784777533377246
6.2744407763781
4.909663454603774
6.235401103584099
5.185992437734394
7.022268989280124
6.448528014510906
5.0222864296535095
5.391122220999069
5.1461554209801355
5.466711542572433
6.673610140671884
5.556673071484948
6.561172989931167
6.49366052045106
5.273052193478164
6.703659826250877
6.001295079015179
5.473917989783039
6.792953844872661
6.7048541285274865
5.6013549597934835
5.206910352945135
6.434842983909545
6.065181406841615
6.111431875895173
6.175961131467848
4.8232136106584385
6.941716943714199
7.063761032666252
6.513938553946878
5.071883306541603
4.849246430686676
5.056164785853864
5.5037267092253375
6.149745652491959
6.155999682043794
5.553929318117405
5.752662431411257
7.02944735865299
6.562398357878334
5.217096789841602
6.658067413387941
5.834538382397852
6.139558046992538
6.7448479651449995
5.094201599106858
5.61681590173724
6.619599667278649
5.747993784063567
5.2608524808093575
5.517963385286008
4.955416998339025
7.02018968390638
6.265627857831137
5.570331252055864
5.926717478470939
5.067868080950617
5.720041036280146
6.252968057668832
6.851752594902368
5.199360655002134
5.28652529009241
4.836402730386828
6.486665763874669
6.203413513802237
6.6368763079992075
7.094547485357626
5.142512722244953
6.693443194782658
6.263642119140183
6.720196093121667
5.594764156756209
6.668966088315457
6.372211049548366
6.208249720064937
6.12765070555618
6.218197019549087
6.552533800652568
5.680876760132885
6.324044100176525
5.67834663163289
5.722902994214062
5.114886333002906
5.450673132125154
5.518067145841312
7.048883577907654
5.290111837267928
5.400837056169672
6.2755165534641115
6.1013108630116495
5.983055726096186
5.339878596027562
6.564510063967067
5.4794665557009195
5.986311422107363
5.346692437919717
6.681660565230362
6.2909955993824305
6.134669846308801
6.403427620037612
5.013212374738228
6.408445020346988
7.1306449171850375
6.748458851267739
6.124954964684207
5.536391771878038
6.618390323797636
6.486401139783102
4.917096786327206
6.6837801868809255
5.918038750620006
6.9882866093688625
6.050334044345619
5.659845130878032
5.831055173459695
7.110934033814605
6.259512556843261
5.6777999164619395
5.201981273725469
4.809479131745956
6.789270437694336
6.608729415648641
6.649731464833674
6.37760638788104
5.819450267679516
6.917660071539248
6.691099556229716
5.358965039987575
4.889545795397805
6.1574926491552455
6.601509635349946
7.168640863502517
5.621674271908003
7.0915388901426955
4.886311425523165
5.310962116395324
4.93474572007448
5.594797637728956
5.297854163265058
5.724015878365978
5.9690771469074795
4.877915735514151
5.728491096632928
6.83629544342877
4.9317211581408875
7.184145637816369
4.976737258204569
5.51254345254763
6.2839228571590295
5.18526142888075
6.563690730106141
6.968412762640282
5.2308496238698
5.5107845727974
5.989179985790685
7.0857981983637925
4.83863291974856
6.264855123552906
6.80735927605931
5.3814446684470125
6.12262388633528
4.920536176972969
5.749928748319086
6.161497767952006
5.915128542849085
5.6140940877655074
5.898398767586897
6.607741690514542
7.165137195573264
7.084780804900644
7.038797472770053
5.280321067948749
5.710890398229517
6.724946010982195
6.408951465203121
7.09812267474824
5.856178896094428
5.864361977012328
5.154019594266984
5.0990082827457845
5.280333274814521
5.111555197767378
5.809845884504353
6.47991361517062
6.988612424280956
5.6020497416043895
6.189438659278836
4.986913605899159
5.329809748807672
7.055604178183069
6.36308288661449
6.783924080379859
5.7057806234040545
7.1115494781325985
6.952800207931134
5.929685938959087
5.758113620711279
5.2730169585928595
6.916815095541445
6.232784981599556
6.88104341684754
6.556612713546195
7.007107757634541
6.549186854790349
6.104859144710898
6.177460551895881
6.680725152929683
5.568912360422857
7.197625604699408
5.069185856858553
6.630412710572081
6.880167220869945
4.968099984102945
5.326696640802334
4.863772503021774
5.9874622791432195
5.487899875605499
5.965866981741514
6.301242907210563
6.157162262815262
6.5430452566311414
7.180402584430204
6.8941334182175025
7.032879854865652
4.908171690167385
6.211271760276827
5.531974719103078
4.974198122589189
6.468434251628131
5.342557283327226
5.667245643946874
6.497239954768319
5.15617403054457
6.856782099220098
6.603930987894066
6.056013653628307
6.114188706859039
6.279216450666885
6.645212726109769
5.133612030751978
5.808960332549979
6.903984084846487
5.366183343698377
5.658229018693664
6.034531612956622
5.881601514026112
6.90171765894011
5.542359647767119
5.574761363288868
4.917213919618507
6.903976289624757
5.343766437717265
6.978536690442758
6.341201977356992
5.029756111222366
6.789385549501041
6.7277275499148566
6.0132736100584765
