0.026920
0.034107
0.038745
0.026778
0.047108
0.022766
0.015483
0.013001
0.026470
0.012949
0.079029
0.069077
0.055017
0.034928
0.033348
0.044379
0.028606
0.021749
0.025733
0.017002
0.018957
0.024458
0.015479
0.120289
0.039008
0.025930
0.047687
0.040899
0.015274
0.032097
0.018678
0.032097
0.039520
0.044769
0.033484
0.065296
0.030244
0.021164
0.021651
0.023877
0.022268
0.022680
0.021767
0.020160
0.020326
0.032213
0.024624
0.027962
0.028651
0.020906
0.039279
0.037647
0.029879
0.019489
0.022349
0.021241
0.020584
0.042674
0.045678
0.024717
0.044890
0.043961
0.046218
0.033553
0.027379
0.060742
0.055148
0.017644
0.015968
0.003489
0.001157
0.012204
0.013353
0.017363
0.011917
0.005306
0.027508
0.005402
0.002784
0.017489
0.012607
0.010340
0.009807
0.013457
0.003068
0.012055
0.009492
0.023303
0.018022
0.070521
0.023491
0.002784
0.021020
0.025247
0.002592
0.030780
0.017229
0.010659
0.012146
0.009728
0.030391
0.033388
0.016799
0.014871
0.026134
0.019219
0.026819
0.017444
0.018125
0.028284
0.007799
0.003765
0.016246
0.019106
0.028088
0.032147
0.032593
0.024176
0.026417
0.025554
0.021888
0.010337
0.016576
0.030550
0.005721
0.017145
0.009953
0.011550
0.013446
0.007133
0.029586
0.019236
0.017816
0.027955
0.017663
0.011900
0.005007
0.014808
0.008151
0.010722
0.013327
0.028427
0.026731
0.028144
0.036580
0.037639
0.033385
0.040133
0.036550
0.036251
0.035355
0.035960
0.031758
0.026479
0.025371
0.023611
0.021707
0.020156
0.018062
0.018067
0.015385
0.014530
0.014837
0.014305
0.013875
0.014888
0.015717
0.023327
0.017967
0.017311
0.013377
0.013613
0.017888
0.016856
0.011170
0.021416
0.018508
0.015767
0.011323
0.012064
0.012504
0.016873
0.015238
0.009359
0.010490
0.006508
0.008178
0.004528
0.006545
0.006316
0.017456
0.005601
0.006773
0.009869
0.009869
0.011738
0.006242
0.010548
0.010731
0.046129
0.004443
0.027301
0.022776
0.019729
0.014854
0.021315
0.018901
0.016478
0.016166
0.012993
0.024078
0.007116
0.023316
0.013567
0.023535
0.016904
0.011514
0.010633
0.012867
0.013364
0.012459
0.014449
0.014378
0.014242
0.015259
0.017151
0.012806
0.012806
0.011584
0.064067
0.025804
0.021371
0.019434
0.020566
0.055406
0.053133
0.043065
0.039925
0.033812
0.034542
0.036149
0.036135
0.050058
0.044481
0.035666
0.042667
0.045018
0.045264
0.036808
0.049523
0.047523
0.041118
0.038380
0.023899
0.030776
0.030776
0.029810
0.036963
0.025327
0.024084
0.017174
0.014988
0.015360
0.010974
0.016999
0.016781
0.010042
0.011809
0.007457
0.008330
0.010042
0.005849
0.007457
0.007892
0.006977
0.008695
0.003590
0.009351
0.000501
0.008288
0.003590
0.001822
0.019165
0.004418
0.009593
0.004911
0.013002
0.005152
0.017128
0.014455
0.009794
0.006606
0.007883
0.011166
0.013478
0.013478
0.013761
0.014323
0.016376
0.019791
0.015790
0.015287
0.017787
0.016212
0.016427
0.016396
0.020260
0.018349
0.018458
0.017898
0.018014
0.016196
0.013828
0.011750
0.013800
0.014710
0.018048
0.018216
0.017022
0.015654
0.018035
0.016513
0.016826
0.014319
0.017126
0.028199
0.019114
0.020699
0.027238
0.025768
0.024811
0.025748
0.032909
0.032725
0.032725
0.033761
0.032641
0.011531
0.018911
0.026011
0.036799
0.032656
0.025751
0.033702
0.031126
0.027289
0.024687
0.027289
0.027289
0.015195
0.019104
0.021669
0.008169
0.019658
0.020938
0.023561
0.016676
0.028755
0.028483
0.024735
0.024735
0.024735
0.026767
0.028960
0.028254
0.032200
0.032200
0.019846
0.014423
0.015389
0.012642
0.008648
0.008899
0.009939
0.011992
0.018072
0.016676
0.012286
0.015314
0.013997
0.009939
0.013745
0.006744
0.008398
0.006994
0.015195
0.007304
0.007069
0.010947
0.007069
0.013740
0.010668
0.011260
0.011260
0.007446
0.006744
0.010668
0.003310
0.002573
0.001007
0.003550
0.000895
0.000895
0.000895
0.001543
0.001470
0.003735
0.004075
0.008366
0.003735
0.005806
0.003735
0.005415
0.005806
0.010168
0.006557
0.007561
0.006557
0.005446
0.004691
0.006033
0.007561
0.008366
0.008733
0.009016
0.009194
0.008697
0.009866
0.008366
0.003517
0.006482
0.007268
0.009411
0.006898
0.017193
0.018884
0.011666
0.012298
0.014567
0.018102
0.016775
0.015061
0.020673
0.013559
0.014708
0.014708
0.012298
0.020171
0.016007
0.013181
0.015061
0.012074
0.016775
0.010014
0.019179
0.012773
0.014567
0.011867
0.013958
0.016307
0.017908
0.012572
0.012572
0.014652
0.017280
0.018667
0.021208
0.019535
0.017081
0.014522
0.021067
0.019191
0.012340
0.021357
0.021969
0.022885
0.022567
0.022567
0.028008
0.022567
0.025940
0.024369
0.025567
0.024063
0.026585
0.023685
0.025940
0.026285
0.006551
0.016664
0.012895
0.015177
0.007672
0.003880
0.007454
0.001847
0.003451
0.001302
0.008952
0.004543
0.006603
0.006286
0.006213
0.020342
0.010443
0.011144
0.014152
0.016604
0.012366
0.013375
0.010956
0.006828
0.007117
0.009590
0.006213
0.005180
0.006934
0.006408
0.006101
0.008304
0.007736
0.008047
0.006840
0.013649
0.009064
0.009651
0.008389
0.009256
0.007863
0.006456
0.010481
0.005862
0.005524
0.005883
0.007826
0.000628
0.005007
0.004418
0.001828
0.001599
0.002774
0.004726
0.004069
0.007826
0.010904
0.003293
0.004726
0.011014
0.001828
0.002456
0.003158
0.005314
0.001978
0.004395
0.003830
0.001923
0.002456
0.001790
0.003451
0.003656
0.002915
0.015896
0.008256
0.008451
0.022024
0.026984
0.019497
0.017355
0.013570
0.018013
0.018427
0.023236
0.029170
0.027339
0.023669
0.033054
0.032765
0.028162
0.036397
0.041084
0.042485
0.039145
0.038635
0.042858
0.037234
0.036019
0.035580
0.033946
0.037413
0.033121
0.030796
0.025955
0.030981
0.032566
0.035082
0.034900
0.030796
0.023013
0.024841
0.016415
0.013143
0.012334
0.022003
0.015751
0.015707
0.005876
0.002540
0.008720
0.009016
0.006441
0.010940
0.006171
0.007047
0.008432
0.005381
0.012702
0.009130
0.016007
0.011283
0.007483
0.010940
0.012146
0.006986
0.032902
0.022702
0.019438
0.025706
0.025592
0.023277
0.028242
0.021007
0.021520
0.016424
0.014717
0.009520
0.014043
0.010940
0.007483
0.006036
0.008001
0.013052
0.011930
0.011978
0.010267
0.021305
0.019357
0.018801
0.021007
0.016214
0.016214
0.020422
0.020388
0.012527
0.008783
0.007550
0.007550
0.012220
0.023026
0.007743
0.009685
0.010867
0.019864
0.015309
0.015361
0.022825
0.069576
0.045268
0.028731
0.025102
0.018433
0.016912
0.020887
0.013991
0.014066
0.013289
0.011981
0.010166
0.012690
0.010353
0.011800
0.016768
0.014813
0.013549
0.016987
0.020696
0.018903
0.019086
0.020381
0.020717
0.019158
0.021367
0.020075
0.022786
0.020379
0.020902
0.020758
0.020902
0.022093
0.020902
0.021497
0.021034
0.019298
0.021601
0.018548
0.019158
0.019076
0.018181
0.015972
0.015397
0.012966
0.011088
0.016792
0.003971
0.007918
0.005341
0.004728
0.008175
0.005552
0.009411
0.026470
0.015841
0.017904
0.019021
0.020557
0.020120
0.026359
0.020319
0.022419
0.024758
0.027150
0.027150
0.031204
0.034085
0.033151
0.034315
0.038690
0.039145
0.038654
0.038036
0.038452
0.034561
0.039807
0.036018
0.040801
0.036700
0.039234
0.045993
0.043608
0.032894
0.034638
0.035806
0.037279
0.035302
0.034562
0.032592
0.038257
0.029408
0.026866
0.034876
0.028893
0.034094
0.036361
0.023621
0.024249
0.021150
0.019398
0.020285
0.020646
0.021276
0.020432
0.017890
0.022594
0.018271
0.016612
0.016612
0.018241
0.018945
0.022117
0.014566
0.016282
0.015119
0.010359
0.010230
0.004135
0.005166
0.005849
0.005571
0.014374
0.004884
0.006006
0.007651
0.002172
0.004556
0.003431
0.001688
0.005976
0.002423
0.005661
0.004223
0.006586
0.008694
0.007676
0.010797
0.010647
0.010086
0.010647
0.007983
0.009359
0.006002
0.011146
0.007953
0.005263
0.005702
0.004159
0.005169
0.009825
0.005661
0.006051
0.004918
0.017793
0.009693
0.008854
0.012717
0.007146
0.008694
0.011309
0.012811
0.013629
0.014398
0.011622
0.009482
0.010083
0.014232
0.007357
0.010971
0.006780
0.011234
0.009482
0.008483
0.010620
0.014527
0.008557
0.004223
0.006320
0.010086
0.014398
0.015603
0.006894
0.013166
0.006051
0.009482
0.009482
0.011622
0.009201
0.009693
0.014381
0.017506
0.010586
0.011444
0.017075
0.015908
0.016854
0.016872
0.017887
0.016328
0.018361
0.025023
0.018120
0.020284
0.021326
0.021641
0.025246
0.029291
0.026576
0.024200
0.027075
0.035385
0.037367
0.026659
0.039099
0.043214
0.028971
0.024124
0.027740
0.019337
0.021662
0.022167
0.020142
0.019656
0.019257
0.013491
0.020652
0.008379
0.004858
0.008996
0.007584
0.007613
0.007258
0.008577
0.008852
0.007051
0.006671
0.007106
0.008200
0.004957
0.004287
0.005509
0.006616
0.001035
0.000731
0.005130
0.006670
0.002783
0.003922
0.002873
0.002565
0.003417
0.006903
0.006786
0.017641
0.011284
0.008249
0.009763
0.000731
0.003581
0.007099
0.011506
0.006794
0.009763
0.006690
0.010425
0.002220
0.002778
0.007049
0.011506
0.011210
0.002383
0.008348
0.002220
0.008604
0.004449
0.002120
0.005343
0.001407
0.008256
0.004226
0.005343
0.008483
0.006794
0.009810
0.008348
0.005104
0.002990
0.008256
0.007099
0.003667
0.002990
0.003878
0.008939
0.014240
0.006616
0.006031
0.007051
0.006033
0.007202
0.011026
0.008496
0.008788
0.007582
0.010871
0.011965
0.010328
0.015180
0.013707
0.011806
0.010614
0.013538
0.013218
0.019762
0.027165
0.000990
0.018525
0.011285
0.010589
0.011577
0.013618
0.014233
0.014857
0.015830
0.015238
0.019273
0.016710
0.017449
0.040053
0.024723
0.023414
0.021905
0.021627
0.021414
0.021758
0.028432
0.030103
0.032741
0.036329
0.036011
0.036433
0.036454
0.035660
0.037438
0.027880
0.023697
0.016375
0.022159
0.018548
0.020448
0.028346
0.023770
0.025152
0.030512
0.024763
0.032169
0.027041
0.021198
0.016745
0.027493
0.026797
0.016500
0.021966
0.021680
0.024538
0.026021
0.028526
0.019312
0.021195
0.021195
0.028723
0.025694
0.021843
0.021195
0.021076
0.018643
0.023206
0.016178
0.021076
0.015866
0.017889
0.017239
0.015248
0.025008
0.010802
0.012044
0.021076
0.017584
0.012177
0.005862
0.001285
0.018200
0.011918
0.011820
0.007429
0.011819
0.008873
0.017955
0.014969
0.006889
0.012667
0.018175
0.025733
0.015433
0.009856
0.017738
0.009219
0.017363
0.011465
0.023232
0.008119
0.012459
0.022875
0.005955
0.008432
0.012276
0.011376
0.011837
0.011293
0.010936
0.010107
0.008723
0.013347
0.007975
0.008192
0.008292
0.006939
0.007813
0.013817
0.012537
0.011580
0.010153
0.008835
0.005280
0.006714
0.006119
0.006714
0.006923
0.005283
0.005047
0.005530
0.006494
0.002478
0.010381
0.002260
0.008823
0.002478
0.007322
0.005858
0.002783
0.012127
0.005380
0.007429
0.002675
0.002783
0.002436
0.003245
0.004802
0.003245
0.004140
0.004615
0.003392
0.007767
0.005955
0.005291
0.003790
0.003790
0.002436
0.002654
0.008869
0.002478
0.003245
0.017132
0.002478
0.004167
0.004198
0.004115
0.005662
0.001851
0.007195
0.005756
0.005046
0.002002
0.002955
0.001519
0.002002
0.006514
0.004684
0.004583
0.004060
0.005858
0.008741
0.003958
0.013462
0.004872
0.005353
0.005665
0.009126
0.010553
0.010237
0.011193
0.010571
0.009398
0.010255
0.008324
0.010619
0.009510
0.009342
0.008043
0.009411
0.008324
0.010984
0.005055
0.001519
0.001851
0.009699
0.004060
0.008421
0.000449
0.013123
0.004060
0.004167
0.003337
0.003862
0.007301
0.003790
0.003790
0.003862
0.003245
0.006055
0.003337
0.001628
0.011414
0.008127
0.002066
0.005145
0.008421
0.005145
0.010182
0.006708
0.011741
0.000990
0.001195
0.005370
0.007429
0.007452
0.009699
0.001628
0.005556
0.006494
0.002654
0.005983
0.001228
0.006708
0.008045
0.006554
0.001851
0.003592
0.004060
0.001576
0.001628
0.003414
0.011272
0.008421
0.002478
0.003337
0.001576
0.006708
0.005556
0.009844
0.006614
0.009986
0.005302
0.012747
0.006554
0.006213
0.004983
0.007084
0.008629
0.007084
0.004983
0.002478
0.002654
0.008629
0.003790
0.008956
0.008275
0.009525
0.004983
0.006554
0.004983
0.012747
0.007967
0.003665
0.009550
0.018875
0.014262
0.008079
0.011090
0.015719
0.011097
0.009749
0.011210
0.020431
0.023481
0.009578
0.011623
0.014262
0.017390
0.012699
0.020431
0.011623
0.020333
0.018801
0.023428
0.026637
0.028203
0.041423
0.031692
0.023262
0.013070
0.021257
0.019104
0.025501
0.031397
0.024897
0.023843
0.024607
0.020795
0.025158
0.023843
0.025567
0.032522
0.035104
0.031256
0.027141
0.023451
0.030095
0.035393
0.049637
0.040896
0.040060
0.035501
0.040835
0.030756
0.028004
0.028623
0.025514
0.028475
0.025631
0.022591
0.020321
0.016845
0.015856
0.014685
0.014073
0.015894
0.025679
0.010564
0.017834
0.012689
0.010048
0.012936
0.008082
0.008185
0.011515
0.012622
0.011934
0.030930
0.024330
0.035179
0.030727
0.028793
0.029462
0.027709
0.025093
0.025294
0.011358
0.017421
0.016306
0.011721
0.014771
0.011266
0.008334
0.006673
0.007913
0.010057
0.010405
0.002734
0.007616
0.002369
0.011378
0.002940
0.004936
0.002923
0.016903
0.007573
0.007393
0.007984
0.002932
0.009847
0.004281
0.003733
0.006050
0.008832
0.010380
0.012183
0.003771
0.005968
0.005399
0.012695
0.009357
0.007393
0.005033
0.010230
0.007393
0.011284
0.010230
0.009847
0.009116
0.012326
0.047552
0.005033
0.008332
0.000480
0.008402
0.004936
0.001778
0.015011
0.014154
0.017225
0.026862
0.021724
0.023624
0.021455
0.026228
0.019798
0.019943
0.023200
0.022741
0.025211
0.028144
0.030824
0.032720
0.032631
0.030955
0.036504
0.035814
0.032633
0.034150
0.035350
0.033459
0.053145
0.059980
0.046770
0.044838
0.046553
0.045098
0.035290
0.035807
0.030971
0.034837
0.037113
0.021290
0.022798
0.020112
0.017215
0.015276
0.014140
0.012498
0.015596
0.015124
0.011557
0.015700
0.011110
0.005419
0.007983
0.012496
0.010673
0.004690
0.009363
0.005338
0.003284
0.003956
0.015704
0.012504
0.009348
0.002246
0.014017
0.007799
0.002064
0.007856
0.004690
0.008132
0.012346
0.012232
0.008724
0.020161
0.011144
0.003504
0.004690
0.014304
0.014031
0.007386
0.006878
0.004226
0.009571
0.003504
0.000586
0.004690
0.003210
0.003784
0.010231
0.007935
0.012495
0.010567
0.008965
0.011699
0.012495
0.009114
0.010131
0.012711
0.012536
0.015133
0.017466
0.021286
0.018012
0.018373
0.020133
0.023334
0.020074
0.016256
0.016840
0.017390
0.016483
0.017466
0.031215
0.024906
0.025380
0.028973
0.026700
0.027621
0.028182
0.027362
0.032863
0.029223
0.027641
0.005126
0.007000
0.005126
0.005757
0.009036
0.010285
0.007649
0.004014
0.003628
0.003628
0.002717
0.003628
0.002669
0.003535
0.008479
0.002717
0.002077
0.004032
0.003734
0.001998
0.002382
0.001285
0.007324
0.002469
0.011692
0.000935
0.008615
0.002276
0.004274
0.000605
0.003941
0.006964
0.001280
0.001998
0.011635
0.000778
0.009125
0.014662
0.001998
0.005465
0.003155
0.011562
0.002226
0.002330
0.005764
0.003155
0.003420
0.002226
0.002226
0.005921
0.009831
0.005561
0.006754
0.007749
0.005921
0.008486
0.009115
0.007387
0.009523
0.013695
0.010651
0.013944
0.010988
0.012353
0.008474
0.007657
0.003963
0.003168
0.007464
0.016751
0.004908
0.011368
0.005758
0.009899
0.006837
0.006837
0.008989
0.012314
0.004572
0.015404
0.014179
0.020072
0.014663
0.007020
0.009715
0.014663
0.012424
0.009901
0.007057
0.008466
0.010781
0.007764
0.007531
0.006405
0.011368
0.008466
0.015190
0.012660
0.012660
0.015896
0.010257
0.010257
0.016561
0.007901
0.016139
0.019088
0.009703
0.006435
0.003659
0.004572
0.004327
0.013856
0.005962
0.012576
0.004424
0.006233
0.007202
0.000576
0.008239
0.005425
0.005425
0.003675
0.004282
0.005425
0.008989
0.007764
0.012862
0.006837
0.004927
0.007359
0.005451
0.006435
0.005478
0.002561
0.003963
0.007041
0.005909
0.005909
0.010840
0.007740
0.004296
0.003604
0.003110
0.008473
0.011272
0.009847
0.007761
0.010594
0.009196
0.010448
0.007312
0.009295
0.002920
0.006795
0.012018
0.009479
0.002226
0.008726
0.004365
0.004192
0.004049
0.010300
0.008728
0.007153
0.008636
0.002452
0.002440
0.010594
0.013458
0.009479
0.001460
0.007071
0.016379
0.004365
0.010749
0.011862
0.003604
0.007319
0.006566
0.004115
0.009479
0.009028
0.011272
0.007515
0.007286
0.010840
0.005909
0.006795
0.007466
0.010022
0.010941
0.016654
0.039237
0.027813
0.028845
0.023895
0.028420
0.024171
0.055208
0.042758
0.034747
0.036383
0.028878
0.030496
0.029408
0.028497
0.031350
0.021891
0.022493
0.019047
0.019494
0.017958
0.012721
0.011927
0.017378
0.004860
0.006745
0.004797
0.002510
0.007801
0.008697
0.005766
0.003649
0.004608
0.008697
0.011794
0.008735
0.001105
0.002028
0.004381
0.008654
0.003725
0.007343
0.005779
0.013484
0.007214
0.007233
0.010264
0.004028
0.002028
0.002028
0.002510
0.008166
0.003209
0.007134
0.005770
0.007847
0.006133
0.013075
0.008990
0.010311
0.012185
0.013022
0.011519
0.011375
0.013575
0.013957
0.012915
0.013198
0.015302
0.013481
0.012915
0.012617
0.012617
0.010217
0.012142
0.008234
0.009856
0.014075
0.010174
0.012142
0.010242
0.010357
0.010311
0.012885
0.013804
0.011631
0.012185
0.017357
0.012125
0.012125
0.013946
0.027289
0.017953
0.021316
0.020683
0.017581
0.023643
0.017104
0.019094
0.017420
0.013997
0.011397
0.007143
0.007592
0.007757
0.013937
0.009354
0.010283
0.011067
0.013958
0.013958
0.007048
0.005551
0.002807
0.002807
0.003150
0.004523
0.002807
0.001761
0.001597
0.008669
0.005901
0.011794
0.011429
0.007084
0.011760
0.009773
0.015109
0.018236
0.015230
0.012806
0.016231
0.014239
0.021239
0.022898
0.023213
0.024122
0.024934
0.029029
0.025927
0.028661
0.027078
0.029983
0.038086
0.022499
0.022069
0.021450
0.017595
0.020157
0.026940
0.015240
0.009202
0.010489
0.007889
0.009146
0.002268
0.003727
0.010114
0.008411
0.005968
0.011309
0.009405
0.013136
0.011589
0.009559
0.015823
0.020891
0.014597
0.013539
0.015083
0.014317
0.015118
0.014597
0.013102
0.015118
0.012544
0.014030
0.015631
0.014230
0.013751
0.013710
0.012313
0.012854
0.014357
0.013540
0.009812
0.014147
0.013133
0.010090
0.010893
0.008855
0.010735
0.008002
0.009484
0.007648
0.007121
0.007421
0.007761
0.012200
0.006497
0.005891
0.006893
0.009471
0.005750
0.007466
0.008002
0.007121
0.004431
0.005590
0.009886
0.002605
0.004431
0.002894
0.013072
0.010359
0.011370
0.014431
0.018911
0.013519
0.014467
0.016612
0.012934
0.016478
0.016534
0.021078
0.024655
0.028416
0.031378
0.026579
0.028421
0.025512
0.031511
0.034997
0.021202
0.017618
0.011923
0.004388
0.009979
0.009136
0.007498
0.005909
0.005990
0.009040
0.021372
0.010654
0.008475
0.015349
0.012049
0.007630
0.022478
0.015661
0.024209
0.013724
0.025405
0.027572
0.024235
0.027044
0.026399
0.025531
0.029509
0.027243
0.021352
0.025674
0.029740
0.025674
0.027352
0.025788
0.026197
0.024257
0.023984
0.028296
0.031948
0.030188
0.028684
0.024491
0.025539
0.022266
0.029258
0.024291
0.024866
0.023993
0.024550
0.026124
0.029469
0.030321
0.021833
0.022297
0.021105
0.024187
0.020895
0.022945
0.020014
0.020942
0.025425
0.025697
0.030938
0.025547
0.026118
0.027822
0.025511
0.024470
0.024815
0.027208
0.026353
0.026013
0.023037
0.015243
0.019716
0.015831
0.019999
0.021450
0.021203
0.021105
0.018615
0.020352
0.017602
0.013715
0.013536
0.016472
0.013670
0.017434
0.016607
0.015707
0.014059
0.012523
0.012175
0.013052
0.011648
0.003703
0.004783
0.005528
0.009287
0.015865
0.017992
0.012745
0.006866
0.009570
0.016826
0.017340
0.017475
0.010277
0.010589
0.015296
0.012332
0.009483
0.009749
0.007391
0.006197
0.013885
0.002092
0.005459
0.017117
0.006300
0.005038
0.008894
0.011549
0.029689
0.006999
0.014745
0.013840
0.017530
0.012515
0.011811
0.013452
0.014881
0.009212
0.014825
0.013345
0.014839
0.004039
0.009034
0.004907
0.000496
0.005641
0.010377
0.007149
0.007190
0.005668
0.011875
0.001352
0.004209
0.003703
0.002518
0.013345
0.005641
0.000962
0.006523
0.002823
0.001895
0.002564
0.005168
0.010785
0.007391
0.003828
0.008725
0.010989
0.015343
0.008093
0.010683
0.010013
0.009187
0.008536
0.007058
0.009430
0.010483
0.014082
0.011309
0.007714
0.012664
0.013649
0.013970
0.010847
0.014132
0.012861
0.015603
0.013574
0.016353
0.018646
0.018375
0.017306
0.015236
0.014487
0.014337
0.015881
0.015741
0.013970
0.015963
0.016563
0.015086
0.015594
0.015594
0.016666
0.015086
0.019201
0.017614
0.019479
0.018646
0.015385
0.013510
0.014654
0.020807
0.020925
0.023243
0.017306
0.023243
0.023396
0.021381
0.019940
0.015963
0.021609
0.022110
0.017614
0.025321
0.026204
0.032004
0.024764
0.020142
0.018646
0.025447
0.029945
0.025292
0.029273
0.029490
0.026147
0.031888
0.026161
0.028327
0.029215
0.029273
0.029486
0.028663
0.028632
0.035894
0.037086
0.033894
0.030962
0.033482
0.035407
0.028663
0.033227
0.032946
0.031522
0.032678
0.034868
0.035614
0.030595
0.033546
0.038195
0.020104
0.030227
0.023110
0.029735
0.027587
0.021199
0.014786
0.015486
0.016884
0.022234
0.020069
0.018706
0.025589
0.022528
0.022071
0.023196
0.024859
0.024179
0.027892
0.027694
0.026588
0.032125
0.023174
0.008742
0.018169
0.021102
0.028130
0.028188
0.016500
0.009946
0.012243
0.012481
0.014180
0.009605
0.008564
0.011414
0.010675
0.003128
0.009079
0.008876
0.009079
0.005001
0.003366
0.004840
0.000501
0.003341
0.011868
0.004173
0.005815
0.008801
0.012676
0.007946
0.001804
0.002723
0.000463
0.001746
0.002044
0.001358
0.003927
0.009287
0.006269
0.010513
0.012960
0.004184
0.004901
0.010323
0.012677
0.010510
0.014181
0.008991
0.012278
0.016235
0.016149
0.012304
0.010360
0.015140
0.011768
0.013669
0.018070
0.013863
0.018949
0.015881
0.015881
0.015848
0.018233
0.012623
0.011750
0.011854
0.025508
0.024801
0.025075
0.031652
0.037070
0.030400
0.029134
0.030941
0.025639
0.024993
0.024140
0.043688
0.036243
0.036550
0.035341
0.038404
0.039962
0.044839
0.044995
0.044857
0.034612
0.028535
0.022907
0.028226
0.028095
0.029413
0.029094
0.030635
0.032803
0.036825
0.034236
0.036302
0.037023
0.038214
0.039964
0.037762
0.033578
0.032257
0.039514
0.037560
0.033236
0.023277
0.022013
0.025593
0.019262
0.012915
0.019201
0.023182
0.018197
0.016931
0.018775
0.021198
0.019253
0.016221
0.014070
0.016655
0.012283
0.009206
0.007150
0.011109
0.012667
0.015160
0.014906
0.009374
0.012048
0.014885
0.021369
0.014627
0.009669
0.020308
0.008461
0.015492
0.017861
0.015310
0.014627
0.017600
0.017664
0.020211
0.016129
0.016655
0.011538
0.016707
0.017201
0.011109
0.012900
0.009650
0.007958
0.012991
0.014078
0.012016
0.012991
0.015966
0.013738
0.005510
0.007967
0.005833
0.008949
0.006162
0.014073
0.012515
0.003855
0.005367
0.011348
0.009636
0.011081
0.011008
0.011081
0.009647
0.011008
0.009522
0.008662
0.007931
0.012515
0.012976
0.010969
0.011847
0.009458
0.011568
0.013857
0.018570
0.014927
0.011418
0.010100
0.003483
0.013275
0.008934
0.008662
0.017115
0.008662
0.006527
0.006262
0.010720
0.005735
0.009460
0.004024
0.003938
0.009971
0.012222
0.003557
0.004570
0.003560
0.010190
0.013495
0.011026
0.014005
0.012222
0.005310
0.004846
0.009647
0.006670
0.015785
0.012769
0.006670
0.011348
0.006670
0.003378
0.012515
0.009522
0.011089
0.006670
0.015713
0.004733
0.008069
0.002859
0.002027
0.003197
0.004831
0.007861
0.003410
0.009344
0.002205
0.002325
0.009669
0.010010
0.002205
0.002325
0.008092
0.006487
0.004491
0.007827
0.006319
0.006238
0.010574
0.004777
0.004164
0.004059
0.005379
0.006305
0.004826
0.008644
0.006677
0.011409
0.012087
0.004387
0.006162
0.002205
0.007967
0.005789
0.002937
0.006162
0.013256
0.006319
0.006677
0.008092
0.007421
0.008323
0.010321
0.009206
0.008461
0.010075
0.008245
0.006238
0.012123
0.009157
0.006619
0.009516
0.009103
0.014895
0.009206
0.015103
0.012444
0.003850
0.012444
0.004326
0.002690
0.006570
0.005789
0.005516
0.003850
0.014214
0.008098
0.005135
0.008875
0.014743
0.013854
0.012901
0.010726
0.009935
0.008844
0.006437
0.004163
0.010716
0.008306
0.005944
0.005432
0.010821
0.007170
0.008735
0.005776
0.005163
0.005622
0.004248
0.003483
0.002690
0.002482
0.003672
0.001559
0.001559
0.003060
0.003183
0.001495
0.004826
0.009429
0.018653
0.001452
0.002027
0.006110
0.012096
0.012053
0.023317
0.016679
0.017344
0.012631
0.010736
0.015043
0.004163
0.007472
0.014015
0.007735
0.005154
0.020480
0.015778
0.015587
0.017696
0.008875
0.019680
0.012240
0.011704
0.008844
0.015753
0.013972
0.010958
0.011399
0.011792
0.017969
0.025333
0.023944
0.023020
0.039178
0.023179
0.023517
0.016303
0.011704
0.016774
0.023328
0.016612
0.032756
0.040550
0.032515
0.030714
0.027037
0.027350
0.032570
0.040842
0.038425
0.051607
0.052402
0.041660
0.051064
0.045440
0.046076
0.045534
0.049746
0.045991
0.046034
0.045308
0.043848
0.041585
0.041585
0.039557
0.036729
0.045517
0.047745
0.045701
0.046462
0.046127
0.052020
0.042470
0.041148
0.039911
0.028795
0.020255
0.034823
0.040224
0.023450
0.017370
0.017110
0.027383
0.035004
0.014497
0.027881
0.019122
0.018130
0.030813
0.024642
0.023228
0.018511
0.029430
0.023615
0.016588
0.014114
0.011730
0.015610
0.014439
0.023467
0.017330
0.013525
0.020614
0.022044
0.023615
0.027946
0.019627
0.019619
0.021013
0.018042
0.010030
0.022739
0.023027
0.009144
0.011188
0.008588
0.007942
0.010729
0.014114
0.020359
0.013733
0.015245
0.017119
0.017119
0.007928
0.001880
0.015269
0.013715
0.018322
0.018628
0.008929
0.005777
0.008428
0.008522
0.012481
0.019025
0.001872
0.018445
0.006091
0.003476
0.000403
0.003135
0.009348
0.009713
0.012780
0.011478
0.007156
0.008424
0.006092
0.010211
0.003089
0.010952
0.008257
0.011724
0.009348
0.005841
0.008007
0.003309
0.003306
0.007316
0.010702
0.005146
0.007657
0.007802
0.013719
0.005253
0.004420
0.006359
0.004686
0.011228
0.004498
0.005777
0.008595
0.005483
0.007787
0.006259
0.006407
0.009311
0.007142
0.007425
0.006360
0.018620
0.006810
0.005188
0.014369
0.007802
0.007142
0.015802
0.023436
0.030850
0.013398
0.009314
0.009225
0.010572
0.008681
0.007156
0.004686
0.007156
0.011177
0.013919
0.010951
0.009700
0.011177
0.007631
0.005879
0.008929
0.004095
0.010505
0.014613
0.007631
0.011673
0.015702
0.019874
0.010702
0.010702
0.007802
0.017629
0.016493
0.016484
0.012436
0.013379
0.011177
0.011744
0.012827
0.010458
0.010943
0.010048
0.015695
0.014330
0.010048
0.009540
0.012397
0.012902
0.008681
0.012436
0.015339
0.013830
0.014222
0.012112
0.011890
0.011673
0.017629
0.017123
0.015702
0.013608
0.018832
0.012355
0.011078
0.008787
0.008519
0.012965
0.010359
0.010458
0.008681
0.015460
0.009212
0.013203
0.009540
0.008526
0.014330
0.012655
0.011717
0.007156
0.008257
0.009034
0.009225
0.009212
0.011177
0.008388
0.007657
0.006602
0.007631
0.006219
0.009323
0.014629
0.013672
0.007142
0.011858
0.007032
0.007032
0.007032
0.011744
0.007887
0.016108
0.010127
0.013690
0.008787
0.008424
0.007256
0.006407
0.004285
0.008122
0.008534
0.008388
0.009751
0.007156
0.007513
0.006717
0.006411
0.007657
0.005879
0.007448
0.008023
0.006903
0.005314
0.006098
0.007209
0.005106
0.004704
0.010211
0.013018
0.005847
0.003172
0.001568
0.004466
0.002791
0.009088
0.001919
0.002337
0.003018
0.004504
0.004790
0.005444
0.005533
0.005444
0.003309
0.009505
0.004968
0.007832
0.000190
0.006127
0.001618
0.010952
0.001618
0.002393
0.006388
0.014099
0.006388
0.014531
0.014363
0.011086
0.020490
0.014531
0.011292
0.014120
0.017651
0.014363
0.014363
0.018027
0.013922
0.012034
0.011292
0.017404
0.021287
0.023554
0.020695
0.020695
0.027893
0.020695
0.030097
0.028564
0.022559
0.024002
0.025143
0.023151
0.024837
0.023673
0.029612
0.025053
0.024832
0.026089
0.022332
0.028255
0.033126
0.038621
0.025707
0.027385
0.029821
0.043326
0.035267
0.041024
0.038476
0.046223
0.032148
0.029036
0.036776
0.041389
0.047532
0.041367
0.039829
0.041328
0.032063
0.030655
0.029203
0.035198
0.038360
0.039872
0.036755
0.030539
0.036675
0.039879
0.038360
0.027739
0.033829
0.026371
0.040050
0.027825
0.022861
0.030655
0.036967
0.026639
0.026169
0.029092
0.030692
0.037167
0.044432
0.039872
0.029046
0.027656
0.032188
0.029203
0.030881
0.036916
0.030521
0.019741
0.019826
0.012070
0.016661
0.010514
0.007422
0.013521
0.013630
0.007502
0.010535
0.010470
0.003190
0.007399
0.005867
0.002902
0.005867
0.001294
0.008052
0.007868
0.005975
0.001969
0.004330
0.002588
0.004026
0.001867
0.007433
0.004472
0.004280
0.006252
0.005217
0.009061
0.010535
0.010934
0.010761
0.001876
0.006498
0.004144
0.005716
0.006498
0.008385
0.015899
0.001820
0.002119
0.006039
0.002560
0.009513
0.006498
0.009391
0.020601
0.003008
0.003213
0.003190
0.002815
0.006498
0.014215
0.002119
0.003803
0.003425
0.012647
0.003803
0.009785
0.003008
0.004614
0.003008
0.009258
0.004810
0.001769
0.002119
0.009511
0.003425
0.010452
0.009597
0.004782
0.005094
0.008049
0.011735
0.003372
0.008064
0.025024
0.018775
0.009513
0.009433
0.015538
0.017101
0.007868
0.010995
0.017350
0.011347
0.017466
0.020376
0.009766
0.018820
0.006498
0.009433
0.040310
0.028021
0.034219
0.029526
0.021732
0.020211
0.025128
0.020513
0.023784
0.022101
0.023556
0.028175
0.011736
0.023784
0.023465
0.025018
0.026447
0.021732
0.020299
0.024844
0.018759
0.020111
0.021709
0.017088
0.007868
0.004767
0.014019
0.021796
0.020357
0.021732
0.026700
0.024893
0.026700
0.029526
0.015793
0.022211
0.023465
0.028021
0.024239
0.029302
0.028930
0.019538
0.020790
0.027377
0.028649
0.024655
0.021104
0.031651
0.022086
0.023784
0.030516
0.019430
0.033224
0.021827
0.029216
0.032609
0.027395
0.031316
0.028495
0.025154
0.028916
0.034143
0.029708
0.026884
0.022489
0.021910
0.021092
0.026608
0.022200
0.021293
0.025773
0.025351
0.025578
0.024583
0.026094
0.027577
0.026575
0.022516
0.023609
0.022347
0.028765
0.024708
0.019926
0.018294
0.016131
0.012638
0.017003
0.012638
0.014049
0.015371
0.018938
0.029591
0.020457
0.011103
0.013227
0.008046
0.010116
0.010933
0.009381
0.008957
0.010933
0.012269
0.012468
0.016131
0.013969
0.017538
0.009561
0.006823
0.006262
0.010887
0.008680
0.008176
0.010933
0.014886
0.014561
0.009490
0.011543
0.008221
0.009248
0.012222
0.016131
0.012535
0.015689
0.013999
0.012583
0.013774
0.016858
0.016482
0.010113
0.013170
0.019165
0.018294
0.014370
0.019673
0.014370
0.015919
0.017885
0.016482
0.015626
0.014370
0.014010
0.015626
0.019673
0.012588
0.012583
0.013053
0.010410
0.011804
0.020149
0.022914
0.019617
0.024878
0.017831
0.018032
0.005836
0.012187
0.006823
0.005095
0.007250
0.008665
0.007093
0.008790
0.010491
0.004596
0.005062
0.004447
0.002965
0.010731
0.004797
0.006330
0.006724
0.008104
0.004813
0.009261
0.004344
0.004596
0.013448
0.008171
0.016349
0.007210
0.003841
0.006854
0.009381
0.010155
0.013542
0.007093
0.011133
0.008910
0.009571
0.007370
0.008275
0.002978
0.009401
0.007873
0.007926
0.009791
0.005271
0.009481
0.008742
0.011303
0.003861
0.003966
0.006774
0.001851
0.007926
0.005149
0.005196
0.010310
0.004545
0.012983
0.006536
0.008104
0.004581
0.000565
0.004727
0.004720
0.015595
0.012424
0.006396
0.004971
0.001162
0.002382
0.004043
0.002853
0.006396
0.003251
0.003861
0.004641
0.005846
0.005071
0.012259
0.003322
0.010825
0.008113
0.010584
0.010310
0.008216
0.013475
0.015334
0.020222
0.014244
0.013515
0.016091
0.012260
0.013224
0.018797
0.017355
0.019515
0.018713
0.016677
0.019226
0.023148
0.022415
0.024268
0.019941
0.022286
0.011316
0.010975
0.015651
0.020220
0.012186
0.012337
0.015074
0.007403
0.011502
0.011273
0.011425
0.012216
0.013267
0.013119
0.017641
0.014091
0.015144
0.015872
0.015865
0.019762
0.017789
0.015690
0.017312
0.012929
0.013224
0.010432
0.010432
0.012373
0.017520
0.018411
0.006979
0.016658
0.018224
0.025524
0.018451
0.012589
0.017827
0.021088
0.020282
0.014753
0.016917
0.017080
0.019941
0.018073
0.014703
0.018028
0.020959
0.020334
0.016912
0.012813
0.018594
0.016878
0.015361
0.012548
0.016343
0.021294
0.020371
0.026691
0.032806
0.031170
0.036563
0.025471
0.022781
0.028326
0.022448
0.022357
0.030417
0.026113
0.024657
0.026119
0.025203
0.025080
0.029495
0.030970
0.032590
0.036713
0.034755
0.028358
0.031456
0.033003
0.039025
0.038594
0.037661
0.035240
0.031382
0.038893
0.036935
0.035662
0.034303
0.040003
0.031387
0.041378
0.028152
0.032313
0.040033
0.035056
0.024858
0.017470
0.015597
0.027599
0.020320
0.020185
0.021628
0.026470
0.008529
0.008929
0.014418
0.011236
0.010442
0.008292
0.014153
0.012083
0.013837
0.013592
0.006474
0.005790
0.006968
0.005605
0.005476
0.009285
0.014787
0.013065
0.020313
0.017942
0.016564
0.006929
0.005461
0.013974
0.006004
0.018149
0.018076
0.006230
0.005089
0.005008
0.002737
0.001823
0.002919
0.005650
0.009335
0.002076
0.002162
0.002162
0.005784
0.002931
0.010376
0.018167
0.004310
0.013603
0.013603
0.013474
0.004218
0.000930
0.005777
0.002737
0.001465
0.001432
0.000221
0.010376
0.001192
0.005535
0.015325
0.021160
0.021904
0.012083
0.015212
0.012970
0.012912
0.016760
0.027539
0.024459
0.021675
0.021420
0.019256
0.020737
0.028986
0.017946
0.016807
0.016407
0.021321
0.018035
0.019138
0.018984
0.015579
0.017435
0.011440
0.008062
0.008080
0.006855
0.003011
0.004933
0.003503
0.009973
0.005476
0.006929
0.004848
0.007139
0.007139
0.004848
0.006395
0.010521
0.014271
0.010784
0.011032
0.010073
0.010371
0.014819
0.015556
0.016287
0.013395
0.012378
0.015940
0.008447
0.008292
0.012375
0.014061
0.021301
0.017778
0.017435
0.012968
0.012864
0.014585
0.012509
0.013170
0.013170
0.011642
0.012792
0.013492
0.016664
0.016760
0.012912
0.013218
0.011642
0.009814
0.011440
0.011234
0.012988
0.010376
0.011282
0.014095
0.014061
0.012611
0.009143
0.007079
0.008292
0.017916
0.015398
0.024234
0.018070
0.018011
0.009322
0.003787
0.021135
0.022374
0.005953
0.025200
0.008743
0.008665
0.010765
0.004292
0.003664
0.003296
0.004849
0.004724
0.011622
0.016421
0.017090
0.016618
0.014555
0.015394
0.014110
0.013662
0.010387
0.017828
0.012526
0.012287
0.014087
0.015664
0.014110
0.015281
0.013206
0.014540
0.012932
0.017935
0.018559
0.018558
0.019525
0.022103
0.020061
0.023719
0.018684
0.017415
0.018684
0.021994
0.018632
0.018991
0.017658
0.017357
0.019053
0.018804
0.018632
0.025760
0.020222
0.024330
0.019103
0.017945
0.017703
0.016618
0.019949
0.015927
0.013382
0.015650
0.017255
0.017828
0.019242
0.012932
0.012526
0.013395
0.016211
0.014555
0.011384
0.012932
0.014049
0.014235
0.011375
0.012308
0.017123
0.011681
0.012932
0.011708
0.010471
0.011441
0.008665
0.010768
0.008828
0.007785
0.010668
0.014986
0.010076
0.014986
0.016146
0.010668
0.013421
0.010364
0.015343
0.010788
0.008211
0.009760
0.010788
0.015071
0.010514
0.006631
0.008585
0.005547
0.006522
0.008045
0.005832
0.005020
0.005408
0.005242
0.007761
0.016772
0.014563
0.012876
0.013906
0.011763
0.015343
0.018421
0.012039
0.008349
0.016465
0.018022
0.017835
0.016134
0.022703
0.026330
0.017109
0.010876
0.008067
0.010765
0.021213
0.023196
0.019251
0.016211
0.018374
0.027181
0.026249
0.018704
0.016922
0.026835
0.022351
0.025895
0.021923
0.015139
0.018600
0.019152
0.014862
0.013468
0.014509
0.016923
0.012992
0.010619
0.012135
0.012433
0.008413
0.015867
0.020396
0.012727
0.010956
0.012946
0.013212
0.014426
0.013030
0.010956
0.010392
0.009896
0.012031
0.012946
0.017419
0.016974
0.026669
0.024042
0.022521
0.023855
0.026120
0.022508
0.022508
0.021305
0.018600
0.026560
0.024222
0.022508
0.017991
0.016608
0.015079
0.014862
0.014375
0.011831
0.014273
0.016021
0.018701
0.015379
0.011231
0.017147
0.015785
0.014092
0.013533
0.012099
0.013212
0.023684
0.015867
0.009813
0.007180
0.015328
0.015872
0.014603
0.011458
0.013083
0.013897
0.014375
0.015139
0.016436
0.016021
0.018600
0.015785
0.025751
0.022334
0.015785
0.014270
0.010551
0.019221
0.017243
0.003347
0.002581
0.022379
0.016661
0.011495
0.011657
0.012880
0.009935
0.006808
0.014505
0.020478
0.018642
0.019525
0.017316
0.019525
0.023371
0.021227
0.019102
0.007953
0.005680
0.010429
0.011149
0.015836
0.007154
0.005439
0.010078
0.009619
0.014747
0.015352
0.015295
0.017123
0.010787
0.009427
0.003501
0.003744
0.003513
0.009896
0.010787
0.012871
0.017375
0.003654
0.009427
0.007110
0.012744
0.012500
0.007953
0.011294
0.006245
0.005439
0.005101
0.005940
0.005216
0.003513
0.003949
0.010134
0.005571
0.012043
0.006783
0.007709
0.007933
0.006858
0.005571
0.007089
0.009761
0.011294
0.007279
0.006646
0.006333
0.007723
0.012772
0.011413
0.009427
0.014078
0.012871
0.007110
0.012903
0.014977
0.012040
0.018233
0.012903
0.010625
0.008483
0.009427
0.007723
0.004816
0.006052
0.011460
0.017290
0.012487
0.012043
0.008489
0.010809
0.009761
0.027276
0.008850
0.007543
0.010329
0.004181
0.008850
0.016835
0.015039
0.019244
0.017905
0.016365
0.012880
0.009957
0.012775
0.011305
0.012465
0.011650
0.011648
0.011456
0.009906
0.011650
0.012123
0.012903
0.013890
0.013890
0.012040
0.008766
0.010021
0.008153
0.010298
0.014505
0.007779
0.010484
0.009207
0.008205
0.008697
0.010625
0.017838
0.014977
0.009691
0.006333
0.005571
0.003434
0.010518
0.014591
0.012892
0.011485
0.013165
0.003744
0.016157
0.022189
0.023662
0.025438
0.027964
0.023285
0.026729
0.024302
0.023488
0.024441
0.024441
0.024657
0.025291
0.015402
0.018189
0.022403
0.021979
0.028500
0.012939
0.015291
0.019059
0.018852
0.011336
0.008267
0.008205
0.006131
0.003071
0.001705
0.003056
0.009080
0.010637
0.009166
0.003160
0.004497
0.009721
0.009721
0.015369
0.003753
0.009356
0.006065
0.004760
0.008582
0.007336
0.004779
0.006776
0.010640
0.009683
0.015225
0.006776
0.013133
0.011315
0.014475
0.005943
0.005394
0.005364
0.006001
0.003207
0.003207
0.006359
0.004640
0.001508
0.001889
0.001493
0.001487
0.003476
0.007861
0.011469
0.008013
0.006049
0.003316
0.003371
0.004256
0.005082
0.003869
0.004906
0.002303
0.002303
0.003844
0.004744
0.010155
0.005278
0.006227
0.005619
0.005080
0.005910
0.009508
0.008296
0.007837
0.013513
0.011979
0.004465
0.006892
0.007139
0.004725
0.004906
0.003049
0.003057
0.003938
0.006306
0.006306
0.058320
0.015665
0.016558
0.009917
0.012240
0.014758
0.014704
0.013881
0.013474
0.013166
0.013522
0.013608
0.015228
0.010473
0.010929
0.012114
0.018980
0.025231
0.023150
0.017497
0.012032
0.015228
0.016694
0.014836
0.018636
0.019130
0.019669
0.019919
0.023022
0.021884
0.021926
0.021119
0.020708
0.028624
0.031853
0.028790
0.025290
0.011330
0.020262
0.024939
0.018019
0.012721
0.022139
0.010886
0.013489
0.011254
0.011790
0.010208
0.011839
0.011291
0.010449
0.009712
0.015497
0.014649
0.008940
0.014995
0.013410
0.015113
0.014755
0.013275
0.007285
0.000912
0.005520
0.001434
0.017904
0.003565
0.002647
0.003834
0.013957
0.005222
0.004603
0.005464
0.005984
0.006353
0.007506
0.006176
0.004603
0.008677
0.014755
0.018049
0.020090
0.012696
0.006108
0.005578
0.005322
0.005225
0.004082
0.009273
0.010312
0.005881
0.007580
0.005578
0.010312
0.006319
0.007412
0.006701
0.002606
0.006838
0.001602
0.011410
0.012782
0.012773
0.017413
0.017457
0.011318
0.003185
0.003682
0.007947
0.008457
0.006128
0.009702
0.007919
0.006041
0.010312
0.009837
0.003554
0.008106
0.005189
0.017637
0.007110
0.005984
0.012557
0.006460
0.014403
0.009601
0.011538
0.012107
0.013669
0.005222
0.006176
0.005386
0.007967
0.004086
0.005663
0.006954
0.005190
0.009431
0.006794
0.008655
0.003943
0.007356
0.005222
0.007967
0.004062
0.006778
0.013282
0.001434
0.003072
0.004170
0.005046
0.004641
0.007110
0.005411
0.008222
0.002049
0.003616
0.003804
0.007683
0.005352
0.004069
0.003616
0.021625
0.030953
0.024342
0.023934
0.016424
0.021591
0.027717
0.028683
0.022848
0.027461
0.025924
0.016755
0.015177
0.017385
0.021527
0.030031
0.026380
0.028814
0.025123
0.029854
0.030126
0.025456
0.029795
0.030204
0.029763
0.026637
0.018941
0.020845
0.020845
0.025520
0.030374
0.025456
0.029795
0.028029
0.022524
0.022566
0.015599
0.016999
0.014518
0.009528
0.013987
0.020845
0.019708
0.024781
0.019246
0.023493
0.020124
0.020124
0.029358
0.020459
0.014647
0.017767
0.024111
0.016464
0.020845
0.014867
0.008767
0.013602
0.016187
0.019708
0.010620
0.016644
0.011652
0.007374
0.008602
0.008877
0.020459
0.013887
0.009498
0.008159
0.007497
0.005697
0.006605
0.008767
0.008625
0.014478
0.015815
0.013602
0.009673
0.008767
0.011904
0.008585
0.005479
0.011487
0.006385
0.005730
0.006422
0.012406
0.013602
0.016464
0.011303
0.008767
0.005642
0.017104
0.009369
0.009602
0.008206
0.004569
0.009907
0.012414
0.005191
0.004136
0.011721
0.005693
0.004920
0.004136
0.004136
0.003175
0.012520
0.003447
0.009392
0.001049
0.007831
0.001906
0.000698
0.003016
0.009144
0.006320
0.011174
0.009267
0.007871
0.002296
0.000698
0.007831
0.013957
0.006195
0.007813
0.006195
0.004849
0.004655
0.003207
0.015527
0.012610
0.010877
0.016976
0.012422
0.013899
0.012422
0.009446
0.004059
0.004228
0.008635
0.008635
0.015638
0.012477
0.009346
0.017083
0.012612
0.018782
0.006832
0.008416
0.001049
0.000481
0.004911
0.007831
0.000698
0.011322
0.009392
0.005112
0.002568
0.005195
0.004136
0.012628
0.009049
0.012229
0.022048
0.022048
0.029576
0.020527
0.018449
0.017275
0.021367
0.021770
0.017820
0.019592
0.019452
0.012747
0.013377
0.010022
0.010426
0.015365
0.009273
0.005930
0.008317
0.008827
0.008317
0.007828
0.006201
0.004057
0.004091
0.007266
0.004136
0.001906
0.005994
0.004480
0.006285
0.013859
0.007499
0.006009
0.001834
0.001728
0.001550
0.001834
0.003185
0.007908
0.004945
0.003185
0.009602
0.002568
0.010709
0.002149
0.002256
0.001315
0.007546
0.001728
0.010552
0.004742
0.001834
0.001049
0.003593
0.006201
0.007477
0.008210
0.009976
0.008482
0.009386
0.015026
0.013103
0.016408
0.019002
0.012521
0.011049
0.013170
0.013320
0.018331
0.022967
0.010426
0.010949
0.014137
0.008668
0.008807
0.009006
0.011532
0.012598
0.017311
0.011661
0.010535
0.009770
0.006859
0.006453
0.007315
0.011898
0.006061
0.004703
0.002256
0.007828
0.004091
0.004136
0.008206
0.003506
0.008057
0.004057
0.008206
0.011507
0.014301
0.014085
0.015878
0.023704
0.023704
0.024024
0.028089
0.020841
0.012151
0.020461
0.015650
0.024944
0.021367
0.014000
0.016720
0.028223
0.009041
0.007796
0.012171
0.008762
0.020061
0.019246
0.017170
0.016710
0.024274
0.019931
0.020163
0.020782
0.018295
0.023890
0.012926
0.019485
0.017440
0.014335
0.021401
0.027668
0.005680
0.002039
0.004555
0.006568
0.005851
0.010721
0.012760
0.005680
0.005098
0.007227
0.007287
0.005970
0.019326
0.016299
0.010338
0.011813
0.015482
0.017748
0.004355
0.013153
0.009010
0.009573
0.005686
0.005970
0.003874
0.009330
0.006693
0.005503
0.008650
0.011031
0.006693
0.007285
0.011883
0.015654
0.008650
0.014670
0.018610
0.015871
0.020668
0.018069
0.015669
0.023838
0.022217
0.022217
0.023430
0.029501
0.026229
0.022752
0.017755
0.020874
0.014738
0.010763
0.006707
0.007372
0.008218
0.012784
0.014687
0.010644
0.013151
0.014687
0.015257
0.013148
0.009888
0.014819
0.014830
0.017841
0.008254
0.005491
0.008433
0.013315
0.005783
0.002144
0.005491
0.017843
0.019297
0.013196
0.013175
0.006657
0.010338
0.014856
0.017269
0.017321
0.018959
0.018074
0.018696
0.015780
0.016722
0.016755
0.016755
0.023189
0.020609
0.011798
0.010131
0.011789
0.014979
0.008146
0.011871
0.018167
0.004555
0.020712
0.011356
0.016181
0.012105
0.013938
0.010328
0.010006
0.016880
0.012009
0.009518
0.010496
0.010230
0.008966
0.011038
0.010485
0.016409
0.018683
0.014819
0.016788
0.014819
0.018021
0.021852
0.011215
0.008700
0.013302
0.009383
0.006950
0.011038
0.014023
0.014403
0.020062
0.017432
0.008254
0.002472
0.019543
0.020421
0.018851
0.018702
0.015135
0.012871
0.015769
0.012635
0.012760
0.012981
0.014078
0.013780
0.017672
0.015916
0.023728
0.018540
0.021461
0.013416
0.011145
0.013218
0.013416
0.018989
0.020032
0.010844
0.008540
0.008565
0.014151
0.010082
0.009362
0.008055
0.013576
0.004765
0.014444
0.028926
0.012029
0.011025
0.015931
0.002606
0.017913
0.011991
0.014191
0.007541
0.008764
0.011600
0.007783
0.007699
0.009311
0.014956
0.006900
0.005688
0.005422
0.004822
0.006383
0.011991
0.012773
0.013685
0.012593
0.005052
0.008301
0.003486
0.015282
0.002279
0.008525
0.005024
0.018267
0.001130
0.017153
0.013672
0.014253
0.017126
0.016846
0.009494
0.002125
0.016835
0.010905
0.010163
0.015950
0.017463
0.014975
0.017598
0.018106
0.013233
0.008545
0.007036
0.010457
0.004415
0.002967
0.006024
0.012840
0.006729
0.003603
0.004391
0.002899
0.001327
0.006992
0.017665
0.017836
0.016648
0.010075
0.004699
0.006841
0.004078
0.007508
0.013838
0.005827
0.017044
0.010742
0.013319
0.011626
0.016540
0.015762
0.009518
0.012830
0.015000
0.017728
0.015944
0.009763
0.010554
0.023349
0.010083
0.008702
0.015600
0.014224
0.022735
0.015200
0.008777
0.017332
0.025494
0.018501
0.011481
0.015723
0.032326
0.020326
0.015936
0.010494
0.008354
0.018494
0.008755
0.009832
0.014678
0.006592
0.016345
0.011164
0.014713
0.004934
0.012157
0.011016
0.010968
0.011016
0.012454
0.012171
0.006878
0.004719
0.007877
0.009300
0.005641
0.010702
0.007877
0.007861
0.011164
0.012733
0.008574
0.012023
0.010170
0.009552
0.009789
0.009962
0.012023
0.010278
0.009037
0.011056
0.012183
0.012773
0.005000
0.011016
0.010278
0.010735
0.008712
0.010813
0.013563
0.003603
0.016874
0.013866
0.016321
0.017379
0.012218
0.015685
0.021059
0.027206
0.014002
0.012443
0.013218
0.012912
0.012981
0.019827
0.019066
0.017888
0.004286
0.016739
0.013780
0.012323
0.015651
0.017776
0.017776
0.015942
0.016303
0.013224
0.015873
0.002125
0.005917
0.008694
0.010715
0.019537
0.015073
0.014892
0.014124
0.013218
0.014173
0.009732
0.011533
0.013376
0.016264
0.012602
0.013534
0.014381
0.008670
0.015033
0.008323
0.011038
0.009518
0.007417
0.010110
0.009362
0.009280
0.016540
0.017103
0.003265
0.018144
0.009494
0.009494
0.003265
0.008545
0.005627
0.006834
0.010557
0.008574
0.004768
0.005524
0.011017
0.009446
0.011234
0.007077
0.009845
0.006848
0.013715
0.006235
0.007075
0.005710
0.013101
0.014619
0.000411
0.006154
0.007568
0.018469
0.009535
0.008238
0.020636
0.029367
0.017510
0.018501
0.007832
0.008400
0.012908
0.008410
0.011020
0.027747
0.012835
0.009979
0.024631
0.029405
0.013879
0.005641
0.009578
0.007136
0.007913
0.007146
0.004278
0.011226
0.012478
0.014758
0.016562
0.017840
0.016474
0.005138
0.007258
0.009284
0.013148
0.012844
0.007887
0.007417
0.005917
0.004066
0.005784
0.001108
0.014217
0.011633
0.006962
0.009418
0.010278
0.011946
0.010467
0.012144
0.005635
0.012175
0.005949
0.007077
0.014994
0.005133
0.008785
0.012913
0.014982
0.011255
0.006872
0.008712
0.009532
0.008599
0.010278
0.011692
0.007913
0.007913
0.006876
0.011998
0.005000
0.012135
0.009504
0.002573
0.006992
0.000904
0.011471
0.001876
0.011765
0.003176
0.005274
0.004078
0.004449
0.014173
0.013468
0.015268
0.012593
0.008375
0.012183
0.007913
0.012405
0.009552
0.008450
0.011056
0.012478
0.011067
0.009020
0.011905
0.007344
0.019949
0.006848
0.007565
0.009040
0.008167
0.006972
0.011014
0.006054
0.005710
0.007737
0.011506
0.008167
0.010802
0.011692
0.008167
0.010500
0.009426
0.010219
0.010500
0.009563
0.008812
0.010278
0.011373
0.010762
0.006527
0.006383
0.010003
0.010219
0.009679
0.015364
0.017515
0.009926
0.009125
0.008351
0.017197
0.013840
0.011396
0.006154
0.007727
0.012253
0.010874
0.013820
0.016405
0.004746
0.007568
0.007639
0.010713
0.016958
0.015922
0.006095
0.016748
0.003252
0.009197
0.009126
0.015340
0.010702
0.015922
0.013782
0.014738
0.021627
0.021538
0.018791
0.028810
0.065335
0.046865
0.016712
0.011387
0.014352
0.017320
0.014337
0.021474
0.026598
0.020102
0.009771
0.004444
0.007975
0.015382
0.012354
0.022973
0.017624
0.006527
0.003069
0.006878
0.021926
0.023728
0.003935
0.037712
0.034255
0.031420
0.023032
0.013379
0.011582
0.017515
0.023265
0.012214
0.015352
0.003646
0.004934
0.006290
0.004528
0.013172
0.004536
0.003832
0.006776
0.002697
0.002541
0.003629
0.004188
0.016015
0.014994
0.005275
0.007877
0.007077
0.006432
0.007853
0.010669
0.010921
0.012618
0.007623
0.009065
0.006848
0.009679
0.012188
0.008712
0.006872
0.007584
0.006900
0.004822
0.007473
0.014919
0.007787
0.010374
0.007551
0.007694
0.003342
0.001575
0.003648
0.018185
0.016958
0.010702
0.012249
0.013803
0.016628
0.012243
0.011017
0.007853
0.011534
0.008396
0.014903
0.012929
0.009040
0.014111
0.016337
0.018439
0.024377
0.004579
0.003873
0.008146
0.007941
0.014052
0.015273
0.006465
0.007876
0.018149
0.009973
0.013880
0.016045
0.009291
0.013260
0.010180
0.005916
0.008777
0.016794
0.019858
0.009709
0.012266
0.007832
0.013493
0.015200
0.013493
0.008693
0.002038
0.005450
0.003873
0.009535
0.010951
0.012399
0.007861
0.013581
0.005621
0.006591
0.012951
0.012447
0.011164
0.005080
0.005197
0.010095
0.011014
0.010374
0.009926
0.010802
0.010224
0.014951
0.016907
0.010500
0.013031
0.016179
0.018106
0.008599
0.015270
0.022727
0.017544
0.010286
0.008574
0.017035
0.007127
0.002711
0.016675
0.003011
0.019621
0.012965
0.011930
0.030378
0.018121
0.009296
0.010991
0.012345
0.018220
0.014556
0.014821
0.016224
0.017541
0.013440
0.024538
0.015710
0.005602
0.009237
0.007967
0.013633
0.016100
0.011056
0.017390
0.008210
0.008553
0.016556
0.012064
0.012443
0.007191
0.005198
0.005363
0.009783
0.005461
0.011484
0.007001
0.013240
0.012648
0.011708
0.007559
0.015362
0.015618
0.012050
0.013057
0.015781
0.017221
0.014810
0.014616
0.013701
0.025075
0.013904
0.011394
0.007437
0.009771
0.018530
0.011367
0.011596
0.010845
0.010845
0.011596
0.015021
0.018260
0.015540
0.013480
0.014368
0.009312
0.006706
0.005816
0.005131
0.012814
0.019104
0.008340
0.020593
0.023822
0.018530
0.014403
0.006454
0.012443
0.022334
0.020801
0.019275
0.014368
0.018326
0.025846
0.024315
0.016036
0.013393
0.015715
0.016309
0.015118
0.014973
0.016206
0.012345
0.005875
0.005816
0.003453
0.012368
0.013311
0.019836
0.018442
0.012753
0.025242
0.017454
0.025859
0.013740
0.015963
0.021096
0.026547
0.027766
0.026961
0.020112
0.016500
0.024307
0.023666
0.023836
0.017005
0.016447
0.011832
0.011950
0.010152
0.011244
0.015638
0.010419
0.009211
0.009327
0.011631
0.018604
0.009817
0.011086
0.021662
0.016063
0.014665
0.016186
0.013944
0.014690
0.017307
0.013944
0.015274
0.013417
0.011640
0.015723
0.014690
0.014709
0.012532
0.018583
0.016447
0.015712
0.011244
0.014710
0.012556
0.016447
0.010932
0.014956
0.017553
0.019724
0.012325
0.015093
0.014956
0.014956
0.011032
0.008796
0.011269
0.022131
0.013550
0.009616
0.019858
0.018571
0.011481
0.021932
0.020836
0.017839
0.017510
0.015352
0.018579
0.010837
0.013823
0.013598
0.016498
0.011891
0.012220
0.010216
0.012484
0.010278
0.012283
0.010500
0.009387
0.011254
0.013853
0.017515
0.043593
0.018569
0.028551
0.011589
0.033389
0.025722
0.042731
0.029232
0.037316
0.040275
0.045796
0.051832
0.023157
0.018428
0.013814
0.020065
0.003520
0.006473
0.004115
0.011089
0.008992
0.011234
0.023054
0.037021
0.026967
0.014953
0.011640
0.008173
0.019678
0.008096
0.006224
0.003876
0.003638
0.000000
0.010702
0.015360
0.014907
0.010494
0.006876
0.011954
0.012755
0.035896
0.033893
0.029516
0.009383
0.004650
0.010837
0.009383
0.023823
0.006271
0.013823
0.004451
0.002986
0.006095
0.009164
0.001648
0.002993
0.006095
0.002920
0.009446
0.012447
0.005353
0.005133
0.007623
0.008881
0.026241
0.018597
0.005307
0.009579
0.010802
0.008140
0.008714
0.006113
0.010653
0.015928
0.023468
0.034091
0.017035
0.027738
0.017151
0.020140
0.011410
0.010221
0.008096
0.015553
0.021234
0.026555
0.014531
0.009327
0.007562
0.009126
0.012295
0.015054
0.020065
0.012618
0.001673
0.004746
0.005307
0.002369
0.015750
0.007914
0.011396
0.013581
0.012951
0.004746
0.001673
0.013882
0.017135
0.005041
0.006928
0.006445
0.010789
0.004723
0.009398
0.007049
0.017307
0.014531
0.023788
0.013653
0.013162
0.008492
0.009649
0.007608
0.013932
0.025395
0.018869
0.023228
0.012727
0.013305
0.010020
0.007570
0.017740
0.016256
0.011020
0.017749
0.009706
0.006652
0.009291
0.019237
0.020878
0.016294
0.069865
0.069355
0.061088
0.045830
0.032499
0.047129
0.038360
0.047705
0.051660
0.020387
0.017546
0.019132
0.018258
0.021304
0.023574
0.024029
0.024156
0.023269
0.017839
0.018040
0.020477
0.023064
0.019099
0.023745
0.015761
0.023829
0.019287
0.022527
0.021551
0.024569
0.020986
0.013891
0.018777
0.015324
0.015884
0.012917
0.012757
0.008562
0.009052
0.008562
0.007902
0.008261
0.006440
0.003594
0.016500
0.005127
0.005050
0.009574
0.013083
0.017696
0.011290
0.013667
0.009083
0.007727
0.012083
0.009229
0.005572
0.011838
0.013774
0.004784
0.005127
0.001417
0.006815
0.011505
0.010488
0.004795
0.003152
0.010205
0.009705
0.005016
0.004073
0.002541
0.005642
0.016500
0.006786
0.007902
0.013774
0.003927
0.004491
0.002621
0.005474
0.008237
0.002546
0.004073
0.001901
0.004292
0.005108
0.008524
0.020899
0.017900
0.017900
0.017900
0.019184
0.017643
0.006815
0.017537
0.024436
0.023537
0.022807
0.023825
0.024483
0.023561
0.026849
0.008240
0.006598
0.005677
0.011150
0.006598
0.009296
0.018260
0.019542
0.026799
0.016631
0.020498
0.016397
0.013896
0.019497
0.021421
0.029493
0.023470
0.021600
0.008721
0.007257
0.010379
0.008721
0.016411
0.005941
0.007213
0.005588
0.005816
0.002896
0.008721
0.000803
0.002361
0.005676
0.001210
0.001210
0.001210
0.013544
0.007199
0.001132
0.005693
0.030880
0.007522
0.018240
0.027639
0.018060
0.010227
0.004046
0.001950
0.009296
0.010611
0.011953
0.027094
0.041471
0.038467
0.006432
0.019609
0.022157
0.041699
0.052206
0.034338
0.017278
0.020246
0.022756
0.027069
0.024790
0.020902
0.026204
0.025720
0.025489
0.024633
0.023574
0.023425
0.022559
0.021735
0.022605
0.025580
0.025776
0.028527
0.023613
0.029252
0.034726
0.015321
0.002999
0.003881
0.009088
0.010843
0.007700
0.004939
0.011411
0.014059
0.013377
0.011588
0.012312
0.009960
0.010021
0.005738
0.009693
0.011692
0.015021
0.010650
0.006269
0.012548
0.013402
0.007898
0.015561
0.007354
0.014163
0.007898
0.015254
0.006390
0.006427
0.005912
0.011742
0.014279
0.016930
0.003306
0.004615
0.003885
0.010394
0.009686
0.006828
0.009271
0.008132
0.008579
0.015736
0.009014
0.013935
0.012432
0.016719
0.015245
0.013730
0.015833
0.015380
0.010134
0.005581
0.007531
0.004763
0.008441
0.011960
0.008579
0.006529
0.013495
0.015245
0.007803
0.008029
0.001546
0.007746
0.019767
0.044183
0.019460
0.018258
0.017244
0.025275
0.013566
0.020596
0.013429
0.032802
0.029590
0.025074
0.025086
0.031536
0.041372
0.040278
0.034559
0.030870
0.032952
0.028781
0.033276
0.035118
0.033222
0.036935
0.035348
0.026929
0.029662
0.026033
0.025985
0.028137
0.029611
0.025822
0.022052
0.020141
0.018017
0.015920
0.017628
0.016871
0.014163
0.012772
0.013073
0.011938
0.007344
0.008467
0.007627
0.015343
0.005816
0.007683
0.013883
0.013495
0.010140
0.010506
0.013858
0.013402
0.015313
0.013782
0.006128
0.010843
0.012349
0.014354
0.016267
0.012214
0.015224
0.015560
0.011915
0.007915
0.007591
0.009715
0.017006
0.015538
0.014888
0.013095
0.012349
0.013073
0.011616
0.013073
0.012432
0.012774
0.009303
0.008191
0.009387
0.011210
0.015561
0.016635
0.013073
0.015538
0.016884
0.009554
0.011465
0.008212
0.008755
0.009087
0.012676
0.014888
0.010506
0.009870
0.012719
0.014888
0.007311
0.008212
0.008191
0.008191
0.009119
0.013087
0.012432
0.007782
0.007344
0.005758
0.005904
0.006599
0.007683
0.005622
0.010297
0.008556
0.004127
0.003865
0.005519
0.005397
0.003834
0.003557
0.007489
0.006660
0.005293
0.009329
0.018928
0.013511
0.011047
0.017278
0.007953
0.009727
0.013193
0.012066
0.011018
0.007075
0.006708
0.006429
0.007017
0.008039
0.006708
0.010366
0.012789
0.015761
0.020986
0.012992
0.008832
0.009556
0.018499
0.015786
0.012992
0.015786
0.012904
0.017950
0.013254
0.021044
0.011272
0.014312
0.010329
0.016136
0.019099
0.019562
0.034936
0.026877
0.022550
0.019549
0.007722
0.008710
0.007624
0.006529
0.009588
0.011411
0.015538
0.006269
0.006704
0.003432
0.015272
0.015852
0.016153
0.014691
0.012774
0.014522
0.004301
0.016067
0.012151
0.014932
0.014764
0.015736
0.017006
0.009255
0.014442
0.013431
0.005018
0.004886
0.005018
0.004760
0.003970
0.010974
0.008159
0.010222
0.001294
0.005814
0.011392
0.006854
0.001685
0.003849
0.008552
0.002205
0.005519
0.002594
0.005296
0.008349
0.014844
0.006906
0.009588
0.004939
0.011121
0.010267
0.013747
0.003633
0.001123
0.010764
0.003633
0.010372
0.011633
0.003578
0.009693
0.017204
0.033198
0.036521
0.034002
0.038504
0.044602
0.044412
0.048679
0.046321
0.043857
0.044015
0.045350
0.035895
0.035196
0.031239
0.032104
0.036742
0.037714
0.039703
0.032743
0.035546
0.033797
0.032595
0.036328
0.034772
0.034655
0.028274
0.033861
0.036006
0.028363
0.031692
0.032628
0.030722
0.031064
0.027847
0.029359
0.027171
0.017290
0.010222
0.013886
0.021125
0.015716
0.022145
0.022600
0.024101
0.018920
0.020832
0.017485
0.019622
0.014925
0.019756
0.015057
0.007233
0.015390
0.003445
0.009038
0.016493
0.017895
0.013172
0.010222
0.003849
0.002317
0.007007
0.013105
0.005438
0.003987
0.012204
0.000735
0.003646
0.008493
0.005397
0.016185
0.005569
0.013105
0.012163
0.014866
0.004653
0.013557
0.009091
0.009620
0.010149
0.001185
0.008698
0.007007
0.003872
0.007633
0.008578
0.002317
0.010050
0.010084
0.011568
0.002317
0.014678
0.013049
0.002287
0.014658
0.005569
0.002509
0.008578
0.007007
0.005946
0.005593
0.002959
0.004426
0.010019
0.013099
0.002317
0.010019
0.002919
0.006846
0.011542
0.005349
0.013246
0.002452
0.009831
0.005622
0.002295
0.001158
0.002287
0.000957
0.005569
0.009041
0.011406
0.014331
0.011406
0.006502
0.008154
0.007038
0.007937
0.009556
0.010098
0.010098
0.009785
0.011510
0.012744
0.014493
0.015211
0.016213
0.013622
0.010875
0.017839
0.013663
0.012130
0.007968
0.010365
0.010817
0.015574
0.014493
0.013683
0.020796
0.018736
0.014312
0.014312
0.010430
0.010554
0.012744
0.011930
0.013543
0.010358
0.003547
0.008863
0.013806
0.010329
0.013023
0.020891
0.015286
0.011081
0.011689
0.012793
0.013683
0.012240
0.012080
0.011272
0.017532
0.012978
0.009444
0.010832
0.013677
0.012824
0.012520
0.014961
0.015986
0.017367
0.025851
0.015889
0.013742
0.009472
0.017839
0.016349
0.011510
0.008689
0.009646
0.009646
0.009556
0.006388
0.006695
0.007746
0.004454
0.014772
0.015238
0.013294
0.010019
0.010050
0.016236
0.011801
0.008270
0.006484
0.001398
0.013172
0.011558
0.010149
0.014442
0.014382
0.014298
0.014442
0.013707
0.012796
0.009143
0.008813
0.011457
0.011165
0.012461
0.012146
0.011707
0.010954
0.010029
0.012854
0.010025
0.018735
0.012674
0.008714
0.009739
0.012962
0.009966
0.015873
0.013258
0.011872
0.006846
0.002839
0.003446
0.008067
0.018760
0.009546
0.005662
0.005387
0.001865
0.001809
0.004211
0.007786
0.004365
0.007846
0.007642
0.008938
0.008827
0.009708
0.007846
0.008205
0.007295
0.010010
0.008205
0.008090
0.008573
0.008030
0.009343
0.009135
0.008650
0.010366
0.009789
0.010048
0.013046
0.011564
0.008722
0.011886
0.012940
0.010400
0.020084
0.012570
0.012625
0.011455
0.011993
0.014845
0.014917
0.015995
0.018089
0.021408
0.021408
0.017396
0.020020
0.021199
0.009155
0.009583
0.014002
0.018354
0.015986
0.024332
0.020307
0.018448
0.018944
0.012634
0.015468
0.019586
0.013512
0.017221
0.017878
0.019029
0.015697
0.018499
0.024029
0.010845
0.009536
0.018354
0.014997
0.011644
0.011002
0.011809
0.010172
0.008281
0.008402
0.006502
0.012561
0.013367
0.014494
0.019545
0.018279
0.014764
0.036040
0.009183
0.019844
0.022353
0.020814
0.004848
0.018472
0.009130
0.014252
0.016026
0.014337
0.015433
0.021094
0.017920
0.018817
0.021943
0.017501
0.019473
0.014663
0.018698
0.020087
0.021815
0.014702
0.015089
0.007863
0.011264
0.013415
0.017631
0.014228
0.017304
0.020362
0.012623
0.013627
0.010690
0.009379
0.016915
0.007389
0.007096
0.016276
0.011624
0.014639
0.013311
0.010771
0.014710
0.006660
0.012300
0.006960
0.012340
0.005394
0.010248
0.004367
0.008605
0.015003
0.012522
0.015238
0.013164
0.007281
0.012138
0.014202
0.014259
0.013833
0.012890
0.009782
0.009723
0.010507
0.012544
0.013013
0.009427
0.006252
0.005458
0.004230
0.007241
0.007599
0.006389
0.008595
0.013258
0.011529
0.009559
0.009612
0.004179
0.000530
0.002246
0.006584
0.003560
0.001205
0.009619
0.009636
0.016802
0.004225
0.006170
0.009491
0.010100
0.008497
0.006388
0.013828
0.010105
0.009513
0.011866
0.012723
0.009491
0.012342
0.006348
0.008804
0.009529
0.013071
0.007468
0.006304
0.010682
0.008899
0.005893
0.007711
0.013497
0.008899
0.003777
0.010682
0.014623
0.006916
0.007827
0.005248
0.006681
0.008290
0.004981
0.010192
0.012962
0.008265
0.012962
0.011087
0.009559
0.009966
0.004225
0.016589
0.003971
0.003446
0.002887
0.002026
0.005220
0.006352
0.005244
0.009264
0.007368
0.005482
0.006327
0.010010
0.009847
0.006123
0.006934
0.019239
0.013551
0.009448
0.012627
0.006469
0.005141
0.005662
0.004951
0.004530
0.005496
0.007581
0.005242
0.014538
0.011168
0.006586
0.004365
0.004361
0.005242
0.015079
0.004211
0.005659
0.018578
0.018485
0.019558
0.012183
0.012056
0.015841
0.014462
0.020908
0.019999
0.012183
0.007357
0.001873
0.016881
0.019694
0.014898
0.006484
0.010222
0.017952
0.014930
0.011733
0.010715
0.012420
0.005964
0.014866
0.016417
0.015380
0.011600
0.006727
0.008221
0.012238
0.023719
0.021059
0.021769
0.023266
0.016875
0.000823
0.005416
0.012402
0.004886
0.023719
0.017878
0.018502
0.017879
0.012968
0.011393
0.014309
0.014731
0.018501
0.018791
0.015461
0.019853
0.019478
0.015642
0.016438
0.020843
0.023373
0.031404
0.024514
0.017902
0.016765
0.018816
0.010415
0.013492
0.009797
0.014823
0.010155
0.005502
0.010041
0.018657
0.013123
0.015835
0.019761
0.020016
0.015996
0.017026
0.017945
0.015996
0.015194
0.012537
0.016167
0.017377
0.017651
0.010004
0.022147
0.011511
0.025552
0.029633
0.021484
0.019765
0.005999
0.008928
0.008924
0.010560
0.008924
0.013701
0.009603
0.020921
0.020921
0.010960
0.018037
0.014352
0.010973
0.014352
0.008909
0.018626
0.008613
0.012899
0.007578
0.024042
0.009450
0.013461
0.014273
0.012193
0.018260
0.009264
0.007986
0.018416
0.011449
0.013813
0.012285
0.010222
0.009673
0.015351
0.011762
0.013263
0.014969
0.010993
0.027056
0.014823
0.006658
0.010794
0.020611
0.025218
0.016413
0.009716
0.005887
0.010535
0.012938
0.017585
0.010434
0.005036
0.018929
0.006658
0.009366
0.007456
0.010589
0.003928
0.003561
0.012715
0.006158
0.004942
0.008651
0.003773
0.020309
0.000747
0.016688
0.016844
0.019763
0.010542
0.004788
0.002590
0.010560
0.016737
0.008078
0.009149
0.010350
0.008934
0.010700
0.015315
0.013100
0.020924
0.019217
0.013100
0.014436
0.016265
0.015312
0.016886
0.014794
0.017155
0.016235
0.020600
0.020938
0.017580
0.018724
0.021794
0.025111
0.030401
0.028132
0.030266
0.023796
0.026041
0.030227
0.024754
0.024430
0.022164
0.021652
0.019759
0.019620
0.023271
0.019606
0.019876
0.021701
0.022606
0.021725
0.020562
0.022773
0.021547
0.021037
0.029069
0.027066
0.023416
0.015590
0.021408
0.016235
0.018721
0.028349
0.021547
0.013806
0.011402
0.010441
0.019792
0.011154
0.017413
0.014965
0.015037
0.003705
0.012075
0.018416
0.007833
0.006166
0.001105
0.008991
0.008991
0.015841
0.014960
0.014960
0.008619
0.015841
0.007578
0.005667
0.005701
0.016257
0.007833
0.008220
0.010655
0.026304
0.024797
0.045154
0.031024
0.019006
0.021464
0.014421
0.010845
0.014457
0.012253
0.032398
0.044901
0.032081
0.025864
0.022433
0.019024
0.020699
0.020721
0.021282
0.021372
0.017285
0.020590
0.014190
0.018583
0.024564
0.014221
0.012221
0.005036
0.014947
0.017095
0.011400
0.014285
0.015306
0.007723
0.005739
0.011400
0.009322
0.009047
0.010542
0.012383
0.024957
0.004367
1.000000
0.005185
0.007453
0.005861
0.002768
0.009133
0.004872
0.015795
0.003486
0.010544
0.006331
0.007202
0.009182
0.011297
0.009797
0.015905
0.006976
0.012332
0.010041
0.010756
0.009475
0.011964
0.013420
0.014559
0.013386
0.017163
0.010231
0.005366
0.017957
0.020479
0.019093
0.015763
0.013915
0.012441
0.019159
0.013587
0.010608
0.012390
0.013048
0.012687
0.018392
0.015996
0.013915
0.010612
0.034538
0.051408
0.050349
0.052551
0.030336
0.032158
0.034894
0.037949
0.034635
0.038713
0.044221
0.044710
0.044757
0.038623
0.038226
0.033014
0.024156
0.025617
0.019494
0.020839
0.022792
0.010602
0.013340
0.015894
0.020104
0.020161
0.038232
0.006614
0.004513
0.004165
0.009921
0.017345
0.005466
0.008686
0.009098
0.019529
0.011132
0.018619
0.010337
0.030657
0.006217
0.005741
0.004360
0.001770
0.004735
0.004284
0.013125
0.013929
0.015490
0.020414
0.025223
0.012642
0.014080
0.026745
0.029741
0.016898
0.016148
0.015154
0.019867
0.014457
0.002669
0.011390
0.007216
0.012573
0.007061
0.010681
0.008859
0.009911
0.010288
0.013879
0.012525
0.022840
0.021228
0.010962
0.012208
0.010349
0.019477
0.014569
0.021473
0.017801
0.010560
0.010124
0.014321
0.013172
0.018935
0.008922
0.014524
0.007297
0.006981
0.014782
0.011844
0.013125
0.016643
0.016173
0.012850
0.017472
0.021035
0.013125
0.011857
0.008710
0.003247
0.015043
0.021268
0.026499
0.042554
0.040775
0.016133
0.026690
0.035123
0.023083
0.019917
0.029144
0.027847
0.022527
0.025959
0.023514
0.024523
0.029696
0.022495
0.021588
0.021610
0.022289
0.022035
0.026790
0.020140
0.018641
0.012182
0.021118
0.018515
0.017483
0.026471
0.035078
0.025348
0.020525
0.028282
0.026859
0.020553
0.025348
0.020791
0.019928
0.082766
0.051619
0.050644
0.056332
0.054418
0.042742
0.042647
0.043437
0.049140
0.040579
0.060082
0.021568
0.013705
0.013253
0.058198
0.053270
0.011878
0.031111
0.018762
0.015583
0.013778
0.014856
0.012730
0.013616
0.020368
0.017875
0.014571
0.017237
0.015091
0.008950
0.012799
0.018233
0.021479
0.018233
0.008820
0.019540
0.008680
0.006195
0.013448
0.019810
0.009713
0.011585
0.011585
0.011061
0.017099
0.010890
0.015993
0.006567
0.005050
0.002997
0.009644
0.011945
0.013448
0.020816
0.013385
0.017292
0.011773
0.031482
0.011975
0.011370
0.013376
0.008515
0.010730
0.013205
0.013317
0.012867
0.010472
0.009566
0.010036
0.015882
0.008250
0.012214
0.008910
0.011860
0.008684
0.015091
0.021072
0.005612
0.010650
0.068187
0.039198
0.025355
0.050925
0.041435
0.038158
0.033578
0.035213
0.035027
0.035250
0.035785
0.038666
0.030707
0.032228
0.032489
0.030107
0.033478
0.032489
0.035345
0.029301
0.030845
0.028431
0.024762
0.025863
0.022449
0.024304
0.024304
0.024597
0.026263
0.020556
0.019021
0.023287
0.028385
0.024423
0.027996
0.018674
0.047632
0.048015
0.023837
0.021772
0.018754
0.024886
0.019190
0.020686
0.025193
0.024949
0.017554
0.018230
0.018605
0.019719
0.020281
0.019906
0.020989
0.022808
0.022301
0.018966
0.021537
0.021797
0.019434
0.028948
0.016875
0.015917
0.023106
0.008726
0.016080
0.028550
0.021481
0.027801
0.029027
0.025424
0.029204
0.021107
0.025312
0.024891
0.023212
0.024256
0.019579
0.039493
0.021229
0.027345
0.051354
0.015580
0.013236
0.018269
0.030008
0.026053
0.038999
0.020623
0.012979
0.012877
0.033021
0.038727
0.019196
0.025631
0.017592
0.023392
0.034427
0.023106
0.021559
0.021714
0.015161
0.013922
0.011319
0.010009
0.007461
0.013314
0.012169
0.010331
0.004411
0.004329
0.014394
0.006463
0.010304
0.012149
0.008646
0.008452
0.014150
0.013548
0.017534
0.020743
0.016615
0.014683
0.015562
0.017058
0.015847
0.018777
0.021747
0.015462
0.016405
0.025529
0.025714
0.017535
0.015465
0.017535
0.015465
0.016073
0.013153
0.025262
0.015336
0.015484
0.020650
0.029686
0.028132
0.028591
0.016580
0.025242
0.021418
0.012428
0.007944
0.003734
0.004009
0.006688
0.012796
0.003544
0.009660
0.016007
0.006849
0.012533
0.009998
0.010321
0.007652
0.006458
0.016787
0.013320
0.015641
0.016375
0.025352
0.027562
0.010634
0.016580
0.003500
0.011538
0.013017
0.013573
0.017958
0.018395
0.017296
0.015188
0.013864
0.008916
0.009424
0.019804
0.011698
0.016555
0.009639
0.013134
0.017592
0.014289
0.016495
0.019417
0.027109
0.021660
0.026483
0.024499
0.016880
0.017417
0.016995
0.021222
0.015768
0.017553
0.020380
0.011136
0.018130
0.017542
0.008341
0.006746
0.002977
0.006180
0.006789
0.007523
0.007670
0.010824
0.007699
0.009238
0.015397
0.009397
0.004209
0.007699
0.001545
0.001706
0.003254
0.007095
0.003254
0.004594
0.006031
0.003017
0.001487
0.009131
0.001628
0.004102
0.008716
0.003163
0.002659
0.007576
0.000425
0.002332
0.004505
0.006349
0.007250
0.008718
0.013237
0.006384
0.018986
0.013535
0.008526
0.012355
0.008526
0.012789
0.013535
0.010646
0.008383
0.008526
0.010933
0.009804
0.007642
0.007979
0.009480
0.007326
0.014488
0.003821
0.008728
0.006384
0.004438
0.009397
0.001233
0.003175
0.004818
0.012672
0.003732
0.009393
0.005289
0.008293
0.003306
0.003017
0.012285
0.022276
0.022083
0.018508
0.007352
0.009321
0.002022
0.001628
0.005567
0.017844
0.035703
0.014076
0.010978
0.014778
0.015339
0.007711
0.007621
0.009111
0.003175
0.003306
0.002659
0.005289
0.006031
0.051828
0.030594
0.020064
0.036685
0.020179
0.029435
0.054935
0.053439
0.030310
0.004763
0.021044
0.017014
0.007900
0.027195
0.027739
0.012533
0.010982
0.002537
0.010326
0.022748
0.008520
0.007339
0.014904
0.017967
0.014848
0.030412
0.018181
0.013294
0.015038
0.016609
0.013294
0.005610
0.034943
0.058648
0.015403
0.018410
0.024065
0.026433
0.022134
0.016900
0.016900
0.016091
0.025414
0.019663
0.026536
0.018956
0.025816
0.023807
0.018956
0.020136
0.019111
0.015388
0.012958
0.016186
0.015725
0.015403
0.047878
0.067288
0.062898
0.042890
0.026073
0.028584
0.022100
0.020435
0.013838
0.013531
0.017940
0.016348
0.018269
0.036411
0.031508
0.039256
0.031076
0.035186
0.030167
0.036155
0.025297
0.025333
0.026960
0.028425
0.029371
0.026073
0.028354
0.025983
0.021606
0.023378
0.021635
0.024105
0.029426
0.022877
0.025077
0.025297
0.022275
0.020230
0.020761
0.021247
0.022392
0.025751
0.013248
0.016687
0.014915
0.015961
0.010813
0.010573
0.020864
0.007415
0.006112
0.002800
0.015015
0.004734
0.010983
0.001679
0.005127
0.003912
0.018773
0.004311
0.006277
0.010140
0.004921
0.003601
0.011667
0.002800
0.006414
0.008020
0.010710
0.006463
0.011241
0.012764
0.012157
0.009706
0.004653
0.013048
0.008864
0.008207
0.008057
0.012527
0.017345
0.009412
0.008507
0.010400
0.009644
0.010087
0.010969
0.012931
0.014338
0.017902
0.011241
0.011494
0.015530
0.006790
0.010209
0.007134
0.010859
0.013189
0.015456
0.018170
0.019027
0.007811
0.006414
0.005945
0.013082
0.014088
0.012579
0.012642
0.011194
0.015610
0.012579
0.004921
0.005384
0.015609
0.012889
0.006298
0.007907
0.010979
0.003068
0.021939
0.015369
0.019451
0.011241
0.013052
0.012157
0.012531
0.008078
0.015786
0.005732
0.006054
0.010917
0.012237
0.008057
0.012433
0.011843
0.008078
0.007811
0.020929
0.015056
0.018301
0.008427
0.010465
0.009090
0.010025
0.007875
0.020338
0.018696
0.017831
0.014564
0.015533
0.013329
0.021811
0.011555
0.016991
0.014564
0.017157
0.021379
0.041212
0.038254
0.032179
0.019411
0.022997
0.021559
0.021040
0.016351
0.022641
0.028163
0.035063
0.030103
0.023160
0.025001
0.031615
0.027341
0.034451
0.032432
0.026202
0.025296
0.019244
0.026141
0.023160
0.012920
0.018276
0.014892
0.016315
0.019266
0.016948
0.024991
0.018748
0.006192
0.008286
0.003334
0.005314
0.004577
0.007283
0.003724
0.004067
0.017302
0.005736
0.014150
0.003071
0.004067
0.021554
0.008401
0.008363
0.009438
0.014171
0.011066
0.010421
0.012770
0.014581
0.012049
0.025606
0.012769
0.012035
0.016312
0.010949
0.016212
0.022255
0.022115
0.020503
0.017529
0.019069
0.019650
0.015510
0.017303
0.014238
0.014555
0.018797
0.020900
0.008842
0.011433
0.011033
0.008845
0.006521
0.009529
0.010421
0.011095
0.005744
0.008902
0.006521
0.013484
0.005626
0.004067
0.006938
0.012613
0.003274
0.004920
0.002002
0.006376
0.001763
0.003352
0.013666
0.015639
0.009458
0.002530
0.001938
0.002931
0.010456
0.008896
0.010633
0.005947
0.008971
0.003228
0.003334
0.004277
0.003228
0.004351
0.019815
0.016732
0.023218
0.017209
0.018779
0.017359
0.018382
0.016500
0.022012
0.022719
0.021169
0.017620
0.023571
0.023726
0.021935
0.021935
0.017478
0.021664
0.019805
0.020900
0.021773
0.013910
0.019859
0.023021
0.021527
0.016692
0.001606
0.020420
0.011133
0.005347
0.014259
0.029585
0.023958
0.014282
0.021584
0.014355
0.013065
0.013208
0.015115
0.011179
0.010591
0.013659
0.014792
0.014661
0.019502
0.015660
0.016183
0.017402
0.014272
0.013469
0.013047
0.014246
0.013208
0.011133
0.010600
0.010240
0.007362
0.009421
0.008740
0.010192
0.007886
0.008571
0.006616
0.022617
0.014621
0.014933
0.014188
0.007926
0.011893
0.007655
0.010439
0.010487
0.009537
0.010793
0.009831
0.011936
0.012010
0.015300
0.020436
0.013975
0.010625
0.012112
0.009557
0.012230
0.013898
0.013025
0.011904
0.008349
0.011014
0.008884
0.008666
0.009799
0.027862
0.006153
0.007741
0.006928
0.006224
0.007993
0.005336
0.006744
0.012143
0.010793
0.010249
0.010487
0.013975
0.012404
0.009799
0.011429
0.011173
0.012396
0.013731
0.016677
0.023217
0.004246
0.013037
0.001029
0.012080
0.008069
0.010543
0.009265
0.008676
0.004365
0.002694
0.007354
0.002203
0.011816
0.006042
0.005596
0.002203
0.002603
0.007253
0.003819
0.008521
0.015784
0.003457
0.002042
0.022600
0.014717
0.020753
0.019113
0.019007
0.021916
0.021062
0.014664
0.030198
0.014728
0.010848
0.009178
0.029960
0.023388
0.023517
0.030466
0.027970
0.033315
0.025384
0.030460
0.028582
0.032172
0.030505
0.030505
0.027561
0.029783
0.020673
0.013374
0.017849
0.002136
0.016686
0.013061
0.014413
0.023042
0.023674
0.029960
0.006691
0.008248
0.012260
0.020122
0.012095
0.018413
0.001288
0.033344
0.029264
0.030654
0.012207
0.018580
0.008315
0.010761
0.028077
0.013054
0.021233
0.018881
0.018482
0.021000
0.019757
0.016355
0.019069
0.020507
0.021620
0.025742
0.015738
0.016953
0.014477
0.015693
0.010377
0.015440
0.011175
0.012229
0.022986
0.023268
0.019295
0.022654
0.019950
0.021800
0.015729
0.014694
0.014898
0.010955
0.007655
0.001368
0.023038
0.003065
0.009595
0.015553
0.020325
0.020691
0.014174
0.012151
0.009490
0.043762
0.006709
0.011221
0.004946
0.006891
0.006539
0.013701
0.005978
0.001769
0.004951
0.012474
0.010999
0.007550
0.009566
0.012691
0.009176
0.011334
0.014298
0.018419
0.019564
0.021848
0.023057
0.026807
0.030043
0.030220
0.027589
0.029791
0.022376
0.026789
0.026416
0.025551
0.027754
0.032633
0.020679
0.012040
0.033125
0.013763
0.011981
0.013058
0.014043
0.016320
0.026382
0.024053
0.022897
0.015147
0.012228
0.013614
0.018235
0.013888
0.019960
0.017486
0.022927
0.020912
0.016740
0.016740
0.009843
0.004652
0.001525
0.003966
0.003715
0.007208
0.011134
0.011412
0.014483
0.018332
0.015702
0.022532
0.017636
0.016360
0.016802
0.016765
0.017523
0.016666
0.019114
0.014202
0.019433
0.015718
0.010442
0.011412
0.023449
0.021637
0.023195
0.017694
0.011264
0.009588
0.007037
0.015551
0.015985
0.005601
0.010875
0.007917
0.001983
0.007739
0.009391
0.003431
0.008371
0.008501
0.009662
0.015726
0.010915
0.020469
0.010581
0.012090
0.012931
0.014691
0.008884
0.017202
0.016689
0.023586
0.024195
0.013625
0.021814
0.022376
0.017768
0.014177
0.024295
0.021818
0.012914
0.017861
0.016310
0.022856
0.025392
0.021320
0.016741
0.017086
0.017448
0.016310
0.020437
0.018676
0.011782
0.007850
0.006492
0.010221
0.012738
0.012931
0.011166
0.011166
0.006192
0.009272
0.010848
0.006657
0.011148
0.011467
0.005296
0.012851
0.017034
0.021791
0.020226
0.024697
0.014433
0.027544
0.021107
0.020912
0.025025
0.012914
0.020577
0.006128
0.016469
0.018662
0.009885
0.011377
0.010380
0.025016
0.015346
0.025561
0.033047
0.030832
0.031990
0.035045
0.036418
0.037902
0.038638
0.034003
0.036313
0.029651
0.030183
0.028400
0.033947
0.028932
0.019625
0.012247
0.033399
0.033399
0.024907
0.013859
0.025873
0.019517
0.044660
0.047121
0.038259
0.030216
0.026148
0.033995
0.034011
0.036316
0.036253
0.034376
0.032356
0.030663
0.025797
0.027337
0.027528
0.032111
0.024394
0.023157
0.018465
0.021478
0.020989
0.013207
0.016104
0.019129
0.019235
0.022488
0.004590
0.001289
0.001818
0.021605
0.036348
0.031611
0.033051
0.027703
0.023005
0.022279
0.023065
0.019611
0.022287
0.025949
0.023082
0.029525
0.025842
0.012406
0.009564
0.014260
0.008155
0.018272
0.020346
0.016221
0.014205
0.016934
0.018728
0.019115
0.017081
0.016807
0.018886
0.015967
0.012992
0.011356
0.013550
0.013718
0.009755
0.016198
0.014419
0.010696
0.013788
0.009160
0.004029
0.005757
0.010264
0.008381
0.009420
0.004682
0.008596
0.011425
0.008402
0.002333
0.002259
0.003948
0.008881
0.002859
0.003605
0.006922
0.005858
0.022452
0.017611
0.013092
0.010408
0.006929
0.007335
0.008665
0.010446
0.011840
0.002998
0.019313
0.010082
0.002600
0.005987
0.005362
0.011494
0.009974
0.011033
0.010805
0.025374
0.022752
0.017133
0.011108
0.013316
0.015964
0.016730
0.017629
0.016654
0.015507
0.016150
0.024805
0.024134
0.006386
0.011097
0.014439
0.010360
0.015719
0.019671
0.012195
0.014522
0.008355
0.006821
0.005324
0.008408
0.005349
0.003297
0.010276
0.005883
0.004715
0.005393
0.006049
0.010805
0.011054
0.009986
0.012972
0.015622
0.011556
0.013249
0.017296
0.014975
0.011097
0.017489
0.009222
0.012781
0.011824
0.017133
0.014168
0.025807
0.009682
0.013461
0.014826
0.010485
0.013461
0.017656
0.016596
0.012956
0.019198
0.011865
0.008957
0.010956
0.010623
0.010302
0.011417
0.014975
0.016696
0.016371
0.018076
0.020634
0.023177
0.018705
0.022392
0.019903
0.022142
0.027193
0.026862
0.029027
0.025484
0.023009
0.018747
0.020369
0.027929
0.021517
0.031606
0.041655
0.041585
0.006173
0.008171
0.013290
0.016190
0.006355
0.012059
0.004964
0.009224
0.008687
0.007103
0.006068
0.013657
0.012712
0.006933
0.007194
0.007741
0.007740
0.012257
0.001752
0.006035
0.006173
0.001289
0.003172
0.002911
0.002237
0.003319
0.022679
0.004061
0.013556
0.019316
0.012742
0.010393
0.004048
0.004951
0.003802
0.010993
0.003154
0.006158
0.006068
0.004590
0.007714
0.007400
0.008281
0.010810
0.013200
0.013316
0.013397
0.017994
0.011028
0.013190
0.010597
0.013712
0.010082
0.008892
0.016553
0.009961
0.014439
0.016220
0.022157
0.014715
0.020893
0.018195
0.025612
0.030059
0.014656
0.013364
0.029520
0.022668
0.018405
0.021619
0.037129
0.040152
0.031372
0.010209
0.013765
0.013200
0.014958
0.015156
0.018944
0.013221
0.014782
0.008281
0.009241
0.014644
0.012569
0.014766
0.014020
0.013592
0.016360
0.016641
0.014468
0.015714
0.007993
0.008376
0.005729
0.021362
0.021693
0.014293
0.023208
0.017372
0.013221
0.011082
0.012256
0.006482
0.006993
0.004640
0.010869
0.014414
0.014040
0.011191
0.014041
0.013682
0.010225
0.013335
0.017286
0.016360
0.014198
0.016794
0.015275
0.014694
0.004737
0.019972
0.009903
0.009389
0.011001
0.012375
0.004574
0.010597
0.007509
0.010833
0.013505
0.012153
0.021434
0.014811
0.014958
0.013843
0.007045
0.005674
0.011935
0.010082
0.007509
0.004867
0.007509
0.010005
0.003887
0.006868
0.002607
0.008579
0.013279
0.011707
0.014972
0.006631
0.005104
0.015500
0.009986
0.010956
0.013399
0.011531
0.011805
0.010081
0.011865
0.015873
0.012819
0.020704
0.032688
0.025268
0.023692
0.021434
0.020874
0.016075
0.028237
0.017145
0.012352
0.014638
0.017392
0.005891
0.009095
0.011977
0.006991
0.005181
0.009467
0.008776
0.010596
0.009970
0.012681
0.014000
0.010906
0.015085
0.010882
0.013723
0.013935
0.013323
0.012713
0.012681
0.013853
0.012556
0.016894
0.017504
0.013853
0.016864
0.014875
0.014000
0.016556
0.018257
0.014399
0.025690
0.013221
0.012087
0.015085
0.014235
0.013935
0.014782
0.012003
0.012979
0.009467
0.010596
0.011191
0.010810
0.011510
0.007456
0.011384
0.010596
0.010869
0.009803
0.009351
0.007923
0.010051
0.011222
0.008155
0.006967
0.006086
0.006355
0.006482
0.006482
0.010576
0.007552
0.008937
0.009159
0.007714
0.006967
0.009397
0.003766
0.002911
0.012869
0.008501
0.006355
0.010681
0.005868
0.012715
0.006993
0.012018
0.002911
0.004915
0.000351
0.005122
0.011315
0.013329
0.008972
0.010670
0.016893
0.015143
0.014186
0.015707
0.020036
0.019239
0.016843
0.017177
0.017025
0.016893
0.015550
0.022286
0.014628
0.016308
0.013907
0.015550
0.013978
0.017142
0.015019
0.015762
0.013480
0.015143
0.017742
0.018469
0.020631
0.018945
0.016308
0.016969
0.015159
0.012880
0.013247
0.014806
0.016398
0.015190
0.019764
0.020572
0.037575
0.031552
0.035590
0.033973
0.029680
0.030536
0.028118
0.026538
0.026240
0.026823
0.023820
0.023582
0.023715
0.020036
0.024769
0.019015
0.021905
0.014800
0.016582
0.021297
0.020374
0.017644
0.015232
0.017937
0.011083
0.021258
0.025692
0.012074
0.012943
0.012448
0.007746
0.012448
0.004800
0.008326
0.007684
0.004904
0.005794
0.010028
0.007684
0.006985
0.007211
0.013331
0.007585
0.017148
0.012898
0.005794
0.011561
0.012943
0.006727
0.012447
0.006812
0.004597
0.010028
0.008918
0.011990
0.016928
0.018283
0.020631
0.020503
0.020503
0.063934
0.025282
0.021305
0.016635
0.010648
0.012074
0.010581
0.017052
0.012355
0.016874
0.010685
