0.063734
0.063734
0.057057
0.058546
0.051547
0.057931
0.069269
0.039829
0.039331
0.042293
0.053311
0.040457
0.032707
0.033466
0.033466
0.044128
0.032684
0.042995
0.040966
0.028699
0.028674
0.030278
0.024573
0.028245
0.025036
0.055060
0.021825
0.025036
0.025730
0.027096
0.024870
0.019842
0.030674
0.021438
0.024870
0.023031
0.016716
0.018469
0.019192
0.028651
0.016293
0.018292
0.012991
0.016859
0.014357
0.014151
0.059167
0.019470
0.024239
0.015726
0.019110
0.018087
0.044096
0.015348
0.035823
0.050315
0.010969
0.017879
0.014092
0.011790
0.009291
0.025474
0.033957
0.015726
0.022697
0.061306
0.026366
0.029926
0.044096
0.020283
0.031639
0.014357
0.033957
0.016594
0.020812
0.037173
0.016201
0.015241
0.001739
0.023794
0.004257
0.010798
0.006788
0.003166
0.006586
0.019113
0.010446
0.003166
0.032434
0.018972
0.015269
0.004031
0.007507
0.185887
0.011250
0.008055
0.019954
0.005298
0.019954
0.010446
0.006929
0.003166
0.010302
0.015529
0.019653
0.007447
0.011167
0.013059
0.013043
0.010138
0.014158
0.028893
0.011731
0.040207
0.016582
0.038573
0.032851
0.023340
0.035896
0.036789
0.026809
0.029655
0.032248
0.036403
0.036508
0.037689
0.041652
0.033198
0.040633
0.032690
0.029655
0.033358
0.025814
0.028370
0.045003
0.044955
0.029560
0.036508
0.039431
0.042533
0.043943
0.054964
0.053452
0.052101
0.051797
0.067391
0.054490
0.051828
0.058622
0.059623
0.058495
0.057140
0.078150
0.082095
0.080961
0.078622
0.078763
0.091377
0.087754
0.082688
0.075911
0.065410
0.088422
0.063586
0.070236
0.076683
0.069489
0.072062
0.097115
0.077225
0.096588
0.089762
0.070588
0.044460
0.063546
0.053977
0.061985
0.076985
0.066260
0.066769
0.073902
0.042907
0.063359
0.032095
0.040477
0.055494
0.032095
0.037092
0.040615
0.033609
0.036117
0.036794
0.029912
0.036271
0.025612
0.014215
0.014755
0.014493
0.009494
0.006337
0.007903
0.015514
0.015514
0.006707
0.007083
0.006974
0.005461
0.023213
0.006616
0.023902
0.010047
0.057643
0.023312
0.014861
0.002448
0.002486
0.002677
0.002583
0.003458
0.003458
0.003965
0.011379
0.022998
0.007141
0.028927
0.023042
0.031672
0.022036
0.019274
0.031775
0.024398
0.015590
0.012882
0.030506
0.019064
0.023824
0.024775
0.034842
0.034842
0.029265
0.019679
0.023513
0.022720
0.025746
0.023927
0.043298
0.023927
0.049707
0.049707
0.041468
0.025768
0.027057
0.030182
0.044985
0.042549
0.071187
0.050202
0.063902
0.086028
0.061607
0.083539
0.113834
0.133741
0.092828
0.098373
0.087504
0.076546
0.062544
0.062395
0.056228
0.049163
0.072070
0.063208
0.068588
0.081229
0.082303
0.086552
0.086552
0.090735
0.089107
0.090368
0.091487
0.094617
0.089956
0.087598
0.083391
0.094076
0.084736
0.080430
0.082794
0.080769
0.077387
0.088954
0.078959
0.075744
0.068924
0.069574
0.071065
0.076889
0.071065
0.063399
0.067967
0.065147
0.067967
0.067479
0.071728
0.066127
0.060260
0.069574
0.098561
0.063763
0.059247
0.056090
0.079223
0.057432
0.056136
0.060533
0.064981
0.059753
0.063426
0.069574
0.073390
0.079077
0.090635
0.072224
0.055761
0.041902
0.046131
0.064827
0.055331
0.046034
0.043150
0.034941
0.025243
0.027916
0.026545
0.038072
0.029500
0.029500
0.024564
0.024169
0.029260
0.027916
0.038934
0.024169
0.024590
0.022530
0.022232
0.044895
0.038072
0.021461
0.021179
0.031201
0.021769
0.024905
0.026514
0.029237
0.028267
0.034314
0.030051
0.032222
0.036766
0.035865
0.035115
0.058983
0.044533
0.040881
0.037340
0.034765
0.046375
0.042374
0.037075
0.036049
0.033729
0.033489
0.031592
0.037988
0.040195
0.037520
0.046131
0.035115
0.029546
0.029630
0.035401
0.040684
0.034314
0.034567
0.031303
0.037405
0.022324
0.024317
0.020786
0.033294
0.021087
0.014571
0.014203
0.013259
0.057765
0.015130
0.010294
0.014834
0.009052
0.015632
0.010684
0.015579
0.015432
0.011222
0.010294
0.010294
0.009052
0.008228
0.015043
0.022510
0.021651
0.021405
0.012768
0.004429
0.030032
0.030119
0.012768
0.012858
0.047395
0.039047
0.013459
0.013788
0.022120
0.021903
0.013788
0.039184
0.012736
0.013788
0.006311
0.012948
0.013328
0.012948
0.005046
0.005957
0.006729
0.007019
0.007730
0.008563
0.008173
0.016471
0.015632
0.016660
0.013259
0.013812
0.024224
0.033076
0.018257
0.014571
0.014203
0.024724
0.018343
0.018257
0.014571
0.032858
0.014203
0.014571
0.019264
0.026042
0.019358
0.020126
0.026851
0.019358
0.019264
0.019358
0.015523
0.015130
0.021087
0.017793
0.017793
0.020112
0.021769
0.036601
0.030207
0.026699
0.025774
0.026699
0.026699
0.023207
0.043450
0.018768
0.024224
0.014171
0.014571
0.017301
0.024060
0.022975
0.015043
0.006311
0.008173
0.022241
0.021903
0.012858
0.013091
0.038678
0.013507
0.006708
0.010532
0.015454
0.047668
0.022622
0.022976
0.023794
0.031080
0.031457
0.048416
0.014076
0.048277
0.056936
0.039946
0.024587
0.024929
0.017140
0.011164
0.012116
0.031457
0.031889
0.023505
0.048075
0.014107
0.007259
0.038760
0.012750
0.012975
0.013204
0.005070
0.013658
0.004683
0.004882
0.021649
0.038868
0.012825
0.013204
0.013204
0.015439
0.056439
0.009908
0.015082
0.009908
0.022217
0.014732
0.014252
0.005705
0.014732
0.013831
0.039072
0.014252
0.031436
0.022738
0.014908
0.009300
0.015848
0.048147
0.013747
0.024760
0.014076
0.020648
0.017354
0.034279
0.049447
0.026039
0.026434
0.041159
0.041048
0.032635
0.013747
0.019074
0.014076
0.018829
0.018311
0.019074
0.025475
0.024929
0.041159
0.015399
0.019074
0.019645
0.016025
0.020360
0.018692
0.027259
0.041646
0.041159
0.025853
0.032250
0.018080
0.018080
0.023795
0.013094
0.019125
0.013790
0.011802
0.018829
0.013094
0.026039
0.020403
0.026841
0.016064
0.026039
0.042039
0.049150
0.020947
0.020898
0.026470
0.019343
0.012766
0.020637
0.016730
0.016025
0.042222
0.044211
0.027364
0.021382
0.020708
0.026059
0.033483
0.030289
0.029154
0.031869
0.030883
0.033236
0.032858
0.031869
0.034239
0.035230
0.041604
0.041147
0.027791
0.036696
0.032296
0.022734
0.028153
0.043508
0.044308
0.039974
0.035230
0.033863
0.039262
0.042788
0.040569
0.053752
0.043189
0.041604
0.052808
0.038577
0.042788
0.043189
0.039628
0.036963
0.041604
0.057594
0.048660
0.042788
0.040748
0.031869
0.028153
0.030999
0.031882
0.030004
0.035509
0.029835
0.032959
0.026431
0.026790
0.027471
0.030883
0.033236
0.050096
0.028851
0.028472
0.031253
0.027791
0.030627
0.033236
0.033174
0.048836
0.032169
0.033572
0.026334
0.025143
0.025210
0.025128
0.063054
0.027111
0.040472
0.032261
0.032895
0.037303
0.033532
0.031506
0.032250
0.044441
0.031882
0.032261
0.030142
0.031133
0.031506
0.036861
0.029154
0.036861
0.031253
0.063054
0.030999
0.030999
0.030727
0.034416
0.025429
0.025429
0.033572
0.028153
0.031629
0.032261
0.031905
0.030584
0.031869
0.035642
0.039143
0.034709
0.035230
0.054714
0.043448
0.052308
0.041700
0.056424
0.052308
0.044145
0.040330
0.043089
0.055694
0.040707
0.037592
0.039704
0.046075
0.050196
0.064241
0.054580
0.045467
0.041700
0.043089
0.043089
0.041075
0.043448
0.052308
0.044811
0.047187
0.048121
0.048011
0.048011
0.050672
0.048121
0.048494
0.052003
0.052973
0.055049
0.050052
0.059425
0.052188
0.048725
0.050052
0.049547
0.050233
0.057302
0.052647
0.051683
0.052307
0.050233
0.051382
0.050965
0.051930
0.051634
0.050233
0.050851
0.057110
0.052349
0.050851
0.054821
0.056415
0.053561
0.052304
0.050717
0.051397
0.050154
0.046801
0.045343
0.042140
0.060890
0.038276
0.041423
0.039685
0.035086
0.033186
0.039190
0.033658
0.033183
0.038268
0.025548
0.028122
0.025902
0.019108
0.018509
0.011975
0.018080
0.011975
0.018809
0.014615
0.017381
0.017100
0.024285
0.022481
0.023191
0.015568
0.022481
0.023016
0.009403
0.016085
0.031824
0.023813
0.014469
0.032756
0.018080
0.010678
0.031670
0.010678
0.023619
0.016178
0.011612
0.031670
0.040096
0.013289
0.016915
0.048383
0.032356
0.025009
0.013169
0.012921
0.012921
0.017794
0.014111
0.015419
0.015419
0.015951
0.015574
0.019868
0.019868
0.015951
0.033910
0.016738
0.028122
0.020374
0.020964
0.024357
0.027939
0.030480
0.035509
0.041585
0.030461
0.030424
0.032380
0.029473
0.031925
0.031108
0.031412
0.030728
0.033940
0.029473
0.035509
0.028755
0.026024
0.031615
0.024283
0.020374
0.020585
0.020585
0.024692
0.023065
0.025621
0.023065
0.020374
0.024692
0.022414
0.020585
0.019035
0.028119
0.016738
0.018259
0.029059
0.016738
0.020535
0.025902
0.019499
0.041917
0.014242
0.026612
0.020963
0.026672
0.016738
0.033324
0.042587
0.049742
0.033910
0.016738
0.019499
0.019499
0.019868
0.016914
0.024067
0.023512
0.048066
0.023026
0.009408
0.023191
0.023512
0.030987
0.030927
0.015333
0.039217
0.004988
0.030371
0.013185
0.047956
0.015334
0.007377
0.024737
0.029787
0.020312
0.023870
0.022173
0.028414
0.043421
0.026216
0.024832
0.040811
0.028922
0.035869
0.034984
0.039577
0.041745
0.033542
0.033186
0.032647
0.043595
0.036971
0.040952
0.041864
0.044478
0.044116
0.045065
0.046978
0.060673
0.061743
0.074770
0.089150
0.091467
0.101470
0.068966
0.098740
0.044226
0.031241
0.027064
0.055866
0.039602
0.054707
0.031441
0.032131
0.025406
0.055866
0.031441
0.054481
0.046621
0.030644
0.045994
0.014710
0.007644
0.019900
0.019786
0.004998
0.028116
0.053568
0.028116
0.019786
0.027747
0.019584
0.062093
0.012268
0.019786
0.019247
0.053349
0.010162
0.010641
0.007084
0.027443
0.024752
0.019113
0.010540
0.027657
0.010380
0.053332
0.001735
0.018872
0.036074
0.053512
0.079757
0.024257
0.047174
0.024234
0.022421
0.023331
0.023883
0.026083
0.051577
0.025701
0.029599
0.030182
0.052006
0.034091
0.028431
0.045594
0.053955
0.029420
0.056704
0.056159
0.045087
0.058226
0.041256
0.041970
0.055642
0.022908
0.046889
0.037621
0.027822
0.044393
0.037095
0.016668
0.027700
0.043532
0.020248
0.039481
0.028143
0.021530
0.062544
0.022895
0.029920
0.034488
0.026034
0.043159
0.025855
0.026089
0.060392
0.026357
0.000340
0.010463
0.017139
0.044937
0.022091
0.025900
0.033138
0.022979
0.036617
0.028151
0.014553
0.012131
0.011044
0.017596
0.008237
0.003377
0.017929
0.034773
0.026089
0.034773
0.018085
0.011017
0.051977
0.026518
0.026583
0.007132
0.018427
0.043647
0.026583
0.018427
0.011017
0.019564
0.020004
0.078140
0.015054
0.012639
0.026583
0.026583
0.009042
0.017279
0.002007
0.017786
0.026518
0.007510
0.012901
0.027700
0.037095
0.015054
0.013641
0.022448
0.045026
0.017533
0.018252
0.038639
0.038189
0.038639
0.031384
0.020714
0.031588
0.039275
0.033014
0.039773
0.033884
0.047879
0.040657
0.040657
0.040472
0.024174
0.033653
0.039948
0.039948
0.039773
0.047443
0.055155
0.039275
0.039111
0.031384
0.078491
0.044322
0.044654
0.052689
0.035525
0.011245
0.035453
0.026932
0.018954
0.043647
0.043430
0.026583
0.017989
0.008604
0.016858
0.008644
0.017283
0.025910
0.008267
0.008661
0.017283
0.017222
0.017274
0.008895
0.017197
0.007114
0.017104
0.021713
0.016691
0.026789
0.038772
0.023285
0.019580
0.024251
0.019448
0.028157
0.029267
0.027880
0.045003
0.045003
0.032676
0.047087
0.041551
0.046837
0.047087
0.033176
0.040190
0.047087
0.044901
0.050270
0.030613
0.044647
0.024095
0.031500
0.048130
0.047872
0.031878
0.050249
0.031878
0.029699
0.028736
0.032295
0.033604
0.039308
0.026267
0.037980
0.024904
0.044647
0.051894
0.028797
0.029759
0.025428
0.020828
0.034095
0.020498
0.017148
0.026983
0.034095
0.018494
0.020498
0.041234
0.033267
0.018131
0.027211
0.013508
0.024413
0.016433
0.047517
0.015355
0.029991
0.007217
0.007217
0.005525
0.012413
0.021089
0.020932
0.020858
0.013295
0.008371
0.015414
0.009628
0.012219
0.020030
0.022274
0.018522
0.019340
0.022709
0.021608
0.028155
0.035272
0.028239
0.022709
0.026926
0.020818
0.019784
0.015726
0.026148
0.025954
0.040886
0.040796
0.018786
0.024588
0.018786
0.014780
0.027528
0.066336
0.040886
0.017601
0.032861
0.015368
0.014493
0.017929
0.049119
0.013124
0.013124
0.032377
0.024136
0.031945
0.023588
0.023588
0.009712
0.008371
0.014740
0.031384
0.008371
0.008531
0.009389
0.008531
0.022793
0.023221
0.023109
0.031310
0.015573
0.048012
0.030846
0.006405
0.021725
0.014316
0.006405
0.006405
0.004379
0.013849
0.021378
0.013849
0.013849
0.030806
0.004993
0.030547
0.013506
0.029923
0.013849
0.006018
0.005755
0.005273
0.038336
0.012568
0.005050
0.005547
0.039224
0.013849
0.022441
0.007504
0.008228
0.009628
0.015573
0.007417
0.030846
0.006339
0.022169
0.005547
0.004379
0.030489
0.013325
0.021880
0.003618
0.013715
0.005617
0.022221
0.005251
0.013722
0.014515
0.013158
0.014212
0.014212
0.009492
0.007468
0.007468
0.008691
0.021580
0.007217
0.021663
0.021967
0.007217
0.013571
0.021580
0.021580
0.021334
0.022411
0.022516
0.013158
0.021089
0.012814
0.021334
0.012717
0.006224
0.012814
0.006224
0.014146
0.013158
0.007529
0.022411
0.038423
0.005251
0.038192
0.004370
0.013411
0.012814
0.013715
0.005617
0.021089
0.031671
0.023857
0.006308
0.008654
0.007154
0.013158
0.007529
0.014000
0.014515
0.013158
0.005251
0.005525
0.007217
0.014515
0.013158
0.013722
0.006308
0.006308
0.021967
0.023338
0.014212
0.022073
0.015854
0.022763
0.013722
0.007217
0.007217
0.008977
0.008319
0.015137
0.015854
0.014571
0.023338
0.023857
0.031940
0.015854
0.013722
0.007468
0.031323
0.007154
0.023190
0.008654
0.008357
0.022969
0.010365
0.010888
0.017714
0.013508
0.012883
0.012190
0.014176
0.014176
0.020168
0.014837
0.019416
0.016803
0.026477
0.020472
0.013508
0.019150
0.014176
0.011969
0.015778
0.013249
0.018373
0.013508
0.017377
0.042161
0.016174
0.041234
0.017758
0.023444
0.018423
0.018494
0.034616
0.027211
0.027211
0.029667
0.023611
0.021879
0.023543
0.031774
0.031774
0.027217
0.040228
0.040228
0.047715
0.038064
0.042869
0.043135
0.038329
0.050045
0.037964
0.048867
0.047795
0.044530
0.042762
0.044530
0.049689
0.042492
0.044573
0.047536
0.046837
0.048055
0.046151
0.033585
0.051791
0.037365
0.027339
0.030400
0.021825
0.033567
0.028157
0.024676
0.033800
0.040321
0.032917
0.022949
0.022949
0.032917
0.032068
0.039101
0.039101
0.027071
0.021467
0.032694
0.038939
0.032068
0.046540
0.019448
0.031463
0.046540
0.032068
0.032287
0.046272
0.037842
0.023993
0.029940
0.037695
0.017456
0.017131
0.045296
0.014315
0.016259
0.021920
0.028297
0.027868
0.013965
0.052015
0.009492
0.026582
0.019390
0.010180
0.020100
0.043800
0.013468
0.013965
0.019390
0.035247
0.009873
0.026880
0.035247
0.018753
0.018908
0.019390
0.012886
0.011868
0.011868
0.006815
0.017835
0.026063
0.025812
0.017364
0.017437
0.009535
0.017624
0.009535
0.003673
0.002676
0.017197
0.008686
0.002676
0.008578
0.008494
0.002988
0.025533
0.008494
0.001301
0.034160
0.025493
0.001301
0.034135
0.002676
0.016948
0.025533
0.001988
0.025526
0.016893
0.001301
0.016904
0.008783
0.008783
0.000000
0.000800
0.034126
0.008289
0.008371
0.016896
0.008218
0.025479
0.001301
0.025493
0.016861
0.025496
0.001628
0.008592
0.016896
0.008207
0.025498
0.025592
0.000669
0.000669
0.008602
0.008849
0.002007
0.016966
0.016966
0.008296
0.016966
0.034217
0.008218
0.000620
0.025498
0.008783
0.016904
0.001628
0.001013
0.008343
0.017232
0.016858
0.016952
0.008371
0.017274
0.008207
0.008218
0.008343
0.000669
0.008371
0.025592
0.008602
0.017279
0.008267
0.008371
0.008576
0.008207
0.017211
0.016858
0.000669
0.000669
0.025592
0.002007
0.008778
0.009042
0.017714
0.004753
0.017929
0.034810
0.017929
0.026197
0.017786
0.004389
0.017392
0.025691
0.010415
0.004753
0.009709
0.004753
0.009773
0.017392
0.009773
0.025997
0.017706
0.009411
0.026124
0.009709
0.004753
0.017444
0.017786
0.004065
0.010578
0.017929
0.011245
0.006131
0.018275
0.034971
0.011491
0.011917
0.007132
0.011917
0.020790
0.044914
0.012264
0.029255
0.020248
0.020014
0.013951
0.014342
0.028417
0.015162
0.021001
0.015487
0.022514
0.022514
0.023449
0.024141
0.023175
0.022514
0.030096
0.016397
0.019473
0.017775
0.024427
0.017775
0.021266
0.017775
0.024141
0.025017
0.026184
0.019154
0.022182
0.039275
0.023243
0.032672
0.019154
0.022542
0.022895
0.022895
0.028143
0.027071
0.039948
0.021530
0.056159
0.029240
0.034786
0.035469
0.031432
0.043590
0.032346
0.038404
0.033951
0.055868
0.027456
0.330672
0.027059
0.093103
0.023040
0.078215
0.092120
0.081452
0.009977
0.027557
0.001880
0.028524
0.009031
0.024327
0.046118
0.012136
0.007013
0.009031
0.014795
0.010865
0.026028
0.014009
0.027061
0.034441
0.026028
0.025639
0.027903
0.020546
0.014486
0.020305
0.035299
0.027223
0.019431
0.027726
0.018619
0.011751
0.034441
0.018619
0.034912
0.020305
0.051817
0.036443
0.024269
0.021256
0.055528
0.034091
0.058134
0.057146
0.045745
0.047618
0.062321
0.059425
0.050377
0.063373
0.021256
0.019431
0.031604
0.067118
0.007644
0.004357
0.019484
0.048865
0.069016
0.057462
0.053102
0.044894
0.036678
0.030201
0.024581
0.015875
0.037384
0.027165
0.015306
0.050082
0.058549
0.019971
0.015280
0.015331
0.027488
0.023915
0.009590
0.058506
0.020253
0.047132
0.026867
0.049204
0.054640
0.071187
0.086670
0.071610
0.075759
0.083458
0.067634
0.072205
0.067667
0.068078
0.061495
0.049824
0.070916
0.053964
0.052675
0.060151
0.054318
0.044894
0.031166
0.028413
0.024579
0.034945
0.028413
0.041421
0.042224
0.029545
0.049433
0.022590
0.027374
0.028527
0.028541
0.035942
0.030781
0.020367
0.029357
0.025406
0.046475
0.017134
0.019306
0.025016
0.003231
0.020215
0.015926
0.049967
0.011632
0.001735
0.053586
0.049884
0.032584
0.017368
0.015228
0.023306
0.019431
0.034794
0.017218
0.036443
0.020310
0.028634
0.016844
0.027223
0.018619
0.025639
0.021862
0.034441
0.010772
0.010388
0.060326
0.037754
0.030598
0.025057
0.036915
0.020546
0.015228
0.013136
0.043271
0.032891
0.041287
0.015746
0.015926
0.003231
0.006631
0.015306
0.015306
0.032584
0.006309
0.050602
0.011259
0.016418
0.009345
0.033447
0.045207
0.020518
0.016505
0.019320
0.020633
0.035962
0.051656
0.051832
0.022889
0.033541
0.025406
0.017604
0.015971
0.018168
0.013753
0.023052
0.016759
0.027374
0.081230
0.040648
0.033261
0.023256
0.040648
0.024287
0.057882
0.103302
0.093166
0.085787
0.058659
0.090354
0.038532
0.038954
0.014369
0.023818
0.035403
0.027336
0.030775
0.038099
0.036738
0.038744
0.044478
0.047282
0.050760
0.049420
0.051772
0.068121
0.051100
0.058560
0.052097
0.060664
0.055354
0.054508
0.051587
0.067392
0.048351
0.064746
0.082011
0.064942
0.057379
0.074082
0.049726
0.063726
0.062100
0.091944
0.083960
0.054041
0.094578
0.084804
0.051448
0.071733
0.061438
0.041840
0.050946
0.029041
0.028552
0.057647
0.026910
0.045983
0.027752
0.038744
0.044834
0.043313
0.045952
0.056003
0.046437
0.061438
0.086570
0.076832
0.089174
0.084064
0.044347
0.033171
0.048186
0.063731
0.016505
0.037308
0.019311
0.036371
0.011115
0.023910
0.019004
0.041184
0.019748
0.005392
0.046879
0.011751
0.011751
0.010865
0.011751
0.021862
0.021384
0.011975
0.016908
0.030508
0.038445
0.014335
0.008059
0.006716
0.032933
0.004741
0.015593
0.004741
0.011632
0.006716
0.012938
0.014103
0.014516
0.041738
0.021944
0.026061
0.044700
0.038281
0.026157
0.025862
0.027283
0.031742
0.061056
0.021957
0.039019
0.028121
0.020583
0.030011
0.036915
0.018835
0.021231
0.017736
0.020074
0.013136
0.023154
0.011677
0.008356
0.012938
0.013188
0.025521
0.025639
0.012762
0.013188
0.003231
0.018943
0.004066
0.028579
0.011030
0.018117
0.008317
0.008992
0.010641
0.032538
0.011200
0.012136
0.011975
0.034441
0.021944
0.021203
0.052210
0.075005
0.032416
0.030858
0.061901
0.045685
0.032416
0.025207
0.039019
0.025207
0.025811
0.027082
0.030598
0.026172
0.035324
0.041725
0.036072
0.032540
0.031206
0.032873
0.036570
0.035202
0.040402
0.036230
0.035202
0.038216
0.036555
0.042854
0.043426
0.060858
0.048447
0.054382
0.045745
0.054789
0.052359
0.048110
0.057763
0.054433
0.048385
0.054106
0.058733
0.052557
0.041383
0.058158
0.040477
0.030799
0.045983
0.041793
0.043136
0.053758
0.047369
0.041793
0.030799
0.042765
0.027855
0.024174
0.019154
0.017775
0.019154
0.030820
0.017775
0.014021
0.036280
0.023350
0.008508
0.019564
0.026932
0.011491
0.018275
0.009154
0.025997
0.025854
0.009210
0.017933
0.011387
0.009873
0.013697
0.017456
0.036870
0.020205
0.015093
0.021255
0.016259
0.028008
0.020877
0.038452
0.023384
0.027359
0.026292
0.047096
0.046404
0.018069
0.022949
0.019184
0.019070
0.018069
0.031256
0.018069
0.016854
0.030680
0.019448
0.023871
0.058570
0.026570
0.036375
0.036290
0.056654
0.061415
0.035661
0.042428
0.048195
0.045921
0.048883
0.042047
0.040573
0.049749
0.035482
0.035482
0.037365
0.016691
0.027071
0.048213
0.043453
0.044350
0.028157
0.021758
0.021825
0.026292
0.038110
0.044122
0.019580
0.017104
0.017131
0.015356
0.019967
0.012947
0.019736
0.036870
0.030785
0.019580
0.016691
0.023285
0.017965
0.020671
0.015093
0.035614
0.015930
0.015694
0.019580
0.019184
0.020834
0.045908
0.051937
0.055456
0.079629
0.039953
0.048019
0.011849
0.065639
0.041223
0.017046
0.025140
0.044819
0.030090
0.028382
0.025082
0.007159
0.021837
0.031831
0.035352
0.034095
0.047108
0.046963
0.082100
0.056826
0.034441
0.067923
0.042080
0.048548
0.081922
0.052410
0.045727
0.071126
0.113300
0.072672
0.075043
0.085417
0.076447
0.089156
0.095544
0.085375
0.074412
0.072704
0.076959
0.074412
0.077055
0.078146
0.098764
0.082206
0.078874
0.093756
0.085545
0.089931
0.103716
0.101127
0.114118
0.124293
0.117390
0.125806
0.093185
0.100712
0.122365
0.157358
0.079846
0.038330
0.104282
0.069680
0.086852
0.086870
0.078257
0.052317
0.060980
0.052352
0.104130
0.061017
0.069596
0.095558
0.061194
0.069860
0.078433
0.070147
0.069860
0.069968
0.078675
0.070147
0.078526
0.070147
0.078542
0.060961
0.086951
0.087485
0.080158
0.046523
0.089070
0.016275
0.032276
0.090728
0.066835
0.059803
0.070435
0.063439
0.034255
0.077516
0.068840
0.038176
0.062956
0.062251
0.056993
0.054177
0.048868
0.055912
0.058401
0.058401
0.065265
0.059054
0.070232
0.053776
0.069157
0.051745
0.079882
0.066549
0.063910
0.066640
0.069292
0.077050
0.083167
0.084128
0.082379
0.078941
0.075543
0.076216
0.071779
0.076217
0.076641
0.070359
0.066640
0.100471
0.047845
0.033823
0.022071
0.105860
0.047017
0.063598
0.054426
0.080581
0.059536
0.057497
0.026252
0.042740
0.063996
0.055549
0.078513
0.070821
0.070359
0.065275
0.061567
0.080038
0.077742
0.075773
0.068047
0.077199
0.077562
0.130468
0.062016
0.114097
0.145122
0.006053
0.062030
0.053707
0.076175
0.105246
0.054828
0.081579
0.042976
0.072543
0.090735
0.046221
0.036376
0.078991
0.062192
0.062608
0.062802
0.027832
0.061916
0.096612
0.113621
0.061900
0.070476
0.061900
0.064920
0.024563
0.020456
0.044550
0.041377
0.050786
0.055185
0.037544
0.058476
0.046454
0.048555
0.061019
0.041911
0.036491
0.040496
0.047340
0.039946
0.045114
0.034816
0.035140
0.043552
0.031472
0.046267
0.040398
0.034509
0.031671
0.032902
0.070542
0.029688
0.029688
0.054787
0.030733
0.030733
0.037206
0.041131
0.028695
0.032539
0.024563
0.068203
0.060793
0.045156
0.079632
0.033792
0.045930
0.045930
0.037905
0.035200
0.040181
0.041922
0.051336
0.036194
0.042614
0.042876
0.066730
0.050589
0.042879
0.024664
0.053950
0.015196
0.038475
0.024701
0.028709
0.004951
0.040632
0.012031
0.019639
0.028923
0.039399
0.017560
0.018897
0.022720
0.013076
0.006210
0.028445
0.010796
0.002804
0.009464
0.088715
0.073508
0.088182
0.023168
0.057563
0.024415
0.028012
0.047032
0.047322
0.018000
0.031212
0.031673
0.033777
0.064181
0.046378
0.036878
0.031944
0.006201
0.016712
0.039760
0.022671
0.037051
0.034727
0.051750
0.059799
0.025118
0.008461
0.028357
0.045456
0.075585
0.054248
0.007187
0.037576
0.029992
0.038908
0.032331
0.064496
0.018593
0.054777
0.071923
0.029228
0.046163
0.029228
0.063687
0.047032
0.013516
0.013783
0.046378
0.037509
0.054827
0.031837
0.018000
0.025443
0.033777
0.044162
0.019116
0.013076
0.041588
0.048823
0.034004
0.028832
0.035394
0.024341
0.023011
0.035310
0.028636
0.023978
0.025402
0.036820
0.031403
0.029142
0.034743
0.030517
0.055748
0.036438
0.028832
0.030722
0.028340
0.030413
0.025207
0.028636
0.030718
0.020297
0.033380
0.024341
0.024507
0.047229
0.041588
0.031936
0.025402
0.033380
0.025311
0.028832
0.029523
0.052227
0.024029
0.027916
0.035394
0.030475
0.033163
0.028359
0.021286
0.020730
0.020297
0.030359
0.022068
0.020878
0.022068
0.015557
0.039925
0.015557
0.014831
0.013076
0.025314
0.022035
0.023719
0.011580
0.011087
0.019722
0.020007
0.011566
0.011566
0.011566
0.003525
0.054178
0.037253
0.037253
0.014073
0.056711
0.020878
0.028347
0.038634
0.046355
0.027768
0.054408
0.027916
0.029142
0.030475
0.034834
0.031892
0.036820
0.037505
0.031936
0.037998
0.034004
0.043837
0.030314
0.046490
0.038852
0.038591
0.033163
0.034004
0.037505
0.054660
0.046218
0.021995
0.042173
0.025184
0.024089
0.066506
0.093335
0.026320
0.025443
0.067432
0.037177
0.030379
0.027431
0.023791
0.028829
0.032371
0.015864
0.022477
0.018018
0.018018
0.017254
0.015476
0.032354
0.032805
0.066504
0.040659
0.049230
0.002804
0.015616
0.049497
0.040659
0.010773
0.010848
0.057936
0.023701
0.007187
0.011973
0.011182
0.011709
0.026132
0.034873
0.014917
0.009838
0.015892
0.026132
0.018851
0.009838
0.018018
0.014009
0.010886
0.033034
0.024808
0.007187
0.013182
0.009774
0.009464
0.016143
0.041325
0.023701
0.015616
0.018018
0.024808
0.025316
0.066674
0.010773
0.024375
0.083904
0.023011
0.024105
0.037563
0.037563
0.023316
0.019065
0.027536
0.018722
0.033630
0.025881
0.041820
0.012196
0.020285
0.023316
0.019419
0.052271
0.085691
0.028340
0.034373
0.027989
0.042241
0.036159
0.037505
0.035650
0.041129
0.029142
0.029142
0.036438
0.035310
0.021286
0.038303
0.025207
0.029085
0.036196
0.024010
0.020534
0.014700
0.006083
0.019722
0.008504
0.015892
0.017710
0.030521
0.032850
0.037734
0.021118
0.044434
0.039902
0.028483
0.023974
0.026349
0.018593
0.028012
0.022309
0.021139
0.025126
0.026906
0.026063
0.026089
0.025126
0.025654
0.028829
0.028808
0.038922
0.044176
0.042953
0.045090
0.037495
0.050258
0.032061
0.049041
0.048506
0.029922
0.027053
0.028185
0.067199
0.039206
0.040766
0.035711
0.036184
0.055452
0.070087
0.046012
0.088692
0.060986
0.049231
0.048304
0.042953
0.040181
0.040805
0.045095
0.041801
0.039428
0.051962
0.041488
0.036677
0.039166
0.042780
0.040226
0.041488
0.038434
0.051420
0.038052
0.044219
0.040839
0.039428
0.043252
0.045930
0.057185
0.060628
0.029338
0.065753
0.038476
0.037289
0.067883
0.034371
0.010961
0.007877
0.076082
0.050177
0.024539
0.010525
0.016487
0.043524
0.030398
0.067975
0.032802
0.065125
0.047810
0.053338
0.043625
0.051258
0.042606
0.012880
0.034371
0.059284
0.034806
0.013191
0.010525
0.043034
0.042390
0.059379
0.042065
0.033238
0.050177
0.032955
0.032852
0.058754
0.024259
0.024580
0.033147
0.004067
0.025400
0.025849
0.025699
0.012282
0.042855
0.035224
0.052400
0.037378
0.025190
0.054112
0.021870
0.024125
0.036041
0.043737
0.037074
0.046008
0.037546
0.053993
0.049730
0.045764
0.053381
0.059286
0.068007
0.065992
0.069666
0.070960
0.069448
0.065505
0.066046
0.064888
0.075057
0.065887
0.068262
0.069002
0.071746
0.078506
0.080593
0.082186
0.080938
0.087863
0.085420
0.090889
0.088586
0.089449
0.091302
0.086089
0.088456
0.086366
0.083659
0.085037
0.087979
0.096217
0.076514
0.083446
0.089931
0.080061
0.080061
0.096185
0.104312
0.054589
0.095453
0.078387
0.078121
0.061179
0.069024
0.043704
0.077167
0.068636
0.102675
0.059705
0.094202
0.094122
0.059689
0.068129
0.076745
0.085354
0.051194
0.068705
0.085992
0.085833
0.042954
0.060105
0.059982
0.051308
0.043138
0.044632
0.070202
0.078388
0.053682
0.046970
0.027554
0.080807
0.072062
0.048936
0.057029
0.034606
0.036573
0.025112
0.043174
0.043796
0.038035
0.046289
0.037556
0.033615
0.044423
0.059207
0.060184
0.066143
0.060889
0.048611
0.055260
0.060184
0.050138
0.073618
0.055260
0.061176
0.054948
0.090311
0.048297
0.057157
0.056047
0.058602
0.047020
0.059413
0.084247
0.067105
0.082164
0.076157
0.077633
0.063939
0.074537
0.075352
0.080809
0.081886
0.069616
0.080825
0.069676
0.070514
0.070309
0.085240
0.077664
0.079687
0.082401
0.091391
0.089448
0.087512
0.093136
0.093148
0.100068
0.095486
0.096061
0.101720
0.108349
0.100988
0.108536
0.102221
0.102282
0.105503
0.092503
0.091229
0.083868
0.092705
0.084412
0.085879
0.092152
0.078836
0.079549
0.094383
0.082605
0.084176
0.069837
0.063082
0.082009
0.053902
0.057749
0.057675
0.062995
0.055795
0.046395
0.039197
0.050876
0.042936
0.034223
0.031996
0.038494
0.029620
0.032681
0.030400
0.026149
0.024840
0.020690
0.018975
0.023715
0.012847
0.007721
0.009617
0.017551
0.051317
0.034854
0.001577
0.007950
0.009408
0.008695
0.025298
0.005256
0.017705
0.013313
0.011373
0.038816
0.020735
0.021631
0.020636
0.022015
0.024390
0.027811
0.029799
0.037007
0.027958
0.032391
0.034455
0.032907
0.032907
0.050570
0.041536
0.038275
0.045003
0.058597
0.041583
0.044255
0.073027
0.050584
0.073489
0.066367
0.072647
0.060036
0.072598
0.066926
0.071430
0.076225
0.078860
0.102874
0.104698
0.091266
0.087127
0.093255
0.100465
0.094002
0.101714
0.104407
0.094608
0.096715
0.113755
0.120465
0.113932
0.118448
0.111054
0.111195
0.113921
0.112776
0.103914
0.094702
0.109538
0.086497
0.087209
0.082580
0.086296
0.076134
0.077506
0.096411
0.081688
0.084464
0.082469
0.078357
0.065995
0.063690
0.074134
0.069636
0.050884
0.047637
0.057521
0.047114
0.040930
0.039452
0.040567
0.043399
0.040827
0.052963
0.047901
0.051987
0.050093
0.061629
0.034147
0.047637
0.038907
0.037313
0.065851
0.027481
0.028723
0.017645
0.049542
0.034192
0.029905
0.026413
0.036208
0.035585
0.033992
0.020000
0.019010
0.047660
0.017043
0.006350
0.015077
0.005920
0.019819
0.023349
0.004735
0.011390
0.016259
0.029823
0.021530
0.024038
0.024038
0.024038
0.024457
0.024457
0.012342
0.019168
0.018936
0.020812
0.036986
0.019638
0.037158
0.046153
0.039056
0.032936
0.039056
0.047006
0.039268
0.032222
0.028202
0.025242
0.034706
0.029950
0.049059
0.036804
0.036368
0.036114
0.033946
0.042069
0.039383
0.045319
0.051495
0.065865
0.040058
0.067411
0.066541
0.054832
0.068134
0.070027
0.045147
0.049334
0.055581
0.060208
0.053971
0.058626
0.074362
0.069546
0.074087
0.110547
0.069159
0.064563
0.070172
0.087380
0.074431
0.069589
0.075096
0.077845
0.075858
0.075543
0.075171
0.076738
0.078019
0.075359
0.078627
0.078422
0.077969
0.077721
0.076166
0.076166
0.079801
0.072930
0.067904
0.068578
0.072494
0.079267
0.076341
0.063124
0.052349
0.047015
0.084930
0.063450
0.053328
0.040944
0.038297
0.044304
0.044304
0.044304
0.055672
0.041215
0.044304
0.043453
0.039577
0.037693
0.046964
0.045487
0.042155
0.059499
0.051154
0.037778
0.051176
0.043998
0.043297
0.036695
0.055862
0.042367
0.032323
0.030843
0.027590
0.053683
0.037194
0.043455
0.019746
0.015097
0.017357
0.030050
0.031940
0.015512
0.014849
0.016110
0.015115
0.007015
0.023499
0.009394
0.016610
0.014849
0.015512
0.004911
0.014367
0.031504
0.014848
0.041592
0.013870
0.020595
0.022362
0.034038
0.037801
0.054436
0.022362
0.023021
0.020704
0.043598
1.000000
0.052251
0.048258
0.083563
0.036337
0.023978
0.018280
0.022362
0.054861
0.028584
0.097570
0.071669
0.037170
0.009747
0.021249
0.010562
0.029086
0.046043
0.020904
0.010250
0.014784
0.063771
0.017837
0.033686
0.045917
0.029147
0.054728
0.037528
0.046374
0.020904
0.020221
0.045931
0.028570
0.037166
0.037383
0.063414
0.029147
0.038083
0.046884
0.031601
0.031036
0.031036
0.055820
0.035625
0.032215
0.047937
0.016242
0.025348
0.018520
0.022359
0.033395
0.025987
0.048257
0.025126
0.032215
0.028881
0.039506
0.027679
0.031563
0.028848
0.029963
0.040479
0.038080
0.038940
0.035392
0.045057
0.057440
0.038392
0.048932
0.040454
0.051735
0.058911
0.054521
0.060185
0.058911
0.058553
0.053388
0.055312
0.062774
0.060184
0.057122
0.066386
0.067604
0.073512
0.063667
0.069779
0.068958
0.069266
0.060008
0.079407
0.091500
0.058502
0.057424
0.048902
0.063902
0.062925
0.049902
0.042680
0.047624
0.045400
0.041447
0.066736
0.056154
0.039313
0.060994
0.036622
0.067297
0.046432
0.031221
0.038203
0.031221
0.034311
0.033086
0.026005
0.023822
0.020595
0.057035
0.042231
0.114816
0.037444
0.036442
0.032218
0.039597
0.029841
0.028468
0.033432
0.042231
0.036112
0.021363
0.016478
0.028510
0.022717
0.027793
0.013120
0.012711
0.017568
0.033817
0.013692
0.025613
0.017568
0.011574
0.050597
0.024903
0.002837
0.032833
0.018738
0.024902
0.016864
0.010903
0.007296
0.024195
0.016145
0.010377
0.034449
0.015571
0.019503
0.013038
0.093284
0.067283
0.050007
0.010255
0.050014
0.008650
0.003990
0.007098
0.041330
0.006928
0.032773
0.050147
0.028412
0.051654
0.030103
0.032783
0.029336
0.020595
0.030246
0.053186
0.063370
0.023358
0.031208
0.042856
0.038203
0.073876
0.043761
0.041977
0.029826
0.042231
0.026005
0.062713
0.033684
0.030082
0.015931
0.035957
0.048640
0.048826
0.038560
0.029181
0.032685
0.033825
0.030479
0.039065
0.031417
0.045688
0.037598
0.024436
0.035949
0.024715
0.014024
0.017961
0.006623
0.016116
0.041941
0.018879
0.017768
0.017125
0.017436
0.034486
0.012711
0.017436
0.006701
0.007068
0.006957
0.015665
0.016145
0.006916
0.006916
0.025403
0.026550
0.016388
0.028524
0.026550
0.016768
0.035949
0.019395
0.024903
0.027859
0.043456
0.060455
0.050971
0.042026
0.032930
0.067484
0.015868
0.050007
0.015448
0.024208
0.015868
0.015509
0.015418
0.049955
0.032756
0.041422
0.033021
0.042322
0.042989
0.016473
0.035403
0.026695
0.026132
0.043079
0.034449
0.026550
0.014409
0.016473
0.069136
0.043712
0.018660
0.024807
0.025697
0.023259
0.034379
0.031348
0.034651
0.033093
0.032471
0.032471
0.038209
0.033498
0.056083
0.043009
0.035107
0.049681
0.038209
0.033508
0.035177
0.052019
0.044476
0.054076
0.037972
0.075919
0.048669
0.037598
0.119218
0.033242
0.007464
0.010356
0.027317
0.032833
0.076233
0.050879
0.025298
0.024208
0.018673
0.055517
0.041422
0.067352
0.051578
0.026550
0.035949
0.024715
0.016137
0.039108
0.033614
0.031417
0.047060
0.095742
0.072237
0.045788
0.050472
0.035517
0.036534
0.020892
0.020369
0.027420
0.003990
0.036240
0.010255
0.053189
0.056345
0.036394
0.002280
0.062271
0.036087
0.065944
0.052223
0.030701
0.025584
0.023799
0.028316
0.004432
0.027360
0.055141
0.046597
0.053532
0.053927
0.027739
0.053183
0.062265
0.068695
0.017317
0.053759
0.019806
0.036438
0.025074
0.072551
0.025346
0.030082
0.046134
0.045715
0.030701
0.031350
0.062881
0.022204
0.036847
0.045568
0.047359
0.019299
0.055079
0.063085
0.022204
0.048355
0.064693
0.036781
0.027616
0.036112
0.065441
0.041205
0.055449
0.029682
0.054741
0.030101
0.054147
0.053972
0.070899
0.044597
0.057692
0.059159
0.052766
0.054175
0.029010
0.029777
0.052988
0.047176
0.047483
0.048640
0.037035
0.054504
0.040350
0.040327
0.043689
0.040404
0.012656
0.045088
0.053785
0.044843
0.027777
0.045017
0.018491
0.021331
0.053580
0.060141
0.035931
0.035957
0.027353
0.018738
0.061822
0.058269
0.036834
0.037166
0.052078
0.047162
0.045603
0.038959
0.042369
0.042077
0.049260
0.052280
0.049537
0.030174
0.016768
0.046813
0.038807
0.034345
0.038200
0.042998
0.047697
0.028145
0.029274
0.031928
0.033614
0.043551
0.043551
0.035133
0.039108
0.038786
0.041682
0.020508
0.024793
0.037008
0.024807
0.023863
0.024822
0.024793
0.037598
0.033498
0.031126
0.033766
0.028811
0.046684
0.031039
0.046834
0.040014
0.038302
0.033764
0.034885
0.041118
0.038200
0.038856
0.046684
0.032021
0.046616
0.043668
0.033007
0.050872
0.046640
0.021878
0.014845
0.030713
0.046529
0.013526
0.030217
0.020270
0.089067
0.035499
0.040781
0.039991
0.044774
0.019791
0.055148
0.056909
0.059109
0.021503
0.048826
0.077224
0.010304
0.006916
0.053327
0.019468
0.053253
0.067765
0.062004
0.027557
0.053441
0.061973
0.065907
0.043388
0.068015
0.047658
0.076261
0.052574
0.047335
0.055734
0.046328
0.052280
0.046795
0.052844
0.051343
0.058304
0.044323
0.046519
0.027454
0.024102
0.015863
0.015303
0.004529
0.056978
0.047416
0.102054
0.078031
0.079555
0.053312
0.052374
0.070317
0.071610
0.053009
0.065670
0.061305
0.060779
0.050187
0.051109
0.048477
0.062979
0.086867
0.041572
0.040012
0.039587
0.044273
0.044273
0.040366
0.039633
0.034904
0.040956
0.070566
0.085270
0.053949
0.057877
0.052389
0.082585
0.053169
0.057051
0.062166
0.041265
0.041871
0.012503
0.039522
0.016829
0.040547
0.015215
0.057341
0.052935
0.032225
0.023124
0.038498
0.026405
0.048617
0.023504
0.025697
0.038280
0.033965
0.038786
0.034345
0.029705
0.029705
0.058743
0.015359
0.019463
0.021961
0.039747
0.037818
0.033677
0.031530
0.026477
0.027973
0.040477
0.026736
0.025124
0.024476
0.023124
0.012692
0.031412
0.015303
0.007127
0.004765
0.003498
0.013843
0.015421
0.021552
0.014589
0.022820
0.015845
0.032693
0.022438
0.033396
0.030559
0.064378
0.054327
0.084561
0.058713
0.053855
0.045527
0.034415
0.023197
0.028222
0.035724
0.023812
0.063533
0.043922
0.046019
0.021182
0.037770
0.030689
0.039460
0.014826
0.011416
0.015421
0.029367
0.056694
0.013516
0.039522
0.013804
0.064650
0.039551
0.063488
0.029475
0.003632
0.013955
0.031005
0.083058
0.052008
0.037770
0.053789
0.029402
0.026029
0.038397
0.023278
0.035847
0.017142
0.051090
0.029517
0.070246
0.039423
0.029006
0.034436
0.032707
0.035467
0.044848
0.046464
0.045007
0.051384
0.061991
0.053312
0.056318
0.074864
0.093550
0.078946
0.063540
0.107892
0.093222
0.084376
0.072393
0.076616
0.074366
0.071294
0.067550
0.074448
0.069322
0.079741
0.070033
0.069307
0.057430
0.053837
0.096941
0.094184
0.059410
0.054214
0.057313
0.091296
0.166151
0.083387
0.114930
0.072745
0.072186
0.107022
0.067469
0.070500
0.073258
0.024779
0.056529
0.075381
0.074366
0.102037
0.087451
0.071449
0.059215
0.077701
0.075366
0.092140
0.115345
0.129807
0.107022
0.070317
0.069438
0.066635
0.071449
0.063724
0.079287
0.077963
0.055482
0.056088
0.053467
0.051512
0.031019
0.024688
0.033588
0.015214
0.028476
0.005745
0.013684
0.016153
0.028455
0.085252
0.028104
0.029920
0.015774
0.038738
0.017942
0.016977
0.017958
0.017958
0.016594
0.060079
0.028494
0.119191
0.025617
0.033931
0.041620
0.059103
0.040355
0.006025
0.004240
0.002711
0.014949
0.011894
0.014949
0.016391
0.016391
0.018716
0.041296
0.066169
0.006005
0.005158
0.024540
0.016711
0.019377
0.025617
0.013258
0.041296
0.033042
0.043718
0.058542
0.026247
0.092094
0.057712
0.075625
0.036624
0.021341
0.022528
0.019323
0.043204
0.027139
0.049901
0.043718
0.027633
0.041046
0.037251
0.021046
0.019323
0.037500
0.031496
0.063942
0.036016
0.032402
0.052665
0.030881
0.021950
0.036371
0.025328
0.031496
0.028364
0.047905
0.051915
0.077126
0.071123
0.042513
0.079603
0.094599
0.093572
0.102484
0.101561
0.098581
0.123870
0.117859
0.126893
0.108767
0.108800
0.088802
0.081293
0.086615
0.076391
0.066026
0.059671
0.075954
0.086285
0.088640
0.081304
0.098182
0.100579
0.116594
0.117472
0.128692
0.116888
0.082931
0.086657
0.067475
0.019364
0.041335
0.063718
0.026477
0.022020
0.058679
0.013125
0.045618
0.051723
0.039893
0.050478
0.070400
0.054256
0.029113
0.066944
0.068834
0.050653
0.078931
0.064426
0.055742
0.062677
0.058540
0.068254
0.067441
0.050767
0.071033
0.041516
0.042055
0.025368
0.047232
0.045825
0.024432
0.042952
0.041337
0.042854
0.064116
0.024529
0.025017
0.061983
0.059670
0.063174
0.033536
0.159962
0.027076
0.041253
0.038876
0.037662
0.024432
0.063182
0.051032
0.015507
0.050033
0.007509
0.033588
0.063073
0.033638
0.048504
0.071355
0.063636
0.073776
0.067469
0.063697
0.067579
0.065966
0.052761
0.056313
0.019875
0.021400
0.014193
0.026241
0.015618
0.063686
0.027719
0.009426
0.024719
0.006040
0.027924
0.037000
0.066713
0.036232
0.055312
0.037462
0.036004
0.044482
0.063468
0.039387
0.013619
0.006509
0.014525
0.031422
0.024537
0.032557
0.038582
0.043800
0.006973
0.036992
0.053352
0.036282
0.027861
0.010572
0.013358
0.024251
0.038323
0.081757
0.038075
0.055195
0.046809
0.070815
0.072382
0.008338
0.033247
0.030504
0.020680
0.069818
0.065846
0.072419
0.075461
0.080054
0.063643
0.070606
0.056370
0.072445
0.090949
0.123196
0.082424
0.105827
0.050368
0.028261
0.063171
0.019847
0.041681
0.089091
0.054366
0.058982
0.060326
0.076272
0.082619
0.097266
0.118158
0.114251
0.095571
0.119159
0.117160
0.136453
0.136192
0.141769
0.119356
0.132967
0.192811
0.179185
0.150941
0.140847
0.163879
0.163879
0.174377
0.195939
0.228728
0.196198
0.175341
0.208950
0.226798
0.212955
0.221136
0.204402
0.206449
0.195037
0.202082
0.168805
0.188709
0.156013
0.175060
0.212421
0.169193
0.206748
0.208179
0.214812
0.290355
0.214469
0.248862
0.201010
0.240843
0.212973
0.276393
0.235938
0.244895
0.239862
0.210610
0.260936
0.247223
0.240596
0.285531
0.312701
0.350701
0.318264
0.329148
0.313478
0.301382
0.332208
0.370915
0.354138
0.338550
0.347307
0.372092
0.362915
0.357359
0.362496
0.395485
0.427726
0.367743
0.366273
0.390069
0.413412
0.412656
0.360103
0.412009
0.316694
0.479911
0.394551
0.483566
0.379166
0.420264
0.380009
0.379591
0.381721
0.433582
0.358125
0.327189
0.269475
0.272018
0.303123
0.316327
0.359282
0.374825
0.379256
0.386449
0.408283
0.415307
0.356704
0.327915
0.340003
0.316331
0.393119
0.413892
0.323890
0.344749
0.360322
0.343797
0.394905
0.359372
0.333347
0.405102
0.345777
0.348507
0.392186
0.376081
0.448026
0.356154
0.388747
0.419945
0.344414
0.354523
0.373310
0.407696
0.328567
0.413279
0.403156
0.362526
0.389461
0.446232
0.419245
0.345404
0.310262
0.370615
0.363645
0.365168
0.364833
0.384041
0.394280
0.410443
0.385740
0.428047
0.333804
0.451957
0.285733
0.421907
0.418650
0.436373
0.426253
0.455485
0.436590
0.380259
0.404597
0.394501
0.403393
0.393669
0.354829
0.285299
0.380265
0.388842
0.432000
0.423379
0.432103
0.466638
0.415097
0.467356
0.440725
0.440628
0.440775
0.428887
0.356539
0.410199
0.357505
0.402714
0.418042
0.460839
0.415319
0.413390
0.417145
0.456239
0.412178
0.430883
0.474674
0.424886
0.391683
0.429442
0.398596
0.448749
0.507272
0.523669
0.466563
0.484975
0.377515
0.395061
0.422188
0.441244
0.454385
0.387827
0.430788
0.427636
0.412035
0.421860
0.412138
0.403020
0.384617
0.434569
0.426701
0.446168
0.460389
0.468924
0.449238
0.431400
0.435253
0.408218
0.379904
0.409355
0.434778
0.427611
0.425290
0.434852
0.420985
0.401215
0.400184
0.421356
0.396038
0.427207
0.439397
0.419828
0.454905
0.467777
0.460389
0.405296
0.401406
0.405663
0.421379
0.382057
0.395153
0.374963
0.408270
0.334033
0.312476
0.354035
0.302603
0.284744
0.326460
0.267635
0.308555
0.267293
0.243681
0.281908
0.277755
0.303784
0.339726
0.271960
0.281565
0.284172
0.309201
0.332503
0.353096
0.279939
0.270447
0.280705
0.293947
0.304113
0.336091
0.307067
0.275448
0.283798
0.270820
0.261974
0.225073
0.253505
0.209023
0.198439
0.218877
0.157629
0.202981
0.155569
0.134260
0.202369
0.068274
0.160861
0.118805
0.099926
0.098338
0.088321
0.141513
0.063156
0.061185
0.072891
0.089060
0.090012
0.076893
0.084520
0.092992
0.136003
0.081406
0.090879
0.142438
0.075280
0.108156
0.064114
0.088883
0.089940
0.053265
0.078827
0.078961
0.035444
0.048938
0.047186
0.077496
0.080959
0.085078
0.088213
0.069235
0.010374
0.088745
0.053265
0.040592
0.051931
0.005175
0.017813
0.019080
0.046180
0.050475
0.049918
0.060984
0.068051
0.058189
0.052301
0.040716
0.075413
0.056244
0.034197
0.060501
0.038938
0.047138
0.060229
0.063321
0.064434
0.086760
0.063733
0.042987
0.071208
0.095643
0.131534
0.114538
0.101882
0.101221
0.103533
0.107674
0.105076
0.095408
0.127284
0.064162
0.066466
0.089169
0.079892
0.101114
0.079795
0.078634
0.117536
0.052090
0.104419
0.086845
0.059721
0.102068
0.041829
0.016628
0.102432
0.068090
0.109555
0.106998
0.091638
0.110212
0.113736
0.053916
0.097045
0.106833
0.126582
0.160963
0.148242
0.164868
0.203692
0.167516
0.157999
0.188050
0.181902
0.173734
0.176781
0.192299
0.216382
0.183832
0.205981
0.200822
0.174681
0.169939
0.157579
0.153704
0.147340
0.181765
0.198658
0.214100
0.217831
0.215420
0.239050
0.247694
0.242183
0.244423
0.250546
0.234812
0.259791
0.235317
0.220209
0.226778
0.246654
0.225619
0.248558
0.239940
0.230232
0.242830
0.242410
0.240939
0.227916
0.244103
0.236139
0.219573
0.247521
0.222696
0.244812
0.217595
0.218666
0.210656
0.213561
0.203035
0.200483
0.210371
0.236898
0.239187
0.252001
0.269074
0.224373
0.218730
0.229529
0.249006
0.216782
0.229184
0.181717
0.179488
0.178985
0.175844
0.158139
0.137223
0.107477
0.092481
0.078792
0.105808
0.076729
0.061405
0.078266
0.053964
0.048959
0.074662
0.076245
0.059486
0.075985
0.091477
0.065709
0.025424
0.041889
0.058386
0.071734
0.072447
0.063035
0.048144
0.027630
0.090034
0.047159
0.046665
0.065088
0.078234
0.073701
0.082782
0.086980
0.065272
0.071001
0.047159
0.049990
0.033432
0.024509
0.026383
0.021132
0.023751
0.074392
0.056513
0.041023
0.038698
0.068467
0.045470
0.025589
0.031737
0.055318
0.048144
0.035511
0.053797
0.026383
0.067642
0.042024
0.016018
0.017831
0.049967
0.037108
0.054596
0.013732
0.036185
0.032756
0.049988
0.070183
0.046552
0.096523
0.122262
0.076320
0.032931
0.032536
0.049509
0.017602
0.055274
0.053291
0.009770
0.087775
0.010323
0.022432
0.007065
0.010032
0.008228
0.053599
0.065246
0.067050
0.048807
0.029631
0.029031
0.044375
0.045835
0.044375
0.041741
0.094154
0.035090
0.044375
0.033789
0.110605
0.066163
0.080674
0.089824
0.088574
0.081404
0.078056
0.049596
0.078140
0.031548
0.075804
0.074384
0.083463
0.065557
0.052623
0.088307
0.069281
0.068466
0.092582
0.099614
0.070892
0.084966
0.083994
0.087735
0.086305
0.088922
0.079423
0.089894
0.070988
0.071045
0.107161
0.121430
0.112365
0.072790
0.029533
0.034134
0.074359
0.059699
0.093307
0.064919
0.068721
0.084867
0.081480
0.076955
0.073864
0.078863
0.075240
0.051112
0.079098
0.051414
0.083754
0.024265
0.093260
0.058408
0.041903
0.069748
0.061259
0.069053
0.078499
0.089494
0.099057
0.043264
0.054413
0.050323
0.039514
0.005512
0.081764
0.032008
0.036967
0.038072
0.028382
0.031878
0.024462
0.048752
0.018943
0.038171
0.021111
0.038383
0.072955
0.038911
0.039066
0.072789
0.019717
0.055552
0.029587
0.030722
0.047528
0.073961
0.038509
0.021676
0.029586
0.022605
0.062556
0.039553
0.040567
0.043291
0.082435
0.082092
0.070893
0.079459
0.088299
0.063216
0.066417
0.052703
0.038676
0.082513
0.031506
0.020896
0.073307
0.020882
0.068454
0.048702
0.057071
0.083067
0.058104
0.096158
0.048020
0.059905
0.055008
0.051480
0.054474
0.050247
0.055923
0.049798
0.073914
0.075217
0.095940
0.050225
0.028306
0.026402
0.044960
0.053735
0.050791
0.063880
0.048020
0.055637
0.074077
0.046063
0.044300
0.040499
0.036041
0.016469
0.012782
0.030476
0.143591
0.025503
0.021066
0.025779
0.043167
0.024281
0.046820
0.082443
0.083782
0.034030
0.042426
0.016698
0.022563
0.083935
0.128065
0.020515
0.028041
0.016469
0.018324
0.015895
0.013393
0.047736
0.014074
0.016036
0.018385
0.027473
0.027140
0.037658
0.053577
0.047837
0.055328
0.060098
0.058904
0.062223
0.067737
0.060198
0.069668
0.069314
0.094763
0.075150
0.067571
0.079784
0.061841
0.055350
0.053113
0.062652
0.054901
0.048518
0.043649
0.046693
0.047729
0.028801
0.031318
0.055521
0.048018
0.022241
0.014621
0.034119
0.058724
0.082292
0.033211
0.019494
0.034398
0.039266
0.048200
0.048679
0.077367
0.130423
0.040806
0.048646
0.057718
0.073560
0.082623
0.060367
0.034566
0.039797
0.072439
0.057933
0.058741
0.091876
0.059974
0.023542
0.037626
0.036827
0.060633
0.030155
0.050869
0.049987
0.056911
0.091046
0.066041
0.058347
0.078843
0.062997
0.057786
0.039096
0.021818
0.076348
0.065655
0.030647
0.078683
0.077650
0.048240
0.033896
0.079562
0.082848
0.059034
0.089682
0.089381
0.076954
0.088011
0.097376
0.089854
0.084884
0.087193
0.081117
0.098078
0.089605
0.095700
0.094920
0.084371
0.089723
0.090929
0.092748
0.069466
0.083400
0.096562
0.096483
0.098243
0.100480
0.085577
0.073843
0.082511
0.108436
0.090970
0.100636
0.093022
0.066646
0.102039
0.094337
0.087479
0.089605
0.078618
0.070975
0.066562
0.097595
0.079926
0.086092
0.075128
0.088433
0.081890
0.068471
0.056137
0.076644
0.052393
0.040290
0.099105
0.037012
0.088259
0.060671
0.012241
0.001206
0.028214
0.035775
0.046573
0.052100
0.048113
0.028588
0.060838
0.064501
0.078924
0.042365
0.068850
0.055720
0.070430
0.055008
0.054244
0.053185
0.039540
0.056457
0.058955
0.044094
0.029905
0.028692
0.027601
0.020325
0.033047
0.029436
0.010862
0.043733
0.026568
0.010748
0.017035
0.071268
0.010082
0.012591
0.036297
0.035021
0.026166
0.025947
0.043095
0.017554
0.043545
0.025947
0.012591
0.013145
0.052747
0.025897
0.026122
0.027978
0.015933
0.034087
0.054537
0.045414
0.042937
0.025514
0.024626
0.039015
0.041433
0.058938
0.049874
0.050148
0.062028
0.061297
0.034504
0.046283
0.043636
0.051515
0.065483
0.069854
0.079788
0.077996
0.075675
0.087982
0.070845
0.069854
0.070196
0.086463
0.097277
0.098491
0.098109
0.094245
0.060090
0.045031
0.057165
0.035096
0.053241
0.057124
0.021971
0.060865
0.068317
0.068478
0.063339
0.060709
0.042237
0.060148
0.030632
0.052018
0.034925
0.060083
0.043408
0.030404
0.062447
0.077321
0.104823
0.027931
0.045408
0.038623
0.059053
0.068595
0.068285
0.074176
0.083391
0.081509
0.050117
0.069068
0.070466
0.058772
0.065182
0.051976
0.052972
0.060110
0.052775
0.078825
0.029537
0.048500
0.074072
0.079629
0.068934
0.058713
0.017069
0.011795
0.017520
0.034148
0.051431
0.078428
0.063535
0.090413
0.103716
0.129066
0.107321
0.125548
0.127948
0.151651
0.157000
0.177469
0.152098
0.092723
0.096553
0.097294
0.113560
0.099437
0.101082
0.119063
0.147750
0.160498
0.120055
0.067509
0.095227
0.098687
0.080910
0.056826
0.056536
0.071785
0.064127
0.072060
0.069331
0.061443
0.066817
0.053491
0.056360
0.048625
0.014365
0.026832
0.048343
0.044673
0.050546
0.042168
0.024537
0.034777
0.074578
0.031389
0.014031
0.009276
0.014233
0.037434
0.021003
0.073491
0.012784
0.032882
0.036452
0.095893
0.056684
0.067636
0.033505
0.052033
0.072438
0.031528
0.022819
0.032616
0.020925
0.048776
0.083726
0.054074
0.034478
0.127306
0.109089
0.080439
0.054163
0.033183
0.020426
0.039978
0.030244
0.013713
0.022390
0.037339
0.002804
0.006007
0.016336
0.038953
0.028690
0.037705
0.011611
0.026326
0.083701
0.095740
0.095922
0.066167
0.125769
0.125863
0.133682
0.140984
0.140810
0.145613
0.132348
0.131255
0.114957
0.107335
0.106984
0.107527
0.092499
0.092847
0.084441
0.065753
0.075528
0.110569
0.071035
0.079843
0.056415
0.038038
0.061964
0.041832
0.061964
0.044695
0.020614
0.063870
0.030745
0.025138
0.047963
0.065171
0.073691
0.059678
0.054380
0.080908
0.065457
0.074643
0.065379
0.066412
0.079964
0.101550
0.106593
0.119993
0.135967
0.162108
0.175592
0.180590
0.176957
0.175582
0.171663
0.181103
0.178559
0.179847
0.181935
0.163144
0.165968
0.165860
0.179920
0.180212
0.174157
0.179937
0.184310
0.176219
0.177549
0.179920
0.158161
0.142330
0.112770
0.125449
0.141564
0.138156
0.136668
0.141024
0.156816
0.149957
0.138156
0.133676
0.129541
0.138692
0.142432
0.132179
0.141164
0.146042
0.145700
0.139301
0.148100
0.145661
0.158994
0.152859
0.150939
0.131956
0.129923
0.132304
0.118103
0.128444
0.110029
0.137262
0.094323
0.065929
0.057969
0.056978
0.065929
0.068297
0.067943
0.070432
0.068100
0.078138
0.093303
0.107062
0.098995
0.074847
0.065550
0.067350
0.054361
0.064424
0.078989
0.081466
0.088500
0.084612
0.076776
0.078543
0.088321
0.103959
0.106951
0.115768
0.109018
0.095375
0.096617
0.096617
0.072425
0.073420
0.072360
0.063860
0.079512
0.048800
0.053682
0.040923
0.060321
0.058661
0.033084
0.023464
0.017781
0.031511
0.037614
0.031607
0.029790
0.061190
0.033084
0.063582
0.050237
0.043044
0.020131
0.010411
0.034407
0.015843
0.019390
0.025199
0.020192
0.020784
0.026858
0.040143
0.033084
0.034496
0.049555
0.039316
0.043176
0.030169
0.026622
0.034840
0.039509
0.044052
0.046502
0.061905
0.039562
0.059594
0.035767
0.025461
0.057230
0.004694
0.016228
0.057230
0.091332
0.015843
0.035394
0.043497
0.028184
0.036451
0.036160
0.031714
0.037983
0.073188
0.074978
0.052859
0.087671
0.053538
0.063253
0.058372
0.064793
0.063684
0.068679
0.046502
0.021347
0.010265
0.032858
0.028181
0.025725
0.031337
0.029381
0.015218
0.009775
0.015562
0.003905
0.006780
0.012194
0.012318
0.011853
0.027719
0.027719
0.027719
0.042649
0.011567
0.016066
0.013173
0.016459
0.027267
0.026075
0.015870
0.013218
0.010996
0.015562
0.021033
0.006476
0.029495
0.005336
0.038251
0.005853
0.021079
0.013112
0.008986
0.026825
0.037872
0.007006
0.024054
0.006555
0.029381
0.014715
0.006070
0.048407
0.022037
0.012701
0.020729
0.006100
0.003469
0.019449
0.013361
0.030609
0.031080
0.008924
0.017774
0.007983
0.013886
0.030818
0.013651
0.039386
0.014269
0.014463
0.047641
0.024700
0.029910
0.041982
0.030284
0.051957
0.043284
0.049627
0.043770
0.038292
0.033710
0.053186
0.037235
0.038809
0.025223
0.027199
0.036788
0.038441
0.058836
0.072070
0.073078
0.089327
0.059047
0.051722
0.052962
0.045423
0.049074
0.043758
0.047641
0.053528
0.032441
0.023105
0.034347
0.070708
0.058105
0.060998
0.068471
0.057250
0.069778
0.091272
0.073194
0.077579
0.087189
0.103523
0.084977
0.075059
0.049633
0.093322
0.070712
0.065750
0.097860
0.057586
0.069150
0.057855
0.060208
0.057024
0.077410
0.058626
0.073143
0.063662
0.069922
0.074624
0.081784
0.060409
0.061218
0.083334
0.074553
0.079601
0.061745
0.071770
0.046593
0.044172
0.050383
0.036816
0.047400
0.034646
0.043554
0.047980
0.058963
0.049378
0.057550
0.079647
0.057550
0.072089
0.071733
0.077104
0.077292
0.064990
0.075403
0.051389
0.057586
0.043449
0.047265
0.050447
0.052656
0.059398
0.051626
0.044490
0.077984
0.048562
0.047791
0.045808
0.049876
0.055554
0.051413
0.053412
0.058149
0.066395
0.063417
0.065440
0.066040
0.069005
0.066791
0.068769
0.074006
0.075993
0.075649
0.068389
0.070950
0.079385
0.052695
0.057299
0.056439
0.066280
0.067263
0.061736
0.077163
0.071289
0.073078
0.054099
0.050497
0.052291
0.039946
0.042784
0.082332
0.021690
0.041023
0.033841
0.016977
0.014989
0.007728
0.023266
0.021069
0.067911
0.037868
0.038711
0.024734
0.014229
0.007142
0.019014
0.016467
0.021727
0.029211
0.036986
0.037025
0.039712
0.036770
0.035234
0.022800
0.019023
0.037440
0.033110
0.033100
0.049055
0.045915
0.080325
0.052170
0.034411
0.035744
0.022379
0.024580
0.015551
0.009500
0.008305
0.013897
0.010189
0.022910
0.021091
0.015252
0.025375
0.044039
0.043728
0.060627
0.080029
0.088291
0.081015
0.059988
0.054031
0.070799
0.062375
0.068375
0.051237
0.038067
0.041239
0.041398
0.005545
0.038417
0.030047
0.038698
0.022260
0.039273
0.015456
0.023716
0.048061
0.016380
0.050589
0.035309
0.040067
0.046617
0.044430
0.062027
0.054211
0.065264
0.060406
0.051697
0.075043
0.069157
0.067241
0.080278
0.074059
0.104044
0.086409
0.072677
0.087404
0.082549
0.080540
0.080540
0.084011
0.066372
0.114252
0.085567
0.099548
0.080687
0.107783
0.119881
0.098878
0.087436
0.102025
0.107591
0.092508
0.118000
0.089657
0.083805
0.096158
0.070133
0.073223
0.067858
0.074069
0.082047
0.101955
0.079142
0.059079
0.026474
0.021232
0.013959
0.033420
0.018495
0.020778
0.037286
0.018781
0.031852
0.015237
0.016662
0.012252
0.017070
0.014890
0.014545
0.004972
0.007025
0.014259
0.008078
0.031310
0.007347
0.014128
0.006132
0.005962
0.031356
0.022830
0.023815
0.013121
0.029176
0.006418
0.028777
0.040054
0.012521
0.009364
0.011400
0.016437
0.008776
0.013284
0.013831
0.016405
0.016080
0.016697
0.007843
0.003123
0.003640
0.029435
0.019580
0.021748
0.029357
0.031064
0.057811
0.059271
0.061279
0.032744
0.032366
0.054092
0.038170
0.033061
0.033478
0.031611
0.026351
0.045196
0.022281
0.026040
0.026938
0.038170
0.047188
0.034984
0.025215
0.037360
0.026899
0.017716
0.016437
0.027121
0.011400
0.020810
0.028838
0.014835
0.020293
0.005458
0.005962
0.020822
0.006132
0.012505
0.013105
0.022605
0.011701
0.003748
0.020822
0.005874
0.006485
0.014722
0.011523
0.005962
0.037637
0.021540
0.014014
0.014014
0.037717
0.029130
0.020293
0.037514
0.004313
0.063774
0.076006
0.039981
0.045795
0.056822
0.075787
0.119078
0.105280
0.120573
0.125396
0.116935
0.133941
0.103439
0.103439
0.111356
0.170705
0.192586
0.192269
0.195808
0.231190
0.169916
0.206969
0.241556
0.247578
0.260403
0.260075
0.265865
0.242420
0.224345
0.247546
0.217906
0.218643
0.178005
0.207020
0.201884
0.167511
0.204821
0.190851
0.216638
0.215337
0.215337
0.207624
0.232952
0.268065
0.261082
0.270661
0.273520
0.273305
0.304009
0.329427
0.347591
0.357359
0.344928
0.363266
0.365311
0.344244
0.335545
0.347222
0.314178
0.333956
0.334870
0.339322
0.358524
0.338434
0.345472
0.326877
0.339980
0.334870
0.356905
0.358657
0.365096
0.352312
0.326632
0.348752
0.329674
0.344244
0.334595
0.358657
0.352973
0.339925
0.318778
0.346066
0.310345
0.321328
0.282321
0.253975
0.280921
0.274973
0.254942
0.255516
0.255759
0.263535
0.253920
0.256685
0.241805
0.251348
0.255133
0.236646
0.237373
0.205482
0.201922
0.190927
0.209834
0.234749
0.239992
0.251927
0.176664
0.155970
0.165665
0.118437
0.178342
0.104512
0.139667
0.072640
0.086561
0.075363
0.136063
0.092426
0.073198
0.063857
0.045638
0.068044
0.042598
0.038876
0.051196
0.028669
0.041794
0.075008
0.008549
0.038141
0.026052
0.061492
0.029038
0.035916
0.027929
0.016190
0.023394
0.022856
0.031496
0.032071
0.044496
0.032451
0.030690
0.033190
0.073114
0.021933
0.043265
0.026797
0.026035
0.014526
0.009747
0.015784
0.018137
0.018372
0.030186
0.011293
0.007539
0.017630
0.010209
0.009096
0.017843
0.002285
0.003657
0.010386
0.015310
0.013058
0.002285
0.009801
0.008781
0.025310
0.030893
0.019446
0.018233
0.034545
0.026333
0.014974
0.023959
0.023080
0.021558
0.027856
0.023725
0.027058
0.027058
0.037746
0.009917
0.034948
0.018539
0.035157
0.009269
0.009096
0.002970
0.009269
0.008472
0.017630
0.010309
0.017843
0.030282
0.039288
0.025415
0.029507
0.036298
0.012535
0.039362
0.016670
0.036458
0.043182
0.050480
0.055051
0.062072
0.071274
0.070532
0.075378
0.083080
0.092410
0.086580
0.093145
0.098207
0.093628
0.118785
0.093298
0.112931
0.092157
0.067867
0.092756
0.091445
0.097777
0.163551
0.142783
0.144230
0.172009
0.162241
0.155625
0.180863
0.156771
0.195401
0.174412
0.137208
0.207527
0.168694
0.185106
0.180306
0.196255
0.216864
0.188836
0.237820
0.192430
0.174212
0.198076
0.210199
0.211448
0.211448
0.228435
0.222340
0.242455
0.245866
0.242659
0.273130
0.264229
0.259349
0.265770
0.262206
0.272475
0.222584
0.241163
0.271752
0.276846
0.273655
0.268736
0.242226
0.254324
0.265761
0.272029
0.251030
0.256428
0.239605
0.264639
0.233987
0.247262
0.254324
0.253653
0.260592
0.251254
0.271796
0.258874
0.261151
0.265954
0.272676
0.251612
0.244677
0.248167
0.259153
0.211772
0.226180
0.219368
0.192218
0.179836
0.160069
0.169749
0.172552
0.173310
0.188239
0.158728
0.169124
0.176842
0.161167
0.169412
0.196011
0.187653
0.212024
0.151222
0.167709
0.146171
0.146171
0.143985
0.142586
0.157372
0.146171
0.142609
0.103589
0.086128
0.094979
0.067776
0.055436
0.071411
0.062389
0.039873
0.040744
0.048105
0.032333
0.034590
0.032087
0.029414
0.021067
0.027859
0.018147
0.041059
0.007106
0.015294
0.002628
0.023665
0.015182
0.023957
0.054504
0.034389
0.066942
0.049586
0.066863
0.040977
0.032651
0.017226
0.035957
0.038546
0.041627
0.043464
0.053330
0.061773
0.059244
0.062834
0.067652
0.071094
0.072525
0.083085
0.086585
0.087445
0.094030
0.083755
0.073278
0.070980
0.055649
0.051870
0.045729
0.050197
0.048342
0.036339
0.059415
0.023126
0.030637
0.010400
0.027911
0.019307
0.015285
0.028354
0.014609
0.029458
0.010915
0.038987
0.031573
0.015009
0.025626
0.019399
0.024293
0.024200
0.241257
0.018461
0.018552
0.016884
0.024420
0.004649
0.015966
0.006306
0.008355
0.008589
0.010915
0.026312
0.023442
0.031407
0.055980
0.105866
0.080681
0.085210
0.087415
0.088848
0.082037
0.085689
0.082339
0.093363
0.089127
0.090633
0.096613
0.081567
0.085728
0.089337
0.105889
0.099855
0.119676
0.101832
0.097157
0.112112
0.138986
0.164260
0.119578
0.121436
0.141589
0.140099
0.134573
0.119010
0.163184
0.211271
0.154747
0.175657
0.172146
0.177429
0.208853
0.242286
0.226811
0.241922
0.234651
0.240939
0.242096
0.238457
0.240233
0.228638
0.214210
0.233823
0.243918
0.244667
0.236361
0.212615
0.244903
0.228162
0.228911
0.233328
0.229870
0.240777
0.215874
0.206537
0.238597
0.224075
0.244941
0.234585
0.222103
0.235908
0.233785
0.235378
0.243779
0.227974
0.156151
0.152752
0.156153
0.152649
0.141096
0.138372
0.138961
0.094077
0.110934
0.090272
0.098808
0.073080
0.089360
0.080010
0.066605
0.060247
0.062714
0.063473
0.057212
0.094323
0.064612
0.054617
0.073823
0.063473
0.066605
0.070982
0.081642
0.090358
0.091442
0.058524
0.073367
0.034955
0.048026
0.041665
0.032354
0.029104
0.016408
0.023752
0.018119
0.022150
0.020789
0.006944
0.010787
0.009974
0.010036
0.027333
0.001658
0.001759
0.015687
0.015534
0.033303
0.058685
0.024418
0.033378
0.025479
0.053176
0.053753
0.064772
0.079837
0.087396
0.077812
0.075146
0.077294
0.074528
0.055385
0.045942
0.040670
0.058657
0.063158
0.032065
0.046923
0.044417
0.052548
0.045354
0.030446
0.040528
0.017396
0.009217
0.025387
0.028253
0.012763
0.017308
0.019584
0.036068
0.030489
0.053713
0.034057
0.032857
0.027238
0.028778
0.032352
0.029839
0.024783
0.026768
0.014127
0.002013
0.016769
0.021890
0.038976
0.043502
0.044417
0.051116
0.062439
0.052923
0.056142
0.079403
0.067951
0.080335
0.074660
0.081928
0.111445
0.097529
0.081928
0.109650
0.126727
0.114383
0.122589
0.120012
0.122830
0.136491
0.150431
0.151513
0.151197
0.155167
0.167339
0.182877
0.194089
0.211246
0.215888
0.224771
0.237153
0.241600
0.222700
0.233454
0.227999
0.228832
0.237337
0.244307
0.242168
0.251946
0.254350
0.248330
0.237640
0.235588
0.249566
0.243160
0.224322
0.231885
0.254133
0.253038
0.241032
0.247897
0.249854
0.235416
0.249229
0.251467
0.249372
0.243440
0.235203
0.228884
0.221930
0.218977
0.203654
0.207027
0.223886
0.215814
0.215234
0.234702
0.236680
0.242129
0.226121
0.192864
0.199456
0.257358
0.226180
0.214109
0.167438
0.199929
0.165788
0.151357
0.140943
0.147880
0.152015
0.168037
0.177404
0.170587
0.165086
0.185612
0.171698
0.180207
0.190199
0.182654
0.183193
0.183200
0.170230
0.178662
0.191787
0.167927
0.190580
0.175699
0.182416
0.183752
0.139370
0.167985
0.165646
0.143822
0.126320
0.149463
0.128906
0.126439
0.133006
0.174083
0.140041
0.115740
0.102039
0.094820
0.104258
0.105706
0.100208
0.103448
0.102356
0.111424
0.122536
0.116793
0.105110
0.111424
0.110116
0.115785
0.116053
0.126143
0.109307
0.114055
0.119940
0.114055
0.120632
0.116793
0.122283
0.122536
0.128603
0.123501
0.117809
0.104398
0.114361
0.130441
0.136464
0.112781
0.106786
0.100014
0.098852
0.157918
0.087215
0.085431
0.068118
0.065619
0.053171
0.035618
0.039813
0.033562
0.039315
0.031805
0.058432
0.043820
0.048247
0.050408
0.054747
0.060323
0.051178
0.059582
0.063686
0.062555
0.074007
0.069405
0.068356
0.052697
0.043241
0.034794
0.045916
0.032034
0.029125
0.034261
0.040719
0.040656
0.034558
0.038822
0.042526
0.040955
0.013389
0.021754
0.009292
0.027527
0.010047
0.006868
0.007552
0.007552
0.019083
0.018642
0.007216
0.010659
0.017310
0.019584
0.006590
0.019482
0.010250
0.053197
0.011067
0.010019
0.013366
0.011724
0.036044
0.001535
0.027621
0.015956
0.019896
0.011773
0.019896
0.008218
0.008218
0.008218
0.011285
0.015735
0.024175
0.027232
0.005618
0.011914
0.011724
0.019482
0.010250
0.010088
0.068094
0.040969
0.052760
0.065968
0.074160
0.067790
0.050636
0.041564
0.035393
0.043567
0.036470
0.035453
0.048485
0.027893
0.029228
0.038323
0.031911
0.046844
0.040750
0.036634
0.035393
0.033883
0.052164
0.034162
0.050748
0.034162
0.035732
0.057296
0.054138
0.105765
0.075526
0.096048
0.093738
0.098332
0.091923
0.098196
0.102987
0.067732
0.076962
0.066977
0.067511
0.065702
0.059386
0.064586
0.062102
0.080383
0.080099
0.069343
0.072861
0.087810
0.087574
0.069985
0.082239
0.073753
0.070921
0.071859
0.070277
0.071565
0.083031
0.073472
0.068840
0.045504
0.046052
0.038544
0.036308
0.030837
0.038384
0.051288
0.014304
0.020122
0.040702
0.081725
0.054782
0.056350
0.042648
0.042648
0.058174
0.038544
0.031599
0.032814
0.026409
0.017497
0.033750
0.009945
0.024969
0.023540
0.021164
0.029025
0.024546
0.025297
0.033023
0.028204
0.034623
0.040336
0.022599
0.033933
0.024992
0.031321
0.030746
0.038616
0.059994
0.032415
0.044901
0.069849
0.041049
0.045473
0.055663
0.042648
0.050154
0.079475
0.030135
0.019733
0.025141
0.006140
0.017273
0.034913
0.028916
0.039418
0.048454
0.049443
0.067249
0.064435
0.058133
0.075071
0.058876
0.047878
0.056249
0.074104
0.079065
0.125649
0.108105
0.128810
0.120482
0.114198
0.109678
0.105734
0.131183
0.096831
0.106834
0.111395
0.116968
0.127929
0.112221
0.104585
0.096831
0.099857
0.100841
0.095076
0.119549
0.120593
0.106657
0.109343
0.142198
0.128392
0.111960
0.125581
0.139096
0.143950
0.135322
0.141212
0.139377
0.127274
0.116569
0.139325
0.112720
0.106826
0.100814
0.090807
0.093398
0.096580
0.093398
0.095980
0.133183
0.066140
0.065312
0.061622
0.066615
0.091864
0.061622
0.077894
0.077894
0.062046
0.058260
0.070146
0.065915
0.059691
0.039785
0.029951
0.033691
0.026027
0.023463
0.028012
0.017459
0.023191
0.014409
0.010872
0.022215
0.013936
0.014807
0.022215
0.007511
0.030471
0.006386
0.013789
0.006921
0.007202
0.014409
0.038894
0.008378
0.040026
0.008041
0.014807
0.022319
0.030753
0.029892
0.021605
0.030055
0.006921
0.008041
0.006386
0.014409
0.015128
0.022666
0.022859
0.014364
0.004484
0.030013
0.013830
0.014413
0.021984
0.029496
0.023709
0.031053
0.028551
0.027512
0.036016
0.040575
0.026457
0.027136
0.063163
0.040240
0.049378
0.055542
0.049077
0.048310
0.046142
0.040517
0.041677
0.033885
0.045456
0.053517
0.055542
0.068309
0.045864
0.053578
0.065502
0.061403
0.061648
0.062740
0.060727
0.068309
0.059320
0.050462
0.060630
0.057795
0.078879
0.052321
0.072480
0.056398
0.055034
0.050942
0.059884
0.057432
0.062581
0.057963
0.057325
0.060526
0.059160
0.059052
0.064635
0.052333
0.052451
0.056568
0.056684
0.055023
0.060378
0.055499
0.062117
0.069398
0.066229
0.044150
0.064344
0.056551
0.081228
0.067914
0.070683
0.057525
0.056520
0.047975
0.047975
0.066005
0.057554
0.068903
0.073748
0.055063
0.071432
0.075891
0.063434
0.060998
0.058931
0.071497
0.058395
0.061292
0.063246
0.058366
0.057963
0.067902
0.054414
0.045980
0.047737
0.051754
0.046373
0.046742
0.041240
0.055199
0.047653
0.043243
0.040246
0.039866
0.039143
0.042908
0.037497
0.037497
0.039747
0.037474
0.033756
0.033756
0.033377
0.035430
0.036415
0.035430
0.045368
0.032489
0.028812
0.032424
0.030370
0.038464
0.041539
0.032140
0.029414
0.030507
0.024143
0.019990
0.017793
0.023345
0.029860
0.024143
0.022030
0.029598
0.017433
0.023664
0.011060
0.026953
0.014600
0.024937
0.009100
0.017508
0.025553
0.013211
0.019977
0.033728
0.014837
0.017433
0.023664
0.029414
0.018010
0.014709
0.035768
0.021726
0.022325
0.013563
0.013211
0.013563
0.013927
0.017064
0.018094
0.023345
0.021726
0.024038
0.037399
0.003239
0.020700
0.005951
0.021900
0.012312
0.014478
0.021821
0.029830
0.017165
0.012028
0.030221
0.038510
0.038436
0.028913
0.011542
0.006708
0.014453
0.006148
0.012112
0.022617
0.022589
0.005418
0.010242
0.021396
0.008442
0.020629
0.032046
0.028746
0.004812
0.029196
0.006928
0.007870
0.013250
0.029685
0.012620
0.046581
0.038489
0.009739
0.010271
0.030062
0.023539
0.019325
0.025978
0.023038
0.025098
0.044175
0.023919
0.030358
0.029053
0.023539
0.029053
0.020307
0.020358
0.018131
0.019033
0.010909
0.018131
0.031351
0.011227
0.017110
0.023482
0.019033
0.025073
0.022801
0.016396
0.018131
0.031351
0.011791
0.015445
0.006928
0.014814
0.016118
0.019131
0.051060
0.025712
0.024407
0.029740
0.026764
0.039160
0.012123
0.020307
0.029740
0.023791
0.020689
0.035715
0.030468
0.022756
0.029382
0.045104
0.042642
0.047603
0.052647
0.053617
0.053234
0.063775
0.053169
0.048131
0.048131
0.050493
0.049667
0.053034
0.062665
0.059107
0.061674
0.056802
0.065079
0.066888
0.088832
0.071449
0.090808
0.092450
0.121024
0.110564
0.114297
0.123632
0.110175
0.104743
0.114427
0.103457
0.095010
0.109543
0.116980
0.113437
0.132159
0.132067
0.119404
0.114807
0.112449
0.126362
0.092077
0.077667
0.080704
0.095522
0.092077
0.084958
0.082229
0.075908
0.065214
0.075635
0.079776
0.054002
0.057499
0.062955
0.041644
0.043338
0.058933
0.047286
0.062168
0.052331
0.034222
0.033383
0.034243
0.032849
0.053398
0.048472
0.043133
0.040406
0.042871
0.061588
0.030662
0.026596
0.038106
0.060149
0.021281
0.048839
0.048319
0.030872
0.005292
0.014335
0.022595
0.021441
0.021441
0.023524
0.013364
0.057984
0.022507
0.035292
0.019941
0.037530
0.032821
0.029990
0.029283
0.017297
0.014909
0.019899
0.021021
0.034312
0.026484
0.018583
0.028997
0.021582
0.020922
0.022252
0.026990
0.021302
0.025150
0.029990
0.032286
0.032593
0.027750
0.041111
0.033363
0.034076
0.035580
0.035580
0.033233
0.031478
0.033597
0.033495
0.032849
0.034524
0.032021
0.038700
0.038700
0.040470
0.040470
0.035427
0.036954
0.035821
0.035821
0.035374
0.025014
0.016748
0.030971
0.004872
0.019052
0.030382
0.031668
0.015111
0.019723
0.026374
0.019057
0.024471
0.021058
0.020703
0.020682
0.026294
0.035885
0.038602
0.028737
0.030669
0.029114
0.034217
0.033351
0.026740
0.023365
0.026294
0.029017
0.026756
0.033785
0.035611
0.030589
0.023279
0.035714
0.037199
0.020390
0.038150
0.023038
0.028149
0.035611
0.031854
0.036583
0.041322
0.041322
0.062989
0.039598
0.047344
0.044877
0.043566
0.041973
0.047690
0.063888
0.057090
0.051179
0.046475
0.065465
0.059409
0.051924
0.048565
0.048565
0.043625
0.047141
0.046816
0.053528
0.057661
0.049787
0.049787
0.049787
0.051924
0.057993
0.061792
0.058578
0.061196
0.050940
0.047356
0.044995
0.044825
0.051032
0.061193
0.054535
0.056501
0.050682
0.049787
0.068339
0.051924
0.053528
0.049257
0.054428
0.058228
0.055780
0.057118
0.058334
0.057132
0.066628
0.065193
0.057645
0.060145
0.057412
0.059144
0.051469
0.052538
0.066233
0.078914
0.084295
0.082415
0.088802
0.090135
0.085166
0.087471
0.096848
0.081519
0.078938
0.080056
0.088972
0.074990
0.065376
0.066378
0.069788
0.062393
0.059231
0.070136
0.069841
0.074184
0.077354
0.040882
0.042543
0.015846
0.017899
0.036090
0.036428
0.019636
0.022027
0.028359
0.035637
0.035113
0.024028
0.025450
0.022027
0.021363
0.026791
0.032177
0.024227
0.021687
0.032417
0.014566
0.028025
0.022692
0.039632
0.035637
0.032868
0.030052
0.017786
0.032417
0.020125
0.019381
0.015244
0.015846
0.030032
0.009200
0.033446
0.011238
0.033679
0.011238
0.010227
0.025695
0.016129
0.053077
0.032888
0.036007
0.042480
0.047277
0.048487
0.046952
0.050859
0.045842
0.038243
0.040391
0.030909
0.029535
0.030909
0.055960
0.053154
0.039687
0.035430
0.036915
0.030382
0.026075
0.024322
0.026104
0.023057
0.035598
0.025662
0.022740
0.038367
0.028480
0.011116
0.031879
0.008697
0.007677
0.016915
0.010905
0.016915
0.024416
0.040564
0.015640
0.015640
0.007978
0.029248
0.005161
0.006004
0.002500
0.014346
0.004018
0.023234
0.019998
0.014423
0.011727
0.013231
0.016230
0.007340
0.033020
0.010527
0.013231
0.026206
0.023378
0.031759
0.006572
0.020768
0.011834
0.012238
0.032949
0.012440
0.009862
0.014653
0.005738
0.003245
0.011366
0.007304
0.006887
0.002500
0.014375
0.023466
0.057913
0.009562
0.017558
0.012098
0.040254
0.019753
0.028530
0.007677
0.014105
0.048934
0.031734
0.008608
0.021824
0.032822
0.028097
0.019939
0.018647
0.017283
0.026030
0.019800
0.023014
0.031879
0.026030
0.036281
0.041526
0.044177
0.046953
0.047938
0.046650
0.050981
0.050993
0.046650
0.048293
0.052626
0.062978
0.054409
0.045614
0.052075
0.043837
0.058908
0.053907
0.064620
0.063368
0.080031
0.071789
0.068426
0.074331
0.096910
0.076707
0.082055
0.085207
0.077081
0.083907
0.081440
0.090123
0.077283
0.091683
0.088461
0.090695
0.099229
0.093334
0.093912
0.109343
0.100437
0.099010
0.099869
0.099010
0.104497
0.104083
0.099888
0.101403
0.101403
0.097299
0.104177
0.105056
0.103635
0.102431
0.097741
0.101403
0.097366
0.089278
0.085788
0.085854
0.074608
0.075504
0.072437
0.072138
0.067318
0.054803
0.050962
0.060510
0.057497
0.056587
0.060111
0.064898
0.053812
0.057480
0.044532
0.052028
0.048029
0.041909
0.038372
0.034146
0.034626
0.035778
0.036204
0.033514
0.040009
0.032212
0.063074
0.059814
0.072856
0.079420
0.073721
0.068193
0.062533
0.061301
0.064897
0.060140
0.061473
0.063778
0.071737
0.063778
0.057539
0.040093
0.039716
0.031451
0.041699
0.033407
0.035363
0.028012
0.032532
0.021405
0.018174
0.017463
0.010477
0.011051
0.011633
0.019559
0.019023
0.007056
0.010233
0.006675
0.003191
0.036381
0.019625
0.005352
0.002142
0.018901
0.021020
0.022726
0.036367
0.027774
0.023346
0.031750
0.083709
0.089548
0.072934
0.077420
0.030429
0.026679
0.019805
0.021393
0.016299
0.020953
0.020953
0.013183
0.020953
0.002142
0.006568
0.006590
0.019309
0.019023
0.003810
0.005078
0.036394
0.007056
0.007463
0.027708
0.012340
0.012548
0.007353
0.009082
0.010705
0.004416
0.027660
0.015957
0.020390
0.016835
0.014366
0.011842
0.023967
0.022014
0.024849
0.031604
0.024665
0.036501
0.037666
0.047966
0.036670
0.038604
0.045928
0.040265
0.034500
0.027591
0.022296
0.026654
0.025100
0.026040
0.032050
0.031709
0.027416
0.033400
0.041355
0.040970
0.049963
0.043640
0.042304
0.040421
0.046321
0.046394
0.048771
0.052281
0.048289
0.056438
0.046161
0.046394
0.046394
0.046547
0.046927
0.049903
0.051820
0.046775
0.045550
0.044172
0.045411
0.046321
0.050034
0.041334
0.042640
0.041355
0.037666
0.045928
0.040421
0.045226
0.083780
0.074342
0.077880
0.079757
0.073652
0.066906
0.070779
0.074324
0.082362
0.080852
0.075010
0.062785
0.052687
0.058080
0.049302
0.053129
0.056628
0.053129
0.058259
0.074649
0.075002
0.068228
0.088424
0.086606
0.080163
0.081160
0.089222
0.086964
0.083277
0.084988
0.089999
0.084806
0.085099
0.080233
0.067442
0.067431
0.068531
0.058116
0.057783
0.050049
0.042670
0.044239
0.044623
0.035585
0.033293
0.038767
0.040118
0.046429
0.048291
0.050215
0.052659
0.060062
0.089541
0.066524
0.049181
0.080981
0.056602
0.060062
0.057551
0.056059
0.055693
0.057420
0.057044
0.056690
0.058405
0.059004
0.057072
0.057044
0.059038
0.066494
0.059993
0.059004
0.059004
0.055109
0.053806
0.053970
0.057568
0.056602
0.063812
0.075270
0.106607
0.092019
0.083904
0.064580
0.068222
0.056602
0.050560
0.046515
0.064681
0.050598
0.053005
0.060620
0.036451
0.034678
0.037536
0.062760
0.018281
0.026403
0.007890
0.016816
0.016511
0.002883
0.008187
0.051052
0.018064
0.018664
0.031880
0.024352
0.040102
0.018622
0.023137
0.016218
0.019888
0.034615
0.017927
0.042381
0.042690
0.019358
0.017623
0.041099
0.035937
0.036451
0.032022
0.041496
0.034779
0.040569
0.043126
0.039838
0.029337
0.026730
0.026454
0.036179
0.014844
0.021066
0.029001
0.019495
0.021982
0.020979
0.025413
0.036781
0.021597
0.018005
0.028005
0.027992
0.023522
0.026166
0.037012
0.032783
0.010457
0.002951
0.002273
0.044570
0.029011
0.034563
0.022444
0.021620
0.025436
0.036946
0.046795
0.036342
0.037554
0.058094
0.044496
0.041619
0.068164
0.095888
0.077971
0.094376
0.101168
0.102071
0.103030
0.095511
0.096640
0.094139
0.088345
0.095740
0.091776
0.090212
0.080957
0.091847
0.078828
0.096518
0.040278
0.028071
0.018327
0.020722
0.019615
0.027747
0.026674
0.022372
0.028056
0.031182
0.035740
0.033591
0.043706
0.043941
0.036575
0.042299
0.030262
0.038918
0.030654
0.032536
0.037910
0.028193
0.035394
0.072988
0.064162
0.068260
0.075287
0.085558
0.098313
0.082977
0.085675
0.087865
0.087576
0.087312
0.079905
0.084042
0.080310
0.081186
0.081490
0.088673
0.092055
0.099096
0.101545
0.097256
0.093453
0.082183
0.081009
0.073525
0.080155
0.076542
0.070834
0.072357
0.073178
0.075029
0.063776
0.061564
0.068414
0.065547
0.069287
0.060426
0.055512
0.051587
0.051605
0.064175
0.051872
0.064449
0.046506
0.072394
0.045239
0.037354
0.046168
0.052400
0.032725
0.028542
0.033146
0.040659
0.025160
0.022921
0.029179
0.054091
0.019893
0.023311
0.037310
0.038215
0.025308
0.026358
0.022279
0.025813
0.035692
0.031666
0.037683
0.040011
0.030384
0.033448
0.029102
0.048069
0.062918
0.027438
0.024306
0.056398
0.035467
0.039730
0.022921
0.024865
0.032706
0.024291
0.031439
0.029357
0.029703
0.052899
0.026529
0.018223
0.017282
0.017706
0.017706
0.017706
0.017706
0.018223
0.011185
0.012323
0.010276
0.017282
0.010276
0.009479
0.025624
0.017282
0.025891
0.010276
0.009479
0.010276
0.010063
0.005730
0.017706
0.034539
0.025624
0.025624
0.026145
0.016612
0.016612
0.016959
0.025460
0.003976
0.009676
0.025891
0.018088
0.034483
0.035176
0.018493
0.016385
0.034760
0.012181
0.009479
0.017024
0.017282
0.009500
0.017889
0.017713
0.009500
0.000370
0.001759
0.034013
0.025329
0.000506
0.001623
0.086574
0.016637
0.016637
0.025246
0.008831
0.033890
0.002136
0.009401
0.017091
0.004484
0.011122
0.019056
0.012855
0.019160
0.019160
0.010851
0.017470
0.011900
0.015119
0.015783
0.023126
0.054722
0.023337
0.021038
0.037214
0.014963
0.009608
0.029342
0.010985
0.011900
0.012855
0.027501
0.018228
0.004484
0.018512
0.006857
0.008232
0.018552
0.026245
0.013657
0.010985
0.037214
0.023080
0.022251
0.023126
0.054118
0.020276
0.046126
0.014739
0.022147
0.013742
0.037232
0.014432
0.016668
0.016090
0.016668
0.016906
0.017169
0.029496
0.016090
0.020430
0.013604
0.009993
0.019881
0.008232
0.027669
0.020430
0.019160
0.053112
0.062836
0.023771
0.037706
0.037826
0.046682
0.031466
0.025590
0.024559
0.038792
0.031709
0.039133
0.038792
0.025590
0.038792
0.020637
0.020252
0.033906
0.058426
0.038762
0.046522
0.047479
0.063423
0.051416
0.054057
0.042645
0.046736
0.045057
0.047774
0.048958
0.044765
0.050805
0.040993
0.045278
0.036274
0.042777
0.042223
0.028142
0.027029
0.029339
0.020559
0.031709
0.025071
0.024268
0.022608
0.018570
0.024268
0.014739
0.013742
0.028709
0.021038
0.019660
0.021038
0.012869
0.019160
0.018959
0.019160
0.010459
0.025900
0.027823
0.017202
0.009420
0.034710
0.017470
0.009420
0.034813
0.017470
0.027133
0.012855
0.018512
0.034710
0.017946
0.010214
0.013972
0.044471
0.028709
0.034281
0.012181
0.019404
0.017139
0.019893
0.025259
0.024291
0.019739
0.018358
0.021500
0.026648
0.113488
0.022393
0.017470
0.017470
0.081977
0.023028
0.019893
0.038962
0.013226
0.028789
0.027100
0.018690
0.026247
0.009079
0.059809
0.007977
0.008292
0.017470
0.034841
0.035419
0.021261
0.012363
0.009608
0.019643
0.027382
0.018552
0.004484
0.004120
0.017606
0.009286
0.004484
0.026100
0.009286
0.008958
0.008088
0.008830
0.007977
0.017445
0.017487
0.026310
0.008851
0.001623
0.001623
0.008851
0.017534
0.008851
0.000506
0.000809
0.017461
0.003114
0.010214
0.035345
0.016906
0.016303
0.018184
0.018873
0.033027
0.019019
0.036680
0.014963
0.022147
0.020842
0.021038
0.035690
0.020130
0.036420
0.036030
0.029035
0.027823
0.021832
0.017847
0.028883
0.029662
0.030340
0.028883
0.036745
0.017254
0.036640
0.061589
0.018119
0.015783
0.036745
0.052923
0.013127
0.021038
0.036745
0.043840
0.043840
0.035399
0.018552
0.035345
0.006857
0.026751
0.011823
0.012869
0.019643
0.012363
0.012363
0.037597
0.019941
0.025740
0.022833
0.040969
0.036714
0.031648
0.044677
0.030211
0.031669
0.030517
0.037069
0.037953
0.037070
0.045278
0.042978
0.046429
0.042727
0.049614
0.041472
0.045355
0.045812
0.044395
0.044463
0.047745
0.048026
0.048026
0.043023
0.041472
0.042645
0.044253
0.040993
0.038967
0.042619
0.043446
0.039097
0.039941
0.038671
0.040450
0.037619
0.036033
0.046052
0.028527
0.025080
0.025063
0.025635
0.025432
0.024390
0.025384
0.037005
0.023700
0.024779
0.021182
0.019328
0.015783
0.011900
0.010459
0.003114
0.018690
0.012323
0.013226
0.021804
0.044623
0.060616
0.050737
0.050737
0.050173
0.050382
0.030284
0.050525
0.026827
0.051997
0.039225
0.029005
0.040265
0.046595
0.047253
0.032069
0.034337
0.045875
0.031420
0.031420
0.037211
0.026242
0.049829
0.033322
0.030554
0.071619
0.071062
0.013318
0.020531
0.044057
0.052957
0.053443
0.027881
0.012181
0.044868
0.036075
0.027424
0.061438
0.044145
0.035830
0.044326
0.044326
0.044326
0.061298
0.036197
0.061680
0.036075
0.027881
0.061680
0.053138
0.027881
0.028397
0.037073
0.045246
0.054424
0.071386
0.039152
0.032315
0.035569
0.044193
0.051099
0.044623
0.037498
0.051099
0.051248
0.050382
0.042146
0.056311
0.055795
0.032898
0.031521
0.037579
0.038128
0.054556
