0.019546
0.048222
0.004037
0.105282
0.071044
0.131843
0.173289
0.123364
0.159549
0.144197
0.082082
0.203881
0.198456
0.114073
0.204767
0.109127
0.055252
0.093968
0.066818
0.023324
0.043840
0.044001
0.052689
0.047126
0.042833
0.045672
0.045349
0.049037
0.044741
0.050100
0.050083
0.046460
0.054998
0.037901
0.052246
0.074156
0.051742
0.201735
0.126688
0.202693
0.056177
0.053318
0.046897
0.055991
0.032318
0.037949
0.030835
0.041285
0.038069
0.042410
0.057320
0.051933
0.045422
0.040279
0.043758
0.051283
0.045210
0.046220
0.050549
0.037895
0.037094
0.047300
0.038001
0.074371
0.087125
0.068295
0.058706
0.048590
0.013335
0.035419
0.037906
0.016248
0.047403
0.050196
0.065245
0.068243
0.074666
0.057040
0.015550
0.017072
0.019945
0.036208
0.038489
0.045618
0.058913
0.038785
0.040422
0.018767
0.018992
0.018206
0.011985
0.017708
0.012414
0.017039
0.017992
0.015494
0.025493
0.013049
0.025386
0.032867
0.018037
0.010668
0.015559
0.017950
0.015494
0.018037
0.023027
0.010639
0.020462
0.020687
0.019201
0.025045
0.030315
0.036823
0.033926
0.043765
0.054877
0.050774
0.033237
0.046779
0.041485
0.035075
0.034265
0.029523
0.031075
0.020724
0.020555
0.042194
0.042230
0.041206
0.044468
0.038484
0.032349
0.032027
0.030033
0.025578
0.015898
0.007390
0.020056
0.026918
0.032412
0.035782
0.042013
0.042088
0.045916
0.045916
0.045619
0.042302
0.042088
0.040796
0.038876
0.036256
0.037018
0.029334
0.024249
0.013071
0.072922
0.014212
0.043585
0.476809
0.596884
0.393969
0.089352
0.314384
0.171056
0.272042
0.311894
0.236640
0.238409
0.174862
0.102659
0.103487
0.114282
0.076047
0.050945
0.014997
0.033693
0.045497
0.037692
0.026760
0.022395
0.026079
0.044241
0.062307
0.039523
0.039187
0.059697
0.049369
0.054957
0.064427
0.047788
0.053565
0.047018
0.025246
0.035933
0.037418
0.034232
0.022276
0.035850
0.037443
0.048789
0.046459
0.046641
0.034596
0.045708
0.071956
0.079177
0.083354
0.054043
0.033419
0.082498
0.065214
0.054444
0.033601
0.043461
0.073121
0.060283
0.042299
0.069111
0.078393
0.067408
0.030712
0.015888
0.183111
0.200185
0.146705
0.097182
0.031808
0.078204
0.041592
0.058095
0.057101
0.016235
0.070152
0.061729
0.060671
0.052821
0.057368
0.062010
0.054311
0.042735
0.036490
0.031555
0.022997
0.022306
0.026118
0.033310
0.028071
0.032246
0.042718
0.036587
0.033571
0.032980
0.037122
0.058860
0.029502
0.097249
0.083914
0.152310
0.133721
0.102914
0.087551
0.059458
0.116099
0.149590
0.106814
0.087314
0.173813
0.109157
0.174004
0.169425
0.217869
0.040946
0.022013
0.045312
0.046225
0.068278
0.458646
0.067455
0.031961
0.092567
0.501334
0.062273
0.044714
0.122070
0.150030
0.036832
0.105515
0.198209
0.113847
0.098075
0.074184
0.179335
0.055440
0.150115
0.043066
0.291138
0.325881
0.208348
0.141227
0.088464
0.082763
0.098427
0.183376
0.044445
0.170681
0.106765
0.135956
0.109383
0.159038
0.148996
0.131506
0.081915
0.060834
0.037832
0.067121
0.067187
0.061707
0.101399
0.226343
0.109641
0.026649
0.028046
0.001386
0.018731
0.015252
0.039420
0.058802
0.051952
0.185207
0.200628
0.022914
0.163704
0.094912
0.157087
0.199194
0.259370
0.209413
0.239635
0.129004
0.047507
0.100876
0.088218
0.208339
0.254729
0.136457
0.095965
0.178906
0.167102
0.289940
0.428314
0.272684
0.028427
0.575210
0.166646
0.310847
0.132872
0.213563
0.094064
0.063293
0.088309
0.240731
0.138844
0.179752
0.027462
0.136410
0.070278
0.107785
0.057879
0.112898
0.075866
0.236633
0.111388
0.059577
0.093518
0.284398
0.311998
0.204981
0.114372
0.077566
0.093226
0.108114
0.092081
0.059947
0.049030
0.021644
0.013751
0.027011
0.044071
0.167201
0.139843
0.143976
0.173838
0.218118
0.120044
0.185126
0.109213
0.141865
0.160898
0.172406
0.121957
0.084169
0.059948
0.018555
0.026549
0.014631
0.014138
0.032471
0.036683
0.038584
0.034374
0.033568
0.033031
0.020490
0.031721
0.033123
0.029791
0.091304
0.092892
0.079402
0.073511
0.064404
0.069057
0.038391
0.067057
0.072611
0.030651
0.072266
0.056123
0.126221
0.102884
0.116321
0.084940
0.092438
0.054805
0.056604
0.059621
0.055180
0.066715
0.070884
0.069932
0.058244
0.074001
0.086342
0.099296
0.102474
0.083268
0.063456
0.054195
0.045537
0.036325
0.012034
0.017103
0.017056
0.028989
0.025247
0.049671
0.052647
0.056874
0.065046
0.069802
0.051470
0.017543
0.029498
0.045414
0.042901
0.034874
0.027157
0.036852
0.037792
0.042894
0.040554
0.037339
0.040573
0.038109
0.037070
0.044345
0.050246
0.096424
0.049173
0.046145
0.048901
0.040642
0.033871
0.027979
0.023151
0.039518
0.023548
0.035434
0.014919
0.020804
0.091742
0.035513
0.007621
0.000840
0.015032
0.020971
0.027382
0.051677
0.067564
0.049718
0.042560
0.023272
0.032716
0.035737
0.046998
0.058261
0.045554
0.030779
0.023893
0.014621
0.020224
0.011330
0.000748
0.020067
0.037841
0.052824
0.059643
0.058213
0.049098
0.049958
0.049739
0.052539
0.056267
0.054757
0.054527
0.057748
0.046147
0.043719
0.045438
0.035732
0.037854
0.059133
0.057673
0.058754
0.051921
0.054568
0.045591
0.044113
0.042513
0.049940
0.036789
0.041410
0.043578
0.029337
0.022897
0.023256
0.035458
0.015917
0.021459
0.005842
0.003720
0.022313
0.045964
0.057952
0.050782
0.220844
0.102659
0.092180
0.395277
0.184045
0.242281
0.216126
0.038576
0.127309
0.157818
0.096839
0.086326
0.077837
0.062581
0.064155
0.068258
0.057715
0.053247
0.058637
0.057673
0.055655
0.056450
0.053666
0.045109
0.046410
0.042382
0.034730
0.028245
0.028920
0.021713
0.032461
0.026834
0.029724
0.025073
0.028806
0.022312
0.018797
0.020067
0.015669
0.016126
0.011500
0.018895
0.014183
0.006820
0.018295
0.013179
0.094347
0.063334
0.098420
0.070163
0.087059
0.055155
0.067458
0.039301
0.026442
0.013394
0.021997
0.039353
0.022860
0.008856
0.018450
0.024615
0.014767
0.012464
0.015703
0.025138
0.016473
0.023377
0.012837
0.043392
0.058152
0.033579
0.024548
0.013279
0.004884
0.020313
0.022931
0.033684
0.028880
0.066342
0.064950
0.072279
0.065432
0.070142
0.074411
0.080117
0.076969
0.048723
0.031042
0.029517
0.055882
0.043015
0.022428
0.029414
0.031721
0.054286
0.018351
0.014818
0.056749
0.060235
0.071799
0.099015
0.081652
0.081918
0.040170
0.039384
0.036520
0.048294
0.029668
0.037169
0.020104
0.011376
0.013977
0.026421
0.019433
0.023985
0.020248
0.029018
0.023617
0.044159
0.056227
0.056111
0.058891
0.058192
0.058838
0.014379
0.000591
0.024439
0.041836
0.054628
0.049726
0.073350
0.003016
0.022494
0.007759
0.051682
0.052878
0.029681
0.024626
0.029627
0.018291
0.016277
0.016623
0.064783
0.047118
0.115032
0.025338
0.015714
0.016893
0.030964
0.034892
0.032996
0.013215
0.016086
0.007966
0.010008
0.031168
0.048139
0.056993
0.025357
0.027268
0.033068
0.027794
0.044923
0.026827
0.027306
0.008140
0.031137
0.051484
0.021109
0.068948
0.021377
0.012660
0.017747
0.037660
0.056675
0.042399
0.038498
0.054481
0.055209
0.038635
0.030379
0.015700
0.020195
0.012695
0.016126
0.024565
0.027930
0.025296
0.037969
0.021914
0.017698
0.018028
0.016086
0.007996
0.015566
0.007938
0.004690
0.013062
0.009374
0.011711
0.008965
0.007532
0.008251
0.007615
0.012576
0.003949
0.008760
0.009099
0.011752
0.013451
0.025577
0.015035
0.011609
0.011385
0.005040
0.002928
0.028735
0.008917
0.004222
0.018806
0.003976
0.008914
0.006459
0.004928
0.010025
0.022312
0.025339
0.023460
0.035812
0.053219
0.033015
0.020544
0.136394
0.094036
0.105500
0.044548
0.065814
0.114987
0.047867
0.070021
0.050825
0.033972
0.053011
0.046921
0.066618
0.051808
0.020583
0.017953
0.035269
0.060010
0.048215
0.047120
0.054542
0.083580
0.078993
0.083462
0.077136
0.022798
0.034789
0.026318
0.053848
0.054189
0.082836
0.011839
0.013649
0.011063
0.026922
0.028393
0.041429
0.056120
0.050246
0.045754
0.035629
0.024087
0.020286
0.024839
0.019630
0.021204
0.026836
0.035304
0.049374
0.045615
0.050693
0.060130
0.039363
0.028052
0.012414
0.023172
0.020001
0.026778
0.032027
0.015898
0.033939
0.019944
0.011161
0.074911
0.030970
0.015661
0.049071
0.113048
0.047823
0.075338
0.100352
0.125454
0.020148
0.041399
0.040196
0.065169
0.018295
0.053378
0.059984
0.035021
0.127078
0.214796
0.108720
0.196569
0.186830
0.211096
0.129602
0.204495
0.058969
0.140211
0.140908
0.045704
0.131854
0.160766
0.062001
0.095230
0.094765
0.063208
0.118550
0.066030
0.039119
0.028489
0.021531
0.046026
0.083831
0.054845
0.075281
0.074228
0.146144
0.225635
0.084876
0.079182
0.103334
0.107776
0.098140
0.092641
0.072714
0.071840
0.032895
0.020065
0.159907
0.078262
0.214887
0.273228
0.258354
0.389800
0.174081
0.154637
0.167305
0.085406
0.102760
0.149981
0.053201
0.094778
0.089340
0.142648
0.046886
0.076043
0.047747
0.039096
0.077716
0.047586
0.028798
0.020595
0.038745
0.023946
0.042772
0.081353
0.054688
0.062690
0.065843
0.049172
0.045395
0.044503
0.035902
0.026520
0.025348
0.035088
0.032495
0.030425
0.020645
0.023337
0.031513
0.028338
0.046688
0.044455
0.011749
0.020986
0.005529
0.010967
0.019597
0.019585
0.016203
0.041986
0.030106
0.033667
0.039758
0.029708
0.040507
0.026545
0.031829
0.030356
0.021271
0.052360
0.123956
0.071841
0.082172
0.059862
0.099555
0.038940
0.189272
0.060521
0.074921
0.050965
0.072092
0.050844
0.068519
0.026584
0.033835
0.033022
0.022731
0.018590
0.025296
0.019393
0.018796
0.023405
0.019607
0.017816
0.072337
0.081204
0.094683
0.055916
0.033064
0.075131
0.047167
0.072907
0.050520
0.063622
0.014622
0.066370
0.042424
0.034317
0.018134
0.028128
0.008778
0.012303
0.028683
0.021462
0.038030
0.054318
0.037180
0.039318
0.088387
0.156565
0.242213
0.140197
0.157901
0.112804
0.150543
0.171499
0.185199
0.155141
0.189730
0.163113
0.149043
0.146875
0.124959
0.160320
0.188428
0.127257
0.007906
0.258735
0.224938
0.195518
0.129312
0.077134
0.046348
0.224341
0.026822
0.119504
0.044272
0.212024
0.531249
0.190574
0.053128
0.103739
0.666320
0.082778
0.389240
0.376107
0.387461
0.017449
0.077956
0.314737
0.079314
0.060448
0.068181
0.519347
0.438745
0.470211
0.184420
0.085148
0.035567
0.321499
0.125841
0.436995
0.148303
0.358617
0.208970
0.347002
0.118502
0.079619
0.077560
0.529597
0.103083
0.258866
0.077070
0.201034
0.050570
0.014679
0.317746
0.321960
0.385443
0.275812
0.150824
0.096145
0.254294
0.985039
0.054946
0.185561
0.303247
0.267106
0.547466
0.243937
0.069066
0.374001
0.236261
0.112123
0.182075
0.138724
0.098006
0.058134
0.294630
0.231360
0.212889
0.082250
0.412322
0.238911
0.064127
0.045082
0.320588
0.144815
0.122585
0.027374
0.184124
0.103572
0.313793
0.063274
0.215202
0.234839
0.065111
0.161336
0.155466
0.288065
0.052284
0.554528
0.110301
0.158153
0.366456
0.390032
0.180020
0.127038
0.147852
0.139832
0.138830
0.256145
0.103618
0.096156
0.101414
0.374883
0.114909
0.131244
0.388235
0.059770
0.257487
0.111691
0.060547
0.203263
0.387754
0.187882
0.134935
0.087522
0.124244
0.140452
0.123068
0.271015
0.213710
0.111514
0.184734
0.161333
0.198855
0.171254
0.175361
0.155990
0.127832
0.168124
0.122364
0.115251
0.096681
0.146851
0.078490
0.044378
0.085723
0.108951
0.576069
0.173105
0.172121
0.062803
0.278841
0.141828
0.104271
0.298817
0.064206
0.183725
0.105942
0.087263
0.025201
0.304441
0.226257
0.124467
0.299216
0.111508
0.089010
0.177586
0.793457
0.125201
0.318233
0.206520
0.322427
0.297244
0.284227
0.714460
0.419897
0.233743
0.129550
0.330564
0.098670
0.544238
0.446768
0.264105
0.349887
0.209420
0.606697
0.145322
0.300367
0.109614
0.175343
0.105258
0.141704
0.233691
0.059869
0.053099
0.305239
0.424878
0.254463
0.248109
0.391607
0.261793
0.301014
0.698535
0.880335
0.601550
0.255397
0.350011
0.276660
0.167771
0.220277
0.238095
0.161138
0.120464
0.099204
0.117975
0.232842
0.569000
0.307503
0.319821
0.209027
0.143574
0.077464
0.083470
0.202418
0.228037
0.200296
0.112575
0.054982
0.030308
0.253627
0.075195
0.061245
0.064133
0.113120
0.203977
0.079235
0.209625
0.093445
0.060919
0.157400
0.121183
0.069739
0.284971
0.203585
0.129319
0.068743
0.103331
0.281779
0.057751
0.130109
0.187390
0.029476
0.038133
0.088040
0.054812
0.104688
0.135994
0.137362
0.154546
0.225468
0.328474
0.069887
0.054908
0.203202
0.403906
0.133047
0.122216
0.060331
0.136864
0.130631
0.058623
0.027080
0.105957
0.068248
0.037065
0.069465
0.081545
0.134952
0.087290
0.086112
0.081823
0.106552
0.021154
0.053621
0.038608
0.086627
0.147055
0.108982
0.118317
0.093664
0.008685
0.036120
0.039596
0.023784
0.063540
0.087931
0.034871
0.093443
0.063189
0.130944
0.048612
0.084062
0.048987
0.071766
0.078349
0.073723
0.107293
0.041463
0.112622
0.092735
0.108140
0.070860
0.128784
0.041947
0.033814
0.121850
0.148313
0.085286
0.073734
0.081999
0.069820
0.070616
0.039819
0.101632
0.056710
0.081929
0.034856
0.128876
0.059985
0.123376
0.597421
0.240178
0.287246
0.213793
0.253745
0.090545
0.117992
0.166655
0.087498
0.079341
0.265903
0.053228
0.099045
0.075818
0.027748
0.086063
0.114642
0.529492
0.353078
0.051762
0.122952
0.075730
0.177651
0.121422
0.138901
0.070635
0.068392
0.059052
0.074815
0.032667
0.138359
0.156867
0.071412
0.181868
0.131150
0.130513
0.097332
0.075327
0.085016
0.104415
0.107144
0.161717
0.037354
0.286875
0.141674
0.018024
0.070395
0.137975
0.106366
0.128166
0.101298
0.011190
0.073968
0.094346
0.066719
0.094562
0.112141
0.028719
0.042985
0.099056
0.044460
0.065174
0.020116
0.081818
0.028782
0.056064
0.164603
0.123413
0.031041
0.110126
0.070366
0.076156
0.142955
0.056560
0.089710
0.050331
0.114065
0.065075
0.052031
0.097288
0.146173
0.245251
0.084556
0.053152
0.154828
0.113627
0.078250
0.075397
0.149785
0.103932
0.070133
0.135310
0.067297
0.118591
0.036966
0.107808
0.257341
0.206565
0.282940
0.162830
0.283491
0.212561
0.141874
0.097782
0.414183
0.108334
0.278422
0.145536
0.070187
0.075791
0.085303
0.161957
0.073511
0.318036
0.179653
0.415481
0.205403
0.047379
0.335695
0.367332
0.474668
0.296089
0.398182
0.200826
0.156112
0.071593
0.208467
0.540907
0.031781
0.395424
0.274495
0.243518
0.096275
0.335271
0.270371
0.336636
0.287375
0.327562
0.170396
0.352757
0.123785
0.290190
0.311268
0.073126
0.322463
0.191911
0.292506
0.372258
0.188699
0.260852
0.220092
0.405858
0.331314
0.139412
0.166929
0.136199
0.283843
0.082762
0.019015
0.030042
0.210442
0.116885
0.069632
0.111441
0.167195
0.276829
0.334117
0.133509
0.259932
0.245866
0.055653
0.275515
0.204713
0.419503
0.323344
0.289843
0.411040
0.354766
0.366302
0.327048
0.378408
0.351809
0.381551
0.299907
0.252425
0.306182
0.293290
0.344434
0.273468
0.255803
0.337452
0.317760
0.329579
0.374757
0.159130
0.350734
0.357560
0.355178
0.372963
0.371495
0.264732
0.363348
0.322245
0.103776
0.021897
0.392288
0.199157
0.030616
0.349844
0.350229
0.044794
0.054121
0.196882
0.125883
0.086889
0.081503
0.115733
0.122425
0.111000
0.084576
0.034057
0.084120
0.046487
0.089857
0.050122
0.137300
0.051415
0.146774
0.042938
0.049336
0.072934
0.083122
0.089844
0.096605
0.043781
0.038069
0.015125
0.036594
0.049966
0.101925
0.034904
0.098004
0.043818
0.017978
0.104927
0.128991
0.106997
0.086431
0.021371
0.095013
0.287036
0.393595
0.309587
0.218701
0.254717
0.029107
0.237878
0.728103
0.228166
0.252506
0.293367
0.324743
0.335141
0.199088
0.418893
0.283697
0.195661
0.379675
0.262680
0.346777
0.222014
0.014205
0.250282
0.329271
0.222505
0.045699
0.080682
0.330606
0.331834
0.289042
0.077601
0.068730
0.074635
0.200150
0.290202
0.196762
0.090145
0.074469
0.083812
0.315690
0.091117
0.102476
0.289235
0.329295
0.187423
0.197833
0.303321
0.311190
0.334840
0.175888
0.189296
0.176525
0.093673
0.218082
0.149631
0.333161
0.028763
0.239308
0.193011
0.210508
0.098261
0.087487
0.151300
0.161553
0.315563
0.151679
0.304468
0.056368
0.147690
0.065027
0.278529
0.341556
0.332344
0.349105
0.079389
0.243514
0.345096
0.353184
0.367617
0.079174
0.156700
0.098088
0.094101
0.106704
0.038044
0.072345
0.065045
0.078786
0.026014
0.040758
0.063379
0.057962
0.105134
0.007373
0.054272
0.074780
0.137648
0.044884
0.078748
0.053904
0.018345
0.040900
0.092058
0.020079
0.040334
0.042182
0.023121
0.082996
0.072442
0.071675
0.064418
0.089906
0.021727
0.008394
0.022573
0.020444
0.093701
0.040609
0.014688
0.049667
0.138254
0.152102
0.072848
0.115527
0.112709
0.062015
0.018194
0.065569
0.128724
0.144419
0.068831
0.062985
0.172252
0.245317
0.146921
0.103713
0.120686
0.119231
0.040592
0.060025
0.080220
0.105389
0.058970
0.094383
0.023133
0.039591
0.089332
0.158978
0.071920
0.176930
0.262992
0.083715
0.079848
0.063916
0.132398
0.059323
0.122952
0.134735
0.087838
0.072919
0.086072
0.045637
0.093734
0.097196
0.045336
0.034047
0.072052
0.069567
0.065504
0.053556
0.040552
0.084613
0.016070
0.057167
0.034647
0.042590
0.094854
0.055630
0.106618
0.068674
0.062651
0.068282
0.007647
0.030100
0.052054
0.104755
0.028097
0.038317
0.060818
0.107254
0.015968
0.039654
0.153390
0.098031
0.111548
0.063662
0.073638
0.040575
0.005787
0.052062
0.138419
0.099554
0.105205
0.104822
0.103961
0.075113
0.032677
0.041182
0.019814
0.041804
0.048405
0.102976
0.060131
0.161880
0.094682
0.091479
0.079314
0.054440
0.080037
0.066298
0.100506
0.016776
0.079832
0.067411
0.053161
0.087658
0.114167
0.098294
0.052147
0.132571
0.104400
0.049986
0.052493
0.041984
0.036522
0.027695
0.058507
0.074876
0.062919
0.059239
0.094525
0.128133
0.104608
0.020303
0.070802
0.024102
0.074937
0.042486
0.025657
0.084707
0.095963
0.112529
0.091970
0.080268
0.037892
0.050762
0.023806
0.053071
0.048360
0.028854
0.033156
0.023927
0.073552
0.081223
0.115407
0.106366
0.106308
0.189339
0.047498
0.059245
0.046932
0.047627
0.078528
0.041612
0.013449
0.067884
0.101750
0.075938
0.062908
0.054521
0.041380
0.058193
0.091792
0.095921
0.094452
0.074070
0.067745
0.060155
0.060239
0.041218
0.099753
0.044312
0.043623
0.076993
0.049604
0.041060
0.031198
0.061842
0.030888
0.045134
0.048981
0.075222
0.019107
0.071040
0.072276
0.034161
0.022368
0.116144
0.043672
0.031112
0.013326
0.062879
0.043488
0.074103
0.093637
0.063511
0.017440
0.037221
0.013435
0.015436
0.015206
0.006314
0.031132
0.042760
0.040175
0.045065
0.035332
0.037294
0.024631
0.040003
0.028411
0.024362
0.059485
0.029602
0.046282
0.058427
0.032483
0.040309
0.047266
0.064473
0.084751
0.084173
0.080709
0.080306
0.093045
0.071638
0.099934
0.107338
0.108741
0.108649
0.073396
0.041713
0.060924
0.051290
0.012965
0.073776
0.049386
0.041454
0.028951
0.098066
0.156670
0.028984
0.088843
0.095120
0.048365
0.013424
0.011737
0.048159
0.011163
0.025993
0.040255
0.034496
0.021566
0.022622
0.028954
0.037796
0.045118
0.042470
0.049576
0.042910
0.042735
0.050079
0.038125
0.054126
0.043075
0.036519
0.047447
0.034686
0.028186
0.041001
0.043144
0.044862
0.032883
0.029783
0.013454
0.082292
0.039253
0.011368
0.066592
0.048575
0.071437
0.042441
0.052075
0.013152
0.047817
0.034067
0.032020
0.056838
0.053752
0.084802
0.074596
0.037352
0.028514
0.020738
0.013074
0.025665
0.023182
0.004888
0.013651
0.022293
0.017462
0.011163
0.025004
0.025046
0.029270
0.037058
0.020452
0.034725
0.045044
0.006381
0.039678
0.037713
0.042409
0.028246
0.029082
0.016059
0.118180
0.152409
0.144995
0.107428
0.068235
0.061791
0.034686
0.026924
0.044389
0.024893
0.020946
0.001032
0.012383
0.018106
0.016114
0.049328
0.025032
0.018028
0.008867
0.002482
0.006316
0.044205
0.042840
0.021788
0.023996
0.009800
0.039774
0.023183
0.020810
0.026755
0.023307
0.036182
0.038525
0.032846
0.016383
0.018900
0.023986
0.032544
0.025965
0.025263
0.021742
0.035327
0.052262
0.025647
0.020225
0.015768
0.011774
0.057763
0.038274
0.024737
0.004122
0.020674
0.022011
0.006252
0.025556
0.029033
0.016249
0.040518
0.045214
0.040221
0.035323
0.040371
0.028053
0.013553
0.022682
0.032856
0.042793
0.038367
0.037411
0.041868
0.039608
0.033360
0.044039
0.040824
0.004240
0.011864
0.004504
0.011232
0.005416
0.022831
0.018028
0.033326
0.022799
0.036372
0.020957
0.019627
0.042764
0.010755
0.022374
0.003976
0.027245
0.035374
0.045689
0.017315
0.015753
0.038834
0.033869
0.038916
0.033703
0.013029
0.014993
0.028606
0.032934
0.036453
0.026110
0.021939
0.025412
0.038011
0.043333
0.035637
0.043051
0.039399
0.044136
0.035256
0.027953
0.035824
0.032549
0.032517
0.027881
0.033497
0.036625
0.025575
0.014532
0.014804
0.022158
0.019711
0.013486
0.036039
0.007831
0.009265
0.017538
0.012404
0.005502
0.005650
0.013962
0.008351
0.014923
0.017909
0.017713
0.008103
0.029642
0.009079
0.011889
0.006565
0.021276
0.009317
0.010873
0.014639
0.031123
0.025070
0.019174
0.024619
0.031328
0.030834
0.030441
0.036822
0.047514
0.050862
0.056130
0.054600
0.042657
0.034286
0.041912
0.011274
0.024943
0.032854
0.042278
0.057616
0.050071
0.045181
0.034342
0.021476
0.032480
0.043083
0.028533
0.033639
0.018421
0.031669
0.037002
0.039972
0.036830
0.027337
0.032297
0.040280
0.039492
0.022088
0.034430
0.079712
0.048641
0.041647
0.041748
0.057211
0.025315
0.033350
0.045780
0.048254
0.053683
0.033103
0.041012
0.042389
0.056300
0.050013
0.027762
0.044377
0.047849
0.039208
0.036775
0.040462
0.075166
0.063657
0.058302
0.044003
0.036197
0.050421
0.034539
0.038223
0.062995
0.047938
0.065799
0.043108
0.100282
0.054287
0.087863
0.076975
0.069915
0.071520
0.057107
0.077067
0.071089
0.074437
0.074153
0.106121
0.075265
0.077139
0.077188
0.071421
0.085611
0.079453
0.081659
0.084814
0.085008
0.075719
0.081252
0.066191
0.072641
0.066512
0.073501
0.063681
0.075888
0.072761
0.069203
0.100727
0.073700
0.083761
0.074162
0.071167
0.063737
0.048864
0.064237
0.053638
0.052831
0.047026
0.060078
0.051979
0.047056
0.040254
0.057539
0.053620
0.056119
0.053953
0.048239
0.046999
0.052341
0.058001
0.055926
0.053150
0.051675
0.049394
0.068934
0.061387
0.056894
0.061114
0.052540
0.060656
0.058450
0.050717
0.044526
0.054405
0.050762
0.047026
0.037017
0.030069
0.026311
0.015397
0.018215
0.016946
0.019470
0.025746
0.019326
0.022067
0.018909
0.024866
0.023267
0.017726
0.021275
0.003663
0.021138
0.023827
0.026389
0.026825
0.019553
0.022899
0.014924
0.028976
0.018115
0.013286
0.017154
0.022899
0.016025
0.017786
0.013336
0.024434
0.030603
0.016116
0.010221
0.057462
0.018292
0.021055
0.018203
0.011730
0.018577
0.028621
0.017389
0.013383
0.009145
0.022826
0.021375
0.017404
0.029926
0.039574
0.028325
0.011393
0.015466
0.003890
0.031940
0.039902
0.008865
0.012669
0.006511
0.003597
0.009156
0.012252
0.008512
0.011058
0.009284
0.052098
0.030044
0.059012
0.028563
0.011083
0.015795
0.027756
0.041385
0.029926
0.041327
0.056835
0.033079
0.016255
0.008246
0.018322
0.017283
0.023639
0.035620
0.033630
0.038867
0.041533
0.026578
0.025478
0.023370
0.022555
0.014710
0.105640
0.069772
0.106990
0.068934
0.012599
0.013982
0.017391
0.019847
0.025475
0.024692
0.031053
0.031415
0.019201
0.024266
0.031801
0.043395
0.054267
0.054022
0.035587
0.045279
0.030420
0.013063
0.024874
0.005792
0.060259
0.029155
0.021545
0.012050
0.032950
0.029379
0.021626
0.024568
0.033233
0.032874
0.018882
0.023107
0.020590
0.015752
0.023017
0.018071
0.040642
0.031271
0.027999
0.038126
0.034452
0.033644
0.023539
0.017525
0.030058
0.029256
0.015032
0.061195
0.005653
0.021682
0.023985
0.031256
0.009352
0.014864
0.000019
0.009325
0.019955
0.018261
0.004839
0.008314
0.004382
0.002965
0.032053
0.014635
0.019230
0.002113
0.014979
0.027803
0.016059
0.035778
0.020299
0.005279
0.007831
0.014149
0.010803
0.018122
0.024029
0.020622
0.021092
0.024310
0.019629
0.020083
0.018558
0.021983
0.015404
0.021352
0.020226
0.009136
0.004429
0.029530
0.008407
0.016314
0.025767
0.022191
0.039744
0.028492
0.016499
0.007914
0.009480
0.004423
0.002566
0.025035
0.024197
0.019708
0.017907
0.008055
0.012631
0.010009
0.009361
0.009315
0.001068
0.021887
0.005948
0.007211
0.013666
0.014960
0.011933
0.012880
0.017352
0.051644
0.048321
0.044680
0.037489
0.027099
0.021013
0.025529
0.038293
0.045117
0.037158
0.031070
0.037408
0.024595
0.023354
0.022719
0.021154
0.009627
0.014552
0.003428
0.007103
0.011593
0.011098
0.030605
0.072889
0.046627
0.052681
0.034043
0.030062
0.031277
0.023231
0.018544
0.014268
0.017255
0.017411
0.013642
0.020360
0.014777
0.013642
0.009886
0.023576
0.028478
0.029416
0.030556
0.024652
0.020168
0.013446
0.015119
0.012970
0.014772
0.017150
0.018495
0.024912
0.028053
0.027981
0.040280
0.039713
0.041456
0.057951
0.050616
0.048921
0.048684
0.044840
0.047955
0.056577
0.043990
0.051849
0.050413
0.045592
0.036486
0.014621
0.019313
0.022001
0.017515
0.020227
0.038381
0.044415
0.032171
0.036830
0.040355
0.050427
0.037388
0.043733
0.055713
0.039560
0.036753
0.042979
0.017418
0.037507
0.022912
0.048653
0.041782
0.038541
0.045528
0.041806
0.029470
0.028618
0.049884
0.049211
0.056922
0.060306
0.057303
0.063882
0.059989
0.056491
0.064131
0.058294
0.058277
0.050829
0.060685
0.063123
0.060714
0.058214
0.056491
0.060848
0.053268
0.058179
0.063705
0.055712
0.055791
0.041142
0.060683
0.058521
0.048350
0.048312
0.058274
0.058485
0.053263
0.043430
0.045912
0.048396
0.048743
0.048904
0.051392
0.059689
0.063003
0.044395
0.061103
0.055310
0.062668
0.058268
0.061625
0.054151
0.053198
0.039795
0.037283
0.034740
0.046948
0.052373
0.049391
0.051627
0.061511
0.046713
0.059224
0.059274
0.062109
0.055047
0.065516
0.065363
0.056446
0.062924
0.064894
0.066106
0.066078
0.061702
0.057166
0.061534
0.059736
0.059262
0.054359
0.058569
0.056213
0.049671
0.052569
0.054747
0.053539
0.043329
0.046008
0.038175
0.047245
0.045066
0.042661
0.049242
0.039329
0.046271
0.036497
0.036185
0.033629
0.040901
0.038487
0.033533
0.040926
0.023807
0.033548
0.031176
0.031227
0.026548
0.031232
0.038518
0.031176
0.021568
0.029130
0.026744
0.031529
0.020308
0.031717
0.025123
0.024980
0.025123
0.020266
0.024948
0.029739
0.024201
0.023288
0.021381
0.021235
0.024009
0.026849
0.025180
0.029598
0.022842
0.027923
0.031079
0.030537
0.029785
0.029131
0.027278
0.033760
0.034272
0.035483
0.033471
0.032901
0.032414
0.030408
0.029453
0.027971
0.029046
0.029785
0.029046
0.027511
0.026356
0.027402
0.027038
0.029046
0.028051
0.026726
0.026431
0.027591
0.025815
0.024501
0.027858
0.026893
0.038082
0.028345
0.034520
0.032385
0.040842
0.039767
0.040998
0.043784
0.045702
0.047952
0.050655
0.048131
0.049047
0.049148
0.044033
0.045957
0.046978
0.051648
0.053899
0.054963
0.056775
0.058461
0.059457
0.055910
0.058601
0.062124
0.061745
0.058946
0.060933
0.066639
0.058836
0.058438
0.065633
0.063049
0.052572
0.063513
0.060178
0.062527
0.067447
0.065264
0.068797
0.062586
0.068075
0.061664
0.046287
0.050329
0.052690
0.052097
0.054824
0.050681
0.051387
0.053093
0.040081
0.047777
0.046764
0.051408
0.040644
0.045820
0.045744
0.047206
0.049437
0.049025
0.046628
0.046068
0.021093
0.032738
0.037232
0.041431
0.035566
0.041431
0.041628
0.041011
0.026539
0.025660
0.027690
0.027809
0.026497
0.018287
0.024972
0.022025
0.032787
0.012907
0.013036
0.014560
0.009984
0.014220
0.028952
0.015812
0.011348
0.011287
0.010318
0.021353
0.033309
0.020840
0.025201
0.026817
0.010067
0.001608
0.013446
0.007692
0.001433
0.028014
0.009403
0.008823
0.002553
0.010900
0.014085
0.015611
0.012994
0.024305
0.016970
0.029761
0.031647
0.022565
0.012053
0.014331
0.019881
0.031227
0.040431
0.020243
0.022026
0.024372
0.026480
0.032828
0.039206
0.030262
0.030183
0.038761
0.036378
0.040910
0.038059
0.036954
0.031466
0.036954
0.039721
0.008838
0.004004
0.004026
0.020556
0.009326
0.011334
0.005220
0.011099
0.009486
0.008595
0.004951
0.007204
0.003755
0.015121
0.002822
0.004951
0.011349
0.005211
0.003755
0.013775
0.013029
0.007562
0.006129
0.006217
0.005041
0.011596
0.008231
0.010032
0.014336
0.017861
0.007614
0.007076
0.009230
0.008569
0.008281
0.011652
0.014102
0.040203
0.031084
0.025636
0.031419
0.032428
0.032522
0.025994
0.043724
0.042202
0.053680
0.038953
0.033824
0.035228
0.038274
0.030631
0.039213
0.053209
0.049605
0.053680
0.052723
0.045984
0.044162
0.044553
0.034894
0.037002
0.034843
0.044174
0.058701
0.066234
0.049649
0.053888
0.051454
0.047878
0.041804
0.045028
0.048883
0.054777
0.053002
0.045756
0.050156
0.053555
0.057520
0.051330
0.045756
0.047820
0.058878
0.058292
0.070390
0.067683
0.065976
0.069970
0.062829
0.060863
0.065922
0.060016
0.051993
0.046248
0.047199
0.040679
0.037778
0.037664
0.040131
0.036251
0.037732
0.032490
0.030104
0.025918
0.026717
0.026502
0.032934
0.029179
0.026554
0.024981
0.023161
0.023956
0.023701
0.022824
0.022750
0.026158
0.024449
0.026985
0.021660
0.017603
0.020243
0.017626
0.018525
0.017626
0.015139
0.017258
0.016907
0.015637
0.013107
0.014902
0.015133
0.019920
0.019263
0.011451
0.014483
0.015093
0.008060
0.016251
0.010406
0.011413
0.020816
0.014448
0.014537
0.022075
0.013443
0.012768
0.013791
0.016413
0.020939
0.018525
0.018666
0.022543
0.009487
0.014041
0.019725
0.020673
0.016451
0.021769
0.019217
0.018540
0.022750
0.019699
0.020040
0.020669
0.026592
0.025151
0.021920
0.043184
0.028335
0.030635
0.029686
0.030062
0.026042
0.025373
0.045202
0.038957
0.033682
0.031557
0.032613
0.036678
0.043535
0.050548
0.047557
0.043021
0.045117
0.042915
0.041445
0.049267
0.048600
0.044450
0.050319
0.050940
0.046772
0.053275
0.051587
0.050099
0.050239
0.051980
0.050156
0.048493
0.049564
0.045543
0.034173
0.033362
0.035747
0.034130
0.029000
0.027602
0.035161
0.040807
0.050845
0.034894
0.029682
0.032095
0.029682
0.027725
0.027602
0.026792
0.026838
0.025362
0.018436
0.020662
0.030988
0.020271
0.027613
0.036767
0.041287
0.036767
0.045486
0.048172
0.044627
0.047201
0.045387
0.045317
0.044509
0.047319
0.054611
0.060100
0.058626
0.060477
0.063592
0.059865
0.064920
0.061977
0.057676
0.054475
0.065024
0.062893
0.064835
0.058626
0.062214
0.056911
0.057990
0.054419
0.051473
0.058111
0.053809
0.058471
0.055165
0.051868
0.042386
0.048986
0.054413
0.042832
0.031727
0.031727
0.043748
0.034744
0.035127
0.034920
0.031013
0.036444
0.039126
0.048135
0.089067
0.356551
0.416237
0.146156
0.139807
0.155479
0.116045
0.042395
0.034681
0.046273
0.102756
0.088415
0.098661
0.085385
0.083896
0.077533
0.125965
0.114754
0.011961
0.015249
0.014771
0.016278
0.021716
0.015855
0.088294
0.119020
0.120359
0.089402
0.066605
0.072903
0.055219
0.092134
0.113238
0.091056
0.061454
0.069730
0.138628
0.111172
0.173060
0.198699
0.313236
0.215048
0.132710
0.127713
0.177410
0.206246
0.203469
0.289658
0.308108
0.281948
0.301125
0.268102
0.293051
0.290038
0.253404
0.235693
0.249683
0.275683
0.279952
0.322944
0.363867
0.357020
0.361425
0.345582
0.358236
0.363697
0.362485
0.350427
0.349212
0.336003
0.307207
0.315628
0.334791
0.350986
0.341234
0.361080
0.366185
0.345496
0.310392
0.307572
0.345254
0.338492
0.350461
0.329110
0.325432
0.317111
0.308329
0.313127
0.292649
0.297361
0.284739
0.300112
0.297155
0.299545
0.287143
0.289623
0.294610
0.292064
0.273111
0.275449
0.253871
0.241125
0.251920
0.237423
0.238027
0.244340
0.230173
0.230929
0.226563
0.213857
0.240045
0.232940
0.224100
0.230212
0.231302
0.235914
0.229422
0.242262
0.240322
0.244266
0.258269
0.265040
0.278981
0.271217
0.281096
0.287923
0.292280
0.346390
0.340093
0.240656
0.133944
0.091146
0.039340
0.085322
0.106943
0.148316
0.123286
0.131070
0.131416
0.114389
0.124641
0.111021
0.093141
0.072540
0.056466
0.035187
0.035742
0.025626
0.065589
0.061828
0.061029
0.053041
0.080094
0.073142
0.030858
0.026101
0.012210
0.035900
0.070288
0.124773
0.138756
0.162258
0.168515
0.251045
0.209442
0.194594
0.307069
0.204502
0.109759
0.092858
0.036611
0.101442
0.075599
0.095778
0.097017
0.103683
0.050549
0.117905
0.085542
0.074759
0.142128
0.116701
0.119818
0.124156
0.130832
0.118992
0.249275
0.211195
0.246477
0.158422
0.181983
0.123074
0.259401
0.235087
0.224473
0.242581
0.235990
0.246775
0.211024
0.115887
0.116865
0.162261
0.198255
0.179019
0.201118
0.190550
0.080304
0.189081
0.167601
0.335326
0.272498
0.276537
0.187441
0.203658
0.208841
0.146945
0.235328
0.098007
0.166704
0.161397
0.217267
0.083676
0.132556
0.156317
0.149022
0.173785
0.174901
0.166900
0.183758
0.175290
0.172267
0.198346
0.177530
0.023906
0.075289
0.064384
0.085961
0.163642
0.102894
0.088233
0.145991
0.085184
0.104626
0.128305
0.055470
0.103889
0.061413
0.083604
0.067461
0.056600
0.042873
0.113401
0.116933
0.110415
0.034136
0.026689
0.024508
0.018538
0.025308
0.146977
0.053169
0.074930
0.179752
0.107931
0.010631
0.130615
0.027719
0.033884
0.060294
0.107135
0.061633
0.049877
0.087556
0.031776
0.115089
0.145850
0.187581
0.169283
0.141203
0.104535
0.121597
0.109386
0.095774
0.077388
0.042919
0.101724
0.255940
0.168822
0.231499
0.314549
0.246310
0.219629
0.184606
0.149729
0.146612
0.157172
0.166077
0.163862
0.154612
0.148900
0.120488
0.112987
0.059815
0.136381
0.142465
0.181726
0.176112
0.129590
0.094328
0.142758
0.110887
0.122943
0.077955
0.121161
0.086245
0.092572
0.148662
0.066799
0.060274
0.073910
0.084322
0.092772
0.088946
0.104634
0.053794
0.113608
0.068614
0.035436
0.037341
0.054067
0.046761
0.143640
0.096830
0.008476
0.055532
0.138576
0.060531
0.048200
0.012342
0.051567
0.083810
0.089931
0.104362
0.054748
0.026666
0.098045
0.105375
0.100186
0.082340
0.061356
0.108214
0.075991
0.099412
0.105250
0.090769
0.084295
0.006425
0.078100
0.096500
0.062547
0.024993
0.039415
0.077309
0.027998
0.054133
0.027601
0.097326
0.079141
0.020707
0.051347
0.081035
0.032437
0.040708
0.066756
0.068664
0.028984
0.038053
0.080630
0.092272
0.101210
0.145708
0.142235
0.175982
0.160766
0.130842
0.083730
0.142699
0.126847
0.184439
0.174864
0.198518
0.069532
0.101160
0.093311
0.066937
0.086063
0.133401
0.126616
0.134597
0.176662
0.126797
0.111212
0.083959
0.099450
0.053138
0.118305
0.153117
0.087128
0.096546
0.058462
0.104006
0.025683
0.106033
0.129388
0.079571
0.077587
0.095501
0.087791
0.023558
0.106170
0.094150
0.104067
0.054364
0.085582
0.074257
0.019805
0.015878
0.031235
0.017457
0.069386
0.052694
0.045363
0.037572
0.078848
0.106079
0.106182
0.080374
0.146292
0.093034
0.093419
0.072629
0.084463
0.088556
0.058170
0.025360
0.088317
0.070445
0.084245
0.080543
0.083308
0.101534
0.288948
0.418234
0.313869
0.231808
0.208841
0.266144
0.217401
0.183037
0.166208
0.165680
0.166317
0.153297
0.074199
0.128015
0.134008
0.107093
0.055693
0.028377
0.061988
0.086182
0.093111
0.072409
0.086590
0.104119
0.042283
0.051625
0.063598
0.025070
0.071366
0.093941
0.073458
0.106180
0.073240
0.049821
0.067138
0.077803
0.063499
0.055586
0.074660
0.014111
0.047657
0.086581
0.024807
0.109149
0.086657
0.037240
0.095951
0.047396
0.072065
0.120336
0.120823
0.113188
0.125468
0.128415
0.148961
0.133413
0.010850
0.122911
0.072879
0.067967
0.076785
0.065031
0.015550
0.045704
0.053135
0.036003
0.084882
0.065389
0.045611
0.122715
0.100127
0.044708
0.092812
0.114581
0.095654
0.052775
0.091774
0.106509
0.116928
0.100159
0.121410
0.070880
0.069962
0.064937
0.093358
0.082545
0.122466
0.077025
0.062983
0.067592
0.112359
0.065213
0.053199
0.082517
0.109021
0.053317
0.059343
0.061935
0.026745
0.072372
0.048783
0.075523
0.047180
0.088655
0.059592
0.011828
0.015096
0.153456
0.182812
0.153007
0.153288
0.126239
0.131671
0.154960
0.121303
0.167071
0.118579
0.140040
0.100265
0.119286
0.155412
0.025405
0.078486
0.169963
0.067413
0.053578
0.020969
0.069849
0.080737
0.083183
0.088726
0.061478
0.042079
0.053240
0.063832
0.052747
0.031058
0.022626
0.007874
0.074663
0.086154
0.073490
0.053541
0.089698
0.087173
0.107719
0.099223
0.063520
0.031397
0.038107
0.036386
0.035875
0.055246
0.065337
0.072928
0.061755
0.062495
0.097715
0.022777
0.033898
0.045932
0.030269
0.039528
0.040420
0.087375
0.082869
0.062392
0.068843
0.052567
0.070017
0.074346
0.058875
0.072590
0.036402
0.098884
0.061365
0.089143
0.072489
0.013022
0.027391
0.095804
0.045022
0.016213
0.018821
0.055022
0.047998
0.099773
0.054817
0.038847
0.021817
0.085922
0.063670
0.091878
0.045036
0.045561
0.034339
0.055299
0.039477
0.037962
0.042525
0.085333
0.070697
0.130866
0.144772
0.096605
0.073129
0.036114
0.040410
0.067043
0.073406
0.052210
0.062318
0.120177
0.158531
0.367276
0.501932
0.086400
0.172442
0.047128
0.047520
0.319456
0.261190
0.337711
0.425383
0.054714
0.211294
0.351349
0.281293
0.043814
0.069690
0.137087
0.102098
0.044476
0.022215
0.186085
0.180533
0.071946
0.106493
0.032833
0.215470
0.317675
0.285229
0.353416
0.371114
0.318469
0.316718
0.215570
0.197375
0.239239
0.101917
0.073268
0.018202
0.086696
0.086280
0.043604
0.076456
0.036167
0.079519
0.072902
0.057041
0.080566
0.029156
0.061582
0.093392
0.065774
0.087584
0.116703
0.083356
0.080573
0.165518
0.045464
0.128868
0.081390
0.087893
0.048167
0.028595
0.033377
0.055101
0.077141
0.047506
0.083885
0.048742
0.064089
0.061183
0.050153
0.056460
0.016751
0.049434
0.045824
0.047515
0.024709
0.027240
0.042187
0.019334
0.039271
0.057805
0.054541
0.070077
0.076083
0.066318
0.087322
0.067494
0.088522
0.045143
0.044492
0.053901
0.056947
0.067784
0.047729
0.040933
0.056523
0.083631
0.019047
0.082038
0.053698
0.078976
0.072832
0.096591
0.057062
0.095112
0.133080
0.113400
0.088760
0.084974
0.032799
0.105708
0.041602
0.053628
0.080621
0.054789
0.065089
0.060995
0.031553
0.102256
0.132010
0.040082
0.022771
0.027542
0.073559
0.104331
0.090203
0.086288
0.061729
0.093681
0.081676
0.037086
0.049290
0.038343
0.027085
0.031872
0.075825
0.098483
0.039596
0.047175
0.097080
0.140064
0.065161
0.080141
0.055516
0.085283
0.075473
0.053249
0.060000
0.110840
0.022656
0.095716
0.066770
0.083319
0.072881
0.064426
0.078887
0.189425
0.060048
0.094967
0.011378
0.090081
0.047029
0.045908
0.058534
0.031453
0.041274
0.104093
0.083443
0.092961
0.056488
0.027244
0.053484
0.107264
0.100691
0.128893
0.074792
0.057945
0.108677
0.089643
0.029774
0.106080
0.115131
0.097969
0.119991
0.010894
0.044894
0.083056
0.094298
0.082051
0.069027
0.107570
0.060670
0.062348
0.069117
0.061404
0.076313
0.066752
0.041409
0.038779
0.045941
0.040907
0.045041
0.044228
0.074711
0.073993
0.058508
0.057869
0.062240
0.040173
0.043690
0.045674
0.043735
0.057841
0.078405
0.078231
0.078547
0.056664
0.033904
0.085512
0.028516
0.038492
0.087038
0.116416
0.137799
0.074130
0.060289
0.030907
0.070269
0.050711
0.071521
0.066004
0.022821
0.010999
0.018089
0.004902
0.014294
0.009755
0.018864
0.056852
0.046793
0.039114
0.053483
0.067530
0.072590
0.078978
0.069294
0.065737
0.061171
0.055726
0.061486
0.057783
0.049739
0.046032
0.050133
0.053079
0.049308
0.049034
0.048691
0.047072
0.042282
0.042512
0.034261
0.029470
0.023610
0.018672
0.018721
0.023569
0.028644
0.033578
0.023011
0.014727
0.025505
0.029908
0.027321
0.033403
0.028896
0.042800
0.046645
0.038753
0.042498
0.040633
0.049770
0.053203
0.058922
0.063498
0.061279
0.056383
0.055943
0.055275
0.056226
0.066297
0.083134
0.065096
0.094456
0.046637
0.060154
0.036525
0.038182
0.041125
0.047830
0.047943
0.054718
0.048573
0.040953
0.040731
0.046035
0.043295
0.041314
0.039532
0.044143
0.045639
0.042890
0.050569
0.038324
0.035525
0.029550
0.032189
0.034195
0.036200
0.024114
0.043175
0.025663
0.030557
0.028088
0.028811
0.019788
0.027571
0.021169
0.026338
0.028664
0.042553
0.042188
0.045189
0.043703
0.045865
0.045063
0.041142
0.039083
0.036624
0.035378
0.031243
0.057413
0.080069
0.086939
0.079046
0.081399
0.075527
0.074095
0.092341
0.094489
0.112312
0.119642
0.119541
0.119666
0.117844
0.119884
0.110114
0.087873
0.078591
0.085583
0.075075
0.059343
0.066964
0.077808
0.073745
0.051799
0.046941
0.060964
0.065695
0.050377
0.049104
0.048553
0.048058
0.048966
0.051799
0.039910
0.042281
0.047330
0.044738
0.060174
0.062760
0.050849
0.040830
0.036811
0.025481
0.041987
0.041325
0.034815
0.026884
0.031662
0.028000
0.004270
0.025866
0.028215
0.018774
0.011795
0.014495
0.009613
0.017796
0.015487
0.009268
0.019153
0.025910
0.017267
0.019052
0.014634
0.019036
0.025182
0.028758
0.027951
0.028663
0.031371
0.031464
0.053064
0.044625
0.048668
0.052716
0.068509
0.059043
0.063056
0.059703
0.061166
0.055449
0.056706
0.058129
0.063965
0.059937
0.064539
0.063850
0.059905
0.052430
0.053161
0.056076
0.063710
0.061922
0.058975
0.059817
0.067799
0.057874
0.061639
0.070427
0.070366
0.069525
0.071330
0.068909
0.075466
0.073957
0.070384
0.062699
0.072886
0.071684
0.070816
0.070384
0.060449
0.059163
0.058489
0.057947
0.044121
0.040205
0.039851
0.035800
0.045845
0.042951
0.040693
0.038634
0.042830
0.040071
0.033539
0.032548
0.035159
0.035058
0.041908
0.040565
0.038010
0.036892
0.028266
0.028151
0.031336
0.027849
0.031991
0.025832
0.021860
0.031056
0.026116
0.030244
0.021608
0.015561
0.009739
0.004562
0.003726
0.003977
0.013703
0.005097
0.008138
0.010371
0.003607
0.010464
0.008302
0.009280
0.009273
0.019815
0.009177
0.006705
0.018875
0.014163
0.021159
0.025767
0.026457
0.021652
0.026105
0.027480
0.026121
0.027949
0.026015
0.033662
0.022192
0.020949
0.022192
0.030713
0.030058
0.042119
0.041157
0.040687
0.037401
0.041040
0.042921
0.038005
0.045046
0.041505
0.043825
0.045166
0.044212
0.042098
0.051119
0.050627
0.050627
0.051344
0.050500
0.053636
0.055832
0.062368
0.067705
0.067215
0.064597
0.066866
0.076469
0.074365
0.071551
0.074251
0.067750
0.069233
0.061840
0.076010
0.076495
0.064945
0.070497
0.060743
0.059487
0.053369
0.050921
0.051259
0.051813
0.065375
0.067908
0.035488
0.031329
0.018984
0.030275
0.029149
0.016272
0.014683
0.029101
0.008189
0.022240
0.015859
0.025064
0.031115
0.042044
0.042277
0.028282
0.044139
0.035971
0.033670
0.033073
0.039260
0.032760
0.029497
0.049679
0.045004
0.068635
0.056522
0.053000
0.070707
0.058792
0.067495
0.072109
0.062123
0.059348
0.058569
0.064762
0.054307
0.058158
0.059811
0.067505
0.047950
0.053993
0.046589
0.051879
0.049273
0.051697
0.042086
0.050537
0.051306
0.049827
0.050532
0.056596
0.046159
0.050432
0.054673
0.053802
0.044777
0.029970
0.038856
0.038911
0.037279
0.019862
0.013545
0.003762
0.006273
0.023641
0.023340
0.015093
0.026342
0.028364
0.018097
0.014460
0.021998
0.010552
0.013738
0.013879
0.013806
0.019150
0.017841
0.020845
0.023917
0.023390
0.027644
0.014219
0.017365
0.011064
0.008437
0.001994
0.008651
0.006786
0.009242
0.011577
0.011249
0.008603
0.013554
0.008390
0.013495
0.016285
0.016630
0.014219
0.013656
0.020845
0.019313
0.015523
0.018860
0.011232
0.013265
0.012745
0.008599
0.012544
0.005640
0.005965
0.001126
0.006726
0.008175
0.009928
0.019921
0.014885
0.025711
0.022423
0.030688
0.031037
0.032912
0.041697
0.043567
0.071215
0.072196
0.074593
0.055156
0.059265
0.065194
0.075236
0.073026
0.075517
0.072960
0.054071
0.057134
0.049998
0.046355
0.039241
0.043706
0.043301
0.052262
0.042889
0.036389
0.039742
0.041388
0.033870
0.025764
0.023233
0.034008
0.027369
0.026384
0.018933
0.023280
0.016398
0.012018
0.018179
0.006526
0.010239
0.001579
0.004197
0.008978
0.008999
0.002505
0.001797
0.002541
0.011615
0.006517
0.008978
0.006735
0.011615
0.009292
0.009204
0.011721
0.009829
0.015110
0.005608
0.015670
0.006526
0.004398
0.002598
0.007159
0.004200
0.007569
0.012629
0.025434
0.030292
0.042685
0.053516
0.061854
0.063990
0.070004
0.079997
0.068725
0.065011
0.075706
0.064227
0.073089
0.072058
0.067114
0.067576
0.049964
0.040348
0.025149
0.023512
0.030207
0.029579
0.023565
0.014239
0.017629
0.017331
0.033934
0.062627
0.067037
0.063109
0.062277
0.091664
0.071941
0.045182
0.039730
0.035325
0.031024
0.027642
0.009410
0.012367
0.014145
0.017822
0.026362
0.032849
0.030337
0.038437
0.039574
0.064206
0.038787
0.036171
0.006340
0.004369
0.008879
0.020478
0.020402
0.013925
0.005046
0.011606
0.003980
0.004566
0.008434
0.016451
0.012247
0.016656
0.029573
0.023762
0.021899
0.023437
0.025513
0.023597
0.029709
0.031268
0.038104
0.041828
0.037521
0.042284
0.050293
0.071500
0.076034
0.073021
0.067796
0.067730
0.077095
0.075710
0.070042
0.072351
0.076405
0.077965
0.067577
0.065842
0.072684
0.068823
0.064962
0.059319
0.046667
0.045903
0.048299
0.044641
0.041722
0.042481
0.039500
0.039873
0.030377
0.033951
0.030266
0.031551
0.031921
0.024499
0.029076
0.030235
0.015280
0.021636
0.011827
0.011520
0.016484
0.012034
0.007651
0.004145
0.018482
0.039628
0.019747
0.019776
0.032024
0.044445
0.041364
0.028943
0.034207
0.039574
0.038668
0.034846
0.041348
0.045035
0.047180
0.042527
0.040998
0.039098
0.036524
0.026386
0.015243
0.020721
0.018703
0.022467
0.026935
0.028409
0.032826
0.027794
0.045024
0.041265
0.041506
0.051855
0.055336
0.051194
0.051219
0.050909
0.049810
0.053519
0.055439
0.053439
0.043720
0.049037
0.049339
0.044087
0.040677
0.036163
0.036511
0.038713
0.030675
0.026789
0.024169
0.023613
0.022418
0.022632
0.017606
0.017697
0.012518
0.016199
0.007460
0.017030
0.015911
0.017124
0.010754
0.014787
0.013031
0.022650
0.019766
0.012686
0.007460
0.007889
0.010443
0.005415
0.004697
0.004539
0.004490
0.006003
0.005668
0.004652
0.006608
0.011050
0.022828
0.021296
0.016375
0.018829
0.019193
0.021759
0.020095
0.023191
0.018550
0.023952
0.029338
0.028242
0.037388
0.034705
0.039551
0.033182
0.031052
0.043622
0.046179
0.037161
0.031299
0.042381
0.040614
0.039104
0.034347
0.037284
0.041559
0.038008
0.046961
0.046307
0.040120
0.045242
0.040039
0.040498
0.039104
0.043619
0.038457
0.035519
0.035753
0.034222
0.030835
0.032984
0.034659
0.032453
0.027791
0.024416
0.020480
0.026939
0.026337
0.022680
0.024788
0.020238
0.021728
0.028223
0.027823
0.016904
0.020504
0.028901
0.016693
0.018435
0.018629
0.020419
0.016275
0.015865
0.017313
0.015662
0.019301
0.019301
0.013800
0.014582
0.015969
0.013253
0.017313
0.025578
0.025399
0.024933
0.016619
0.012515
0.022583
0.022184
0.015799
0.014916
0.012688
0.013680
0.017936
0.017661
0.010666
0.014397
0.009249
0.013091
0.007797
0.004898
0.003098
0.005511
0.007900
0.005497
0.005420
0.008080
0.008080
0.001546
0.004127
0.003073
0.003121
0.003153
0.010400
0.007909
0.003153
0.003313
0.006600
0.010483
0.017832
0.012980
0.015324
0.010152
0.015717
0.016911
0.023990
0.008147
0.019078
0.023990
0.010152
0.016157
0.007128
0.009230
0.015884
0.013605
0.008568
0.008212
0.015396
0.002955
0.000778
0.008552
0.013327
0.013327
0.011055
0.016339
0.010759
0.010403
0.009290
0.008926
0.012402
0.021549
0.014134
0.011050
0.018921
0.021931
0.017408
0.017313
0.015365
0.018145
0.011474
0.012104
0.017936
0.014001
0.004898
0.013794
0.010442
0.003855
0.010442
0.008012
0.010353
0.012874
0.010526
0.010430
0.005440
0.008042
0.005604
0.007996
0.010540
0.010422
0.008230
0.012849
0.020247
0.012834
0.007909
0.012827
0.010378
0.005498
0.007958
0.012849
0.007886
0.015295
0.015284
0.012829
0.007918
0.012855
0.012849
0.017769
0.015298
0.012931
0.010879
0.011254
0.013327
0.014916
0.017936
0.010633
0.014781
0.017408
0.022184
0.019898
0.012175
0.018710
0.013327
0.008510
0.015396
0.010386
0.012817
0.003252
0.001419
0.002376
0.001790
0.005910
0.006185
0.012944
0.010575
0.006394
0.004164
0.003728
0.005951
0.003440
0.010494
0.005757
0.010592
0.010422
0.005706
0.005910
0.015479
0.005049
0.007725
0.010999
0.007005
0.011629
0.009798
0.007820
0.006763
0.008111
0.007197
0.008142
0.011784
0.009357
0.011241
0.016490
0.015516
0.014100
0.013806
0.015689
0.014755
0.016559
0.016935
0.015495
0.019654
0.021259
0.016017
0.016563
0.016023
0.021259
0.016061
0.016692
0.015516
0.017649
0.016039
0.015480
0.015294
0.016436
0.015644
0.018238
0.016563
0.017501
0.018142
0.016555
0.019073
0.019555
0.020405
0.017942
0.020039
0.019852
0.019919
0.018448
0.018448
0.020891
0.018957
0.018067
0.018670
0.018578
0.018670
0.018272
0.020894
0.017501
0.017632
0.020551
0.021349
0.017486
0.017942
0.018448
0.017632
0.018448
0.019435
0.020100
0.018238
0.014967
0.014208
0.017298
0.013267
0.014728
0.012785
0.012318
0.011761
0.011761
0.014271
0.010702
0.010702
0.013536
0.013321
0.005863
0.005997
0.009269
0.011162
0.007117
0.006393
0.007692
0.007873
0.016268
0.016645
0.016963
0.019361
0.017297
0.018026
0.023116
0.026384
0.027203
0.017298
0.017766
0.019324
0.017416
0.016061
0.021980
0.015196
0.015566
0.017766
0.016490
0.014706
0.017606
0.015689
0.019212
0.020100
0.015644
0.019212
0.021992
0.017942
0.025750
0.021879
0.025068
0.022849
0.021783
0.019198
0.019083
0.019555
0.018670
0.020658
0.023249
0.035011
0.034213
0.033987
0.030825
0.043218
0.037619
0.034121
0.032585
0.029615
0.030131
0.029873
0.029370
0.034782
0.036403
0.035006
0.037836
0.052123
0.044196
0.044552
0.043839
0.041013
0.037868
0.043720
0.040415
0.042202
0.045773
0.045896
0.049993
0.054744
0.052389
0.054108
0.053475
0.055193
0.046333
0.044179
0.041502
0.037192
0.032022
0.038556
0.045406
0.038490
0.046404
0.038423
0.036677
0.035861
0.037354
0.035213
0.027856
0.028928
0.032895
0.035837
0.032204
0.035923
0.032476
0.035119
0.032846
0.032476
0.030618
0.032943
0.033224
0.022265
0.026279
0.024663
0.039333
0.035505
0.022784
0.008265
0.015269
0.021043
0.025580
0.016881
0.015458
0.013354
0.012134
0.008040
0.016961
0.019967
0.019914
0.011913
0.019026
0.011792
0.014197
0.031567
0.014121
0.008997
0.009002
0.019731
0.005179
0.016257
0.017857
0.013457
0.005945
0.012622
0.010107
0.008678
0.017370
0.021360
0.014170
0.016884
0.015209
0.019605
0.019269
0.025189
0.019994
0.021968
0.021813
0.039808
0.052412
0.052425
0.048554
0.052412
0.045745
0.048154
0.036622
0.035956
0.058326
0.055428
0.050987
0.056504
0.050545
0.065500
0.064291
0.065902
0.071105
0.059232
0.060709
0.039250
0.079283
0.063575
0.062701
0.037731
0.035167
0.053743
0.052240
0.056368
0.042668
0.070149
0.063069
0.058710
0.064962
0.072228
0.063661
0.064070
0.060691
0.053667
0.052588
0.054787
0.050640
0.055607
0.053115
0.046646
0.053665
0.042090
0.045008
0.035825
0.033091
0.025355
0.009329
0.007310
0.009201
0.022900
0.016536
0.028687
0.025580
0.015823
0.019084
0.015788
0.017105
0.032728
0.025782
0.038750
0.028171
0.015485
0.035268
0.017341
0.023275
0.033469
0.023573
0.007520
0.009529
0.009744
0.015668
0.015485
0.015482
0.015634
0.015477
0.017958
0.021063
0.023494
0.030816
0.027354
0.017406
0.017467
0.018638
0.016997
0.023221
0.026440
0.033507
0.033552
0.034983
0.035302
0.030800
0.040937
0.043823
0.040058
0.039890
0.046096
0.049056
0.048537
0.046462
0.047513
0.042926
0.050847
0.044913
0.037734
0.058632
0.052877
0.058025
0.057434
0.060060
0.062777
0.061743
0.061009
0.056775
0.061387
0.064773
0.055250
0.050059
0.054770
0.053311
0.050665
0.054554
0.059183
0.065461
0.054418
0.064145
0.061759
0.057372
0.055567
0.060361
0.056242
0.059487
0.060361
0.061013
0.063966
0.062279
0.061011
0.062394
0.061228
0.058910
0.059810
0.063264
0.062777
0.062790
0.064636
0.063472
0.064949
0.055273
0.050833
0.056301
0.064295
0.062318
0.056375
0.056065
0.050948
0.045554
0.044813
0.045165
0.042489
0.039601
0.038765
0.042724
0.022798
0.042921
0.018140
0.022288
0.013338
0.012354
0.008283
0.018856
0.017248
0.006677
0.005754
0.013933
0.016590
0.006945
0.027970
0.014631
0.014237
0.030852
0.014652
0.000000
0.013461
0.024384
0.013269
0.013568
0.011185
0.010885
0.002626
0.005398
0.013036
0.004924
0.021689
0.020840
0.014418
0.009322
0.010445
0.004380
0.015497
0.012625
0.014418
0.004144
0.000000
0.002599
0.006304
0.004577
0.014885
0.010144
0.010868
0.007550
0.005204
0.006429
0.005072
0.007841
0.002471
0.005908
0.000606
0.005204
0.002057
0.010389
0.007566
0.004577
0.005080
0.001742
0.003101
0.007550
0.006475
0.004213
0.007841
0.002626
0.009836
0.002471
0.005754
0.011321
0.006711
0.004144
0.005329
0.010175
0.013852
0.045554
0.050554
0.048406
0.053955
0.037061
0.033318
0.086847
0.063602
0.060296
0.052590
0.040679
0.060984
0.048930
0.067118
0.068952
0.074634
0.071437
0.063845
0.087370
0.078801
0.082165
0.078328
0.089827
0.090153
0.090220
0.069587
0.065090
0.082733
0.086563
0.060574
0.025367
0.033997
0.031060
0.033590
0.039208
0.053939
0.071018
0.062365
0.059686
0.061096
0.057867
0.051505
0.054540
0.051024
0.048847
0.037993
0.039531
0.039349
0.055400
0.041999
0.041479
0.033332
0.040402
0.045825
0.049317
0.052185
0.050908
0.052403
0.051880
0.053011
0.052104
0.053278
0.042969
0.046466
0.038247
0.037528
0.017629
0.028628
0.038778
0.036471
0.027415
0.039640
0.039922
0.033230
0.029098
0.011991
0.036678
0.043607
0.024522
0.032981
0.024369
0.013166
0.030136
0.039009
0.042656
0.002765
0.012922
0.016765
0.002545
0.013952
0.001947
0.005552
0.008624
0.014659
0.004287
0.002786
0.012745
0.006300
0.005390
0.004847
0.004834
0.005297
0.007169
0.007671
0.007281
0.005253
0.005604
0.004652
0.005737
0.009547
0.006907
0.010586
0.009965
0.011156
0.013436
0.011520
0.010641
0.013108
0.006644
0.012503
0.006287
0.030186
0.017628
0.010709
0.007822
0.005287
0.007754
0.013424
0.022398
0.024529
0.037417
0.055668
0.033929
0.038941
0.056117
0.046635
0.038241
0.033706
0.046531
0.058392
0.057990
0.046531
0.041897
0.045010
0.040743
0.043236
0.047936
0.056536
0.048003
0.051361
0.050381
0.056117
0.055323
0.055773
0.058767
0.056344
0.052463
0.057752
0.053275
0.055773
0.048382
0.037743
0.050549
0.043655
0.038395
0.037311
0.044637
0.043236
0.050915
0.051934
0.048663
0.060047
0.066165
0.057699
0.064231
0.060112
0.055021
0.049898
0.055239
0.053286
0.071212
0.079658
0.076082
0.068961
0.066095
0.061754
0.066895
0.069543
0.079937
0.073718
0.079605
0.076520
0.077664
0.059454
0.077291
0.067123
0.067560
0.064855
0.068802
0.053776
0.050441
0.049087
0.055542
0.057218
0.053925
0.047859
0.046663
0.049649
0.061614
0.056808
0.056505
0.049095
0.047527
0.045133
0.056913
0.060058
0.054077
0.049095
0.054804
0.047086
0.046354
0.049199
0.056600
0.052313
0.056282
0.058540
0.055231
0.053940
0.054475
0.058908
0.059296
0.051697
0.061425
0.055527
0.051441
0.053516
0.055299
0.054249
0.042451
0.036108
0.040730
0.048375
0.036552
0.041980
0.036089
0.031843
0.030801
0.031952
0.033949
0.021776
0.029809
0.033292
0.021719
0.012656
0.018968
0.018121
0.024122
0.025829
0.020358
0.016188
0.011200
0.018037
0.012410
0.016784
0.016188
0.020157
0.026576
0.025043
0.020903
0.018476
0.024280
0.024439
0.025848
0.032166
0.031643
0.019996
0.026287
0.007458
0.006836
0.007520
0.002655
0.005165
0.009314
0.012425
0.006105
0.000135
0.008153
0.006703
0.012586
0.011602
0.011701
0.012862
0.010025
0.011679
0.007159
0.006703
0.007442
0.012586
0.005395
0.006192
0.006188
0.010838
0.000209
0.012743
0.009973
0.021850
0.023141
0.028871
0.015549
0.014988
0.012853
0.021052
0.027180
0.029784
0.020983
0.043729
0.040020
0.041514
0.046617
0.037003
0.052292
0.052435
0.054711
0.056634
0.044650
0.040416
0.041631
0.044260
0.046193
0.040020
0.045990
0.055520
0.048485
0.051200
0.050753
0.048769
0.045274
0.045567
0.054447
0.045795
0.051934
0.053220
0.057262
0.053171
0.046244
0.050132
0.058729
0.053808
0.055602
0.054823
0.047891
0.049739
0.051437
0.047539
0.044798
0.048032
0.054339
0.052973
0.051546
0.052659
0.057728
0.055183
0.075068
0.063738
0.077561
0.070383
0.054529
0.063673
0.043710
0.054530
0.059671
0.062616
0.064043
0.065687
0.067131
0.068533
0.069538
0.055675
0.062631
0.062199
0.065845
0.060294
0.064369
0.062633
0.066274
0.067570
0.057314
0.055786
0.038138
0.048808
0.051411
0.047264
0.033803
0.026502
0.034437
0.029184
0.014595
0.043468
0.027279
0.020287
0.038227
0.030040
0.016449
0.024273
0.025835
0.026899
0.025966
0.022368
0.023209
0.027612
0.029490
0.026644
0.032520
0.032833
0.038188
0.024414
0.021775
0.032745
0.030448
0.032575
0.039000
0.021423
0.031688
0.009140
0.005212
0.024796
0.023448
0.028868
0.030040
0.033365
0.040068
0.039398
0.035201
0.035666
0.035422
0.020967
0.010951
0.015109
0.016238
0.022327
0.019225
0.022957
0.023209
0.025023
0.026838
0.040830
0.009547
0.014960
0.013876
0.012632
0.016449
0.017152
0.015939
0.022285
0.021611
0.015642
0.026307
0.013552
0.007344
0.011710
0.016215
0.015873
0.011244
0.007000
0.002480
0.006385
0.014228
0.016262
0.002838
0.005492
0.003558
0.005656
0.001255
0.003488
0.001873
0.007080
0.011524
0.023129
0.016628
0.029027
0.017835
0.021419
0.030459
0.019750
0.021382
0.023653
0.028290
0.036959
0.038224
0.027462
0.032260
0.033144
0.025203
0.034632
0.046159
0.055946
0.028094
0.029970
0.020578
0.015611
0.030425
0.070821
0.044234
0.026585
0.022377
0.027708
0.017927
0.021880
0.032467
0.029006
0.031596
0.037671
0.023643
0.021382
0.021511
0.014321
0.016315
0.024517
0.027944
0.032205
0.041551
0.035436
0.054093
0.055929
0.057507
0.066598
0.067061
0.066743
0.062487
0.038201
0.063398
0.069085
0.066329
0.068849
0.071431
0.069726
0.053341
0.047264
0.053796
0.040887
0.058775
0.067927
0.037305
0.032616
0.021587
0.023261
0.009296
0.021278
0.020255
0.009248
0.006061
0.012035
0.005010
0.010105
0.015524
0.022566
0.024147
0.017322
0.019876
0.024147
0.014921
0.019187
0.013570
0.010706
0.014562
0.026744
0.032557
0.028552
0.030010
0.040247
0.051882
0.034946
0.042902
0.043370
0.049758
0.028496
0.020875
0.019623
0.025429
0.025429
0.029621
0.034000
0.044776
0.039001
0.040161
0.036818
0.048288
0.037204
0.019306
0.006653
0.020471
0.016074
0.001734
0.002412
0.009939
0.011145
0.004524
0.004024
0.012704
0.008788
0.013755
0.007407
0.003549
0.002336
0.000197
0.005777
0.011470
0.016450
0.005629
0.008254
0.004987
0.017260
0.020542
0.028315
0.025282
0.013111
0.014919
0.016098
0.028981
0.021355
0.015538
0.005885
0.003195
0.010939
0.002330
0.008588
0.017538
0.015544
0.002177
0.002419
0.009882
0.025864
0.009008
0.021507
0.044791
0.036273
0.041040
0.063724
0.032355
0.035761
0.025879
0.022439
0.021509
0.020348
0.012193
0.018137
0.031132
0.009002
0.004268
0.009326
0.007246
0.014876
0.015432
0.017340
0.020814
0.065901
0.027179
0.015383
0.072679
0.062782
0.075136
0.048618
0.052115
0.035891
0.047938
0.047244
0.073376
0.075328
0.003828
0.015377
0.039771
0.049490
0.041040
0.068809
0.065657
0.056536
0.052600
0.046966
0.059959
0.025920
0.047938
0.011618
0.020920
0.033545
0.009064
0.032353
0.058180
0.018782
0.041661
0.032136
0.046259
0.018851
0.039345
0.012737
0.026205
0.011195
0.014211
0.035451
0.061380
0.024816
0.020672
0.016197
0.042727
0.071673
0.059840
0.036027
0.029232
0.017755
0.021608
0.023493
0.014793
0.014676
0.011296
0.021441
0.023262
0.024500
0.005204
0.049479
0.017959
0.029003
0.009495
0.014841
0.012290
0.061320
0.041885
0.036358
0.036088
0.044486
0.013288
0.025411
0.059557
0.022954
0.011561
0.026597
0.079724
0.073398
0.030136
0.045009
0.046633
0.044032
0.041889
0.062343
0.058376
0.062297
0.079498
0.050931
0.027646
0.017250
0.024470
0.052112
0.055927
0.078400
0.077467
0.011641
0.028118
0.004189
0.051755
0.044753
0.021589
0.050031
0.042922
0.072432
0.085888
0.072612
0.080717
0.008239
0.086374
0.075683
0.058325
0.095053
0.057226
0.032536
0.026030
0.052600
0.042823
0.017178
0.036956
0.029081
0.008656
0.030305
0.097097
0.082219
0.011309
0.089034
0.059463
0.009515
0.061802
0.047713
0.064519
0.009775
0.019256
0.052907
0.022196
0.031125
0.047225
0.069165
0.075323
0.021988
0.028153
0.020955
0.041820
0.034207
0.049747
0.038048
0.023897
0.086095
0.020642
0.090045
0.038618
0.083560
0.021392
0.105794
0.118068
0.065331
0.095888
0.102480
0.117246
0.102292
0.083813
0.075667
0.151001
0.036581
0.037710
0.047657
0.049720
0.052606
0.023360
0.046871
0.053943
0.103588
0.115423
0.081969
0.047649
0.066673
0.038777
0.076703
0.019985
0.057084
0.124022
0.084018
0.086997
0.025702
0.053177
0.119555
0.133346
0.050223
0.164046
0.262904
0.114730
0.221173
0.082387
0.042424
0.099303
0.072482
0.078852
0.100757
0.145324
0.105044
0.217305
0.117116
0.074379
0.143216
0.076544
0.086080
0.065481
0.051410
0.039129
0.054884
0.092787
0.063551
0.045717
0.092311
0.129778
0.143246
0.248304
0.079277
0.074506
0.126978
0.325531
0.062522
0.116812
0.175126
0.072224
0.173150
0.109205
0.066713
0.135898
0.007775
0.164625
0.136261
0.043624
0.055780
0.067675
0.076022
0.058970
0.027173
0.081793
0.115878
0.064281
0.175607
0.204118
0.143297
0.063787
0.057818
0.095994
0.062975
0.212112
0.126574
0.090616
0.125420
0.124605
0.163183
0.196507
0.080552
0.093238
0.149533
0.086860
0.075227
0.159482
0.248214
0.201453
0.090816
0.119734
0.097894
0.146000
0.048876
0.247297
0.092734
0.039028
0.247081
0.148075
0.222601
0.013746
0.117106
0.087409
0.042090
0.043354
0.072324
0.166818
1.000000
0.187296
0.095176
0.190759
0.062022
0.171816
0.131677
0.108988
0.069898
0.059268
0.056151
0.028902
0.251830
0.118080
0.073580
0.136115
0.053950
0.159946
0.109874
0.094408
0.017183
0.186626
0.288041
0.315579
0.045057
0.044707
0.092574
0.097935
0.051459
0.104488
0.011825
0.066416
0.469968
0.099837
0.117517
0.041346
0.137952
0.061007
0.047057
0.056440
0.109764
0.121851
0.122810
0.040310
0.106628
0.089637
0.082925
0.068789
0.120125
0.071394
0.209588
0.079474
0.182626
0.271288
0.086737
0.072405
0.055381
0.086393
0.126327
0.032696
0.053630
0.026185
0.206156
0.032034
0.096428
0.051328
0.195487
0.074885
0.335018
0.152649
0.086671
0.073800
0.103569
0.079269
0.068581
0.113828
0.082418
0.168112
0.065003
0.064411
0.013868
0.103977
0.045966
0.097836
0.022354
0.074216
0.014620
0.100782
0.192707
0.085043
0.124538
0.121213
0.095013
0.104437
0.045892
0.124841
0.029335
0.085115
0.044397
0.098167
0.043406
0.112307
0.130932
0.107757
0.218207
0.055364
0.088733
0.144928
0.262529
0.129055
0.078347
0.084303
0.291184
0.057134
0.032219
0.158659
0.179439
0.181583
0.045613
0.029773
0.175093
0.116326
0.040683
0.063359
0.125948
0.102995
0.081346
0.126947
0.074161
0.081649
0.074758
0.070586
0.375986
0.167065
0.141629
0.056050
0.072486
0.094928
0.134305
0.027835
0.261643
0.093784
0.194910
