0.084390
0.072709
0.063784
0.191080
0.115267
0.203790
0.211416
0.158318
0.189059
0.135042
0.199569
0.219762
0.186465
0.195404
0.227834
0.188433
0.136669
0.162114
0.166905
0.220450
0.124833
0.076172
0.117025
0.136928
0.185011
0.094534
0.043685
0.207576
0.089929
0.128132
0.062365
0.103745
0.013747
0.059130
0.048149
0.021107
0.031887
0.126500
0.019672
0.038913
0.105578
0.101677
0.036423
0.040300
0.169805
0.085545
0.001215
0.064531
0.043061
0.001215
0.046305
0.081379
0.075008
0.106110
0.050629
0.057348
0.084284
0.222000
0.091162
0.058920
0.016206
0.053217
0.180204
0.140479
0.132775
0.145246
0.138452
0.207576
0.038517
0.165027
0.138867
0.145341
0.109279
0.062550
0.176513
0.101205
0.207847
0.140479
0.067200
0.095962
0.035720
0.229528
0.038913
0.019845
0.063769
0.159808
0.073808
0.016655
0.058920
0.002095
0.051522
0.051391
0.050412
0.024285
0.105262
0.144229
0.172317
0.086785
0.094211
0.083503
0.084284
0.062130
0.035149
0.089025
0.055697
0.002095
0.037869
0.034181
0.046305
0.132758
0.144058
0.092173
0.050629
0.130480
0.054564
0.062130
0.092173
0.053217
0.024285
0.042250
0.033142
0.012656
0.185519
0.043685
0.024285
0.165507
0.168980
0.169717
0.208836
0.124190
0.124408
0.148148
0.019022
0.172151
0.021446
0.002741
0.105908
0.045363
0.219546
0.035689
0.052225
0.100456
0.085542
0.068289
0.183340
0.161783
0.149431
0.104847
0.122416
0.346664
0.336378
0.225795
0.210908
0.108255
0.133065
0.065799
0.256871
0.047718
0.148954
0.056695
0.262188
0.325908
0.196414
0.203847
0.210908
0.172575
0.136036
0.126299
0.113386
0.065314
0.072650
0.075286
0.076786
0.085542
0.019239
0.002741
0.019788
0.097313
0.054963
0.017351
0.191586
0.104017
0.091248
0.149762
0.206160
0.030779
0.187333
0.005234
0.063258
0.081936
0.056976
0.066004
0.104596
0.036173
0.212778
0.020316
0.036173
0.023019
0.020315
0.090983
0.021292
0.026816
0.124953
0.060773
0.060979
0.012097
0.051442
0.054863
0.074723
0.072466
0.162159
0.181227
0.081419
0.068979
0.126162
0.071914
0.093790
0.128020
0.066193
0.073422
0.031409
0.095656
0.046666
0.080377
0.359531
0.165675
0.075296
0.103329
0.102792
0.102815
0.105567
0.209364
0.107048
0.122825
0.126064
0.082503
0.158958
0.088440
0.135108
0.134351
0.060979
0.256581
0.090118
0.095973
0.072440
0.093327
0.124895
0.084130
0.172027
0.082081
0.026974
0.090898
0.052225
0.120717
0.078188
0.124793
0.056379
0.062780
0.025450
0.041606
0.043286
0.160748
0.084130
0.075572
0.081451
0.129939
0.112984
0.171387
0.118330
0.105210
0.125727
0.105210
0.131388
0.176462
0.212986
0.104826
0.124190
0.148148
0.020316
0.121415
0.090021
0.181227
0.078330
0.072466
0.083557
0.144041
0.090118
0.096046
0.136311
0.081194
0.096003
0.026816
0.040226
0.078870
0.088834
0.082817
0.151911
0.041606
0.072479
0.101242
0.144545
0.119902
0.121952
0.107274
0.033047
0.042157
0.002488
0.091813
0.122664
0.123839
0.173784
0.093263
0.099199
0.070482
0.111059
0.078330
0.130577
0.124700
0.099862
0.113437
0.162193
0.152741
0.183377
0.100361
0.167102
0.125894
0.102815
0.127887
0.090673
0.084603
0.097838
0.151795
0.107950
0.124032
0.090021
0.146368
0.166852
0.061397
0.074723
0.060773
0.048879
0.040295
0.104892
0.081194
0.112764
0.167600
0.005234
0.244476
0.102166
0.043237
0.148013
0.086153
0.091248
0.082463
0.071377
0.056695
0.085765
0.138028
0.124812
0.226294
0.243470
0.215754
0.131208
0.113055
0.085765
0.171925
0.124812
0.074913
0.098313
0.107694
0.074913
0.138608
0.142502
0.057468
0.129935
0.054963
0.094092
0.187982
0.030072
0.171148
0.040019
0.049158
0.033047
0.056596
0.124953
0.045032
0.040295
0.082113
0.017351
0.025450
0.088044
0.105185
0.035569
0.083822
0.026322
0.021446
0.126897
0.047310
0.084619
0.082871
0.177425
0.054963
0.080733
0.115902
0.057468
0.182365
0.057468
0.080275
0.092547
0.035569
0.109419
0.111779
0.357523
0.320767
0.238226
0.321711
0.197333
0.230988
0.223617
0.129585
0.098313
0.107153
0.210816
0.275655
0.273094
0.272486
0.289435
0.230535
0.210908
0.426620
0.270117
0.218444
0.197587
0.212133
0.191453
0.181118
0.176218
0.160316
0.151433
0.168053
0.152142
0.147478
0.090898
0.074749
0.090477
0.155268
0.044418
0.148328
0.061205
0.060939
0.129935
0.134620
0.021186
0.041852
0.041852
0.084405
0.146964
0.315535
0.209802
0.173343
0.129585
0.110344
0.124812
0.210816
0.107254
0.136708
0.056695
0.108255
0.102166
0.005234
0.128772
0.114785
0.051271
0.082081
0.065747
0.048546
0.073960
0.214977
0.026647
0.045032
0.088044
0.124493
0.045032
0.086574
0.005234
0.035689
0.032418
0.002741
0.008268
0.145616
0.042157
0.075572
0.068509
0.076639
0.153812
0.090743
0.034002
0.020902
0.210939
0.038588
0.008268
0.026356
0.061712
0.083672
0.056976
0.136311
0.169349
0.116455
0.025450
0.090983
0.129935
0.120717
0.101312
0.213612
0.268293
0.238226
0.315278
0.215901
0.199272
0.195854
0.172575
0.083537
0.126299
0.271861
0.235379
0.159884
0.080600
0.154475
0.187121
0.241161
0.188739
0.215754
0.168301
0.197295
0.346009
0.420478
0.307262
0.249981
0.246443
0.215632
0.458931
0.310568
0.324425
0.383637
0.460487
0.483675
0.346372
0.346777
0.478561
0.387683
0.418544
0.416272
0.407133
0.406202
0.389691
0.402073
0.359407
0.434794
0.387756
0.430253
0.424276
0.412149
0.393203
0.392564
0.427258
0.424939
0.299004
0.208634
0.310487
0.306710
0.300657
0.223246
0.142340
0.174631
0.266822
0.124018
0.196101
0.353396
0.141135
0.150259
0.217217
0.308878
0.082466
0.063250
0.175657
0.143553
0.112271
0.127550
0.134287
0.041355
0.050303
0.073601
0.096746
0.073104
0.160293
0.145575
0.070957
0.150259
0.180103
0.144118
0.045756
0.016979
0.026088
0.033825
0.079257
0.067244
0.114576
0.140971
0.146432
0.123817
0.067268
0.227155
0.142156
0.127763
0.055347
0.093312
0.033340
0.048443
0.112508
0.136754
0.105685
0.130834
0.108565
0.288266
0.024209
0.150513
0.065170
0.127758
0.093855
0.148610
0.096746
0.078455
0.079703
0.076347
0.098918
0.148101
0.121045
0.164943
0.100162
0.094291
0.109006
0.097378
0.097587
0.160792
0.055347
0.099698
0.145851
0.067244
0.049153
0.149174
0.087465
0.158013
0.050480
0.099083
0.029055
0.085327
0.074446
0.030929
0.026088
0.041522
0.076680
0.253530
0.073052
0.100686
0.098147
0.093284
0.069539
0.103637
0.126587
0.094825
0.110264
0.043296
0.043296
0.151304
0.064173
0.160120
0.129211
0.281843
0.031356
0.012261
0.034634
0.074047
0.089831
0.081938
0.083442
0.076680
0.076137
0.063950
0.073823
0.072726
0.018588
0.139617
0.037412
0.158715
0.052103
0.028231
0.031401
0.039986
0.059499
0.081088
0.069952
0.097030
0.106349
0.086704
0.141665
0.130611
0.173661
0.067268
0.287201
0.234031
0.115492
0.119290
0.089842
0.133566
0.131615
0.091638
0.130450
0.099058
0.101557
0.115392
0.280934
0.101339
0.104390
0.076835
0.123581
0.106356
0.095858
0.107905
0.082122
0.121246
0.078412
0.114643
0.098796
0.062479
0.044509
0.074862
0.059838
0.036181
0.025078
0.104521
0.027164
0.072262
0.118902
0.052513
0.024499
0.104996
0.109253
0.084796
0.045217
0.067791
0.148112
0.104227
0.135926
0.094867
0.127758
0.091101
0.074832
0.181220
0.115372
0.139840
0.148725
0.079989
0.059793
0.123581
0.148610
0.082713
0.118126
0.107905
0.029099
0.048990
0.130919
0.092296
0.142053
0.138791
0.136120
0.121943
0.030991
0.082116
0.062004
0.103464
0.123219
0.108184
0.046284
0.084482
0.100993
0.178297
0.102089
0.085280
0.053103
0.015867
0.089946
0.041507
0.007161
0.048021
0.068561
0.124225
0.092953
0.059096
0.120512
0.145989
0.129382
0.176270
0.221434
0.284605
0.315539
0.286330
0.285097
0.250913
0.199419
0.162631
0.185737
0.117895
0.049449
0.048990
0.039031
0.097960
0.110431
0.137608
0.075364
0.094867
0.058747
0.080293
0.079519
0.061771
0.049629
0.025427
0.027164
0.078218
0.073197
0.021129
0.113537
0.078455
0.021198
0.115961
0.062548
0.043123
0.117261
0.087444
0.031430
0.070079
0.120794
0.182540
0.066406
0.108888
0.104606
0.044984
0.133243
0.106960
0.124108
0.078344
0.078344
0.065151
0.062004
0.077586
0.110807
0.058732
0.022443
0.039563
0.015924
0.063383
0.041272
0.016381
0.091101
0.050537
0.016740
0.155942
0.054260
0.168409
0.054160
0.029382
0.052513
0.046116
0.067121
0.102089
0.148461
0.141570
0.112818
0.127046
0.141570
0.166582
0.114560
0.151496
0.138236
0.109897
0.108619
0.135117
0.107748
0.099187
0.037758
0.041389
0.060714
0.337475
0.062004
0.188556
0.123833
0.105650
0.207010
0.108449
0.097302
0.092137
0.070862
0.052513
0.037493
0.041210
0.023344
0.084834
0.193702
0.049629
0.104521
0.109253
0.087839
0.060714
0.018300
0.026718
0.174449
0.079189
0.056237
0.032157
0.169512
0.119321
0.079989
0.085426
0.161544
0.089052
0.023344
0.109897
0.082116
0.071735
0.058747
0.181870
0.085426
0.124531
0.105938
0.089824
0.048061
0.128659
0.238110
0.079545
0.071131
0.266655
0.223544
0.189758
0.083873
0.062792
0.126506
0.081254
0.173887
0.144681
0.169426
0.165980
0.301489
0.313107
0.337348
0.226009
0.234622
0.149313
0.169344
0.208650
0.118975
0.173901
0.191808
0.182778
0.227438
0.252537
0.254674
0.431183
0.357034
0.367505
0.363640
0.374451
0.433961
0.602153
0.544342
0.589794
0.617833
0.666614
0.656546
0.622694
0.664105
0.703976
0.579019
0.536122
0.562162
0.595444
0.671435
0.540957
0.450783
0.479212
0.562776
0.597895
0.541072
0.597383
0.568381
0.569797
0.541364
0.553281
0.591932
0.468873
0.524277
0.543057
0.562025
0.573463
0.544106
0.556481
0.574228
0.584337
0.568617
0.598951
0.536856
0.505861
0.593091
0.553155
0.602656
0.580451
0.614053
0.610895
0.608826
0.507700
0.480457
0.564032
0.538407
0.483924
0.460774
0.485247
0.480924
0.453106
0.504993
0.478067
0.450379
0.548565
0.556131
0.663292
0.587603
0.600088
0.649979
0.637604
0.598052
0.607019
0.626038
0.656025
0.679059
0.679903
0.667815
0.783666
0.679903
0.736383
0.840905
0.872346
0.814018
0.817752
0.828699
0.889771
0.838301
0.880086
0.944694
0.929161
0.958118
0.968059
0.971674
1.000000
0.948112
0.965847
0.941308
0.918173
0.919046
0.898392
0.981547
0.932534
0.988272
0.972786
0.955191
0.880786
0.892204
0.895910
0.901401
0.942816
0.804738
0.872864
0.847185
0.856286
0.825862
0.790605
0.832875
0.863910
0.852929
0.834145
0.823827
0.800894
0.793328
0.797825
0.818377
0.852618
0.802658
0.752254
0.759172
0.873566
0.829120
0.922503
0.932561
0.913622
0.918173
0.946100
0.935554
0.925059
0.922044
0.929161
0.902333
0.873463
0.861352
0.867969
0.874609
0.922863
0.956822
0.940033
0.968460
0.974505
0.908020
0.910920
0.945667
0.993417
0.963645
0.940685
0.952089
0.864806
0.893869
0.911354
0.896756
0.877768
0.881141
0.906054
0.908482
0.932203
0.869526
0.950159
0.926775
0.942190
0.948242
0.966650
0.932318
0.949509
0.966361
0.971085
0.992529
0.987489
0.999166
0.975577
0.986104
0.992095
0.992095
0.959994
0.911248
0.973601
0.987489
0.911258
0.966361
0.987184
0.947163
0.939142
0.923222
0.941372
0.972413
0.917210
0.890599
0.863457
0.851022
0.809335
0.749302
0.761249
0.762110
0.769926
0.845279
0.824485
0.811976
0.833011
0.843666
0.851615
0.800360
0.795617
0.757921
0.740115
0.650349
0.700960
0.675432
0.675432
0.685755
0.621253
0.621577
0.599705
0.599107
0.657388
0.585105
0.594539
0.591974
0.530946
0.569865
0.585105
0.519355
0.600332
0.557770
0.598783
0.588845
0.539860
0.501568
0.518919
0.496160
0.452710
0.488183
0.460029
0.457415
0.518027
0.545677
0.561308
0.573867
0.534611
0.452855
0.470783
0.523510
0.475770
0.498909
0.476365
0.445222
0.456652
0.414687
0.415894
0.467145
0.431379
0.413445
0.445778
0.523292
0.439434
0.477622
0.434650
0.426084
0.401474
0.415894
0.377710
0.381061
0.375555
0.376766
0.365602
0.381061
0.381061
0.361623
0.357315
0.346712
0.356193
0.327091
0.369499
0.358719
0.361803
0.347249
0.279486
0.220326
0.190617
0.174386
0.167280
0.193612
0.155799
0.131128
0.141983
0.183013
0.129637
0.173821
0.182351
0.215878
0.053225
0.110229
0.022863
0.009364
0.112895
0.018365
0.110684
0.068189
0.027634
0.033369
0.071663
0.279509
0.160934
0.243087
0.125944
0.107550
0.231855
0.099432
0.086573
0.085130
0.082851
0.085178
0.263039
0.160844
0.155933
0.170235
0.122941
0.215035
0.149405
0.133360
0.120084
0.087058
0.173763
0.085539
0.094368
0.101740
0.088649
0.096717
0.096654
0.081401
0.047349
0.102031
0.073310
0.059394
0.116955
0.103861
0.121608
0.101750
0.116021
0.127558
0.108268
0.095866
0.161048
0.027634
0.078189
0.018365
0.101740
0.037483
0.075977
0.180365
0.054733
0.028670
0.075161
0.116969
0.089849
0.126529
0.208515
0.095780
0.096717
0.138249
0.075113
0.127469
0.050174
0.037378
0.102184
0.142406
0.050174
0.081485
0.022863
0.037290
0.035513
0.090611
0.073943
0.202663
0.154733
0.207473
0.156699
0.156699
0.130510
0.144228
0.171098
0.176625
0.205043
0.176347
0.180463
0.182041
0.177009
0.137783
0.168603
0.135056
0.146173
0.131626
0.165298
0.192789
0.163781
0.193855
0.192637
0.139336
0.148735
0.135056
0.080369
0.140468
0.153040
0.132007
0.214609
0.206682
0.193556
0.234193
0.040982
0.164140
0.169506
0.249572
0.065699
0.042151
0.044967
0.050216
0.106291
0.060563
0.039916
0.229217
0.076719
0.089329
0.066611
0.105743
0.106799
0.087466
0.095911
0.066857
0.104599
0.078919
0.107066
0.096783
0.108744
0.084232
0.033482
0.085581
0.078081
0.026231
0.054666
0.134642
0.100650
0.047999
0.085132
0.096178
0.103596
0.091093
0.076791
0.123626
0.069800
0.082390
0.234251
0.088261
0.080405
0.064343
0.073246
0.072001
0.289858
0.025190
0.084675
0.075818
0.027235
0.001691
0.076732
0.088848
0.127013
0.087740
0.160889
0.121874
0.167208
0.125825
0.062946
0.009488
0.106679
0.093284
0.033438
0.273972
0.152129
0.039578
0.136402
0.108015
0.300377
0.130185
0.071948
0.045576
0.082013
0.111145
0.059263
0.107355
0.051169
0.152368
0.152368
0.150575
0.230349
0.122576
0.334856
0.050258
0.080046
0.121847
0.037063
0.177380
0.042151
0.152773
0.061317
0.228403
0.090300
0.073792
0.015688
0.100472
0.102960
0.049281
0.090511
0.106234
0.080106
0.183287
0.024767
0.101957
0.022572
0.058258
0.073939
0.094966
0.211340
0.114264
0.076732
0.085322
0.131590
0.240992
0.084232
0.078260
0.081317
0.065574
0.181518
0.107290
0.215040
0.218249
0.059011
0.093345
0.111253
0.107290
0.078260
0.087028
0.033438
0.085540
0.054111
0.168965
0.058833
0.112829
0.045917
0.083479
0.076603
0.057316
0.066053
0.072759
0.080575
0.111103
0.052742
0.068792
0.085322
0.101650
0.080788
0.100155
0.121700
0.015834
0.100518
0.064648
0.032246
0.057124
0.086364
0.114059
0.044940
0.088288
0.112225
0.166608
0.179754
0.195493
0.112164
0.091676
0.029932
0.132281
0.060546
0.057582
0.054775
0.051804
0.062191
0.113832
0.095243
0.049281
0.049281
0.092839
0.105043
0.024380
0.014042
0.044919
0.064331
0.038633
0.209117
0.157312
0.037177
0.035660
0.051766
0.167329
0.073413
0.102156
0.123738
0.129943
0.120667
0.096844
0.124624
0.108773
0.075513
0.109979
0.077415
0.072556
0.098674
0.106806
0.120563
0.145929
0.092839
0.103042
0.092839
0.120899
0.033024
0.102599
0.055308
0.116026
0.116019
0.094873
0.075886
0.084759
0.043667
0.077163
0.033631
0.069566
0.074013
0.011460
0.027143
0.044672
0.022027
0.071554
0.079543
0.029932
0.053527
0.103763
0.038639
0.067903
0.058797
0.092674
0.076322
0.085362
0.085319
0.108172
0.087148
0.001931
0.218403
0.064343
0.083479
0.103880
0.064362
0.106291
0.066857
0.032598
0.052291
0.049134
0.086442
0.050216
0.066567
0.086215
0.124301
0.109513
0.113547
0.077687
0.184725
0.057250
0.073792
0.080178
0.102940
0.156267
0.057871
0.327042
0.129276
0.060703
0.097536
0.048020
0.082478
0.195763
0.178547
0.148172
0.170625
0.147933
0.124581
0.153260
0.117013
0.104097
0.082471
0.119886
0.117677
0.069239
0.053897
0.152750
0.069823
0.173937
0.027586
0.053031
0.116728
0.223809
0.127615
0.121951
0.072491
0.139957
0.084905
0.053578
0.118276
0.128370
0.073849
0.065251
0.163713
0.133543
0.135423
0.060692
0.081334
0.219469
0.089642
0.089642
0.112075
0.143594
0.117281
0.170010
0.116374
0.130981
0.053435
0.104751
0.100392
0.093345
0.097100
0.104959
0.093313
0.077369
0.086416
0.045084
0.093048
0.097412
0.108612
0.072778
0.023475
0.029162
0.027063
0.106594
0.095911
0.056728
0.114059
0.092883
0.012462
0.069748
0.088912
0.075498
0.085551
0.106008
0.032598
0.083113
0.107393
0.111103
0.087466
0.089210
0.093526
0.092377
0.089124
0.067002
0.039704
0.069589
0.043364
0.014877
0.088261
0.069748
0.063190
0.051567
0.112765
0.080796
0.053325
0.088943
0.062880
0.049878
0.094940
0.041351
0.077197
0.044672
0.046213
0.104959
0.084668
0.050313
0.096549
0.067940
0.011460
0.059011
0.105038
0.108747
0.084759
0.094940
0.165736
0.025139
0.069748
0.042545
0.061736
0.086643
0.087913
0.114059
0.018965
0.062946
0.094256
0.085808
0.089334
0.081882
0.043057
0.084675
0.066834
0.043154
0.209347
0.103432
0.107641
0.095377
0.020203
0.067982
0.061176
0.254925
0.131831
0.097323
0.123802
0.218249
0.046213
0.102940
0.067903
0.078513
0.143752
0.055936
0.078513
0.102773
0.061317
0.111253
0.085028
0.035378
0.111734
0.148803
0.108612
0.076322
0.101287
0.055198
0.044648
0.106716
0.057096
0.057315
0.045955
0.088030
0.107015
0.164140
0.084913
0.094559
0.241153
0.132281
0.115562
0.048133
0.069295
0.044919
0.133411
0.087455
0.098721
0.100174
0.123255
0.112387
0.117435
0.068971
0.187781
0.106729
0.048896
0.090152
0.106729
0.094873
0.162344
0.128824
0.079862
0.075498
0.069563
0.133418
0.108515
0.093563
0.077833
0.085007
0.067079
0.084205
0.001691
0.086576
0.041419
0.059011
0.080106
0.096679
0.089370
0.102960
0.051804
0.077162
0.161950
0.055225
0.163057
0.118506
0.191129
0.058472
0.130981
0.117281
0.079543
0.116497
0.107676
0.099665
0.107676
0.099665
0.069254
0.112164
0.092876
0.080178
0.111253
0.096679
0.087148
0.098689
0.085551
0.047626
0.106806
0.091768
0.109958
0.098777
0.108515
0.062946
0.083479
0.176393
0.042655
0.075258
0.133465
0.126132
0.080455
0.034698
0.074291
0.089124
0.086129
0.096056
0.102584
0.040982
0.091875
0.040982
0.066834
0.097982
0.064050
0.083895
0.112765
0.096178
0.080575
0.089516
0.079760
0.089210
0.069756
0.064349
0.085581
0.048710
0.101330
0.021367
0.049134
0.062195
0.080194
0.093345
0.095532
0.127085
0.085319
0.083653
0.075443
0.076322
0.085480
0.079462
0.090329
0.078359
0.064659
0.082647
0.117160
0.036018
0.046941
0.178248
0.071405
0.080788
0.080788
0.057629
0.063112
0.005832
0.091658
0.091875
0.051601
0.110790
0.051601
0.076336
0.110295
0.093588
0.051567
0.066053
0.083952
0.044783
0.033438
0.066053
0.047544
0.001691
0.028902
0.085007
0.096906
0.106739
0.080612
0.085322
0.084913
0.095532
0.066567
0.065574
0.045955
0.082868
0.087391
0.106739
0.114059
0.080607
0.037606
0.107393
0.090531
0.094159
0.050821
0.112293
0.084066
0.185992
0.022572
0.085132
0.087913
0.106806
0.073108
0.058735
0.063792
0.102562
0.050354
0.098777
0.092454
0.078081
0.254233
0.122307
0.103763
0.112522
0.289369
0.048760
0.088843
0.083653
0.054702
0.084668
0.085506
0.058992
0.044553
0.123528
0.133395
0.107004
0.053497
0.103972
0.100365
0.047103
0.029162
0.094724
0.106716
0.019627
0.093345
0.044553
0.037843
0.053364
0.053364
0.023341
0.083653
0.310396
0.043136
0.003223
0.044648
0.114279
0.067414
0.064659
0.022248
0.107290
0.072147
0.064271
0.092243
0.108515
0.087466
0.050354
0.094615
0.089826
0.103704
0.024767
0.086052
0.040844
0.036491
0.107659
0.053325
0.052291
0.110260
0.085480
0.003223
0.087951
0.088288
0.097100
0.098513
0.081241
0.079049
0.045084
0.101287
0.285131
0.249284
0.199106
0.134198
0.210559
0.206450
0.057002
0.108172
0.065753
0.063982
0.085319
0.026411
0.074562
0.100472
0.084759
0.053826
0.044553
0.065649
0.033631
0.125739
0.076585
0.100392
0.075900
0.063982
0.059886
0.059886
0.057665
0.044648
0.060773
0.092674
0.084668
0.107676
0.069254
0.087871
0.095742
0.279583
0.069872
0.072235
0.164003
0.019627
0.106008
0.047103
0.003223
0.064933
0.036440
0.012462
0.024767
0.067414
0.042545
0.048710
0.080692
0.077387
0.081739
0.058245
0.050821
0.089040
0.081125
0.044721
0.116333
0.106243
0.168724
0.074448
0.134630
0.063112
0.106380
0.032748
0.086226
0.044882
0.021441
0.042386
0.072989
0.043245
0.087740
0.073468
0.043364
0.192184
0.059843
0.045537
0.050151
0.042925
0.076790
0.051169
0.088261
0.062946
0.047676
0.047676
0.019669
0.176393
0.132708
0.069589
0.071926
0.109853
0.075258
0.069589
0.039704
0.091093
0.043245
0.039704
0.061235
0.089462
0.189531
0.063112
0.005832
0.043364
0.050764
0.145859
0.088572
0.171986
0.863220
0.170909
0.210431
0.080158
0.062946
0.039704
0.108515
0.096906
0.107261
0.068255
0.042600
0.109853
0.121847
0.078081
0.026550
0.101936
0.107393
0.093563
0.085322
0.088030
0.105992
0.071741
0.054182
0.102401
0.074689
0.063112
0.084274
0.168724
0.064585
0.087227
0.018125
0.092641
0.068255
0.067002
0.063881
0.149636
0.017803
0.079710
0.106123
0.097412
0.100224
0.089894
0.088848
0.058258
0.121131
0.094724
0.079049
0.085551
0.037462
0.022503
0.046941
0.057767
0.072147
0.081106
0.092128
0.001931
0.106398
0.166065
0.056728
0.060563
0.085322
0.012462
0.038642
0.073108
0.065574
0.187184
0.072147
0.042545
0.142124
0.089516
0.047544
0.331053
0.114059
0.101330
0.075258
0.044043
0.032748
0.016796
0.021441
0.050764
0.008597
0.121325
0.212197
0.088261
0.043656
0.084621
0.043656
0.084621
0.026366
0.022246
0.024779
0.045184
0.002799
0.122916
0.115374
0.105122
0.040206
0.101548
0.022246
0.053127
0.087437
0.062675
0.083242
0.129024
0.145859
0.072104
0.121227
0.134071
0.128045
0.206997
0.142262
0.159385
0.092570
0.117165
0.119926
0.249487
0.126812
0.101067
0.129024
0.087437
0.081882
0.092896
0.156848
0.122996
0.152685
0.032587
0.046872
0.060212
0.119567
0.050952
0.075242
0.062675
0.163823
0.084242
0.123038
0.088317
0.116598
0.131575
0.021622
0.053258
0.037837
0.052215
0.037456
0.079896
0.098954
0.099206
0.084066
0.080158
0.042428
0.097707
0.066327
0.108920
0.042151
0.093563
0.020125
0.087740
0.026863
0.048112
0.032748
0.045645
0.058833
0.024779
0.042386
0.053127
0.046872
0.121987
0.121987
0.038002
0.088032
0.105953
0.050764
0.042925
0.147256
0.091143
0.155294
0.129024
0.094117
0.125478
0.087008
0.114373
0.123654
0.116598
0.256899
0.181841
0.032587
0.047846
0.091015
0.080455
0.100650
0.106291
0.089894
0.526587
0.239439
0.262026
0.194086
0.040889
0.040193
0.393040
0.537083
0.119288
0.087416
0.051845
0.078378
0.067773
0.091199
0.099201
0.189226
0.050084
0.184107
0.123325
0.092049
0.216006
0.077113
0.126308
0.117653
0.166780
0.160063
0.218845
0.168807
0.338466
0.375782
0.375782
0.333805
0.291534
0.237607
0.155158
0.421577
0.257450
0.218845
0.277002
0.211192
0.137234
0.200139
0.220842
0.277183
0.380909
0.293458
0.274815
0.116206
0.337507
0.159577
0.217892
0.259419
0.273398
0.278561
0.255743
0.243668
0.346398
0.240269
0.273398
0.257450
0.231373
0.185591
0.212636
0.334740
0.272235
0.257450
0.168989
0.313546
0.249380
0.251735
0.274815
0.228558
0.293458
0.334319
0.407451
0.249742
0.270293
0.354302
0.186012
0.355935
0.347002
0.335108
0.384252
0.360887
0.237085
0.291877
0.249148
0.259169
0.244799
0.316448
0.250594
0.220447
0.240507
0.206669
0.209764
0.231945
0.252362
0.226021
0.201101
0.168177
0.133763
0.135063
0.106186
0.115065
0.117013
0.104097
0.100765
0.109963
0.164902
0.146527
0.138923
0.182821
0.170625
0.128189
0.141082
0.114723
0.106186
0.064456
0.056494
0.070082
0.048277
0.040889
0.093842
0.125948
0.146527
0.066686
0.104183
0.055077
0.066778
0.140167
0.038308
0.215653
0.079276
0.005809
0.005809
0.012362
0.018885
0.051782
0.075950
0.054620
0.047558
0.037520
0.127639
0.105529
0.099593
0.133922
0.114439
0.115986
0.077216
0.091914
0.076131
0.133823
0.114270
0.112387
0.065429
0.077825
0.044919
0.028744
0.099916
0.043746
0.044919
0.094940
0.007519
0.084759
0.093345
0.196455
0.053142
0.025629
0.100067
0.084619
0.120413
0.095635
0.087455
0.137589
0.052863
0.115003
0.070239
0.023156
0.077594
0.079002
0.097250
0.033515
0.096359
0.063403
0.093584
0.057680
0.063046
0.065649
0.117009
0.075513
0.090482
0.085445
0.097536
0.084019
0.081481
0.108916
0.143388
0.113690
0.108916
0.183588
0.151109
0.144968
0.104329
0.131554
0.134456
0.117378
0.148746
0.136826
0.117981
0.180909
0.139159
0.056494
0.098309
0.089391
0.092774
0.117378
0.101563
0.098662
0.023718
0.028221
0.007585
0.063046
0.047558
0.097092
0.060703
0.071216
0.074250
0.220854
0.060324
0.051845
0.033603
0.050613
0.008060
0.023718
0.101192
0.107875
0.081736
0.103779
0.072491
0.102019
0.075950
0.098373
0.096558
0.096361
0.058519
0.032948
0.096567
0.108095
0.093018
0.096482
0.127893
0.113419
0.123669
0.038851
0.092479
0.026969
0.027211
0.098373
0.168095
0.077449
0.087044
0.125948
0.108909
0.156885
0.086503
0.070256
0.083218
0.068568
0.054053
0.007585
0.054620
0.037520
0.029333
0.113632
0.080046
0.120331
0.075541
0.111881
0.106806
0.163713
0.109979
0.104598
0.206785
0.102620
0.110038
0.050570
0.064522
0.059378
0.032381
0.030296
0.114908
0.133829
0.092298
0.051766
0.118357
0.082912
0.071554
0.062164
0.094938
0.063127
0.070939
0.048760
0.123802
0.086784
0.120082
0.076448
0.107475
0.089826
0.058258
0.088700
0.134608
0.109125
0.120590
0.069267
0.086784
0.085362
0.206728
0.007519
0.069566
0.195493
0.153818
0.112164
0.113547
0.008631
0.038639
0.093758
0.007519
0.055936
0.016979
0.032923
0.052376
0.052376
0.062880
0.111751
0.153463
0.022027
0.126900
0.134805
0.093758
0.072602
0.054062
0.112387
0.121302
0.102156
0.110331
0.084338
0.114339
0.166334
0.084619
0.082847
0.074604
0.117122
0.129943
0.139438
0.050911
0.098721
0.120413
0.081624
0.112811
0.094811
0.074593
0.094687
0.038851
0.008060
0.075950
0.102188
0.105178
0.096615
0.070156
0.127075
0.080046
0.094035
0.097316
0.119455
0.087546
0.136463
0.045526
0.089449
0.168902
0.133442
0.072602
0.106729
0.081311
0.129943
0.078584
0.117380
0.089912
0.061004
0.067941
0.020658
0.096615
0.072165
0.093173
0.008922
0.050210
0.023131
0.073582
0.050990
0.023718
0.044440
0.082340
0.053194
0.060324
0.060986
0.050990
0.051394
0.075244
0.096490
0.114453
0.060021
0.098575
0.046913
0.054727
0.033564
0.105416
0.068242
0.095635
0.066107
0.096482
0.043068
0.103308
0.117009
0.112662
0.117435
0.099593
0.072602
0.120563
0.043156
0.018885
0.085445
0.096262
0.096859
0.111667
0.132335
0.131044
0.079021
0.115496
0.038851
0.043219
0.065549
0.082059
0.103030
0.078427
0.043156
0.015566
0.120331
0.054620
0.074271
0.030597
0.031200
0.178294
0.099066
0.086817
0.156630
0.082478
0.047138
0.096361
0.047138
0.088862
0.110152
0.120948
0.223578
0.197656
0.168500
0.160315
0.177243
0.190102
0.060829
0.151199
0.186065
0.194725
0.177855
0.226692
0.228680
0.095148
0.112622
0.177855
0.215042
0.153171
0.252533
0.252613
0.195374
0.059638
0.069814
0.167887
0.160316
0.053695
0.146788
0.042015
0.083958
0.168762
0.069340
0.076522
0.117324
0.089823
0.140690
0.205091
0.114459
0.069567
0.142581
0.138838
0.093613
0.146496
0.175532
0.190050
0.185657
0.228264
0.200720
0.200053
0.100275
0.170187
0.063005
0.088099
0.135464
0.060237
0.094880
0.113918
0.076545
0.136606
0.101138
0.057683
0.097402
0.098669
0.092768
0.133001
0.118395
0.045814
0.060524
0.045410
0.053883
0.029880
0.007588
0.070578
0.026579
0.093995
0.055616
0.087366
0.113946
0.149456
0.064443
0.139883
0.193043
0.082469
0.081567
0.126168
0.042603
0.077882
0.037204
0.138197
0.107322
0.161475
0.052646
0.151844
0.069646
0.060524
0.097361
0.325340
0.030237
0.061299
0.045410
0.069646
0.081057
0.077882
0.178876
0.179806
0.086392
0.032837
0.072618
0.161470
0.030844
0.012446
0.078886
0.007588
0.093171
0.178876
0.101145
0.040298
0.031501
0.178901
0.058610
0.032924
0.052500
0.052028
0.087366
0.253477
0.023518
0.115399
0.113148
0.177757
0.061975
0.050952
0.073304
0.009519
0.134598
0.071737
0.176281
0.093605
0.145509
0.083690
0.173393
0.076383
0.099231
0.073122
0.084984
0.160336
0.187732
0.142616
0.121824
0.091400
0.140903
0.149152
0.113946
0.074394
0.099847
0.064443
0.060237
0.125148
0.081340
0.153524
0.123399
0.142437
0.240574
0.240985
0.189581
0.285136
0.186972
0.203457
0.181811
0.187985
0.099903
0.180212
0.190050
0.201909
0.135565
0.123208
0.144096
0.156392
0.130258
0.116651
0.147205
0.062741
0.111801
0.168807
0.094606
0.245762
0.067351
0.096607
0.098754
0.072132
0.105132
0.103094
0.019069
0.038577
0.059791
0.081026
0.090941
0.027531
0.009208
0.077371
0.053203
0.017740
0.019841
0.165036
0.201280
0.120445
0.140186
0.120445
0.102154
0.072108
0.108729
0.068386
0.098818
0.164954
0.123256
0.153171
0.136104
0.212062
0.174184
0.120344
0.111184
0.141541
0.161832
0.131255
0.145948
0.182681
0.142045
0.138970
0.144608
0.193093
0.162841
0.222890
0.245585
0.258599
0.140211
0.265604
0.247734
0.224872
0.167689
0.178640
0.206277
0.288030
0.270059
0.143927
0.229414
0.212463
0.215109
0.146326
0.087686
0.125067
0.170320
0.162159
0.182607
0.139950
0.039448
0.164455
0.023083
0.111756
0.079613
0.032591
0.020398
0.045051
0.055421
0.078432
0.118758
0.090667
0.060524
0.132845
0.134850
0.083530
0.083530
0.028431
0.081632
0.033783
0.076140
0.011136
0.074385
0.163447
0.261186
0.229173
0.155235
0.217740
0.082020
0.180373
0.161879
0.117695
0.094285
0.086606
0.042493
0.210657
0.106699
0.105554
0.087453
0.062354
0.091206
0.091567
0.087679
0.019617
0.045333
0.042398
0.264338
0.292479
0.245242
0.216035
0.232816
0.289154
0.285125
0.246435
0.213121
0.206183
0.180300
0.180300
0.205778
0.102535
0.111474
0.131985
0.116468
0.036336
0.189638
0.082250
0.050697
0.126514
0.108629
0.029257
0.083603
0.026348
0.044543
0.059716
0.029985
0.153644
0.047563
0.149781
0.085976
0.049361
0.018206
0.041647
0.126999
0.146961
0.079613
0.023083
0.062598
0.089826
0.112122
0.085808
0.112122
0.043936
0.029985
0.092248
0.180373
0.107864
0.112137
0.163493
0.128797
0.211588
0.042398
0.122010
0.133145
0.136316
0.138607
0.131606
0.093717
0.090325
0.023083
0.091869
0.059716
0.021336
0.112137
0.116700
0.140934
0.072739
0.114686
0.061809
0.086829
0.054735
0.101849
0.150356
0.049361
0.087453
0.077805
0.198419
0.029257
0.042546
0.022729
0.087813
0.173948
0.123374
0.152225
0.090658
0.086392
0.123653
0.081584
0.037002
0.081947
0.041647
0.111408
0.024234
0.017783
0.059628
0.115026
0.120052
0.089418
0.069419
0.047449
0.017783
0.087623
0.083451
0.031827
0.058542
0.017203
0.043936
0.029985
0.047449
0.074764
0.086506
0.141073
0.084660
0.063977
0.073916
0.095880
0.128103
0.078152
0.104205
0.075650
0.132766
0.098324
0.114893
0.076903
0.078979
0.055421
0.040603
0.128619
0.073916
0.069085
0.044543
0.044543
0.048520
0.066726
0.326395
0.047306
0.053883
0.094583
0.069837
0.108132
0.064989
0.076566
0.136111
0.055421
0.085863
0.055687
0.045814
0.042603
0.181361
0.072689
0.022641
0.012446
0.009519
0.197289
0.034843
0.055193
0.058610
0.031501
0.113148
0.050085
0.122106
0.122106
0.094028
0.083840
0.080252
0.080213
0.193559
0.039636
0.105904
0.084660
0.073916
0.101138
0.055421
0.099592
0.047449
0.094787
0.048520
0.074764
0.080252
0.059716
0.037950
0.084750
0.085122
0.066341
0.063121
0.024926
0.110665
0.059716
0.042602
0.038380
0.048818
0.040603
0.108563
0.130249
0.095880
0.134235
0.098669
0.077955
0.100861
0.066726
0.084660
0.057683
0.097023
0.072689
0.178797
0.101571
0.112003
0.077805
0.072912
0.130620
0.068643
0.087453
0.210732
0.143723
0.140199
0.108958
0.073830
0.178444
0.120282
0.047791
0.080893
0.021336
0.084750
0.164923
0.021002
0.039926
0.154828
0.017314
0.157447
0.157383
0.195345
0.371958
0.284114
0.350028
0.331829
0.361912
0.343847
0.291928
0.341099
0.269804
0.314010
0.340398
0.238261
0.335565
0.348397
0.322925
0.373813
0.331829
0.395299
0.373432
0.368280
0.446152
0.420553
0.452559
0.427473
0.389613
0.369671
0.300683
0.378413
0.442671
0.324536
0.282340
0.359052
0.465093
0.499949
0.485759
0.476386
0.446152
0.465093
0.346473
0.443749
0.379345
0.342467
0.378578
0.388662
0.340804
0.333860
0.333724
0.319386
0.252487
0.325020
0.346176
0.441998
0.410575
0.264793
0.378413
0.273597
0.338671
0.332239
0.262008
0.322397
0.401772
0.332239
0.327965
0.364426
0.269804
0.224397
0.257873
0.283176
0.315088
0.323322
0.267357
0.306824
0.236223
0.315088
0.349401
0.233984
0.340398
0.319714
0.203606
0.278389
0.292668
0.296418
0.322775
0.299704
0.253216
0.248122
0.195271
0.137067
0.182607
0.145775
0.130997
0.091830
0.156480
0.134107
0.148492
0.130694
0.167023
0.134037
0.134107
0.131364
0.118900
0.098426
0.124793
0.109925
0.093268
0.144848
0.100351
0.094028
0.079602
0.097546
0.049970
0.223506
0.071081
0.113976
0.112144
0.134898
0.054036
0.044080
0.034121
0.139600
0.097234
0.013970
0.122532
0.080263
0.107699
0.090555
0.115187
0.130528
0.090227
0.080263
0.124297
0.102331
0.141479
0.099576
0.142283
0.137613
0.081525
0.107069
0.112776
0.192463
0.141479
0.120919
0.107069
0.081525
0.180453
0.117235
0.200039
0.146998
0.120919
0.189882
0.093163
0.057624
0.033391
0.097234
0.047888
0.056283
0.093948
0.031510
0.102146
0.069050
0.143174
0.166857
0.060836
0.021817
0.163978
0.013461
0.095838
0.041317
0.052982
0.163978
0.006556
0.073669
0.082730
0.037339
0.062949
0.187980
0.080135
0.138391
0.153993
0.017274
0.104842
0.118571
0.126259
0.142319
0.128655
0.062949
0.172897
0.139600
0.180041
0.053057
0.211370
0.174613
0.118571
0.062949
0.076013
0.223506
0.033881
0.040002
0.172553
0.184280
0.203946
0.168733
0.263687
0.181656
0.219181
0.181553
0.216238
0.118676
0.153699
0.208569
0.192931
0.208148
0.223449
0.180436
0.222652
0.211057
0.211057
0.228561
0.084386
0.220415
0.249402
0.232266
0.144804
0.077130
0.074233
0.166751
0.060699
0.032185
0.052857
0.056328
0.048154
0.137164
0.055115
0.098788
0.110851
0.098801
0.100798
0.051956
0.066530
0.068429
0.087616
0.091468
0.047266
0.088568
0.066530
0.023285
0.062991
0.030134
0.001149
0.126333
0.038759
0.019503
0.081080
0.169060
0.067169
0.209893
0.081782
0.147487
0.233182
0.016921
0.041339
0.092044
0.142743
0.066722
0.060041
0.102361
0.039830
0.102361
0.157556
0.030399
0.110099
0.202613
0.109099
0.119813
0.090668
0.094261
0.148424
0.114874
0.079129
0.113630
0.105757
0.102493
0.112283
0.122215
0.094246
0.192700
0.094740
0.144575
0.060865
0.095666
0.094944
0.090261
0.067641
0.066982
0.055130
0.036632
0.107440
0.031297
0.063088
0.041027
0.021602
0.017553
0.168595
0.211096
0.074899
0.045444
0.021602
0.091120
0.042046
0.033775
0.107018
0.149602
0.024997
0.024997
0.107018
0.033775
0.066124
0.076721
0.095428
0.169502
0.064385
0.071443
0.009576
0.041027
0.038806
0.000000
0.111909
0.033340
0.049472
0.104432
0.033340
0.147671
0.030459
0.033340
0.164938
0.165752
0.146883
0.123911
0.061359
0.104803
0.045405
0.071443
0.065242
0.130986
0.098374
0.120045
0.123929
0.119979
0.121082
0.062171
0.158930
0.149226
0.112110
0.169035
0.287978
0.240710
0.421421
0.117230
0.122904
0.155379
0.117700
0.127687
0.143360
0.111425
0.117039
0.133344
0.108432
0.179018
0.196668
0.088745
0.094740
0.122215
0.320021
0.332253
0.195769
0.114425
0.210360
0.175901
0.081626
0.130822
0.074786
0.105154
0.097691
0.074083
0.103524
0.098691
0.118010
0.076969
0.047986
0.040936
0.029051
0.066711
0.022525
0.041746
0.063430
0.066304
0.091571
0.024139
0.072420
0.109859
0.072872
0.088784
0.116861
0.078447
0.094238
0.092927
0.083057
0.060865
0.120224
0.095666
0.083096
0.212643
0.273708
0.065503
0.248159
0.111636
0.150543
0.127343
0.083940
0.081073
0.063346
0.033340
0.104516
0.009576
0.041797
0.016784
0.162877
0.122919
0.167651
0.168374
0.126341
0.168774
0.085921
0.095428
0.098637
0.154275
0.196332
0.190971
0.153282
0.192686
0.223214
0.180371
0.334435
0.319248
0.285364
0.275496
0.298498
0.409738
0.452646
0.273042
0.304271
0.345572
0.304271
0.381996
0.351390
0.350809
0.335360
0.356383
0.434731
0.398983
0.448366
0.415178
0.401008
0.444960
0.428237
0.474164
0.451128
0.384230
0.287928
0.461948
0.338343
0.319955
0.288026
0.397837
0.340688
0.428237
0.431365
0.352199
0.287924
0.311263
0.373856
0.348014
0.305053
0.326480
0.355788
0.390317
0.351080
0.496018
0.407337
0.241522
0.209507
0.255377
0.162951
0.196436
0.194481
0.164937
0.196436
0.156676
0.135941
0.198262
0.116818
0.160229
0.147906
0.156676
0.145257
0.127847
0.147906
0.219538
0.102618
0.181260
0.179397
0.121320
0.325712
0.157532
0.203048
0.051933
0.116447
0.240998
0.031226
0.202607
0.159106
0.053261
0.012648
0.127321
0.052350
0.039403
0.056789
0.157388
0.074516
0.049667
0.072460
0.069846
0.096801
0.032733
0.038696
0.031121
0.136998
0.037556
0.063907
0.120368
0.055633
0.040478
0.028776
0.020499
0.026624
0.095565
0.076607
0.113807
0.028776
0.113544
0.243399
0.091772
0.054536
0.249163
0.061543
0.076607
0.060516
0.058565
0.055633
0.079454
0.143430
0.245619
0.135265
0.064582
0.171745
0.108886
0.139174
0.051901
0.073344
0.044178
0.134073
0.198492
0.223883
0.093200
0.159484
0.113517
0.076607
0.200231
0.051901
0.050213
0.032296
0.079454
0.201541
0.033433
0.219199
0.134207
0.139174
0.163845
0.122197
0.178098
0.058565
0.092505
0.071941
0.058437
0.043950
0.092772
0.037556
0.114304
0.203048
0.049374
0.076607
0.129189
0.054536
0.058437
0.140021
0.135643
0.099451
0.095605
0.170404
0.076607
0.102249
0.128371
0.137639
0.155607
0.129076
0.106908
0.110300
0.119729
0.195808
0.093696
0.100079
0.118916
0.117195
0.142450
0.099002
0.130841
0.123329
0.143194
0.175948
0.126283
0.133600
0.164043
0.103794
0.139154
0.130939
0.115549
0.143114
0.132963
0.144076
0.121528
0.127133
0.130939
0.104474
0.086047
0.066749
0.190963
0.122780
0.051801
0.134547
0.123305
0.065571
0.060653
0.092952
0.109258
0.115258
0.101631
0.009966
0.060017
0.053249
0.062198
0.070465
0.067441
0.089684
0.074559
0.128851
0.056837
0.004186
0.065075
0.097841
0.045769
0.046558
0.089051
0.036025
0.048069
0.079875
0.067120
0.036201
0.019187
0.055729
0.065075
0.015689
0.034150
0.060470
0.083461
0.052989
0.056512
0.069801
0.038696
0.100284
0.098959
0.129598
0.046673
0.028053
0.090293
0.064623
0.069801
0.093674
0.116964
0.124797
0.085924
0.124481
0.148013
0.173212
0.060231
0.036445
0.086770
0.116852
0.153264
0.078885
0.052085
0.088308
0.108271
0.110687
0.115366
0.117737
0.089290
0.106528
0.106522
0.099780
0.074550
0.092734
0.074550
0.124106
0.067069
0.092910
0.050785
0.057746
0.085315
0.120795
0.086770
0.073880
0.030547
0.027517
0.067869
0.057533
0.073160
0.129468
0.113889
0.102544
0.103735
0.108271
0.095257
0.106654
0.085290
0.130862
0.096174
0.107892
0.111564
0.104335
0.097999
0.116964
0.091372
0.100284
0.071498
0.100284
0.104335
0.106698
0.032306
0.061644
0.062330
0.032164
0.045237
0.055729
0.039321
0.014774
0.071801
0.077704
0.096610
0.090293
0.063848
0.116447
0.051055
0.058797
0.089395
0.055125
0.083534
0.009966
0.067120
0.081009
0.100007
0.057935
0.046986
0.028644
0.103794
0.123140
0.103728
0.142229
0.174783
0.090702
0.076366
0.065075
0.061620
0.092952
0.060017
0.035384
0.022134
0.078388
0.039321
0.004726
0.006188
0.036025
0.038648
0.090293
0.069801
0.079569
0.071571
0.028053
0.077519
0.116852
0.075004
0.064115
0.071498
0.056745
0.060075
0.015612
0.036025
0.076839
0.038067
0.076550
0.020785
0.080365
0.082077
0.076550
0.077667
0.060470
0.004782
0.041644
0.075874
0.114596
0.095257
0.062442
0.101947
0.014501
0.078388
0.038382
0.040088
0.062198
0.040067
0.039955
0.080687
0.045862
0.026347
0.083141
0.068629
0.048765
0.082094
0.081660
0.096669
0.120795
0.115300
0.123269
0.037994
0.094199
0.051019
0.090003
0.123269
0.060231
0.137994
0.135090
0.098959
0.097999
0.120795
0.145871
0.036849
0.076294
0.096930
0.096669
0.096610
0.077700
0.032306
0.079374
0.036709
0.037258
0.065571
0.085301
0.064292
0.056475
0.035012
0.051592
0.014774
0.109258
0.056114
0.029139
0.004726
0.021669
0.023496
0.015054
0.030424
0.061377
0.173806
0.082111
0.051801
0.054060
0.076366
0.094689
0.087337
0.086715
0.136103
0.072950
0.119807
0.104091
0.115283
0.083575
0.137639
0.144682
0.125513
0.079886
0.098068
0.126994
0.211676
0.076956
0.080977
0.084254
0.150850
0.057156
0.129275
0.130939
0.130122
0.105620
0.095527
0.084254
0.024108
0.072680
0.150057
0.064292
0.132779
0.130132
0.066097
0.014774
0.046346
0.036709
0.086546
0.061620
0.085301
0.081216
0.080977
0.068768
0.067950
0.045604
0.178404
0.074953
0.056186
0.022436
0.033672
0.079875
0.128620
0.077667
0.037044
0.030424
0.074953
0.038648
0.102876
0.087691
0.044412
0.108106
0.077519
0.115728
0.122010
0.068719
0.056114
0.031809
0.038648
0.060653
0.171418
0.020785
0.026340
0.037793
0.087175
0.073304
0.068629
0.087691
0.088642
0.095841
0.099631
0.149343
0.057930
0.082003
0.147503
0.099802
0.098959
0.094112
0.106252
0.121833
0.076294
0.124106
0.163673
0.129618
0.112539
0.075874
0.096669
0.081646
0.056745
0.067400
0.093302
0.086823
0.075874
0.075819
0.098164
0.114450
0.039819
0.090894
0.060858
0.074380
0.069909
0.099846
0.084383
0.112097
0.101185
0.045740
0.026905
0.083156
0.007006
0.087323
0.076656
0.090470
0.086974
0.110095
0.056934
0.076612
0.103706
0.130885
0.056934
0.103874
0.101169
0.094814
0.101169
0.073585
0.069051
0.047711
0.096763
0.108192
0.032239
0.084900
0.116341
0.043701
0.035777
0.002765
0.084830
0.129813
0.078396
0.103654
0.047022
0.169819
0.137099
0.160727
0.100041
0.203909
0.141936
0.044258
0.124493
0.159985
0.054903
0.064941
0.155881
0.074855
0.128245
0.062343
0.125641
0.196726
0.087546
0.119480
0.085893
0.154955
0.096570
0.111345
0.098573
0.130885
0.065844
0.093671
0.113800
0.119480
0.129196
0.102950
0.064236
0.076782
0.107600
0.055559
0.099504
0.055978
0.080965
0.077957
0.067237
0.077410
0.071777
0.069051
0.065844
0.099359
0.056744
0.067991
0.054358
0.069240
0.081276
0.039289
0.107950
0.046529
0.063001
0.162514
0.154316
0.162954
0.085201
0.057640
0.146608
0.080073
0.085893
0.106173
0.192609
0.088757
0.065844
0.038866
0.068538
0.031187
0.034112
0.046147
0.018931
0.013757
0.107884
0.051948
0.077524
0.024940
0.096995
0.068538
0.047212
0.026412
0.026666
0.105950
0.018931
0.098097
0.097212
0.098097
0.093412
0.037612
0.060231
0.085018
0.047859
0.089319
0.071899
0.074380
0.072962
0.060231
0.090698
0.012320
0.076800
0.060858
0.082708
0.080357
0.108802
0.112023
0.093245
0.089290
0.077358
0.092910
0.105950
0.032517
0.081511
0.099802
0.116767
0.071724
0.100898
0.112634
0.024940
0.080495
0.045852
0.013757
0.052486
0.114026
0.112694
0.113017
0.125065
0.106235
0.112324
0.065465
0.089290
0.083545
0.060231
0.063224
0.099631
0.111522
0.112023
0.040706
0.024940
0.107884
0.101902
0.070019
0.092846
0.051948
0.107884
0.096995
0.085674
0.065024
0.107740
0.085893
0.074629
0.083580
0.057919
0.022237
0.022534
0.037384
0.067316
0.137599
0.096763
0.093671
0.064485
0.095009
0.109441
0.056934
0.073815
0.076612
0.094814
0.107933
0.088039
0.097486
0.103706
0.098630
0.062580
0.109156
0.065520
0.059569
0.056279
0.051987
0.088021
0.088664
0.074384
0.074117
0.097486
0.076612
0.101185
0.101902
0.098106
0.109126
0.090902
0.031187
0.082678
0.115542
0.081086
0.057962
0.093332
0.081276
0.040709
0.064236
0.065844
0.097486
0.125750
0.122595
0.062258
0.030752
0.092846
0.014436
0.109156
0.118607
0.035673
0.057227
0.107884
0.080595
0.109065
0.057227
0.110239
0.076473
0.090101
0.030752
0.109126
0.018931
0.090101
0.047876
0.013757
0.007006
0.027206
0.090902
0.067398
0.039468
0.028044
0.167696
0.106953
0.065024
0.094814
0.067361
0.083271
0.082678
0.067886
0.092576
0.099359
0.116003
0.061863
0.111670
0.072649
0.030496
0.184520
0.085124
0.073109
0.079915
0.096995
0.032650
0.048725
0.116003
0.101061
0.247235
0.049310
0.094831
0.117220
0.083028
0.085397
0.108276
0.076100
0.078580
0.073627
0.022534
0.078580
0.041846
0.035580
0.035644
0.085662
0.063604
0.049456
0.078200
0.062239
0.062763
0.064049
0.128014
0.127834
0.099994
0.096705
0.121064
0.052849
0.059957
0.019614
0.084830
0.096144
0.005665
0.053231
0.091479
0.140298
0.142746
0.037695
0.022534
0.019614
0.088173
0.094464
0.065822
0.005665
0.112478
0.063604
0.147515
0.078432
0.036416
0.078925
0.036383
0.027011
0.019614
0.094464
0.136622
0.057597
0.054903
0.064941
0.123041
0.046529
0.070098
0.142012
0.069432
0.069804
0.103286
0.157890
0.125551
0.081205
0.121688
0.172849
0.154521
0.103609
0.125181
0.092640
0.047132
0.095591
0.156456
0.072198
0.164941
0.157873
0.093927
0.129881
0.177218
0.177082
0.155526
0.127716
0.113706
0.174803
0.129194
0.130352
0.107037
0.169777
0.150472
0.107566
0.113074
0.110550
0.077002
0.125181
0.144453
0.111568
0.108942
0.106311
0.117988
0.157929
0.098256
0.133448
0.125546
0.137694
0.097961
0.134126
0.123654
0.128285
0.094590
0.150446
0.067437
0.100027
0.117764
0.019087
0.087009
0.043817
0.133076
0.128285
0.067999
0.111007
0.095238
0.104386
0.084051
0.072072
0.118386
0.034650
0.163727
0.035904
0.044361
0.027011
0.049465
0.040709
0.059207
0.037384
0.120101
0.064941
0.080827
0.078744
0.081781
0.110586
0.092794
0.128530
0.086755
0.061065
0.126561
0.088705
0.093309
0.139927
0.153699
0.130941
0.113512
0.135612
0.043011
0.119307
0.072072
0.105531
0.048489
0.092166
0.169704
0.096893
0.068908
0.054845
0.096112
0.030496
0.074629
0.092517
0.064485
0.092517
0.053227
0.064409
0.064485
0.050639
0.094831
0.072056
0.092517
0.059984
0.109935
0.072649
0.010127
0.211081
0.041755
0.060354
0.075595
0.100720
0.035493
0.093102
0.095553
0.085893
0.103706
0.100256
0.044653
0.069092
0.075061
0.092846
0.058728
0.077509
0.041784
0.060103
0.112023
0.089319
0.125065
0.049014
0.073622
0.070410
0.157639
0.123867
0.117331
0.126964
0.107290
0.060255
0.018120
0.095828
0.026109
0.075619
0.080126
0.097140
0.045852
0.037897
0.027125
0.031728
0.073522
0.028906
0.061116
0.066823
0.097553
0.112316
0.101167
0.107290
0.084690
0.110052
0.072194
0.068448
0.072194
0.086563
0.095828
0.068448
0.075569
0.091710
0.055153
0.034172
0.070074
0.098636
0.046778
0.090312
0.093555
0.061779
0.020836
0.036090
0.127106
0.088194
0.110636
0.068576
0.091833
0.083203
0.097573
0.097573
0.041508
0.060858
0.048205
0.041436
0.073756
0.023139
0.007069
0.036090
0.062341
0.066739
0.047120
0.111946
0.083988
0.082659
0.032409
0.111946
0.085635
0.076227
0.074599
0.071525
0.044098
0.083534
0.076972
0.076972
0.073756
0.080621
0.087364
0.035939
0.081006
0.091891
0.091977
0.066352
0.066594
0.058494
0.100227
0.111946
0.046251
0.070668
0.078526
0.126664
0.032517
0.036090
0.076297
0.108652
0.096845
0.044434
0.101167
0.055153
0.058443
0.030790
0.070624
0.107673
0.078626
0.134230
0.135987
0.187589
0.123523
0.168282
0.151888
0.102435
0.091601
0.153218
0.038484
0.020344
0.063895
0.028109
0.055154
0.042975
0.075182
0.076297
0.077700
0.105159
0.085263
0.086009
0.130588
0.111192
0.086965
0.146706
0.141410
0.107673
0.147805
0.156170
0.115482
0.101402
0.086563
0.087097
0.099491
0.074480
0.093356
0.028568
0.044434
0.040304
0.061980
0.070410
0.055154
0.044434
0.060255
0.051019
0.055154
0.090270
0.074323
0.060728
0.045315
0.073622
0.059896
0.089921
0.122910
0.034668
0.107507
0.098619
0.160420
0.115101
0.144299
0.134039
0.139822
0.060255
0.054884
0.018120
0.074144
0.027162
0.013991
0.032254
0.032254
0.044098
0.039229
0.043960
0.114787
0.040026
0.058908
0.019664
0.053759
0.096845
0.075874
0.081569
0.127731
0.065514
0.141078
0.120026
0.116080
0.117331
0.126487
0.016233
0.071448
0.080489
0.072084
0.074995
0.074045
0.113216
0.063895
0.035117
0.104069
0.113075
0.095628
0.132162
0.117380
0.101472
0.107290
0.090380
0.103377
0.081440
0.073805
0.110052
0.038484
0.084034
0.052907
0.069853
0.089359
0.117066
0.088664
0.077509
0.049123
0.055955
0.066270
0.074673
0.058879
0.157010
0.038742
0.011562
0.010127
0.081448
0.093102
0.096112
0.107933
0.071271
0.016213
0.079832
0.031100
0.072785
0.115522
0.047683
0.143786
0.252969
0.059300
0.024043
0.131905
0.115361
0.102802
0.071287
0.038742
0.132355
0.046251
0.012320
0.090698
0.020836
0.086770
0.052882
0.044434
0.108419
0.086563
0.062939
0.056411
0.093516
0.069126
0.045852
0.010546
0.057440
0.034853
0.084491
0.006501
0.046251
0.093412
0.055706
0.032517
0.018834
0.050666
0.006501
0.074045
0.031815
0.073906
0.068744
0.078890
0.063610
0.081637
0.053759
0.043846
0.099782
0.117904
0.141570
0.134039
0.125658
0.102256
0.103910
0.071417
0.080126
0.060728
0.049014
0.036090
0.040706
0.005982
0.053001
0.050589
0.018834
0.111522
0.070141
0.040706
0.090550
0.059224
0.043151
0.074710
0.069929
0.083473
0.083988
0.135821
0.072514
0.059569
0.076473
0.051987
0.088312
0.026109
0.018834
0.037353
0.067529
0.075182
0.080126
0.038101
0.073622
0.027556
0.037235
0.090926
0.072876
0.060103
0.032517
0.060103
0.054195
0.053740
0.077015
0.022308
0.041436
0.076591
0.077666
0.050166
0.006501
0.031526
0.081006
0.031728
0.011133
0.015248
0.011474
0.073522
0.076217
0.047185
0.060728
0.077015
0.040706
0.076800
0.038101
0.018120
0.074710
0.062437
0.082659
0.036090
0.064515
0.049401
0.016568
0.093686
0.080566
0.058494
0.085635
0.063439
0.109126
0.081006
0.072423
0.049679
0.066270
0.071404
0.085018
0.011474
0.073756
0.080621
0.081006
0.057985
0.108168
0.173062
0.008988
0.029525
0.024562
0.114383
0.108168
0.103874
0.027125
0.073109
0.094039
0.094814
0.076591
0.081006
0.135219
0.054285
0.074221
0.035493
0.071772
0.068971
0.097486
0.176709
0.046162
0.053231
0.080965
0.070355
0.053627
0.052781
0.077480
0.072514
0.074045
0.110239
0.006501
0.092910
0.072084
0.018834
0.051222
0.161856
0.064188
0.022308
0.032409
0.060858
0.032517
0.074646
0.059224
0.095939
0.087300
0.063863
0.054921
0.060728
0.072086
0.026109
0.073622
0.073622
0.031728
0.011133
0.042975
0.024373
0.067780
0.040059
0.076800
0.017064
0.047120
0.038101
0.035341
0.060728
0.073622
0.054019
0.022308
0.016568
0.032409
0.011474
0.085924
0.032642
0.062939
0.132674
0.058908
0.046251
0.040706
0.073906
0.052731
0.031728
0.073634
0.072227
0.058104
0.067215
0.076631
0.132092
0.058494
0.044653
0.041508
0.010127
0.044653
0.073663
0.094177
0.083534
0.044653
0.099410
0.083782
0.035341
0.068576
0.093742
0.067361
0.031753
0.021524
0.089116
0.071425
0.040059
0.075940
0.069618
0.080536
0.038918
0.069618
0.062341
0.029235
0.012015
0.059224
0.243007
0.100227
0.068744
0.075061
0.077373
0.085952
0.097486
0.041508
0.071797
0.091891
0.094177
0.039229
0.064515
0.064188
0.031201
0.074673
0.022308
0.221764
0.038918
0.057985
0.032409
0.077580
0.074710
0.027556
0.075182
0.012175
0.050166
0.207666
0.067692
0.046496
0.030623
0.065486
0.070745
0.137994
0.117775
0.066861
0.090157
0.086009
0.083376
0.063895
0.091868
0.196547
0.074995
0.074710
0.051987
0.077015
0.019664
0.061779
0.040801
0.024373
0.070141
0.028773
0.076297
0.031836
0.053929
0.074710
0.053740
0.061779
0.078203
0.059505
0.090926
0.058281
0.054575
0.105245
0.036090
0.052907
0.064823
0.031526
0.041436
0.066270
0.072227
0.069092
0.046496
0.082945
0.044775
0.085674
0.082094
0.080433
0.084491
0.031833
0.012015
0.011474
0.039350
0.030623
0.054701
0.055871
0.079370
0.055955
0.081006
0.062341
0.074144
0.038918
0.107300
0.094639
0.074710
0.006501
0.074710
0.115742
0.047185
0.081006
0.138489
0.115866
0.053913
0.050052
0.036262
0.051892
0.112744
0.052369
0.076591
0.027125
0.073109
0.088757
0.395814
0.196585
0.028918
0.089530
0.071797
0.011562
0.155881
0.039240
0.062239
0.093332
0.013678
0.096495
0.115361
0.086796
0.086796
0.105531
0.044567
0.094362
0.048257
0.035580
0.067646
0.076591
0.076717
0.055785
0.090466
0.076717
0.011972
0.036101
0.071858
0.080261
0.092517
0.027075
0.016213
0.145278
0.079653
0.053227
0.156499
0.105939
0.058197
0.141875
0.051606
0.065822
0.113512
0.047022
0.106029
0.055445
0.050842
0.072514
0.066352
0.046496
0.070019
0.066739
0.089555
0.011474
0.031728
0.071487
0.089359
0.055757
0.085635
0.055955
0.150665
0.058494
0.059984
0.041755
0.024562
0.051291
0.041508
0.178164
0.050900
0.091833
0.008388
0.100720
0.092517
0.008388
0.034404
0.050639
0.107933
0.014330
0.051975
0.119043
0.010587
0.051383
0.075595
0.029525
0.024043
0.093102
0.108276
0.146701
0.027075
0.052449
0.077089
0.078299
0.050052
0.008388
0.078870
0.101902
0.133291
0.052449
0.114951
0.211081
0.010127
0.058197
0.089287
0.063184
0.200596
0.289945
0.167491
0.105425
0.127196
0.138115
0.113918
0.223709
0.209320
0.022867
0.142043
0.096996
0.078381
0.137548
0.060739
0.150851
0.043536
0.112452
0.111007
0.032676
0.046262
0.065369
0.039308
0.043672
0.016649
0.129864
0.167712
0.192731
0.065309
0.125329
0.130512
0.150851
0.107917
0.148944
0.041589
0.065259
0.090033
0.151298
0.089218
0.176264
0.099135
0.055755
0.080266
0.016506
0.127716
0.048672
0.176524
0.119228
0.074613
0.064616
0.145343
0.101191
0.094313
0.074701
0.062085
0.109487
0.158872
0.093880
0.089305
0.092767
0.071194
0.142604
0.129881
0.023006
0.179029
0.136011
0.074847
0.037219
0.142519
0.045696
0.049198
0.039308
0.002086
0.122414
0.057695
0.069538
0.251574
0.060203
0.035774
0.072400
0.040679
0.149590
0.065026
0.070971
0.131092
0.078683
0.151212
0.160606
0.104095
0.092767
0.072400
0.134295
0.113003
0.156836
0.134153
0.150000
0.090486
0.165926
0.133393
0.101463
0.104125
0.102774
0.113457
0.136622
0.063764
0.111348
0.129381
0.155466
0.118225
0.050510
0.205848
0.058365
0.120812
0.045666
0.049861
0.039308
0.130230
0.096996
0.104914
0.108593
0.147832
0.117965
0.040952
0.068877
0.108942
0.142043
0.143070
0.141458
0.312065
0.135819
0.038260
0.105425
0.107466
0.044493
0.115726
0.108593
0.198533
0.078387
0.085025
0.107339
0.064643
0.074847
0.037219
0.125546
0.073604
0.104119
0.122986
0.077301
0.118577
0.236240
0.071307
0.085336
0.007816
0.166548
0.107917
0.005331
0.114276
0.067896
0.060138
0.019637
0.038793
0.087914
0.007816
0.069538
0.060138
0.099623
0.060611
0.034723
0.166548
0.107917
0.101578
0.071709
0.055755
0.190906
0.036835
0.134954
0.065259
0.067896
0.049605
0.097994
0.017408
0.107712
0.066753
0.301545
0.085894
0.138580
0.177392
0.158814
0.122153
0.178918
0.102774
0.151917
0.135989
0.101054
0.113519
0.134509
0.055597
0.200431
0.101203
0.094980
0.066185
0.080697
0.057895
0.092072
0.010670
0.149162
0.043917
0.212663
0.088001
0.083784
0.275874
0.036354
0.023390
0.057060
0.082313
0.192131
0.034479
0.061914
0.005087
0.129194
0.052826
0.069889
0.101463
0.065978
0.043508
0.080697
0.131119
0.047178
0.047254
0.119814
0.107505
0.023470
0.017228
0.091911
0.066729
0.213083
0.127579
0.043175
0.020756
0.171138
0.115087
0.020756
0.106759
0.082569
0.069613
0.103903
0.072080
0.005087
0.015727
0.234577
0.234577
0.003800
0.128376
0.102872
0.049247
0.050763
0.127579
0.015128
0.040186
0.191232
0.080183
0.062779
0.062779
0.051595
0.015128
0.047528
0.101409
0.035696
0.044364
0.121567
0.080183
0.043917
0.022436
0.061529
0.063170
0.035920
0.064113
0.034479
0.064001
0.043532
0.024556
0.149989
0.037902
0.104189
0.026045
0.099516
0.057060
0.067481
0.066533
0.037902
0.011695
0.055150
0.056809
0.074781
0.093758
0.120272
0.088001
0.050412
0.116704
0.129278
0.052826
0.082338
0.099983
0.128732
0.097601
0.103903
0.107904
0.122612
0.102431
0.099983
0.107338
0.015727
0.066533
0.103296
0.112782
0.112782
0.201921
0.130473
0.061914
0.051996
0.023038
0.065978
0.066729
0.055150
0.101463
0.034479
0.061914
0.080789
0.075425
0.122622
0.069074
0.085812
0.117893
0.049549
0.134024
0.014103
0.115003
0.173042
0.095231
0.124680
0.076512
0.084491
0.024990
0.072534
0.036639
0.015128
0.120272
0.091918
0.010670
0.101409
0.148694
0.092331
0.121462
0.174811
0.206531
0.189162
0.172541
0.169028
0.165539
0.145314
0.124999
0.167280
0.162842
0.113195
0.144446
0.114785
0.128508
0.204090
0.171863
0.174631
0.204160
0.160057
0.194581
0.206037
0.258147
0.126456
0.135961
0.029594
0.115339
0.157752
0.062434
0.099740
0.169931
0.051708
0.114362
0.045894
0.144733
0.093608
0.129367
0.031018
0.120377
0.069629
0.087137
0.103902
0.076555
0.114925
0.162421
0.103938
0.138980
0.094112
0.094112
0.191312
0.092904
0.051301
0.034022
0.029410
0.055023
0.010670
0.084736
0.054593
0.039929
0.049186
0.063610
0.081029
0.108652
0.061009
0.092022
0.095355
0.087257
0.041409
0.080309
0.078224
0.108652
0.128376
0.087257
0.102855
0.045740
0.064218
0.072596
0.082674
0.112782
0.123315
0.072596
0.101857
0.230066
0.110793
0.143207
0.130075
0.103879
0.104147
0.129789
0.155579
0.131492
0.085942
0.150276
0.127811
0.153881
0.176195
0.151102
0.129789
0.072257
0.127685
0.018032
0.104455
0.123444
0.072446
0.104409
0.103662
0.171879
0.145455
0.170740
0.133619
0.072596
0.161474
0.114785
0.136269
0.078328
0.041409
0.093758
0.057786
0.053817
0.114126
0.123019
0.140994
0.075666
0.051996
0.099074
0.085040
0.117266
0.081650
0.113002
0.102811
0.112248
0.100038
0.122705
0.067481
0.083765
0.110308
0.149446
0.041518
0.034144
0.023397
0.045740
0.081029
0.161880
0.142470
0.076583
0.252471
0.106880
0.121089
0.165226
0.144643
0.142092
0.060048
0.072630
0.008434
0.035747
0.099104
0.109853
0.057704
0.073550
0.088744
0.070692
0.014578
0.008434
0.041518
0.055023
0.050412
0.034022
0.170619
0.076135
0.076135
0.063544
0.050412
0.129136
0.056809
0.063454
0.089910
0.098080
0.113616
0.085771
0.047132
0.181692
0.054633
0.061049
0.052154
0.140714
0.031155
0.107638
0.079018
0.052154
0.033441
0.078164
0.064584
0.093594
0.030487
0.029594
0.019988
0.101109
0.119699
0.119780
0.119699
0.052154
0.088322
0.071731
0.033043
0.123417
0.056265
0.030168
0.055099
0.031118
0.113737
0.095591
0.030487
0.036886
0.096210
0.122204
0.165099
0.067218
0.103381
0.153699
0.105971
0.062810
0.143653
0.114218
0.143176
0.164406
0.124878
0.107659
0.114218
0.124878
0.128113
0.064149
0.147875
0.124777
0.064666
0.028785
0.034951
0.031155
0.073067
0.086863
0.061049
0.102677
0.118165
0.172758
0.165759
0.066710
0.099592
0.136341
0.076607
0.150319
0.127977
0.060412
0.091241
0.053236
0.050484
0.161653
0.078658
0.117266
0.167738
0.142333
0.095728
0.107607
0.075809
0.150646
0.092560
0.100231
0.054048
0.051791
0.039908
0.099236
0.143070
0.104980
0.041950
0.052525
0.010819
0.013148
0.019988
0.074432
0.092569
0.069629
0.115790
0.188935
0.116697
0.081840
0.177972
0.072800
0.051028
0.057661
0.052154
0.167874
0.145816
0.129789
0.059742
0.084864
0.062531
0.080482
0.123222
0.170397
0.122143
0.097711
0.045847
0.186220
0.143227
0.174133
0.178175
0.167239
0.187884
0.196418
0.189702
0.159510
0.049512
0.157070
0.208922
0.249096
0.172501
0.177569
0.136005
0.177651
0.135594
0.157304
0.200924
0.115000
0.177615
0.160522
0.138087
0.181989
0.135594
0.338813
0.133005
0.167037
0.165569
0.194954
0.175083
0.195096
0.198092
0.174598
0.213973
0.168583
0.202296
0.135290
0.132237
0.114121
0.075809
0.168925
0.143387
0.051825
0.031644
0.109131
0.125700
0.051825
0.107256
0.095336
0.113449
0.121943
0.112473
0.112912
0.118607
0.097493
0.072277
0.012515
0.011574
0.106979
0.086465
0.113072
0.078304
0.009235
0.064593
0.024341
0.072238
0.069888
0.054366
0.074677
0.034554
0.176904
0.050972
0.176981
0.030128
0.076277
0.049140
0.101703
0.052932
0.054366
0.060191
0.096704
0.014752
0.034554
0.055421
0.069954
0.040760
0.090374
0.067734
0.052456
0.061142
0.078944
0.097610
0.086596
0.078944
0.094925
0.043174
0.074070
0.070774
0.030018
0.052092
0.052092
0.157136
0.074078
0.054130
0.070155
0.155953
0.074718
0.147002
0.178052
0.094120
0.098732
0.098358
0.104669
0.106011
0.090241
0.070364
0.097324
0.030524
0.046313
0.048278
0.044327
0.032599
0.113466
0.069225
0.112023
0.055421
0.070040
0.044744
0.031603
0.113072
0.159724
0.066080
0.030461
0.163121
0.040440
0.073785
0.077678
0.092169
0.114475
0.128626
0.117118
0.079480
0.061136
0.078151
0.031100
0.151546
0.094177
0.130870
0.123666
0.153403
0.084317
0.170834
0.062683
0.140557
0.169724
0.057134
0.186130
0.163468
0.039269
0.119459
0.051652
0.021273
0.143745
0.194968
0.075113
0.194277
0.131449
0.084317
0.151538
0.137813
0.112589
0.148086
0.090882
0.131452
0.102766
0.140280
0.101585
0.100098
0.078968
0.143949
0.119724
0.129871
0.111210
0.101261
0.126288
0.083618
0.078968
0.054366
0.094919
0.101703
0.079142
0.111012
0.131452
0.124401
0.124411
0.109156
0.072344
0.125172
0.073580
0.121918
0.071209
0.048892
0.055964
0.028166
0.058391
0.077678
0.083132
0.061028
0.067596
0.060191
0.080538
0.040760
0.106095
0.125400
0.037072
0.039921
0.082348
0.086068
0.159672
0.093906
0.063944
0.135637
0.052714
0.009235
0.066797
0.071209
0.071209
0.071144
0.014752
0.058164
0.082987
0.086068
0.156181
0.122617
0.066797
0.116676
0.061395
0.128782
0.066256
0.014752
0.071344
0.086068
0.076277
0.094282
0.078907
0.014752
0.016915
0.036457
0.080538
0.127614
0.006998
0.009105
0.069099
0.055896
0.060581
0.071434
0.028878
0.031905
0.039430
0.117652
0.066971
0.063428
0.073998
0.112606
0.067345
0.081837
0.123021
0.034440
0.072793
0.048552
0.108441
0.123698
0.143347
0.057411
0.101261
0.113072
0.069459
0.076832
0.097622
0.021022
0.031823
0.071434
0.063428
0.096773
0.081542
0.070878
0.055457
0.008283
0.067734
0.049170
0.082466
0.090475
0.103766
0.118687
0.085984
0.099946
0.099520
0.074149
0.086180
0.119986
0.108690
0.119986
0.068048
0.064798
0.157070
0.041950
0.072090
0.100214
0.096210
0.056196
0.043878
0.055797
0.041950
0.131121
0.077091
0.123698
0.082856
0.122204
0.074429
0.107293
0.184531
0.105860
0.097324
0.149514
0.133029
0.069459
0.027095
0.097493
0.100242
0.126576
0.019197
0.154537
0.070878
0.165704
0.059966
0.050673
0.055896
0.059966
0.076602
0.124846
0.063115
0.066971
0.081542
0.051288
0.098241
0.081837
0.099946
0.065593
0.014279
0.073516
0.084766
0.116065
0.068149
0.086649
0.008942
0.019208
0.024534
0.048278
0.065552
0.136577
0.131739
0.139549
0.019208
0.117401
0.133282
0.130929
0.044062
0.084317
0.130275
0.123798
0.114126
0.114624
0.099623
0.114624
0.083028
0.076277
0.064002
0.107682
0.105838
0.090882
0.050972
0.042907
0.075136
0.099623
0.089884
0.112170
0.093109
0.068978
0.165793
0.061010
0.006290
0.138651
0.053165
0.117652
0.085193
0.067734
0.092722
0.028029
0.030619
0.050470
0.114311
0.084766
0.124846
0.136981
0.124846
0.101135
0.100720
0.086649
0.120949
0.109291
0.124878
0.149514
0.120949
0.086180
0.043878
0.059346
0.106011
0.075808
0.036666
0.070603
0.144032
0.049536
0.072257
0.013300
0.032077
0.115175
0.057397
0.066286
0.049629
0.074070
0.077269
0.302366
0.097205
0.129922
0.090470
0.106272
0.108858
0.123698
0.080555
0.063115
0.073119
0.088641
0.093739
0.028878
0.065552
0.100242
0.065552
0.090475
0.100696
0.078383
0.123698
0.085937
0.055797
0.057397
0.153041
0.123698
0.083527
0.103623
0.123233
0.077474
0.042512
0.009317
0.059742
0.028360
0.114646
0.212519
0.212519
0.231739
0.174096
0.119080
0.078552
0.030018
0.136456
0.226518
0.074149
0.116883
0.097683
0.115476
0.097324
0.072053
0.087919
0.066971
0.075081
0.114993
0.149514
0.044346
0.106011
0.115839
0.070209
0.041950
0.028360
0.094120
0.023635
0.098241
0.078944
0.122005
0.123792
0.112912
0.108690
0.041485
0.105732
0.137450
0.120951
0.110311
0.073998
0.069459
0.105610
0.116357
0.099236
0.119986
0.113449
0.035601
0.072793
0.072238
0.056983
0.044367
0.119158
0.014752
0.055896
0.031738
0.035443
0.090795
0.132317
0.090518
0.100696
0.031905
0.012515
0.092169
0.080538
0.175066
0.049294
0.056983
0.035443
0.039921
0.006290
0.066080
0.053878
0.039921
0.060191
0.058804
0.064811
0.101261
0.041931
0.011108
0.030128
0.075136
0.071952
0.036832
0.031695
0.031905
0.006290
0.035317
0.037517
0.043088
0.069099
0.088641
0.090314
0.096210
0.038723
0.016160
0.097997
0.073353
0.080269
0.082348
0.096459
0.080762
0.075725
0.099804
0.084601
0.092840
0.107044
0.120439
0.086068
0.079142
0.040760
0.114126
0.128782
0.113906
0.127998
0.109135
0.113906
0.128134
0.091798
0.062284
0.098537
0.080538
0.072277
0.014752
0.092169
0.076110
0.055347
0.048002
0.060288
0.037072
0.080762
0.060191
0.073208
0.027939
0.066135
0.039430
0.030128
0.040760
0.085272
0.054774
0.058068
0.010222
0.058164
0.080238
0.050801
0.067734
0.055995
0.097324
0.076602
0.098977
0.110311
0.105732
0.129059
0.098241
0.053611
0.123233
0.098977
0.105606
0.073864
0.094078
0.074429
0.062264
0.100214
0.094409
0.056564
0.103766
0.116612
0.085937
0.097769
0.123233
0.127447
0.022728
0.038959
0.084055
0.077512
0.113218
0.120478
0.058126
0.138906
0.120937
0.178343
0.035856
0.117642
0.179285
0.095217
0.156979
0.078801
0.138596
0.187410
0.014872
0.161771
0.119986
0.098732
0.127473
0.060644
0.125825
0.127473
0.123698
0.077474
0.050739
0.116612
0.047892
0.062079
0.036246
0.114376
0.095718
0.010510
0.089703
0.065444
0.107448
0.094207
0.080826
0.077269
0.042512
0.102863
0.113449
0.056564
0.053611
0.113449
0.119986
0.052436
0.044367
0.035601
0.072793
0.044540
0.093562
0.013744
0.080238
0.032831
0.041379
0.024080
0.053239
0.048278
0.100242
0.086056
0.046054
0.078164
0.010510
0.047729
0.092157
0.080538
0.055421
0.082348
0.060191
0.072277
0.096704
0.093925
0.071218
0.030128
0.090846
0.082348
0.076801
0.098537
0.086068
0.009235
0.056429
0.098537
0.030787
0.031695
0.053244
0.053239
0.041931
0.031283
0.028878
0.008283
0.074677
0.035601
0.077748
0.050025
0.093562
0.051908
0.097324
0.071511
0.050739
0.097324
0.041485
0.083951
0.047892
0.036246
0.031166
0.030787
0.037072
0.078304
0.015929
0.083683
0.079816
0.088641
0.070878
0.029561
0.028878
0.075847
0.031283
0.054774
0.078304
0.061420
0.039259
0.035977
0.035977
0.047729
0.033989
0.071250
0.030524
0.075616
0.050654
0.024080
0.073998
0.031166
0.071250
0.041485
0.092542
0.054263
0.072053
0.125400
0.097997
0.060376
0.035601
0.072793
0.076506
0.097493
0.083683
0.010510
0.093562
0.054263
0.100242
0.085984
0.089517
0.084766
0.030018
0.117695
0.085403
0.120404
0.111383
0.077418
0.167074
0.094516
0.095305
0.114646
0.456393
0.572566
0.961422
0.190895
0.449080
0.419020
0.225814
0.250890
0.065367
0.124793
0.078147
0.156076
0.099468
0.209702
0.262575
0.413108
0.426757
0.206525
0.162537
0.238767
0.110102
0.123555
0.173468
0.080995
0.180202
0.173089
0.227758
0.244815
0.131817
0.158029
0.191368
0.168877
0.119871
0.163906
0.113799
0.160775
0.038100
0.077483
0.056076
0.106157
0.156076
0.129194
0.149963
0.055624
0.116645
0.122861
0.100136
0.110579
0.082273
0.078042
0.184340
0.048862
0.049004
0.056955
0.056955
0.039145
0.071077
0.080113
0.105055
0.056368
0.089132
0.112094
0.071077
0.125416
0.093860
0.116106
0.048414
0.100912
0.188717
0.136876
0.080211
0.073427
0.136021
0.073393
0.091514
0.115763
0.110783
0.096780
0.070755
0.088839
0.075711
0.062461
0.074259
0.034766
0.047148
0.055651
0.057556
0.034384
0.086630
0.043723
0.079750
0.081637
0.057556
0.075711
0.090933
0.049793
0.055624
0.020976
0.115175
0.122854
0.099136
0.078263
0.084550
0.117775
0.092097
0.096314
0.103855
0.126768
0.105966
0.127805
0.174727
0.072130
0.110550
0.085911
0.112796
0.101208
0.062461
0.094621
0.100851
0.055440
0.051412
0.177595
0.041701
0.033365
0.090933
0.049108
0.110131
0.094621
0.126768
0.086890
0.060514
0.110365
0.110620
0.096060
0.096027
0.073393
0.108999
0.117124
0.083130
0.054919
0.062461
0.070755
0.031059
0.047148
0.062369
0.072205
0.029999
0.060865
0.050539
0.023146
0.141889
0.033380
0.100848
0.133331
0.112603
0.101261
0.116704
0.126660
0.009235
0.056428
0.093056
0.063428
0.101068
0.084635
0.050654
0.097324
0.078287
0.077364
0.086649
0.080615
0.063605
0.027095
0.031166
0.093739
0.108638
0.107667
0.051322
0.050673
0.058068
0.222540
0.092157
0.205175
0.146002
0.113417
0.094684
0.090846
0.135077
0.009235
0.068576
0.110606
0.154784
0.056429
0.078304
0.044367
0.052714
0.244836
0.080277
0.076110
0.138929
0.105063
0.041057
0.077081
0.104384
0.119181
0.135077
0.011574
0.063193
0.241280
0.074418
0.092840
0.137417
0.113466
0.133581
0.129718
0.090965
0.147886
0.230851
0.093925
0.157846
0.053244
0.171684
0.099669
0.186498
0.073056
0.082891
0.051902
0.101403
0.011087
0.073880
0.093033
0.079480
0.049345
0.056961
0.028697
0.037479
0.045193
0.033396
0.094727
0.052811
0.037479
0.072930
0.037100
0.073068
0.031100
0.186130
0.031100
0.108587
0.086093
0.106865
0.131452
0.118533
0.117401
0.126480
0.095539
0.052932
0.060191
0.077678
0.049266
0.034554
0.116516
0.160479
0.058260
0.093987
0.092957
0.074628
0.082982
0.154502
0.105966
0.074482
0.077010
0.119895
0.100410
0.075011
0.085683
0.072130
0.036891
0.093081
0.060398
0.085911
0.115763
0.122496
0.102221
0.090362
0.094621
0.119167
0.082208
0.062461
0.049783
0.092957
0.105000
0.086630
0.094677
0.116850
0.191966
0.100225
0.057846
0.036466
0.060592
0.064418
0.057606
0.024814
0.070584
0.036891
0.060592
0.105557
0.099986
0.039145
0.058056
0.079328
0.019809
0.001976
0.044127
0.070867
0.070867
0.045652
0.060592
0.031973
0.058650
0.057650
0.024910
0.027319
0.031973
0.056368
0.028060
0.056955
0.087251
0.041614
0.042827
0.022740
0.058725
0.060041
0.070867
0.027319
0.056955
0.058650
0.121338
0.036466
0.056955
0.104640
0.058051
0.120753
0.084189
0.022853
0.131789
0.101614
0.115187
0.367729
0.216649
0.153349
0.154782
0.125797
0.118188
0.106178
0.115034
0.136251
0.140361
0.260681
0.154326
0.140030
0.140361
0.113799
0.122184
0.114468
0.180202
0.251960
0.152104
0.189757
0.132121
0.165137
0.196726
0.195619
0.157407
0.100070
0.110150
0.171372
0.085001
0.213940
0.068601
0.096377
0.119565
0.150279
0.129737
0.172285
0.172285
0.150938
0.172941
0.115034
0.216077
0.097018
0.064544
0.096518
0.046094
0.154068
0.101208
0.132688
0.081397
0.069517
0.092454
0.084317
0.080891
0.049783
0.244527
0.070755
0.044385
0.104019
0.093007
0.037459
0.136202
0.103429
0.014133
0.136980
0.085265
0.096590
0.111630
0.095655
0.157098
0.029176
0.073068
0.086876
0.051256
0.013523
0.289855
0.042796
0.576836
0.482477
0.254170
0.362881
0.191461
0.169525
0.041614
0.247609
0.068268
0.081759
0.073588
0.100225
0.304804
0.566491
0.526583
0.576831
0.256034
0.088077
0.060790
0.074649
0.202408
0.259692
0.173199
0.158390
0.130200
0.141880
0.195808
0.142188
0.222617
0.215824
0.205267
0.250524
0.136147
0.119871
0.227180
0.344185
0.195941
0.116124
0.243166
0.151658
0.072122
0.060790
0.053144
0.045807
0.226451
0.193589
0.195850
0.264358
0.102864
0.284926
0.147876
0.203559
0.247103
0.187664
0.207459
0.111899
0.188111
0.169942
0.306274
0.045379
0.078347
0.116473
0.075800
0.105020
0.089991
0.159757
0.151515
0.166308
0.104615
0.059553
0.054916
0.108951
0.049285
0.150431
0.133219
0.183488
0.097441
0.075797
0.154326
0.194134
0.096423
0.075797
0.186346
0.138138
0.164645
0.155289
0.140361
0.218887
0.183476
0.314441
0.250524
0.122145
0.103034
0.122894
0.361564
0.085111
0.199107
0.244815
0.161502
0.159047
0.120295
0.223073
0.205267
0.197073
0.212229
0.205705
0.109876
0.087597
0.109105
0.075559
0.048862
0.087814
0.075559
0.068578
0.073267
0.082273
0.176470
0.166035
0.100488
0.120574
0.150958
0.082821
0.023146
0.062369
0.045111
0.090362
0.073645
0.096412
0.096590
0.049369
0.102552
0.084615
0.051368
0.049911
0.033365
0.049369
0.069705
0.070711
0.097707
0.094547
0.054919
0.090561
0.090933
0.053759
0.035904
0.049911
0.028153
0.042990
0.095261
0.099271
0.063301
0.106948
0.082622
0.117985
0.142526
0.069361
0.117118
0.109156
0.085714
0.115346
0.102463
0.077071
0.080963
0.158882
0.101585
0.166424
0.055076
0.056089
0.081512
0.093007
0.031217
0.037171
0.049793
0.069705
0.016175
0.007518
0.050539
0.090933
0.038305
0.049369
0.102552
0.090257
0.030509
0.082053
0.039665
0.033547
0.073300
0.033380
0.071728
0.093072
0.073068
0.093072
0.082053
0.007929
0.082053
0.008372
0.076240
0.076240
0.045087
0.072728
0.053480
0.056361
0.053240
0.073880
0.070996
0.093072
0.073068
0.054075
0.069517
0.096242
0.115833
0.132621
0.134732
0.151690
0.136837
0.104092
0.103611
0.061705
0.078293
0.112604
0.135185
0.120427
0.108932
0.097622
0.086465
0.220789
0.171867
0.133879
0.133581
0.179641
0.052933
0.071037
0.014439
0.034384
0.120711
0.223505
0.077187
0.068740
0.084241
0.098888
0.094677
0.082273
0.089223
0.090589
0.101716
0.086973
0.090589
0.089552
0.084550
0.104865
0.074482
0.478822
0.219324
0.238494
0.150283
0.200941
0.287098
0.277053
0.163928
0.200814
0.231348
0.104356
0.258449
0.256526
0.060790
0.277338
0.130271
0.066679
0.150959
0.135932
0.091645
0.125716
0.102100
0.085058
0.135932
0.136777
0.096564
0.264273
0.208608
0.217415
0.071753
0.088806
0.063977
0.073474
0.101387
0.122809
0.123892
0.075886
0.042641
0.066575
0.042779
0.123357
0.063421
0.068304
0.119428
0.129650
0.095840
0.095462
0.121818
0.177806
0.125365
0.098351
0.109828
0.095462
0.084804
0.128090
0.090689
0.084787
0.188302
0.084431
0.106686
0.106619
0.037168
0.067846
0.084911
0.015285
0.046018
0.065316
0.114167
0.066575
0.025081
0.057665
0.070391
0.102986
0.080845
0.064130
0.017487
0.044290
0.101781
0.041444
0.043274
0.093463
0.022965
0.046391
0.083540
0.039412
0.047483
0.085488
0.070391
0.082255
0.086822
0.067442
0.083540
0.049319
0.062525
0.047453
0.041984
0.107961
0.072303
0.088174
0.043759
0.116735
0.039117
0.060254
0.060254
0.114506
0.115569
0.094278
0.096460
0.122094
0.109896
0.059360
0.139953
0.086183
0.131423
0.063738
0.070513
0.122709
0.080424
0.118985
0.097218
0.044075
0.082255
0.064764
0.096194
0.108085
0.114311
0.105166
0.044606
0.081656
0.043837
0.172231
0.029404
0.073136
0.040858
0.056872
0.039845
0.052008
0.020694
0.067846
0.044111
0.125290
0.096460
0.244605
0.104898
0.123145
0.069355
0.079501
0.114801
0.014775
0.033070
0.111098
0.044440
0.181140
0.082896
0.128669
0.120327
0.611268
0.737354
0.296293
0.200827
0.044290
0.310234
0.211742
0.061663
0.187032
0.160665
0.184261
0.151332
0.086781
0.148737
0.159522
0.144854
0.157121
0.175025
0.121003
0.169422
0.119572
0.074915
0.164824
0.040858
0.167618
0.111081
0.129793
0.166496
0.134764
0.080840
0.142727
0.074915
0.165488
0.158104
0.075083
0.090265
0.067217
0.080127
0.068339
0.225544
0.142332
0.036556
0.079092
0.022965
0.093463
0.049814
0.082897
0.063189
0.105166
0.040858
0.039888
0.039412
0.022965
0.008018
0.022965
0.086804
0.065524
0.018624
0.051222
0.043162
0.047483
0.022965
0.047483
0.065524
0.086426
0.085977
0.044360
0.064829
0.004276
0.010290
0.085835
0.034453
0.067846
0.044111
0.044111
0.080424
0.132232
0.046414
0.054604
0.071559
0.091863
0.109281
0.110447
0.096725
0.116678
0.355436
0.312355
0.153655
0.031916
0.153532
0.032447
0.174361
0.157735
0.115401
0.170527
0.179914
0.094851
0.093084
0.136806
0.190760
0.057775
0.041812
0.103787
0.086821
0.164697
0.069355
0.117824
0.264463
0.091595
0.174690
0.095591
0.180309
0.134981
0.048608
0.088889
0.081902
0.082255
0.008074
0.106736
0.087932
0.063738
0.109368
0.046780
0.095335
0.272908
0.105763
0.109208
0.080127
0.144693
0.108085
0.109368
0.075990
0.100471
0.021253
0.060869
0.091904
0.052139
0.304841
0.132915
0.189971
0.093632
0.166561
0.233199
0.108225
0.301354
0.128812
0.058299
0.316123
0.089063
0.102226
0.113909
0.076892
0.106391
0.116779
0.119664
0.096407
0.110447
0.101579
0.179812
0.354733
0.245966
0.236094
0.042773
0.016929
0.162692
0.146492
0.088077
0.054916
0.141880
0.221453
0.256990
0.389671
0.165905
0.015174
0.089397
0.021379
0.115316
0.053247
0.073984
0.048691
0.058100
0.037974
0.014775
0.048691
0.095064
0.026711
0.132200
0.111857
0.070946
0.261107
0.112846
0.132200
0.090607
0.090607
0.111871
0.070362
0.112846
0.172228
0.086508
0.082368
0.102102
0.108382
0.089580
0.143955
0.111708
0.143955
0.073691
0.167223
0.101900
0.081602
0.105988
0.101900
0.062152
0.072633
0.099327
0.114046
0.091213
0.076859
0.073955
0.100120
0.120321
0.207215
0.062152
0.075372
0.049159
0.067664
0.054463
0.070739
0.044781
0.067664
0.059960
0.050665
0.059960
0.039282
0.024361
0.203108
0.162692
0.056379
0.080154
0.033448
0.062279
0.064117
0.110961
0.098291
0.122887
0.091027
0.041559
0.108230
0.117206
0.100627
0.088588
0.088363
0.095261
0.027321
0.039282
0.052050
0.071149
0.099010
0.099010
0.062152
0.067664
0.053328
0.018438
0.023540
0.014529
0.055161
0.035020
0.076796
0.056302
0.012641
0.023540
0.083715
0.078922
0.016929
0.016061
0.024535
0.012641
0.013757
0.027321
0.035550
0.053144
0.058030
0.130271
0.055161
0.033519
0.012641
0.019272
0.091087
0.027321
0.049275
0.033665
0.037104
0.039156
0.012641
0.097855
0.066159
0.033519
0.087268
0.119994
0.061256
0.053144
0.057761
0.035020
0.046943
0.016634
0.046331
0.041273
0.051575
0.051575
0.059553
0.033448
0.041465
0.068764
0.072122
0.072122
0.027270
0.015174
0.030499
0.024535
0.034413
0.046331
0.041465
0.048005
0.062369
0.113720
0.068764
0.041559
0.065234
0.125910
0.050100
0.009524
0.070051
0.133051
0.155299
0.106287
0.106287
0.071149
0.076441
0.138927
0.102440
0.100858
0.099327
0.078347
0.093728
0.065653
0.050532
0.046945
0.044248
0.050532
0.082368
0.159358
0.048979
0.035452
0.015744
0.094309
0.040269
0.089580
0.122346
0.026052
0.093564
0.043811
0.073807
0.043811
0.035452
0.046784
0.059825
0.062835
0.073474
0.078066
0.080592
0.091018
0.080592
0.065780
0.056892
0.043183
0.048011
0.023417
0.072792
0.029200
0.028801
0.072792
0.043811
0.031916
0.054643
0.031916
0.031916
0.045543
0.091142
0.090575
0.014775
0.052054
0.048119
0.011763
0.099769
0.091480
0.208875
0.095991
0.177469
0.102699
0.078349
0.253887
0.103334
0.062525
0.106619
0.057325
0.066996
0.086818
0.055187
0.113113
0.080127
0.086818
0.074515
0.104996
0.037718
0.073036
0.089391
0.089391
0.106947
0.064829
0.043759
0.026741
0.045174
0.035298
0.078373
0.068780
0.072308
0.058410
0.071559
0.081902
0.052170
0.072422
0.071559
0.188368
0.085983
0.156745
0.101796
0.102127
0.095991
0.111471
0.055812
0.114801
0.067655
0.137429
0.091018
0.109653
0.146859
0.088324
0.101909
0.054585
0.067287
0.100594
0.085977
0.057027
0.060254
0.097892
0.071435
0.120655
0.124175
0.106883
0.077114
0.047483
0.058312
0.024531
0.021897
0.154878
0.102640
0.104354
0.131510
0.098421
0.069349
0.101960
0.056872
0.051222
0.115265
0.067287
0.092534
0.084021
0.106686
0.088638
0.088638
0.022965
0.044075
0.024174
0.049289
0.076109
0.058410
0.086183
0.107632
0.127103
0.134278
0.068749
0.109880
0.094268
0.122094
0.113492
0.100788
0.140205
0.111710
0.044290
0.066084
0.120909
0.094528
0.084431
0.115488
0.194427
0.039888
0.138292
0.173110
0.176516
0.173110
0.273575
0.203564
0.244052
0.277970
0.238050
0.350921
0.311528
0.311528
0.254207
0.260489
0.362362
0.377219
0.416889
0.389447
0.437300
0.440751
0.481623
0.545372
0.543879
0.524033
0.541534
0.526992
0.529751
0.547039
0.543879
0.514775
0.523865
0.536313
0.527847
0.540574
0.479718
0.505971
0.458345
0.445073
0.443432
0.425259
0.472603
0.386177
0.306723
0.427831
0.376815
0.324214
0.279678
0.274485
0.246438
0.211633
0.196649
0.171851
0.227932
0.272740
0.242700
0.256077
0.255206
0.341326
0.525714
0.475147
0.530584
0.458522
0.502902
0.552604
0.531083
0.518413
0.566363
0.531083
0.512108
0.497325
0.508999
0.544761
0.411313
0.482491
0.482800
0.458248
0.485827
0.505971
0.439400
0.441674
0.433143
0.419158
0.330267
0.361056
0.341874
0.374793
0.358416
0.341330
0.306723
0.323490
0.317081
0.374870
0.252737
0.274922
0.251341
0.243719
0.171054
0.167952
0.131510
0.112603
0.110839
0.124810
0.289604
