0.119747
0.111921
0.109164
0.097203
0.105845
0.108558
0.106876
0.110330
0.107534
0.099943
0.099757
0.103359
0.098562
0.096225
0.099621
0.093838
0.078407
0.073855
0.093419
0.089823
0.082954
0.075592
0.072107
0.069233
0.074131
0.067461
0.066367
0.059731
0.051104
0.053525
0.048089
0.048237
0.048089
0.044397
0.046945
0.048089
0.050953
0.045103
0.044860
0.041889
0.046772
0.050825
0.040941
0.045320
0.032143
0.038384
0.034716
0.027608
0.026158
0.022167
0.022264
0.020056
0.022167
0.021631
0.031073
0.027456
0.028358
0.025060
0.020251
0.020945
0.018625
0.012679
0.013540
0.018531
0.008671
0.005523
0.005356
0.007813
0.009532
0.006338
0.004867
0.011205
0.001578
0.012304
0.004821
0.014683
0.007870
0.014156
0.016757
0.016001
0.017305
0.019498
0.027273
0.028661
0.028880
0.028856
0.034029
0.035449
0.053909
0.046613
0.047132
0.048219
0.041429
0.044769
0.049345
0.052905
0.047601
0.049358
0.060108
0.123330
0.073036
0.067412
0.046087
0.048277
0.039398
0.038377
0.045357
0.046068
0.052277
0.045790
0.054728
0.051973
0.056114
0.062291
0.062943
0.085846
0.190938
0.149888
0.099122
0.081997
0.058288
0.054997
0.020282
0.010960
0.016757
0.015590
0.014692
0.026403
0.071748
0.023294
0.020016
0.023775
0.023775
0.038745
0.038745
0.050258
0.036792
0.033638
0.039106
0.042860
0.032845
0.037281
0.030509
0.036537
0.040628
0.039574
0.044075
0.045798
0.051063
0.049647
0.055129
0.055780
0.061017
0.062888
0.068677
0.074221
0.068677
0.075038
0.077914
0.081577
0.091818
0.092897
0.120056
0.110044
0.106302
0.095387
0.091837
0.081568
0.084225
0.078791
0.081689
0.090393
0.095331
0.100123
0.087211
0.090654
0.096317
0.100935
0.111755
0.108533
0.114065
0.122865
0.107847
0.108986
0.111116
0.122491
0.115767
0.114016
0.126446
0.130770
0.138423
0.134365
0.127078
0.122433
0.124485
0.123771
0.126526
0.130513
0.132544
0.133147
0.135883
0.138516
0.132554
0.143414
0.149975
0.151980
0.153892
0.160333
0.161927
0.160333
0.158413
0.162590
0.165377
0.155377
0.167262
0.162655
0.164020
0.167065
0.167262
0.172298
0.168065
0.170116
0.168300
0.172098
0.179526
0.180041
0.175693
0.180832
0.176880
0.165488
0.163568
0.169745
0.166869
0.159661
0.164422
0.156897
0.150132
0.150132
0.158098
0.148774
0.149396
0.153785
0.154493
0.145740
0.145505
0.136170
0.132709
0.125955
0.122313
0.123747
0.127917
0.131997
0.126703
0.119714
0.116629
0.116283
0.118487
0.118487
0.113462
0.106574
0.119503
0.104036
0.101259
0.105622
0.106523
0.099027
0.090544
0.093757
0.095679
0.088884
0.076365
0.073027
0.069143
0.069143
0.068267
0.061927
0.062757
0.075412
0.063777
0.061294
0.060671
0.057642
0.059724
0.061927
0.061294
0.065655
0.061294
0.057251
0.061927
0.061927
0.061294
0.067234
0.070830
0.071761
0.060305
0.060142
0.072413
0.056755
0.047685
0.043267
0.043854
0.043854
0.047685
0.044620
0.046933
0.039280
0.042310
0.039280
0.039280
0.038199
0.042478
0.039011
0.045388
0.036804
0.030984
0.028152
0.023986
0.021794
0.022821
0.021487
0.021487
0.024831
0.028287
0.025076
0.024691
0.038765
0.041882
0.017339
0.017312
0.013164
0.022853
0.018715
0.010719
0.011283
0.014309
0.007534
0.008244
0.007476
0.010423
0.013866
0.027266
0.053726
0.029756
0.013164
0.007587
0.012673
0.006450
0.038327
0.014021
0.011897
0.007292
0.007757
0.015966
0.018601
0.011803
0.010726
0.010726
0.014543
0.017084
0.018856
0.022815
0.026613
0.029848
0.033853
0.113695
0.056287
0.028133
0.019114
0.021822
0.021233
0.023580
0.021361
0.021822
0.023029
0.024681
0.023501
0.029501
0.030803
0.033051
0.036088
0.038715
0.040871
0.044011
0.050104
0.047974
0.051324
0.051324
0.052716
0.050270
0.057429
0.058881
0.060694
0.061458
0.066828
0.066143
0.063212
0.066846
0.079612
0.067433
0.064860
0.073726
0.066066
0.067688
0.076160
0.072140
0.073638
0.075533
0.077590
0.082997
0.081979
0.082855
0.084603
0.089196
0.091951
0.097597
0.104308
0.107622
0.116095
0.116690
0.126270
0.126270
0.131629
0.127134
0.129798
0.141536
0.143791
0.149859
0.145766
0.145028
0.148579
0.158864
0.162141
0.160899
0.169779
0.178671
0.172030
0.177665
0.180506
0.183830
0.189901
0.188006
0.189196
0.187017
0.185831
0.181037
0.181686
0.181574
0.181013
0.181869
0.185031
0.181799
0.182839
0.183685
0.185611
0.176730
0.172341
0.169386
0.165562
0.156195
0.153479
0.149028
0.149679
0.147768
0.147768
0.147447
0.145952
0.139045
0.134222
0.131899
0.126568
0.121537
0.121478
0.118800
0.116978
0.111472
0.109189
0.107901
0.105979
0.103364
0.100264
0.099618
0.095069
0.092660
0.089888
0.086950
0.084417
0.082541
0.082024
0.077440
0.075629
0.073495
0.070549
0.071609
0.070928
0.064042
0.065682
0.060462
0.069647
0.069647
0.071674
0.063948
0.061574
0.066430
0.068613
0.081855
0.081607
0.058762
0.062322
0.051687
0.069932
0.061707
0.052627
0.059396
0.060124
0.053932
0.039222
0.055229
0.054778
0.050014
0.036473
0.056630
0.057174
0.060697
0.036322
0.065350
0.060379
0.060379
0.052507
0.062108
0.068791
0.068791
0.061144
0.063918
0.060355
0.060034
0.059404
0.069871
0.066007
0.079837
0.062595
0.069420
0.072684
0.079850
0.088581
0.083109
0.070015
0.080361
0.080363
0.081358
0.079598
0.075895
0.073579
0.071173
0.071620
0.068461
0.067657
0.065156
0.063841
0.062452
0.060705
0.059399
0.053660
0.055420
0.054830
0.057129
0.053823
0.050052
0.048989
0.043837
0.042025
0.045728
0.041264
0.037405
0.035063
0.034838
0.033637
0.026200
0.026497
0.034550
0.033169
0.026376
0.029250
0.027348
0.028821
0.019622
0.024526
0.017201
0.014604
0.015347
0.019558
0.025554
0.015070
0.016190
0.023379
0.016190
0.032952
0.036232
0.025771
0.032595
0.035947
0.026079
0.046140
0.045923
0.046140
0.045687
0.044473
0.043721
0.042597
0.044103
0.044103
0.042750
0.043627
0.042597
0.044103
0.040800
0.040981
0.038572
0.036952
0.036210
0.038863
0.039754
0.038863
0.038599
0.037952
0.036857
0.040337
0.037271
0.037078
0.033553
0.036147
0.034818
0.032044
0.034818
0.036396
0.037317
0.032025
0.022119
0.016810
0.017459
0.016881
0.014112
0.011720
0.014112
0.027372
0.021419
0.059369
0.028933
0.026091
0.035981
0.024769
0.029916
0.025151
0.027878
0.018449
0.016810
0.019302
0.018835
0.016881
0.019074
0.019440
0.023295
0.019440
0.021790
0.021790
0.022119
0.021790
0.024214
0.026091
0.016810
0.022293
0.017459
0.020046
0.013629
0.013426
0.018701
0.012111
0.013427
0.007753
0.009784
0.012930
0.009784
0.005304
0.005239
0.003692
0.013234
0.009716
0.006453
0.007951
0.008163
0.006446
0.012671
0.016304
0.010766
0.009697
0.009704
0.010950
0.012056
0.013587
0.025357
0.018583
0.020449
0.024503
0.023912
0.026643
0.025286
0.027916
0.031223
0.036730
0.032314
0.034350
0.039289
0.038867
0.042775
0.043397
0.047555
0.052702
0.049837
0.050433
0.054645
0.050274
0.053281
0.056374
0.057810
0.048854
0.047763
0.044630
0.035842
0.035108
0.036262
0.064259
0.054263
0.026535
0.022895
0.035842
0.039649
0.032887
0.031564
0.045902
0.040308
0.031095
0.043381
0.034722
0.045250
0.052083
0.050265
0.048278
0.051784
0.045241
0.047903
0.048803
0.039324
0.039447
0.042896
0.042775
0.045341
0.050604
0.050660
0.052542
0.051079
0.052524
0.053854
0.032275
0.042661
0.047730
0.050455
0.042661
0.049473
0.033479
0.038262
0.034783
0.048005
0.039454
0.043502
0.045250
0.050604
0.050604
0.046725
0.051344
0.049793
0.050756
0.050169
0.050133
0.052179
0.053023
0.051569
0.052179
0.053854
0.048765
0.051079
0.053414
0.034783
0.034285
0.047294
0.050756
0.046725
0.050660
0.053023
0.049990
0.051569
0.049706
0.053854
0.053281
0.055906
0.055263
0.054762
0.053414
0.056194
0.056147
0.044373
0.055387
0.041817
0.031015
0.036852
0.047098
0.050265
0.038569
0.043334
0.040270
0.040504
0.032617
0.025286
0.032792
0.018554
0.015962
0.011176
0.009749
0.014963
0.022086
0.032157
0.022904
0.040665
0.036408
0.022859
0.041694
0.081602
0.028622
0.041080
0.014741
0.026735
0.012009
0.033310
0.029529
0.023052
0.010252
0.008264
0.027532
0.034639
0.034639
0.037874
0.041774
0.028319
0.049872
0.029504
0.021699
0.040962
0.034593
0.032077
0.030496
0.027128
0.023363
0.035215
0.026735
0.030862
0.019517
0.017133
0.019517
0.014702
0.017025
0.030233
0.036054
0.029504
0.039648
0.028865
0.042686
0.036054
0.049872
0.020353
0.031449
0.037874
0.030809
0.048216
0.044978
0.052105
0.038611
0.020353
0.004018
0.030585
0.058676
0.061584
0.068900
0.053008
0.045840
0.021142
0.043243
0.043852
0.025977
0.048129
0.034699
0.034593
0.032888
0.036374
0.044321
0.028592
0.031873
0.027771
0.023363
0.019517
0.015717
0.027771
0.035641
0.017312
0.023365
0.035641
0.024899
0.033000
0.030206
0.028610
0.030518
0.028827
0.028829
0.028145
0.029477
0.029472
0.029477
0.029931
0.035854
0.035936
0.040103
0.040368
0.043768
0.044070
0.045425
0.045425
0.045671
0.047337
0.040256
0.033515
0.050948
0.041478
0.044256
0.044582
0.025003
0.040665
0.037137
0.025030
0.032757
0.016985
0.027340
0.019557
0.015031
0.017870
0.013618
0.017247
0.010766
0.022904
0.025660
0.012437
0.018518
0.008163
0.004621
0.033515
0.037186
0.026556
0.010766
0.007929
0.012236
0.009697
0.007929
0.032884
0.006039
0.010031
0.010031
0.003486
0.003115
0.007185
0.013416
0.013416
0.019747
0.023189
0.023189
0.016542
0.011769
0.015601
0.023762
0.030364
0.021319
0.014684
0.014684
0.014684
0.017459
0.016810
0.030221
0.032552
0.036857
0.029956
0.031523
0.032025
0.027883
0.027883
0.031097
0.037512
0.037512
0.041080
0.026591
0.040337
0.027359
0.040337
0.026591
0.038863
0.041462
0.033310
0.029529
0.020635
0.029299
0.014915
0.050426
0.032409
0.008836
0.002511
0.012546
0.023107
0.026003
0.019395
0.027408
0.027408
0.021680
0.023722
0.020121
0.022009
0.023796
0.023796
0.034816
0.035478
0.034171
0.025149
0.029161
0.035138
0.027373
0.034252
0.034252
0.035222
0.035222
0.037792
0.032730
0.037976
0.038091
0.034811
0.038466
0.026767
0.032025
0.024276
0.028862
0.033254
0.035422
0.035138
0.035697
0.028406
0.033270
0.034673
0.041880
0.047315
0.042891
0.013079
0.025859
0.022629
0.035776
0.023052
0.022331
0.012793
0.032543
0.013508
0.013508
0.013508
0.011252
0.013805
0.013943
0.016588
0.016588
0.015831
0.015209
0.025027
0.018434
0.027408
0.018112
0.019062
0.014741
0.017286
0.017625
0.029528
0.011252
0.011368
0.012993
0.029228
0.049328
0.029228
0.018991
0.005187
0.007742
0.010252
0.006798
0.022168
0.010569
0.007815
0.011292
0.022168
0.018884
0.018884
0.009874
0.009415
0.012643
0.012643
0.008436
0.007815
0.012793
0.019180
0.012236
0.038601
0.015640
0.017312
0.021081
0.028956
0.034037
0.029599
0.034885
0.035174
0.038859
0.044070
0.043777
0.017664
0.014684
0.017664
0.017664
0.022028
0.036420
0.036927
0.042296
0.045457
0.043660
0.037186
0.026854
0.023921
0.038219
0.038756
0.039994
0.020541
0.019639
0.034017
0.029888
0.024302
0.020359
0.026586
0.025689
0.024833
0.025332
0.030609
0.029246
0.033198
0.034519
0.030023
0.032615
0.032716
0.037982
0.035506
0.039879
0.036593
0.038867
0.039447
0.049067
0.046836
0.045341
0.045341
0.046725
0.045504
0.052083
0.047948
0.048306
0.049990
0.049569
0.052691
0.051099
0.032467
0.033625
0.044639
0.049793
0.045250
0.036794
0.046555
0.050925
0.050660
0.050756
0.052542
0.052194
0.047701
0.045460
0.037599
0.039364
0.043560
0.036102
0.034433
0.038485
0.043604
0.049934
0.050921
0.048278
0.049934
0.051496
0.046836
0.047642
0.050169
0.048306
0.050133
0.049569
0.045932
0.050455
0.042661
0.056147
0.045902
0.036510
0.035842
0.047787
0.034735
0.031207
0.033699
0.036965
0.023927
0.033531
0.023603
0.030273
0.037432
0.030408
0.026967
0.031353
0.030860
0.021058
0.015277
0.018119
0.016204
0.024294
0.015503
0.016560
0.015669
0.020295
0.010958
0.014586
0.013816
0.020528
0.029642
0.013382
0.017137
0.012558
0.012558
0.007581
0.010930
0.012549
0.012228
0.012558
0.011722
0.010958
0.010468
0.008642
0.011722
0.012228
0.017289
0.013499
0.019450
0.015042
0.018828
0.017657
0.022884
0.018095
0.027353
0.015578
0.012558
0.010930
0.006395
0.021701
0.003973
0.009673
0.004976
0.041420
0.030627
0.026677
0.030827
0.027377
0.043959
0.050666
0.036867
0.054577
0.051982
0.049816
0.029594
0.048996
0.036889
0.032155
0.028758
0.037294
0.032594
0.031092
0.035594
0.035517
0.040147
0.042921
0.046762
0.045464
0.048389
0.053760
0.087068
0.077802
0.053450
0.046762
0.058314
0.048463
0.051458
0.048463
0.046291
0.047390
0.051390
0.062028
0.072216
0.062028
0.059748
0.063154
0.047390
0.053760
0.048389
0.050645
0.055598
0.053379
0.062028
0.059748
0.055598
0.060730
0.055598
0.052103
0.050645
0.072892
0.062943
0.058652
0.054961
0.060730
0.067086
0.064416
0.072892
0.067086
0.062799
0.069407
0.059195
0.069034
0.057320
0.054768
0.074351
0.055613
0.067086
0.065278
0.069407
0.059071
0.060858
0.053733
0.060951
0.062215
0.064391
0.069132
0.064094
0.069144
0.066746
0.074731
0.080483
0.095159
0.142623
0.090981
0.063154
0.064798
0.048772
0.057406
0.057027
0.079315
0.057616
0.039649
0.046316
0.035594
0.038607
0.042021
0.052433
0.050281
0.088355
0.073326
0.072495
0.044685
0.045029
0.050195
0.039470
0.036104
0.041389
0.031419
0.054427
0.057028
0.070247
0.063471
0.046472
0.043414
0.043469
0.058482
0.059949
0.046836
0.041226
0.018247
0.020921
0.018494
0.051689
0.040197
0.038560
0.030490
0.032230
0.033974
0.033412
0.045330
0.050337
0.044840
0.047156
0.050997
0.039407
0.041213
0.046580
0.047619
0.048216
0.052083
0.052083
0.046456
0.047642
0.043616
0.047098
0.047098
0.040142
0.034037
0.036852
0.034433
0.040517
0.041136
0.064942
0.056713
0.066036
0.042880
0.041707
0.063721
0.065763
0.056846
0.050052
0.033559
0.039999
0.056877
0.023206
0.053481
0.033067
0.026409
0.064594
0.036910
0.048381
0.053640
0.025757
0.012930
0.026636
0.012770
0.021918
0.027599
0.018151
0.012870
0.031865
0.026415
0.035411
0.029946
0.028577
0.027746
0.043277
0.037952
0.045753
0.047315
0.044998
0.046088
0.048607
0.050379
0.054241
0.062813
0.061913
0.038361
0.035408
0.028241
0.011689
0.015070
0.023998
0.059920
0.061247
0.034280
0.040738
0.028660
0.019622
0.024526
0.046533
0.046856
0.043017
0.043450
0.056450
0.042242
0.044880
0.044260
0.048600
0.054366
0.055965
0.067663
0.050898
0.056634
0.042025
0.059350
0.054585
0.104544
0.070414
0.062179
0.068668
0.049073
0.060573
0.042791
0.027583
0.038281
0.093350
0.055904
0.035589
0.008239
0.004607
0.016994
0.023655
0.015041
0.048809
0.017213
0.026115
0.015687
0.020875
0.018187
0.023327
0.023557
0.021028
0.026939
0.030592
0.030592
0.043767
0.035370
0.026939
0.030592
0.024440
0.025561
0.049869
0.038038
0.026939
0.042670
0.042291
0.026817
0.021939
0.012145
0.013429
0.011385
0.013429
0.012607
0.020482
0.013303
0.025895
0.039586
0.029542
0.033361
0.029989
0.035719
0.034899
0.083540
0.067472
0.082975
0.026817
0.010500
0.021459
0.016213
0.019420
0.023655
0.015787
0.010375
0.013303
0.011644
0.017222
0.031974
0.030419
0.034906
0.035100
0.036391
0.026758
0.026121
0.034084
0.034531
0.030609
0.032510
0.033195
0.041137
0.027200
0.047315
0.029138
0.017213
0.021581
0.018621
0.010375
0.025141
0.016213
0.030341
0.021924
0.021924
0.014740
0.043017
0.047081
0.041104
0.041844
0.036537
0.029572
0.040833
0.031507
0.013303
0.022741
0.033865
0.033043
0.028447
0.011661
0.012488
0.020499
0.025517
0.010987
0.024433
0.034911
0.034432
0.034911
0.052570
0.042129
0.053320
0.038570
0.046603
0.039892
0.042941
0.044070
0.047081
0.057864
0.044694
0.052584
0.045421
0.056167
0.042620
0.053321
0.060472
0.049750
0.037339
0.039063
0.044343
0.031233
0.044343
0.036281
0.031974
0.054203
0.054203
0.031507
0.036537
0.031507
0.027010
0.021459
0.041844
0.054269
0.054269
0.029110
0.045694
0.055953
0.069593
0.066043
0.063164
0.066464
0.072914
0.058719
0.062499
0.058960
0.062238
0.072840
0.073106
0.072351
0.074824
0.077747
0.057683
0.051931
0.058474
0.059541
0.075621
0.067824
0.069423
0.076105
0.073148
0.058530
0.069051
0.076231
0.074115
0.056157
0.055126
0.055251
0.078880
0.053274
0.076331
0.082891
0.067017
0.056870
0.058718
0.059864
0.061196
0.053081
0.051446
0.051273
0.043910
0.040761
0.045461
0.042687
0.040158
0.042478
0.037221
0.036791
0.035473
0.039515
0.035700
0.027371
0.032432
0.028407
0.023475
0.018970
0.015723
0.015723
0.026992
0.016166
0.025807
0.021688
0.025807
0.027955
0.018792
0.012543
0.032723
0.028942
0.027238
0.026234
0.022505
0.030202
0.026746
0.029203
0.027149
0.028495
0.036946
0.045777
0.044793
0.026688
0.029528
0.037498
0.040617
0.024171
0.016473
0.026290
0.009566
0.006607
0.007609
0.004919
0.011593
0.011279
0.017865
0.018654
0.013781
0.013781
0.016134
0.020126
0.020126
0.018642
0.021557
0.024403
0.026266
0.031056
0.031056
0.025293
0.019725
0.026056
0.016172
0.024857
0.018832
0.019076
0.030578
0.019068
0.012242
0.010720
0.017771
0.011593
0.009032
0.018743
0.006952
0.014573
0.023317
0.022536
0.004919
0.012691
0.006607
0.023285
0.044634
0.034267
0.038384
0.035348
0.025279
0.025279
0.037466
0.023317
0.041959
0.050674
0.038859
0.034587
0.025822
0.025822
0.026434
0.026918
0.026918
0.027792
0.036426
0.044004
0.040869
0.026427
0.025912
0.018642
0.024315
0.036707
0.035757
0.041203
0.037949
0.040255
0.051418
0.043246
0.049454
0.049454
0.045427
0.049357
0.049357
0.046374
0.050885
0.047993
0.046314
0.049169
0.050885
0.049051
0.051447
0.049295
0.051407
0.045654
0.039920
0.048169
0.062722
0.054881
0.058203
0.051594
0.062974
0.070675
0.066350
0.060653
0.060653
0.056355
0.051594
0.060653
0.059631
0.046223
0.058589
0.042231
0.039416
0.056355
0.065405
0.057286
0.056880
0.053820
0.047316
0.049295
0.045531
0.045531
0.043855
0.047074
0.040424
0.040272
0.037308
0.036778
0.036778
0.040336
0.044070
0.039920
0.036985
0.036985
0.032750
0.029829
0.026299
0.034951
0.026904
0.027699
0.032479
0.024783
0.033914
0.025886
0.011845
0.014726
0.019281
0.014795
0.003354
0.019887
0.047636
0.040470
0.040266
0.040895
0.044054
0.044514
0.051451
0.048779
0.052578
0.046820
0.012439
0.002180
0.053236
0.058648
0.053236
0.056015
0.053076
0.039065
0.047465
0.044544
0.054232
0.053824
0.057627
0.082194
0.058942
0.052246
0.055888
0.062307
0.071661
0.072247
0.071837
0.069063
0.069729
0.065681
0.070728
0.067847
0.063878
0.057627
0.068999
0.056503
0.065223
0.046820
0.045709
0.042278
0.038851
0.027559
0.044514
0.028006
0.027559
0.027685
0.031243
0.033167
0.039065
0.044097
0.034782
0.043858
0.044825
0.033012
0.037115
0.036317
0.036914
0.060457
0.054232
0.041503
0.032382
0.046820
0.035346
0.036674
0.031304
0.019753
0.041106
0.024627
0.025609
0.023305
0.020285
0.018324
0.020011
0.019753
0.020262
0.054112
0.016073
0.021111
0.037330
0.033248
0.021581
0.012568
0.010882
0.012568
0.012851
0.012920
0.011926
0.015762
0.017838
0.015762
0.014707
0.012305
0.033248
0.026549
0.023606
0.013396
0.021111
0.011826
0.012116
0.014491
0.003354
0.012503
0.022937
0.039969
0.033612
0.029628
0.032901
0.037184
0.015693
0.029740
0.039851
0.014424
0.030755
0.067053
0.079053
0.074119
0.082387
0.080692
0.056624
0.074138
0.050177
0.050420
0.037184
0.040760
0.057769
0.043945
0.044339
0.051503
0.038133
0.023233
0.023759
0.026486
0.039969
0.046886
0.058674
0.037184
0.037587
0.051503
0.012439
0.015898
0.046886
0.046248
0.060509
0.071403
0.046670
0.061503
0.071747
0.051503
0.051503
0.051503
0.058235
0.055548
0.066327
0.047252
0.047252
0.043741
0.029871
0.035644
0.040114
0.046279
0.026549
0.037152
0.013835
0.007224
0.019404
0.036826
0.072209
0.036356
0.047074
0.043745
0.044339
0.015693
0.036826
0.029436
0.029834
0.039712
0.056652
0.056611
0.056652
0.053318
0.063405
0.060016
0.063405
0.066816
0.021099
0.031878
0.063459
0.057065
0.054716
0.059884
0.061361
0.065164
0.072482
0.074756
0.073732
0.076391
0.071832
0.072752
0.066665
0.072139
0.070214
0.068723
0.070214
0.068419
0.067339
0.072482
0.073055
0.075577
0.071479
0.072215
0.072482
0.070309
0.068782
0.056407
0.074756
0.070861
0.069365
0.073405
0.058320
0.059357
0.068669
0.066946
0.061780
0.060294
0.059427
0.060294
0.059884
0.067307
0.061886
0.065994
0.063436
0.065774
0.060197
0.047335
0.053795
0.039185
0.050156
0.047749
0.040388
0.029308
0.029023
0.062027
0.028905
0.021923
0.024882
0.032102
0.031988
0.026658
0.016947
0.009131
0.040426
0.035281
0.020363
0.023019
0.023139
0.016163
0.022619
0.016121
0.013325
0.051259
0.017265
0.018715
0.019008
0.025519
0.012027
0.047347
0.015575
0.002770
0.005094
0.018511
0.018917
0.017145
0.009357
0.012013
0.020598
0.033412
0.017008
0.015952
0.021598
0.024761
0.034100
0.029167
0.034484
0.040007
0.034207
0.040685
0.041031
0.048208
0.051045
0.055521
0.042573
0.026668
0.034563
0.030421
0.036948
0.035694
0.030151
0.036916
0.064679
0.054055
0.042957
0.042957
0.066069
0.048724
0.058000
0.058694
0.064871
0.067793
0.070578
0.072815
0.071700
0.064568
0.058033
0.059469
0.061151
0.061851
0.058978
0.052205
0.063327
0.097962
0.070876
0.073324
0.083135
0.084473
0.079950
0.081931
0.081640
0.087655
0.093873
0.099447
0.099244
0.098534
0.095503
0.110925
0.158087
0.163513
0.168532
0.074409
0.098953
0.130912
0.137435
0.141382
0.102797
0.118473
0.132150
0.121838
0.132286
0.129344
0.140023
0.136468
0.131688
0.134917
0.186810
0.130358
0.102167
0.097804
0.107495
0.084328
0.083198
0.087798
0.085032
0.086078
0.088765
0.087600
0.098943
0.097984
0.093839
0.082292
0.083308
0.082105
0.125800
0.096788
0.108844
0.059627
0.061775
0.066706
0.064795
0.067348
0.066269
0.063153
0.064826
0.105032
0.066601
0.064084
0.045507
0.037599
0.037397
0.034776
0.044806
0.056812
0.127651
0.027510
0.022446
0.047084
0.062469
0.046451
0.008871
0.021187
0.035459
0.008229
0.043104
0.076847
0.078714
0.040429
0.040597
0.028668
0.092892
0.132819
0.021577
0.009637
0.014852
0.011524
0.045800
0.064214
0.019529
0.031695
0.021831
0.021557
0.026022
0.032769
0.030908
0.030121
0.038937
0.025195
0.025225
0.028362
0.036078
0.027357
0.036105
0.034931
0.039552
0.045149
0.034243
0.040791
0.044399
0.034806
0.033979
0.031386
0.031948
0.036105
0.042730
0.036891
0.023648
0.028935
0.024511
0.028937
0.025225
0.022771
0.023877
0.028939
0.019833
0.035103
0.027418
0.035287
0.048768
0.067915
0.063430
0.052870
0.057899
0.065087
0.070812
0.069245
0.081546
0.086983
0.088372
0.087214
0.075732
0.077565
0.079767
0.072152
0.073543
0.076274
0.102796
0.085034
0.079565
0.102526
0.095491
0.096844
0.083766
0.088980
0.081569
0.079565
0.084723
0.096404
0.098682
0.096317
0.101952
0.105444
0.113428
0.110377
0.118499
0.112561
0.115129
0.126037
0.116799
0.136040
0.127654
0.149114
0.123719
0.092061
0.067086
0.061487
0.062876
0.061725
0.064558
0.064558
0.062971
0.061487
0.061487
0.065412
0.056683
0.063843
0.047674
0.047627
0.050958
0.056274
0.054462
0.068333
0.070170
0.057748
0.059106
0.062509
0.061718
0.079965
0.052272
0.047965
0.049150
0.051778
0.047890
0.050920
0.052815
0.061306
0.057791
0.056279
0.050354
0.079421
0.050803
0.047890
0.044792
0.047674
0.054382
0.048393
0.103192
0.062903
0.072688
0.048911
0.023528
0.051280
0.013595
0.002454
0.018934
0.035750
0.057058
0.029395
0.027527
0.025833
0.020610
0.039336
0.056565
0.070292
0.053155
0.036209
0.050807
0.044046
0.022485
0.033249
0.026494
0.022918
0.013893
0.003913
0.032571
0.053416
0.026249
0.051855
0.093957
0.047401
0.077823
0.064671
0.086929
0.097723
0.080434
0.067217
0.007711
0.013055
0.015194
0.033286
0.042868
0.043053
0.018258
0.018880
0.023620
0.026924
0.046145
0.048084
0.058453
0.063049
0.068922
0.075052
0.074689
0.040687
0.034796
0.060849
0.081922
0.045514
0.075021
0.078140
0.057472
0.054103
0.077302
0.067496
0.049000
0.058237
0.046245
0.030284
0.045247
0.040825
0.059236
0.038549
0.039309
0.040487
0.067627
0.082342
0.087939
0.081298
0.077205
0.066641
0.066732
0.020098
0.027384
0.033704
0.049527
0.049729
0.021851
0.022224
0.046178
0.023405
0.025730
0.041010
0.022941
0.049766
0.049558
0.039378
0.015789
0.003425
0.010434
0.024253
0.003757
0.007366
0.005365
0.136727
0.054258
0.027741
0.042944
0.049413
0.041599
0.041058
0.028033
0.027384
0.011988
0.017374
0.016180
0.015726
0.021681
0.030791
0.030267
0.023988
0.016460
0.019039
0.023405
0.022941
0.014719
0.019496
0.009843
0.028936
0.029280
0.034153
0.032634
0.010199
0.018391
0.017421
0.026347
0.023584
0.023584
0.034700
0.029078
0.039201
0.035044
0.045081
0.044762
0.064642
0.027502
0.015292
0.024060
0.037389
0.030609
0.026971
0.010612
0.008876
0.006860
0.040831
0.005667
0.008335
0.027019
0.048562
0.099155
0.066087
0.015812
0.025877
0.023188
0.020098
0.030267
0.023405
0.020194
0.022941
0.013958
0.022941
0.016576
0.015703
0.009843
0.015327
0.033154
0.031174
0.009415
0.011884
0.009530
0.012613
0.015703
0.025880
0.022587
0.019771
0.004190
0.006860
0.010774
0.012483
0.013695
0.028260
0.071284
0.012863
0.044199
0.033907
0.013410
0.015887
0.025384
0.021578
0.015887
0.020181
0.019342
0.042870
0.043599
0.037901
0.043722
0.091887
0.068712
0.051982
0.074824
0.057823
0.054387
0.082811
0.037315
0.040813
0.030496
0.034359
0.041445
0.038151
0.020507
0.004923
0.007187
0.009479
0.021401
0.037215
0.100362
0.072182
0.034142
0.034579
0.148731
0.124137
0.051868
0.046066
0.179762
0.029646
0.077638
0.029752
0.080973
0.107097
0.065148
0.042066
0.148622
0.148269
0.091717
0.042656
0.036687
0.043420
0.057822
0.066691
0.064809
0.028812
0.012616
0.061792
0.050993
0.063004
0.032749
0.009215
0.016022
0.040182
0.039816
0.034686
0.055152
0.057735
0.059256
0.087550
0.080947
0.060203
0.043568
0.036061
0.025725
0.018776
0.035701
0.009435
0.013134
0.022034
0.036698
0.027285
0.038391
0.033061
0.024876
0.036030
0.038653
0.049741
0.070904
0.104322
0.097221
0.049813
0.038329
0.032466
0.047157
0.052894
0.050537
0.047650
0.062707
0.076668
0.053506
0.052957
0.054409
0.062707
0.055515
0.068075
0.056947
0.071006
0.070060
0.065187
0.060632
0.058289
0.054463
0.052179
0.052117
0.055393
0.075416
0.061249
0.072697
0.067278
0.074937
0.077316
0.080744
0.105387
0.079150
0.068524
0.061368
0.051189
0.034019
0.024451
0.016544
0.028306
0.022687
0.072673
0.027367
0.054302
0.035009
0.018280
0.020210
0.030771
0.027371
0.036061
0.024465
0.017286
0.042396
0.032449
0.009435
0.025725
0.039216
0.029020
0.022184
0.018846
0.022221
0.036271
0.036271
0.015741
0.019546
0.000000
0.040560
0.091514
0.023245
0.052388
0.055124
0.054751
0.045589
0.047782
0.036147
0.055797
0.079381
0.104652
0.078654
0.136851
0.139700
0.116556
0.122668
0.134303
0.138451
0.127123
0.133921
0.113825
0.121749
0.094913
0.056692
0.079121
0.068830
0.059201
0.052014
0.150270
0.094514
0.066766
0.063431
0.061118
0.057936
0.058473
0.062470
0.061854
0.069344
0.062409
0.059331
0.056801
0.061429
0.065946
0.062364
0.048578
0.043828
0.043598
0.069410
0.067704
0.049727
0.086028
0.079775
0.051677
0.040580
0.051246
0.033570
0.049232
0.042617
0.045019
0.050714
0.054533
0.052039
0.068185
0.063258
0.061209
0.072793
0.082002
0.086138
0.096968
0.094922
0.095264
0.074406
0.059925
0.073123
0.066446
0.059925
0.065034
0.066890
0.077823
0.052039
0.055262
0.072912
0.072793
0.064055
0.081025
0.105526
0.099390
0.118438
0.120484
0.087379
0.086127
0.097270
0.124771
0.172891
0.165817
0.164178
0.148492
0.126647
0.116667
0.104611
0.066241
0.073355
0.063003
0.075482
0.045018
0.019017
0.003631
0.004404
0.066388
0.024567
0.045285
0.038534
0.018163
0.009273
0.024567
0.028258
0.024734
0.045172
0.056814
0.001411
0.012262
0.008309
0.009709
0.007077
0.026646
0.024704
0.024043
0.030490
0.032894
0.038142
0.044886
0.076249
0.047899
0.041957
0.045306
0.055283
0.063876
0.066363
0.070982
0.075831
0.075124
0.110270
0.094396
0.082875
0.087993
0.077663
0.073812
0.065823
0.093299
0.092226
0.072350
0.070171
0.067911
0.043535
0.039681
0.036994
0.030193
0.035674
0.035387
0.040886
0.041331
0.047787
0.047426
0.045746
0.047087
0.051394
0.050040
0.052286
0.054459
0.052032
0.049887
0.051674
0.053722
0.060994
0.058068
0.055624
0.101986
0.045656
0.035091
0.026807
0.050525
0.035487
0.042943
0.051570
0.047632
0.053028
0.054967
0.037568
0.050000
0.054967
0.044524
0.055037
0.053868
0.056180
0.050880
0.044886
0.038566
0.034232
0.026319
0.058478
0.049415
0.050451
0.041250
0.046597
0.042951
0.032433
0.047166
0.046844
0.048315
0.037592
0.038153
0.034874
0.045582
0.042497
0.050280
0.048114
0.049223
0.037950
0.045561
0.056950
0.029403
0.048114
0.028320
0.020505
0.056180
0.050741
0.047877
0.059480
0.047964
0.038246
0.032339
0.037331
0.017010
0.011933
0.032390
0.067573
0.068987
0.040460
0.022996
0.049333
0.027147
0.030738
0.045117
0.059495
0.035690
0.017893
0.008285
0.040765
0.015267
0.032117
0.009381
0.011564
0.003018
0.012238
0.008785
0.006181
0.009065
0.015507
0.019342
0.039048
0.014921
0.014921
0.020988
0.012498
0.014500
0.016601
0.014921
0.018587
0.014921
0.023683
0.024624
0.018557
0.016646
0.017509
0.019717
0.029200
0.019717
0.024181
0.023855
0.025197
0.028921
0.032315
0.034318
0.041409
0.041556
0.042904
0.051374
0.060204
0.060204
0.058824
0.054628
0.062165
0.071074
0.057653
0.080811
0.061361
0.036039
0.029677
0.028011
0.030634
0.033298
0.027448
0.032414
0.027406
0.039219
0.044103
0.037828
0.042571
0.039328
0.053938
0.047336
0.044103
0.031931
0.041941
0.039219
0.056058
0.046400
0.047740
0.040765
0.044650
0.046460
0.027692
0.033054
0.038019
0.055091
0.049252
0.083855
0.078940
0.110627
0.086002
0.089407
0.078699
0.095826
0.116130
0.098615
0.109012
0.129426
0.139593
0.149785
0.139719
0.149906
0.173600
0.187163
0.173941
0.190613
0.180386
0.170283
0.176980
0.177056
0.194174
0.193987
0.194185
0.197574
0.194185
0.200758
0.207768
0.214354
0.221367
0.214358
0.217975
0.245354
0.248537
0.241913
0.241913
0.235171
0.234984
0.231803
0.214667
0.242169
0.251982
0.252344
0.262737
0.258884
0.266087
0.269556
0.273160
0.269556
0.276950
0.266483
0.259219
0.269976
0.266483
0.266654
0.284174
0.270488
0.281010
0.281221
0.284737
0.284602
0.271209
0.281918
0.272098
0.268718
0.272660
0.265651
0.245482
0.249587
0.260714
0.250379
0.251124
0.254696
0.247941
0.244696
0.245536
0.243300
0.271065
0.250474
0.261716
0.261716
0.252445
0.252967
0.243262
0.236627
0.238359
0.252149
0.245548
0.246158
0.247383
0.248039
0.237888
0.245097
0.245728
0.257163
0.225597
0.247075
0.229839
0.237008
0.226966
0.236355
0.242066
0.231326
0.234905
0.232746
0.240715
0.242180
0.243041
0.226772
0.241906
0.245461
0.247971
0.255062
0.238975
0.247037
0.240878
0.231243
0.317440
0.283635
0.274327
0.206881
0.205485
0.216968
0.212232
0.218975
0.212339
0.224819
0.215881
0.210504
0.221832
0.209703
0.199688
0.205161
0.211531
0.216974
0.216305
0.227209
0.224976
0.237446
0.238715
0.209712
0.220216
0.212878
0.220296
0.224157
0.241063
0.240705
0.239029
0.243458
0.238993
0.228565
0.231979
0.229894
0.243434
0.236194
0.235380
0.238611
0.233914
0.250796
0.247583
0.247208
0.247781
0.248573
0.247029
0.243357
0.232469
0.231339
0.225560
0.226807
0.219000
0.218046
0.211964
0.196815
0.189150
0.184133
0.175494
0.173424
0.170520
0.161472
0.152704
0.143229
0.138697
0.138375
0.133557
0.128986
0.120877
0.117795
0.120554
0.116103
0.114123
0.112833
0.106865
0.105995
0.101627
0.097873
0.090343
0.086873
0.084406
0.077073
0.072031
0.074331
0.073840
0.061494
0.060013
0.071642
0.062493
0.061062
0.072874
0.058439
0.070573
0.053687
0.065687
0.083950
0.078968
0.070584
0.076221
0.085717
0.092252
0.090940
0.081077
0.084236
0.080168
0.078474
0.082060
0.081440
0.077852
0.071065
0.071334
0.066727
0.068247
0.069716
0.068012
0.067417
0.069152
0.061413
0.056410
0.056712
0.057329
0.052547
0.053106
0.054580
0.053009
0.050665
0.045536
0.043239
0.041156
0.041423
0.039660
0.039660
0.039076
0.034057
0.036162
0.029336
0.029322
0.026401
0.021087
0.034654
0.032053
0.024567
0.027492
0.020027
0.018970
0.031644
0.026109
0.021645
0.037208
0.043333
0.021257
0.014603
0.031602
0.045514
0.035261
0.045182
0.079958
0.055610
0.069295
0.055814
0.041791
0.042120
0.029093
0.065971
0.065861
0.062419
0.052431
0.089775
0.072871
0.055179
0.045182
0.059047
0.058862
0.038846
0.052213
0.069042
0.073008
0.052045
0.031838
0.035206
0.035206
0.052045
0.045229
0.048995
0.031878
0.028710
0.029971
0.042516
0.048726
0.052213
0.039064
0.041791
0.048688
0.045229
0.052491
0.031602
0.035050
0.038714
0.042900
0.047992
0.015957
0.014206
0.016937
0.026216
0.022055
0.018684
0.020422
0.020479
0.031772
0.034312
0.035896
0.035536
0.034312
0.045547
0.030687
0.022157
0.019318
0.029447
0.041048
0.028306
0.033149
0.036788
0.032664
0.034427
0.060010
0.049159
0.041891
0.047896
0.044157
0.047415
0.052953
0.061331
0.047896
0.043433
0.075570
0.072672
0.049754
0.062219
0.075948
0.066416
0.060572
0.055664
0.054473
0.058270
0.051885
0.045905
0.050310
0.049093
0.050809
0.061635
0.054039
0.059302
0.057683
0.048259
0.044465
0.059302
0.056815
0.048822
0.054450
0.066416
0.062629
0.051756
0.053242
0.055902
0.054039
0.064367
0.063086
0.044154
0.026938
0.023877
0.021945
0.038747
0.027048
0.024747
0.019834
0.021060
0.019974
0.023467
0.027528
0.017815
0.017041
0.013266
0.010470
0.019031
0.035846
0.020339
0.019031
0.035846
0.031538
0.033550
0.019346
0.037731
0.040478
0.060758
0.046381
0.060756
0.049428
0.039801
0.045810
0.056071
0.052020
0.040926
0.065263
0.082713
0.079157
0.071778
0.075313
0.079157
0.082621
0.061714
0.061714
0.079811
0.076234
0.069557
0.062336
0.055662
0.041285
0.048507
0.040293
0.054633
0.071950
0.075503
0.061608
0.072659
0.048047
0.054823
0.055662
0.055662
0.056612
0.075134
0.085920
0.072150
0.050059
0.042532
0.021945
0.026670
0.031597
0.035342
0.039921
0.039069
0.044133
0.041385
0.039668
0.043055
0.040793
0.042177
0.040793
0.045339
0.041671
0.046562
0.043848
0.045015
0.049721
0.048423
0.052710
0.050846
0.057169
0.063193
0.067265
0.065814
0.068870
0.072616
0.077755
0.066571
0.069476
0.066277
0.059668
0.068990
0.075699
0.055410
0.052179
0.062241
0.079109
0.066029
0.072283
0.049663
0.052450
0.061990
0.048730
0.026216
0.028053
0.031521
0.014355
0.024673
0.012185
0.025821
0.021742
0.011048
0.025821
0.045044
0.031405
0.009340
0.034242
0.034242
0.040278
0.022903
0.041200
0.013855
0.020539
0.035078
0.040552
0.036812
0.031261
0.030699
0.033093
0.033035
0.034022
0.036469
0.033325
0.036410
0.036053
0.035872
0.036357
0.038593
0.043072
0.046351
0.044712
0.048272
0.045209
0.038461
0.036469
0.037280
0.038014
0.041723
0.044038
0.047413
0.049062
0.048244
0.049774
0.052236
0.056119
0.053421
0.053275
0.054004
0.054004
0.055153
0.060661
0.060661
0.056485
0.057984
0.056246
0.056786
0.053421
0.057818
0.054531
0.055710
0.059125
0.061709
0.070640
0.071843
0.072656
0.074106
0.077754
0.076752
0.083121
0.086762
0.090780
0.096831
0.107985
0.122929
0.119733
0.115609
0.123126
0.123126
0.129338
0.117888
0.117605
0.137493
0.122258
0.118847
0.122258
0.120184
0.133016
0.138564
0.120213
0.128253
0.131151
0.121517
0.122912
0.125549
0.120771
0.124685
0.128989
0.133977
0.141877
0.146454
0.152430
0.150455
0.159131
0.161877
0.164651
0.153087
0.154579
0.160189
0.161292
0.170703
0.178215
0.188127
0.197951
0.216104
0.226044
0.232177
0.245990
0.244837
0.259816
0.265372
0.247291
0.254300
0.256203
0.264127
0.276768
0.282608
0.297622
0.308144
0.322717
0.338623
0.341535
0.341444
0.360021
0.368173
0.374419
0.379600
0.360134
0.362422
0.378460
0.347886
0.347399
0.350913
0.341241
0.340413
0.342830
0.340950
0.333316
0.330414
0.326340
0.334973
0.339462
0.342279
0.346774
0.347271
0.349511
0.338299
0.361931
0.367200
0.365877
0.322709
0.304758
0.340889
0.345052
0.312221
0.325516
0.328273
0.323599
0.325352
0.336859
0.332576
0.343019
0.357335
0.347039
0.348342
0.361417
0.359900
0.351701
0.378939
0.382055
0.380452
0.375805
0.375633
0.374689
0.365620
0.372958
0.380812
0.386910
0.372812
0.390870
0.376902
0.384034
0.383299
0.378957
0.385589
0.395157
0.387128
0.391215
0.403232
0.391191
0.397636
0.397636
0.401731
0.404614
0.408681
0.421038
0.416304
0.417548
0.427382
0.424106
0.429761
0.430269
0.434978
0.432120
0.440269
0.443014
0.442137
0.447443
0.460061
0.459077
0.447380
0.455662
0.457861
0.457139
0.465524
0.469256
0.476159
0.475607
0.481533
0.486715
0.490266
0.498240
0.497506
0.507712
0.517532
0.519881
0.525612
0.526745
0.530083
0.537559
0.547447
0.549993
0.548154
0.549123
0.553161
0.556068
0.557632
0.559804
0.565022
0.565213
0.571711
0.577296
0.591075
0.603129
0.606002
0.610088
0.608722
0.620576
0.632825
0.637301
0.654753
0.655862
0.669025
0.687868
0.693856
0.702470
0.711870
0.721750
0.733226
0.742179
0.749105
0.755508
0.765687
0.786202
0.788376
0.804645
0.797896
0.782619
0.799233
0.791681
0.796797
0.810183
0.811189
0.837616
0.842204
0.861041
0.868501
0.869860
0.843518
0.871098
0.875659
0.883312
0.880676
0.911997
0.924073
0.915397
0.909471
0.928596
0.940262
0.940932
0.946413
0.953083
0.960391
0.967763
0.975396
0.973689
0.981079
0.990197
0.996972
1.000000
0.966744
0.971507
0.947022
0.948698
0.967017
0.970819
0.936164
0.949984
0.939416
0.907723
0.907703
0.886447
0.871655
0.877237
0.858135
0.851802
0.845239
0.858356
0.862109
0.825466
0.838371
0.842609
0.845095
0.847030
0.838771
0.820689
0.822090
0.820767
0.809626
0.809070
0.812581
0.791764
0.786783
0.762151
0.773801
0.768355
0.779273
0.771137
0.767100
0.771497
0.769707
0.764305
0.766295
0.767311
0.772834
0.759033
0.774460
0.763212
0.751575
0.741543
0.745152
0.749952
0.747955
0.710300
0.733326
0.738615
0.724153
0.711034
0.742191
0.724733
0.705837
0.721860
0.709148
0.696023
0.704641
0.713928
0.708325
0.713547
0.686699
0.677765
0.694738
0.687237
0.678520
0.678853
0.672277
0.668066
0.667235
0.662340
0.652152
0.649583
0.644114
0.642776
0.635939
0.635908
0.627543
0.631611
0.619829
0.620977
0.608931
0.603317
0.601448
0.595977
0.590673
0.583197
0.581489
0.579257
0.573132
0.557585
0.553217
0.547002
0.539937
0.531792
0.530892
0.527838
0.517722
0.517881
0.518362
0.510950
0.510303
0.509502
0.507904
0.503117
0.501517
0.499902
0.501726
0.503799
0.499859
0.493668
0.489882
0.489484
0.486827
0.481522
0.476927
0.477258
0.465510
0.454657
0.447530
0.444999
0.437870
0.436005
0.427927
0.420471
0.407498
0.404371
0.406775
0.405256
0.414038
0.409374
0.403083
0.395765
0.389776
0.384001
0.380522
0.378809
0.374545
0.368527
0.357186
0.354158
0.347625
0.341944
0.338395
0.333112
0.326906
0.323869
0.313842
0.313849
0.300934
0.292987
0.282543
0.288496
0.270697
0.264589
0.257769
0.251409
0.233642
0.226616
0.218407
0.211294
0.203686
0.199802
0.196411
0.188090
0.183018
0.174460
0.160398
0.153874
0.146746
0.139859
0.134868
0.128140
0.128116
0.124792
0.124028
0.115726
0.110765
0.105594
0.100569
0.096181
0.093833
0.086799
0.084633
0.080413
0.075852
0.070187
0.063062
0.062060
0.054608
0.054064
0.047071
0.046444
0.053023
0.042934
0.050759
0.037821
0.038592
0.031795
0.030501
0.029746
0.113564
0.143654
0.154851
0.094380
0.054064
0.053605
0.046425
0.041262
0.036116
0.032744
0.032744
0.026508
0.030700
0.030838
0.027868
0.022416
0.026918
0.021486
0.006916
0.021669
0.031648
0.059273
0.005770
0.022671
0.013028
0.029382
0.026709
0.026709
0.066916
0.043119
0.120696
0.089248
0.101410
0.074771
0.045383
0.011188
0.016228
0.023486
0.016597
0.010410
0.004414
0.006618
0.022501
0.020698
0.023321
0.026955
0.033077
0.030170
0.053991
0.038034
0.038034
0.040492
0.043108
0.035764
0.045854
0.028027
0.034304
0.038444
0.030478
0.032615
0.032615
0.040492
0.039065
0.050889
0.044335
0.037097
0.042988
0.022928
0.008850
0.006618
0.016451
0.008251
0.008850
0.009774
0.008850
0.013086
0.023293
0.037871
0.019033
0.038008
0.027744
0.023905
0.033107
0.027982
0.037810
0.032508
0.043223
0.055302
0.028668
0.033294
0.037422
0.061087
0.047165
0.046369
0.051550
0.048432
0.048432
0.056973
0.052462
0.056427
0.058636
0.060306
0.061477
0.064579
0.053688
0.074462
0.094238
0.075609
0.060423
0.083308
0.078095
0.072595
0.064589
0.082931
0.077652
0.065902
0.071921
0.079859
0.082931
0.083209
0.084891
0.082742
0.092763
0.102674
0.099199
0.101694
0.109545
0.101711
0.118862
0.128006
0.118926
0.103066
0.101466
0.123111
0.126263
0.122792
0.123620
0.120636
0.107016
0.125667
0.115482
0.121595
0.129033
0.121595
0.144775
0.137506
0.149354
0.144806
0.146946
0.142369
0.147462
0.161824
0.149634
0.163455
0.155328
0.158021
0.180785
0.183033
0.175960
0.173241
0.174566
0.179522
0.185549
0.194269
0.197116
0.188286
0.197858
0.197858
0.197158
0.196695
0.188521
0.198293
0.201710
0.210923
0.208966
0.194339
0.210321
0.204357
0.201512
0.199685
0.203830
0.196300
0.190353
0.190975
0.186939
0.184018
0.173432
0.176424
0.184216
0.175444
0.176951
0.169692
0.169692
0.158144
0.156443
0.160541
0.153009
0.148053
0.144281
0.157477
0.151684
0.155910
0.139433
0.138562
0.137678
0.123902
0.136869
0.129421
0.131414
0.131596
0.290615
0.199210
0.150500
0.127857
0.117658
0.096541
0.095484
0.110592
0.107935
0.118256
0.116867
0.109020
0.120842
0.095541
0.109796
0.110573
0.120349
0.117947
0.119325
0.117973
0.120304
0.129925
0.121162
0.113470
0.109552
0.126621
0.132660
0.113588
0.124455
0.127408
0.137695
0.126744
0.123456
0.126857
0.126850
0.134010
0.134359
0.142136
0.130443
0.130926
0.133165
0.125905
0.130852
0.126257
0.115924
0.114151
0.111644
0.105542
0.110138
0.106289
0.086801
0.082644
0.078464
0.094966
0.085060
0.086755
0.086915
0.091406
0.088386
0.072103
0.071987
0.057460
0.062033
0.064576
0.077132
0.077814
0.062048
0.056680
0.037268
0.045453
0.043564
0.060558
0.054315
0.068350
0.075586
0.077687
0.073053
0.073606
0.082454
0.105208
0.108776
0.118696
0.121808
0.133802
0.128883
0.124404
0.111429
0.103295
0.091815
0.084000
0.081292
0.068879
0.059269
0.048190
0.045310
0.041936
0.039642
0.033828
0.032110
0.023116
0.029090
0.041983
0.062420
0.026959
0.032096
0.037233
0.050363
0.062441
0.087990
0.086257
0.086583
0.115141
0.119713
0.118903
0.112931
0.108929
0.098786
0.091106
0.088048
0.075360
0.069023
0.063108
0.060665
0.056440
0.054504
0.049177
0.041687
0.043497
0.031264
0.028113
0.032057
0.026797
0.030890
0.039328
0.040745
0.032799
0.035413
0.053211
0.033164
0.029571
0.027781
0.027595
0.037960
0.024871
0.041339
0.032745
0.033801
0.041220
0.072580
0.066242
0.054195
0.041712
0.039081
0.070856
0.070907
0.051582
0.059787
0.063723
0.078599
0.084757
0.083846
0.094373
0.094646
0.094646
0.094368
0.094618
0.093993
0.092672
0.079434
0.074852
0.069488
0.069323
0.069487
0.068475
0.071655
0.070101
0.063131
0.065114
0.063473
0.057962
0.065300
0.072481
0.078745
0.063131
0.053087
0.051023
0.037705
0.032107
0.027263
0.028477
0.027948
0.028605
0.055595
0.040217
0.041776
0.037837
0.037837
0.030882
0.031015
0.027887
0.031895
0.051612
0.037242
0.016256
0.004383
0.001049
0.010273
0.022266
0.014485
0.012401
0.008772
0.010224
0.063835
0.009452
0.049674
0.046154
0.025431
0.009945
0.015540
0.011795
0.032335
0.049943
0.057823
0.036372
0.022881
0.003503
0.004463
0.003788
0.008951
0.026469
0.044993
0.015713
0.004463
0.030620
0.022881
0.016256
0.001281
0.018073
0.000560
0.065467
0.018918
0.003788
0.021663
0.025372
0.064991
0.061876
0.047522
0.002048
0.003503
0.019295
0.062963
0.042006
0.049858
0.016386
0.015468
0.010180
0.005109
0.017635
0.047789
0.032330
0.121514
0.061403
0.026878
0.028605
0.033711
0.042201
0.037837
0.030882
0.049006
0.003503
0.023010
0.019118
0.015266
0.015308
0.023389
0.021553
0.023023
0.025543
0.024207
0.030140
0.030911
0.037601
0.038317
0.044519
0.048011
0.052963
0.046338
0.057786
0.054028
0.056265
0.063862
0.058059
0.073743
0.073630
0.073630
0.062877
0.075701
0.054028
0.051614
0.056265
0.063410
0.057757
0.066858
0.061110
0.067154
0.064415
0.066559
0.067722
0.071128
0.066673
0.059150
0.058464
0.063133
0.061412
0.051749
0.049490
0.051749
0.052348
0.052553
0.047162
0.047161
0.056724
0.046829
0.047758
0.051023
0.051334
0.047161
0.047161
0.054275
0.046239
0.052027
0.049055
0.044334
0.045120
0.045663
0.047884
0.041802
0.040731
0.039714
0.037592
0.034362
0.030790
0.030999
0.028137
0.029989
0.030768
0.032110
0.031901
0.027862
0.033694
0.033694
0.032984
0.040472
0.055414
0.041625
0.035598
0.035236
0.036446
0.034952
0.035819
0.035236
0.035135
0.031920
0.035655
0.037222
0.036604
0.045790
0.039725
0.033831
0.031913
0.037309
0.026060
0.026678
0.027614
0.025462
0.029021
0.033831
0.029604
0.026614
0.024936
0.028368
0.022876
0.020041
0.018359
0.018359
0.020308
0.013036
0.013856
0.013856
0.011506
0.015338
0.009609
0.013700
0.010006
0.000787
0.001931
0.005756
0.015699
0.010210
0.009345
0.023547
0.015065
0.022598
0.017168
0.018312
0.018714
0.022823
0.024888
0.027086
0.029034
0.031727
0.031896
0.033207
0.037848
0.036846
0.036803
0.040016
0.039202
0.038698
0.046493
0.050091
0.061231
0.047880
0.063630
0.062649
0.049900
0.060834
0.065830
0.071197
0.046493
0.043140
0.045132
0.045132
0.043603
0.046277
0.049158
0.050274
0.057232
0.057534
0.059155
0.061980
0.062890
0.066810
0.070329
0.068223
0.070785
0.077989
0.085330
0.084070
0.084070
0.082713
0.085555
0.086729
0.084639
0.083646
0.079253
0.084639
0.075972
0.084386
0.076310
0.083781
0.075991
0.075646
0.071478
0.076431
0.079156
0.083560
0.084158
0.071077
0.071505
0.064236
0.062931
0.068028
0.064879
0.059732
0.046876
0.043759
0.041176
0.037254
0.047763
0.037452
0.036467
0.034992
0.032086
0.030083
0.027400
0.029700
0.033933
0.024713
0.026567
0.022869
0.017342
0.015698
0.015608
0.013974
0.031580
0.049699
0.021217
0.019162
0.018029
0.019344
0.042787
0.022791
0.022227
0.015595
0.012757
0.015092
0.050945
0.038065
0.025947
0.013982
0.013117
0.013974
0.023220
0.010427
0.006817
0.022286
0.015844
0.000430
0.002145
0.002145
0.007234
0.004532
0.033981
0.006339
0.017442
0.017442
0.014152
0.014150
0.020292
0.021108
0.019467
0.021938
0.018952
0.029696
0.025236
0.025236
0.042669
0.048029
0.036411
0.028395
0.061239
0.044330
0.029004
0.044041
0.033996
0.040623
0.013958
0.027324
0.012745
0.068496
0.072652
0.030954
0.021587
0.021602
0.008014
0.007335
0.003886
0.000667
0.003767
0.006208
0.016320
0.000430
0.014970
0.018596
0.011002
0.006497
0.009861
0.008892
0.011837
0.014152
0.018723
0.014150
0.017346
0.022982
0.021178
0.019846
0.024324
0.026398
0.028727
0.028727
0.038604
0.032193
0.046803
0.030470
0.033554
0.032265
0.051239
0.059945
0.055616
0.036636
0.040982
0.024633
0.021796
0.013958
0.016213
0.012745
0.016213
0.021796
0.012638
0.014152
0.016213
0.016213
0.019569
0.021270
0.025666
0.030316
0.026475
0.034965
0.032466
0.041176
0.031997
0.035511
0.034172
0.036974
0.036219
0.039100
0.039052
0.041955
0.046563
0.047892
0.048904
0.053598
0.055301
0.060465
0.064206
0.061226
0.066094
0.068291
0.069947
0.067714
0.066640
0.056525
0.057557
0.054058
0.054199
0.049694
0.050596
0.043450
0.047026
0.046522
0.040704
0.039696
0.036555
0.040653
0.039166
0.028260
0.037449
0.032182
0.033931
0.023576
0.027148
0.039681
0.033190
0.015958
0.029989
0.054473
0.019069
0.024554
0.024394
0.026982
0.033724
0.028260
0.040476
0.043587
0.053355
0.042935
0.046584
0.022646
0.018974
0.019146
0.025777
0.029833
0.019893
0.003070
0.056972
0.039588
0.043818
0.044570
0.019740
0.021075
0.014326
0.015320
0.014326
0.023724
0.010563
0.008740
0.025952
0.012524
0.012524
0.012354
0.009153
0.014739
0.002685
0.009351
0.022799
0.007058
0.009903
0.015882
0.027255
0.017010
0.011865
0.015417
0.017315
0.021220
0.016418
0.018593
0.032994
0.019921
0.032760
0.026226
0.029171
0.028835
0.028189
0.032606
0.031087
0.037512
0.039203
0.032606
0.027860
0.034679
0.042299
0.027294
0.024063
0.029215
0.029215
0.026468
0.025067
0.023833
0.023882
0.021374
0.020744
0.025646
0.025180
0.026471
0.028235
0.029663
0.029779
0.031643
0.032965
0.035271
0.036730
0.037935
0.036389
0.072404
0.060332
0.033845
0.033182
0.031531
0.033915
0.034020
0.037349
0.035967
0.039244
0.051202
0.039923
0.041666
0.040592
0.055340
0.048553
0.049698
0.043184
0.044419
0.063097
0.046145
0.064149
0.040083
0.042716
0.051334
0.044618
0.058600
0.054841
0.027705
0.026451
0.017193
0.016774
0.034119
0.016774
0.011297
0.012389
0.013182
0.017276
0.011297
0.068665
0.006366
0.017433
0.002481
0.015858
0.015766
0.004771
0.010892
0.018053
0.029471
0.011917
0.010199
0.013796
0.010887
0.026658
0.019426
0.018095
0.029781
0.026658
0.011670
0.019202
0.014326
0.024325
0.030131
0.027148
0.033077
0.039569
0.016908
0.019796
0.027467
0.018614
0.015614
0.019426
0.015766
0.028466
0.030039
0.031875
0.028246
0.030169
0.030169
0.030698
0.035717
0.034449
0.039775
0.040405
0.049730
0.049886
0.049925
0.060884
0.056338
0.069524
0.071241
0.065792
0.055115
0.055159
0.049768
0.050908
0.054192
0.052045
0.047800
0.045807
0.049510
0.049662
0.050661
0.050805
0.087735
0.065761
0.049860
0.039973
0.042386
0.044988
0.038239
0.030155
0.038974
0.027828
0.055246
0.029405
0.021622
0.030316
0.020581
0.017346
0.015715
0.024633
0.012745
0.015218
0.015699
0.017625
0.021205
0.010379
0.011002
0.024105
0.011391
0.023864
0.005221
0.025537
0.013855
0.009763
0.003224
0.025192
0.000667
0.001673
0.019229
0.025730
0.012445
0.009588
0.006817
0.022558
0.019110
0.022558
0.069597
0.010315
0.030630
0.028697
0.053368
0.025840
0.109740
0.030437
0.040056
0.060621
0.054627
0.052936
0.054627
0.043299
0.054627
0.054627
0.045436
0.045719
0.051509
0.059732
0.070717
0.055944
0.057609
0.073831
0.075744
0.079847
0.080892
0.087432
0.076515
0.072820
0.079463
0.074724
0.067311
0.070328
0.066590
0.070112
0.067884
0.063976
0.067311
0.068585
0.076054
0.088096
0.061352
0.056481
0.050274
0.049629
0.052639
0.046481
0.043854
0.070588
0.053189
0.038567
0.033207
0.044036
0.033189
0.059812
0.020651
0.020330
0.037176
0.041906
0.037176
0.031743
0.127439
0.082166
0.026578
0.007643
0.023791
0.037590
0.038029
0.012724
0.014777
0.021506
0.018300
0.025117
0.030768
0.040934
0.053681
0.047665
0.056723
0.036604
0.048094
0.057651
0.060531
0.052153
0.044952
0.040337
0.060424
0.070139
0.076919
0.075234
0.057272
0.078131
0.074660
0.078575
0.079221
0.080330
0.082942
0.078571
0.056796
0.047758
0.059255
0.068831
0.063403
0.066525
0.068565
0.070530
0.070074
0.067212
0.069568
0.065569
0.066559
0.058900
0.056402
0.053422
0.055835
0.054378
0.055019
0.058722
0.067538
0.055096
0.048011
0.042002
0.033282
0.035515
0.034838
0.033282
0.064183
0.050750
0.025658
0.017461
0.020649
0.015095
0.011571
0.015908
0.041629
0.040892
0.042339
0.024657
0.018880
0.005921
0.005921
0.015913
0.025854
0.033650
0.014209
0.010798
0.027533
0.058160
0.058160
0.041085
0.013885
0.033221
0.023722
0.029852
0.033445
0.028438
0.046482
0.046482
0.056327
0.055581
0.044926
0.053344
0.093047
0.034433
0.061285
0.058451
0.062961
0.057504
0.056631
0.066339
0.063035
0.080419
0.085994
0.067907
0.088023
0.095058
0.094407
0.096722
0.094742
0.093359
0.096320
0.096163
0.100050
0.070815
0.069451
0.071740
0.081490
0.086833
0.096186
0.078938
0.074663
0.076250
0.079991
0.081956
0.081187
0.089107
0.098368
0.075432
0.067651
0.069470
0.066721
0.074459
0.070450
0.075568
0.088443
0.073168
0.070907
0.055955
0.046303
0.038658
0.056063
0.056063
0.036293
0.035861
0.043876
0.038694
0.029964
0.032498
0.032380
0.033454
0.034930
0.037618
0.037618
0.037618
0.045295
0.035185
0.040251
0.041720
0.040207
0.040251
0.041983
0.057085
0.042996
0.038386
0.041135
0.043432
0.040251
0.068030
0.050952
0.038386
0.035119
0.037873
0.035185
0.033506
0.039401
0.033506
0.039668
0.035527
0.040148
0.065132
0.089822
0.055398
0.007350
0.015017
0.009577
0.011124
0.017387
0.032519
0.049187
0.022002
0.028431
0.024373
0.036371
0.046107
0.049054
0.047095
0.061265
0.042935
0.037922
0.038937
0.044725
0.052575
0.055963
0.079405
0.056930
0.056828
0.074916
0.083775
0.093973
0.077677
0.083742
0.087898
0.091584
0.098567
0.097472
0.103546
0.096715
0.086193
0.099797
0.104834
0.097073
0.092844
0.109161
0.105012
0.091106
0.116013
0.102854
0.099956
0.103622
0.118551
0.116489
0.116591
0.122786
0.125917
0.121667
0.117065
0.102253
0.087415
0.078592
0.079864
0.094407
0.087058
0.079168
0.068833
0.074496
0.067956
0.068830
0.077477
0.074496
0.117822
0.090385
0.071265
0.059778
0.063356
0.062507
0.084255
0.071035
0.061388
0.059003
0.060248
0.058240
0.062507
0.063356
0.065277
0.102360
0.096868
0.095983
0.058984
0.055732
0.052229
0.054800
0.062298
0.058748
0.065213
0.082989
0.094955
0.071483
0.073142
0.052541
0.059466
0.062734
0.047948
0.038780
0.040563
0.031573
0.031573
0.035797
0.032903
0.040563
0.030876
0.033701
0.033701
0.031794
0.030326
0.029760
0.031868
0.028400
0.040563
0.028159
0.086029
0.043776
0.025651
0.022081
0.033321
0.023696
0.030576
0.033518
0.023824
0.020365
0.021400
0.022601
0.023510
0.016824
0.018540
0.028606
0.025938
0.016769
0.027103
0.022407
0.031455
0.030022
0.030022
0.023510
0.020313
0.022183
0.015266
0.021853
0.023244
0.018506
0.084026
0.073947
0.030202
0.014896
0.021411
0.019268
0.012548
0.015089
0.016288
0.035338
0.049468
0.048355
0.033091
0.041783
0.044759
0.055741
0.070183
0.072385
0.072385
0.077729
0.065029
0.059651
0.057088
0.080508
0.074345
0.069052
0.064124
0.059651
0.056572
0.057172
0.067469
0.090738
0.090738
0.063999
0.067950
0.068132
0.072099
0.074198
0.081599
0.068147
0.063568
0.068705
0.070476
0.076771
0.088130
0.109815
0.116385
0.097555
0.093589
0.097095
0.104044
0.107912
0.102243
0.100141
0.096488
0.109630
0.123059
0.120334
0.137357
0.118873
0.117549
0.130062
0.130209
0.131873
0.126510
0.126825
0.127293
0.131393
0.132171
0.117759
0.103258
0.098038
0.099179
0.116679
0.111227
0.115046
0.122417
0.107517
0.095518
0.075823
0.067757
0.064855
0.063046
0.061439
0.062051
0.060288
0.063791
0.055049
0.061297
0.070444
0.062247
0.068488
0.080530
0.060992
0.069809
0.064539
0.085432
0.091082
0.055818
0.050414
0.054966
0.045686
0.045305
0.048228
0.043785
0.041286
0.043785
0.056936
0.060956
0.053963
0.056180
0.052051
0.055879
0.054424
0.061297
0.052507
0.057644
0.061065
0.056198
0.055598
0.053076
0.050511
0.053124
0.048021
0.049471
0.046043
0.044415
0.042969
0.042894
0.044097
0.040536
0.033159
0.034238
0.028500
0.032736
0.037440
0.034736
0.023481
0.031046
0.027695
0.039832
0.044601
0.041490
0.021461
0.035537
0.035537
0.030113
0.022781
0.024764
0.011691
0.016614
0.021008
0.030877
0.018648
0.027378
0.033451
0.006514
0.001038
0.016108
0.052406
0.022452
0.019181
0.023595
0.027495
0.033904
0.039489
0.057041
0.048836
0.056842
0.075594
0.056842
0.056842
0.052147
0.050549
0.053432
0.057552
0.080782
0.049270
0.051447
0.043801
0.050744
0.051932
0.067618
0.077297
0.085278
0.088304
0.059731
0.060254
0.052864
0.076831
0.092674
0.090088
0.104822
0.089674
0.082460
0.079704
0.072707
0.072352
0.085278
0.066193
0.082673
0.072352
0.054630
0.072707
0.067618
0.069039
0.072205
0.056616
0.064360
0.064041
0.069685
0.072055
0.087687
0.096228
0.089312
0.087687
0.093933
0.096631
0.097977
0.113365
0.082199
0.078190
0.080762
0.083328
0.090339
0.090175
0.102261
0.093529
0.101773
0.088853
0.086919
0.084627
0.083725
0.085825
0.091857
0.088283
0.079837
0.079837
0.079941
0.083352
0.083352
0.086711
0.086765
0.086317
0.082371
0.082146
0.090343
0.101547
0.071408
0.083502
0.063441
0.064682
0.077673
0.062412
0.051684
0.046944
0.045131
0.044119
0.043006
0.045712
0.041612
0.048751
0.056769
0.056345
0.043217
0.038053
0.032542
0.030900
0.029737
0.033537
0.031391
0.027848
0.025261
0.024597
0.019113
0.017878
0.014053
0.024289
0.037928
0.027631
0.021027
0.034464
0.032540
0.036839
0.040367
0.041415
0.022926
0.006781
0.015294
0.030845
0.017585
0.021639
0.019803
0.011828
0.034821
0.045267
0.042100
0.052218
0.045570
0.028400
0.022128
0.041822
0.058633
0.052011
0.038435
0.052085
0.062202
0.031845
0.028400
0.019898
0.042701
0.024799
0.038200
0.077673
0.081467
0.068216
0.067330
0.067330
0.090088
0.076731
0.070404
0.049587
0.067330
0.064311
0.058463
0.055656
0.049246
0.063070
0.078438
0.069673
0.088768
0.081964
0.088019
0.087989
0.073261
0.075960
0.062659
0.053767
0.067257
0.064643
0.069955
0.092742
0.101525
0.093170
0.098882
0.111263
0.111398
0.114203
0.117179
0.102692
0.113300
0.096547
0.110398
0.098110
0.104552
0.098110
0.089466
0.090295
0.104642
0.079034
0.074913
0.084473
0.088355
0.103410
0.113809
0.113832
0.107803
0.100703
0.103111
0.103866
0.103368
0.089776
0.096013
0.096632
0.108292
0.120229
0.113098
0.123510
0.112742
0.082668
0.085227
0.087786
0.056310
0.059955
0.048455
0.048455
0.039018
0.060705
0.069789
0.047789
0.043190
0.024820
0.027893
0.022601
0.032122
0.023125
0.025768
0.032080
0.042562
0.037487
0.034815
0.040176
0.034060
0.031899
0.025554
0.019221
0.013240
0.011346
0.027553
0.013958
0.031150
0.002580
0.008610
0.006557
0.006908
0.011949
0.021919
0.021919
0.018448
0.025699
0.023510
0.027067
0.011238
0.021321
0.022379
0.028341
0.033633
0.045434
0.048830
0.033047
0.048250
0.039703
0.042295
0.034209
0.030549
0.043479
0.036627
0.036627
0.046093
0.049718
0.057675
0.063786
0.066953
0.060335
0.041627
0.046218
0.059273
0.046051
0.039633
0.030619
0.033509
0.043083
0.042810
0.042346
0.042486
0.042346
0.042433
0.025513
0.035222
0.025513
0.023408
0.011820
0.026807
0.024886
0.043079
0.040025
0.037060
0.046534
0.053155
0.049414
0.049981
0.046258
0.039969
0.043773
0.023596
0.027255
0.037184
0.035507
0.038856
0.044244
0.070317
0.063812
0.069834
0.074149
0.080297
0.089519
0.095505
0.065991
0.062812
0.062812
0.060696
0.065991
0.080580
0.063672
0.046163
0.044919
0.049813
0.052243
0.070136
0.098129
0.073194
0.062812
0.053435
0.056548
0.072160
0.066111
0.063292
0.055513
0.051364
0.049916
0.043227
0.047576
0.047542
0.062316
0.056536
0.055259
0.049813
0.051732
0.054450
0.080937
0.078098
0.060518
0.059167
0.055259
0.053801
0.051074
0.052000
0.056536
0.066456
0.057138
0.072423
0.060696
0.055172
0.063672
0.051602
0.049267
0.079620
0.060025
0.056289
0.074634
0.045188
0.039906
0.073577
0.086353
0.075971
0.048573
0.048988
0.021612
0.004772
0.005173
0.007082
0.003762
0.018297
0.015185
0.026426
0.004148
0.014601
0.018023
0.008460
0.007433
0.003766
0.004148
0.014601
0.009256
0.042084
0.015967
0.009812
0.017586
0.022843
0.020437
0.018717
0.019345
0.021946
0.021946
0.028528
0.029985
0.032272
0.040273
0.036459
0.048739
0.030704
0.030986
0.035523
0.026656
0.030250
0.019851
0.033901
0.038406
0.036805
0.032344
0.029344
0.037984
0.043980
0.051187
0.064774
0.056596
0.033211
0.046057
0.045598
0.041505
0.051557
0.053702
0.059280
0.055901
0.061345
0.052969
0.045090
0.052969
0.051863
0.052111
0.051654
0.031745
0.034458
0.040618
0.049774
0.065212
0.061228
0.070503
0.052097
0.049884
0.056215
0.071333
0.070949
0.066329
0.077193
0.070477
0.083842
0.070477
0.064463
0.062480
0.075726
0.072722
0.078766
0.072722
0.082022
0.086933
0.091613
0.100374
0.100668
0.094569
0.095704
0.091942
0.095964
0.074530
0.065352
0.066434
0.068811
0.079212
0.075573
0.068811
0.072497
0.080316
0.082157
0.096776
0.074788
0.076303
0.068901
0.070624
0.065630
0.058983
0.053646
0.060066
0.064209
0.068383
0.067277
0.068383
0.071574
0.070252
0.058198
0.063130
0.060066
0.061741
0.072666
0.070252
0.067941
0.064236
0.063289
0.053675
0.049405
0.055270
0.060619
0.057084
0.054691
0.054143
0.064073
0.061834
0.064073
0.059015
0.061027
0.061817
0.064385
0.064385
0.062291
0.061925
0.079862
0.071744
0.079432
0.100186
0.072530
0.069367
0.071574
0.070252
0.058983
0.051164
0.051164
0.059148
0.052911
0.053301
0.053785
0.047642
0.042976
0.041734
0.035733
0.044653
0.038324
0.038937
0.040366
0.061140
0.081404
0.057644
0.028732
0.037244
0.030143
0.027246
0.010080
0.020029
0.030143
0.016560
0.010824
0.006625
0.007777
0.008771
0.011624
0.011624
0.016727
0.011624
0.013961
0.015076
0.014176
0.013672
0.013025
0.013552
0.012826
0.013502
0.016508
0.009539
0.007075
0.011394
0.010697
0.010697
0.025196
0.020927
0.028158
0.027518
0.025925
0.027882
0.033207
0.045102
0.048871
0.056890
0.050306
0.055945
0.068755
0.058407
0.054607
0.042108
0.030306
0.029170
0.035472
0.030306
0.037722
0.034876
0.031080
0.040823
0.050097
0.022932
0.013307
0.013829
0.017851
0.029170
0.031080
0.037722
0.028059
0.037030
0.033926
0.030453
0.015824
0.016145
0.018793
0.021073
0.021073
0.023955
0.023224
0.020143
0.023586
0.020143
0.019773
0.023131
0.022989
0.009847
0.003767
0.009643
0.014175
0.019934
0.020812
0.026670
0.027073
0.032524
0.040804
0.040804
0.029472
0.020812
0.017243
0.017656
0.020812
0.023398
0.025375
0.026670
0.017969
0.021860
0.029472
0.032088
0.028059
0.043962
0.030835
0.016498
0.030169
0.043332
0.039909
0.026502
0.013679
0.016366
0.013470
0.016366
0.013679
0.022989
0.013679
0.017253
0.013874
0.017253
0.014371
0.012003
0.019773
0.012043
0.011419
0.020927
0.022628
0.046222
0.034555
0.037881
0.043943
0.050825
0.055600
0.056613
0.064501
0.058454
0.052947
0.045215
0.052465
0.052465
0.043943
0.043123
0.049264
0.057621
0.070658
0.053741
0.052583
0.060869
0.050912
0.057469
0.059601
0.048451
0.050912
0.053825
0.051499
0.042050
0.052465
0.047919
0.050108
0.055578
0.061437
0.057405
0.060912
0.070069
0.069586
0.063346
0.065919
0.062813
0.073115
0.060853
0.067572
0.071909
0.072997
0.049310
0.049791
0.060003
0.077769
0.089151
0.108960
0.113320
0.118075
0.115935
0.120389
0.118042
0.127303
0.101457
0.097655
0.091816
0.104146
0.092737
0.088928
0.094752
0.091212
0.116147
0.106034
0.086908
0.083060
0.086178
0.069757
0.063749
0.053998
0.074164
0.083117
0.073559
0.070604
0.061075
0.055690
0.062138
0.061873
0.072934
0.065516
0.077237
0.083100
0.083314
0.079168
0.085098
0.079963
0.084910
0.084075
0.089170
0.080237
0.091582
0.085749
0.066190
0.086178
0.082726
0.070604
0.063899
0.049516
0.054292
0.050747
0.049487
0.057750
0.061873
0.061392
0.061873
0.072934
0.083117
0.067317
0.062437
0.068599
0.058570
0.039272
0.039272
0.037526
0.045224
0.036765
0.064071
0.044146
0.028064
0.040480
0.037168
0.033798
0.023455
0.023288
0.013129
0.006291
0.002920
0.020431
0.020001
0.020901
0.007316
0.017973
0.008372
0.006268
0.010640
0.008131
0.016054
0.005442
0.009373
0.014709
0.019376
0.021698
0.025472
0.027161
0.025018
0.024126
0.027061
0.036562
0.023620
0.020945
0.020182
0.012728
0.023620
0.027161
0.033271
0.033949
0.030504
0.043364
0.043625
0.050621
0.038346
0.054004
0.067557
0.077368
0.070767
0.067354
0.064057
0.064110
0.051592
0.045738
0.058086
0.055123
0.060960
0.054637
0.054624
0.051592
0.054004
0.038932
0.051592
0.038932
0.042753
0.061196
0.053139
0.059416
0.072683
0.079124
0.074179
0.076953
0.074179
0.071352
0.079220
0.079656
0.070216
0.073142
0.080016
0.074179
0.068596
0.080499
0.066659
0.081571
0.087866
0.076449
0.070752
0.073229
0.075552
0.092713
0.102768
0.100135
0.111594
0.117987
0.116256
0.131074
0.127654
0.130409
0.123692
0.117987
0.127502
0.128214
0.136897
0.136551
0.132753
0.094112
0.084113
0.063679
0.050807
0.040469
0.032071
0.039685
0.038874
0.030116
0.040276
0.030116
0.033864
0.040934
0.039101
0.037393
0.020576
0.019247
0.020016
0.012792
0.019738
0.026749
0.023174
0.022864
0.026420
0.036041
0.035122
0.034691
0.037248
0.047520
0.048151
0.031032
0.022864
0.018887
0.013161
0.011110
0.018869
0.013392
0.016484
0.029615
0.025666
0.016554
0.022979
0.018890
0.013448
0.029903
0.039367
0.028585
0.014854
0.028061
0.021398
0.020892
0.019208
0.020264
0.022206
0.010056
0.025653
0.017805
0.028585
0.024475
0.024475
0.017805
0.020892
0.020434
0.024475
0.017314
0.024475
0.003297
0.003464
0.011281
0.005445
0.005171
0.004464
0.019105
0.005407
0.006462
0.006940
0.015680
0.012304
0.004799
0.004799
0.004799
0.002835
0.004232
0.005303
0.006674
0.001060
0.002163
0.005720
0.010623
0.003464
0.010190
0.011281
0.014213
0.017314
0.020892
0.028061
0.028061
0.013744
0.017314
0.024475
0.020892
0.017314
0.020892
0.014213
0.014213
0.011380
0.018434
0.013744
0.028061
0.017314
0.025653
0.007036
0.007728
0.011281
0.008718
0.015670
0.011380
0.005445
0.002163
0.011281
0.008718
0.004799
0.009194
0.005445
0.004799
0.007379
0.008146
0.012346
0.006939
0.008899
0.007379
0.012690
0.011622
0.009715
0.009715
0.009715
0.012690
0.013857
0.021109
0.022206
0.015690
0.021310
0.010219
0.011611
0.014632
0.012690
0.010056
0.012803
0.017429
0.010134
0.010484
0.010134
0.012232
0.009715
0.010134
0.015229
0.009715
0.017189
0.020148
0.009715
0.008146
0.011627
0.020148
0.032670
0.013507
0.026107
0.035881
0.042663
0.039476
0.060073
0.070294
0.070052
0.043376
0.052853
0.029376
0.029279
0.015788
0.012346
0.019105
0.005407
0.012892
0.015963
0.012118
0.026286
0.022581
0.032575
0.036422
0.050047
0.029279
0.039476
0.046377
0.056548
0.056848
0.056848
0.066991
0.053098
0.063498
0.080822
0.101963
0.095077
0.074629
0.064635
0.050768
0.037248
0.040636
0.027078
0.020385
0.017254
0.023834
0.015036
0.026984
0.033821
0.017738
0.023834
0.029494
0.057055
0.037401
0.058947
0.052356
0.035596
0.048971
0.052151
0.048962
0.058947
0.045619
0.049180
0.045931
0.048795
0.055537
0.059163
0.055647
0.058982
0.052473
0.062040
0.062040
0.048162
0.044574
0.044574
0.048162
0.031276
0.001524
0.006773
0.009800
0.015685
0.009800
0.015685
0.007230
0.013956
0.022103
0.006212
0.013346
0.021185
0.056540
0.039610
0.038871
0.009383
0.006608
0.031843
0.006758
0.026381
0.032961
0.062997
0.020294
0.040622
0.048063
0.066714
0.075097
0.131498
0.110139
0.104313
0.126416
0.138211
0.126017
0.105956
0.119576
0.081415
0.076865
0.057600
0.057385
0.043791
0.049740
0.030653
0.021160
0.029438
0.045237
0.037726
0.032087
0.028378
0.033472
0.022103
0.028590
0.024202
0.032009
0.034354
0.005601
0.005769
0.003837
0.022103
0.060739
0.027525
0.017534
0.008510
0.043187
0.062997
0.008510
0.001947
0.013936
0.044193
0.054283
0.061268
0.068299
0.064721
0.044504
0.031158
0.062425
0.068647
0.017823
0.001150
0.011385
0.032671
0.032220
0.032417
0.049436
0.042362
0.056540
0.059907
0.043275
0.049509
0.023648
0.023822
0.025979
0.026624
0.042729
0.030141
0.028283
0.030141
0.026702
0.014925
0.020231
0.015152
0.015440
0.018346
0.014648
0.019299
0.028283
0.025732
0.031234
0.040087
0.031234
0.035039
0.031653
0.025732
0.028570
0.025732
0.021988
0.017070
0.012232
0.023648
0.021616
0.027227
0.022156
0.022156
0.019814
0.026702
0.033942
0.044264
0.039776
0.053889
0.038274
0.037381
0.053135
0.058845
0.020734
0.028414
0.068924
0.065638
0.036101
0.030161
0.026544
0.021894
0.032990
0.033181
0.043998
0.026105
0.044563
0.042161
0.058044
0.048061
0.052255
0.052917
0.056504
0.018344
0.020377
0.051966
0.031537
0.026628
0.023226
0.018437
0.011386
0.021926
0.031814
0.057956
0.052917
0.060093
0.054598
0.060746
0.061117
0.057665
0.045844
0.036443
0.036779
0.028142
0.020015
0.018740
0.017070
0.013807
0.019814
0.021988
0.018077
0.031035
0.024488
0.014648
0.011442
0.012726
0.019839
0.010084
0.011161
0.009375
0.011161
0.008767
0.006995
0.007399
0.005227
0.013596
0.006351
0.006995
0.009375
0.007399
0.009004
0.013596
0.006351
0.009375
0.010356
0.018745
0.010780
0.010780
0.017399
0.021559
0.010222
0.013838
0.007191
0.017422
0.013386
0.020319
0.030650
0.023646
0.030933
0.034493
0.010544
0.020191
0.007629
0.020487
0.014331
0.020385
0.011760
0.019988
0.013489
0.006935
0.013386
0.013399
0.020524
0.013838
0.009870
0.002610
0.003197
0.006642
0.023501
0.001974
0.003732
0.005543
0.009040
0.025760
0.006995
0.009049
0.012191
0.003306
0.002744
0.015598
0.008958
0.005543
0.019521
0.005543
0.016314
0.016314
0.015969
0.026307
0.026307
0.018943
0.015598
0.013316
0.027095
0.023086
0.026203
0.027095
0.019908
0.007037
0.006212
0.006152
0.002730
0.027095
0.016314
0.002864
0.005590
0.005601
0.007629
0.014199
0.015901
0.031049
0.034185
0.025138
0.028021
0.028958
0.022454
0.028162
0.037401
0.037952
0.028958
0.044291
0.038342
0.044585
0.051184
0.054709
0.051481
0.054929
0.064386
0.064578
0.057979
0.045188
0.057979
0.054823
0.038811
0.078083
0.064583
0.071370
0.067985
0.057979
0.064622
0.053972
0.047428
0.064191
0.050855
0.047551
0.041402
0.037952
0.037952
0.024587
0.011136
0.017956
0.015419
0.011136
0.020794
0.017738
0.015419
0.008830
0.011760
0.005601
0.008470
0.004474
0.010045
0.013386
0.012923
0.015685
0.009142
0.011723
0.024106
0.028344
0.016930
0.014056
0.042691
0.051751
0.052473
0.058029
0.042305
0.029814
0.019599
0.010627
0.016343
0.001542
0.011189
0.014393
0.010838
0.004996
0.004996
0.012802
0.009250
0.011624
0.018411
0.001391
0.035787
0.032026
0.032174
0.035332
0.035332
0.022021
0.024953
0.002561
0.011176
0.001110
0.005001
0.010227
0.009250
0.026501
0.029096
0.049761
0.045655
0.031972
0.028595
0.035196
0.028380
0.038841
0.022443
0.025179
0.031874
0.028438
0.035391
0.021579
0.028595
0.028197
0.025005
0.018285
0.035688
0.035148
0.028595
0.031874
0.007926
0.003518
0.018593
0.035276
0.073673
0.073096
0.069849
0.072424
0.065376
0.048205
0.051831
0.038379
0.034679
0.048647
0.048481
0.051831
0.045013
0.066299
0.063251
0.057263
0.062199
0.071934
0.065338
0.048133
0.038029
0.031353
0.024342
0.028025
0.028025
0.024571
0.042073
0.021278
0.024834
0.004985
0.019208
0.019208
0.044337
0.047335
0.057054
0.067009
0.062972
0.070071
0.057501
0.063665
0.072467
0.065653
0.048647
0.069556
0.048758
0.062754
0.049167
0.038417
0.045951
0.053583
0.059216
0.072467
0.072467
0.070608
0.075599
0.068824
0.065452
0.065452
0.068955
0.070608
0.060399
0.061480
0.061480
0.058349
0.064724
0.072137
0.063944
0.025682
0.022577
0.008506
0.013646
0.015912
0.014884
0.017934
0.019198
0.020127
0.025232
0.022225
0.020985
0.023049
0.030034
0.023049
0.029157
0.023232
0.030034
0.022087
0.029157
0.028439
0.030639
0.034838
0.040865
0.044006
0.047590
0.039612
0.053602
0.046519
0.049464
0.060710
0.067927
0.046291
0.053109
0.060710
0.025617
0.012083
0.005071
0.024318
0.056069
0.030728
0.037484
0.040691
0.037609
0.040958
0.050882
0.054480
0.054539
0.024618
0.022311
0.010879
0.013395
0.022910
0.019035
0.025844
0.022417
0.025682
0.035849
0.029013
0.012083
0.018617
0.015516
0.019035
0.015516
0.025727
0.015516
0.026133
0.029035
0.050057
0.039631
0.025682
0.028858
0.029013
0.022334
0.025870
0.022253
0.018970
0.012880
0.012880
0.009855
0.006313
0.013586
0.008879
0.007923
0.048917
0.055678
0.071971
0.071782
0.064814
0.075280
0.057999
0.047544
0.054827
0.041015
0.044361
0.037545
0.048011
0.048011
0.044598
0.048139
0.048011
0.044598
0.041066
0.034383
0.041346
0.024228
0.042123
0.039052
0.031005
0.035430
0.038538
0.048917
0.037797
0.035018
0.034258
0.031005
0.031376
0.038538
0.039052
0.028799
0.021612
0.022228
0.015058
0.004410
0.008033
0.024658
0.018641
0.015058
0.008033
0.012083
0.005112
0.013586
0.008510
0.011373
0.011296
0.015279
0.014481
0.013380
0.013380
0.014533
0.026604
0.040182
0.043176
0.038129
0.069233
0.074336
0.043527
0.053769
0.029718
0.036773
0.033448
0.010619
0.021299
0.009588
0.002770
0.019617
0.013224
0.057795
0.036885
0.033607
0.008999
0.009450
0.006300
0.002416
0.006712
0.007219
0.005171
0.013039
0.016846
0.013039
0.020344
0.021317
0.018215
0.010110
0.061879
0.096188
0.080883
0.082362
0.084036
0.069305
0.078561
0.067183
0.070519
0.071458
0.048316
0.018215
0.008952
0.044819
0.084294
0.074350
0.086829
0.082146
0.067487
0.040671
0.029845
0.013028
0.006412
0.016604
0.023148
0.026339
0.050391
0.043329
0.057225
0.050407
0.057361
0.043527
0.046920
0.040538
0.057114
0.067400
0.056953
0.064181
0.063954
0.053968
0.071044
0.053728
0.057141
0.046721
0.040325
0.040188
0.046721
0.050333
0.043987
0.034294
0.037059
0.018425
0.008404
0.019586
0.026344
0.014953
0.020674
0.019736
0.019736
0.019736
0.023763
0.023298
0.016605
0.019736
0.020182
0.006300
0.003810
0.004801
0.004801
0.007008
0.013182
0.006466
0.004328
0.019617
0.016418
0.010278
0.023268
0.030086
0.016672
0.022925
0.036773
0.023159
0.022925
0.026534
0.016453
0.009645
0.010004
0.006167
0.019617
0.019524
0.023148
0.026657
0.016453
0.019744
0.026601
0.036904
0.036756
0.033141
0.036521
0.036904
0.029778
0.036521
0.039955
0.033119
0.029718
0.033419
0.023148
0.029778
0.033141
0.033419
0.026330
0.026339
0.026465
0.026465
0.026423
0.030193
0.036764
0.026330
0.023841
0.010741
0.004741
0.004743
0.010371
0.016189
0.007627
0.006517
0.006230
0.011270
0.011775
0.008519
0.006230
0.007627
0.008785
0.008233
0.013039
0.004743
0.006230
0.012580
0.006517
0.007627
0.006230
0.007709
0.006230
0.005625
0.012803
0.004743
0.012803
0.008629
0.009289
0.010079
0.033746
0.040649
0.041006
0.032621
0.035100
0.037197
0.014954
0.016911
0.007627
0.009295
0.004743
0.012809
0.009588
0.007219
0.004743
0.010371
0.016243
0.009973
0.012809
0.037197
0.050714
0.028297
0.044100
0.037197
0.034565
0.040649
0.043450
0.017495
0.012342
0.014954
0.022992
0.009588
0.016180
0.016243
0.013039
0.016180
0.019976
0.009588
0.033178
0.046788
0.043597
0.040671
0.046788
0.053563
0.029989
0.043374
0.033182
0.029845
0.036619
0.046788
0.063815
0.085764
0.076664
0.079583
0.075980
0.077901
0.076664
0.080766
0.081021
0.081093
0.079032
0.081021
0.081093
0.071234
0.081093
0.076953
0.076405
0.076994
0.077039
0.072245
0.070921
0.070402
0.073094
0.073997
0.061838
0.073401
0.053676
0.066360
0.059212
0.046069
0.065860
0.069525
0.059212
0.059212
0.055778
0.052705
0.062522
0.055919
0.045891
0.045614
0.052102
0.048915
0.049333
0.042320
0.059346
0.055938
0.062919
0.068437
0.066974
0.055886
0.058862
0.059407
0.063608
0.060301
0.066577
0.066460
0.066652
0.069965
0.069965
0.068925
0.070865
0.069289
0.069413
0.067364
0.064214
0.068658
0.069931
0.069092
0.069092
0.068658
0.071044
0.069965
0.070145
0.071757
0.071492
0.069413
0.070921
0.068391
0.070674
0.065968
0.067097
0.061866
0.059668
0.060478
0.065695
0.061035
0.067941
0.046107
0.045614
0.052495
0.048915
0.048915
0.045891
0.045614
0.052221
0.059019
0.059019
0.038741
0.028728
0.019152
0.015274
0.010040
0.015949
0.013624
0.022252
0.013294
0.023366
0.026061
0.031972
0.017243
0.019292
0.024753
0.011902
0.014852
0.024753
0.010040
0.027988
0.013624
0.014852
0.010133
0.016299
0.013294
0.026061
0.018858
0.020933
0.036307
0.030341
0.027003
0.029468
0.024573
0.023366
0.026061
0.028946
0.025143
0.032384
0.038553
0.026061
0.015366
0.031428
0.028192
0.025143
0.022084
0.041462
0.016794
0.024753
0.021120
0.027886
0.021120
0.031338
0.041835
0.021011
0.008543
0.024474
0.021120
0.014739
0.024474
0.017856
0.034818
0.027657
0.027999
0.017531
0.031666
0.017769
0.014225
0.011543
0.015856
0.008783
0.004589
0.011079
0.008642
0.013314
0.014837
0.020403
0.017890
0.021591
0.021366
0.036045
0.025245
0.014858
0.009815
0.004784
0.011079
0.013514
0.011663
0.016588
0.014858
0.012524
0.016588
0.015110
0.022574
0.019936
0.021275
0.016588
0.010956
0.007563
0.007434
0.008642
0.004784
0.006329
0.035230
0.045364
0.055462
0.048456
0.055337
0.055071
0.058457
0.065036
0.068448
0.061645
0.058277
0.065324
0.075600
0.068781
0.058457
0.058458
0.058457
0.055054
0.051512
0.061643
0.041702
0.045021
0.051632
0.058513
0.055188
0.061881
0.045021
0.051676
0.041585
0.044906
0.044906
0.031353
0.028192
0.031428
0.025075
0.037904
0.038073
0.031353
0.021706
0.025075
0.024753
0.031300
0.024753
0.021706
0.017839
0.017856
0.018664
0.021011
0.014852
0.017839
0.006546
0.006546
0.012175
0.006546
0.007310
0.011300
0.021011
0.006546
0.015949
0.006546
0.007945
0.008945
0.007310
0.013566
0.006546
0.006546
0.008543
0.004991
0.007494
0.004991
0.003629
0.005445
0.007755
0.006476
0.004798
0.003629
0.010690
0.008395
0.008543
0.004798
0.003629
0.011300
0.001982
0.004991
0.007093
0.001263
0.007494
0.007954
0.001982
0.007270
0.001260
0.008379
0.000857
0.011543
0.004374
0.008783
0.021711
0.003491
0.011927
0.018273
0.021711
0.015130
0.003893
0.021808
0.016607
0.002618
0.004671
0.014851
0.018250
0.011582
0.014851
0.011582
0.018695
0.028958
0.007871
0.022063
0.011561
0.011561
0.021711
0.018180
0.018250
0.005347
0.018695
0.018280
0.021828
0.022746
0.018280
0.004797
0.011968
0.003382
0.006765
0.001982
0.013389
0.003382
0.004798
0.004991
0.006476
0.010974
0.003382
0.009111
0.012580
0.003382
0.006476
0.009002
0.001838
0.015560
0.046860
0.037121
0.055680
0.045549
0.034790
0.042679
0.031971
0.052727
0.052727
0.046952
0.051387
0.044292
0.054944
0.051387
0.060073
0.060477
0.043256
0.044875
0.037049
0.043256
0.046832
0.059859
0.056887
0.052235
0.046120
0.048465
0.051520
0.051467
0.042660
0.038497
0.050915
0.050623
0.051467
0.034053
0.039426
0.041323
0.049057
0.056887
0.053338
0.057575
0.048702
0.053992
0.057575
0.055524
0.039683
0.030818
0.029762
0.008327
0.028996
0.023929
0.027355
0.026522
0.025451
0.034719
0.023304
0.023304
0.030492
0.030492
0.033568
0.023304
0.015266
0.022771
0.016117
0.016803
0.032551
0.014952
0.005495
0.007680
0.013109
0.011248
0.007982
0.010573
0.015558
0.012910
0.015214
0.011580
0.020898
0.017437
0.008294
0.008294
0.007342
0.027495
0.030842
0.008294
0.017032
0.004180
0.021261
0.001775
0.002631
0.001799
0.002052
0.003664
0.001205
0.003858
0.004623
0.001205
0.005886
0.005886
0.006257
0.005886
0.017450
0.027188
0.014518
0.024034
0.020671
0.020671
0.020585
0.023846
0.020671
0.027495
0.017239
0.041579
0.028429
0.023120
0.019563
0.013759
0.004670
0.012507
0.018847
0.016021
0.029592
0.023120
0.024091
0.017144
0.024091
0.032039
0.025067
0.022531
0.017692
0.028451
0.024965
0.027918
0.019148
0.027918
0.023160
0.015887
0.015887
0.015333
0.022195
0.027918
0.015289
0.022105
0.022105
0.016434
0.016434
0.022105
0.017692
0.028540
0.019203
0.029371
0.022105
0.019148
0.025223
0.027918
0.029332
0.021005
0.026407
0.026527
0.031876
0.026991
0.023017
0.024965
0.022520
0.017661
0.023769
0.024965
0.024965
0.022105
0.028451
0.027256
0.026233
0.032692
0.039400
0.026456
0.029105
0.027979
0.033734
0.023333
0.029307
0.029307
0.028666
0.028117
0.027247
0.026441
0.025539
0.024501
0.033776
0.031105
0.027979
0.030783
0.026991
0.026456
0.027569
0.038674
0.032349
0.032349
0.033392
0.032349
0.030410
0.040753
0.027569
0.026456
0.036796
0.026456
0.035471
0.023769
0.031004
0.033734
0.042597
0.027449
0.023711
0.031558
0.026538
0.024881
0.021945
0.037827
0.026254
0.042597
0.034795
0.036602
0.036602
0.044425
0.037135
0.036602
0.031876
0.039551
0.028117
0.028314
0.031460
0.030285
0.031105
0.028631
0.031105
0.032266
0.026407
0.035311
0.032471
0.031558
0.032722
0.030090
0.031529
0.029936
0.030388
0.029769
0.031460
0.029307
0.031558
0.029769
0.026254
0.029835
0.041102
0.030788
0.037501
0.034709
0.035399
0.033204
0.036519
0.036519
0.040769
0.036443
0.036443
0.037320
0.039664
0.041984
0.041774
0.042630
0.045560
0.047892
0.047295
0.047501
0.041140
0.041774
0.047892
0.038856
0.039409
0.040769
0.044777
0.039664
0.045618
0.040769
0.038856
0.039664
0.042777
0.047892
0.042777
0.049085
0.044046
0.042639
0.041056
0.046139
0.044158
0.045018
0.049085
0.044158
0.041056
0.046139
0.048143
0.050146
0.053198
0.063781
0.061671
0.058052
0.057885
0.060838
0.064413
0.072426
0.052248
0.051642
0.034940
0.044837
0.044846
0.034940
0.041496
0.041629
0.045071
0.041368
0.037833
0.034563
0.024455
0.018001
0.027773
0.018358
0.034905
0.032125
0.041629
0.051789
0.038664
0.035571
0.048355
0.041807
0.041836
0.051789
0.036012
0.048735
0.052470
0.042887
0.045285
0.025727
0.019603
0.028680
0.038190
0.038104
0.035549
0.034904
0.025727
0.019603
0.019603
0.028778
0.025727
0.028680
0.018358
0.014507
0.014048
0.014106
0.007609
0.010863
0.005281
0.007150
0.003378
0.010863
0.014048
0.014272
0.017650
0.018019
0.010815
0.000523
0.004066
0.004066
0.004066
0.003008
0.005073
0.007309
0.001204
0.008269
0.005073
0.005073
0.004066
0.004561
0.003874
0.011702
0.004066
0.002739
0.004135
0.001125
0.007692
0.005073
0.014892
0.001503
0.008122
0.007463
0.003008
0.000756
0.000523
0.007290
0.004066
0.001125
0.004561
0.008661
0.011359
0.001579
0.007877
0.008447
0.018062
0.018654
0.012949
0.019250
0.028292
0.022104
0.019082
0.015657
0.028537
0.031869
0.021459
0.008447
0.025107
0.025107
0.014940
0.028635
0.011856
0.018654
0.014687
0.024990
0.014873
0.004885
0.007877
0.025341
0.014873
0.018323
0.014873
0.028635
0.018381
0.022104
0.035290
0.025271
0.022515
0.031720
0.025271
0.031869
0.025298
0.021825
0.021683
0.010735
0.025271
0.028438
0.022159
0.032167
0.029005
0.022104
0.018654
0.025555
0.019250
0.017981
0.026461
0.035907
0.032167
0.038713
0.028438
0.025905
0.031872
0.031869
0.031869
0.010735
0.019250
0.012671
0.032456
0.026461
0.017578
0.029394
0.032456
0.035594
0.038777
0.023052
0.021825
0.016283
0.028719
0.025107
0.018270
0.014888
0.011504
0.005555
0.014873
0.007877
0.018062
0.002545
0.008081
0.002703
0.001125
0.001125
0.001256
