0.065795
0.065795
0.064646
0.064871
0.065780
0.067379
0.066373
0.066177
0.065517
0.065217
0.069252
0.075478
0.109634
0.097683
0.080220
0.079608
0.074579
0.076134
0.070443
0.069854
0.069728
0.069289
0.069424
0.074572
0.076234
0.077297
0.070626
0.067471
0.062578
0.069290
0.067306
0.066694
0.057809
0.055149
0.062367
0.056293
0.055584
0.047638
0.045713
0.051134
0.049523
0.044283
0.044681
0.045226
0.045414
0.052845
0.064956
0.045004
0.056334
0.048448
0.048185
0.047735
0.055214
0.047085
0.052683
0.049083
0.059403
0.042261
0.040275
0.037362
0.025788
0.031023
0.033656
0.036073
0.023205
0.026358
0.029687
0.028462
0.027526
0.029179
0.028196
0.027428
0.027120
0.027982
0.034589
0.028294
0.030426
0.029682
0.037449
0.071741
0.062834
0.069584
0.024047
0.022430
0.030170
0.030908
0.036828
0.049543
0.031987
0.024120
0.020428
0.016175
0.016558
0.015136
0.015975
0.016672
0.017211
0.025399
0.030137
0.035287
0.035462
0.029489
0.032376
0.016078
0.024771
0.023653
0.011305
0.021830
0.031605
0.036460
0.035434
0.042888
0.012865
0.008612
0.012395
0.008264
0.011368
0.007749
0.036306
0.054215
0.025688
0.022367
0.017307
0.017863
0.016839
0.014805
0.029462
0.040210
0.024664
0.017921
0.012229
0.029876
0.030046
0.042908
0.041900
0.031441
0.023507
0.021948
0.017532
0.016072
0.011173
0.011809
0.014252
0.013533
0.012693
0.013067
0.013171
0.011766
0.008029
0.010264
0.009026
0.006719
0.006302
0.005414
0.007095
0.012019
0.017867
0.023973
0.026513
0.023215
0.021071
0.021456
0.020789
0.020466
0.023619
0.025532
0.025628
0.024573
0.020437
0.023350
0.021004
0.021169
0.038123
0.033862
0.035585
0.033975
0.032734
0.041803
0.040674
0.036903
0.032682
0.028841
0.024495
0.023261
0.019494
0.012215
0.014503
0.011782
0.009389
0.025122
0.030792
0.041980
0.025244
0.039284
0.045645
0.061232
0.061639
0.064949
0.063226
0.043472
0.034734
0.043914
0.040334
0.023952
0.028732
0.026728
0.024521
0.025886
0.004263
0.010195
0.004452
0.007667
0.007700
0.017357
0.016587
0.017062
0.017478
0.019665
0.021267
0.021298
0.034095
0.032163
0.025853
0.018322
0.015106
0.013667
0.014754
0.018384
0.012594
0.019949
0.008659
0.008512
0.005565
0.007508
0.009085
0.005851
0.008476
0.007543
0.021354
0.021347
0.027494
0.043865
0.046337
0.041726
0.048546
0.051525
0.046001
0.040338
0.035870
0.032251
0.029031
0.025759
0.017542
0.016122
0.016711
0.017442
0.019184
0.025937
0.028908
0.033605
0.049201
0.045260
0.044717
0.040301
0.031893
0.019452
0.016527
0.014753
0.010100
0.005016
0.007762
0.004486
0.000108
0.004084
0.012957
0.013979
0.013201
0.014251
0.014546
0.014929
0.014546
0.015213
0.019026
0.019829
0.016934
0.011987
0.010033
0.008558
0.007912
0.007820
0.008569
0.017111
0.014160
0.012114
0.014672
0.012819
0.012152
0.008867
0.008448
0.005406
0.007009
0.006979
0.006630
0.006078
0.007073
0.007385
0.006793
0.007865
0.006514
0.007211
0.007370
0.008014
0.009368
0.010348
0.007935
0.007771
0.007370
0.007495
0.009305
0.008408
0.007935
0.007958
0.008561
0.008180
0.008394
0.008192
0.008790
0.008230
0.008619
0.008506
0.008573
0.008865
0.008524
0.008407
0.008784
0.008184
0.008230
0.008449
0.008283
0.007736
0.007635
0.007839
0.008400
0.008206
0.008298
0.007732
0.007732
0.008027
0.007826
0.007210
0.007705
0.007700
0.008112
0.008725
0.007642
0.008682
0.008345
0.008682
0.009151
0.009939
0.008250
0.007998
0.008617
0.005416
0.005095
0.009767
0.009235
0.011647
0.008687
0.008682
0.007665
0.010655
0.008260
0.007796
0.007297
0.007332
0.008901
0.008049
0.007246
0.008735
0.009232
0.009420
0.009073
0.006645
0.007894
0.006198
0.009335
0.006652
0.005608
0.006144
0.006040
0.008168
0.004747
0.005521
0.006362
0.005011
0.005342
0.005398
0.006017
0.005572
0.006093
0.005812
0.005974
0.004596
0.004890
0.005224
0.005133
0.007082
0.006241
0.011580
0.010688
0.007162
0.006920
0.007609
0.012421
0.008729
0.006525
0.004132
0.002832
0.006272
0.002710
0.002962
0.005987
0.002962
0.006960
0.004882
0.005612
0.006017
0.005917
0.002834
0.001176
0.008456
0.008528
0.018665
0.008577
0.002468
0.005349
0.004565
0.002901
0.004205
0.003952
0.006088
0.009240
0.012443
0.012443
0.013396
0.014208
0.013187
0.014336
0.012430
0.012430
0.009485
0.012038
0.012424
0.012198
0.008124
0.009259
0.011847
0.010878
0.008845
0.009084
0.008897
0.012012
0.004524
0.008472
0.025967
0.017096
0.045623
0.065765
0.047657
0.046562
0.026920
0.037333
0.044106
0.039157
0.036453
0.013199
0.015491
0.009688
0.012565
0.017848
0.058579
0.048093
0.042262
0.030833
0.032289
0.022638
0.011667
0.005329
0.004332
0.001523
0.004751
0.001568
0.006552
0.005708
0.009286
0.006978
0.014708
0.009243
0.016337
0.014970
0.014174
0.012391
0.014132
0.010090
0.010269
0.007651
0.009337
0.005218
0.005879
0.013511
0.012956
0.012827
0.018183
0.016056
0.009445
0.016359
0.010817
0.011307
0.021897
0.019942
0.016048
0.013031
0.005163
0.009080
0.000954
0.001658
0.003526
0.002825
0.005591
0.011221
0.013203
0.012672
0.012268
0.009869
0.008927
0.007648
0.009869
0.016662
0.014442
0.017516
0.017128
0.011257
0.015657
0.017213
0.016300
0.017525
0.016903
0.016402
0.017403
0.017462
0.017843
0.016961
0.015911
0.016847
0.017904
0.016927
0.013524
0.011010
0.002488
0.004004
0.006484
0.007551
0.005984
0.004484
0.007050
0.006497
0.007986
0.009053
0.009191
0.008617
0.011272
0.017848
0.014845
0.017128
0.013158
0.008982
0.006800
0.008902
0.015562
0.013812
0.013634
0.013824
0.010398
0.010814
0.010422
0.008845
0.007793
0.007044
0.006366
0.005906
0.006123
0.005751
0.006201
0.006366
0.007040
0.005665
0.005937
0.005751
0.005568
0.006105
0.005264
0.003663
0.004575
0.002999
0.003083
0.003398
0.002194
0.004485
0.004780
0.005240
0.000900
0.001104
0.000753
0.004982
0.004166
0.010825
0.009252
0.013316
0.013123
0.009454
0.012811
0.011913
0.013809
0.012946
0.011688
0.010971
0.012433
0.012675
0.007635
0.005225
0.004343
0.005270
0.008378
0.008329
0.009883
0.012476
0.012699
0.010782
0.011071
0.012202
0.013000
0.012297
0.012208
0.012136
0.011633
0.011240
0.010823
0.009367
0.008615
0.008070
0.009974
0.007282
0.007877
0.008405
0.009836
0.010927
0.008994
0.007768
0.007041
0.006333
0.007909
0.012279
0.011366
0.012984
0.014692
0.011417
0.011575
0.006050
0.007073
0.003557
0.002614
0.003893
0.005500
0.005500
0.005011
0.003817
0.005500
0.007064
0.007064
0.006483
0.005049
0.010804
0.010787
0.004649
0.006678
0.009793
0.005494
0.010882
0.006661
0.007323
0.006700
0.006164
0.005287
0.005287
0.008576
0.007034
0.004185
0.008245
0.010482
0.010454
0.021927
0.018004
0.028887
0.031673
0.018549
0.024173
0.016863
0.013924
0.011835
0.009999
0.013049
0.018666
0.016337
0.018410
0.016881
0.019942
0.016883
0.012674
0.011909
0.012507
0.012397
0.013625
0.011746
0.010988
0.011565
0.011730
0.014826
0.031556
0.025739
0.004228
0.015472
0.005040
0.012026
0.016012
0.013937
0.011070
0.013989
0.010748
0.010973
0.011786
0.011986
0.013352
0.015982
0.017502
0.017748
0.016774
0.011711
0.015940
0.013475
0.010783
0.009486
0.009927
0.011054
0.010330
0.011654
0.013313
0.016699
0.014610
0.013243
0.016570
0.018242
0.010663
0.020672
0.005327
0.005663
0.012813
0.012845
0.003483
0.002259
0.003389
0.004168
0.006380
0.001934
0.006330
0.002337
0.002990
0.005537
0.003318
0.004297
0.007472
0.005028
0.003789
0.002902
0.003275
0.003923
0.007524
0.004600
0.005132
0.006705
0.004938
0.012405
0.006978
0.009180
0.005706
0.004860
0.009856
0.009294
0.003084
0.016992
0.006951
0.019408
0.013318
0.015825
0.016577
0.010776
0.017156
0.008337
0.007622
0.015407
0.014572
0.015841
0.015129
0.013154
0.012814
0.012221
0.010462
0.010120
0.008855
0.007966
0.007595
0.009128
0.008813
0.009762
0.007917
0.009083
0.008325
0.008882
0.010841
0.015786
0.011820
0.012433
0.011198
0.011765
0.011660
0.011914
0.012899
0.012701
0.014325
0.007223
0.009899
0.009186
0.005276
0.008476
0.010052
0.014740
0.012467
0.004927
0.005332
0.004251
0.007029
0.007042
0.008378
0.010697
0.010243
0.013018
0.014311
0.010309
0.007669
0.007475
0.006100
0.004279
0.003529
0.002058
0.006592
0.008559
0.004525
0.003658
0.005719
0.004413
0.007884
0.007166
0.006345
0.005665
0.006090
0.005665
0.006419
0.007749
0.009280
0.010120
0.008955
0.007462
0.008646
0.005788
0.000117
0.002670
0.004875
0.010999
0.016849
0.012451
0.011540
0.006131
0.005019
0.001928
0.003305
0.004391
0.003643
0.004017
0.004654
0.004460
0.006900
0.006900
0.005737
0.006805
0.003249
0.004470
0.005825
0.010730
0.008667
0.009741
0.002812
0.004294
0.005246
0.006702
0.002924
0.002812
0.004359
0.011343
0.006981
0.006244
0.007615
0.004597
0.004475
0.004537
0.005719
0.008186
0.007248
0.007550
0.003020
0.002338
0.002587
0.001246
0.006580
0.006698
0.000490
0.005271
0.002324
0.000921
0.002174
0.002088
0.002957
0.001533
0.000602
0.003065
0.003552
0.003609
0.002590
0.010967
0.012947
0.010454
0.010951
0.009924
0.004360
0.010456
0.009491
0.011440
0.011384
0.011481
0.010520
0.011915
0.004080
0.008465
0.009931
0.011154
0.001790
0.007018
0.012347
0.012514
0.013929
0.010941
0.013368
0.013658
0.015462
0.014277
0.010628
0.014906
0.016914
0.016800
0.017593
0.025199
0.023740
0.028476
0.025257
0.023355
0.023652
0.024504
0.026296
0.020924
0.018637
0.017525
0.017067
0.016861
0.017363
0.014664
0.016220
0.018434
0.019189
0.020751
0.020234
0.017260
0.021886
0.021073
0.014804
0.020218
0.018162
0.007919
0.004108
0.004394
0.003231
0.002910
0.002866
0.001431
0.002290
0.002878
0.004723
0.003840
0.004561
0.012062
0.009369
0.008267
0.010248
0.007228
0.003462
0.006862
0.017601
0.014671
0.012743
0.014723
0.015261
0.010147
0.009153
0.010521
0.012501
0.016585
0.010800
0.011121
0.015218
0.010264
0.011626
0.013707
0.010642
0.008650
0.005734
0.003321
0.008078
0.011267
0.007551
0.004963
0.008938
0.008206
0.006467
0.005866
0.005228
0.028051
0.007018
0.007405
0.008717
0.013035
0.022033
0.012513
0.015465
0.014720
0.016797
0.029752
0.023258
0.018988
0.018414
0.014893
0.013973
0.013557
0.013007
0.011837
0.011420
0.011940
0.011594
0.009974
0.008861
0.015427
0.015427
0.015307
0.015432
0.019603
0.027126
0.018095
0.025479
0.025499
0.026350
0.021778
0.026704
0.024319
0.026312
0.021770
0.023709
0.023354
0.020303
0.018376
0.019073
0.026536
0.018328
0.011097
0.012045
0.008001
0.007675
0.013287
0.014682
0.005520
0.006310
0.006392
0.010226
0.013408
0.010735
0.010468
0.015742
0.013002
0.021018
0.018895
0.012582
0.015137
0.012157
0.012931
0.013477
0.012211
0.013312
0.009926
0.011061
0.012259
0.013720
0.009440
0.010995
0.009511
0.009769
0.014886
0.008142
0.016988
0.012933
0.013362
0.014224
0.013543
0.013368
0.013767
0.007276
0.007521
0.006963
0.007964
0.008137
0.008623
0.009806
0.016386
0.012159
0.012674
0.014544
0.012585
0.012731
0.012500
0.012659
0.013314
0.015156
0.010831
0.014187
0.009472
0.015056
0.008510
0.012787
0.010345
0.008391
0.010384
0.010438
0.015987
0.016220
0.016275
0.013442
0.016662
0.009577
0.008746
0.005818
0.007139
0.003779
0.003988
0.005158
0.005035
0.004950
0.017860
0.017499
0.016812
0.011715
0.015230
0.019063
0.015327
0.018983
0.009316
0.025293
0.011128
0.011131
0.016398
0.018756
0.016790
0.007732
0.015823
0.007197
0.025548
0.020253
0.015392
0.009001
0.014715
0.022449
0.032601
0.035164
0.032234
0.043686
0.031848
0.038504
0.030430
0.015873
0.032356
0.036175
0.027368
0.021400
0.024947
0.023651
0.023531
0.014765
0.011472
0.008202
0.017855
0.019248
0.033997
0.032627
0.027862
0.033800
0.033060
0.032107
0.029417
0.067123
0.041797
0.027848
0.020315
0.017211
0.017660
0.021189
0.017718
0.021352
0.018392
0.021345
0.018068
0.017209
0.021178
0.021692
0.023650
0.025569
0.021006
0.014608
0.018574
0.015807
0.008580
0.010704
0.019158
0.018523
0.016576
0.014046
0.010495
0.013748
0.014772
0.007949
0.008057
0.012452
0.017116
0.017617
0.008502
0.002536
0.001891
0.003417
0.010141
0.004701
0.002585
0.003282
0.002518
0.003085
0.003939
0.005877
0.017783
0.017389
0.015641
0.015403
0.011274
0.004285
0.016553
0.017497
0.011537
0.009790
0.009987
0.009372
0.011196
0.012739
0.015281
0.019193
0.015143
0.015951
0.020971
0.019674
0.020586
0.023536
0.020429
0.021593
0.019760
0.020957
0.015989
0.013089
0.011138
0.015118
0.008830
0.007475
0.006801
0.009607
0.015088
0.017494
0.017343
0.022076
0.015443
0.017006
0.021239
0.024146
0.023389
0.021130
0.018742
0.016914
0.016159
0.016847
0.015613
0.015454
0.014783
0.015273
0.014863
0.014491
0.013911
0.014062
0.014161
0.013609
0.012684
0.011823
0.018428
0.014742
0.013951
0.015473
0.009426
0.009670
0.007817
0.013788
0.010919
0.017610
0.010808
0.016872
0.014936
0.013996
0.013902
0.014577
0.017581
0.011219
0.009667
0.007836
0.006596
0.004672
0.005127
0.004296
0.002279
0.005125
0.002697
0.005840
0.009227
0.017124
0.017837
0.013859
0.011958
0.015120
0.016767
0.017268
0.020848
0.017616
0.019138
0.022107
0.023864
0.024459
0.023811
0.028594
0.030308
0.028012
0.023241
0.024755
0.017312
0.022627
0.017941
0.012907
0.010916
0.009887
0.008169
0.002703
0.004581
0.003357
0.001903
0.005065
0.003720
0.006349
0.000870
0.001837
0.004079
0.012136
0.012207
0.014128
0.013717
0.011126
0.016287
0.016643
0.016559
0.017483
0.016362
0.016367
0.016112
0.015858
0.015433
0.014890
0.014467
0.014055
0.013497
0.013040
0.012797
0.012816
0.011935
0.011434
0.011406
0.012020
0.011823
0.010741
0.009745
0.010138
0.008298
0.013206
0.012597
0.010224
0.006526
0.009188
0.009472
0.008479
0.005519
0.005047
0.011026
0.011580
0.012208
0.008285
0.004320
0.007379
0.004419
0.007508
0.007594
0.004095
0.001443
0.001405
0.002616
0.003107
0.003543
0.002367
0.003533
0.002038
0.001577
0.003042
0.006074
0.005476
0.003543
0.007003
0.010979
0.010594
0.011510
0.011763
0.012510
0.008901
0.007493
0.002625
0.003468
0.003161
0.004173
0.003566
0.005101
0.006645
0.007336
0.010900
0.010929
0.009862
0.011465
0.009869
0.010769
0.011024
0.011073
0.007385
0.007385
0.005884
0.006040
0.006463
0.006030
0.004081
0.003598
0.004147
0.002887
0.003116
0.001051
0.002985
0.001391
0.003829
0.005725
0.003387
0.004079
0.005966
0.007829
0.005474
0.005726
0.004893
0.004548
0.005907
0.005797
0.006901
0.007572
0.008681
0.008619
0.009149
0.010100
0.010852
0.011339
0.011802
0.012661
0.012508
0.013209
0.013337
0.014255
0.013995
0.014725
0.014634
0.015738
0.015867
0.016716
0.018211
0.017849
0.017959
0.018405
0.018684
0.018712
0.019773
0.019951
0.020003
0.019874
0.019660
0.019019
0.018541
0.018276
0.018103
0.017661
0.017924
0.017395
0.016823
0.016566
0.015714
0.015522
0.014904
0.014545
0.014189
0.014470
0.013750
0.013357
0.013253
0.012698
0.012294
0.012499
0.011937
0.012249
0.011957
0.011978
0.012095
0.011534
0.011390
0.011131
0.011495
0.011214
0.010662
0.010564
0.010587
0.010109
0.010458
0.010130
0.009674
0.009880
0.009961
0.009278
0.009278
0.009642
0.009393
0.009852
0.009454
0.009286
0.009171
0.009082
0.009082
0.009575
0.008719
0.008802
0.008369
0.008303
0.008691
0.008802
0.008174
0.008085
0.007605
0.007359
0.007746
0.008622
0.006725
0.007336
0.006457
0.006228
0.005231
0.006528
0.006528
0.005047
0.004799
0.004471
0.003859
0.004315
0.004312
0.004798
0.005891
0.004113
0.004930
0.004009
0.004335
0.004009
0.003352
0.003360
0.003916
0.003253
0.003177
0.002699
0.003934
0.002601
0.002145
0.002367
0.002227
0.002875
0.002114
0.001579
0.001699
0.001932
0.001206
0.001206
0.001446
0.001614
0.000454
0.001042
0.000840
0.000487
0.000613
0.001668
0.000000
0.001748
0.002095
0.002135
0.001657
0.002670
0.002328
0.003637
0.002740
0.001464
0.004204
0.002591
0.002328
0.004204
0.002067
0.002519
0.002519
0.002701
0.002919
0.003727
0.004101
0.002987
0.003270
0.003488
0.003815
0.003793
0.003894
0.004119
0.004176
0.004383
0.006253
0.005144
0.007472
0.006182
0.005473
0.008174
0.007154
0.006986
0.008068
0.007416
0.007416
0.007808
0.007853
0.008727
0.008595
0.009027
0.009124
0.010178
0.009690
0.010001
0.010582
0.010406
0.011135
0.010858
0.011797
0.011238
0.012068
0.011788
0.011895
0.011645
0.012325
0.012202
0.012108
0.012714
0.012671
0.012623
0.012555
0.012961
0.013188
0.013138
0.013107
0.013386
0.013463
0.013448
0.014145
0.014491
0.013995
0.014487
0.014833
0.014487
0.014736
0.015059
0.015878
0.016116
0.016288
0.017670
0.018110
0.017635
0.018247
0.018883
0.019340
0.020293
0.020484
0.020805
0.021750
0.022008
0.023011
0.023592
0.022561
0.021481
0.021172
0.020616
0.020353
0.020504
0.020383
0.021604
0.022508
0.021546
0.020845
0.019265
0.017311
0.016218
0.015066
0.014264
0.015584
0.014672
0.013870
0.014272
0.013626
0.012946
0.013591
0.013780
0.013542
0.012946
0.013069
0.012964
0.012396
0.012214
0.011974
0.012023
0.011844
0.011575
0.011485
0.011745
0.011965
0.011334
0.011545
0.011545
0.010187
0.010043
0.010631
0.010312
0.010166
0.009836
0.010322
0.009440
0.008653
0.008973
0.008444
0.008206
0.008194
0.008182
0.008280
0.007663
0.007627
0.007594
0.007670
0.007287
0.007780
0.007618
0.007354
0.006562
0.007522
0.006234
0.006438
0.006741
0.005838
0.005888
0.005493
0.005488
0.005755
0.005718
0.005035
0.005149
0.004672
0.004576
0.004794
0.004180
0.005074
0.003850
0.002876
0.003947
0.002936
0.002369
0.002235
0.001918
0.001462
0.001611
0.003479
0.000767
0.002028
0.000366
0.003090
0.001658
0.002285
0.002039
0.001351
0.003602
0.003993
0.003516
0.003395
0.003955
0.004080
0.004240
0.004919
0.005363
0.005281
0.006066
0.006450
0.006677
0.006329
0.006777
0.006293
0.006569
0.006566
0.007482
0.007254
0.007823
0.007858
0.008482
0.009541
0.011445
0.009941
0.009643
0.011625
0.011935
0.011085
0.011865
0.012152
0.011934
0.012058
0.012830
0.013228
0.013477
0.013587
0.013277
0.013743
0.013829
0.014315
0.014113
0.014105
0.014105
0.014142
0.014113
0.014357
0.014206
0.014142
0.014115
0.014138
0.014249
0.014319
0.014439
0.014292
0.014363
0.014659
0.014752
0.014708
0.014896
0.015161
0.014772
0.015131
0.015534
0.015675
0.017434
0.017496
0.017358
0.016510
0.017936
0.016821
0.016394
0.014938
0.017022
0.012965
0.012273
0.013555
0.012889
0.011262
0.011555
0.009370
0.009002
0.010241
0.008973
0.009421
0.009442
0.009620
0.009306
0.010830
0.010496
0.015369
0.022717
0.015551
0.012721
0.010030
0.011910
0.012386
0.013203
0.013161
0.014172
0.009939
0.006653
0.007108
0.010374
0.008892
0.012569
0.007913
0.005486
0.006346
0.006232
0.005262
0.004235
0.002528
0.006745
0.003253
0.003588
0.004816
0.005732
0.006415
0.007855
0.009344
0.010310
0.009366
0.010903
0.011480
0.012007
0.012814
0.013667
0.014682
0.014982
0.016374
0.018269
0.017840
0.019090
0.019967
0.020519
0.021177
0.020773
0.019593
0.019185
0.018207
0.017683
0.018199
0.017132
0.016472
0.016329
0.015865
0.015259
0.014223
0.014092
0.013949
0.014205
0.014787
0.015419
0.016182
0.015160
0.015994
0.015750
0.015994
0.016328
0.015750
0.014881
0.017509
0.014761
0.012865
0.013434
0.014761
0.014327
0.013891
0.013296
0.011808
0.012456
0.012951
0.013150
0.010971
0.010794
0.009891
0.009173
0.009791
0.011004
0.011041
0.007808
0.008439
0.009232
0.009505
0.009480
0.007891
0.007752
0.008061
0.007193
0.008577
0.008002
0.007193
0.006748
0.006419
0.006094
0.006102
0.005738
0.005850
0.006119
0.016206
0.011594
0.010261
0.008778
0.005166
0.003339
0.004214
0.001931
0.002806
0.001577
0.000863
0.003041
0.000615
0.003587
0.007316
0.005740
0.000839
0.002608
0.003070
0.004330
0.004165
0.004796
0.006097
0.007253
0.006690
0.004330
0.005225
0.006346
0.004761
0.005038
0.005159
0.004636
0.007569
0.011010
0.012361
0.010969
0.010879
0.008408
0.009869
0.008452
0.011114
0.009227
0.006809
0.003739
0.003330
0.000442
0.002919
0.004320
0.002255
0.001277
0.001868
0.004237
0.003148
0.004320
0.006232
0.004816
0.007808
0.013960
0.017462
0.014555
0.008631
0.004440
0.003123
0.003448
0.013744
0.004684
0.007255
0.007414
0.011655
0.006145
0.005162
0.005044
0.007970
0.006787
0.005292
0.004810
0.005950
0.009220
0.006184
0.005178
0.003339
0.003339
0.002253
0.004057
0.003493
0.008497
0.001288
0.003148
0.005522
0.007492
0.005975
0.004533
0.001691
0.003250
0.006223
0.002983
0.007137
0.003516
0.003666
0.009671
0.009942
0.008539
0.006916
0.006782
0.005947
0.006814
0.005243
0.006755
0.008194
0.007804
0.007064
0.005768
0.005912
0.004882
0.004278
0.004390
0.004127
0.004636
0.004636
0.005130
0.005715
0.005580
0.005765
0.009216
0.006015
0.006737
0.006015
0.007055
0.007426
0.007376
0.005022
0.005155
0.004501
0.005415
0.005429
0.004636
0.007263
0.011299
0.007529
0.006500
0.005825
0.007276
0.012717
0.011041
0.008827
0.006993
0.007759
0.007714
0.007988
0.012082
0.012082
0.011295
0.009697
0.009591
0.010420
0.009873
0.011285
0.010503
0.010378
0.010577
0.010549
0.010458
0.009834
0.010123
0.010501
0.011595
0.010123
0.010942
0.010045
0.010024
0.010097
0.010136
0.010394
0.010613
0.011848
0.010026
0.011245
0.010972
0.010980
0.011102
0.010308
0.009115
0.009933
0.009675
0.010083
0.008286
0.008710
0.006956
0.007589
0.008527
0.008279
0.008765
0.005978
0.008200
0.009433
0.007865
0.009554
0.006851
0.007344
0.007884
0.009731
0.005900
0.009681
0.008055
0.008685
0.007488
0.006961
0.007267
0.006396
0.005598
0.007116
0.005598
0.004969
0.006640
0.006020
0.002681
0.005005
0.005916
0.007817
0.009820
0.008318
0.000185
0.001080
0.001737
0.003684
0.001127
0.003635
0.001863
0.002449
0.002886
0.003180
0.004691
0.006147
0.005879
0.006149
0.005050
0.004834
0.006171
0.006524
0.004803
0.005839
0.005839
0.005532
0.005674
0.005209
0.005037
0.006524
0.005292
0.005228
0.004830
0.006276
0.006782
0.006107
0.005677
0.006300
0.006987
0.006785
0.007614
0.008020
0.007785
0.008408
0.008732
0.008277
0.008704
0.009772
0.009772
0.009377
0.009579
0.009853
0.010022
0.009629
0.010022
0.010008
0.010905
0.012166
0.012720
0.010455
0.012698
0.011552
0.011681
0.012276
0.011862
0.011789
0.011784
0.011929
0.012574
0.011323
0.011940
0.011709
0.012054
0.011932
0.011784
0.011907
0.011789
0.012058
0.011862
0.011721
0.012445
0.012042
0.012172
0.012338
0.012054
0.013165
0.012304
0.011631
0.010572
0.010186
0.012383
0.009940
0.010406
0.010043
0.010910
0.010529
0.009335
0.011560
0.009672
0.010592
0.009839
0.009387
0.009500
0.010117
0.012289
0.015389
0.013274
0.010592
0.013620
0.010822
0.010525
0.010786
0.008573
0.009930
0.010302
0.009345
0.007835
0.008572
0.008236
0.007917
0.007777
0.008006
0.008445
0.008202
0.008286
0.009049
0.008882
0.010160
0.008824
0.008636
0.010199
0.010484
0.010050
0.008882
0.008636
0.008636
0.011740
0.008176
0.006783
0.009690
0.008286
0.008183
0.006690
0.005355
0.005734
0.005909
0.005424
0.006403
0.007777
0.009381
0.010098
0.011003
0.010062
0.011884
0.010038
0.011447
0.007523
0.010409
0.007979
0.005775
0.009843
0.007505
0.006193
0.007523
0.011793
0.010353
0.006136
0.005540
0.004498
0.003106
0.006363
0.009805
0.005972
0.003132
0.004097
0.002951
0.003089
0.010353
0.005776
0.005249
0.003975
0.003710
0.007074
0.005262
0.003837
0.009312
0.006363
0.008336
0.002694
0.004448
0.007853
0.003917
0.003917
0.004945
0.005955
0.001183
0.003199
0.000935
0.004302
0.006599
0.006998
0.003456
0.009911
0.005528
0.005028
0.005891
0.002670
0.004458
0.008285
0.004107
0.007077
0.004941
0.003549
0.002590
0.003494
0.004107
0.003278
0.003102
0.004102
0.006084
0.004502
0.003138
0.005182
0.003067
0.004820
0.003406
0.004304
0.007345
0.005660
0.004004
0.006633
0.006087
0.004793
0.006345
0.006601
0.005480
0.007622
0.005255
0.007445
0.005255
0.004746
0.004846
0.005110
0.005302
0.004987
0.004248
0.005983
0.004599
0.004430
0.004116
0.005481
0.003820
0.003717
0.006084
0.005239
0.010332
0.007077
0.003737
0.002670
0.007251
0.006337
0.003138
0.003398
0.004058
0.002980
0.003494
0.003067
0.005655
0.004181
0.006377
0.007289
0.004311
0.009355
0.011584
0.004239
0.005387
0.004534
0.005681
0.004960
0.005369
0.006978
0.005148
0.005408
0.006081
0.005243
0.004997
0.004599
0.004987
0.005636
0.003994
0.005440
0.003917
0.004941
0.004458
0.005784
0.008345
0.002857
0.011634
0.013317
0.009857
0.004941
0.006912
0.003406
0.003699
0.003545
0.005593
0.007736
0.009384
0.012832
0.013389
0.008807
0.003890
0.006302
0.007261
0.006457
0.003778
0.008942
0.001949
0.007261
0.006302
0.004195
0.006929
0.007502
0.003383
0.007077
0.011866
0.012839
0.005002
0.009000
0.010943
0.005813
0.006876
0.005529
0.007943
0.005415
0.005742
0.006603
0.007829
0.011089
0.005959
0.006139
0.006837
0.007767
0.006627
0.007575
0.006527
0.006779
0.008185
0.008490
0.013381
0.012463
0.010965
0.011787
0.009714
0.009585
0.008742
0.010031
0.009354
0.009380
0.010229
0.011051
0.010332
0.009540
0.009606
0.010447
0.009380
0.009380
0.009295
0.009380
0.009291
0.009364
0.009324
0.008814
0.008492
0.008742
0.008330
0.008147
0.008643
0.008428
0.007810
0.006937
0.007122
0.007236
0.009088
0.007971
0.007356
0.008402
0.007584
0.009306
0.006906
0.007476
0.006937
0.007971
0.009752
0.008519
0.007575
0.006904
0.007443
0.008956
0.009185
0.007967
0.007921
0.008615
0.008284
0.009546
0.009246
0.011705
0.009246
0.008956
0.007972
0.010185
0.010511
0.009483
0.007508
0.008764
0.008402
0.007122
0.006904
0.007006
0.007548
0.006623
0.007821
0.006929
0.006627
0.006527
0.006929
0.006630
0.006897
0.011089
0.007548
0.009075
0.011341
0.008834
0.008834
0.009589
0.011334
0.013463
0.011288
0.020407
0.017003
0.013712
0.009924
0.009143
0.010550
0.012711
0.009190
0.007369
0.007594
0.005110
0.006613
0.013560
0.009430
0.013560
0.004248
0.004812
0.007890
0.005843
0.012994
0.006420
0.003549
0.006850
0.004973
0.002857
0.003141
0.005386
0.005823
0.010519
0.008582
0.006663
0.007074
0.010546
0.003328
0.010049
0.003569
0.009180
0.005120
0.007230
0.009805
0.002909
0.002823
0.007001
0.007885
0.005604
0.010563
0.003710
0.006875
0.006347
0.004052
0.001680
0.002694
0.002343
0.011061
0.007001
0.007994
0.007001
0.019791
0.023466
0.008424
0.004014
0.002770
0.002078
0.003497
0.001928
0.002052
0.003562
0.005888
0.006801
0.004299
0.004622
0.009180
0.000424
0.005180
0.005181
0.001721
0.000536
0.000233
0.000761
0.005727
0.001003
0.000160
0.003505
0.007179
0.002151
0.007750
0.000977
0.002374
0.001706
0.000750
0.007573
0.001305
0.007570
0.007633
0.002608
0.007519
0.009056
0.008575
0.002317
0.003634
0.004222
0.014515
0.007077
0.007570
0.013694
0.005618
0.004185
0.005181
0.003656
0.002003
0.001355
0.000475
0.003318
0.007385
0.004535
0.002784
0.001560
0.009258
0.008184
0.009894
0.003122
0.003000
0.013847
0.005438
0.003539
0.001585
0.001986
0.002315
0.003242
0.009669
0.009753
0.010064
0.002784
0.006217
0.007846
0.009403
0.003917
0.004234
0.002433
0.007794
0.010093
0.013458
0.017459
0.010720
0.003977
0.004382
0.003285
0.006320
0.011046
0.003210
0.011342
0.014272
0.003484
0.002345
0.004967
0.002770
0.001591
0.004234
0.002647
0.009805
0.002840
0.004679
0.015524
0.001950
0.012067
0.010280
0.007660
0.005060
0.003132
0.003917
0.001950
0.002820
0.008343
0.006432
0.001166
0.007498
0.008303
0.006300
0.000374
0.012882
0.017390
0.000857
0.001668
0.006679
0.004683
0.006679
0.001668
0.002151
0.003223
0.018540
0.003223
0.004224
0.012887
0.006886
0.009961
0.002410
0.003656
0.006582
0.004725
0.013311
0.002374
0.011682
0.011809
0.005226
0.011308
0.010306
0.001745
0.006675
0.004595
0.002317
0.002167
0.013752
0.014753
0.013129
0.000431
0.001652
0.007679
0.011308
0.000888
0.003957
0.001160
0.004186
0.002398
0.002345
0.001734
0.004915
0.005371
0.003424
0.002343
0.012137
0.002893
0.005371
0.001928
0.002500
0.005638
0.002281
0.010506
0.003725
0.005473
0.003248
0.007074
0.013734
0.004973
0.008583
0.006562
0.004973
0.009454
0.003597
0.010298
0.008685
0.003089
0.003830
0.005497
0.005972
0.011736
0.016734
0.013458
0.010720
0.003710
0.011040
0.009140
0.004610
0.004542
0.013973
0.018587
0.010924
0.004632
0.009668
0.014332
0.006718
0.012964
0.005164
0.006264
0.005282
0.006493
0.005619
0.004610
0.004828
0.009942
0.004600
0.003461
0.007396
0.007363
0.002005
0.009484
0.011662
0.008249
0.003423
0.005089
0.004793
0.005116
0.001295
0.010546
0.004591
0.010042
0.004004
0.001093
0.000935
0.004881
0.004187
0.013747
0.007750
0.008345
0.009218
0.012523
0.011033
0.009054
0.006998
0.003178
0.007982
0.002736
0.007577
0.006021
0.005866
0.004302
0.003074
0.007982
0.010700
0.013164
0.008585
0.013751
0.002960
0.009659
0.005120
0.001277
0.005373
0.008475
0.005558
0.004392
0.004114
0.008071
0.005120
0.004187
0.009805
0.001838
0.007083
0.004006
0.002960
0.006228
0.000475
0.002508
0.000746
0.004761
0.002500
0.007360
0.001687
0.006389
0.012544
0.010790
0.007396
0.012299
0.006389
0.011307
0.004398
0.004891
0.000885
0.005936
0.008423
0.001714
0.001365
0.003242
0.003083
0.002410
0.008385
0.007802
0.005311
0.006387
0.015037
0.018615
0.001933
0.005311
0.009461
0.012461
0.010461
0.001434
0.008961
0.020116
0.031056
0.017462
0.015887
0.001355
0.002329
0.004812
0.012483
0.010983
0.002418
0.003562
0.002005
0.010064
0.001564
0.002611
0.002784
0.001560
0.008424
0.006166
0.005262
0.003527
0.011570
0.011952
0.010081
0.004372
0.008565
0.007523
0.008399
0.007871
0.003467
0.006457
0.008291
0.008779
0.005888
0.002040
0.008424
0.002433
0.004229
0.004203
0.005689
0.007659
0.009038
0.011104
0.015122
0.013977
0.006000
0.010814
0.012667
0.007288
0.009723
0.012072
0.011024
0.011552
0.209744
0.910913
0.719466
0.632344
0.637429
0.559573
0.502667
0.383021
0.228571
0.010177
0.038932
0.114000
0.223169
0.211991
0.188794
0.123845
0.193021
0.187773
0.183275
0.173661
0.131114
0.105553
0.083827
0.058124
0.037377
0.034450
0.026984
0.018666
0.012459
0.014903
0.024157
0.030184
0.020728
0.039126
0.010743
0.006884
0.158104
0.107885
0.162477
0.026019
0.010826
0.033064
0.022214
0.008168
0.008550
0.022504
0.012779
0.011706
0.013539
0.019332
0.018044
0.017415
0.017632
0.031595
0.055916
0.027114
0.024284
0.039759
0.028975
0.015659
0.019997
0.012492
0.034510
0.015259
0.014149
0.011579
0.016800
0.020939
0.006292
0.016685
0.008908
0.011275
0.014650
0.014801
0.016499
0.009536
0.009122
0.006477
0.012176
0.010561
0.015801
0.006933
0.014466
0.012420
0.014055
0.009900
0.012013
0.012874
0.009653
0.004573
0.011836
0.008427
0.006413
0.009292
0.003450
0.001924
0.007240
0.001631
0.010099
0.008162
0.015297
0.017784
0.014706
0.011717
0.013098
0.007433
0.014939
0.011788
0.012213
0.005957
0.003284
0.007873
0.012684
0.007982
0.003831
0.006818
0.007396
0.001241
0.001031
0.002974
0.006525
0.001989
0.000202
0.004596
0.001671
0.001113
0.001513
0.009967
0.013728
0.008792
0.013441
0.009565
0.014759
0.011646
0.004110
0.007898
0.008327
0.008337
0.006291
0.006279
0.008218
0.007168
0.007319
0.002304
0.008190
0.004141
0.005707
0.008570
0.009346
0.011258
0.015373
0.012456
0.013703
0.014001
0.012150
0.011308
0.012039
0.011270
0.009050
0.012314
0.006703
0.010512
0.014061
0.007270
0.008185
0.010146
0.007973
0.008185
0.007580
0.008966
0.007708
0.010918
0.009448
0.010757
0.009672
0.005261
0.005652
0.012392
0.011418
0.010448
0.010998
0.007526
0.001162
0.013052
0.008992
0.003121
0.005950
0.009093
0.008721
0.011596
0.010659
0.003354
0.010308
0.014051
0.015241
0.013703
0.011096
0.007806
0.004841
0.014014
0.010747
0.009050
0.005376
0.015031
0.005699
0.005054
0.007059
0.012595
0.004511
0.008413
0.004681
0.006044
0.003273
0.008985
0.002987
0.003369
0.007526
0.006038
0.008198
0.009447
0.004949
0.008620
0.012235
0.009986
0.011226
0.014281
0.010505
0.010109
0.034118
0.011007
0.012172
0.010279
0.013365
0.008748
0.007440
0.011481
0.011924
0.008193
0.009043
0.004959
0.011348
0.005998
0.005719
0.007038
0.010608
0.014597
0.010863
0.004398
0.005376
0.006246
0.007363
0.007079
0.011296
0.008855
0.011096
0.006541
0.005592
0.009370
0.011760
0.007645
0.007246
0.012637
0.007872
0.013207
0.011311
0.008337
0.004508
0.002022
0.008816
0.002077
0.012684
0.004175
0.008931
0.006109
0.005376
0.005765
0.012576
0.008478
0.011608
0.007837
0.007316
0.008501
0.009276
0.009792
0.005264
0.009807
0.010643
0.007117
0.008552
0.009782
0.007635
0.007719
0.014285
0.010801
0.008229
0.008295
0.008482
0.011327
0.009256
0.009142
0.009745
0.010181
0.010427
0.011349
0.014107
0.007554
0.007212
0.007708
0.007565
0.008714
0.005998
0.013445
0.008332
0.015442
0.012352
0.010180
0.009745
0.011229
0.013652
0.007882
0.016081
0.008445
0.008629
0.009114
0.016350
0.012990
0.016691
0.012663
0.016364
0.010332
0.013255
0.016336
0.012729
0.012233
0.010223
0.009542
0.014882
0.010621
0.010331
0.015151
0.010948
0.008338
0.007888
0.007933
0.009320
0.007322
0.008100
0.011226
0.012444
0.012205
0.013333
0.010168
0.013405
0.013716
0.010040
0.010756
0.011525
0.011015
0.007483
0.010947
0.004352
0.010905
0.005161
0.003922
0.009950
0.010312
0.001573
0.002087
0.008566
0.009326
0.008998
0.011781
0.009879
0.005769
0.011847
0.017542
0.619436
1.000000
0.704609
0.261482
0.064519
0.021831
0.049875
0.086127
0.113930
0.089172
0.061885
0.105976
0.120093
0.128309
0.103428
0.100493
0.067007
0.081772
0.068599
0.058925
0.066873
0.044331
0.034539
0.044479
0.019275
0.017671
0.011598
0.011557
0.012397
0.017643
0.009106
0.006134
0.011140
0.011315
0.007336
0.005265
0.003925
0.010507
0.007836
0.005092
0.005553
0.012160
0.008482
0.004317
0.023855
0.027393
0.014458
0.007050
0.036118
0.040770
0.025936
0.022771
0.012093
0.013715
0.011593
0.013997
0.007633
0.013188
0.011626
0.009714
0.008976
0.009540
0.011034
0.012742
0.013010
0.010207
0.012008
0.010631
0.011463
0.009012
0.010002
0.013831
0.012599
0.006372
0.006374
0.015722
0.011190
0.008631
0.010444
0.005411
0.005017
0.002364
0.009657
0.012870
0.011161
0.002303
0.006256
0.009710
0.023798
0.031379
0.028817
0.037841
0.027016
0.011107
0.004183
0.005956
0.015289
0.014252
0.006034
0.010007
0.016243
0.013324
0.013815
0.007430
0.005948
0.002667
0.004959
0.003634
0.005925
0.004288
0.006933
0.007186
0.005411
0.006061
0.007891
0.007251
0.012518
0.007694
0.008096
0.012755
0.012046
0.014460
0.021637
0.011589
0.015459
0.011005
0.010568
0.012357
0.013615
0.011839
0.014187
0.012160
0.009483
0.013811
0.011811
0.012215
0.014045
0.013328
0.013929
0.008631
0.011886
0.008836
0.011799
0.004803
0.005514
0.009485
0.003946
0.006709
0.004511
0.007466
0.006709
0.005621
0.011029
0.006737
0.013025
0.010724
0.008021
0.007504
0.010932
0.010353
0.013509
0.012763
0.010166
0.006524
0.011626
0.013979
0.011155
0.011591
0.011057
0.013500
0.011805
0.012070
0.008185
0.007233
0.008121
0.008170
0.012434
0.016398
0.017311
0.011010
0.003369
0.003609
0.002088
0.009728
0.002362
0.004646
0.010026
0.014326
0.006001
0.006875
0.012254
0.008343
0.015833
0.013697
0.017112
0.011307
0.008689
0.015220
0.016084
0.007808
0.008306
0.010159
0.020233
0.012577
0.010795
0.010820
0.013495
0.011712
0.011712
0.016079
0.022857
0.012917
0.014156
0.013027
0.012823
0.012823
0.016043
0.012945
0.018499
0.014486
0.010972
0.014276
0.011197
0.012208
0.013277
0.017986
0.010492
0.013569
0.015777
0.012896
0.012241
0.015683
0.006522
0.005482
0.007463
0.009156
0.009519
0.007733
0.004917
0.008757
0.008904
0.015414
0.008724
0.012472
0.011926
0.010054
0.008439
0.015247
0.008102
0.015622
0.013079
0.015764
0.006227
0.004046
0.004887
0.009671
0.003253
0.004114
0.012381
0.008928
0.006495
0.003028
0.007534
0.012702
0.003425
0.005484
0.002737
0.009244
0.009963
0.007491
0.014770
0.005448
0.014518
0.009904
0.013417
0.008392
0.006787
0.011334
0.007598
0.003662
0.004954
0.011499
0.012453
0.011347
0.014156
0.008291
0.011008
0.013305
0.011591
0.007861
0.007755
0.011004
0.009367
0.011004
0.007322
0.007440
0.009890
0.012191
0.007502
0.011205
0.014829
0.005305
0.013351
0.008861
0.010470
0.005727
0.014580
0.015805
0.009849
0.015290
0.013633
0.013476
0.012235
0.009229
0.010990
0.011097
0.010911
0.012040
0.010916
0.010304
0.009533
0.011668
0.011577
0.011295
0.011595
0.009127
0.009083
0.014076
0.010868
0.013975
0.009459
0.006543
0.010974
0.009742
0.007793
0.003891
0.008318
0.003181
0.003619
0.009319
0.007548
0.008416
0.008805
0.007040
0.008212
0.021464
0.010972
0.022443
0.017239
0.007723
0.009625
0.008612
0.008940
0.007858
0.012082
0.009652
0.010162
0.012570
0.012761
0.009153
0.013973
0.011694
0.010890
0.011266
0.010807
0.011306
0.010076
0.010804
0.014705
0.013165
0.012725
0.015029
0.020194
0.020802
0.019706
0.011835
0.019546
0.011176
0.008506
0.008775
0.008825
0.010009
0.008001
0.009625
0.014612
0.008480
0.009179
0.009971
0.006627
0.006240
0.006442
0.008453
0.006660
0.014168
0.015485
0.018372
0.017946
0.015499
0.031520
0.022288
0.018907
0.014557
0.014416
0.025801
0.034444
0.043184
0.044540
0.024228
0.020772
0.020900
0.020891
0.015559
0.016539
0.016482
0.008678
0.012270
0.021862
0.011121
0.011040
0.007837
0.006887
0.007067
0.007440
0.006713
0.006473
0.006448
0.007055
0.006378
0.009153
0.014950
0.006680
0.014262
0.007978
0.006034
0.005278
0.014820
0.007988
0.012856
0.012518
0.012190
0.012861
0.011320
0.006693
0.006752
0.004698
0.005437
0.005484
0.007430
0.005660
0.004288
0.013048
0.012515
0.011562
0.010941
0.012327
0.011483
0.008345
0.008163
0.009796
0.014011
0.007079
0.007324
0.007911
0.006920
0.005463
0.006014
0.008925
0.010546
0.010294
0.017612
0.018561
0.017490
0.005581
0.016116
0.007911
0.008994
0.009278
0.008823
0.006750
0.007139
0.010918
0.011288
0.009618
0.009540
0.010408
0.009426
0.011849
0.011086
0.011220
0.010705
0.011646
0.009283
0.008628
0.010981
0.009736
0.006950
0.005938
0.009567
0.003254
0.008950
0.025205
0.018187
0.003087
0.001650
0.012818
0.010678
0.003413
0.009928
0.014770
0.010071
0.003021
0.026622
0.008564
0.014252
0.012341
0.028725
0.027746
0.026028
0.023842
0.020280
0.017484
0.014623
0.012066
0.010133
0.011602
0.010229
0.011704
0.009587
0.012246
0.010643
0.011233
0.006986
0.008340
0.003962
0.013263
0.006525
0.010733
0.013071
0.013947
0.006052
0.010537
0.012890
0.008504
0.008534
0.007896
0.008705
0.010312
0.010665
0.014811
0.011437
0.012550
0.013573
0.014014
0.014666
0.016065
0.016616
0.016670
0.019801
0.021483
0.021057
0.021063
0.023923
0.025837
0.025371
0.017624
0.017251
0.014224
0.013551
0.012405
0.013510
0.013762
0.011539
0.016114
0.016599
0.010951
0.011057
0.014937
0.010336
0.013590
0.008956
0.011556
0.004272
0.008112
0.009508
0.010349
0.014238
0.009087
0.014040
0.012489
0.013903
0.014637
0.007402
0.010279
0.008292
0.005879
0.010470
0.009820
0.013931
0.015570
0.009304
0.002500
0.009820
0.011793
0.008180
0.008265
0.006138
0.004931
0.006091
0.005196
0.006599
0.007523
0.011705
0.009695
0.010042
0.009496
0.011872
0.010977
0.011273
0.011237
0.012562
0.011769
0.011308
0.011301
0.010610
0.010623
0.009260
0.010818
0.009216
0.010273
0.012563
0.010005
0.012774
0.011801
0.011819
0.012956
0.009196
0.006278
0.006155
0.009048
0.010607
0.012474
0.012036
0.012477
0.010026
0.008426
0.008869
0.009041
0.013011
0.010982
0.008982
0.007617
0.007932
0.007176
0.006482
0.006273
0.005889
0.004969
0.004340
0.004492
0.007573
0.002180
0.009007
0.008901
0.002959
0.004788
0.004408
0.006099
0.009849
0.007590
0.007541
0.013763
0.009970
0.009934
0.011895
0.010837
0.018478
0.011708
0.010045
0.010269
0.011716
0.009117
0.009772
0.009143
0.006548
0.005588
0.008877
0.013837
0.018199
0.015708
0.019075
0.008813
0.009150
0.007375
0.009555
0.007650
0.007597
0.005688
0.005191
0.009572
0.001490
0.001425
0.008566
0.004377
0.008632
0.006636
0.011292
0.008120
0.008590
0.008417
0.009538
0.010329
0.013417
0.012839
0.013372
0.009694
0.005861
0.006247
0.005414
0.010529
0.010416
0.009567
0.009666
0.011915
0.017496
0.007970
0.023767
0.003827
0.008237
0.015725
0.008127
0.008589
0.002560
0.006710
0.006107
0.003567
0.001502
0.004651
0.009557
0.009333
0.006276
0.010068
0.005437
0.003604
0.007599
0.008611
0.010195
0.008693
0.002372
0.000987
0.005626
0.005104
0.002786
0.009405
0.009784
0.002973
0.015743
0.016847
0.007264
0.004132
0.005135
0.008716
0.008945
0.006597
0.009109
0.016883
0.012885
0.008348
0.009840
0.013984
0.011310
0.011294
0.016085
0.014417
0.013324
0.008905
0.009735
0.006825
0.010544
0.007483
0.003630
0.003764
0.003578
0.013047
0.013983
0.003501
0.009822
0.011829
0.012462
0.000948
0.011376
0.003494
0.004058
0.005073
0.010576
0.007967
0.010839
0.010088
0.013849
0.014208
0.010432
0.008256
0.009807
0.007913
0.015503
0.013077
0.008717
0.015795
0.013401
0.012120
0.015712
0.011863
0.013848
0.009959
0.010376
0.012643
0.008212
0.006198
0.005104
0.003929
0.002671
0.007643
0.008085
0.008925
0.007957
0.006855
0.012466
0.008836
0.013178
0.009577
0.009816
0.010626
0.018192
0.015336
0.009618
0.006877
0.005330
0.020677
0.017392
0.008137
0.007785
0.009245
0.006836
0.013743
0.007787
0.009901
0.010840
0.012354
0.011384
0.010249
0.012048
0.014615
0.008497
0.007671
0.011795
0.007875
0.008759
0.003794
0.015472
0.005116
0.002041
0.007113
0.009603
0.001332
0.007769
0.002830
0.010407
0.014101
0.014467
0.009593
0.004110
0.003646
0.012490
0.012988
0.002339
0.007584
0.001871
0.002240
0.008468
0.011955
0.008618
0.014257
0.014013
0.010211
0.008568
0.008946
0.010231
0.010390
0.011463
0.011412
0.013536
0.012703
0.016810
0.016213
0.010138
0.016552
0.014398
0.017401
0.012095
0.012483
0.011571
0.009980
0.009939
0.010372
0.010866
0.011101
0.007398
0.016811
0.017076
0.015186
0.012626
0.009549
0.014725
0.012883
0.013608
0.014551
0.012554
0.011308
0.006986
0.012417
0.015042
0.015093
0.014024
0.011692
0.015739
0.010138
0.009138
0.009148
0.008269
0.010297
0.005991
0.013182
0.003081
0.004608
0.007392
0.009601
0.012968
0.001603
0.006182
0.006163
0.008599
0.007425
0.009530
0.011372
0.014756
0.014052
0.007588
0.007588
0.005202
0.004766
0.004324
0.003159
0.002575
0.001993
0.002138
0.001252
0.012379
0.013842
0.013849
0.013966
0.011884
0.010093
0.011855
0.014380
0.016738
0.010057
0.007456
0.009339
0.008935
0.011525
0.010174
0.009436
0.009086
0.009045
0.003315
0.001991
0.003535
0.005639
0.005703
0.006364
0.004924
0.010102
0.010068
0.008355
0.009753
0.010466
0.007851
0.010817
0.003683
0.004863
0.003653
0.001490
0.002455
0.005769
0.008433
0.006533
0.006230
0.012626
0.007862
0.011429
0.005713
0.003827
0.004895
0.003827
0.011155
0.009652
0.009146
0.006630
0.001668
0.001598
0.002745
0.007857
0.004757
0.003934
0.004199
0.008372
0.008692
0.007131
0.010254
0.007686
0.007255
0.008916
0.009636
0.008448
0.015532
0.008141
0.014496
0.007198
0.008856
0.022724
0.007459
0.003517
0.015219
0.004060
0.000623
0.006724
0.008909
0.008526
0.008099
0.005682
0.006480
0.016193
0.006540
0.009970
0.013640
0.015981
0.016476
0.014657
0.010515
0.006597
0.006498
0.014657
0.015612
0.017544
0.005746
0.007685
0.009189
0.011242
0.010685
0.010799
0.011583
0.016983
0.010228
0.007533
0.000797
0.002624
0.005322
0.008693
0.002508
0.008335
0.004513
0.004565
0.005456
0.011209
0.011845
0.009082
0.009540
0.009847
0.013449
0.009822
0.009242
0.011018
0.009396
0.007482
0.008111
0.009520
0.003070
0.007713
0.008510
0.005765
0.008499
0.008901
0.009982
0.012543
0.017215
0.017293
0.012385
0.013974
0.012969
0.014200
0.009919
0.007900
0.008896
0.006619
0.006021
0.005836
0.011331
0.012786
0.012826
0.011457
0.001169
0.007008
0.003248
0.004249
0.003973
0.004448
0.010210
0.004293
0.005397
0.008433
0.007405
0.007775
0.005529
0.010031
0.004634
0.011412
0.010990
0.006596
0.012026
0.007259
0.008975
0.011258
0.006108
0.008571
0.008294
0.006674
0.011411
0.012755
0.011998
0.013091
0.013544
0.012018
0.013144
0.012359
0.013578
0.010547
0.009900
0.011726
0.009873
0.009016
0.010458
0.006110
0.004441
0.004638
0.004297
0.003300
0.005396
0.006493
0.002670
0.003423
0.009676
0.002124
0.003426
0.009932
0.010282
0.015803
0.010895
0.007733
0.015047
0.015664
0.015924
0.011102
0.014807
0.012385
0.011234
0.011933
0.012430
0.019341
0.018767
0.014045
0.018145
0.021564
0.020288
0.022148
0.021873
0.023066
0.012545
0.017754
0.006769
0.007946
0.003155
0.013478
0.007978
0.005470
0.003019
0.001622
0.005104
0.012524
0.002134
0.005536
0.009653
0.007096
0.005660
0.006625
0.006769
0.003637
0.004636
0.007064
0.007464
0.005560
0.006294
0.013317
0.010483
0.008516
0.013556
0.014358
0.016154
0.021699
0.019745
0.015761
0.005415
0.003161
0.004976
0.002979
0.001034
0.011757
0.005574
0.004075
0.003139
0.003179
0.001968
0.013596
0.017258
0.005266
0.005646
0.006223
0.009887
0.008269
0.002649
0.011512
0.005705
0.013830
0.017820
0.025078
0.029093
0.027542
0.042827
0.027951
0.017675
0.015921
0.015513
0.016711
0.016077
0.018840
0.020345
0.019104
0.013866
0.012337
0.016834
0.010449
0.010463
0.011645
0.012520
0.018137
0.016339
0.011004
0.009741
0.010613
0.019265
0.022179
0.020359
0.011633
0.019580
0.033968
0.027878
0.028117
0.026016
0.037484
0.043035
0.026041
0.019002
0.014610
0.012432
0.012081
0.012544
0.016308
0.017840
0.015228
0.015141
0.013625
0.013219
0.012935
0.014493
0.019486
0.022382
0.027724
0.025262
0.023001
0.028308
0.011239
0.016959
0.021599
0.021538
0.027704
0.007814
0.020818
0.017375
0.010135
0.009170
0.005092
0.007406
0.008130
0.012920
0.013894
0.010940
0.003129
0.005851
0.007014
0.014364
0.007963
0.011169
0.013091
0.012562
0.012489
0.017616
0.015156
0.012647
0.013167
0.016369
0.012763
0.012573
0.017621
0.015598
0.013394
0.017715
0.022438
0.012843
0.008358
0.007395
0.018335
0.017836
0.019290
0.008151
0.011462
0.016365
0.014410
0.010926
0.010447
0.005549
0.004273
0.004780
0.006181
0.009825
0.016016
0.015055
0.016786
0.012501
0.013113
0.013921
0.015240
0.015558
0.014534
0.013342
0.015190
0.024044
0.023169
0.014871
0.017577
0.011839
0.012111
0.012960
0.020226
0.020076
0.018062
0.016248
0.019939
0.011923
0.015523
0.007922
0.004921
0.005945
0.001732
0.002006
0.002667
0.019498
0.028121
0.002481
0.008591
0.007219
0.004125
0.005697
0.003222
0.005665
0.018255
0.005425
0.008179
0.006442
0.005918
0.005238
0.003954
0.005282
0.007105
0.008121
0.010851
0.009962
0.012025
0.014695
0.002099
0.002951
0.006011
0.003740
0.003915
0.005108
0.019159
0.012017
0.009423
0.004292
0.005500
0.005591
0.007346
0.010947
0.008267
0.009803
0.012069
0.015158
0.013235
0.012266
0.022356
0.012661
0.026304
0.028505
0.013563
0.019258
0.015596
0.012036
0.013483
0.015870
0.018956
0.014841
0.016285
0.013758
0.015463
0.014310
0.013073
0.014510
0.013033
0.013111
0.014310
0.017296
0.013213
0.019461
0.016715
0.019791
0.013761
0.014077
0.017959
0.018303
0.013122
0.015654
0.018133
0.019791
0.022011
0.020766
0.019664
0.019261
0.022579
0.022502
0.021771
0.015792
0.021501
0.020089
0.019930
0.019817
0.020034
0.020089
0.021378
0.020426
0.019838
0.020791
0.018995
0.021137
0.017870
0.021575
0.021083
0.022058
0.021612
0.018570
0.020808
0.016165
0.018179
0.018768
0.011714
0.004376
0.011149
0.005484
0.007630
0.014680
0.018141
0.019116
0.019306
0.019424
0.020856
0.019866
0.019737
0.018736
0.015598
0.014263
0.010935
0.009727
0.012341
0.013394
0.010089
0.014175
0.009356
0.012566
0.013929
0.008806
0.009300
0.011473
0.004361
0.005837
0.008806
0.005155
0.004838
0.005054
0.010834
0.004625
0.003748
0.007239
0.004225
0.001253
0.003766
0.007789
0.012859
0.015495
0.015145
0.013021
0.008034
0.006430
0.009105
0.010699
0.010546
0.010305
0.015213
0.013313
0.014216
0.016403
0.026831
0.021532
0.017604
0.013401
0.012358
0.012419
0.012117
0.011836
0.013171
0.011551
0.011721
0.010257
0.010360
0.026093
0.023424
0.013599
0.025780
0.017583
0.025474
0.024261
0.024021
0.019971
0.023624
0.017546
0.014415
0.016906
0.016562
0.014726
0.015034
0.015272
0.014349
0.016223
0.015670
0.018690
0.012152
0.013578
0.018937
0.010113
0.012897
0.020222
0.014409
0.017565
0.005489
0.005311
0.008296
0.006284
0.004701
0.002409
0.007858
0.008088
0.014999
0.013017
0.015929
0.012455
0.013293
0.010220
0.010344
0.012690
0.010697
0.011806
0.013086
0.013283
0.013978
0.012525
0.017227
0.016866
0.007643
0.002693
0.013008
0.014794
0.016387
0.059279
0.045024
0.044954
0.034864
0.031467
0.028981
0.020713
0.016109
0.013042
0.013869
0.010673
0.012118
0.007936
0.006222
0.006738
0.006108
0.002306
0.003416
0.005225
0.009721
0.010364
0.008644
0.003183
0.003366
0.007882
0.008353
0.011545
0.004101
0.009585
0.008034
0.003758
0.005640
0.006805
0.006909
0.007997
0.012286
0.010246
0.011209
0.012586
0.010442
0.011803
0.012923
0.012584
0.012852
0.012687
0.013030
0.008706
0.010304
0.007346
0.007181
0.018838
0.004019
0.006175
0.010706
0.010110
0.011184
0.012589
0.020015
0.025159
0.021576
0.017873
0.015810
0.018014
0.019436
0.020480
0.022140
0.022505
0.025385
0.024917
0.024443
0.023731
0.023126
0.022281
0.023953
0.025649
0.025117
0.024531
0.024751
0.022038
0.023571
0.018403
0.020602
0.021316
0.016985
0.015894
0.014746
0.014303
0.013734
0.014242
0.014250
0.010536
0.010650
0.010280
0.014169
0.013937
0.008672
0.011615
0.014758
0.014627
0.010307
0.001504
0.011873
0.011858
0.011875
0.010676
0.011785
0.009246
0.013241
0.013964
0.008366
0.006266
0.008918
0.005810
0.011210
0.006767
0.006914
0.011334
0.007297
0.011794
0.007597
0.007498
0.007264
0.006805
0.007997
0.007372
0.008663
0.005574
0.003067
0.004434
0.002466
0.002038
0.006674
0.007192
0.007688
0.005106
0.006989
0.006794
0.007732
0.011761
0.010023
0.011695
0.010710
0.013477
0.012822
0.008982
0.007110
0.007300
0.006035
0.005812
0.005724
0.010184
0.006540
0.003132
0.001720
0.001926
0.000086
0.002376
0.002373
0.002529
0.007659
0.003759
0.003635
0.004092
0.005172
0.004396
0.009478
0.006749
0.008878
0.010715
0.007369
0.007707
0.010311
0.011289
0.009437
0.008996
0.009092
0.011483
0.007070
0.007297
0.008146
0.011399
0.020602
0.017158
0.011772
0.005639
0.003938
0.001330
0.000444
0.010028
0.009487
0.004056
0.003977
0.007424
0.012008
0.007639
0.011095
0.011048
0.011593
0.013046
0.011240
0.008895
0.011751
0.009371
0.010335
0.010290
0.010280
0.012187
0.011097
0.010807
0.009366
0.009375
0.008759
0.008882
0.009343
0.011525
0.009375
0.010949
0.014058
0.012310
0.010092
0.007972
0.007592
0.007496
0.011593
0.011981
0.009443
0.013627
0.011907
0.013637
0.011240
0.013108
0.014224
0.010743
0.010076
0.013356
0.008196
0.008420
0.007038
0.008577
0.006825
0.007228
0.010304
0.011723
0.006021
0.006021
0.007266
0.005633
0.004329
0.005494
0.004654
0.006657
0.003932
0.003726
0.009905
0.003210
0.009870
0.002971
0.000494
0.000666
0.002102
0.003210
0.002381
0.004936
0.004126
0.005675
0.009256
0.008900
0.007047
0.006738
0.006650
0.006010
0.008544
0.008611
0.008244
0.009058
0.012840
0.011127
0.010493
0.008994
0.009690
0.011768
0.009136
0.008386
0.010240
0.006317
0.007847
0.007398
0.008345
0.008098
0.007369
0.007591
0.008163
0.009005
0.010982
0.013240
0.012301
0.014389
0.011307
0.010814
0.010829
0.011067
0.011951
0.012017
0.012680
0.013410
0.015271
0.015494
0.017052
0.015745
0.015916
0.018168
0.017083
0.018516
0.017229
0.015489
0.013801
0.014999
0.016285
0.011559
0.011066
0.012687
0.013390
0.010947
0.007392
0.009678
0.010803
0.006583
0.006724
0.007423
0.007007
0.006917
0.008973
0.010051
0.005192
0.003210
0.000958
0.000958
0.005101
0.001126
0.007102
0.012346
0.010887
0.012023
0.011676
0.011383
0.007447
0.007153
0.007274
0.010089
0.009982
0.007795
0.008996
0.009838
0.008733
0.009301
0.009003
0.009600
0.010479
0.013709
0.013118
0.011251
0.013040
0.010368
0.011052
0.009250
0.011127
0.008947
0.008544
0.003102
0.001366
0.004663
0.009554
0.010092
0.008905
0.004357
0.003113
0.006732
0.009382
0.003906
0.009662
0.008614
0.011505
0.008327
0.007059
0.009030
0.004840
0.004009
0.004009
0.004009
0.002426
0.003254
0.002641
0.005068
0.009658
0.006580
0.008263
0.008064
0.007769
0.007355
0.009885
0.005767
0.010362
0.010117
0.007014
0.006969
0.006672
0.006494
0.006073
0.006317
0.006487
0.010027
0.005387
0.005021
0.004374
0.004680
0.004211
0.006564
0.004836
0.006023
0.005066
0.006364
0.007420
0.007732
0.009555
0.012498
0.011305
0.012777
0.013843
0.011692
0.012408
0.011751
0.013472
0.014804
0.014572
0.014078
0.012838
0.010070
0.010334
0.011691
0.011034
0.010536
0.012749
0.012240
0.012911
0.012911
0.016356
0.012562
0.014527
0.016589
0.014347
0.014731
0.015052
0.015188
0.019828
0.022585
0.018251
0.019267
0.023747
0.025455
0.027353
0.026525
0.025984
0.029534
0.027932
0.024640
0.019693
0.020806
0.016518
0.015551
0.015258
0.014384
0.014094
0.014522
0.013271
0.012178
0.014465
0.014211
0.024863
0.021654
0.026438
0.030236
0.028598
0.023277
0.015201
0.015355
0.023137
0.012883
0.011537
0.012456
0.013064
0.007094
0.006269
0.005041
0.006322
0.004234
0.006489
0.005540
0.001091
0.001630
0.001312
0.001312
0.002112
0.003013
0.003242
0.004991
0.008379
0.008380
0.011904
0.009866
0.007880
0.010013
0.010634
0.008472
0.007131
0.007699
0.007129
0.011814
0.011333
0.010054
0.011333
0.006832
0.002722
0.002814
0.002856
0.003052
0.002388
0.005563
0.003568
0.004180
0.001312
0.001893
0.002247
0.006036
0.002499
0.003101
0.003787
0.005916
0.010930
0.013291
0.015305
0.008872
0.006966
0.006036
0.003087
0.004007
0.014109
0.017572
0.016615
0.012210
0.011773
0.014384
0.018122
0.016759
0.014951
0.018873
0.019755
0.020313
0.022905
0.023871
0.026199
0.027729
0.023043
0.021992
0.021689
0.021402
0.021709
0.022381
0.022954
0.023749
0.024021
0.025251
0.024875
0.026431
0.027260
0.025672
0.025486
0.025942
0.024976
0.024104
0.023851
0.027554
0.024984
0.029320
0.026158
0.024758
0.032994
0.055284
0.043047
0.039558
0.019930
0.012017
0.011644
0.013275
0.029413
0.020334
0.020930
0.026427
0.026110
0.028997
0.028211
0.005866
0.013513
0.017278
0.015928
0.011172
0.010584
0.007023
0.001018
0.022432
0.018558
0.008961
0.009777
0.006179
0.003433
0.004506
0.003433
0.005629
0.007629
0.004365
0.009291
0.009249
0.013711
0.014176
0.011790
0.012371
0.011996
0.012643
0.013570
0.013808
0.011424
0.014113
0.013122
0.009495
0.005764
0.002526
0.004732
0.008199
0.006767
0.000621
0.005938
0.009250
0.004822
0.004218
0.004785
0.004824
0.005505
0.005800
0.005369
0.005825
0.007057
0.005807
0.006254
0.006253
0.005415
0.005069
0.006522
0.006300
0.006254
0.006254
0.006522
0.005419
0.005419
0.005069
0.005128
0.004527
0.004638
0.004270
0.003771
0.003933
0.005997
0.006639
0.010489
0.005997
0.010836
0.004961
0.004218
0.013715
0.016453
0.019625
0.017557
0.016923
0.011608
0.006526
0.006292
0.007323
0.006297
0.005819
0.005272
0.005873
0.007339
0.011569
0.017239
0.019902
0.040030
0.044986
0.028164
0.016477
0.026105
0.027525
0.028992
0.037126
0.052199
0.048939
0.036627
0.038606
0.036535
0.034414
0.032757
0.031638
0.031075
0.031441
0.031485
0.030737
0.030745
0.030348
0.031959
0.032548
0.031867
0.031341
0.031996
0.030859
0.029395
0.024998
0.026647
0.026097
0.028211
0.022152
0.022008
0.023699
0.026425
0.024369
0.022258
0.022760
0.022673
0.024420
0.024663
0.022924
0.025370
0.029596
0.026268
0.022799
0.025163
0.031589
0.021306
0.016849
0.014392
0.013255
0.014761
0.020676
0.017832
0.012579
0.008682
0.007604
0.007963
0.012977
0.014841
0.013229
0.017584
0.021160
0.022164
0.017798
0.011345
0.011412
0.013755
0.015168
0.023822
0.020426
0.022038
0.022038
0.022868
0.018888
0.016826
0.014493
0.018907
0.018792
0.015447
0.016108
0.017582
0.016720
0.015526
0.010643
0.009508
0.008955
0.007531
0.005594
0.004719
0.006381
0.004808
0.004501
0.005499
0.003610
0.004110
0.003674
0.003881
0.003884
0.004688
0.003700
0.004137
0.003745
0.004097
0.008523
0.007508
0.013306
0.009364
0.004941
0.008432
0.009094
0.003178
0.007854
0.006079
0.003109
0.004150
0.002940
0.001533
0.001654
0.003013
0.002241
0.003054
0.003918
0.005530
0.002657
0.001755
0.002692
0.001533
0.003918
0.005777
0.005303
0.004834
0.006737
0.001654
0.003214
0.002661
0.002868
0.004604
0.006079
0.005077
0.001265
0.000258
0.003659
0.001014
0.004219
0.004805
0.004307
0.007079
0.005910
0.005204
0.002785
0.002932
0.003521
0.002864
0.005105
0.008523
0.004403
0.005105
0.003881
0.003030
0.007977
0.008893
0.004460
0.001531
0.001977
0.000483
0.001014
0.001123
0.005080
0.003607
0.002409
0.005077
0.005017
0.004137
0.005077
0.005077
0.005612
0.003220
0.004721
0.002802
0.002191
0.000160
0.001224
0.009687
0.009398
0.003327
0.005883
0.006021
0.007344
0.009831
0.007712
0.006993
0.006935
0.007537
0.009115
0.010785
0.009299
0.009685
0.011439
0.011875
0.012288
0.015331
0.012273
0.014436
0.052190
0.013486
0.016665
0.012447
0.014420
0.010012
0.015262
0.017552
0.023410
0.027383
0.029583
0.040349
0.039560
0.038155
0.040627
0.052804
0.041100
0.042667
0.041245
0.040474
0.041843
0.043682
0.051549
0.052443
0.048182
0.052815
0.054585
0.052541
0.058758
0.058179
0.058649
0.058292
0.060275
0.061366
0.060064
0.060780
0.059356
0.065579
0.075683
0.071440
0.069926
0.075625
0.076060
0.074555
0.073615
0.080038
0.096872
0.104426
0.083185
0.084577
0.083486
0.084539
0.086390
0.086055
0.083215
0.081610
0.083283
0.095237
0.111693
0.115396
0.107311
0.102275
0.101834
0.098790
0.097402
0.114212
0.143004
0.136911
0.133096
0.127553
0.114437
0.117866
0.121157
0.136758
0.152512
0.156363
0.146350
0.142973
0.138697
0.154692
0.160464
0.146907
0.152700
0.165888
0.176465
0.164872
0.167432
0.162079
0.157450
0.156277
0.170038
0.171773
0.165290
0.158307
0.165878
0.161779
0.163659
0.185718
0.189543
0.193541
0.195827
0.192616
0.193162
0.187681
0.187298
0.184813
0.181155
0.180794
0.180719
0.179427
0.181653
0.174121
0.169304
0.166948
0.164966
0.160373
0.152834
0.142462
0.139033
0.143241
0.136520
0.137206
0.130450
0.126381
0.126916
0.123661
0.122896
0.120536
0.116754
0.114058
0.113472
0.114841
0.116015
0.113745
0.107437
0.105263
0.103359
0.101621
0.100759
0.097514
0.094801
0.092266
0.089957
0.087387
0.084927
0.083169
0.081248
0.080363
0.078206
0.076181
0.074193
0.073100
0.071852
0.070414
0.068700
0.067339
0.065749
0.063992
0.062630
0.061051
0.059836
0.059222
0.059007
0.058183
0.057293
0.056767
0.057391
0.058695
0.056504
0.056216
0.069434
0.055785
0.059275
0.076437
0.068925
0.071876
0.078652
0.084733
0.075967
0.077163
0.086700
0.097894
0.091476
0.088841
0.083814
0.070407
0.072803
0.076558
0.065654
0.064887
0.097721
0.113950
0.106369
0.090418
0.096994
0.099755
0.087891
0.084642
0.081062
0.083027
0.082024
0.073308
0.068667
0.070488
0.065743
0.066816
0.064381
0.059785
0.053797
0.046045
0.040805
0.038715
0.037946
0.039204
0.037542
0.039171
0.050418
0.055590
0.054498
0.052954
0.035074
0.033658
0.033106
0.031830
0.029577
0.029200
0.028236
0.025565
0.024606
0.023372
0.023701
0.024190
0.019593
0.018701
0.017822
0.016813
0.015676
0.017318
0.018892
0.021199
0.025642
0.024464
0.024227
0.025056
0.025920
0.026315
0.027812
0.025867
0.024930
0.024166
0.021535
0.022609
0.020847
0.017578
0.016394
0.014646
0.019983
0.015157
0.012514
0.012763
0.011863
0.011100
0.009896
0.009527
0.008524
0.006095
0.006045
0.004520
0.004575
0.005740
0.007946
0.010277
0.012175
0.010090
0.008931
0.008860
0.006854
0.006353
0.003459
0.010537
0.013271
0.012802
0.009770
0.023707
0.022811
0.017050
0.015146
0.019221
0.021850
0.020422
0.018348
0.019086
0.018921
0.020339
0.020266
0.021444
0.022153
0.022376
0.023433
0.025420
0.023797
0.024310
0.024480
0.024678
0.025138
0.025175
0.024951
0.025032
0.025199
0.026761
0.028614
0.026649
0.027328
0.027928
0.032233
0.044194
0.038213
0.037693
0.041983
0.041470
0.041890
0.038713
0.038605
0.052096
0.063016
0.097498
0.106999
0.088194
0.093381
0.081981
0.081772
0.085371
0.075835
0.074532
0.076298
0.076404
0.075154
0.074930
0.075594
0.075692
0.076545
0.079690
0.087294
0.079790
0.080162
0.082297
0.084638
0.086003
0.084533
0.088440
0.099577
0.101913
0.096279
0.106428
0.110257
0.108753
0.108544
0.127617
0.129389
0.129774
0.130989
0.129115
0.119799
0.122722
0.122208
0.121214
0.123027
0.120302
0.127105
0.126541
0.125316
0.119548
0.118734
0.119922
0.120889
0.119890
0.123250
0.122733
0.127993
0.125412
0.126415
0.129061
0.121740
0.124500
0.125238
0.128428
0.130345
0.132522
0.131722
0.131415
0.130784
0.130878
0.129084
0.129570
0.127950
0.129065
0.128608
0.130199
0.129743
0.129346
0.130297
0.129879
0.129858
0.130312
0.130585
0.130045
0.130063
0.130724
0.133818
0.134589
0.133544
0.135197
0.133189
0.132601
0.128454
0.126567
0.126036
0.122305
0.119960
0.117903
0.114357
0.112572
0.109703
0.107927
0.106602
0.106141
0.107837
0.108414
0.108614
0.109278
0.106974
0.103164
0.102992
0.102245
0.100718
0.100824
0.099809
0.100270
0.099818
0.099724
0.099797
0.098822
0.098862
0.099293
0.099661
0.099293
0.099379
0.098164
0.100506
0.098500
0.098845
0.098500
0.098445
0.098100
0.097277
0.097365
0.097534
0.097198
0.097609
0.097258
0.097506
0.097327
0.096632
0.097432
0.097969
0.097969
0.099663
0.099088
0.098056
0.098056
0.098533
0.099470
0.100140
0.100063
0.099021
0.098727
0.098164
0.098783
0.098672
0.097687
0.099443
0.099562
0.100818
0.101917
0.100241
0.097533
0.093533
0.092489
0.091742
0.089668
0.088616
0.086586
0.085054
0.082856
0.083313
0.083533
0.082076
0.079838
0.083493
0.088407
0.081274
0.077904
0.077446
0.076479
0.076027
0.076339
0.077610
0.075111
0.073229
0.071417
0.073629
0.069995
0.070920
0.071477
0.071486
0.071648
0.069085
0.068394
0.070432
0.069508
0.068505
0.065845
0.065556
0.066912
0.065362
0.064834
0.063563
0.063541
0.063212
0.064813
0.064017
0.064084
0.060304
0.060517
0.059716
0.058563
0.057906
0.057014
0.057496
0.057193
0.055420
0.056390
0.055185
0.054351
0.053144
0.051812
0.051721
0.052063
0.054826
0.056124
0.055554
0.051413
0.052860
0.054110
0.054170
0.053761
0.053643
0.057618
0.051779
0.054455
0.054884
0.055831
0.052152
0.053201
0.052416
0.049233
0.048420
0.049545
0.050395
0.053952
0.053271
0.054757
0.053945
0.050736
0.048249
0.046428
0.045375
0.045260
0.044226
0.043868
0.042728
0.041654
0.041765
0.039463
0.039142
0.038688
0.038615
0.038526
0.036410
0.036035
0.034004
0.035068
0.033272
0.033646
0.034948
0.031214
0.030712
0.030373
0.029630
0.028413
0.028728
0.028750
0.027635
0.027509
0.025538
0.022160
0.021742
0.020416
0.019812
0.020541
0.019489
0.017555
0.015635
0.016211
0.015900
0.015952
0.015496
0.013108
0.013485
0.013982
0.011716
0.010954
0.009819
0.009226
0.008011
0.008017
0.008482
0.008658
0.006711
0.006081
0.007533
0.006504
0.005819
0.005320
0.005162
0.004900
0.006311
0.008110
0.006551
0.008492
0.009542
0.004691
0.004839
0.004297
0.005596
0.005867
0.005985
0.007667
0.005649
0.006064
0.004388
0.004867
0.004812
0.005232
0.005476
0.004812
0.004025
0.006216
0.007792
0.006665
0.006108
0.008517
0.006602
0.008383
0.007928
0.006064
0.006602
0.003307
0.003141
0.003625
0.003424
0.003669
0.002859
0.002859
0.002460
0.003350
0.001737
0.004434
0.004148
0.005740
0.005621
0.006094
0.008084
0.001687
0.007215
0.003535
0.001500
0.001500
0.000725
0.001067
0.001337
0.001337
0.001337
0.005214
0.002721
0.001247
0.001760
0.001260
0.000979
0.000520
0.001277
0.000803
0.001378
0.002913
0.001087
0.002014
0.001964
0.002118
0.002342
0.003552
0.002955
0.003235
0.003682
0.004283
0.004283
0.006802
0.007684
0.006416
0.008363
0.007915
0.009814
0.010124
0.014969
0.018674
0.013415
0.011930
0.012935
0.014265
0.013259
0.015879
0.015814
0.018933
0.020627
0.022454
0.024732
0.021730
0.022159
0.022656
0.021799
0.022483
0.022656
0.022969
0.023083
0.023592
0.021704
0.021738
0.027209
0.025330
0.023480
0.026836
0.025979
0.024308
0.021955
0.022829
0.022236
0.020546
0.023044
0.025785
0.024730
0.023914
0.022631
0.021906
0.021179
0.020828
0.020207
0.019157
0.016960
0.016533
0.014990
0.014267
0.013767
0.013328
0.012460
0.011905
0.011044
0.012318
0.011476
0.011192
0.013273
0.012682
0.013800
0.013368
0.013669
0.012174
0.012062
0.012682
0.012803
0.011192
0.011649
0.011451
0.012174
0.011649
0.011351
0.010196
0.010147
0.010195
0.011625
0.012016
0.010699
0.009456
0.008567
0.008600
0.008550
0.008158
0.007873
0.007497
0.007029
0.005416
0.005159
0.005092
0.005355
0.004047
0.003762
0.004065
0.006381
0.007819
0.009302
0.009011
0.009083
0.007526
0.009538
0.016771
0.011869
0.009208
0.013852
0.011160
0.013433
0.008118
0.007815
0.006681
0.006109
0.006705
0.006373
0.004810
0.005256
0.005244
0.005196
0.004538
0.005355
0.003924
0.004586
0.003762
0.003148
0.003148
0.002577
0.003886
0.006843
0.002190
0.001866
0.001358
0.002242
0.005502
0.004511
0.003332
0.003332
0.005322
0.015484
0.022807
0.034392
0.026255
0.015996
0.017467
0.018198
0.018205
0.015674
0.016820
0.016394
0.015401
0.015240
0.010968
0.019965
0.020639
0.020379
0.014144
0.016174
0.014176
0.011792
0.003414
0.011640
0.008643
0.009237
0.005836
0.006189
0.008481
0.011211
0.008581
0.008075
0.009904
0.012692
0.010709
0.010877
0.010331
0.010325
0.010534
0.012622
0.011709
0.012867
0.015617
0.019426
0.016130
0.018431
0.021353
0.021692
0.020307
0.018370
0.018462
0.018773
0.019048
0.019204
0.019204
0.019251
0.019170
0.019251
0.019533
0.019626
0.019925
0.021525
0.021913
0.021068
0.021455
0.021807
0.021455
0.021816
0.021809
0.021557
0.021428
0.021914
0.021826
0.022664
0.024564
0.022942
0.023396
0.023064
0.022934
0.023093
0.022476
0.022750
0.022581
0.022261
0.024409
0.026924
0.030558
0.029633
0.027936
0.025614
0.023663
0.023889
0.019624
0.018068
0.017192
0.016173
0.017184
0.018049
0.018798
0.020143
0.019796
0.021227
0.019656
0.019962
0.017194
0.013878
0.017633
0.016405
0.016315
0.015454
0.015454
0.014991
0.015162
0.014391
0.014103
0.024910
0.019774
0.017272
0.023289
0.020513
0.016964
0.013244
0.012562
0.012655
0.010123
0.010303
0.009870
0.008366
0.006308
0.004976
0.004012
0.003088
0.003569
0.003630
0.002227
0.002830
0.007561
0.004272
0.002801
0.002063
0.002171
0.004344
0.001349
0.002170
0.000138
0.000093
0.002731
0.000560
0.001869
0.004596
0.003113
0.002854
0.004804
0.003351
0.002869
0.003798
0.004205
0.004061
0.003604
0.004337
0.004400
0.004482
0.005489
0.005783
0.006105
0.005783
0.004800
0.005053
0.006695
0.005682
0.005489
0.005040
0.005449
0.009376
0.005814
0.009718
0.008866
0.007605
0.009737
0.008981
0.009116
0.009954
0.010378
0.010834
0.010670
0.010629
0.013394
0.013159
0.012673
0.013394
0.014705
0.016490
0.016696
0.017693
0.017186
0.017941
0.019535
0.020709
0.019832
0.021106
0.020542
0.020806
0.021021
0.020901
0.020427
0.020875
0.021420
0.021195
0.021154
0.021284
0.021394
0.021770
0.021874
0.020795
0.020213
0.021103
0.020412
0.020017
0.020017
0.019549
0.019372
0.019022
0.018662
0.018305
0.018011
0.017902
0.017902
0.017791
0.017791
0.018621
0.019533
0.019533
0.019318
0.018092
0.018187
0.017501
0.017889
0.017791
0.017791
0.017618
0.017271
0.017240
0.016878
0.016783
0.016429
0.016472
0.016098
0.016051
0.015455
0.014974
0.015563
0.015950
0.014880
0.014330
0.015059
0.014993
0.015192
0.014402
0.015474
0.014570
0.013749
0.013994
0.013431
0.013549
0.012869
0.013706
0.012984
0.013434
0.012948
0.012298
0.012217
0.011551
0.011276
0.011475
0.010907
0.010450
0.010996
0.011184
0.010441
0.010279
0.009881
0.009977
0.009362
0.009362
0.009337
0.009109
0.010308
0.008540
0.008372
0.007893
0.007332
0.006758
0.006399
0.007587
0.007070
0.006710
0.005599
0.004269
0.003838
0.003838
0.004192
0.006705
0.005922
0.002733
0.002814
0.003484
0.003484
0.005394
0.006210
0.007073
0.004528
0.004648
0.003418
0.007487
0.004812
0.003554
0.001702
0.002797
0.003772
0.004273
0.005020
0.004638
0.001264
0.003945
0.001854
0.002468
0.003354
0.005734
0.002847
0.004319
0.002784
0.006232
0.007588
0.005964
0.005688
0.004132
0.004856
0.003863
0.004137
0.004704
0.005619
0.006070
0.005339
0.006415
0.005398
0.005365
0.006825
0.005911
0.006049
0.005724
0.006390
0.006123
0.007639
0.006829
0.006697
0.007583
0.007704
0.008164
0.007959
0.008759
0.007961
0.008555
0.008922
0.009275
0.009006
0.009445
0.008711
0.009128
0.009945
0.009124
0.009517
0.010768
0.011253
0.010718
0.011523
0.011013
0.010823
0.011049
0.011856
0.013087
0.012496
0.012916
0.013264
0.013570
0.013723
0.013831
0.014176
0.014495
0.015415
0.015415
0.014388
0.014236
0.014389
0.014830
0.014587
0.014993
0.016375
0.015577
0.016171
0.016759
0.016842
0.016798
0.017136
0.017441
0.017688
0.017345
0.017465
0.017168
0.017347
0.017136
0.017571
0.019697
0.019461
0.019207
0.020707
0.020172
0.020447
0.020656
0.021208
0.021843
0.023303
0.022655
0.023044
0.023056
0.023351
0.023547
0.025131
0.025285
0.024623
0.024968
0.028513
0.030327
0.028156
0.024673
0.023384
0.022840
0.021384
0.020584
0.019669
0.019355
0.018407
0.018618
0.018087
0.018455
0.018098
0.018661
0.018862
0.016813
0.018098
0.019281
0.018098
0.021259
0.019025
0.016814
0.017333
0.017880
0.015847
0.016825
0.017787
0.015634
0.015291
0.015087
0.014136
0.014315
0.014166
0.013769
0.012148
0.011636
0.011202
0.011737
0.014213
0.011106
0.011862
0.011184
0.010344
0.009228
0.011527
0.012533
0.013748
0.011527
0.013374
0.014098
0.009376
0.008780
0.009684
0.008356
0.010371
0.010767
0.008282
0.008066
0.009978
0.006202
0.007439
0.016349
0.008049
0.006918
0.003446
0.002670
0.002413
0.004449
0.009472
0.007070
0.004338
0.005221
0.006415
0.003291
0.004119
0.006782
0.004483
0.006796
0.005304
0.006500
0.006754
0.007691
0.006982
0.007409
0.008289
0.007859
0.007969
0.009200
0.009592
0.010428
0.010003
0.010835
0.010903
0.012764
0.015383
0.015667
0.011008
0.010256
0.010014
0.010861
0.011521
0.010835
0.017661
0.024212
0.018149
0.019513
0.028377
0.022022
0.017429
0.019948
0.019919
0.018569
0.018532
0.020800
0.020800
0.019935
0.019952
0.021509
0.023844
0.023189
0.020015
0.019943
0.020626
0.020316
0.021315
0.021253
0.021326
0.021278
0.022391
0.022615
0.022898
0.022898
0.023394
0.023245
0.022653
0.023633
0.023355
0.023693
0.024829
0.028953
0.024459
0.021577
0.020120
0.019230
0.021808
0.018365
0.021515
0.020589
0.017413
0.012354
0.009297
0.010427
0.007495
0.007538
0.007617
0.006647
0.005742
0.005282
0.006486
0.005233
0.005511
0.004172
0.003558
0.004024
0.003745
0.003745
0.005080
0.005080
0.002930
0.002636
0.002887
0.002493
0.004920
0.007194
0.007093
0.008350
0.007776
0.004424
0.004015
0.004063
0.008966
0.006265
0.007815
0.005852
0.006692
0.004738
0.007635
0.005233
0.012060
0.009184
0.025359
0.017421
0.019544
0.025790
0.014589
0.011096
0.006749
0.012299
0.012014
0.019952
0.028683
0.013647
0.016778
0.011456
0.035161
0.038503
0.026366
0.028986
0.027412
0.023606
0.024569
0.023699
0.023021
0.028515
0.021892
0.021361
0.027960
0.020895
0.017894
0.018345
0.017110
0.015111
0.014196
0.014167
0.013141
0.014964
0.016511
0.013003
0.013393
0.013190
0.011234
0.010626
0.010502
0.011854
0.010589
0.011279
0.010589
0.011415
0.010482
0.009997
0.011129
0.011007
0.010029
0.009117
0.009962
0.009117
0.009301
0.010119
0.010427
0.008078
0.006641
0.005920
0.010643
0.011821
0.014029
0.015000
0.012078
0.006635
0.004688
0.004209
0.002714
0.011914
0.011066
0.006991
0.006012
0.002105
0.004519
0.003312
0.003983
0.005588
0.004397
0.002964
0.003017
0.004274
0.004274
0.003221
0.004766
0.003723
0.003880
0.005549
0.004102
0.003827
0.004062
0.003723
0.003585
0.004039
0.007019
0.005837
0.004636
0.004458
0.004896
0.006197
0.005935
0.005409
0.009565
0.006361
0.009415
0.008796
0.008480
0.009584
0.008839
0.009204
0.008469
0.008348
0.010289
0.013490
0.010784
0.010664
0.011848
0.012324
0.011848
0.011166
0.011419
0.014063
0.011930
0.011871
0.012022
0.012587
0.012143
0.013461
0.012705
0.011365
0.011566
0.011183
0.011020
0.011020
0.012120
0.010309
0.010618
0.011592
0.010522
0.011351
0.011351
0.011592
0.010618
0.011854
0.010522
0.010453
0.010922
0.011351
0.011183
0.011849
0.012406
0.011365
0.011365
0.011365
0.011351
0.011784
0.013532
0.013461
0.014855
0.016692
0.016050
0.014618
0.015797
0.015418
0.015840
0.015262
0.014423
0.014165
0.013748
0.013513
0.014454
0.014809
0.015093
0.015006
0.015056
0.014631
0.014233
0.013498
0.014809
0.014809
0.014352
0.014145
0.014454
0.014145
0.012659
0.012659
0.012341
0.011780
0.011544
0.011806
0.010920
0.011479
0.012219
0.011580
0.010950
0.011946
0.010662
0.010388
0.010329
0.009736
0.009819
0.009744
0.009362
0.010088
0.009691
0.008573
0.009188
0.008914
0.011233
0.009344
0.007982
0.007756
0.006986
0.007203
0.010051
0.007384
0.004806
0.004863
0.004710
0.008516
0.007071
0.005552
0.006096
0.003699
0.001466
0.000839
0.002488
0.001053
0.005047
0.002707
0.003996
0.001881
0.004167
0.005443
0.006182
0.002754
0.003892
0.004624
0.004310
0.003785
0.009232
0.008267
0.005817
0.010992
0.006659
0.008754
0.008372
0.007500
0.006582
0.008102
0.006582
0.005689
0.006525
0.006525
0.007274
0.006582
0.005406
0.005689
0.005724
0.005599
0.005381
0.005487
0.005201
0.004917
0.005323
0.005235
0.004980
0.005588
0.004303
0.005468
0.004967
0.004967
0.004705
0.005263
0.004632
0.005235
0.007614
0.007500
0.005936
0.007089
0.006193
0.006229
0.005925
0.008372
0.010751
0.009389
0.008989
0.008831
0.009907
0.010056
0.009789
0.010167
0.010284
0.012311
0.010866
0.011240
0.009745
0.009277
0.008532
0.008935
0.009856
0.009188
0.009048
0.009217
0.008771
0.009188
0.008904
0.008238
0.008330
0.008038
0.008217
0.008598
0.009441
0.009157
0.009179
0.009868
0.008887
0.008614
0.011358
0.009906
0.012934
0.010272
0.007584
0.007882
0.007767
0.008068
0.007589
0.007492
0.007695
0.007761
0.007492
0.007534
0.009980
0.009269
0.010456
0.008680
0.008872
0.007779
0.006944
0.006653
0.006929
0.006385
0.006899
0.006228
0.006409
0.006105
0.006500
0.006430
0.006333
0.006748
0.007573
0.008228
0.008228
0.009187
0.008480
0.007577
0.008075
0.007465
0.008637
0.008362
0.009564
0.010319
0.012065
0.010526
0.012185
0.010501
0.011873
0.012451
0.012493
0.012884
0.013326
0.012389
0.012957
0.014160
0.014964
0.015803
0.014746
0.014567
0.015961
0.014063
0.013814
0.013511
0.013192
0.013626
0.012941
0.013054
0.012763
0.012480
0.012089
0.012063
0.011821
0.011355
0.010762
0.010494
0.010661
0.012843
0.016758
0.016344
0.014605
0.013062
0.012373
0.010306
0.008136
0.005721
0.004244
0.003312
0.002466
0.003605
0.001493
0.001575
0.002994
0.002904
0.003481
0.002994
0.001937
0.004383
0.004466
0.002665
0.003481
0.002565
0.003194
0.005202
0.005020
0.004627
0.005650
0.004905
0.004905
0.005634
0.005745
0.005095
0.006039
0.006074
0.005697
0.005263
0.005263
0.006807
0.005468
0.006424
0.005588
0.005523
0.005255
0.004064
0.004924
0.005141
0.004090
0.004279
0.005076
0.006106
0.007726
0.008990
0.008848
0.009318
0.008345
0.007354
0.011992
0.011616
0.009278
0.009474
0.010223
0.008848
0.007663
0.006842
0.007840
0.005367
0.005727
0.005387
0.006326
0.006567
0.005060
0.006158
0.005349
0.004619
0.005536
0.005256
0.006473
0.007926
0.008009
0.008767
0.008735
0.010225
0.012281
0.015275
0.015687
0.012525
0.011734
0.010461
0.009786
0.010868
0.010861
0.011686
0.010797
0.011402
0.011352
0.010950
0.011352
0.011909
0.011751
0.011179
0.011061
0.011153
0.011061
0.011479
0.010672
0.010586
0.010781
0.011797
0.010805
0.010586
0.010845
0.010483
0.011080
0.010778
0.010845
0.010483
0.011065
0.010626
0.009927
0.010785
0.010041
0.010189
0.009677
0.009736
0.009677
0.009636
0.009453
0.009677
0.009472
0.009763
0.010303
0.009864
0.009261
0.009542
0.010603
0.012826
0.011090
0.010339
0.011534
0.011160
0.011744
0.013057
0.013178
0.014660
0.013668
0.013708
0.015099
0.014083
0.015106
0.015470
0.013441
0.013835
0.014363
0.015054
0.015176
0.014717
0.014618
0.014634
0.015042
0.013823
0.013348
0.018097
0.022443
0.019364
0.014416
0.014160
0.012392
0.009576
0.007702
0.007297
0.006355
0.006463
0.006033
0.005925
0.006444
0.006854
0.006639
0.006668
0.006177
0.006055
0.006748
0.006911
0.007060
0.007494
0.007629
0.007725
0.007278
0.006895
0.006915
0.007297
0.006888
0.006602
0.007418
0.007843
0.007403
0.007418
0.008365
0.009584
0.007543
0.009580
0.008225
0.009560
0.010654
0.009366
0.008929
0.007736
0.008249
0.008911
0.008480
0.008025
0.007728
0.008149
0.008387
0.008285
0.008322
0.008322
0.008182
0.007855
0.007830
0.007729
0.007729
0.007825
0.007278
0.007278
0.008122
0.007317
0.007172
0.007046
0.006617
0.006617
0.006617
0.007529
0.006748
0.007482
0.006029
0.005131
0.005571
0.005084
0.004230
0.003778
0.004693
0.003793
0.003483
0.003827
0.002964
0.003566
0.003223
0.002625
0.002939
0.002845
0.002546
0.002625
0.002448
0.002740
0.004986
0.006452
0.005897
0.007272
0.007794
0.007752
0.007236
0.008290
0.007236
0.005758
0.006270
0.005775
0.004350
0.004474
0.004474
0.003566
0.006908
0.003566
0.006058
0.005559
0.004063
0.003323
0.001822
0.001395
0.002123
0.002278
0.001637
0.005050
0.004476
0.003277
0.002463
0.002077
0.002077
0.002380
0.002261
0.003826
0.002463
0.002103
0.001480
0.003338
0.001477
0.000999
0.002608
0.000393
0.001995
0.002084
0.002701
0.005270
0.005304
0.004170
0.003907
0.002974
0.003918
0.003542
0.003717
0.004759
0.005042
0.004871
0.005779
0.004034
0.003981
0.004751
0.004248
0.004937
0.004269
0.004937
0.004825
0.006339
0.006027
0.005484
0.004914
0.006027
0.005076
0.005882
0.005542
0.005882
0.005584
0.005385
0.005126
0.005823
0.006553
0.005679
0.006553
0.006158
0.006749
0.011301
0.008950
0.008950
0.009553
0.010308
0.010426
0.009216
0.009683
0.008201
0.008441
0.007985
0.009515
0.009513
0.009192
0.010197
0.011031
0.013762
0.013879
0.014123
0.013508
0.013766
0.014547
0.013968
0.017723
0.015893
0.017422
0.019774
0.019140
0.021931
0.021698
0.023984
0.023134
0.023275
0.023355
0.023186
0.021729
0.021272
0.022160
0.022271
0.021160
0.020926
0.022132
0.023372
0.022514
0.022067
0.022072
0.020691
0.020070
0.019123
0.018439
0.018023
0.019173
0.019509
0.018743
0.022268
0.020307
0.022813
0.037365
0.041671
0.107776
0.093096
0.037010
0.012987
0.013365
0.030765
0.006558
0.017140
0.017045
0.015484
0.019585
0.019585
0.015695
0.013691
0.013414
0.010025
0.010213
0.011428
0.012822
0.010609
0.003540
0.003540
0.004248
0.023313
0.031801
0.026201
0.022240
0.024805
0.019782
0.023824
0.021458
0.017045
0.012144
0.018028
0.020689
0.021976
0.022779
0.023492
0.031114
0.033308
0.028620
0.024211
0.022722
0.018759
0.011157
0.007339
0.006225
0.008418
0.006396
0.006814
0.006323
0.012566
0.013384
0.012836
0.009430
0.008441
0.008958
0.006974
0.009067
0.008068
0.006012
