0.098907
0.156906
0.195146
0.100056
0.174862
0.060305
0.098907
0.139244
0.205316
0.167495
0.174976
0.136146
0.069173
0.117648
0.194736
0.050630
0.042381
0.054780
0.019727
0.036169
0.089069
0.059703
0.051141
0.071357
0.012408
0.072392
0.012408
0.011725
0.032683
0.098720
0.051141
0.031359
0.018297
0.024716
0.047743
0.031750
0.010321
0.006272
0.017850
0.043571
0.042557
0.041443
0.012861
0.013969
0.030807
0.031750
0.014009
0.014268
0.033440
0.023667
0.024196
0.010321
0.005988
0.042452
0.042625
0.023421
0.033169
0.012146
0.035544
0.020079
0.018453
0.074908
0.052776
0.028529
0.007679
0.041081
0.092354
0.024476
0.040815
0.038831
0.016044
0.048025
0.035007
0.016044
0.064068
0.024476
0.043781
0.037391
0.030194
0.040815
0.066848
0.061772
0.030194
0.071475
0.044088
0.065526
0.042193
0.041269
0.075593
0.107355
0.107355
0.078896
0.085909
0.091440
0.064068
0.073972
0.078896
0.069528
0.068324
0.085909
0.074908
0.082656
0.103857
0.121456
0.101396
0.072959
0.102054
0.071633
0.090765
0.052776
0.090708
0.042303
0.100347
0.100527
0.089232
0.119208
0.111488
0.089232
0.087702
0.076795
0.079381
0.050222
0.065090
0.061356
0.058166
0.052859
0.056524
0.051267
0.063152
0.041315
0.058166
0.049186
0.047162
0.059487
0.061013
0.069061
0.080568
0.097820
0.108021
0.089924
0.106845
0.089567
0.067552
0.123833
0.115152
0.112977
0.095283
0.090054
0.095283
0.089924
0.121092
0.090054
0.066947
0.068256
0.070358
0.039720
0.062239
0.044805
0.071056
0.042684
0.046673
0.062117
0.061948
0.039662
0.021291
0.014370
0.022990
0.014234
0.005854
0.022990
0.034351
0.056018
0.042729
0.071129
0.006763
0.009562
0.039788
0.020517
0.005854
0.050191
0.042834
0.015351
0.031660
0.023521
0.016860
0.024035
0.033382
0.031660
0.009761
0.011526
0.003878
0.034439
0.026035
0.014418
0.026780
0.033382
0.026780
0.053319
0.049110
0.039481
0.023772
0.038350
0.040641
0.036463
0.042266
0.028664
0.084015
0.062173
0.071634
0.084696
0.076857
0.092882
0.061409
0.071492
0.080669
0.066823
0.084405
0.082239
0.078506
0.071663
0.088419
0.072650
0.059815
0.089460
0.075552
0.058429
0.040780
0.054622
0.054622
0.082547
0.082547
0.096535
0.072655
0.052338
0.042528
0.040623
0.044457
0.024923
0.040623
0.040886
0.037521
0.037521
0.049447
0.030015
0.073712
0.056405
0.030519
0.079725
0.035619
0.036711
0.048261
0.026020
0.030519
0.019572
0.027812
0.013770
0.040984
0.049375
0.050048
0.030704
0.030704
0.050757
0.018389
0.020125
0.006376
0.020873
0.058920
0.006376
0.078162
0.020873
0.007669
0.030053
0.031412
0.001741
0.007669
0.013770
0.052793
0.063162
0.057777
0.033769
0.071760
0.043748
0.067489
0.062588
0.053566
0.044298
0.062667
0.062588
0.075917
0.071760
0.080563
0.064827
0.064827
0.051568
0.081950
0.067489
0.059440
0.040977
0.069098
0.081950
0.075158
0.063863
0.034186
0.029051
0.033454
0.043821
0.041347
0.020607
0.015366
0.071990
0.081793
0.081674
0.081258
0.027369
0.011571
0.064369
0.016739
0.026913
0.011638
0.062024
0.077528
0.099323
0.075087
0.032876
0.038758
0.044021
0.047501
0.042750
0.030600
0.049742
0.039805
0.045515
0.047421
0.037684
0.054082
0.050245
0.073647
0.054082
0.046039
0.054162
0.044876
0.037488
0.068902
0.042750
0.069423
0.057224
0.067427
0.054044
0.060222
0.066610
0.071419
0.060542
0.093525
0.070311
0.065630
0.077971
0.058973
0.059620
0.097380
0.096234
0.126818
0.119333
0.111147
0.116585
0.107628
0.128767
0.120759
0.120329
0.121524
0.111771
0.104807
0.104265
0.073344
0.061206
0.060335
0.049994
0.048808
0.019989
0.101012
0.065979
0.022458
0.032535
0.025876
0.042185
0.040223
0.041136
0.039836
0.011711
0.049463
0.059775
0.062260
0.022958
0.035583
0.022958
0.024802
0.064172
0.045784
0.042294
0.033867
0.045905
0.058148
0.063142
0.067526
0.063210
0.064472
0.063123
0.064972
0.070924
0.080213
0.069889
0.105208
0.101981
0.087007
0.115926
0.106417
0.109108
0.139455
0.152230
0.141826
0.110943
0.136259
0.127828
0.095260
0.079542
0.054667
0.090420
0.095607
0.075945
0.071236
0.070884
0.043380
0.072319
0.064392
0.067475
0.045129
0.041350
0.037366
0.036505
0.009096
0.066092
0.066092
0.022464
0.045626
0.037905
0.027287
0.018526
0.018246
0.022499
0.018869
0.041992
0.025833
0.013137
0.047489
0.024780
0.028876
0.022377
0.022280
0.062659
0.059481
0.063814
0.055578
0.059481
0.064489
0.112509
0.078679
0.060737
0.063814
0.091011
0.069567
0.089389
0.056076
0.068562
0.029636
0.059972
0.068303
0.009089
0.075766
0.075142
0.077971
0.028755
0.036890
0.113543
0.123148
0.139664
0.048053
0.030561
0.103955
0.057589
0.038606
0.044208
0.059601
0.039777
0.057714
0.065289
0.084878
0.085051
0.094198
0.066606
0.089223
0.083653
0.077106
0.084918
0.093259
0.092758
0.085813
0.064068
0.068083
0.065590
0.085813
0.077750
0.083200
0.080556
0.074935
0.049104
0.070580
0.085813
0.062144
0.053118
0.035107
0.063082
0.107843
0.101609
0.077738
0.067733
0.106181
0.105017
0.073795
0.015969
0.022028
0.061907
0.019243
0.034728
0.065205
0.053770
0.062675
0.024198
0.081336
0.062257
0.043947
0.042672
0.052342
0.052342
0.024264
0.042835
0.021219
0.030540
0.057472
0.013392
0.058649
0.043145
0.049167
0.028658
0.048116
0.028852
0.038924
0.012175
0.013392
0.008892
0.015207
0.006090
0.017458
0.012297
0.030540
0.063547
0.034267
0.024050
0.034797
0.004911
0.053426
0.036970
0.116958
0.141302
0.129706
0.082987
0.073731
0.094692
0.094692
0.099858
0.118959
0.126343
0.126171
0.152549
0.120085
0.118426
0.112799
0.112014
0.100955
0.109033
0.107744
0.092786
0.122820
0.118168
0.093953
0.093689
0.116019
0.098332
0.092394
0.110315
0.087917
0.114973
0.096124
0.114637
0.073106
0.121722
0.054409
0.058947
0.039799
0.069724
0.057733
0.085697
0.064160
0.051331
0.077630
0.039951
0.078322
0.060006
0.051331
0.069169
0.078136
0.064160
0.040442
0.064729
0.075042
0.057733
0.038137
0.036741
0.061065
0.069724
0.054988
0.072485
0.040442
0.075042
0.044700
0.081058
0.101887
0.061065
0.048102
0.057558
0.016837
0.054191
0.005882
0.016837
0.008741
0.018351
0.042007
0.071426
0.034800
0.003814
0.013940
0.044494
0.039489
0.020234
0.010707
0.020920
0.045868
0.019946
0.023023
0.022152
0.026951
0.030084
0.058799
0.018026
0.018026
0.041228
0.030714
0.047422
0.040900
0.030084
0.050550
0.041593
0.047422
0.047805
0.037081
0.050550
0.082448
0.035419
0.068443
0.051095
0.062502
0.037081
0.059856
0.065320
0.062856
0.080203
0.058215
0.075153
0.058726
0.043434
0.079497
0.049200
0.035419
0.054441
0.063322
0.071139
0.086640
0.105796
0.085908
0.080458
0.066737
0.069594
0.072738
0.065177
0.090632
0.084291
0.076525
0.104624
0.091005
0.088893
0.083756
0.073748
0.084379
0.079634
0.079132
0.073514
0.086718
0.068943
0.062683
0.102162
0.065693
0.078586
0.081986
0.082417
0.057438
0.092448
0.050673
0.093668
0.099941
0.075242
0.076800
0.080510
0.040285
0.067496
0.101760
0.094613
0.061204
0.076227
0.075223
0.108582
0.069080
0.046380
0.110444
0.102032
0.073161
0.092480
0.125132
0.063729
0.102046
0.073694
0.063585
0.075223
0.075223
0.064193
0.066578
0.025214
0.035623
0.025926
0.030321
0.029064
0.000671
0.004938
0.009394
0.025214
0.035623
0.063585
0.075223
0.019769
0.092480
0.018412
0.008221
0.018126
0.009633
0.025926
0.038524
0.011268
0.028860
0.048229
0.005875
0.009394
0.049307
0.059759
0.022447
0.087865
0.048934
0.022495
0.078781
0.087726
0.087726
0.069972
0.090362
0.031820
0.051939
0.040043
0.013644
0.017245
0.044422
0.126534
0.076963
0.088477
0.066353
0.071856
0.065937
0.070136
0.036382
0.034505
0.051375
0.041855
0.046310
0.064380
0.034505
0.046914
0.048156
0.046557
0.096684
0.048619
0.036146
0.049510
0.047186
0.035198
0.035811
0.034505
0.047818
0.044648
0.036864
0.094528
0.061537
0.052789
0.064211
0.052342
0.069321
0.051309
0.041347
0.038181
0.026350
0.029730
0.049448
0.022495
0.012240
0.007386
0.009534
0.010115
0.035262
0.009633
0.013854
0.026225
0.005875
0.006872
0.019205
0.010115
0.030388
0.008221
0.008221
0.021381
0.013788
0.066108
0.052157
0.046013
0.054690
0.011826
0.050884
0.090525
0.085265
0.085265
0.068192
0.096684
0.074925
0.085265
0.049448
0.031956
0.039125
0.017245
0.018412
0.055721
0.035106
0.092735
0.057570
0.012240
0.026184
0.044594
0.063729
0.074925
0.092480
0.054690
0.066108
0.092480
0.045383
0.015525
0.019205
0.020892
0.034298
0.027217
0.006872
0.025640
0.015860
0.024963
0.020032
0.018820
0.000671
0.054690
0.063585
0.025926
0.013854
0.049064
0.009394
0.008977
0.009394
0.049064
0.034298
0.022038
0.020892
0.049064
0.022038
0.026462
0.050245
0.030269
0.001136
0.008977
0.019792
0.028860
0.002687
0.016435
0.019205
0.048205
0.019205
0.012163
0.049716
0.000671
0.035106
0.039019
0.035544
0.032054
0.032054
0.068192
0.098665
0.054423
0.052685
0.054112
0.054423
0.041448
0.047186
0.046557
0.034505
0.052342
0.050284
0.046557
0.069530
0.044648
0.056020
0.056374
0.064745
0.061125
0.063548
0.058808
0.055047
0.055111
0.039636
0.074369
0.060503
0.068489
0.035978
0.031384
0.044473
0.025040
0.049798
0.026903
0.031826
0.036932
0.033720
0.036023
0.063773
0.022955
0.047017
0.010228
0.018597
0.044559
0.016030
0.063732
0.034893
0.034893
0.034893
0.044559
0.054912
0.011927
0.045130
0.034893
0.025254
0.025254
0.044206
0.002553
0.020660
0.044996
0.006457
0.044996
0.024471
0.030564
0.041287
0.014512
0.011310
0.024471
0.021048
0.021307
0.016140
0.046372
0.044996
0.020660
0.017063
0.019888
0.035993
0.016140
0.025666
0.035108
0.004470
0.013176
0.003264
0.010032
0.045933
0.013827
0.015705
0.013176
0.056642
0.024865
0.006352
0.004470
0.056642
0.000053
0.018965
0.003264
0.060295
0.029154
0.009926
0.067869
0.029192
0.019123
0.038243
0.010425
0.006352
0.013176
0.017063
0.038651
0.038243
0.028637
0.019250
0.011608
0.010269
0.016974
0.031952
0.038548
0.058797
0.041457
0.019250
0.076909
0.049099
0.038106
0.011310
0.067054
0.067869
0.125385
0.022921
0.058391
0.060652
0.038816
0.025619
0.022921
0.028279
0.023301
0.020660
0.039567
0.033982
0.027651
0.034572
0.038816
0.035515
0.052295
0.058391
0.016974
0.062709
0.033726
0.039649
0.056027
0.039769
0.033932
0.024471
0.046372
0.038106
0.051035
0.031952
0.038295
0.011310
0.042975
0.027789
0.010269
0.031295
0.028637
0.000053
0.000053
0.057526
0.045130
0.021307
0.015254
0.011310
0.015254
0.021307
0.005026
0.030874
0.030874
0.054135
0.019250
0.044206
0.053700
0.009908
0.030874
0.037430
0.053889
0.015705
0.053338
0.041529
0.099474
0.040518
0.070277
0.053889
0.061125
0.058504
0.066643
0.058814
0.060621
0.111962
0.066643
0.052789
0.053705
0.043229
0.049254
0.054341
0.041347
0.106926
0.030059
0.044459
0.040060
0.030169
0.040293
0.064380
0.035811
0.030059
0.035544
0.022495
0.012240
0.013644
0.049716
0.105407
0.048205
0.028860
0.076702
0.028803
0.067629
0.144331
0.115539
0.040551
0.058392
0.077611
0.096116
0.076702
0.096116
0.039019
0.019205
0.019205
0.096160
0.019205
0.010115
0.067313
0.047640
0.018820
0.042961
0.007386
0.086624
0.029064
0.040551
0.061696
0.040285
0.046973
0.130063
0.028680
0.033608
0.046973
0.089206
0.098078
0.036301
0.032647
0.051083
0.094737
0.046286
0.031269
0.031269
0.072091
0.074723
0.098799
0.033634
0.028483
0.036301
0.085067
0.035623
0.018820
0.006872
0.035623
0.019205
0.017818
0.063729
0.036604
0.008221
0.015860
0.001136
0.006872
0.004938
0.058392
0.089206
0.008977
0.019769
0.019792
0.011019
0.025926
0.093398
0.048875
0.035494
0.029378
0.067090
0.090385
0.080313
0.050195
0.038135
0.016435
0.030269
0.014695
0.013026
0.036301
0.043053
0.014495
0.103651
0.032647
0.030590
0.046286
0.033608
0.033608
0.047103
0.062773
0.063038
0.071735
0.057329
0.067762
0.062773
0.071328
0.077670
0.069342
0.075605
0.058933
0.088123
0.089634
0.077284
0.082492
0.073198
0.066232
0.064583
0.087591
0.029297
0.097886
0.048078
0.038802
0.031448
0.011033
0.087513
0.080020
0.116009
0.064732
0.062512
0.089708
0.078223
0.083208
0.075471
0.048391
0.097181
0.107400
0.108833
0.047027
0.101700
0.038841
0.028428
0.041737
0.047027
0.047027
0.074388
0.059097
0.084957
0.047027
0.073821
0.069750
0.061173
0.062512
0.041993
0.055947
0.043551
0.049741
0.036725
0.023369
0.036038
0.047686
0.027989
0.027049
0.011033
0.012913
0.037502
0.007873
0.010089
0.015318
0.015492
0.017895
0.036038
0.055214
0.056903
0.056832
0.068059
0.030782
0.037018
0.061123
0.037018
0.031738
0.029507
0.069332
0.041506
0.044054
0.034718
0.042100
0.038053
0.086793
0.052232
0.045281
0.115257
0.093374
0.142831
0.117877
0.091657
0.103972
0.092222
0.113655
0.076490
0.066339
0.080607
0.073389
0.149767
0.168415
0.116794
0.126359
0.113745
0.125646
0.129968
0.117454
0.114559
0.092448
0.126821
0.156422
0.128688
0.121372
0.100880
0.124563
0.074095
0.140900
0.093374
0.074320
0.082596
0.069486
0.105065
0.073000
0.069521
0.082409
0.102388
0.040395
0.062221
0.039236
0.073784
0.068191
0.056910
0.054065
0.045588
0.038836
0.105102
0.090016
0.109537
0.036603
0.016351
0.024180
0.033807
0.070457
0.041490
0.015547
0.149380
0.071064
0.022594
0.013736
0.061114
0.062167
0.089875
0.034250
0.008410
0.089270
0.031207
0.025288
0.040596
0.074233
0.019841
0.050770
0.014995
0.051151
0.080332
0.084007
0.009714
0.008410
0.034918
0.014237
0.009714
0.045255
0.086975
0.040831
0.078683
0.031321
0.065474
0.044402
0.049314
0.038786
0.073414
0.071595
0.054284
0.026757
0.045099
0.037878
0.081182
0.074099
0.071595
0.043993
0.049169
0.037045
0.043923
0.042230
0.042630
0.038786
0.066831
0.062111
0.059349
0.054284
0.059349
0.059574
0.059042
0.042639
0.062372
0.059042
0.076892
0.049268
0.077518
0.040970
0.076197
0.076767
0.069289
0.051622
0.078304
0.075031
0.061507
0.041917
0.085661
0.075129
0.071631
0.059845
0.049922
0.073926
0.046805
0.064538
0.073926
0.081434
0.083260
0.076767
0.064699
0.060196
0.084462
0.077986
0.047489
0.066027
0.066831
0.072897
0.081008
0.063873
0.072726
0.052057
0.052057
0.062372
0.060833
0.064318
0.070315
0.077614
0.077518
0.059845
0.047489
0.042427
0.035851
0.060346
0.025742
0.047052
0.046217
0.056750
0.084729
0.030093
0.036653
0.061376
0.042771
0.094254
0.019156
0.065508
0.027151
0.036653
0.075059
0.022744
0.055391
0.039467
0.036890
0.123148
0.117741
0.078040
0.061654
0.080008
0.067290
0.041626
0.049264
0.070406
0.069019
0.169938
0.177211
0.123433
0.080927
0.085070
0.016597
0.075329
0.071408
0.091232
0.091965
0.091232
0.085452
0.093493
0.091232
0.086106
0.076222
0.062659
0.060478
0.063326
0.071201
0.048134
0.051404
0.044101
0.060996
0.065398
0.065273
0.048134
0.063529
0.035135
0.063529
0.065398
0.044228
0.084818
0.014410
0.056076
0.026387
0.026573
0.044228
0.039407
0.026573
0.065109
0.067456
0.057729
0.061077
0.065630
0.075068
0.113543
0.046195
0.084816
0.106214
0.148787
0.102406
0.107022
0.059589
0.033907
0.046879
0.091011
0.069567
0.051359
0.063617
0.044474
0.040696
0.054211
0.045069
0.091809
0.112864
0.122876
0.061946
0.025833
0.022377
0.011858
0.003789
0.047292
0.066092
0.036857
0.000000
0.047489
0.027799
0.013137
0.013137
0.021883
0.046844
0.040860
0.062757
0.065506
0.077515
0.049491
0.033070
0.049084
0.032107
0.028074
0.027013
0.035313
0.028074
0.041462
0.051379
0.045491
0.038989
0.024795
0.042450
0.035111
0.021421
0.050402
0.007220
0.042033
0.051661
0.082897
0.079542
0.012359
0.063219
0.079050
0.062566
0.066653
0.032955
0.059172
0.061218
0.028611
0.035602
0.019658
0.046891
0.049892
0.030832
0.045129
0.049892
0.062461
0.043061
0.054716
0.066221
0.051661
0.022929
0.014560
0.045244
0.015690
0.022913
0.046891
0.024718
0.089032
0.045196
0.057246
0.022051
0.026578
0.013729
0.032955
0.032955
0.023675
0.033098
0.054667
0.079541
0.067816
0.034828
0.042033
0.062131
0.061530
0.077170
0.081155
0.039046
0.016399
0.037302
0.033745
0.059310
0.012630
0.030413
0.019993
0.062737
0.032955
0.053667
0.013729
0.022637
0.003584
0.002722
0.069087
0.023430
0.002722
0.024616
0.013051
0.006143
0.014542
0.022051
0.012630
0.027167
0.016399
0.012397
0.015690
0.013235
0.022929
0.005807
0.014227
0.012359
0.014227
0.012359
0.012359
0.022051
0.012630
0.007916
0.015575
0.012263
0.012263
0.003584
0.042033
0.020606
0.043529
0.034006
0.070691
0.040986
0.069831
0.041187
0.060234
0.088326
0.031819
0.032616
0.070691
0.042283
0.088326
0.043529
0.024671
0.051474
0.016399
0.025308
0.029634
0.026578
0.024784
0.024784
0.024784
0.014542
0.024616
0.028620
0.081040
0.024671
0.016399
0.050644
0.028620
0.024784
0.028220
0.085203
0.103321
0.078921
0.105382
0.083381
0.059690
0.102022
0.071985
0.060075
0.062397
0.086352
0.072985
0.054459
0.067033
0.059200
0.032047
0.055298
0.052928
0.033208
0.099617
0.084439
0.091242
0.037500
0.028299
0.080304
0.039712
0.078442
0.060072
0.048643
0.037500
0.086284
0.025283
0.038912
0.019194
0.045314
0.036815
0.031272
0.015644
0.084460
0.098226
0.009783
0.057817
0.095646
0.070307
0.102438
0.043763
0.104037
0.092026
0.059658
0.048012
0.085313
0.073613
0.073862
0.065036
0.122419
0.117297
0.077629
0.079586
0.081996
0.090400
0.121090
0.098857
0.065126
0.077629
0.065650
0.070076
0.092969
0.102895
0.094804
0.083160
0.072671
0.083823
0.079586
0.125183
0.118535
0.105969
0.129206
0.097824
0.097824
0.070681
0.091792
0.123737
0.097824
0.108640
0.111038
0.088300
0.081996
0.105378
0.089031
0.072352
0.096520
0.063662
0.090400
0.050939
0.054125
0.034632
0.045462
0.114722
0.108348
0.093670
0.034524
0.064756
0.101938
0.067558
0.037343
0.037343
0.041431
0.027975
0.043288
0.046737
0.043763
0.012001
0.036815
0.058318
0.020308
0.005116
0.010379
0.021185
0.049435
0.031285
0.049435
0.021185
0.011487
0.048697
0.015808
0.031506
0.010343
0.015644
0.038862
0.027775
0.011489
0.020844
0.019458
0.007035
0.012899
0.067485
0.057806
0.058021
0.007047
0.064671
0.019478
0.026284
0.035440
0.031272
0.005116
0.021185
0.039858
0.045479
0.046965
0.005116
0.027731
0.030008
0.011489
0.038595
0.051466
0.031303
0.050440
0.057817
0.068164
0.091272
0.038912
0.019194
0.077009
0.060072
0.095778
0.038595
0.105883
0.050440
0.051466
0.038798
0.031025
0.018128
0.046243
0.022331
0.030008
0.017760
0.024458
0.029332
0.043826
0.031303
0.029332
0.050559
0.025652
0.029332
0.016104
0.030868
0.092769
0.094764
0.074920
0.078679
0.062819
0.040478
0.040971
0.035726
0.037500
0.022953
0.022953
0.027775
0.050440
0.018128
0.061350
0.055629
0.020844
0.009763
0.066881
0.007047
0.103770
0.132274
0.058842
0.083196
0.064671
0.026106
0.016000
0.034496
0.038346
0.066881
0.020595
0.017451
0.036441
0.045479
0.011489
0.022468
0.020844
0.007035
0.036441
0.094773
0.052546
0.069190
0.043716
0.039328
0.040438
0.062819
0.103405
0.042511
0.067068
0.065219
0.038346
0.072322
0.028299
0.085926
0.115516
0.087835
0.051120
0.119450
0.087835
0.045026
0.042511
0.099391
0.093441
0.113729
0.100940
0.028299
0.028384
0.035726
0.039328
0.062181
0.067954
0.050584
0.050559
0.037500
0.071511
0.050403
0.052611
0.056480
0.038753
0.032500
0.040478
0.054522
0.035905
0.034909
0.028299
0.035312
0.067068
0.132274
0.102685
0.122087
0.058842
0.052743
0.053503
0.032500
0.036865
0.054459
0.068120
0.037500
0.029332
0.034909
0.054522
0.056480
0.039328
0.032500
0.052546
0.051367
0.058207
0.064807
0.071641
0.035312
0.034254
0.022468
0.034496
0.061878
0.115516
0.054817
0.075560
0.033561
0.011489
0.056210
0.046816
0.096870
0.062274
0.069787
0.070980
0.085001
0.071529
0.062274
0.101382
0.097991
0.083714
0.083131
0.069787
0.074280
0.087567
0.078415
0.053175
0.032277
0.065477
0.114193
0.095814
0.073892
0.112918
0.103982
0.097991
0.053152
0.064538
0.078415
0.065126
0.070615
0.042284
0.083079
0.080689
0.064538
0.083131
0.094957
0.065477
0.072716
0.048423
0.080809
0.077946
0.088628
0.084926
0.094251
0.056210
0.091247
0.069915
0.073459
0.110604
0.083714
0.055197
0.105597
0.105597
0.068877
0.071431
0.071431
0.077070
0.061756
0.068316
0.087542
0.078298
0.067814
0.051867
0.104903
0.067076
0.083685
0.059885
0.056687
0.069526
0.076087
0.079415
0.066456
0.058782
0.033599
0.039691
0.078021
0.091134
0.073791
0.045821
0.056687
0.055337
0.061891
0.015682
0.026217
0.017335
0.026217
0.047177
0.057257
0.055268
0.061386
0.040172
0.059746
0.037246
0.017567
0.010593
0.014799
0.070238
0.040890
0.024117
0.061676
0.030630
0.031798
0.033599
0.055244
0.057318
0.102857
0.040172
0.076536
0.053218
0.058367
0.033743
0.041846
0.027607
0.066745
0.073318
0.064726
0.035804
0.017567
0.070924
0.022462
0.060859
0.043133
0.027648
0.052454
0.075638
0.060340
0.058367
0.035392
0.013488
0.014013
0.118137
0.027545
0.102130
0.060208
0.077221
0.052177
0.022295
0.017567
0.076536
0.066745
0.065025
0.073318
0.044923
0.046121
0.050527
0.042176
0.025068
0.023109
0.041007
0.065343
0.062388
0.022702
0.051667
0.078782
0.065025
0.028104
0.048765
0.031831
0.061687
0.051688
0.018092
0.071935
0.042328
0.022462
0.040890
0.024117
0.003151
0.074660
0.049312
0.015682
0.019104
0.078782
0.078946
0.079374
0.070239
0.065025
0.044093
0.052567
0.037766
0.073029
0.085944
0.072001
0.094679
0.052064
0.065343
0.017327
0.015682
0.064726
0.057916
0.039166
0.058588
0.064881
0.035865
0.035392
0.015429
0.034337
0.042328
0.054329
0.043798
0.032164
0.056485
0.027607
0.032164
0.017993
0.004499
0.020770
0.023002
0.060998
0.023109
0.033743
0.042176
0.035392
0.025068
0.004499
0.004045
0.012938
0.079521
0.015932
0.043954
0.012938
0.017567
0.009180
0.003151
0.017993
0.004045
0.058588
0.029114
0.021266
0.003972
0.054590
0.032652
0.042478
0.023002
0.004045
0.057318
0.075513
0.039166
0.007818
0.025068
0.041518
0.041377
0.003972
0.050437
0.012022
0.014235
0.079270
0.041007
0.031791
0.028582
0.061461
0.052612
0.081239
0.042328
0.014814
0.054329
0.033419
0.013488
0.042328
0.061225
0.061184
0.080764
0.014013
0.010593
0.052612
0.070924
0.023012
0.062543
0.060909
0.031831
0.069440
0.052454
0.044143
0.025726
0.025348
0.003972
0.052817
0.060859
0.032089
0.041787
0.013488
0.013488
0.051212
0.021566
0.012022
0.016672
0.004045
0.003205
0.022950
0.013493
0.050401
0.065278
0.028895
0.038916
0.041929
0.025348
0.050704
0.041929
0.026873
0.014020
0.024522
0.039682
0.081989
0.042092
0.025798
0.061312
0.033554
0.016918
0.036414
0.058337
0.030674
0.030062
0.055047
0.065642
0.048308
0.051972
0.045185
0.039053
0.065967
0.068065
0.073698
0.045533
0.053735
0.044143
0.045185
0.032462
0.037341
0.060501
0.049764
0.049175
0.042797
0.053426
0.049185
0.066470
0.087725
0.083898
0.075638
0.055090
0.048019
0.057509
0.059945
0.089669
0.102702
0.027648
0.076651
0.122687
0.094183
0.079610
0.067230
0.077040
0.067225
0.065182
0.072392
0.082013
0.094398
0.077040
0.055090
0.057509
0.066023
0.055469
0.042967
0.053426
0.039603
0.064317
0.054739
0.054739
0.072392
0.053014
0.059804
0.060501
0.060888
0.086130
0.072737
0.083324
0.079611
0.081091
0.074875
0.085726
0.082890
0.081444
0.080603
0.071759
0.092905
0.063992
0.086880
0.079090
0.080603
0.079044
0.086154
0.070864
0.060501
0.127584
0.104984
0.079090
0.053014
0.077325
0.089448
0.149479
0.080108
0.119672
0.106643
0.126012
0.083324
0.079044
0.091001
0.078635
0.078635
0.082389
0.083324
0.080108
0.086130
0.063225
0.043337
0.072268
0.080792
0.062984
0.040456
0.081188
0.043432
0.026091
0.168463
0.172298
0.141150
0.107904
0.028530
0.062355
0.035424
0.075232
0.040262
0.033560
0.062348
0.033073
0.051997
0.026911
0.023667
0.087807
0.107339
0.037412
0.028185
0.045275
0.067489
0.040639
0.056885
0.165865
0.060545
0.068679
0.058792
0.082028
0.117229
0.058912
0.020834
0.045214
0.074931
0.062971
0.056086
0.069125
0.078195
0.046526
0.049046
0.046719
0.083945
0.052137
0.039956
0.038229
0.022081
0.025294
0.071836
0.088159
0.082013
0.061522
0.072392
0.084236
0.100913
0.097538
0.048811
0.086154
0.084650
0.097094
0.047421
0.094177
0.060267
0.020836
0.044717
0.082890
0.046526
0.068976
0.033203
0.021860
0.022081
0.031515
0.076226
0.053387
0.039835
0.053992
0.050099
0.079502
0.079392
0.047963
0.043337
0.042498
0.067136
0.032451
0.063863
0.076468
0.086030
0.063689
0.069385
0.072583
0.062874
0.064593
0.031162
0.035960
0.058665
0.029051
0.034302
0.076768
0.085530
0.091669
0.095850
0.064864
0.105340
0.099014
0.081067
0.077816
0.072876
0.068624
0.013770
0.036478
0.050048
0.041077
0.079725
0.045548
0.035840
0.066087
0.106201
0.086084
0.117474
0.096368
0.080128
0.066759
0.111667
0.091803
0.141010
0.101520
0.141469
0.086694
0.080986
0.109522
0.094286
0.042516
0.087244
0.106201
0.101652
0.090835
0.109735
0.112240
0.049605
0.139926
0.112240
0.137083
0.097397
0.097282
0.049375
0.058920
0.030564
0.012685
0.073449
0.090331
0.107341
0.135284
0.133687
0.091338
0.110857
0.116633
0.053992
0.043333
0.033206
0.154985
0.032451
0.036545
0.091840
0.031874
0.042428
0.108969
0.040984
0.137512
0.051993
0.028395
0.036734
0.044644
0.022109
0.098315
0.054944
0.049049
0.044637
0.029294
0.045253
0.051698
0.072527
0.064247
0.110014
0.061471
0.100526
0.096786
0.103484
0.073247
0.082547
0.099384
0.084446
0.083900
0.091136
0.080690
0.062493
0.044803
0.033754
0.033710
0.062141
0.010972
0.058846
0.081965
0.039259
0.045044
0.029921
0.032941
0.078344
0.048555
0.036940
0.018100
0.062224
0.053828
0.012563
0.045021
0.014396
0.031191
0.085360
0.047835
0.059656
0.087592
0.085188
0.078576
0.032570
0.101894
0.033526
0.045962
0.073472
0.033754
0.056474
0.013159
0.025057
0.089805
0.051403
0.054481
0.098447
0.074398
0.039481
0.054778
0.056474
0.045709
0.023822
0.067158
0.018808
0.079541
0.027820
0.042964
0.072491
0.128267
0.059226
0.097281
0.049942
0.059163
0.057132
0.060455
0.042629
0.024806
0.043257
0.054173
0.031660
0.033382
0.026035
0.065227
0.042268
0.039565
0.032591
0.010972
0.079284
0.037037
0.049565
0.097000
0.008444
0.059083
0.020999
0.031213
0.016344
0.060495
0.037612
0.029657
0.025392
0.056885
0.119362
0.093552
0.094745
0.123636
0.123756
0.065811
0.092331
0.134137
0.070098
0.033958
0.042227
0.123003
0.123550
0.098008
0.037828
0.053771
0.109648
0.108422
0.104474
0.121549
0.130873
0.137495
0.111992
0.094193
0.125060
0.114100
0.082085
0.076544
0.050991
0.103381
0.097794
0.089452
0.058819
0.069917
0.099568
0.076740
0.054452
0.054452
0.058226
0.039484
0.047989
0.114068
0.040221
0.089827
0.113409
0.105278
0.039261
0.046971
0.104212
0.076872
0.026698
0.038447
0.034394
0.036225
0.025060
0.056300
0.084248
0.110502
0.117784
0.181199
0.139258
0.101937
0.233327
0.169093
0.103939
0.135991
0.136776
0.135350
0.118830
0.107362
0.080940
0.147781
0.117845
0.108761
0.162692
0.058155
0.202900
0.053003
0.036256
0.154915
0.325691
0.160468
0.070491
0.063357
0.118208
0.140790
0.075926
0.180400
0.099029
0.080399
0.125903
0.201097
0.078377
0.122547
0.055230
0.125884
0.049006
0.237923
0.123803
0.094835
0.073500
0.045472
0.098976
0.128078
0.186180
0.089018
0.095957
0.082736
0.103965
0.049127
0.120479
0.014886
0.153263
0.047817
0.091159
0.042244
0.038905
0.030164
0.057786
0.191354
0.156356
0.046899
0.137645
0.161623
0.145834
0.231926
0.244626
0.295413
0.320851
0.436485
0.098931
0.151367
0.041019
0.117784
0.189626
0.076389
0.180324
0.164527
0.116962
0.047451
0.099870
0.143731
0.123803
0.094761
0.042044
0.114975
0.166109
0.127553
0.111207
0.127970
0.080375
0.017137
0.126829
0.033487
0.048051
0.022695
0.059886
0.072002
0.114827
0.014666
0.095324
0.038035
0.097065
0.057914
0.150007
0.008238
0.120878
0.080694
0.147349
0.120878
0.039880
0.045929
0.021162
0.109187
0.088471
0.074445
0.085650
0.126325
0.137555
0.097856
0.137873
0.133447
0.084609
0.085158
0.080784
0.074668
0.143669
0.115890
0.139449
0.084319
0.145603
0.092324
0.110235
0.248594
0.148363
0.117184
0.139323
0.130950
0.033526
0.110014
0.065991
0.056217
0.076795
0.062686
0.032941
0.049924
0.117786
0.040500
0.053875
0.100570
0.089746
0.062156
0.115986
0.027784
0.068519
0.024049
0.091165
0.049565
0.077980
0.144736
0.063440
0.031517
0.046424
0.140700
0.131587
0.063879
0.109134
0.027820
0.059102
0.062927
0.052805
0.084144
0.092251
0.157932
0.116687
0.044081
0.078749
0.045593
0.165928
0.017394
0.100856
0.075475
0.049422
0.012780
0.025643
0.118578
0.106394
0.058846
0.126438
0.055042
0.103094
0.071217
0.005854
0.093472
0.103374
0.079151
0.050785
0.071492
0.083085
0.110577
0.082453
0.133497
0.011884
0.066146
0.124242
0.094498
0.066196
0.064456
0.083056
0.096535
0.084018
0.071890
0.020674
0.018549
0.042728
0.110964
0.056207
0.043758
0.126907
0.072491
0.056018
0.097196
0.110135
0.138548
0.064445
0.074175
0.094092
0.090870
0.050314
0.058016
0.089448
0.325290
0.059502
0.098325
0.088884
0.101080
0.049742
0.082028
0.068785
0.015553
0.035723
0.132514
0.117826
0.058356
0.105689
0.098930
0.147108
0.096609
0.127173
0.098036
0.027454
0.016348
0.147557
0.011001
0.131600
0.098093
0.128449
0.101009
0.105334
0.135309
0.069695
0.040165
0.064747
0.136323
0.180587
0.026091
0.130232
0.056846
0.083324
0.210664
0.287411
0.200689
0.001966
0.047787
0.114483
0.032652
0.035852
0.041173
0.097962
0.137587
0.031791
0.052454
0.055029
0.007208
0.098999
0.090996
0.094071
0.093191
0.031030
0.036662
0.119855
0.059973
0.100516
0.091014
0.048163
0.083709
0.068164
0.034235
0.083050
0.099359
0.091242
0.073628
0.124922
0.076122
0.056395
0.016369
0.103982
0.087883
0.046639
0.305095
0.224792
0.044381
0.038595
0.127250
0.152738
0.034909
0.055498
0.096270
0.040994
0.060446
0.097748
0.094532
0.066133
0.108138
0.091247
0.049225
0.019136
0.035847
0.145242
0.073459
0.106580
0.080144
0.179792
0.315218
0.036796
0.158924
0.094923
0.023757
0.115715
0.118015
0.022159
0.101715
0.056144
0.070393
0.062184
0.037048
0.045400
0.440515
0.286035
0.087713
0.045833
0.065073
0.096372
0.153283
0.063695
0.079388
0.285650
0.102779
0.118751
0.156151
0.127086
0.107651
0.086142
0.115309
0.013289
0.091796
0.070186
0.057109
0.135322
0.101686
0.157300
0.036631
0.111685
0.162865
0.090787
0.109709
0.065575
0.035966
0.028876
0.148981
0.025735
0.247612
0.065833
0.067733
0.045299
0.061026
0.328077
0.108554
0.201278
0.059971
0.063522
0.068185
0.213920
0.162988
0.157406
0.122435
0.116258
0.118939
0.132545
0.290305
0.104545
0.245676
0.141370
0.155201
0.130267
0.071633
0.220548
0.187922
0.170702
0.140697
0.115303
0.159208
0.217111
0.309068
0.147756
0.066003
0.158294
0.126504
0.207464
0.420077
0.391552
0.247083
0.219202
0.075305
0.228028
0.095777
0.008678
0.126917
0.058309
0.101864
0.095986
0.106056
0.135641
0.374023
0.368988
0.449090
0.110899
0.181100
0.143484
0.184332
0.391718
0.156427
0.102387
0.164848
0.090994
0.114836
0.208235
0.132802
0.058571
0.022833
0.136780
0.293059
0.465985
0.055028
0.184614
0.226435
0.103925
0.042894
0.024005
0.148771
0.121130
0.138522
0.110059
0.147987
0.102234
0.109217
0.063530
0.167414
0.501789
0.513603
0.919943
0.114836
0.344416
0.272644
0.197438
0.425760
0.350493
0.310984
0.125327
0.153483
0.081135
0.164982
0.062625
0.093712
0.158871
0.062687
0.060097
0.108468
0.220249
0.148096
0.064545
0.189838
0.152256
0.118415
0.031933
0.064824
0.189140
0.095158
0.116288
0.292131
0.158070
0.113084
0.132506
0.104022
0.251025
0.160790
0.144375
0.171356
0.463191
0.012772
0.148377
0.138663
0.121974
0.150750
0.131629
0.109643
0.107715
0.111753
0.053750
0.167877
0.079614
0.174332
0.148400
0.157453
0.164251
0.134614
0.134757
0.124840
0.218230
0.156403
0.192528
0.165671
0.092700
0.050587
0.101451
0.138956
0.104611
0.088821
0.110516
0.135317
0.112767
0.054461
0.069216
0.168810
0.116917
0.178307
0.058932
0.044919
0.095158
0.200039
0.095470
0.398763
0.185047
0.456259
0.074805
0.019901
0.129190
0.114609
0.097791
0.114694
0.132570
0.039261
0.057609
0.101647
0.177167
0.106005
0.071152
0.052273
0.088423
0.128767
0.137171
0.164314
0.093878
0.049095
0.055159
0.074644
0.157164
0.087203
0.066618
0.116600
0.097878
0.133482
0.128753
0.086308
0.120321
0.045868
0.143072
0.022487
0.101716
0.085178
0.146819
0.035334
0.105790
0.119241
0.053783
0.154069
0.140526
0.146570
0.058353
0.032695
0.178900
0.093590
0.074217
0.036195
0.049257
0.125233
0.245252
0.313031
0.299283
0.206327
0.230177
0.078985
0.371146
0.059606
0.207119
0.213107
0.148028
0.116600
0.054287
0.102600
0.044825
0.059239
0.072511
0.097261
0.145299
0.094662
0.183884
0.104970
0.141029
0.112609
0.110273
0.121974
0.070467
0.179710
0.121137
0.089938
0.142722
0.129465
0.200786
0.056351
0.046993
0.037695
0.103112
0.223141
0.292517
0.098451
0.059606
0.279091
0.287382
0.309050
0.317288
0.541226
0.729031
0.359251
0.159245
0.164582
0.348271
0.316012
0.382795
0.311744
0.246111
0.317817
0.379886
0.379730
0.298065
0.139256
0.223993
0.268938
0.307501
0.156576
0.308541
0.265648
0.333293
0.106045
0.297657
0.113122
0.138618
0.178867
0.185594
0.100225
0.314049
0.481030
0.460708
0.607310
0.571106
0.334324
0.391700
0.345830
0.262455
0.269617
0.259681
0.109114
0.073243
0.084636
0.018154
0.194307
0.016730
0.155996
0.174085
0.034728
0.064564
0.138157
0.129555
0.154687
0.083516
0.106087
0.078932
0.099327
0.036298
0.064182
0.097596
0.093115
0.081447
0.039563
0.021196
0.072564
0.083064
0.052729
0.052729
0.140477
0.064234
0.258713
0.131161
0.167908
0.109531
0.086181
0.226952
0.022681
0.082039
0.104704
0.130358
0.072124
0.033682
0.053808
0.092617
0.075501
0.094096
0.020460
0.388420
0.130265
0.042619
0.087161
0.063101
0.082843
0.280497
0.132205
0.084769
0.041748
0.212033
0.084267
0.077976
0.047550
0.126168
0.116302
0.052721
0.090977
0.034210
0.124558
0.081690
0.007903
0.108399
0.103743
0.102425
0.058526
0.100227
0.033397
0.097994
0.114457
0.066847
0.110380
0.068352
0.137525
0.209756
0.103266
0.209995
0.183695
0.032692
0.176202
0.068685
0.242239
0.259716
0.009720
0.061072
0.070817
0.106348
0.102470
0.087703
0.089518
0.026618
0.046950
0.248513
0.098990
0.075004
0.072587
0.118700
0.078128
0.072124
0.057167
0.029226
0.055753
0.091238
0.050026
0.028015
0.039727
0.103148
0.049955
0.083512
0.121373
0.132441
0.044842
0.076959
0.084818
0.090236
0.031190
0.132832
0.143958
0.348283
0.459186
0.294512
0.017477
0.152182
0.095845
0.084924
0.098617
0.097932
0.078905
0.118307
0.028674
0.062741
0.109214
0.069727
0.310114
0.617204
0.022451
0.110258
0.104540
0.370919
0.117943
0.127838
0.108827
0.063859
0.151780
0.160838
0.125537
0.098636
0.188045
0.080062
0.064871
0.127916
0.106927
0.098605
0.135027
0.091189
0.114759
0.054530
0.133012
0.066609
0.066146
0.036782
0.092914
0.129373
0.117638
0.129859
0.128910
0.107142
0.077570
0.057713
0.056299
0.082880
0.034224
0.116941
0.081957
0.059106
0.060459
0.036270
0.018424
0.114742
0.123218
0.046801
0.081101
0.072042
0.063664
0.104057
0.094249
0.157151
0.104681
0.059316
0.101854
0.170937
0.106678
0.207119
0.192186
0.162408
0.076809
0.132127
0.099013
0.113189
0.066160
0.124826
0.057957
0.038764
0.195793
0.108980
0.136018
0.144572
0.107981
0.092509
0.079503
0.140526
0.148672
0.110406
0.076758
0.004793
0.081196
0.110922
0.098836
0.062988
0.144444
0.056733
0.049056
0.136834
0.192615
0.209971
0.236578
0.362443
0.516234
0.785014
1.000000
0.280639
0.450257
0.622870
0.904397
0.632082
0.811550
0.598148
0.453428
0.600161
0.363716
0.451813
0.220253
0.327356
0.281478
0.241214
0.301444
0.093150
0.037417
0.336651
0.656213
0.634441
0.078495
0.089914
0.274312
0.285135
0.104294
0.431227
0.199627
0.162007
0.187482
0.160519
0.072442
0.170418
0.265352
0.244581
0.284464
0.132579
0.106885
0.086288
0.098718
0.125786
0.059880
0.110471
0.097187
0.035901
0.367096
0.099314
0.160907
0.360976
0.137873
0.082543
0.082542
0.098382
0.026830
0.044675
0.039877
0.068443
0.137920
0.086503
0.076715
0.015671
0.094102
0.088089
0.106915
0.068307
0.035512
0.131153
0.085253
0.095777
0.067374
0.092466
0.103351
0.042918
0.217595
0.326366
0.661970
0.359242
0.513522
0.530484
0.098138
0.053152
0.198112
0.140360
0.109187
0.093967
0.085975
0.050836
0.079505
0.072714
0.057673
0.168231
0.165548
0.131720
0.178521
0.129892
0.054112
0.060610
0.082281
0.075317
0.082241
0.151065
0.112297
0.129616
0.130692
0.058409
0.019885
0.044849
0.168231
0.106721
0.047658
0.127274
0.128166
0.064092
0.045504
0.055830
0.019014
0.180460
0.293669
0.620570
0.791228
0.735377
0.471894
0.121161
0.126028
0.106002
0.258743
0.212829
0.093231
0.249093
0.109518
0.382644
0.104037
0.112192
0.338150
0.014194
0.252723
0.277753
0.721800
0.777341
0.866795
0.425583
0.029162
0.157171
0.323073
0.284355
0.240339
0.316166
0.343098
0.263424
0.294993
0.098261
0.282651
0.091114
0.154055
0.282818
0.176218
0.170746
0.228557
0.337338
0.256495
0.140172
0.128104
0.071416
0.066598
0.127834
0.232748
0.381568
0.238033
0.052710
0.107539
0.082985
0.075914
0.109950
0.101671
0.089115
0.016187
0.036199
0.137046
0.089824
0.084854
0.124457
0.107387
0.061615
0.051003
0.054068
0.107500
0.039877
0.168491
0.134265
0.026963
0.066617
0.051867
0.068592
0.058775
0.125352
0.255344
0.349334
0.741928
0.283681
0.261067
0.405720
0.043525
0.491003
0.428575
0.176297
0.249900
0.162911
0.087517
0.231234
0.344382
0.501811
0.675364
0.596823
0.656655
0.133796
0.467780
0.165339
0.062900
0.103249
0.151297
0.140698
0.021073
0.023703
0.063107
0.094385
0.093795
0.133452
0.077856
0.104971
0.022129
0.052155
0.064162
0.143620
0.187842
0.078744
0.076626
0.081101
0.201482
0.000527
0.067274
0.107711
0.116601
0.040765
0.021385
0.053693
0.025587
0.014825
0.076295
0.030743
0.176799
0.058130
0.189972
0.284970
0.143315
0.102897
0.085833
0.074698
0.224517
0.402283
0.203403
0.074192
0.271304
0.635479
0.548545
0.267309
0.435669
0.588141
0.318404
0.570405
0.316954
0.254341
0.278970
0.536466
0.991085
0.378765
0.164984
0.569450
0.120173
0.078779
0.157065
0.256321
0.241066
0.427577
0.353563
0.186489
0.297392
0.079975
0.593725
0.837909
0.507229
0.596051
0.692672
0.672177
0.746911
0.511118
0.609413
0.447776
0.549260
0.567883
0.687342
0.770402
0.508432
0.198463
0.085788
0.106102
0.127287
0.122537
0.332817
0.192557
0.309828
0.181697
0.277885
0.330376
0.255264
0.038426
0.123927
0.092965
0.305536
0.359063
0.086310
0.106878
0.149398
0.192252
0.100793
0.256377
0.190831
0.139833
0.093499
0.058671
0.163803
0.100127
0.115681
0.180152
0.212798
0.267592
0.254374
0.504762
0.524187
0.127367
0.079645
0.139808
0.555464
0.244120
0.334539
0.439776
0.339148
0.100489
0.183020
0.076095
0.120954
0.095215
0.176351
0.060278
0.037044
0.175524
0.105543
0.111947
0.146676
0.018158
0.072084
0.042342
0.067352
0.011943
0.017131
0.109299
0.390562
0.364853
0.263398
0.267004
0.063556
0.268455
0.056757
0.166190
0.135230
0.077820
0.182925
0.083010
0.214797
0.120954
0.411169
0.414338
0.607859
0.601105
0.246479
0.145961
0.231084
0.137868
0.009202
0.023843
0.076348
0.163744
0.422610
0.458036
0.605134
0.511789
0.220286
0.171554
0.018176
0.124354
0.189942
0.058600
0.131081
0.136188
0.326859
0.478336
0.049755
0.518435
0.536644
0.249857
0.085120
0.375841
0.178119
0.339402
0.093711
0.143315
0.209825
0.113661
0.006016
0.204085
0.328736
0.101165
0.312462
0.237625
0.210482
0.335337
0.318288
0.667823
0.568372
0.271182
0.287961
0.607174
0.748112
0.483571
0.684414
0.395811
0.468290
0.644007
0.633290
0.756024
0.954231
0.591219
0.546738
0.440063
0.403828
0.182429
0.805263
0.392954
0.058601
0.121441
0.288423
0.109166
0.274689
0.384028
0.106848
0.562380
0.355508
0.244489
0.107914
0.273118
0.262279
0.079126
0.348793
0.273549
0.455388
0.152432
0.121959
0.469047
0.246003
0.155456
0.285994
0.197737
0.075319
0.536392
0.295621
0.126464
0.090361
0.011204
0.452782
0.186034
0.034305
0.010887
0.081027
0.044766
0.242986
0.033641
0.117573
0.492915
0.255752
0.196254
0.119116
0.451947
0.143991
0.171138
0.044669
0.238700
0.392546
0.232104
0.429239
0.149948
0.136738
0.136194
0.292770
0.021840
0.223875
0.255331
0.078361
0.441491
0.161233
0.331712
0.500067
0.117094
0.112397
0.192257
0.214441
0.470811
0.136077
0.502681
0.808852
0.191313
0.348450
0.539801
0.274152
0.311481
0.100758
0.189607
0.209429
0.167276
0.301890
0.139098
0.474444
0.485684
0.272805
0.484543
0.345429
0.077893
0.206957
0.103944
0.120979
0.162800
0.140326
0.052790
0.078361
0.159753
0.382519
0.726790
0.144650
0.100787
0.125003
0.029965
0.089628
0.181684
0.076614
0.222563
0.055153
0.073481
0.193254
0.136634
0.122854
0.304252
0.512534
0.088028
0.095333
0.167512
0.239800
0.300441
0.086714
0.276788
0.642975
0.133832
0.122988
0.169884
0.225815
0.219481
0.107850
0.205165
0.145829
0.066623
0.141663
0.035599
0.610485
0.446114
0.379020
0.199635
0.231024
0.062759
0.242597
0.324630
0.166687
0.291653
0.474616
0.010544
0.031114
0.045898
0.151906
0.159428
0.265340
0.396230
0.056649
0.553893
0.843786
0.464782
0.689729
0.164963
0.203710
0.120359
0.390917
0.089870
0.223298
0.096120
0.109831
0.077571
0.146631
0.027347
0.287766
0.247402
0.137935
0.110035
0.180534
0.153510
0.103173
0.021753
0.023250
0.165927
0.241358
0.100373
0.370968
0.444125
0.308486
0.260011
0.231010
0.300830
0.154338
0.159103
0.054822
0.345110
0.330512
0.211370
0.268634
0.482324
0.325018
0.177158
0.424506
0.130136
0.073391
0.126990
0.228351
0.156883
0.191110
0.215504
0.205873
0.076641
0.162668
0.045102
0.072790
0.195067
0.173257
0.477913
0.191457
0.581097
0.300024
0.078612
0.144249
0.195503
0.144909
0.369392
0.383632
0.436238
0.341924
0.291474
0.199178
0.123585
0.276858
0.387595
0.304424
0.140487
0.107479
0.345874
0.202196
0.193411
0.073614
0.064152
0.227015
0.361553
0.094599
0.110058
0.092325
0.129713
0.157034
0.124715
0.189863
0.292539
0.068982
0.116592
0.297480
0.139882
0.102310
0.103804
0.074397
0.420709
0.561955
0.258023
0.153027
0.144088
0.098822
0.330592
0.147062
0.199879
0.075373
0.120749
0.029911
0.102635
0.055753
0.048942
0.133203
0.169398
0.058434
0.103823
0.081557
0.104045
0.005266
0.083644
0.178847
0.082134
0.082205
0.114365
0.107754
0.049767
0.051084
0.121999
0.032890
0.080603
0.088072
0.113120
0.068551
0.129165
0.078085
0.079613
0.245194
0.194445
0.161574
0.094599
0.180073
0.092795
0.073438
0.043271
0.006738
0.107621
0.164303
0.192557
0.033735
0.109881
0.064772
0.006254
0.104704
0.066561
0.060278
0.071899
0.099268
0.196285
0.307717
0.142520
0.041212
0.062781
0.072275
0.102425
0.140724
0.107503
0.120363
0.099478
0.080627
0.056479
0.062756
0.124321
0.104734
0.086806
0.274633
0.091123
0.097437
0.123397
0.064348
0.118450
0.231780
0.262402
0.162593
0.160523
0.051762
0.039632
0.109284
0.181018
0.138929
0.085934
0.093958
0.142228
0.122849
0.275799
0.307304
0.158487
0.047718
0.096365
0.035816
0.058727
0.118097
0.260435
0.151131
0.039412
0.060248
0.098639
0.097720
0.145548
0.331299
0.224458
0.131997
0.248120
0.090827
0.067948
0.064279
0.072124
0.039165
0.070842
0.126100
0.110165
0.080040
0.283543
0.040733
0.056547
0.009083
0.133916
0.102121
0.066406
0.109417
0.110173
0.130113
0.043308
0.156453
0.101838
0.074444
0.097022
0.094199
0.030719
0.076313
0.103220
0.094562
0.105300
0.071749
0.078478
0.086626
0.070162
0.107304
0.100049
0.068138
0.124513
0.113773
0.073832
0.132523
0.036922
0.094609
0.128567
0.069480
0.131956
0.132206
0.104093
0.041273
0.059898
0.062150
0.063352
0.198730
0.063820
0.085871
0.108873
0.052826
0.055989
0.113137
0.132820
0.085535
0.135544
0.065997
0.091393
0.193183
0.211105
0.307266
0.124061
0.049307
0.164090
0.036670
0.075541
0.114256
0.103049
0.370500
0.211086
0.068650
0.064140
0.160261
0.057110
0.323204
0.083438
0.090909
0.042542
0.037478
0.307731
0.280436
0.152725
0.130710
0.096365
0.066891
0.108432
0.025492
0.127355
0.006254
0.081772
0.039931
0.040060
0.091238
0.156453
0.089146
0.037313
0.047224
0.007903
0.128090
0.070553
0.077987
0.178576
0.103855
0.054955
0.094833
0.122626
0.083964
0.074185
0.090975
0.110388
0.066577
0.047918
0.166514
0.066693
0.090449
0.103615
0.092320
0.100144
0.080013
0.042287
0.096179
0.122495
0.073309
0.051595
0.118793
0.045107
0.191659
0.059574
0.141686
0.202302
0.238142
0.087857
0.104299
0.294453
0.212267
0.478039
0.122607
0.187968
0.064348
0.085179
0.318676
0.360205
0.012321
0.034714
0.111977
0.130842
0.059923
0.121729
0.173783
0.118817
0.099478
0.076911
0.122408
0.225966
0.208139
0.072718
0.100707
0.037770
0.022075
0.056992
0.115556
0.083010
0.119535
0.089728
0.072039
0.075004
0.103936
0.116422
0.079794
0.040842
0.107611
0.059923
0.077898
0.056311
0.104523
0.127279
0.148005
0.119223
0.131871
0.066822
0.047472
0.066402
0.084880
0.074442
0.096024
0.044358
0.098581
0.097450
0.023090
0.046425
0.029943
0.073932
0.073868
0.043221
0.066241
0.100717
0.122188
0.111156
0.116068
0.015924
0.081461
0.050466
0.120871
0.105566
0.113410
0.112881
0.105277
0.048474
0.072840
0.112348
0.088658
0.076898
0.123126
0.093457
0.128226
0.096442
0.103414
0.105369
0.056474
0.097570
0.081843
0.120153
0.140717
0.149044
0.171337
0.101401
0.120323
0.122422
0.083159
0.091488
0.103266
0.132602
0.105868
0.068626
0.051614
0.097932
0.091288
0.049506
0.104591
0.054619
0.094415
0.110605
0.098437
0.051687
0.079746
0.080613
0.095873
0.053282
0.121934
0.142776
0.033953
0.026197
0.096995
0.111533
0.092484
0.030081
0.155396
0.153386
0.128678
0.060340
0.190168
0.059185
0.062121
0.001875
0.123504
0.046462
0.102670
0.027137
0.104251
0.110881
0.016881
0.121652
0.166565
0.123834
0.121252
0.055179
0.067353
0.042071
0.085916
0.037203
0.154438
0.396184
0.336902
0.202636
0.027049
0.027682
0.109767
0.017161
0.119218
0.082304
0.098363
0.101027
0.102564
0.072336
0.010797
0.069141
0.122412
0.051540
0.081412
0.105163
0.056275
0.099732
0.094380
0.044687
0.087025
0.020737
0.090339
0.042815
0.065531
0.093753
0.026830
0.095770
0.076313
0.010797
0.040117
0.058363
0.068452
0.068503
0.087042
0.047994
0.019257
0.089334
0.047517
0.089061
0.100427
0.061895
0.094877
0.131608
0.042990
0.048610
0.058175
0.038863
0.032317
0.077493
0.045700
0.104821
0.030440
0.043543
0.116975
0.035706
0.112280
0.073030
0.099732
0.055323
0.081206
0.126963
0.085468
0.063167
0.039715
0.111790
0.102832
0.110848
0.079719
0.038602
0.096267
0.093438
0.058786
0.080341
0.088089
0.038602
0.084473
0.118841
0.104982
0.120483
0.075071
0.105163
0.096818
0.129980
0.114023
0.108772
0.112626
0.105385
0.103022
0.116554
0.104382
0.126781
0.080936
0.064871
0.025003
0.109605
0.094760
0.134588
0.119949
0.066858
0.054326
0.051122
0.054180
0.040627
0.022537
0.075835
0.070363
0.078245
0.083361
0.106449
0.071329
0.079489
0.009182
0.116121
0.079917
0.068665
0.061316
0.053430
0.102417
0.046779
0.072107
0.028738
0.017464
0.092969
0.093461
0.037861
0.113171
0.059574
0.070173
0.082542
0.069141
0.110854
0.048179
0.035122
0.044714
0.088145
0.017562
0.017544
0.111285
0.130918
0.129312
0.139299
0.094760
0.148519
0.110294
0.143546
0.109150
0.062312
0.041718
0.091304
0.151703
0.065693
0.045576
0.069987
0.135160
0.061902
0.047144
0.064523
0.106928
0.044241
0.048040
0.088254
0.086763
0.119510
0.087707
0.066154
0.077253
0.049615
0.116639
0.032695
0.102933
0.093431
0.087556
0.091257
0.078313
0.045362
0.011483
0.099884
0.129432
0.064832
0.120996
0.112094
0.112094
0.135593
0.087679
0.075705
0.092995
0.118494
0.122220
0.119311
0.050013
0.115518
0.123083
0.084077
0.075304
0.128101
0.150065
0.076971
0.034188
0.129767
0.037611
0.075201
0.076150
0.064255
0.065155
0.150959
0.124706
0.133957
0.131823
0.100623
0.114495
0.116970
0.079857
0.152624
0.132155
0.110703
0.128552
