0.126359
0.126583
0.143263
0.136444
0.136444
0.135128
0.148054
0.154271
0.146746
0.146067
0.148919
0.142173
0.145283
0.152481
0.146067
0.139243
0.129276
0.111418
0.110024
0.111112
0.121036
0.135648
0.129702
0.132956
0.162096
0.150242
0.159920
0.145283
0.154873
0.155510
0.172561
0.147394
0.151995
0.147849
0.138533
0.135556
0.123636
0.126583
0.120213
0.115166
0.127617
0.123765
0.121002
0.124630
0.123560
0.123560
0.119917
0.122688
0.113157
0.123560
0.130090
0.139632
0.139632
0.139632
0.126095
0.121002
0.121002
0.127160
0.123560
0.120098
0.120098
0.116457
0.127160
0.126359
0.126359
0.134619
0.133620
0.129276
0.131509
0.133620
0.133620
0.138065
0.131874
0.140829
0.136444
0.129219
0.132170
0.092152
0.097359
0.076949
0.079175
0.075722
0.069453
0.075081
0.086710
0.093759
0.062272
0.067772
0.052000
0.141136
0.102881
0.094261
0.047986
0.010198
0.004425
0.010317
0.011619
0.013707
0.009999
0.014674
0.011619
0.009629
0.009629
0.000940
0.000940
0.000940
0.010198
0.004425
0.009596
0.020154
0.008346
0.017032
0.017032
0.026640
0.009629
0.019117
0.019763
0.036794
0.028527
0.004425
0.004425
0.028291
0.010673
0.004425
0.001852
0.009792
0.017268
0.004425
0.011619
0.010844
0.029158
0.013742
0.013742
0.012708
0.039961
0.009999
0.026938
0.013345
0.013345
0.017492
0.041422
0.026262
0.025403
0.021798
0.030296
0.019287
0.023543
0.011094
0.011116
0.007354
0.020658
0.016909
0.033058
0.027710
0.020859
0.043081
0.029805
0.026877
0.029155
0.030743
0.025803
0.025803
0.030743
0.030964
0.030964
0.032511
0.041242
0.044710
0.035184
0.056335
0.049976
0.044681
0.056335
0.052564
0.051578
0.071079
0.047467
0.041904
0.049976
0.038939
0.038939
0.046419
0.039195
0.038939
0.041242
0.041744
0.028755
0.029447
0.030964
0.033529
0.059161
0.035184
0.056335
0.042270
0.038939
0.046833
0.046833
0.035548
0.029447
0.032511
0.032511
0.038873
0.041242
0.038939
0.042270
0.041744
0.025803
0.121641
0.028291
0.046897
0.028313
0.007692
0.019763
0.033787
0.033787
0.022033
0.043081
0.048954
0.032511
0.034604
0.041744
0.018383
0.029158
0.010317
0.019763
0.009999
0.023543
0.004425
0.009596
0.027519
0.004425
0.011619
0.000964
0.031402
0.026266
0.019435
0.026946
0.034032
0.049623
0.038825
0.035150
0.035247
0.037710
0.043151
0.039877
0.041346
0.035247
0.039652
0.030994
0.029460
0.048535
0.045859
0.027335
0.015092
0.024490
0.016712
0.021973
0.013807
0.017942
0.050867
0.021973
0.010060
0.018955
0.018955
0.012068
0.026583
0.026666
0.011245
0.026409
0.017268
0.026938
0.010317
0.008592
0.013111
0.013111
0.040388
0.022737
0.009540
0.000940
0.009540
0.020154
0.010198
0.017032
0.026409
0.000940
0.009578
0.026640
0.037313
0.008390
0.018822
0.035780
0.026938
0.036302
0.046969
0.038600
0.012708
0.023543
0.013707
0.021136
0.013742
0.012708
0.013707
0.021136
0.013707
0.013742
0.013707
0.031576
0.017492
0.024589
0.013742
0.046577
0.023543
0.016125
0.020658
0.011094
0.010198
0.028527
0.004425
0.036794
0.028132
0.010317
0.000940
0.020154
0.029941
0.010149
0.020154
0.007714
0.007692
0.007941
0.009629
0.010673
0.006272
0.011698
0.011698
0.010844
0.016909
0.039123
0.033787
0.023543
0.020296
0.033787
0.056748
0.014056
0.013707
0.031576
0.020859
0.017268
0.069111
0.078329
0.022737
0.013111
0.026640
0.019763
0.037745
0.011619
0.084347
0.084006
0.035150
0.045922
0.036572
0.070270
0.057614
0.057614
0.045514
0.045922
0.045514
0.052640
0.046834
0.048263
0.045514
0.044256
0.045514
0.035150
0.035150
0.035150
0.032540
0.034101
0.035150
0.048928
0.039002
0.048024
0.059954
0.049437
0.050681
0.044637
0.052640
0.040646
0.047224
0.052640
0.041697
0.047224
0.045514
0.041697
0.040880
0.043171
0.046199
0.040797
0.038810
0.050128
0.038810
0.050025
0.037439
0.031492
0.031514
0.030528
0.028919
0.030528
0.028919
0.030991
0.020082
0.021973
0.013807
0.010060
0.012068
0.020851
0.012068
0.007445
0.006325
0.026583
0.006325
0.037030
0.012068
0.018955
0.006325
0.020851
0.017014
0.010060
0.014934
0.010060
0.020851
0.010060
0.015092
0.020851
0.021973
0.017014
0.026266
0.019435
0.031905
0.045922
0.054177
0.066553
0.061988
0.056048
0.048024
0.043171
0.044637
0.044637
0.071128
0.076744
0.063560
0.042199
0.047251
0.047251
0.047936
0.039586
0.041234
0.055311
0.044484
0.013737
0.025445
0.021121
0.023766
0.023022
0.016349
0.020481
0.017478
0.010632
0.013542
0.013737
0.021060
0.011949
0.016432
0.006866
0.013542
0.032177
0.023349
0.013737
0.025445
0.033862
0.020481
0.019355
0.013110
0.033862
0.016349
0.019499
0.018829
0.018696
0.038556
0.028440
0.026177
0.032011
0.024958
0.025963
0.034070
0.028050
0.030469
0.027777
0.043245
0.037460
0.031427
0.028050
0.049411
0.030469
0.034070
0.037460
0.028050
0.031799
0.033695
0.034060
0.038212
0.038212
0.038212
0.048072
0.038212
0.037740
0.037740
0.034060
0.033695
0.038212
0.043271
0.037259
0.029467
0.024958
0.022433
0.022366
0.018829
0.016349
0.020466
0.018829
0.021121
0.052418
0.025445
0.020466
0.034823
0.033862
0.020466
0.026626
0.016072
0.029204
0.036954
0.022690
0.015394
0.015394
0.018829
0.020466
0.036954
0.022366
0.026029
0.026029
0.026763
0.057150
0.030469
0.025963
0.031213
0.031213
0.036537
0.031213
0.031213
0.025100
0.041074
0.027777
0.041895
0.028050
0.031213
0.038738
0.046054
0.043245
0.039710
0.031213
0.030469
0.021121
0.021387
0.017982
0.028247
0.053531
0.008648
0.025252
0.025116
0.005805
0.013542
0.033862
0.013110
0.016432
0.025253
0.009225
0.005565
0.006370
0.020153
0.007678
0.005565
0.010872
0.002362
0.016112
0.055101
0.023707
0.022033
0.047024
0.040338
0.042793
0.036751
0.031175
0.035723
0.030456
0.037756
0.037912
0.031560
0.036751
0.037585
0.040382
0.019759
0.040091
0.007348
0.048246
0.029504
0.002041
0.006866
0.030714
0.002041
0.039031
0.012854
0.006866
0.002041
0.007127
0.025253
0.110689
0.027610
0.030511
0.033380
0.030456
0.026713
0.026010
0.022408
0.029651
0.026713
0.034069
0.038070
0.039101
0.042505
0.038429
0.034196
0.038547
0.042205
0.032379
0.036078
0.026713
0.022974
0.030778
0.022974
0.032232
0.051742
0.019759
0.020626
0.028572
0.028572
0.030456
0.028572
0.028572
0.022974
0.020303
0.043368
0.028969
0.031120
0.038762
0.040382
0.041703
0.044298
0.033412
0.034069
0.031175
0.035157
0.037756
0.041508
0.037585
0.039828
0.036727
0.035157
0.035157
0.038070
0.035157
0.039536
0.024496
0.023535
0.045455
0.036708
0.044407
0.032812
0.016455
0.037373
0.029142
0.029142
0.020903
0.051885
0.051885
0.054805
0.039032
0.039652
0.025502
0.047024
0.028546
0.036708
0.045500
0.036078
0.037756
0.037756
0.037756
0.042505
0.037756
0.028398
0.029142
0.046919
0.039032
0.046260
0.027649
0.026231
0.011110
0.006237
0.053180
0.026231
0.054121
0.054459
0.017703
0.008659
0.035874
0.045818
0.003108
0.006465
0.008300
0.025157
0.025157
0.043594
0.024924
0.053025
0.016287
0.034277
0.034277
0.015630
0.043510
0.025003
0.024924
0.034395
0.015614
0.016287
0.053695
0.011511
0.053695
0.025595
0.025595
0.016287
0.025595
0.026685
0.034395
0.007183
0.044317
0.057548
0.046260
0.020903
0.027649
0.036657
0.051885
0.025502
0.048427
0.045770
0.040964
0.045455
0.044407
0.041456
0.036708
0.041508
0.041508
0.043961
0.043961
0.033380
0.037756
0.039101
0.037756
0.039536
0.044298
0.033380
0.039536
0.033380
0.039536
0.037756
0.034069
0.034476
0.031175
0.041582
0.042205
0.036374
0.038070
0.027145
0.044298
0.041508
0.033380
0.041582
0.037756
0.042505
0.036727
0.037756
0.035157
0.039101
0.035358
0.013403
0.005044
0.007570
0.008300
0.016230
0.034329
0.001781
0.006502
0.034163
0.016287
0.006502
0.034948
0.016287
0.027649
0.016287
0.026685
0.045818
0.020903
0.029142
0.019003
0.017703
0.027649
0.037151
0.045818
0.027649
0.008579
0.022388
0.022388
0.037373
0.045818
0.008579
0.008579
0.027649
0.027649
0.015186
0.011511
0.008659
0.017139
0.006011
0.013403
0.015186
0.020903
0.016455
0.010401
0.011458
0.014106
0.017505
0.025502
0.030511
0.020488
0.025952
0.023404
0.023404
0.022476
0.021536
0.022471
0.032812
0.025502
0.027610
0.025812
0.019950
0.023346
0.025812
0.020488
0.020146
0.019950
0.017805
0.017805
0.032812
0.020146
0.042743
0.025003
0.022476
0.022476
0.032809
0.020146
0.025502
0.023346
0.022471
0.028252
0.023523
0.023404
0.023404
0.026421
0.032379
0.026421
0.025952
0.022471
0.021536
0.024496
0.026421
0.030127
0.028969
0.027145
0.023523
0.042743
0.017164
0.011511
0.048310
0.039279
0.001781
0.020236
0.020632
0.016287
0.009620
0.011710
0.020632
0.072345
0.088401
0.096564
0.091117
0.085076
0.071072
0.062716
0.062716
0.047650
0.048131
0.052323
0.081063
0.104740
0.072993
0.056417
0.044502
0.044290
0.033872
0.041993
0.037211
0.041993
0.030843
0.057296
0.023729
0.021940
0.015640
0.027973
0.012595
0.014969
0.040457
0.029798
0.061874
0.029798
0.015910
0.017141
0.010090
0.039592
0.015761
0.007570
0.111642
0.087016
0.065126
0.081063
0.097790
0.086392
0.092804
0.092804
0.078216
0.072010
0.067610
0.072010
0.067610
0.068607
0.062265
0.069628
0.075054
0.081201
0.075054
0.061668
0.058740
0.067935
0.097790
0.077297
0.069628
0.062265
0.081201
0.097790
0.110976
0.133839
0.150953
0.113233
0.204597
0.191511
0.158069
0.172453
0.176460
0.187052
0.197031
0.193564
0.190918
0.196200
0.186605
0.187685
0.183786
0.184011
0.172702
0.161972
0.144701
0.136181
0.151150
0.147159
0.151237
0.163154
0.157678
0.156544
0.157678
0.152731
0.141377
0.140503
0.132302
0.135927
0.145688
0.140284
0.123275
0.123275
0.125737
0.146165
0.127304
0.134623
0.136940
0.135315
0.129486
0.130972
0.127304
0.131877
0.137735
0.142635
0.153687
0.136142
0.145338
0.133315
0.133315
0.127304
0.126880
0.142635
0.161301
0.152906
0.132712
0.134368
0.129424
0.103710
0.106469
0.108243
0.123168
0.102664
0.109906
0.110741
0.131290
0.134439
0.126754
0.140199
0.127304
0.119845
0.123792
0.133618
0.113348
0.121009
0.102957
0.080490
0.086663
0.085533
0.083908
0.093393
0.093393
0.083908
0.107476
0.090007
0.098164
0.095700
0.093393
0.094450
0.111190
0.114066
0.094167
0.079305
0.069380
0.088385
0.064699
0.058538
0.062875
0.061171
0.069947
0.072636
0.055909
0.055909
0.047225
0.047225
0.058691
0.041935
0.036842
0.034347
0.036842
0.032563
0.019968
0.031085
0.031085
0.033311
0.016549
0.039689
0.038616
0.009146
0.027006
0.035794
0.027006
0.036282
0.026132
0.036282
0.092433
0.020652
0.036282
0.028120
0.056390
0.038090
0.016549
0.039689
0.014288
0.046065
0.016549
0.031085
0.039689
0.039689
0.031085
0.031085
0.031085
0.031085
0.024963
0.059886
0.042592
0.018951
0.016549
0.031085
0.048582
0.023085
0.039689
0.041563
0.059085
0.017376
0.031085
0.021051
0.018647
0.019266
0.019266
0.048582
0.011262
0.055737
0.009146
0.019266
0.046458
0.055372
0.004019
0.031908
0.040899
0.020537
0.024735
0.031412
0.023210
0.014967
0.022284
0.019612
0.023542
0.029418
0.031412
0.023210
0.027095
0.024255
0.014967
0.037156
0.014967
0.010261
0.018582
0.006553
0.007662
0.016582
0.053830
0.007811
0.007811
0.004019
0.004019
0.007811
0.012799
0.029035
0.009234
0.011868
0.011868
0.011450
0.017211
0.020083
0.007811
0.001362
0.016582
0.016582
0.007811
0.029754
0.013574
0.020497
0.029398
0.016582
0.010707
0.010305
0.025911
0.007427
0.038027
0.010081
0.010081
0.028658
0.019581
0.016436
0.028771
0.019581
0.011474
0.007280
0.013608
0.021051
0.006210
0.011949
0.013608
0.021416
0.007280
0.004395
0.019581
0.019312
0.038197
0.019581
0.056789
0.039075
0.001362
0.010050
0.009146
0.019312
0.039075
0.012799
0.012799
0.031908
0.013995
0.040899
0.031908
0.023228
0.010261
0.009876
0.007811
0.029035
0.029035
0.011450
0.011450
0.019657
0.019657
0.016582
0.028812
0.019581
0.001186
0.019581
0.004395
0.026132
0.010724
0.011474
0.011949
0.028120
0.029596
0.004395
0.028930
0.047348
0.056711
0.010724
0.011949
0.001186
0.010081
0.019581
0.017849
0.014288
0.021051
0.020097
0.019581
0.004395
0.028930
0.021051
0.014288
0.029791
0.013305
0.021051
0.010389
0.047348
0.029035
0.038421
0.048424
0.004019
0.004019
0.007811
0.001362
0.016436
0.010724
0.028989
0.004395
0.009146
0.008051
0.011949
0.020097
0.007280
0.011949
0.030452
0.048424
0.080899
0.051376
0.052134
0.045202
0.023210
0.021546
0.040899
0.021968
0.029754
0.023210
0.057063
0.058844
0.043468
0.040189
0.051466
0.040726
0.038854
0.034390
0.031534
0.028928
0.043504
0.041611
0.055270
0.045857
0.041043
0.044798
0.044853
0.040695
0.041611
0.050530
0.050530
0.054001
0.044798
0.057498
0.058801
0.052597
0.049942
0.059332
0.050432
0.047578
0.044426
0.062571
0.040989
0.031824
0.039142
0.026571
0.016618
0.007981
0.023679
0.013710
0.031011
0.003198
0.031243
0.021857
0.022370
0.015722
0.031672
0.051604
0.042989
0.034507
0.010603
0.032743
0.021857
0.022775
0.004969
0.021623
0.030880
0.030880
0.031194
0.031194
0.013872
0.058953
0.059187
0.059415
0.050376
0.060041
0.032026
0.025133
0.034507
0.033938
0.052160
0.025133
0.033938
0.035646
0.019688
0.027231
0.042989
0.026510
0.019688
0.016943
0.022370
0.022775
0.024231
0.041340
0.032743
0.034507
0.016943
0.019688
0.014590
0.003198
0.012154
0.012154
0.005399
0.005671
0.015434
0.008238
0.010769
0.010603
0.013975
0.020641
0.020641
0.018053
0.021758
0.019688
0.016963
0.014383
0.016495
0.017499
0.018053
0.013305
0.013975
0.016943
0.008238
0.010603
0.016618
0.016943
0.019688
0.017499
0.027231
0.018053
0.018053
0.020070
0.020070
0.022921
0.026571
0.026584
0.029205
0.029957
0.032612
0.043571
0.045862
0.041124
0.039843
0.039304
0.038877
0.038464
0.038464
0.041124
0.041124
0.041960
0.038464
0.044921
0.048017
0.044762
0.044131
0.042984
0.047638
0.044047
0.047777
0.044047
0.047578
0.049884
0.047578
0.051271
0.051914
0.047578
0.047777
0.051271
0.050438
0.048686
0.021530
0.033287
0.081575
0.119115
0.053988
0.054346
0.057535
0.056456
0.057848
0.064032
0.056199
0.044572
0.045642
0.055204
0.039066
0.035537
0.050982
0.037378
0.040256
0.023940
0.036994
0.037593
0.037593
0.054446
0.047515
0.050699
0.045219
0.039066
0.039066
0.038914
0.052721
0.025099
0.035199
0.039943
0.053952
0.039482
0.040583
0.039482
0.043206
0.042123
0.043206
0.063149
0.125319
0.016095
0.050786
0.009107
0.025477
0.009107
0.024905
0.062716
0.026106
0.038218
0.020584
0.025907
0.060798
0.060808
0.076415
0.058900
0.054282
0.048038
0.047515
0.047515
0.044572
0.035500
0.028820
0.035199
0.035199
0.019198
0.059077
0.031243
0.032026
0.016943
0.013305
0.018775
0.027913
0.020641
0.027433
0.034247
0.015757
0.041851
0.049173
0.022167
0.026063
0.006986
0.009893
0.025553
0.021479
0.003172
0.006986
0.037244
0.003172
0.040410
0.050830
0.049623
0.082770
0.081993
0.057402
0.053795
0.062559
0.060808
0.047380
0.052290
0.058877
0.059768
0.059178
0.049296
0.040256
0.034406
0.029660
0.022448
0.016902
0.031155
0.019541
0.023016
0.025980
0.033702
0.019541
0.020594
0.031155
0.022960
0.023866
0.020180
0.012207
0.015376
0.017357
0.034006
0.004969
0.005140
0.014297
0.014590
0.016943
0.027433
0.016495
0.035409
0.030617
0.021762
0.028952
0.021880
0.037780
0.037780
0.020070
0.025778
0.020641
0.021880
0.033097
0.029205
0.035796
0.031316
0.028057
0.035073
0.042763
0.037892
0.036382
0.045527
0.039869
0.041437
0.045573
0.036324
0.042425
0.028626
0.027700
0.033801
0.031097
0.027499
0.027700
0.031097
0.027499
0.043704
0.027499
0.031558
0.031230
0.030155
0.033536
0.030470
0.032463
0.036759
0.035102
0.033098
0.035102
0.033098
0.037566
0.033098
0.037566
0.044314
0.033098
0.032317
0.031558
0.041562
0.033334
0.036033
0.031558
0.036774
0.031558
0.036033
0.032317
0.055182
0.039495
0.046342
0.066618
0.064221
0.064221
0.064262
0.061057
0.059528
0.060041
0.060585
0.067501
0.051366
0.051546
0.052187
0.054036
0.054036
0.067501
0.046344
0.042594
0.048898
0.063129
0.063742
0.046344
0.063742
0.052665
0.045537
0.037710
0.045304
0.051276
0.045304
0.042581
0.045304
0.048965
0.034164
0.052230
0.050454
0.047821
0.052187
0.052665
0.048898
0.067576
0.065986
0.060041
0.057513
0.067061
0.060585
0.057513
0.050463
0.054929
0.052665
0.063129
0.046344
0.040720
0.042991
0.040624
0.051276
0.028944
0.061817
0.023109
0.026412
0.019527
0.035038
0.023166
0.020870
0.020002
0.024731
0.019527
0.017488
0.025062
0.021212
0.035038
0.016741
0.033253
0.019527
0.017763
0.025062
0.017763
0.016741
0.022758
0.017746
0.020002
0.018500
0.018500
0.018500
0.011940
0.012051
0.021790
0.009569
0.012522
0.011409
0.029915
0.012235
0.006531
0.008767
0.004135
0.006531
0.048581
0.004135
0.004135
0.006531
0.021790
0.006531
0.016076
0.009569
0.006531
0.017038
0.013424
0.006531
0.025351
0.011409
0.011408
0.034007
0.011408
0.008680
0.015725
0.012769
0.015387
0.019604
0.020231
0.022100
0.017865
0.019047
0.027473
0.015387
0.017865
0.017889
0.017865
0.017889
0.017865
0.017582
0.027473
0.052698
0.007769
0.006181
0.011200
0.024665
0.006205
0.006205
0.025299
0.016729
0.011940
0.006205
0.024756
0.024756
0.017107
0.025299
0.017107
0.034294
0.017107
0.011940
0.023304
0.012769
0.015387
0.015387
0.017865
0.028818
0.022160
0.017865
0.021616
0.027103
0.024906
0.024906
0.027129
0.027931
0.027931
0.034557
0.025353
0.025353
0.027223
0.030967
0.032748
0.045111
0.036566
0.038548
0.036304
0.040146
0.038548
0.036807
0.062727
0.037372
0.040267
0.038548
0.036807
0.037372
0.036304
0.036807
0.044688
0.043744
0.043744
0.046972
0.039713
0.043021
0.039713
0.039246
0.039713
0.037372
0.042360
0.044729
0.046399
0.039246
0.052159
0.044728
0.035159
0.035159
0.047638
0.042315
0.037372
0.036807
0.033625
0.030568
0.026831
0.030488
0.032748
0.032748
0.034074
0.036530
0.034557
0.025443
0.028839
0.027887
0.029454
0.034074
0.033025
0.030488
0.034074
0.036566
0.035159
0.041522
0.041439
0.036566
0.030488
0.037263
0.045163
0.035710
0.028818
0.024003
0.027931
0.024906
0.024906
0.020424
0.024906
0.021616
0.027931
0.029505
0.032748
0.039351
0.036530
0.036070
0.032748
0.026831
0.054088
0.022100
0.028818
0.030904
0.036705
0.026373
0.016729
0.034983
0.018510
0.014178
0.022100
0.034983
0.034983
0.043910
0.012769
0.015387
0.022100
0.017865
0.009687
0.062317
0.044050
0.031203
0.045151
0.039719
0.030559
0.035225
0.028944
0.025560
0.031302
0.039434
0.035038
0.015632
0.011940
0.022886
0.040021
0.012522
0.001912
0.006405
0.003565
0.013420
0.015783
0.008680
0.043456
0.014919
0.012769
0.034983
0.017582
0.011940
0.023304
0.012005
0.003565
0.001912
0.007211
0.020581
0.003565
0.011408
0.005934
0.020601
0.001912
0.031223
0.011940
0.011065
0.015632
0.023614
0.008303
0.030103
0.011409
0.006181
0.002064
0.002064
0.003565
0.012005
0.002064
0.012005
0.012005
0.003565
0.013420
0.015783
0.039917
0.024756
0.006405
0.003565
0.001912
0.015545
0.003290
0.007089
0.012235
0.011408
0.030186
0.021233
0.003565
0.031223
0.006181
0.008303
0.019306
0.015632
0.021062
0.036286
0.032383
0.030863
0.045080
0.039719
0.045657
0.049335
0.060877
0.066201
0.063567
0.054815
0.053410
0.056378
0.057142
0.065109
0.062151
0.063435
0.057319
0.063604
0.052496
0.063604
0.056565
0.057512
0.067649
0.040539
0.060872
0.053071
0.042801
0.043463
0.048439
0.065300
0.042801
0.045323
0.053446
0.071833
0.050723
0.032463
0.011738
0.033394
0.024432
0.042794
0.014313
0.012776
0.012776
0.015624
0.014633
0.003844
0.021559
0.015128
0.003844
0.002990
0.002990
0.042774
0.021514
0.005335
0.053265
0.026616
0.018862
0.045130
0.034718
0.033734
0.023635
0.005221
0.003832
0.014313
0.012776
0.042539
0.033023
0.033074
0.014759
0.012776
0.003832
0.014917
0.003832
0.002990
0.023635
0.003832
0.012196
0.005221
0.031618
0.016692
0.004611
0.008847
0.022957
0.012308
0.021514
0.038239
0.012776
0.039721
0.023843
0.032366
0.035796
0.012776
0.031442
0.014303
0.005807
0.039721
0.013711
0.003832
0.013306
0.032076
0.025572
0.032394
0.013032
0.015152
0.018775
0.021460
0.024226
0.023826
0.024226
0.033412
0.033412
0.023826
0.029176
0.033412
0.034006
0.024894
0.035546
0.024894
0.028073
0.024180
0.030669
0.029380
0.033062
0.019327
0.023826
0.029176
0.029176
0.024722
0.024226
0.024226
0.029380
0.021971
0.033038
0.024962
0.032990
0.033216
0.027005
0.034856
0.024894
0.035118
0.036877
0.045178
0.039622
0.038562
0.036334
0.035280
0.040618
0.052996
0.052540
0.052540
0.052652
0.050174
0.052652
0.052652
0.045572
0.042839
0.049623
0.046889
0.040882
0.049153
0.035056
0.042193
0.037896
0.063721
0.058274
0.062181
0.068452
0.066521
0.066662
0.072598
0.072598
0.067978
0.072598
0.067004
0.062181
0.053434
0.062181
0.060920
0.063672
0.056964
0.063721
0.058280
0.045572
0.040384
0.057006
0.043017
0.057006
0.057006
0.057006
0.057006
0.057006
0.051038
0.056400
0.056681
0.058471
0.058280
0.057648
0.061634
0.074964
0.062559
0.076616
0.075862
0.028760
0.073784
0.050127
0.061499
0.051955
0.028592
0.026106
0.053461
0.020584
0.028238
0.030646
0.026106
0.028760
0.029787
0.033528
0.036187
0.037492
0.036187
0.054090
0.046028
0.040228
0.037492
0.054090
0.032469
0.030870
0.013296
0.023056
0.032857
0.042755
0.027601
0.025656
0.017401
0.016409
0.035583
0.017461
0.019754
0.017401
0.013864
0.011432
0.036178
0.021733
0.013864
0.013864
0.042878
0.017401
0.033423
0.043711
0.023737
0.009338
0.015475
0.025656
0.016095
0.032076
0.023035
0.007713
0.005728
0.007713
0.023488
0.004955
0.010373
0.025656
0.025354
0.038722
0.029242
0.045633
0.031754
0.026645
0.022647
0.027348
0.036880
0.022124
0.022924
0.020045
0.016409
0.028119
0.034115
0.034115
0.026548
0.024789
0.012786
0.010373
0.013864
0.019754
0.017401
0.013864
0.010373
0.013864
0.012786
0.017461
0.021845
0.030660
0.022952
0.025354
0.035978
0.022124
0.036880
0.028119
0.022924
0.016366
0.020006
0.034115
0.034408
0.020006
0.013864
0.017401
0.011432
0.051013
0.009338
0.023737
0.012786
0.032342
0.035978
0.017461
0.022635
0.022124
0.022924
0.024789
0.033183
0.024789
0.012786
0.034408
0.042878
0.022124
0.020006
0.026093
0.020006
0.020006
0.022924
0.020045
0.024466
0.034408
0.023488
0.017401
0.013864
0.054091
0.019299
0.024789
0.015653
0.021845
0.018987
0.043784
0.011432
0.041211
0.078431
0.069663
0.080616
0.056437
0.050113
0.062071
0.063998
0.079456
0.040911
0.047341
0.038056
0.063363
0.044814
0.035289
0.019503
0.026826
0.019292
0.009772
0.011528
0.014974
0.019292
0.016207
0.028781
0.030585
0.021338
0.022751
0.020997
0.020997
0.035722
0.043069
0.042208
0.055328
0.038115
0.033929
0.030380
0.033184
0.038115
0.030284
0.037730
0.039148
0.073344
0.054170
0.019292
0.019598
0.028781
0.025315
0.023942
0.024878
0.025315
0.030122
0.023266
0.037054
0.008992
0.072952
0.031402
0.036165
0.036165
0.044009
0.038008
0.023967
0.017858
0.034107
0.020440
0.018052
0.041869
0.034259
0.033770
0.024322
0.024322
0.024286
0.022920
0.026237
0.035356
0.023967
0.027661
0.025141
0.017858
0.027661
0.017008
0.014115
0.027661
0.023967
0.027661
0.023025
0.017858
0.049052
0.039358
0.039358
0.030825
0.029244
0.011220
0.022012
0.023486
0.021193
0.029981
0.021630
0.038915
0.020509
0.011220
0.012692
0.011220
0.029244
0.012692
0.020509
0.038803
0.038915
0.031162
0.008522
0.040487
0.029244
0.030825
0.038803
0.047888
0.029244
0.021630
0.022012
0.029981
0.038915
0.047888
0.084688
0.047888
0.020509
0.039358
0.016660
0.034259
0.077087
0.067545
0.040487
0.066846
0.066846
0.047888
0.047840
0.057227
0.057304
0.075921
0.020509
0.029981
0.047840
0.065999
0.038280
0.047331
0.066028
0.047249
0.075393
0.037951
0.056702
0.047491
0.056879
0.049144
0.085254
0.067774
0.029020
0.056389
0.058514
0.043069
0.035558
0.042208
0.038115
0.051766
0.041382
0.036771
0.034135
0.023670
0.024749
0.024749
0.027462
0.035722
0.033884
0.027462
0.044019
0.033184
0.027462
0.028231
0.025315
0.028231
0.028231
0.035722
0.027419
0.040911
0.020997
0.019122
0.019598
0.023942
0.019598
0.039148
0.031613
0.031613
0.031613
0.016400
0.023266
0.019476
0.028781
0.054681
0.044568
0.025905
0.044561
0.111008
0.083195
0.012206
0.073454
0.064784
0.057858
0.059336
0.020440
0.050486
0.044009
0.081190
0.057837
0.035356
0.027554
0.026491
0.069848
0.061008
0.055521
0.041368
0.070356
0.054080
0.058253
0.066781
0.059665
0.056059
0.061439
0.067873
0.054886
0.063456
0.062305
0.047782
0.062630
0.068818
0.054886
0.060018
0.054886
0.056059
0.061915
0.050618
0.058300
0.044218
0.046042
0.030824
0.043599
0.051112
0.025289
0.071276
0.043099
0.043099
0.062062
0.043796
0.047354
0.030010
0.045143
0.035946
0.030010
0.048752
0.032011
0.051963
0.033583
0.020658
0.039139
0.022207
0.010505
0.021392
0.010367
0.020422
0.017379
0.016113
0.016113
0.017379
0.014023
0.032782
0.011408
0.012083
0.049109
0.031194
0.022622
0.026474
0.019037
0.020496
0.019037
0.020551
0.034245
0.014582
0.007878
0.010879
0.007878
0.016228
0.016228
0.012969
0.019037
0.012969
0.018149
0.010879
0.024341
0.014142
0.014027
0.019037
0.023732
0.027668
0.046318
0.037983
0.022232
0.032180
0.026096
0.020496
0.034140
0.045143
0.038516
0.024061
0.010505
0.025040
0.016698
0.015868
0.032099
0.021094
0.030223
0.020852
0.020734
0.011652
0.011652
0.011652
0.048829
0.030420
0.006814
0.031023
0.006814
0.039549
0.021094
0.002510
0.021094
0.058158
0.039605
0.048992
0.030223
0.039605
0.039487
0.022439
0.057263
0.057263
0.022439
0.031206
0.039966
0.049075
0.030367
0.030420
0.041442
0.043810
0.037193
0.046185
0.054510
0.024377
0.054057
0.042943
0.054263
0.052238
0.052541
0.033536
0.033762
0.044113
0.035344
0.044113
0.034802
0.034802
0.044113
0.052772
0.052772
0.052772
0.054262
0.072890
0.054934
0.034802
0.004646
0.017669
0.008027
0.018731
0.029480
0.022378
0.028917
0.029985
0.043586
0.035582
0.041876
0.037628
0.034877
0.029985
0.041876
0.041876
0.049155
0.034177
0.043586
0.041876
0.029052
0.050582
0.048734
0.038390
0.046709
0.053157
0.034822
0.046709
0.046038
0.040538
0.046038
0.042043
0.029811
0.042872
0.052080
0.029985
0.037628
0.028501
0.047453
0.027667
0.041876
0.029985
0.052805
0.045360
0.044495
0.034919
0.026726
0.027549
0.027999
0.053994
0.016909
0.020488
0.045360
0.052831
0.043277
0.026726
0.037088
0.023176
0.023176
0.016016
0.037088
0.025550
0.035797
0.052238
0.053452
0.048285
0.028560
0.065493
0.036889
0.036889
0.043840
0.042803
0.043361
0.042264
0.043464
0.050475
0.025815
0.034493
0.040406
0.036697
0.035203
0.031937
0.032562
0.026337
0.029595
0.031075
0.027479
0.024902
0.029595
0.029595
0.032540
0.037922
0.036697
0.030217
0.034087
0.032562
0.027464
0.028734
0.052968
0.028171
0.019492
0.028663
0.017091
0.035203
0.043840
0.036132
0.036132
0.017091
0.042803
0.028663
0.032540
0.035186
0.032540
0.026337
0.026337
0.026071
0.030877
0.035186
0.031154
0.030877
0.031154
0.032540
0.036889
0.020640
0.026337
0.037922
0.026337
0.036697
0.026337
0.032540
0.035203
0.036697
0.035203
0.052071
0.040406
0.035273
0.042803
0.036697
0.042803
0.017091
0.040406
0.019492
0.043840
0.042803
0.043840
0.028171
0.028171
0.036889
0.020640
0.035203
0.036889
0.030217
0.026337
0.026071
0.027479
0.031154
0.031154
0.034087
0.017091
0.030217
0.032540
0.026337
0.035203
0.017251
0.028171
0.021366
0.017251
0.024150
0.028662
0.020640
0.017251
0.020089
0.015352
0.019492
0.028171
0.017091
0.017091
0.028662
0.020640
0.026337
0.019653
0.024984
0.029947
0.028697
0.027678
0.029129
0.019475
0.027292
0.037839
0.027292
0.036700
0.038573
0.044984
0.023693
0.024105
0.012549
0.022504
0.040065
0.046063
0.022504
0.021605
0.021605
0.039663
0.030315
0.021117
0.039603
0.020971
0.049119
0.049332
0.049588
0.030829
0.040569
0.004646
0.021948
0.012812
0.012812
0.021948
0.031234
0.058973
0.049925
0.031234
0.022784
0.016402
0.033284
0.042321
0.050427
0.032350
0.060101
0.026645
0.035015
0.027838
0.035994
0.035015
0.044631
0.017119
0.044631
0.025938
0.060716
0.051484
0.035015
0.079294
0.026645
0.035015
0.041133
0.050799
0.035015
0.061452
0.061892
0.054062
0.046483
0.055153
0.055153
0.046483
0.055153
0.064025
0.028917
0.040539
0.048553
0.056985
0.029965
0.033238
0.046483
0.027217
0.082114
0.083510
0.048553
0.057969
0.075347
0.065675
0.056985
0.040539
0.033238
0.040539
0.010515
0.076679
0.052308
0.074245
0.029595
0.023238
0.029216
0.030059
0.030877
0.009737
0.002395
0.030634
0.051121
0.031743
0.021170
0.041239
0.041239
0.021638
0.016377
0.033071
0.011704
0.039693
0.049023
0.020978
0.039589
0.021050
0.039834
0.012098
0.049023
0.011661
0.020978
0.011871
0.004042
0.014089
0.014089
0.031753
0.031753
0.030970
0.048944
0.039738
0.004042
0.039876
0.011871
0.086447
0.013362
0.017287
0.011724
0.025165
0.025815
0.003272
0.068013
0.031547
0.004042
0.032581
0.042868
0.023940
0.062982
0.076970
0.094060
0.064759
0.068493
0.065808
0.072297
0.074123
0.073252
0.078813
0.062068
0.065629
0.054811
0.069798
0.075413
0.074123
0.077876
0.070503
0.068150
0.068150
0.077044
0.067311
0.061320
0.062904
0.068688
0.071532
0.087354
0.066246
0.069789
0.055381
0.057346
0.060524
0.065307
0.064771
0.080045
0.078359
0.054666
0.038046
0.051725
0.030808
0.040141
0.035595
0.035720
0.048596
0.038758
0.036123
0.042338
0.033097
0.026690
0.030276
0.035595
0.040255
0.037987
0.035803
0.035595
0.033107
0.035595
0.030171
0.033135
0.032808
0.033107
0.035595
0.033107
0.033107
0.046291
0.040255
0.035672
0.039296
0.039558
0.039379
0.041861
0.051155
0.039558
0.045520
0.046287
0.043314
0.044776
0.036123
0.019752
0.035799
0.007925
0.017129
0.017277
0.028044
0.029519
0.021558
0.020535
0.020535
0.024548
0.040321
0.025358
0.014968
0.014968
0.011304
0.020316
0.025389
0.031907
0.024439
0.019437
0.022739
0.017744
0.019437
0.020316
0.019176
0.025358
0.032355
0.020316
0.019176
0.018134
0.017744
0.038585
0.038585
0.025389
0.024439
0.022739
0.024736
0.033827
0.017123
0.023033
0.028914
0.028797
0.019235
0.010546
0.018804
0.037369
0.009484
0.009832
0.009832
0.009720
0.003096
0.000477
0.046999
0.043576
0.017123
0.025076
0.034837
0.036816
0.038498
0.045158
0.046090
0.045889
0.044089
0.040255
0.048768
0.054752
0.051598
0.059038
0.053123
0.057630
0.053123
0.046745
0.058329
0.058817
0.055354
0.057300
0.054793
0.054499
0.054499
0.054499
0.056218
0.048768
0.062110
0.045158
0.056971
0.051260
0.059053
0.046967
0.056844
0.054241
0.057756
0.055824
0.055491
0.054241
0.054758
0.051743
0.054241
0.052877
0.054241
0.052179
0.055824
0.054793
0.059053
0.064979
0.071774
0.071774
0.053526
0.045919
0.051260
0.057266
0.061466
0.070032
0.039574
0.049854
0.051256
0.048830
0.022485
0.039260
0.036125
0.012563
0.013262
0.014828
0.010159
0.008579
0.022128
0.013507
0.022845
0.032152
0.024522
0.028306
0.026795
0.027552
0.029094
0.018618
0.010421
0.010081
0.004608
0.012563
0.024100
0.016390
0.011194
0.013538
0.027871
0.015575
0.027151
0.027720
0.023539
0.028288
0.025140
0.031727
0.035929
0.021092
0.041565
0.028772
0.033494
0.039574
0.021092
0.053701
0.036125
0.038784
0.031810
0.003291
0.014609
0.027909
0.029094
0.027552
0.022363
0.027192
0.023628
0.026284
0.017755
0.022092
0.023628
0.028620
0.024413
0.030666
0.025022
0.030666
0.024732
0.021368
0.021493
0.021493
0.015822
0.015822
0.034401
0.012489
0.012489
0.026450
0.012922
0.015207
0.018618
0.012489
0.033477
0.016052
0.007009
0.009207
0.014609
0.022485
0.004608
0.007066
0.003291
0.021819
0.004707
0.031208
0.031783
0.010081
0.027909
0.018397
0.015207
0.017694
0.018618
0.026530
0.026118
0.027159
0.023069
0.015822
0.026284
0.022092
0.023069
0.023628
0.026284
0.017755
0.024413
0.022092
0.024732
0.029024
0.024001
0.031941
0.022092
0.018397
0.020367
0.027949
0.024045
0.024045
0.018782
0.015822
0.037337
0.024413
0.014734
0.023069
0.021493
0.015207
0.017694
0.012489
0.034658
0.012922
0.043293
0.024194
0.005852
0.023500
0.015756
0.024194
0.042769
0.025357
0.016174
0.014077
0.032791
0.023461
0.012648
0.023461
0.014077
0.024811
0.006789
0.033439
0.044212
0.019827
0.045512
0.013538
0.053457
0.063803
0.063803
0.057030
0.039741
0.026229
0.033019
0.040440
0.026229
0.033854
0.024676
0.032532
0.033854
0.049197
0.043182
0.059699
0.053483
0.047895
0.037924
0.031712
0.043266
0.043266
0.067351
0.069836
0.062453
0.040511
0.038045
0.029179
0.029179
0.051249
0.037924
0.050691
0.043266
0.031712
0.028288
0.040633
0.031129
0.022035
0.033083
0.026033
0.026624
0.022845
0.014309
0.014309
0.024100
0.024811
0.026624
0.009454
0.016390
0.016390
0.035765
0.030096
0.024979
0.024652
0.004887
0.013966
0.013131
0.034241
0.012111
0.015666
0.018690
0.021705
0.035290
0.023886
0.020903
0.057199
0.034088
0.037819
0.041551
0.047036
0.036746
0.035482
0.038285
0.037990
0.046076
0.049421
0.043419
0.043655
0.038974
0.054347
0.038974
0.052584
0.041348
0.041348
0.044516
0.054969
0.052584
0.047093
0.038285
0.032049
0.050912
0.041914
0.058191
0.064522
0.029442
0.040731
0.026182
0.046072
0.062659
0.062446
0.046072
0.062659
0.065972
0.052544
0.058612
0.058612
0.061496
0.042490
0.041071
0.043420
0.037778
0.044405
0.044405
0.030550
0.029508
0.034277
0.029145
0.032376
0.029508
0.036698
0.015381
0.023205
0.023840
0.041071
0.034277
0.034277
0.030550
0.031328
0.030064
0.027665
0.029145
0.024001
0.030131
0.023069
0.037337
0.018618
0.012922
0.025357
0.025357
0.007009
0.007066
0.014211
0.023461
0.012437
0.023461
0.031208
0.005852
0.007009
0.037213
0.026450
0.029094
0.024979
0.018397
0.024979
0.014214
0.014214
0.033477
0.012922
0.024044
0.035009
0.041476
0.004308
0.032560
0.032025
0.022894
0.032560
0.023840
0.006618
0.037778
0.013898
0.004887
0.037778
0.024306
0.037778
0.033204
0.027192
0.023840
0.019265
0.025300
0.027665
0.034277
0.016765
0.031393
0.027665
0.027665
0.035857
0.027192
0.040312
0.025804
0.030666
0.031328
0.012273
0.036698
0.021565
0.015077
0.034255
0.034277
0.025300
0.026546
0.025897
0.027192
0.027665
0.028620
0.026284
0.022092
0.022092
0.024001
0.022092
0.026795
0.027909
0.026450
0.028306
0.029094
0.023944
0.023628
0.025804
0.026284
0.030666
0.032596
0.026284
0.024732
0.025804
0.022092
0.023069
0.023069
0.017755
0.014734
0.015207
0.014734
0.012489
0.012489
0.010421
0.007066
0.012648
0.003291
0.004707
0.007009
0.010081
0.016174
0.010081
0.009207
0.033477
0.005412
0.014211
0.005852
0.005412
0.005412
0.005455
0.004608
0.004608
0.004608
0.012648
0.005903
0.012563
0.013262
0.013507
0.008579
0.013507
0.062746
0.019827
0.016434
0.016024
0.019827
0.019613
0.018208
0.033854
0.025088
0.028772
0.024799
0.042880
0.019613
0.021429
0.027193
0.025088
0.022502
0.027453
0.028519
0.028772
0.028772
0.046746
0.021429
0.025869
0.028288
0.025869
0.021175
0.025088
0.029448
0.025088
0.029179
0.025869
0.027453
0.035716
0.032780
0.031827
0.031712
0.035510
0.052684
0.043634
0.047366
0.051598
0.056192
0.046745
0.044170
0.043634
0.025088
0.035929
0.019245
0.018208
0.015857
0.019613
0.034645
0.030774
0.011956
0.014312
0.019827
0.019827
0.016434
0.018332
0.015812
0.008579
0.019827
0.019827
0.010988
0.039969
0.039260
0.026450
0.029624
0.023628
0.021368
0.035705
0.024194
0.016174
0.024194
0.016052
0.012922
0.018618
0.017694
0.025357
0.014696
0.007066
0.007066
0.014696
0.005412
0.003291
0.023693
0.003987
0.015812
0.042802
0.004707
0.012648
0.031810
0.004608
0.023461
0.032856
0.003291
0.006412
0.031783
0.030666
0.015070
0.015080
0.006618
0.032960
0.019162
0.016990
0.014221
0.046217
0.046601
0.041071
0.034042
0.034255
0.032458
0.021368
0.020367
0.017755
0.015822
0.015822
0.043134
0.007066
0.007009
0.022035
0.003291
0.005903
0.024100
0.007719
0.020680
0.025140
0.012563
0.047286
0.048358
0.064004
0.057199
0.068085
0.036746
0.061136
0.034519
0.032321
0.040474
0.066652
0.043544
0.041511
0.040537
0.052584
0.052584
0.026182
0.066947
0.061745
0.049156
0.016990
0.030361
0.024814
0.032049
0.030368
0.036746
0.045943
0.037990
0.052584
0.041551
0.041551
0.044516
0.037990
0.054189
0.028516
0.041551
0.041031
0.050910
0.036746
0.034091
0.034519
0.035353
0.055636
0.052160
0.041930
0.041431
0.004623
0.005166
0.004021
0.019162
0.029349
0.028613
0.027216
0.021994
0.017474
0.037605
0.046290
0.023886
0.024473
0.016718
0.019508
0.059838
0.051221
0.036746
0.061814
0.070448
0.047457
0.041031
0.037816
0.041031
0.041031
0.035182
0.039104
0.034690
0.026662
0.022201
0.016718
0.015666
0.015666
0.057690
0.052084
0.059075
0.033024
0.040543
0.050068
0.035069
0.040543
0.059075
0.050068
0.038557
0.033024
0.043697
0.043278
0.029956
0.027058
0.021126
0.027216
0.021994
0.018529
0.037605
0.016718
0.019162
0.024471
0.007142
0.016685
0.007142
0.014021
0.023284
0.003886
0.004116
0.022550
0.009809
0.015070
0.027335
0.018336
0.015077
0.021565
0.035009
0.025443
0.021053
0.024044
0.024044
0.026345
0.023944
0.030542
0.031282
0.040800
0.035348
0.043885
0.031282
0.032217
0.034258
0.032099
0.038139
0.031282
0.036189
0.028206
0.018336
0.021300
0.024979
0.033983
0.033983
0.026450
0.018910
0.031962
0.037336
0.022647
0.006618
0.034277
0.030666
0.017119
0.014048
0.041294
0.032257
0.039479
0.032960
0.032620
0.005999
0.031904
0.003911
0.004308
0.015080
0.015080
0.016765
0.023435
0.008880
0.015080
0.013250
0.004887
0.005166
0.006459
0.013361
0.006459
0.015630
0.022634
0.013250
0.022634
0.008026
0.015630
0.015630
0.006459
0.005166
0.013361
0.032257
0.022634
0.022894
0.015080
0.015381
0.008880
0.016765
0.014048
0.014048
0.014048
0.014048
0.020653
0.021565
0.021300
0.017648
0.023628
0.026795
0.028515
0.021053
0.013284
0.011362
0.008880
0.012273
0.013284
0.013284
0.015077
0.027335
0.027335
0.018336
0.006618
0.032352
0.022763
0.003886
0.013479
0.013250
0.005876
0.023840
0.013284
0.030666
0.023069
0.020038
0.026450
0.035348
0.035348
0.031426
0.042515
0.040488
0.043458
0.049854
0.040488
0.039917
0.037392
0.038784
0.048830
0.032303
0.019048
0.041819
0.023860
0.041153
0.016434
0.040633
0.043458
0.032668
0.036125
0.043885
0.036125
0.038440
0.031810
0.040909
0.042515
0.012648
0.022485
0.037392
0.040599
0.031810
0.038784
0.037392
0.037213
0.045663
0.031810
0.036125
0.031208
0.012563
0.041153
0.032303
0.040488
0.031297
0.046250
0.022128
0.031275
0.040633
0.025140
0.019048
0.031288
0.049587
0.048208
0.040499
0.048119
0.041998
0.040633
0.048909
0.038651
0.011767
0.045663
0.045663
0.008545
0.036189
0.015005
0.011989
0.026833
0.039852
0.031275
0.031512
0.048830
0.016362
0.026415
0.026904
0.027413
0.036418
0.036418
0.042515
0.051256
0.027833
0.019010
0.000822
0.038440
0.046997
0.028665
0.007684
0.043885
0.007684
0.027413
0.036014
0.017546
0.047286
0.048915
0.022679
0.013704
0.010026
0.010026
0.017924
0.017192
0.035902
0.017035
0.000822
0.017192
0.017192
0.041430
0.017235
0.007684
0.000822
0.017227
0.010026
0.021105
0.026877
0.007000
0.035902
0.043885
0.036280
0.036820
0.036189
0.003313
0.011989
0.043036
0.023433
0.023433
0.045001
0.019048
0.015005
0.026779
0.019126
0.017192
0.011989
0.022679
0.016898
0.003313
0.004362
0.017227
0.041875
0.017353
0.012689
0.009955
0.000822
0.026779
0.021700
0.014854
0.019126
0.017035
0.024170
0.031356
0.023122
0.017353
0.028206
0.014854
0.014854
0.018910
0.012689
0.009763
0.038440
0.036280
0.037776
0.039163
0.046997
0.013822
0.011767
0.028541
0.001299
0.019010
0.021938
0.047749
0.021217
0.030325
0.020116
0.007684
0.000822
0.037484
0.018745
0.019010
0.000822
0.026623
0.018936
0.003731
0.014854
0.023433
0.061804
0.045001
0.023433
0.020107
0.044343
0.021984
0.038901
0.027207
0.043036
0.026671
0.031356
0.016898
0.012689
0.012689
0.010026
0.009955
0.013704
0.041875
0.027520
0.058690
0.050791
0.045487
0.042032
0.057206
0.033932
0.029434
0.016355
0.015005
0.007000
0.023433
0.017855
0.028644
0.052395
0.057971
0.040368
0.036132
0.042606
0.040368
0.045410
0.047808
0.047808
0.054740
0.035131
0.035790
0.037100
0.057971
0.052562
0.047897
0.037336
0.029361
0.029361
0.032196
0.040700
0.036132
0.050791
0.034727
0.029495
0.029495
0.033932
0.028644
0.030893
0.026202
0.023433
0.017353
0.016355
0.020739
0.020082
0.014854
0.012689
0.008545
0.011188
0.026415
0.018745
0.009763
0.011188
0.028508
0.020116
0.056677
0.047962
0.038292
0.014854
0.022679
0.011188
0.026779
0.010648
0.020116
0.019126
0.007684
0.037472
0.019691
0.017035
0.018883
0.008262
0.008262
0.007684
0.009503
0.001299
0.019126
0.009442
0.046869
0.007445
0.004362
0.003731
0.006439
0.013214
0.023154
0.019717
0.025817
0.028541
0.075033
0.009763
0.022679
0.043036
0.021984
0.056506
0.062245
0.047808
0.037598
0.043480
0.026007
0.022476
0.027207
0.026426
0.021984
0.019815
0.020739
0.025039
0.017353
0.017353
0.021092
0.016355
0.028206
0.018556
0.035765
0.043885
0.026388
0.007000
0.010026
0.016898
0.037100
0.029495
0.028419
0.029592
0.020739
0.022435
0.022474
0.014146
0.026426
0.019048
0.020739
0.025150
0.022476
0.031099
0.020739
0.020739
0.016898
0.018556
0.028206
0.011989
0.014854
0.011989
0.009955
0.020739
0.017353
0.021092
0.038934
0.014146
0.031575
0.025039
0.023089
0.029361
0.022476
0.019815
0.019815
0.022474
0.022474
0.028515
0.038139
0.035667
0.017035
0.026415
0.026415
0.017035
0.009442
0.026904
0.009313
0.018196
0.028665
0.028665
0.037776
0.023154
0.032721
0.033444
0.024961
0.032721
0.035860
0.027805
0.030841
0.031076
0.032625
0.044801
0.038999
0.038999
0.033390
0.033390
0.026202
0.022491
0.020720
0.047219
0.017035
0.009313
0.012689
0.021105
0.050325
0.021984
0.024170
0.022474
0.016898
0.023472
0.020082
0.022474
0.015005
0.015005
0.037879
0.022474
0.017924
0.035765
0.043885
0.026415
0.035802
0.017546
0.007684
0.000822
0.028106
0.001299
0.003731
0.017235
0.009313
0.011669
0.028541
0.011767
0.011767
0.016362
0.021973
0.016362
0.031288
0.022148
0.018605
0.021217
0.013062
0.018605
0.024096
0.015537
0.019717
0.027805
0.030841
0.038999
0.031076
0.029556
0.031562
0.041833
0.035648
0.035928
0.038975
0.037672
0.040981
0.043134
0.025899
0.026573
0.021883
0.031444
0.058787
0.024334
0.028537
0.038366
0.038366
0.077107
0.026573
0.033270
0.025899
0.030841
0.029556
0.027468
0.029556
0.029556
0.032625
0.028871
0.033111
0.035928
0.037672
0.040981
0.025118
0.029556
0.026056
0.038366
0.027468
0.031076
0.035648
0.032625
0.031076
0.032625
0.034715
0.034905
0.035595
0.038259
0.042152
0.044777
0.044777
0.047642
0.047650
0.045606
0.049448
0.046571
0.046516
0.046756
0.047702
0.058804
0.049448
0.050325
0.051084
0.058937
0.054081
0.051407
0.055785
0.060734
0.046516
0.042823
0.047369
0.042015
0.047642
0.049425
0.045606
0.055785
0.058937
0.047036
0.065030
0.057351
0.066971
0.066971
0.058951
0.066971
0.045173
0.038717
0.065032
0.043905
0.048074
0.051225
0.047642
0.051407
0.054081
0.049527
0.051407
0.051084
0.055198
0.060740
0.051393
0.042201
0.060412
0.046996
0.060111
0.060111
0.044775
0.023990
0.028726
0.027393
0.030363
0.029263
0.039123
0.039123
0.036266
0.024278
0.037784
0.028307
0.036266
0.034621
0.033993
0.024947
0.015120
0.024641
0.052701
0.043194
0.015240
0.015240
0.006380
0.008138
0.016280
0.007221
0.006106
0.015120
0.025697
0.011488
0.012574
0.009365
0.021158
0.014514
0.012616
0.018151
0.018464
0.014802
0.023371
0.023794
0.013658
0.031626
0.039803
0.009996
0.013658
0.024758
0.021129
0.021869
0.037668
0.030765
0.044961
0.050496
0.027729
0.048140
0.032236
0.036629
0.040804
0.018612
0.020431
0.012839
0.041654
0.019149
0.033263
0.048933
0.031626
0.031122
0.042193
0.051858
0.027467
0.041288
0.043804
0.050282
0.043245
0.058331
0.053315
0.058021
0.055676
0.067710
0.060719
0.069633
0.063566
0.047220
0.043013
0.047652
0.040977
0.044281
0.056944
0.046635
0.040977
0.033354
0.036183
0.027385
0.028862
0.026295
0.026295
0.028430
0.022337
0.019593
0.043785
0.024727
0.024727
0.028862
0.029719
0.049788
0.050696
0.034064
0.046002
0.028430
0.046681
0.017516
0.025176
0.029293
0.014907
0.030026
0.038670
0.038682
0.023213
0.029431
0.005797
0.014995
0.037989
0.032569
0.030750
0.036990
0.038092
0.034221
0.044482
0.042394
0.030750
0.038231
0.035111
0.032124
0.024341
0.029312
0.030046
0.029157
0.031137
0.032569
0.035205
0.035205
0.035111
0.029312
0.034723
0.034723
0.041077
0.013139
0.039015
0.011450
0.044256
0.013139
0.009433
0.009433
0.019844
0.014110
0.011279
0.031711
0.011279
0.013684
0.009433
0.005797
0.011735
0.007345
0.010851
0.006712
0.010900
0.029431
0.040017
0.023682
0.048796
0.034513
0.012839
0.025426
0.016508
0.008576
0.010519
0.043204
0.022927
0.028862
0.022337
0.024938
0.046002
0.023983
0.021339
0.018612
0.014644
0.015734
0.018612
0.018612
0.018612
0.031187
0.026024
0.035431
0.062608
0.053335
0.062652
0.034525
0.025176
0.006812
0.043852
0.025253
0.044544
0.028389
0.082082
0.054675
0.016934
0.044544
0.016081
0.013213
0.020431
0.011388
0.023915
0.030862
0.063307
0.171902
0.149950
0.103519
0.093911
0.091168
0.103425
0.096887
0.086745
0.098972
0.091168
0.087502
0.099550
0.105551
0.100756
0.100756
0.096887
0.091600
0.094365
0.073002
0.068606
0.043303
0.043303
0.043303
0.035117
0.035585
0.017903
0.027005
0.010132
0.010313
0.028671
0.009945
0.007347
0.047444
0.019823
0.001232
0.019294
0.019294
0.010158
0.012249
0.011581
0.010498
0.020509
0.022089
0.042263
0.054261
0.038470
0.047164
0.034277
0.032823
0.031744
0.055525
0.022518
0.021394
0.023061
0.038470
0.020613
0.046214
0.040739
0.019558
0.016905
0.016563
0.028890
0.032323
0.032323
0.023760
0.025310
0.049302
0.001126
0.010551
0.050108
0.040759
0.026551
0.033394
0.050463
0.029527
0.025094
0.036442
0.020824
0.020990
0.024354
0.027965
0.017810
0.018390
0.031323
0.048432
0.020818
0.020967
0.057328
0.015594
0.015594
0.024354
0.019341
0.016699
0.021860
0.022020
0.044793
0.020990
0.046164
0.066157
0.046240
0.053591
0.063630
0.063022
0.062000
0.059626
0.051851
0.047321
0.044532
0.049652
0.040777
0.042766
0.042587
0.039988
0.044532
0.076349
0.063630
0.062000
0.052843
0.069947
0.056506
0.067971
0.058475
0.060126
0.054447
0.057083
0.062748
0.063459
0.069162
0.057407
0.051451
0.049081
0.054285
0.047095
0.043386
0.038890
0.034159
0.029570
0.028948
0.029570
0.043855
0.043855
0.036877
0.020681
0.016936
0.021169
0.035928
0.016936
0.036642
0.033021
0.023648
0.055892
0.044721
0.038426
0.035576
0.026282
0.029570
0.026059
0.019604
0.040693
0.019011
0.016936
0.020669
0.021769
0.024068
0.014317
0.016111
0.014022
0.007701
0.031519
0.004182
0.049064
0.014800
0.023110
0.024068
0.042739
0.016936
0.027966
0.024445
0.011522
0.024068
0.024068
0.026278
0.023460
0.046386
0.030671
0.041980
0.032777
0.027966
0.026278
0.024068
0.035834
0.016111
0.035928
0.053250
0.024476
0.019604
0.021169
0.024445
0.032102
0.048155
0.021169
0.060138
0.014022
0.024068
0.023110
0.024068
0.014317
0.045732
0.040212
0.033021
0.049687
0.041980
0.049687
0.038208
0.035200
0.035576
0.040447
0.056750
0.027966
0.046386
0.041980
0.051325
0.052108
0.078196
0.073111
0.048787
0.039407
0.063137
0.017101
0.063674
0.074049
0.013847
0.013847
0.013847
0.020595
0.010532
0.007252
0.011175
0.006446
0.020107
0.011187
0.002114
0.025076
0.001840
0.007252
0.025986
0.025986
0.003776
0.006830
0.025036
0.038864
0.010767
0.011187
0.002114
0.003776
0.006830
0.010767
0.016125
0.007157
0.007701
0.022520
0.011522
0.016788
0.005200
0.015982
0.006362
0.015982
0.053111
0.038551
0.041771
0.035861
0.018760
0.041771
0.027543
0.019141
0.021843
0.018970
0.016469
0.012699
0.022103
0.011175
0.025986
0.019862
0.025986
0.006830
0.016125
0.015316
0.020595
0.050889
0.047731
0.047731
0.046652
0.061744
0.055564
0.051791
0.053226
0.056560
0.050925
0.068691
0.041600
0.037849
0.041600
0.035805
0.035805
0.033108
0.031376
0.024099
0.022303
0.024099
0.030293
0.050598
0.066724
0.059130
0.068691
0.056560
0.045060
0.049487
0.065840
0.053226
0.048777
0.060077
0.056699
0.054652
0.041600
0.041600
0.053226
0.048421
0.050598
0.041600
0.084669
0.065807
0.065807
0.063455
0.058909
0.059286
0.065614
0.055140
0.065262
0.062340
0.059944
0.055565
0.068691
0.051415
0.048777
0.047228
0.045060
0.048421
0.046158
0.065376
0.065376
0.057273
0.060517
0.063142
0.062630
0.062132
0.062132
0.055194
0.047368
0.064254
0.053191
0.040664
0.045893
0.044705
0.058305
0.052533
0.050046
0.047368
0.047368
0.046975
0.045875
0.049545
0.048336
0.041437
0.048085
0.055063
0.043280
0.041437
0.044335
0.045875
0.053290
0.051931
0.044921
0.046960
0.046975
0.044705
0.046960
0.043280
0.078669
0.034208
0.022530
0.025426
0.024261
0.029518
0.029518
0.020782
0.022170
0.026203
0.015187
0.018722
0.007199
0.010165
0.018722
0.040693
0.025282
0.010165
0.012796
0.012796
0.016543
0.032866
0.024509
0.017367
0.012796
0.020110
0.013905
0.023715
0.024960
0.020378
0.016543
0.020110
0.015187
0.011934
0.018722
0.009059
0.010165
0.009894
0.032866
0.017367
0.032866
0.016543
0.024261
0.031213
0.022170
0.028891
0.023715
0.027004
0.034896
0.020782
0.017367
0.012796
0.015187
0.020652
0.020110
0.012796
0.030429
0.009894
0.008359
0.016908
0.019042
0.035954
0.017212
0.028410
0.003527
0.001245
0.007913
0.020933
0.021269
0.016731
0.016731
0.010097
0.016912
0.036753
0.037438
0.015593
0.020933
0.009701
0.047009
0.010931
0.011538
0.035619
0.009719
0.009719
0.037791
0.010931
0.010931
0.016965
0.030429
0.010931
0.028832
0.040693
0.040693
0.016965
0.048567
0.001167
0.028324
0.021597
0.011440
0.027080
0.007314
0.025488
0.028401
0.030534
0.028401
0.030534
0.030045
0.029793
0.030834
0.036355
0.039296
0.038689
0.051343
0.043818
0.049715
0.035155
0.040935
0.045258
0.036218
0.038095
0.043825
0.034479
0.032464
0.030486
0.028712
0.051343
0.039184
0.045606
0.043675
0.048214
0.038095
0.036218
0.034479
0.042094
0.038146
0.039296
0.031909
0.026038
0.043763
0.024305
0.031636
0.016657
0.026666
0.019436
0.027489
0.030817
0.024305
0.039539
0.030486
0.035355
0.026016
0.029499
0.030817
0.023087
0.036676
0.034976
0.026666
0.018618
0.026008
0.024225
0.022143
0.033432
0.045023
0.029499
0.030486
0.028712
0.041512
0.058486
0.052940
0.054996
0.056875
0.053544
0.055418
0.064234
0.055742
0.053899
0.053899
0.054724
0.047773
0.050292
0.047309
0.052376
0.053899
0.064366
0.070086
0.060393
0.063326
0.047537
0.049383
0.047537
0.052594
0.059750
0.053849
0.058686
0.056875
0.055573
0.060435
0.060918
0.052851
0.053849
0.056658
0.046662
0.034232
0.043826
0.023675
0.024719
0.027172
0.051429
0.043060
0.018951
0.017029
0.016994
0.006709
0.016422
0.014698
0.006709
0.008576
0.011144
0.011144
0.026070
0.008576
0.009338
0.027896
0.012901
0.031139
0.012358
0.023634
0.022013
0.023438
0.002989
0.014882
0.043719
0.023082
0.025825
0.015493
0.054660
0.022592
0.037773
0.032536
0.017029
0.030074
0.037167
0.030074
0.048895
0.048895
0.025498
0.014698
0.006670
0.079712
0.023469
0.014588
0.006045
0.051576
0.032843
0.006045
0.015842
0.013965
0.016033
0.025160
0.014299
0.020435
0.024004
0.027970
0.022148
0.021451
0.056344
0.026943
0.028353
0.022148
0.026048
0.022148
0.024004
0.050962
0.050131
0.042633
0.039704
0.052307
0.058759
0.061667
0.057905
0.054247
0.049067
0.057905
0.061667
0.057497
0.063245
0.064478
0.055322
0.061667
0.068519
0.072341
0.061006
0.059090
0.064060
0.061960
0.061768
0.056576
0.060317
0.066743
0.065933
0.067648
0.059178
0.099112
0.052113
0.031034
0.026604
0.031316
0.026604
0.028657
0.033431
0.035287
0.052484
0.033387
0.038649
0.029729
0.024642
0.045691
0.030353
0.026604
0.023377
0.020560
0.025456
0.011804
0.018893
0.019786
0.022538
0.016959
0.025456
0.018031
0.042288
0.028657
0.022379
0.026042
0.027532
0.022003
0.028094
0.023470
0.027313
0.032433
0.027110
0.021825
0.016290
0.012820
0.031756
0.006618
0.012820
0.020619
0.018893
0.012820
0.010032
0.020619
0.018538
0.016392
0.011735
0.015163
0.006618
0.040760
0.013739
0.012544
0.012358
0.013071
0.014641
0.006540
0.023645
0.022021
0.023739
0.002977
0.006105
0.006105
0.016078
0.009467
0.014373
0.026247
0.010967
0.024826
0.042378
0.028038
0.037053
0.021139
0.022224
0.021529
0.017916
0.035831
0.014373
0.019011
0.018525
0.029654
0.037103
0.027803
0.038212
0.033351
0.048729
0.030436
0.027803
0.036095
0.034075
0.023766
0.026116
0.026116
0.042132
0.027803
0.029654
0.030436
0.029312
0.031695
0.040490
0.034141
0.050188
0.040250
0.036780
0.033351
0.061010
0.030436
0.034141
0.035204
0.037139
0.037750
0.034141
0.034141
0.051228
0.029654
0.029654
0.034170
0.052375
0.058239
0.057426
0.063488
0.066434
0.066931
0.065852
0.061299
0.061507
0.072419
0.045733
0.054855
0.059109
0.043827
0.048029
0.045075
0.046422
0.045075
0.051948
0.061507
0.066434
0.044035
0.045075
0.044274
0.049172
0.041597
0.041392
0.043240
0.049212
0.047722
0.048029
0.047722
0.049212
0.037295
0.042688
0.065105
0.039579
0.045720
0.043240
0.041597
0.050619
0.048029
0.051180
0.051948
0.053662
0.055494
0.061175
0.066810
0.062918
0.086764
0.083689
0.045219
0.037866
0.047090
0.047090
0.056368
0.048992
0.076470
0.040629
0.016763
0.032031
0.028521
0.030264
0.053332
0.049513
0.016378
0.014184
0.019886
0.003701
0.004740
0.018290
0.017345
0.001472
0.007939
0.007939
0.004441
0.007017
0.025331
0.046087
0.010126
0.019583
0.012627
0.010764
0.017490
0.020150
0.021432
0.021432
0.017442
0.014965
0.020904
0.036010
0.003291
0.003291
0.013466
0.019091
0.037174
0.037541
0.007939
0.017628
0.007403
0.011564
0.019886
0.010352
0.021596
0.028751
0.018881
0.001088
0.028431
0.010352
0.013394
0.023205
0.025856
0.014184
0.013394
0.019580
0.012717
0.020542
0.016252
0.023205
0.032199
0.015437
0.031357
0.013013
0.032199
0.031328
0.021859
0.014104
0.012717
0.028968
0.007403
0.028968
0.011816
0.011564
0.027510
0.028021
0.003701
0.010182
0.018832
0.046599
0.007978
0.008322
0.009394
0.011816
0.028968
0.019580
0.028968
0.028968
0.011816
0.014184
0.013013
0.030969
0.028794
0.009269
0.011564
0.037764
0.019580
0.028431
0.010182
0.020199
0.021596
0.011564
0.028794
0.021859
0.028431
0.013250
0.009269
0.031328
0.021859
0.014104
0.023430
0.030969
0.019720
0.031328
0.040508
0.018510
0.023983
0.039533
0.021859
0.016378
0.023430
0.025184
0.016252
0.030969
0.032670
0.025858
0.025858
0.034182
0.028521
0.036440
0.034182
0.040180
0.030969
0.033502
0.043026
0.030323
0.052725
0.062424
0.059443
0.057960
0.060011
0.058104
0.054918
0.050914
0.054918
0.047653
0.046863
0.053575
0.062345
0.063853
0.058538
0.063665
0.066067
0.046585
0.068594
0.060164
0.035541
0.045907
0.052850
0.060050
0.044951
0.053482
0.049342
0.054093
0.050113
0.052593
0.045172
0.046065
0.039701
0.042923
0.036223
0.035909
0.020014
0.035909
0.043967
0.035909
0.035518
0.030102
0.035909
0.020786
0.018040
0.034321
0.032598
0.024711
0.012879
0.017382
0.027013
0.028654
0.023802
0.028213
0.036867
0.029362
0.032027
0.031063
0.037370
0.032027
0.036031
0.050157
0.032431
0.034486
0.037370
0.034946
0.038750
0.036223
0.031063
0.031063
0.031063
0.040516
0.027724
0.027724
0.042923
0.034486
0.031063
0.026096
0.025652
0.025652
0.030142
0.038844
0.048108
0.031111
0.028649
0.023802
0.021291
0.037799
0.038844
0.027724
0.025652
0.026096
0.022848
0.026495
0.018040
0.016225
0.040940
0.022404
0.004862
0.013077
0.003763
0.005456
0.022520
0.041961
0.014896
0.005456
0.014193
0.013777
0.013586
0.013077
0.015388
0.017916
0.023922
0.041865
0.015071
0.005579
0.005456
0.005456
0.032197
0.032197
0.023294
0.032658
0.005579
0.005579
0.013386
0.004215
0.004862
0.041528
0.005777
0.014896
0.014145
0.027560
0.017916
0.019812
0.022764
0.017771
0.019452
0.022640
0.021840
0.028620
0.036920
0.022640
0.020530
0.038860
0.024988
0.023286
0.020360
0.024935
0.032258
0.030878
0.030579
0.034973
0.027296
0.030388
0.028190
0.021274
0.038860
0.026545
0.034973
0.034973
0.039362
0.041610
0.037189
0.036398
0.031552
0.039362
0.017270
0.024943
0.034973
0.031473
0.037920
0.041700
0.043514
0.040052
0.021841
0.050362
0.030900
0.040560
0.040052
0.040052
0.040052
0.041700
0.039801
0.039801
0.044764
0.042035
0.031190
0.044540
0.049938
0.047261
0.040052
0.040052
0.040052
0.039801
0.039934
0.041700
0.040052
0.021841
0.044460
0.040052
0.040052
0.040052
0.030664
0.011913
0.030664
0.036869
0.030472
0.035677
0.022627
0.006493
0.031298
0.039362
0.031298
0.014331
0.031298
0.040288
0.031298
0.022627
0.040258
0.031298
0.031298
0.039934
0.030749
0.006493
0.045637
0.045637
0.021198
0.004244
0.030711
0.021630
0.012976
0.006493
0.014820
0.031298
0.032077
0.009033
0.031298
0.006493
0.040288
0.009033
0.034199
0.040288
0.009968
0.036398
0.023771
0.022627
0.031298
0.040258
0.040288
0.032077
0.032955
0.032077
0.012592
0.023771
0.031298
0.030711
0.022627
0.040288
0.009968
0.022627
0.009968
0.039362
0.022627
0.031298
0.031298
0.030711
0.012003
0.021237
0.040052
0.014619
0.012554
0.011913
0.021281
0.044764
0.030472
0.021198
0.012098
0.003529
0.021777
0.009033
0.037189
0.032305
0.018985
0.014331
0.040979
0.036398
0.032305
0.040288
0.030711
0.002690
0.040052
0.030664
0.040052
0.030472
0.011913
0.040052
0.012169
0.011913
0.012976
0.009847
0.031298
0.017517
0.022627
0.030711
0.041610
0.040052
0.021198
0.039801
0.021237
0.030664
0.011913
0.011913
0.021198
0.021198
0.021198
0.002690
0.021281
0.005572
0.040285
0.021841
0.030664
0.002690
0.005762
0.022509
0.024032
0.032141
0.012554
0.033284
0.003736
0.003736
0.011913
0.014619
0.014892
0.015359
0.015817
0.016866
0.007463
0.014820
0.018985
0.012052
0.012976
0.006493
0.003529
0.030472
0.021523
0.021523
0.006864
0.013513
0.014922
0.013513
0.031731
0.009549
0.003736
0.024062
0.014892
0.014892
0.005572
0.007088
0.004244
0.007088
0.015359
0.012003
0.036802
0.063783
0.037904
0.058085
0.030486
0.030486
0.046763
0.029371
0.022938
0.015420
0.026683
0.037327
0.037904
0.022938
0.021637
0.025623
0.020801
0.020801
0.019113
0.017223
0.015420
0.014455
0.016610
0.009033
0.009968
0.012052
0.022991
0.009549
0.008217
0.015065
0.014631
0.027123
0.014631
0.014456
0.019310
0.016893
0.014456
0.026299
0.019310
0.034947
0.052198
0.019310
0.043691
0.024747
0.043691
0.017147
0.021200
0.029478
0.019310
0.014631
0.016893
0.019310
0.014456
0.017958
0.035928
0.014456
0.052655
0.052198
0.033675
0.042840
0.042840
0.052131
0.033365
0.061363
0.061346
0.033675
0.052009
0.024124
0.012169
0.024631
0.033700
0.016274
0.042868
0.024747
0.024124
0.042672
0.033365
0.042672
0.033442
0.033652
0.033365
0.024124
0.052068
0.017147
0.034947
0.019310
0.034020
0.043691
0.025257
0.053822
0.028441
0.064352
0.066564
0.073029
0.063516
0.048210
0.040792
0.081863
0.082720
0.076781
0.063340
0.054904
0.082496
0.080680
0.082496
0.078755
0.061053
0.077318
0.076984
0.055662
0.070335
0.067690
0.028015
0.026094
0.030138
0.054230
0.044582
0.044582
0.057165
0.052924
0.059336
0.054876
0.061659
0.069543
0.069543
0.056962
0.064723
0.032116
0.040463
0.028015
0.040691
0.026099
0.028015
0.034546
0.017861
0.015637
0.018317
0.025011
0.029781
0.052516
0.038574
0.033085
0.031434
0.037931
0.036183
0.034546
0.032629
0.021887
0.028558
0.009977
0.006322
0.020815
0.015735
0.024596
0.021887
0.019384
0.026099
0.011449
0.002722
0.006322
0.038085
0.021811
0.051022
0.049754
0.051022
0.032368
0.037305
0.066275
0.049707
0.049333
0.019936
0.047156
0.037568
0.022283
0.024966
0.024966
0.019936
0.023216
0.032963
0.019466
0.039396
0.052421
0.034869
0.052421
0.026017
0.034738
0.040642
0.051805
0.082555
0.068556
0.059674
0.045811
0.042352
0.072165
0.078647
0.110160
0.128367
0.177099
0.185163
0.284301
0.258294
0.353709
0.390045
0.398717
0.395350
0.390654
0.395656
0.371615
0.388610
0.344945
0.372264
0.360422
0.350707
0.314287
0.321680
0.296898
0.286797
0.289444
0.275358
0.285816
0.248852
0.222088
0.257820
0.258410
0.209242
0.193447
0.188637
0.165818
0.188637
0.149436
0.145067
0.160082
0.149900
0.166014
0.176498
0.155923
0.184943
0.239361
0.235168
0.242712
0.257041
0.269914
0.297501
0.269725
0.277018
0.247118
0.271530
0.254858
0.274372
0.309354
0.484421
0.512625
0.541092
0.556963
0.579795
0.567370
0.566853
0.535753
0.492020
0.505853
0.497436
0.446971
0.488860
0.446714
0.421808
0.402489
0.422027
0.400952
0.395855
0.390918
0.351248
0.354683
0.331887
0.311718
0.341016
0.299257
0.334766
0.337380
0.363210
0.355061
0.336409
0.348830
0.373054
0.356150
0.345952
0.336888
0.334844
0.344945
0.335757
0.367458
0.330218
0.602361
0.359510
0.544217
0.510684
0.564464
0.592007
0.545930
0.556459
0.521081
0.517751
0.510896
0.451892
0.578517
0.588000
0.586320
0.598122
0.580517
0.485573
0.504205
0.572404
0.534209
0.357760
0.465317
0.469033
0.394741
0.272757
0.333349
0.310299
0.298873
0.337399
0.351798
0.342457
0.371238
0.393224
0.412009
0.430326
0.433365
0.420249
0.397425
0.409047
0.387990
0.342400
0.369894
0.334769
0.312607
0.299986
0.364354
0.327548
0.298121
0.315694
0.097606
0.174967
0.146466
0.071884
0.054192
0.031967
0.124712
0.136563
0.083327
0.137071
0.166717
0.164635
0.197056
0.223651
0.189129
0.223186
0.241051
0.240506
0.269920
0.356587
0.237228
0.251475
0.174195
0.179914
0.169488
0.290654
0.212985
0.149020
0.107723
0.017880
0.061081
0.028911
0.054171
0.069797
0.068212
0.063866
0.098650
0.038886
0.050676
0.069568
0.108214
0.151186
0.178981
0.182611
0.223757
0.262400
0.284137
0.250013
0.223915
0.220840
0.188595
0.238388
0.250762
0.275098
0.272022
0.283447
0.304500
0.232065
0.153735
0.125289
0.085412
0.066832
0.105277
0.121879
0.061358
0.123061
0.063161
0.051493
0.067660
0.069418
0.113665
0.136132
0.176046
0.212748
0.202791
0.231679
0.255295
0.267620
0.182102
0.144186
0.262478
0.160576
0.072533
0.026213
0.034197
0.021614
0.003417
0.055170
0.023374
0.004607
0.015623
0.026570
0.045212
0.169698
0.280867
0.148827
0.044154
0.228425
0.133068
0.063279
0.083377
0.051522
0.092137
0.036595
0.080076
0.101995
0.126097
0.073409
0.206640
0.073324
0.126189
0.075050
0.076221
0.097648
0.108263
0.075050
0.093613
0.111257
0.119691
0.068381
0.085610
0.070705
0.052531
0.054401
0.037832
0.036120
0.021588
0.045393
0.039909
0.034197
0.069113
0.083153
0.092494
0.116611
0.109836
0.110637
0.091452
0.118616
0.116846
0.111872
0.127987
0.106039
0.106039
0.100408
0.089466
0.060616
0.092554
0.095862
0.066593
0.121539
0.120963
0.062300
0.057176
0.105240
0.031540
0.120056
0.071945
0.041531
0.075645
0.066564
0.060147
0.094369
0.121580
0.112222
0.105294
0.088465
0.057684
0.066766
0.067587
0.030939
0.058565
0.043546
0.039749
0.026747
0.035494
0.031967
0.035304
0.035644
0.034184
0.025666
0.026747
0.025480
0.042793
0.026492
0.026747
0.033530
0.041194
0.049205
0.006337
0.028027
0.069134
0.122679
0.122355
0.349042
0.190416
0.165210
0.143806
0.086323
0.069249
0.083026
0.026485
0.033012
0.052093
0.065960
0.104674
0.094659
0.049702
0.043018
0.063652
0.069107
0.081481
0.087320
0.078709
0.069578
0.089656
0.106942
0.073612
0.045046
0.063529
0.037663
0.020753
0.028075
0.064894
0.008303
0.053353
0.014582
0.010868
0.014475
0.025507
0.026902
0.033222
0.031426
0.037740
0.030682
0.030682
0.048233
0.047373
0.045006
0.052930
0.077621
0.060464
0.081747
0.002611
0.072311
0.002839
0.015957
0.023651
0.032266
0.018147
0.030380
0.010761
0.006003
0.012282
0.019650
0.026705
0.015695
0.010183
0.016685
0.007626
0.010746
0.020148
0.021381
0.029416
0.071567
0.069657
0.090985
0.063302
0.081672
0.093288
0.090741
0.066148
0.083492
0.083492
0.075923
0.081778
0.083521
0.092024
0.093941
0.069401
0.057065
0.037461
0.069936
0.065081
0.083364
0.087517
0.071094
0.099880
0.039169
0.105356
0.080860
0.087375
0.082382
0.087375
0.084727
0.074560
0.057138
0.078562
0.058989
0.045845
0.025227
0.036421
0.006027
0.010945
0.014716
0.017416
0.024717
0.057751
0.052465
0.058689
0.074581
0.072640
0.092574
0.090558
0.072601
0.080884
0.096152
0.077539
0.067877
0.049764
0.029713
0.020888
0.012848
0.029258
0.008303
0.019098
0.013357
0.020165
0.038932
0.020889
0.016421
0.017582
0.060844
0.055451
0.075186
0.073730
0.087105
0.075396
0.068952
0.078848
0.080826
0.071695
0.071695
0.063175
0.095591
0.049774
0.049774
0.037839
0.059329
0.051827
0.054784
0.050216
0.039693
0.039447
0.031446
0.016902
0.029807
0.029620
0.057577
0.031407
0.058132
0.020206
0.048301
0.037476
0.072411
0.080527
0.085389
0.084649
0.090372
0.034201
0.072509
0.062768
0.088978
0.089102
0.004658
0.085398
0.014465
0.092915
0.032559
0.092635
0.054748
0.029663
0.048615
0.029663
0.032977
0.038930
0.028864
0.029009
0.024923
0.011024
0.016768
0.038930
0.083045
0.073951
0.117071
0.109807
0.104540
0.080711
0.083022
0.077610
0.075011
0.065963
0.054297
0.050579
0.047677
0.034948
0.025672
0.024049
0.021992
0.027968
0.025672
0.025672
0.025189
0.022300
0.019732
0.014457
0.014457
0.014409
0.011672
0.016160
0.038737
0.012638
0.043216
0.033270
0.051890
0.042532
0.034003
0.008493
0.052590
0.071353
0.034411
0.033136
0.014465
0.015087
0.034003
0.018061
0.043689
0.053866
0.046797
0.065048
0.050909
0.044760
0.086429
0.090383
0.072017
0.095200
0.058613
0.052845
0.061651
0.037731
0.195892
0.195610
0.197499
0.301618
0.343205
0.440626
0.313686
0.327279
0.331836
0.322213
0.027024
0.061242
0.089274
0.085582
0.082402
0.063438
0.003042
0.073873
0.046632
0.037531
0.042744
0.035861
0.059453
0.054621
0.079557
0.069010
0.074581
0.088331
0.090520
0.082955
0.082955
0.074150
0.096411
0.061182
0.061859
0.087209
0.043444
0.051164
0.082101
0.079036
0.069646
0.046440
0.011935
0.086331
0.084279
0.098392
0.070029
0.092144
0.089784
0.065222
0.066324
0.088627
0.085773
0.061651
0.085773
0.058989
0.092144
0.068837
0.061651
0.064079
0.032213
0.069651
0.103575
0.070324
0.014383
0.014383
0.023879
0.025257
0.055197
0.043122
0.072053
0.089247
0.042486
0.034269
0.024773
0.022525
0.037204
0.143700
0.140746
0.184949
0.176093
0.273572
0.290734
0.300426
0.283302
0.298815
0.281077
0.261824
0.296043
0.262442
0.194993
0.201619
0.199660
0.213945
0.226660
0.139645
0.140510
0.128435
0.097539
0.068463
0.059331
0.061300
0.088579
0.052169
0.034269
0.050943
0.070791
0.046391
0.052169
0.059331
0.059108
0.058726
0.021617
0.044907
0.017805
0.034201
0.032636
0.018873
0.027966
0.019812
0.024310
0.041205
0.057452
0.067179
0.081883
0.074676
0.074918
0.086010
0.068204
0.084940
0.073487
0.081212
0.044859
0.053354
0.037660
0.042375
0.025784
0.026498
0.039665
0.037112
0.037531
0.046532
0.042974
0.041231
0.038880
0.036557
0.036557
0.040141
0.041486
0.045238
0.050076
0.047917
0.048991
0.045238
0.056662
0.035490
0.038880
0.035861
0.044075
0.039611
0.083652
0.020402
0.019349
0.045029
0.072007
0.100816
0.083905
0.087885
0.027024
0.022510
0.038620
0.036214
0.024961
0.027977
0.034627
0.033515
0.036161
0.041205
0.041205
0.046077
0.042557
0.036941
0.043520
0.044490
0.050744
0.023101
0.031150
0.047704
0.051385
0.036214
0.049372
0.019732
0.075355
0.190570
0.100926
0.143249
0.154040
0.155260
0.168046
0.154256
0.106514
0.133676
0.163663
0.215521
0.148152
0.147379
0.165716
0.150890
0.177479
0.141538
0.187073
0.187073
0.195210
0.235403
0.190570
0.184475
0.213109
0.219854
0.266490
0.295136
0.359139
0.359915
0.358885
0.316255
0.267741
0.301107
0.291954
0.303926
0.319936
0.274870
0.274870
0.313780
0.278848
0.296208
0.322102
0.238521
0.361131
0.410003
0.387999
0.645294
0.645294
0.709270
0.672652
0.798708
0.777951
0.853576
0.832066
0.881680
0.977624
0.900969
0.951229
0.978469
0.986068
0.869172
0.930795
0.760066
0.678413
0.638992
0.589296
0.586598
0.600758
0.529331
0.708778
0.799284
0.881202
0.828929
1.000000
0.936207
0.962055
0.974446
0.980613
0.921312
0.921312
0.901419
0.915555
0.924519
0.880265
0.936219
0.915925
0.908598
0.983017
0.974266
0.948448
0.923037
0.904269
0.878837
0.933509
0.905668
0.861991
0.848355
0.870817
0.972346
0.930192
0.785586
0.740568
0.762121
0.720885
0.703493
0.731913
0.709442
0.631082
0.730566
0.444010
0.518390
0.463661
0.329901
0.376207
0.145192
0.112566
0.069729
0.107445
0.135019
0.158467
0.165580
0.187571
0.234441
0.252177
0.290415
0.300024
0.254896
0.298131
0.288567
0.287038
0.377019
0.414066
0.411344
0.397705
0.373509
0.568875
0.260864
0.300925
0.166705
0.121677
0.062175
0.040659
0.046107
0.036575
0.035540
0.055795
0.044717
0.050285
0.053843
0.042692
0.055375
0.040626
0.026623
0.051149
0.046107
0.052347
0.042481
0.076940
0.060033
0.078155
0.061092
0.035832
0.140129
0.159172
0.131901
0.130512
0.052512
0.072793
0.065893
0.083408
0.078784
0.096300
0.087207
0.102961
0.166463
0.190405
0.286960
0.258585
0.410319
0.355203
0.440320
0.425349
0.462468
0.457545
0.471867
0.471965
0.463596
0.430059
0.464999
0.445153
0.422648
0.444328
0.539256
0.496707
0.498002
0.517271
0.506277
0.499535
0.521589
0.501844
0.474621
0.439979
0.429885
0.432129
0.449125
0.432802
0.437865
0.401069
0.431177
0.410492
0.423418
0.401208
0.432617
0.408438
0.371558
0.369537
0.304151
0.264469
0.262363
0.218715
0.263900
0.192931
0.209635
0.151223
0.182059
0.155087
0.072352
0.038158
0.041297
0.032310
0.041034
0.059226
0.051924
0.064192
0.061713
0.042543
0.082670
0.177504
0.073393
0.053162
0.064764
0.058064
0.036632
0.093307
0.025480
0.048248
0.056768
0.038980
0.038980
0.041001
0.024590
0.046650
0.001068
0.055855
0.112377
0.066439
0.049368
0.048248
0.020011
0.028998
0.047498
0.024802
0.055917
0.057506
0.099535
0.092444
0.123172
0.086468
0.094189
0.130098
0.107240
0.129618
0.121232
0.109608
0.122748
0.106953
0.145305
0.152163
0.138032
0.191660
0.122309
0.113592
0.084025
0.150398
0.056768
0.057071
0.018540
0.093494
0.076233
0.058232
0.068842
0.070080
0.090449
0.090325
0.082670
0.091371
0.083443
0.047554
0.017810
0.083025
0.046667
0.065333
0.072049
0.104756
0.103645
0.133569
0.148988
0.138344
0.180306
0.186755
0.195118
0.202905
0.212853
0.210047
0.217117
0.246330
0.231566
0.241734
0.254894
0.258662
0.241954
0.210260
0.189892
0.210047
0.218313
0.195163
0.212853
0.209133
0.200636
0.226001
0.223601
0.186973
0.169637
0.156554
0.150812
0.176964
0.171645
0.190407
0.189814
0.182059
0.180294
0.193875
0.205857
0.181492
0.167837
0.172336
0.168602
0.150819
0.150819
0.172938
0.158921
0.105787
0.128614
0.065873
0.057651
0.050282
0.013728
0.013728
0.021124
0.034998
0.048616
0.042815
0.045449
0.078218
0.077936
0.089351
0.109363
0.108162
0.084654
0.101240
0.113612
0.119353
0.116457
0.143928
0.089687
0.075380
0.045219
0.036153
0.036783
0.026963
0.026696
0.010503
0.000000
0.027465
0.036221
0.028618
0.022982
0.008570
0.009878
0.027076
0.027453
0.017202
0.051149
0.056326
0.024967
0.033366
0.065984
0.064957
0.055735
0.037856
0.040122
0.037444
0.045399
0.042912
0.045399
0.049734
0.048096
0.055936
0.055936
0.046547
0.039524
0.036138
0.031416
0.056778
0.045967
0.045311
0.019001
0.021372
0.043127
0.038777
0.027283
0.059569
0.025391
0.015702
0.055855
0.022223
0.018668
0.026904
0.026294
0.034248
0.024919
0.049654
0.049654
0.057089
0.048917
0.028260
0.064130
0.029715
0.043361
0.033712
0.055735
0.052679
0.044424
0.028300
0.068589
0.043361
0.034861
0.019754
0.023039
0.026904
0.008300
0.002887
0.008300
0.013965
0.047969
0.057944
0.055735
0.053783
0.059992
0.052139
0.054068
0.027453
0.008570
0.011846
0.029920
0.012572
0.011846
0.048143
0.016485
0.048143
0.021124
0.016485
0.056097
0.019599
0.056232
0.008048
0.018798
0.010031
0.037887
0.011935
0.014463
0.011726
0.022081
0.013728
0.011846
0.019599
0.019599
0.009060
0.027076
0.018909
0.036009
0.009060
0.017810
0.026789
0.003542
0.018549
0.040445
0.059992
0.061612
0.060779
0.039245
0.052946
0.059660
0.076375
0.064130
0.045430
0.026663
0.009953
0.036917
0.028391
0.021632
0.031416
0.033712
0.051775
0.039524
0.039524
0.039524
0.056841
0.051080
0.044308
0.049734
0.046018
0.055936
0.048096
0.064375
0.066200
0.061634
0.061027
0.054068
0.069281
0.062039
0.068231
0.059253
0.025399
0.033155
0.038889
0.044110
0.028960
0.028960
0.028960
0.050854
0.032479
0.038890
0.030981
0.008570
0.008392
0.026828
0.036221
0.019882
0.015589
0.023929
0.020561
0.052347
0.024893
0.026513
0.031667
0.045378
0.033245
0.033245
0.054320
0.026963
0.033245
0.026513
0.029374
0.034228
0.026963
0.033245
0.046107
0.046107
0.031667
0.028299
0.040674
0.031904
0.064460
0.040674
0.027624
0.026963
0.022937
0.039942
0.025869
0.030737
0.027624
0.026963
0.029625
0.036783
0.024893
0.015935
0.004435
0.056232
0.054444
0.025891
0.015582
0.019249
0.020247
0.030712
0.068364
0.082033
0.052184
0.048764
0.039994
0.045273
0.046173
0.051058
0.048747
0.053541
0.048499
0.048764
0.051712
0.039994
0.048764
0.039858
0.045901
0.049388
0.057477
0.059131
0.058082
0.063328
0.064625
0.061040
0.072196
0.084879
0.084879
0.068756
0.054993
0.065633
0.057174
0.049735
0.051712
0.055850
0.077762
0.061481
0.050020
0.081931
0.035305
0.038121
0.070454
0.043947
0.058875
0.042978
0.077742
0.068507
0.059321
0.067828
0.048916
0.056826
0.048364
0.056826
0.056826
0.056826
0.028053
0.046508
0.074645
0.065117
0.046571
0.056059
0.055882
0.056059
0.037132
0.043947
0.048916
0.054444
0.071016
0.071696
0.076568
0.070736
0.067687
0.060139
0.057275
0.065217
0.068154
0.064542
0.064709
0.065552
0.058082
0.074087
0.113018
0.106468
0.092054
0.055708
0.073547
0.073547
0.057990
0.082572
0.070305
0.077278
0.118688
0.107366
0.099525
0.108330
0.099232
0.106650
0.122315
0.124396
0.161431
0.190448
0.162860
0.194581
0.118915
0.177698
0.064237
0.071692
0.053485
0.023457
0.022012
0.031515
0.046894
0.032117
0.057628
0.029908
0.034738
0.098640
0.050821
0.076537
0.034821
0.043810
0.034525
0.027235
0.045674
0.011115
0.036575
0.036516
0.045814
0.047240
0.052532
0.060378
0.069766
0.078070
0.086807
0.086629
0.096118
0.099740
0.106041
0.090265
0.076537
0.110317
0.079406
0.136754
0.052410
0.008180
0.039976
0.010959
0.038860
0.037930
0.049430
0.017577
0.015797
0.016753
0.048735
0.059861
0.055499
0.043407
0.050828
0.044574
0.042819
0.027235
0.063736
0.046913
0.020332
0.029910
0.071487
0.064765
0.073914
0.053617
0.054275
0.049980
0.049566
0.064924
0.077914
0.076744
0.068301
0.067620
0.063502
0.052459
0.051872
0.048938
0.041951
0.046244
0.025199
0.044795
0.035963
0.022288
0.034456
0.015721
0.014471
0.012835
0.022329
0.013220
0.023653
0.013059
0.024927
0.035963
0.019373
0.040965
0.031281
0.031281
0.014471
0.012835
0.030718
0.012835
0.037050
0.070431
0.085388
0.084567
0.076775
0.092655
0.099763
0.090937
0.080050
0.089516
0.069376
0.067854
0.088988
0.104504
0.089242
0.099748
0.094575
0.124212
0.102149
0.123234
0.143265
0.132204
0.135677
0.141632
0.153989
0.147327
0.140974
0.133029
0.140974
0.137657
0.141632
0.168715
0.143936
0.135310
0.161886
0.164463
0.184010
0.198595
0.206883
0.207871
0.205405
0.209473
0.212285
0.217659
0.202544
0.212030
0.208614
0.195542
0.200262
0.187158
0.188774
0.195898
0.209628
0.210409
0.217659
0.214830
0.197321
0.214830
0.199079
0.203524
0.203235
0.236503
0.210641
0.208614
0.200384
0.219752
0.230029
0.216971
0.230744
0.231138
0.217598
0.224074
0.222726
0.192091
0.201919
0.199764
0.202162
0.192674
0.221819
0.199114
0.184538
0.188135
0.155260
0.190124
0.175890
0.172451
0.211350
0.182665
0.171214
0.258795
0.183219
0.136159
0.141824
0.216192
0.136219
0.085651
0.119131
0.125246
0.133288
0.114974
0.081507
0.095366
0.123293
0.085143
0.096637
0.071153
0.055554
0.065477
0.069292
0.083550
0.098563
0.089027
0.063011
0.082068
0.086600
0.089013
0.148782
0.140437
0.097655
0.233415
0.226656
0.093899
0.074633
0.046997
0.084198
0.056573
0.084429
0.066499
0.040435
0.067128
0.084625
0.056195
0.112067
0.104042
0.084506
0.057149
0.057989
0.038441
0.028125
0.192190
0.068287
0.094658
0.057149
0.047433
0.010117
0.021744
0.040435
0.034020
0.025605
0.020662
0.048355
0.013593
0.031632
0.015897
0.056573
0.028288
0.022195
0.016286
0.032524
0.025605
0.057592
0.055986
0.083980
0.028125
0.055986
0.065711
0.020458
0.015897
0.031627
0.031627
0.022195
0.031627
0.040435
0.047787
0.049420
0.039465
0.007555
0.001011
0.017725
0.009671
0.010860
0.010908
0.011712
0.013593
0.013593
0.017346
0.039766
0.029747
0.028288
0.047168
0.042718
0.022684
0.007555
0.028688
0.008146
0.007861
0.017186
0.063795
0.001698
0.036911
0.054936
0.026558
0.045545
0.045329
0.045545
0.018451
0.045458
0.019567
0.054812
0.036386
0.073151
0.036386
0.045069
0.054718
0.073969
0.056367
0.064327
0.036157
0.055587
0.027627
0.045135
0.064109
0.073500
0.054637
0.018067
0.063878
0.031666
0.048861
0.046138
0.049512
0.053571
0.048949
0.054470
0.049466
0.065660
0.057145
0.074004
0.064393
0.073157
0.035729
0.063954
0.064109
0.073969
0.046238
0.073969
0.056367
0.047083
0.056367
0.056367
0.046692
0.073151
0.037767
0.063999
0.045807
0.054853
0.029942
0.085695
0.074554
0.048949
0.055531
0.102685
0.095699
0.063285
0.058259
0.092688
0.109472
0.091043
0.052617
0.062450
0.033868
0.038263
0.054821
0.063741
0.052216
0.055305
0.048159
0.056147
0.068840
0.063389
0.081683
0.079365
0.085317
0.081413
0.070070
0.070243
0.073189
0.067112
0.059405
0.075431
0.079299
0.118014
0.054820
0.064311
0.051894
0.048159
0.063650
0.070070
0.073189
0.077029
0.081381
0.078867
0.085883
0.088085
0.091774
0.092793
0.082639
0.097065
0.098725
0.097065
0.096812
0.078742
0.087391
0.080193
0.095193
0.087128
0.103825
0.110297
0.095016
0.102514
0.092962
0.092684
0.056925
0.043161
0.087128
0.103967
0.060245
0.084604
0.079060
0.067939
0.068517
0.075064
0.094428
0.082639
0.072643
0.089467
0.073910
0.072532
0.086922
0.064438
0.078441
0.085092
0.082791
0.086968
0.085972
0.078867
0.065697
0.108936
0.090206
0.065065
0.073531
0.038572
0.045082
0.099267
0.080717
0.082201
0.082942
0.081794
0.053057
0.044008
0.053057
0.062265
0.071462
0.034979
0.024881
0.034272
0.054540
0.048250
0.046771
0.039625
0.042029
0.038327
0.045893
0.017486
0.026428
0.020020
0.026428
0.020574
0.022288
0.037142
0.023179
0.041800
0.050350
0.033693
0.033288
0.011945
0.024763
0.032521
0.018521
0.035070
0.028225
0.041523
0.033288
0.030883
0.031270
0.037968
0.028961
0.032214
0.031641
0.031641
0.032972
0.069543
0.028225
0.030883
0.030883
0.023179
0.069543
0.051207
0.041800
0.044098
0.028072
0.030375
0.042610
0.036969
0.034175
0.037718
0.053170
0.045329
0.039504
0.049660
0.047512
0.057737
0.057737
0.043667
0.060597
0.065099
0.079915
0.099285
0.098016
0.106842
0.094757
0.119916
0.099038
0.103963
0.109471
0.116092
0.134382
0.126941
0.138569
0.131321
0.132378
0.141022
0.121104
0.130132
0.155496
0.158357
0.157338
0.203541
0.216952
0.221825
0.257679
0.281789
0.280229
0.309645
0.304002
0.313654
0.341509
0.322531
0.324847
0.317078
0.318550
0.301646
0.321019
0.310715
0.314653
0.334669
0.325483
0.326357
0.334589
0.335587
0.313093
0.318394
0.321729
0.320175
0.313654
0.312798
0.308017
0.317666
0.321362
0.320017
0.321271
0.332721
0.376630
0.341188
0.365230
0.309854
0.281641
0.262334
0.263098
0.243441
0.238961
0.243918
0.247440
0.241170
0.244885
0.260157
0.258512
0.266084
0.271561
0.274483
0.269634
0.278017
0.280810
0.262280
0.262980
0.288474
0.245646
0.223292
0.215049
0.169609
0.171023
0.172656
0.198847
0.198847
0.210064
0.190881
0.196619
0.200395
0.188481
0.187094
0.168805
0.173112
0.179240
0.195905
0.165316
0.169810
0.137449
0.150786
0.158145
0.169673
0.192922
0.169664
0.172509
0.188313
0.204373
0.221101
0.221802
0.228382
0.230978
0.237558
0.246215
0.231030
0.227255
0.213322
0.189876
0.181971
0.192922
0.192922
0.156640
0.210754
0.219013
0.134842
0.133447
0.095244
0.042787
0.045757
0.037291
0.035047
0.060504
0.025702
0.041719
0.032054
0.028070
0.052040
0.066906
0.072036
0.071479
0.051786
0.088525
0.074319
0.066192
0.079829
0.079829
0.057176
0.058048
0.076086
0.064698
0.067009
0.090961
0.067009
0.065318
0.089780
0.071500
0.070361
0.088643
0.095841
0.105986
0.120906
0.126296
0.118648
0.108846
0.132775
0.116886
0.119411
0.132775
0.127789
0.116886
0.113499
0.119411
0.123745
0.118599
0.128431
0.131117
0.125608
0.148439
0.151996
0.151553
0.098934
0.120032
0.145666
0.114203
0.096040
0.104697
0.076673
0.080253
0.034292
0.007157
0.034523
0.048525
0.068545
0.006625
0.054028
0.049695
0.043419
0.043138
0.033583
0.039436
0.011261
0.011245
0.030665
0.020651
0.015350
0.006118
0.027569
0.028914
0.012085
0.012085
0.012085
0.021551
0.020634
0.017064
0.045028
0.036678
0.025758
0.046406
0.045191
0.044519
0.043426
0.026420
0.009858
0.016787
0.025309
0.025174
0.016935
0.017064
0.026420
0.043426
0.024887
0.033956
0.043305
0.062672
0.017140
0.036626
0.045761
0.029541
0.011781
0.019095
0.036626
0.063356
0.035251
0.100880
0.087897
0.069404
0.068108
0.063895
0.069461
0.061625
0.061179
0.068408
0.082492
0.062182
0.073124
0.051119
0.075762
0.090113
0.073036
0.100486
0.083829
0.056868
0.066848
0.034224
0.026864
0.017140
0.018106
0.050458
0.032765
0.045191
0.060877
0.045237
0.050056
0.047508
0.062144
0.052690
0.080752
0.062032
0.090122
0.043306
0.061939
0.080578
0.043369
0.043463
0.043305
0.062231
0.062410
0.076606
0.110784
0.094665
0.120202
0.128129
