0.343729
0.329400
0.441548
0.382877
0.357636
0.364634
0.361862
0.369053
0.369969
0.371078
0.335121
0.340075
0.345674
0.386957
0.397674
0.422888
0.354108
0.374523
0.369615
0.372833
0.354362
0.350727
0.368342
0.358689
0.370869
0.363597
0.365144
0.374523
0.342619
0.364935
0.337084
0.397401
0.396482
0.373669
0.438521
0.383884
0.399328
0.328913
0.447293
0.390339
0.426960
0.362316
0.341129
0.333630
0.324366
0.328861
0.376260
0.415343
0.329758
0.431204
0.367279
0.363643
0.367906
0.379695
0.385131
0.405000
0.392901
0.360290
0.360063
0.361335
0.355963
0.334543
0.349801
0.342947
0.381204
0.377568
0.358744
0.373659
0.360644
0.378841
0.376477
0.370924
0.360435
0.351845
0.400947
0.342256
0.359553
0.388011
0.363462
0.384630
0.400446
0.366062
0.404837
0.414807
0.387439
0.398828
0.399037
0.391557
0.392439
0.398874
0.391748
0.386421
0.366135
0.389495
0.412498
0.351787
0.362871
0.349401
0.422588
0.406063
0.382976
0.401363
0.384503
0.398419
0.390293
0.392030
0.401410
0.392866
0.395810
0.381959
0.376215
0.378741
0.368396
0.374687
0.355799
0.371614
0.360916
0.407427
0.379577
0.377469
0.385739
0.359480
0.398511
0.389903
0.393056
0.404947
0.401037
0.385222
0.364035
0.373187
0.359689
0.374023
0.414308
0.401292
0.407645
0.382259
0.427787
0.374051
0.397856
0.436195
0.387539
0.390175
0.475806
0.400529
0.429915
0.447475
0.388002
0.489250
0.403846
0.405637
0.402545
0.430887
0.400108
0.411209
0.453165
0.431032
0.400818
0.532360
0.415188
0.431442
0.434784
0.425019
0.431814
0.437914
0.435889
0.433942
0.436884
0.441857
0.441212
0.426948
0.482688
0.445185
0.453195
0.521572
0.464046
0.501494
0.541141
0.454030
0.438614
0.436217
0.454985
0.451117
0.449969
0.444268
0.458318
0.465515
0.459779
0.471883
0.471661
0.477898
0.477307
0.474571
0.481050
0.491922
0.496480
0.519972
0.489190
0.489704
0.492740
0.472403
0.487394
0.481783
0.492981
0.475739
0.518866
0.497633
0.510619
0.501422
0.534143
0.507534
0.516172
0.509602
0.517169
0.512794
0.521690
0.513397
0.516436
0.522748
0.527799
0.520782
0.518191
0.516435
0.511700
0.516013
0.512917
0.514237
0.515953
0.518287
0.526592
0.523007
0.537425
0.534298
0.533148
0.530283
0.533928
0.533799
0.533929
0.539477
0.528858
0.535052
0.536183
0.533242
0.537368
0.535850
0.524045
0.538139
0.535717
0.526427
0.531535
0.527373
0.516703
0.513481
0.536901
0.531789
0.515663
0.534808
0.533014
0.531867
0.525526
0.518756
0.533483
0.526679
0.542547
0.526930
0.531757
0.537699
0.540295
0.544198
0.541531
0.539696
0.556755
0.547470
0.523374
0.522879
0.528140
0.528222
0.528813
0.534327
0.525929
0.538288
0.530040
0.527132
0.531076
0.531817
0.535815
0.533166
0.538887
0.533723
0.539289
0.538294
0.535633
0.530705
0.536537
0.537630
0.540237
0.550581
0.558062
0.554878
0.553174
0.549655
0.548377
0.540888
0.538633
0.553136
0.543977
0.560368
0.550330
0.550162
0.554270
0.554358
0.554049
0.552343
0.551938
0.549699
0.553654
0.554339
0.550736
0.557948
0.548139
0.551434
0.556688
0.546936
0.566088
0.551920
0.540763
0.559559
0.550807
0.550291
0.535071
0.541158
0.550758
0.552658
0.549351
0.548202
0.562686
0.558709
0.550916
0.557839
0.565304
0.559618
0.573315
0.562913
0.569597
0.566224
0.571631
0.572672
0.587506
0.577609
0.574698
0.576791
0.573003
0.565232
0.576445
0.574593
0.583160
0.584051
0.576779
0.584087
0.582587
0.574765
0.569414
0.581109
0.584256
0.583756
0.588313
0.591988
0.589680
0.585708
0.602228
0.583738
0.578463
0.603442
0.605163
0.609009
0.597544
0.590733
0.601375
0.596144
0.596120
0.592678
0.597971
0.598066
0.599636
0.598469
0.597509
0.599351
0.601707
0.593457
0.594471
0.591880
0.596650
0.595655
0.606849
0.598006
0.603799
0.595362
0.591992
0.590287
0.592956
0.595083
0.595821
0.605669
0.597517
0.591619
0.613865
0.598789
0.623447
0.603543
0.601203
0.596206
0.602655
0.610928
0.609591
0.604675
0.618450
0.609016
0.614769
0.605338
0.610209
0.617162
0.608720
0.601316
0.610443
0.614946
0.613076
0.605638
0.614996
0.619422
0.623618
0.626860
0.625788
0.623052
0.623197
0.623497
0.625367
0.621182
0.625694
0.622159
0.623436
0.619568
0.622844
0.619363
0.613126
0.604118
0.614769
0.593768
0.605265
0.614404
0.613389
0.611333
0.613144
0.615038
0.613407
0.615576
0.614629
0.612945
0.617888
0.626979
0.616848
0.630005
0.613485
0.616739
0.616241
0.617297
0.624544
0.610648
0.616703
0.617699
0.612483
0.618926
0.614792
0.602655
0.620570
0.615106
0.620311
0.613572
0.611111
0.619884
0.619789
0.614591
0.612182
0.613758
0.613277
0.610540
0.615069
0.618122
0.608371
0.609631
0.612034
0.610276
0.610762
0.615532
0.615590
0.614900
0.608610
0.609959
0.609950
0.612758
0.615760
0.619826
0.615168
0.618205
0.621147
0.619921
0.618015
0.615606
0.613667
0.618238
0.617775
0.620975
0.615700
0.617271
0.620383
0.614576
0.619738
0.618437
0.615923
0.617535
0.617424
0.617723
0.620038
0.617406
0.619739
0.619235
0.625214
0.626474
0.626217
0.620660
0.623239
0.622364
0.617774
0.627287
0.613740
0.622531
0.622958
0.624123
0.627399
0.621344
0.631168
0.631843
0.616981
0.622794
0.623143
0.623901
0.628790
0.624100
0.633655
0.630011
0.625679
0.627565
0.631985
0.630303
0.630586
0.633751
0.634412
0.631985
0.630954
0.624085
0.631639
0.633004
0.640516
0.617983
0.626936
0.627402
0.623756
0.627400
0.631484
0.633523
0.624346
0.631004
0.625695
0.626157
0.627084
0.623533
0.628062
0.618704
0.627110
0.625514
0.622589
0.630527
0.634173
0.629602
0.623602
0.623274
0.634842
0.625862
0.628786
0.627658
0.624049
0.628553
0.627326
0.627233
0.622334
0.632064
0.629825
0.639837
0.628959
0.629626
0.634377
0.628959
0.649475
0.645537
0.621723
0.627387
0.623871
0.635339
0.634490
0.639528
0.642889
0.635692
0.642888
0.631035
0.645517
0.635547
0.638727
0.644149
0.636138
0.648071
0.639820
0.646999
0.641064
0.645054
0.649204
0.646573
0.650336
0.651606
0.646350
0.644907
0.643413
0.645369
0.637582
0.633860
0.644652
0.652242
0.655141
0.646744
0.649259
0.651480
0.645981
0.649832
0.647249
0.649573
0.649369
0.638585
0.649446
0.651737
0.651239
0.651239
0.651520
0.650148
0.649409
0.653346
0.646708
0.647035
0.647480
0.653516
0.644152
0.648295
0.644872
0.646922
0.646871
0.645172
0.638267
0.639973
0.646631
0.638190
0.642948
0.638283
0.646055
0.651790
0.635838
0.642596
0.638839
0.650307
0.635470
0.639732
0.637141
0.643428
0.634543
0.637709
0.646517
0.636010
0.641242
0.642948
0.639414
0.644503
0.646150
0.642796
0.646260
0.643301
0.640283
0.647608
0.640746
0.643241
0.644905
0.642485
0.641465
0.643171
0.646997
0.639820
0.641261
0.645188
0.644793
0.641302
0.643945
0.645872
0.641721
0.635253
0.633900
0.636952
0.633289
0.642631
0.634381
0.633061
0.649476
0.646682
0.643798
0.643335
0.642932
0.645628
0.644260
0.642245
0.644261
0.643636
0.644023
0.644350
0.647168
0.641524
0.636579
0.641374
0.642152
0.633695
0.636097
0.641970
0.640580
0.637399
0.643764
0.638789
0.638894
0.643559
0.636636
0.643301
0.647281
0.650808
0.645371
0.641158
0.640009
0.646614
0.647832
0.645979
0.643887
0.646373
0.644762
0.644889
0.643559
0.646999
0.646097
0.637804
0.645986
0.634417
0.644725
0.648354
0.648870
0.649461
0.649573
0.643817
0.641838
0.643484
0.642856
0.645634
0.640360
0.635547
0.641988
0.638489
0.642631
0.644597
0.652722
0.646109
0.646981
0.642265
0.637472
0.650834
0.651143
0.647394
0.650276
0.644693
0.660786
0.653735
0.654869
0.664359
0.650184
0.648056
0.651125
0.659858
0.641965
0.645120
0.652054
0.651390
0.653646
0.649119
0.644171
0.651356
0.650759
0.653168
0.647336
0.654051
0.654257
0.655424
0.651256
0.651797
0.655236
0.652295
0.655589
0.653075
0.655202
0.645877
0.654438
0.655218
0.652124
0.650630
0.647371
0.652465
0.649427
0.653126
0.652705
0.654311
0.650553
0.648778
0.653022
0.653409
0.649427
0.651497
0.652465
0.650707
0.652646
0.651017
0.653109
0.652886
0.653074
0.652946
0.651633
0.653606
0.649949
0.650611
0.651033
0.649427
0.650722
0.643097
0.647351
0.647223
0.646554
0.642246
0.644262
0.646759
0.649356
0.643260
0.643209
0.645746
0.646038
0.644949
0.646115
0.646244
0.646202
0.644186
0.646055
0.644742
0.641543
0.644022
0.641947
0.641209
0.642152
0.641372
0.641062
0.640943
0.640763
0.639673
0.641466
0.639397
0.643077
0.637879
0.635247
0.639286
0.640194
0.640616
0.642211
0.640727
0.638823
0.641225
0.639596
0.638634
0.639672
0.637691
0.640100
0.635898
0.632217
0.637116
0.640006
0.640505
0.639174
0.639502
0.638112
0.638805
0.639044
0.638317
0.636524
0.635563
0.637227
0.636190
0.637063
0.635674
0.636600
0.634319
0.635340
0.634935
0.636043
0.635357
0.634782
0.634027
0.634173
0.632784
0.633305
0.632765
0.632138
0.630063
0.625825
0.627917
0.627677
0.629769
0.627513
0.627273
0.625010
0.629418
0.626827
0.628046
0.628492
0.626698
0.624159
0.625267
0.627841
0.616479
0.618402
0.622830
0.623198
0.622031
0.621885
0.623696
0.619423
0.619458
0.619458
0.621826
0.617939
0.614446
0.616163
0.618660
0.610835
0.615664
0.615295
0.613390
0.613443
0.615219
0.614127
0.610516
0.608078
0.602505
0.606756
0.601302
0.603335
0.606635
0.605188
0.602211
0.596043
0.595897
0.597234
0.600316
0.603635
0.604580
0.602932
0.599672
0.602708
0.602873
0.587753
0.605024
0.604004
0.593923
0.605651
0.605651
0.603036
0.599913
0.600153
0.603172
0.604666
0.603875
0.604022
0.602211
0.602726
0.600856
0.601747
0.599104
0.601120
0.601722
0.598212
0.599602
0.602432
0.598641
0.593622
0.594395
0.595398
0.595674
0.596641
0.598638
0.595339
0.596206
0.596024
0.595288
0.591771
0.591102
0.595784
0.596564
0.595580
0.594807
0.596659
0.594789
0.595357
0.599395
0.596196
0.597174
0.594894
0.594308
0.592139
0.595879
0.595879
0.593769
0.595861
0.596547
0.594068
0.596787
0.595175
0.595175
0.594026
0.589865
0.588363
0.590714
0.591229
0.590568
0.592138
0.592378
0.591570
0.593141
0.592678
0.591546
0.594470
0.591475
0.590327
0.590678
0.589477
0.590473
0.584681
0.586610
0.585027
0.583369
0.581036
0.581663
0.585591
0.582049
0.580958
0.579902
0.579757
0.576851
0.579887
0.582408
0.581662
0.583010
0.579852
0.579809
0.581457
0.580589
0.579106
0.580419
0.578908
0.579053
0.577465
0.574264
0.578590
0.578332
0.579388
0.579962
0.578813
0.577594
0.578590
0.577260
0.579868
0.578761
0.578145
0.577963
0.576351
0.578368
0.576661
0.577037
0.578597
0.574833
0.574352
0.577405
0.575758
0.576075
0.574533
0.573297
0.574070
0.574111
0.574891
0.575295
0.574427
0.574949
0.574925
0.573355
0.573706
0.572721
0.574040
0.574445
0.573760
0.574592
0.576865
0.577088
0.576538
0.577301
0.578795
0.575742
0.574909
0.578144
0.574814
0.574352
0.575518
0.578073
0.573647
0.570832
0.575371
0.567575
0.571003
0.569410
0.566004
0.571115
0.570928
0.568689
0.569004
0.566303
0.568336
0.566080
0.567633
0.568414
0.569041
0.562341
0.564657
0.571800
0.569426
0.567615
0.568577
0.570482
0.568225
0.567505
0.567874
0.569907
0.567855
0.569080
0.563712
0.566430
0.565247
0.564321
0.563816
0.565041
0.562709
0.564191
0.563839
0.561584
0.566026
0.562768
0.563909
0.562398
0.564080
0.559730
0.561951
0.557216
0.558470
0.559636
0.561401
0.560416
0.559267
0.559936
0.561806
0.561137
0.564080
0.559767
0.565075
0.562468
0.561284
0.565581
0.564760
0.563670
0.567211
0.567094
0.567709
0.566930
0.565781
0.568782
0.566244
0.568970
0.568483
0.569245
0.572908
0.572168
0.567134
0.567656
0.566466
0.567374
0.566431
0.566988
0.567855
0.565780
0.566466
0.569408
0.568782
0.570629
0.571632
0.573022
0.574969
0.575853
0.577886
0.578924
0.576059
0.579928
0.576188
0.579035
0.576737
0.577793
0.579481
0.577406
0.580718
0.582331
0.583901
0.583034
0.581868
0.582905
0.583111
0.586773
0.582682
0.585104
0.585163
0.585326
0.583977
0.587119
0.590826
0.599671
0.594200
0.585799
0.601507
0.598340
0.604166
0.599011
0.600657
0.595608
0.599491
0.599300
0.613235
0.606802
0.608448
0.612164
0.629593
0.612209
0.611238
0.622681
0.614628
0.630373
0.619738
0.616533
0.619477
0.629342
0.610326
0.634173
0.633272
0.640131
0.645443
0.638929
0.630511
0.634227
0.644964
0.654105
0.642941
0.634490
0.634826
0.649186
0.649240
0.646264
0.650721
0.647950
0.646740
0.645428
0.648964
0.648302
0.643526
0.637324
0.637580
0.642710
0.636817
0.637178
0.640362
0.646354
0.648055
0.645892
0.647412
0.652328
0.653186
0.660777
0.641820
0.660568
0.654275
0.662271
0.657625
0.661271
0.651557
0.661288
0.661106
0.662459
0.662145
0.661733
0.661364
0.661901
0.660452
0.654000
0.667578
0.662585
0.665789
0.659776
0.664923
0.662771
0.670449
0.676316
0.672970
0.674318
0.673082
0.665998
0.664187
0.673673
0.671359
0.667475
0.672826
0.675761
0.676618
0.676429
0.676343
0.677057
0.675692
0.671454
0.678539
0.670269
0.674577
0.676711
0.671822
0.670973
0.672345
0.673693
0.679002
0.674414
0.667252
0.674378
0.677982
0.673787
0.673710
0.674156
0.674823
0.671841
0.672707
0.671581
0.669230
0.672746
0.667859
0.670343
0.666176
0.664564
0.665327
0.666956
0.663827
0.665807
0.666142
0.665679
0.664864
0.665216
0.663440
0.664366
0.666270
0.664384
0.664530
0.666323
0.667712
0.667232
0.667959
0.664683
0.666159
0.663294
0.667119
0.664477
0.667823
0.661741
0.663148
0.664161
0.664976
0.665421
0.667679
0.667010
0.665287
0.664795
0.674172
0.672064
0.669103
0.669377
0.673753
0.666625
0.666720
0.667850
0.664870
0.674300
0.670569
0.680950
0.676142
0.677695
0.680172
0.687189
0.682892
0.688888
0.694679
0.689781
0.685156
0.688778
0.705136
0.696036
0.695333
0.695240
0.701237
0.700053
0.699536
0.703645
0.703304
0.705363
0.701460
0.702420
0.700556
0.700180
0.698868
0.699975
0.696535
0.699459
0.696294
0.695441
0.692570
0.694343
0.690485
0.689654
0.692980
0.696250
0.687244
0.683531
0.695651
0.697716
0.702526
0.706161
0.686581
0.696095
0.702607
0.694592
0.709067
0.710124
0.715153
0.716801
0.718747
0.717821
0.716561
0.716269
0.715566
0.720394
0.717582
0.720705
0.720895
0.722483
0.718285
0.719651
0.721966
0.714178
0.723894
0.720268
0.727149
0.723726
0.724393
0.719615
0.720232
0.726077
0.713552
0.711270
0.730929
0.718698
0.721136
0.725228
0.729522
0.727947
0.725392
0.728650
0.731001
0.732005
0.733739
0.734683
0.732795
0.731156
0.735145
0.735591
0.734700
0.727484
0.733979
0.733775
0.737366
0.734478
0.730318
0.736535
0.730612
0.733925
0.730839
0.733892
0.736073
0.731484
0.734905
0.732667
0.737462
0.736167
0.737685
0.738646
0.736682
0.736244
0.735892
0.738956
0.736682
0.737891
0.737181
0.739048
0.732555
0.737750
0.729468
0.735001
0.730598
0.733833
0.741288
0.732317
0.739426
0.734444
0.737772
0.738106
0.742121
0.740369
0.736485
0.750584
0.741219
0.736443
0.739848
0.740826
0.738844
0.737685
0.739221
0.744274
0.739403
0.741237
0.742825
0.736485
0.741073
0.739239
0.740810
0.743605
0.739702
0.742258
0.742662
0.742276
0.742217
0.743348
0.743142
0.743546
0.740974
0.744831
0.742200
0.741403
0.744546
0.739032
0.748399
0.740792
0.730875
0.738553
0.744010
0.740870
0.742534
0.742963
0.744086
0.745271
0.742827
0.743889
0.742570
0.744181
0.744621
0.747785
0.744035
0.745846
0.747604
0.741128
0.748547
0.745235
0.744181
0.745476
0.741737
0.747423
0.747587
0.742424
0.737207
0.748444
0.745701
0.748866
0.750864
0.751122
0.750161
0.747383
0.748086
0.749715
0.751662
0.748420
0.748942
0.748291
0.748326
0.747219
0.749510
0.746515
0.744850
0.744681
0.748127
0.748162
0.750213
0.750881
0.748866
0.750495
0.746164
0.752769
0.748884
0.751157
0.749510
0.751199
0.749494
0.749676
0.754863
0.755120
0.751305
0.753028
0.751921
0.752067
0.753826
0.754212
0.754788
0.756622
0.758210
0.756323
0.753731
0.752290
0.757566
0.757671
0.757412
0.755473
0.753790
0.757172
0.753123
0.759674
0.757566
0.756014
0.758029
0.759395
0.757550
0.758897
0.760585
0.757765
0.758837
0.762154
0.759154
0.758193
0.757490
0.756863
0.760028
0.759119
0.762096
0.757713
0.758176
0.759060
0.758673
0.759395
0.759763
0.761469
0.761915
0.761229
0.759676
0.757970
0.759360
0.757343
0.759213
0.757413
0.759986
0.759395
0.756014
0.757326
0.760139
0.760339
0.761170
0.761728
0.760263
0.760585
0.761228
0.759413
0.759231
0.761247
0.758375
0.762115
0.760913
0.761875
0.761857
0.761523
0.762132
0.761412
0.760632
0.761470
0.762561
0.762543
0.764806
0.762491
0.762302
0.761711
0.761266
0.761617
0.760004
0.760750
0.764851
0.762038
0.763762
0.763118
0.758393
0.759563
0.757489
0.764980
0.751108
0.760362
0.759419
0.761634
0.763487
0.764524
0.766703
0.760304
0.761693
0.762578
0.762285
0.762250
0.765668
0.766800
0.768111
0.764670
0.769300
0.761393
0.763875
0.762578
0.765305
0.766463
0.765803
0.759378
0.765613
0.761247
0.761635
0.762841
0.762972
0.763969
0.763023
0.763076
0.770109
0.763985
0.763024
0.765433
0.765287
0.764653
0.766147
0.764483
0.765468
0.766816
0.763985
0.762782
0.764008
0.761769
0.763950
0.762355
0.760931
0.760825
0.761048
0.760766
0.765133
0.765573
0.760544
0.762501
0.762355
0.762954
0.762860
0.761711
0.762173
0.763744
0.763135
0.763375
0.762139
0.764130
0.761546
0.761968
0.760766
0.761136
0.761916
0.762396
0.762859
0.760322
0.762285
0.762173
0.763691
0.761265
0.761856
0.759523
0.760602
0.759523
0.758287
0.759523
0.759213
0.758287
0.759763
0.761247
0.759986
0.761469
0.759598
0.757617
0.755543
0.754839
0.757617
0.757155
0.755918
0.756047
0.754212
0.755010
0.756047
0.756193
0.754511
0.756252
0.755900
0.756691
0.754476
0.753069
0.754176
0.758524
0.748121
0.751930
0.749106
0.752769
0.752452
0.748712
0.749311
0.750032
0.749071
0.751122
0.749492
0.751087
0.750624
0.749123
0.749674
0.749955
0.749364
0.751603
0.747418
0.748866
0.751603
0.751884
0.748103
0.750119
0.749123
0.748068
0.745547
0.748197
0.744850
0.743092
0.744440
0.743256
0.744422
0.745348
0.745658
0.745013
0.743700
0.744936
0.742499
0.740346
0.740310
0.740240
0.742420
0.738817
0.736941
0.738481
0.734923
0.735832
0.734537
0.736870
0.736535
0.737720
0.737626
0.737924
0.739143
0.736999
0.738476
0.738757
0.739257
0.739221
0.737874
0.739684
0.738904
0.740329
0.741495
0.732522
0.738441
0.739144
0.735481
0.736407
0.736425
0.735651
0.734813
0.735686
0.737128
0.737257
0.737351
0.736624
0.735000
0.734777
0.735041
0.736870
0.733534
0.736588
0.735164
0.733799
0.734614
0.737591
0.738106
0.736717
0.734906
0.733576
0.738165
0.739735
0.736459
0.738346
0.732093
0.735668
0.733199
0.730703
0.731542
0.731500
0.735831
0.735514
0.735310
0.734683
0.735832
0.736219
0.735018
0.736313
0.734519
0.737977
0.735052
0.733963
0.735481
0.740121
0.735128
0.734278
0.734501
0.734664
0.736979
0.734461
0.735813
0.734037
0.729630
0.728711
0.734922
0.732572
0.736071
0.733334
0.733662
0.737366
0.731225
0.733334
0.732854
0.732537
0.732795
0.732812
0.731002
0.731611
0.728300
0.731242
0.729672
0.729654
0.731061
0.732958
0.727502
0.728651
0.730983
0.729817
0.728247
0.727561
0.730555
0.729595
0.727802
0.729576
0.728170
0.731763
0.728205
0.728059
0.726658
0.725908
0.728574
0.730116
0.725709
0.732201
0.728076
0.730391
0.727912
0.728338
0.726341
0.724842
0.724693
0.726188
0.726155
0.729405
0.728684
0.724543
0.731498
0.730407
0.730537
0.731574
0.731165
0.725950
0.728932
0.731094
0.728762
0.730854
0.726911
0.734200
0.730134
0.730076
0.728463
0.727004
0.728282
0.728060
0.731541
0.728505
0.731165
0.729853
0.730726
0.728001
0.733439
0.728447
0.732871
0.728042
0.729595
0.729912
0.731423
0.729390
0.728301
0.727374
0.729449
0.731019
0.730598
0.724507
0.737441
0.725838
0.726249
0.727819
0.726247
0.727430
0.727851
0.726523
0.727536
0.724190
0.724078
0.719901
0.726488
0.726318
0.726558
0.729019
0.726670
0.728446
0.731886
0.726188
0.726429
0.728222
0.727003
0.725115
0.724207
0.724131
0.723872
0.723990
0.721856
0.719196
0.718451
0.720027
0.718784
0.716991
0.717677
0.717154
0.717195
0.715566
0.714768
0.714029
0.715453
0.717358
0.714967
0.709312
0.712511
0.713010
0.712675
0.712598
0.708608
0.711197
0.711747
0.711213
0.707714
0.705236
0.704456
0.703349
0.705604
0.707637
0.706771
0.710623
0.703461
0.710846
0.709268
0.709344
0.709045
0.711232
0.706720
0.709286
0.708994
0.707862
0.707879
0.708701
0.707535
0.707810
0.709252
0.708959
0.705494
0.709387
0.705776
0.705254
0.711327
0.705957
0.709567
0.707998
0.709052
0.711009
0.707329
0.710582
0.707774
0.703649
0.711677
0.708349
0.715117
0.719618
0.720381
0.717820
0.715730
0.720265
0.720121
0.724840
0.738881
0.733352
0.726123
0.729258
0.729299
0.746819
0.737365
0.733032
0.729024
0.743661
0.741914
0.729768
0.748193
0.734486
0.737465
0.749119
0.749765
0.745195
0.740166
0.747089
0.743701
0.741776
0.741479
0.742534
0.739701
0.735536
0.740039
0.748671
0.743422
0.743252
0.738885
0.731724
0.735113
0.745885
0.739700
0.749601
0.742943
0.755724
0.734986
0.748987
0.750880
0.749047
0.744355
0.752124
0.753695
0.750883
0.750289
0.751303
0.749714
0.750563
0.752175
0.751858
0.743015
0.745457
0.744830
0.748565
0.746865
0.749438
0.744404
0.743220
0.742199
0.740331
0.740331
0.744128
0.747955
0.738667
0.744531
0.737964
0.745864
0.746642
0.745363
0.749044
0.751435
0.747173
0.752542
0.743846
0.739830
0.739453
0.737128
0.732444
0.743474
0.740773
0.736775
0.740737
0.748896
0.743271
0.739017
0.735072
0.743057
0.740406
0.742943
0.746565
0.739671
0.757742
0.748435
0.744346
0.744771
0.758650
0.737039
0.749970
0.744953
0.746602
0.748676
0.749301
0.743828
0.740646
0.741341
0.737908
0.743293
0.742165
0.738182
0.743809
0.737660
0.729778
0.734589
0.735592
0.734828
0.732854
0.737383
0.732595
0.729704
0.727072
0.719842
0.725427
0.728392
0.731410
0.726300
0.726188
0.730589
0.731851
0.726635
0.730855
0.729759
0.729855
0.739794
0.732890
0.732513
0.726064
0.733429
0.731448
0.741105
0.727657
0.736870
0.738327
0.727639
0.732572
0.737461
0.736036
0.733978
0.729115
0.731389
0.738789
0.739662
0.738214
0.731873
0.723177
0.725914
0.731410
0.733144
0.729808
0.727038
0.725392
0.724062
0.728515
0.733308
0.722415
0.728667
0.730520
0.730461
0.729500
0.725323
0.735391
0.733798
0.733797
0.731448
0.730926
0.732966
0.731206
0.727339
0.729151
0.739015
0.736519
0.730671
0.735516
0.740147
0.736247
0.739830
0.733707
0.738629
0.748399
0.735999
0.744010
0.742628
0.739294
0.744164
0.749210
0.745462
0.742425
0.752993
0.753906
0.764895
0.776851
0.767284
0.755443
0.761179
0.772425
0.775199
0.776402
0.774023
0.774427
0.770466
0.778476
0.782292
0.777551
0.775131
0.777371
0.782125
0.788696
0.793826
0.793789
0.784889
0.797194
0.788071
0.789514
0.794505
0.793802
0.796674
0.796733
0.796193
0.797805
0.790009
0.791715
0.788439
0.792159
0.786069
0.780442
0.787527
0.786532
0.784199
0.777441
0.781929
0.790439
0.801886
0.797139
0.817729
0.792179
0.797044
0.798015
0.798065
0.804058
0.801791
0.807822
0.799603
0.803120
0.799490
0.794792
0.802981
0.798673
0.785997
0.793732
0.797541
0.791529
0.791427
0.796161
0.793495
0.783116
0.793158
0.796263
0.801283
0.812986
0.810337
0.808332
0.796435
0.798229
0.791625
0.804596
0.804048
0.795142
0.813833
0.815409
0.826549
0.812510
0.809438
0.828213
0.814766
0.818813
0.813279
0.813298
0.822178
0.834719
0.806243
0.802401
0.810043
0.816683
0.809083
0.820141
0.813114
0.817646
0.817575
0.823494
0.812596
0.829080
0.819499
0.817481
0.830842
0.829291
0.837379
0.831777
0.831958
0.834627
0.843134
0.841934
0.845333
0.840990
0.849259
0.855510
0.839267
0.839311
0.841767
0.842138
0.850540
0.858219
0.850732
0.842212
0.850612
0.858387
0.861331
0.864259
0.856543
0.856712
0.858446
0.860366
0.848865
0.854414
0.859855
0.868789
0.852949
0.851357
0.859401
0.865216
0.855577
0.858238
0.854574
0.858795
0.852527
0.871213
0.865252
0.856021
0.855965
0.851210
0.854298
0.851778
0.861660
0.854053
0.855653
0.856796
0.863976
0.856190
0.872275
0.865137
0.865598
0.888671
0.883870
0.897412
0.900836
0.874621
0.879153
0.875974
0.873383
0.886651
0.875624
0.884038
0.874922
0.875623
0.868939
0.892893
0.881436
0.886241
0.877571
0.891185
0.885897
0.882113
0.901574
0.875476
0.907287
0.891804
0.925342
0.891245
0.894073
0.909767
0.911620
0.905701
0.900590
0.898850
0.903703
0.905736
0.900858
0.899277
0.907109
0.902609
0.909811
0.896350
0.927407
0.929187
0.902650
0.907996
0.910074
0.915733
0.908345
0.911142
0.908366
0.912122
0.907054
0.915340
0.921082
0.907962
0.911942
0.913160
0.910751
0.907173
0.916530
0.916645
0.926952
0.906538
0.921384
0.922718
0.930874
0.932790
0.918475
0.923082
0.930061
0.927824
0.928434
0.928655
0.924213
0.926321
0.919606
0.922048
0.922324
0.918979
0.914527
0.926336
0.924526
0.921474
0.926785
0.915769
0.920661
0.913201
0.924415
0.920803
0.922228
0.916033
0.917305
0.915828
0.909596
0.929119
0.922718
0.917403
0.919940
0.926159
0.931927
0.930752
0.935469
0.933469
0.946368
0.947370
0.952009
0.937822
0.943500
0.939374
0.939244
0.948792
0.941150
0.945815
0.942524
0.937317
0.943576
0.951528
0.950120
0.946236
0.958894
0.958679
0.963806
0.958843
0.974537
0.959893
0.964322
0.956980
0.966226
0.960067
0.959774
0.953385
0.959884
0.950022
0.952259
0.958436
0.946781
0.964115
0.971706
0.985290
0.959993
0.960396
0.962325
0.961858
0.959697
0.964116
0.954442
0.956109
0.960233
0.959991
0.954351
0.965252
0.993060
0.958753
0.972103
0.965842
0.966821
0.970095
0.962265
0.967968
0.954476
0.956884
0.954105
0.950924
0.955719
0.968444
0.953386
0.946000
0.949929
0.962803
0.960769
0.961438
0.953593
0.958419
0.954551
0.959901
0.953366
0.948960
0.955554
0.961731
0.950848
0.950185
0.954790
0.943099
0.951975
0.944558
0.950365
0.949260
0.942492
0.956568
0.951831
0.948538
0.948572
0.948854
0.955718
0.950502
0.954492
0.956104
0.952679
0.953811
0.949092
0.949846
0.949960
0.956898
0.952534
0.949667
0.951739
0.954746
0.956392
0.964121
0.949260
0.967893
0.991652
0.987677
0.988691
0.962322
0.956013
0.944225
0.965041
0.963717
0.970195
0.973617
0.970401
0.972270
0.971953
0.981269
0.978643
0.949521
0.954981
0.975097
0.962360
0.977886
0.970227
0.958852
0.973248
0.968724
0.983436
0.964362
0.973674
0.972397
0.960216
0.975487
0.972214
0.983632
0.988716
0.992251
0.977618
0.985442
0.972195
0.975618
0.983465
0.985453
0.983227
1.000000
0.977695
0.976542
0.985388
0.989464
0.989795
0.985260
0.983408
0.986759
0.978952
0.987869
0.990455
0.981000
0.986091
0.984128
0.973045
0.974596
0.973618
0.975471
0.974709
0.976412
0.976098
0.979776
0.989919
0.980925
0.968488
0.971547
0.984868
0.973374
0.974094
0.975040
0.977725
0.973837
0.976542
0.968582
0.975261
0.969009
0.966494
0.966855
0.959461
0.960664
0.982251
0.969042
0.970176
0.971598
0.968098
0.971084
0.967286
0.970130
0.962488
0.961604
0.967119
0.965748
0.960995
0.955686
0.958740
0.963714
0.965970
0.962067
0.961475
0.964527
0.966528
0.965530
0.968156
0.967153
0.967949
0.966786
0.965584
0.973117
0.974557
0.970749
0.968783
0.966786
0.967539
0.965045
0.964921
0.971630
0.963808
0.962488
0.966930
0.964212
0.961474
0.962101
0.966215
0.964176
0.959768
0.966750
0.958249
0.962805
0.960196
0.962118
0.962950
0.965025
0.961937
0.958085
0.959879
0.959546
0.960787
0.961878
0.959270
0.956790
0.958899
0.958883
0.956420
0.954475
0.956702
0.957047
0.956970
0.962579
0.962081
0.963713
0.960993
0.966833
0.957121
0.953253
0.954249
0.961546
0.947585
0.956897
0.959212
0.949164
0.949608
0.946349
0.951829
0.949831
0.951290
0.950587
0.951606
0.947239
0.951733
0.951066
0.953690
0.951784
0.944846
0.943798
0.943885
0.943217
0.942684
0.941319
0.942058
0.945129
0.942591
0.945386
0.943610
0.945771
0.940168
0.938626
0.938867
0.937982
0.938625
0.933094
0.938666
0.933742
0.937927
0.931393
0.931332
0.935390
0.933760
0.938461
0.934283
0.935390
0.935056
0.935038
0.930061
0.937088
0.933648
0.934349
0.928760
0.932019
0.931093
0.929204
0.924675
0.936218
0.923799
0.932758
0.912253
0.926017
0.917767
0.929575
0.917396
0.911626
0.922631
0.910718
0.918849
0.923821
0.912957
0.917140
0.923855
0.917826
0.918807
0.922319
0.920116
0.924542
0.922973
0.920505
0.925373
0.920577
0.903168
0.909112
0.913348
0.922961
0.920636
0.918616
0.911655
0.918126
0.917095
0.912603
0.924626
0.911403
0.930571
0.918891
0.913238
0.931129
0.919283
0.921989
0.919192
0.919801
0.917192
0.917586
0.929013
0.920505
0.922673
0.926095
0.920322
0.912957
0.921798
0.923154
0.932554
0.923153
0.922614
0.911128
0.912811
0.919658
0.936904
0.926690
0.932921
0.914826
0.923237
0.915455
0.922134
0.929687
0.927521
0.935115
0.931097
0.936129
0.936441
0.931763
0.935996
0.927431
0.936144
0.938385
0.936589
0.932558
0.934905
0.934498
0.928575
0.940409
0.942302
0.935281
0.929580
0.942993
0.937645
0.932003
0.938554
0.933409
0.938700
0.937980
0.938032
0.935054
0.936367
0.935279
0.930043
0.929670
0.945842
0.932558
0.936161
0.923807
0.950149
0.930448
0.946263
0.935585
0.919493
0.920680
0.937274
0.930724
0.934496
0.935944
0.941898
0.930815
0.931612
0.934836
0.933784
0.926948
0.936500
0.933225
0.929092
0.926114
0.925714
0.931313
0.946233
0.943350
0.940958
0.946678
0.945883
0.941702
0.938057
0.934129
0.934573
0.944378
0.932003
0.936204
0.944676
0.945474
0.937716
0.935777
0.933316
0.967084
0.922011
0.938921
0.937073
0.943050
0.939238
0.930870
0.939402
0.936787
0.947010
0.945380
0.937296
0.950196
0.944640
0.946827
0.937776
0.944539
0.936651
0.970179
0.942460
0.943995
0.943660
0.947865
0.946788
0.944105
0.939089
0.943513
0.943437
0.942233
0.939386
0.934593
0.936202
0.940940
0.944859
0.945034
0.951990
0.945660
0.947222
0.947367
0.948842
0.946460
0.941361
0.942831
0.959819
0.945388
0.949124
0.951066
0.943354
0.954321
0.958119
0.946661
0.949383
0.966107
0.954688
0.947527
0.938867
0.936575
0.934243
0.949508
0.944122
0.946029
0.940038
0.942793
0.944348
0.951062
0.938867
0.943127
0.944458
0.935025
0.947589
0.951050
0.938058
0.951380
0.943831
0.938925
0.947661
0.946474
0.946073
0.950272
0.952272
0.958611
0.948102
0.952769
0.952954
0.946405
0.945384
0.943478
0.950822
0.944476
0.948044
0.946310
0.944680
0.947493
0.945146
0.949104
0.947862
0.945031
0.945847
0.945994
0.936892
0.938480
0.938445
0.942293
0.934945
0.937296
0.936289
0.931873
0.940886
0.945164
0.941258
0.953413
0.950711
0.946328
0.949509
0.943328
0.943977
0.945755
0.941422
0.940478
0.942331
0.946808
0.941122
0.937237
0.940324
0.934260
0.939628
0.944036
0.939791
0.936927
0.948361
0.944843
0.937311
0.949224
0.932095
0.932894
0.934814
0.932817
0.946641
0.934541
0.944174
0.943676
0.936293
0.937432
0.950435
0.939165
0.941703
0.938245
0.938540
0.940092
0.941721
0.940681
0.944439
0.945692
0.940612
0.933665
0.935741
0.937535
0.928286
0.939361
0.939180
0.929762
0.931701
0.927503
0.930465
0.923008
0.933308
0.922079
0.915366
0.919991
0.929074
0.925456
0.926174
0.935182
0.928173
0.923946
0.944194
0.930924
0.925557
0.920326
0.921569
0.930961
0.926501
0.919173
0.923702
0.918099
0.923355
0.921983
0.921657
0.919469
0.918820
0.915022
0.921838
0.922910
0.924608
0.909365
0.915362
0.914916
0.920174
0.911803
0.910479
0.912300
0.914898
0.911938
0.919039
0.916872
0.920241
0.914577
0.908231
0.915023
0.903326
0.910934
0.894740
0.909767
0.903341
0.902741
0.900999
0.904788
0.897518
0.911323
0.899573
0.893555
0.896958
0.894626
0.899531
0.895938
0.894907
0.901991
0.890797
0.890351
0.896795
0.891817
0.892057
0.900455
0.897495
0.880171
0.882099
0.890976
0.878082
0.887482
0.872696
0.883648
0.872276
0.884668
0.883394
0.898658
0.890902
0.891900
0.882373
0.885698
0.872753
0.869460
0.881725
0.873785
0.872602
0.878578
0.864367
0.881951
0.879823
0.862650
0.879694
0.870328
0.876503
0.875968
0.871993
0.886956
0.896323
0.881855
0.874025
0.887401
0.884777
0.873418
0.881483
0.898648
0.876355
0.893542
0.866269
0.854151
0.892883
0.874304
0.872064
0.880207
0.881107
0.875919
0.880997
0.872061
0.886222
0.889129
0.887505
0.892904
0.900006
0.895639
0.883575
0.882001
0.884576
0.891500
0.888838
0.895330
0.900270
0.888685
0.889422
0.886317
0.888014
0.886223
0.887927
0.885922
0.882576
0.882499
0.898747
0.886702
0.888299
0.896121
0.883744
0.885370
0.896248
0.892679
0.893491
0.887385
0.876547
0.884556
0.881574
0.874806
0.867548
0.882849
0.885586
0.879373
0.862887
0.880335
0.886049
0.876759
0.871802
0.875687
0.870935
0.872450
0.878985
0.878165
0.880926
0.877340
0.878687
0.885514
0.878671
0.884586
0.887969
0.883035
0.869047
0.872262
0.877666
0.865546
0.873726
0.876110
0.863271
0.866324
0.868863
0.875128
0.871747
0.872242
0.862035
0.869042
0.862421
0.891807
0.869671
0.878352
0.882054
0.874962
0.869174
0.865544
0.870340
0.867859
0.869249
0.864437
0.874626
0.868856
0.864096
0.860456
0.855534
0.852908
0.869138
0.870451
0.868040
0.865449
0.863210
0.862120
0.873777
0.865175
0.875724
0.862599
0.858192
0.861791
0.857510
0.854660
0.855082
0.849551
0.850664
0.845852
0.846918
0.845928
0.843313
0.848089
0.838462
0.851640
0.839720
0.832615
0.841072
0.840945
0.845184
0.848425
0.851085
0.842224
0.837224
0.832435
0.835764
0.831364
0.838595
0.837264
0.838518
0.838912
0.836930
0.830229
0.825211
0.827157
0.825432
0.822714
0.821307
0.833444
0.820697
0.822174
0.823989
0.812642
0.836788
0.816378
0.813237
0.823028
0.809070
0.795254
0.802095
0.803316
0.816119
0.816299
0.804385
0.809774
0.809009
0.808417
0.816491
0.812810
0.798916
0.827135
0.794437
0.785483
0.793743
0.810768
0.801461
0.790860
0.804014
0.797461
0.796371
0.784326
0.793923
0.800064
0.798495
0.777259
0.804119
0.787479
0.781067
0.774718
0.772735
0.777546
0.809171
0.803160
0.787121
0.793298
0.782753
0.800365
0.785175
0.801120
0.787301
0.790962
0.773534
0.786264
0.777900
0.776584
0.790252
0.787054
0.790848
0.791271
0.774009
0.795192
0.795770
0.783559
0.771309
0.778015
0.762064
0.767852
0.773499
0.789036
0.781652
0.812239
0.784358
0.798165
0.788459
0.777192
0.785856
0.759377
0.790312
0.774713
0.785724
0.773770
0.783355
0.774338
0.780114
0.772543
0.784317
0.807060
0.789908
0.798941
0.794208
0.801309
0.790927
0.796684
0.799724
0.804639
0.813137
0.803569
0.798854
0.832399
0.818966
0.824429
0.815212
0.819749
0.804686
0.814490
0.818947
0.831055
0.821893
0.817680
0.818769
0.811290
0.807405
0.811005
0.807179
0.809306
0.803643
0.797887
0.811853
0.804623
0.808403
0.802476
0.800720
0.807977
0.798849
0.812715
0.806569
0.802313
0.804050
0.807260
0.803616
0.801055
0.811080
0.797776
0.797040
0.789195
0.806702
0.788376
0.815394
0.805717
0.794883
0.790762
0.787192
0.778031
0.776143
0.789791
0.778689
0.789201
0.784966
0.790425
0.790980
0.798623
0.779997
0.766824
0.767569
0.797710
0.795119
0.796485
0.795319
0.801259
0.782360
0.786803
0.782054
0.782157
0.787844
0.785361
0.808124
0.797728
0.809234
0.811195
0.797265
0.810623
0.805613
0.801854
0.801074
0.815061
0.800439
0.782956
0.803371
0.777996
0.789946
0.815284
0.781130
0.795850
0.787300
0.777358
0.782304
0.763725
0.796526
0.769702
0.775861
0.786206
0.774051
0.786083
0.790185
0.790504
0.793136
0.799185
0.794465
0.796799
0.798978
0.801035
0.801233
0.794191
0.799980
0.796163
0.796961
0.794874
0.788243
0.791188
0.796218
0.797166
0.795090
0.791426
0.786405
0.793662
0.788148
0.798441
0.792037
0.780320
0.787489
0.791907
0.795072
0.787857
0.780006
0.783082
0.779800
0.781482
0.786626
0.777600
0.778655
0.780078
0.773637
0.773617
0.774182
0.772635
0.769894
0.768609
0.768100
0.763590
0.767862
0.766232
0.766009
0.754558
0.763185
0.766027
0.764978
0.760236
0.766771
0.766550
0.761032
0.758444
0.759018
0.760630
0.763599
0.762587
0.762459
0.760091
0.761494
0.760870
0.764457
0.759001
0.755131
0.758519
0.760406
0.759626
0.757680
0.758066
0.757885
0.757369
0.752738
0.757789
0.752409
0.751998
0.753559
0.745357
0.741283
0.747771
0.750126
0.749165
0.746815
0.741986
0.741137
0.743538
0.747259
0.742480
0.734021
0.728755
0.736930
0.742687
0.742703
0.722904
0.731197
0.734322
0.741885
0.734822
0.734564
0.731637
0.729104
0.728141
0.729267
0.743242
0.731860
0.732821
0.734433
0.735876
0.744199
0.747935
0.730656
0.730119
0.724978
0.729954
0.727458
0.727638
0.728134
0.724635
0.725713
0.729524
0.726007
0.718638
0.720730
0.712220
0.726004
0.734128
0.731538
0.720090
0.732576
0.716383
0.729250
0.718551
0.722882
0.714874
0.721974
0.720214
0.720851
0.712257
0.717109
0.709905
0.721011
0.712442
0.733125
0.720955
0.720287
0.712334
0.717644
0.716366
0.715232
0.700433
0.693767
0.688310
0.707980
0.712755
0.693938
0.693826
0.704813
0.693086
0.703484
0.718569
0.710254
0.701672
0.718809
0.715370
0.716383
0.719527
0.712349
0.709000
0.711035
0.713110
0.702766
0.713661
0.709148
0.715810
0.711884
0.704781
0.713492
0.711606
0.706479
0.707102
0.716803
0.697005
0.704441
0.699370
0.694959
0.699086
0.700938
0.678274
0.676378
0.683412
0.677063
0.674975
0.666229
0.662336
0.671180
0.683094
0.651079
0.685355
0.673240
0.684452
0.686195
0.678011
0.680134
0.680790
0.684566
0.683922
0.677182
0.695671
0.675852
0.692354
0.669946
0.680250
0.687566
0.656345
0.672947
0.682786
0.656433
0.662887
0.639754
0.658446
0.660280
0.630509
0.649361
0.640294
0.655340
0.651266
0.648640
0.648195
0.673953
0.663128
0.651180
0.664244
0.668130
0.656248
0.675678
0.665994
0.666247
0.681268
0.674440
0.677699
0.680258
0.662821
0.673832
0.685397
0.663266
0.673574
0.673651
0.674403
0.677174
0.653843
0.669565
0.671777
0.644860
0.668429
0.642914
0.648552
0.640658
0.625654
0.651073
0.639209
0.623336
0.652273
0.621784
0.630613
0.631333
0.644560
0.631704
0.655874
0.645471
0.634407
0.646881
0.649581
0.662902
0.651999
0.663990
0.646712
0.664218
0.655725
0.661885
0.663387
0.653529
0.664124
0.663166
0.675636
0.671492
0.667862
0.667273
0.680189
0.668421
0.667161
0.662279
0.662367
0.667217
0.666051
0.650879
0.637350
0.650343
0.659421
0.647357
0.651260
0.663027
0.660383
0.646233
0.651077
0.636068
0.658474
0.629430
0.637035
0.631779
0.633679
0.637742
0.632334
0.641361
0.646190
0.639068
0.632738
0.649684
0.640247
0.640377
0.629571
0.641896
0.613343
0.637875
0.616909
0.625198
0.606770
0.619207
0.610143
0.630033
0.628941
0.614782
0.636527
0.626378
0.638913
0.637715
0.646966
0.648356
0.646521
0.611677
0.634454
0.646883
0.635564
0.634862
0.617487
0.641079
0.644582
0.642780
0.647101
0.614842
0.631534
0.631770
0.613769
0.620945
0.646327
0.607434
0.600756
0.630417
0.620024
0.619407
0.627458
0.622982
0.635872
0.604593
0.632324
0.616283
0.628676
0.641739
0.626755
0.614694
0.624608
0.629772
0.606254
0.625252
0.631788
0.630622
0.622573
0.620128
0.619129
0.615721
0.607193
0.624715
0.617649
0.614967
0.613484
0.623828
0.623826
0.616002
0.607025
0.618457
0.618884
0.615908
0.611964
0.624589
0.626163
0.617328
0.627716
0.624217
0.619746
0.622552
0.620278
0.625797
0.624612
0.616968
0.619482
0.621540
0.618425
0.628307
0.603645
0.618164
0.616716
0.626623
0.609597
0.622369
0.602083
0.586360
0.614835
0.615057
0.615520
0.620050
0.615238
0.620753
0.615980
0.614408
0.596464
0.618947
0.622496
0.606458
0.623862
0.629898
0.620772
0.631093
0.621792
0.623219
0.619274
0.622032
0.615923
0.611976
0.595074
0.619719
0.608987
0.615703
0.614467
0.616280
0.623812
0.607914
0.637611
0.623144
0.622886
0.617439
0.616537
0.611383
0.620645
0.622461
0.623477
0.631951
0.613175
0.611423
0.625127
0.617907
0.613442
0.612198
0.603637
0.612570
0.616906
0.609465
0.606025
0.607267
0.611058
0.609229
0.592114
0.627843
0.626310
0.626937
0.626205
0.630381
0.613669
0.624548
0.625607
0.609584
0.628954
0.621959
0.609300
0.612782
0.619996
0.614180
0.610392
0.605708
0.596829
0.597879
0.608405
0.613557
0.629785
0.604173
0.615492
0.588755
0.608611
0.576358
0.578749
0.584965
0.567180
0.597956
0.582099
0.578044
0.595953
0.576120
0.559463
0.590401
0.580132
0.571599
0.568917
0.586791
0.562300
0.560701
0.572224
0.537031
0.557213
0.550130
0.579975
0.590635
0.549598
0.554223
0.584896
0.561308
0.561104
0.572264
0.574498
0.579038
0.584009
0.559274
0.570054
0.578606
0.572856
0.573536
0.568784
0.564395
0.575886
0.577438
0.580399
0.570305
0.589173
0.578128
0.572637
0.545524
0.569073
0.583770
0.585804
0.581531
0.589843
0.566452
0.578887
0.568766
0.570652
0.566376
0.540770
0.575773
0.568611
0.569710
0.540563
0.577306
0.557226
0.588449
0.550646
0.556991
0.536197
0.563436
0.565465
0.561244
0.566853
0.562709
0.535510
0.550110
0.550960
0.558980
0.581967
0.561624
0.552667
0.555721
0.551923
0.558488
0.579215
0.590523
0.575969
0.564124
0.570782
0.561087
0.580071
0.582928
0.584093
0.567477
0.576691
0.585218
0.580071
0.585223
0.581648
0.586994
0.584162
0.581262
0.585822
0.570099
0.566136
0.573479
0.561176
0.568155
0.564315
0.569025
0.571919
0.565873
0.537934
0.562341
0.570890
0.551788
0.548906
0.540130
0.529940
0.548532
0.563746
0.557751
0.536916
0.536798
0.550672
0.544160
0.571310
0.554657
0.554008
0.559025
0.557859
0.531861
0.548681
0.551611
0.533453
0.542235
0.547829
0.536816
0.534797
0.542313
0.562849
0.551689
0.543270
0.537019
0.538736
0.526658
0.543197
0.539093
0.542939
0.531931
0.521288
0.539347
0.533852
0.546215
0.525791
0.528783
0.527968
0.524397
0.525619
0.536221
0.534908
0.535664
0.533929
0.525196
0.518033
0.524601
0.532598
0.543748
0.532185
0.523949
0.531958
0.528873
0.516530
0.517044
0.517343
0.520122
0.497226
0.526558
0.530333
0.538491
0.548447
0.523724
0.522779
0.539107
0.485743
0.519840
0.506553
0.513846
0.519552
0.518164
0.517441
0.518100
0.533843
0.508273
0.524554
0.507166
0.522253
0.508177
0.533376
0.544847
0.540303
0.540069
0.527470
0.535613
0.557547
0.554496
0.553648
0.554256
0.560716
0.562270
0.559938
0.554020
0.559279
0.560257
0.554448
0.550323
0.551470
0.572471
0.562687
0.579766
0.585140
0.593910
0.596628
0.610286
0.610112
0.617405
0.606790
0.614668
0.607362
0.616540
0.626130
0.633429
0.629462
0.623449
0.629944
0.630483
0.640419
0.633905
0.662289
0.604187
0.626030
0.605567
0.601771
0.605287
0.611305
0.587584
0.693035
0.633379
0.612233
0.616504
0.618211
0.599889
0.603998
0.611007
0.607808
0.619946
0.620155
0.628517
0.618282
0.614460
0.618226
0.612683
0.629925
0.628480
0.644636
0.616028
0.618268
0.558570
0.628728
0.610808
0.630239
0.617822
0.595822
0.611938
0.608900
0.578093
0.610944
0.610051
0.607554
0.625133
0.616882
0.623503
0.636419
0.623022
0.633906
0.633498
0.605834
0.639331
0.633980
0.633993
0.635705
0.620086
0.608000
0.633357
0.629750
0.650498
0.629124
0.642980
0.668015
0.667263
0.672942
0.666078
0.655275
0.664557
0.648152
0.662724
0.663151
0.649907
0.667535
0.664435
0.669281
0.682549
0.681256
0.695267
0.691586
0.673300
0.708232
0.697042
0.699522
0.694064
0.706976
0.689418
0.695012
0.703634
0.699475
0.697475
0.693735
0.689416
0.701226
0.694563
0.674362
0.695842
0.694081
0.712060
0.688373
0.697621
0.693942
0.712273
0.698123
0.699638
0.754724
0.710221
0.710001
0.711284
0.704194
0.701899
0.722151
0.719552
0.741554
0.726918
0.703674
0.722104
0.703212
0.715695
0.688143
0.712988
0.687715
0.719817
0.687140
0.742928
0.724461
0.712379
0.722723
0.714209
0.714144
0.729087
0.719700
0.739620
0.707373
0.733331
0.738248
0.735640
0.734324
0.727387
0.724617
0.733194
0.720949
0.726844
0.726366
0.738022
0.719013
0.719460
0.715135
0.729580
0.712564
0.720651
0.719500
0.720875
0.721373
0.736618
0.734750
0.743095
0.729739
0.734120
0.726536
0.719461
0.735099
0.742889
0.733066
0.729703
0.749538
0.742597
0.740677
0.742874
0.740865
0.736458
0.743242
0.744409
0.741250
0.747927
0.744975
0.746896
0.745561
0.746949
0.728815
0.746114
0.742539
0.746245
0.731923
0.745097
0.749931
0.740216
0.741158
0.753168
0.760425
0.740250
0.744767
0.750001
0.749982
0.729812
0.743317
0.737972
0.738189
0.711548
0.731359
0.724591
0.724125
0.723422
0.717222
0.729993
0.728826
0.726844
0.722205
0.733787
0.724074
0.718947
0.739505
0.728111
0.742166
0.730624
0.723389
0.720777
0.728653
0.740087
0.752992
0.751951
0.752364
0.732232
0.738263
0.727198
0.744445
0.719590
0.725679
0.717038
0.718366
0.721071
0.714911
0.732308
0.720000
0.717186
0.725550
0.725232
0.739022
0.718223
0.714189
0.717707
0.718385
0.711970
0.709584
0.701273
0.721519
0.721038
0.720000
0.727883
0.734377
0.728623
0.737323
0.737064
0.736858
0.737029
0.746354
0.738050
0.733307
0.727329
0.729867
0.737158
0.734568
0.743301
0.737588
0.747798
0.737977
0.737551
0.742421
0.756354
0.761792
0.754912
0.756373
0.760447
0.758431
0.760035
0.769385
0.760294
0.754083
0.756149
0.756226
0.752709
0.740791
0.739343
0.749686
0.746065
0.729485
0.744376
0.735095
0.736380
0.746210
0.734528
0.744649
0.741132
0.728925
0.740745
0.724819
0.732571
0.732702
0.742176
0.737813
0.738090
0.735439
0.762877
0.755948
0.743438
0.750949
0.778670
0.752856
0.751634
0.758131
0.762331
0.730691
0.757410
0.751226
0.762645
0.759668
0.760537
0.766035
0.759935
0.766294
0.773662
0.770960
0.775566
0.782584
0.782698
0.785066
0.790439
0.797175
0.798733
0.803342
0.814055
0.816074
0.825052
0.817463
0.815076
0.820856
0.815282
0.822015
0.823903
0.814595
0.814112
0.813092
0.817055
0.812851
0.811427
0.818089
0.810276
0.806354
0.801967
0.810491
0.793821
0.798055
0.791932
0.788549
0.800115
0.794993
0.797247
0.792856
0.789176
0.786636
0.795668
0.789897
0.792011
0.795338
0.797003
0.792136
0.791270
0.794153
0.792453
0.795876
0.795619
0.797711
0.791469
0.795155
0.796613
0.793321
0.792523
0.791510
0.802020
0.794729
0.806856
0.809480
0.801617
0.805154
0.793559
0.812823
0.793076
0.798914
0.800594
0.796436
0.801704
0.798191
0.795677
0.788771
0.787362
0.783306
0.786487
0.785305
0.779129
0.785943
0.787326
0.796771
0.810515
0.801010
0.797520
0.797672
0.799765
0.800915
0.796266
0.798136
0.799390
0.798401
0.797655
0.796290
0.798949
0.798469
0.797079
0.796100
0.802246
0.788979
0.782740
0.797896
0.798541
0.798823
0.797374
0.799208
0.790330
0.797824
0.797079
0.799043
0.798613
0.793619
0.792546
0.792451
0.789861
0.786568
0.786713
0.784662
0.777791
0.777549
0.780492
0.784027
0.777326
0.778141
0.778680
0.773020
0.778271
0.777849
0.785991
0.786637
0.781386
0.786714
0.782364
0.780809
0.785475
0.779585
0.777533
0.779788
0.778252
0.777473
0.774349
0.777437
0.773850
0.773070
0.775068
0.768327
0.781656
0.772109
0.769811
0.773087
0.771087
0.769593
0.763298
0.762114
0.761152
0.760004
0.767483
0.763574
0.760657
0.774347
0.767261
0.765460
0.755783
0.766813
0.764796
0.767681
0.775752
0.767964
0.773683
0.766031
0.766650
0.774174
0.767234
0.763443
0.768459
0.767054
0.772493
0.767097
0.782270
0.774575
0.778123
0.773737
0.770313
0.772880
0.775325
0.774253
0.772958
0.790194
0.778667
0.784236
0.792629
0.786782
0.789896
0.781952
0.779737
0.779788
0.780250
0.783992
0.783032
0.782406
0.781366
0.786771
0.781608
0.783032
0.784215
0.776015
0.785638
0.791297
0.781823
0.785382
0.780546
0.781367
0.789432
0.780277
0.783864
0.767692
0.778200
0.774752
0.777086
0.778904
0.774993
0.774383
0.774458
0.776053
0.771885
0.770624
0.760784
0.766977
0.762962
0.765449
0.774014
0.772332
0.772234
0.768778
0.763425
0.758800
0.762405
0.760429
0.759351
0.765405
0.765499
0.761777
0.767901
0.761554
0.767681
0.761942
0.756159
0.758019
0.761333
0.760258
0.766169
0.757427
0.759168
0.765533
0.752004
0.760744
0.759148
0.756410
0.754002
0.754670
0.753076
0.751969
0.754706
0.751909
0.756353
0.757185
0.749763
0.756627
0.749950
0.746914
0.745834
0.744984
0.747377
0.744562
0.745857
0.743987
0.741971
0.739637
0.739912
0.741465
0.738968
0.732766
0.736992
0.736470
0.733733
0.733673
0.730748
0.734787
0.730783
0.729863
0.728936
0.726920
0.729193
0.727364
0.727675
0.726713
0.722028
0.720793
0.721882
0.726180
0.724920
0.723806
0.721773
0.719867
0.722235
0.721566
0.720219
0.718787
0.720157
0.719127
0.714965
0.711284
0.713627
0.709701
0.712854
0.714408
0.711853
0.711167
0.712813
0.711852
0.714382
0.712795
0.711956
0.708134
0.710355
0.705947
0.706736
0.704480
0.704797
0.703210
0.700481
0.702374
0.699560
0.699261
0.697522
0.696982
0.698412
0.696002
0.691618
0.693195
0.674977
0.690861
0.686769
0.685303
0.685274
0.686375
0.680122
0.685267
0.683826
0.683508
0.683139
0.679716
0.681767
0.678455
0.677647
0.676679
0.678977
0.671703
0.678600
0.677897
0.678865
0.676790
0.677697
0.675201
0.673589
0.673366
0.671460
0.672645
0.673091
0.667979
0.665001
0.669298
0.669051
0.671606
0.668570
0.669478
0.666922
0.665034
0.667127
0.667684
0.664829
0.660434
0.666072
0.666294
0.665255
0.663831
0.663257
0.664518
0.662587
0.659336
0.660186
0.664980
0.660090
0.647006
0.647840
0.653355
0.652446
0.654351
0.646818
0.645101
0.652498
0.652076
0.645264
0.649596
0.647908
0.648008
0.644972
0.645299
0.644696
0.642930
0.641916
0.644232
0.640346
0.636692
0.618246
0.629476
0.627683
0.607956
0.631791
0.628033
0.621186
0.623725
0.623607
0.626403
0.622962
0.622722
0.624351
0.617129
0.623494
0.621290
0.615908
0.616630
0.613535
0.613875
0.615686
0.614431
0.618809
0.611963
0.608709
0.603338
0.602355
0.604043
0.606480
0.607079
0.605373
0.606598
0.603878
0.596250
0.602266
0.597821
0.598489
0.657115
0.589437
0.595950
0.596542
0.593582
0.594638
0.588788
0.589960
0.587199
0.586735
0.603647
0.590012
0.580222
0.585901
0.583551
0.587771
0.580309
0.578626
0.575443
0.569837
0.574019
0.574241
0.574870
0.566650
0.563763
0.558417
0.564314
0.559481
0.595907
0.568835
0.568578
0.567205
0.558815
0.563519
0.593624
0.541627
0.550715
0.554994
0.553685
0.560357
0.569212
0.554547
0.558062
0.559730
0.585094
0.558299
0.557895
0.557355
0.585198
0.563135
0.548551
0.573662
0.575805
0.574800
0.576116
0.583612
0.575608
0.561030
0.519010
0.580268
0.555233
0.547558
0.580859
0.567802
0.523892
0.557845
0.579084
0.556147
0.560006
0.577439
0.536654
0.567220
0.586872
0.583620
0.581638
0.587152
0.526538
0.523240
0.566242
0.533458
0.558982
0.555816
0.558109
0.560992
0.568948
0.541192
0.556257
0.584043
0.565144
0.565013
0.570394
0.549618
0.559170
0.577476
0.534194
0.569089
0.565142
0.564965
0.559168
0.586981
0.560100
0.561105
0.574058
0.553458
0.567135
0.565406
0.556755
0.540665
0.565537
0.565257
0.537856
0.545842
0.542957
0.571125
0.552434
0.560288
0.549522
0.533151
0.543932
0.547230
0.552612
0.550143
0.561810
0.556426
0.544922
0.558585
0.561321
0.562044
0.561319
0.545379
0.545823
0.563094
0.568758
0.546768
0.551411
0.552669
0.556661
0.558287
0.534495
0.540497
0.542656
0.540600
0.521701
0.521361
0.539388
0.537836
0.495557
0.499165
0.526490
0.535319
0.521109
0.535319
0.552441
0.538793
0.544354
0.533751
0.532004
0.537019
0.527288
0.534711
0.533986
0.546364
0.545861
0.532697
0.524077
0.543700
0.517688
0.526883
0.526367
0.532164
0.520186
0.521265
0.520911
0.525953
0.546168
0.557731
0.550395
0.535488
0.534586
0.534409
0.540664
0.542439
0.543474
0.538372
0.541669
0.559384
0.531214
0.540175
0.535339
0.544581
0.534643
0.528772
0.523700
0.527174
0.524319
0.527720
0.506781
0.520224
0.523003
0.540098
0.547240
0.512682
0.512859
0.547033
0.526508
0.538145
0.539431
0.539284
0.523416
0.514765
0.515518
0.531710
0.548066
0.556509
0.517780
0.523607
0.532154
0.528782
0.523014
0.522600
0.543199
0.534164
0.536737
0.536944
0.478872
0.528085
0.530792
0.541114
0.530097
0.518947
0.531025
0.520957
0.532314
0.519670
0.520261
0.531411
0.509628
0.536098
0.524253
0.534529
0.531676
0.512303
0.509687
0.511119
0.522506
0.513442
0.522092
0.522122
0.526011
0.522254
0.519444
0.498045
0.511488
0.515761
0.499124
0.521247
0.510718
0.513571
0.522636
0.525090
0.504121
0.498695
0.512521
0.509845
0.498102
0.516927
0.532764
0.499773
0.506472
0.504874
0.507403
0.555653
0.510671
0.509043
0.500039
0.499077
0.513347
0.504874
0.510848
0.508866
0.508866
0.499549
0.488857
0.494300
0.515150
0.506781
0.507579
0.518832
0.480754
0.499830
0.488887
0.503644
0.478432
0.481375
0.486935
0.483297
0.489611
0.496457
0.448279
0.507074
0.505504
0.487035
0.478723
0.466257
0.478725
0.476844
0.492295
0.540268
0.419885
0.424675
0.505120
0.468504
0.488971
0.474864
0.526723
0.456706
0.472928
0.472824
0.461157
0.464661
0.496647
0.465045
0.508358
0.493009
0.484386
0.513206
0.454648
0.497783
0.494279
0.509317
0.512378
0.516607
0.470027
0.500844
0.515958
0.480912
0.471537
0.483101
0.463331
0.469068
0.466878
0.481149
0.491292
0.487121
0.494102
0.474301
0.487507
0.486811
0.473784
0.496645
0.497369
0.531380
0.481503
0.481399
0.491602
0.474138
0.496422
0.443114
0.424185
0.463534
0.474638
0.463976
0.497454
0.490578
0.487488
0.467996
0.486332
0.509993
0.487234
0.509223
0.480181
0.468070
0.496654
0.496268
0.495528
0.494079
0.470317
0.468542
0.509637
0.448298
0.490501
0.510361
0.490885
0.444823
0.448920
0.494185
0.499257
0.491922
0.514192
0.479974
0.497275
0.425305
0.496505
0.488549
0.446805
0.484350
0.494316
0.507164
0.513243
0.455585
0.498130
0.472532
0.496560
0.472427
0.486904
0.457908
0.511082
0.472946
0.508302
0.507992
0.477708
0.488961
0.476289
0.500985
0.512933
0.499773
0.494983
0.470185
0.487618
0.494983
0.490814
0.486095
0.495914
0.514013
0.460455
0.513392
0.520682
0.480948
0.489554
0.530057
0.521583
0.478683
0.538483
0.493084
0.527021
0.525942
0.487139
0.525914
0.561092
0.506452
0.528929
0.488472
0.467000
0.484480
0.475446
0.479202
0.507062
0.495265
0.495265
0.490962
0.477964
0.487281
0.507036
0.498917
0.501032
0.512463
0.500721
0.519368
0.504787
0.521171
0.499773
0.494316
0.467817
0.480667
0.472787
0.517797
0.502357
0.403830
0.488502
0.523723
0.553668
0.538408
0.529550
0.422297
0.530704
0.558902
0.484049
0.487701
0.534208
0.540877
0.497772
0.493189
0.499519
0.444006
0.498158
0.455954
0.533542
0.483917
0.490484
0.428836
0.481004
0.507785
0.463084
0.554263
0.552430
0.504770
0.403446
0.532923
0.537551
0.476938
0.471631
0.472090
0.484792
0.478271
0.471011
0.453858
0.479350
0.491461
0.454686
0.494730
0.486641
0.500467
0.491610
0.480076
0.483194
0.512501
0.576160
0.509334
0.488867
0.468192
0.414424
0.465722
0.477905
0.462716
0.461916
0.481361
0.473612
0.430994
0.467992
0.445901
0.442633
0.481848
0.418427
0.321169
0.527462
0.448144
0.542164
0.538689
0.471170
0.431773
0.399790
0.405408
0.405408
0.378036
0.446251
0.329951
0.431070
0.644004
0.403650
0.421489
0.406111
0.453029
0.440051
0.500054
0.427770
0.373828
0.534302
0.435634
0.380166
0.359493
0.254899
0.372164
0.354938
0.380581
0.422325
0.446943
0.399564
0.426446
0.320022
0.342040
0.409351
0.339109
0.385953
0.435238
0.378512
0.357780
0.311418
0.286026
0.219795
0.358484
0.267972
0.329189
0.253892
0.293419
0.352464
0.312242
0.317787
0.283969
0.279743
0.244566
0.248248
0.281114
0.225628
0.398267
0.240432
0.430289
0.376644
0.239472
0.278428
0.307621
0.580889
0.173135
0.122536
0.294705
0.404342
0.229365
0.114023
0.322658
0.325506
0.250389
0.333174
0.287155
0.394969
0.366378
0.324531
0.319973
0.383453
0.328832
0.368463
0.268658
0.339268
0.286789
0.381547
0.357134
0.332112
0.373648
0.410732
0.340358
0.338066
0.311774
0.356061
0.351817
0.190470
0.331661
0.509105
0.221991
0.322987
0.252717
0.261998
0.281919
0.107704
0.261019
0.205977
0.271557
0.265301
0.234410
0.187920
0.250366
0.235949
0.203253
0.219238
0.220761
0.203607
0.223125
0.217848
0.183910
0.191512
0.187076
0.326640
0.231027
0.238834
0.219463
0.210474
0.211998
0.271473
0.274516
0.221727
0.166467
0.209440
0.216730
0.284222
0.248094
0.263134
0.335855
0.254896
0.317239
0.348912
0.081551
0.284098
0.183365
0.411356
0.204321
0.254247
0.276086
0.295664
0.260857
0.220253
0.296451
0.237093
0.247756
0.220204
0.234223
0.222941
0.260633
0.278969
0.217304
0.234812
0.213396
0.221173
0.231907
0.223539
0.345238
0.251117
0.269604
0.209374
0.237648
0.215584
0.245069
0.196997
0.247304
0.266233
0.273315
0.238062
0.273213
0.208548
0.233449
0.308973
0.262393
0.224640
0.490768
0.340177
0.291510
0.369631
0.315201
0.301600
0.248160
0.252642
0.293869
0.271955
0.309356
0.263103
0.259066
0.218459
0.241794
0.236174
0.195004
0.178987
0.289535
0.177984
0.227044
0.212081
0.206161
0.274789
0.243659
0.222306
0.215845
0.201043
0.204488
0.162954
0.157927
0.144278
0.279936
0.209918
0.216646
0.216617
0.254132
0.200808
0.239255
0.278959
0.133186
0.203278
0.210643
0.243396
0.128453
0.096497
0.188680
0.196280
0.174955
0.187140
0.150289
0.180161
0.203511
0.237405
0.220532
0.148460
0.147069
0.266270
0.269123
0.226641
0.237480
0.218521
0.253006
0.259694
0.281459
0.252948
0.256172
0.225444
0.212135
0.202760
0.236756
0.240334
0.215638
0.193754
0.226406
0.182238
0.177607
0.171529
0.218728
0.205982
0.209664
0.201249
0.199476
0.183016
0.204443
0.199474
0.182868
0.201943
0.173256
0.177692
0.218297
0.194786
0.186696
0.189432
0.197358
0.180959
0.195924
0.196515
0.203568
0.190185
0.201691
0.262378
0.151503
0.180368
0.159947
0.195377
0.166999
0.256197
0.207531
0.218474
0.187524
0.201098
0.182198
0.176046
0.135176
0.156528
0.184567
0.134791
0.194917
0.168315
0.136642
0.180828
0.183948
0.186387
0.162877
0.173333
0.211985
0.179852
0.186773
0.153711
0.171115
0.232971
0.129943
0.298300
0.178800
0.119134
0.177455
0.164812
0.162106
0.173256
0.185027
0.174573
0.177042
0.186743
0.182294
0.196844
0.197688
0.195471
0.182960
0.212034
0.204921
0.224825
0.210200
0.220609
0.229127
0.254002
0.220065
0.226867
0.235563
0.252479
0.234484
0.250810
0.233966
0.232679
0.253071
0.233995
0.221454
0.247049
0.242184
0.215685
0.217978
0.197718
0.238147
0.196560
0.210978
0.227823
0.166928
0.196384
0.205241
0.158482
0.193291
0.198467
0.163037
0.164146
0.176583
0.204415
0.206988
0.180208
0.263563
0.217930
0.206810
0.207578
0.223343
0.215461
0.207742
0.212962
0.204622
0.224141
0.193442
0.224836
0.215284
0.210389
0.194343
0.203231
0.205700
0.217160
0.218965
0.199491
0.230959
0.236266
0.227247
0.227661
0.208792
0.215047
0.211186
0.209410
0.195659
0.206218
0.206839
0.226016
0.198420
0.199634
0.244764
0.185672
0.195950
0.131831
0.174242
0.149361
0.188555
0.152384
0.089243
0.159749
0.161769
0.184311
0.213741
0.167808
0.151321
0.163506
0.174759
0.142211
0.147210
0.196512
0.121831
0.186182
0.157724
0.170586
0.159926
0.220994
0.187298
0.193274
0.195773
0.189562
0.180912
0.194693
0.196957
0.203980
0.192653
0.185288
0.210620
0.205785
0.195950
0.194382
0.200637
0.203626
0.185288
0.199248
0.222109
0.204589
0.231840
0.204943
0.195836
0.202462
0.199472
0.215478
0.200080
0.208206
0.183847
0.198372
0.215896
0.208252
0.180847
0.207778
0.199535
0.175939
0.199272
0.170822
0.209124
0.172386
0.181138
0.163888
0.196582
0.179466
0.180302
0.172850
0.174776
0.204571
0.116842
0.169222
0.172212
0.176931
0.193928
0.184711
0.167277
0.168123
0.158279
0.193545
0.179838
0.188683
0.202089
0.191809
0.192891
0.214641
0.183493
0.179003
0.165759
0.191464
0.182875
0.160350
0.171968
0.166015
0.198527
0.162569
0.183339
0.179703
0.186412
0.179657
0.182438
0.193763
0.186138
0.193038
0.192992
0.183965
0.182902
0.177549
0.151207
0.152517
0.175050
0.185775
0.184711
0.191519
0.152835
0.158997
0.169068
0.184883
0.167605
0.163088
0.205253
0.164551
0.173758
0.170378
0.163878
0.166468
0.172760
0.161997
0.172022
0.172713
0.161260
0.186147
0.169450
0.184703
0.177576
0.185911
0.181166
0.180603
0.199571
0.186366
0.197854
0.187847
0.193127
0.200835
0.196763
0.196991
0.203779
0.189719
0.188447
0.195008
0.187847
0.195282
0.206462
0.205771
0.195463
0.199517
0.191646
0.205353
0.213734
0.180892
0.184239
0.183692
0.201953
0.177803
0.175240
0.193809
0.158042
0.176513
0.204107
0.200627
0.184393
0.183330
0.172340
0.165114
0.181402
0.204808
0.196609
0.166278
0.189337
0.190837
0.201026
0.170231
0.179466
0.185856
0.182611
0.192455
0.201853
0.189354
0.208660
0.200344
0.202099
0.206589
0.209724
0.207379
0.225567
0.221867
0.217559
0.213665
0.214968
0.216549
0.233020
0.239456
0.244410
0.212276
0.219020
0.234414
0.235611
0.239308
0.238124
0.218073
0.243789
0.229372
0.234473
0.235995
0.256998
0.238766
0.218981
0.247906
0.257766
0.252076
0.219912
0.303672
0.283486
0.277202
0.249651
0.293115
0.285826
0.270386
0.265077
0.318090
0.263244
0.275812
0.279596
0.273492
0.326079
0.279381
0.259066
0.316055
0.281674
0.301118
0.298545
0.272404
0.289189
0.322874
0.321143
0.312449
0.309151
0.311472
0.303738
0.318007
0.311263
0.310435
0.300217
0.284484
0.292306
0.267202
0.322995
0.301448
0.305545
0.299101
0.331337
0.324001
0.319343
0.318177
0.350461
0.310654
0.324817
0.335628
0.334681
0.326773
0.349560
0.354436
0.374103
0.317175
0.334315
0.314796
0.313406
0.333517
0.337612
0.335001
0.358308
0.338817
0.358308
0.348161
0.373910
0.316506
0.348491
0.343391
0.364666
0.374322
0.376998
0.408138
0.291407
0.334233
0.337023
0.345429
0.334019
0.333735
0.396727
0.347383
0.365944
0.348154
0.345269
0.384102
0.363415
0.358609
0.365146
0.376991
0.367409
0.360356
0.371965
0.328983
0.383913
0.345824
0.392669
0.320152
0.360432
0.366528
0.367100
0.389833
0.366058
0.361175
0.368303
0.362271
0.367373
0.362788
0.378211
0.393560
0.384778
0.350295
0.376306
0.373009
0.381689
0.387840
0.378954
0.311643
0.286253
0.357501
0.347506
0.366641
0.371742
0.378337
0.344463
0.378458
0.386856
0.370426
0.377509
0.382225
0.370574
0.375264
0.387091
0.370249
0.373948
0.358910
0.399575
0.337156
0.391456
0.365505
0.369807
0.379284
0.390125
0.358008
0.376064
0.360018
0.344538
0.357831
0.366275
0.377986
0.365608
0.379124
0.383353
0.382423
0.401941
0.393749
0.386873
0.380101
0.380234
0.371170
0.373225
0.376730
0.373329
0.379717
0.366482
0.383192
0.372071
0.373120
0.380692
0.374748
0.369365
0.382038
0.366022
0.375546
0.383783
0.368641
0.377395
0.374925
0.377631
0.380694
0.338773
0.337045
0.346049
0.365496
0.380178
0.364415
0.387364
0.376881
0.382027
0.373864
0.370005
0.375565
0.368200
0.391889
0.371498
0.379971
0.379762
0.389035
0.367092
0.373376
0.363928
0.378552
0.377191
0.371705
0.343636
0.372473
0.360272
0.356975
0.364754
0.371882
0.363852
0.372473
0.379762
0.362565
0.366216
0.382646
0.368643
0.370935
0.362254
0.367815
0.373611
0.362224
0.363186
0.372221
0.356309
0.355481
0.350645
0.382984
0.367045
0.364885
0.355481
0.360967
0.366453
0.360863
0.357980
0.361070
0.373743
0.362977
0.362075
0.362977
0.339109
0.357180
0.354297
0.360064
0.363805
0.361025
0.355021
0.349668
0.352211
0.349668
0.358940
0.349328
0.338903
0.358703
0.347553
0.334244
0.353867
0.348662
0.354251
0.339213
0.339804
0.343309
0.354074
0.339774
0.309785
0.343899
0.346145
0.329998
0.339551
0.339064
0.335943
0.342095
0.349563
0.332853
0.336047
0.338901
0.345629
0.340941
0.342124
0.333622
0.336978
0.329023
0.332675
0.340941
0.343824
0.338235
0.219936
0.317043
0.319853
0.355800
0.363174
0.377432
0.347253
0.324363
0.332704
0.320192
0.335304
0.316480
0.324673
0.298041
0.324333
0.320237
0.337805
0.324615
0.328223
0.339934
0.333813
0.297551
0.338293
0.333960
0.336695
0.333604
0.322307
0.334018
0.392574
0.295065
0.327969
0.323487
0.319702
0.322202
0.312958
0.328560
0.314376
0.271694
0.343711
0.309847
0.321957
0.353308
0.278972
0.294886
0.268575
0.305575
0.300193
0.272904
0.319514
0.305247
0.286065
0.282638
0.278202
0.276680
0.310750
0.287476
0.308355
0.293036
0.287268
0.269108
0.272850
0.306786
0.291127
0.304156
0.315232
0.309228
0.305961
0.306345
0.319476
0.307292
0.313043
0.314270
0.317347
0.316977
0.320822
0.309228
0.322284
0.317007
0.311033
0.292518
0.309642
0.312112
0.320792
0.338507
0.321206
0.329442
0.320274
0.320231
0.314227
0.311624
0.320068
0.322951
0.328157
0.318708
0.327609
0.330833
0.319683
0.326382
0.323158
0.326766
0.329442
0.326973
0.349758
0.310543
0.327874
0.324961
0.327357
0.329649
0.330063
0.330270
0.341567
0.340236
0.334543
0.332250
0.327667
0.310261
0.325787
0.324531
0.329367
0.325612
0.334469
0.331379
0.325508
0.330063
0.321930
0.328644
0.354345
0.332845
0.314434
0.341983
0.333155
0.341776
0.330035
0.334338
0.337014
0.334515
0.342367
0.334441
0.339483
0.342057
0.344763
0.351949
0.330626
0.353694
0.328881
0.340622
0.338537
0.285153
0.336007
0.329425
0.377780
0.339852
0.382446
0.433896
0.348484
0.344753
0.324642
0.325281
0.340600
0.323092
0.309134
0.319483
0.313022
0.337541
0.319382
0.354221
0.334761
0.329320
0.325149
0.335576
0.333107
0.311116
0.337453
0.344463
0.341757
0.333622
0.320106
0.338412
0.320152
0.341755
0.332262
0.309164
0.263322
0.326389
0.320903
0.317709
0.330204
0.316865
0.332156
0.327008
0.322113
0.331106
0.313080
0.320135
0.323506
0.326803
0.327675
0.335764
0.329273
0.333133
0.331641
0.334524
0.330842
0.335397
0.333831
0.333801
0.343072
0.325815
0.333417
0.357801
0.339258
0.343071
0.344742
0.333800
0.347345
0.335322
0.338412
0.346856
0.321466
0.342227
0.330487
0.317090
0.338441
0.334475
0.345937
0.341738
0.349028
0.336903
0.341326
0.344031
0.330840
0.344904
0.332822
0.343336
0.332232
0.347863
0.338695
0.347300
0.356824
0.348143
0.341992
0.351574
0.345260
0.404747
0.353582
0.352474
0.339472
0.352708
0.313699
0.336310
0.337522
0.355621
0.337462
0.340788
0.341202
0.339118
0.344857
0.337595
0.337669
0.407817
0.337652
0.338288
0.350238
0.315060
0.333396
0.338749
0.344339
0.333530
0.280482
0.326116
0.313238
0.311256
0.281057
0.330889
0.317774
0.321279
0.319118
0.351545
0.294038
0.239963
0.290169
0.334823
0.300324
0.330210
0.312242
0.336571
0.309866
0.324697
0.325787
0.342582
0.321972
0.293980
0.275476
0.285253
0.309594
0.336993
0.291981
0.274678
0.307461
0.290336
0.270122
0.284081
0.268819
0.279581
0.278501
0.260445
0.229449
0.243125
0.278755
0.223504
0.283036
0.258578
0.206011
0.217351
0.251955
0.240007
0.239901
0.239649
0.258935
0.209283
0.255252
0.251513
0.243127
0.230483
0.233129
0.252337
0.267735
0.257236
0.237772
0.202030
0.251728
0.229655
0.239312
0.243144
0.258004
0.239028
0.242017
0.222600
0.247296
0.244057
0.233779
0.245209
0.204114
0.204356
0.214915
0.226064
0.270797
0.221368
0.203448
0.233703
0.192625
0.253121
0.094888
0.237008
0.233863
0.191912
0.216756
0.219002
0.210229
0.243472
0.220195
0.221659
0.225944
0.209946
0.177267
0.232199
0.196873
0.213139
0.216261
0.222337
0.217029
0.245246
0.213987
0.220626
0.225700
0.201878
0.225523
0.237855
0.229561
0.229176
0.222862
0.230462
0.247334
0.192203
0.232220
0.231288
0.230104
0.241894
0.234117
0.238569
0.255235
0.223839
0.201531
0.239790
0.233788
0.257345
0.232265
0.246742
0.237411
0.258248
0.237932
0.241480
0.243846
0.255617
0.251861
0.237650
0.231157
0.202497
0.233374
0.238757
0.240840
0.248619
0.243312
0.231881
0.245604
0.263217
0.245886
0.244111
0.252452
0.234765
0.246018
0.293836
0.245068
0.214266
0.231832
0.232199
0.199832
0.212725
0.219067
0.219837
0.211139
0.196308
0.190569
0.205625
0.178505
0.219837
0.197022
0.211956
0.217753
0.211881
0.226018
0.212265
0.214100
0.204593
0.210020
0.205450
0.207945
0.210417
0.187733
0.209647
0.131136
0.233157
0.155595
0.152847
0.201126
0.181473
0.166695
0.193227
0.169541
0.185310
0.179342
0.167985
0.150270
0.176252
0.164200
0.181872
0.175173
0.193969
0.194176
0.160105
0.169555
0.185777
0.184255
0.235384
0.180448
0.202379
0.157072
0.181842
0.178234
0.155297
0.171490
0.157043
0.158610
0.156067
0.163476
0.150035
0.122412
0.176840
0.231003
0.123185
0.146136
0.127103
0.155098
0.165488
0.141163
0.163878
0.122385
0.175113
0.111324
0.084002
0.121940
0.148127
0.128665
0.130866
0.232066
0.159719
0.148880
0.032747
0.143154
0.139773
0.123322
0.145545
0.126730
0.140010
0.082775
0.085502
0.080429
0.127294
0.126249
0.119631
0.116832
0.119186
0.074248
0.120931
0.116251
0.171686
0.134456
0.119431
0.152008
0.156153
0.127459
0.156662
0.128258
0.216987
0.138355
0.132611
0.155889
0.146045
0.128902
0.147134
0.138942
0.122512
0.142164
0.143509
0.155267
0.123514
0.149999
0.139400
0.141618
0.149590
0.153171
0.125676
0.152008
0.156698
0.152371
0.133029
0.145127
0.116004
0.121586
0.120495
0.132339
0.114951
0.110015
0.118977
0.132883
0.128393
0.118349
0.103062
0.124204
0.114323
0.147944
0.101780
0.133957
0.148746
0.125295
0.100099
0.124467
0.042809
0.127522
0.094392
0.112405
0.104753
0.107925
0.122676
0.098581
0.111034
0.129603
0.121431
0.113751
0.122967
0.121941
0.125303
0.108606
0.119323
0.104134
0.136020
0.121849
0.123186
0.107325
0.116078
0.125586
0.113297
0.120568
0.107971
0.103689
0.113578
0.116341
0.126895
0.125204
0.116805
0.114169
0.109116
0.100363
0.118705
0.106353
0.115505
0.116922
0.116424
0.138638
0.125167
0.143828
0.115560
0.114770
0.110215
0.102990
0.118715
0.067714
0.089430
0.101990
0.102217
0.090874
0.085484
0.104553
0.122387
0.101010
0.061193
0.061475
0.089383
0.065399
0.061007
0.076967
0.110897
0.063400
0.218406
0.089793
0.037901
0.065432
0.086220
0.079103
0.141601
0.077413
0.098527
0.107861
0.042744
0.085393
0.101291
0.037956
0.090909
0.065342
0.090073
0.095137
0.104935
0.109662
0.086028
0.090211
0.091701
0.097282
0.089746
0.116052
0.105563
0.054371
0.081612
0.042986
0.070324
0.093088
0.107765
0.108725
0.178624
0.130266
0.122905
0.118719
0.115499
0.099765
0.098475
0.089476
0.086164
0.090848
0.092402
0.097234
0.096288
0.092677
0.092565
0.105503
0.111760
0.107650
0.103247
0.102749
0.107502
0.104355
0.106833
0.105504
0.103282
0.099842
0.099120
0.103470
0.113612
0.109443
0.114333
0.111906
0.117053
0.111443
0.122439
0.123900
0.121977
0.121274
0.113055
0.112221
0.109447
0.094954
0.105759
0.148656
0.137227
0.140210
0.140837
0.153214
0.142889
0.138872
0.126046
0.132599
0.127048
0.120717
0.124438
0.119421
0.118407
0.119292
0.118700
0.116280
0.120253
0.122305
0.124936
0.129328
0.126251
0.124920
0.122843
0.122052
0.116959
0.118759
0.119531
0.118992
0.114643
0.116777
0.119584
0.118796
0.127675
0.119825
0.119849
0.119326
0.119790
0.118906
0.120272
0.119569
0.122861
0.121515
0.119404
0.120827
0.119808
0.114891
0.115999
0.111556
0.120828
0.125067
0.127142
0.127563
0.126954
0.119181
0.120217
0.122920
0.124879
0.128823
0.133836
0.131320
0.132726
0.129210
0.130112
0.127434
0.127469
0.128600
0.127340
0.133132
0.129228
0.132967
0.129117
0.132359
0.132746
0.135448
0.133079
0.136185
0.128584
0.132522
0.129357
0.132299
0.130687
0.129304
0.129322
0.139650
0.141797
0.142887
0.150214
0.150420
0.145701
0.143774
0.150231
0.146972
0.140776
0.141052
0.140089
0.133304
0.157066
0.135001
0.138664
0.129262
0.130093
0.138425
0.124843
0.124027
0.121641
0.120662
0.120621
0.123699
0.121067
0.122970
0.115884
0.117146
0.132726
0.129931
0.132118
0.131434
0.137617
0.137798
0.136667
0.135541
0.133285
0.134778
0.132281
0.133689
0.135887
0.138683
0.139926
0.139867
0.140149
0.137962
0.139129
0.138038
0.139797
0.137170
0.135781
0.138097
0.134392
0.131689
0.131079
0.132855
0.131542
0.131003
0.130616
0.129989
0.133834
0.128583
0.133730
0.133430
0.129004
0.129989
0.130229
0.129825
0.131096
0.131261
0.130229
0.130229
0.131044
0.128986
0.129467
0.129895
0.130334
0.132744
0.130598
0.129466
0.127896
0.127955
0.128195
0.127860
0.126969
0.125862
0.127878
0.125786
0.128522
0.126670
0.126008
0.128042
0.127356
0.127227
0.128178
0.127433
0.127896
0.129028
0.129895
0.129526
0.131261
0.135463
0.130822
0.133025
0.132650
0.132099
0.133430
0.132967
0.132392
0.132855
0.131707
0.134590
0.135739
0.135928
0.139427
0.134505
0.141367
0.139650
0.141127
0.135799
0.136527
0.138981
0.141642
0.138796
0.150273
0.152770
0.149493
0.147194
0.144328
0.147973
0.143461
0.138888
0.140353
0.137780
0.135945
0.140277
0.138277
0.140130
0.135189
0.135019
0.135077
0.134314
0.134579
0.134707
0.134467
0.133653
0.135282
0.135463
0.134262
0.133634
0.133171
0.131095
0.129894
0.129688
0.127175
0.128616
0.130134
0.128041
0.126822
0.126805
0.126189
0.127285
0.124840
0.123064
0.122584
0.123462
0.122266
0.116106
0.119511
0.118474
0.115121
0.117014
0.116439
0.115882
0.118902
0.113427
0.113187
0.113127
0.109387
0.112887
0.110185
0.108537
0.109645
0.107670
0.105741
0.105741
0.107774
0.107534
0.107518
0.106873
0.109077
0.108683
0.106761
0.108332
0.108273
0.108297
0.109224
0.115643
0.117085
0.114975
0.117420
0.120772
0.115344
0.119664
0.119383
0.116288
0.117530
0.114071
0.113754
0.112184
0.110853
0.111961
0.109645
0.108820
0.108907
0.108316
0.109387
0.108924
0.106764
0.104134
0.101355
0.101595
0.101595
0.099725
0.099321
0.099323
0.097375
0.098541
0.094362
0.096336
0.093693
0.092902
0.091377
0.090363
0.090527
0.092286
0.093658
0.091694
0.093024
0.095950
0.092784
0.092861
0.096026
0.097116
0.099338
0.095410
0.094174
0.098429
0.097949
0.097726
0.097263
0.097486
0.097287
0.098336
0.101512
0.097486
0.097545
0.096103
0.095657
0.095581
0.094004
0.096334
0.089882
0.089871
0.092651
0.088775
0.090046
0.090081
0.090750
0.100534
0.092267
0.091401
0.088106
0.098271
0.091658
0.087831
0.093199
0.090315
0.093199
0.089050
0.095358
0.100711
0.090697
0.092297
0.092401
0.095180
0.101125
0.090433
0.090363
0.090287
0.092397
0.090733
0.092398
0.095281
0.093676
0.094397
0.095323
0.095803
0.093788
0.094070
0.096542
0.094732
0.095504
0.094456
0.106583
0.095598
0.101126
0.094028
0.096852
0.100327
0.097236
0.105916
0.094382
0.091840
0.097296
0.096541
0.092421
0.099248
0.092825
0.101924
0.096157
0.096127
0.094215
0.096364
0.096364
0.102516
0.099632
0.093933
0.096157
0.092843
0.105399
0.103033
0.103240
0.109214
0.109214
0.112097
0.111890
0.103033
0.097266
0.096749
0.092620
0.093865
0.094173
0.104838
0.095950
0.095950
0.094953
0.098420
0.095950
0.107485
0.111166
0.109007
0.109214
0.103654
0.120541
0.114951
0.115365
0.107262
0.109938
0.104349
0.107099
0.107099
0.095564
0.109775
0.104215
0.107306
0.110322
0.110426
0.107306
0.124429
0.112822
0.106891
0.101258
0.109805
0.115749
0.118662
0.112866
0.109938
0.115779
0.109805
0.119003
0.115912
0.115602
0.118589
0.121679
0.124563
0.112822
0.112925
0.112482
0.120748
0.118072
0.112275
0.111860
0.103270
0.091137
0.096249
0.094919
0.098316
0.115056
0.100121
0.102310
0.101098
0.099099
0.100248
0.112765
0.115960
0.104780
0.116654
0.109466
0.105222
0.107514
0.131173
0.119876
0.112097
0.100327
0.115779
0.115572
0.115705
0.118662
0.100711
0.122654
0.116577
0.111224
0.117863
0.109065
0.107926
0.114211
0.135638
0.128834
0.120036
0.122476
0.110764
0.112332
0.120006
0.111356
0.116709
0.114032
0.114446
0.119385
0.117123
0.105943
0.123688
0.115348
0.106874
0.122150
0.107288
0.116146
0.121499
0.115939
0.115732
0.109758
0.098224
0.121115
0.118615
0.116146
0.114548
0.122297
0.125417
0.121143
0.097558
0.111768
0.111871
0.105794
0.111073
0.120108
0.100648
0.109269
0.109269
0.112389
0.121039
0.118333
0.106725
0.120803
0.115065
0.114992
0.120832
0.114859
0.108884
0.105897
0.114548
0.111487
0.107983
0.119370
0.081833
0.090757
0.104657
0.096214
0.110942
0.146549
0.124664
0.106920
0.106743
0.122299
0.128243
0.129248
0.103089
0.112050
0.141047
0.117742
0.110584
0.124617
0.123227
0.118435
0.110125
0.105052
0.113910
0.113703
0.113392
0.111026
0.098841
0.107625
0.097274
0.110849
0.105052
0.105540
0.102760
0.106338
0.103144
0.101473
0.096681
0.100731
0.101115
0.109381
0.125174
0.111318
0.102325
0.103848
0.095478
0.094738
0.100061
0.090125
0.090642
0.075912
0.083202
0.072126
0.100456
0.061344
0.067908
0.077388
0.067211
0.053311
0.051122
0.067419
0.061444
0.057970
0.050398
0.053518
0.113926
0.059257
0.021333
0.060129
0.041512
0.055575
0.041618
0.059510
0.048877
0.076841
0.080213
0.047120
0.067364
0.064657
0.067541
0.064657
0.070425
0.073545
0.076221
0.073131
0.064968
0.067157
0.081574
0.070041
0.084280
0.065975
0.069346
0.069272
0.066225
0.060695
0.074906
0.061005
0.069656
0.066743
0.066566
0.059380
0.068502
0.068295
0.058919
0.072641
0.065587
0.053742
0.071280
0.052071
0.057558
0.082430
0.053742
0.055237
0.079340
0.059126
0.060234
0.061935
0.053742
0.059850
0.056449
0.047384
0.065380
0.054851
0.063665
0.051584
0.057558
0.041410
0.049884
0.059022
0.056626
0.059302
0.051584
0.065794
0.060234
0.057144
0.065100
0.062319
0.059229
0.062630
0.053535
0.050786
0.053358
0.062113
0.062113
0.053255
0.059022
0.062009
0.064789
0.056242
0.053329
0.061655
0.075037
0.053106
0.085549
0.021574
0.059022
0.039323
0.068648
0.056477
0.054392
0.049422
0.046613
0.034281
0.043035
0.047234
0.053001
0.041984
0.035137
0.034767
0.046331
0.041288
0.029694
0.035284
0.032815
0.029517
0.029931
0.035107
0.035728
0.041495
0.037503
0.032608
0.035698
0.035935
0.026663
0.029724
0.032401
0.032223
0.037680
0.030315
0.056681
0.031454
0.011297
0.019948
0.017938
0.017627
0.028156
0.016075
0.024962
0.027076
0.017607
0.031413
0.035933
0.025168
0.017626
0.017833
0.022772
0.027874
0.024813
0.026869
0.028954
0.031217
0.028777
0.034855
0.024784
0.022417
0.024370
0.019016
0.016414
0.034212
0.021693
0.012658
0.014093
0.020378
0.037501
0.035698
0.021458
0.012241
0.038405
0.042856
0.037296
0.046464
0.029517
0.039306
0.034130
0.023985
0.015719
0.034486
0.023009
0.005622
0.019711
0.017626
0.016828
0.000000
0.015299
0.012453
0.033840
0.018652
0.017988
0.020207
0.022942
0.019979
0.004726
0.015025
0.013543
0.004308
0.007108
0.015234
0.001910
0.016070
0.012708
0.005645
0.012453
0.009387
0.017540
0.017494
0.026433
0.005227
0.001932
0.005820
0.008399
0.000260
0.000497
0.010990
0.016362
0.010198
0.008884
0.010562
0.009290
0.008447
0.011945
0.010627
0.007136
0.006653
0.005814
0.006090
0.006319
0.015679
0.008826
0.012150
0.003764
0.032701
0.001546
0.004554
0.002242
0.002010
0.010582
0.002272
0.024841
0.002799
0.015461
0.007698
0.002285
0.011663
0.006413
0.009090
0.020169
0.010516
0.018752
0.050847
0.015372
0.009475
0.009662
0.032573
0.006976
0.009165
0.008370
0.017017
0.011706
0.042775
0.025050
0.014222
0.023214
0.020442
0.025771
0.026855
0.037886
0.019462
0.018220
0.027623
0.031943
0.028767
0.029581
0.028397
0.026451
0.028045
0.027958
0.028380
0.028637
0.027195
0.027881
0.028010
0.025531
0.034781
0.031484
0.034574
0.040341
0.024158
0.035713
0.042455
0.018126
0.047941
0.022197
0.034322
0.030300
0.022106
0.019404
0.027934
0.021086
0.020957
0.057288
0.026415
0.024750
0.028985
0.026101
0.028637
0.035777
0.031745
0.039974
0.032249
0.034506
0.037501
0.057100
0.078705
0.085581
0.044296
0.043874
0.043353
0.043757
0.076029
0.073115
0.053671
0.037116
0.044924
0.052510
0.050012
0.048277
0.052867
0.053107
0.055063
0.074864
0.053659
0.055477
0.051642
0.056771
0.053331
0.056385
0.060711
0.084744
0.054509
0.055623
0.068935
0.056344
0.064794
0.048518
0.060083
0.062189
0.059621
0.056644
0.058138
0.085468
0.067377
0.064675
0.062822
0.064117
0.061714
0.062504
0.060530
0.058061
0.060488
0.064307
0.057767
0.060616
0.128500
0.060876
0.059383
0.068298
0.077842
0.072003
0.075632
0.090663
0.082530
0.078979
0.080187
0.078756
0.082144
0.077383
0.081525
0.077332
0.077759
0.086153
0.082624
0.083019
0.081458
0.086564
0.085030
0.094063
0.095008
0.099297
0.097546
0.098190
0.097744
0.097546
0.097984
0.096742
0.092435
0.096784
0.101244
0.101912
0.100482
0.100540
0.100763
0.100927
0.102017
0.103020
0.102276
0.100001
0.100987
0.104282
0.099299
0.102464
0.118734
0.112109
0.119236
0.114329
0.113866
0.109706
0.112700
0.111714
0.112659
0.109518
0.115882
0.110502
0.114991
0.110565
0.109903
0.112699
0.108669
0.120160
0.120103
0.115309
0.120567
0.119992
0.120216
0.118750
0.118363
0.118973
0.122114
0.120046
0.121975
0.125509
0.124290
0.123957
0.131078
0.130118
0.129673
0.135463
0.131157
0.136391
0.138243
0.130577
0.138905
0.141814
0.145751
0.144037
0.149528
0.149511
0.138262
0.138889
0.148584
0.134058
0.149347
0.145219
0.145606
0.153913
0.147032
0.146791
0.148979
0.153456
0.149142
0.150309
0.155397
0.161193
0.155045
0.153491
0.156545
0.160355
0.165416
0.161788
0.159326
0.166062
0.163446
0.161154
0.162448
0.159490
0.158821
0.156211
0.151898
0.167373
0.147417
0.154181
0.147477
0.158026
0.147682
0.147514
0.174190
0.155489
0.151931
0.154933
0.157412
0.161135
0.160854
0.162060
0.160208
0.163041
0.161712
0.164431
0.159603
0.171613
0.173741
0.172575
0.172499
0.174309
0.179140
0.180869
0.179439
0.182159
0.179241
0.180084
0.179662
0.182621
0.174370
0.175612
0.176864
0.176624
0.176238
0.178031
0.175758
0.178390
0.180587
0.180423
0.179034
0.178272
0.179346
0.182751
0.179662
0.179422
0.180384
0.185438
0.190747
0.188345
0.186621
0.189659
0.189418
0.194249
0.195022
0.196524
0.185199
0.199800
0.197820
0.202151
0.200282
0.201166
0.199560
0.201524
0.200966
0.200204
0.199593
0.194507
0.200280
0.233529
0.195597
0.197544
0.200949
0.202374
0.202889
0.204016
0.203799
0.206870
0.205188
0.205146
0.205299
0.205240
0.203481
0.203575
0.201799
0.200539
0.201834
0.199483
0.201165
0.202513
0.202589
0.205831
0.200874
0.207850
0.206648
0.203670
0.208500
0.215322
0.210980
0.212363
0.204797
0.208055
0.206555
0.208870
0.212569
0.214842
0.213793
0.214439
0.217398
0.214498
0.212519
0.224133
0.218532
0.226450
0.227506
0.229358
0.222918
0.228170
0.234910
0.230356
0.231692
0.228948
0.228021
0.222823
0.236385
0.230967
0.240830
0.243459
