0.159076
0.159076
0.160860
0.159671
0.160491
0.159246
0.163236
0.201130
0.160547
0.158312
0.156529
0.157944
0.157690
0.156586
0.158623
0.156586
0.159048
0.158623
0.160406
0.161962
0.161283
0.159925
0.159671
0.162103
0.159981
0.161283
0.161283
0.161170
0.161708
0.159925
0.158623
0.160350
0.157944
0.161283
0.161029
0.159302
0.159302
0.159981
0.157690
0.157321
0.164114
0.160718
0.162756
0.160209
0.163548
0.162500
0.161510
0.164283
0.164340
0.163661
0.163915
0.162415
0.161793
0.162472
0.161793
0.161114
0.160491
0.159359
0.159359
0.159218
0.157859
0.157065
0.156501
0.157434
0.158849
0.161509
0.160830
0.161509
0.162442
0.163121
0.163262
0.164989
0.165102
0.165668
0.165102
0.167224
0.166432
0.169828
0.169828
0.167480
0.167649
0.164820
0.166122
0.164763
0.165442
0.165442
0.166009
0.164453
0.163405
0.164594
0.161793
0.163038
0.163292
0.165329
0.163292
0.162925
0.164170
0.163435
0.163491
0.162189
0.161313
0.159161
0.160888
0.160378
0.164594
0.160575
0.163038
0.162103
0.163830
0.161962
0.163320
0.162895
0.161962
0.163320
0.159359
0.162019
0.159981
0.161962
0.160604
0.157491
0.158170
0.159528
0.158170
0.159782
0.156924
0.157434
0.159246
0.159302
0.161339
0.157803
0.155143
0.156954
0.156275
0.159246
0.161283
0.161339
0.162952
0.162698
0.158000
0.158623
0.154774
0.154718
0.155312
0.152342
0.146909
0.148777
0.147475
0.148777
0.150276
0.148466
0.146116
0.149202
0.151493
0.153615
0.154379
0.155427
0.156106
0.156049
0.155511
0.154578
0.152909
0.153588
0.154409
0.157069
0.156956
0.156135
0.156333
0.155400
0.156276
0.159050
0.159247
0.158937
0.160549
0.159191
0.159870
0.159191
0.158511
0.161228
0.162417
0.161738
0.161597
0.160974
0.160295
0.161228
0.161597
0.158880
0.158003
0.155230
0.157098
0.156673
0.155684
0.156306
0.156363
0.159333
0.160578
0.161258
0.160438
0.162050
0.163662
0.161002
0.163662
0.163350
0.164567
0.165303
0.165585
0.166321
0.166801
0.166347
0.168865
0.170449
0.175314
0.183434
0.185612
0.185129
0.185779
0.191861
0.199981
0.210193
0.214577
0.236586
0.238113
0.239044
0.237685
0.237881
0.238530
0.224581
0.220053
0.215894
0.214535
0.212867
0.209614
0.192327
0.172579
0.150709
0.138007
0.132462
0.123720
0.135434
0.134728
0.132126
0.129496
0.127799
0.134082
0.144184
0.145656
0.146789
0.149845
0.154005
0.152846
0.154175
0.157656
0.160005
0.158052
0.157204
0.158931
0.160374
0.163600
0.163175
0.162921
0.157913
0.159271
0.161252
0.159271
0.159215
0.159215
0.156498
0.155875
0.160742
0.163344
0.166740
0.165551
0.164928
0.165720
0.164532
0.163598
0.162551
0.160995
0.161674
0.162976
0.164278
0.162806
0.164419
0.166909
0.166655
0.168042
0.165750
0.163713
0.160573
0.158904
0.156697
0.156584
0.155849
0.157037
0.158085
0.159387
0.160151
0.160207
0.161084
0.162952
0.162952
0.163631
0.165499
0.164679
0.165753
0.161793
0.160803
0.158228
0.154522
0.155003
0.154154
0.151438
0.153532
0.155400
0.154664
0.157522
0.158201
0.157268
0.159390
0.158654
0.160438
0.158031
0.158400
0.160069
0.162672
0.161625
0.159644
0.160748
0.162785
0.159390
0.160182
0.159503
0.157522
0.158570
0.157947
0.158767
0.156589
0.156730
0.157465
0.156589
0.155966
0.159247
0.158370
0.158370
0.160718
0.156446
0.159842
0.157748
0.159163
0.160351
0.158427
0.162330
0.160096
0.159955
0.160152
0.157917
0.161029
0.162246
0.162671
0.160690
0.159896
0.161114
0.159699
0.161114
0.160434
0.161793
0.159812
0.159133
0.159812
0.161849
0.158992
0.159812
0.160350
0.160066
0.160604
0.158566
0.158708
0.159246
0.155058
0.156360
0.156416
0.156106
0.155427
0.154125
0.155427
0.156106
0.158397
0.159642
0.161057
0.159217
0.161255
0.161482
0.161198
0.162556
0.163236
0.162302
0.162387
0.161567
0.163604
0.163604
0.160209
0.159898
0.159473
0.156446
0.158173
0.162106
0.159928
0.162672
0.159729
0.158624
0.158937
0.158937
0.160917
0.156899
0.158257
0.158937
0.161597
0.159616
0.159247
0.160974
0.162530
0.162530
0.161907
0.162020
0.162586
0.160718
0.162756
0.162076
0.160634
0.164227
0.162246
0.163604
0.164962
0.162246
0.162387
0.160888
0.163745
0.163604
0.161567
0.162981
0.163604
0.161623
0.162302
0.162556
0.162161
0.163236
0.163095
0.163095
0.163095
0.162669
0.163095
0.162472
0.163830
0.162528
0.160066
0.161170
0.160350
0.161283
0.162698
0.161593
0.160094
0.160292
0.158679
0.157434
0.157434
0.160971
0.159103
0.160151
0.160461
0.162498
0.162612
0.160320
0.160999
0.160320
0.157660
0.162357
0.161366
0.160008
0.161989
0.159329
0.161366
0.161366
0.161366
0.161366
0.158763
0.160687
0.162837
0.163148
0.162271
0.160347
0.158989
0.160772
0.161026
0.160347
0.159724
0.158904
0.160148
0.158535
0.158535
0.155196
0.156414
0.156667
0.155904
0.157657
0.157573
0.159610
0.159610
0.161647
0.162326
0.161279
0.159779
0.159100
0.160712
0.159411
0.160769
0.161702
0.160769
0.160515
0.160628
0.158222
0.160628
0.157968
0.159326
0.160259
0.159637
0.159211
0.160316
0.158137
0.161051
0.158448
0.161164
0.159750
0.160116
0.159437
0.162154
0.159976
0.162154
0.161164
0.162777
0.162267
0.159353
0.160342
0.157428
0.158787
0.160145
0.160145
0.159522
0.161560
0.158843
0.161560
0.159776
0.160201
0.161814
0.161191
0.161870
0.161191
0.161814
0.161191
0.163228
0.163228
0.162408
0.162662
0.163341
0.163341
0.162040
0.160427
0.159748
0.161304
0.161361
0.161361
0.160540
0.160681
0.159861
0.160540
0.163029
0.161899
0.162153
0.163029
0.162888
0.163511
0.161161
0.164926
0.162945
0.162945
0.162379
0.161840
0.161699
0.162689
0.162066
0.162604
0.162179
0.162858
0.162915
0.160057
0.160114
0.161472
0.158868
0.157567
0.156208
0.157482
0.157339
0.156886
0.158668
0.157735
0.155385
0.158837
0.158525
0.158215
0.157451
0.156234
0.156234
0.158215
0.155867
0.154452
0.151679
0.154962
0.155641
0.152924
0.151453
0.152501
0.151511
0.155556
0.161668
0.163280
0.162970
0.162347
0.163027
0.162658
0.160989
0.159008
0.160480
0.161838
0.162884
0.168627
0.173381
0.171654
0.169419
0.165939
0.162487
0.161185
0.160818
0.159460
0.157366
0.157423
0.157989
0.157848
0.159970
0.158611
0.159970
0.160649
0.162007
0.162007
0.160846
0.161526
0.162148
0.162827
0.162884
0.162205
0.164865
0.162630
0.161582
0.161894
0.162007
0.159913
0.158243
0.159291
0.158243
0.160705
0.159601
0.158922
0.160167
0.161469
0.160026
0.160705
0.162743
0.164355
0.162374
0.163619
0.163053
0.166449
0.165770
0.164214
0.162544
0.163902
0.163336
0.160422
0.161836
0.189790
0.191572
0.193665
0.193353
0.198333
0.201020
0.197623
0.197650
0.191876
0.193884
0.186610
0.171697
0.156356
0.155985
0.147665
0.149218
0.154734
0.173069
0.183848
0.183848
0.177764
0.168200
0.170039
0.175782
0.171510
0.172642
0.171368
0.170153
0.163138
0.144804
0.145824
0.151540
0.150410
0.149901
0.149252
0.144840
0.143878
0.145407
0.142580
0.143796
0.143826
0.142299
0.141139
0.138876
0.141367
0.141338
0.140858
0.141368
0.141142
0.141454
0.141426
0.142983
0.141994
0.144738
0.144625
0.148841
0.154048
0.152831
0.156001
0.159397
0.157500
0.157982
0.158066
0.159114
0.157218
0.157020
0.154757
0.153880
0.150428
0.151730
0.150428
0.150797
0.148816
0.146099
0.147147
0.148080
0.146665
0.147147
0.144431
0.145817
0.144205
0.145760
0.146129
0.147062
0.146808
0.147431
0.148789
0.150232
0.149553
0.150657
0.154929
0.155183
0.158014
0.156712
0.157392
0.154024
0.155637
0.156005
0.154703
0.151251
0.153289
0.155326
0.155524
0.154845
0.158184
0.155892
0.157505
0.158268
0.157448
0.158014
0.159259
0.159995
0.156289
0.160618
0.159259
0.161240
0.160505
0.159882
0.160136
0.160505
0.160815
0.163221
0.162004
0.163844
0.162796
0.161863
0.164211
0.162853
0.166192
0.164946
0.165795
0.179007
0.180592
0.179911
0.187663
0.198838
0.203224
0.202261
0.195554
0.194732
0.187603
0.179115
0.177926
0.182763
0.201237
0.212470
0.251231
0.261614
0.266904
0.274232
0.273354
0.262121
0.243644
0.226693
0.217919
0.215285
0.201163
0.219834
0.260715
0.275451
0.266622
0.239512
0.207933
0.171231
0.155099
0.182768
0.202290
0.185059
0.172469
0.166274
0.144632
0.122566
0.099736
0.094335
0.067940
0.080365
0.091629
0.100884
0.103631
0.105218
0.114218
0.114221
0.114647
0.123249
0.125345
0.131202
0.136184
0.137034
0.132848
0.131094
0.130755
0.131718
0.136869
0.137209
0.135314
0.135767
0.135541
0.136730
0.142616
0.148275
0.148841
0.149294
0.149550
0.150795
0.150314
0.153597
0.156936
0.157133
0.157077
0.156454
0.156710
0.154672
0.154616
0.154247
0.154757
0.158209
0.159765
0.158775
0.160643
0.157927
0.158352
0.157560
0.156824
0.156909
0.158069
0.160191
0.158210
0.161437
0.161126
0.161946
0.159655
0.157505
0.160221
0.162343
0.165060
0.167097
0.170634
0.168737
0.169954
0.169898
0.170521
0.173237
0.173350
0.176264
0.176518
0.177000
0.177425
0.172953
0.169528
0.172950
0.167176
0.162364
0.159958
0.160241
0.157863
0.157579
0.163436
0.172460
0.180044
0.180864
0.180439
0.173139
0.172404
0.173139
0.172998
0.170592
0.171187
0.169998
0.170677
0.169375
0.170309
0.167308
0.171242
0.170674
0.169967
0.169598
0.171948
0.168438
0.164986
0.162977
0.157657
0.152903
0.148631
0.143002
0.141474
0.136240
0.131685
0.128630
0.127981
0.129198
0.135452
0.135652
0.131492
0.134238
0.136304
0.137125
0.134608
0.137240
0.138372
0.140919
0.141626
0.140099
0.142136
0.141967
0.145306
0.147343
0.147966
0.147174
0.148532
0.148476
0.149834
0.151192
0.149918
0.152776
0.151164
0.154757
0.154446
0.156314
0.155579
0.159059
0.158436
0.158861
0.158805
0.158805
0.160417
0.160983
0.160361
0.163077
0.160050
0.159682
0.161040
0.160163
0.160842
0.160417
0.159738
0.157447
0.157503
0.159002
0.158436
0.159738
0.156455
0.160276
0.160955
0.159851
0.161350
0.161775
0.159795
0.161973
0.160983
0.162455
0.161040
0.160163
0.159059
0.159115
0.160050
0.160276
0.160417
0.159115
0.161719
0.162455
0.160163
0.158380
0.157701
0.158861
0.159059
0.165171
0.165000
0.169188
0.172837
0.178015
0.239750
0.278625
0.296081
0.498405
0.456781
0.363831
0.308481
0.336625
0.336449
0.312732
0.430086
0.390497
0.350937
0.336730
0.326824
0.354863
0.360380
0.348216
0.334436
0.326823
0.335875
0.326847
0.295355
0.258291
0.221934
0.204675
0.194603
0.199780
0.204788
0.217831
0.212993
0.173863
0.145965
0.116172
0.096283
0.081884
0.095862
0.099713
0.095669
0.096861
0.107105
0.113418
0.117268
0.119704
0.123667
0.126951
0.140505
0.151767
0.159805
0.166541
0.169570
0.175286
0.178909
0.175910
0.178373
0.178402
0.173424
0.166522
0.164994
0.164116
0.169208
0.171809
0.182954
0.198570
0.208838
0.223634
0.239308
0.234949
0.213841
0.183822
0.149162
0.129698
0.113600
0.097701
0.087630
0.083077
0.080307
0.088033
0.091091
0.083992
0.090587
0.095852
0.097268
0.103579
0.112296
0.116626
0.129416
0.139915
0.142123
0.145746
0.144672
0.157065
0.162470
0.165102
0.164480
0.165669
0.165584
0.167396
0.162503
0.165926
0.166067
0.162531
0.165983
0.206300
0.310872
0.330761
0.284273
0.282092
0.371213
0.407848
0.408549
0.330336
0.276654
0.228574
0.308324
0.266382
0.307002
0.387233
0.365127
0.330461
0.334332
0.317664
0.253720
0.184769
0.112254
0.039174
0.004000
0.010426
0.016952
0.017221
0.018467
0.016399
0.011972
0.007213
0.001099
0.000000
0.001394
0.001543
0.002838
0.005692
0.016660
0.024359
0.027417
0.034493
0.052406
0.056425
0.059540
0.065427
0.072051
0.084077
0.090757
0.101029
0.113140
0.118799
0.128365
0.106891
0.107882
0.115891
0.124324
0.131653
0.136378
0.144018
0.149169
0.151800
0.155083
0.157574
0.155113
0.155028
0.157518
0.155311
0.165442
0.171836
0.169714
0.199789
0.231022
0.251646
0.242873
0.244230
0.249009
0.254807
0.247337
0.237489
0.229906
0.212025
0.202376
0.191625
0.182119
0.174225
0.167379
0.161891
0.161383
0.161666
0.166563
0.167044
0.165403
0.169988
0.170753
0.170471
0.170188
0.165634
0.162381
0.157203
0.155478
0.159269
0.165891
0.163740
0.159242
0.159383
0.162468
0.165213
0.178624
0.177124
0.169228
0.166031
0.158418
0.149672
0.155129
0.229566
0.306095
0.313249
0.302098
0.298585
0.276201
0.250790
0.236217
0.227133
0.228944
0.230387
0.227926
0.221673
0.216155
0.210581
0.208147
0.197536
0.192669
0.187037
0.185425
0.182539
0.177984
0.166696
0.153937
0.134134
0.112180
0.100184
0.093199
0.083863
0.075010
0.068137
0.055293
0.070515
0.076206
0.078075
0.076210
0.078305
0.085154
0.089172
0.098200
0.105049
0.113114
0.117303
0.122679
0.127660
0.132329
0.138102
0.142715
0.149732
0.155815
0.157627
0.159864
0.160996
0.161760
0.161280
0.166741
0.166261
0.170873
0.164818
0.168836
0.168723
0.162131
0.165470
0.168696
0.166602
0.165641
0.168160
0.165584
0.165953
0.166773
0.165415
0.164425
0.162757
0.164369
0.164256
0.164625
0.163889
0.164568
0.166746
0.164653
0.165078
0.163181
0.160465
0.161513
0.159278
0.159475
0.161202
0.158542
0.157806
0.158911
0.159674
0.159731
0.157014
0.156761
0.156873
0.156873
0.158542
0.158232
0.156505
0.156251
0.154893
0.154524
0.153958
0.154383
0.153845
0.157240
0.156674
0.157438
0.157863
0.158599
0.159532
0.160890
0.160834
0.159475
0.162617
0.161938
0.165531
0.166521
0.165277
0.160834
0.161456
0.160154
0.164598
0.164173
0.164173
0.164852
0.166210
0.212809
0.239517
0.263848
0.299609
0.322015
0.291625
0.250201
0.261570
0.246062
0.278313
0.313170
0.299501
0.328755
0.322132
0.316100
0.262648
0.207528
0.181944
0.195151
0.231331
0.216385
0.188652
0.177920
0.234328
0.275854
0.254230
0.234243
0.241870
0.254818
0.285392
0.295882
0.310135
0.315902
0.302742
0.282143
0.258008
0.222868
0.198368
0.177546
0.149793
0.123625
0.094260
0.077572
0.066174
0.059217
0.042444
0.039252
0.028223
0.011794
0.005556
0.006453
0.005906
0.004286
0.004335
0.004938
0.004442
0.007229
0.009395
0.018455
0.036171
0.051709
0.053467
0.079133
0.093113
0.092636
0.107467
0.122183
0.126883
0.136081
0.150146
0.132919
0.131280
0.142373
0.150834
0.156014
0.161165
0.164364
0.158791
0.155681
0.157154
0.152684
0.151186
0.146151
0.135599
0.130252
0.127197
0.131725
0.130140
0.127313
0.126974
0.132209
0.135379
0.138321
0.139822
0.142312
0.141407
0.141804
0.146134
0.146983
0.151426
0.149417
0.152446
0.152899
0.155077
0.156463
0.160058
0.155984
0.162067
0.158248
0.159494
0.159806
0.161305
0.161192
0.162012
0.163937
0.164503
0.166371
0.166314
0.166993
0.169484
0.169653
0.172313
0.171096
0.171775
0.172201
0.171775
0.171719
0.173502
0.172880
0.169059
0.165099
0.161506
0.161393
0.161506
0.161449
0.163740
0.165240
0.165665
0.166288
0.164986
0.167108
0.164619
0.164137
0.164194
0.163402
0.161789
0.163345
0.163770
0.165808
0.165808
0.162356
0.163601
0.163232
0.163035
0.165270
0.164280
0.163714
0.165892
0.164280
0.164959
0.164280
0.162242
0.163176
0.164959
0.160941
0.162242
0.160884
0.160800
0.158903
0.160941
0.160375
0.159441
0.160375
0.161733
0.163091
0.162158
0.164590
0.162412
0.162468
0.162468
0.162412
0.162412
0.164393
0.163714
0.163091
0.163091
0.161733
0.162299
0.164449
0.163091
0.165016
0.164024
0.164703
0.167845
0.166684
0.169147
0.168099
0.167789
0.162356
0.160431
0.184451
0.194889
0.168432
0.142879
0.113106
0.077079
0.138268
0.169749
0.155282
0.134196
0.149553
0.144087
0.164061
0.161400
0.138931
0.154970
0.110743
0.101458
0.127741
0.141941
0.214707
0.241440
0.289276
0.342802
0.345117
0.294214
0.230918
0.231679
0.194953
0.180184
0.171667
0.175403
0.177301
0.180782
0.194054
0.201836
0.210467
0.218560
0.221814
0.218249
0.231093
0.234175
0.228032
0.222965
0.236402
0.257280
0.270633
0.283475
0.278379
0.275406
0.274528
0.267934
0.259247
0.256756
0.251239
0.239186
0.227868
0.221078
0.220768
0.220965
0.223200
0.216750
0.203707
0.201699
0.197513
0.197600
0.189993
0.166826
0.166718
0.166184
0.168820
0.169448
0.159918
0.152963
0.138962
0.129630
0.140669
0.143106
0.114562
0.105004
0.127388
0.144339
0.143634
0.148193
0.151025
0.151877
0.159888
0.168323
0.170079
0.187482
0.170791
0.177357
0.171531
0.174502
0.156765
0.140979
0.137698
0.146159
0.157194
0.165429
0.180764
0.190101
0.193638
0.195873
0.198476
0.198363
0.191148
0.190469
0.195423
0.193101
0.189423
0.183565
0.197822
0.223510
0.216633
0.203530
0.196597
0.235696
0.245255
0.234926
0.226324
0.224341
0.239589
0.231693
0.216950
0.209704
0.206110
0.200506
0.198298
0.196769
0.198154
0.194474
0.189692
0.193257
0.190710
0.188050
0.187117
0.182363
0.180525
0.171132
0.169860
0.171502
0.174133
0.175888
0.173881
0.174108
0.171421
0.173063
0.171848
0.179600
0.179941
0.180083
0.186310
0.192677
0.199242
0.203064
0.206659
0.210622
0.210482
0.210173
0.207996
0.205819
0.205367
0.197729
0.195693
0.188057
0.188681
0.189305
0.193125
0.190128
0.192223
0.188998
0.187245
0.187812
0.191861
0.196896
0.224427
0.233340
0.238177
0.234696
0.223661
0.216219
0.233562
0.246096
0.342461
0.389032
0.377770
0.353773
0.335012
0.357842
0.329233
0.317121
0.302435
0.291426
0.278862
0.266862
0.256223
0.250903
0.243205
0.238536
0.238480
0.236585
0.225354
0.209396
0.205295
0.200460
0.208808
0.218741
0.227343
0.232975
0.235693
0.236855
0.239035
0.243536
0.246933
0.250896
0.250077
0.226029
0.228238
0.229032
0.228637
0.222554
0.217377
0.211859
0.197683
0.177590
0.156281
0.149994
0.170275
0.216133
0.261990
0.264274
0.259344
0.250791
0.282725
0.280145
0.258891
0.248983
0.257186
0.267994
0.203713
0.147355
0.144275
0.159754
0.194304
0.205231
0.187580
0.178390
0.167020
0.130329
0.104219
0.109854
0.114753
0.115266
0.118493
0.122795
0.115780
0.117422
0.120196
0.125997
0.174208
0.163652
0.145315
0.143896
0.134697
0.118709
0.103625
0.084464
0.079507
0.088074
0.097970
0.131744
0.201650
0.247253
0.269034
0.307594
0.331273
0.322441
0.305263
0.294819
0.290856
0.273144
0.248218
0.223234
0.197546
0.195792
0.197434
0.203971
0.219081
0.227909
0.231107
0.220188
0.247746
0.250095
0.239686
0.191503
0.182365
0.190940
0.202797
0.212191
0.219605
0.230640
0.228745
0.230048
0.228183
0.228241
0.231977
0.232940
0.237099
0.236817
0.237327
0.235827
0.239733
0.241685
0.240979
0.251701
0.270599
0.244819
0.251520
0.300235
0.345782
0.403578
0.443069
0.422805
0.408737
0.397470
0.384705
0.375646
0.359911
0.333028
0.319527
0.311488
0.307694
0.315615
0.299175
0.287177
0.271642
0.263435
0.260803
0.270394
0.275488
0.275546
0.257610
0.247059
0.238998
0.228192
0.222281
0.196985
0.194099
0.141759
0.124276
0.148951
0.142053
0.102306
0.083552
0.105370
0.216339
0.325833
0.410147
0.400018
0.397614
0.511521
0.594077
0.589546
0.595568
0.570409
0.516506
0.457255
0.401486
0.359101
0.332305
0.312356
0.298661
0.291588
0.287090
0.278263
0.266437
0.260779
0.256762
0.253596
0.251136
0.249555
0.244719
0.242459
0.234909
0.230895
0.191882
0.211295
0.197010
0.202248
0.225168
0.234961
0.244923
0.249680
0.240573
0.231665
0.224765
0.229551
0.209721
0.199228
0.217850
0.227643
0.240237
0.245926
0.238376
0.232268
0.223472
0.222797
0.218697
0.214287
0.228463
0.240802
0.233926
0.249994
0.329920
0.367830
0.304845
0.241548
0.300704
0.313233
0.335608
0.317296
0.274793
0.232263
0.235541
0.273791
0.298992
0.341114
0.385696
0.421226
0.390520
0.371614
0.349850
0.324748
0.311248
0.318119
0.357077
0.321424
0.295930
0.298361
0.306425
0.295079
0.287099
0.279290
0.287438
0.297764
0.290407
0.282625
0.270542
0.264628
0.258431
0.261713
0.263638
0.265619
0.262902
0.260641
0.248391
0.219024
0.186320
0.169008
0.162221
0.151701
0.175474
0.187845
0.064126
0.044553
0.087792
0.130805
0.160632
0.173597
0.184327
0.187334
0.186659
0.173281
0.153451
0.141742
0.144376
0.149103
0.145681
0.166561
0.165598
0.173520
0.174991
0.167606
0.167493
0.165598
0.175391
0.185069
0.186852
0.176838
0.168746
0.149397
0.116776
0.099406
0.090269
0.079860
0.064557
0.046142
0.034204
0.032651
0.044878
0.047569
0.043412
0.047603
0.057537
0.072366
0.081706
0.083405
0.108053
0.108960
0.123873
0.124978
0.129197
0.136074
0.139358
0.151356
0.155602
0.167288
0.170600
0.176118
0.181099
0.180873
0.182005
0.186731
0.205291
0.209733
0.207554
0.205318
0.207327
0.208373
0.207722
0.206788
0.207183
0.199685
0.195836
0.194534
0.194224
0.191507
0.186979
0.183132
0.185197
0.187970
0.193544
0.202654
0.225341
0.219989
0.218004
0.216611
0.206564
0.203677
0.198216
0.196547
0.201073
0.203197
0.204216
0.197455
0.184952
0.183141
0.185039
0.183739
0.187108
0.276601
0.314824
0.263045
0.228550
0.205966
0.202760
0.223804
0.258740
0.315176
0.337860
0.343172
0.286210
0.272368
0.244377
0.222360
0.226431
0.223059
0.247897
0.252759
0.261102
0.261720
0.251587
0.239163
0.238057
0.276673
0.279840
0.252307
0.260904
0.283648
0.355339
0.436566
0.414152
0.386477
0.317605
0.283481
0.310186
0.341531
0.389766
0.440688
0.482130
0.472758
0.453966
0.435458
0.422412
0.418193
0.399999
0.370601
0.326434
0.290303
0.271431
0.260991
0.244017
0.224722
0.201580
0.179682
0.185399
0.192020
0.193410
0.198138
0.202583
0.201710
0.183946
0.133929
0.096306
0.073904
0.061773
0.039344
0.051914
0.063325
0.066389
0.091861
0.096849
0.106588
0.124844
0.129884
0.125786
0.158551
0.176177
0.174365
0.176204
0.193346
0.206388
0.219542
0.223896
0.236229
0.236877
0.246664
0.246576
0.267115
0.280751
0.285076
0.311613
0.326179
0.397529
0.394157
0.365210
0.317361
0.282245
0.245035
0.216740
0.209920
0.215124
0.220185
0.233283
0.239337
0.257669
0.267117
0.281544
0.291049
0.305080
0.318858
0.319167
0.310875
0.313928
0.307617
0.303541
0.296863
0.287553
0.278499
0.254252
0.222536
0.188612
0.156275
0.123373
0.090839
0.059861
0.020885
0.014855
0.013952
0.019166
0.022427
0.038674
0.066464
0.095695
0.117881
0.129401
0.133932
0.118147
0.129213
0.166450
0.204167
0.236789
0.257869
0.263357
0.275549
0.289610
0.290429
0.293172
0.290428
0.289098
0.278345
0.273959
0.268811
0.266999
0.265980
0.264817
0.270107
0.259380
0.249672
0.248537
0.264831
0.291708
0.303164
0.300019
0.303836
0.302050
0.306460
0.296696
0.306511
0.325919
0.325349
0.315302
0.308425
0.303952
0.295548
0.294102
0.285640
0.281820
0.284083
0.281903
0.277744
0.270557
0.257203
0.243537
0.236012
0.230778
0.227015
0.234570
0.238417
0.246652
0.249622
0.249991
0.243568
0.239326
0.227413
0.201837
0.187353
0.175388
0.164045
0.157625
0.153300
0.147674
0.132712
0.119133
0.136708
0.197796
0.251300
0.290940
0.315695
0.317023
0.315236
0.303518
0.291969
0.311571
0.331002
0.342143
0.309855
0.296694
0.335706
0.370844
0.388352
0.352954
0.330148
0.358553
0.313567
0.282670
0.280319
0.289314
0.298025
0.315508
0.314374
0.309478
0.299489
0.281833
0.260754
0.239225
0.215713
0.206603
0.212066
0.211133
0.213171
0.220331
0.227434
0.231567
0.244470
0.260882
0.266004
0.269994
0.280094
0.287593
0.290621
0.286633
0.286294
0.291019
0.302167
0.311051
0.318179
0.290902
0.281590
0.280483
0.290497
0.309958
0.330636
0.346617
0.344265
0.340724
0.339474
0.338623
0.335085
0.335480
0.331829
0.327443
0.289305
0.264295
0.223667
0.150164
0.069333
0.020289
0.024005
0.051445
0.051049
0.089161
0.097538
0.121287
0.142495
0.156773
0.154641
0.158113
0.126275
0.103769
0.098419
0.080489
0.071841
0.069493
0.066110
0.061085
0.044093
0.023494
0.021397
0.013896
0.029405
0.075159
0.142188
0.211506
0.256916
0.290471
0.315394
0.345891
0.387929
0.441482
0.442862
0.561630
0.548521
0.491985
0.431431
0.380383
0.380265
0.360114
0.343162
0.342083
0.330647
0.312987
0.325491
0.353611
0.380912
0.368572
0.345509
0.408261
0.410804
0.370990
0.344363
0.326165
0.339544
0.364607
0.353002
0.354922
0.371865
0.382471
0.383033
0.378702
0.368710
0.353175
0.335236
0.306573
0.285353
0.263453
0.253184
0.248006
0.235983
0.221866
0.200535
0.174082
0.137785
0.114133
0.090285
0.090344
0.088027
0.085682
0.081782
0.056094
0.048007
0.033326
0.042018
0.038175
0.021757
0.021471
0.022449
0.021488
0.028014
0.038119
0.046158
0.066506
0.091492
0.118545
0.127007
0.144440
0.159071
0.163459
0.189804
0.213317
0.232275
0.263256
0.270838
0.289651
0.299496
0.301985
0.304388
0.312109
0.302345
0.282422
0.274861
0.287248
0.328266
0.369199
0.355583
0.323915
0.325324
0.329278
0.308534
0.296191
0.278784
0.274280
0.269239
0.284202
0.294527
0.302704
0.300608
0.294184
0.284308
0.280006
0.279722
0.276666
0.280287
0.280201
0.286340
0.286366
0.290411
0.291061
0.290467
0.288145
0.279798
0.272215
0.268989
0.259709
0.256003
0.252722
0.244091
0.242678
0.242395
0.240924
0.243104
0.239795
0.237249
0.235608
0.232724
0.229245
0.233745
0.240707
0.244018
0.243933
0.245180
0.242237
0.243653
0.240514
0.234657
0.232140
0.237008
0.240659
0.241509
0.246123
0.238259
0.235346
0.231017
0.229717
0.227796
0.228702
0.229750
0.225734
0.214617
0.202511
0.188310
0.177364
0.162202
0.151425
0.146420
0.143311
0.132733
0.118788
0.101365
0.082611
0.053531
0.031438
0.030734
0.034759
0.034593
0.051830
0.054409
0.051840
0.037272
0.014129
0.008901
0.011327
0.015221
0.009190
0.008458
0.021717
0.069791
0.084962
0.090738
0.090740
0.095724
0.102263
0.106679
0.134098
0.145050
0.161179
0.222208
0.305958
0.360819
0.410642
0.452713
0.469432
0.482896
0.492793
0.495984
0.481859
0.480635
0.483316
0.481158
0.468223
0.443970
0.425065
0.412327
0.394582
0.386287
0.375929
0.360334
0.352464
0.339446
0.336753
0.342039
0.353379
0.372699
0.396092
0.433265
0.426780
0.408468
0.393834
0.388934
0.394105
0.429693
0.513209
0.520021
0.472397
0.421690
0.381793
0.359100
0.367049
0.324666
0.356351
0.420120
0.450895
0.476578
0.473262
0.434751
0.384923
0.339395
0.276810
0.221893
0.183019
0.160187
0.140413
0.129805
0.119085
0.092746
0.079821
0.088767
0.096834
0.087389
0.057261
0.028523
0.027037
0.026014
0.027439
0.035559
0.065500
0.093232
0.145014
0.186581
0.208340
0.204411
0.190464
0.184835
0.206398
0.235739
0.242897
0.231609
0.236081
0.256084
0.274616
0.284886
0.276454
0.267966
0.263664
0.253026
0.240294
0.254271
0.260383
0.246689
0.231327
0.223945
0.230028
0.248107
0.286020
0.310918
0.324130
0.332250
0.332475
0.329984
0.319005
0.311761
0.299592
0.296561
0.301055
0.298786
0.305315
0.346335
0.385796
0.429955
0.433994
0.425330
0.418079
0.403135
0.389887
0.371407
0.359096
0.345879
0.338775
0.333453
0.307932
0.299132
0.293276
0.284505
0.275198
0.262610
0.244844
0.194966
0.151341
0.130492
0.075266
0.023983
0.055768
0.072974
0.080602
0.103185
0.119186
0.115915
0.102689
0.080553
0.061004
0.015518
0.067314
0.117881
0.130788
0.147287
0.189166
0.233732
0.260951
0.286191
0.307554
0.320512
0.327727
0.326651
0.327613
0.320510
0.311000
0.297334
0.296540
0.307318
0.327292
0.338663
0.375838
0.406646
0.428257
0.419255
0.417552
0.403684
0.391002
0.386668
0.381684
0.383659
0.386314
0.379434
0.360249
0.335148
0.332371
0.337575
0.318275
0.297390
0.282307
0.274920
0.270278
0.277520
0.274886
0.278083
0.280628
0.287390
0.300234
0.317067
0.325865
0.329910
0.325551
0.316864
0.316326
0.311401
0.306619
0.303676
0.298327
0.288340
0.281464
0.280670
0.291480
0.287603
0.271533
0.258151
0.249977
0.250968
0.255326
0.276857
0.318251
0.361877
0.365213
0.381254
0.392709
0.397205
0.359403
0.429200
0.515519
0.486713
0.442147
0.403439
0.380491
0.351207
0.306702
0.261349
0.223014
0.190054
0.178258
0.170055
0.162276
0.153848
0.143750
0.124515
0.110711
0.052600
0.027857
0.019591
0.018877
0.021166
0.023824
0.018784
0.020872
0.027438
0.036668
0.053536
0.072837
0.099297
0.129067
0.159063
0.155162
0.152110
0.133439
0.125550
0.135147
0.148645
0.162401
0.177202
0.202754
0.225588
0.262624
0.317879
0.345151
0.297839
0.248689
0.209244
0.192464
0.200187
0.220812
0.223412
0.245139
0.310521
0.295183
0.283155
0.276107
0.279980
0.284872
0.290188
0.297512
0.300764
0.298695
0.287998
0.276393
0.268044
0.267616
0.281929
0.307135
0.328127
0.410373
0.488683
0.503081
0.509046
0.506779
0.476556
0.438129
0.427912
0.415064
0.395708
0.359237
0.350975
0.332612
0.309299
0.282082
0.237579
0.191294
0.160288
0.145126
0.124051
0.124365
0.132971
0.136711
0.131962
0.117676
0.387410
0.343412
0.309969
0.306431
0.302584
0.328500
0.321993
0.299444
0.352804
0.404269
0.421217
0.411739
0.381973
0.363101
0.340182
0.293638
0.244888
0.320176
0.343319
0.289280
0.296125
0.361087
0.390341
0.390228
0.348524
0.309932
0.271566
0.299123
0.293606
0.333074
0.311204
0.326794
0.344053
0.312762
0.310186
0.359361
0.456945
0.448626
0.378713
0.326511
0.309873
0.308429
0.291537
0.272751
0.270800
0.282457
0.325832
0.308234
0.296436
0.309763
0.298022
0.278867
0.270463
0.266447
0.287497
0.310105
0.292253
0.298393
0.291914
0.304308
0.315625
0.331666
0.318370
0.298395
0.285408
0.278053
0.281533
0.288097
0.276243
0.296246
0.353144
0.359284
0.346665
0.334443
0.328670
0.318823
0.314551
0.302554
0.285861
0.307562
0.353510
0.373910
0.361178
0.348248
0.363016
0.346662
0.365675
0.377472
0.363523
0.346234
0.356758
0.343883
0.352880
0.335422
0.327613
0.323510
0.323001
0.321755
0.302885
0.305120
0.345013
0.338788
0.355482
0.337488
0.329820
0.355170
0.342722
0.345323
0.334798
0.354207
0.362186
0.350896
0.327808
0.335136
0.343707
0.318214
0.296117
0.321580
0.330153
0.338075
0.386683
0.397321
0.354967
0.334792
0.338158
0.319570
0.341863
0.355075
0.383990
0.393553
0.383394
0.356515
0.357052
0.331106
0.344800
0.346043
0.358266
0.355096
0.343750
0.330198
0.350258
0.355151
0.353709
0.334780
0.350539
0.346549
0.334383
0.332261
0.359082
0.339616
0.310841
0.300741
0.301420
0.296922
0.316359
0.334242
0.367911
0.328895
0.316842
0.378238
0.421526
0.422205
0.386923
0.354610
0.340774
0.325213
0.312848
0.295023
0.286619
0.297824
0.308293
0.329966
0.330476
0.333080
0.327959
0.332910
0.329402
0.333843
0.342982
0.329487
0.345500
0.357297
0.358769
0.425653
0.426727
0.422425
0.416934
0.383123
0.347387
0.357486
0.363456
0.358476
0.389314
0.419474
0.407137
0.422443
0.416247
0.401873
0.383085
0.343105
0.373661
0.376037
0.346895
0.368906
0.355409
0.346242
0.404469
0.406138
0.383106
0.441049
0.434030
0.373058
0.373113
0.404489
0.392577
0.407627
0.413595
0.389489
0.377322
0.383092
0.381393
0.356749
0.414297
0.454161
0.445927
0.425045
0.393894
0.392901
0.381101
0.404188
0.374310
0.404753
0.388143
0.377419
0.350540
0.335911
0.323886
0.337183
0.337637
0.320152
0.309910
0.310166
0.317126
0.318938
0.311243
0.312319
0.324656
0.333569
0.334702
0.327628
0.364607
0.384470
0.362090
0.318011
0.297894
0.319001
0.316060
0.291615
0.285648
0.315554
0.318894
0.260443
0.264094
0.293776
0.315903
0.311773
0.296752
0.267329
0.290503
0.314130
0.321289
0.317867
0.313368
0.331052
0.348508
0.320724
0.369078
0.359882
0.330826
0.332865
0.390130
0.412284
0.398788
0.396467
0.380650
0.387722
0.356542
0.327768
0.422294
0.505899
0.445975
0.411994
0.386161
0.364657
0.357385
0.352037
0.317632
0.366238
0.530338
0.551162
0.555094
0.457169
0.512112
0.576702
0.529677
0.514000
0.489778
0.445014
0.410720
0.458420
0.436407
0.382705
0.359957
0.323684
0.292646
0.274906
0.297966
0.322128
0.363777
0.394420
0.366525
0.378437
0.381040
0.369412
0.376824
0.434739
0.443566
0.351358
0.450128
0.428201
0.433122
0.413232
0.445231
0.507332
0.467664
0.445424
0.388526
0.305371
0.336435
0.405780
0.351741
0.403206
0.406263
0.345745
0.347301
0.349451
0.340737
0.333635
0.373839
0.396362
0.400521
0.365834
0.323649
0.348066
0.345859
0.334175
0.472697
0.506337
0.396645
0.349735
0.416759
0.384759
0.404281
0.359266
0.489470
0.467995
0.398620
0.366931
0.341354
0.361186
0.394317
0.391318
0.404363
0.365375
0.341948
0.318861
0.326840
0.352586
0.343279
0.365377
0.350750
0.340734
0.331455
0.318695
0.306161
0.309021
0.322178
0.323820
0.336411
0.336300
0.342581
0.359726
0.369516
0.393397
0.364397
0.335339
0.372855
0.350533
0.324560
0.337687
0.322184
0.333954
0.343263
0.360297
0.363777
0.346293
0.318226
0.330364
0.353565
0.311974
0.311664
0.353226
0.340127
0.332799
0.319956
0.311072
0.387464
0.337159
0.358069
0.347006
0.331671
0.372045
0.379713
0.350911
0.375525
0.395982
0.419012
0.406848
0.386843
0.381382
0.365960
0.402854
0.393827
0.379342
0.375549
0.372182
0.356592
0.340380
0.337466
0.337040
0.353366
0.344229
0.366382
0.377446
0.377161
0.365534
0.330083
0.354867
0.374050
0.362506
0.368957
0.341231
0.336788
0.348162
0.346380
0.346465
0.347767
0.345985
0.338685
0.342420
0.369130
0.400535
0.443710
0.388593
0.415300
0.422995
0.351214
0.332058
0.327871
0.318335
0.292475
0.377863
0.339442
0.337292
0.321647
0.321732
0.318592
0.327448
0.339417
0.330674
0.319784
0.321311
0.305128
0.312627
0.340977
0.418671
0.391057
0.398103
0.366131
0.418783
0.382795
0.409927
0.442917
0.384491
0.351443
0.383867
0.300063
0.320405
0.333957
0.318340
0.294632
0.376796
0.397480
0.463516
0.376286
0.400871
0.334409
0.278585
0.323090
0.394333
0.364569
0.473669
0.414593
0.396542
0.363495
0.422569
0.459011
0.425425
0.348694
0.374383
0.326029
0.334518
0.317514
0.272246
0.281046
0.360720
0.351923
0.331865
0.499586
0.468889
0.441133
0.384801
0.300401
0.360636
0.437621
0.504110
0.645828
0.638020
0.417842
0.332761
0.597438
0.830596
0.815374
0.649262
0.498510
0.324047
0.227958
0.250393
0.206709
0.376725
0.360234
0.248707
0.392833
0.372408
0.473726
0.419036
0.349689
0.310078
0.273381
0.243759
0.253633
0.276439
0.255929
0.254489
0.281341
0.305845
0.366028
0.334710
0.358448
0.379499
0.352622
0.363827
0.387083
0.366174
0.476036
0.497624
0.684583
0.720201
0.600152
0.479986
0.433408
0.375035
0.408786
0.498133
0.664835
0.511345
0.358278
0.470653
0.439134
0.340306
0.290821
0.344493
0.372618
0.368829
0.354314
0.321496
0.259194
0.299342
0.283669
0.297817
0.289417
0.375372
0.357577
0.385137
0.361909
0.335880
0.402764
0.400048
0.439432
0.388504
0.349771
0.406215
0.421464
0.342752
0.416257
0.422849
0.390510
0.406637
0.385162
0.349400
0.345410
0.372203
0.394046
0.416709
0.542217
0.538368
0.441774
0.445619
0.442476
0.501973
0.479394
0.434576
0.339084
0.365678
0.330029
0.340865
0.351277
0.352156
0.382203
0.344688
0.366418
0.458257
0.451043
0.408377
0.449147
0.471609
0.503042
0.401526
0.522220
0.534838
0.505610
0.403329
0.342439
0.560490
0.559330
0.461944
0.364697
0.381161
0.313030
0.313596
0.311193
0.351880
0.313007
0.304153
0.293121
0.308513
0.274987
0.274791
0.303737
0.338567
0.400276
0.436494
0.398752
0.449254
0.391366
0.345644
0.517834
0.499160
0.424042
0.357749
0.386435
0.385162
0.456516
0.407116
0.388217
0.458184
0.359865
0.437445
0.357544
0.309362
0.327781
0.328998
0.325632
0.342044
0.332991
0.359445
0.420390
0.443675
0.399765
0.368019
0.370226
0.400952
0.354580
0.353278
0.346402
0.326116
0.300228
0.270070
0.291205
0.316502
0.308412
0.315261
0.366641
0.536231
0.606879
0.639924
0.575099
0.512310
0.373698
0.221363
0.178808
0.167972
0.184526
0.176269
0.180602
0.249756
0.589248
0.443515
0.261477
0.294266
0.401242
0.498995
0.483040
0.397085
0.325305
0.331218
0.400903
0.389190
0.281253
0.332154
0.295572
0.281824
0.338014
0.435089
0.442786
0.398847
0.445898
0.446348
0.385516
0.300439
0.348281
0.341605
0.307569
0.281145
0.311786
0.334223
0.403628
0.407251
0.430394
0.437468
0.438994
0.371739
0.339258
0.362457
0.398784
0.519538
0.646912
0.563588
0.503293
0.424408
0.399251
0.456741
0.423665
0.461095
0.377658
0.339517
0.302397
0.267172
0.264739
0.343142
0.353868
0.349569
0.322042
0.358428
0.292733
0.259999
0.331157
0.386840
0.380503
0.366500
0.303606
0.445524
0.446090
0.485049
0.428715
0.395611
0.378803
0.361458
0.339051
0.421836
0.439434
0.367598
0.324649
0.429814
0.354866
0.357667
0.327281
0.342702
0.302809
0.374505
0.404583
0.351873
0.361153
0.400537
0.314470
0.332775
0.282951
0.358410
0.325506
0.345596
0.363394
0.633593
0.455462
0.386169
0.348989
0.305218
0.287195
0.375386
0.388318
0.377032
0.444821
0.422667
0.450760
0.364437
0.340386
0.341716
0.357248
0.318742
0.333314
0.332014
0.329696
0.317446
0.333886
0.330718
0.385975
0.401283
0.386458
0.348433
0.325996
0.320253
0.344700
0.319944
0.344219
0.353755
0.344816
0.352624
0.347985
0.340148
0.321418
0.305292
0.306396
0.307048
0.291318
0.284643
0.292935
0.294238
0.292373
0.297949
0.177876
0.124493
0.174378
0.302070
0.484394
0.776238
0.738661
0.747820
0.516939
0.654970
0.727392
0.504720
0.627846
0.620599
0.422913
0.299154
0.092870
0.213034
0.476137
0.225690
0.065838
0.070058
0.381428
0.424441
0.381724
0.489069
0.356743
0.234770
0.190068
0.165003
0.236277
0.609833
0.734693
0.689197
0.563457
0.507459
0.564549
0.497831
0.452049
0.398318
0.278353
0.262056
0.289247
0.300679
0.349627
0.499327
0.502442
0.819012
1.000000
0.798808
0.706225
0.508473
0.460737
0.344984
0.222049
0.158361
0.118555
0.090267
0.102580
0.138604
0.287065
0.532029
0.623391
0.549770
0.477138
0.456452
0.436558
0.333967
0.297779
0.255114
0.196096
0.187244
0.217410
0.223639
0.220955
0.327738
0.449174
0.382855
0.251435
0.168255
0.219808
0.301522
0.378398
0.344506
0.255414
0.214561
0.198098
0.215530
0.262528
0.251808
0.278237
0.357092
0.432297
0.417783
0.408077
0.437162
0.472556
0.514258
0.586234
0.567642
0.432596
0.416127
0.404834
0.455533
0.491887
0.425397
0.443616
0.435408
0.427403
0.467123
0.631050
0.722915
0.664232
0.584555
0.399570
0.245400
0.286651
0.282834
0.120406
0.125022
0.161411
0.237978
0.385787
0.371221
0.457093
0.663406
0.712550
0.652850
0.574556
0.466441
0.287848
0.169466
0.114351
0.151644
0.362234
0.564761
0.548665
0.702775
0.569739
0.339033
0.309632
0.343382
0.296558
0.193516
0.123719
0.181299
0.192536
0.154317
0.168639
0.190881
0.228091
0.306864
0.332246
0.360399
0.370134
0.380065
0.340342
0.424231
0.491595
0.463555
0.460866
0.521438
0.453222
0.471579
0.434229
0.282095
0.398094
0.280113
0.386721
0.415044
0.344509
0.328694
0.225225
0.212833
0.517778
0.651775
0.648778
0.594198
0.625457
0.504385
0.459335
0.437828
0.452396
0.424497
0.383102
0.420843
0.337265
0.299465
0.294910
0.276946
0.291801
0.388283
0.865331
0.813415
0.547314
0.385666
0.393129
0.381187
0.278031
0.257576
0.339627
0.299283
0.374995
0.459253
0.536633
0.376322
0.273872
0.276079
0.211515
0.184385
0.244369
0.175396
0.149709
0.203387
0.296394
0.242640
0.533692
0.569458
0.417042
0.326447
0.487688
0.807511
0.668788
0.332181
0.319783
0.480882
0.551164
0.516222
0.365218
0.247233
0.122431
0.105909
0.138365
0.101165
0.116138
0.059326
0.158252
0.134154
0.078139
0.223092
0.360121
0.551780
0.481419
0.555318
0.466732
0.491148
0.325037
0.368860
0.361108
0.231525
0.227196
0.278042
0.223552
0.256008
0.257935
0.335179
0.360871
0.451268
0.357222
0.235731
0.286177
0.221783
0.216466
0.365515
0.301860
0.307690
0.429408
0.337372
0.236053
0.347217
0.334967
0.490778
0.410484
0.289643
0.208979
0.352000
0.369572
0.510075
0.430177
0.478584
0.472216
0.537939
0.476200
0.475630
0.305133
0.455337
0.527002
0.382959
0.372233
0.172567
0.139436
0.161253
0.164682
0.261789
0.358412
0.350495
0.312756
0.331827
0.424206
0.424149
0.387678
0.259142
0.664692
0.374521
0.185377
0.418821
0.607706
0.447058
0.514504
0.506663
0.554416
0.562334
0.458610
0.288086
0.325599
0.574973
0.608020
0.418003
0.748940
0.756152
0.486374
0.215347
0.210277
0.108537
0.458270
0.337833
0.402513
0.187828
0.208566
0.165394
0.178159
0.266892
0.354747
0.262288
0.183691
0.242628
0.445012
0.472545
0.554795
0.408943
0.370347
0.328386
0.588483
0.537215
0.524281
0.583042
0.480163
0.409143
0.547577
0.404979
0.254936
0.490191
0.466228
0.406105
0.426985
0.322102
0.222311
0.149909
0.198858
0.293249
0.197057
0.220771
0.359354
0.292388
0.250262
0.393964
0.396938
0.347878
0.344738
0.250126
0.212921
0.232077
0.274606
0.301968
0.311618
0.331084
0.274556
0.249150
0.284064
0.288875
0.280163
0.245901
0.282656
0.362387
0.305576
0.469366
0.355827
0.437537
0.435385
0.461723
0.431844
0.362014
0.298382
0.432037
0.442676
0.476597
0.468785
0.471386
0.643037
0.589361
0.664192
0.597018
0.374146
0.312575
0.454065
0.451913
0.420335
0.410856
0.356503
0.266728
0.226127
0.242623
0.429644
0.460175
0.497437
0.373824
0.315056
0.300144
0.257111
0.223329
0.197160
0.285437
0.357136
0.331646
0.293904
0.297074
0.303554
0.302340
0.377290
0.406348
0.342549
0.532875
0.410310
0.494621
0.635573
0.697616
0.477973
0.279095
0.324218
0.406918
0.289701
0.454026
0.334859
0.441835
0.386720
0.291004
0.336498
0.325154
0.194865
0.203695
0.387999
0.283063
0.266515
0.332582
0.472946
0.520109
0.496144
0.463208
0.395443
0.382849
0.416091
0.328015
0.247095
0.351157
0.291291
0.249304
0.208142
0.244218
0.175129
0.350606
0.359014
0.396591
0.308260
0.231955
0.364026
0.532908
0.415153
0.419337
0.350017
0.331117
0.303814
0.357996
0.320989
0.344531
0.308260
0.242564
0.380240
0.392492
0.547509
0.486933
0.416367
0.443016
0.504154
0.420997
0.322449
0.280745
0.262411
0.343020
0.301602
0.262757
0.328313
0.300729
0.360344
0.379585
0.376699
0.410706
0.395598
0.344188
0.310462
0.480955
0.485850
0.384985
0.335047
0.392849
0.421424
0.561840
0.486041
0.409138
0.338855
0.363835
0.392297
0.477005
0.626701
0.593482
0.429265
0.438596
0.355071
0.312206
0.242944
0.257374
0.271212
0.279647
0.320194
0.256791
0.378228
0.387906
0.331716
0.308488
0.295417
0.395266
0.313218
0.426731
0.367176
0.368562
0.440765
0.394108
0.567260
0.501930
0.527446
0.420466
0.421737
0.394348
0.319230
0.344381
0.291275
0.413530
0.405156
0.371658
0.525628
0.574065
0.455372
0.395557
0.423423
0.400363
0.596742
0.620053
0.579081
0.463638
0.442017
0.404637
0.408200
0.465802
0.461869
0.406555
0.314573
0.304952
0.307613
0.321251
0.330392
0.369691
0.385252
0.450865
0.460625
0.422966
0.396878
0.379136
0.367224
0.346683
0.304159
0.288966
0.293211
0.292223
0.304108
0.352038
0.362255
0.454490
0.439666
0.376742
0.338064
0.349861
0.338064
0.369498
0.424669
0.466713
0.412842
0.373682
0.401211
0.438981
0.484815
0.435413
0.397499
0.361141
0.407540
0.428304
0.380064
0.367981
0.481549
0.437213
0.462251
0.537820
0.502393
0.472823
0.430041
0.386156
0.451227
0.417246
0.372289
0.326085
0.308204
0.322096
0.366971
0.362757
0.375348
0.354468
0.361910
0.405453
0.377217
0.384688
0.391364
0.388902
0.381772
0.403331
0.414337
0.429274
0.431622
0.418492
0.381087
0.413255
0.408162
0.398004
0.376586
0.396108
0.384734
0.361476
0.368578
0.374463
0.369398
0.410904
0.425815
0.414356
0.398738
0.407084
0.412177
0.410109
0.410448
0.393359
0.447765
0.475690
0.452036
0.419809
0.420118
0.425153
0.393350
0.420030
0.397877
0.374818
0.373573
0.388484
0.366415
0.360728
0.392699
0.427839
0.467733
0.480889
0.537105
0.485864
0.481786
0.453180
0.435861
0.399559
0.384054
0.394353
0.374831
0.441121
0.486135
0.511201
0.479285
0.452489
0.414801
0.396011
0.374084
0.358296
0.358975
0.360503
0.404924
0.374651
0.453504
0.429937
0.364268
0.365230
0.408717
0.391543
0.366560
0.378556
0.377708
0.363930
0.361950
0.446377
0.435400
0.404899
0.467369
0.405208
0.378499
0.384976
0.371113
0.408969
0.421786
0.438422
0.431292
0.436442
0.435931
0.407693
0.418104
0.422404
0.401240
0.384263
0.388648
0.385622
0.400335
0.388422
0.398382
0.430410
0.401098
0.390629
0.404408
0.412443
0.395241
0.382565
0.377303
0.393628
0.399881
0.387093
0.393346
0.392242
0.401891
0.432617
0.460994
0.434822
0.439659
0.406583
0.446786
0.424518
0.452244
0.451027
0.447263
0.434417
0.406859
0.437753
0.420918
0.406431
0.416786
0.445221
0.445954
0.402129
0.392027
0.446745
0.425101
0.468105
0.489296
0.473904
0.487709
0.449908
0.425121
0.412444
0.440057
0.418695
0.429078
0.434879
0.430719
0.433972
0.481758
0.513644
0.474258
0.441352
0.414953
0.399446
0.393051
0.387619
0.375511
0.378001
0.385584
0.380917
0.373760
0.381343
0.406836
0.447294
0.490017
0.440872
0.423950
0.418518
0.442000
0.489219
0.454842
0.424737
0.404167
0.401054
0.471729
0.490092
0.477443
0.444595
0.453279
0.457578
0.480607
0.465412
0.430299
0.415727
0.404013
0.431090
0.435673
0.425034
0.412643
0.402881
0.407889
0.401268
0.433438
0.423422
0.405541
0.409870
0.419716
0.420395
0.426761
0.423422
0.435729
0.450668
0.449111
0.466511
0.433463
0.414506
0.414986
0.447240
0.443591
0.435979
0.428680
0.423785
0.431254
0.445032
0.444041
0.484812
0.494372
0.483988
0.446979
0.436538
0.423268
0.416449
0.416449
0.424681
0.422390
0.424681
0.439395
0.538249
0.503788
0.456423
0.407135
0.471528
0.509413
0.477412
0.439356
0.429170
0.413664
0.412164
0.426706
0.414286
0.405628
0.400932
0.419152
0.402885
0.429311
0.418928
0.439836
0.475740
0.540982
0.520413
0.505698
0.465549
0.432472
0.415467
0.399255
0.396538
0.401066
0.410008
0.475818
0.468998
0.473496
0.463876
0.454255
0.435298
0.433118
0.448991
0.459317
0.426752
0.411898
0.418575
0.457364
0.458723
0.432919
0.450348
0.445650
0.451563
0.456231
0.468933
0.445534
0.418542
0.415457
0.412855
0.433282
0.419250
0.435462
0.443696
0.428983
0.433255
0.436651
0.441290
0.442761
0.434783
0.431613
0.437357
0.478410
0.466215
0.438685
0.427396
0.435459
0.425698
0.414126
0.412343
0.412711
0.420889
0.468902
0.483247
0.515868
0.495553
0.474784
0.455938
0.452543
0.433896
0.431264
0.421928
0.461820
0.435424
0.484342
0.458370
0.437687
0.435450
0.451946
0.461819
0.452764
0.438391
0.418161
0.413322
0.427442
0.420341
0.414116
0.412588
0.465412
0.447927
0.429933
0.423113
0.432704
0.440798
0.432337
0.450757
0.469487
0.440118
0.423029
0.413947
0.410976
0.417739
0.436243
0.432424
0.423456
0.438733
0.456190
0.448636
0.439044
0.436243
0.419097
0.434941
0.477239
0.467110
0.447927
0.457150
0.466910
0.443285
0.450131
0.466936
0.459128
0.457798
0.439830
0.430097
0.459210
0.430266
0.466424
0.447864
0.473524
0.500204
0.484361
0.459150
0.454169
0.440050
0.428535
0.435155
0.444917
0.437956
0.426753
0.415549
0.436090
0.457818
0.452500
0.462686
0.455074
0.450348
0.443360
0.440615
0.437220
0.433003
0.427062
0.420273
0.405391
0.405221
0.409013
0.415040
0.417531
0.424604
0.426472
0.505269
0.467243
0.472476
0.486368
0.482632
0.463052
0.443954
0.433598
0.435946
0.427968
0.420922
0.417103
0.423244
0.433458
0.433543
0.450066
0.454084
0.450745
0.438721
0.431052
0.437050
0.440700
0.428930
0.439880
0.443162
0.430430
0.430005
0.427034
0.436060
0.425055
0.430204
0.436939
0.433005
0.430403
0.431705
0.431280
0.431846
0.431592
0.427886
0.430546
0.429188
0.425057
0.429272
0.433488
0.436148
0.433319
0.454142
0.459716
0.446900
0.437307
0.435808
0.429809
0.429809
0.431535
0.429867
0.430121
0.434337
0.455670
0.444975
0.434874
0.429244
0.427517
0.431281
0.431225
0.432045
0.431989
0.436996
0.441466
0.447153
0.449870
0.447267
0.440562
0.434252
0.432271
0.443899
0.443220
0.427376
0.426697
0.427263
0.436854
0.430121
0.424067
0.424746
0.430517
0.419766
0.422992
0.423558
0.424012
0.426134
0.427435
0.422796
0.425851
0.426786
0.446818
0.439037
0.429756
0.424126
0.448430
0.440141
0.434510
0.440026
0.436433
0.435613
0.435669
0.435188
0.423616
0.420476
0.416148
0.420930
0.423789
0.422571
0.423704
0.429165
0.424667
0.428062
0.429816
0.434457
0.422828
0.419999
0.425630
0.433920
0.431770
0.428940
0.432026
0.440937
0.426961
0.431969
0.428999
0.446314
0.432789
0.431969
0.434148
0.428829
0.428829
0.434827
0.444107
0.437487
0.431799
0.425859
0.433468
0.423029
0.421246
0.416606
0.413720
0.411882
0.416467
0.459274
0.459303
0.463009
0.450192
0.440402
0.436978
0.425349
0.426509
0.420766
0.429254
0.431914
0.422464
0.423456
0.429397
0.424276
0.419636
0.433133
0.433217
0.432482
0.433981
0.436272
0.433981
0.431548
0.439583
0.437546
0.433755
0.431774
0.434745
0.469375
0.538919
0.521206
0.496335
0.485808
0.452788
0.429303
0.425454
0.428171
0.430462
0.420646
0.419910
0.428398
0.449873
0.459267
0.425202
0.424748
0.416714
0.417903
0.426390
0.428881
0.417819
0.420423
0.439860
0.446311
0.443340
0.455761
0.462493
0.465861
0.466228
0.456608
0.466678
0.456578
0.436941
0.432923
0.432669
0.428453
0.430067
0.424522
0.423786
0.432189
0.431595
0.429134
0.429926
0.433944
0.437735
0.425428
0.427409
0.427606
0.429474
0.429107
0.425457
0.424099
0.425288
0.426590
0.426052
0.426420
0.429080
0.425515
0.422545
0.424044
0.425346
0.427524
0.427411
0.435390
0.434202
0.428770
0.430553
0.423818
0.433834
0.447443
0.444897
0.437484
0.436720
0.431287
0.430664
0.427694
0.429985
0.428062
0.428203
0.472793
0.449537
0.435672
0.430579
0.435021
0.432051
0.435954
0.435531
0.431513
0.441472
0.450809
0.431513
0.436690
0.435332
0.442377
0.436067
0.428458
0.431739
0.453751
0.444471
0.444838
0.441414
0.431709
0.426306
0.425089
0.422372
0.427070
0.476808
0.457145
0.430776
0.431568
0.429841
0.436576
0.436322
0.430889
0.430097
0.431455
0.428485
0.424722
0.424722
0.423194
0.422402
0.423393
0.428232
0.427496
0.436861
0.434824
0.437230
0.430666
0.429618
0.440936
0.454799
0.446877
0.440001
0.437002
0.442067
0.460061
0.448064
0.433210
0.427013
0.458673
0.458673
0.441471
0.441584
0.447015
0.444780
0.439206
0.449647
0.438584
0.436716
0.425088
0.425908
0.424975
0.422089
0.423221
0.425089
0.422797
0.424043
0.427523
0.424439
0.427184
0.432561
0.430664
0.432335
0.434824
0.428457
0.430241
0.439946
0.463938
0.448914
0.451178
0.453157
0.444358
0.446083
0.459352
0.447214
0.433662
0.429700
0.428823
0.431794
0.436886
0.479779
0.466114
0.459294
0.441016
0.429189
0.421380
0.420417
0.419542
0.424634
0.424465
0.426276
0.423390
0.464217
0.445856
0.439603
0.436066
0.437735
0.427040
0.426475
0.422288
0.420703
0.420703
0.421044
0.445716
0.452477
0.439237
0.440001
0.437993
0.437173
0.440285
0.431456
0.430523
0.428232
0.427553
0.428316
0.433211
0.432278
0.434966
0.434287
0.429704
0.429025
0.427554
0.427498
0.425772
0.424611
0.423452
0.418813
0.415305
0.422973
0.423992
0.435704
0.443741
0.442383
0.428038
0.438733
0.428293
0.430330
0.428717
0.428123
0.426511
0.427615
0.427756
0.427020
0.428209
0.435255
0.431010
0.427304
0.432001
0.428239
0.428918
0.426824
0.436302
0.430615
0.430304
0.429003
0.425919
0.422694
0.422157
0.414432
0.422299
0.421082
0.413726
0.416217
0.415425
0.422244
0.424989
0.426913
0.429035
0.427479
0.425613
0.420067
0.415428
0.425274
0.439703
0.434639
0.440072
0.438345
0.425472
0.411071
0.416955
0.410958
0.407138
0.415995
0.411328
0.420438
0.413959
0.408839
0.411895
0.412660
0.408160
0.415405
0.422225
0.419961
0.419848
0.420471
0.424630
0.419058
0.417274
0.417784
0.420528
0.415323
0.415408
0.417955
0.416965
0.417588
0.418918
0.420899
0.421578
0.421098
0.411082
0.436575
0.436575
0.422371
0.417561
0.411366
0.436915
0.418072
0.423759
0.425994
0.425625
0.415045
0.421043
0.417790
0.422685
0.408340
0.407491
0.408737
0.408313
0.409559
0.397223
0.408315
0.409701
0.419916
0.423086
0.420369
0.418898
0.404243
0.417060
0.410270
0.415166
0.414996
0.416185
0.410498
0.414034
0.413668
0.435452
0.437123
0.440150
0.436924
0.430473
0.425153
0.425322
0.424559
0.412137
0.407554
0.410893
0.413694
0.411346
0.417118
0.423315
0.421023
0.418307
0.416384
0.421533
0.422409
0.448128
0.434773
0.428945
0.447419
0.430642
0.426114
0.416211
0.430443
0.429085
0.422832
0.421473
0.429877
0.431801
0.414966
0.416211
0.421163
0.419550
0.416608
0.411911
0.423795
0.425153
0.433443
0.428492
0.426992
0.425521
0.418391
0.415137
0.416495
0.415562
0.418617
0.418307
0.431972
0.428945
0.436245
0.417996
0.421956
0.451578
0.455964
0.431888
0.418333
0.409166
0.411260
0.424190
0.415788
0.418589
0.410808
0.414147
0.416269
0.417996
0.410838
0.413808
0.412281
0.410556
0.409509
0.413528
0.407671
0.401136
0.404870
0.404503
0.416274
0.414124
0.415907
0.413700
0.405042
0.405863
0.404278
0.415229
0.414804
0.415003
0.418511
0.413645
0.415003
0.410618
0.404138
0.411807
0.413675
0.424992
0.419446
0.415909
0.414297
0.411467
0.411580
0.410788
0.410422
0.409488
0.454219
0.445561
0.422050
0.415796
0.400320
0.399697
0.398905
0.396133
0.399557
0.400746
0.402983
0.405925
0.406237
0.407680
0.404171
0.404483
0.404370
0.412292
0.393449
0.402476
0.404484
0.421858
0.418349
0.418349
0.412237
0.406834
0.406834
0.402590
0.411389
0.405760
0.402110
0.404232
0.404119
0.398319
0.408844
0.417135
0.412947
0.464384
0.454736
0.439061
0.423895
0.424800
0.442538
0.433796
0.445340
0.415575
0.414640
0.412405
0.408953
0.402333
0.422308
0.415887
0.409775
0.406012
0.405702
0.405107
0.405476
0.407598
0.429128
0.430374
0.422452
0.407485
0.408333
0.410314
0.414530
0.408108
0.408787
0.400073
0.400582
0.400723
0.404431
0.403836
0.407742
0.414674
0.407147
0.413514
0.412778
0.411845
0.406214
0.410232
0.406583
0.406724
0.409074
0.410827
0.416882
0.413628
0.425794
0.416514
0.414476
0.414476
0.411619
0.413402
0.417616
0.414646
0.413402
0.408959
0.407969
0.406611
0.407177
0.407546
0.425794
0.426360
0.455473
0.432640
0.415720
0.411023
0.408647
0.402281
0.401856
0.403044
0.404092
0.404036
0.402762
0.400358
0.400670
0.400557
0.406018
0.414563
0.414450
0.416741
0.431652
0.421126
0.418891
0.442063
0.430548
0.414956
0.405960
0.418634
0.432187
0.428396
0.411335
0.405082
0.399933
0.394077
0.397557
0.400358
0.420842
0.439347
0.430943
0.407856
0.403951
0.400726
0.402028
0.410573
0.409978
0.408196
0.407461
0.415439
0.424211
0.409809
0.407517
0.487162
0.453381
0.457000
0.425425
0.427065
0.421547
0.445708
0.446444
0.430770
0.410341
0.402786
0.399816
0.393139
0.394469
0.400609
0.400129
0.403553
0.403752
0.399818
0.407798
0.400951
0.402508
0.400471
0.400726
0.400811
0.404291
0.408055
0.406103
0.408508
0.404321
0.400615
0.404264
0.437482
0.432105
0.417619
0.421580
0.414195
0.409073
0.408565
0.423107
0.426757
0.416175
0.415665
0.409724
0.407262
0.406951
0.416175
0.418212
0.406838
0.408989
0.411167
0.409809
0.407263
0.410488
0.402453
0.402142
0.403642
0.401860
0.400502
0.398295
0.402936
0.416743
0.410434
0.405567
0.417988
0.416262
0.416262
0.426391
0.415753
0.409443
0.411056
0.402398
0.405794
0.412103
0.418413
0.427070
0.415696
0.402823
0.400644
0.400107
0.399117
0.428316
0.414735
0.410944
0.409586
0.404578
0.412302
0.413802
0.410831
0.411708
0.421780
0.406446
0.400390
0.405823
0.402117
0.422912
0.408257
0.411058
0.419093
0.425657
0.417989
0.407209
0.402881
0.401948
0.401466
0.401212
0.409021
0.413180
0.441813
0.416151
0.407918
0.401778
0.401722
0.400109
0.400138
0.397054
0.401016
0.402515
0.397338
0.397707
0.396433
0.406958
0.408629
0.410807
0.402093
0.402772
0.397905
0.400311
0.401188
0.402433
0.403197
0.404301
0.406226
0.407584
0.406226
0.402463
0.417995
0.432454
0.431660
0.424276
0.418080
0.408969
0.409958
0.410497
0.417796
0.410497
0.435422
0.435280
0.419265
0.414427
0.422321
0.419774
0.418841
0.417398
0.415361
0.407324
0.404466
0.415048
0.427355
0.423960
0.419546
0.411002
0.416377
0.414198
0.420565
0.420875
0.414793
0.424694
0.416772
0.418243
0.411001
0.413236
0.415952
0.413915
0.411255
0.413292
0.414650
0.411623
0.415329
0.413292
0.410830
0.411990
0.414225
0.415640
0.411114
0.407718
0.403389
0.397646
0.399201
0.402966
0.410349
0.415047
0.416405
0.430381
0.446084
0.433324
0.432983
0.433717
0.436716
0.428398
0.428142
0.433998
0.406073
0.410882
0.405195
0.397896
0.398716
0.400273
0.404007
0.405253
0.404207
0.416598
0.419994
0.413742
0.410347
0.410601
0.411959
0.413204
0.412469
0.416175
0.420503
0.420503
0.416288
0.412695
0.420927
0.422032
0.413487
0.418805
0.426105
0.445882
0.441044
0.432046
0.429130
0.418717
0.421293
0.405080
0.446387
0.467778
0.458610
0.443302
0.431701
0.433652
0.446185
0.417666
0.418571
0.427087
0.415826
0.410252
0.416759
0.412685
0.413364
0.424992
0.425304
0.417807
0.414835
0.409319
0.411526
0.411072
0.424681
0.450768
0.437724
0.437499
0.417947
0.425047
0.417748
0.418737
0.417125
0.413278
0.413278
0.411381
0.412740
0.414466
0.412316
0.411722
0.408864
0.412090
0.414071
0.411780
0.411921
0.410252
0.409573
0.419476
0.426719
0.426719
0.413364
0.408215
0.407592
0.408640
0.420098
0.405075
0.409403
0.430878
0.436255
0.432236
0.407791
0.402528
0.402528
0.407366
0.406942
0.407565
0.412404
0.415261
0.422135
0.422814
0.419703
0.416364
0.409913
0.424258
0.414186
0.410790
0.420298
0.427681
0.424032
0.422589
0.437357
0.437782
0.436225
0.453087
0.428527
0.423350
0.421482
0.430761
0.431242
0.419302
0.417123
0.413530
0.412426
0.417180
0.432147
0.439334
0.417123
0.429487
0.423121
0.432627
0.443379
0.431551
0.423996
0.426203
0.421252
0.417771
0.418705
0.421421
0.428041
0.430871
0.454183
0.442725
0.443205
0.430050
0.417287
0.408799
0.411516
0.405659
0.411600
0.419212
0.419296
0.414967
0.432905
0.416948
0.425916
0.461453
0.435481
0.418702
0.424559
0.421842
0.419805
0.415645
0.419182
0.421473
0.421898
0.424133
0.417739
0.418672
0.412052
0.421643
0.445693
0.439073
0.445749
0.429847
0.432677
0.451350
0.451207
0.441361
0.435448
0.425658
0.443594
0.432758
0.414254
0.416602
0.415923
0.415103
0.413575
0.409133
0.411794
0.415217
0.415161
0.421045
0.423395
0.458336
0.455167
0.442492
0.429844
0.424440
0.417507
0.418186
0.425740
0.425486
0.420847
0.426731
0.417451
0.417451
0.419120
0.422402
0.425119
0.443424
0.435135
0.422572
0.419233
0.424920
0.432332
0.420647
0.420704
0.415809
0.420025
0.418666
0.423928
0.432021
0.422259
0.419035
0.421326
0.428626
0.444329
0.441669
0.434962
0.430549
0.436801
0.433689
0.428540
0.423899
0.416344
0.413940
0.412950
0.414931
0.417364
0.422456
0.418552
0.428201
0.427776
0.436858
0.436915
0.451145
0.443336
0.435442
0.430914
0.423359
0.421379
0.419766
0.426387
0.422793
0.419341
0.424038
0.424718
0.433800
0.426755
0.420700
0.419200
0.416371
0.418408
0.421068
0.420389
0.418918
0.421209
0.429981
0.430235
0.423190
0.427265
0.422936
0.422313
0.416880
0.418664
0.416880
0.418551
