0.069922
0.069922
0.069362
0.069691
0.074094
0.078798
0.069691
0.077556
0.081958
0.081104
0.075887
0.080999
0.080467
0.073864
0.083929
0.078266
0.075657
0.080467
0.082136
0.073456
0.081728
0.084869
0.084869
0.081426
0.078798
0.077964
0.080697
0.078496
0.077661
0.074626
0.073792
0.073384
0.079028
0.074626
0.067188
0.082366
0.074626
0.071892
0.075887
0.076295
0.068748
0.085828
0.073154
0.070953
0.080165
0.078266
0.078266
0.073864
0.083929
0.082668
0.078266
0.071360
0.079225
0.080999
0.081728
0.084639
0.076110
0.082759
0.082170
0.087806
0.087943
0.085032
0.092345
0.085776
0.087233
0.091405
0.086701
0.092345
0.086390
0.083798
0.085439
0.085375
0.088672
0.085851
0.093074
0.090873
0.088672
0.096110
0.091812
0.089204
0.091937
0.087943
0.086701
0.091635
0.083724
0.090374
0.089540
0.081268
0.081800
0.083167
0.078764
0.090604
0.081498
0.085900
0.082438
0.079829
0.078035
0.075959
0.078568
0.073456
0.074808
0.078160
0.084010
0.081268
0.078764
0.081800
0.084408
0.103288
0.096722
0.092926
0.101016
0.107977
0.111234
0.111044
0.113074
0.113022
0.117665
0.113636
0.130694
0.144168
0.140532
0.147262
0.156947
0.157098
0.154666
0.158536
0.166808
0.159068
0.161500
0.167801
0.155232
0.157433
0.160469
0.150830
0.155764
0.151060
0.161764
0.145627
0.142822
0.147224
0.138544
0.145752
0.144490
0.139253
0.141028
0.147224
0.145680
0.143991
0.134885
0.134885
0.135010
0.135648
0.134708
0.131672
0.136075
0.131476
0.129274
0.128033
0.120700
0.128670
0.115996
0.116936
0.114754
0.126167
0.122298
0.126700
0.124499
0.116634
0.123237
0.117166
0.123769
0.112462
0.117166
0.114433
0.110563
0.114965
0.117166
0.117166
0.114965
0.110563
0.112356
0.108940
0.109321
0.111522
0.116864
0.115301
0.111733
0.105556
0.113099
0.106621
0.111023
0.113651
0.111963
0.110189
0.111556
0.114591
0.102324
0.106621
0.107988
0.114591
0.104880
0.103389
0.105715
0.105288
0.099217
0.106654
0.104453
0.103619
0.100583
0.100583
0.099749
0.100583
0.101950
0.099342
0.096306
0.098080
0.097673
0.097246
0.101648
0.100814
0.099447
0.098613
0.091175
0.095577
0.093784
0.091707
0.104382
0.096819
0.094743
0.098613
0.097778
0.093376
0.094743
0.096110
0.090873
0.091405
0.091405
0.086315
0.096215
0.092345
0.088902
0.088902
0.087233
0.088902
0.088902
0.088902
0.089310
0.085439
0.089842
0.085032
0.085032
0.085972
0.089434
0.085439
0.087641
0.086701
0.087233
0.088173
0.082529
0.090374
0.090374
0.081482
0.081268
0.085137
0.085670
0.083469
0.083798
0.087338
0.081482
0.089540
0.089540
0.085670
0.081268
0.080943
0.085670
0.085670
0.085262
0.081800
0.079599
0.081800
0.086202
0.079599
0.081800
0.079103
0.083061
0.081268
0.088173
0.083771
0.082783
0.083798
0.083534
0.083798
0.084010
0.089842
0.085972
0.087641
0.082783
0.082783
0.089540
0.087338
0.081268
0.081268
0.081268
0.081800
0.081800
0.078626
0.080558
0.078764
0.077875
0.079297
0.079297
0.079429
0.078626
0.080731
0.081268
0.084730
0.082783
0.084761
0.087108
0.085776
0.085375
0.093481
0.088844
0.090071
0.090472
0.093784
0.090208
0.094618
0.096713
0.099749
0.097548
0.094979
0.099644
0.095380
0.095781
0.100051
0.093677
0.098080
0.092844
0.098613
0.093376
0.093376
0.095984
0.095170
0.093376
0.096819
0.092844
0.097246
0.092134
0.097778
0.095754
0.106675
0.107363
0.110793
0.110083
0.112285
0.113099
0.112692
0.106621
0.111858
0.104118
0.108822
0.107988
0.112462
0.119065
0.123966
0.114433
0.119564
0.120629
0.117166
0.123237
0.115694
0.123966
0.114965
0.110563
0.116864
0.121568
0.121568
0.114025
0.124268
0.126469
0.124268
0.121765
0.126469
0.125510
0.130641
0.126771
0.125510
0.127711
0.125601
0.138486
0.129682
0.138276
0.130943
0.123400
0.128742
0.132737
0.132205
0.136075
0.132205
0.128742
0.134406
0.133677
0.132205
0.133144
0.131975
0.133643
0.134478
0.135115
0.137316
0.132914
0.133446
0.132205
0.132205
0.142021
0.134478
0.137920
0.142750
0.134780
0.133413
0.138242
0.140016
0.148716
0.149425
0.147224
0.144615
0.151094
0.145752
0.147118
0.151396
0.156632
0.154431
0.149622
0.149089
0.158834
0.154858
0.155266
0.151698
0.155055
0.164267
0.160699
0.160397
0.159457
0.167710
0.166468
0.158196
0.159990
0.163327
0.151060
0.162066
0.158603
0.159865
0.162066
0.164569
0.165101
0.171580
0.161106
0.163327
0.170640
0.158267
0.164569
0.168439
0.166238
0.162368
0.162368
0.166770
0.160699
0.162066
0.165509
0.168137
0.155995
0.166468
0.160397
0.164799
0.152959
0.160397
0.156527
0.157361
0.158196
0.166468
0.162368
0.164799
0.162368
0.161658
0.162900
0.165101
0.163005
0.159865
0.159457
0.162473
0.166770
0.160699
0.170640
0.164569
0.163327
0.168439
0.161428
0.175042
0.168439
0.168031
0.167177
0.168971
0.171580
0.162368
0.166770
0.172841
0.177243
0.165101
0.167177
0.175877
0.162368
0.168031
0.164569
0.164569
0.170640
0.166770
0.171172
0.170640
0.168031
0.165830
0.163629
0.166132
0.170942
0.170942
0.170942
0.176711
0.163629
0.165298
0.172309
0.161836
0.166238
0.172841
0.168439
0.170640
0.162900
0.164569
0.168137
0.159865
0.162066
0.151592
0.166061
0.165207
0.158728
0.161764
0.167000
0.165739
0.160095
0.167940
0.164497
0.161869
0.153190
0.156632
0.158426
0.157592
0.154556
0.151928
0.161567
0.156330
0.151094
0.156330
0.153295
0.154661
0.154234
0.148183
0.153827
0.148183
0.155194
0.154786
0.148716
0.153525
0.151324
0.152691
0.150490
0.146620
0.143690
0.154590
0.143690
0.146725
0.149353
0.157198
0.140549
0.147986
0.156686
0.153223
0.150187
0.151022
0.149353
0.149353
0.155957
0.148092
0.146850
0.146423
0.152494
0.147684
0.149051
0.143387
0.148624
0.149051
0.148624
0.145483
0.147152
0.147152
0.151554
0.147684
0.149886
0.146850
0.148946
0.151856
0.154484
0.156561
0.156561
0.148183
0.150259
0.153295
0.153190
0.154024
0.160095
0.157894
0.160929
0.162598
0.152125
0.167408
0.161337
0.159563
0.163965
0.166271
0.155391
0.158124
0.157697
0.158531
0.157697
0.159064
0.157290
0.150686
0.154129
0.156225
0.158301
0.156632
0.158301
0.155266
0.157894
0.162598
0.162296
0.157467
0.160627
0.161035
0.156225
0.156632
0.160627
0.161869
0.162296
0.159668
0.162703
0.161869
0.158196
0.153065
0.146461
0.156100
0.156934
0.160929
0.166468
0.166468
0.157256
0.160397
0.160929
0.161869
0.158728
0.158834
0.161567
0.165135
0.156028
0.159826
0.151784
0.146653
0.144380
0.146582
0.138717
0.140510
0.140616
0.140208
0.139374
0.143349
0.132574
0.128172
0.125668
0.127869
0.132804
0.123165
0.127141
0.125899
0.123698
0.121496
0.115853
0.116687
0.128100
0.123698
0.120537
0.118763
0.122206
0.125668
0.124000
0.120024
0.124000
0.124940
0.117094
0.126733
0.130708
0.119828
0.121194
0.121602
0.124230
0.121194
0.115123
0.120767
0.115123
0.119933
0.117857
0.120892
0.117325
0.112193
0.110419
0.118264
0.120892
0.112726
0.113560
0.112726
0.115761
0.111484
0.118495
0.113258
0.113685
0.112423
0.110650
0.105820
0.117022
0.115229
0.112193
0.114821
0.116063
0.110721
0.120360
0.116260
0.117094
0.116260
0.128100
0.117627
0.123698
0.120537
0.119295
0.121798
0.126201
0.128277
0.121798
0.124834
0.127337
0.130373
0.126930
0.138343
0.130071
0.127869
0.128277
0.126930
0.121568
0.129735
0.127002
0.137777
0.132843
0.135043
0.139446
0.140688
0.138486
0.141949
0.138079
0.137245
0.141009
0.143210
0.146351
0.136607
0.137547
0.141949
0.137547
0.141949
0.144150
0.147612
0.144150
0.141949
0.142889
0.140280
0.140280
0.138309
0.142179
0.136515
0.140510
0.139676
0.141877
0.141877
0.141877
0.139676
0.135806
0.137475
0.127002
0.145411
0.150221
0.142481
0.144682
0.138079
0.139038
0.135576
0.145642
0.135043
0.146351
0.141417
0.142251
0.147080
0.148854
0.143618
0.147914
0.149991
0.147382
0.146121
0.147382
0.146121
0.145181
0.145181
0.145589
0.149886
0.155957
0.146725
0.144951
0.148821
0.156259
0.155726
0.157520
0.152691
0.160963
0.165365
0.161922
0.162329
0.161922
0.161495
0.160963
0.168401
0.163164
0.169235
0.160023
0.165667
0.170904
0.168703
0.165135
0.168703
0.166075
0.167441
0.164833
0.166199
0.170194
0.164123
0.165897
0.163394
0.164229
0.161299
0.162560
0.166962
0.151252
0.155227
0.153986
0.151784
0.160996
0.156187
0.152724
0.150116
0.147914
0.150116
0.148854
0.151483
0.145411
0.151056
0.152422
0.144150
0.152015
0.152422
0.149814
0.143618
0.154925
0.150523
0.156187
0.153986
0.155227
0.149991
0.156187
0.147382
0.154695
0.162862
0.155424
0.160661
0.165897
0.162329
0.163289
0.164123
0.157927
0.166732
0.161797
0.168276
0.167034
0.164833
0.164426
0.163039
0.174472
0.170069
0.166199
0.169235
0.165365
0.170602
0.166325
0.169768
0.173335
0.162862
0.156686
0.167796
0.155424
0.165063
0.164229
0.173335
0.164229
0.161088
0.162027
0.158460
0.167691
0.162329
0.162329
0.162631
0.170069
0.169964
0.175805
0.181343
0.181646
0.177243
0.179747
0.189280
0.185712
0.186119
0.187913
0.192723
0.189280
0.187611
0.190114
0.197854
0.195016
0.194358
0.202098
0.197288
0.200731
0.202827
0.205632
0.213904
0.216709
0.221414
0.222675
0.228621
0.248628
0.222445
0.232616
0.224219
0.229048
0.237426
0.230113
0.231887
0.229791
0.226349
0.224147
0.220278
0.223313
0.224272
0.217774
0.220402
0.216105
0.213070
0.219674
0.215271
0.223649
0.221874
0.216336
0.211934
0.208898
0.214969
0.207833
0.214437
0.218307
0.219443
0.228550
0.224147
0.224982
0.225409
0.224147
0.226047
0.223543
0.223649
0.219674
0.220738
0.211506
0.228583
0.214667
0.219477
0.212466
0.214772
0.210797
0.204831
0.208399
0.207565
0.210173
0.208931
0.208931
0.200429
0.208701
0.208241
0.215041
0.222479
0.223706
0.234995
0.232122
0.243430
0.262070
0.257135
0.263810
0.269757
0.269119
0.282095
0.276221
0.283659
0.290439
0.287902
0.306648
0.307482
0.301608
0.308211
0.306010
0.311654
0.312081
0.303809
0.307679
0.310182
0.307252
0.310714
0.310714
0.306010
0.306950
0.309683
0.306240
0.304145
0.298074
0.308140
0.302069
0.298606
0.297364
0.301747
0.294132
0.284296
0.289533
0.279717
0.285486
0.277017
0.269915
0.270644
0.267110
0.261978
0.252997
0.262938
0.251131
0.253031
0.246000
0.244456
0.238793
0.235987
0.236947
0.229916
0.237052
0.231513
0.221040
0.227644
0.221572
0.225975
0.222637
0.224838
0.216139
0.217506
0.219707
0.220541
0.226310
0.226310
0.213636
0.239819
0.221199
0.219300
0.232381
0.227145
0.232381
0.228511
0.223807
0.225174
0.225279
0.227481
0.224038
0.215765
0.216298
0.214504
0.223807
0.230449
0.255836
0.290195
0.319327
0.358386
0.392788
0.394884
0.410862
0.425100
0.432576
0.456966
0.461867
0.467405
0.478075
0.476176
0.496058
0.489153
0.487182
0.491282
0.492452
0.481039
0.484108
0.477735
0.467065
0.465698
0.464562
0.473366
0.457656
0.453786
0.457656
0.462059
0.455455
0.461651
0.452952
0.457354
0.453484
0.449614
0.446152
0.453715
0.453715
0.449720
0.442210
0.442848
0.433334
0.439103
0.442546
0.435233
0.439208
0.436173
0.426659
0.421528
0.427297
0.424064
0.418526
0.419058
0.417389
0.409951
0.404413
0.407981
0.399406
0.398677
0.401838
0.402778
0.400274
0.394203
0.388132
0.387298
0.392942
0.387600
0.387441
0.398754
0.409193
0.428241
0.433406
0.431238
0.432605
0.430706
0.429464
0.441837
0.431842
0.441678
0.442387
0.448123
0.445389
0.452295
0.451355
0.454818
0.454285
0.451427
0.466571
0.472273
0.497995
0.495300
0.509610
0.524150
0.538296
0.540766
0.547172
0.544367
0.540727
0.541418
0.530643
0.526878
0.519139
0.518074
0.516707
0.522653
0.524519
0.523579
0.525550
0.527449
0.529650
0.532791
0.524519
0.524111
0.525478
0.529578
0.524447
0.523843
0.521215
0.515144
0.512108
0.516938
0.521747
0.515676
0.510867
0.512233
0.511274
0.509907
0.521747
0.514309
0.511274
0.519973
0.519014
0.511168
0.519014
0.515466
0.516477
0.515945
0.520117
0.528283
0.530590
0.532259
0.530182
0.521378
0.523579
0.521785
0.527449
0.525248
0.530892
0.531851
0.530182
0.528389
0.528921
0.527981
0.530590
0.524519
0.521076
0.530413
0.516477
0.517738
0.518146
0.528211
0.518678
0.525282
0.527483
0.516175
0.526648
0.524447
0.517542
0.513139
0.519743
0.518074
0.510636
0.514204
0.514204
0.511274
0.510439
0.514540
0.506569
0.511504
0.507634
0.498528
0.500729
0.505131
0.504297
0.498226
0.502201
0.492155
0.498758
0.494054
0.487450
0.500230
0.490184
0.492385
0.491123
0.494284
0.489882
0.486951
0.493023
0.476583
0.480578
0.488851
0.479744
0.480276
0.478306
0.474311
0.474843
0.468772
0.471932
0.470671
0.465434
0.464298
0.471309
0.462629
0.467866
0.465770
0.468398
0.465132
0.469199
0.471774
0.480348
0.489455
0.489153
0.491354
0.490112
0.486650
0.489153
0.484218
0.481912
0.492562
0.499060
0.491924
0.492759
0.496930
0.497358
0.500801
0.502062
0.505860
0.496327
0.494888
0.490716
0.489455
0.489153
0.484981
0.481538
0.484679
0.480276
0.477346
0.470441
0.467938
0.468772
0.470973
0.470139
0.471932
0.474666
0.468168
0.460198
0.467636
0.468470
0.467636
0.465434
0.469002
0.464902
0.467938
0.462898
0.471702
0.467300
0.475572
0.472004
0.473371
0.473371
0.477346
0.479015
0.479015
0.476814
0.476406
0.476406
0.474205
0.472537
0.480809
0.485086
0.477773
0.479547
0.475572
0.474738
0.480276
0.483312
0.488620
0.488922
0.502930
0.491622
0.496964
0.492562
0.490486
0.489651
0.494888
0.491853
0.492687
0.488285
0.497497
0.494888
0.490591
0.486721
0.488922
0.494284
0.487680
0.489882
0.492615
0.484750
0.488318
0.488851
0.486880
0.474205
0.483417
0.473673
0.475572
0.478608
0.478608
0.472944
0.480507
0.471702
0.470441
0.474474
0.476176
0.470302
0.482549
0.484041
0.479816
0.471846
0.473816
0.478948
0.490256
0.492884
0.487522
0.486457
0.493061
0.494960
0.499257
0.495794
0.495262
0.496221
0.492759
0.495689
0.498297
0.495794
0.497995
0.508896
0.495065
0.489953
0.486491
0.488285
0.483048
0.483988
0.490591
0.485781
0.487983
0.486189
0.490184
0.487023
0.483580
0.484079
0.493396
0.489421
0.492457
0.492332
0.489723
0.490256
0.497693
0.493396
0.487220
0.489421
0.491924
0.499894
0.491924
0.498528
0.486813
0.489723
0.488889
0.497995
0.486261
0.488356
0.493061
0.499559
0.490327
0.492725
0.498901
0.500801
0.495334
0.495866
0.507370
0.502364
0.508435
0.505399
0.508008
0.501103
0.501937
0.505505
0.495459
0.504670
0.499027
0.503836
0.505630
0.499132
0.503961
0.503534
0.503961
0.502699
0.502699
0.510972
0.507102
0.494854
0.501031
0.499257
0.505433
0.497463
0.496629
0.497056
0.495689
0.495262
0.504795
0.496930
0.498192
0.499027
0.502062
0.504670
0.504263
0.502062
0.505630
0.505630
0.507404
0.505735
0.504901
0.500091
0.505735
0.496096
0.496096
0.500499
0.504066
0.500091
0.496096
0.504901
0.502699
0.505203
0.502167
0.498599
0.506872
0.502062
0.504670
0.510334
0.495866
0.510104
0.498264
0.519743
0.513974
0.529453
0.512377
0.518146
0.511542
0.507869
0.513513
0.523454
0.515076
0.523047
0.531391
0.526259
0.518079
0.529084
0.524380
0.512578
0.538137
0.543197
0.544707
0.548275
0.544938
0.546199
0.555003
0.548275
0.559813
0.550548
0.543130
0.559444
0.553584
0.557545
0.548313
0.564752
0.566723
0.560757
0.560988
0.560316
0.571125
0.571125
0.572794
0.567683
0.567683
0.564752
0.573024
0.579096
0.575226
0.562249
0.570521
0.568320
0.564450
0.569260
0.563189
0.564982
0.565390
0.567184
0.565922
0.565390
0.564982
0.569792
0.565922
0.565922
0.560278
0.567289
0.558610
0.566882
0.561218
0.566882
0.561218
0.559976
0.559549
0.564378
0.562177
0.561750
0.556106
0.556106
0.552644
0.557046
0.551809
0.550141
0.558945
0.560187
0.553176
0.551809
0.546573
0.551809
0.554845
0.558413
0.550975
0.556212
0.558413
0.557046
0.560082
0.551382
0.547940
0.545738
0.550141
0.552342
0.548472
0.553301
0.545009
0.546803
0.556442
0.551613
0.546376
0.553814
0.548045
0.556337
0.551507
0.550371
0.552040
0.553709
0.545009
0.547210
0.556015
0.549537
0.549537
0.547335
0.545134
0.551311
0.545667
0.544832
0.551009
0.549340
0.539629
0.542967
0.539327
0.535227
0.538795
0.542770
0.538795
0.542061
0.547791
0.532292
0.535524
0.524519
0.525780
0.524217
0.526648
0.517844
0.525282
0.516602
0.517542
0.516813
0.518711
0.517168
0.516439
0.515604
0.508292
0.505769
0.507865
0.506498
0.502930
0.507740
0.501563
0.503659
0.503002
0.507404
0.509073
0.506037
0.504263
0.501760
0.504901
0.504901
0.504901
0.501031
0.506800
0.505433
0.506392
0.503232
0.501990
0.508574
0.502523
0.501136
0.491924
0.497995
0.498830
0.505965
0.496327
0.498528
0.501990
0.498528
0.496327
0.506800
0.506373
0.500729
0.502930
0.499060
0.506090
0.500427
0.505663
0.498226
0.502221
0.498758
0.490893
0.492562
0.490893
0.492562
0.496557
0.488285
0.486491
0.494888
0.496557
0.503160
0.486491
0.495295
0.497497
0.492687
0.501899
0.495828
0.493094
0.493718
0.494125
0.498830
0.496930
0.500268
0.505505
0.495334
0.505399
0.506234
0.502134
0.503270
0.510176
0.514170
0.506910
0.517383
0.512875
0.522816
0.522409
0.514846
0.521450
0.520615
0.522409
0.525018
0.523349
0.526259
0.522816
0.525018
0.515484
0.521680
0.514242
0.525248
0.523047
0.512271
0.522318
0.513211
0.512804
0.515412
0.505366
0.514578
0.515945
0.511542
0.512377
0.505366
0.519815
0.517206
0.515005
0.517081
0.514045
0.511010
0.511010
0.512804
0.511010
0.515412
0.511010
0.511969
0.511542
0.516372
0.515945
0.504229
0.514276
0.515235
0.506536
0.509571
0.504335
0.498264
0.503074
0.507903
0.501832
0.501832
0.500997
0.501530
0.503304
0.497535
0.497660
0.499027
0.492528
0.496096
0.498297
0.496096
0.502292
0.497056
0.498528
0.496327
0.489316
0.496327
0.484486
0.488889
0.490256
0.489421
0.495597
0.486813
0.493094
0.489953
0.483882
0.492155
0.487752
0.496025
0.485551
0.497799
0.495262
0.494427
0.490558
0.500499
0.500570
0.504033
0.516405
0.510209
0.515466
0.510104
0.521411
0.508632
0.522548
0.517738
0.516976
0.523047
0.529420
0.529492
0.536095
0.535759
0.551239
0.551666
0.557310
0.549570
0.556601
0.555339
0.547474
0.552073
0.551009
0.559583
0.558341
0.560312
0.561679
0.568479
0.572756
0.576093
0.570023
0.588662
0.579326
0.572564
0.591434
0.594575
0.594273
0.594043
0.598747
0.598977
0.598038
0.593866
0.593866
0.596776
0.600239
0.595304
0.598872
0.596546
0.595837
0.599279
0.601908
0.598038
0.593635
0.600009
0.602512
0.599443
0.622859
0.629941
0.629946
0.661299
0.671043
0.672074
0.668204
0.686312
0.691956
0.701561
0.691193
0.701897
0.697389
0.700123
0.694656
0.697389
0.699360
0.704722
0.705431
0.707402
0.706462
0.705930
0.706232
0.721107
0.715444
0.714912
0.718906
0.716403
0.724550
0.720148
0.714504
0.721107
0.718906
0.714806
0.728013
0.733124
0.722848
0.726718
0.733925
0.738097
0.734654
0.728353
0.737158
0.737460
0.736218
0.733057
0.743531
0.741862
0.734319
0.742039
0.744135
0.741828
0.747597
0.751875
0.753668
0.749036
0.742965
0.757308
0.745041
0.753845
0.752800
0.752906
0.764746
0.755107
0.757840
0.757308
0.759509
0.754575
0.771119
0.759706
0.763681
0.760646
0.759811
0.761178
0.756368
0.759279
0.758444
0.763149
0.757505
0.765350
0.766611
0.765652
0.766079
0.767853
0.768582
0.764587
0.774226
0.766683
0.775895
0.771085
0.774955
0.774226
0.774955
0.773694
0.774955
0.779357
0.773996
0.775257
0.781328
0.773056
0.782268
0.780921
0.791073
0.778398
0.779357
0.773819
0.773694
0.775487
0.771085
0.753404
0.768175
0.774226
0.771085
0.771085
0.775185
0.765014
0.774548
0.775895
0.779890
0.776197
0.776926
0.779429
0.774619
0.784560
0.782892
0.780691
0.782359
0.785802
0.791466
0.778792
0.777957
0.789265
0.788003
0.791571
0.791571
0.778489
0.780691
0.782892
0.786762
0.779429
0.780691
0.779429
0.779961
0.781630
0.773766
0.776696
0.778489
0.783299
0.783299
0.785500
0.790435
0.781630
0.781630
0.775027
0.788234
0.781630
0.783831
0.783831
0.784771
0.776926
0.779961
0.781328
0.773056
0.778398
0.778398
0.774548
0.771085
0.775895
0.770783
0.776125
0.767853
0.769752
0.763681
0.769450
0.758444
0.769023
0.763379
0.765580
0.753438
0.755639
0.751875
0.754076
0.745396
0.747597
0.750436
0.745501
0.745732
0.744063
0.733288
0.744701
0.743761
0.731087
0.731087
0.735896
0.735896
0.735489
0.737158
0.731494
0.733288
0.733288
0.737158
0.743229
0.741028
0.734956
0.742821
0.736218
0.739359
0.743354
0.734956
0.741560
0.733163
0.739766
0.739766
0.741028
0.734017
0.738826
0.739661
0.746264
0.735259
0.737460
0.739661
0.741330
0.739661
0.739661
0.738826
0.740620
0.743229
0.741028
0.737158
0.741028
0.739359
0.741560
0.739359
0.741967
0.737158
0.733288
0.736856
0.739891
0.738097
0.734654
0.732453
0.736856
0.726382
0.736856
0.735187
0.737388
0.725121
0.728281
0.729523
0.731724
0.733925
0.731724
0.735187
0.736127
0.731317
0.727322
0.728281
0.730483
0.730483
0.732684
0.730890
0.720417
0.728814
0.729221
0.728814
0.731422
0.728814
0.731015
0.726613
0.725351
0.727552
0.729753
0.722848
0.727552
0.731955
0.725883
0.729346
0.725883
0.730713
0.722848
0.723150
0.733623
0.720417
0.730252
0.732453
0.728353
0.734726
0.746566
0.738366
0.750508
0.752302
0.750244
0.770054
0.755606
0.761446
0.765920
0.770625
0.765618
0.752537
0.779429
0.785001
0.771157
0.783923
0.780532
0.790066
0.787563
0.785467
0.795408
0.782431
0.783673
0.790171
0.794573
0.797609
0.789034
0.798141
0.793739
0.799810
0.787366
0.787366
0.789567
0.788732
0.786833
0.785165
0.789034
0.791236
0.790703
0.787366
0.791236
0.789034
0.789034
0.789567
0.782129
0.784862
0.789672
0.783194
0.793365
0.789672
0.780158
0.785802
0.784560
0.774087
0.780691
0.780158
0.782661
0.787064
0.787064
0.786531
0.787366
0.785165
0.782661
0.788325
0.786833
0.791236
0.791236
0.788502
0.790703
0.791236
0.786833
0.784632
0.788502
0.789034
0.790703
0.789034
0.786833
0.789034
0.796899
0.786301
0.794166
0.786603
0.801781
0.797378
0.803876
0.802510
0.809310
0.808475
0.809310
0.809185
0.805315
0.809185
0.817989
0.810125
0.818718
0.806044
0.813055
0.810854
0.814316
0.816924
0.816090
0.818488
0.815453
0.823370
0.818665
0.830702
0.837607
0.831004
0.837679
0.850656
0.844479
0.845616
0.851687
0.845083
0.851687
0.846043
0.849485
0.853355
0.859551
0.851154
0.857422
0.859590
0.857619
0.866495
0.872336
0.871074
0.873703
0.872743
0.879347
0.879649
0.872106
0.878709
0.874609
0.876810
0.878478
0.882881
0.887283
0.881212
0.877769
0.876508
0.881442
0.884051
0.871804
0.871396
0.876206
0.872336
0.871396
0.874005
0.867934
0.876206
0.875798
0.872336
0.880608
0.872336
0.872336
0.878939
0.876738
0.873276
0.876738
0.869833
0.876436
0.869636
0.872566
0.867329
0.863033
0.865963
0.870365
0.869833
0.872974
0.869531
0.868571
0.875175
0.869636
0.868696
0.869636
0.867329
0.863033
0.875175
0.873933
0.872974
0.864294
0.876436
0.868164
0.871732
0.871732
0.863867
0.867329
0.868164
0.868164
0.868571
0.875069
0.865023
0.868571
0.875069
0.876436
0.865430
0.882809
0.870667
0.882809
0.885543
0.884603
0.879649
0.883111
0.881442
0.883111
0.879241
0.885082
0.886981
0.884373
0.887283
0.880910
0.886252
0.877040
0.886252
0.876206
0.876738
0.880378
0.887513
0.880910
0.877769
0.897987
0.882172
0.885010
0.881140
0.876738
0.882080
0.884281
0.887744
0.883039
0.887744
0.882080
0.884281
0.875069
0.878637
0.883874
0.878335
0.873098
0.873098
0.880109
0.868394
0.881049
0.876772
0.874676
0.875937
0.874268
0.865464
0.879400
0.873204
0.876239
0.876968
0.881246
0.879970
0.891685
0.897756
0.895220
0.902552
0.903794
0.911639
0.902000
0.907256
0.909333
0.907131
0.917197
0.914996
0.911534
0.911126
0.917197
0.914996
0.918439
0.924103
0.921902
0.918439
0.924635
0.915529
0.913735
0.918242
0.916166
0.909563
0.918367
0.912704
0.914497
0.912829
0.907592
0.914195
0.909793
0.910733
0.910325
0.911994
0.906863
0.910628
0.918900
0.918900
0.923302
0.904254
0.908657
0.909064
0.907395
0.899957
0.912757
0.910556
0.902691
0.906686
0.909294
0.904892
0.905424
0.908033
0.898821
0.898821
0.901022
0.900188
0.900188
0.899459
0.896318
0.900418
0.897810
0.899459
0.892678
0.898749
0.891844
0.891844
0.896246
0.892784
0.896352
0.897718
0.887245
0.893316
0.888612
0.886411
0.887652
0.893014
0.879505
0.884742
0.884742
0.889144
0.890084
0.878671
0.877429
0.890084
0.879203
0.884440
0.880570
0.881831
0.888435
0.880570
0.882771
0.880570
0.886339
0.880675
0.884138
0.878067
0.883303
0.871996
0.874197
0.886871
0.873362
0.874302
0.874729
0.870327
0.874302
0.875136
0.869065
0.863421
0.873468
0.873060
0.867824
0.877870
0.868231
0.875669
0.868763
0.880071
0.872758
0.868763
0.863527
0.870965
0.864893
0.864893
0.869296
0.871497
0.861858
0.867095
0.867095
0.862692
0.869296
0.864893
0.863100
0.869296
0.870130
0.873166
0.865728
0.863652
0.866687
0.856319
0.860721
0.857686
0.866491
0.867732
0.860419
0.867023
0.863028
0.853816
0.863330
0.862923
0.861254
0.863455
0.863028
0.862088
0.863028
0.858218
0.862621
0.860721
0.865124
0.865124
0.865229
0.859158
0.858218
0.860952
0.860952
0.864822
0.858751
0.863560
0.853087
0.861892
0.874336
0.856247
0.851845
0.861892
0.860952
0.858856
0.850886
0.860952
0.857489
0.866294
0.864093
0.857489
0.857489
0.861892
0.858856
0.855288
0.854881
0.859690
0.854046
0.857489
0.854046
0.857489
0.860650
0.855519
0.854277
0.856885
0.849145
0.855447
0.844743
0.856885
0.855216
0.849145
0.853015
0.851754
0.848311
0.849145
0.850105
0.848009
0.845400
0.851044
0.848009
0.848009
0.847582
0.844973
0.848114
0.853778
0.839737
0.847175
0.840571
0.848114
0.845913
0.848541
0.847707
0.850315
0.845913
0.838068
0.844671
0.847280
0.843410
0.842470
0.846872
0.838600
0.838600
0.843410
0.843410
0.838600
0.837234
0.840039
0.837430
0.844513
0.854809
0.854277
0.843271
0.855519
0.848915
0.854756
0.858520
0.863225
0.861451
0.871904
0.862462
0.876470
0.870595
0.876968
0.883039
0.886981
0.890017
0.899090
0.911764
0.913505
0.914305
0.917341
0.926874
0.930212
0.927354
0.939923
0.939692
0.943030
0.963871
0.948694
0.957339
0.963003
0.976723
0.960270
0.968115
0.966005
0.978785
0.962010
0.971951
0.979796
0.976886
0.986827
0.986721
0.978785
0.981590
0.988194
0.981821
0.981183
0.984626
0.987661
0.986827
0.973548
0.987359
0.981590
0.977720
0.982122
0.979619
0.976051
0.983062
0.979921
0.980454
0.988726
0.986755
0.986525
0.979921
0.981288
0.984324
0.978147
0.980631
0.983154
0.989757
0.987963
0.991833
0.992668
0.988265
0.991195
0.993929
0.994638
0.988994
0.992135
0.995598
0.985124
0.987326
0.993929
1.000000
0.994336
0.992135
0.986064
0.990893
0.987858
0.990893
0.987023
0.983154
0.989632
0.989330
0.986294
0.978982
0.982655
0.981821
0.984856
0.984856
0.989560
0.978660
0.976459
0.983062
0.987464
0.977418
0.979619
0.989666
0.977950
0.980152
0.980152
0.977648
0.984252
0.982458
0.982281
0.978181
0.971275
0.976387
0.970316
0.974718
0.978411
0.969482
0.978286
0.969482
0.975553
0.983825
0.983417
0.978181
0.977648
0.984252
0.978588
0.987695
0.980152
0.977648
0.979015
0.978588
0.984784
0.984252
0.983825
0.980257
0.983187
0.984554
0.993358
0.988529
0.983292
0.989896
0.976689
0.979087
0.985263
0.986223
0.991459
0.996821
0.986755
0.988956
0.986755
0.985494
0.982760
0.990218
0.989364
0.988956
0.993358
0.983292
0.985494
0.987695
0.981216
0.982990
0.982583
0.983523
0.980487
0.981322
0.985724
0.985724
0.984482
0.974416
0.981447
0.974009
0.976210
0.979245
0.976210
0.968345
0.977150
0.979351
0.974949
0.974949
0.968877
0.975481
0.980185
0.973280
0.971486
0.983753
0.972445
0.974646
0.972445
0.972445
0.976848
0.970777
0.970777
0.967314
0.969515
0.979988
0.968273
0.968273
0.970475
0.973615
0.966605
0.971414
0.965343
0.963142
0.969746
0.971947
0.964509
0.962433
0.956769
0.965041
0.961704
0.958970
0.962111
0.965574
0.963905
0.960462
0.958261
0.960869
0.954798
0.959200
0.963603
0.955330
0.954496
0.955436
0.958898
0.962039
0.957230
0.955029
0.952827
0.951566
0.955436
0.953767
0.949365
0.952525
0.944661
0.950857
0.950857
0.945193
0.957867
0.953997
0.945725
0.952329
0.944483
0.952329
0.949293
0.946684
0.947624
0.944589
0.948157
0.943754
0.950765
0.949523
0.939050
0.953926
0.943452
0.937789
0.939990
0.932145
0.945759
0.940115
0.942316
0.931416
0.928380
0.933209
0.936777
0.935818
0.933847
0.935641
0.933847
0.930917
0.930615
0.927704
0.921101
0.923834
0.925503
0.920799
0.923834
0.916396
0.920799
0.921331
0.916929
0.920070
0.919662
0.918401
0.921969
0.917567
0.919768
0.912028
0.916430
0.914636
0.912987
0.909525
0.913927
0.911726
0.915596
0.915596
0.909525
0.911726
0.918329
0.907856
0.903454
0.910465
0.900418
0.907856
0.907856
0.904413
0.913625
0.913217
0.913625
0.911424
0.909755
0.907554
0.908086
0.908494
0.908086
0.902850
0.913855
0.905583
0.908192
0.899919
0.906523
0.904322
0.906523
0.913126
0.903914
0.899919
0.909985
0.906523
0.899210
0.906523
0.906523
0.906523
0.906523
0.907357
0.906523
0.904322
0.906523
0.909256
0.904854
0.909256
0.905386
0.902351
0.904552
0.904552
0.902883
0.904552
0.906451
0.899118
0.901320
0.903521
0.896208
0.898514
0.897148
0.890669
0.891911
0.886372
0.888146
0.886070
0.888804
0.882733
0.881471
0.878028
0.875098
0.877299
0.877299
0.876997
0.874796
0.873127
0.876695
0.870624
0.871157
0.872523
0.870322
0.868121
0.870322
0.867819
0.862155
0.866985
0.861748
0.854310
0.865723
0.861321
0.861321
0.860079
0.860079
0.859245
0.859245
0.854114
0.857149
0.859350
0.858516
0.855907
0.856440
0.855178
0.856847
0.849942
0.857379
0.852037
0.851203
0.841971
0.849942
0.855178
0.856847
0.857379
0.856013
0.859580
0.856013
0.849942
0.856138
0.853936
0.858339
0.850474
0.846604
0.850474
0.848805
0.851006
0.847544
0.847544
0.848503
0.843266
0.848503
0.850704
0.845041
0.849443
0.843372
0.846834
0.844633
0.845165
0.841171
0.841171
0.849443
0.841171
0.847242
0.843372
0.847774
0.845573
0.847774
0.845165
0.848733
0.845271
0.831762
0.842360
0.820684
0.819548
0.821020
0.812446
0.806073
0.802610
0.799700
0.788800
0.790593
0.786296
0.782019
0.786421
0.778557
0.787361
0.781290
0.778662
0.782230
0.779621
0.780456
0.780988
0.782355
0.776159
0.770088
0.778787
0.775324
0.779727
0.771047
0.775857
0.783294
0.779017
0.769483
0.778288
0.763412
0.770443
0.770016
0.765312
0.767513
0.763643
0.757999
0.754536
0.761140
0.755069
0.756028
0.758637
0.748163
0.753505
0.757375
0.751304
0.750062
0.752263
0.743991
0.748801
0.742730
0.749333
0.741488
0.739819
0.744629
0.731955
0.740352
0.744327
0.738256
0.738788
0.731475
0.733782
0.722047
0.723308
0.716403
0.723308
0.719846
0.717238
0.724143
0.715444
0.723308
0.725510
0.721640
0.721213
0.723841
0.715976
0.718177
0.718604
0.718177
0.710332
0.718710
0.716508
0.715142
0.706462
0.712106
0.712231
0.715674
0.713473
0.715267
0.716206
0.703532
0.710543
0.711502
0.710668
0.709833
0.706371
0.706371
0.705963
0.701791
0.699590
0.697087
0.690714
0.698257
0.682140
0.682778
0.682778
0.683717
0.684250
0.677646
0.672002
0.679138
0.668540
0.675143
0.670334
0.671273
0.672640
0.663658
0.666267
0.671201
0.648993
0.677805
0.644414
0.643153
0.640649
0.642851
0.634276
0.630814
0.633974
0.627903
0.627903
0.620164
0.617535
0.610223
0.613364
0.604684
0.599020
0.595347
0.596589
0.599217
0.600051
0.594815
0.602660
0.598258
0.590412
0.599519
0.602022
0.594584
0.597088
0.597159
0.597461
0.605734
0.591285
0.603729
0.606765
0.610404
0.614576
0.608702
0.610903
0.615607
0.619175
0.618748
0.621678
0.615075
0.623880
0.619477
0.619477
0.619175
0.619707
0.620240
0.613636
0.613636
0.614576
0.616245
0.620240
0.612375
0.612802
0.615305
0.613406
0.613406
0.621146
0.613176
0.616106
0.619549
0.620810
0.630555
0.628354
0.616639
0.625850
0.624182
0.624182
0.623347
0.617809
0.615075
0.621980
0.620739
0.616317
0.612644
0.622920
0.621146
0.628052
0.619779
0.619247
0.622690
0.623649
0.620081
0.623189
0.628215
0.633451
0.635527
0.632387
0.636362
0.644102
0.649338
0.640534
0.643569
0.637498
0.640961
0.650475
0.639167
0.644102
0.644600
0.641670
0.640429
0.640961
0.640534
0.645363
0.642932
0.648772
0.650264
0.651204
0.651736
0.647866
0.653510
0.645665
0.654114
0.650067
0.646802
0.651204
0.653812
0.650369
0.649108
0.649233
0.647334
0.647938
0.652714
0.658378
0.666650
0.662550
0.673857
0.667983
0.665959
0.681991
0.676327
0.685433
0.677588
0.694645
0.690243
0.689001
0.685841
0.685841
0.693706
0.685433
0.690243
0.686268
0.691505
0.688364
0.694008
0.689606
0.687102
0.688771
0.697043
0.691806
0.688364
0.685203
0.689606
0.689198
0.690972
0.692641
0.690867
0.686162
0.691505
0.690243
0.686695
0.688364
0.688364
0.682168
0.691399
0.689198
0.684901
0.689303
0.692766
0.688876
0.685841
0.685433
0.682930
0.692444
0.684599
0.685433
0.685433
0.679789
0.686393
0.685131
0.685664
0.679593
0.685664
0.685664
0.688397
0.680532
0.685362
0.677497
0.679291
0.685362
0.677090
0.679291
0.671019
0.677090
0.680230
0.676788
0.679396
0.680230
0.676788
0.678989
0.684331
0.667254
0.682662
0.664751
0.671354
0.668851
0.657649
0.655146
0.652944
0.666151
0.650034
0.650974
0.656637
0.653707
0.650264
0.650671
0.646802
0.648168
0.645133
0.650902
0.645770
0.646907
0.645238
0.639062
0.640429
0.639292
0.635724
0.636026
0.643464
0.640429
0.647032
0.642630
0.632458
0.638227
0.648701
0.638529
0.636328
0.644600
0.642932
0.643766
0.646499
0.647866
0.632991
0.635297
0.627682
0.629989
0.621415
0.619319
0.612006
0.614740
0.608774
0.610443
0.608242
0.603130
0.606573
0.604904
0.607105
0.601868
0.604070
0.599667
0.608472
0.606270
0.611205
0.597998
0.593294
0.603767
0.602401
0.597059
0.603110
0.605331
0.615075
0.603537
0.601868
0.604904
0.599667
0.605738
0.607512
0.603130
0.606573
0.606573
0.609306
0.600501
0.603662
0.608472
0.604070
0.608472
0.607210
0.601566
0.611205
0.603340
0.602933
0.605541
0.599490
0.596027
0.600837
0.603038
0.596967
0.595726
0.596665
0.587257
0.590292
0.591961
0.587151
0.585890
0.581488
0.601067
0.590594
0.594996
0.589760
0.590824
0.590930
0.584451
0.576179
0.580581
0.582783
0.572717
0.581521
0.579445
0.566166
0.573906
0.570036
0.570976
0.564905
0.565740
0.568775
0.562172
0.570976
0.583953
0.570976
0.562704
0.565011
0.565970
0.560838
0.554465
0.547152
0.543690
0.550293
0.548092
0.547790
0.539518
0.548730
0.539216
0.539019
0.527002
0.524906
0.524906
0.526575
0.517469
0.514965
0.510669
0.513297
0.511096
0.509834
0.518533
0.509427
0.514236
0.514236
0.503461
0.507863
0.508094
0.498277
0.490413
0.491353
0.491353
0.491353
0.489152
0.485282
0.481517
0.479868
0.478606
0.475676
0.463357
0.466623
0.454783
0.454356
0.463055
0.462221
0.452687
0.454481
0.445249
0.454586
0.442319
0.453219
0.447148
0.457195
0.451551
0.446314
0.453325
0.446314
0.447254
0.449882
0.451249
0.444218
0.440348
0.443509
0.448745
0.439639
0.436176
0.437136
0.429803
0.437346
0.426269
0.422399
0.405251
0.399410
0.394207
0.369088
0.374555
0.358951
0.358116
0.352985
0.349240
0.343274
0.340255
0.338268
0.336861
0.333656
0.330938
0.329900
0.332194
0.327309
0.329717
0.330119
0.322665
0.328468
0.323468
0.323657
0.323582
0.322430
0.323847
0.324649
0.322408
0.322809
0.321318
0.320779
0.319288
0.318537
0.320567
0.317522
0.318537
0.320355
0.318325
0.319529
0.316961
0.317287
0.315734
0.317763
0.317953
0.315659
0.319771
0.315711
0.316651
0.317666
0.314621
0.312053
0.312855
0.314811
0.311840
0.316090
0.311015
0.314060
0.315075
0.315688
0.315877
0.312833
0.313635
0.315264
0.313848
0.310189
0.310855
0.312007
0.309765
0.314226
0.310166
0.311182
0.309817
0.308802
0.310969
0.310218
0.307787
0.306560
0.309129
0.308590
0.309393
0.306750
0.307151
0.305735
0.309393
0.308114
0.309530
0.307099
0.308515
0.309393
0.305471
0.308515
0.307151
0.305735
0.304720
0.309795
0.308166
0.306274
0.304508
0.306538
0.308114
0.309129
0.307925
0.311583
0.311182
0.312334
0.310992
0.312621
0.312007
0.314037
0.314037
0.311818
0.314788
0.314862
0.312833
0.312007
0.311870
0.310992
0.314862
0.312643
0.315688
0.317477
0.318968
0.316250
0.320522
0.320522
0.318704
0.318165
0.319317
0.320733
0.319317
0.322287
0.317689
0.319719
0.320733
0.318704
0.317689
0.319719
0.317477
0.317953
0.317477
0.316726
0.316726
0.314696
0.315900
0.314621
0.312855
0.315900
0.316915
0.315424
0.317316
0.310614
0.312855
0.315900
0.312855
0.315636
0.313796
0.316726
0.316726
0.316651
0.317689
0.320332
0.320544
0.320005
0.317235
0.319816
0.321582
0.324627
0.321318
0.322883
0.322832
0.326891
0.328043
0.326627
0.325876
0.326702
0.330709
0.330308
0.328755
0.330520
0.331346
0.331346
0.332149
0.332286
0.324969
0.331747
0.330119
0.330732
0.332974
0.329505
0.330870
0.330468
0.329104
0.333777
0.329052
0.336391
0.334361
0.334648
0.335663
0.341162
0.338730
0.339746
0.338656
0.333656
0.338042
0.333369
0.334057
0.336701
0.335611
0.336087
0.337641
0.337102
0.337239
0.337589
0.342686
0.337187
0.343701
0.341746
0.342761
0.343512
0.341694
0.344337
0.341500
0.345776
0.345776
0.347881
0.347341
0.350662
0.346602
0.348632
0.349542
0.345375
0.345564
0.343169
0.345777
0.343535
0.344549
0.345026
0.343535
0.345776
0.347039
0.344549
0.347039
0.351441
0.341907
0.342784
0.345370
0.344641
0.341500
0.339452
0.339452
0.339529
0.338627
0.338489
0.339635
0.341836
0.336704
0.335020
0.336437
0.334544
0.335422
0.337664
0.332028
0.331741
0.331815
0.331127
0.331202
0.329573
0.330864
0.331815
0.331291
0.328748
0.337362
0.329361
0.334024
0.328134
0.329763
0.328134
0.327733
0.329900
0.330302
0.329900
0.327257
0.327120
0.331928
0.326369
0.325857
0.326294
0.326483
0.322963
0.323364
0.322963
0.323226
0.322218
0.321598
0.319970
0.319356
0.320956
0.320560
0.318605
0.319408
0.317303
0.317780
0.316289
0.318318
0.317091
0.318107
0.316077
0.317281
0.315727
0.315515
0.312682
0.313749
0.311243
0.311645
0.310418
0.310682
0.308652
0.309856
0.307562
0.309592
0.308365
0.307826
0.306599
0.308629
0.307614
0.304093
0.303532
0.304948
0.301743
0.298813
0.310071
0.297047
0.295344
0.295608
0.298389
0.296010
0.294381
0.293366
0.292329
0.292117
0.291291
0.289261
0.291079
0.288648
0.288436
0.288298
0.287208
0.287208
0.290041
0.287473
0.287398
0.288201
0.286647
0.285844
0.286171
0.285632
0.282777
0.284331
0.281286
0.282565
0.283368
0.282754
0.280799
0.280724
0.280248
0.281527
0.282330
0.278482
0.277731
0.275627
0.278196
0.277181
0.273861
0.275203
0.276619
0.275467
0.274377
0.275392
0.274165
0.273816
0.271786
0.272325
0.269544
0.270020
0.270559
0.269544
0.269596
0.270209
0.268506
0.268506
0.269521
0.266878
0.265249
0.270726
0.262417
0.268082
0.268484
0.267331
0.267733
0.265840
0.264688
0.265089
0.265491
0.265015
0.264000
0.264401
0.262985
0.265416
0.265279
0.263386
0.264665
0.265817
0.263249
0.262022
0.260605
0.262022
0.262423
0.260394
0.260795
0.258152
0.261598
0.257940
0.259568
0.258954
0.258341
0.260371
0.258605
0.257590
0.256024
0.257378
0.254735
0.255273
0.255463
0.255463
0.254236
0.255515
0.253221
0.251266
0.253697
0.253697
0.255463
0.257091
0.255537
0.253772
0.255537
0.258106
0.257567
0.256076
0.256478
0.257355
0.252418
0.254448
0.254236
0.255463
0.252470
0.251994
0.254500
0.253273
0.253273
0.250153
0.249328
0.248789
0.248841
0.248577
0.248766
0.247138
0.247539
0.246737
0.246524
0.247803
0.245297
0.246714
0.241714
0.243669
0.244472
0.244070
0.245487
0.242706
0.242631
0.242230
0.241616
0.241743
0.241880
0.240865
0.242683
0.238010
0.237396
0.235229
0.237184
0.239140
0.236972
0.235344
0.236221
0.233578
0.230935
0.235132
0.234169
0.232139
0.232351
0.233291
0.232753
0.233154
0.234570
0.231852
0.232328
0.229897
0.230298
0.231239
0.231101
0.232254
0.228057
0.230700
0.228057
0.231767
0.227231
0.228246
0.226216
0.228034
0.226141
0.228034
0.229049
0.225391
0.228034
0.231692
0.227019
0.228435
0.224989
0.227420
0.226216
0.226141
0.227019
0.224588
0.228435
0.224588
0.226944
0.226617
0.224376
0.227420
0.224376
0.223149
0.226193
0.225655
0.225981
0.224428
0.225178
0.222610
0.225201
0.223149
0.224915
0.227420
0.223974
0.225178
0.223149
0.221595
0.223361
0.227959
0.225391
0.224588
0.227231
0.225677
0.223384
0.223573
0.227231
0.224186
0.222369
0.225413
0.225677
0.226216
0.223384
0.225201
0.224450
0.224588
0.224588
0.222420
0.219301
0.223361
0.223149
0.221595
0.219353
0.218338
0.219755
0.219892
0.222398
0.219755
0.220293
0.223413
0.221595
0.218338
0.219755
0.219353
0.222398
0.221383
0.217323
0.220104
0.218338
0.219278
0.220293
0.220293
0.217248
0.221383
0.222398
0.219278
0.219278
0.221308
0.221308
0.220907
0.221331
0.222346
0.220104
0.222885
0.226193
0.224399
0.221543
0.222156
0.225201
0.222156
0.224588
0.221141
0.224186
0.222156
0.225603
0.223922
0.223384
0.224399
0.225413
0.223384
0.227042
0.226428
0.224937
0.223384
0.225012
0.221354
0.222907
0.220127
0.220127
0.227042
0.224134
0.225700
0.226852
0.225837
0.223406
0.224822
0.225224
0.226239
0.225224
0.222369
0.225224
0.223733
0.223119
0.223997
0.226239
0.224610
0.222907
0.221618
0.220127
0.221141
0.222982
0.218573
0.221944
0.222346
0.222346
0.220104
0.222134
0.218074
0.219353
0.216847
0.215219
0.216710
0.217323
0.217248
0.217323
0.210947
0.218528
0.217513
0.216710
0.221119
0.216279
0.220293
0.219353
0.215483
0.218338
0.219353
0.221595
0.218877
0.217248
0.220104
0.217248
0.216286
0.216286
0.217513
0.215271
0.216021
0.216498
0.216021
0.213241
0.211136
0.213642
0.213166
0.212954
0.212415
0.216475
0.214445
0.214709
0.213218
0.210649
0.210099
0.211590
0.212129
0.209824
0.211188
0.215460
0.215196
0.209560
0.216475
0.213430
0.212605
0.211188
0.212129
0.211114
0.210363
0.211165
0.207582
0.207370
0.207771
0.208385
0.209400
0.213408
0.215999
0.214445
0.213642
0.212627
0.213642
0.211613
0.214657
0.214255
0.216211
0.211613
0.211400
0.210649
0.211188
0.213694
0.212415
0.214445
0.212226
0.218263
0.219089
0.219301
0.216870
0.216256
0.221141
0.221618
0.217885
0.225860
0.227488
0.226422
0.235602
0.236966
0.238215
0.241472
0.237435
0.235996
0.239752
0.240852
0.244321
0.242556
0.244184
0.242905
0.243117
0.249229
0.247813
0.248287
0.247624
0.250267
0.255903
0.260410
0.256751
0.255123
0.260395
0.266280
0.267800
0.267507
0.267106
0.270001
0.272504
0.270303
0.268634
0.266493
0.274810
0.268739
0.267070
0.265402
0.261105
0.260432
0.259863
0.261230
0.259395
0.256751
0.253759
0.256729
0.251304
0.251624
0.251304
0.251018
0.251230
0.251092
0.252297
0.250881
0.248237
0.248851
0.250055
0.248162
0.250055
0.246397
0.247813
0.249441
0.250244
0.248289
0.246397
0.245434
0.245571
0.245972
0.244556
0.245972
0.245571
0.249017
0.246185
0.246988
0.245359
0.248002
0.246397
0.249601
0.252584
0.254372
0.262294
0.259343
0.259956
0.259863
0.259863
0.263838
0.261657
0.259134
0.262597
0.257365
0.260928
0.254509
0.254554
0.255921
0.256756
0.253418
0.248851
0.248776
0.251322
0.249865
0.249548
0.247452
0.251217
0.252245
0.253418
0.254962
0.260395
0.260395
0.267070
0.264567
0.260395
0.262898
0.268437
0.270211
0.272202
0.276906
0.278877
0.288943
0.287149
0.285480
0.289652
0.289652
0.296754
0.304902
0.313174
0.305204
0.309324
0.310973
0.312766
0.312234
0.314008
0.311294
0.315270
0.309199
0.315375
0.308897
0.312464
0.306393
0.305132
0.305559
0.302523
0.299488
0.303890
0.302523
0.310671
0.303463
0.305664
0.306499
0.302629
0.300960
0.303161
0.305362
0.306729
0.304120
0.300020
0.299895
0.303463
0.304298
0.315500
0.311203
0.309199
0.310565
0.317471
0.318305
0.316636
0.322175
0.324678
0.325407
0.326241
0.323206
0.325709
0.335756
0.335880
0.329383
0.321945
0.322904
0.322904
0.326879
0.325105
0.326472
0.322904
0.325940
0.322904
0.326241
0.324041
0.338082
0.330112
0.329277
0.332313
0.344757
0.338153
0.349356
0.353403
0.351025
0.357167
0.362509
0.365032
0.366274
0.360807
0.375275
0.373606
0.378718
0.383422
0.385518
0.378080
0.386050
0.388554
0.383317
0.379020
0.391694
0.387719
0.385945
0.384559
0.377548
0.387187
0.388429
0.384453
0.394927
0.396701
0.391057
0.385820
0.387187
0.393560
0.396701
0.401832
0.402561
0.406306
0.420045
0.405597
0.402968
0.418573
0.400767
0.405597
0.402561
0.406536
0.397857
0.400163
0.397535
0.397962
0.403199
0.391891
0.399329
0.400696
0.400163
0.402666
0.398797
0.404460
0.405702
0.400465
0.399099
0.411241
0.408402
0.427449
0.423047
0.422515
0.431214
0.431621
0.432154
0.428711
0.429243
0.422745
0.417206
0.417206
0.414171
0.418146
0.413211
0.422745
0.415182
0.420846
0.416976
0.421786
0.425248
0.421378
0.417508
0.414473
0.419282
0.428514
0.419282
0.416674
0.423277
0.416674
0.412804
0.421076
0.415005
0.417206
0.419407
0.410603
0.412804
0.416372
0.415413
0.411135
0.406306
0.405899
0.415945
0.416372
0.409342
0.410708
0.415537
0.410603
0.414473
0.415005
0.419282
0.415715
0.421786
0.416674
0.415715
0.416674
0.419177
0.425248
0.416976
0.422640
0.421786
0.421786
0.422745
0.419710
0.421378
0.416674
0.416674
0.418573
0.415945
0.418980
0.407265
0.411241
0.407371
0.411773
0.411471
0.411471
0.410637
0.401530
0.398087
0.401530
0.407299
0.398495
0.401530
0.410637
0.402062
0.405098
0.401228
0.413902
0.405098
0.406465
0.401228
0.408666
0.395991
0.403127
0.395689
0.397056
0.394855
0.394855
0.399257
0.394428
0.393186
0.389316
0.392155
0.387753
0.388285
0.385250
0.390894
0.390486
0.383581
0.389652
0.377917
0.384521
0.382319
0.383048
0.385250
0.389652
0.383048
0.387451
0.380847
0.389652
0.395315
0.395618
0.388712
0.390361
0.387753
0.392155
0.383048
0.396557
0.397924
0.388285
0.388285
0.386511
0.392155
0.386491
0.385250
0.386084
0.393522
0.387753
0.390913
0.392155
0.390894
0.381380
0.387451
0.380118
0.383581
0.385782
0.386189
0.381912
0.381078
0.382319
0.380118
0.383988
0.387451
0.381380
0.381149
0.392155
0.392562
0.394658
0.394126
0.401031
0.400322
0.402398
0.402293
0.406162
0.410032
0.413902
0.408968
0.406767
0.412943
0.409908
0.409500
0.414310
0.412109
0.415269
0.411807
0.403961
0.404494
0.407529
0.404067
0.398423
0.408062
0.401458
0.403232
0.406800
0.406498
0.394356
0.400959
0.396557
0.396557
0.399718
0.390894
0.385250
0.394356
0.395315
0.394888
0.398758
0.391853
0.391853
0.390486
0.394054
0.395848
0.400125
0.392385
0.401919
0.387983
0.400959
0.397924
0.401261
0.396025
0.402628
0.397819
0.394356
0.400020
0.399060
0.395618
0.395492
0.400322
0.399488
0.396025
0.405664
0.403890
0.398226
0.400427
0.404724
0.401261
0.407332
0.406091
0.408594
0.401689
0.408594
0.397694
0.413936
0.404829
0.398758
0.404829
0.401899
0.404829
0.400959
0.400657
0.398456
0.404100
0.398456
0.402859
0.400657
0.401597
0.407261
0.403391
0.402859
0.402859
0.408930
0.411965
0.406728
0.410296
0.406301
0.405894
0.401190
0.407793
0.401190
0.408201
0.411663
0.408930
0.408095
0.417504
0.411025
0.415835
0.418338
0.420007
0.422208
0.419067
0.429114
0.427747
0.419475
0.430250
0.433818
0.432044
0.437582
0.434547
0.437050
0.443016
0.442287
0.448358
0.443956
0.440387
0.445217
0.444790
0.445217
0.442694
0.444488
0.446794
0.445552
0.436748
0.442924
0.440316
0.432878
0.438115
0.431617
0.434245
0.434777
0.441255
0.438220
0.442215
0.436978
0.443989
0.442924
0.442517
0.441985
0.441985
0.446794
0.452031
0.450861
0.442694
0.453594
0.464475
0.452122
0.460802
0.459967
0.466039
0.480578
0.483312
0.473975
0.480986
0.488318
0.481715
0.490821
0.490414
0.483278
0.493325
0.493325
0.497195
0.488922
0.492792
0.498456
0.491123
0.487680
0.494993
0.494586
0.491425
0.501899
0.500959
0.505769
0.513206
0.511432
0.500959
0.511432
0.500427
0.510066
0.503160
0.505663
0.507332
0.510493
0.509231
0.510066
0.519297
0.511005
0.512372
0.507562
0.507970
0.513206
0.510900
0.507030
0.520539
0.516137
0.522510
0.530480
0.524711
0.529842
0.532043
0.528476
0.536215
0.531918
0.532220
0.539553
0.544789
0.541754
0.544789
0.541754
0.546458
0.550328
0.550328
0.550328
0.548127
0.545092
0.560394
0.548252
0.550861
0.548660
0.551695
0.553469
0.549901
0.552529
0.555033
0.558193
0.554625
0.566340
0.555867
0.555033
0.566340
0.560696
0.564139
0.565098
0.560269
0.561530
0.560269
0.560696
0.559737
0.568311
0.568311
0.568311
0.577845
0.576885
0.575945
0.580650
0.587023
0.593626
0.590183
0.595295
0.595597
0.599060
0.592154
0.606070
0.598225
0.601793
0.598633
0.597391
0.598758
0.600426
0.608271
0.604829
0.596859
0.607739
0.602503
0.606392
0.602503
0.612036
0.609001
0.602397
0.604598
0.612036
0.608876
0.615479
0.607634
0.610242
0.609835
0.612036
0.606905
0.609533
0.605965
0.609533
0.612036
0.615072
0.613278
0.608876
0.617575
0.618107
0.607101
0.617575
0.610564
0.618941
0.617575
0.620610
0.619776
0.621445
0.623646
0.620610
0.615374
0.621142
0.620716
0.614645
0.616438
0.615604
0.613508
0.609533
0.606905
0.624283
0.608041
0.621142
0.617575
0.623751
0.624178
0.621248
0.624283
0.619047
0.614237
0.615906
0.621852
0.626681
0.620485
0.632752
0.628350
0.634421
0.627943
0.635788
0.632752
0.630019
0.630978
0.636215
0.637582
0.630551
0.631918
0.635380
0.633285
0.623646
0.631511
0.632752
0.641024
0.631918
0.628882
0.632858
0.630249
0.632858
0.627214
0.628580
0.627214
0.632043
0.621142
0.631616
0.628580
0.633515
0.633817
0.630354
0.627214
0.626379
0.622082
0.630887
0.630887
0.629645
0.633088
0.623042
0.629520
0.636018
0.626912
0.632148
0.635289
0.630479
0.633088
0.630052
0.635289
0.625650
0.633088
0.632983
0.638325
0.634882
0.632148
0.632983
0.646064
0.638646
0.641255
0.633817
0.641255
0.639586
0.636550
0.638752
0.641255
0.643456
0.642622
0.635184
0.637385
0.639586
0.642622
0.641787
0.640118
0.628384
0.632379
0.623679
0.638148
0.638982
0.639816
0.642852
0.631846
0.640953
0.643988
0.642727
0.640526
0.643259
0.636550
0.641787
0.641255
0.656025
0.650059
0.644823
0.645657
0.650467
0.638646
0.639586
0.652260
0.643456
0.644823
0.642622
0.640013
0.647024
0.646189
0.641360
0.640953
0.638857
0.641485
0.641058
0.642852
0.642320
0.647129
0.650697
0.641787
0.649225
0.644928
0.643561
0.651426
0.648390
0.647556
0.656768
0.651958
0.645053
0.651229
0.639922
0.642123
0.642123
0.647359
0.640881
0.644856
0.636479
0.640881
0.637845
0.639620
0.642655
0.639620
0.642248
0.640579
0.640986
0.637116
0.641519
0.635855
0.635448
0.635448
0.638056
0.639850
0.637649
0.642051
0.640257
0.634613
0.637649
0.633247
0.642051
0.644252
0.636407
0.642458
0.634613
0.645388
0.650731
0.644252
0.650323
0.636407
0.636814
0.644660
0.648654
0.643010
0.637347
0.646151
0.642281
0.641447
0.639778
0.646789
0.630671
0.635074
0.638517
0.631611
0.639883
0.635481
0.633812
0.627741
0.627741
0.634752
0.633510
0.634752
0.636546
0.636014
0.635481
0.631611
0.633812
0.631204
0.638215
0.635074
0.635481
0.632873
0.638517
0.637682
0.637275
0.636014
0.635606
0.633812
0.627741
0.637682
0.637682
0.635481
0.634114
0.642919
0.637682
0.639883
0.642085
0.642085
0.639476
0.640416
0.644286
0.636014
0.638215
0.642209
0.634345
0.642209
0.641355
0.640948
0.635711
0.631841
0.636244
0.634043
0.629640
0.633635
0.634575
0.634982
0.632374
0.641178
0.621066
0.628504
0.629871
0.635515
0.627670
0.632072
0.634273
0.634273
0.632906
0.641178
0.632906
0.633333
0.636776
0.636776
0.641586
0.640344
0.632906
0.633740
0.638977
0.639917
0.642545
0.636882
0.641284
0.640876
0.635213
0.628734
0.627368
0.637112
0.627066
0.629799
0.630633
0.626336
0.630331
0.634609
0.633242
0.632940
0.628538
0.634734
0.623301
0.625095
0.625095
0.622467
0.623833
0.629070
0.630437
0.619963
0.625200
0.617762
0.615561
0.619963
0.626567
0.628341
0.624063
0.619661
0.620496
0.621863
0.622697
0.621028
0.635904
0.625003
0.629833
0.622395
0.622395
0.628571
0.624294
0.625963
0.614123
0.617690
0.622093
0.623867
0.618630
0.623867
0.618630
0.616856
0.615187
0.617388
0.625233
0.623459
0.622198
0.615187
0.612152
0.631305
0.622730
0.617494
0.618026
0.617619
0.624629
0.620227
0.618558
0.613322
0.608085
0.619925
0.620760
0.616055
0.618256
0.609984
0.613125
0.608723
0.615346
0.609682
0.610924
0.605280
0.610924
0.612291
0.607481
0.603611
0.605812
0.609380
0.613782
0.607711
0.601108
0.607179
0.607711
0.611581
0.618185
0.599439
0.608651
0.608651
0.603007
0.596936
0.601746
0.601746
0.606148
0.594413
0.609289
0.604479
0.601976
0.595905
0.595905
0.605117
0.603448
0.597271
0.595070
0.601247
0.596845
0.588999
0.593934
0.600412
0.592140
0.597804
0.593402
0.592975
0.593809
0.597804
0.594341
0.594341
0.589532
0.591838
0.586602
0.594039
0.591004
0.594572
0.592370
0.588501
0.595531
0.597838
0.595209
0.589992
0.590400
0.593968
0.586530
0.592601
0.586530
0.583494
0.589671
0.592299
0.582660
0.587897
0.588731
0.583494
0.585268
0.586103
0.593968
0.584861
0.591464
0.588429
0.591057
0.584027
0.583192
0.598797
0.583192
0.584966
0.587595
0.587168
0.590203
0.582358
0.586333
0.581629
0.579020
0.582996
0.582588
0.584362
0.572115
0.585322
0.579658
0.579658
0.575788
0.574546
0.572753
0.575486
0.579888
0.575893
0.582089
0.576426
0.580421
0.577385
0.573515
0.573923
0.567852
0.574455
0.575716
0.578857
0.570053
0.571846
0.567852
0.572254
0.564409
0.571846
0.565650
0.567444
0.570053
0.576656
0.566610
0.569343
0.565881
0.570283
0.566840
0.561176
0.561176
0.571775
0.565277
0.563076
0.561407
0.564015
0.556702
0.562879
0.558904
0.557235
0.556400
0.553365
0.560802
0.552103
0.557340
0.546460
0.548661
0.557872
0.546460
0.555671
0.557872
0.554837
0.556204
0.549298
0.551499
0.550133
0.546263
0.551072
0.548464
0.555475
0.550665
0.552032
0.548569
0.553398
0.543760
0.548996
0.542498
0.539890
0.538628
0.547860
0.534758
0.546598
0.547131
0.545889
0.545054
0.536355
0.541697
0.536888
0.536053
0.533852
0.538254
0.549562
0.536053
0.534384
0.530515
0.535324
0.537525
0.528011
0.528951
0.535147
0.525508
0.527709
0.523840
0.523840
0.521638
0.526040
0.522578
0.520377
0.520377
0.524779
0.522046
0.526448
0.528242
0.524247
0.521638
0.526448
0.532111
0.522578
0.530850
0.533051
0.524372
0.517341
0.517874
0.517874
0.521547
0.525647
0.514766
0.516133
0.510062
0.507027
0.518867
0.517073
0.512263
0.507027
0.515726
0.517073
0.510470
0.508269
0.516133
0.508269
0.514465
0.514872
0.510470
0.510062
0.507861
0.506600
0.514162
0.504931
0.510700
0.508091
0.507664
0.508091
0.511659
0.502020
0.503795
0.505161
0.506955
0.507362
0.501718
0.505693
0.506121
0.500457
0.499623
0.503190
0.501522
0.494084
0.491456
0.500687
0.499018
0.502888
0.496410
0.499124
0.491686
0.497455
0.486982
0.493178
0.495786
0.489715
0.500188
0.499249
0.497580
0.491082
0.491082
0.500188
0.491614
0.484709
0.487140
0.487672
0.478034
0.477304
0.478671
0.477002
0.473133
0.466227
0.468961
0.462055
0.469493
0.468232
0.460386
0.464789
0.463954
0.459125
0.455255
0.460492
0.458416
0.462391
0.456214
0.450978
0.457154
0.460190
0.448882
0.451083
0.451917
0.454953
0.457154
0.451917
0.457686
0.450249
0.453284
0.460722
0.451083
0.447213
0.457686
0.452450
0.455485
0.446379
0.451208
0.451208
0.446379
0.456018
0.450249
0.445544
0.449841
0.445544
0.454349
0.456018
0.455183
0.452555
0.446379
0.447746
0.448173
0.451208
0.455183
0.449947
0.446911
0.450887
0.455183
0.449947
0.449112
0.448278
0.447444
0.447851
0.447444
0.444001
0.447141
0.438869
0.440236
0.436366
0.440768
0.439507
0.442970
0.437306
0.434395
0.437004
0.441406
0.435335
0.433666
0.431465
0.430631
0.427168
0.431163
0.427700
0.419855
0.425092
0.426459
0.420388
0.426459
0.424488
0.426262
0.414120
0.425126
0.412983
0.416019
0.412983
0.413923
0.409521
0.417084
0.409646
0.403575
0.411420
0.408917
0.401906
0.397202
0.406308
0.406308
0.403273
0.407675
0.406308
0.403273
0.404107
0.403273
0.404107
0.406308
0.404515
0.408510
0.402012
0.412912
0.406841
0.407675
0.403378
0.401604
0.406414
0.401177
0.398142
0.398976
0.405579
0.398674
0.399206
0.395869
0.388661
0.391697
0.388661
0.386993
0.394003
0.387098
0.386263
0.382820
0.379358
0.381559
0.374121
0.378523
0.387328
0.380725
0.370251
0.381559
0.380317
0.382926
0.383458
0.377387
0.379996
0.372985
0.376126
0.370482
0.373215
0.373215
0.368511
0.364641
0.365686
0.361409
0.370640
0.363308
0.358071
0.353774
0.357342
0.349070
0.347828
0.349195
0.343531
0.354964
0.339661
0.349833
0.342093
0.341258
0.339057
0.334353
0.336554
0.337086
0.335825
0.335418
0.335825
0.329754
0.328512
0.328512
0.321180
0.329984
0.327783
0.324748
0.320878
0.325280
0.323611
0.321108
0.320274
0.317238
0.319846
0.314203
0.316811
0.310333
0.312001
0.312941
0.317343
0.310740
0.310740
0.313474
0.308769
0.306568
0.304367
0.310970
0.302291
0.300195
0.303231
0.308040
0.304597
0.299788
0.297994
0.299788
0.295385
0.306266
0.299788
0.297994
0.303231
0.299255
0.308362
0.302166
0.308362
0.312232
0.310031
0.307829
0.301226
0.312639
0.306568
0.313171
0.306161
0.314433
0.307527
0.306161
0.306798
0.298828
0.297586
0.298953
0.313402
0.298632
0.295294
0.291017
0.299821
0.294992
0.285885
0.286845
0.288619
0.291247
0.288211
0.281713
0.280347
0.286543
0.291352
0.283080
0.277436
0.286116
0.274276
0.279085
0.280879
0.279512
0.284342
0.276069
0.283080
0.285281
0.278678
0.286116
0.280879
0.289684
0.291352
0.277009
0.280045
0.277541
0.280577
0.284552
0.276812
0.279013
0.268133
0.275676
0.267102
0.269001
0.256859
0.269231
0.253094
0.262326
0.247450
0.257923
0.255295
0.249651
0.251958
0.252792
0.252385
0.248088
0.252083
0.254691
0.252083
0.243384
0.252083
0.240348
0.248213
0.256590
0.253555
0.240046
0.240046
0.239212
0.246649
0.237010
0.240578
0.245815
0.239212
0.240046
0.244448
0.240046
0.236176
0.242247
0.245815
0.236176
0.236281
0.239317
0.236281
0.233673
0.235040
0.235874
0.244252
0.236406
0.229908
0.229074
0.226465
0.233476
0.227405
0.232642
0.227103
0.222701
0.228772
0.223108
0.227103
0.224600
0.225540
0.223339
0.221689
0.211623
0.214357
0.213522
0.215724
0.215724
0.210592
0.201078
0.208089
0.209154
0.210823
0.204450
0.202781
0.197544
0.199745
0.204147
0.193674
0.193674
0.194614
0.196408
0.193674
0.192413
0.193674
0.193674
0.187603
0.197544
0.200580
0.197544
0.200277
0.200277
0.193372
0.192945
0.195573
0.187301
0.197985
0.182702
0.183767
0.184299
0.176861
0.181264
0.176027
0.177926
0.176665
0.176665
0.172387
0.170186
0.167151
0.170186
0.172795
0.167985
0.164950
0.168925
0.164523
0.178156
0.168925
0.169759
0.171126
0.162748
0.162321
0.160653
0.169759
0.166724
0.164115
0.165482
0.168623
0.159516
0.163918
0.160988
0.160581
0.158485
0.158078
0.152414
0.154615
0.148971
0.155575
0.155575
0.162178
0.149503
0.143840
0.151705
0.149503
0.156107
0.149911
0.143840
0.148242
0.152645
0.149609
0.148242
0.148242
0.149609
0.148774
0.157047
0.153584
0.151810
0.143538
0.150141
0.152343
0.145667
0.136436
0.139064
0.135194
0.135726
0.134892
0.128394
0.125891
0.128926
0.134163
0.129353
0.130168
0.128092
0.127257
0.131962
0.130720
0.128519
0.125891
0.127257
0.129991
0.128749
0.121719
0.135760
0.126121
0.123086
0.124452
0.121824
0.118381
0.121417
0.124150
0.117120
0.115878
0.122356
0.115878
0.118487
0.115878
0.107179
0.112948
0.117048
0.108776
0.108474
0.107941
0.106272
0.108474
0.108474
0.097166
0.101070
0.094164
0.087028
0.091963
0.088822
0.089230
0.088093
0.088961
0.079447
0.070676
0.059901
0.063042
0.059599
0.060433
0.056971
0.063469
0.056438
0.060539
0.053528
0.050598
0.050598
0.053633
0.051432
0.047562
0.047155
0.045361
0.052497
0.048094
0.042858
0.045059
0.046426
0.045059
0.054698
0.049461
0.045893
0.048094
0.049356
0.048094
0.050296
0.044651
0.042431
0.045893
0.043692
0.045893
0.043692
0.048094
0.052497
0.045059
0.038988
0.047792
0.040460
0.041721
0.037017
0.033147
0.035348
0.039750
0.037655
0.031051
0.035986
0.031176
0.029383
0.035986
0.027714
0.027181
0.033785
0.031584
0.035986
0.036926
0.033483
0.031282
0.033483
0.041328
0.029613
0.037885
0.031814
0.030145
0.024908
0.033181
0.023647
0.027642
0.025441
0.025441
0.023240
0.024179
0.029009
0.025441
0.029843
0.018003
0.020310
0.018535
0.018233
0.025671
0.017399
0.016137
0.013102
0.015303
0.015303
0.011433
0.014062
0.012695
0.010599
0.014167
0.008096
0.011664
0.008628
0.008201
0.015232
0.001104
0.006803
0.004081
0.002370
0.001373
0.002552
0.001373
0.000000
0.006790
0.001530
0.003042
0.005529
0.003042
0.002778
0.005020
0.006648
0.004618
0.005822
0.006648
0.007663
0.006648
0.002588
0.006034
0.005094
0.005845
0.006860
0.006384
0.005369
0.006648
0.007875
0.007875
0.006596
0.007611
0.007210
0.007611
0.005656
0.009716
0.007686
0.006671
0.010942
0.010942
0.009663
0.010679
0.011504
0.012783
0.011504
0.014761
0.008671
0.011716
0.014360
0.013746
0.014360
0.014572
0.015586
0.015799
0.013981
0.018040
0.014382
0.017163
0.018654
0.018654
0.020420
0.020420
0.018390
0.018201
0.019692
0.019617
0.018814
0.021457
0.024502
0.018625
0.023298
0.024525
0.027094
0.027168
0.026767
0.026979
0.029221
0.026176
0.028819
0.028206
0.028819
0.028343
0.032076
0.031812
0.028767
0.031273
0.031812
0.027540
0.028229
0.029782
0.028767
0.031273
0.030872
0.033039
0.031623
0.032637
0.034880
0.033326
0.032448
0.034880
0.033062
0.034880
0.032448
0.033062
0.034077
0.030895
0.035092
0.032924
0.032850
0.034341
0.033463
0.036106
0.033062
0.034880
0.033865
0.034478
0.033675
0.033675
0.034690
0.037735
0.034902
0.035705
0.035917
0.036181
0.034902
0.036932
0.035992
0.035917
0.035917
0.037683
0.037758
0.039788
0.038773
0.038773
0.042832
0.038509
0.040000
0.037970
0.042029
0.039736
0.041765
0.040750
0.042242
0.041765
0.042379
0.040561
0.042855
0.042591
0.040561
0.041364
0.043606
0.042591
0.041576
0.043818
0.042264
0.045848
0.043893
0.044908
0.045447
0.045848
0.043629
0.045922
0.045922
0.045658
0.045658
0.045658
0.046673
0.045658
0.046886
0.047900
0.046886
0.049454
0.047900
0.045469
0.047098
0.045469
0.049127
0.048726
0.050142
0.048187
0.049741
0.049339
0.049953
0.050354
0.049953
0.050354
0.050778
0.051180
0.053611
0.052407
0.053422
0.055452
0.054913
0.055664
0.053233
0.055050
0.056679
0.053771
0.054385
0.055801
0.055612
0.058519
0.057103
0.061564
0.058255
0.058869
0.058869
0.059746
0.059672
0.060285
0.059746
0.059482
0.061512
0.059133
0.061776
0.059884
0.062791
0.060497
0.058731
0.061111
0.060899
0.062527
0.061111
0.062664
0.064557
0.065646
0.061323
0.062338
0.063353
0.063353
0.063088
0.063966
0.064717
0.064981
0.065118
0.063565
0.064717
0.065193
0.066208
0.066208
0.065193
0.069253
0.069792
0.068238
0.067762
0.066821
0.066208
0.066019
0.069063
0.067435
0.068049
0.068851
0.067974
0.067572
0.069275
0.070617
0.069677
0.072108
0.073335
0.071517
0.071041
0.070290
0.074350
0.073874
0.072056
0.070290
0.074086
0.072320
0.072320
0.072056
0.073071
0.073283
0.076569
0.078759
0.073071
0.074086
0.076328
0.075101
0.076116
0.075714
0.073283
0.077744
0.074298
0.076328
0.077417
0.078622
0.075388
0.075388
0.077343
0.076403
0.075313
0.079986
0.079184
0.081001
0.078381
0.078645
0.079986
0.080198
0.081001
0.078645
0.082228
0.081425
0.079184
0.081827
0.081213
0.082228
0.081425
0.082440
0.081213
0.080198
0.082228
0.081827
0.083994
0.081964
0.084333
0.084069
0.084470
0.084470
0.085485
0.083530
0.083857
0.086099
0.086099
0.086099
0.083266
0.085296
0.084820
0.086522
0.086924
0.088151
0.089166
0.088151
0.090181
0.088954
0.090181
0.088151
0.090181
0.090181
0.090181
0.093438
0.092211
0.092962
0.091947
0.092211
0.092211
0.092962
0.092962
0.093977
0.094166
0.093226
0.095255
0.094241
0.092211
0.093226
0.091196
0.093226
0.093151
0.095181
0.093151
0.094241
0.090720
0.092612
0.094430
0.092136
0.091385
0.090370
0.092188
0.090370
0.093203
0.091173
0.090158
0.095233
0.093415
0.092612
0.093151
0.097285
0.098111
0.096006
0.099126
0.099126
0.098111
0.096293
0.098323
0.099877
0.099338
0.098111
0.098862
0.098323
0.094051
0.095255
0.096081
0.097021
0.095066
0.094051
0.096482
0.096006
0.096270
0.094991
0.097285
0.093226
0.095181
0.097285
0.096270
0.096270
0.097021
0.096006
0.096270
0.095043
0.096482
0.093226
0.093014
0.093415
0.094642
0.092939
0.093415
0.097210
0.095043
0.095181
0.101300
0.097285
0.098036
0.094991
0.096006
0.097096
0.097096
0.098111
0.098036
0.096270
0.096006
0.097021
0.097824
0.096270
0.095794
0.097210
0.097073
0.095181
0.096270
0.096196
0.098226
0.097073
0.098489
0.097210
0.096460
0.094430
0.092400
0.096460
0.095181
0.096460
0.099028
0.094430
0.096460
0.097475
0.095445
0.094430
0.095984
0.096058
0.094028
0.096998
0.097475
0.095181
0.098088
0.095984
0.095984
0.096998
0.097073
0.095181
0.096058
0.096058
0.099103
0.095181
0.095181
0.097210
0.099028
0.097073
0.096787
0.099028
0.097687
0.096460
0.101058
0.099504
0.101271
0.099315
0.100330
0.102899
0.101609
0.099315
0.101345
0.102360
0.101609
0.102360
0.101081
0.103587
0.102572
0.105141
0.105215
0.106442
0.111661
0.104412
0.105215
0.104412
0.104200
0.105215
0.102921
0.103398
0.107647
0.105427
0.105966
0.104200
0.107457
0.106442
0.103185
0.107996
0.105427
0.104148
0.105427
0.103185
0.105215
0.107245
0.107996
0.104412
0.107996
0.107193
0.110238
0.108208
0.109298
0.111253
0.110989
0.108420
0.109298
0.109435
0.112480
0.109298
0.112268
0.111253
0.111253
0.108208
0.110238
0.108208
0.110026
0.112744
0.111253
0.108472
0.108472
0.109223
0.109487
0.110502
0.112056
0.111253
0.112268
0.113495
0.115600
0.112342
0.113093
0.110525
0.112078
0.114372
0.112480
0.111064
0.112342
0.114510
0.116402
0.114372
0.114372
0.110313
0.112342
0.113357
0.113495
0.113822
0.113357
0.112881
0.118093
0.115387
0.115600
0.116138
0.116138
0.113093
0.116402
0.114108
0.113283
0.115387
0.114372
0.115387
0.116402
0.116138
0.116138
0.115926
0.114108
0.115335
0.117153
0.115335
0.116138
0.118644
0.114320
0.117153
0.116540
0.116138
0.115123
0.115123
0.116614
0.118380
0.117365
0.119447
0.117629
0.118569
0.118432
0.116402
0.117956
0.119585
0.118168
0.115123
0.118168
0.117904
0.119183
0.119395
0.117629
0.118168
0.118168
0.119659
0.118380
0.117629
0.118380
0.121213
0.116138
0.118168
0.120198
0.120410
0.120410
0.118856
0.123455
0.121023
0.122176
0.121236
0.122038
0.121774
0.120221
0.120009
0.127113
0.123265
0.122250
0.122038
0.121637
0.121637
0.124544
0.122440
0.122440
0.124470
0.125083
0.123455
0.123667
0.123529
0.125220
0.122038
0.122979
0.124068
0.123667
0.124682
0.123455
0.123455
0.124470
0.125008
0.123053
0.123529
0.123455
0.122440
0.123053
0.124544
0.122250
0.123053
0.122440
0.123053
0.124470
0.121023
0.121023
0.124470
0.124206
0.123529
0.122440
0.125697
0.122440
0.123053
0.122440
0.122228
0.123243
0.122228
0.120410
0.122440
0.122228
0.122704
0.121425
0.123455
0.121001
0.123644
0.123243
0.124257
0.124257
0.123168
0.121138
0.124045
0.125060
0.124659
0.122016
0.124447
0.122016
0.123908
0.122417
0.120599
0.123432
0.122417
0.121402
0.123432
0.123432
0.122417
0.121402
0.123432
0.124235
0.122205
0.122417
0.121402
0.125250
0.123432
0.123908
0.121402
0.124986
0.122417
0.122417
0.124447
0.125536
0.124522
0.124659
0.125536
0.125060
0.124659
0.125536
0.128243
0.126500
0.126500
0.127514
0.130370
0.130295
0.131385
0.131385
0.130106
0.130582
0.130582
0.132348
0.132961
0.133225
0.133437
0.134452
0.133437
0.130931
0.133173
0.133437
0.130530
0.133173
0.131407
0.130393
0.131143
0.132961
0.133839
0.131946
0.133575
0.133575
0.130931
0.133575
0.132961
0.134590
0.132348
0.134452
0.134452
0.133437
0.132158
0.133649
0.134188
0.134400
0.133787
0.135679
0.135278
0.136293
0.136029
0.135278
0.135415
0.137445
0.136430
0.135014
0.133735
0.136029
0.137256
0.140300
0.137732
0.137468
0.138695
0.139308
0.141126
0.142353
0.139922
0.141149
0.144807
0.145019
0.144617
0.145982
0.147611
0.148625
0.148625
0.147823
0.147823
0.150064
0.151079
0.150064
0.150678
0.152169
0.149663
0.151429
0.150678
0.151693
0.151693
0.150678
0.150678
0.150890
0.149875
0.151693
0.150489
0.152518
0.151504
0.150890
0.151504
0.150489
0.150701
0.152518
0.152254
0.153745
0.152730
0.153745
0.154496
0.154496
0.153958
0.156738
0.155322
0.155322
0.157352
0.157564
0.157352
0.156147
0.158578
0.156624
0.156147
0.157564
0.157639
0.155345
0.158389
0.158389
0.159880
0.160419
0.159616
0.155557
0.158389
0.157850
0.160207
0.159616
0.158389
0.158676
0.161646
0.161434
0.161646
0.159215
0.158200
0.159691
0.162449
0.163487
0.160981
0.160178
0.161193
0.161268
0.158699
0.162282
0.164524
0.164524
0.163487
0.164524
0.166554
0.164736
0.163532
0.166903
0.164472
0.165889
0.165086
0.167380
0.164071
0.166577
0.165350
0.165562
0.167380
0.166101
0.166365
0.164547
0.164283
0.163532
0.165350
0.166290
0.164547
0.166502
0.167517
0.166502
0.166577
0.164547
0.166577
0.166577
0.167328
0.165298
0.165774
0.166313
0.165373
0.167328
0.166313
0.166789
0.166123
0.168417
0.168417
0.169031
0.167138
0.166789
0.167138
0.167540
0.164897
0.167540
0.167941
0.169971
0.166388
0.166123
0.169432
0.166388
0.167402
0.167752
0.169971
0.167350
0.167276
0.169782
0.169168
0.167540
0.168767
0.166926
0.168343
0.168767
0.167138
0.166789
0.168016
0.167402
0.167941
0.165722
0.166525
0.167615
0.170183
0.168366
0.167350
0.169380
0.167350
0.168366
0.168366
0.168629
0.166812
0.169380
0.167350
0.169455
0.169380
0.168366
0.166548
0.168979
0.169380
0.168979
0.168176
0.169478
0.169001
0.167396
0.167396
0.165366
0.167207
0.167745
0.172281
0.170177
0.170389
0.168835
0.169850
0.168835
0.168571
0.170601
0.171880
0.168835
0.168835
0.173646
0.169661
0.171828
0.170200
0.169397
0.170888
0.169609
0.171426
0.170624
0.173668
0.171639
0.169895
0.171449
0.174758
0.173955
0.171661
0.172676
0.174706
0.171873
0.173691
0.174517
0.174517
0.176546
0.175531
0.175268
0.171420
0.174465
0.174465
0.171420
0.171420
0.175078
0.174539
0.173525
0.174465
0.173525
0.174063
0.174063
0.173926
0.171896
0.173450
0.170480
0.171684
0.169390
0.171420
0.172435
0.169390
0.170480
0.170480
0.169465
0.173525
0.171707
0.174275
0.175554
0.173525
0.175290
0.174539
0.176971
0.173260
0.172509
0.174539
0.171495
0.174539
0.177584
0.179614
0.176569
0.174487
0.176781
0.175290
0.175554
0.174751
0.175554
0.175554
0.176305
0.176781
0.174275
0.176569
0.176305
0.176517
0.178547
0.176781
0.179350
0.176517
0.179826
0.176517
0.177320
0.177532
0.174487
0.177532
0.171707
0.174275
0.176781
0.175554
0.176781
0.171707
0.173525
0.171495
0.175078
0.171495
0.172721
0.173525
0.169465
0.171495
0.173525
0.172721
0.173525
0.172721
0.172509
0.173473
0.173473
0.174487
0.172744
0.171253
0.175313
0.172268
0.175101
0.174298
0.175313
0.175313
0.172744
0.172268
0.173473
0.174086
0.174487
0.175101
0.174275
0.174011
0.175502
0.173260
0.171230
0.173260
0.173525
0.173525
0.176781
0.172721
0.171230
0.172033
0.172509
0.171018
0.169677
0.171495
0.169390
0.168427
0.158203
0.161512
0.163754
0.161300
0.156627
0.148083
0.143250
0.139781
0.140160
0.143015
0.146484
0.148651
0.146621
0.145681
0.147711
0.148061
0.148536
0.149551
0.151581
0.152355
0.151128
0.152355
0.155612
0.155210
0.153657
0.154671
0.152642
0.158203
0.157263
0.157263
0.156460
0.159241
0.159241
0.162360
0.159717
0.162360
0.161345
0.161747
0.156999
0.155233
0.157475
0.156173
0.158203
0.154884
0.152378
0.151151
0.150061
0.151151
0.150325
0.148771
0.147894
0.148771
0.150801
0.147281
0.150325
0.148507
0.147894
0.150136
0.152166
0.150560
0.153203
0.161271
0.160892
0.163346
0.163157
0.163907
0.168793
0.167853
0.168414
0.171459
0.172147
0.171132
0.171958
0.169452
0.170541
0.172095
0.173322
0.172921
0.175025
0.174549
0.176040
0.176040
0.174761
0.174761
0.172594
0.177594
0.176791
0.176103
0.176103
0.173058
0.175564
0.172995
0.172519
0.174010
0.172594
0.172330
0.172943
0.176390
0.175512
0.173769
0.176011
0.174382
0.177851
0.176572
0.178063
0.177662
0.180707
0.176383
0.178413
0.179428
0.176383
0.176383
0.178413
0.179216
0.178063
0.178465
0.178063
0.177851
0.177639
0.175822
0.172777
0.175019
0.172490
0.161567
0.162370
0.155644
0.160317
0.157347
0.158764
0.158574
0.158712
0.158712
0.160741
0.163385
0.160552
0.163058
0.161355
0.160288
0.161303
0.160288
0.158121
0.160013
0.160151
0.158522
0.156757
0.156280
0.156280
0.154039
0.151395
0.155318
0.152622
0.152812
0.153288
0.150856
0.152009
0.154652
0.157909
0.155478
0.160764
0.158872
0.161114
0.158545
0.158545
0.160787
0.158356
0.161802
0.160385
0.161613
0.162627
0.163378
0.162438
0.164393
0.163992
0.163453
0.165007
0.164204
0.163401
0.164204
0.164204
0.167999
0.167324
0.165431
0.164015
0.166044
0.166257
0.164765
0.169089
0.167007
0.167272
0.165992
0.165992
0.167483
0.168498
0.166469
0.168498
0.165992
0.164015
0.159955
0.165780
0.164765
0.164227
0.162197
0.164227
0.163212
0.163000
0.163000
0.161985
0.160970
0.157925
0.161446
0.159204
0.163476
0.158326
0.159129
0.159341
0.161159
0.158590
0.158326
0.161159
0.158401
0.161371
0.158326
0.160970
0.161985
0.161182
0.165030
0.161446
0.164227
0.160918
0.159903
0.155918
0.158349
0.156933
0.158963
0.160993
0.159175
0.161205
0.158160
0.158160
0.157896
0.156956
0.157357
0.158911
0.161015
0.157706
0.160212
0.162030
0.159198
0.162242
0.161766
0.160826
0.161858
0.162053
0.162856
0.160826
0.161841
0.163068
0.161175
0.164083
0.162053
0.163068
0.164622
0.164295
0.165310
0.166325
0.165310
0.164834
0.163016
0.165120
0.169493
0.164106
0.163016
0.163421
0.169493
0.165659
0.165622
0.164788
0.169190
0.176201
0.160189
0.162390
0.174763
0.168390
0.166721
0.165887
0.167359
0.164218
0.166419
0.162956
0.166951
0.160755
0.164218
0.166419
0.158147
0.166419
0.160755
0.164750
0.166419
0.159513
0.166419
0.171229
0.164218
0.168620
0.173430
0.170289
0.165479
0.171123
0.166721
0.163685
0.172792
0.166721
0.170591
0.174993
0.173732
0.173732
0.172490
0.177194
0.175525
0.169330
0.168922
0.166721
0.173324
0.178863
0.174993
0.172792
0.174461
0.173732
0.179395
0.178134
0.168922
0.177194
0.177194
0.174461
0.176662
0.176254
0.172792
0.180105
0.179697
0.187970
0.184100
0.178456
0.177194
0.189869
0.182858
0.177194
0.181596
0.183265
0.185466
0.174993
0.186406
0.183265
0.183265
0.182858
0.185466
0.186406
0.189869
0.181596
0.183798
0.179395
0.185059
0.189869
0.179395
0.179395
0.182129
0.184330
0.182536
0.182536
0.179395
0.188200
0.177726
0.183798
0.185999
0.185466
0.187667
0.186301
0.186301
0.192372
0.194573
0.193633
0.191005
0.191005
0.195834
0.197076
0.192674
0.196544
0.204816
0.197805
0.196136
0.196544
0.198745
0.192142
0.204408
0.193935
0.202207
0.198745
0.194343
0.202615
0.198212
0.191734
0.202207
0.200006
0.193935
0.202207
0.189533
0.192142
0.189106
0.190473
0.188271
0.198745
0.190473
0.196136
0.194343
0.198212
0.195604
0.195604
0.198212
0.201675
0.201248
0.193810
0.193403
0.200006
0.200414
0.196136
0.190900
0.198745
0.193935
0.192674
0.191839
0.197076
0.198975
0.200217
0.188502
0.193312
0.192904
0.195105
0.193864
0.202116
0.192904
0.187260
0.195105
0.187260
0.185466
0.198975
0.198975
0.197714
0.193312
0.192372
0.197714
0.201176
0.203377
0.199507
0.207779
0.209981
0.207372
0.215625
0.204317
0.205579
0.203377
0.209021
0.214685
0.214685
0.213443
0.219087
0.221821
0.218785
0.214383
0.213424
0.214915
0.214081
0.218076
0.212820
0.212820
0.211880
0.219318
0.215323
0.220986
0.215217
0.226118
0.219922
0.222957
0.222425
0.227662
0.225887
0.230165
0.227963
0.227963
0.226189
0.229632
0.233095
0.230894
0.235704
0.229527
0.233397
0.235598
0.235598
0.238101
0.238101
0.247313
0.244705
0.249107
0.246071
0.244402
0.243141
0.243141
0.233095
0.241065
0.241899
0.234462
0.247668
0.240231
0.246302
0.252071
0.244331
0.250934
0.249140
0.250934
0.247774
0.251342
0.248733
0.256578
0.254377
0.252176
0.257005
0.254377
0.253437
0.257839
0.263076
0.257839
0.261709
0.266519
0.258674
0.268720
0.254804
0.260980
0.266644
0.260875
0.258674
0.263182
0.257538
0.256703
0.250632
0.253773
0.257446
0.256204
0.262276
0.256204
0.254943
0.261139
0.252032
0.258103
0.255902
0.258103
0.254943
0.261014
0.260607
0.260607
0.259647
0.258813
0.257446
0.262808
0.260607
0.234121
0.259240
0.263537
0.266572
0.268241
0.271152
0.266644
0.265277
0.273017
0.271651
0.275218
0.279088
0.277722
0.283792
0.283260
0.281893
0.278451
0.291532
0.279692
0.283562
0.287964
0.286065
0.289226
0.290467
0.289633
0.290060
0.294870
0.295935
0.292367
0.286296
0.287662
0.292492
0.273017
0.292065
0.287361
0.292597
0.286526
0.290094
0.284023
0.285389
0.286329
0.289365
0.287998
0.285922
0.288530
0.288123
0.290731
0.283721
0.291993
0.284253
0.282886
0.286862
0.286560
0.287394
0.279549
0.283951
0.277453
0.280488
0.285318
0.285318
0.286560
0.277755
0.280791
0.286329
0.287485
0.287893
0.288727
0.288727
0.295632
0.292492
0.284219
0.292899
0.299804
0.291427
0.296663
0.299272
0.292669
0.302308
0.298333
0.298333
0.292669
0.301775
0.303037
0.295599
0.302505
0.303037
0.302505
0.302505
0.299042
0.303766
0.300303
0.308576
0.302505
0.295901
0.292031
0.308576
0.296433
0.294232
0.300303
0.310777
0.304705
0.304705
0.302505
0.302505
0.304705
0.306374
0.305967
0.299896
0.300106
0.298970
0.298366
0.299733
0.298596
0.297229
0.300370
0.289490
0.282886
0.289063
0.288229
0.291796
0.290554
0.282157
0.288761
0.284891
0.284891
0.290252
0.279654
0.281855
0.284891
0.282690
0.277880
0.281750
0.282052
0.281520
0.283721
0.294601
0.297939
0.292295
0.296165
0.303602
0.293858
0.299502
0.294693
0.299502
0.303372
0.294568
0.298970
0.301171
0.307900
0.300869
0.296999
0.297939
0.297124
0.293129
0.293129
0.298773
0.296999
0.289969
0.295935
0.295402
0.294463
0.299272
0.298333
0.303037
0.303444
0.304705
0.309108
0.308576
0.309108
0.313812
0.311611
0.299771
0.305415
0.307209
0.313280
0.312872
0.306269
0.312340
0.314948
0.311913
0.312340
0.311913
0.310119
0.308345
0.317984
0.315783
0.317984
0.311380
0.317452
0.306978
0.313049
0.319653
0.311380
0.317452
0.312642
0.317452
0.310848
0.317452
0.310848
0.315251
0.313049
0.315783
0.311380
0.310546
0.310546
0.311913
0.304475
0.314114
0.316742
0.317682
0.315074
0.311611
0.313917
0.311841
0.312249
0.306605
0.306605
0.312249
0.303142
0.306605
0.306605
0.303569
0.303976
0.303569
0.307439
0.310047
0.303976
0.311539
0.304634
0.309036
0.300337
0.301527
0.308873
0.305962
0.297565
0.302270
0.294957
0.292203
0.291796
0.300068
0.297033
0.304471
0.301435
0.295896
0.295062
0.291724
0.295062
0.298433
0.284819
0.294563
0.293854
0.299196
0.291351
0.286219
0.293460
0.284886
0.282810
0.276312
0.282081
0.274039
0.269939
0.277502
0.275866
0.263901
0.264132
0.262358
0.257529
0.262765
0.258790
0.264966
0.255754
0.261398
0.260991
0.264434
0.272706
0.257830
0.268304
0.262127
0.262962
0.266102
0.266832
0.266299
0.265465
0.272370
0.271004
0.276240
0.271838
0.272246
0.270044
0.271838
0.264400
0.275708
0.275301
0.275708
0.268375
0.274039
0.268802
0.281477
0.276240
0.275708
0.275708
0.269531
0.276949
0.276542
0.272140
0.281674
0.279472
0.268467
0.274111
0.285845
0.286680
0.279242
0.282278
0.286680
0.281443
0.263105
0.283218
0.282153
0.283946
0.283946
0.290017
0.283414
0.286857
0.282047
0.290319
0.285917
0.287179
0.287586
0.288421
0.291029
0.297954
0.289682
0.297954
0.293551
0.302658
0.296994
0.288190
0.293854
0.292060
0.299925
0.292592
0.294793
0.294793
0.301397
0.289682
0.292823
0.291029
0.295431
0.290621
0.290621
0.291988
0.290621
0.292823
0.286219
0.287159
0.289380
0.288118
0.297863
0.286147
0.284354
0.279242
0.279650
0.285845
0.280182
0.281674
0.285116
0.284282
0.277909
0.280537
0.267134
0.270576
0.274572
0.276346
0.271234
0.273842
0.269033
0.265997
0.272068
0.269972
0.272600
0.276576
0.265268
0.262233
0.266635
0.263192
0.261931
0.269369
0.262358
0.258895
0.260367
0.259427
0.262161
0.254723
0.254723
0.259125
0.259960
0.255255
0.255663
0.259658
0.256195
0.255255
0.261859
0.253994
0.256195
0.250551
0.264467
0.256195
0.256195
0.250551
0.254953
0.253994
0.250853
0.259125
0.258166
0.260367
0.252824
0.255433
0.257529
0.260991
0.257529
0.254795
0.262233
0.268304
0.263599
0.263599
0.268002
0.268002
0.268002
0.263297
0.258895
0.257529
0.256996
0.261700
0.264328
0.268198
0.274375
0.267666
0.270274
0.264631
0.269033
0.269033
0.272600
0.266102
0.270399
0.269440
0.266832
0.265465
0.274572
0.277180
0.272778
0.273205
0.272673
0.276542
0.276542
0.275176
0.273809
0.280412
0.276542
0.276542
0.271306
0.271306
0.274873
0.271838
0.269210
0.274572
0.277180
0.270702
0.269867
0.268073
0.269440
0.265695
0.261398
0.267062
0.268534
0.266031
0.272102
0.267700
0.265091
0.268534
0.260689
0.262890
0.263297
0.262765
0.264132
0.270203
0.259729
0.260564
0.269670
0.262233
0.269138
0.263901
0.272298
0.266937
0.265163
0.266832
0.269033
0.264631
0.266832
0.266832
0.264631
0.262429
0.271109
0.266832
0.268073
0.268073
0.266299
0.274144
0.264631
0.269033
0.265997
0.271234
0.271339
0.266102
0.270505
0.268002
0.261931
0.264966
0.268002
0.269369
0.263297
0.262161
0.262995
0.260689
0.261096
0.260794
0.264789
0.262995
0.263830
0.259427
0.263830
0.262890
0.266031
0.262161
0.261327
0.260367
0.259960
0.255557
0.264362
0.256924
0.255965
0.264362
0.259960
0.261327
0.259125
0.261327
0.258593
0.258166
0.258593
0.260367
0.262995
0.260367
0.259125
0.257864
0.255893
0.258324
0.245348
0.246413
0.239915
0.234803
0.240447
0.230506
0.228535
0.228233
0.222392
0.226493
0.222196
0.218451
0.217597
0.210514
0.207709
0.201513
0.192834
0.204779
0.195974
0.190009
0.193701
0.190009
