0.705496
0.705468
0.699394
0.699331
0.701334
0.703305
0.709435
0.705336
0.705304
0.707272
0.703145
0.697043
0.703173
0.705144
0.699011
0.707084
0.711130
0.709030
0.708967
0.708935
0.690667
0.709033
0.696945
0.715311
0.725449
0.719410
0.719410
0.713374
0.709243
0.709243
0.715405
0.703255
0.715377
0.709237
0.715229
0.698863
0.714842
0.698542
0.706531
0.698332
0.710404
0.700108
0.700023
0.703997
0.701963
0.697895
0.704025
0.704025
0.712098
0.693764
0.701865
0.695704
0.701799
0.707867
0.705773
0.705710
0.703657
0.699589
0.707722
0.713786
0.709627
0.701491
0.695393
0.695459
0.699527
0.711755
0.713692
0.705496
0.703396
0.699332
0.705399
0.703365
0.701331
0.701362
0.707493
0.707401
0.709401
0.701183
0.701152
0.705217
0.707254
0.703217
0.705280
0.705223
0.705220
0.701136
0.709300
0.705185
0.707153
0.698992
0.696955
0.713192
0.700992
0.696892
0.705025
0.705056
0.705056
0.705009
0.709030
0.700944
0.698895
0.705056
0.703041
0.705122
0.705154
0.697049
0.709253
0.711256
0.709222
0.699086
0.703170
0.705220
0.699074
0.701102
0.705122
0.696990
0.705107
0.703060
0.707156
0.707090
0.711061
0.707024
0.713142
0.704931
0.698860
0.704962
0.717191
0.711001
0.696905
0.700957
0.713142
0.711092
0.710967
0.719077
0.702749
0.708819
0.702718
0.710819
0.704717
0.716918
0.708719
0.708687
0.702526
0.704557
0.704525
0.696424
0.698489
0.702620
0.696666
0.698832
0.709058
0.719260
0.713032
0.717097
0.715063
0.708898
0.708870
0.704868
0.706980
0.705059
0.709124
0.711111
0.713126
0.700988
0.704993
0.707056
0.704993
0.698863
0.700929
0.702959
0.709058
0.708967
0.706930
0.747289
0.694585
0.690536
0.700652
0.702686
0.698700
0.698797
0.692856
0.703026
0.697002
0.705154
0.715289
0.703060
0.711190
0.709061
0.713032
0.702834
0.702768
0.698650
0.698584
0.702589
0.700520
0.704619
0.712689
0.696326
0.702397
0.698360
0.696392
0.700457
0.708562
0.708558
0.710592
0.698395
0.708590
0.706591
0.704497
0.702523
0.712755
0.702651
0.706723
0.700797
0.715016
0.715003
0.714950
0.710756
0.718826
0.714726
0.698395
0.708593
0.704494
0.706399
0.708433
0.698263
0.706462
0.704425
0.718596
0.710467
0.706525
0.716597
0.706525
0.708590
0.706433
0.712529
0.740813
0.702331
0.708430
0.698263
0.704362
0.706396
0.706367
0.704333
0.718515
0.700196
0.706279
0.704201
0.708313
0.706251
0.716383
0.706166
0.706188
0.706169
0.698021
0.702089
0.698049
0.706188
0.704151
0.706185
0.700086
0.706188
0.704214
0.706248
0.710319
0.706251
0.702246
0.704280
0.702246
0.706314
0.712384
0.708269
0.710288
0.710379
0.706314
0.704333
0.702299
0.710435
0.710432
0.708398
0.706336
0.706345
0.708364
0.710442
0.706345
0.708379
0.710464
0.710467
0.708464
0.710498
0.708527
0.700391
0.706528
0.702491
0.702526
0.706622
0.710721
0.712752
0.706685
0.706845
0.702862
0.708933
0.705028
0.699102
0.697172
0.703337
0.711435
0.711501
0.705496
0.709593
0.713664
0.713664
0.699398
0.701460
0.699398
0.701494
0.701526
0.711658
0.703525
0.703462
0.703522
0.707559
0.697395
0.707593
0.705559
0.705528
0.707559
0.703462
0.699394
0.705434
0.705430
0.705399
0.701303
0.703337
0.697203
0.699234
0.703268
0.697232
0.699203
0.697197
0.707335
0.697169
0.699203
0.701268
0.689005
0.701265
0.701234
0.701234
0.697200
0.697232
0.699266
0.703365
0.699234
0.699262
0.701237
0.701237
0.703302
0.699234
0.703302
0.701268
0.707339
0.709401
0.707367
0.693069
0.697106
0.705270
0.705220
0.703092
0.694952
0.707090
0.704993
0.694761
0.698797
0.698766
0.702834
0.702749
0.688483
0.700621
0.692485
0.696518
0.696455
0.698489
0.692387
0.698489
0.702494
0.696392
0.700397
0.692328
0.694421
0.696458
0.696521
0.694487
0.694487
0.696550
0.698555
0.694487
0.708719
0.694456
0.694456
0.694519
0.698650
0.708816
0.698653
0.702718
0.690517
0.702718
0.700683
0.702686
0.694522
0.692548
0.698653
0.696637
0.694616
0.698700
0.694604
0.696637
0.706785
0.698672
0.704802
0.690570
0.696682
0.706848
0.700705
0.694670
0.698747
0.688599
0.696748
0.704880
0.696732
0.702815
0.704865
0.696716
0.700781
0.694666
0.694613
0.698587
0.702620
0.694487
0.692422
0.694484
0.694424
0.696421
0.694390
0.696421
0.692390
0.702589
0.694487
0.694519
0.690485
0.702746
0.702746
0.702783
0.696732
0.696748
0.694729
0.702802
0.700737
0.694632
0.694613
0.696732
0.704865
0.704833
0.690539
0.700737
0.690602
0.696700
0.694638
0.698681
0.690567
0.694666
0.696666
0.688483
0.694582
0.690507
0.690451
0.684289
0.686160
0.684097
0.696295
0.690262
0.694393
0.696584
0.694582
0.696763
0.698895
0.703026
0.713286
0.713224
0.705088
0.709159
0.701086
0.701152
0.707304
0.705336
0.707367
0.713384
0.709190
0.707125
0.699020
0.694952
0.703007
0.696892
0.696858
0.698829
0.702799
0.696615
0.698587
0.704651
0.698552
0.710627
0.696326
0.692227
0.692167
0.704425
0.696295
0.704459
0.700360
0.708499
0.702397
0.700394
0.706528
0.698426
0.704525
0.708593
0.700492
0.692356
0.702491
0.694358
0.694355
0.690228
0.700492
0.700523
0.704560
0.708656
0.694393
0.698458
0.694453
0.692419
0.700586
0.692516
0.704685
0.702651
0.694582
0.704780
0.694679
0.702739
0.702749
0.700765
0.700797
0.702799
0.698703
0.700768
0.704833
0.694666
0.700800
0.698766
0.702862
0.696763
0.702865
0.711029
0.706933
0.704931
0.704896
0.694701
0.698797
0.704880
0.698763
0.694732
0.698782
0.696732
0.696732
0.700768
0.702834
0.694729
0.696779
0.704943
0.702928
0.698800
0.702834
0.700863
0.696858
0.696798
0.690696
0.700831
0.698797
0.698797
0.696700
0.694670
0.692632
0.688568
0.694732
0.692730
0.696810
0.692793
0.698926
0.700992
0.692922
0.703104
0.703088
0.701026
0.699020
0.696974
0.703092
0.696990
0.696958
0.694890
0.698958
0.696864
0.704997
0.698923
0.694745
0.692632
0.694666
0.696637
0.694604
0.700705
0.696669
0.690570
0.698703
0.694698
0.696700
0.692667
0.700847
0.696842
0.696858
0.696861
0.700894
0.688696
0.709058
0.702931
0.700894
0.690649
0.694698
0.702834
0.700797
0.694666
0.700753
0.702780
0.700768
0.702768
0.698621
0.694550
0.700680
0.692551
0.692548
0.698681
0.702768
0.702783
0.696685
0.702749
0.702686
0.698618
0.700555
0.690422
0.686323
0.696521
0.696518
0.698524
0.688326
0.690388
0.698555
0.696518
0.692387
0.688288
0.690290
0.694358
0.692328
0.694390
0.702491
0.694264
0.686097
0.694233
0.692133
0.688065
0.696201
0.700243
0.690099
0.685918
0.677750
0.691972
0.679847
0.677901
0.681997
0.663827
0.674122
0.686420
0.704865
0.696763
0.696763
0.700866
0.696861
0.700926
0.698797
0.694795
0.698989
0.700992
0.688794
0.690727
0.700768
0.696678
0.706688
0.706528
0.692199
0.692001
0.673682
0.681771
0.685804
0.683704
0.691875
0.696018
0.685726
0.687791
0.673588
0.671557
0.665634
0.686222
0.696581
0.692664
0.686835
0.719420
0.694984
0.701089
0.695072
0.684999
0.687162
0.693104
0.693164
0.680935
0.681029
0.685160
0.697395
0.683406
0.695763
0.701963
0.697895
0.693830
0.697926
0.697829
0.697832
0.691601
0.673368
0.683402
0.669187
0.679338
0.679290
0.693550
0.659083
0.683384
0.671384
0.693874
0.689614
0.693670
0.689551
0.679341
0.693635
0.695704
0.691699
0.691730
0.683585
0.689699
0.687775
0.693972
0.702302
0.692296
0.692378
0.706644
0.696606
0.686471
0.690636
0.700771
0.694764
0.680617
0.688784
0.694883
0.692912
0.682840
0.694861
0.680680
0.682566
0.688699
0.692947
0.681120
0.707549
0.691155
0.701400
0.679032
0.693138
0.687040
0.684940
0.697172
0.687036
0.682937
0.688910
0.684877
0.682780
0.695062
0.672692
0.682843
0.690991
0.682745
0.682748
0.686845
0.692849
0.684663
0.686779
0.698929
0.676646
0.684748
0.690875
0.690875
0.694861
0.678533
0.690605
0.686439
0.688410
0.678149
0.678181
0.688231
0.678143
0.692378
0.684248
0.686310
0.686323
0.686345
0.672157
0.688511
0.678501
0.686842
0.689008
0.681151
0.697448
0.713651
0.699740
0.691698
0.693736
0.693880
0.685992
0.704179
0.697838
0.685474
0.689413
0.699548
0.691221
0.683003
0.658752
0.682972
0.674987
0.701302
0.688960
0.686974
0.682827
0.648520
0.693299
0.689073
0.679086
0.687407
0.699737
0.681532
0.667354
0.685974
0.706339
0.702211
0.690095
0.701985
0.677310
0.687187
0.664562
0.668564
0.678904
0.674679
0.670771
0.684971
0.689039
0.682987
0.687134
0.687285
0.677149
0.687121
0.683025
0.678907
0.688929
0.684701
0.688637
0.676288
0.680293
0.670158
0.664028
0.678146
0.675898
0.665669
0.657536
0.671771
0.669605
0.663572
0.665603
0.665895
0.653779
0.670060
0.670142
0.670337
0.684443
0.672211
0.674465
0.670513
0.674744
0.687024
0.664788
0.685150
0.689284
0.689347
0.685411
0.695578
0.695575
0.681441
0.691692
0.695820
0.693578
0.679372
0.695641
0.679341
0.689347
0.675244
0.683346
0.677212
0.681085
0.668756
0.670626
0.658463
0.686716
0.672497
0.672208
0.676338
0.674254
0.672220
0.688410
0.682311
0.684279
0.674113
0.672176
0.682311
0.686373
0.680306
0.686408
0.680372
0.684537
0.686842
0.687055
0.669208
0.677709
0.708552
0.712717
0.704644
0.692629
0.708926
0.721073
0.751381
0.720913
0.700548
0.692481
0.694515
0.698486
0.678149
0.678086
0.676052
0.688155
0.690127
0.673795
0.683974
0.675826
0.690120
0.679812
0.681796
0.685813
0.687863
0.685813
0.691739
0.685653
0.693673
0.685537
0.691604
0.683377
0.685380
0.687410
0.697451
0.699514
0.685279
0.693321
0.687121
0.689092
0.687071
0.689058
0.682956
0.682874
0.682874
0.690975
0.686813
0.694915
0.682714
0.680648
0.690812
0.680617
0.690812
0.686719
0.690793
0.684631
0.680535
0.688696
0.684628
0.682472
0.684471
0.684437
0.686439
0.682343
0.690491
0.684374
0.692475
0.678118
0.684185
0.690262
0.686068
0.688130
0.681937
0.683874
0.685873
0.687876
0.679712
0.698024
0.691890
0.683695
0.685726
0.691762
0.691733
0.689696
0.693733
0.689618
0.709901
0.697653
0.697637
0.699621
0.707656
0.697395
0.697364
0.697235
0.689067
0.693069
0.693019
0.688920
0.697056
0.703088
0.697018
0.691070
0.711353
0.707270
0.699058
0.694858
0.690709
0.696732
0.698653
0.692485
0.688385
0.692387
0.690228
0.708379
0.698231
0.718320
0.693796
0.705877
0.705651
0.707590
0.703460
0.703425
0.705406
0.711382
0.709219
0.711250
0.715255
0.700954
0.708911
0.706874
0.708848
0.694582
0.710781
0.706619
0.710687
0.708587
0.702469
0.708477
0.704393
0.710379
0.702180
0.706214
0.704032
0.701938
0.710099
0.718169
0.722143
0.717946
0.703648
0.707653
0.705629
0.715720
0.715572
0.707471
0.709471
0.713507
0.703211
0.699175
0.715409
0.721398
0.715327
0.713234
0.713293
0.719364
0.709197
0.711297
0.709345
0.733712
0.725466
0.711310
0.715359
0.711410
0.723642
0.707506
0.725768
0.725610
0.713293
0.723334
0.699027
0.711099
0.719074
0.719137
0.721108
0.729094
0.706842
0.712973
0.719043
0.708876
0.721043
0.720958
0.708678
0.716799
0.720926
0.712825
0.696676
0.729210
0.719071
0.713199
0.737597
0.727497
0.737660
0.733561
0.723432
0.725466
0.719508
0.723526
0.733630
0.731530
0.735598
0.719446
0.719606
0.723642
0.729804
0.727739
0.723689
0.735812
0.729433
0.729496
0.713199
0.721461
0.729527
0.735504
0.729402
0.717232
0.725463
0.735629
0.729644
0.705374
0.733856
0.711621
0.729936
0.737940
0.733743
0.735629
0.727462
0.721401
0.723460
0.737534
0.715293
0.731593
0.731530
0.727399
0.729402
0.741571
0.739628
0.735535
0.739568
0.733470
0.727399
0.725400
0.725500
0.737761
0.746070
0.746104
0.733938
0.764224
0.727742
0.727902
0.725931
0.735906
0.737937
0.740115
0.762593
0.748509
0.768632
0.752109
0.737761
0.709373
0.713472
0.713507
0.747861
0.739697
0.727497
0.717622
0.719980
0.744199
0.736161
0.744325
0.728028
0.722045
0.726239
0.736374
0.732181
0.744476
0.717852
0.729996
0.731904
0.717411
0.723463
0.733598
0.721464
0.711313
0.727644
0.725657
0.721703
0.725532
0.727594
0.725525
0.729596
0.729769
0.719637
0.729773
0.729804
0.735661
0.703208
0.725494
0.725642
0.723639
0.717795
0.714073
0.724466
0.712381
0.751203
0.743007
0.732680
0.724271
0.728015
0.723768
0.717512
0.715456
0.701275
0.721605
0.727497
0.713136
0.703095
0.719477
0.707506
0.713683
0.727852
0.723737
0.713586
0.730143
0.724045
0.717946
0.711941
0.728241
0.730373
0.742731
0.722451
0.708122
0.718235
0.722206
0.712073
0.722045
0.715733
0.711539
0.701498
0.695679
0.720140
0.732530
0.714541
0.722951
0.755482
0.708650
0.672425
0.731517
0.725305
0.715189
0.719288
0.723334
0.721291
0.733469
0.759499
0.730873
0.726578
0.708361
0.706650
0.729049
0.706911
0.731523
0.733648
0.733875
0.715786
0.738122
0.717722
0.731907
0.742187
0.693450
0.722142
0.710156
0.722290
0.744689
0.704560
0.730989
0.739219
0.741190
0.725050
0.685289
0.705965
0.722541
0.678115
0.720507
0.706465
0.732708
0.703902
0.718103
0.740159
0.721598
0.709187
0.670523
0.686839
0.699086
0.699297
0.675465
0.734189
0.738128
0.727958
0.725795
0.705298
0.723519
0.727311
0.709074
0.699102
0.723519
0.719568
0.723485
0.733526
0.697018
0.705056
0.705217
0.798251
0.737056
0.714692
0.710787
0.706754
0.729216
0.723016
0.714884
0.690790
0.707785
0.700171
0.738936
0.751291
0.742969
0.728738
0.734717
0.690230
0.740850
0.730523
0.730523
0.728489
0.681931
0.702463
0.716685
0.728895
0.718794
0.718876
0.725072
0.749891
0.721281
0.729395
0.735270
0.728989
0.724761
0.720602
0.696203
0.696675
0.719008
0.706996
0.690570
0.722925
0.674242
0.674581
0.680809
0.696914
0.707213
0.738027
0.711711
0.725688
0.682987
0.679344
0.719941
0.707646
0.709649
0.715940
0.734145
0.689444
0.643986
0.691126
0.749847
0.725851
0.748024
0.735518
0.725543
0.702890
0.697046
0.721447
0.719476
0.719316
0.715075
0.702582
0.720510
0.677684
0.601031
0.630066
0.717656
0.658372
0.743688
0.695470
0.721629
0.643417
0.730375
0.740152
0.707363
0.691192
0.664923
0.713562
0.699164
0.700875
0.654175
0.664568
0.640610
0.637038
0.760485
0.697071
0.700764
0.710771
0.660157
0.692223
0.653644
0.746751
0.693999
0.704298
0.611138
0.696888
0.783000
0.806402
0.781692
0.749432
0.738992
0.749275
0.761394
0.698218
0.660132
0.707775
0.712195
0.743597
0.822912
0.614281
0.817477
0.698689
0.712257
0.715018
0.692279
0.657375
0.674593
0.680824
0.697039
0.726848
0.681962
0.679739
0.683905
0.666152
0.684304
0.688777
0.673436
0.746275
0.729787
0.695285
0.697410
0.708193
0.729689
0.689054
0.682776
0.691430
0.719843
0.667271
0.713581
0.662848
0.658767
0.669315
0.701981
0.681455
0.614146
0.667155
0.689796
0.736627
0.718136
0.718391
0.704511
0.710664
0.676535
0.664237
0.451698
0.741730
0.729721
0.681946
0.760837
0.639276
0.706133
0.662143
0.749626
0.718837
0.805729
0.693672
0.718733
0.693109
0.733936
0.669487
0.659418
0.707472
0.632373
0.557867
0.861419
0.729000
0.704599
0.710635
0.695932
0.675907
0.639892
0.702763
0.690141
0.627660
0.697827
0.637167
0.694178
0.735068
0.713256
0.645155
0.635881
0.709563
0.661036
0.630329
0.705592
0.690012
0.631118
0.652030
0.686919
0.718535
0.729443
0.727636
0.739902
0.653041
0.738245
0.772571
0.715922
0.651781
0.699776
0.746604
0.671149
0.672114
0.691684
0.678921
0.630234
0.528378
0.605933
0.700282
0.661637
0.641728
0.653567
0.655243
0.685177
0.625038
0.702065
0.731644
0.625909
0.759352
0.696484
0.557592
0.688738
0.754900
0.789497
0.739006
0.751112
0.747286
0.810044
0.874119
0.866071
0.679559
0.620382
0.654859
0.452976
0.664305
0.648200
0.684026
0.598920
0.657801
0.680470
0.557967
0.564930
0.647587
0.774643
0.778035
0.678097
0.702917
0.617323
0.637817
0.671788
0.655456
0.720566
0.732672
0.718890
0.655346
0.640096
0.676792
0.755231
0.797608
0.754134
0.652168
0.686343
0.724313
0.678166
0.661756
0.704551
0.701596
0.617153
0.807671
0.637552
0.579139
0.720917
0.607609
0.625968
0.687597
0.743027
0.651164
0.712743
0.649599
0.683648
0.540182
0.703714
0.735824
0.566042
0.630491
0.626169
0.672309
0.651956
0.727927
0.642192
0.720021
0.569463
0.464614
0.689363
0.739323
0.605772
0.647631
0.649878
0.635640
0.579774
0.674229
0.559686
0.671092
0.635380
0.639756
0.538415
0.629850
0.444063
0.753642
0.721171
0.689715
0.554975
0.551316
0.688897
0.596459
0.534010
0.927667
0.887959
0.758026
0.702983
0.665611
0.791280
0.636949
0.676884
0.808998
0.508947
0.236790
0.412244
0.493801
0.588728
0.708644
0.684472
0.478003
0.702884
0.668860
0.592044
0.356726
0.641626
0.478578
0.674409
0.321764
0.574194
0.604836
0.549082
0.709706
0.777623
0.638637
0.548708
0.465346
0.371635
0.505397
0.299365
0.477468
0.553753
0.549779
0.687184
0.481070
0.508801
0.602873
0.670224
0.619588
0.622832
0.646238
0.357043
0.427194
0.947187
0.512294
0.654244
0.471329
0.625156
0.635914
0.752750
0.580570
0.535643
0.577794
0.507309
0.613491
0.574883
0.510086
0.321998
0.486090
0.729293
0.522318
0.565858
0.525970
0.656708
0.549023
0.475121
0.648157
0.689031
0.586273
0.485354
0.528699
0.562465
0.769645
0.574899
0.580488
0.595713
0.542597
0.720905
0.615836
0.591488
0.672395
0.510802
0.595877
0.794034
0.824886
0.548985
0.825392
0.524892
0.410213
0.097191
0.526728
0.642432
0.360734
0.421282
0.473099
0.568133
0.514222
0.549453
0.470779
0.471122
0.579689
0.188138
0.726066
0.550063
0.633157
0.802162
0.471364
0.589199
0.542515
0.767632
0.228173
0.012228
0.565507
0.167433
0.586794
0.765963
0.516095
0.593219
0.792118
0.612399
0.447958
0.608874
0.742962
0.758200
0.578069
0.714553
0.646489
0.543768
0.556082
0.529842
0.292411
0.498122
0.556368
0.660918
0.405301
0.499798
0.606649
0.504186
0.615498
0.661305
0.542593
0.618221
0.482479
0.594907
0.562405
0.454261
0.531942
0.590569
0.667621
0.591367
0.425481
0.359525
0.660604
0.691711
0.612097
0.798563
0.600139
0.152340
0.424739
0.394861
0.486889
0.829100
0.601396
0.623436
0.414531
0.535111
0.651735
0.576246
0.443912
0.353385
0.372927
0.622939
0.582970
0.613564
0.554843
0.550589
0.453914
0.512349
0.711427
0.552054
0.404703
0.560599
0.555667
0.591921
0.559553
0.512460
0.288549
0.486071
0.554871
0.710038
0.113018
0.514525
0.537024
0.585900
0.571942
0.646941
0.552564
0.849958
0.686693
0.379091
0.489803
0.617287
0.591248
0.520237
0.773620
0.768247
0.822683
0.624633
0.747011
0.773943
0.753213
0.492427
0.594412
0.518422
0.522645
0.622816
0.371404
0.560900
0.610772
0.414395
0.514474
0.564003
0.608515
0.363404
0.491629
0.667900
0.485678
0.459200
0.452495
0.378187
0.232105
0.656335
0.090280
0.231105
0.193880
0.199074
0.609456
0.457043
0.479102
0.474616
0.349651
0.133342
0.252124
0.461824
0.313196
0.538795
0.562762
0.421861
0.691651
0.545842
0.545255
0.664273
0.487241
0.222277
0.268835
0.593683
0.626604
0.652702
0.654296
0.546128
0.516291
0.463861
0.327314
0.394507
0.465869
0.449466
0.529118
0.553264
0.312831
0.563035
0.505493
0.461710
0.604902
0.228217
0.609863
0.551336
0.707585
0.619237
0.531258
0.568740
0.576594
0.346820
0.431103
0.591825
0.837018
0.660188
0.470340
0.275937
0.414376
0.310282
0.299916
0.604695
0.554659
0.890750
0.725149
0.504050
0.426570
1.000000
0.535506
0.219846
0.369524
0.527573
0.651539
0.615980
0.927669
0.290944
0.499047
0.860025
0.898212
0.834992
0.727761
0.634956
0.513278
0.617294
0.545564
0.526161
0.607281
0.510075
0.583125
0.562389
0.558526
0.396773
0.245385
0.522464
0.560997
0.417204
0.479320
0.500402
0.427405
0.510666
0.517765
0.354327
0.485127
0.400920
0.503329
0.624513
0.508579
0.541267
0.712872
0.758389
0.549594
0.489075
0.585499
0.575511
0.347919
0.647222
0.899840
0.733897
0.536284
0.403739
0.511147
0.821396
0.613666
0.179433
0.416084
0.499141
0.675286
0.576244
0.471970
0.445563
0.513860
0.298088
0.889073
0.707819
0.646589
0.518301
0.454929
0.442760
0.436630
0.408635
0.455577
0.445652
0.391505
0.445240
0.502411
0.457636
0.463910
0.467881
0.433523
0.439688
0.431524
0.429298
0.427038
0.426762
0.439122
0.416934
0.423102
0.415161
0.443627
0.437497
0.451675
0.437271
0.428987
0.400643
0.423071
0.423231
0.441273
0.447126
0.455196
0.428632
0.434765
0.447302
0.437431
0.457733
0.459764
0.426762
0.426925
0.429041
0.427057
0.414809
0.394988
0.445919
0.451989
0.445972
0.435774
0.435872
0.421989
0.418261
0.450732
0.452606
0.456585
0.434099
0.436048
0.426123
0.452678
0.500978
0.446001
0.468123
0.455859
0.443483
0.453489
0.427085
0.441254
0.449305
0.449305
0.443175
0.445316
0.445177
0.461392
0.453260
0.445316
0.453517
0.461584
0.453536
0.451600
0.441754
0.450292
0.466623
0.474788
0.464542
0.472499
0.470380
0.437902
0.458293
0.462298
0.462279
0.464278
0.454473
0.458689
0.462816
0.471012
0.450518
0.476661
0.447953
0.452137
0.456457
0.464819
0.472980
0.458717
0.458714
0.454589
0.450763
0.467126
0.461191
0.473514
0.475325
0.453074
0.463722
0.469952
0.471857
0.461464
0.437230
0.468003
0.439952
0.490412
0.461967
0.453803
0.454221
0.458500
0.468698
0.455001
0.463133
0.482813
0.462319
0.468421
0.424224
0.451125
0.469424
0.473429
0.459132
0.458886
0.460851
0.464740
0.450477
0.460597
0.452498
0.432388
0.452806
0.456903
0.450807
0.446997
0.453064
0.465230
0.459163
0.455256
0.445592
0.467927
0.455761
0.476155
0.478497
0.438399
0.476966
0.466705
0.460426
0.452294
0.452728
0.457220
0.441228
0.455491
0.459380
0.463331
0.438707
0.424591
0.445227
0.437257
0.445356
0.451278
0.439159
0.417637
0.466340
0.462240
0.478226
0.479955
0.447408
0.437370
0.441442
0.387109
0.439845
0.440200
0.440134
0.436097
0.429932
0.450071
0.419417
0.438128
0.446267
0.442105
0.450055
0.459980
0.429559
0.429559
0.435692
0.447861
0.421545
0.433695
0.427902
0.444202
0.406069
0.432677
0.374094
0.422934
0.435072
0.421174
0.433406
0.445396
0.441359
0.435135
0.433129
0.429099
0.405009
0.421450
0.441897
0.427760
0.436072
0.420048
0.434317
0.434380
0.438351
0.428102
0.422019
0.432136
0.430136
0.420048
0.418084
0.416323
0.440721
0.442692
0.428505
0.398143
0.419149
0.453746
0.449552
0.437175
0.445144
0.444883
0.432444
0.401847
0.420149
0.428310
0.414358
0.414487
0.430771
0.444968
0.440690
0.426396
0.430429
0.424179
0.434412
0.438480
0.462633
0.425971
0.430102
0.430121
0.409948
0.414390
0.430850
0.418879
0.439357
0.439325
0.445374
0.429190
0.433223
0.427103
0.425009
0.437144
0.430979
0.416650
0.426751
0.442821
0.430655
0.426540
0.432667
0.390315
0.418879
0.420991
0.429127
0.431252
0.429042
0.427071
0.431189
0.425220
0.441369
0.439206
0.435176
0.435110
0.439146
0.443305
0.443243
0.441212
0.435138
0.443243
0.433076
0.441205
0.437175
0.437081
0.439304
0.437351
0.439307
0.447373
0.445405
0.447521
0.445550
0.439545
0.439548
0.437581
0.427609
0.443959
0.444069
0.429900
0.448153
0.431982
0.444211
0.434050
0.436144
0.430108
0.428130
0.432261
0.436389
0.430353
0.436455
0.434487
0.430501
0.432673
0.436860
0.435018
0.431051
0.435182
0.431164
0.437216
0.435178
0.445314
0.408926
0.394826
0.390922
0.368831
0.405492
0.427923
0.413839
0.425986
0.421953
0.413754
0.421824
0.411660
0.417819
0.415819
0.417935
0.420070
0.403867
0.422132
0.422198
0.428300
0.440413
0.434185
0.424015
0.411871
0.415948
0.416033
0.404254
0.418533
0.418602
0.414663
0.414820
0.418891
0.422959
0.418888
0.418822
0.424732
0.406401
0.392232
0.400459
0.402591
0.412820
0.416857
0.414823
0.406677
0.416876
0.408661
0.408693
0.396756
0.407227
0.376941
0.401644
0.426319
0.422138
0.406067
0.396080
0.402179
0.386045
0.386237
0.386366
0.418979
0.408541
0.386108
0.396212
0.392109
0.400211
0.393996
0.387834
0.399918
0.397806
0.381754
0.396064
0.396127
0.402213
0.394125
0.384168
0.392399
0.404621
0.392396
0.392207
0.398130
0.400116
0.402097
0.398001
0.402097
0.402037
0.391927
0.396064
0.404247
0.404313
0.408359
0.408375
0.406378
0.400248
0.386303
0.406844
0.390613
0.396709
0.390802
0.405024
0.394970
0.390987
0.407202
0.405102
0.403071
0.403021
0.394935
0.400987
0.388771
0.388840
0.380817
0.378796
0.401135
0.391066
0.385045
0.399375
0.409635
0.393307
0.395372
0.393423
0.387337
0.389387
0.399506
0.401443
0.399443
0.389340
0.359103
0.391581
0.394024
0.393929
0.393847
0.406011
0.361653
0.379889
0.378223
0.396683
0.380515
0.372596
0.366783
0.394159
0.398531
0.378349
0.364472
0.378833
0.368977
0.387481
0.373268
0.361036
0.366975
0.352611
0.344654
0.356905
0.354840
0.346641
0.356824
0.348675
0.358889
0.348644
0.340543
0.344576
0.344607
0.346626
0.340539
0.342498
0.348625
0.352740
0.350659
0.348509
0.350370
0.346333
0.344349
0.352432
0.348270
0.340071
0.354274
0.360194
0.357981
0.353803
0.357965
0.357949
0.357902
0.364130
0.366113
0.364080
0.360062
0.362193
0.362341
0.376620
0.376557
0.370505
0.370411
0.366327
0.364309
0.362247
0.338131
0.344349
0.314208
0.328568
0.353212
0.343237
0.355519
0.323444
0.339605
0.323378
0.331592
0.323588
0.356185
0.322230
0.350876
0.332629
0.320460
0.318653
0.333129
0.347298
0.315091
0.333324
0.303358
0.338103
0.330033
0.321934
0.245288
0.334764
0.316889
0.333120
0.294279
0.286715
0.327473
0.291311
0.305823
0.290029
0.292333
0.264568
0.293031
0.317674
0.267589
0.314141
0.300135
0.314401
0.296181
0.277919
0.288180
0.316612
0.310509
0.310415
0.285935
0.277887
0.294181
0.259843
0.278368
0.291056
0.305385
0.307577
0.347775
0.306769
0.288359
0.302496
0.266039
0.271961
0.280047
0.284109
0.296247
0.304295
0.285803
0.291877
0.291937
0.293939
0.287903
0.281836
0.281676
0.287649
0.269296
0.273477
0.291651
0.295517
0.291305
0.295241
0.309167
0.284706
0.288815
0.260273
0.282669
0.290755
0.284769
0.290837
0.288721
0.278541
0.290786
0.307178
0.315150
0.318897
0.306568
0.290302
0.292346
0.318586
0.279733
0.285621
0.287523
0.311843
0.289365
0.297432
0.293248
0.295301
0.321714
0.305414
0.297190
0.305320
0.309419
0.291252
0.289658
0.326285
0.320281
0.336480
0.315958
0.316153
0.326313
0.309938
0.320155
0.316153
0.332384
0.322201
0.318118
0.340271
0.315772
0.313581
0.323651
0.329721
0.349791
0.325245
0.321048
0.318954
0.322937
0.331054
0.326936
0.318740
0.316791
0.320903
0.329055
0.337263
0.329118
0.333167
0.323082
0.308948
0.329265
0.329250
0.345449
0.337266
0.349372
0.353371
0.330907
0.326873
0.330875
0.332849
0.326810
0.316807
0.329184
0.327360
0.325505
0.337772
0.341868
0.333751
0.321588
0.309633
0.321962
0.311921
0.324188
0.316115
0.324201
0.328206
0.322170
0.324540
0.324653
0.318394
0.306197
0.303955
0.310233
0.314490
0.324691
0.318495
0.326656
0.354880
0.314053
0.271597
0.296288
0.298567
0.329209
0.355559
0.355348
0.341051
0.324622
0.310265
0.322472
0.322525
0.326656
0.324625
0.330752
0.338772
0.322528
0.314521
0.310519
0.320865
0.328998
0.304839
0.317152
0.319397
0.333632
0.337744
0.321711
0.337891
0.329790
0.321739
0.275379
0.279802
0.321063
0.343465
0.347480
0.321179
0.303009
0.307385
0.309657
0.301820
0.350632
0.348520
0.362509
0.342044
0.343870
0.345543
0.323116
0.318856
0.318872
0.325033
0.322952
0.320808
0.314644
0.318677
0.320742
0.330846
0.320676
0.324810
0.325052
0.313144
0.345643
0.339413
0.333166
0.327005
0.331041
0.343286
0.343239
0.332912
0.310607
0.329004
0.319117
0.291056
0.261399
0.335486
0.354056
0.356222
0.340201
0.356495
0.348268
0.328048
0.293904
0.312461
0.343056
0.355159
0.356901
0.344153
0.321591
0.311088
0.274910
0.339956
0.337665
0.329416
0.319252
0.321399
0.335759
0.333760
0.368209
0.422293
0.336046
0.292990
0.298749
0.314820
0.316741
0.308658
0.295036
0.332072
0.332349
0.320343
0.328658
0.365141
0.332726
0.367203
0.378901
0.349966
0.311302
0.311113
0.297007
0.297155
0.246988
0.279827
0.304599
0.361575
0.379473
0.371095
0.352566
0.346178
0.327812
0.317435
0.331381
0.315014
0.224491
0.357250
0.357215
0.340774
0.308293
0.316747
0.313119
0.329532
0.335631
0.327790
0.323707
0.309459
0.317554
0.315492
0.325627
0.325527
0.335514
0.317186
0.317152
0.323222
0.266648
0.311606
0.327916
0.342232
0.364229
0.331449
0.331302
0.173211
0.228235
0.259719
0.335662
0.441287
0.391751
0.336363
0.351871
0.310688
0.298280
0.310481
0.314238
0.301911
0.305944
0.314401
0.352849
0.346269
0.331629
0.297001
0.293238
0.158263
0.326400
0.423440
0.330126
0.278198
0.467301
0.371289
0.402685
0.274545
0.275013
0.340267
0.333665
0.288742
0.258650
0.297689
0.313869
0.298368
0.318327
0.246940
0.316457
0.261124
0.291524
0.265218
0.190042
0.098133
0.332778
0.298654
0.251762
0.256861
0.282410
0.291127
0.303152
0.270583
0.262498
0.266581
0.302778
0.260388
0.238671
0.266298
0.288184
0.335547
0.358351
0.285738
0.386167
0.296012
0.234238
0.182606
0.240331
0.267568
0.027319
0.358398
0.289689
0.378339
0.357534
0.321966
0.258976
0.212934
0.214371
0.185628
0.135187
0.188278
0.223129
0.217681
0.280904
0.294582
0.288012
0.256037
0.324485
0.277185
0.210611
0.240111
0.283503
0.348631
0.354045
0.349238
0.263456
0.262007
0.290599
0.349257
0.300586
0.253968
0.254783
0.296075
0.289942
0.225464
0.272843
0.297455
0.343812
0.292218
0.196460
0.337433
0.281620
0.260636
0.270269
0.259473
0.279121
0.249910
0.237257
0.210715
0.223104
0.245534
0.245717
0.261951
0.241938
0.210026
0.244654
0.111568
0.197995
0.232758
0.221154
0.362461
0.294582
0.273362
0.210237
0.233201
0.221249
0.245710
0.060291
0.187004
0.470695
0.406579
0.301055
0.249838
0.251563
0.112473
0.159934
0.072759
0.172929
0.247435
0.337816
0.297545
0.389851
0.371595
0.290680
0.207127
0.193458
0.252927
0.321743
0.290564
0.251987
0.177500
0.238256
0.224169
0.208566
0.219786
0.264678
0.238120
0.181967
0.193071
0.205545
0.066989
0.229547
0.351133
0.267353
0.198449
0.057781
0.078105
0.294876
0.342651
0.307190
0.142293
0.073714
0.314641
0.283688
0.269346
0.279105
0.241814
0.239372
0.276870
0.249793
0.174467
0.191333
0.252974
0.271286
0.293459
0.288876
0.206419
0.247567
0.239472
0.326587
0.192706
0.277517
0.226897
0.231496
0.248252
0.287303
0.305958
0.339039
0.274156
0.288633
0.252782
0.232917
0.268079
0.317413
0.330101
0.225573
0.350645
0.348680
0.366665
0.450542
0.370532
0.316395
0.234514
0.242612
0.271075
0.301007
0.306750
0.263829
0.233653
0.260311
0.317131
0.338568
0.307310
0.270001
0.249859
0.282424
0.316615
0.299721
0.287586
0.309646
0.279196
0.273223
0.298030
0.300875
0.311391
0.304326
0.317306
0.309494
0.350560
0.229833
0.238886
0.292823
0.379677
0.326621
0.344210
0.252357
0.241596
0.243480
0.276205
0.280239
0.250065
0.231772
0.111101
0.236670
0.258458
0.327827
0.297138
0.242385
0.234692
0.230706
0.271627
0.287211
0.228024
0.266120
0.272784
0.275466
0.247135
0.268031
0.321747
0.374615
0.328994
0.249345
0.127272
0.167823
0.201067
0.161230
0.201929
0.211426
0.215525
0.240905
0.199238
0.201190
0.211565
0.229801
0.155559
0.221225
0.235988
0.172937
0.051357
0.194735
0.218360
0.233695
0.273991
0.152034
0.124172
0.190111
0.224644
0.188479
0.165112
0.160965
0.038367
0.158843
0.170519
0.218850
0.016306
0.052762
0.206771
0.230893
0.207558
0.160368
0.045399
0.104617
0.089958
0.019391
0.156648
0.183680
0.240185
0.109778
0.213397
0.314445
0.226874
0.097703
0.165739
0.196802
0.135172
0.181865
0.133864
0.158828
0.202274
0.214472
0.323194
0.228194
0.078944
0.077045
0.125597
0.086259
0.138976
0.145125
0.165440
0.206434
0.138533
0.128458
0.247717
0.137848
0.052704
0.023857
0.148024
0.155497
0.114600
0.048560
0.172337
0.111396
0.125722
0.186069
0.077108
0.192919
0.180376
0.142790
0.140319
0.150177
0.109448
0.129718
0.158181
0.174365
0.158213
0.122136
0.200697
0.179618
0.106329
0.128760
0.135280
0.158153
0.148112
0.109479
0.051935
0.094417
0.073955
0.002197
0.145575
0.172023
0.179033
0.072474
0.178458
0.141975
0.176524
0.149894
0.034397
0.033658
0.077312
0.092206
0.175697
0.127387
0.181459
0.103936
0.148278
0.139676
0.109226
0.121343
0.137482
0.132459
0.073058
0.036799
0.030820
0.012771
0.135086
0.128431
0.154068
0.096718
0.116627
0.084373
0.050443
0.149812
0.117523
0.138469
0.154863
0.162783
0.151909
0.122908
0.083722
0.073543
0.110123
0.098381
0.131352
0.115328
0.117457
0.111663
0.118296
0.137215
0.135681
0.150437
0.155087
0.179739
0.143628
0.119635
0.103794
0.136208
0.140308
0.177674
0.119714
0.124885
0.209548
0.133040
0.118353
0.142188
0.179875
0.128935
0.150812
0.142566
0.156568
0.132267
0.110472
0.159752
0.153528
0.185748
0.167546
0.195333
0.182482
0.119975
0.166685
0.156084
0.127555
0.116983
0.155210
0.173136
0.152658
0.136068
0.105508
0.112110
0.148643
0.182897
0.172645
0.158565
0.162695
0.170860
0.114418
0.185890
0.167505
0.177575
0.171363
0.159093
0.152837
0.160853
0.195110
0.178747
0.158140
0.194522
0.173629
0.169253
0.191087
0.158405
0.154337
0.178644
0.176431
0.144009
0.156339
0.170571
0.180741
0.176638
0.178515
0.184466
0.158097
0.170347
0.168169
0.172168
0.174239
0.166003
0.173928
0.159813
0.149935
0.168509
0.178886
0.160555
0.180869
0.171108
0.191552
0.173375
0.155754
0.184004
0.149882
0.170423
0.168241
0.175821
0.138967
0.150517
0.107722
0.148260
0.176802
0.182369
0.137816
0.170326
0.111887
0.163431
0.177760
0.135194
0.139272
0.155204
0.168820
0.076492
0.137423
0.210147
0.089388
0.193416
0.168857
0.137124
0.180787
0.203123
0.151155
0.131629
0.181318
0.215980
0.114065
0.138495
0.212246
0.080201
0.155251
0.171274
0.164342
0.010471
0.179787
0.231853
0.139177
0.111050
0.250835
0.152685
0.214321
0.171491
0.114467
0.131714
0.082018
0.169353
0.174989
0.085334
0.238652
0.201862
0.118277
0.132229
0.149233
0.068072
0.146306
0.155828
0.238375
0.184945
0.164206
0.040416
0.152813
0.113813
0.087368
0.149123
0.161534
0.149462
0.133797
0.120103
0.123092
0.178761
0.223219
0.222292
0.239699
0.135784
0.114771
0.134146
0.199667
0.073595
0.071722
0.128277
0.175640
0.138487
0.156784
0.146281
0.145728
0.063639
0.067965
0.129270
0.155149
0.166668
0.062971
0.031861
0.097692
0.025813
0.119729
0.108760
0.125400
0.222858
0.149019
0.059929
0.242267
0.090593
0.095390
0.175850
0.178773
0.158896
0.190776
0.109338
0.080385
0.095255
0.085789
0.001572
0.127933
0.099618
0.115667
0.142036
0.100694
0.059964
0.049571
0.014534
0.095000
0.026194
0.072290
0.075302
0.167830
0.072472
0.046939
0.089734
0.183605
0.102699
0.015323
0.089322
0.062419
0.082083
0.102288
0.038517
0.120515
0.012912
0.122709
0.152659
0.006656
0.080011
0.025876
0.149056
0.060879
0.083469
0.124815
0.145083
0.066000
0.077242
0.093636
0.119421
0.089213
0.121241
0.075113
0.188532
0.131216
0.114605
0.091807
0.119751
0.077201
0.097289
0.058936
0.107550
0.113618
0.117346
0.093074
0.121379
0.113536
0.113715
0.083671
0.128450
0.134759
0.143055
0.149204
0.130939
0.130694
0.136580
0.114234
0.116396
0.102567
0.109062
0.137994
0.123891
0.134495
0.180641
0.053639
0.114180
0.134982
0.011151
0.192848
0.130049
0.171747
0.146962
0.103001
0.092218
0.137110
0.077546
0.134164
0.059574
0.124356
0.039385
0.004886
0.035267
0.127138
0.136933
0.009505
0.061409
0.004418
0.001942
0.039571
0.033178
0.086253
0.065857
0.140077
0.064059
0.031186
0.035725
0.138898
0.071708
0.078209
0.254156
0.133824
0.154975
0.052554
0.110064
0.031095
0.024722
0.090284
0.169873
0.116191
0.078614
0.254869
0.046255
0.136534
0.262046
0.307617
0.075068
0.137800
0.210077
0.197445
0.201296
0.116479
0.152927
0.002407
0.036805
0.169624
0.121657
0.109117
0.044690
0.043637
0.067001
0.048723
0.051506
0.137643
0.203677
0.141056
0.014365
0.060461
0.364946
0.113203
0.090580
0.192685
0.043125
0.022270
0.007650
0.094084
0.041483
0.135612
0.101808
0.091289
0.317580
0.035611
0.030437
0.049857
0.106595
0.136316
0.035048
0.061342
0.003750
0.184789
0.000234
0.071433
0.022539
0.129601
0.067680
0.171714
0.154937
0.077291
0.126086
0.035224
0.336876
0.024511
0.049003
0.067708
0.033564
0.114957
0.057679
0.042569
0.070351
0.092386
0.104404
0.109212
0.000880
0.114756
0.010282
0.027993
0.049899
0.185247
0.011787
0.158592
0.033078
0.048761
0.082559
0.063671
0.145536
0.070169
0.132006
0.044315
0.144308
0.037636
0.024532
0.051621
0.008021
0.167570
0.000000
0.107815
0.065958
0.011474
0.534046
0.338137
0.390125
0.090030
0.011472
0.108000
0.246794
0.081866
0.250101
0.211097
0.037523
0.106463
0.097750
0.279535
0.197135
0.003222
0.125977
0.069788
0.279875
0.005054
0.284867
0.145513
0.045380
0.353504
0.029535
0.126796
0.058935
0.109980
0.065292
0.256162
0.535801
0.046710
0.057955
0.048272
0.207780
0.525445
0.177711
0.133596
0.027869
0.047150
0.212691
0.206907
0.008895
0.376771
0.184958
0.095496
0.206206
0.114363
0.141383
0.613737
0.305761
0.315334
0.193571
0.097909
0.004746
0.250495
0.063269
0.074439
0.017268
0.191613
0.765528
0.021718
0.064750
0.122704
0.032920
0.180937
0.303661
0.153716
0.566133
0.445459
0.155933
0.156750
0.021137
0.116778
0.239933
0.296601
0.643471
0.423158
0.196791
0.439137
0.078042
0.183629
0.054822
0.213151
0.016026
0.184553
0.237556
0.413500
0.165339
0.117683
0.131840
0.103716
0.086224
0.130199
0.041382
0.084495
0.260668
0.019672
0.390347
0.005086
0.111205
0.005446
0.211272
0.098847
0.234265
0.358790
0.406471
0.196623
0.136455
0.278161
0.231129
0.079725
0.037011
0.411533
0.013248
0.211778
0.307343
0.649116
0.138714
0.405289
0.453659
0.071236
0.154360
0.222999
0.124026
0.269886
0.465378
0.023630
0.169049
0.129577
0.012648
0.181008
0.118134
0.201099
0.053295
0.300937
0.497900
0.021649
0.367429
0.090726
0.165739
0.070412
0.197406
0.029734
0.063531
0.212678
0.305974
0.175390
0.143346
0.333424
0.296593
0.106496
0.548092
0.083365
0.176119
0.425176
0.355396
0.233263
0.267130
0.003788
0.271006
0.135380
0.048817
0.176358
0.276718
0.136619
0.266061
0.206259
0.303132
0.201283
0.074330
0.579876
0.386136
0.169390
0.152744
0.226429
0.384126
0.253487
0.324906
0.373784
0.109559
0.212176
0.263513
0.232038
0.305490
0.139846
0.207246
0.314528
0.349634
0.485426
0.319980
0.062931
0.286483
0.271604
0.260274
0.288794
0.332127
0.229903
0.013345
0.307443
0.138758
0.155774
0.207676
0.207073
0.365314
0.113196
0.206492
0.201110
0.164533
0.222512
0.196542
0.239790
0.283003
0.147157
0.330011
0.288825
0.352033
0.350470
0.270771
0.224958
0.332699
0.281497
0.442556
0.299168
0.095696
0.283868
0.138777
0.343837
0.218435
0.127563
0.428874
0.120942
0.245027
0.269539
0.128654
0.228655
0.326632
0.180556
0.424533
0.231129
0.283340
0.090024
0.219991
0.485254
0.268536
0.382876
0.164065
0.201958
0.242459
0.389799
0.263595
0.030694
0.171607
0.204420
0.268977
0.260582
0.288973
0.442748
0.145847
0.157604
0.250660
0.335971
0.431486
0.323796
0.332073
0.459683
0.339983
0.038439
0.167249
0.082639
0.001935
0.179525
0.185881
0.232804
0.111743
0.144485
0.222163
0.275439
0.077399
0.224345
0.231204
0.067465
0.100093
0.184281
0.114428
0.281541
0.257828
0.198261
0.238045
0.163388
0.153423
0.191990
0.117437
0.130741
0.328273
0.155891
0.515616
0.006150
0.237696
0.079081
0.130242
0.173914
0.054830
0.221029
0.250583
0.164489
0.146497
0.086906
0.175382
0.077770
0.286147
0.136815
0.194979
0.392413
0.269403
0.122092
0.004596
0.152609
0.300441
0.292991
0.253196
0.030429
0.048865
0.131465
0.080795
0.203107
0.174153
0.281165
0.129264
0.105111
0.301404
0.451730
0.131443
0.227539
0.239929
0.008096
0.215188
0.177375
0.128903
0.382046
0.171887
0.227901
0.242893
0.301140
0.389786
0.255849
0.085677
0.401226
0.287361
0.086441
0.349248
0.437470
0.290961
0.225930
0.017657
0.203987
0.145841
0.159937
0.310354
0.023095
0.265552
0.264880
0.329345
0.016552
0.312167
0.333362
0.188884
0.189702
0.229391
0.186986
0.221337
0.331140
0.226344
0.346095
0.161173
0.191736
0.248181
0.186240
0.236562
0.337399
0.184200
0.303120
0.291554
0.275599
0.249931
0.285794
0.352652
0.299479
0.230063
0.060444
0.216998
0.290793
0.214558
0.274647
0.246391
0.122734
0.287677
0.232446
0.201886
0.187557
0.101831
0.203115
0.228371
0.267183
0.219635
0.214149
0.247701
0.287912
0.178075
0.103531
0.161297
0.240641
0.239273
0.233174
0.209134
0.235887
0.202950
0.120230
0.140526
0.140862
0.145483
0.138353
0.244554
0.189212
0.332049
0.247254
0.183317
0.186370
0.211755
0.189378
0.155269
0.135146
0.143722
0.204436
0.174769
0.166759
0.141307
0.147956
0.172609
0.180924
0.181358
0.179848
0.151527
0.139267
0.141363
0.131134
0.110756
0.114655
0.082108
0.100102
0.089756
0.079432
0.081432
0.069068
0.065079
0.069052
0.075120
0.071115
0.079184
0.073001
0.077122
0.119490
0.072630
0.100936
0.068097
0.064063
0.056106
0.070596
0.092690
0.078700
0.078845
0.056512
0.090870
0.100936
0.127204
0.118940
0.058367
0.085010
0.109568
0.091693
0.149125
0.111253
0.101709
0.133287
0.107458
0.135399
0.150457
0.133698
0.188392
0.175603
0.132154
0.127413
0.142572
0.143091
0.115551
0.111921
0.081845
0.079943
0.062067
0.070361
0.056242
0.035943
0.040027
0.058128
0.037732
0.035264
0.001062
0.006638
0.004425
0.000970
0.000951
0.003265
0.007271
0.014708
0.001555
0.012752
0.018964
0.012997
0.027531
0.015660
0.040074
0.021872
0.002708
0.012337
0.018537
0.006257
0.016374
0.005862
0.001780
0.014434
0.006304
0.008244
0.010306
0.012161
0.018134
0.003521
0.003657
0.004606
0.005524
0.013257
0.005663
0.007466
0.004263
0.001951
0.068594
0.005651
0.003664
0.038129
0.048135
0.052699
0.018411
0.032709
0.028858
0.024934
0.085916
0.082316
0.070606
0.068845
0.061052
0.061426
0.029156
0.011441
0.038439
0.040897
0.049159
0.025037
0.041642
0.032736
0.129336
0.109034
0.039797
0.028033
0.038410
0.006121
0.005096
0.027200
0.020651
0.022421
0.001073
0.001520
0.025222
0.087339
0.017763
0.102551
0.011944
0.101255
0.073993
0.049934
0.004531
0.094232
0.077533
0.021090
0.000598
0.028732
0.022257
0.031968
0.057353
0.005521
0.018782
0.026915
0.116080
0.016070
0.035853
0.000842
0.000234
0.081540
0.057717
0.094014
0.168699
0.233037
0.105399
0.233650
0.123513
0.150832
0.332733
0.223527
0.144655
0.132077
0.061799
0.053943
0.122611
0.123479
0.025534
0.153910
0.056792
0.034452
0.102761
0.001700
0.044812
0.084841
0.046569
0.020195
0.002687
0.010586
0.158620
0.119924
0.161148
0.031910
0.135432
0.252098
0.189597
0.324528
0.133891
0.113246
0.099536
0.112054
0.056411
0.129360
0.066480
0.063063
0.127814
0.111306
0.081001
0.066820
0.097427
0.038322
0.142860
0.108581
0.024597
0.031844
0.114345
0.006795
0.023584
0.108934
0.000712
0.309559
0.181742
0.029555
0.051912
0.153646
0.202976
0.203511
0.238252
0.177842
0.110212
0.152520
0.044763
0.024511
0.084861
0.076952
0.045200
0.021415
0.085958
0.111875
0.057885
0.122752
0.065527
0.061060
0.197076
0.006001
0.104044
0.252367
0.087929
0.026215
0.035222
0.096408
0.037359
0.015136
0.119199
0.111795
0.047192
0.039770
0.060732
0.077742
0.126360
0.074504
0.040766
0.027501
0.002011
0.025816
0.024918
0.002548
0.004521
0.034069
0.007916
0.029642
0.004709
0.050837
0.081579
0.089998
0.089872
0.053113
0.059149
0.093355
0.046885
0.071670
0.028781
0.005160
0.006919
0.008981
0.027202
0.009095
0.013015
0.017130
0.002443
0.056479
0.054442
0.074499
0.009906
0.077099
0.037048
0.002185
0.028764
0.074687
0.056819
0.010625
0.046064
0.077708
0.069610
0.020584
0.032979
0.003546
0.057846
0.037664
0.046630
0.022392
0.080271
0.012250
0.001640
0.089947
0.010675
0.162834
0.085451
0.063653
0.066969
0.083364
0.039056
0.047224
0.005326
0.018820
0.001798
0.005678
0.026377
0.025592
0.018230
0.002549
0.065966
0.042094
0.003737
0.017113
0.004583
0.047866
0.027626
0.005619
0.003710
0.088341
0.078064
0.082600
0.066413
0.068513
0.068513
0.064675
0.089038
0.101547
0.063939
0.085099
0.081776
0.120563
0.068286
0.119440
0.134401
0.136536
0.134744
0.118573
0.098047
0.057544
0.061889
0.069990
0.078220
0.070395
0.080559
0.054372
0.054457
0.001450
0.035025
0.029175
0.029480
0.002866
0.082894
0.040134
0.041310
0.089633
0.015427
0.064111
0.015770
0.015248
0.006385
0.021253
0.167119
0.069639
0.003550
0.151800
0.022245
0.011610
0.018386
0.003938
0.029934
0.033678
0.092095
0.087650
0.002802
0.129181
0.096763
0.042110
0.148474
0.002424
0.056653
0.054590
0.001705
0.041494
0.003203
0.051821
0.043157
0.004527
0.089369
0.172096
0.129009
0.068848
0.020482
0.113428
0.100555
0.328518
0.096551
0.147875
0.067815
0.043637
0.153669
0.127595
0.108089
0.288214
0.169199
0.332367
0.287905
0.511071
0.316127
0.089177
0.286310
0.281359
0.173218
0.259611
0.380228
0.204240
0.509991
0.174863
0.196250
0.264248
0.027062
0.155598
0.097053
0.139665
0.363991
0.340419
0.346178
0.306687
0.240496
0.257591
0.177424
0.066967
0.105940
0.143514
0.310303
0.134021
0.027440
0.002830
0.060776
0.016573
0.196920
0.256491
0.139935
0.081786
0.030361
0.276718
0.097888
0.220571
0.263351
0.153102
0.049368
0.288224
0.261455
0.143300
0.179409
0.086050
0.046656
0.040536
0.264745
0.128173
0.049893
0.126986
0.001527
0.145105
0.174546
0.110349
0.210105
0.092910
0.023999
0.173946
0.175998
0.049927
0.113687
0.007227
0.124552
0.178224
0.204770
0.188036
0.199504
0.147212
0.100113
0.095577
0.113886
0.056180
0.151377
0.034391
0.129095
0.167854
0.163575
0.061691
0.069908
0.148696
0.140497
0.148517
0.116196
0.155134
0.197389
0.067601
0.118035
0.101993
0.134920
0.138900
0.100481
0.140871
0.146354
0.027176
0.094498
0.132735
0.167335
0.167577
0.147520
0.171859
0.129092
0.137146
0.157234
0.134835
0.129092
0.143392
0.139516
0.137385
0.141550
0.121235
0.135631
0.154269
0.150255
0.152443
0.140544
0.157095
0.179642
0.167617
0.169749
0.170299
0.162411
0.196970
0.176244
0.133395
0.185807
0.088261
0.126504
0.128435
0.154901
0.166923
0.180667
0.070245
0.053882
0.104291
0.116957
0.139356
0.114747
0.112829
0.133741
0.158608
0.134911
0.192000
0.165800
0.184436
0.190972
0.187360
0.191333
0.162902
0.140563
0.153339
0.111917
0.212028
0.179579
0.164307
0.123423
0.123194
0.123077
0.137230
0.114831
0.126759
0.108575
0.127032
0.122310
0.155023
0.110647
0.171820
0.161735
0.129562
0.157378
0.149622
0.161980
0.178340
0.186652
0.138280
0.160899
0.195498
0.132879
0.135284
0.165605
0.139078
0.189918
0.137167
0.119295
0.167877
0.135004
0.100558
0.118858
0.148754
0.087707
0.089483
0.085255
0.099650
0.105922
0.127934
0.111508
0.111168
0.102973
0.094871
0.096902
0.113422
0.109361
0.109411
0.125623
0.111410
0.115765
0.096038
0.143139
0.171342
0.118562
0.123083
0.145268
0.139141
0.133036
0.137380
0.113013
0.096896
0.131429
0.090634
0.111127
0.123265
0.084814
0.109125
0.098996
0.097204
0.099238
0.111615
0.107547
0.105421
0.091398
0.095594
0.097660
0.103790
0.083830
0.079995
0.104098
0.091866
0.100061
0.089737
0.084060
0.108408
0.153900
0.139857
0.125921
0.113790
0.111658
0.111234
0.113268
0.101652
0.095767
0.101931
0.110338
0.114371
0.114305
0.071884
0.086235
0.096254
0.082198
0.072456
0.110693
0.148408
0.128433
0.146345
0.127672
0.089463
0.091315
0.110168
0.147075
0.102311
0.098178
0.109979
0.099750
0.095842
0.085597
0.073377
0.093952
0.152032
0.095672
0.109662
0.089265
0.103289
0.050440
0.080790
0.068753
0.087052
0.066769
0.093122
0.077096
0.069208
0.069306
0.059529
0.077894
0.066030
0.093229
0.077919
0.142865
0.068390
0.114905
0.066014
0.076030
0.059915
0.089494
0.132160
0.085511
0.047679
0.078758
0.097187
0.064410
0.021731
0.030137
0.063011
0.022803
0.053281
0.048220
0.072960
0.103681
0.066985
0.034472
0.032753
0.031020
0.041304
0.031853
0.052363
0.050980
0.067613
0.073715
0.031438
0.034154
0.055035
0.057282
0.049392
0.080181
0.066031
0.066094
0.053576
0.024899
0.022538
0.020137
0.008178
0.000494
0.002673
0.023418
0.056333
0.037904
0.009621
0.019850
0.032296
0.016452
0.011192
0.041884
0.023421
0.000881
0.000784
0.000197
0.015989
0.000521
0.006841
0.013122
0.017413
0.005511
0.007542
0.014173
0.028096
0.001182
0.003503
0.008514
0.008232
0.009943
0.000009
0.003883
0.005462
0.017254
0.014642
0.024595
0.016220
0.009653
0.003011
0.008635
0.013346
0.017198
0.027154
0.020838
0.014645
0.010433
0.012369
0.022291
0.009848
0.003980
0.009527
0.011285
0.002249
0.019565
0.027676
0.031712
0.029597
0.014862
0.022596
0.004246
0.018411
0.028446
0.026139
0.021955
0.017698
0.021646
0.025589
0.027346
0.027186
0.022788
0.026730
0.020286
0.028179
0.007444
0.013297
0.015086
0.031012
0.032917
0.036740
0.032524
0.024168
0.036250
0.034055
0.054081
0.033345
0.024631
0.014156
0.023867
0.013420
0.017296
0.010921
0.022748
0.028410
0.026197
0.021355
0.018963
0.014248
0.024106
0.019825
0.043937
0.029284
0.027024
0.040674
0.032145
0.029665
0.022997
0.032513
0.019621
0.005091
0.013098
0.027458
0.040083
0.066603
0.076742
0.072589
0.062234
0.076434
0.062168
0.096469
0.086208
0.068028
0.075947
0.074042
0.074070
0.082108
0.078141
0.064412
0.090857
0.088955
0.093020
0.090794
0.086544
0.068216
0.068427
0.070835
0.101382
0.093105
0.074655
0.060294
0.070335
0.074284
0.060442
0.078873
0.089360
0.087503
0.085406
0.091605
0.069791
0.098499
0.084733
0.125739
0.107600
0.119641
0.099357
0.088898
0.088609
0.078263
0.076116
0.070065
0.078131
0.079958
0.086025
0.090231
0.080121
0.072567
0.093576
0.144425
0.119945
0.103211
0.076440
0.069967
0.078002
0.083733
0.075550
0.073519
0.079665
0.083746
0.077647
0.091847
0.097915
0.095821
0.087506
0.085375
0.087474
0.093699
0.099864
0.097801
0.101948
0.095846
0.105994
0.097820
0.097767
0.097739
0.097672
0.091571
0.093702
0.110147
0.108273
0.112369
0.106110
0.110084
0.103803
0.105673
0.091329
0.091263
0.093278
0.087100
0.093120
0.095170
0.097198
0.088952
0.103155
0.105092
0.104994
0.100750
0.104815
0.094551
0.094491
0.092401
0.098456
0.090304
0.098314
0.094180
0.092033
0.085771
0.126290
0.101973
0.110087
0.107956
0.095661
0.103759
0.099600
0.101643
0.095479
0.109647
0.107456
0.099238
0.115410
0.101144
0.113281
0.109151
0.115231
0.111068
0.102901
0.110939
0.112970
0.106777
0.108789
0.112885
0.112822
0.108723
0.112788
0.118858
0.112728
0.114696
0.128748
0.106318
0.108192
0.112210
0.110194
0.122373
0.116212
0.108076
0.116177
0.120213
0.116048
0.118050
0.115903
0.113806
0.121905
0.117774
0.113675
0.111546
0.113574
0.109509
0.113558
0.113464
0.113461
0.109333
0.117368
0.123320
0.110899
0.120852
0.122644
0.120481
0.124464
0.116328
0.120424
0.122367
0.122238
0.124059
0.123961
0.135917
0.129510
0.125250
0.117051
0.119035
0.120940
0.125005
0.124945
0.131041
0.139029
0.140815
0.138589
0.130359
0.138281
0.134150
0.140164
0.153805
0.137259
0.135194
0.141230
0.141280
0.149463
0.149460
0.145181
0.143022
0.149033
0.148942
0.148875
0.156763
0.150601
0.148536
0.152632
0.152632
0.156669
0.154635
0.154569
0.150388
0.148322
0.162428
0.174317
0.151387
0.144927
0.122434
0.148835
0.154996
0.156952
0.146430
0.156125
0.162013
0.155672
0.157427
0.155298
0.151165
0.163268
0.171111
0.177075
0.170719
0.178515
0.168263
0.172168
0.163894
0.167961
0.178235
0.174155
0.176207
0.178273
0.192536
0.180304
0.188389
0.186223
0.188191
0.184001
0.169763
0.177833
0.177751
0.171555
0.179559
0.185384
0.166924
0.179009
0.168870
0.178990
0.176909
0.188896
0.178569
0.182329
0.184246
0.183888
0.165409
0.173385
0.183548
0.173319
0.185488
0.189503
0.179238
0.193215
0.189066
0.178710
0.180707
0.186755
0.184693
0.196840
0.190675
0.196683
0.192518
0.184287
0.184316
0.188352
0.190355
0.198475
0.202521
0.198359
0.186076
0.194174
0.190047
0.194049
0.189949
0.193904
0.187739
0.195897
0.193772
0.185542
0.177440
0.183448
0.191417
0.183168
0.191235
0.182986
0.186991
0.182923
0.188994
0.197123
0.192933
0.186799
0.188745
