Torsk
0.0
0.0
0.0
0.0
0.0
0.0
0.0
0.0
0.0
0.0
0.0
0.0
0.0
0.0
0.0
0.0
0.0
0.0
0.0
0.0
0.0
0.0
0.0
0.0
0.0
0.0
0.0
0.0
0.0
0.0
0.0
0.0
0.0
0.0
0.0
0.0
0.0
0.0
0.0
0.0
0.0
0.0
0.0
0.0
0.0
0.0
0.0
0.0
0.0
0.0
0.0
0.0
0.0
0.0
0.0
0.0
0.0
0.0
0.0
0.0
0.0
0.0
0.0
0.0
0.0
0.0
0.0
0.0
0.0
0.0
0.0
0.0
0.0
0.0
0.0
0.0
0.0
0.0
0.0
0.0
0.0
0.0
0.0
0.0
0.0
0.0
0.0
0.0
0.0
0.0
0.0
0.0
0.0
0.0
0.0
0.0
0.0
0.0
0.0
0.0
1.0
1.0
1.0
1.0
1.0
1.0
1.0
1.0
1.0
1.0
1.0
1.0
1.0
1.0
1.0
1.0
1.0
1.0
1.0
1.0
1.0
1.0
1.0
1.0
1.0
1.0
1.0
1.0
1.0
1.0
1.0
1.0
1.0
1.0
1.0
1.0
1.0
1.0
1.0
1.0
1.0
1.0
1.0
1.0
1.0
1.0
1.0
1.0
1.0
1.0
1.0
1.0
1.0
1.0
1.0
0.9999999999998626
1.0
1.0
1.0
0.999999999999988
0.9999999996772975
0.9999999998340672
0.9999999999998118
0.9999994830002163
0.9999999910795712
0.9999999390756867
0.9999999999051207
0.9999999999991976
0.9999995597723139
0.999999996937984
0.9993123374035424
0.9986391052903154
0.999974020279452
0.9933750993436403
0.9999281050366465
0.9999979608334896
0.9999999809906028
0.999999983974252
0.9992132059490682
0.9999999791659628
0.8239320199836853
0.820252545610899
0.8232717614166429
0.771055401303387
0.8405825346854279
0.6618562098556792
0.49695579812519247
0.37689548051907207
0.3536263270360567
0.6646598839375518
0.1399946012877011
0.13492163550871117
0.16428594517744932
0.11750804463124064
0.2853787230921664
0.3668659740856541
0.3472680786543648
0.2565993559528694
0.2157255736725876
0.4371731861509184
0.0
0.0
0.0
0.0
0.0
0.0
0.0
0.0
0.0
0.0
0.0
0.0
0.0
0.0
0.0
0.0
0.0
0.0
0.0
0.0
0.0
0.0
0.0
0.0
0.0
0.0
0.0
0.0
0.0
0.0
0.0
0.0
0.0
0.0
0.0
0.0
0.0
0.0
0.0
0.0
0.0
0.0
0.0
0.0
0.0
0.0
0.0
0.0
0.0
0.0
0.0
0.0
0.0
0.0
0.0
0.0
0.0
0.0
0.0
0.0
0.0
0.0
0.0
0.0
0.0
0.0
0.0
0.0
0.0
0.0
0.0
0.0
0.0
0.0
0.0
0.0
0.0
0.0
0.0
0.0
0.0
0.0
0.0
0.0
0.0
0.0
0.0
0.0
0.0
0.0
0.0
0.0
0.0
0.0
0.0
0.0
0.0
0.0
0.0
0.0
0.0
0.0
0.0
0.0
0.0
0.0
0.0
0.0
0.0
0.0
0.0
0.0
0.0
0.0
0.0
0.0
0.0
0.0
0.0
0.0
0.0
0.0
0.0
0.0
0.0
0.0
0.0
0.0
0.0
0.0
0.0
0.0
0.0
0.0
0.0
0.0
0.0
0.0
0.0
0.0
0.0
0.0
0.0
0.0
0.0
0.0
0.0
0.0
0.0
0.0
0.0
0.0
0.0
0.0
0.0
0.0
0.0
0.0
0.0
0.0
0.0
0.0
0.0
0.0
0.0
0.0
0.0
0.0
0.0
0.0
0.0
0.0
0.0
0.0
0.0
0.0
0.0
0.0
0.0
0.0
0.0
0.0
0.0
0.0
0.0
0.0
0.0
0.0
0.0
0.0
0.0
0.0
0.0
0.0
0.0
0.0
0.0
0.0
0.0
0.0
0.0
0.0
0.0
0.0
0.0
0.0
0.0
0.0
0.0
0.0
0.0
0.0
0.0
0.0
0.0
0.0
0.0
0.0
0.0
0.0
0.0
0.0
0.0
0.0
0.0
0.0
0.0
0.0
0.0
0.0
0.0
0.0
0.0
0.0
0.0
0.0
0.0
0.0
0.0
0.0
0.022331176304668965
0.021391741179003887
0.04576911617473212
0.0
0.007686398286971152
0.03897272205845548
0.0
0.005399319504853173
0.0
0.023806700705375272
0.607388812353674
0.6517028831746199
0.7020714154709538
0.7468590637120035
0.7903982691770163
0.8657144795769061
0.7899540346563994
0.8135046307200268
0.7973188189812215
0.9351428911483187
0.6628828542635916
0.6993685100919904
0.7577199564890883
0.7869452804538408
0.8270452873572676
0.8945215418409621
0.8235902170247512
0.8408206338551036
0.8264134729910707
0.9498610128271585
0.6986311453080347
0.7330663173069714
0.7906015139429814
0.8140076719037873
0.8519805284990412
0.9101752610762792
0.8395233052841499
0.8562816032981305
0.8450324441287099
0.9586147514670856
0.7668244318644423
0.7926177328633853
0.8396061811421779
0.8502411468103891
0.8856166086784054
0.935378608630944
0.8704640313265125
0.8834324115031269
0.8769224036295683
0.9697266786963424
0.8075658726921686
0.8288591965627475
0.8706032230576776
0.8768035711913006
0.9086502506141149
0.9484869207409694
0.8890967060101859
0.9018934799731827
0.895012890502937
0.9763731565708018
0.826725364508144
0.8458265153812385
0.8867329924662306
0.891992091587231
0.9199810143384307
0.9559592263322002
0.9012144447698271
0.911883744939587
0.9065282075242741
0.9803835820545405
0.8815140981701045
0.8894669790577964
0.9236678015582106
0.930228782494056
0.9559124688822026
0.9788006349708464
0.938096114725667
0.94357878818194
0.940589516905321
0.9896408359043699
0.9118072853645619
0.9205185720420819
0.9470521801682413
0.9477672600517408
0.9689312581101779
0.9863185339515588
0.9536919021259194
0.9554583565033451
0.9534556666275091
0.992721729328076
0.950209021639563
0.9555888261763104
0.9810627201742179
0.9658672515109694
0.9788673834838466
0.9927258375493878
0.9704783363720834
0.9709878541576504
0.9700436319587645
0.9967128972813096
0.9703850009241618
0.9754155621314018
0.9948592107740576
0.9855491790376024
0.9902132647407738
0.9962828543954547
0.9811969002006592
0.9798504103380019
0.980734655176906
0.9980505039043491
0.7158704800007137
0.67865109994229
0.7595107236271904
0.5191535298428162
0.5311833727840727
0.4983063056667448
0.4154901725353735
0.3715757291076088
0.3815900712198439
0.3300029110048275
0.9209024783771224
0.892546683155868
0.9112226033193936
0.7457964637757712
0.7835188864262539
0.7950559981039484
0.7057073388255641
0.6539873184239375
0.6311238659989712
0.5401155416985609
0.9617742303100033
0.9538804014443006
0.9509931845850496
0.8220461309648335
0.8540814105908264
0.8598442713550731
0.8036080500611578
0.7530024035230448
0.757277646643766
0.6450578740137953
0.9753426064424856
0.9706428713251627
0.9661684190328653
0.846302662314273
0.8742045951239328
0.8851610750457238
0.8466584075223198
0.7959532506518856
0.8113083061295914
0.7118168520617031
0.9880950796896834
0.9856578882296311
0.9805524576416624
0.8927580307324922
0.9195368771934492
0.9271781087657666
0.8862256995806091
0.8326787003492886
0.8579886854401965
0.770993130926985
0.988610411909555
0.9861520177212996
0.9808391569451697
0.8942809884333338
0.9227588220583152
0.9324121358251463
0.8919992281172646
0.8418867520128002
0.8673231631535626
0.7802178184923406
0.9810573493294464
0.9799173363117469
0.971707472342022
0.8653347890236489
0.8924403217563764
0.9060215018908816
0.861196858175082
0.8046402466310079
0.835050856460832
0.7425686540581331
0.9775940952838716
0.9764296914667482
0.9681420158187228
0.8572744849405782
0.8832216807000235
0.8961955333900277
0.849046453379037
0.7923803314211956
0.8240422718199271
0.731747441191673
0.962952781667944
0.9627711010756742
0.9341054559476029
0.8317916804705363
0.866459763296185
0.8745645980541614
0.8228503867272331
0.762196045703587
0.7973402819339369
0.6885986489335213
0.9436131190657768
0.9382288948312845
0.8494340321236814
0.7477698461052371
0.8071088026857132
0.8364631035418482
0.7834385214735853
0.7313919647591818
0.7703787696031295
0.6738569843303697
0.8507357284439657
0.8492317076643232
0.7458795800798947
0.6260262883199188
0.6917218226400306
0.7439329633254745
0.6867084619284528
0.6229844229900134
0.6685913893231408
0.5789562567381145
0.39060518782114045
0.44395889646518
0.35081777508456286
0.24312852171190316
0.26305527657247296
0.2563069609830294
0.2529856966602495
0.2127925258686356
0.32684151447146415
0.29034883767861613
0.1764104830442339
0.1756031482213627
0.1535334267448963
0.06541623316684941
0.08623386715427038
0.10102396898162258
0.061722364319792056
0.03441353857312446
0.09844006433620413
0.11818853509647652
0.0
0.0
0.0
0.0
0.0
0.0
0.0
0.0
0.0
0.0
0.0
0.0
0.0
0.0
0.0
0.0
0.0
0.0
0.0
0.0
0.0
0.0
0.0
0.0
0.0
0.0
0.0
0.0
0.0
0.0
0.0
0.0
0.0
0.0
0.0
0.0
0.0
0.0
0.0
0.0
0.0
0.0
0.0
0.0
0.0
0.0
0.0
0.0
0.0
0.0
0.0
0.0
0.0
0.0
0.0
0.0
0.0
0.0
0.0
0.0
0.0
0.0
0.0
0.0
0.0
0.0
0.0
0.0
0.0
0.0
0.0
0.0
0.0
0.0
0.0
0.0
0.0
0.0
0.0
0.0
0.0
0.0
0.0
0.0
0.0
0.0
0.0
0.0
0.0
0.0
0.0
0.0
0.0
0.0
0.0
0.0
0.0
0.0
0.0
0.0
0.0
0.0
0.0
0.0
0.0
0.0
0.0
0.0
0.0
0.0
0.0
0.0
0.0
0.0
0.0
0.0
0.0
0.0
0.0
0.0
0.0
0.0
0.0
0.0
0.0
0.0
0.0
0.0
0.0
0.0
0.0
0.0
0.0
0.0
0.0
0.0
0.0
0.0
0.0
0.0
0.0
0.0
0.0
0.0
0.0
0.0
0.0
0.0
0.0
0.0
0.0
0.0
0.0
0.0
0.0
0.0
0.0
0.0
0.0
0.0
0.0
0.0
0.0
0.0
0.0
0.0
0.0
0.0
0.0
0.0
0.0
0.0
0.0
0.0
0.0
0.0
0.0
0.0
0.0
0.0
0.0
0.0
0.0
0.0
0.0
0.0
0.0
0.0
0.0
0.0
0.0
0.0
0.0
0.0
0.0
0.0
0.0
0.0
0.0
0.0
0.0
0.0
0.0
0.0
0.0
0.0
0.0
0.0
0.0
0.0
0.0
0.0
0.0
0.0
0.0
0.0
0.0
0.0
0.0
0.0
0.0
0.0
0.0
0.0
0.0
0.0
0.0
0.0
0.0
0.0
0.0
0.0
0.0
0.0
0.0
0.0
0.0
0.0
0.0
0.0
0.0
0.0
0.0
0.0
0.0
0.0
0.0
0.0
0.0
0.0
0.0
0.0
0.0
0.0
0.0
0.0
0.0
0.0
0.0
0.0
0.0
0.0
0.0005517320003003423
0.0
0.0
0.0
0.0
0.0
0.0
0.0
0.0
0.0
0.0
0.0
0.0
0.0
0.0
0.0
0.0
0.0
0.0
0.0
0.0
0.0
0.0
0.0
0.0
0.0
0.0
0.0
0.0
0.0
0.0
0.0
0.0
0.0
0.0
0.0
0.0
0.0
0.0
0.0
0.0
0.0
0.0
0.0
0.0
0.0
0.0
0.0
0.0
0.0
0.0
0.0
0.0
0.0
0.0
0.0
0.0
0.0
0.0
0.0
0.0
0.0
0.0
0.0
0.0
0.0
0.0
0.0
0.0
0.0
0.0
0.0
0.0
0.0
0.0
0.0
0.0
0.0
0.0
0.0
0.0
0.0
0.0
0.0
0.0
0.0
0.0
0.0
0.9999383466754723
1.0
0.9999999997883076
0.9999999999993555
0.9999999999999651
1.0
1.0
1.0
1.0
1.0
0.9999791433927715
1.0
0.9999999999666851
0.9999999999998483
0.9999999999999927
1.0
1.0
1.0
1.0
1.0
0.9999986921671176
1.0
0.9999999999997907
0.999999999999991
0.9999999999999997
1.0
1.0
1.0
1.0
1.0
1.0
1.0
1.0
1.0
1.0
1.0
1.0
1.0
1.0
1.0
1.0
1.0
1.0
1.0
1.0
1.0
1.0
1.0
1.0
1.0
1.0
1.0
1.0
1.0
1.0
1.0
1.0
1.0
1.0
1.0
1.0
1.0
1.0
1.0
1.0
1.0
1.0
1.0
1.0
1.0
1.0
1.0
1.0
1.0
1.0
1.0
1.0
1.0
1.0
1.0
1.0
1.0
1.0
1.0
1.0
1.0
1.0
1.0
1.0
1.0
1.0
1.0
1.0
1.0
1.0
1.0
1.0
1.0
1.0
1.0
0.9999999994336072
0.9979709845736547
0.999997562476778
0.9650460660716266
0.9961973631682973
0.9974169482649868
0.9986155500860712
0.9989419564730666
0.9983201444050224
0.9978206611439628
0.9999999995076275
0.9980165398972553
0.9999976642944685
0.9659709338053466
0.9960810542408797
0.9975026956586756
0.9986530152324691
0.9989977829722381
0.9983676077242303
0.9979437204411432
0.9999999988880962
0.9976936428325528
0.9999961856517594
0.9626954318085776
0.9956268788853871
0.9972132119406154
0.9984724574489937
0.9988369138992813
0.998085000569917
0.9975406511642323
0.9997723461377919
0.9920557247900889
0.9994235794065006
0.8869608044770666
0.9918040085758317
0.9831121430726912
0.9922643914712267
0.9919915148601228
0.9905038821248621
0.9890505068317724
0.9399139217385235
0.8967788290637617
0.5532826346735664
0.44599487342319977
0.7949637840522175
0.8211478782678737
0.857295693117991
0.8122676262359628
0.7498056740816765
0.7468281276188247
0.25210339970783324
0.040603411733319834
0.26713347779734814
0.3213358594423714
0.13257193664417677
0.11750767697689989
0.1296097088940724
0.1737896727047451
0.12503708432958735
0.16782466332570567
0.20068117018059817
0.017464044815181046
0.22257930632471257
0.31722587475589004
0.10877664920223228
0.09653934098861294
0.1108367060748212
0.15097109792820218
0.09781199903501923
0.13227881735082236
0.14891548163766988
0.0
0.16040382325795877
0.2825567489957135
0.04892323203591009
0.050917063939393215
0.06829632559736731
0.10401544755179493
0.0474538104955532
0.0804897672520487
0.15778458807579288
0.0049747089715327375
0.17967971974747
0.31311908284450674
0.06532607755741027
0.05828980048248755
0.07611702809730435
0.11493592153682251
0.05413492969401645
0.08969797571971726
0.06334804706545372
0.0
0.10836554119503217
0.22956150671454445
0.0022813208781276018
0.0
0.0
0.03427526434780848
0.0
0.014573763872941623
0.05097850222889633
0.0
0.09760196841888524
0.21508118255090836
0.0
0.0
0.0
0.03138907717637951
0.0
0.010629012171766483
0.1450192793428836
0.0
0.14648074180398896
0.27598085557459995
0.024647336182005763
0.02098743610734044
0.03617410641542895
0.0906739561766371
0.025753999586901496
0.06098252645656732
0.18269207568964127
0.0
0.16594915669261945
0.3088221810272551
0.03686172435347324
0.0419281575106798
0.05695384090453326
0.11910290346125783
0.04658511143624444
0.08466103374099841
0.17733972363554773
0.0
0.1589421818511958
0.3025198651532268
0.03178269012828593
0.03797040550810005
0.05343838525980904
0.11614092697112088
0.04281997043512875
0.0812793256626466
0.17344725290990137
0.0
0.16115236875098948
0.30543334084504825
0.03481498505185787
0.03329685162050933
0.04850313859710242
0.11097792850268005
0.03822454514431595
0.07672884809682233
0.07809777894662982
0.0
0.0
0.05006174815860386
0.0
0.0
0.0
0.0
0.0
0.0
0.06920946525985239
0.0
0.0
0.03308972299450619
0.0
0.0
0.0
0.0
0.0
0.0
0.04900397376114796
0.0
0.0
0.0061034664064612
0.0
0.0
0.0
0.0
0.0
0.0
0.026303668590455076
0.0
0.0
0.0
0.0
0.0
0.0
0.0
0.0
0.0
0.01896612598606173
0.0
0.0
0.0
0.0
0.0
0.0
0.0
0.0
0.0
0.008162081446980163
0.0
0.0
0.0
0.0
0.0
0.0
0.0
0.0
0.0
0.0
0.0
0.0
0.0
0.0
0.0
0.0
0.0
0.0
0.0
0.0
0.0
0.0
0.0
0.0
0.0
0.0
0.0
0.0
0.0
0.0
0.0
0.0
0.0
0.0
0.0
0.0
0.0
0.0
0.0
0.0
0.0
0.0
0.0
0.0
0.0
0.0
0.0
0.0
0.0
0.0
0.0
0.0
0.0
0.0
0.0
0.0
0.0
0.0
0.0
0.0
0.0
0.0
0.0
0.0
0.0
0.0
0.0
0.0
0.0
0.0
0.0
0.0
0.0
0.0
0.0
0.0
0.0
0.0
0.0
0.0031822112131632
0.0
0.0
0.03857590564306768
0.0
0.0
0.0
0.0
0.0
0.0
0.014308979394032528
0.0035186013776407066
0.007967231754502202
0.04712040846317656
0.0
0.0
0.0
0.0
0.0
0.0
0.013682913583336733
0.0042135119287983755
0.005768939361125658
0.04750040598749761
0.0
0.0
0.0
0.0
0.0
0.0
0.0
0.0
0.0
0.032399879615068294
0.0
0.0
0.0
0.0
0.0
0.0
0.0
0.0
0.0
0.028323862686766565
0.0
0.0
0.0
0.0
0.0
0.0
0.0
0.0
0.0
0.034671517834208854
0.0
0.0
0.0
0.0
0.0
0.0
0.0
0.0
0.0
0.0
0.0
0.0
0.0
0.0
0.0
0.0
0.0
0.0
0.0
0.0
0.0
0.0
0.0
0.0
0.0
0.0
0.0
0.0
0.0
0.0
0.0
0.0
0.0
0.0
0.0
0.0
0.0
0.0
0.0
0.0
0.0
0.0
0.0
0.0
0.0
0.0
0.0
0.0
0.0
0.0
0.0
0.0
0.0
0.0
0.0
0.0
0.0
0.0
0.0
0.0
0.0
0.0
0.0
0.0
0.0
0.0
0.0
0.0
0.0
0.0
0.0
0.0
0.0
0.0
0.0
0.0
0.0
0.0
0.0
0.0
0.0
0.0
0.0
0.0
0.0
0.0
0.0
0.0
0.0
0.0
0.0
0.0
0.0
0.0
0.0
0.0
0.0
0.0
0.0
0.0
0.0
0.0
0.0
0.0
0.0
0.0
0.0
0.0
0.0
0.0
0.0
0.0
0.0
0.0
0.0
0.0
0.0
0.0
0.0
0.0
0.0
0.0
0.0
0.0
0.0
0.0
0.0
0.0
0.0
0.0
0.0
0.0
0.0
0.0
0.0
0.0
0.0
0.0
0.0
0.0
0.0
0.0
0.0
0.0
0.0
0.0
0.0
0.0
0.0
0.0
0.0
0.0
0.0
0.0
0.0
0.0
0.0
0.0
0.0
0.0
0.0
0.0
0.0
0.0
0.0
0.0
0.0
0.0
0.0
0.0
0.0
0.0
0.0
0.0
0.0
0.0
0.0
0.0
0.0
0.0
0.0
0.0
0.0
0.0
0.0
0.0
0.0
0.0
0.0
0.0
0.0
0.0
0.0
0.0
0.0
0.0
0.0
0.0
0.0
0.0
0.0
0.0
0.0
0.0
0.0
0.0
0.0
0.0
0.0
0.0
0.0
0.0
0.0
0.0
0.0
0.0
0.0
0.0
0.0
0.0
0.0
0.0
0.0
0.0
0.0
0.0
0.0
0.0
0.0
0.0
0.0
0.0
0.0
0.0
0.0
0.0
0.0
0.0
0.0
0.0
0.0
0.0
0.0
0.0
0.0
0.0
0.0
0.0
0.0
0.0
0.0
0.0
0.0
0.0
0.0
0.0
0.0
0.0
0.0
0.0
0.0
0.0
0.0
0.0
0.0
0.0
0.0
0.0
0.0
0.0
0.0
0.0
0.0
0.0
0.0
0.0
0.0
0.0
0.0
0.0
0.0
0.0
0.0
0.0
0.0
0.0
0.0
0.0
0.0
0.0
0.0
0.0
0.0
0.0
0.0
0.0
0.0
0.0
0.0
0.0
0.0
0.0
0.0
0.0
0.0
0.0
0.0
0.0
0.0
0.0
0.0
0.0
0.0
0.0
0.0
0.0
0.0
0.0
0.0
0.0
0.0
0.0
0.0
0.0
0.0
0.0
0.0
0.0
0.0
0.0
0.0
0.0
0.0
0.0
0.0
0.0
0.0
0.0
0.0
0.0
0.0
0.0
0.0
0.0
0.0
0.0
0.0
0.0
0.0
0.0
0.0
0.0
0.0
0.0
0.0
0.0
0.0
0.0
0.0
0.0
0.0
0.0
0.0
0.0
0.0
0.0
0.0
0.0
0.0
0.0
0.0
0.0
0.0
0.0
0.0
0.0
0.0
0.0
0.0
0.0
0.0
0.0
0.0
0.0
0.0
0.0
0.0
0.0
0.0
0.0
0.0
0.0
0.0
0.0
0.0
0.0
0.0
0.0
0.0
0.0
0.0
0.0
0.0
0.0
0.0
0.0
0.0
0.0
0.0
0.0
0.0
0.0
0.0
0.0
0.0
0.0
0.0
0.0
0.0
0.0
0.0
0.0
0.0
0.0
0.0
0.0
0.0
0.0
0.0
0.0
0.0
0.0
0.0
0.0
0.0
0.0
0.0
0.0
0.0
0.0
0.0
0.0
0.0
0.0
0.0
0.0
0.0
0.0
0.0
0.0
0.0
0.0
0.0
0.0
0.0
0.0
0.0
0.0
0.0
0.0
0.0
0.0
0.0
0.0
0.0
0.0
0.0
0.0
0.0
0.0
0.0
0.0
0.0
0.0
0.0
0.0
0.0
0.0
0.0
0.0
0.0
0.0
0.0
0.0
0.0
0.0
0.0
0.0
0.0
0.0
0.0
0.0
0.0
0.0
0.0
0.0
0.0
0.0
0.0
0.0
0.0
0.0
0.0
0.0
0.0
0.0
0.0
0.0
0.0
0.0
0.0
0.0
0.0
0.0
0.0
0.0
0.0
0.0
0.0
0.0
0.0
0.0
0.0
0.0
0.0
0.0
0.0
0.0
0.0
0.0
0.0
0.0
0.0
0.0
0.0
0.0
0.0
0.0
0.0
0.0
0.0
0.0
0.0
0.0
0.0
0.0
0.0
0.0
0.0
0.0
0.0
0.0
0.0
0.0
0.0
0.0
0.0
0.0
0.0
0.0
0.0
0.0
0.0
0.0
0.0
0.0
0.0
0.0
0.0
0.0
0.0
0.0
0.0
0.0
0.0
0.0
0.0
0.0
0.0
0.0
0.0
0.0
0.0
0.0
0.0
0.0
0.0
0.0
0.0
0.0
0.0
0.0
0.0
0.0
0.0
0.0
0.0
0.0
0.0
0.0
0.0
0.0
0.0
0.0
0.0
0.0
0.0
0.0
0.0
0.0
0.0
0.0
0.0
0.0
0.0
0.0
0.0
0.0
0.0
0.0
0.0
0.0
0.0
0.0
0.0
0.0
0.0
0.0
0.0
0.0
0.0
0.0
0.0
0.0
0.0
0.0
0.0
0.0
0.0
0.0
0.0
0.0
0.0
0.0
0.0
0.0
0.0
0.0
0.0
0.0
0.0
0.0
0.0
0.0
0.0
0.0
0.0
0.0
0.0
0.0
0.0
0.0
0.0
0.0
0.0
0.0
0.0
0.0
0.0
0.0
0.0
0.0
0.0
0.0
0.0
0.0
0.0
0.0
0.0
0.0
0.0
0.0
0.0
0.0
0.0
0.0
0.0
0.0
0.0
0.0
0.0
0.0
0.0
0.0
0.0
0.0
0.0
0.0
0.0
0.0
0.0
0.0
0.0
0.0
0.0
0.0
0.0
0.0
0.0
0.0
0.0
0.0
0.0
0.0
0.0
0.0
0.0
0.0
0.0
0.0
0.0
0.0
0.0
0.0
0.0
0.0
0.0
0.0
0.0
0.0
0.0
0.0
0.0
0.0
0.0
0.0
0.0
0.0
0.0
0.0
0.0
0.0
0.0
0.0
0.0
0.0
0.0
0.0
0.0
0.0
0.0
0.0
0.0
0.0
0.0
0.0
0.0
0.0
0.0
0.0
0.0
0.0
0.0
0.0
0.0
0.0
0.0
0.0
0.0
0.0
0.0
0.0
0.0
0.0
0.0
0.0
0.0
0.0
0.0
0.0
0.0
0.0
0.0
0.0
0.0
0.0
0.0
0.0
0.0
0.0
0.0
0.0
0.0
0.0
0.0
0.0
0.0
0.0
0.0
0.0
0.0
0.0
0.0
0.0
0.0
0.0
0.0
0.0
0.0
0.0
0.0
0.0
0.0
0.0
0.0
0.0
0.0
0.0
0.0
0.0
0.0
0.0
0.0
0.0
0.0
0.0
0.0
0.0
0.0
0.0
0.0
0.0
0.0
0.0
0.0
0.0
0.0
0.0
0.0
0.0
0.0
0.0
0.0
0.0
0.0
0.0
0.0
0.0
0.0
0.0
0.0
0.0
0.0
0.0
0.0
0.0
0.0
0.0
0.0
0.0
0.0
0.0
0.0
0.0
0.0
0.0
0.0
0.0
0.0
0.0
0.0
0.0
0.0
0.0
0.0
0.0
0.0
0.0
0.0
0.0
0.0
0.0
0.0
0.0
0.0
0.0
0.0
0.0
0.0
0.0
0.0
0.0
0.0
0.0
0.0
0.0
0.0
0.0
0.0
0.0
0.0
0.0
0.0
0.0
0.0
0.0
0.0
0.0
0.0
0.0
0.0
0.0
0.0
0.0
0.0
0.0
0.0
0.0
0.0
0.0
0.0
0.0
0.0
0.0
0.0
0.0
0.0
0.0
0.0
0.0
0.0
0.0
0.0
0.0
0.0
0.0
0.0
0.0
0.0
0.0
0.0
0.0
0.0
0.0
0.0
0.0
0.0
0.0
0.0
0.0
0.0
0.0
0.0
0.0
0.0
0.0
0.0
0.0
0.0
0.0
0.0
0.0
0.0
0.0
0.0
0.0
0.0
0.0
0.0
0.0
0.0
0.0
0.0
0.0
0.0
0.0
0.0
0.0
0.0
0.0
0.0
0.0
0.0
0.0
0.0
0.0
0.0
0.0
0.0
0.0
0.0
0.0
0.0
0.0
0.0
0.0
0.0
0.0
0.0
0.0
0.0
0.0
0.0
0.0
0.0
0.0
0.0
0.0
0.0
0.0
0.0
0.0
0.0
0.0
0.0
0.0
0.0
0.0
0.0
0.0
0.0
0.0
0.0
0.0
0.0
0.0
0.0
0.0
0.0
0.0
0.0
0.0
0.0
0.0
0.0
0.0
0.0
0.0
0.0
0.0
0.0
0.0
0.0
0.0
0.0
0.0
0.0
0.0
0.0
0.0
0.0
0.0
0.0
0.0
0.0
0.0
0.0
0.0
0.0
0.0
0.0
0.0
0.0
0.0
0.0
0.0
0.0
0.0
0.0
0.0
0.0
0.0
0.0
0.0
0.0
0.0
0.0
0.0
0.0
0.0
0.0
0.0
0.0
0.0
0.0
0.0
0.0
0.0
0.0
0.0
0.0
0.0
0.0
0.0
0.0
0.0
0.0
0.0
0.0
0.0
0.0
0.0
0.0
0.0
0.0
0.0
0.0
0.0
0.0
0.0
0.0
0.0
0.0
0.0
0.0
0.0
0.0
0.0
0.0
0.0
0.0
0.0
0.0
0.0
0.0
0.0
0.0
0.0
0.0
0.0
0.0
0.0
0.0
0.0
0.0
0.0
0.0
0.0
0.0
0.0
0.0
0.0
0.0
0.0
0.0
0.0
0.0
0.0
0.0
0.0
0.0
0.0
0.0
0.0
0.0
0.0
0.0
0.0
0.0
0.0
0.0
0.0
0.0
0.0
0.0
0.0
0.0
0.0
0.0
0.0
0.0
0.0
0.0
0.0
0.0
0.0
0.0
0.0
0.0
0.0
0.0
0.0
0.0
0.0
0.0
0.0
0.0
0.0
0.0
0.0
0.0
0.0
0.0
0.0
0.0
0.0
0.0
0.0
0.0
0.0
0.0
0.0
0.0
0.0
0.0
0.0
0.0
0.0
0.0
0.0
0.0
0.0
0.0
0.0
0.0
0.0
0.0
0.0
0.0
0.0
0.0
0.0
0.0
0.0
0.0
0.0
0.0
0.0
0.0
0.0
0.0
0.0
0.0
0.0
0.0
0.0
0.0
0.0
0.0
0.0
0.0
0.0
0.0
0.0
0.0
0.0
0.0
0.0
0.0
0.0
0.0
0.0
0.0
0.0
0.0
0.0
0.0
0.0
0.0
0.0
0.0
0.0
0.0
0.0
0.0
0.0
0.0
0.0
0.0
0.0
0.0
0.0
0.0
0.0
0.0
0.0
0.0
0.0
0.0
0.0
0.0
0.0
0.0
0.0
0.0
0.0
0.0
0.0
0.0
0.0
0.0
0.0
0.0
0.0
0.0
0.0
0.0
0.0
0.0
0.0
0.0
0.0
0.0
0.0
0.0
0.0
0.0
0.0
0.0
0.0
0.0
0.0
0.0
0.0
0.0
0.0
0.0
0.0
0.0
0.0
0.0
0.0
0.0
0.0
0.0
0.0
0.0
0.0
0.0
0.0
0.0
0.0
0.0
0.0
0.0
0.0
0.0
0.0
0.0
0.0
0.0
0.0
0.0
0.0
0.0
0.0
0.0
0.0
0.0
0.0
0.0
0.0
0.0
0.0
0.0
0.0
0.0
0.0
0.0
0.0
0.0
0.0
0.0
0.0
0.0
0.0
0.0
0.0
0.0
0.0
0.0
0.0
0.0
0.0
0.0
0.0
0.0
0.0
0.0
0.0
0.0
0.0
0.0
0.0
0.0
0.0
0.0
0.0
0.0
0.0
0.0
0.0
0.0
0.0
0.0
0.0
0.0
0.0
0.0
0.0
0.0
0.0
0.0
0.0
0.0
0.0
0.0
0.0
0.004445430428801966
0.0
0.0
0.0
0.0
0.0
0.0
0.0
0.0
0.0
0.08218326120526774
0.0
0.0
0.0
0.0
0.0
0.06587769207026917
0.02974087282195248
0.060650583065686485
0.03051419921113896
0.18582435730167113
0.0
0.0007754250922460405
0.0
0.0
0.0749091609766408
0.1568135130866798
0.1331824780218208
0.11865026952367765
0.08932612191423461
0.2565080620437423
0.04247648820229999
0.04169695340689616
0.005517226452147916
0.02188871901141076
0.12950058316096325
0.2051544938216261
0.20840805598513776
0.17495491942341734
0.13747882201975223
0.3018169290040757
0.075523830620433
0.07703932120530665
0.038092022190095776
0.06242572409913094
0.16532905100415607
0.22934186368953688
0.2460227920433531
0.223420327180468
0.19025984566039253
0.3376962248585096
0.11639344717607068
0.1106952559422234
0.07957282533330222
0.10607884457306604
0.1939082104336216
0.25112782349286006
0.2685937696926419
0.32747818197797884
0.2913335700308524
0.4266437589677348
0.19551745878158744
0.1968139198769641
0.16926820558837283
0.18308717800675223
0.2868029337361109
0.34233551878633206
0.3788459347265023
0.3165400438182566
0.2718779467136977
0.40094362461444033
0.17410828704086478
0.16558138343127227
0.15601030903536106
0.17588797766692799
0.26250282915463563
0.3207876280498272
0.3723258759171408
0.3365802033796097
0.30736411083602433
0.3986566293756253
0.1922988442385516
0.19427920102331497
0.18239743170762
0.181968187432668
0.24599667212815532
0.3135670925784859
0.3720698810642001
0.29907993650511444
0.27471413708351977
0.36249086632049826
0.14249564213816068
0.1435823263288728
0.14555941470122136
0.14102399906785923
0.19062194227936655
0.25837118879723814
0.30975721443939885
0.15402434625384187
0.1760559436703537
0.18545694163140447
0.043673961999319055
0.022159202811691925
0.07591013682334224
0.05072458031503402
0.04873804316396069
0.09408648436219058
0.13756315682301212
0.09538996684343326
0.12269301196519532
0.13470039369481057
0.024539449203948127
0.007778296717220966
0.04720331205957873
0.016096334968717985
0.009383446180044608
0.038671695056506576
0.05081478539978479
0.009335512445627137
0.05137257150484464
0.017267504371798022
0.0
0.0
0.0
0.0
0.0
0.0
0.0
0.0
0.0
0.0
0.0
0.0
0.0
0.0
0.0
0.0
0.0
0.0
0.0
0.0
0.0
0.0
0.0
0.0
0.0
0.0
0.0
0.0
0.0
0.0
0.0
0.0
0.0
0.0
0.0
0.0
0.0
0.0
0.0
0.0
0.0
0.0
0.0
0.0
0.0
0.0
0.0
0.0
0.0
0.0
0.0
0.0
0.0
0.0
0.0
0.0
0.0
0.0
0.0
0.0
0.0
0.0
0.0
0.0
0.0
0.0
0.0
0.0
0.0
0.0
0.0
0.0
0.0
0.0
0.0
0.0
0.0
0.00784555725175151
0.0
0.0
0.0
0.0
0.0
0.0
0.0
0.0
0.0
0.005744959167291674
0.0
0.0
0.0
0.0
0.0203964048610662
0.0
0.0
0.0
0.0
0.09090952124622008
0.0
0.0
0.0299371930832556
0.03474505456722221
0.1089882790196669
0.049006465254848974
0.07526428043295164
0.0
0.0
0.07814154511264726
0.02585500525655049
0.0
0.03979986479884568
0.03899849190276028
0.1178509621104844
0.06206558056478373
0.06801436444458964
0.010554513809922228
0.0
0.1860115144054164
0.14563400588927322
0.04658960247464006
0.14045414547390656
0.1379757942766826
0.211161908365372
0.16266763334555923
0.16370696897864323
0.0731803672675273
0.0
0.13061972787368747
0.09934141857782096
0.0
0.18198618751607487
0.134026692007161
0.23368192584582648
0.18846274026532628
0.1472389310968818
0.04263661417926867
0.0
0.09863194499720929
0.06886479561088021
0.013223883786202983
0.19539152365989895
0.10788958617632428
0.19898508121318648
0.2084649867612132
0.1444592452291491
0.009216471382077929
0.0
0.17859616162376857
0.16890563284239235
0.1074268969938823
0.2705857027096319
0.17243999641628016
0.2748086966436225
0.2745149754250984
0.22024980974272368
0.08307456883342346
0.011065260885687822
0.19128946198560473
0.22336547628832473
0.2316960518378481
0.37199798288335456
0.2803409370871596
0.3249118575813201
0.3629261290453236
0.2971271830084501
0.1936685236354666
0.0673588044151443
0.3513125751985593
0.4272713431801497
0.419817753006076
0.5905067711304952
0.5226597232962046
0.527783812569867
0.5569643149673285
0.4779351374172822
0.3735185345717005
0.2077869781032393
0.38315753163844446
0.4572351590922032
0.4424817340012464
0.6082155653450244
0.5747190294498031
0.5627400323728545
0.5976827058538906
0.5188795039807709
0.4158513030054485
0.27522868256967925
0.39828981827815335
0.49458575615935874
0.4712343880171109
0.5756997627878121
0.5479173907283846
0.4945428026169532
0.5457372376803102
0.5386553736475772
0.45747771334810383
0.29340562095066525
0.47770440115852353
0.550404248411991
0.5259914324010642
0.634627930927102
0.6202253309855744
0.5549954225109142
0.5973297033081202
0.6148415118992713
0.5211676875309286
0.39217876172075183
0.5053761893010046
0.5409064822817236
0.5234490492570688
0.6201258811640684
0.5998505809596377
0.552490205794464
0.555905857062388
0.6260869758980149
0.5019811256577937
0.44458527643125006
0.3877006184092053
0.39824617490623165
0.3673451529653369
0.4418692043042336
0.44369723364337166
0.3964877822097429
0.43484980081218527
0.4890650440630154
0.3771662728466629
0.33266984336955846
0.4676374853525676
0.4623095489045531
0.41269190534662453
0.5057034208271013
0.5168382328123206
0.4549952693333292
0.4843349220516988
0.5333953084186093
0.4193972372624076
0.38285647702612774
0.35000701316404925
0.32961051164709465
0.26118850070906785
0.3792318485583477
0.37748978206110234
0.3367303547893262
0.33811341012659313
0.3909163799388432
0.32783487796220606
0.2744401585631593
0.295586790060381
0.2594086204962998
0.19592863266725488
0.3497681357925959
0.3412207155272722
0.3107662623360892
0.28369098393507897
0.3483836751912324
0.28870369120854944
0.2548049981220441
0.2764527606787439
0.2017519119602622
0.10873818823403968
0.2673551954263704
0.23514943625945783
0.23430908568933553
0.1403032193516578
0.2593196289571159
0.19123893221274207
0.18607889082785967
0.10030414106169872
0.004668302886529974
0.0
0.013363768257492414
0.0
0.0
0.0
0.0181046919746346
0.0
0.020570539757173267
0.007413659178691411
0.0
0.0
0.0
0.0
0.0
0.0
0.0
0.0
0.0
0.0
0.0
0.0
0.0
0.0
0.0
0.0
0.0
0.0
0.0
0.0
0.0
0.0
0.0
0.0
0.0
0.0
0.0
0.0
0.0
0.03120889942936078
0.0
0.0
0.0
0.0
0.0
0.0
0.0
0.0
0.0
0.13004417831607684
0.04265883170498074
0.0
0.0
0.0
0.0
0.0
0.0
0.0
0.0
0.1363265738421321
0.09046795185351651
0.0
0.0
0.0
0.0
0.0
0.0
0.028379275452103944
0.02372463140543124
0.21786352163604072
0.19977800825646064
0.0
0.0
0.0
0.0661283640557202
0.08703620402665525
0.09206874366061456
0.1088474177607196
0.0859109715268962
0.271528831267434
0.26826848580253393
0.0
0.0
0.03174698492233108
0.12663994094553965
0.21757047427058676
0.18391601038755837
0.16485138377995512
0.12684881888918753
0.4028857378996171
0.3654160672434816
0.04129441629017383
0.024955900946806553
0.15001585090312997
0.1941326510349891
0.2896937273246756
0.233754860916602
0.2155014749028592
0.2072984779977676
0.6076742970123619
0.6386065068732313
0.25091527788717505
0.262949010891268
0.401535092876492
0.40156840493550766
0.5162579193598069
0.4446982012573408
0.398367898665106
0.3897093186463984
0.5709039173730951
0.6501953129365766
0.2816646299265091
0.2963650224288732
0.43363192750052915
0.40071348907320264
0.5515093392076199
0.4372739164323107
0.4244817259661737
0.4307930325189725
0.5788154050580748
0.6393631035344473
0.26455483479439623
0.3003504629094891
0.45085244313451023
0.3862663328341477
0.5514454976676286
0.42489370277877914
0.40259937224767184
0.4461150216607148
0.6294375487554875
0.6762245310185845
0.3061003500531161
0.33824190137892174
0.4946084095878784
0.4095193583169277
0.5578625986867055
0.42986335830492894
0.39128768600806785
0.4327856192641444
0.7646525850422067
0.8018872912476968
0.5072897618213154
0.569971166605367
0.685273405219182
0.6455673509845943
0.7145846338214414
0.6298817370315961
0.532731178955746
0.5478690266140896
0.8410113830881047
0.892973321275583
0.6112646719087586
0.7242041983582304
0.8238548074985056
0.7875531278841064
0.8513501018848758
0.7522855932616229
0.708005032544172
0.7254218645655491
0.8792527013923833
0.8966753964617571
0.6453124450632394
0.7646040805434989
0.8265042378775218
0.8336030221984445
0.8399373214639838
0.731308624926518
0.6795133080465052
0.7213811287003248
0.9210948350109776
0.9178788089744893
0.7062117113428356
0.7947819492228269
0.8348998218185427
0.8467675970440216
0.8485190422007188
0.7381077053819194
0.6996955992825182
0.7744381623843286
0.9296135751742637
0.9131280263925519
0.7240837842207216
0.8043674644593063
0.8235075498777632
0.8538488748810462
0.8172341307490815
0.7089494945498012
0.7183882986818151
0.8058986004099451
0.929943780537512
0.9453349080923295
0.8172540784963449
0.859004599545998
0.8640033145592358
0.9020993920224804
0.8742003912783645
0.7696143086358463
0.7963669769972723
0.8366687813003332
0.9072564042902067
0.8865896596855812
0.8028801193689021
0.8542970724420161
0.8272683928399733
0.9025815068151226
0.8500894678769275
0.7313738362374089
0.7676745666848784
0.8067306887505404
0.9214252914134418
0.8981445228461241
0.8503622760547006
0.8877998040814958
0.8599245859301345
0.9316207231683363
0.8624924750274798
0.7612901033727417
0.7598661025083675
0.7966155742591806
0.9280564632725395
0.9214058140411664
0.8796401859094723
0.9064435081868579
0.8934568028638131
0.9562416516176414
0.8812624240977773
0.7934820006762594
0.7960691243083392
0.8071972475336585
0.942883263580016
0.9374820286889944
0.9094837397492771
0.9219106446952152
0.9061020091284007
0.9684754754668968
0.9046860013009272
0.8500228998034383
0.8494227119333895
0.8494016171163015
0.8424566109715103
0.8396486249023409
0.8198358517417916
0.8090576330678813
0.7708200734928795
0.8688794870561907
0.7644150026767088
0.6830342769763648
0.7372282993545752
0.7571828164703612
0.7570911055447118
0.7183702755184088
0.8011537944453443
0.7187767775387918
0.6028144369490133
0.7675672644714407
0.5317783552255546
0.5365437195897889
0.5665061554976873
0.580873817121878
0.710988617755079
0.7201842798502089
0.826305412552126
0.6968440051180189
0.589950215720812
0.7301724837326222
0.5654328793632286
0.5593447061600373
0.6139365718912706
0.6020793894058644
0.6577080579740653
0.7023475719930876
0.8262783674317293
0.7094347602249744
0.5835491102620147
0.7417291588152286
0.5556749036427805
0.5304509392436755
0.6121296935479537
0.5662705077201181
0.667776167610548
0.7215669021600314
0.8435772451982783
0.7298622281141389
0.6109291589335449
0.74728707455122
0.6115125932457594
0.5660486307535331
0.6286807485786614
0.6025387565919054
0.5705483070522633
0.5462219597437504
0.7506640128556001
0.630880748099054
0.4371945836797043
0.6329906399233768
0.45688412386415406
0.42337263059174335
0.47881266092850794
0.512565398237137
0.6225636046856172
0.644232482074441
0.7783738432383636
0.6621505434143733
0.5210245278201433
0.6808661219593428
0.5625843547402409
0.5068713342727559
0.5011842540598097
0.5823970221243109
0.781310990492883
0.7343055170745924
0.8167321838147917
0.6834600521866803
0.5762492054596191
0.7505490474726623
0.6560946599798485
0.6147548716470225
0.641302169895218
0.7085009607403514
0.7409145244597362
0.6513530045314248
0.7629206507459783
0.5890409665861601
0.42486928676775854
0.6451729263928606
0.5734762148161813
0.5057043346362455
0.5369203280666014
0.6222301418086577
0.6218644807498274
0.5508871048413068
0.6644496560680914
0.4875037866341877
0.284409638521302
0.5244909069055228
0.452131130178366
0.388212129988036
0.42921824045923207
0.5239547662360615
0.5912784164841531
0.47610446598784656
0.6185635393383124
0.431249362936494
0.21615508231266287
0.4796492620168336
0.3850135072986706
0.3112706220377768
0.35388728997574126
0.459764221495172
0.549175540189199
0.43016561864302966
0.5720768292208421
0.34787977477911913
0.15247031744590112
0.4213033743974912
0.33730859846371664
0.2548879853904502
0.28458847363097334
0.38860251047165306
0.5091323170410577
0.3345484759035555
0.48916900947141034
0.2849887850802344
0.10206638789594535
0.36335810800102414
0.2042275090365808
0.1466255168768733
0.16266247934333977
0.245147529834292
0.45431389780424847
0.2670277426467764
0.3693610420678244
0.1591677411237553
0.03299968929507635
0.2611685667116246
0.10354420549105237
0.07069883708266844
0.07267985530896892
0.13523081771364287
0.29933879873532093
0.14837709220268555
0.242516425950137
0.033832652492947424
0.0
0.13416891138933995
0.0
0.0
0.0
0.0
0.3007846054431329
0.1584193491040745
0.21174376628127256
0.0
0.0
0.14851093624762968
0.004398118133928763
0.0
0.0
0.0
0.012931127798182285
0.0
0.0
0.0
0.0
0.0
0.0
0.0
0.0
0.0
0.0
0.0
0.0
0.0
0.0
0.0
0.0
0.0
0.0
0.0
0.0
0.0
0.0
0.0
0.0
0.0
0.0
0.0
0.0
0.0
0.042444717178205416
0.0
0.0
0.0
0.0
0.0
0.0
0.0
0.0
0.0
0.09163825306598031
0.04481296422498748
0.0
0.0
0.0
0.0
0.0
0.0
0.0
0.0
0.06809020012864708
0.037445577654224176
0.0
0.0
0.0
0.0
0.0
0.0
0.0
0.0
0.0
0.0
0.0
0.0
0.0
0.0
0.0
0.0
0.0
0.0
0.0
0.0
0.0
0.0
0.0
0.0
0.0
0.0
0.0
0.0
0.0
0.0
0.0
0.0
0.0
0.0
0.0
0.0
0.0
0.0
0.0
0.0
0.0
0.0
0.0
0.0
0.0
0.0
0.0
0.0
0.0
0.0
0.0
0.0
0.0
0.0
0.0
0.0
0.0
0.0
0.0
0.0
0.0
0.0
0.0
0.0
0.0
0.0
0.0
0.0
0.0
0.0
0.0
0.0
0.0
0.0
0.0
0.0
0.0
0.0
0.0
0.0
0.0
0.0
0.0
0.018934473524387263
0.0
0.0
0.0
0.0
0.0
0.0036383608826943137
0.0
0.0
0.0
0.1403767748676303
0.0
0.0
0.0
0.0
0.08715497658174419
0.17796757961644316
0.09325136341999753
0.0
0.11936749043498662
0.31233049386661627
0.08826932534031928
0.0
0.0
0.0
0.6543711093729817
0.690074783273855
0.5634824922934473
0.5695808309597914
0.7068205514349366
0.7794817864492368
0.6399009926897795
0.5794839771295957
0.5182721158887613
0.5202087323854615
0.8900517772731745
0.9007356493967763
0.819985816739673
0.8584988600000109
0.9254365807517849
0.9481410954182813
0.8913904168008124
0.8380012192429851
0.8216287572552038
0.8775862120142996
0.9654592604174695
0.9748962189699181
0.94268565535958
0.930839197975836
0.9691266007031566
0.9872953272552097
0.9595643597722131
0.9233374262927608
0.8944526854398361
0.931856031928888
0.998546481159315
0.9990729003578868
0.996928822081075
0.9965759305936176
0.9993117552527907
0.9993701974213964
0.9962424841546925
0.995152886041802
0.991259230888192
0.9924534178968158
0.9999147816639404
0.999975130798888
0.99987006119911
0.9998839432698664
0.9999339528544504
0.999920666596902
0.9994027300983882
0.9994344311016413
0.9985163578037712
0.998482254017425
0.9999894955891474
0.9999987807045224
0.9999966599249873
0.9999979827075053
0.9999982101841558
0.9999963501275744
0.9999384120671344
0.9999539860824873
0.9998315042739696
0.9997195467927138
0.9999914164083976
0.9999990290843784
0.9999987400814233
0.9999988739978192
0.9999987097722419
0.9999948327434895
0.9999353925807082
0.9999564141098137
0.9998628020715814
0.9997857809715432
0.9999988097339981
0.9999997355282352
0.9999998079251475
0.9999998415238056
0.9999998721287005
0.9999989196733101
0.9999832972392906
0.9999900523157187
0.9999683463429507
0.9999655512674422
0.9999976357185546
0.9999991810542272
0.9999997265623598
0.9999997385589603
0.9999998004218167
0.9999966807643277
0.999954145938512
0.9999737899265586
0.9999379251727792
0.9999349282792915
0.9999969912751251
0.9999992456518016
0.9999998217064554
0.9999998064937312
0.9999997900815664
0.9999951120489085
0.9999814319646274
0.9999948383459496
0.9999810473721512
0.9999659848797428
0.9989920514360051
0.9995834982160128
0.9999282400668184
0.9997790480328103
0.9994791185532192
0.9979349628747474
0.996170266750188
0.9979199746805778
0.9950559048353027
0.9918127426994856
0.99300681141288
0.9961220844204061
0.9990975441043152
0.9972858809641783
0.99054617508974
0.9729845460789968
0.9604327559010248
0.9858580010927701
0.9659861807804225
0.9177849935319153
0.98541401033836
0.9882240841352585
0.9964419595894739
0.9963191595928524
0.9851903029162796
0.9348982372079293
0.92559956878662
0.9729639713266132
0.9544890777100448
0.9076180285295113
0.8533928822587633
0.8553251842303824
0.9188381498181731
0.9230172309039609
0.8283721564967755
0.7696939421361987
0.7583039802598742
0.790026002551099
0.7328427408382975
0.7186761648113064
0.7834160847209231
0.7247228100242245
0.8594974967897319
0.8546457850365251
0.8249069756720305
0.7523457265373154
0.7267371535004312
0.7442163364781668
0.7338941138502866
0.7170637429776855
0.7808926845212413
0.6736206268304252
0.7495769435219997
0.7371179021402863
0.7102256037840479
0.6033700744646942
0.6326024027144471
0.6464822239016907
0.6423652575155889
0.7129249965650123
0.8533626308300866
0.7664023343396141
0.8138295803551302
0.7927977999712106
0.768407959677018
0.6974064575624451
0.7294576364554329
0.7255486607918834
0.7028912669848107
0.7849498585395629
0.8247717971478381
0.7897594585694605
0.7915486854818885
0.7770478813951373
0.7728086814500934
0.7919286621182852
0.8048696530015933
0.7957723202906297
0.7513581328364078
0.7482602825825616
0.9259074630664788
0.907435022982274
0.8842825333837907
0.8963606536242323
0.877791916222793
0.9128548971966003
0.8976963218262369
0.8855773797906428
0.8744651017639313
0.8777181872995357
0.975295092909776
0.9779053077672061
0.9650091545368552
0.9798104202326946
0.9690662483191926
0.980465997585921
0.9715401685988136
0.9599995024146781
0.9637390056312947
0.967368319804363
0.9983939159481523
0.998872874312952
0.997462078767176
0.9992134863186896
0.9982392979098808
0.9991033176018835
0.9986060174849389
0.9972125467283368
0.9981229352712755
0.9987380925289251
0.9998414961581363
0.9999318695930931
0.9997734537427108
0.9999772299533872
0.9999372539221885
0.9999692351878989
0.99993539477598
0.9997053839437312
0.9997676279330968
0.9997519839248147
0.9999631445467543
0.9999878793664598
0.9999239040089128
0.9999968360069441
0.999994302287112
0.9999972776883476
0.9999969595076984
0.9999757480979536
0.9999572309333629
0.9999406670955736
0.9999998940117046
0.9999999999886247
0.9999999999430618
0.999999999999972
0.9999999999995597
0.9999999999998702
0.9999999999991191
0.999999999776209
0.9999999997211885
0.9999999992032208
0.9999999999645056
1.0
1.0
1.0
1.0
1.0
1.0
1.0
1.0
1.0
1.0
1.0
1.0
1.0
1.0
1.0
1.0
1.0
1.0
1.0
1.0
1.0
1.0
1.0
1.0
1.0
1.0
1.0
1.0
1.0
1.0
1.0
1.0
1.0
1.0
1.0
1.0
1.0
1.0
1.0
1.0
1.0
1.0
1.0
1.0
1.0
1.0
1.0
1.0
1.0
1.0
1.0
1.0
1.0
1.0
1.0
1.0
1.0
1.0
1.0
1.0
1.0
1.0
1.0
1.0
1.0
1.0
1.0
1.0
1.0
1.0
1.0
1.0
1.0
1.0
1.0
1.0
1.0
1.0
1.0
1.0
1.0
1.0
1.0
1.0
1.0
1.0
1.0
1.0
1.0
1.0
1.0
1.0
1.0
1.0
1.0
1.0
1.0
1.0
1.0
1.0
1.0
1.0
0.9999999999989245
1.0
1.0
1.0
1.0
1.0
1.0
1.0
0.999999999999999
0.9999999999999949
0.9999999977753076
0.9999999999420432
0.9999999998533966
0.9999999992871178
0.999999999867792
0.9999999996512674
0.9999999998683806
0.9999999667117203
0.9999878735616556
0.9999794431896144
0.9999135776750327
0.9999989811198147
0.999999043340267
0.9999922092260234
0.9999994087443698
0.9999993515385955
0.9999983789168692
0.9925659805971706
0.9574528529397949
0.960186935782249
0.9294161696554047
0.9982604078778065
0.9955714292514756
0.9909524206083385
0.9965677017933454
0.994851798304538
0.9792187562628984
0.9793365625288506
0.9303968312131567
0.9203214229267681
0.8671201337586468
0.9924134332717315
0.9834793073939391
0.9708689925126147
0.9855747072262689
0.9816322123158928
0.9520343989469112
0.9566869053981496
0.8926637639559245
0.8831834198003763
0.8353071249641171
0.9845563926335544
0.9679574239952936
0.9511699617724065
0.9711670579650018
0.9708300263983332
0.9342877577218761
0.9183519167694488
0.844398577028958
0.8126571742360074
0.761524074964895
0.949173738122066
0.9391964594919677
0.9253759949006256
0.9466944628769008
0.9419978247474522
0.8914980387347268
0.8297969934997095
0.7173159450823061
0.6979180937021888
0.6440825477119282
0.8500971397628174
0.8658874977454822
0.8648227237820918
0.8808084105926389
0.8742757990119213
0.818376898608688
0.7443380986513228
0.6200322237156578
0.5943025865487913
0.5614049863065398
0.763886438635163
0.8199030035889966
0.8051408889517438
0.8038851119574483
0.8190233396396768
0.7620874324353228
0.6470842902558384
0.4971268423938224
0.47452004917230606
0.46652774380018286
0.6127257131213646
0.7321832700166697
0.7170162947482506
0.6745223540682795
0.6983570760932328
0.6645430205398177
0.5186766100307537
0.396274164874256
0.35471485455494167
0.34692266596523724
0.4526212613883492
0.5448600994947244
0.5690228263752319
0.5411194766261486
0.5656015637175174
0.5305764003839362
0.28489052186740027
0.19439271760001764
0.15474598149958518
0.1543494336452914
0.21028345043628824
0.27979961788992114
0.27335205214585034
0.2503065455782183
0.3240724500945402
0.28169391589597703
0.0
0.0
0.0
0.0
0.0
0.0
0.0
0.0
0.0
0.0
0.0
0.0
0.0
0.0
0.0
0.0
0.0
0.0
0.0
0.0
0.0
0.0
0.0
0.0
0.0
0.0
0.0
0.0
0.0
0.0
0.0
0.0
0.0
0.0
0.0
0.0
0.0
0.0
0.0
0.0
0.0
0.0
0.0
0.0
0.0
0.0
0.0
0.0
0.0
0.0
0.0
0.0
0.0
0.0
0.0
0.0
0.0
0.0
0.0
0.0
0.0
0.0
0.0
0.0
0.0
0.0
0.0
0.0
0.0
0.0
0.0
0.0
0.0
0.0
0.0
0.0
0.0
0.0
0.0
0.0
0.0
0.0
0.0
0.0
0.0
0.0
0.0
0.0
0.0
0.0
0.0
0.0
0.0
0.0
0.0
0.0
0.0
0.0
0.0
0.0
0.0
0.0
0.0
0.0
0.0
0.0
0.0
0.0
0.0
0.0
0.0
0.0
0.0
0.0
0.0
0.0
0.0
0.0
0.0
0.0
0.0
0.0
0.0
0.0
0.0
0.0
0.0
0.0
0.0
0.0
0.0
0.0
0.0
0.0
0.0
0.0
0.0
0.0
0.0
0.0
0.0
0.0
0.0
0.0
0.0
0.0
0.0
0.0
0.0
0.0
0.0
0.0
0.0
0.0
0.0
0.0
0.0
0.0
0.0
0.0
0.0
0.0
0.0
0.0
0.0
0.0
0.0
0.0
0.0
0.0
0.0
0.0
0.0
0.0
0.0
0.0
0.0
0.0
0.0
0.0
0.0
0.0
0.0
0.0
0.0
0.0
0.0
0.0
0.0
0.0
0.0
0.0
0.0
0.0
0.0
0.0
0.0
0.0
0.0
0.0
0.0
0.0
0.0
0.0
0.0
0.0
0.0
0.0
0.0
0.0
0.0
0.0
0.0
0.0
0.0
0.0
0.0
0.0
0.0
0.0
0.0
0.0
0.0
0.0
0.0
0.0
0.0
0.0
0.0
0.0
0.0
0.0
0.0
0.0
0.0
0.0
0.0
0.0
0.0
0.0
0.0
0.0
0.0
0.0
0.0
0.0
0.0
0.0
0.0
0.0
0.0
0.0
0.0
0.0
0.0
0.0
0.0
0.0
0.0
0.0
0.0
0.0
0.0
0.0
0.0
0.0
0.0
0.0
0.0
0.0
0.0
0.0
0.0
0.0
0.0
0.0
0.0
0.0
0.0
0.0
0.0
0.0
0.0
0.0
0.0
0.0
0.0
0.0
0.0
0.0
0.0
0.0
0.0
0.0
0.0
0.0
0.0
0.0
0.0
0.0
0.0
0.0
0.0
0.0
0.0
0.0
0.0
0.0
0.0
0.0
0.0
0.0
0.0
0.0
0.0
0.0
0.0
0.0
0.0
0.0
0.0
0.0
0.0
0.0
0.0
0.0
0.0
0.0
0.0
0.0
0.0
0.0
0.0
0.0
0.0
0.0
0.0
0.0
0.0
0.0
0.0
0.0
0.0
0.0
0.0
0.0
0.0
0.0
0.0
0.0
0.0
0.0
0.0
0.0
0.0
0.0
0.0
0.0
0.0
0.0
0.0
0.0
0.0
0.0
0.0
0.0
0.0
0.0
0.0
0.0
0.0
0.0
0.0
0.0
0.0
0.0
0.0
0.0
0.0
0.0
0.0
0.0
0.0
0.0
0.0
0.0
0.0
0.0
0.0
0.0
0.0
0.0
0.0
0.0
0.0
0.0
0.0
0.0
0.0
0.0
0.0
0.0
0.0
0.0
0.0
0.0
0.0
0.0
0.0
0.0
0.0
0.0
0.0
0.0
0.0
0.0
0.0
0.0
0.0
0.0
0.0
0.0
0.0
0.0
0.0
0.0
0.0
0.0
0.0
0.0
0.0
0.0
0.0
0.0
0.0
0.0
0.0
0.0
0.0
0.0
0.0
0.0
0.0
0.0
0.0
0.0
0.0
0.0
0.0
0.0
0.0
0.0
0.0
0.0
0.0
0.0
0.0
0.0
0.0
0.0
0.0
0.0
0.0
0.0
0.0
0.0
0.0
0.0
0.0
0.0
0.0
0.0
0.0
0.0
0.0
0.0
0.0
0.0
0.0
0.0
0.0
0.0
0.0
0.0
0.0
0.0
0.0
0.0
0.0
0.0
0.0
0.0
0.0
0.0
0.0
0.0
0.0
0.0
0.0
0.0
0.0
0.0
0.0
0.0
0.0
0.0
0.0
0.0
0.0
0.0
0.0
0.0
0.0
0.0
0.0
0.0
0.0
0.0
0.0
0.0
0.0
0.0
0.0
0.0
0.0
0.0
0.0
0.0
0.0
0.0
0.0
0.0
0.0
0.0
0.0
0.0
0.0
0.0
0.0
0.0
0.0
0.0
0.0
0.0
0.0
0.0
0.0
0.0
0.0
0.0
0.0
0.0
0.0
0.0
0.0
0.0
0.0
0.0
0.0
0.0
0.0
0.0
0.0
0.0
0.0
0.0
0.0
0.0
0.0
0.0
0.0
0.0
0.0
0.0
0.0
0.0
0.0
0.0
0.0
0.0
0.0
0.0
0.0
0.0
0.0
0.0
0.0
0.0
0.0
0.0
0.0
0.0
0.0
0.0
0.0
0.0
0.0
0.0
0.0
0.0
0.0
0.0
0.0
0.0
0.0
0.0
0.0
0.0
0.0
0.0
0.0
0.0
0.0
0.0
0.0
0.0
0.0
0.0
0.0
0.0
0.0
0.0
0.0
0.0
0.0
0.0
0.0
0.0
0.0
0.0
0.0
0.0
0.0
0.0
0.0
0.0
0.0
0.0
0.0
0.0
0.0
0.0
0.0
0.0
0.0
0.0
0.0
0.0
0.0
0.0
0.0
0.0
0.0
0.0
0.0
0.0
0.0
0.0
0.0
0.0
0.0
0.0
0.0
0.0
0.0
0.0
0.0
0.0
0.0
0.0
0.0
0.0
0.0
0.0
0.0
0.0
0.0
0.0
0.0
0.0
0.0
0.0
0.0
0.0
0.0
0.0
0.0
0.0
0.0
0.0
0.0
0.0
0.0
0.0
0.0
0.0
0.0
0.0
0.0
0.0
0.0
0.0
0.0
0.0
0.0
0.0
0.0
0.0
0.0
0.0
0.0
0.0
0.0
0.0
0.0
0.0
0.0
0.0
0.0
0.0
0.0
0.0
0.0
0.0
0.0
0.0
0.0
0.0
0.0
0.0
0.0
0.0
0.0
0.0
0.0
0.0
0.0
0.0
0.0
0.0
0.0
0.0
0.0
0.0
0.0
0.0
0.0
0.0
0.0
0.0
0.0
0.0
0.0
0.0
0.0
0.0
0.0
0.0
0.0
0.0
0.0
0.0
0.0
0.0
0.0
0.0
0.0
0.0
0.0
0.0
0.0
0.0
0.0
0.0
0.0
0.0
0.0
0.0
0.0
0.0
0.0
0.0
0.0
0.0
0.0
0.0
0.0
0.0
0.0
0.0
0.0
0.0
0.0
0.0
0.0
0.0
0.0
0.0
0.0
0.0
0.0
0.0
0.0
0.0
0.0
0.0
0.0
0.0
0.0
0.0
0.0
0.0
0.0
0.0
0.0
0.0
0.0
0.0
0.0
0.0
0.0
0.0
0.0
0.0
0.0
0.0
0.0
0.0
0.0
0.0
0.0
0.0
0.0
0.0
0.0
0.0
0.0
0.0
0.0
0.0
0.0
0.0
0.0
0.0
0.0
0.0
0.0
0.0
0.0
0.0
0.0
0.0
0.0
0.0
0.0
0.0
0.0
0.0
0.0
0.0
0.0
0.0
0.0
0.0
0.0
0.0
0.0
0.0
0.0
0.0
0.0
0.0
0.0
0.0
0.0
0.0
0.0
0.0
0.0
0.0
0.0
0.0
0.0
0.0
0.0
0.0
0.0
0.0
0.0
0.0
0.0
0.0
0.0
0.0
0.0
0.0
0.0
0.0
0.0
0.0
0.0
0.0
0.0
0.0
0.0
0.0
0.0
0.0
0.0
0.0
0.0
0.0
0.0
0.0
0.0
0.0
0.0
0.0
0.0
0.0
0.0
0.0
0.0
0.0
0.0
0.0
0.0
0.0
0.0
0.0
0.0
0.0
0.0
0.0
0.0
0.0
0.0
0.0
0.0
0.0
0.0
0.0
0.0
0.0
0.0
0.0
0.0
0.0
0.0
0.0
0.0
0.0
0.0
0.0
0.0
0.0
0.0
0.0
0.0
0.0
0.0
0.0
0.0
0.0
0.0
0.0
0.0
0.0
0.0
0.0
0.0
0.0
0.0
0.0
0.0
0.0
0.0
0.0
0.0
0.0
0.0
0.0
0.0
0.0
0.0
0.0
0.0
0.0
0.0
0.0
0.0
0.0
0.0
0.0
0.0
0.0
0.0
0.0
0.0
0.0
0.0
0.0
0.0
0.0
0.0
0.0
0.0
0.0
0.0
0.0
0.0
0.0
0.0
0.0
0.0
0.0
0.0
0.0
0.0
0.0
0.0
0.0
0.0
0.0
0.0
0.0
0.0
0.0
0.0
0.0
0.0
0.0
0.0
0.0
0.0
0.0
0.0
0.0
0.0
0.0
0.0
0.0
0.0
0.0
0.0
0.0
0.0
0.0
0.0
0.0
0.0
0.0
0.0068528667960443546
0.0
0.0
0.0
0.0
0.0
0.0
0.0
0.01411412010855273
0.007954498168771251
0.04908666456948252
0.0
0.0
0.0
0.0
0.0
0.0
0.024982582066940595
0.1138479101107026
0.11099421235392914
0.13713630035273516
0.0
0.0
0.0
0.05918725489628296
0.005307849164202905
0.012669989334803011
0.13450924951049403
0.3385870379335336
0.26863879323363693
0.25870042419480765
0.0841961417799566
0.08231642207951384
0.08168140942364333
0.22424829939539223
0.1508801028445289
0.16498857012839063
0.3127052607378269
0.4212739709109712
0.2900023277217555
0.29433517001502474
0.13756448186944514
0.15129484745318356
0.19877278581062297
0.36993275061921627
0.21694468533902436
0.19323376808265316
0.3323736822090384
0.5067448950415462
0.39496257440164473
0.37462562265170063
0.28167231612337407
0.25931562627505134
0.3208299376747108
0.5127490161819054
0.31910521208783393
0.24944878244155896
0.3941074145274365
0.657263060368064
0.5868046519521602
0.5378087969685896
0.46828285829109273
0.41823930291997
0.47289123109205594
0.7100654250678894
0.5439042119713396
0.3962912443247116
0.47783680865324296
0.6582270153709425
0.6868917278242329
0.6302353783370136
0.5553584873160254
0.4843682205224621
0.4423820388351185
0.7866255995838467
0.5820651595607759
0.3838248092173258
0.45041623381917567
0.7284217222382936
0.7961238298427766
0.8173439791368171
0.7947880587799065
0.7369341820240071
0.661682268986616
0.9254022062080582
0.7803456129456758
0.6160763760314085
0.571403295690135
0.6924513033778477
0.7413002499793123
0.8349205305353686
0.8280061205554969
0.7265736894641854
0.6660169611633772
0.927274962642451
0.8020287539850656
0.647940337381552
0.5730153180895067
0.8090377980296259
0.8226675594484033
0.8954351352696455
0.9134132954191333
0.8618263241548452
0.7833967606596837
0.9790145364827715
0.8626169429649777
0.6743490184407833
0.641702638351859
0.8722251148762123
0.9024312023602504
0.9636203132094396
0.9695755863716803
0.9512199668810013
0.8908998056777842
0.9983680528896096
0.9484240124570589
0.809480523448531
0.8024879431870474
0.9508670375185885
0.9545100557750131
0.9876831175386784
0.990102453835462
0.9830766267860596
0.9501295026071389
0.999706733987961
0.9814961996203696
0.9214832445096905
0.912261822300713
0.990263615147691
0.9895603472162451
0.9991330471230327
0.9995023849251656
0.9983671083469773
0.9921145082265748
0.9999896420892136
0.9975670050079266
0.9873507278787578
0.9793477990159818
0.9959943135755843
0.9942417646135053
0.9995228092430328
0.9997714154435718
0.9985464364645648
0.9948559524507875
0.9999879969748668
0.99868564245606
0.9939488215706352
0.9875701917000109
0.9977637881896813
0.99548551625806
0.9997798143138147
0.9993397368638115
0.9978413925138367
0.9929944027951496
0.9999750082970708
0.9986035278693843
0.9959878533412474
0.9919616765847465
0.9996011517804131
0.9969434565931911
0.9998284236101965
0.9984724093424275
0.9958500999469058
0.988567966537624
0.9999016603808115
0.9968873267071736
0.9975368565027971
0.9952386728388605
0.9999526422085584
0.9978625645249184
0.9998960344827633
0.9980064032969042
0.9957388845846364
0.9921446450553965
0.9999106671739721
0.9983267190409629
0.9993868626303357
0.9983395713941732
0.9999963129440642
0.998671707098968
0.9999161883218256
0.9966752186864355
0.9959808079752521
0.9931093410210344
0.9998618424544364
0.9984022263209592
0.9992407521265104
0.998824317859287
0.999999935954826
0.9997855226528864
0.999982712589761
0.9983427858067806
0.9992912481380816
0.99721462687692
0.9999810896444787
0.9996403672907699
0.999645403684252
0.9996538812756023
0.9999776776839788
0.998472359714944
0.9996452265446087
0.9864952902852715
0.9880769549609584
0.9815729709214291
0.9940411963436273
0.9955742983740685
0.9980356227348701
0.9964799577533043
0.99999502686531
0.9994429970575512
0.9998840481760212
0.9975945310616828
0.9935528101878895
0.9917356313936496
0.9995230460844152
0.9967144628216152
0.9995750540540654
0.9968269950260272
0.9999995468099001
0.9997251388346899
0.9999826325726349
0.9993275913355981
0.9932810631140218
0.9966433246206228
0.9997764311158506
0.9975367842657936
0.9994606160526232
0.994659305173015
0.9999998873989603
0.999855833787151
0.99995141928018
0.9980975501884237
0.992105655080856
0.9950127112720337
0.9998327811299074
0.994884727081125
0.9989219305179616
0.9956899727784608
0.9999999955742052
0.9999964209282652
0.9999980176266968
0.9998583799968912
0.9995427611987568
0.9994918279595293
0.9999913937298063
0.9993890086405464
0.99991922130079
0.9997365431402206
0.9999999996062563
0.9999995820322213
0.9999990109139858
0.9999673774556168
0.9997873826463557
0.9998587129172899
0.9999947872098071
0.9996855071384236
0.9999245727339949
0.9998302715498408
0.9999999985988071
0.9999993320842286
0.9999989882165952
0.9999827616880389
0.9998606168705602
0.9999198291710296
0.9999988780571584
0.9998264649331878
0.9998607054312895
0.9996500126392492
0.9999999957316504
0.9999993927248815
0.99999861121582
0.9999997565092184
0.9999492423540195
0.999987648951988
0.9999996140406748
0.9998732553873924
0.9999135211735
0.9998140696317971
0.999999949961751
0.9999997608635524
0.9999990573412076
0.9999999755459232
0.9999887855635256
0.9999962401736968
0.9999997338460151
0.9997691738815164
0.9999771409288912
0.9998585108565472
0.9999996537965664
0.999999833387658
0.999999512168536
0.9999999892430234
0.9999965884902448
0.99999936129135
0.9999999480701373
0.9998633156833217
0.9999966361858904
0.9999225119325248
0.9999999117793341
0.9999999874748025
0.9999998653557453
0.9999999994896641
0.9999992774659298
0.9999997714334874
0.9999999807189267
0.9999254641764752
0.9999993144754776
0.9999852308785258
0.9999999906738074
0.9999999995472194
0.9999999633124694
0.9999999988603968
0.9999999817789299
0.9999999908016739
0.9999923241385933
0.9999983477469144
0.9999999603123528
0.9999998762829572
0.9999991956335541
0.9999999987511404
0.9999961013931531
0.999999944720154
0.9999999844826823
0.9999999858140286
0.9999938086363129
0.9999994626158664
0.9999999972941973
0.9999999937193212
0.9997882023400626
0.9999967726897301
0.9997437900147117
0.9999962467477049
0.9999935160269616
0.9999986926869091
0.9997703395194216
0.9999445967468542
0.9999969883298403
0.9999943021704297
0.9987959443465795
0.9998719862061964
0.9981631968216252
0.9999438315031944
0.9997895392060493
0.9999668055660696
0.9992677486303808
0.9993507187803528
0.9999719359417613
0.9997267633944936
0.9991240309370163
0.9998716181754952
0.9989008957249536
0.9999719173639001
0.9999808762460484
0.9999976450920764
0.9999122768497003
0.9999650476614109
0.9999991781935031
0.9999737910672801
0.9988611755081988
0.9998192369032732
0.9994418940830656
0.9999926117609664
0.999995042978492
0.999999028885806
0.9999443603687616
0.999993822472872
0.9999999087223168
0.9999951500539325
0.9996254960319104
0.999906794999179
0.999790308905484
0.9999822069044864
0.9999999217901373
0.999999947828265
0.9999995771184178
0.9999998074939409
0.9999999930773635
0.9999973007065267
0.9995222759174422
0.9997961264257204
0.9998897810644531
0.9999940966339299
0.9999999138639123
0.9999999764986306
0.9999999329269897
0.9999999953073225
0.9999999900752877
0.9999994834953992
0.999911372331248
0.9999762656110504
0.9999246025355525
0.9999997622925795
0.9999999687236768
0.99999999598622
0.9999999181795555
0.9999999993887975
0.9999999986363117
0.9999999726268975
0.9999258475856477
0.9999367353636643
0.9997262045209101
0.9999992959226942
0.9999998942144948
0.9999999944497167
0.9999999502219581
0.9999999999001192
0.999999990093013
0.9999997885291984
0.9993659956951122
0.9986414036967677
0.9965777838429069
0.9999616051062327
0.9999763908175235
0.9999998266673875
0.999999755600041
0.9999999970647294
0.9999976637624554
0.99995253806498
0.999649908384938
0.9989495337931339
0.9994740391001411
0.999988232385399
0.9999629517362093
0.9999995845299373
0.9999991908136752
0.9999999968722671
0.9999976232037493
0.9999908025585644
0.9999886784209217
0.9998943335816355
0.9999777385900201
0.999999547585766
0.9999984854380256
0.9999999784902404
0.9999999776530789
0.9999999999981043
0.9999999558913616
0.9999997540215337
0.9999989660730366
0.9999897440913722
0.9999944080761651
0.9999995798628017
0.9999975733566826
0.9999999919146159
0.9999999214096548
0.9999999999999626
0.9999999937390077
0.9999999759902352
0.9999909035697726
0.9999682574634308
0.9999738989881971
0.9999968034906234
0.9999690248976305
0.9999997343892592
0.999998869929135
0.9999999989567768
0.999999369507645
0.99999659207836
0.999996496674982
0.9999943185018595
0.9999922937977784
0.9999979154638403
0.9999929295019219
0.999999978275896
0.9999984494719075
0.9999999986799252
0.999999791203544
0.9999988632285832
0.9999678919470979
0.9999828847868752
0.999986642710048
0.9998961720881587
0.9995250200038776
0.9999947082207516
0.9988049124169424
0.9999995089666607
0.9999917103551088
0.9999956378222729
0.9999928441825258
0.9999924184412264
0.9999858752456526
0.9999294368281852
0.9994087650312288
0.9999875175566612
0.9979111512802211
0.9999965163771507
0.9999957233043016
0.999990960298844
0.9997622285105178
0.9994941036281368
0.9997810587518592
0.9981334916291464
0.9909334892511357
0.9994627547674884
0.994488310418942
0.999891734188321
0.9999183554706684
0.9997563108493664
0.9995756523799576
0.999385367815524
0.9998540213499523
0.99778551618393
0.9914428893546077
0.999328485669644
0.99490870282396
0.9996653255734111
0.9998428662838549
0.9996713866967235
0.9995851775827232
0.999233613689026
0.9999041566253525
0.9968831762765856
0.9893254057492606
0.9958325095345912
0.9854154195609793
0.9947701996362146
0.9987724878827939
0.9993412864329443
0.9985061349324099
0.9973531093749597
0.9967311977864383
0.9870521452428888
0.9804468775657059
0.9884374880197082
0.9824604866228288
0.9771997107575991
0.9924166285555938
0.9873629281130352
0.9814935943910968
0.9899525681798776
0.9922301657682772
0.9793183919443889
0.9694763771957614
0.9818811963306932
0.9735222138261768
0.939476593437672
0.9801523065875757
0.9735091731061424
0.9585612108435184
0.9611402684349006
0.9845376031312428
0.9773958988354512
0.9697306503197604
0.9737499728232174
0.9794227704769677
0.884875663437232
0.9455267879911533
0.9543168606569928
0.9849527289923296
0.9786273961934328
0.9887167449835085
0.986738227568687
0.9751510023513584
0.9648213931979255
0.9815419555203334
0.8989967172989956
0.951439865268887
0.9670858287632429
0.98535348296736
0.9756136711646136
0.9882141510798381
0.9882882569608867
0.9628200371339432
0.9376677548841523
0.9785301986344195
0.8699851272865566
0.9186756877044195
0.9711141817045896
0.9873693403054751
0.9751721150321924
0.9866547565927432
0.987971786168336
0.9600211653867184
0.9155291036200572
0.975826657711756
0.874540322099478
0.9204385614931871
0.9730175014961475
0.9614288924734816
0.9234151207559808
0.9468673244533552
0.9164773477118262
0.8837180994421768
0.8204844458021373
0.940162501047848
0.7864031909251243
0.8267585846419084
0.9339735136715213
0.9591060960087218
0.9122234313518096
0.9539821278586328
0.9205212498038359
0.8926591316546508
0.82542603557054
0.93556719861897
0.7901997907381881
0.8490007742994966
0.9364235503795337
0.9741480817190536
0.9386458181434862
0.9569711129914856
0.9300710290009196
0.9150727436626999
0.8455441195777458
0.9366813997140211
0.8046132277392819
0.8785636440406963
0.9572231008146995
0.9765000471048016
0.9556827988317017
0.9450076904862752
0.9265336241539955
0.927974030495656
0.8432627324509148
0.9447707856234367
0.8398370241072117
0.8875778246639903
0.9655941831041427
0.9839578172323656
0.981058971599713
0.9749161031300136
0.9647336991894483
0.9495510271883091
0.898133226120198
0.9728942738528352
0.8378984150319492
0.951568487795644
0.9876409727542567
0.9890113012389694
0.9691432097083632
0.9420685606615795
0.9418433910160678
0.917206494934964
0.8453308916850899
0.9659952720497945
0.8316817262511513
0.9542899986268812
0.9793959408236285
0.9922681087293491
0.9671182830209714
0.958653891474262
0.9517043867913144
0.9380147647696888
0.8853805149137409
0.9771692261082912
0.8593419056092718
0.9746287467902132
0.9832138154074604
0.9890360911637593
0.9509917280474419
0.978244977248297
0.9860451979111882
0.9715890348527004
0.9433963335484581
0.9785277535368831
0.9035264539762552
0.9824515668350926
0.9948481837070621
0.99327762011456
0.9449712437256403
0.9680212696902094
0.9833526492613321
0.9771510613351084
0.9659735851706122
0.9852609421788576
0.9254954135232123
0.9933208582439741
0.9914246385631327
0.9996458440771261
0.9828088785721347
0.9977467133745715
0.997174904959777
0.9983025779488106
0.9968510272851296
0.9954716187879871
0.9783168812801952
0.996827784656939
0.9990211652073344
0.9999962021717419
0.9929541758715934
0.999670739236082
0.998970348936305
0.9996867347138695
0.9992826454343288
0.9981457648723246
0.9916971110013912
0.9992750214276784
0.9997265903440448
0.9999999529944625
0.9995285326629939
0.9999259571613854
0.9997326665139226
0.9999425601748976
0.9999311883734828
0.9999425799371987
0.9998967238873889
0.9999624362703473
0.9999923884071261
0.9999999999999261
0.9999999962410893
0.999999967990149
0.999999989421393
0.9999999832659331
0.9999950584905176
0.9999986789237357
0.9999995184915361
0.9999997670214334
0.9999999983599066
1.0
0.9999999999263736
0.9999999957597725
0.9999999993002208
0.9999999983698763
0.9999993573695197
0.9999996041029059
0.9999996633782288
0.9999999755120397
0.9999999998586068
0.9999999999999997
0.9999999991726867
0.9999999882113602
0.9999999990356483
0.9999999995670477
0.9999998218282723
0.999994186585952
0.9999999698278762
0.9999999176669678
0.9999999991643104
1.0
0.9999999999488832
0.9999999997805027
0.9999999999506202
0.9999999999821858
0.9999999917318294
0.9999959046820353
0.9999999613102405
0.999999418553042
0.9999999998995904
1.0
0.9999999999918496
0.9999999999492784
0.9999999999270409
0.9999999999842275
0.9999999988561774
0.9999991904114212
0.9999999569620981
0.9999986247920464
0.9999999999761998
1.0
0.999999999979672
0.9999999998277432
0.9999999676505223
0.9999999997998441
0.9999999951005107
0.9999997869603368
0.9999999214667568
0.9999995015458463
0.999999999945017
1.0
0.9999999999967166
0.9999999999992334
0.9999999995954457
0.999999999999928
0.9999999999954429
0.9999999948471024
0.9999999993674542
0.9999999917417478
0.999999999999993
0.999999999999988
0.9999999985309171
0.9999999964335293
0.9999999984613543
0.9999999999824387
0.9999999955553934
0.9999999873106945
0.9999999744861261
0.9999999991788069
0.999999999999924
0.99999999985505
0.9999999998378589
0.9999999998238822
0.9999999999832792
0.9999999999991571
0.9999999998216784
0.9999999983214455
0.9999999964861644
0.9999999999602152
1.0
0.9999999997736688
0.9999999998307123
1.0
1.0
0.9999999999999997
0.9999999991973365
0.9999999346123554
0.9998401545108688
0.9999999997969272
1.0
0.9999840754241633
0.9987038471292852
0.999999999999644
0.9999999938518128
0.9999999512017904
0.9999999999771793
0.9999998690620115
0.9983021377633987
0.999999994379045
0.999999999995238
0.9999996486958302
0.9998411318219032
1.0
0.9999999999983608
0.9999999999969158
0.9999999999999993
0.9999999995350431
0.9999250620929202
0.9999999999997621
0.9999999999999843
0.999999682283
0.9998203803220976
1.0
0.9999999999930291
0.9999999999918678
0.9999999999998861
0.9999999987779437
0.9998916634764946
0.9999999999988126
0.9999999999998412
0.9999987884976045
0.9999373673592112
1.0
0.9999999999989932
0.99999999999922
0.9999999999984056
0.9999999992026845
0.9999787494815632
0.9999999999998016
0.9999999999996096
0.9999994954128087
0.9999976349628448
1.0
0.9999999999999917
1.0
0.9999999999999144
0.9999999999476928
0.9999997352467251
0.9999999999999939
0.9999999999999613
0.9999885231463499
0.999999416698921
1.0
0.9999999999999997
1.0
0.9999999999999984
0.9999999999593264
0.9999999907007261
0.9999999999999986
0.9999999999791916
0.9999895754787418
0.9999992698109914
0.9999999999999942
0.999999999999243
0.9999999999969696
0.9999999973538531
0.9999999957250704
0.9999989651130224
0.9999999998463581
0.9999998175452941
0.9999957842428208
0.9999999280091028
0.9999999999998803
0.9999999999943838
0.999999999448904
0.999999993174624
0.9999999979082544
0.9999998349305107
0.9999999999909416
0.9999989764345978
0.999999430598409
0.9999999934138105
0.9999999999999927
0.9999999999952256
0.999999999065389
0.9999999962555555
0.9999999999394534
0.9999999599727981
0.9999999999253512
0.9999163416612024
0.9999999366397425
0.9999999815520733
0.9999999780173608
0.9999999841199136
0.9999999998996184
1.0
1.0
1.0
0.9999999999992344
0.9999756340279164
0.9999992534716979
0.9999991624261841
0.9999870992920573
0.9999782573615777
0.9999999995981447
0.9999999999998643
1.0
1.0
0.9999999999326207
0.9997653444827893
0.9997358434969187
0.9999727957148336
0.9999388492844032
0.9993875092549321
0.9999834022220871
0.9999999520713425
0.9999999999999901
0.9999999999999993
0.9999993525428179
0.9993424734537805
0.9997599449321757
0.999992656016212
0.9999874595821951
0.9998348569210656
0.9999977397718088
0.9999999935807892
1.0
1.0
0.9999999518557197
0.9998228005342376
0.9999101956776496
0.9999991417376916
0.9999840127086967
0.9998871179172675
0.9999984507243233
0.9999999990271269
1.0
1.0
0.9999999921876324
0.9999208920162942
0.9999989040883249
1.0
0.9999999999999987
0.9999999995816417
0.9999999999999909
1.0
1.0
1.0
1.0
0.9999999990803454
0.9999999999999984
1.0
1.0
1.0
1.0
1.0
1.0
1.0
1.0
1.0
0.9999999999999982
1.0
1.0
1.0
1.0
1.0
1.0
1.0
1.0
1.0
0.9999999999999992
1.0
1.0
1.0
1.0
1.0
1.0
1.0
1.0
1.0
1.0
1.0
1.0
1.0
1.0
1.0
1.0
1.0
1.0
1.0
1.0
1.0
1.0
1.0
1.0
1.0
1.0
1.0
1.0
1.0
1.0
1.0
1.0
1.0
1.0
1.0
1.0
1.0
1.0
1.0
1.0
1.0
1.0
1.0
1.0
1.0
1.0
1.0
1.0
1.0
1.0
1.0
1.0
1.0
1.0
1.0
1.0
1.0
1.0
1.0
1.0
1.0
1.0
1.0
1.0
1.0
1.0
1.0
1.0
1.0
1.0
0.9999999999875605
1.0
1.0
1.0
0.9999999999999949
0.9999999999998926
0.999999999999995
1.0
1.0
0.999999984482238
0.9999319589855448
0.9999999999400465
0.9999999999366205
0.9999999884735824
0.9999866584472435
0.999994117830942
0.9999608599481614
0.9999999151531864
0.9999999992495763
0.99999999367364
0.9999375960059464
0.9999999999417148
0.9999999999397516
0.9999999895050112
0.9999858611765117
0.9999920373099641
0.9999683448327183
0.9999999456276557
0.9999999996627118
0.9999999999944889
0.999984136532464
0.9999999999997763
0.9999999999997969
0.9999999980503149
0.9999996816224389
0.9999995537774312
0.999989714401398
0.9999999954677375
0.999999999997284
0.8991775113511741
0.8724207993591844
0.8287871337887993
0.728626467461625
0.6733845264886743
0.8917416382377114
0.9621595341490896
0.862663100437622
0.9817685637057597
0.9636906553805015
0.9155554209060989
0.8685866771489491
0.8032071127366343
0.7345039129845933
0.6797259029166903
0.8961390412467145
0.9644614890328401
0.8969908067955799
0.9821694993500467
0.9572549568874408
0.8151175638378579
0.6588884681991668
0.5578441283026113
0.5039461339833137
0.36497863971031136
0.744917459803205
0.8592383916180618
0.6884371420971395
0.9391245768226979
0.8992029796998715
0.840123731556801
0.656688834019196
0.5784963983683545
0.5336246405717754
0.3911433693614836
0.7713551651981914
0.8810744773790875
0.7206208742829994
0.9517815671083264
0.9101820926831248
0.8255663234602757
0.6377222875551584
0.5595132012034322
0.5210324447796928
0.37270738415415666
0.764543120827112
0.8691544718509424
0.7121155570184912
0.9374882272129175
0.892301563657021
0.7730643631951982
0.5542516582310187
0.4629078310459713
0.4528629743127588
0.2707069053530713
0.6962375648924217
0.5791919052305421
0.558720132603285
0.6592936323092029
0.6578484911879139
0.718835581035076
0.4587202235751142
0.3855952268487971
0.3759527333304485
0.22569585718565577
0.5979098514036523
0.5686085867549038
0.5483987264047712
0.6159973843820776
0.5816690150408025
0.5829025460526528
0.28039416592015654
0.2890993956581378
0.31932427979993194
0.1653975354493059
0.44785318402205326
0.4720555633078086
0.45244901149866706
0.4242467036712616
0.4427014890661356
0.5523630467857473
0.26024762780931865
0.28612689495676946
0.31651222061626805
0.15673818120623884
0.435790836744934
0.46365063882265783
0.42142446885360174
0.3959671252585311
0.4128556666026884
0.2504613542988592
0.10364970306406784
0.03435707417678291
0.10315968619272577
0.037799149658386925
0.11750632364179849
0.21527412058857087
0.29597249199856535
0.21223574478169205
0.13978936945050724
0.1495053551205938
0.026729580849224832
0.0
0.03748194492150458
0.0015133184312123849
0.03238670444776515
0.1532680861964529
0.23820255836304016
0.1678175037897811
0.07519092852085696
0.046730312503987285
0.0
0.0
0.0
0.0
0.0
0.047239752953493135
0.07722174219306675
0.06674808502704753
0.0
0.09443698619702
0.00021659061423573436
0.0
0.0
0.0
0.0
0.04668423637416508
0.08748539829544243
0.06709928887723238
0.0
0.016724109481754512
0.0
0.0
0.0
0.0
0.0
0.0
0.01349204498208112
0.0
0.0
0.008319136583999964
0.0
0.0
0.0
0.0
0.0
0.0
0.0023639560423009964
0.0
0.0
0.008749572273433648
0.0
0.0
0.0
0.0
0.0
0.0
0.0
0.0
0.0
0.0
0.0
0.0
0.0
0.0
0.0
0.0
0.0
0.0
0.0
0.0
0.0
0.0
0.0
0.0
0.0
0.0
0.0
0.0
0.0
0.0
0.0
0.0
0.0
0.0
0.0
0.0
0.0
0.0
0.0
0.0
0.0
0.0
0.0
0.0
0.0
0.0
0.0
0.0
0.0
0.0
0.0
0.0
0.0
0.0
0.0
0.0
0.0
0.0
0.0
0.14816745207040305
0.0
0.0
0.0
0.0
0.0
0.0
0.0
0.018874425135681046
0.0
0.08112923092001656
0.0
0.0
0.0
0.0
0.0
0.0
0.0
0.001674500947721036
0.0
0.09468076641160106
0.0
0.0
0.0
0.0
0.0
0.0
0.0
0.005258743152859791
0.0
0.09973304832277674
0.0
0.0
0.0
0.0
0.0
0.0
0.0
0.025197171151309927
0.0
0.07138733145070697
0.0
0.0
0.0
0.0
0.0
0.0
0.0
0.010400983469831536
0.0
0.07266980177060978
0.0
0.0
0.0
0.0
0.0
0.0
0.0
0.00670920236161332
0.0
0.06597683594452086
0.0
0.0
0.0
0.0
0.0
0.0
0.0
0.0
0.0
0.05729624591930471
0.0
0.0
0.0
0.0
0.0
0.0
0.0
0.0
0.0
0.03588988259837034
0.0
0.0
0.0
0.0
0.0
0.0
0.0
0.0
0.0
0.019327060893739367
0.0
0.0
0.0
0.0
0.0
0.0
0.0
0.0
0.0
0.0
0.0
0.0
0.0
0.0
0.0
0.0
0.0
0.0
0.0
0.0
0.0
0.0
0.0
0.0
0.0
0.0
0.0
0.0
0.0
0.0
0.0
0.0
0.0
0.0
0.0
0.0
0.0
0.0
0.0
0.0
0.0
0.0
0.0
0.0
0.0
0.0
0.0
0.0
0.0
0.0
0.0
0.0
0.0
0.0
0.0
0.0
0.0
0.0
0.0
0.0
0.0
0.0
0.0
0.0
0.0
0.0
0.0
0.0
0.0
0.0
0.0
0.0
0.0
0.0
0.0
0.0
0.0
0.0
0.0
0.0
0.0
0.0
0.0
0.0
0.0
0.0
0.0
0.0
0.0
0.0
0.0
0.0
0.0
0.0
0.0
0.0
0.0
0.0
0.0
0.0
0.0
0.0
0.0
0.0
0.0
0.0
0.0
0.0
0.0
0.0
0.0
0.0
0.0
0.0
0.0
0.0
0.0
0.0
0.0
0.0
0.0
0.0
0.0
0.0
0.0
0.0
0.0
0.0
0.0
0.0
0.0
0.0
0.0
0.0
0.0
0.0
0.0
0.0
0.0
0.0
0.0
0.0
0.0
0.0
0.0
0.0
0.0
0.0
0.0
0.0
0.0
0.0
0.0
0.0
0.0
0.0
0.0
0.0
0.0
0.0
0.0
0.0
0.0
0.0
0.0
0.0
0.0
0.0
0.0
0.0
0.0
0.0
0.0
0.0
0.0
0.0
0.0
0.0
0.0
0.0
0.0
0.0
0.0
0.0
0.0
0.0
0.0
0.0
0.0
0.0
0.0
0.0
0.0
0.0
0.0
0.0
0.0
0.0
0.0
0.0
0.0
0.0
0.0
0.0
0.0
0.0
0.0
0.0
0.0
0.0
0.0
0.0
0.0
0.0
0.0
0.0
0.0
0.0
0.0
0.0
0.0
0.0
0.0
0.0
0.0
0.0
0.0
0.0
0.0
0.0
0.0
0.0
0.0
0.0
0.0
0.0
0.0
0.0
0.0
0.0
0.0
0.0
0.0
0.0
0.0
0.0
0.0
0.0
0.0
0.0
0.0
0.0
0.0
0.0
0.0
0.0
0.0
0.0
0.0
0.0
0.0
0.0
0.0
0.0
0.0
0.0
0.0
0.0
0.0
0.0
0.0
0.0
0.0
0.0
0.0
0.0
0.0
0.0
0.0
0.0
0.0
0.0
0.0
0.0
0.0
0.0
0.0
0.0
0.0
0.0
0.0
0.0
0.0
0.0
0.0
0.0
0.0
0.0
0.0
0.0
0.0
0.0
0.0
0.0
0.0
0.0
0.0
0.0
0.0
0.0
0.0
0.0
0.0
0.0
0.0
0.0
0.0
0.0
0.0
0.0
0.0
0.0
0.0
0.0
0.0
0.0
0.0
0.0
0.0
0.0
0.0
0.0
0.0
0.0
0.0
0.0
0.0
0.0
0.0
0.0
0.0
0.0
0.0
0.0
0.0
0.0
0.0
0.0
0.0
0.0
0.0
0.0
0.0
0.0
0.0
0.0
0.0
0.0
0.0
0.0
0.0
0.0
0.0
0.0
0.0
0.0
0.0
0.0
0.0
0.0
0.0
0.0
0.0
0.0
0.0
0.0
0.0
0.0
0.0
0.0
0.0
0.0
0.0
0.0
0.0
0.0
0.0
0.0
0.0
0.0
0.0
0.0
0.0
0.0
0.0
0.0
0.0
0.0
0.0
0.0
0.0
0.0
0.0
0.0
0.0
0.0
0.0
0.0
0.0
0.0
0.0
0.0
0.0
0.0
0.0
0.0
0.0
0.0
0.0
0.0
0.0
0.0
0.0
0.0
0.0
0.0
0.0
0.0
0.0
0.0
0.0
0.0
0.0
0.0
0.0
0.0
0.0
0.0
0.0
0.0
0.0
0.0
0.0
0.0
0.0
0.0
0.0
0.0
0.0
0.0
0.0
0.0
0.0
0.0
0.0
0.0
0.0
0.0
0.0
0.0
0.0
0.0
0.0
0.0
0.0
0.0
0.0
0.0
0.0
0.0
0.0
0.0
0.0
0.0
0.0
0.0
0.0
0.0
0.0
0.0
0.0
0.0
0.0
0.0
0.0
0.0
0.0
0.0
0.0
0.0
0.0
0.0
0.0
0.0
0.0
0.0
0.0
0.0
0.0
0.0
0.0
0.0
0.0
0.0
0.0
0.0
0.0
0.0
0.0
0.0
0.0
0.0
0.0
0.0
0.0
0.0
0.0
0.0
0.0
0.0
0.0
0.0
0.0
0.0
0.0
0.0
0.0
0.0
0.0
0.0
0.0
0.0
0.0
0.0
0.0
0.0
0.0
0.0
0.0
0.0
0.0
0.0
0.0
0.0
0.0
0.0
0.0
0.0
0.0
0.0
0.0
0.0
0.0
0.0
0.0
0.0
0.0
0.0
0.0
0.0
0.0
0.0
0.0
0.0
0.0
0.0
0.0
0.0
0.0
0.0
0.0
0.0
0.0
0.0
0.0
0.0
0.0
0.0
0.0
0.0
0.0
0.0
0.0
0.0
0.0
0.0
0.0
0.0
0.0
0.0
0.0
0.0
0.0
0.0
0.0
0.0
0.0
0.0
0.0
0.0
0.0
0.0
0.0
0.0
0.0
0.0
0.0
0.0
0.0
0.0
0.0
0.0
0.0
0.0
0.0
0.0
0.0
0.0
0.0
0.0
0.0
0.0
0.0
0.0
0.0
0.0
0.0
0.0
0.0
0.0
0.0
0.0
0.0
0.0
0.0
0.0
0.0
0.0
0.0
0.0
0.0
0.0
0.0
0.0
0.0
0.0
0.0
0.0
0.0
0.0
0.0
0.0
0.0
0.0
0.0
0.0
0.0
0.0
0.0
0.0
0.0
0.0
0.0
0.0
0.0
0.0
0.0
0.0
0.0
0.0
0.0
0.0
0.0
0.0
0.0
0.0
0.0
0.0
0.0
0.0
0.0
0.0
0.0
0.0
0.0
0.0
0.0
0.0
0.0
0.0
0.0
0.0
0.0
0.0
0.0
0.0
0.0
0.0
0.0
0.0
0.0
0.0
0.0
0.0
0.0
0.0
0.0
0.0
0.0
0.0
0.0
0.0
0.0
0.0
0.0
0.0
0.0
0.0
0.0
0.0
0.0
0.0
0.0
0.0
0.0
0.0
0.0
0.0
0.0
0.0
0.0
0.0
0.0
0.0
0.0
0.0
0.0
0.0
0.0
0.0
0.0
0.0
0.0
0.0
0.0
0.0
0.0
0.0
0.0
0.0
0.0
0.0
0.0
0.0
0.0
0.0
0.0
0.0
0.0
0.0
0.0
0.0
0.0
0.0
0.0
0.0
0.0
0.0
0.0
0.0
0.0
0.0
0.0
0.0
0.0
0.0
0.0
0.0
0.0
0.0
0.0
0.0
0.0
0.0
0.0
0.0
0.0
0.0
0.0
0.0
0.0
0.0
0.0
0.0
0.0
0.0
0.0
0.0
0.0
0.0
0.0
0.0
0.0
0.0
0.0
0.0
0.0
0.0
0.0
0.0
0.0
0.0
0.0
0.0
0.0
0.0
0.0
0.0
0.0
0.0
0.0
0.0
0.0
0.0
0.0
0.0
0.0
0.0
0.0
0.0
0.0
0.0
0.0
0.0
0.0
0.0
0.0
0.0
0.0
0.0
0.0
0.0
0.0
0.0
0.0
0.0
0.0
0.0
0.0
0.0
0.0
0.0
0.0
0.0
0.0
0.0
0.024122557692855873
0.0
0.0
0.0
0.0
0.0
0.0
0.0
0.0
0.0
0.0
0.0
0.0
0.0
0.0
0.0
0.0
0.0
0.0
0.0
0.0
0.0
0.0
