Torsk
0.0
0.0
0.0
0.0
0.0
0.0
0.0
0.0
0.0
0.0
0.0
0.0
0.0
0.0
0.0
0.0
0.0
0.0
0.0
0.0
0.0
0.0
0.0
0.0
0.0
0.0
0.0
0.0
0.0
0.0
0.0
0.0
0.0
0.0
0.0
0.0
0.0
0.0
0.0
0.0
0.0
0.0
0.0
0.0
0.0
0.0
0.0
0.0
0.0
0.0
0.0
0.0
0.0
0.0
0.0
0.0
0.0
0.0
0.0
0.0
0.0
0.0
0.0
0.0
0.0
0.0
0.0
0.0
0.0
0.0
0.0
0.0
0.0
0.0
0.0
0.0
0.0
0.0
0.0
0.0
0.0
0.0
0.0
0.0
0.0
0.0
0.0
0.0
0.0
0.0
0.0
0.0
0.0
0.0
0.0
0.0
0.0
0.0
0.0
0.0
0.0
0.0
0.0
0.0
0.0
0.0
0.0
0.0
0.0
0.0
0.0
0.0
0.0
0.0
0.0
0.0
0.0
0.0
0.0
0.0
0.0
0.0
0.0
0.0
0.0
0.0
0.0
0.0
0.0
0.0
0.0
0.0
0.0
0.0
0.0
0.0
0.0
0.0
0.0
0.0
0.0
0.0
0.0
0.0
0.0
0.0
0.0
0.0
0.0
0.0
0.0
0.0
0.0
0.0
0.0
0.0
0.0
0.0
0.0
0.0
0.0
0.0038580167786584903
0.0
0.0
0.0
0.0
0.0
0.0
0.006172237570476136
0.0
0.0
0.0
0.0
0.0
0.0
0.0
0.0
0.0
0.004558171484472351
0.0
0.0
0.028154162975181477
0.0
0.0
0.010215598254636917
0.002535723844026782
0.0
0.0
0.20932283377721883
0.0
0.0
0.05739532616032961
0.0018728613421329363
0.014326696005451776
0.028442454316653376
0.02186860951935665
0.0
0.0
0.27626425689195344
0.0
0.0
0.07432869797843411
0.013475895638107027
0.0345776841233576
0.0488586085154783
0.042456886393097526
0.0
0.0
0.3478618479719404
0.0
0.0
0.08350343908200508
0.021060023260542127
0.03908361907482072
0.05250981640853902
0.04555294854353376
0.0
0.0
0.3473944592718543
0.0
0.0
0.024105058846605295
0.0
0.0
0.0011491638836136353
0.0
0.0
0.0
0.38441614490674897
0.0
0.0
0.0
0.0
0.0
0.0
0.0
0.0
0.0
0.31431432029309647
0.0
0.0
0.0
0.0
0.0
0.0
0.0
0.0
0.0
0.23110748352161825
0.0
0.0
0.0
0.0
0.0
0.0
0.0
0.0
0.0
0.2226839173980839
0.0
0.0
0.0
0.0
0.0
0.0
0.0
0.0
0.0
0.15018924023376756
0.0
0.0
0.0
0.0
0.0
0.0
0.0
0.0
0.0
0.14477516549824243
0.0
0.0
0.0
0.0
0.0
0.0
0.0
0.0
0.0
0.0
0.0
0.0
0.0
0.0
0.0
0.0
0.0
0.0
0.0
0.0
0.0
0.0
0.0
0.0
0.0
0.0
0.0
0.0
0.0
0.0
0.0
0.0
0.0
0.0
0.0
0.0
0.0
0.0
0.0
0.0
0.0
0.0
0.0
0.0
0.0
0.0
0.0
0.0
0.0
0.0
0.0
0.0
0.0
0.0
0.0
0.0
0.0
0.0
0.0
0.0
0.0
0.0
0.0
0.0
0.0
0.0
0.0
0.0
0.0
0.0
0.0
0.0
0.0
0.0
0.0
0.0
0.0
0.0
0.0
0.0
0.0
0.0
0.0
0.0
0.0
0.0
0.0
0.0
0.0
0.0
0.0
0.0
0.0
0.0
0.0
0.0
0.0
0.0
0.0
0.0
0.0
0.0
0.0
0.0
0.0
0.0
0.0
0.0
0.0
0.0
0.0
0.0
0.0
0.0
0.0
0.0
0.0
0.0
0.0
0.0
0.0
0.0
0.0
0.0
0.0
0.0
0.0
0.0
0.0
0.0
0.0
0.0
0.0
0.0
0.0
0.0
0.0
0.0
0.0
0.0
0.0
0.0
0.0
0.0
0.0
0.0
0.0
0.0
0.0
0.0
0.0
0.0
0.0
0.0
0.0
0.0
0.0
0.0
0.0
0.0
0.0
0.0
0.0
0.0
0.0
0.0
0.0
0.0
0.0
0.0
0.0
0.0
0.0
0.0
0.0
0.0
0.0
0.0
0.0
0.0
0.0
0.0
0.0
0.0
0.0
0.0
0.0
0.0
0.0
0.0
0.0
0.0
0.0
0.0
0.0
0.0
0.0
0.0
0.0
0.0
0.0
0.0
0.0
0.0
0.0
0.0
0.0
0.0
0.0
0.0
0.0
0.0
0.0
0.0
0.0
0.0
0.0
0.0
0.0
0.0
0.0
0.0
0.0
0.0
0.0
0.0
0.0
0.0
0.0
0.0
0.0
0.0
0.0
0.0
0.0
0.0
0.0
0.0
0.0
0.0
0.0
0.0
0.0
0.0
0.0
0.0
0.0
0.0
0.0
0.0
0.0
0.0
0.0
0.0
0.0
0.0
0.0
0.0
0.0
0.0
0.0
0.0
0.0
0.0
0.0
0.0
0.0
0.0
0.0
0.0
0.0
0.0
0.0
0.0
0.0
0.0
0.0
0.0
0.0
0.0
0.0
0.0
0.0
0.0
0.0
0.0
0.0
0.0
0.0
0.0
0.0
0.0
0.0
0.0
0.0
0.0
0.0
0.0
0.0
0.0
0.0
0.0
0.0
0.0
0.0
0.0
0.0
0.0
0.0
0.0
0.0
0.0
0.0
0.0
0.0
0.0
0.0
0.0
0.0
0.0
0.0
0.0
0.0
0.0
0.0
0.0
0.0
0.0
0.0
0.0
0.0
0.0
0.0
0.0
0.0
0.0
0.0
0.0
0.0
0.0
0.0
0.0
0.0
0.0
0.0
0.0
0.0
0.0
0.0
0.0
0.0
0.0
0.0
0.0
0.0
0.0
0.0
0.0
0.0
0.0
0.0
0.0
0.018213075020952485
0.0
0.0
0.0
0.0
0.0
0.0
0.0
0.0
0.0
0.025384760497132564
0.0
0.0
0.0
0.0
0.0
0.0
0.0
0.0
0.0
0.031157042159901227
0.0
0.0
0.0
0.0
0.0
0.0
0.0
0.0
0.0
0.03906942696171756
0.0
0.0
0.0
0.0
0.0
0.0
0.0
0.0
0.0
0.042349905256901854
0.0
0.0
0.0
0.0
0.0
0.0
0.0112176271393436
0.0
0.0
0.039998808440959925
0.0
0.0
0.0
0.0
0.0
0.0
0.008408454489550854
0.0
0.0
0.022912861905627246
0.0
0.0
0.0
0.0
0.0
0.0
0.01848661742682889
0.0
0.0
0.0
0.0
0.0
0.0
0.0
0.0
0.0
0.0
0.0
0.0
0.0
0.0
0.0
0.0
0.0
0.0
0.0
0.0
0.0
0.0
0.0
0.0
0.0
0.0
0.0
0.0
0.0
0.0
0.0
0.0
0.0
0.0
0.0
0.0
0.0
0.0
0.0
0.0
0.0
0.0
0.0
0.0
0.0
0.0
0.0
0.0
0.0
0.0
0.0
0.0
0.0
0.0
0.0
0.0
0.0
0.0
0.0
0.0
0.0
0.0
0.0
0.0
0.0
0.0
0.0
0.0
0.0
0.0
0.0
0.0
0.0
0.0
0.0
0.0
0.0
0.0
0.0
0.0
0.0
0.0
0.0
0.0
0.0
0.0
0.0
0.0
0.0
0.0
0.0
0.0
0.0
0.0
0.0
0.0
0.0
0.0
0.0
0.0
0.0
0.0
0.0
0.0
0.0
0.0
0.0
0.0
0.0
0.0
0.0
0.0
0.0
0.0
0.0
0.0
0.0
0.0
0.0
0.0
0.0
0.0
0.0
0.0
0.0
0.0
0.0
0.0
0.0
0.0
0.0
0.0
0.0
0.0
0.0
0.0
0.0
0.0
0.0
0.0
0.0
0.0
0.0
0.0
0.0
0.0
0.0
0.0
0.0
0.0
0.0
0.0
0.0
0.0
0.0
0.0
0.0
0.0
0.0
0.0
0.0
0.0
0.0
0.0
0.0
0.0
0.0
0.0
0.0
0.0
0.0
0.0
0.0
0.0
0.0
0.0
0.0
0.0
0.0
0.0
0.0
0.0
0.0
0.0
0.0
0.0
0.0
0.0
0.0
0.0
0.0
0.0
0.0
0.0
0.0
0.0
0.0
0.0
0.0
0.0
0.0
0.0
0.03045428305588127
0.02710401823125952
0.0
0.004885283502324644
0.047904571830053366
0.0
0.0
0.0
0.0
0.0
0.04733932691771559
0.044154962004751115
0.0
0.014510138830249984
0.07164838535972184
0.0
0.0
0.0
0.0
0.0
0.053242683079232966
0.04923968304595905
0.0
0.017304680849067555
0.07566928706713814
0.0
0.0
0.0039482267362779275
0.0
0.0
0.06631814263083402
0.05914802303180644
0.0
0.02108914745056678
0.07693988076109592
0.0
0.0
0.005626260060099697
0.0
0.0
0.05777371779946339
0.058959435309400725
0.0
0.02041459086638242
0.06680866177029166
0.0
0.0
0.0
0.0
0.0
0.15998683915435363
0.09612717929450287
0.02444321867761512
0.048499009598679595
0.13930914703079755
0.0
0.0
0.16151687434446282
0.0
0.0
0.16362067424857085
0.10126722015020773
0.030158664802820256
0.0457648661918808
0.12939976797814312
0.0
0.0
0.14322775140045318
0.0
0.0
0.1368199743830326
0.10499526361217204
0.05127388180924419
0.04839422071667565
0.14058336170953956
0.0
0.0
0.12463996700070644
0.0
0.0
0.1490652633054933
0.1121889972347594
0.06004759596610676
0.052141436663474365
0.1471523000171282
0.0
0.0
0.1370692492232568
0.0
0.0
0.27434990243348745
0.21098397225063592
0.19745227584088051
0.17187729837347576
0.2956570457107468
0.0
0.042428499448824646
0.26129305459791574
0.0
0.005082521966319864
0.8138440790617761
0.5822539612966324
0.6028838005974183
0.5677355854067797
0.658520950470675
0.0028719635059643034
0.24005373987848236
0.5473115201584761
0.10213890248978374
0.060379706968837994
0.9542805055866048
0.8012015734397949
0.7933952964785249
0.7773052797021028
0.8364563994870362
0.04746504054425016
0.36560414708517874
0.7440413512311556
0.17059416799960436
0.06030031538291836
0.9538988908326643
0.8012312122321283
0.7930023793424817
0.7781512831324893
0.8368761929481559
0.048053720648538634
0.36521637967347215
0.7431829514228817
0.1714361635005421
0.07887951293280349
0.9823731221881415
0.8427961263693037
0.8703854606435123
0.8428976476890417
0.9102979959364161
0.06708248918262472
0.4755758359968456
0.8257026429345877
0.1908500570956808
0.1032512694278268
0.9872861438216165
0.8588000968192592
0.8785856465782037
0.853880539212039
0.9161151462640719
0.07082049550809
0.4841415039536924
0.8561130661821081
0.2115442996970436
0.1050114627658234
0.9848444216760304
0.8590359625163958
0.8699508219181533
0.8612959091937255
0.9079085286287932
0.05103347773533351
0.4740547137041381
0.7811380757355652
0.2153792601251108
0.10459409384061236
0.9856598403052739
0.8672948824470501
0.8700202442324307
0.8643426783435809
0.9114722660047224
0.052990021714069295
0.48169513652591595
0.7797290342007553
0.21963348276572267
0.11454600570889271
0.9864995243714872
0.8673828287934012
0.8677340286779249
0.8692434378525808
0.9160572051378285
0.05988239536015282
0.4895167664168989
0.7832636762601477
0.2125229437634397
0.8631972245496201
0.9999999907570819
0.9999968853680765
0.9999985633209778
0.9999994852637286
0.9999999113758157
0.7423604161615498
0.9992771902214777
0.9438478371196605
0.9999549651603258
0.8141656988577695
0.9999996199663218
0.9999511291211709
0.9998729181686509
0.999958145479225
0.99997171856832
0.6764618118980446
0.9977064873407939
0.9068386732433827
0.9995805258880872
0.29861008565104163
0.5762364582823337
0.5533672355490552
0.5644467005012601
0.5551283038017829
0.6010148638378235
0.20536087501664868
0.5708388932529694
0.36643253750551513
0.49901087241909187
0.0
0.15599589826430915
0.08412204818785206
0.14756340590426542
0.12174764889103105
0.1837317903692197
0.0
0.1910089253320545
0.0
0.0987508785772012
0.0
0.1663520327684825
0.0960551378763893
0.1649913670021641
0.139696676248398
0.195925561853878
0.0
0.20539990553112727
0.012813821482069776
0.10539429674977474
0.0
0.0
0.0
0.0
0.0
0.0
0.0
0.0
0.0
0.007866338482005129
0.0
0.0
0.0
0.0
0.0
0.0
0.0
0.0
0.0
0.0
0.0
0.0
0.0
0.0
0.0
0.0
0.0
0.0
0.0
0.0
0.0
0.0
0.0
0.0
0.0
0.0
0.0
0.0
0.0
0.0
0.0
0.0
0.0
0.0
0.0
0.0
0.0
0.0
0.0
0.0
0.0
0.0
0.0
0.0
0.0
0.0
0.0
0.0
0.0
0.0
0.0
0.0
0.0
0.0
0.0
0.0
0.0
0.0
0.0
0.0
0.0
0.0
0.0
0.0
0.0
0.0
0.0
0.0
0.0
0.0
0.0
0.0
0.0
0.0
0.0
0.0
0.0
0.0
0.0
0.0
0.0
0.0
0.0
0.005119842124526763
0.0
0.0
0.0
0.0
0.0
0.0
0.0
0.0
0.0
0.005935520529303462
0.0
0.0
0.0
0.0
0.0
0.0
0.0
0.0
0.0
0.010738309874186003
0.0
0.0
0.0
0.0
0.0
0.0
0.0
0.0
0.0
0.02700038874625721
0.00411085812417511
0.0
0.0
0.0
0.0
0.0
0.0
0.0
0.1411293143300849
0.12986395050794583
0.12183944959688164
0.0
0.0
0.0
0.08518393814511582
0.034137897712171565
0.0
0.0
0.1417394150044402
0.12637586333596285
0.11678257545059244
0.0
0.0
0.0
0.10589052229322092
0.04455725379794828
0.0
0.0
0.19536942878483757
0.15151465064388348
0.1547410089643576
0.012042773660329686
0.041317663680730754
0.033312298067891925
0.20101122292926976
0.1046154965559196
0.0
0.0
0.19915707056681275
0.15636175088830673
0.16099017273609229
0.016560596233451297
0.03999251328537368
0.03231591379718479
0.2019645910898388
0.11183380753314796
0.0
0.0
0.21882086234208417
0.15995942359700177
0.2162105525877872
0.037616153306580746
0.05977853608943562
0.04244144522359283
0.25600827358801914
0.1588586818864901
0.03952604307122931
0.05580876516647804
0.240185743163276
0.3246598389527921
0.3409664019177965
0.16613167800761675
0.21410731884309
0.1717086150560696
0.5584773541500229
0.3211940619015978
0.9467711427926148
0.49117162505297535
0.5272068485047035
0.5696140360300598
0.6226055114708968
0.5124393092843397
0.30493555449273635
0.5600383512206886
0.7365355557245264
0.7413189041471931
0.98872457436624
0.6294543230192616
0.6942718389525492
0.6157312707741647
0.8213509287825521
0.6711113644944433
0.6869911447355652
0.84011441166092
0.9658256772991852
0.8251030047071303
0.9887242428461075
0.6306730075394091
0.6948315084648167
0.6173009169429016
0.82139311813237
0.6716267083983305
0.6879450436149684
0.8409061584124201
0.9663213408269049
0.8260902986726522
0.9887803025224058
0.6134868121210905
0.6600090570199764
0.6173573404405496
0.8393040808790145
0.6787359790833531
0.666556059654279
0.8326267780389317
0.9585624766057728
0.8088806626409609
0.9865335476333805
0.5381472981602722
0.5401090815536782
0.5522467848509941
0.7910650274927674
0.605660242638873
0.5589735285267264
0.7777584625392714
0.9111288048948664
0.7550930873851763
0.9871643858753592
0.5421070186289918
0.5660017289554825
0.5750238950219779
0.7991115081631905
0.6059159482355588
0.5597159660275765
0.7769677074864692
0.9111256893425382
0.7666053126859204
0.98605761553941
0.5264085191715436
0.517164915103855
0.5560844035947174
0.7807884009314061
0.5960948608215747
0.5199322301524723
0.7564443171630861
0.8872481553646344
0.7338082533722062
0.9855920922197784
0.5281152810142056
0.5156586742675431
0.5564484857717235
0.7844771336335835
0.61069784941794
0.5355294522399574
0.7622609913689582
0.8923609300424885
0.7328580523892606
0.9842442806496589
0.5275330556722758
0.4953410756256624
0.5514001648336756
0.75440489617554
0.595095512723253
0.519087421114649
0.7565722922512816
0.8784261689131144
0.7034693834742848
0.9917777330328712
0.5003826487560483
0.5352834183700144
0.5894013710207119
0.7137757386802831
0.6795633103539703
0.5574287842881872
0.7636470136737149
0.8094967400994783
0.6557642903139292
0.22927637249657817
0.0
0.1105742162053862
0.08809569001514017
0.27389662793846703
0.3639575966961254
0.42669982521962474
0.40185751811158577
0.6431619945434598
0.14091445489386323
0.01917452120271124
0.0
0.0
0.07143343042824557
0.010204996167320068
0.24262152860902247
0.0
0.02542684598764089
0.09468779545742156
0.05546148478899804
0.03232370431346421
0.0
0.0
0.08148582626557233
0.03180523238404698
0.25901827626528795
0.011861394974703288
0.03980849804934761
0.11124411354820472
0.06601363854178943
0.011073929996906371
0.0
0.0
0.06297730128342982
0.0
0.21192023351177136
0.003302154139027569
0.016872441874624666
0.07938728618040046
0.01582722092858435
0.00442645446472667
0.0
0.0
0.05108740698315173
0.0
0.1990637763568437
0.0
0.003110912517683251
0.0564533374086108
0.009929556628093139
0.0
0.0
0.0
0.01954006056421831
0.0
0.19376990621110435
0.0
0.0
0.046611906879699405
0.0
2.893275225779313e-05
0.0
0.0
0.017144374267917373
0.0
0.1925957961639101
0.0
0.0024000804217642058
0.05404000357647942
0.0
0.0
0.0
0.0
0.0100609746568866
0.0
0.16590447394596008
0.0
0.0
0.03723430891310198
0.0
0.0
0.0
0.0
0.008132168964913755
0.0
0.16382906145092557
0.0
0.0
0.03710576580906089
0.0
0.0
0.0
0.0
0.0
0.0
0.0
0.0
0.0
0.0
0.0
0.0
0.0
0.0
0.0
0.0
0.0
0.0
0.0
0.0
0.0
0.0
0.0
0.0
0.0
0.0
0.0
0.0
0.0
0.0
0.0
0.0
0.0
0.0
0.0
0.0
0.0
0.0
0.0
0.0
0.0
0.0
0.0
0.0
0.0
0.0
0.0
0.0
0.0
0.0
0.0
0.0
0.0
0.0
0.0
0.18220159052304297
0.0
0.0
0.0
0.0
0.0
0.0
0.0
0.0
0.0
0.23973599994573225
0.0
0.0
0.0
0.0
0.0
0.0
0.0
0.0
0.0
0.2592196090379333
0.014382574750457788
0.0
0.0
0.0
0.0
0.0
0.18241129573106463
0.0
0.07713075044784512
0.301668888990379
0.0933869575249936
0.0
0.0
0.0
0.0
0.0
0.18776332935846893
0.0
0.08653545666215069
0.33866826329428007
0.1326219465214362
0.0
0.0
0.0
0.0
0.08954323493433779
0.24650308068356772
0.0
0.17981917981277928
0.4272370654472568
0.19885400528606345
0.0
0.0
0.0
0.0
0.15010718353722652
0.30080854030512927
0.0
0.21487375475836268
0.4842914359690567
0.24799034072834136
0.0
0.0
0.0
0.0
0.16023170009212329
0.3242928579555395
0.0
0.2263633578082832
0.4870853105687192
0.25316162381029295
0.0
0.0
0.0
0.00264066139213226
0.16529610725736643
0.3253870007774644
0.0
0.227351566219256
0.48915397218022744
0.25494187332123097
0.0
0.0
0.0
0.003870283579137213
0.1575976938525555
0.3177515519052632
0.0
0.2130837147872644
0.47110386584633246
0.2347560251844696
0.0
0.0
0.0
0.0
0.03225215404667359
0.16819667579606024
0.0
0.05136176864697051
0.0
0.0
0.0
0.0
0.0
0.0
0.014829225934636647
0.14141341884695335
0.0
0.0
0.0
0.0
0.0
0.0
0.0
0.0
0.0022108582234686702
0.1033647408550713
0.0
0.0
0.0
0.0
0.0
0.0
0.0
0.0
0.0
0.0
0.0
0.0
0.0
0.0
0.0
0.0
0.0
0.0
0.0
0.0
0.0
0.0
0.0
0.0
0.0
0.0
0.0
0.0
0.4766881260928872
0.8394769047732912
0.3696903499875765
0.4043304155254506
0.8677033508757133
0.7307232474479782
0.7803171161876109
0.4317466472860667
0.4221943194916133
0.0
0.43946328211864255
0.9036094887721671
0.5512981746420682
0.47744582555034715
0.8955754446576376
0.8090042574263947
0.8054492764582177
0.5048073940207592
0.6055875436951412
0.06554661854022292
0.4323366334849839
0.9007564320015896
0.5484853158290612
0.4736594460556407
0.8973114371301565
0.8137190079600147
0.8086346236632871
0.5058532015220542
0.6066456122274024
0.07041878443424576
0.428682968215884
0.9007001139138359
0.549161994827278
0.47447733103476986
0.8969640056053656
0.8133212006173192
0.8082243923563976
0.5057892134234031
0.6072776905278998
0.06996210776967182
0.4278629216943328
0.9013681884380803
0.5521575894521851
0.4757893753559685
0.8968215624901233
0.8136551251232872
0.8080430273076777
0.5062533356247153
0.6094782954230256
0.07106701927855608
0.4285651846846672
0.9013024674106432
0.5541586527405177
0.47738308167911736
0.8968321005200778
0.8136216595909075
0.8092753280863191
0.5069429648843385
0.6106408666061104
0.07167212565950265
0.42901311706715933
0.9014413613453501
0.5552768563615019
0.4778817505312345
0.8969687902699249
0.8138257625006725
0.8096328193436667
0.5075244311514151
0.6111850965760538
0.07206787062759777
0.4297834362019439
0.901589078633368
0.5563587853532297
0.4787195508160208
0.8970047115604467
0.8139197536930266
0.8106161247106691
0.508138612641938
0.6126184776813337
0.07256883932964597
0.42293857264099494
0.8943891489298285
0.5429578769064616
0.46530970131095856
0.8910451838659573
0.8096675957669724
0.8041629353742934
0.5026061271506694
0.6077510100157105
0.0683854253533176
0.4196337808733732
0.893398150605661
0.5160310941309512
0.44572537165553294
0.8871933007710345
0.8066089287668359
0.7894356663263099
0.4802922595527357
0.5855630853572745
0.05818533849824092
0.0
0.0
0.0
0.0
0.0
0.0
0.0
0.0
0.0
0.0
0.0
0.0
0.0
0.0
0.0
0.0
0.0
0.0
0.0
0.0
0.0
0.0
0.0
0.0
0.0
0.0
0.0
0.0
0.0
0.0
0.0
0.0
0.0
0.0
0.0
0.0
0.0
0.0
0.0
0.0
0.0
0.0
0.0
0.0
0.0
0.0
0.0
0.0
0.0
0.0
0.0
0.0
0.0
0.0
0.0
0.0
0.0
0.0
0.0
0.0
0.0
0.0
0.0
0.0
0.0
0.0
0.0
0.0
0.0
0.0
0.0
0.0
0.0
0.0
0.0
0.0
0.0
0.0
0.0
0.0
0.0
0.0
0.0
0.0
0.0
0.0
0.0
0.0
0.0
0.0
0.0
0.0
0.0
0.0
0.0
0.0
0.0
0.0
0.0
0.0
0.3756566508506826
0.6872910608955176
0.20254918780559292
0.0
0.5816468794617253
0.45149200764538183
0.0
0.0
0.0223595695256672
0.07313281110287262
0.9994178423974704
0.9999999995213824
0.9999999994541853
0.9999999705361763
0.7881694693272374
0.9999989647496531
0.9347825905231744
0.9726727487219821
0.9999947286880616
0.9993229259384832
0.9994783176792309
0.9999999999332057
0.9999999996637193
0.9999999856171614
0.7995908710019346
0.9999991816964432
0.9494237412530874
0.978031831614804
0.9999969422915731
0.9995300434899879
0.9995869601709875
0.999999999974501
0.9999999998944723
0.9999999931486144
0.8104105763826485
0.9999995761324397
0.9556103703856573
0.9810969228090405
0.9999984406253285
0.9996759851325214
0.9996124847438547
0.9999999999782179
0.9999999999037219
0.9999999951310264
0.8136846562422385
0.9999996372078624
0.9561207147609043
0.9810988489562144
0.9999984922078196
0.9996937389626093
0.9996127538943133
0.99999999998034
0.9999999999050766
0.9999999952099385
0.8159192400341722
0.9999996562394947
0.9582791117982911
0.9821926704307878
0.9999987031309907
0.9997136957999443
0.9995822918869731
0.9999999999798291
0.9999999999035057
0.9999999949588544
0.8136601011660451
0.9999996485396354
0.9570859570240505
0.9817856603640217
0.9999986110531297
0.9997075472962595
0.9995515645041801
0.9999999999793376
0.999999999899882
0.999999994472998
0.8123814333571523
0.9999996287652947
0.9568862320795822
0.9816809342687731
0.9999985886178403
0.9997042490085282
0.999914069006638
0.9999999999998899
0.9999999999999992
0.9999999999853528
0.9861766391428785
0.9999999877402931
0.9999528314818439
0.9999691744826024
0.9999999999999981
0.9999999783265389
0.9999950716763216
1.0
1.0
0.9999999999999518
0.9985597513949149
0.9999999999998768
0.9999999999999992
0.9999999999970851
1.0
0.9999999999971406
0.9977533216630603
0.9999999814756989
1.0
0.9999999999998291
0.8296986974419075
0.9999984269996419
0.9999999999999514
0.9999999999707463
1.0
0.9999999938720265
0.3356496369540816
0.5184774617847798
0.5579787102246605
0.204787184644719
0.7907334964392841
0.3544698461881629
0.9982186053180035
0.9675481224712408
0.7969358419510398
0.6994588092914453
0.3387575781661257
0.488802853040304
0.5688611188132372
0.20532954636983436
0.7841991744380024
0.3542351145212177
0.9981134622400174
0.9657904050947836
0.7906772314158915
0.6924418762218963
0.3456947986453792
0.4824629127532543
0.5737039046120379
0.2046003207552353
0.8540316716318506
0.4143887968748321
0.9981724908265518
0.9705669371955112
0.8048268003539343
0.709582289129668
0.33571525520904943
0.4786420125859482
0.5718015225165702
0.19613840482426004
0.8503769803689851
0.40775312323388735
0.998155212974368
0.970399244363432
0.8039932168436636
0.707215962319611
0.335165213891514
0.4766946950130648
0.5716270415683654
0.1954839547753452
0.8482463990150099
0.40555708041017086
0.9980874755465907
0.9696390506004301
0.801348066904472
0.7047692927695656
0.33576952635152024
0.47692584468958393
0.5718690335255472
0.19559177178640752
0.8483286400054234
0.40566944918988207
0.9980891191302702
0.9696723333964771
0.8015982515219966
0.7050763127815634
0.33691015969929405
0.47755411429589045
0.5727460515752695
0.19718726143694107
0.8492798128609824
0.40699828362669693
0.9981051967753118
0.9700421286656219
0.8022994864389836
0.7065647439451507
0.23385020624677
0.3807838761881897
0.3879619915025361
0.06776335556036106
0.3891148942311696
0.30589987208710245
0.875472037881408
0.7589008922489505
0.35864035377434533
0.3102098989382325
0.062464347920374245
0.0
0.0
0.0
0.06436339290004955
0.0
0.015649830033391376
0.09633943242938792
0.0
0.011394689941925272
0.06228258438799317
0.0
0.0
0.0
0.06306602520063709
0.0
0.015371325535907698
0.09591663473116653
0.0
0.010723623383577352
0.0
0.0
0.0
0.0
0.0
0.0
0.0
0.0
0.0
0.0
0.0
0.0
0.0
0.0
0.0
0.0
0.0
0.0
0.0
0.0
0.0
0.0
0.0
0.0
0.0
0.0
0.0
0.0
0.0
0.0
0.0
0.0
0.0
0.0
0.0
0.0
0.0
0.0
0.0
0.0
0.0
0.0
0.0
0.0
0.0
0.0
0.0
0.0
0.0
0.0
0.09389710670133043
0.20529751593567916
0.1567758285046884
0.0
0.0
0.0
0.0
0.726303015023462
0.7180697882563308
0.5132350653504513
0.12965644354215075
0.22849370436737967
0.1677185726840582
0.0
0.0
0.0
0.0
0.78946596497203
0.7868876327530998
0.5985234218952348
0.15786572004435295
0.2466849287904672
0.18374219613436368
0.0
0.007345542997923783
0.0
0.0
0.792616071458393
0.7920530301315329
0.6047026699229041
0.21057058826751485
0.49652989829590544
0.44434713502433426
0.0
0.05239326630648211
0.0
0.3410308287822257
0.86482358860349
0.8443553290120894
0.6794150071834713
0.900197274464344
0.985945737662261
0.8940434562984485
0.0
0.6688579143514888
0.6156833973455114
0.8722737433808035
0.9999999966350013
0.9999999995432899
0.9999987737542042
0.9197418342347697
0.9873083815485395
0.900110169804253
0.0
0.6835042882111012
0.6271460912680183
0.8779736795885325
0.9999999972713827
0.9999999997707245
0.9999993092529864
0.929507765092361
0.9878742707525121
0.9050370646049604
0.0
0.6992929468191553
0.6321384461677502
0.8952625387279706
0.9999999985374584
0.9999999999144736
0.9999996717212472
0.9295902149320064
0.9879096398365781
0.9052043675625555
0.0
0.699619284771378
0.6323015808978286
0.8955654652095609
0.9999999985552416
0.9999999999157174
0.9999996746609907
0.9296333694773555
0.9878860292977858
0.9049720830750648
0.0
0.6993260112638878
0.6321780913757673
0.8955089726544804
0.9999999985619168
0.9999999999163988
0.9999996771199037
0.9297424890124512
0.987908167385636
0.9051095356316216
0.0
0.6996302261860032
0.6323869502276654
0.8957072673218688
0.9999999985783777
0.9999999999178122
0.9999996813981592
0.8126404511345549
0.9281642751434963
0.7366290709898201
0.0
0.5424016612029977
0.5670307106289166
0.8550994111586835
0.9935468277880366
0.9979317324986064
0.9968675025830736
0.7966036520679786
0.9233458624596481
0.7306859230870864
0.0
0.5059758599994275
0.5600368677240196
0.8503836126141602
0.9910674112002592
0.9969042744716451
0.9953743288818696
0.7831557170417542
0.9193773809672239
0.7216413786428602
0.0
0.48316559927850394
0.5496666386419132
0.8457993699239502
0.9909253694620008
0.9968129145670409
0.9952538524470238
0.7555384753787826
0.8179062189717906
0.5083785431483487
0.0
0.44322282207061464
0.4791115083984172
0.5637162825937956
0.9853448224174953
0.9954092400688253
0.993111576708616
0.0
0.0
0.0
0.0
0.0
0.0
0.0
0.0
0.0
0.0
0.0
0.0
0.0
0.0
0.0
0.0
0.0
0.0
0.0
0.0
0.0
0.0
0.0
0.0
0.0
0.0
0.0
0.0
0.0
0.0
0.0
0.0
0.0
0.0
0.0
0.0
0.0
0.0
0.0
0.0
0.0
0.0
0.0
0.0
0.0
0.0
0.0
0.0
0.0
0.0
0.0
0.0
0.0
0.0
0.0
0.0
0.0
0.0
0.0
0.0
0.0
0.0
0.0
0.0
0.0
0.0
0.0
0.0
0.0
0.0
0.0
0.0
0.0
0.0
0.0
0.0
0.0
0.0
0.0
0.0
0.0
0.0
0.0
0.0
0.0
0.0
0.0
0.0
0.0
0.0
0.0
0.0
0.0
0.0
0.0
0.0
0.0
0.0
0.0
0.0
0.0
0.0
0.0
0.0
0.0
0.0
0.0
0.0
0.0
0.0
0.0
0.0
0.0
0.0
0.0
0.0
0.0
0.0
0.0
0.0
0.0
0.0
0.0
0.0
0.0
0.0
0.0
0.0
0.0
0.0
0.0
0.0
0.0
0.0
0.0
0.0
0.0
0.0
0.0
0.0
0.0
0.0
0.0
0.0
0.0
0.0
0.0
0.0
0.0
0.0
0.5305274367582575
0.0
0.0
0.0
0.9568670993240144
0.4098430360485368
0.6041253448672621
0.5414794072825573
0.6152950625631659
0.6861682242962944
0.6382235425219773
0.0
0.0
0.07097967511191805
0.9912734269740986
0.46203784498675216
0.7257570047846041
0.7269392055771937
0.7588188328670877
0.8404054107810592
0.6548954439785728
0.0
0.02044057925011611
0.07847694712020324
0.991548034271112
0.46583130381760335
0.7275712664062858
0.7282602629281923
0.7608682684305392
0.8433849611340528
0.6563572224858426
0.0
0.022522664427094496
0.07910902706155466
0.991938498854364
0.46840155596864
0.7314446976987552
0.7306719826773292
0.7625479729868345
0.8448535119859826
0.6587580938780155
0.0
0.023210495322837695
0.08224276081394877
0.9920560545443914
0.4709809557996408
0.7334620263323915
0.7317172311172019
0.7634128802469785
0.8454804620183128
0.6593123319523035
0.0
0.023730980530077828
0.08298896783771958
0.9920677777750707
0.4716216178710255
0.7337216387496136
0.731956441374318
0.7636111840774172
0.8456713433661118
0.6591299123811832
0.0
0.02232879358059525
0.08327473930966
0.9920552792851848
0.4715739666348544
0.7338148968321602
0.7320225518918752
0.7636159805556115
0.8456195912027203
0.6595119146036819
0.0
0.02255753657716819
0.08354963892900381
0.9920728506088099
0.47178470337662737
0.7338549247249735
0.7321670298284344
0.7637595758542493
0.8457446896785193
0.6591339468278259
0.0
0.022068927490393016
0.08326371178069114
0.9920437203203107
0.47129776043716465
0.7332041070093582
0.7319091185605453
0.763413021384634
0.84542465269112
0.6537648678171964
0.0
0.015402467799215612
0.08161485186182547
0.9915036689637029
0.4677344802075176
0.7295832016626154
0.7298072045091257
0.7613478604625454
0.8436576342839542
0.0
0.0
0.0
0.0
0.025320696230750506
0.0
0.0
0.05027308604202707
0.017374770403408624
0.0550233525505468
0.0
0.0
0.0
0.0
0.0
0.0
0.0
0.0
0.0
0.0
0.0
0.0
0.0
0.0
0.0
0.0
0.0
0.0
0.0
0.0
0.0
0.0
0.0
0.0
0.0
0.0
0.0
0.0
0.0
0.0
0.87534847998755
0.019013669277531783
0.07473184092231609
0.09078048651825588
0.9621111238137914
0.6986942745648148
0.06455658714516532
0.1529342933384071
0.45995806148798
0.780316381708903
0.8763955580704662
0.01939263522538648
0.07528556141348408
0.0918740348241176
0.962568279596256
0.6997868171365108
0.06640485829163012
0.15394230130420938
0.46021148530656464
0.780682080218232
0.8823172531379048
0.02384117781627848
0.08797336126588995
0.10855636608313868
0.9660009553222544
0.7147460211652948
0.08014302652211734
0.1591570563113559
0.4691721687722892
0.7870591596686786
0.8822948561684318
0.023754206912357745
0.0878722051207602
0.10852845785517728
0.9659892807959449
0.7146986487688721
0.08023362890528085
0.1590832275243612
0.4691024290615146
0.7870360651358189
0.8832019959181628
0.024340980756561326
0.0890217480608947
0.11151280320905645
0.9660339707968942
0.7151406879215
0.08121169979019716
0.1601685267082278
0.4700568756355108
0.7878098605080467
0.8839038907634871
0.0257462437606637
0.09004219546188752
0.11561462308359471
0.9664928780579678
0.7166957558408849
0.08430207528388578
0.16108487142116967
0.4710476021911877
0.7883831393766884
0.884319028983051
0.02720420193896356
0.09213128343864528
0.1207125874974836
0.9668183447455496
0.7187509338612501
0.08856422980545597
0.16155256533794526
0.47093695483651293
0.7887201870892574
0.888649852281913
0.02922167105918305
0.09613884941528537
0.13443703716107436
0.9675040137039804
0.7271479665152609
0.11302670880871024
0.17096866900307828
0.47803277277043127
0.7936063829284754
0.861092799565079
0.012839441825126419
0.05836365248668618
0.1376538299096597
0.9526888523666872
0.6873539293204993
0.07104225177385948
0.1263266016639578
0.4297165349356624
0.7424166812679774
0.8391788372864724
0.003846572777836177
0.028584364689541064
0.1196017111681954
0.9461580432837264
0.6797830785726169
0.06649637246064144
0.09837725553983988
0.4079542498727388
0.7145116918810129
0.0
0.0
0.0
0.0
0.0
0.0
0.0
0.0
0.0
0.0
0.0
0.0
0.0
0.0
0.0
0.0
0.0
0.0
0.0
0.0
0.0
0.0
0.0
0.0
0.0
0.0
0.0
0.0
0.0
0.0
0.0
0.0
0.0
0.0
0.0
0.0
0.0
0.0
0.0
0.0
0.0
0.0
0.0
0.0
0.0
0.0
0.0
0.0
0.0
0.0
0.0
0.0
0.0
0.0
0.0
0.0
0.0
0.0
0.0
0.0
0.0
0.0
0.0
0.0
0.0
0.0
0.0
0.0
0.0
0.0
0.0
0.0
0.0
0.0
0.0
0.0
0.0
0.0
0.0
0.0
0.0
0.0
0.0
0.0
0.0
0.0
0.0
0.0
0.0
0.0
0.0
0.0
0.0
0.0
0.0
0.0
0.0
0.0
0.0
0.0
0.0
0.0
0.0
0.0
0.0
0.0
0.0
0.0
0.0
0.0
0.0
0.0
0.0
0.0
0.0
0.0
0.0
0.0
0.0
0.0
0.0
0.0
0.0
0.0
0.0
0.0
0.0
0.0
0.0
0.0
0.0
0.0
0.0
0.0
0.0
0.0
0.0
0.0
0.0
0.0
0.0
0.0
0.0
0.0
0.0
0.0
0.0
0.0
0.0
0.0
0.0
0.0
0.0
0.0
0.0
0.0
0.0
0.0
0.0
0.0
0.0
0.0
0.0
0.0
0.0
0.0
0.0
0.0
0.0
0.0
0.0
0.0
0.0
0.0
0.0
0.0
0.0
0.0
0.0
0.0
0.0
0.0
0.0
0.0
0.0
0.0
0.0
0.0
0.0
0.0
0.0
0.0
0.0
0.0
0.0
0.0
0.0
0.0
0.0
0.0
0.0
0.0
0.0
0.0
0.0
0.0
0.0
0.0
0.0
0.0
0.0
0.0
0.0
0.0
0.0
0.0
0.0
0.0
0.0
0.0
0.0
0.0
0.0
0.0
0.0
0.0
0.0
0.0
0.0
0.0
0.0
0.0
0.0
0.0
0.0
0.0
0.0
0.0
0.0
0.0
0.0
0.0
0.0
0.0
0.0
0.0
0.0
0.0
0.0
0.0
0.0
0.0
0.0
0.0
0.0
0.0
0.0
0.0
0.0
0.0
0.0
0.0
0.0
0.0
0.0
0.0
0.0
0.0
0.0
0.0
0.0
0.0
0.0
0.0
0.0
0.0
0.0
0.0
0.0
0.0
0.0
0.0
0.0
0.0
0.0
0.0
0.0
0.0
0.0
0.0
0.0
0.0
0.0
0.0
0.0
0.0
0.0
0.0
0.0
0.0
0.0
0.0
0.0
0.0
0.0
0.0
0.0
0.0
0.0
0.0
0.0
0.0
0.0
0.0
0.0
0.0
0.0
0.0
0.0
0.0
0.0
0.0
0.0
0.0
0.0
0.0
0.0
0.0
0.0
0.0
0.0
0.0
0.0
0.0
0.0
0.0
0.0
0.0
0.0
0.0
0.0
0.0
0.0
0.0
0.0
0.0
0.0
0.0
0.0
0.0
0.0
0.0
0.0
0.0
0.0
0.0
0.0
0.0
0.0
0.0
0.0
0.0
0.0
0.0
0.0
0.0
0.0
0.0
0.0
0.0
0.0
0.0
0.0
0.0
0.0
0.0
0.0
0.0
0.0
0.0
0.0
0.0
0.0
0.0
0.0
0.0
0.0
0.0
0.0
0.0
0.0
0.0
0.0
0.0
0.0
0.0
0.0
0.0
0.0
0.0
0.0
0.0
0.0
0.0
0.0
0.0
0.0
0.0
0.0
0.0
0.0
0.0
0.0
0.0
0.0
0.0
0.0
0.0
0.0
0.0
0.0
0.0
0.0
0.0
0.0
0.0
0.0
0.0
0.0
0.0
0.0
0.0
0.0
0.0
0.0
0.0
0.0
0.0
0.0
0.0
0.0
0.0
0.0
0.0
0.0
0.0
0.0
0.0
0.0
0.0
0.0
0.0
0.0
0.0
0.0
0.0
0.0
0.0
0.0
0.0
0.0
0.0
0.0
0.0
0.0
0.0
0.0
0.0
0.0
0.0
0.0
0.0
0.0
0.0
0.0
0.0
0.0
0.0
0.0
0.0
0.0
0.0
0.0
0.0
0.0
0.0
0.0
0.0
0.0
0.0
0.0
0.0
0.0
0.0
0.0
0.0
0.0
0.0
0.0
0.0
0.0
0.0
0.0
0.0
0.0
0.0
0.0
0.0
0.0
0.0
0.0
0.0
0.0
0.0
0.0
0.0
0.0
0.0
0.0
0.0
0.0
0.0
0.0
0.0
0.0
0.0
0.0
0.0
0.0
0.0
0.0
0.0
0.0
0.0
0.0
0.0
0.0
0.0
0.0
0.0
0.0
0.0
0.0
0.0
0.0
0.0
0.0
0.0
0.0
0.0
0.0
0.0
0.0
0.0
0.0
0.0
0.0
0.0
0.0
0.0
0.0
0.0
0.0
0.0
0.0
0.0
0.0
0.0
0.0
0.0
0.0
0.0
0.0
0.0
0.0
0.0
0.0
0.0
0.0
0.0
0.0
0.0
0.0
0.0
0.0
0.0
0.0
0.0
0.0
0.0
0.0
0.0
0.0
0.0
0.0
0.0
0.0
0.0
0.0
0.0
0.0
0.0
0.0
0.0
0.0
0.0
0.0
0.0
0.0
0.0
0.0
0.0
0.0
0.0
0.0
0.0
0.0
0.0
0.0
0.0
0.0
0.0
0.0
0.0
0.0
0.0
0.0
0.0
0.0
0.0
0.0
0.0
0.0
0.0
0.0
0.0
0.0
0.0
0.0
0.0
0.0
0.0
0.0
0.0
0.0
0.0
0.0
0.0
0.0
0.0
0.0
0.0
0.0
0.0
0.0
0.0
0.0
0.0
0.0
0.0
0.0
0.0
0.0
0.0
0.0
0.0
0.0
0.0
0.0
0.0
0.0
0.0
0.0
0.0
0.0
0.0
0.0
0.0
0.0
0.0
0.0
0.0
0.0
0.0
0.0
0.0
0.0
0.0
0.0
0.0
0.0
0.0
0.0
0.0
0.0
0.0
0.0
0.0
0.0
0.0
0.0
0.0
0.0
0.0
0.0
0.0
0.0
0.0
0.0
0.0
0.0
0.0
0.0
0.0
0.0
0.0
0.0
0.0
0.0
0.0
0.0
0.0
0.0
0.0
0.0
0.0
0.0
0.0
0.0
0.0
0.0
0.0
0.0
0.0
0.0
0.0
0.0
0.0
0.0
0.0
0.0
0.0
0.0
0.0
0.0
0.0
0.0
0.0
0.0
0.0
0.0
0.0
0.0
0.0
0.0
0.0
0.0
0.0
0.0
0.0
0.0
0.0
0.0
0.0
0.0
0.0
0.0
0.0
0.0
0.0
0.0
0.0
0.0
0.0
0.0
0.0
0.0
0.0
0.0
0.0
0.0
0.0
0.0
0.0
0.0
0.0
0.0
0.0
0.0
0.0
0.0
0.0
0.0
0.0
0.0
0.0
0.0
0.0
0.0
0.0
0.0
0.0
0.0
0.0
0.0
0.0
0.0
0.0
0.0
0.0
0.0
0.0
0.0
0.0
0.0
0.0
0.0
0.0
0.0
0.0
0.0
0.0
0.0
0.0
0.0
0.0
0.0
0.0
0.0
0.0
0.0
0.0
0.0
0.0
0.0
0.0
0.0
0.0
0.0
0.0
0.0
0.0
0.0
0.0
0.0
0.0
0.0
0.0
0.0
0.0
0.0
0.0
0.0
0.0
0.0
0.0
0.0
0.0
0.0
0.0
0.14285139059341678
0.06645063532584705
0.1085297318293492
0.22116505275562548
0.0
0.0
0.0
0.0
0.0
0.0
0.15060325989019951
0.08384023440091913
0.12746789444022588
0.237003473125618
0.0
0.0
0.0
0.0
0.0
0.0
0.15463509831409328
0.09005538087524932
0.13009314090329105
0.24434200218100033
0.0
0.0
0.0
0.0
0.0
0.0
0.1677895067496583
0.10638256702394888
0.14375557400840056
0.2672107959099498
0.0
0.0
0.0
0.0
0.0
0.0
0.16785179729172683
0.10660962122413586
0.14381472648557003
0.2673804458022224
0.0
0.0
0.0
0.0
0.0
0.0
0.16811752819099146
0.10684889699420295
0.14412618757009144
0.2677416933202572
0.0
0.0
0.0
0.0
0.0
0.0
0.16814479724825648
0.10690037184483592
0.14420535450196437
0.26779148706763944
0.0
0.0
0.0
0.0
0.0
0.0
0.1681481040615338
0.10690220858110076
0.1442659130366546
0.26780497616866367
0.0
0.0
0.0
0.0
0.0
0.0
0.16785619422476727
0.10625609653923562
0.14297488289970917
0.2673019763447934
0.0
0.0
0.0
0.0
0.0
0.0
0.11005745827994395
0.06819658158022424
0.0851887703235159
0.18542538910169992
0.0
0.0
0.0
0.0
0.0
0.0
0.0
0.0
0.0
0.0
0.0
0.0
0.0
0.0
0.0
0.0
0.0
0.0
0.0
0.0
0.0
0.0
0.0
0.0
0.0
0.0
0.0
0.0
0.0
0.0
0.0
0.0
0.0
0.0
0.0
0.0
0.0
0.0
0.0
0.0
0.0
0.0
0.0
0.0
0.0
0.0
0.0
0.0
0.0
0.0
0.0
0.0
0.0
0.0
0.0
0.0
0.0
0.0
0.0
0.0
0.0
0.0
0.0
0.0
0.0
0.0
0.0
0.0
0.0
0.0
0.0
0.0
0.0
0.0
0.0
0.0
0.0
0.0
0.0
0.0
0.0
0.0
0.0
0.0
0.0
0.0
0.571436142082864
0.9999835836166392
0.7611686754753594
0.9999998289356744
0.9999983900976072
0.9960784653458077
0.9890115678324083
0.0
0.9977337988539139
0.9999999999999203
0.6974299900281892
0.9999999737301754
0.8948291015872076
0.999999999980305
0.999999999705887
0.9995520156663396
0.9995865876373928
0.0
0.9998421277241472
1.0
0.9999999954777806
1.0
1.0
1.0
1.0
1.0
1.0
0.9059881045417768
1.0
1.0
0.999999999999992
1.0
1.0
1.0
1.0
1.0
1.0
0.9937210787498938
1.0
1.0
0.9999999999999987
1.0
1.0
1.0
1.0
1.0
1.0
0.999999999971825
1.0
1.0
0.9999999999999987
1.0
1.0
1.0
1.0
1.0
1.0
0.9999999999784877
1.0
1.0
0.9999999999999987
1.0
1.0
1.0
1.0
1.0
1.0
0.9999999999779958
1.0
1.0
0.9999999999999987
1.0
1.0
1.0
1.0
1.0
1.0
0.9999999999781459
1.0
1.0
0.9999999999999987
1.0
1.0
1.0
1.0
1.0
1.0
0.9999999999782648
1.0
1.0
0.9999999999999987
1.0
1.0
1.0
1.0
1.0
1.0
0.9999999999783201
1.0
1.0
0.9999990499928771
0.9999999997887024
0.9999999997521776
0.9999999597551753
0.9999999999230477
0.9999993892593152
0.9999999997520653
0.999999999875033
0.9999447230304669
0.9999819356201683
0.9999969287356963
0.9999999954798835
0.9999999963955299
0.9999995412215411
0.9999999977088874
0.999997636674339
0.999999988116885
0.9999999990874272
0.9998091157426163
0.9999248654415952
0.20775444723019357
0.21091167061900007
0.18846869162863955
0.28250662528333415
0.2403608199178806
0.46096978023531127
0.36383540144751914
0.9802679220863456
0.21798924919026497
0.2307447028979153
0.0
0.0
0.0
0.0
0.0521057578570816
0.29308952547159584
0.2070837731920724
0.899325192759357
0.0
0.0
0.0
0.0
0.0
0.0178512421404472
0.05496128005489265
0.0
0.12395578963147336
0.37725264575296685
0.0
0.0
0.01637177836185899
0.023078579771752983
0.030263328306301292
0.15796210323283488
0.1957462262882831
0.2230514269176512
0.2825461948964193
0.5247343006590807
0.0
0.0
0.13286474592655073
0.11964261047936676
0.08270223058361113
0.23479435004643623
0.37348853844576
0.29596753729408365
0.3499920193566517
0.694300920068191
0.0
0.032322080424823096
0.13344112117058127
0.11999481668058408
0.08289876978238475
0.2349403091383968
0.3737253578359252
0.2959519984710732
0.35022474995037367
0.6943261817437879
0.0
0.032560889885550726
0.13351404689250435
0.1200292153458876
0.08289593125306549
0.2349855875140039
0.3737927991974945
0.296048510559672
0.35024720877387083
0.6943528193626379
0.0
0.032665088651759544
0.13358803500038252
0.120089726555065
0.08290050817588035
0.23515715320978647
0.37385365803747167
0.2962956193284565
0.3502858385360499
0.6945668496871443
0.0
0.03274245700186884
0.13425852148586714
0.12092619528135316
0.08330929770828832
0.2364396795279937
0.3747372999922215
0.29695111515109274
0.35136023928266685
0.6971831746022523
0.0
0.03331177642638383
0.13472910772203028
0.12120479574153442
0.08348054971427943
0.23671653669689047
0.3748696226599984
0.29719083492361614
0.35139498137544567
0.6973327798151113
0.0
0.03347737769185033
0.13505200792349867
0.12142072335391352
0.08365070812045394
0.23684678019252303
0.3750226709888442
0.29770764567364405
0.3516017355717313
0.6984130309920925
0.0
0.03361696234820699
0.1202762203736919
0.09889746304062874
0.028153276808558725
0.22390012996204825
0.3365456132102156
0.28007344498214487
0.2512429894667667
0.6701969691737804
0.0
0.015682354428615097
0.6314196734496693
0.372948089302945
0.20051418401936105
0.4581561895989215
0.36563881414644966
0.3894329213367491
0.3774646093739604
0.47726541518187776
0.43088793056141367
0.5286039880439737
0.6077784593395845
0.3240060036941681
0.17326074595829777
0.36385263024148295
0.2560275817808422
0.12358541088306918
0.2542565943719184
0.3468653381799678
0.388848213796108
0.5012717846997353
0.5116865911676355
0.22853755645654947
0.11848929146053865
0.29463263011162555
0.06624154895758128
0.06070496485032706
0.19985284021831304
0.13417615227849122
0.3569764461202776
0.4188786524280068
0.5215560833435413
0.23554534844491304
0.14024756305592556
0.2956979759064209
0.0704672111653154
0.07088805909099283
0.20698119852621144
0.1600020604452278
0.36710264100498874
0.42255474408981664
0.5223616586951363
0.23705016545348667
0.14069806258336293
0.297891210813196
0.07262869825518414
0.07686065045127133
0.21146930309037687
0.1687526733541682
0.3677685412042591
0.4229945273697688
0.5310861863608052
0.24513956713490992
0.14296985873187215
0.30891179139846714
0.08857433696236783
0.09917758781722083
0.23317582169365855
0.21723654584411145
0.38004936170606607
0.43092806569849
0.535707826868592
0.27939595415307616
0.4718738027231155
0.3171952415190915
0.16722613549838783
0.39385920587527384
0.267383534190492
0.6195257580851756
0.509034499358522
0.44431346173239983
0.5460775165465115
0.2871091842048902
0.5178631417371883
0.3274526203468413
0.17075142101021568
0.407330100910824
0.3010768258845702
0.6384773368865851
0.5111156008677453
0.45354874739953766
0.5465401899194786
0.2871390924906023
0.5198977105967336
0.3279292870288463
0.17110935135630867
0.4101286282281524
0.3019813339929142
0.6392477769033836
0.5112578991945372
0.4540371949455164
0.5467876643483662
0.2880269034149501
0.5248780139973462
0.3283112397322588
0.172259475749168
0.41271441616268034
0.30593938228502193
0.6396346264471235
0.5122953088978645
0.4551154244149477
0.0
0.0
0.2566689362174823
0.0
0.0
0.19041856741980367
0.0
0.3250329388696045
0.0
0.0
0.0
0.0
0.25305865563611296
0.0
0.0
0.1618709347864904
0.0
0.3166018074413992
0.0
0.0
0.0
0.0
0.25207819392496567
0.0
0.0
0.14432194597188697
0.0
0.3130571432966765
0.0
0.0
0.0
0.0
0.23248770101786573
0.0
0.0
0.13377154125660062
0.0
0.28956868192089974
0.0
0.0
0.0
0.0
0.23207200147220616
0.0
0.0
0.1273536642128128
0.0
0.28107667851714946
0.0
0.0
0.0
0.0
0.22986164727577063
0.0
0.0
0.10342554358697076
0.0
0.23242587541907245
0.0
0.0
0.0
0.0
0.0
0.0
0.0
0.0
0.0
0.0
0.0
0.0
0.0
0.0
0.0
0.0
0.0
0.0
0.0
0.0
0.0
0.0
0.0
0.0
0.0
0.0
0.0
0.0
0.0
0.0
0.0
0.0
0.0
0.0
0.0
0.0
0.0
0.0
0.0
0.0
0.0
0.0
0.0
0.0
0.0
0.0
0.0
0.0
0.0
0.0
0.0
0.0
0.0
0.0
0.0
0.0
0.0
0.0
0.0
0.0
0.0
0.0
0.0
0.0
0.0
0.0
0.0
0.0
0.0
0.0
0.0
0.0
0.0
0.0
0.0
0.0
0.0
0.0
0.0
0.0
0.0
0.0
0.0
0.0
0.0
0.0
0.0
0.0
0.0
0.0
0.0
0.0
0.0
0.0
0.0
0.0
0.0
0.0
0.0
0.0
0.0
0.0
0.0
0.0
0.0
0.0
0.0
0.0
0.0
0.0
0.0
0.0
0.0
0.0
0.0
0.0
0.0
0.0
0.0
0.0
0.0
0.0
0.0
0.0
0.0
0.0
0.0
0.0
0.0
0.0
0.0
0.0
0.0
0.0
0.0
0.0
0.0
0.0
0.0
0.0
0.0
0.0
0.0
0.0
0.0
0.0
0.0
0.0
0.0
0.0
0.0
0.0
0.0
0.0
0.0
0.0
0.0
0.0
0.0
0.0
0.0
0.0
0.0
0.0
0.0
0.0
0.0
0.0
0.0
0.0
0.0
0.0
0.0
0.0
0.0
0.0
0.0
0.0
0.0
0.0
0.0
0.0
0.0
0.0
0.0
0.0
0.0
0.0
0.0
0.0
0.0
0.0
0.0
0.0
0.0
0.0
0.0
0.0
0.0
0.0
0.0
0.0
0.0
0.0
0.0
0.0
0.0
0.0
0.0
0.0
0.0
0.0
0.0
0.0
0.0
0.0
0.0
0.0
0.0
0.0
0.0
0.0
0.0
0.0
0.0
0.0
0.0
0.0
0.0
0.0
0.0
0.0
0.0
0.0
0.0
0.0
0.0
0.0
0.0
0.0
0.0
0.0
0.0
0.0
0.0
0.0
0.0
0.0
0.0
0.0
0.0
0.0
0.0
0.0
0.0
0.0
0.0
0.0
0.0
0.0
0.0
0.0
0.0
0.0
0.0
0.0
0.0
0.0
0.0
0.0
0.0
0.0
0.0
0.0
0.0
0.0
0.0
0.0
0.0
0.0
0.0
0.0
0.0
0.0
0.0
0.0
0.0
0.0
0.0
0.0
0.0
0.0
0.0
0.0
0.0
0.0
0.0
0.0
0.0
0.0
0.0
0.0
0.0
0.0
0.0
0.0
0.0
0.0
0.0
0.0
0.0
0.0
0.0
0.0
0.0
0.0
0.0
0.0
0.0
0.0
0.0
0.0
0.0
0.0
0.0
0.0
0.0
0.0
0.0
0.0
0.0
0.0
0.0
0.0
0.0
0.0
0.0
0.0
0.0
0.0
0.0
0.0
0.0
0.0
0.0
0.0
0.0
0.0
0.0
0.0
0.0
0.0
0.0
0.0
0.0
0.0
0.0
0.0
0.0
0.0
0.0
0.0
0.0
0.0
0.0
0.0
0.0
0.0
0.0
0.0
0.0
0.0
0.0
0.48532064385162543
0.632925411401073
0.0
0.08817574138512818
0.5222877738029306
0.038642808196623024
0.9283971393398152
0.28439660811360135
0.0
0.0
0.5393355672548187
0.7392095130723678
0.0
0.11851891384275748
0.5611173695708641
0.17818226178797267
0.9443276464157185
0.3006883781115083
0.0
0.0
0.5415095934812978
0.7463768544867933
0.0
0.1247178646165189
0.5863358641409742
0.20434083985370652
0.9515771940687568
0.3118795397526366
0.0
0.0
0.5759863774788866
0.8345278000863678
0.0
0.12914743184312916
0.613055430709694
0.3369225029692344
0.9742282556780884
0.3694870803155656
0.0
0.0
0.5939263354637672
0.8457986145686379
0.0
0.13373204281426665
0.6414270008609838
0.35649363199243445
0.9837402363519736
0.4025318766210608
0.0
0.0
0.5996160858547382
0.8484199085581812
0.0
0.1347453909665104
0.6437098726135032
0.3665260529737783
0.9865988533266384
0.4152116840003016
0.0
0.0
0.5996460989590573
0.8485047625957415
0.0
0.13471936308563967
0.6436007470714231
0.3665712672351462
0.9865900608970877
0.41517109659052015
0.0
0.0
0.5996702261817509
0.8485137970727616
0.0
0.13470473901661115
0.6435875592235801
0.36658359836000337
0.9865892276401041
0.4151708872071025
0.0
0.0
0.5996946989819294
0.8485078202033097
0.0
0.13471461134761653
0.643597536203688
0.36666736670007505
0.9865933888931196
0.4151900264707984
0.0
0.0
0.5997461212767975
0.848620941612043
0.0
0.1347263722023021
0.6438284596308096
0.36716146410521194
0.9866025959022262
0.41521610925474994
0.0
0.0
0.0
0.0821628602413944
0.0
0.0
0.0
0.08247637414510445
0.05329149498396168
0.0
0.0
0.0
0.0
0.0
0.0
0.0
0.0
0.0
0.010605515307999358
0.0
0.0
0.0
0.0
0.0
0.0
0.0
0.0
0.0
0.0
0.0
0.0
0.0
0.0
0.0
0.0
0.0
0.0
0.0
0.0
0.0
0.0
0.0
0.0
0.0
0.0
0.0
0.0
0.0
0.0
0.0
0.0
0.0
0.0
0.0
0.0
0.0
0.0
0.0
0.0
0.0
0.0
0.0
0.0
0.0
0.0
0.0
0.0
0.0
0.0
0.0
0.0
0.0
0.0
0.0
0.0
0.0
0.0
0.0
0.0
0.0
0.0
0.0
0.0
0.0
0.0
0.0
0.0
0.0
0.0
0.0
0.0
0.0
0.0
0.0
0.0
0.0
0.0
0.0
0.0
0.0
0.0
0.0
0.0
0.0
0.0
0.0
0.0
0.0
0.0
0.0
0.0
0.0
0.0
0.0
0.0
0.0
0.0
0.0
0.0
0.0
0.0
0.0
0.0
0.0
0.0
0.0
0.0
0.0
0.0
0.0
0.0
0.0
0.0
0.0
0.0
0.0
0.0
0.195465975885164
0.0
0.0
0.0
0.0
0.0
0.0
0.0
0.0
0.0
0.2549881237977074
0.0
0.0
0.0
0.0
0.0
0.0
0.0
0.0
0.0
0.2552106539493353
0.0
0.0
0.0
0.0
0.0
0.0
0.0
0.0
0.0
0.25457063545657443
0.0
0.0
0.0
0.0
0.0
0.0
0.0
0.0
0.0
0.2788583977659783
0.0
0.0
0.0
0.0
0.0
0.0
0.0
0.0
0.0
0.27900420810645554
0.0
0.0
0.0
0.0
0.0
0.0
0.0
0.0
0.0
0.2794694402744531
0.0
0.0
0.0
0.0
0.0
0.0
0.0
0.0
0.0
0.2795106352437653
0.0
0.0
0.0
0.0
0.0
0.0
0.0
0.0
0.0
0.285542717700778
0.0
0.0
0.0
0.002970676307707753
0.0
0.0
0.0
0.0
0.0
0.30408238412701166
0.0
0.0
0.0
0.0
0.0
0.0
0.0
0.0
0.0
0.0
0.0
0.0
0.0
0.0
0.0
0.0
0.0
0.0
0.0
0.0
0.0
0.0
0.0
0.0
0.0
0.0
0.0
0.0
0.0
0.0
0.0
0.0
0.0
0.0
0.0
0.0
0.0
0.0
0.0
0.0
0.0
0.0
0.0
0.0
0.0
0.0
0.0
0.0
0.0
0.0
0.0
0.0
0.0
0.0
0.0
0.0
0.0
0.0
0.0
0.0
0.0
0.0
0.0
0.0
0.0
0.0
0.0
0.0
0.0
0.0
0.0
0.0
0.028464283358030085
0.0
0.0
0.015383665569982052
0.0
0.0
0.0
0.0
0.0
0.0
0.04932616299454795
0.0
0.0
0.02078793462053752
0.0
0.0
0.0
0.0
0.0
0.0
0.05112478842560508
0.0
0.0
0.04487662996892894
0.0
0.0
0.0
0.0
0.0
0.0
0.05823522581572815
0.0
0.015919206748932102
0.105366117034976
0.07613595572542396
0.04043912960232621
0.0
0.09290372336372599
0.0
0.0
0.07608403662168639
0.0
0.01821708795554655
0.10777366125279586
0.07859304937451006
0.04293161154505143
0.0
0.09653601782540787
0.0
0.0
0.07764442175679875
0.0
0.02668161451461037
0.12019008222655037
0.096059588562601
0.06084699083513845
0.0
0.1274145683933836
0.0
0.0
0.08283912693372329
0.0
0.04016888768417759
0.14112567275980123
0.12797940964660215
0.10104685515426792
0.0051293182336696885
0.1702937143777774
0.00979650177006408
0.0
0.10085065897698896
0.0
0.04670329080142277
0.13974712389487765
0.14037359688612194
0.12385308671238726
0.02140471466501448
0.16118082900370187
0.0049896496528168965
0.0
0.09938221545991455
0.001551046340322659
0.04915214547377256
0.1393221539395686
0.14816971925483102
0.17167804742152126
0.02602248439173782
0.17287289085058055
0.009060814750856294
0.0
0.11095434709238115
0.0
0.03036470986151796
0.04029878916907048
0.08653775411011731
0.06984306891951997
0.0
0.12120778088862338
0.0
0.0
0.0
0.0
0.0
0.0
0.0
0.0
0.0
0.00841337607041115
0.0
0.0
0.0
0.0
0.0
0.0
0.0019958192047662138
0.0
0.0
0.025339171529280446
0.0
0.0
0.0
0.0
0.0
0.0
0.0
0.0
0.0
0.0
0.0
0.0
0.0
0.0
0.0
0.0
0.0
0.0
0.0
0.0
0.0
0.0
0.0
0.0
0.0
0.0
0.0
0.0
0.0
0.0
0.0
0.0
0.0
0.0
0.0
0.0
0.0
0.0
0.0
0.0
0.0
0.0
0.0
0.0
0.0
0.0
0.0
0.0
0.0
0.0
0.0
0.0
0.0
0.0
0.0
0.0
0.0
0.0
0.0
0.0
0.0
0.0
0.0
0.0
0.0
0.0
0.0
0.0
0.0
0.0
0.0
0.0
0.0
0.0
0.0
0.0
0.0
0.0
0.0
0.0
0.0
0.0
0.0
0.0
0.0
0.0
0.0
0.0
0.0
0.0
0.0
0.0
0.0
0.0
0.0
0.0
0.0
0.0
0.0
0.0
0.0
0.0
0.0
0.0
0.0
0.0
0.0
0.0
0.0
0.0
0.0
0.0
0.0
0.0
0.0
0.0
0.0
0.0
0.0
0.0
0.0
0.0
0.0
0.0
0.0
0.0
0.0
0.0
0.0
0.0
0.0
0.0
0.0
0.0
0.0
0.0
0.0
0.0
0.0
0.0
0.0
0.0
0.0
0.0
0.0
0.0
0.0
0.0
0.0
0.0
0.0
0.0
0.0
0.0
0.0
0.0
0.0
0.0
0.0
0.0
0.0
0.0
0.0
0.0
0.0
0.0
0.0
0.0
0.0
0.0
0.0
0.0
0.0
0.0
0.0
0.0
0.0
0.0
0.0
0.0
0.0
0.0
0.0
0.0
0.0
0.0
0.0
0.0
0.0
0.0
0.0
0.0
0.0
0.0
0.0
0.0
0.0
0.0
0.0
0.0
0.0
0.0
0.0
0.0
0.0
0.0
0.0
0.0
0.0
0.0
0.0
0.0
0.0
0.0
0.0
0.0
0.0
0.0
0.0
0.0
0.0
0.0
0.0
0.0
0.0
0.0
0.0
0.0
0.0
0.0
0.0
0.0
0.0
0.0
0.0
0.0
0.0
0.0
0.0
0.0
0.0
0.0
0.0
0.0
0.0
0.0
0.0
0.0
0.0
0.0
0.0
0.0
0.0
0.0
0.0
0.0
0.0
0.0
0.0
0.0
0.0
0.0
0.0
0.0
0.0
0.0
0.0
0.0
0.0
0.0
0.0
0.0
0.0
0.0
0.0
0.0
0.0
0.0
0.0
0.0
0.0
0.0
0.0
0.0
0.0
0.0
0.0
0.0
0.0
0.0
0.0
0.0
0.0
0.0
0.0
0.0
0.0
0.0
0.0
0.0
0.0
0.0
0.0
0.0
0.0
0.0
0.0
0.0
0.0
0.0
0.0
0.0
0.0
0.0
0.0
0.0
0.0
0.0
0.0
0.0
0.0
0.0
0.0
0.0
0.0
0.0
0.0
0.0
0.0
0.0
0.0
0.0
0.0
0.0
0.0
0.0
0.0
0.0
0.0
0.0
0.0
0.0
0.0
0.0
0.0
0.0
0.0
0.0
0.0
0.0
0.0
0.0
0.0
0.0
0.0
0.0
0.0
0.0
0.0
0.0
0.0
0.0
0.0
0.0
0.0
0.0
0.0
0.0
0.0
0.0
0.0
0.0
0.0
0.0
0.0
0.0
0.0
0.0
0.0
0.0
0.0
0.0
0.0
0.0
0.0
0.0
0.0
0.0
0.0
0.0
0.0
0.0
0.0
0.0
0.0
0.0
0.0
0.0
0.0
0.0
0.0
0.0
0.0
0.0
0.0
0.0
0.0
0.0
0.0
0.0
0.0
0.0
0.0
0.0
0.0
0.0
0.0
0.0
0.0
0.0
0.0
0.0
0.0
0.0
0.0
0.0
0.0
0.0
0.0
0.0
0.0
0.0
0.0
0.0
0.0
0.0
0.0
0.0
0.0
0.0
0.0
0.0
0.0
0.0
0.0
0.0
0.0
0.0
0.0
0.0
0.0
0.0
0.0
0.0
0.0
0.0
0.0
0.0
0.0
0.0
0.0
0.0
0.0
0.0
0.0
0.0
0.0
0.0
0.0
0.0
0.0
0.0
0.0
0.0
0.0
0.0
0.0
0.0
0.0
0.0
0.0
0.0
0.23322353056630665
0.0
0.0
0.0
0.0
0.0
0.0
0.0
0.0
0.0
0.2410212132304805
0.0
0.0
0.0
0.0
0.0
0.0
0.0
0.0
0.0
0.24259491825418625
0.0
0.0
0.0
0.0
0.0
0.0
0.0
0.0
0.0
0.24759289805301263
0.0
0.0
0.0
0.0
0.0
0.0
0.0
0.0
0.0
0.3093773368900429
0.15484931674549285
0.8949022541711009
0.9905036324662925
0.9999999999877763
0.999991671287273
0.9815062846407708
0.9999981934255674
0.9914082104069398
0.978420279875252
0.9999999999994194
0.19995240025840832
0.9727155408587839
0.99989275829158
1.0
0.999999999901929
0.9996927528348213
0.9999999999978771
0.9999266747065075
0.9991494744461936
1.0
0.2185298338653001
0.9766276169489808
0.9999510489956656
1.0
0.9999999999865614
0.9998622945552302
0.9999999999998074
0.9999737947433757
0.999563015934912
1.0
0.20492580466843133
0.9765501055506632
0.9999488752946074
1.0
0.9999999999860194
0.9998610645396367
0.999999999999796
0.9999735019950016
0.99955125292722
1.0
0.2811404003464164
0.9786926795030993
0.9999569235905603
1.0
0.9999999999917834
0.9998734900110867
0.9999999999998803
0.9999772914899816
0.9996091489305603
1.0
0.5927402340500436
1.0
1.0
1.0
1.0
1.0
1.0
1.0
1.0
1.0
0.596052073072475
1.0
1.0
1.0
1.0
1.0
1.0
1.0
1.0
1.0
0.6338973433900437
1.0
1.0
1.0
1.0
1.0
1.0
1.0
1.0
1.0
0.6375979647499956
1.0
1.0
1.0
1.0
1.0
1.0
1.0
1.0
1.0
0.6204454720718282
1.0
1.0
1.0
1.0
1.0
1.0
1.0
1.0
1.0
0.34197822215488327
0.9951770799458579
0.9954139842542368
0.9897748953252496
0.9964919364123075
0.9974750480981438
0.9963410657930771
0.9977351562169008
0.9971153028013408
0.9935182019567309
0.2770144200681869
0.978588377756575
0.9611542431961712
0.959436040039008
0.9726645263200536
0.9703097322146365
0.9706094320669328
0.9749964773324957
0.9768981278344808
0.9701067043805901
0.25500482433778915
0.9764423092196609
0.9539353911014874
0.955067178046122
0.967578509613468
0.9633191481426961
0.965142585350758
0.9684415061454911
0.9715114814703187
0.9656548083742535
0.25431914433075253
0.9763872088976349
0.9538572920988515
0.9549622775757663
0.9675029804159517
0.9632492901385824
0.9650709532107741
0.9683690189822906
0.9714563029198087
0.9655567434485776
0.1515522777818744
0.9749640282828536
0.9521954880634628
0.9510353028429267
0.9660397384361618
0.9623900623085248
0.9637525226633864
0.9672304624277804
0.9700861358734076
0.9630057368529098
0.0
0.0
0.0
0.0
0.0
0.0
0.0
0.0
0.0
0.0
0.0
0.0
0.0
0.0
0.0
0.0
0.0
0.0
0.0
0.0
0.0
0.0
0.0
0.0
0.0
0.0
0.0
0.0
0.0
0.0
0.0
0.0
0.0
0.0
0.0
0.0
0.0
0.0
0.0
0.0
0.0
0.0
0.0
0.0
0.0
0.0
0.0
0.0
0.0
0.0
0.0
0.0
0.0
0.0
0.0
0.0
0.0
0.0
0.0
0.0
0.0
0.0
0.0
0.0
0.0
0.0
0.0
0.0
0.0
0.0
0.0
0.0
0.0
0.0
0.0
0.0
0.0
0.0
0.0
0.0
0.0
0.0
0.0
0.0
0.0
0.0
0.0
0.0
0.0
0.0
0.0
0.0
0.0
0.0
0.0
0.0
0.0
0.0
0.0
0.0
0.0
0.0
0.0
0.0
0.0
0.0
0.0
0.0
0.0
0.0
0.0
0.0
0.0
0.0
0.0
0.0
0.0
0.0
0.0
0.0
0.0
0.0
0.0
0.0
0.0
0.0
0.0
0.0
0.0
0.0
0.0
0.0
0.0
0.0
0.0
0.0
0.0
0.0
0.0
0.0
0.0
0.0
0.0
0.0
0.0
0.0
0.0
0.0
0.0
0.0
0.0
0.0
0.0
0.0
0.0
0.0
0.0
0.0
0.0
0.0
0.0
0.0
0.0
0.0
0.0
0.0
0.0
0.0
0.0
0.0
0.0
0.0
0.0
0.0
0.0
0.0
0.0
0.0
0.0
0.0
0.0
0.0
0.0
0.0
0.0
0.0
0.0
0.0
0.0
0.0
0.0
0.0
0.0
0.0
0.0
0.0
0.0
0.0
0.0
0.0
0.0
0.0
0.0
0.0
0.0
0.0
0.0
0.0
0.0
0.0
0.22164210203987209
0.0
0.0
0.0
0.0
0.0
0.0
0.0
0.0
0.0
0.28628285683244226
0.0
0.0
0.0
0.0
0.0
0.0
0.0
0.0
0.0
0.9801010503108732
0.0
0.0
0.0
0.0
0.0
0.0
0.0
0.0
0.0
0.9809637036267161
0.0
0.0
0.0
0.0
0.0
0.0
0.0
0.0
0.0
0.9981954040023859
0.0
0.0
0.0
0.0
0.0
0.0
0.0
0.0
0.0
0.9981938852137288
0.0
0.0
0.0
0.0
0.0
0.0
0.0
0.0
0.0
0.9983530809569848
0.0
0.0
0.0
0.0
0.0
0.0
0.0
0.0
0.0
0.9983785900467171
0.0
0.0
0.0
0.0
0.0
0.0
0.0
0.0
0.0
0.9991926529298109
0.0
0.0
0.0
0.0
0.0
0.0
0.0
0.0
0.0
0.9993079455314211
0.0
0.0
0.0
0.0
0.0
0.0
0.0
0.0
0.0
0.98380150769935
0.0
0.0
0.0
0.0
0.0
0.0
0.0
0.0
0.0
0.9797742904653645
0.0
0.0
0.0
0.0
0.0
0.0
0.0
0.0
0.0
0.9999997716445315
0.0
0.08723441695404753
0.12039327545986687
0.15001921001851967
0.1202647587664466
0.08644306726621953
0.2350051281973756
0.18368611239552024
0.20678613987202052
0.9999999995466973
0.0
0.11359081612720656
0.14641667379469248
0.16671852167993495
0.12760539551953487
0.10238892047882175
0.24551196458821
0.18964667488723264
0.22166623395681873
0.9999999751311928
0.0
0.10198846786499129
0.1430368121593588
0.18775849614827425
0.14329423311176623
0.12065843535171916
0.2605202549223952
0.20498697949605516
0.2327295363234194
0.9999999801388874
0.0
0.10378160279927906
0.14541981449321506
0.1879100183029012
0.14404479713279647
0.1223496665448327
0.26194508869891675
0.20730803199760167
0.23577710620807643
0.9999999801507534
0.0
0.10349390510310064
0.14519800413033068
0.18779603678974127
0.14416792408178947
0.12239550102219088
0.2620070855715917
0.2073867790261772
0.23578458816481293
0.9999999894215715
0.0
0.10513009338700419
0.14744476854589317
0.20632888994508855
0.1556842534960365
0.12486659974939396
0.2753156519365083
0.21876195599653647
0.23684153445179543
0.9999999930009523
0.0
0.1303829239492721
0.19964103647609052
0.34577752495994085
0.22067027747128265
0.19104950110552688
0.3465360911921339
0.29792569559185245
0.28068366643857434
0.999999993607948
0.0
0.13109516340480687
0.2005165798514844
0.34666040543499066
0.22079110089861875
0.19136331187873723
0.3466802766468955
0.29809354923036724
0.28161658133247913
0.999999995722868
0.0
0.13672443205634166
0.2025458146145964
0.3571605824734905
0.2253212198560753
0.19925126781991032
0.35511338108686846
0.30615272263438564
0.29224472511003374
0.9999999957198861
0.0
0.13671566733257887
0.20247349109179824
0.3572540489522073
0.22540393323391805
0.1992223989469455
0.35514591465916223
0.3061250293781984
0.29223700445518874
0.15509932563836237
0.0
0.0
0.0
0.14372028399613224
0.0
0.018089539157635337
0.02130878956471116
0.034177278501892894
0.0
0.0
0.0
0.0
0.0
0.12469372542513944
0.0
0.0007687958663088467
0.009442904047780145
0.027146800323981868
0.0
0.0
0.0
0.0
0.0
0.09479883079624307
0.0
0.0
0.0
0.007087927825437768
0.0
0.0
0.0
0.0
0.0
0.09441912927907657
0.0
0.0
0.0
0.00466904480091479
0.0
0.0
0.0
0.0
0.0
0.0943516456861131
0.0
0.0
0.0
0.004559061974570788
0.0
0.0
0.0
0.0
0.0
0.07444066221053448
0.0
0.0
0.0
0.0
0.0
0.0
0.0
0.0
0.0
0.0
0.0
0.0
0.0
0.0
0.0
0.0
0.0
0.0
0.0
0.0
0.0
0.0
0.0
0.0
0.0
0.0
0.0
0.0
0.0
0.0
0.0
0.0
0.0
0.0
0.0
0.0
0.0
0.0
0.0
0.0
0.0
0.0
0.0
0.0
0.0
0.0
0.0
0.0
0.0
0.0
0.0
0.0
0.0
0.0
0.0
0.0
0.0
0.0
0.0
0.0
0.0
0.0
0.0
0.0
0.0
0.0
0.0
0.0
0.0
0.0
0.0
0.0
0.0
0.0
0.0
0.0
0.0
0.0
0.0
0.0
0.0
0.0
0.0
0.0
0.0
0.0
0.0
0.0
0.0
0.0
0.0
0.0
0.0
0.0
0.0
0.0
0.0
0.0
0.0
0.0
0.0
0.0
0.0
0.0
0.0
0.0
0.0
0.0
0.0
0.0
0.0
0.0
0.0
0.0
0.0
0.0
0.0
0.0
0.0
0.0
0.0
0.0
0.0
0.0
0.0
0.0
0.0
0.0
0.0
0.0
0.0
0.0
0.0
0.0
0.0
0.0
0.0
0.0
0.0
0.0
0.0
0.0
0.0
0.0
0.0
0.0
0.0
0.0
0.0
0.0
0.0
0.0
0.0
0.0
0.0
0.0
0.0
0.0
0.0
0.0
0.0
0.0
0.0
0.0
0.0
0.0
0.0
0.0
0.0
0.0
0.0
0.0
0.0
0.0
0.0
0.0
0.0
0.0
0.0
0.0
0.0
0.0
0.0
0.0
0.0
0.0
0.0
0.0
0.0
0.0
0.0
0.0
0.0
0.0
0.0
0.0
0.0
0.0
0.0
0.0
0.0
0.0
0.0
0.0
0.0
0.0
0.0
0.0
0.0
0.0
0.0
0.0
0.0
0.0
0.0
0.0
0.0
0.0
0.0
0.0
0.0
0.0
0.0
0.0
0.0
0.0
0.0
0.0
0.0
0.0
0.0
0.0
0.0
0.0
0.0
0.0
0.0
0.0
0.0
0.0
0.0
0.0
0.0
0.0
0.0
0.0
0.0
0.0
0.0
0.0
0.0
0.0
0.0
0.0
0.0
0.0
0.0
0.0
0.0
0.0
0.0
0.0
0.0
0.0
0.0
0.0
0.0
0.0
0.0
0.0
0.0
0.0
0.0
0.0
0.0
0.0
0.0
0.0
0.0
0.0
0.0
0.0
0.0
0.0
0.0
0.0
0.0
0.0
0.0
0.0
0.0
0.0
0.0
0.0
0.0
0.0
0.0
0.0
0.0
0.0
0.0
0.0
0.0
0.0
0.0
0.0
0.0
0.0
0.0
0.0
0.0
0.0
0.0
0.0
0.0
0.0
0.0
0.0
0.0
0.0
0.0
0.0
0.0
0.0
0.0
0.0
0.0
0.0
0.0
0.0
0.0
0.0
0.0
0.0
0.0
0.0
0.0
0.0
0.0
0.0
0.0
0.0
0.0
0.0
0.0
0.0
0.0
0.0
0.0
0.0
0.0
0.0
0.0
0.0
0.0
0.0
0.0
0.0
0.0
0.0
0.0
0.0
0.0
0.0
0.0
0.0
0.0
0.0
0.0
0.0
0.0
0.0
0.0
0.0
0.0
0.0
0.0
0.0
0.0
0.0
0.0
0.0
0.0
0.0
0.0
0.0
0.0
0.0
0.0
0.0
0.0
0.0
0.0
0.0
0.0
0.0
0.0
0.0
0.0
0.0
0.0
0.0
0.0
0.0
0.0
0.5072952412818539
0.0
0.2471903973885896
0.32432720577457264
0.017706180068154276
0.0
0.056193141718508414
0.03407850931019585
0.0
0.15407637364441362
0.5666038396760468
0.0
0.24659344894185875
0.325231056909864
0.018631336597375255
0.0
0.07470130908050841
0.05134008666991907
0.012871446200817482
0.1730474731170042
0.5675213994949612
0.0
0.24634441207577476
0.32281472329712746
0.015360286194513904
0.0
0.07459726182966597
0.05033834945404136
0.013034101193064251
0.16969972378747433
0.568859222331101
0.0
0.2451711401075236
0.32305743311160334
0.013944537500777732
0.0
0.07462674134787507
0.05111857622735716
0.012971830759389456
0.1685879760281025
0.5687514247642425
0.0
0.246822694065858
0.3256748388920202
0.014612377075265415
0.0
0.07612922962151458
0.05218911966479456
0.013948013100630983
0.17163283901184379
0.5684769313069259
0.01831310805037756
0.2929175545779352
0.3786461378401426
0.045160447165992434
0.0
0.11146409694451152
0.0829958743291257
0.04400658356235442
0.21229096100769973
0.5698801525800904
0.030663112393020327
0.3142035123070308
0.3942563897708751
0.05959301602914879
0.0
0.12777173339875947
0.09839318590691692
0.05779747052646489
0.22582983099479248
0.5775602619930205
0.03429457063484831
0.32199461493049414
0.401960021684339
0.06421738551808431
0.0
0.1305745331169521
0.1017029518765764
0.06032276297691852
0.23216857613838612
0.5776274882287182
0.03434526242266678
0.3220515704123505
0.40203145280208896
0.06425293163121193
0.0
0.13061043843989273
0.101728444576884
0.06034860711502588
0.2322002426875398
0.5742051906247372
0.03465081649740087
0.32182677668738807
0.4032123107225387
0.06460917677297606
0.0
0.13063069186325435
0.10189848003914868
0.06030027752233902
0.23184099972182523
0.0
0.0
0.0
0.0
0.0
0.0
0.0
0.0
0.0
0.0
0.0
0.0
0.0
0.0
0.0
0.0
0.0
0.0
0.0
0.0
0.0
0.0
0.0
0.0
0.0
0.0
0.0
0.0
0.0
0.0
0.0
0.0
0.0
0.0
0.0
0.0
0.0
0.0
0.0
0.0
0.0
0.0
0.0
0.0
0.0
0.0
0.0
0.0
0.0
0.0
0.0
0.0
0.0
0.0
0.0
0.0
0.0
0.0
0.0
0.0
0.0
0.0
0.0
0.0
0.0
0.0
0.0
0.0
0.0
0.0
0.0
0.0
0.0
0.0
0.0
0.0
0.0
0.0
0.0
0.0
0.0
0.0
0.0
0.0
0.0
0.0
0.0
0.0
0.0
0.0
0.0
0.0
0.0
0.0
0.0
0.0
0.0
0.0
0.0
0.0
0.0
0.0
0.0
0.0
0.0
0.0
0.0
0.0
0.0
0.0
0.0
0.0
0.0
0.0
0.0
0.0
0.0
0.0
0.0
0.0
0.0
0.0
0.0
0.0
0.0
0.0
0.0
0.0
0.0
0.0
0.0
0.0
0.0
0.0
0.0
0.0
0.0
0.0
0.0
0.0
0.0
0.0
0.0
0.0
0.0
0.0
0.0
0.0
0.0
0.0
0.0
0.0
0.0
0.0
0.0
0.0
0.0
0.0
0.0
0.0
0.0
0.0
0.0
0.0
0.0
0.0
0.0
0.0
0.0
0.0
0.0
0.0
0.0
0.0
0.0
0.0
0.0
0.0
0.0
0.0
0.0
0.0
0.0
0.0
0.0
0.0
0.0
0.0
0.0
0.0
0.0
0.0
0.0
0.0
0.0
0.0
0.0
0.0
0.0
0.0
0.0
0.0
0.0
0.0
0.0
0.0
0.0
0.0
0.0
0.0
0.0
0.0
0.0
0.0
0.0
0.0
0.0
0.0
0.0
0.0
0.0
0.0
0.0
0.0
0.0
0.0
0.0
0.0
0.0
0.0
0.0
0.0
0.0
0.0
0.0
0.0
0.0
0.0
0.0
0.0
0.0
0.0
0.0
0.0
0.0
0.0
0.0
0.0
0.0
0.0
0.0
0.0
0.0
0.0
0.0
0.0
0.0
0.0
0.0
0.0
0.0
0.35583364369707304
0.15586358616473672
0.6656316445492898
0.5170494845722682
0.7586367201120371
0.10201457369538902
0.0
0.0
0.0
0.0
0.36991682301973206
0.15850313057727747
0.667798064071974
0.5220789364216628
0.7636872993408886
0.1044183613367884
0.0
0.0
0.0
0.0
0.3956217092697623
0.16835962703727836
0.754714193847264
0.6327349044892507
0.8503395104156721
0.15515402101833953
0.0
0.0
0.0313858013551267
0.12167072189359884
0.689974816390324
0.2817937410779673
0.9045657926780732
0.8011668916621214
0.945489719875328
0.23107701894630872
0.0
0.019343881117205416
0.07756517726264234
0.11638889050583956
0.6833491051184469
0.2793216321769425
0.9007822572765634
0.7962622149131598
0.9438900053694947
0.2269094496631021
0.0
0.017156369326146614
0.07550258738401627
0.11817719099195856
0.6836971604758921
0.28176725470030595
0.902029815532504
0.7985707109342195
0.9449834692132573
0.22954400070876488
0.0
0.021689450691173007
0.0788924117391878
0.11667676898729028
0.6807627934769663
0.2810593820562484
0.9008666779216408
0.7971601290340574
0.9444599069546361
0.22891661080763567
0.0
0.021631243921757193
0.0781119278379454
0.1279229954952379
0.68298678496254
0.287708397746832
0.9016440932767901
0.8023960282115729
0.9450449391379032
0.23052851251753315
0.0
0.02707444700723849
0.08021368613407287
0.12280563381948484
0.6668082038310422
0.2782159444952782
0.8836736530318646
0.7728119841462432
0.9276531454152868
0.19971921184251795
0.0
0.012779475852899512
0.06295866614079182
0.12535425300273573
0.6639956884669937
0.2774478409216339
0.8775772986422634
0.7637980170117186
0.9225308084207337
0.19368598757300856
0.0
0.010069928985315446
0.057035728727217294
0.0
0.20276385015434184
0.0
0.24965592360061084
0.1730397953171351
0.23494445364060867
0.0
0.0
0.0
0.0
0.0
0.1883624350650659
0.0
0.24715822993979816
0.1676517887870861
0.22809196339406257
0.0
0.0
0.0
0.0
0.0
0.15496888363187988
0.0
0.12191301563769665
0.028486671935454063
0.07677915525278278
0.0
0.0
0.0
0.0
0.0
0.0
0.0
0.0
0.0
0.0
0.0
0.0
0.0
0.0
0.0
0.0
0.0
0.0
0.0
0.0
0.0
0.0
0.0
0.0
0.0
0.0
0.0
0.0
0.0
0.0
0.0
0.0
0.0
0.0
0.0
0.0
0.0
0.0
0.0
0.0
0.0
0.0
0.0
0.0
0.0
0.0
0.0
0.0
0.0
0.0
0.0
0.0
0.0
0.0
0.0
0.0
0.0
0.0
0.0
0.0
0.0
0.0
0.0
0.0
0.0
0.0
0.0
0.0
0.0
0.0
0.0
0.0
0.0
0.0
0.0
0.0
0.0
0.0
0.0
0.0
0.0
0.0
0.0
0.0
0.0
0.2325434686878529
0.054774648864337035
0.0
0.0
0.0
0.0
0.0
0.0
0.0
0.0
0.2455774147524624
0.06578740115161996
0.0
0.0
0.011101475881930887
0.0
0.0
0.0
0.0
0.0
0.26198086889708017
0.07125301768673875
0.0
0.0
0.02808042509538966
0.0
0.0
0.0
0.0
0.0
0.26282126749350465
0.07180452918762759
0.0
0.0
0.028212822213176447
0.0
0.0
0.0
0.0
0.0
0.2650222292009865
0.07326700634931328
0.0
0.0
0.029943099039348
0.0
0.0
0.0
0.0
0.0
0.26530543479134133
0.07336367164135249
0.0
0.0
0.029976926860034055
0.0
0.0
0.0
0.0
0.0
0.27234656187333073
0.07397672416614853
0.0
0.0
0.03797390999838357
0.0
0.0
0.0
0.0
0.017350321719490136
0.8776549462341707
0.3689376147208756
0.0600020321655248
0.3990974370629291
0.2853252268530446
0.7155122547591002
0.5665688221728529
0.7305874099828283
0.5031208481203044
0.10457658802363556
0.9221446724162785
0.39866211392109074
0.08658672240250198
0.40558644400213795
0.30983842978476006
0.7258097973980986
0.5773101939483377
0.7412623047201417
0.5136929809779942
0.10464526735498014
0.9221635123648008
0.39873412218549265
0.08659944605477632
0.40562994412744174
0.30988092417206725
0.7258928492827276
0.5773172936006745
0.7412881094149838
0.5137122771397905
0.006001605481359529
0.7024830725442766
0.20080121762677383
0.0
0.27764755657189694
0.12946325437345707
0.6607885472889479
0.5106007201119481
0.6731730651371962
0.43874604739858175
0.0
0.6950644688525777
0.18970669258990025
0.0
0.2743027902326238
0.11056509587448914
0.64160689733604
0.49303137976554434
0.6543536590654796
0.4205607402347249
0.0
0.6947783930893275
0.18928916686728736
0.0
0.27347812775012326
0.10970445240414316
0.6412009459218354
0.4928039218635489
0.654110019480947
0.41982012257197826
0.0
0.6944129730400835
0.18887161271452088
0.0
0.2732043920740892
0.1096118608972456
0.6407421071815336
0.4926318110376755
0.653929968691436
0.4194041653413117
0.0
0.6933478639217301
0.18805795136103207
0.0
0.2727355261834935
0.1088666829996946
0.640487701488174
0.4925156032051592
0.653822045885617
0.41895043042532326
0.0
0.6931648241040277
0.18796876423164244
0.0
0.2726222757302521
0.1087731549351134
0.6404615215498334
0.4924999784739832
0.6538148413100224
0.4189708007696966
0.0
0.6940042736569881
0.1884177473232611
0.0
0.27281463266526007
0.10888642072895016
0.6407596291273817
0.4927067057127679
0.654041455945607
0.41917973996509295
0.05126142304614678
0.0
0.0
0.0
0.0
0.0
0.0
0.0
0.0
0.0
0.023213257638034394
0.0
0.0
0.0
0.0
0.0
0.0
0.0
0.0
0.0
0.030451009822020536
0.0
0.0
0.0
0.0
0.0
0.0
0.0
0.0
0.0
0.19942902319225572
0.0
0.0
0.0
0.0
0.0
0.0
0.0
0.0
0.0
0.24739437600365252
0.0
0.0
0.0
0.0
0.0
0.0
0.0
0.0
0.0
0.4536248125260122
0.0
0.0
0.0
0.0
0.0
0.0
0.0
0.0
0.0
0.48230822517138255
0.0
0.0
0.0
0.0
0.021207543731372236
0.0
0.0
0.0
0.0
0.5064973923246925
0.0006057374394237147
0.0
0.0
0.020144038986251167
0.07208184211331514
0.0
0.0
0.0
0.0
0.5082281133872377
0.0013176482883016094
0.0
0.0
0.020649032505433703
0.07270529874020815
0.0
0.0
0.0
0.0
0.5102926863822378
0.002461235462187794
0.0
0.0
0.02344376532616965
0.0777169366049354
0.0
0.0
0.0
0.0
0.3866111604437823
0.0
0.0
0.0
0.003023640671267702
0.061650772182340274
0.0
0.0
0.0
0.0
0.32172840430686334
0.0
0.0
0.0
0.0
0.05057591962478991
0.0
0.0
0.0
0.0
0.3193594054235848
0.0
0.0
0.0
0.0
0.04770157720377
0.0
0.0
0.0
0.0
0.144439695040246
0.0
0.0
0.0
0.0
0.026412825377785328
0.0
0.0
0.0
0.0
0.09149712646991136
0.0
0.0
0.0
0.0
0.019982071380499566
0.0
0.0
0.0
0.0
0.0
0.0
0.0
0.0
0.0
0.0
0.0
0.0
0.0
0.0
0.0
0.0
0.0
0.0
0.0
0.0
0.0
0.0
0.0
0.0
0.0
0.0
0.0
0.0
0.0
0.0
0.0
0.0
0.0
0.0
0.0
0.0
0.0
0.0
0.0
0.0
0.0
0.0
0.0
0.0
0.0
0.0
0.0
0.0
0.0
0.0
0.0
0.0
0.0
0.0
0.0
0.0
0.0
0.0
0.0
0.0
0.0
0.0
0.0
0.0
0.0
0.0
0.0
0.0
0.0
0.0
0.0
0.0
0.0
0.0
0.0
0.0
0.0
0.0
0.0
0.0
0.0
0.0
0.0
0.0
0.0
0.0
0.0
0.0
0.0
0.0
0.0
0.0
0.0
0.0
0.0
0.0
0.0
0.0
0.0
0.0
0.0
0.0
0.0
0.0
