Torsk
0.0
0.0
0.0
0.0
0.0
0.0
0.0
0.0
0.0
0.0
0.0
0.0
0.0
0.0
0.0
0.0
0.0
0.0
0.0
0.0
0.0
0.0
0.0
0.0
0.0
0.0
0.0
0.0
0.0
0.0
0.0
0.0
0.0
0.0
0.0
0.0
0.0
0.0
0.0
0.0
0.0
0.0
0.0
0.0
0.0
0.0
0.0
0.0
0.0
0.0
0.0
0.0
0.0
0.0
0.0
0.0
0.0
0.0
0.0
0.0
0.0
0.0
0.0
0.0
0.0
0.0
0.0
0.0
0.0
0.0
0.0
0.0
0.0
0.0
0.0
0.0
0.0
0.0
0.0
0.0
0.0
0.0
0.0
0.0
0.0
0.0
0.0
0.0
0.0
0.0
0.0
0.0
0.0
0.0
0.0
0.0
0.0
0.0
0.0
0.0
0.0
0.0
0.0
0.0
0.0
0.0
0.0
0.0
0.0
0.0
0.0
0.0
0.0
0.0
0.0
0.0
0.0
0.0
0.0
0.0
0.0
0.0
0.0
0.0
0.0
0.0
0.0
0.0
0.0
0.0
0.0
0.0
0.0
0.0
0.0
0.0
0.10000994421954534
0.0
0.0
0.0
0.0
0.0
0.0
0.0
0.0
0.0
0.25899363076296567
0.0
0.0
0.0
0.0
0.0
0.0
0.0
0.0
0.0
0.4337363343576397
0.0
0.0
0.0
0.0
0.0
0.0
0.0
0.0
0.0
0.45307995189603045
0.0
0.0
0.0
0.0
0.0
0.0
0.0
0.0
0.0
0.47767146248463294
0.0
0.0
0.0
0.0
0.0
0.0
0.0
0.0
0.0
0.491715279164487
0.007327787958259391
0.0
0.0
0.0
0.0
0.0
0.0
0.0
0.0
0.4907785684956589
0.0
0.0
0.0
0.0
0.0
0.0
0.0
0.0
0.0
0.2626061894920608
0.0
0.0
0.0
0.0
0.0
0.0
0.0
0.0
0.0
0.20484295629074145
0.0
0.0
0.0
0.0
0.0
0.0
0.0
0.08686738783338378
0.15822190107394207
0.33120472167456805
0.0
0.0
0.0
0.0
0.0
0.0051465259933388685
0.0
0.2512738297456753
0.3175912914050223
0.3516175533157884
0.0
0.0458856021180869
0.02681053914961329
0.26217329044558374
0.29246565620124354
0.6091108536865789
0.3992615539486494
0.6184099458779512
0.6575340152740857
0.9150637025210145
0.8862181879570599
0.7880831343480708
0.6491308911336947
0.29265900319736504
0.32832716722643673
0.5770074971009144
0.4575501122158747
0.6941707083425978
0.7610644807447421
0.9381406605814094
0.9339045458803923
0.8479101080468565
0.6720003562372293
0.6260573927895816
0.6581971122072318
0.7734920979223004
0.663411609034107
0.8363959420291021
0.8969394948390653
0.9765114840274307
0.9720748655806771
0.9497325245275821
0.8419661193421721
0.6731007539568857
0.7057468985014893
0.8460108077135596
0.7470170674634475
0.9135447825897016
0.9550419363367267
0.9842646859891134
0.98216461783035
0.9716952996789213
0.8856059890631753
0.7609319412573599
0.7535246330014628
0.8768954539995446
0.7953495182186283
0.9666994391710586
0.9876401394597862
0.9933842971391249
0.9902707190920198
0.9869273806961678
0.8703092985753813
0.8491633664737567
0.864937611737823
0.9448716600580451
0.860863131968703
0.9866649862256212
0.9940431856855376
0.9971287038751065
0.9960132256246419
0.9959778608894381
0.9323284146974568
0.8838676301606285
0.916878403132507
0.9655395955080542
0.8752090627467961
0.9862772844465453
0.9944211696830608
0.9977834038839426
0.9981291444735468
0.9981470170961363
0.9565075139379405
0.9412564053682336
0.9405260996379725
0.9923886763988146
0.905782484745754
0.9860960132237471
0.9969986221095609
0.9979911836997741
0.999726839366872
0.9998457318044056
0.9819981745639138
0.9446046781637764
0.9586016078406808
0.9959127661426611
0.9230821323304004
0.9845148684876378
0.9973858453920035
0.9964973574378508
0.9998557940128152
0.9999310537745155
0.986597765799344
0.9357186265699132
0.96057506601433
0.9973918190488285
0.9080858791707443
0.9769189730559448
0.9954986623207656
0.9950692124818716
0.9999402876670195
0.9998578887120304
0.9821972055387544
0.5958031148431925
0.49972117039618896
0.7630516910164141
0.5214845292781939
0.7503852017659641
0.8889205368694039
0.4548092898011441
0.5205405363677231
0.7126635953681236
0.5918271448538563
0.5630681726924087
0.3973542178899185
0.7292467532439518
0.48524287483885525
0.7380541058652341
0.8241242284049151
0.3374018976899064
0.4220932897017324
0.700058359965737
0.5860085870247815
0.31353402371176387
0.15574795049781098
0.5943416051436423
0.2998817115266622
0.6118576218580115
0.7293692753414035
0.22122679845260615
0.3491149611699973
0.5997413477832274
0.45059220028855373
0.4958459388237508
0.3471235061962121
0.6854956861962811
0.3793914653366528
0.6057717350823324
0.7405892455393734
0.34773930837298583
0.4458976573695907
0.7198344377487675
0.6322774370664912
0.48611225174645745
0.38845568425739296
0.6829861559152319
0.34890182188237073
0.4486566272461728
0.612413223835506
0.30345836995805
0.4288160606665056
0.6846146962268682
0.6864540457151683
0.44590534152042555
0.314374917480297
0.6334598279142065
0.2493094791733452
0.2795205548161417
0.5116279095774492
0.24119813535169443
0.40002317432376017
0.6914041899791875
0.6469201419022762
0.3867874472820316
0.23169013116387072
0.5692183678037136
0.15197532228450583
0.20972247099010488
0.48373416066841024
0.22207280275069263
0.4061804812462448
0.7058497554382825
0.5368296298646007
0.26446587742477234
0.24038011495429568
0.379719979442908
0.09065698648323894
0.14977173253615747
0.37991840337934496
0.17955815104132844
0.33116112997568603
0.6551435943213716
0.5458570355642121
0.33258564281116865
0.28601230820639834
0.38937240377187327
0.030934744304540573
0.1426678658618612
0.36164396506671687
0.2672444376170169
0.4259423617032629
0.7564386965816124
0.6078983447951493
0.3451111612951656
0.2829804819570747
0.33546478859981493
0.004574601131873135
0.12666045970552964
0.3200887934370591
0.2304193852989631
0.3742378135168454
0.7397634627214313
0.5924184044915632
0.26523481988366504
0.214874368775146
0.23731002574640525
0.0
0.0930579337291085
0.2840091237617651
0.22291439652670297
0.3478622542289107
0.6559021290533239
0.5255656014281802
0.1353435888814359
0.11479209651115661
0.1702767984692517
0.0
0.0
0.16178468697253945
0.12369936787492963
0.2880298083360828
0.6059616511441109
0.40799651327751496
0.12293836250142642
0.10783711284295582
0.16235420792014707
0.0
0.0
0.10343820343129893
0.10590231850667085
0.2488029709261997
0.6073467407012209
0.36346214607444977
0.0
0.0
0.0
0.0
0.0
0.0
0.0
0.1337214581458982
0.37651828528144127
0.03265612079660274
0.0
0.0
0.0
0.0
0.0
0.0
0.0
0.1308378735571419
0.3832573145049735
0.0
0.0
0.0
0.0
0.0
0.0
0.0
0.0
0.11242303480495663
0.2657614672984716
0.0
0.0
0.0
0.0
0.0
0.0
0.0
0.0
0.00894129137041555
0.14496918949030146
0.0
0.0
0.0
0.0
0.0
0.0
0.0
0.0
0.0
0.0
0.0
0.0
0.0
0.0
0.0
0.0
0.0
0.0
0.0
0.0
0.0
0.0
0.0
0.0
0.0
0.0
0.0
0.0
0.0
0.0
0.0
0.0
0.0
0.0
0.0
0.0
0.0
0.0
0.0
0.0
0.0
0.0
0.0
0.0
0.0
0.0
0.0
0.0
0.0
0.0
0.0
0.0
0.0
0.0
0.0
0.0
0.0
0.0
0.0
0.0
0.0
0.0
0.0
0.0
0.0
0.0
0.0
0.0
0.0
0.0
0.0
0.0
0.0
0.0
0.0
0.0
0.0
0.0
0.0
0.0
0.0
0.0
0.0
0.0
0.0
0.0
0.0
0.0
0.0
0.0
0.0
0.0
0.0
0.0
0.0
0.0
0.0
0.0
0.0
0.0
0.0
0.0
0.0
0.0
0.0
0.0
0.0
0.0
0.0
0.0
0.0
0.0
0.0
0.0
0.0
0.0
0.0
0.0
0.0
0.0
0.0
0.0
0.0
0.0
0.0
0.0
0.0
0.0
0.0
0.0
0.0
0.0
0.0
0.0
0.0
0.0
0.0
0.0
0.0
0.0
0.0
0.1327862743464051
0.05921370172449514
0.23928156637584416
0.3422321214874582
0.05954229409278111
0.0
0.04725397731959224
0.019330093633147968
0.005970657474163255
0.14395539132490595
0.23067432725082923
0.09842620912210708
0.3039181992970511
0.415536006570838
0.12289796908861728
0.0
0.08136904164497603
0.030662332723767168
0.019838740549453338
0.13321363218962357
0.2087660128100324
0.017083566018601948
0.24781495270332363
0.3413100046820403
0.08615812244894983
0.0
0.0712148603351237
0.0
0.0
0.0
0.15338219145235799
0.0
0.31754321989651924
0.30593892977896064
0.14747397990552813
0.008023054951691198
0.07611240180911939
0.0
0.0
0.0
0.145696359208205
0.0
0.3968723111154984
0.2759320058249737
0.11011095412534144
0.03597259155462895
0.07311698293939684
0.0
0.0
0.0
0.49791353632109986
0.1573212741209837
0.6541192201049844
0.35202613558704243
0.18016921575875863
0.10778421599186438
0.20254356729402287
0.13966946323418528
0.0
0.07796556753772999
0.5032654971945609
0.1726034044137741
0.6912665728991547
0.31108676560844767
0.15361654986814288
0.1036910927846616
0.14393706116449387
0.08228668306854801
0.0
0.07433550165241297
0.5847211074943521
0.23537860960200171
0.7634353856386838
0.4270097990763744
0.3255849946906349
0.32568209378980506
0.3283886723498015
0.2131709712407792
0.20380325714341208
0.2539167357000871
0.5927500956317551
0.2554718288495721
0.7811489922132961
0.4033483065762355
0.38881122934501033
0.37396072078092807
0.33474795945832314
0.1809797748540444
0.2121052218886705
0.2724982992258771
0.641537593650581
0.2871874793689775
0.8026708306180963
0.3915447252841954
0.4391340224320957
0.3923637229864709
0.29894262197424903
0.16181317615780266
0.246044144087902
0.2761408427727132
0.4094491618482383
0.1298603888787856
0.6204090698856219
0.07394271195983283
0.2127283701034244
0.15987318788900828
0.0
0.0
0.0
0.0
0.3032911706921757
0.028455297263098145
0.57192156587466
0.0
0.1351097467329908
0.10557858025073164
0.0
0.0
0.0
0.0
0.225800861247758
0.0
0.5260699230543564
0.0
0.050823577612229665
0.017736105286359716
0.0
0.0
0.0
0.0
0.16619424307053698
0.0
0.4875864288075084
0.0
0.0
0.0
0.0
0.0
0.0
0.0
0.02824701175595523
0.0
0.3984296128883569
0.0
0.0
0.0
0.0
0.0
0.0
0.0
0.0
0.0
0.012929706481399128
0.0
0.0
0.0
0.0
0.0
0.0
0.0
0.0
0.0
0.0
0.0
0.0
0.0
0.0
0.0
0.0
0.0
0.0
0.0
0.0
0.0
0.0
0.0
0.0
0.0
0.0
0.0
0.0
0.0
0.0
0.0
0.0
0.0
0.0
0.0
0.0
0.0
0.0
0.0
0.0
0.0
0.0
0.0
0.0
0.0
0.0
0.0
0.0
0.0
0.0
0.0
0.0
0.0
0.0
0.0
0.0
0.0
0.0
0.0
0.0
0.0
0.0
0.0
0.0
0.0
0.0
0.0
0.0
0.0
0.0
0.0
0.0
0.0
0.0
0.0
0.0
0.0
0.0
0.0
0.0
0.0
0.0
0.0
0.0
0.0
0.0
0.0
0.0
0.0
0.0
0.0
0.0
0.0
0.0
0.0
0.0
0.0
0.0
0.0
0.07389377496309123
0.020804200677170925
0.0454874425995424
0.0
0.0598156155235664
0.24741722350339668
0.4844799554601342
0.7269392471395264
0.632863307227317
0.6044063066414089
0.8746455498444675
0.9373878569820717
0.9514188464599496
0.837180642166986
0.8588018633283768
0.9437874622827299
0.9846911626312186
0.9990697618013095
0.9995901041788207
0.9990419654699048
0.9999641729252896
0.9999991510994286
0.9999993939572052
0.9997754939557042
0.999804493261862
0.9999877052440909
0.999999603254117
0.9999999999542961
0.9999999999996845
0.9999999999899488
0.9999999999999615
1.0
1.0
0.9999999999970168
0.9999999999934271
0.999999999999988
1.0
1.0
1.0
1.0
1.0
1.0
1.0
1.0
1.0
1.0
1.0
1.0
1.0
1.0
1.0
1.0
1.0
1.0
1.0
1.0
1.0
1.0
1.0
1.0
1.0
1.0
1.0
1.0
1.0
1.0
1.0
1.0
1.0
1.0
1.0
1.0
1.0
1.0
1.0
1.0
1.0
1.0
1.0
1.0
1.0
1.0
1.0
1.0
1.0
1.0
1.0
1.0
1.0
1.0
1.0
1.0
1.0
1.0
1.0
1.0
1.0
1.0
1.0
1.0
1.0
1.0
1.0
1.0
1.0
1.0
1.0
1.0
1.0
1.0
1.0
1.0
1.0
1.0
1.0
1.0
1.0
1.0
1.0
1.0
1.0
1.0
1.0
1.0
1.0
1.0
1.0
1.0
1.0
1.0
1.0
1.0
1.0
1.0
1.0
1.0
1.0
1.0
0.9999999999687472
1.0
1.0
1.0
1.0
1.0
1.0
1.0
0.9999999944698968
0.9999987956787022
0.9970503780508222
0.9999797124612979
0.9999724603921257
0.9999987642664915
0.999997921321619
0.999995093042719
0.9999936463692426
0.9999998489491075
0.9999881607071379
0.9994304048633053
0.9795404139565597
0.9991011696980476
0.9974032570609213
0.9997559000790112
0.9993436580893856
0.9994686176083971
0.999191051840684
0.9998854159055048
0.999705808018707
0.9955385192665612
0.922832816533986
0.9844862880214909
0.9779560912708336
0.9938308601713699
0.9847218075534536
0.9890358889513121
0.9848869997348413
0.992138343624911
0.9842544326710179
0.9668280030513297
0.9252890282334072
0.9829581731667706
0.9799221516413984
0.9956508797754643
0.987423147000688
0.9908145899505912
0.9868316762865385
0.9937629293424752
0.9909251821757475
0.9768090017703981
0.7070751357102161
0.8107517232912332
0.8597816430504314
0.8938204746811226
0.8623453185674806
0.8679268489248283
0.8548924106746042
0.8747028500077293
0.8338134595256487
0.7716829811535069
0.6106414853675184
0.6818834890323697
0.7614731961282151
0.7440211218886947
0.7111877779196586
0.6939529446505348
0.6824354020784764
0.7224802486369195
0.6822631130518312
0.6336317825024121
0.5983256643217972
0.6640472275458937
0.7304748910834608
0.7248614899161033
0.6671957431594514
0.6698015613430225
0.647278725652998
0.6890784280746428
0.6823597996469428
0.640893147350986
0.6934077634477117
0.7212009206254992
0.7767132556349703
0.8107145270247121
0.6833151858190628
0.6742584237304174
0.6813174908455277
0.7664909538571337
0.788202922595449
0.7541038608565835
0.6626659438019408
0.7050856305507953
0.7375442298727237
0.779732238337023
0.6214818083997155
0.6198333563236448
0.6321689516084184
0.7158606390122625
0.7572138468304173
0.7276216201950195
0.7184175704438327
0.7490138069295595
0.7543894029603953
0.8062650251908519
0.6333541574964119
0.6271078286544249
0.6655591274421806
0.7466674159328615
0.7861101763749394
0.7531617979920192
0.5589860497748441
0.5943679034029498
0.5391165399468729
0.6344059820665652
0.4240483464115354
0.47495500200889856
0.4940907860788428
0.5865272990519745
0.6414352290690054
0.6107447624594423
0.7377784334787885
0.8308288784686497
0.7148529876727253
0.7533333757758351
0.5751661967381819
0.6186708108877675
0.6516756114762456
0.7476625456381742
0.7734390499572723
0.7752075033729907
0.7581585590211054
0.8444789229321233
0.7189044276363957
0.7606943822138523
0.5903056012864876
0.6347485956828465
0.6714606255339776
0.7588160683094767
0.7879772006581373
0.7879682203751509
0.7113817943719649
0.8143714545287538
0.6755638955865085
0.6970027763064409
0.5270088916510255
0.5844238821330001
0.6201032906848488
0.7097616071085161
0.7139953211000635
0.7196490331880796
0.7153186323201363
0.8263164650039344
0.6760682150931909
0.6924903925510277
0.5152057413447627
0.5725228895910975
0.6097779824602545
0.6927456962423365
0.7082924836123021
0.7150323714512148
0.7758717076094622
0.8832288401803389
0.757781269900059
0.7458012347849696
0.5658384670560483
0.6226779082986628
0.6712240377110587
0.7431797051723323
0.7781617291433974
0.7867351844534048
0.7647152875507761
0.8853281528787024
0.7444190638001827
0.7306663047646872
0.5563707943137076
0.6043969540689049
0.6628363283027389
0.7372149204636249
0.7566399547443287
0.7632684790119793
0.6026676674016128
0.7538976983854391
0.5209043025722689
0.4445699833994042
0.32318536726279823
0.3801396632839162
0.416145247806361
0.4524507602435245
0.49092323373961855
0.5149265043499592
0.5539466092050566
0.71751103311688
0.4962911902558941
0.42675588075635007
0.31122478316932933
0.35158708236241454
0.4014973719496511
0.4484187952796496
0.4663669177167802
0.5092319852566006
0.4974083463687751
0.6880692739671407
0.4878272828291943
0.40780081648137273
0.3093905500470875
0.3425120471502099
0.37455962200812015
0.4283226538381231
0.4455425473769076
0.4957421331002605
0.49775183861255107
0.6503351401735964
0.4554581936393232
0.37307003336501593
0.25725450824360485
0.2718915751809417
0.3189096846281647
0.3602242873924937
0.3967133079387408
0.44252776704846
0.28171658232067
0.33638370992761574
0.22824020322401473
0.17712790891247465
0.058852562916097854
0.060976240869749065
0.09812301941645274
0.10660813449622696
0.1801862835452842
0.18783571515617056
0.23034253409255132
0.28423753343259883
0.20230126002189552
0.14387233642072395
0.02235667995781243
0.024682122998909817
0.048354369928303664
0.0665269045545942
0.11293292133490018
0.13422721595441933
0.25143140353805427
0.32102033950368125
0.21984373661649736
0.14372008476288456
0.020920600732113655
0.015936767340753333
0.04964636433693059
0.06495055127540217
0.1029187886811077
0.12684337689675595
0.22632410285861204
0.2941413389832883
0.20273942697641853
0.1300835782634635
0.00830728805017855
0.002005659985163444
0.03933453708111667
0.05159371354760234
0.08628364526317843
0.11185166963302572
0.100519764068559
0.1422059905419618
0.05481246073893398
0.022886598096797047
0.0
0.0
0.0
0.0
0.0
0.0
0.05404654422816535
0.07875034073419197
0.0
0.0
0.0
0.0
0.0
0.0
0.0
0.0
0.03376793075457052
0.049001633411314575
0.0
0.0
0.0
0.0
0.0
0.0
0.0
0.0
0.06309312513928678
0.12486949263616098
0.0
0.0
0.0
0.0
0.0
0.0
0.0
0.0
0.0662047979835857
0.11645137567404772
0.0
0.0
0.0
0.0
0.0
0.0
0.0
0.0
0.0562271424508789
0.11107630787360788
0.0
0.0
0.0
0.0
0.0
0.0
0.0
0.0
0.03112036446864297
0.06815846535280246
0.0
0.0
0.0
0.0
0.0
0.0
0.0
0.0
0.07769921147742041
0.14033496425378955
0.0
0.0
0.0
0.0
0.0
0.0
0.0
0.0
0.03986775177767876
0.07708237064216017
0.0
0.0
0.0
0.0
0.0
0.0
0.0
0.0
0.0702156771788407
0.08552316561673501
0.0
0.0
0.0
0.0
0.0
0.0
0.0
0.0
0.051734850755782553
0.07438014138807268
0.0
0.0
0.0
0.0
0.0
0.0
0.0
0.0
0.11178090606733936
0.1141423675492087
0.0
0.007461239644663165
0.0
0.0
0.0
0.0
0.0
0.023111918871951184
0.12334066728067739
0.12475302528670416
0.0013158491933350502
0.022048705287612932
0.0
0.0
0.0
0.0
0.0
0.03151644858798286
0.03999792711999439
0.0
0.0
0.0
0.0
0.0
0.0
0.0
0.0
0.0
0.0
0.0
0.0
0.0
0.0
0.0
0.0
0.0
0.0
0.0
0.0
0.0
0.0
0.0
0.0
0.0
0.0
0.0
0.0
0.0
0.0
0.0
0.0
0.0
0.0
0.0
0.0
0.0
0.0
0.0
0.0
0.0
0.0
0.0
0.0
0.0
0.0
0.0
0.0
0.0
0.0
0.0
0.0
0.0
0.0
0.0
0.0
0.0
0.0
0.0
0.0
0.0
0.0
0.0
0.0
0.0
0.0
0.0
0.0
0.0
0.0
0.0
0.0
0.0
0.0
0.0
0.0
0.0
0.0
0.0
0.0
0.0
0.006692958730994958
0.0
0.0
0.0
0.0
0.0
0.0
0.0
0.0
0.0
0.014292159921082013
0.004979314412084546
0.0
0.0
0.0
0.0
0.0
0.0
0.0
0.0
0.031190495798578577
0.00903345824259072
0.0
0.0
0.0
0.0
0.0
0.0
0.0
0.0
0.04680898705339442
0.04012330348964044
0.0
0.0
0.0
0.0
0.0
0.0
0.0
0.0
0.06634522456638892
0.06371237236525618
0.0
0.0
0.0
0.0
0.0
0.0
0.0
0.0
0.06198916170538549
0.06465849661392398
0.0
0.0
0.0
0.0
0.0
0.0
0.0
0.0
0.08741387479696805
0.09301167128056109
0.0
0.0
0.0
0.0
0.0
0.0
0.0
0.0
0.004578451001005068
0.01702762879223152
0.0
0.0
0.0
0.0
0.0
0.0
0.0
0.0
0.0
0.0
0.0
0.0
0.0
0.0
0.0
0.0
0.0
0.0
0.0
0.0
0.0
0.0
0.0
0.0
0.0
0.0
0.0
0.0
0.0
0.0
0.0
0.0
0.0
0.0
0.0
0.0
0.0
0.0
0.0
0.0
0.0
0.0
0.0
0.0
0.0
0.0
0.0
0.0
0.0
0.0
0.0
0.0
0.0
0.0
0.0
0.0
0.0
0.0
0.0
0.0
0.0
0.0
0.0
0.0
0.0
0.0
0.0
0.0
0.0
0.0
0.0
0.0
0.0
0.0
0.0
0.0
0.0
0.0
0.0
0.0
0.0
0.0
0.0
0.0
0.0
0.0
0.0
0.0
0.0
0.0
0.0
0.0
0.0
0.0
0.0
0.0
0.0
0.0
0.0
0.0
0.0
0.0
0.0
0.0
0.0
0.0
0.0
0.0
0.0
0.0
0.0
0.0
0.0
0.0
0.0
0.0
0.0
0.0
0.0
0.0
0.0
0.0
0.0
0.0
0.0
0.0
0.0
0.0
0.0
0.0
0.0
0.0
0.0
0.0
0.0
0.0
0.0
0.0
0.0
0.0
0.0
0.0
0.0
0.0
0.0
0.0
0.0
0.0
0.0
0.0
0.0
0.0
0.0
0.0
0.0
0.0
0.0
0.0
0.0
0.0
0.0
0.0
0.0
0.0
0.0
0.0
0.0
0.0
0.0
0.0
0.0
0.0
0.0
0.0
0.0
0.0
0.0
0.0
0.0
0.0
0.0
0.0
0.0
0.0
0.0
0.0
0.0
0.0
0.0
0.0
0.0
0.0
0.0
0.0
0.0
0.0
0.0
0.0
0.0
0.0
0.0
0.0
0.0
0.0
0.0
0.0
0.0
0.0
0.0
0.0
0.0
0.0
0.0
0.0
0.0
0.0
0.0
0.0
0.0
0.0
0.0
0.0
0.0
0.0
0.0
0.0
0.0
0.0
0.0
0.0
0.0
0.0
0.0
0.0
0.0
0.0
0.0
0.0
0.0
0.0
0.0
0.0
0.0
0.0
0.0
0.0
0.0
0.0
0.0
0.0
0.0
0.0
0.0
0.0
0.0
0.0
0.0
0.0
0.0
0.0
0.0
0.0
0.0
0.0
0.0
0.0
0.0
0.0
0.0
0.0
0.0
0.0
0.0
0.0
0.0
0.0
0.0
0.0
0.0
0.0
0.0
0.0
0.0
0.0
0.0
0.0
0.0
0.0
0.0
0.0
0.0
0.0
0.0
0.0
0.0
0.0
0.0
0.0
0.0
0.0
0.0
0.0
0.0
0.0
0.0
0.0
0.0
0.0
0.0
0.0
0.0
0.0
0.0
0.0
0.0
0.0
0.0
0.0
0.0
0.0
0.0
0.0
0.0
0.0
0.0
0.0
0.0
0.0
0.0
0.0
0.0
0.0
0.0
0.0
0.0
0.0
0.0
0.0
0.0
0.0
0.0
0.0
0.0
0.0
0.0
0.0
0.0
0.0
0.0
0.0
0.0
0.0
0.0
0.0
0.0
0.0
0.0
0.0
0.0
0.0
0.0
0.0
0.0
0.0
0.0
0.0
0.0
0.0
0.0
0.0
0.0
0.0
0.0
0.0
0.0
0.0
0.0
0.0
0.0
0.0
0.0
0.0
0.0
0.0
0.0
0.0
0.0
0.0
0.0
0.0
0.0
0.0
0.0
0.0
0.0
0.0
0.0
0.0
0.0
0.0
0.0
0.0
0.0
0.0
0.0
0.0
0.0
0.0
0.0
0.0
0.0
0.0
0.0
0.0
0.0
0.0
0.0
0.0
0.0
0.0
0.0
0.0
0.0
0.0
0.0
0.0
0.0
0.0
0.0
0.0
0.0
0.0
0.0
0.0
0.0
0.0
0.0
0.0
0.0
0.0
0.0
0.0
0.0
0.0
0.0
0.0
0.0
0.0
0.0
0.0
0.0
0.0
0.0
0.0
0.0
0.0
0.0
0.0
0.0
0.0
0.0
0.0
0.0
0.0
0.0
0.0
0.0
0.0
0.0
0.0
0.0
0.0
0.0
0.0
0.0
0.0
0.0
0.0
0.0
0.0
0.0
0.0
0.0
0.0
0.0
0.0
0.0
0.0
0.0
0.0
0.0
0.0
0.0
0.0
0.0
0.0
0.0
0.0
0.0
0.0
0.0
0.0
0.0
0.0
0.0
0.0
0.0
0.0
0.0
0.0
0.0
0.0
0.0
0.0
0.0
0.0
0.0
0.0
0.0
0.0
0.0
0.0
0.0
0.0
0.0
0.0
0.0
0.0
0.0
0.0
0.0
0.0
0.0
0.0
0.0
0.0
0.0
0.0
0.0
0.0
0.0
0.0
0.0
0.0
0.0
0.0
0.0
0.0
0.0
0.0
0.0
0.0
0.0
0.0
0.0
0.0
0.0
0.0
0.0
0.0
0.0
0.0
0.0
0.0
0.0
0.0
0.0
0.0
0.0
0.0
0.0
0.0
0.0
0.0
0.0
0.0
0.0
0.0
0.0
0.0
0.0
0.0
0.0
0.0
0.0
0.0
0.0
0.0
0.0
0.0
0.0
0.0
0.0
0.0
0.0
0.0
0.0
0.0
0.0
0.0
0.0
0.0
0.0
0.0
0.0
0.0
0.0
0.0
0.0
0.0
0.0
0.0
0.0
0.0
0.0
0.0
0.0
0.0
0.0
0.0
0.0
0.0
0.0
0.0
0.0
0.0
0.4009031737207264
0.20957806861154749
0.33530445374365825
0.5150341963124779
0.22039941590340617
0.2441203926808171
0.5235207512294964
0.4447504131596576
0.4826424814570376
0.2533328717345711
0.5089858259640055
0.2780291064494227
0.3984907183773865
0.5806616989793539
0.304447798552436
0.3269699506119549
0.6088494003418631
0.5298533682366844
0.5682317552976922
0.30767536923209654
0.557149361347359
0.30478181696389534
0.4288362973512747
0.6170000364217839
0.3316932214074251
0.35209042705899507
0.6363940326613382
0.5568489233555184
0.6029459099277985
0.3335943842349405
0.5808588623876412
0.3472836323556264
0.5402282231608854
0.725418727515959
0.4399403207481568
0.3983331455688301
0.6752040112701969
0.6009266969451809
0.6393204087824479
0.3651875084911105
0.8043869000152531
0.6051271436709703
0.7299554020421949
0.8590201398447179
0.6517368134386813
0.6455979541911872
0.904092233908092
0.888297346350477
0.8534358228681564
0.6092602808360618
0.8060947273529699
0.5992000891533393
0.7058692594589436
0.839685433005976
0.6319597115778143
0.6100485980564381
0.8849699356769357
0.8734344564855336
0.8546689151579652
0.5916260167902362
0.7469492967141441
0.5274192089988694
0.6505554906238301
0.811824768671435
0.5877344826730311
0.52810206383241
0.8507549064098998
0.8304676181851949
0.8229768242109106
0.502342102623325
0.8234768379227703
0.5337753795710095
0.6435952533312336
0.8048917614641811
0.5753723011967217
0.5396750712120387
0.89721662471868
0.8663898376243313
0.8626396153568254
0.5556851460072163
0.8862550558879586
0.6067591633922782
0.7094482252466631
0.8252019569547162
0.5774229565721987
0.5756471186860359
0.9278007833861696
0.9102173741132606
0.920970699872809
0.6488903373007316
0.852245714386133
0.5195680090679862
0.6136853281538518
0.7313456757576691
0.4780026727915201
0.4361847644832337
0.8609296063811532
0.8384850048888571
0.868140903450491
0.5761986064451751
0.0
0.0
0.0
0.0
0.0
0.0
0.0
0.0
0.0
0.0
0.0
0.0
0.0
0.0
0.0
0.0
0.0
0.0
0.0
0.0
0.0
0.0
0.0
0.0
0.0
0.0
0.0
0.0
0.0
0.0
0.0
0.0
0.0
0.0
0.0
0.0
0.0
0.0
0.0
0.0
0.0
0.0
0.0
0.0
0.0
0.0
0.0
0.0
0.0
0.0
0.0
0.0
0.0
0.0
0.0
0.0
0.0
0.0
0.0
0.0
0.0
0.0
0.0
0.0
0.0
0.0
0.0
0.0
0.0
0.0
0.0
0.0
0.0
0.0
0.0
0.0
0.0
0.0
0.0
0.0
0.0
0.0
0.0
0.0
0.0
0.0
0.0
0.0
0.0
0.0
0.0
0.0
0.0
0.0
0.0
0.0
0.0
0.0
0.0
0.0
0.0
0.0
0.0
0.0
0.0
0.0
0.0
0.008319036105249755
0.0
0.0
0.0
0.0
0.0
0.0
0.0
0.0
0.0314307932163469
0.04049766079422501
0.0
0.0
0.025816225323846972
0.04045646329910824
0.0
0.0
0.0
0.0
0.10159687212857547
0.08702673102424797
0.0
0.0
0.0648496862996415
0.07361181851360776
0.0
0.0
0.0
0.0
0.12618166001258935
0.12311885419265078
0.01248448523462653
0.0
0.1529636863593613
0.17653760120036943
0.0
0.0
0.0
0.024021527739852333
0.24576356902815208
0.23063350760687476
0.11156159949007081
0.09073914969680584
0.17919254800781423
0.20361441249879172
0.0
0.0
0.0
0.03844923634055997
0.2588415420503985
0.24914961088096743
0.13400613103948675
0.12499486478489408
0.1822408373326929
0.20762050488018116
0.0
0.0
0.0
0.03613559267811173
0.263608158164679
0.25681329590639934
0.1392799320463024
0.13302122249469894
0.1709365011238675
0.18937544195198108
0.0
0.0
0.0
0.0
0.2369085621234198
0.2392497432836568
0.11723492088119668
0.10736465139160144
0.15336702880654385
0.1752836904413055
0.0
0.0
0.0
0.0
0.19671064300815344
0.213506938710166
0.09955995888615188
0.09038817504169903
0.08708555764918846
0.09393383327569103
0.0
0.0
0.0
0.0
0.132247880061809
0.1445315215385261
0.05038288447781936
0.03798842275814984
0.0
0.0
0.0
0.0
0.0
0.0
0.0
0.0
0.0
0.0
0.0
0.0
0.0
0.0
0.0
0.0
0.0
0.0
0.0
0.0
0.0
0.0
0.0
0.0
0.0
0.0
0.0
0.0
0.0
0.0
0.0
0.0
0.0
0.0
0.0
0.0
0.0
0.0
0.0
0.0
0.0
0.0
0.0
0.0
0.0
0.0
0.0
0.0
0.0
0.0
0.0
0.0
0.0
0.0
0.0
0.0
0.0
0.0
0.0
0.0
0.0
0.0
0.0
0.0
0.0
0.0
0.0
0.0
0.0
0.0
0.0
0.0
0.0
0.0
0.0
0.0
0.0
0.0
0.0
0.0
0.0
0.0
0.0
0.0
0.0
0.0
0.0
0.0
0.0
0.0
0.0
0.0
0.0
0.0
0.0
0.0
0.0
0.0
0.0
0.0
0.0
0.0
0.0
0.0
0.0
0.0
0.0
0.0
0.0
0.0
0.0
0.0
0.0
0.0
0.0
0.0
0.0
0.0
0.0
0.0
0.0
0.0
0.0
0.0
0.0
0.0
0.0
0.0
0.0
0.0
0.0
0.0
0.0
0.0
0.0
0.0
0.0
0.0
0.0
0.0
0.0
0.0
0.0
0.0
0.0
0.0
0.0
0.0
0.0
0.0
0.0
0.0
0.0
0.0
0.0
0.0
0.0
0.0
0.0
0.0
0.0
0.0
0.0
0.0
0.0
0.0
0.0
0.0
0.0
0.0
0.0
0.0
0.0
0.0
0.0
0.0
0.0
0.0
0.0
0.0
0.0
0.0
0.0
0.0
0.0
0.0
0.0
0.0
0.0
0.0
0.0
0.0
0.0
0.0
0.0
0.0
0.0
0.0
0.0
0.0
0.0
0.0
0.0
0.0
0.0
0.0
0.0
0.0
0.0
0.0
0.0
0.0
0.0
0.0
0.0
0.0
0.0
0.0
0.0
0.0
0.0
0.0
0.0
0.0
0.0
0.0
0.0
0.0
0.0
0.0
0.0
0.0
0.0
0.0
0.0
0.0
0.0
0.0
0.0
0.0
0.023625459432030094
0.0
0.0
0.0
0.0
0.0
0.0
0.0
0.0
0.0
0.04904872268941396
0.020369491968641795
0.0
0.0
0.0
0.0
0.0
0.0
0.0
0.0
0.060451263036525926
0.028814019799266344
0.0
0.0
0.0
0.0
0.0
0.0
0.0
0.0
0.06476997522531747
0.030547430833513967
0.0
0.0
0.0
0.0
0.0
0.0
0.0
0.0
0.06223722672646592
0.02605772610667212
0.0
0.0
0.0
0.0
0.0
0.0
0.0
0.0
0.04172923433991349
0.0
0.0
0.0
0.0
0.0
0.0
0.0
0.0
0.0
0.0137783212514051
0.0
0.0
0.0
0.0
0.0
0.0
0.0
0.0
0.0
0.0
0.0
0.0
0.0
0.0
0.0
0.0
0.0
0.0
0.0
0.012882432863443483
0.0
0.0
0.0
0.0
0.0
0.0
0.0
0.0
0.0
0.012071339238466372
0.0
0.0
0.0
0.0
0.0
0.0
0.0
0.0
0.0
0.0
0.0
0.0
0.0
0.0
0.0
0.0
0.0
0.0
0.0
0.0
0.0
0.0
0.0
0.0
0.0
0.0
0.0
0.0
0.0
0.0
0.0
0.0
0.0
0.0
0.0
0.0
0.0
0.0
0.0
0.06465443179707764
5.779401258787509e-06
0.0
0.0
0.0
0.0449113402193988
0.0
0.0
0.0
0.0
0.1605895805073908
0.10333086691422257
0.0
0.01631882153978015
0.03073587987326953
0.15099485478947594
0.013236917144402782
0.0
0.0
0.0653298184804717
0.26241171657965845
0.2197345182147592
0.03684939009339183
0.07042539352909782
0.11984679631928909
0.25513594748415686
0.10592966647813996
0.09859693755030374
0.07066677443846825
0.17119325536640428
0.48230907451941346
0.49439779804940015
0.17905669750535247
0.1688255728136527
0.2558162292647619
0.44901799176328744
0.26785726188184
0.2881849357366684
0.1842608222222948
0.31187421344442806
0.5683338804360065
0.6554791344760741
0.2814089418304865
0.2557690836338
0.39801321021306046
0.57248110112518
0.39578316473261455
0.410363845879026
0.2745497777939845
0.4629246197842668
0.5752845162855467
0.6955874246756992
0.29061918419329325
0.2507631013985171
0.4196557252164117
0.5811116000844474
0.4181558065901485
0.4433880474027276
0.2740755351756483
0.48649375578587006
0.5670648238016527
0.7002499631053879
0.2845120731714179
0.2324889323689389
0.3966021756293665
0.5652958376833974
0.4026357623136465
0.4362320750345736
0.2658733455149258
0.47017797185811205
0.5588684881823945
0.7064539858374339
0.2963236024502759
0.2408247698207626
0.4105934717323432
0.5805700503780478
0.4080955879338701
0.4298113831753816
0.25724284799838504
0.459734670773801
0.5657983808753002
0.7078704969345613
0.3101305621654469
0.26081058180109706
0.4204166494036247
0.5837598663910305
0.4045436101133293
0.4199860764793948
0.26005751167583446
0.46819578149454055
0.5754022180526327
0.7011866447234019
0.3152419865587912
0.2698725954403729
0.4280090177749657
0.5910642609090984
0.40863153988360074
0.4206313194639648
0.2566250584317895
0.4706251284088596
0.506408761319028
0.6436934621163036
0.2467393655686092
0.1985462045668971
0.371147584798786
0.5266045506807793
0.35836803015662344
0.3830910575375343
0.21249995565252025
0.4073735596760846
0.417313264598142
0.5689191114423997
0.19664056835238752
0.15476896970330056
0.30127931865339486
0.43996383117168086
0.290232944896486
0.3299036545199807
0.1642546355761307
0.33616950161751313
0.30633971355979195
0.46054804887808415
0.12914430867570814
0.0871131289910977
0.20002335033463203
0.3292877891393125
0.18036628614843847
0.20809467759340347
0.07945391092274479
0.22725632446352817
0.042924527257433565
0.14738150445329412
0.0
0.0
0.04287232511473704
0.09804959872508644
0.0029007039936345125
0.0
0.0
0.06164667677896485
0.0
0.0
0.0
0.0
0.0
0.0
0.0
0.0
0.0
0.0
0.0
0.0
0.0
0.0
0.0
0.0
0.0
0.0
0.0
0.0
0.0
0.0
0.0
0.0
0.0
0.0
0.0
0.0
0.0
0.0
0.0
0.0
0.0
0.0
0.0
0.0
0.0
0.0
0.0
0.0
0.0
0.0
0.0
0.0
0.0
0.0
0.0
0.0
0.0
0.0
0.0
0.0
0.0
0.0
0.0
0.0
0.0
0.0
0.0
0.0
0.0
0.0
0.0
0.0
0.0
0.0
0.0
0.0
0.0
0.0
0.0
0.0
0.0
0.0
0.0
0.0
0.0
0.0
0.0
0.0
0.0
0.0
0.0
0.0
0.0
0.0
0.0
0.0
0.0
0.0
0.0
0.0
0.0
0.0
0.0
0.0
0.0
0.0
0.0
0.0
0.0
0.0
0.0
0.0
0.0
0.0
0.0
0.0
0.0
0.0
0.0
0.0
0.0
0.0
0.0
0.0
0.0
0.0
0.0
0.0
0.0
0.0
0.0
0.0
0.0
0.0
0.0
0.0
0.0
0.0
0.0
0.0
0.0
0.0
0.0
0.0
0.0
0.0
0.0
0.0
0.0
0.0
0.0
0.0
0.0
0.0
0.0
0.0
0.0
0.0
0.0
0.0
0.0
0.0
0.0
0.0
0.0
0.0
0.0
0.0
0.0
0.0
0.0
0.0
0.0
0.0
0.0
0.0
0.0
0.0
0.0
0.0
0.0
0.0
0.0
0.0
0.0
0.0
0.0
0.0
0.0
0.0
0.0
0.0
0.0
0.0
0.0
0.0
0.0
0.0
0.0
0.0
0.0
0.0
0.0
0.0
0.0
0.0
0.0
0.0
0.0
0.0
0.0
0.0
0.0
0.0
0.0
0.0
0.0
0.0
0.0
0.0
0.0
0.0
0.0
0.0
0.0
0.0
0.0
0.0
0.0
0.0
0.0
0.0
0.040250057462130166
0.007350424153939827
0.0
0.0
0.0
0.0
0.0
0.0
0.0
0.07395261006948195
0.11045048764487796
0.10270669089069884
0.0
0.0
0.0
0.03662021014003225
0.12133691382291656
0.07623175109792535
0.08499843545339847
0.21344690756528195
0.22582640876561777
0.2505194480959959
0.056391709151429104
0.004987724317267572
0.05711179449354586
0.14317172146877954
0.40641263775374387
0.4256208476414425
0.3061998279231082
0.4837415379522236
0.5842036745329838
0.7422659907176552
0.3803804508591729
0.27496727787360414
0.271645561513003
0.38699178979237486
0.5229256525606746
0.53807699284417
0.4491514945262777
0.688676629666943
0.8581128576570993
0.8865531433607473
0.5853257624317305
0.5069302086005297
0.500091465149842
0.6831337256115688
0.7321469026882063
0.6647464907534715
0.5880477107008419
0.8600442883418835
0.9586698653120873
0.9754074947151389
0.7753610614684838
0.7015666036558345
0.6640955119719042
0.8558473972721163
0.9999747676272611
0.9993803355400019
0.9957263048783443
0.9999983962686148
0.9999999999997254
0.9999999999997936
0.9997844039618513
0.9994215317800499
0.9999832704173833
0.9999985927657178
0.9999805678118736
0.9993765115323736
0.9957126530981346
0.9999986167852195
0.9999999999999475
0.9999999999999315
0.9998405256302643
0.999578892259944
0.9999906713268515
0.99999854623416
0.9999679058680846
0.9991483821432786
0.9937033525034654
0.9999970965299267
0.9999999999998666
0.9999999999998505
0.9997966823298152
0.9994870163949344
0.9999852016837648
0.9999976368533019
0.9999584495793373
0.999056711943695
0.9974007819604096
0.9999999379519943
0.9999999999999952
0.9999999999997123
0.9997468595625699
0.999337769519079
0.9999725407520456
0.999995928789552
0.9999149078230648
0.9987148239293315
0.9960658827148479
0.9999997416802128
0.9999999999999648
0.9999999999962824
0.9995663637295331
0.9992331382486211
0.9999646790159245
0.9999944864807294
0.9997713152148232
0.9978467502680632
0.9901590288033738
0.9999907277346611
0.9999999999995219
0.999999999964864
0.9988248909066925
0.9980834049645904
0.9998429533878915
0.9999644979538604
0.9990944289845474
0.9942268445017792
0.9738523399570835
0.9996682248328713
0.9999999999287534
0.9999999951542574
0.9969242955559494
0.9966085644152108
0.999501531321172
0.9998541037901166
0.978277536455859
0.8897510318532307
0.8019015811034579
0.9423483104633502
0.9995279558352382
0.9848904732393181
0.9044073118206128
0.9428729861154675
0.9838167828690819
0.9930980480005926
0.9460610011016836
0.8054382963118257
0.5579320203569331
0.6626433429526588
0.9207381368832944
0.9238519424214867
0.6962236815039025
0.7495013614605358
0.8200870855448051
0.8282224150604075
0.735015324699515
0.6534490164354729
0.24730465861115317
0.1363355681313455
0.659081400643381
0.6788493321514714
0.3320353254224294
0.42143331303670656
0.5329720023579437
0.47027288631239456
0.0
0.0
0.0
0.0
0.0
0.0
0.0
0.0
0.0
0.0
0.0
0.0
0.0
0.0
0.0
0.0
0.0
0.0
0.0
0.0
0.0
0.0
0.0
0.0
0.0
0.0
0.0
0.0
0.0
0.0
0.0
0.0
0.0
0.0
0.0
0.0
0.0
0.0
0.0
0.0
0.0
0.0
0.0
0.0
0.0
0.0
0.0
0.0
0.0
0.0
0.0
0.0
0.0
0.0
0.0
0.0
0.0
0.0
0.0
0.0
0.0
0.0
0.0
0.0
0.0
0.0
0.0
0.0
0.0
0.0
0.0
0.0
0.0
0.0
0.0
0.0
0.0
0.0
0.0
0.0
0.0
0.0
0.0
0.0
0.0
0.0
0.0
0.0
0.0
0.0
0.0
0.0
0.0
0.0
0.0
0.0
0.0
0.0
0.0
0.0
0.0
0.0
0.0
0.0
0.0
0.0
0.0
0.0
0.0
0.0
0.0
0.0
0.0
0.0
0.0
0.0
0.0
0.0
0.0
0.0
0.0
0.0
0.0
0.0
0.0
0.0
0.0
0.0
0.0
0.0
0.0
0.0
0.0
0.0
0.0
0.0
0.0
0.0
0.0
0.0
0.0
0.0
0.0
0.0
0.0
0.0
0.0
0.0
0.0
0.0
0.0
0.0
0.0
0.0
0.0
0.0
0.0
0.0
0.0
0.0
0.0
0.0
0.0
0.0
0.0
0.0
0.0
0.0
0.0
0.0
0.0
0.0
0.0
0.0
0.0
0.0
0.0
0.0
0.0
0.0
0.0
0.0
0.0
0.0
0.0
0.0
0.0
0.0
0.0
0.0
0.0
0.0
0.0
0.0
0.0
0.0
0.0
0.0
0.0
0.0
0.0
0.0
0.0
0.0
0.0
0.0
0.0
0.0
0.0
0.0
0.0
0.0
0.0
0.0
0.0
0.0
0.0
0.0
0.0
0.0
0.0
0.0
0.0
0.0
0.0
0.0
0.0
0.0
0.0
0.0
0.0
0.0
0.0
0.0
0.0
0.0
0.0
0.0
0.0
0.0
0.0
0.0
0.0
0.0
0.0
0.0
0.0
0.0
0.0
0.0
0.5713707051220966
0.6173155815132492
0.7696877953075022
0.9917215574668425
0.5766635153778522
0.956658491933881
0.9996434156057806
0.9876931060816064
0.9937285119992045
0.9468735365007137
0.7662648383229289
0.771908645332928
0.8556386233672603
0.9958190764161362
0.6722129257517887
0.9739603769652958
0.9999638511984738
0.9976972153380744
0.9991599669976124
0.9716578994782401
0.9515770400982739
0.9353376417324822
0.964577177548466
0.9999827201228304
0.8323212288004842
0.9912585146242944
0.9999999954518525
0.9999957553398355
0.9999986496590573
0.9970496144522184
0.98871864544005
0.9703790379706737
0.986951340677361
0.9999989109803487
0.9089269557438096
0.9959636204626746
0.9999999998348033
0.9999996908886054
0.9999997522359878
0.9983904977439758
1.0
1.0
1.0
1.0
1.0
1.0
1.0
1.0
1.0
1.0
1.0
1.0
1.0
1.0
1.0
1.0
1.0
1.0
1.0
1.0
1.0
1.0
1.0
1.0
1.0
1.0
1.0
1.0
1.0
1.0
1.0
1.0
1.0
1.0
1.0
1.0
1.0
1.0
1.0
1.0
1.0
1.0
1.0
1.0
1.0
1.0
1.0
1.0
1.0
1.0
1.0
1.0
1.0
1.0
1.0
1.0
1.0
1.0
1.0
1.0
1.0
1.0
1.0
1.0
1.0
1.0
1.0
1.0
1.0
1.0
1.0
1.0
1.0
1.0
1.0
1.0
1.0
1.0
1.0
1.0
1.0
1.0
1.0
1.0
1.0
1.0
1.0
1.0
1.0
1.0
1.0
1.0
1.0
1.0
1.0
1.0
1.0
1.0
1.0
1.0
0.9994149418185853
0.9999999999991859
0.9807439978783145
0.9816495393553148
0.9992761030024762
0.9271626209714
0.9946962377443662
0.9995962438876753
0.9975749238710374
0.9978415744787023
0.3394918460035348
0.2983252158651464
0.22088783840338555
0.488126046184125
0.07168548163926114
0.10295917240833374
0.18606841696760568
0.25655481598821733
0.215617635157032
0.2730342726638926
0.10126913520978043
0.06288536382780718
0.10956954291514208
0.3284419831388503
0.02006588466222525
0.026667852044742868
0.0614265361433376
0.09518436252975492
0.03536858416463651
0.10106491591338018
0.08132821673266921
0.0380613542646463
0.07013290012602258
0.3175754499733199
0.004314272328922453
0.019020455307706685
0.04406394310720774
0.06704526708398917
0.017660791741491155
0.08131777312146504
0.17155173166585147
0.13655973349822648
0.20330420549149372
0.4586014801473659
0.08191971564964451
0.01476416224716548
0.18387866118653928
0.21517285834622088
0.14021633416672563
0.2134028781923092
0.17301570800020347
0.13508757833153817
0.25804716970871955
0.4727631525004857
0.08432662849765371
0.02481357081577007
0.20215509611898552
0.21902632815638468
0.14653222244954045
0.21594285508911115
0.20493928854489865
0.1505373414549398
0.3469720015001603
0.6186434250841527
0.13225453430701528
0.05021045088473142
0.2850366787160057
0.29991222628273134
0.17295147707138325
0.2562201080864446
0.1914772111358688
0.171604853235932
0.34429769552840306
0.6910042007817326
0.15310186338395823
0.0548482663595854
0.3538568896140948
0.3757301983365808
0.202432208043984
0.2730626108352807
0.1715725171058209
0.18872850397243
0.3257288073080984
0.7069989103808778
0.16907522175275647
0.049268780133812314
0.3749142928514313
0.41272427050901456
0.2075151454505392
0.2793449477463297
0.17566239992485655
0.18864713085278684
0.3423653728694702
0.6848230955129451
0.16840275362658985
0.0463356314725315
0.3786750264210511
0.4012295778669319
0.19949633197209457
0.27139999126441183
0.22464256364983792
0.2150459127123809
0.4573180737990966
0.8734332438950145
0.2468112371674268
0.05748647991311229
0.6104284500483041
0.6440033046477942
0.3321554077731317
0.36241864977693566
0.2134340902601288
0.20791005637781668
0.42952655873702494
0.8653450163557682
0.24519932040628445
0.05135323599790786
0.6100082827861615
0.6424863650163586
0.3298359718998627
0.3606511642410581
0.5796696585858084
0.31938321847079554
0.5979126101103902
0.9899266517895224
0.4148650795712787
0.09496237046356737
0.8441693686344014
0.8963571992835265
0.6143852563408028
0.659441908130084
0.5823539045681457
0.3183095565596312
0.6083031843092089
0.9900640218899781
0.41450801471111776
0.09329024801596576
0.8490944918480327
0.9001060066949009
0.6196447922829393
0.658597210410578
0.488022036185054
0.19570577777333173
0.4664087650963873
0.9701471256691296
0.3203539186865154
0.07303219265949233
0.7671259977311203
0.8287828479375406
0.5047971649508319
0.5243378758161016
0.5009583700095067
0.22999658470247433
0.4204465761956284
0.987109031518276
0.44345501346349536
0.12654853700519308
0.8366726143283706
0.9113428515804173
0.6075630711422968
0.6038960821246544
0.8987583899909587
0.4524190600538844
0.9396036939491778
0.9990766604161594
0.8208396657632396
0.1978248708586159
0.9791222175831124
0.9996660057377248
0.9556183126900419
0.9163300043025299
0.8981983610157661
0.4270423294463406
0.9361631842841565
0.9981187640251642
0.8076179904407749
0.1864126190862172
0.9712883596652968
0.9994411700712995
0.9501462902939672
0.9067942066750206
0.8953743775470264
0.4010796379581929
0.9368110989318673
0.9973376647013592
0.8036906942497524
0.18433467987231644
0.96714203982522
0.9992259250857793
0.9445618485574706
0.8972358514634237
0.888894989106665
0.3873857858313148
0.9320644421511984
0.99748677127036
0.8024279306974502
0.17501857584868663
0.9656137825020252
0.9992511693378787
0.9443579439891533
0.8961348390814187
0.8599313062203972
0.30640254670086214
0.8943174037895419
0.9599093968212952
0.7440998145371744
0.1047602840501125
0.8807357812747546
0.9928983006341783
0.904373732135608
0.8506933895278982
0.8581066615261846
0.3048747561400902
0.8940089470891893
0.9591773353631264
0.7433720407060651
0.10124743999444352
0.8789602282248943
0.9927884768804099
0.9038172646814627
0.849648930978063
0.5627519059787631
0.16100351067791652
0.7968866740644194
0.5837464273003344
0.5999770221742264
0.04493939623610532
0.6230159742208642
0.9078034801382978
0.7254126172011933
0.5833659181163616
0.5608025919563262
0.16218230816619883
0.7867963789818087
0.5825169291558173
0.599686137661092
0.04419292875540437
0.615747723797516
0.906029434080228
0.7222816300851789
0.5813843717175636
0.581797408439389
0.1705474302472786
0.7896099589463513
0.6040193610574837
0.6133187723365737
0.044726576240187936
0.633800876861829
0.917825926039187
0.7430992692873157
0.5915169179858556
0.5605844444398136
0.12569371878490743
0.7825116513701715
0.4547195925562511
0.4925361168946661
0.0
0.5077886704302303
0.8390261454267981
0.6484703728164951
0.4982473435554089
0.0
0.0
0.0
0.0
0.0
0.0
0.0
0.0
0.0
0.0
0.0
0.0
0.0
0.0
0.0
0.0
0.0
0.0
0.0
0.0
0.0
0.0
0.0
0.0
0.0
0.0
0.0
0.0
0.0
0.0
0.0
0.0
0.0
0.0
0.0
0.0
0.0
0.0
0.0
0.0
0.0
0.0
0.0
0.0
0.0
0.0
0.0
0.0
0.0
0.0
0.0
0.0
0.0
0.0
0.0
0.0
0.0
0.0
0.0
0.0
0.0
0.0
0.0
0.0
0.0
0.0
0.0
0.0
0.0
0.0
0.0
0.0
0.0
0.0
0.0
0.0
0.0
0.0
0.0
0.0
0.0
0.0
0.0
0.0
0.0
0.0
0.0
0.0
0.0
0.0
0.0
0.0
0.0
0.0
0.0
0.0
0.0
0.0
0.0
0.0
0.0
0.0
0.0
0.0
0.0
0.0
0.0
0.0
0.0
0.0
0.0
0.0
0.0
0.0
0.0
0.0
0.0
0.0
0.0
0.0
0.0
0.0
0.0
0.0
0.0
0.0
0.0
0.0
0.0
0.0
0.0
0.0
0.0
0.0
0.0
0.0
0.0
0.0
0.0
0.0
0.0
0.0
0.0
0.0
0.0
0.0
0.0
0.0
0.0
0.0
0.0
0.0
0.0
0.0
0.0
0.0
0.0
0.0
0.0
0.0
0.0
0.0
0.0
0.0
0.0
0.0
0.0
0.0
0.0
0.0
0.0
0.0
0.0
0.0
0.0
0.0
0.0
0.0
0.0
0.0
0.0
0.0
0.0
0.0
0.0
0.0
0.0
0.0
0.0
0.0
0.0
0.0
0.0
0.0
0.0
0.0
0.0
0.0
0.0
0.0
0.0
0.0
0.0
0.0
0.0
0.0
0.0
0.0
0.0
0.0
0.0
0.0
0.0
0.0
0.0
0.0
0.0
0.0
0.0
0.0
0.0
0.0
0.0
0.0
0.0
0.0
0.0
0.0
0.0
0.0
0.0
0.0
0.0
0.0
0.0
0.0
0.0
0.0
0.0
0.0
0.0
0.0
0.0
0.0
0.0
0.0
0.0
0.0
0.0
0.0
0.0
0.0
0.0
0.0
0.0
0.0
0.0
0.0
0.0
0.0
0.0
0.0
0.0
0.0
0.0
0.0
0.0
0.0
0.0
0.0
0.0
0.0
0.0
0.0
0.0
0.0
0.0
0.0
0.0
0.0
0.0
0.0
0.0
0.0
0.0
0.0
0.0
0.0
0.0
0.0
0.0
0.0
0.0
0.0
0.0
0.0
0.0
0.0
0.0
0.0
0.0
0.0
0.0
0.0
0.0
0.0
0.0
0.0
0.0
0.0
0.0
0.0
0.0
0.0
0.0
0.0
0.0
0.0
0.0
0.0
0.0
0.0
0.0
0.0
0.0
0.0
0.0
0.0
0.0
0.0
0.0
0.0
0.0
0.0
0.0
0.0
0.0
0.0
0.0
0.0
0.0
0.0
0.0
0.0
0.0
0.0
0.0
0.0
0.0
0.0
0.0
0.0
0.0
0.0
0.0
0.0
0.0
0.0
0.0
0.0
0.0
0.0
0.0
0.0
0.0
0.0
0.0
0.0
0.0
0.0
0.0
0.0
0.0
0.0
0.0
0.0
0.0
0.0
0.0
0.0
0.0
0.0
0.0
0.0
0.0
0.0
0.0
0.0
0.0
0.0
0.0
0.0
0.0
0.0
0.0
0.0
0.0
0.0
0.0
0.0
0.0
0.0
0.0
0.0
0.0
0.0
0.0
0.0
0.0
0.0
0.0
0.0
0.0
0.0
0.0
0.0
0.0
0.0
0.0
0.0
0.0
0.0
0.0
0.0
0.0
0.0
0.0
0.0
0.0
0.0
0.0
0.0
0.0
0.0
0.0
0.0
0.0
0.0
0.0
0.0
0.0
0.0
0.0
0.0
0.0
0.0
0.0
0.0
0.0
0.0
0.0
0.0
0.0
0.0
0.0
0.0
0.0
0.0
0.0
0.0
0.0
0.0
0.0
0.0
0.0
0.0
0.0
0.0
0.0
0.0
0.0
0.0
0.0
0.0
0.0
0.0
0.0
0.0
0.0
0.0
0.0
0.0
0.0
0.0
0.0
0.0
0.0
0.0
0.0
0.0
0.0
0.0
0.0
0.0
0.0
0.0
0.0
0.0
0.0
0.0
0.0
0.0
0.0
0.0
0.0
0.0
0.0
0.0
0.0
0.0
0.0
0.0
0.0
0.0
0.0
0.0
0.0
0.0
0.0
0.0
0.0
0.0
0.0
0.0
0.0
0.0
0.0
0.0
0.0
0.0
0.0
0.0
0.0
0.0
0.0
0.0
0.0
0.0
0.0
0.0
0.0
0.0
0.0
0.0
0.0
0.0
0.0
0.0
0.0
0.0
0.0
0.0
0.0
0.0
0.0
0.0
0.0
0.0
0.0
0.0
0.0
0.0
0.0
0.0
0.0
0.0
0.0
0.0
0.0
0.0
0.0
0.0
0.0
0.0
0.0
0.0
0.0
0.0
0.0
0.0
0.0
0.0
0.0
0.0
0.0
0.0
0.0
0.0
0.0
0.0
0.0
0.0
0.0
0.0
0.0
0.0
0.0
0.0
0.0
0.0
0.0
0.0
0.0
0.0
0.0
0.0
0.0
0.0
0.0
0.0
0.0
0.0
0.0
0.0
0.0
0.0
0.0
0.0
0.0
0.0
0.0
0.0
0.0
0.0
0.0
0.0
0.0
0.0
0.0
0.0
0.0
0.0
0.0
0.0
0.0
0.0
0.0
0.0
0.0
0.0
0.0
0.0
0.0
0.0
0.0
0.0
0.0
0.0
0.0
0.0
0.0
0.0
0.0
0.0
0.0
0.0
0.0
0.0
0.0
0.0
0.0
0.0
0.0
0.0
0.0
0.0
0.0
0.0
0.0
0.0
0.0
0.0
0.0
0.0
0.0
0.0
0.0
0.0
0.0
0.0
0.0
0.0
0.0
0.0
0.0
0.0
0.0
0.0
0.0
0.0
0.0
0.0
0.0
0.0
0.0
0.0
0.0
0.0
0.0
0.0
0.0
0.0
0.0
0.0
0.0
0.0
0.0
0.0
0.0
0.0
0.0
0.0
0.0
0.0
0.0
0.0
0.0
0.0
0.0
0.0
0.0
0.0
0.0
0.0
0.0
0.0
0.0
0.0
0.0
0.0
0.0
0.0
0.0
0.0
0.0
0.0
0.0
0.0
0.0
0.0
0.0
0.0
0.0
0.0
0.0
0.0
0.0
0.0
0.0
0.0
0.0
0.0
0.0
0.0
0.0
0.0
0.0
0.0
0.0
0.0
0.0
0.0
0.0
0.0
0.0
0.0
0.0
0.0
0.0
0.0
0.0
0.0
0.0
0.0
0.0
0.0
0.0
0.0
0.0
0.0
0.0
0.0
0.0
0.0
0.0
0.0
0.0
0.0
0.0
0.0
0.0
0.0
0.0
0.0
0.0
0.0
0.0
0.0
0.0
0.0
0.0
0.0
0.0
0.0
0.0
0.0
0.0
0.0
0.0
0.0
0.0
0.0
0.0
0.0
0.0
0.0
0.0
0.0
0.0
0.0
0.0
0.0
0.0
0.0
0.0
0.0
0.0
0.0
0.0
0.0
0.0
0.0
0.0
0.0
0.0
0.0
0.0
0.0
0.0
0.0
0.0
0.0
0.0
0.0
0.0
0.0
0.0
0.0
0.0
0.0
0.0
0.0
0.0
0.0
0.0
0.0
0.0
0.0
0.0
0.0
0.0
0.0
0.0
0.0
0.0
0.0
0.0
0.0
0.0
0.0
0.0
0.0
0.0
0.0
0.0
0.0
0.0
0.0
0.0
0.0
0.0
0.0
0.0
0.0
0.0
0.0
0.0
0.0
0.0
0.0
0.0
0.0
0.0
0.0
0.0
0.0
0.0
0.0
0.0
0.0
0.0
0.0
0.0
0.0
0.0
0.0
0.0
0.0
0.0
0.0
0.0
0.0
0.0
0.0
0.0
0.0
0.0
0.0
0.0
0.0
0.0
0.0
0.0
0.0
0.0
0.0
0.0
0.0
0.0
0.0
0.0
0.0
0.0
0.0
0.0
0.0
0.0
0.0
0.0
0.0
0.0
0.0
0.0
0.0
0.0
0.0
0.0
0.0
0.0
0.0
0.0
0.0
0.0
0.0
0.0
0.0
0.0
0.0
0.0
0.0
0.0
0.0
0.0
0.0
0.0
0.0
0.0
0.0
0.0
0.0
0.0
0.0
0.0
0.0
0.0
0.0
0.0
0.0
0.0
0.0
0.0
0.0
0.0
0.0
0.0
0.0
0.0
0.0
0.0
0.0
0.0
0.0
0.0
0.0
0.0
0.0
0.0
0.0
0.0
0.0
0.0
0.0
0.0
0.0
0.0
0.0
0.0
0.0
0.0
0.0
0.0
0.0
0.0
0.0
0.0
0.0
0.0
0.0
0.0
0.0
0.0
0.0
0.0
0.0
0.0
0.0
0.0
0.0
0.0
0.0
0.0
0.0
0.0
0.0
0.0
0.0
0.0
0.0
0.0
0.0
0.0
0.0
0.0
0.0
0.0
0.0
0.0
0.0
0.0
0.0
0.0
0.0
0.0
0.0
0.0
0.0
0.0
0.0
0.0
0.0
0.0
0.0
0.0
0.0
0.0
0.0
0.0
0.0
0.0
0.0
0.0
0.0
0.0
0.0
0.0
0.0
0.0
0.0
0.0
0.0
0.0
0.0
0.0
0.0
0.0
0.0
0.0
0.0
0.0
0.0
0.0
0.0
0.0
0.0
0.0
0.0
0.0
0.0
0.0
0.0
0.0
0.0
0.0
0.0
0.0
0.0
0.0
0.0
0.0
0.0
0.0
0.0
0.0
0.0
0.0
0.0
0.0
0.0
0.0
0.0
0.0
0.0
0.0
0.0
0.0
0.0
0.0
0.0
0.0
0.0
0.0
0.0
0.0
0.0
0.0
0.0
0.0
0.0
0.0
0.0
0.0
0.0
0.0
0.0
0.0
0.0
0.0
0.0
0.0
0.0
0.0
0.02034161674105184
0.0
0.0
0.0
0.0
0.0
0.0
0.0
0.0
0.0
0.0
0.0
0.0
0.0
0.0
0.0
0.0
0.0
0.0
0.0
0.0
0.0
0.0
0.0
0.0
0.0
0.0
0.0
0.0
0.0
0.0
0.0
0.0
0.0
0.0
0.0
0.0
0.0
0.0
0.0
0.13471452089582903
0.0
0.0
0.0
0.0
0.0
0.09237720634287504
0.11314698447154647
0.09631393178750103
0.0
0.10245597008906426
0.0
0.0
0.0
0.0
0.0
0.11566861098319169
0.10778907594312392
0.08865185052945136
0.0
0.06961398753028569
0.0
0.0
0.0
0.0
0.0
0.1056814414366145
0.01240399867587716
0.0
0.0
0.034292215823522265
0.0
0.0
0.0
0.0
0.0
0.0899440999498019
0.02678773418139546
0.0
0.0
0.057889064154881376
0.0009977363895184999
0.0
0.0
0.0
0.0
0.09934124434473934
0.0
0.0
0.0
0.08757896878108673
0.07571618488254604
0.0
0.0
0.0
0.03812864093651325
0.160847581123554
0.004175237230812034
0.0
0.01253737452689252
0.06388094524630239
0.11104291770423048
0.0
0.0
0.05430129418649132
0.1245613101973758
0.14087117789581935
0.0
0.0
0.19679942887286073
0.13938176321092977
0.1935618680203215
0.0
0.12588242784597536
0.14854357329910917
0.3570321704017177
0.28411001184603824
0.20637870587908724
0.13735867783805455
0.5218549685978089
0.2791029086407628
0.7298251375404525
0.4857232442236449
0.34009239892535725
0.4536107145703127
0.6403636680335432
0.47364724099921934
0.41528152415716496
0.4547212269458409
0.47935560048273673
0.3155008572541591
0.7475591701808829
0.47035648161949295
0.33316592459334915
0.4572511580403298
0.6517516965509249
0.4612301210600105
0.4551075875819421
0.47932760245537
0.37006834626584495
0.1612826863955954
0.6923568322843433
0.48294584004349134
0.2406397772883572
0.4331004872345416
0.5086040049848979
0.3321166573464207
0.370445775659084
0.3965181517303272
0.40735529674503373
0.18964461378803443
0.6553393080567264
0.4992178988920026
0.24292058795942248
0.41398400160346654
0.53813225262581
0.316582190685029
0.3422269128088593
0.3882638587723656
0.4838936209420917
0.30774861328328845
0.6265688806533618
0.5479429188638042
0.3725222459976882
0.4748974539822994
0.633102341536555
0.36214978828330113
0.39313194135530527
0.48985714119534046
0.480303628654244
0.2845397749651932
0.607155119204176
0.5714736215209035
0.3662562073527816
0.4736345183118256
0.6127083855626647
0.33186933822167214
0.35822801938356186
0.48030834476324
0.4949829392686047
0.3286326468379324
0.6264501725078543
0.6065986184080949
0.4775964457346076
0.5412097492767727
0.6773690326335196
0.4290619733399757
0.4276178687933575
0.5700849512155362
0.4062904208720952
0.3100373689814645
0.5909795331650155
0.6244059440941078
0.46236993585974023
0.5075629110721076
0.6657009999687771
0.3691377189331984
0.4072100815556309
0.5610076685985038
0.38953149695487704
0.2929863962993037
0.5569305132812783
0.5741682794631598
0.4068056826277677
0.4532609423749536
0.6223992543040916
0.3364387306883021
0.3667346554435196
0.5315414484358445
0.2959146029952938
0.2551460811940576
0.5344738455506886
0.5448517319799
0.3040797321810273
0.36439169215424566
0.44543192587337493
0.21965605028605584
0.19150926314145575
0.38624674853882496
0.0
0.05140521503128748
0.0
0.0
0.06661003132736687
0.014307481383182497
0.0899171470211607
0.0
0.0
0.020800383615455886
0.0
0.0
0.0
0.0
0.025583190868353808
0.0
0.0
0.0
0.0
0.0
0.0
0.0
0.0
0.0
0.0318085988343596
0.0
0.0
0.0
0.0
0.0
0.0
0.0
0.0
0.0
0.06444478070374848
0.005637891353736713
0.0472617093096146
0.0
0.0
0.0
0.0
0.0
0.0
0.0
0.0
0.0
0.0
0.0
0.0
0.0
0.0
0.0
0.0
0.0
0.0
0.0
0.0
0.0
0.0
0.0
0.0
0.0
0.0
0.0
0.0
0.0
0.0
0.0
0.0
0.0
0.0
0.0
0.0
0.0
0.0
0.0
0.0
0.0
0.0
0.0
0.0
0.0
0.0
0.0
0.0
0.0
0.0
0.0
0.0
0.0
0.0
0.0
0.0
0.0
0.0
0.0
0.0
0.0
0.0
0.0
0.22726380920027223
0.0
0.0
0.0
0.0
0.0
0.0
0.0
0.0
0.0
0.5953857146065016
0.27588181391109207
0.09839602749396793
0.5447025139165332
0.3859133407959676
0.3118897653756211
0.5601845833399972
0.43515569216860905
0.4576795324703762
0.323819822083633
0.9978111084161315
0.9198627445246658
0.7026916563917289
0.8743398985144601
0.7339102277233229
0.532367280480196
0.9017238302133919
0.9694372677154558
0.8784756997277458
0.8694739041393179
0.999990695741471
0.9478158101811964
0.8118884834610226
0.9716542839945546
0.84581229214876
0.5911327371063776
0.9468112830862035
0.9968784279414378
0.9651070763618563
0.936428789886458
0.9999980736833043
0.9487250233046227
0.8523674464290961
0.9793010424448912
0.8881370207834683
0.6017070856770226
0.9612968746582382
0.9986672132186818
0.9786262003096657
0.9622063115389792
0.9999996217063939
0.9641135272875276
0.8766488877885447
0.9866294033987757
0.9190200436134351
0.6186229647031889
0.9726023189341279
0.9993873602514282
0.9847158049588608
0.9763783731583616
0.9999999925767021
0.9911515251440765
0.9250910625718723
0.995933762161012
0.9466509533135635
0.7221146226926904
0.984018426592754
0.9999095712805063
0.9918076878326194
0.9816454677946381
0.9999999948145997
0.9909273603252322
0.9271149479506081
0.9977913180479342
0.9436985144166944
0.712283691411294
0.9848795524881416
0.9999380041659681
0.9921271608952853
0.9824311306695501
0.9999999436615089
0.9882060192364912
0.8962700613860054
0.997397494638624
0.9155432314612194
0.6246700777037678
0.983711171002477
0.9999186879990724
0.9912121902185831
0.9821203485140984
0.9999999515605751
0.989661172099166
0.9129491215950007
0.9980125168194158
0.936364679653641
0.6651824838532705
0.9875674136535061
0.9999269038920393
0.991812845648624
0.9873952036913507
0.9999996467277973
0.9822859653976984
0.9191229028242088
0.9975936506834867
0.9357048497567655
0.6573455849139267
0.9822453145876832
0.9998532733402992
0.9878130763214713
0.9862360091908454
0.9999564437649264
0.9393477847179139
0.8266065485977631
0.9094300875425936
0.6873055193575744
0.3628401536496286
0.7682627378884481
0.9869470964829424
0.8411221056399053
0.8209744167578686
0.7424962082908546
0.28507535933441586
0.3652906528675191
0.667253668155567
0.37849011593330234
0.17318050147254427
0.331422557858263
0.5185126116538842
0.4030093922403246
0.3051556862349352
0.3293231438887694
0.1673196238613179
0.1774694162733056
0.3008522535235848
0.14210992835144776
0.026342206486610346
0.13807570412613712
0.18309556109483996
0.05126170609042557
0.08754316392524053
0.22518405091615287
0.1613179284463262
0.08406152325691085
0.260483679404618
0.034211137544391534
0.006181633505284445
0.05734043204180894
0.08600861994709241
0.0
0.0
0.11533900047932633
0.07732396710736454
0.021759139512217866
0.16213223250783348
0.0
0.0
0.0
0.0
0.0
0.0
0.0
0.0
0.0
0.0
0.0
0.0
0.0
0.0
0.0
0.0
0.0
0.0
0.0
0.0
0.0
0.0
0.0
0.0
0.0
0.0
0.0
0.0
0.0
0.0
0.0
0.0
0.0
0.0
0.0
0.0
0.0
0.0
0.0
0.0
0.0
0.0
0.0
0.0
0.0
0.0
0.0
0.0
0.0
0.0
0.0
0.0
0.0
0.0
0.0
0.0
0.0
0.0
0.0
0.0
0.0
0.0
0.0
0.0
0.0
0.0
0.0
0.0
0.0
0.0
0.0
0.0
0.0
0.0
0.0
0.0
0.0
0.0
0.0
0.0
0.0
0.0
0.0
0.0
0.0
0.0
0.0
0.0
0.0
0.0
0.0
0.0
0.0
0.0
0.0
0.0
0.0
0.0
0.0
0.0
0.0
0.0
0.0
0.0
0.0
0.0
0.0
0.0
0.0
0.0
0.0
0.0
0.0
0.0
0.0
0.0
0.0
0.0
0.0
0.0
0.0
0.0
0.0
0.0
0.0
0.0
0.0
0.0
0.0
0.0
0.0
0.0
0.0
0.0
0.0
0.0
0.0
0.0
0.0
0.0
0.0
0.0
0.0
0.0
0.0
0.0
0.0
0.0
0.0
0.0
0.0
0.0
0.0
0.0
0.0
0.0
0.0
0.0
0.0
0.0
0.0
0.0
0.0
0.0
0.0
0.0
0.0
0.0
0.0
0.0
0.0
0.0
0.0
0.0
0.0
0.0
0.0
0.0
0.0
0.0
0.0
0.0
0.0
0.0
0.0
0.0
0.0
0.0
0.0
0.0
0.0
0.0
0.0
0.0
0.0
0.0
0.0
0.0
0.0
0.0
0.0
0.0
0.0
0.0
0.0
0.0
0.0
0.0
0.0
0.0
0.0
0.0
0.0
0.0
0.0
0.0
0.0
0.0
0.0
0.0
0.0
0.0
0.0
0.0
0.0
0.0
0.0
0.0
0.0
0.0
0.0
0.0
0.0
0.0
0.0
0.0
0.0
0.0
0.0
0.0
0.0
0.0
0.0
0.0
0.0
0.0
0.0
0.0
0.0
0.0
0.0
0.0
0.0
0.0
0.0
0.0
0.0
0.0
0.0
0.0
0.0
0.0
0.0
0.0
0.0
0.0
0.0
0.0
0.0
0.0
0.0
0.0
0.0
0.0
0.0
0.0
0.0
0.0
0.0
0.0
0.0
0.0
0.0
0.0
0.0
0.0
0.0
0.0
0.0
0.0
0.0
0.0
0.0
0.0
0.0
0.0
0.0
0.0
0.0
0.0
0.0
0.0
0.0
0.0
0.0
0.0
0.0
0.0
0.0
0.0
0.0
0.0
0.0
0.0
0.0
0.0
0.0
0.0
0.0
0.0
0.0
0.0
0.0
0.0
0.0
0.0
0.0
0.0
0.0
0.0
0.0
0.0
0.0
0.0
0.0
0.0
0.0
0.0
0.0
0.0
0.0
0.0
0.0
0.0
0.0
0.0
0.0
0.0
0.0
0.0
0.0
0.0
0.0
0.0
0.0
0.0
0.0
0.0
0.0
0.0
0.0
0.0
0.0
0.0
0.0
0.0
0.0
0.0
0.0
0.0
0.0
0.0
0.0
0.0
0.0
0.0
0.0
0.0
0.0
0.0
0.0
0.0
0.0
0.0
0.0
0.0
0.0
0.0
0.0
0.0
0.0
0.0
0.0
0.0
0.0
0.0
0.0
0.0
0.0
0.0
0.0
0.0
0.0
0.0
0.0
0.0
0.0
0.0
0.0
0.0
0.0
0.0
0.0
0.0
0.0
0.0
0.0
0.0
0.0
0.0
0.0
0.0
0.0
0.0
0.0
0.0
0.0
0.0
0.0
0.0
0.0
0.0
0.0
0.0
0.0
0.0
0.0
0.0
0.0
0.0
0.0
0.0
0.0
0.0
0.0
0.0
0.0
0.0
0.0
0.0
0.0
0.0
0.0
0.0
0.0
0.0
0.0
0.0
0.0
0.0
0.0
0.0
0.0
0.0
0.0
0.0
0.0
0.0
0.0
0.0
0.0
0.0
0.0
0.0
0.0
0.0
0.0
0.0
0.0
0.0
0.0
0.0
0.0
0.0
0.0
0.0
0.0
0.0
0.0
0.0
0.0
0.0
0.0
0.0
0.0
0.0
0.0
0.0
0.0
0.0
0.0
0.0
0.0
0.0
0.0
0.0
0.0
0.0
0.0
0.0
0.0
0.0
0.0
0.0
0.0
0.0
0.0
0.0
0.0
0.0
0.0
0.0
0.0
0.0
0.0
0.0
0.0
0.0
0.0
0.0
0.0
0.0
0.0
0.0
0.0
0.0
0.0
0.0
0.0
0.0
0.0
0.0
0.0
0.0
0.0
0.0
0.0
0.0
0.0
0.0
0.0
0.0
0.0
0.0
0.0
0.0
0.0
0.0
0.0
0.0
0.0
0.0
0.0
0.0
0.0
0.0
0.0
0.0
0.0
0.0
0.0
0.0
0.0
0.0
0.0
0.0
0.0
0.0
0.0
0.0
0.0
0.0
0.0
0.0
0.0
0.0
0.0
0.0
0.0
0.0
0.0
0.0
0.0
0.0
0.0
0.0
0.0
0.0
0.0
0.0
0.0
0.0
0.0
0.0
0.0
0.0
0.0
0.0
0.0
0.0
0.0
0.0
0.0
0.0
0.0
0.0
0.0
0.0
0.0
0.0
0.0
0.0
0.0
0.0
0.0
0.0
0.0
0.0
0.0
0.0
0.0
0.0
0.0
0.0
0.0
0.0
0.0
0.0
0.0
0.0
0.0
0.0
0.0
0.0
0.0
0.0
0.0
0.0
0.0
0.0
0.0
0.0
0.0
0.0
0.0
0.0
0.0
0.0
0.0
0.0
0.0
0.0
0.0
0.0
0.0
0.0
0.0
0.0
0.0
0.0
0.0
0.0
0.0
0.0
0.0
0.0
0.0
0.0
0.0
0.0
0.0
0.0
0.0
0.0
0.0
0.0
0.0
0.0
0.0
0.0
0.0
0.0
0.0
0.0
0.0
0.0
0.0
0.0
0.0
0.0
0.0
0.0
0.0
0.0
0.0
0.0
0.0
0.0
0.0
0.0
0.0
0.0
0.0
0.0
0.0
0.0
0.0
0.0
0.0
0.0
0.0
0.0
0.0
0.0
0.0
0.0
0.0
0.0
0.0
0.0
0.0
0.0
0.0
0.0
0.0
0.0
0.0
0.0
0.0
0.0
0.0
0.0
0.0
0.0
0.0
0.0
0.0
0.0
0.0
0.0
0.0
0.0
0.0
0.0
0.0
0.0
0.0
0.0
0.0
0.0
0.0
0.0
0.0
0.0
0.0
0.0
0.0
0.0
0.0
0.0
0.0
0.0
0.0
0.0
0.0
0.0
0.0
0.0
0.0
0.0
0.0
0.0
0.0
0.0
0.0
0.0
0.0
0.0
0.0
0.0
0.0
0.0
0.0
0.0
0.0
0.0
0.0
0.0
0.0
0.0
0.0
0.0
0.0
0.0
0.0
0.0
0.0
0.0
0.0
0.0
0.0
0.0
0.0
0.0
0.0
0.0
0.0
0.0
0.0
0.0
0.0
0.0
0.0
0.0
0.0
0.0
0.0
0.0
0.0
0.0
0.0
0.0
0.0
0.0
0.0
0.0
0.0
0.0
0.0
0.0
0.0
0.0
0.0
0.0
0.0
0.0
0.0
0.0
0.0
0.0
0.0
0.0
0.0
0.0
0.0
0.0
0.0
0.0
0.0
0.0
0.0
0.0
0.0
0.0
0.0
0.0
0.0
0.0
0.0
0.0
0.0
0.0
0.0
0.0
0.0
0.0
0.0
0.0
0.0
0.0
0.0
0.0
0.0
0.0
0.0
0.0
0.0
0.0
0.0
0.0
0.0
0.0
0.0
0.0
0.0
0.0
0.0
0.0
0.0
0.0
0.0
0.0
0.0
0.0
0.0
0.0
0.0
0.0
0.0
0.0
0.0
0.0
0.0
0.0
0.0
0.0
0.0
0.0
0.0
0.0
0.0
0.0
0.0
0.0
0.0
0.0
0.0
0.0
0.0
0.0
0.0
0.0
0.0
0.0
0.0
0.0
0.0
0.0
0.0
0.0
0.0
0.0
0.0
0.0
0.0
0.0
0.0
0.0
0.0
0.0
0.0
0.0
0.0
0.0
0.0
0.0
0.0
0.0
0.0
0.0
0.0
0.0
0.0
0.0
0.0
0.0
0.0
0.0
0.0
0.0
0.0
0.0
0.0
0.0
0.0
0.0
0.0
0.0
0.0
0.0
0.0
0.0
0.0
0.0
0.0
0.0
0.0
0.0
0.0
0.0
0.0
0.0
0.0
0.0
0.0
0.0
0.0
0.0
0.0
0.0
0.0
0.0
0.0
0.0
0.0
0.0
0.0
0.0
0.0
0.0
0.0
0.0
0.0
0.0
0.0
0.0
0.0
0.0
0.0
0.0
0.0
0.0
0.0
0.0
0.0
0.0
0.0
0.0
0.0
0.0
0.0
0.0
0.0
0.0
0.0
0.0
0.0
0.0
0.0
0.0
0.0
0.0
0.0
0.0
0.0
0.0
0.0
0.0
0.0
0.0
0.0
0.0
0.0
0.0
0.0
0.0
0.0
0.0
0.0
0.0
0.0
0.0
0.0
0.0
0.0
0.0
0.0
0.0
0.0
0.0
0.0
0.0
0.0
0.0
0.0
0.0
0.0
0.0
0.0
0.0
0.0
0.0
0.0
0.0
0.0
0.0
0.0
0.0
0.0
0.0
0.0
0.0
0.0
0.0
0.0
0.0
0.0
0.0
0.0
0.0
0.0
0.0
0.0
0.0
0.0
0.0
0.0
0.0
0.0
0.0
0.0
0.0
0.0
0.0
0.0
0.0
0.0
0.0
0.0
0.0
0.0
0.0
0.0
0.0
0.0
0.0
0.0
0.0
0.0
0.0
0.0
0.0
0.0
0.0
0.0
0.0
0.0
0.0
0.0
0.0
0.0
0.0
0.0
0.0
0.0
0.0
0.0
0.0
0.0
0.0
0.0
0.0
0.0
0.0
0.0
0.0
0.0
0.0
0.0
0.0
0.0
0.0
0.0
0.0
0.0
0.0
0.0
0.02343677303166891
0.02396359617914612
0.0
0.0
0.03696548181396241
0.0
0.0
0.0
0.0
0.04509461722810625
0.1710369724382086
0.12901717156817935
0.03181108917632336
0.04278120564750621
0.14013370863846364
0.05504751592609546
0.011328074941126308
0.04686713957797206
0.03800403121739904
0.9999997876553038
1.0
1.0
1.0
1.0
1.0
1.0
1.0
1.0
1.0
1.0
1.0
1.0
1.0
1.0
1.0
1.0
1.0
1.0
1.0
1.0
1.0
1.0
1.0
1.0
1.0
1.0
1.0
1.0
1.0
1.0
1.0
1.0
1.0
1.0
1.0
1.0
1.0
1.0
1.0
1.0
1.0
1.0
1.0
1.0
1.0
1.0
1.0
1.0
1.0
1.0
1.0
1.0
1.0
1.0
1.0
1.0
1.0
1.0
1.0
1.0
1.0
1.0
1.0
1.0
1.0
1.0
1.0
1.0
1.0
1.0
1.0
1.0
1.0
1.0
1.0
1.0
1.0
1.0
1.0
1.0
1.0
1.0
1.0
1.0
1.0
1.0
1.0
1.0
1.0
1.0
1.0
1.0
1.0
1.0
1.0
1.0
1.0
1.0
1.0
0.9910493973872432
0.9648357285378432
0.9498273148366768
0.9257529307313171
0.8950070908975235
0.8858634227780846
0.8684502966460595
0.8785556776696583
0.89267956458715
0.8837846521137565
0.696581048039104
0.5363471497624273
0.5443397571092498
0.5238731571601929
0.39011382043998055
0.36255450277752976
0.3409315434354111
0.2885875574925777
0.2939555301627821
0.2747906822148911
0.5489041105183
0.3930211236037026
0.39359691632176697
0.3953222705055368
0.24969801614725048
0.2313281714716514
0.21608477178025232
0.17435436627671075
0.18907142186581535
0.17379129203072619
0.19996453290676328
0.054229976410548046
0.0967571182063627
0.10400181768442196
0.023977505016684383
0.016346943060105756
0.00909897218327138
0.0
0.005372728410185879
0.003700935863708677
0.14217556422333977
0.025859143382182537
0.061333561198448794
0.05621086298419942
0.0
0.0
0.0
0.0
0.0
0.0
0.032763901768394166
0.0
0.0
0.0
0.0
0.0
0.0
0.0
0.0
0.0
0.025755278523027943
0.0
0.0
0.0
0.0
0.0
0.0
0.0
0.0
0.0
0.0
0.0
0.0
0.0
0.0
0.0
0.0
0.0
0.0
0.0
0.0
0.0
0.0
0.0
0.0
0.0
0.0
0.0
0.0
0.0
0.0
0.0
0.0
0.0
0.0
0.0
0.0
0.0
0.0
0.0
0.0
0.0
0.0
0.0
0.0
0.0
0.0
0.0
0.0
0.0
0.0
0.0
0.0
0.0
0.0
0.0
0.0
0.0
0.0
0.0
0.0
0.0
0.0
0.0
0.0
0.0
0.0
0.0
0.0
0.0
0.0
0.0
0.0
0.0
0.0
0.0
0.0
0.0
0.0
0.0
0.0
0.0
0.0
0.0
0.0
0.0
0.0
0.0
0.0
0.0
0.0
0.0
0.0
0.0
0.0
0.0
0.0
0.0
0.0
0.0
0.0
0.0
0.0
0.0
0.0
0.0
0.0
0.0
0.0
0.0
0.0
0.0
0.0
0.0
0.0
0.0
0.0
0.0
0.0
0.0
0.0
0.0
0.0
0.0
0.0
0.0
0.0
0.0
0.0
0.0
0.0
0.0
0.0
0.0
0.0
0.0
0.0
0.0
0.0
0.0
0.0
0.0
0.0
0.0
0.0
0.0
0.0
0.0
0.0
0.0
0.0
0.0
0.0
0.0
0.0
0.0
0.0
0.0
0.0
0.0
0.0
0.0
0.0
0.0
0.0
0.0
0.0
0.0
0.0
0.0
0.0
0.0
0.0
0.0
0.0
0.0
0.0
0.0
0.0
0.0
0.0
0.0
0.0
0.0
0.0
0.0
0.0
0.0
0.0
0.0
0.0
0.0
0.0
0.0
0.0
0.0
0.0
0.0
0.0
0.0
0.0
0.0
0.0
0.0
0.0
0.0
0.0
0.0
0.0
0.0
0.0
0.0
0.0
0.0
0.0
0.0
0.0
0.0
0.0
0.0
0.0
0.0
0.0
0.0
0.0
0.0
0.0
0.0
0.0
0.0
0.0
0.0
0.0
0.0
0.0
0.0
0.0
0.0
0.0
0.0
0.0
0.0
0.0
0.0
0.0
0.0
0.0
0.0
0.0
0.0
0.0
0.0
0.0
0.0
0.0
0.0
0.0
0.0
0.0
0.0
0.0
0.0
0.0
0.0
0.0
0.0
0.0
0.0
0.0
0.0
0.0
0.0
0.0
0.0
0.0
0.0
0.0
0.0
0.0
0.0
0.0
0.0
0.0
0.0
0.0
0.0
0.0
0.0
0.0
0.0
0.0
0.0
0.0
0.0
0.0
0.0
0.0
0.0
0.0
0.0
0.0
0.0
0.0
0.0
0.0
0.0
0.0
0.0
0.0
0.0
0.0
0.0
0.0
0.0
0.0
0.0
0.0
0.0
0.0
0.0
0.0
0.0
0.0
0.0
0.0
0.0
0.0
0.0
0.0
0.0
0.0
0.0
0.0
0.0
0.0
0.0
0.0
0.0
0.0
0.0
0.0
0.0
0.0
0.0
0.0
0.0
0.0
0.0
0.0
0.0
0.0
0.0
0.0
0.0
0.0
0.0
0.0
0.0
0.0
0.0
0.0
0.0
0.0
0.0
0.0
0.0
0.0
0.0
0.0
0.0
0.0
0.0
0.0
0.0
0.0
0.0
0.0
0.0
0.0
0.0
0.0
0.0
0.0
0.0
0.0
0.0
0.0
0.0
0.0
0.0
0.0
0.0
0.0
0.0
0.0
0.0
0.0
0.0
0.0
0.0
0.0
0.0
0.0
0.0
0.0
0.0
0.0
0.0
0.0
0.0
0.0
0.0
0.0
0.0
0.0
0.0
0.0
0.0
0.0
0.0
0.0
0.0
0.0
0.0
0.0
0.0
0.0
0.0
0.0
0.0
0.0
0.0
0.0
0.0
0.0
0.0
0.0
0.0
0.0
0.0
0.0
0.0
0.0
0.0
0.0
0.0
0.0
0.0
0.0
0.0
0.0
0.0
0.0
0.0
0.0
0.0
0.0
0.0
0.0
0.0
0.0
0.0
0.0
0.0
0.0
0.0
0.0
0.0
0.0
0.0
0.0
0.0
0.0
0.0
0.0
0.0
0.0
0.0
0.0
0.0
0.0
0.0
0.0
0.0
0.0
0.0
0.0
0.0
0.0
0.0
0.0
0.0
0.0
0.0
0.0
0.0
0.0
0.0
0.0
0.0
0.0
0.0
0.0
0.0
0.0
0.0
0.0
0.0
0.0
0.0
0.0
0.0
0.0
0.0
0.0
0.0
0.0
0.0
0.0
0.0
0.0
0.0
0.0
0.0
0.0
0.0
0.0
0.0
0.0
0.0
0.0
0.0
0.0
0.0
0.0
0.0
0.0
0.0
0.0
0.0
0.0
0.0
0.0
0.0
0.0
0.0
0.0
0.0
0.0
0.0
0.0
0.0
0.0
0.0
0.0
0.0
0.0
0.0
0.0
0.0
0.0
0.0
0.0
0.0
0.0
0.0
0.0
0.0
0.0
0.0
