Torsk
0.0
0.0
0.0
0.0
0.0
0.0
0.0
0.0
0.0
0.0
0.0
0.0
0.0
0.0
0.0
0.0
0.0
0.0
0.0
0.0
0.0
0.0
0.0
0.0
0.0
0.0
0.0
0.0
0.0
0.0
0.0
0.0
0.0
0.0
0.0
0.0
0.0
0.0
0.0
0.0
0.0
0.0
0.0
0.0
0.0
0.0
0.0
0.0
0.0
0.0
0.0
0.0
0.0
0.0
0.0
0.0
0.0
0.0
0.0
0.0
0.0
0.0
0.0
0.0
0.0
0.0
0.0
0.0
0.0
0.0
0.0
0.0
0.0
0.0
0.0
0.0
0.0
0.0
0.0
0.0
0.0
0.0
0.0
0.0
0.0
0.0
0.0
0.0
0.0
0.0
0.0
0.0
0.0
0.0
0.0
0.0
0.0
0.0
0.0
0.0
0.5141356891436398
0.6775236155493214
0.7149097846655436
0.8100740216127396
0.8947093983466472
0.8906943790276609
0.8166414485581251
0.8507888334076451
0.7903440749470776
0.5901900185822754
0.7001236932578674
0.7747237013284664
0.836730024243077
0.897050608751895
0.9668414289072788
0.9642786513763373
0.9293480997786124
0.9278141191999805
0.8538641874344474
0.6755204155237687
0.8226083901203651
0.8646859363492264
0.8675318160997555
0.9167035190601692
0.9840150613470294
0.9832656106487504
0.962886884344727
0.9559571075256412
0.9144127783289683
0.7774535305530694
0.6956140437765832
0.664745343220447
0.7061110891719307
0.6787495991233037
0.880092039528712
0.9442164641001384
0.9077656558954138
0.8248215198778542
0.7261929227727126
0.6355463224698544
0.9034381690317325
0.8343559274100191
0.8206765599013662
0.8790792875467246
0.983428023956032
0.9973723813294595
0.9959625735547778
0.9099538138205889
0.8348152990819773
0.8325903228509763
0.9857754874192861
0.9823404503128573
0.9771036753366096
0.9648517568888096
0.999947577357701
0.9999999484113599
0.9999999856890477
0.9991244336296232
0.9803442482794221
0.9669619469041699
0.9993960188286272
0.9996594063866024
0.9960720013867584
0.9972482644406258
0.9999999978584496
0.9999999999999811
1.0
0.9999999903645274
0.9999526312089497
0.9999851655371284
0.9999965392836808
0.9999951845557824
0.9993978452399501
0.9993967021601603
0.9999999999302549
0.9999999999999997
1.0
0.9999999991919568
0.9999959109704104
0.9999997554739235
0.9999999894052553
0.999999872803417
0.999947810449723
0.9998827451916736
0.9999999998488898
0.9999999999999952
1.0
0.9999999999139667
0.9999999572108994
0.9999999993928688
0.9999999977090882
0.9999997801607295
0.9999757477359049
0.9998822261749427
0.9999999998038782
0.9999999999991542
1.0
0.999999999966672
0.9999999556961076
0.9999999995224084
0.9999999999998451
0.9999999999642658
0.9999999881332573
0.9999998283500384
0.9999999999999993
1.0
1.0
1.0
0.9999999999870659
0.9999999999999347
0.9999999999999974
0.9999999999997837
0.9999999997374067
0.9999999964808296
1.0
1.0
1.0
1.0
0.9999999999995699
0.9999999999999981
1.0
0.9999999999999971
0.9999999999930046
0.9999999999723752
1.0
1.0
1.0
1.0
0.999999999999987
1.0
0.9999999517754611
0.9999999998700275
0.9999984234869267
0.9999999995560915
0.9999999999939214
0.999999999708688
0.9999999999993747
0.9999999999991405
0.9999999998894531
0.9999999998707069
0.999998790098096
0.99999999990216
0.9999996924472077
0.9999999726117802
0.9999996179163678
0.9999928417171998
0.9999977305299249
0.9999999999996537
0.9999999999360211
0.9999999974762952
0.9999440564696912
0.9998145773883763
0.9980206910985112
0.9999959769084451
0.9890809575076905
0.9474318025405365
0.9341158950502827
0.9987943824460224
0.9999728280066861
0.9999957013036593
0.9999432867748104
0.9995365445873857
0.9995037587950368
0.9999871990176796
0.9497730742589352
0.8826841619686313
0.7485432450213348
0.9382387316243523
0.9910266743492888
0.9703951559358288
0.9912796663240079
0.9864188033611789
0.99249888889553
0.9994335447468349
0.919560918883759
0.8199189947618297
0.666252599482091
0.884531473759214
0.9549693609181001
0.916923378148483
0.9396280759711917
0.9487461498080435
0.9681079350465238
0.9966660281150876
0.854775240818323
0.720474643621736
0.5538636706545542
0.7807198811481283
0.8344037159346162
0.7863002408660668
0.9176535223395857
0.9484104804263072
0.9532571720146571
0.9966558673674141
0.8368701171902659
0.6769472458753337
0.47214603400327454
0.6675253222933314
0.7255705695812483
0.7933891258514387
0.863840870273563
0.8762584589586445
0.7797954728932132
0.9478021495727261
0.7173273699284376
0.536302322440191
0.2922930762911477
0.4394409801734061
0.5650638614881209
0.7457421029008208
0.8830365355351351
0.8900401253866372
0.7726622216847225
0.9451337803051141
0.6736465171671784
0.5261049674567192
0.2822755860483148
0.4414333055931648
0.5810579587396139
0.7660042156333029
0.8886481200785868
0.8998715395247242
0.7977297006290541
0.9404605440976664
0.6500192144207112
0.5201828905608958
0.2529192424014204
0.4446014249967314
0.5880243337085486
0.7462161990189186
0.8055356924122903
0.8558035082613972
0.7769413371086963
0.920561821257389
0.6024210570667494
0.468921245688344
0.19493403828006384
0.37718703863263614
0.5209859345828659
0.7166926638995306
0.7241614876089154
0.787051536357145
0.6785385839525219
0.8273156569075862
0.5607471854325832
0.42614742617546497
0.15309689188669684
0.2897516870780902
0.4709277692032376
0.7010276731292255
0.5731159342915737
0.7163473748427235
0.6126727572373036
0.7534937410658611
0.3969718750439891
0.2636461663060494
0.0
0.11544430767945812
0.29872420390112386
0.49985239612748256
0.13409345589363997
0.1955024401851434
0.2708552021295312
0.400051357459176
0.0817197777497971
0.00017144678269664923
0.0
0.0
0.0
0.0614851688114586
0.0999651710397582
0.16252718197079008
0.2514193043778816
0.35046093256701105
0.06917807980903179
0.0
0.0
0.0
0.0
0.03296410459161225
0.09068695305562424
0.12666398271939883
0.16571877689307843
0.24397367375732623
0.05625948654898083
0.0
0.0
0.0
0.0
0.0
0.0
0.0
0.0
0.0
0.0
0.0
0.0
0.0
0.0
0.0
0.0
0.0
0.0
0.0
0.0
0.0
0.0
0.0
0.0
0.0
0.0
0.0
0.0
0.0
0.0
0.0
0.0
0.0
0.0
0.0
0.0
0.0
0.0
0.0
0.0
0.0
0.0
0.0
0.0
0.0
0.0
0.0
0.0
0.0
0.0
0.0
0.0
0.0
0.0
0.0
0.0
0.0
0.0
0.0
0.0
0.0
0.0
0.0
0.0
0.0
0.0
0.0
0.0
0.06918755901647122
0.0
0.0
0.0
0.0
0.0
0.0
0.0
0.0
0.0714915982245149
0.23739446164197095
0.0
0.0
0.0
0.011889899694935147
0.0
0.0
0.0
0.0
0.17612678697233264
0.34447911490574934
0.013590005082912415
0.0
0.0
0.06649328630393425
0.014449097435183744
0.0
0.0
0.0
0.21065371328690885
0.3818810726610173
0.02542567029930132
0.0
0.0
0.10848852883111448
0.06410172542544235
0.0
0.0
0.0
0.2683272097390115
0.42498697444553457
0.05042395815325207
0.0
0.0048570755201642335
0.1672583309477228
0.10181136547134072
0.0
0.0245941655635713
0.0
0.2877201538349671
0.47463287528635
0.11825649653552872
0.0
0.022891787101071204
0.1864177843875792
0.1485519419944542
0.0
0.08730741426008859
0.0024161088964949062
0.4348669619275245
0.562161593320659
0.34316523116693654
0.07667926172570017
0.1441358185267564
0.3074239101904923
0.3017417660632262
0.1162758242287044
0.13399043650959264
0.04453653380127354
0.4814010764340961
0.5891375617597319
0.46701940658424573
0.1651194755033799
0.2548891462571152
0.4142615969201903
0.46000105413594783
0.21941518783638655
0.15140859061573075
0.0667960877998709
0.5230864637702305
0.6167894969972214
0.48004809816404287
0.17630350437279352
0.2748840328818584
0.4582562288968379
0.48893976995577654
0.22665931366952277
0.08350581414543745
0.011004925396557284
0.48624084287756975
0.6125916057175863
0.45246231446044555
0.12265257690189955
0.20972459624393647
0.39865364849009
0.3876120054241392
0.1278152996371834
0.0
0.0
0.2180366232990593
0.3806473647813015
0.22115661346459012
0.0
0.02116674594874457
0.26292402502378054
0.19863476193497864
0.0
0.0
0.0
0.1655054102511555
0.2713905127575562
0.1750746387405251
0.0
0.0
0.19029550080715685
0.17549253445861868
0.013576434185577524
0.0
0.0
0.08582622342816115
0.18597203188420908
0.16054096703035323
0.0
0.0
0.1648873672832226
0.1561205714476298
0.0
0.0
0.0
0.08718946766301337
0.184439466746249
0.17481504904868006
0.0
0.0
0.17911376926237743
0.15730090661834217
0.0
0.0
0.0
0.046861014599352206
0.16331531600185423
0.1852703174452264
0.0
0.0
0.16409816889932935
0.15226481464978747
0.0
0.0
0.0
0.011619464241856003
0.11608242733000028
0.11482599648595813
0.0
0.0
0.12507455772086828
0.0814693727164799
0.0
0.0
0.0
0.0
0.0
0.0
0.0
0.0
0.0
0.0
0.0
0.0
0.0
0.0
0.0
0.0
0.0
0.0
0.0
0.0
0.0
0.0
0.0
0.0
0.0
0.0
0.0
0.0
0.0
0.0
0.0
0.0
0.0
0.0
0.0
0.0
0.0
0.0
0.0
0.0
0.0
0.0
0.0
0.0
0.0
0.0
0.0
0.0
0.0
0.0
0.0
0.0
0.0
0.0
0.0
0.0
0.0
0.0
0.0
0.0
0.0
0.0
0.0
0.0
0.0
0.0
0.0
0.0
0.0
0.0
0.0
0.0
0.0
0.0
0.0
0.0
0.0
0.0
0.0
0.0
0.0
0.0
0.0
0.0
0.0
0.0
0.0
0.0
0.0
0.0
0.0
0.0
0.0
0.0
0.0
0.0
0.0
0.0
0.0
0.0
0.0
0.0
0.0
0.0
0.0
0.0
0.0
0.0
0.0
0.0
0.0
0.0
0.0
0.0
0.0
0.0
0.0
0.0
0.0
0.0
0.0
0.0
0.0
0.0
0.0
0.0
0.0
0.0
0.0
0.0
0.0
0.0
0.0
0.0
0.0
0.0
0.0
0.0
0.0
0.0
0.0
0.0
0.0
0.0
0.0
0.0
0.0
0.0
0.0
0.0
0.0
0.0
0.0
0.0
0.0
0.0
0.0
0.0
0.0
0.0
0.0
0.0
0.0
0.0
0.0
0.0
0.0
0.0
0.0
0.0
0.0
0.0
0.0
0.0
0.0
0.0
0.0
0.0
0.0
0.0
0.0
0.0
0.0
0.0
0.0
0.0
0.0
0.0
0.0
0.0
0.0
0.0
0.0
0.0
0.0
0.0
0.0
0.0
0.0
0.0
0.0
0.0
0.0
0.0
0.0
0.0
0.0
0.0
0.0
0.0
0.0
0.0
0.0
0.0
0.0
0.0
0.0
0.0
0.0
0.0
0.0
0.0
0.0
0.0069030376126175685
0.5420467321170732
0.4142458065192978
0.4230515371176737
0.8021928729281963
0.8201841011105337
0.8894716017087196
0.4426378759866174
0.18721331074842085
0.7332428797706128
0.8288952772000483
0.9492026737795731
0.9345407611673937
0.8645839074024113
0.9981029173187584
0.999826966443176
0.9996543987387011
0.9557536513291696
0.43804696976323343
0.9416286580981124
0.9558518005279699
0.9836748800673168
0.9813527794183872
0.9588708404666456
0.9999607024839763
0.9999994106191968
0.9999992811577657
0.9974268787555409
0.5275987409357741
0.9799168143573994
0.9819543752789485
0.989758335206931
0.9881248793174569
0.9761960711894015
0.9999925195005194
0.999999961398293
0.9999999313305632
0.9993524561484115
0.6112637422506786
0.9942133112933793
0.9951344645961149
0.9974127222611755
0.9945560156437953
0.9879424401781092
0.9999980647269411
0.9999999966123051
0.9999999966235654
0.9998473883034702
0.6694523083462639
0.9967641279067043
0.9972132311778004
0.9986072616984768
0.996897981016678
0.9929234612058253
0.9999991465551336
0.9999999986695645
0.9999999990380323
0.9999405071402973
0.7446577213240568
0.9980545044092275
0.9985033262298704
0.9992507097203872
0.9981198507266001
0.995472442915997
0.9999996814596328
0.9999999996560397
0.9999999997534835
0.99997047641354
0.7547125986543944
0.999114166974472
0.9991061544499069
0.9995568245050684
0.9987396215983187
0.9965522822819992
0.9999998033723635
0.9999999998377771
0.9999999998995304
0.9999805574520664
0.822509145475854
0.9996934801797775
0.9997581962706408
0.9998552647176736
0.9992801334311014
0.997648679266026
0.9999999029176794
0.9999999999377438
0.9999999999714024
0.999988824844941
0.8840880159767237
0.9999351183690992
0.999962938183304
0.9999577899053672
0.9995377778033061
0.9982965264124765
0.9999999300351998
0.9999999999623704
0.9999999999780057
0.9999912297638115
0.7607458604517378
0.9995674836883216
0.996242686967284
0.8537207867086238
0.8315970219684397
0.7564064347621178
0.8838480427654103
0.9609817146178878
0.942951706620384
0.9746565524796063
0.45202583322151607
0.7964746983373336
0.746250130924485
0.4573139956042205
0.2918821268956493
0.34397396746834663
0.36710821585215914
0.4250491857633608
0.5452788788155669
0.603386301296559
0.23553918062408247
0.542979827161623
0.5352507461573006
0.3030936369508782
0.08393266635680385
0.09073286026429962
0.06437988107211001
0.111242126045059
0.19003850973943992
0.2257437979081245
0.1674174740781121
0.39556116889577936
0.4436535252441951
0.27934329228839705
0.037601813121278416
0.025067666166057375
0.0
0.0
0.09284082776007217
0.08949927816492374
0.10566221406619992
0.23717478706654735
0.2902411666294753
0.13728157478752087
0.0
0.0
0.0
0.0
0.0
0.0
0.05901978654091389
0.17727809753642743
0.2452550299381213
0.08666107950465118
0.0
0.0
0.0
0.0
0.0
0.0
0.010774753167123396
0.16425507428764696
0.24350174706846617
0.07908579738835674
0.0
0.0
0.0
0.0
0.0
0.0
0.0
0.07500617571486334
0.18186147459768956
0.01088844861913074
0.0
0.0
0.0
0.0
0.0
0.0
0.0
0.0
0.04300039392406296
0.0
0.0
0.0
0.0
0.0
0.0
0.0
0.0
0.0
0.0
0.0
0.0
0.0
0.0
0.0
0.0
0.0
0.0
0.0
0.0
0.0
0.0
0.0
0.0
0.0
0.0
0.0
0.0
0.0
0.0
0.0
0.0
0.0
0.0
0.0
0.0
0.0
0.0
0.0
0.0
0.0
0.0
0.0
0.0
0.0
0.0
0.0
0.0
0.0
0.0
0.0
0.0
0.0
0.0
0.0
0.0
0.0
0.0
0.0
0.0
0.0
0.0
0.0
0.0
0.0
0.0
0.0
0.0
0.0
0.0
0.0
0.0
0.0
0.0
0.0
0.0
0.0
0.0
0.0
0.0
0.0
0.0
0.0
0.0
0.0
0.0
0.0
0.0
0.0
0.0
0.0
0.0
0.0
0.0
0.0
0.0
0.0
0.0
0.0
0.0
0.0
0.0
0.0
0.0
0.0
0.0
0.0
0.0
0.0
0.0
0.0
0.0
0.0
0.0
0.0
0.0
0.0
0.0
0.0
0.0
0.0
0.0
0.0
0.0
0.0
0.0
0.0
0.0
0.0
0.0
0.0
0.0
0.0
0.0
0.0
0.0
0.0
0.0
0.0
0.0
0.0
0.0
0.0
0.0
0.0
0.0
0.0
0.0
0.0
0.0
0.0
0.0
0.0
0.0
0.0
0.0
0.0
0.0
0.0
0.0
0.0
0.0
0.0
0.0
0.0
0.0
0.0
0.0
0.0
0.0
0.0
0.0
0.0
0.0
0.0
0.0
0.0
0.0
0.0
0.0
0.0
0.0
0.0
0.0
0.0
0.0
0.0
0.0
0.0
0.0
0.0
0.0
0.0
0.0
0.0
0.0
0.0
0.0
0.0
0.0
0.0
0.0
0.0
0.0
0.0
0.0
0.0
0.0
0.0
0.0
0.0
0.0
0.0
0.0
0.0
0.0
0.0
0.0
0.0
0.0
0.0
0.0
0.0
0.0
0.0
0.0
0.0
0.0
0.0
0.0
0.0
0.0
0.0
0.0
0.0
0.0
0.0
0.0
0.0
0.0
0.0
0.0
0.0
0.0
0.0
0.0
0.0
0.0
0.0
0.0
0.0
0.0
0.0
0.0
0.0
0.0
0.0
0.0
0.0
0.0
0.0
0.0
0.0
0.0
0.0
0.03813491606989672
0.07483980208890371
0.002440817665775419
0.0
0.0
0.0
0.0
0.0
0.0
0.0
0.09445279025116649
0.1508533892097833
0.16928749595997647
0.0
0.0
0.0
0.0
0.06230814915066984
0.059820713188658
0.025236639787746817
0.17942905684047095
0.2292538566311257
0.3100090689585774
0.08662755491581675
0.07972119273650036
0.1304212506093727
0.08015156841386438
0.16074619217183517
0.14178961145154378
0.08950778924045111
0.28758943946927884
0.3120628748811054
0.35681806032942287
0.1252709360295906
0.04720394208481349
0.14939097907083254
0.1049756885828883
0.2579098722602394
0.16779777003910268
0.02449177859163332
0.23309196317201247
0.2059576878280198
0.47958007265053393
0.2220516064583501
0.10661264355606748
0.24866176295328776
0.2035414686996888
0.4057521131846344
0.2837759745350614
0.09794748592167725
0.34988595091433894
0.30376391568857447
0.463770579130289
0.20758913597936743
0.09051690271053581
0.2399647777468852
0.18188197547459983
0.37670436839996874
0.2681641033313251
0.08264385293813592
0.3358352766608923
0.28289965187050947
0.49494801494920815
0.24884870363884087
0.12081687933519945
0.27996682236187087
0.2209694283740311
0.427115226909369
0.3057299236854736
0.10272642820201194
0.359544954910036
0.3057843145650529
0.5200148096186236
0.2443119738199484
0.10176244078941898
0.2780893841308685
0.22056416466114687
0.4400941785115087
0.2967196725994944
0.09614276928906096
0.3510774612598877
0.2982351143135823
0.49356452630235215
0.2226112120988436
0.0819173331099806
0.2671117168933268
0.2153358284947512
0.4288038003461399
0.2865556754404386
0.0871229010705027
0.3380071513285252
0.28335400679749456
0.34128608741671784
0.1346189490148313
0.04736834815220459
0.2187336554615709
0.1510940332854187
0.3194254860682676
0.19772737576589505
0.02632051979743077
0.2205475329794592
0.13850429573081868
0.25091687780728006
0.08644860298980883
0.001010593814668059
0.16549206934015503
0.10120789731751112
0.253973057015226
0.15204770947877533
0.0009162572595801111
0.1689923369984978
0.07256119714824061
0.0852517601186966
0.0
0.0
0.07515213400716014
0.03164413548803302
0.14912760678680567
0.066934736788689
0.0
0.09603087300528433
0.007124277922094136
0.0
0.0
0.0
0.0
0.0
0.08955277250828518
0.005747736228135847
0.0
0.0
0.0
0.0
0.0
0.0
0.0
0.0
0.0
0.0
0.0
0.0
0.0
0.0
0.0
0.0
0.0
0.0
0.0
0.0
0.0
0.0
0.0
0.0
0.0
0.0
0.0
0.0
0.0
0.0
0.0
0.0
0.0
0.0
0.0
0.0
0.0
0.0
0.0
0.0
0.0
0.0
0.0
0.0
0.0
0.0
0.0
0.0
0.0
0.0
0.0
0.0
0.0
0.0
0.0
0.0
0.0
0.0
0.0
0.0
0.0
0.0
0.0
0.0
0.0
0.0
0.0
0.0
0.0
0.0
0.0
0.0
0.0
0.0
0.0
0.0
0.0
0.0
0.0
0.0
0.0
0.0
0.0
0.0
0.0
0.0
0.0
0.0
0.0
0.0
0.0
0.0
0.0
0.0
0.0
0.0
0.0
0.0
0.0
0.0
0.0
0.0
0.0
0.0
0.0
0.0
0.0
0.0
0.0
0.0
0.0
0.0
0.0
0.0
0.0
0.0
0.0
0.0
0.0
0.0
0.0
0.0
0.0
0.0
0.0
0.0
0.0
0.0
0.0
0.0
0.0
0.0
0.0
0.0
0.0
0.0
0.0
0.0
0.0
0.0
0.0
0.0
0.0
0.0
0.0
0.0
0.0
0.0
0.0
0.0
0.0
0.0
0.0
0.0
0.0
0.0
0.0
0.0
0.0
0.0
0.0
0.0
0.0
0.0
0.0
0.0
0.0
0.0
0.0
0.0
0.0
0.0
0.0
0.0
0.0
0.0
0.0
0.0
0.0
0.0
0.0
0.0
0.0
0.0
0.0
0.0
0.0
0.0
0.0
0.0
0.0
0.0
0.0
0.0
0.0
0.0
0.0
0.0
0.0
0.0
0.0
0.0
0.0
0.0
0.0
0.0
0.0
0.0
0.0
0.0
0.0
0.0
0.0
0.0
0.0
0.0
0.0
0.0
0.0
0.0
0.0
0.0
0.0
0.0
0.0
0.0
0.0
0.0
0.0
0.0
0.0
0.0
0.0
0.0
0.0
0.0
0.0
0.0
0.0
0.0
0.0
0.0
0.0
0.0
0.0
0.0
0.0
0.0
0.0
0.0
0.0
0.0
0.0
0.0
0.0
0.0
0.0
0.0
0.0
0.0
0.0
0.0
0.0
0.0
0.0
0.0
0.0
0.0
0.0
0.0
0.0
0.0
0.0
0.0
0.0
0.0
0.0
0.0
0.0
0.0
0.0
0.0
0.0
0.0
0.0
0.0
0.0
0.0
0.0
0.0
0.0
0.0
0.0
0.0
0.0
0.0
0.0
0.0
0.0
0.0
0.0
0.0
0.0
0.0
0.0
0.0
0.0
0.0
0.0
0.0
0.0
0.0
0.0
0.0
0.0
0.0
0.0
0.0
0.0
0.0
0.0
0.0
0.0
0.0
0.0
0.0
0.0
0.0
0.0
0.0
0.0
0.0
0.0
0.0
0.0
0.0
0.0
0.0
0.0
0.0
0.0
0.0
0.0
0.0
0.0
0.0
0.0
0.0
0.0
0.0
0.0
0.0
0.0
0.0
0.0
0.0
0.0
0.0
0.0
0.0
0.0
0.0
0.0
0.0
0.0
0.0
0.0
0.0
0.0
0.0
0.0
0.0
0.0
0.0
0.0
0.0
0.0
0.0
0.0
0.0
0.0
0.0
0.0
0.0
0.0
0.0
0.0
0.0
0.0
0.0
0.0
0.0
0.0
0.0
0.0
0.0
0.0
0.0
0.0
0.0
0.0
0.0
0.0
0.0
0.0
0.0
0.0
0.0
0.0
0.0
0.0
0.0
0.0
0.0
0.0
0.0
0.0
0.0
0.0
0.0
0.0
0.0
0.0
0.0
0.0
0.0
0.0
0.0
0.0
0.0
0.0
0.0
0.0
0.0
0.0
0.0
0.0
0.0
0.0
0.0
0.0
0.0
0.0
0.0
0.0
0.0
0.0
0.0
0.0
0.0
0.0
0.0
0.0
0.0
0.0
0.0
0.0
0.0
0.0
0.0
0.0
0.0
0.0
0.0
0.0
0.0
0.0
0.0
0.0
0.0
0.0
0.0
0.0
0.0
0.0
0.0
0.0
0.0
0.0
0.0
0.0
0.0
0.0
0.0
0.0
0.0
0.0
0.0
0.0
0.0
0.0
0.0
0.0
0.0
0.0
0.0
0.0
0.0
0.0
0.0
0.0
0.0
0.0
0.0
0.0
0.0
0.0
0.0
0.0
0.0
0.0
0.0
0.0
0.0
0.0
0.0
0.0
0.0
0.0
0.0
0.0
0.0
0.0
0.0
0.0
0.0
0.0
0.0
0.0
0.0
0.0
0.0
0.0
0.0
0.0
0.0
0.0
0.0
0.0
0.0
0.0
0.0
0.0
0.0
0.0
0.0
0.0
0.0
0.0
0.0
0.0
0.0
0.0
0.0
0.0
0.0
0.0
0.0
0.0
0.0
0.0
0.0
0.0
0.0
0.0
0.0
0.0
0.0
0.0
0.0
0.0
0.0
0.0
0.0
0.0
0.0
0.0
0.0
0.0
0.0
0.0
0.0
0.0
0.0
0.0
0.0
0.0
0.0
0.0
0.0
0.0
0.0
0.0
0.0
0.0
0.0
0.0
0.0
0.0
0.0
0.0
0.0
0.0
0.0
0.0
0.0
0.0
0.0
0.0
0.0
0.0
0.0
0.0
0.0
0.0
0.0
0.0
0.0
0.0
0.0
0.0
0.0
0.0
0.0
0.0
0.0
0.0
0.0
0.0
0.0
0.0
0.0
0.0
0.0
0.0
0.0
0.0
0.0
0.0
0.0
0.0
0.0
0.0
0.0
0.0
0.0
0.0
0.0
0.0
0.0
0.0
0.0
0.0
0.0
0.0
0.0
0.0
0.0
0.0
0.0
0.0
0.0
0.0
0.0
0.0
0.0
0.0
0.0
0.0
0.0
0.0
0.0
0.0
0.0
0.0
0.0
0.0
0.0
0.0
0.0
0.0
0.0
0.0
0.0
0.0
0.0
0.0
0.0
0.0
0.0
0.0
0.0
0.0
0.0
0.0
0.0
0.0
0.0
0.0
0.0
0.0
0.0
0.0
0.0
0.0
0.0
0.0
0.0
0.0
0.0
0.0
0.0
0.0
0.0
0.0
0.0
0.0
0.0
0.0
0.0
0.0
0.0
0.0
0.0
0.0
0.0
0.0
0.0
0.0
0.0
0.0
0.0
0.0
0.0
0.0
0.0
0.0
0.0
0.0
0.0
0.0
0.0
0.0
0.0
0.0
0.0
0.0
0.0
0.0
0.0
0.0
0.0
0.0
0.0
0.0
0.0
0.0
0.0
0.0
0.0
0.0
0.0
0.0
0.0
0.0
0.0
0.0
0.0
0.0
0.0
0.0
0.0
0.0
0.0
0.0
0.0
0.0
0.0
0.0
0.0
0.0
0.0
0.0
0.0
0.0
0.0
0.0
0.0
0.0
0.0
0.0
0.0
0.0
0.0
0.0
0.0
0.0
0.0
0.0
0.0
0.0
0.0
0.0
0.0
0.0
0.0
0.0
0.0
0.0
0.0
0.0
0.0
0.0
0.0
0.0
0.0
0.0
0.0
0.0
0.0
0.0
0.0
0.0
0.0
0.0
0.0
0.0
0.0
0.0
0.0
0.0
0.0
0.0
0.0
0.0
0.0
0.0
0.0
0.0
0.0
0.0
0.0
0.0
0.0
0.0
0.0
0.0
0.0
0.0
0.0
0.0
0.0
0.0
0.0
0.0
0.0
0.0
0.0
0.0
0.0
0.0
0.0
0.0
0.0
0.0
0.0
0.0
0.0
0.0
0.0
0.0
0.0
0.0
0.0
0.0
0.0
0.0
0.0
0.0
0.0
0.0
0.0
0.0
0.0
0.0
0.0
0.0
0.0
0.0
0.0
0.0
0.0
0.0
0.0
0.0
0.0
0.0
0.0
0.0
0.0
0.0
0.0
0.0
0.0
0.0
0.0
0.0
0.0
0.0
0.0
0.0
0.0
0.0
0.0
0.0
0.0
0.0
0.0
0.0
0.0
0.0
0.0
0.0
0.0
0.0
0.0
0.0
0.0
0.0
0.0
0.0
0.0
0.0
0.0
0.0
0.0
0.0
0.0
0.0
0.0
0.0
0.0
0.0
0.0
0.0
0.0
0.0
0.0
0.0
0.0
0.0
0.0
0.0
0.0
0.0
0.0
0.0
0.0
0.0
0.0
0.0
0.0
0.0
0.04998521479586437
0.0
0.0
0.0
0.0
0.0
0.0
0.0
0.0
0.0
0.1888700402838632
0.08681148120484494
0.07734911979333414
0.0
0.0
0.0
0.0
0.014689333383473002
0.0
0.0471638639036388
0.279234158606962
0.1627221970266135
0.171597508156045
0.025701134080387652
0.024766826622724003
0.019275935202419103
0.013262011893822812
0.08347209425140811
0.03357417177170918
0.11599594428290372
0.38514118365710015
0.2560202412437469
0.30482393089990206
0.13823163232511715
0.11657738349321888
0.08508242548200352
0.0821313535253214
0.1592139124036105
0.10301422209184952
0.19050783712794628
0.7458179726249301
0.5927529460122489
0.5338985648034928
0.37742071434811614
0.3516797448248674
0.36039432713634606
0.39485932728426687
0.4743966940321849
0.4052268408527176
0.5453988153790577
0.7557853385658113
0.5942633353426755
0.5442252719603233
0.4064808727173609
0.36528207181851274
0.3635363728270272
0.3865892078774213
0.4448372592040084
0.4253247902476702
0.5522384143108562
0.8383376303577704
0.7519998715400799
0.722819116325027
0.5918987902159664
0.48066732656199984
0.5190849996486895
0.5457188864845888
0.5335514761507841
0.5800291362602177
0.6667492375075752
0.7468779623750639
0.6388370914707304
0.6446305842189862
0.5072304545836921
0.42345725867464373
0.4300781050875284
0.4513976956387543
0.4010811951610884
0.48160862445466174
0.5702692247990073
0.7509000444852195
0.5880253951248942
0.6535651964258503
0.5298136136518172
0.4525553397081768
0.4333640276097871
0.4293730089545588
0.3882306427359309
0.45642097423770367
0.5420637330824005
0.705531755303501
0.5400318333031776
0.6415172522886834
0.49500657625783834
0.36601591799333766
0.32678508342918366
0.3763148968646152
0.3409676846047135
0.3852588278961306
0.45508247482694286
0.7203311140762133
0.6316169085387628
0.7424336170111584
0.6415193093677324
0.4963431565879292
0.4417790221181357
0.47394786648786624
0.4642594915627385
0.49654632716786634
0.4993894742616082
0.49115976960433616
0.40391211082142464
0.5020916227588089
0.49290580292672015
0.35724191026593355
0.315447251167394
0.3509060026588955
0.29540379221143853
0.3950943275414176
0.3534800817660799
0.5119652513727285
0.420379204124922
0.5890287288799637
0.6262227406312519
0.5492354907960603
0.489213369931196
0.49323910489799183
0.36500710122233193
0.48970999172731633
0.42179650491369713
0.5771048815293139
0.4563528248539443
0.6082334675023311
0.6879914773282826
0.6026334274151263
0.5423422819541917
0.46975028102484245
0.39116142990891434
0.47339798873658895
0.45893093871594
0.6688137264574152
0.5759160528149839
0.7040704597781806
0.8029124858830542
0.7299647244877214
0.6420129313817161
0.5568848650695172
0.5467110297604038
0.5598937713565083
0.5600300141860649
0.8175249327548088
0.7818374252676052
0.871285023128517
0.9124643511641978
0.9086539393032332
0.867896720401708
0.7570177294510002
0.7809772141703819
0.7416016158884454
0.790309106364797
0.8454942240067546
0.8399356781667718
0.8923275880382279
0.9502448750891888
0.9443688524158632
0.9327558963904432
0.8164636810868424
0.8126417687605754
0.6788937489704336
0.7758778026377693
0.9148301143023935
0.8593494587523922
0.9266697175137022
0.9637962696174197
0.955500947272204
0.941998092714169
0.8840829515973273
0.8689882288563591
0.6855352738831149
0.8166081285404057
0.9824067235512441
0.9826574416390352
0.9856321344739074
0.9941681569596179
0.9960344929419587
0.993761878906811
0.9830718481526499
0.9877384346948002
0.9368297498198233
0.9630037362875226
0.9984362999394096
0.9954255303121892
0.9969542438026816
0.999301291334868
0.999505207126466
0.9991102960217715
0.998206399640066
0.9987167197756842
0.9838951593753441
0.9952780271158984
0.9937687727281111
0.9864701812860464
0.9759631269150968
0.9911596486681729
0.9960772953218648
0.9918257571178787
0.984456820788227
0.9892081498396224
0.9265621237587282
0.9878779173309168
0.9961299527204744
0.9958726802137341
0.9897996310536121
0.9961556073935864
0.9983424652067906
0.9954155632811165
0.993795664280894
0.9937605069987993
0.9526628138352295
0.9903449021579888
0.9980062549671452
0.9989546478004547
0.9928369325936995
0.9990626408184674
0.9990634349876346
0.9977379159754035
0.9972734804298595
0.9971097486697648
0.9520649692401874
0.9936707010435248
0.996666045617143
0.9985468891212324
0.9907670975410608
0.9984502464325729
0.9991136334905664
0.9985422663050602
0.9947785628207113
0.9953270760275128
0.9528289904644256
0.9886729459465107
0.9998093182701392
0.9998595465197022
0.9991195773917712
0.9999829703151054
0.9999849553709124
0.9999357242992452
0.9997461034838294
0.999387692882498
0.9931149492004048
0.9979509031004364
0.9998870963791064
0.9999402672396347
0.999766272277553
0.9999979781271939
0.9999999549426554
0.9999903740484781
0.9999927895364685
0.999852476436769
0.9980550118561488
0.9996503257273097
0.9999563908425072
0.9999974695460953
0.999987542842907
0.9999998175058015
0.9999999995996035
0.9999967120266595
0.9999998257895271
0.9999949155118569
0.9998716528417274
0.9999859246945064
0.9999242953667153
0.9999991992261273
0.9999944239870124
0.9999999962632689
0.999999999869565
0.9999979600087341
0.9999998401334909
0.9999938415735562
0.9999295179239721
0.9999880916554531
0.999843447515808
0.9998113299019123
0.9999157620428867
0.9999998907667149
0.9999999461247162
0.999961920886502
0.9999873675993064
0.9991991480951015
0.99838238723391
0.9997624093054477
0.9996643521787191
0.9999189434927476
0.999989644627636
0.9999999560610664
0.9999999291806181
0.99987752981616
0.9999279021823245
0.9981108390567066
0.9928029791077818
0.9985800088950672
0.9999813074618628
0.999954042804552
0.9999992234690028
0.9999999906197038
0.9999999880544985
0.9999321621463315
0.9999691518499606
0.9990034488498485
0.9951555515070729
0.9988061024352151
0.9999999930203743
0.9999967567075347
0.9999999982404141
0.9999999999997181
0.9999999999300637
0.9999984374360951
0.9999941178688616
0.9999284133373968
0.9976278820720914
0.999987360315988
1.0
0.9999999999996975
1.0
1.0
1.0
0.9999999999999997
0.9999999999996787
0.9999999999992035
0.9999999986633923
0.9999999999999507
1.0
0.9999999999999747
1.0
1.0
1.0
0.9999999999999964
0.9999999999999896
0.9999999999998922
0.999999999509063
0.9999999999999887
1.0
0.9999999999997508
0.9999999999999997
0.9999999999999967
0.9999999999999936
0.9999999999721294
0.9999999994272601
0.9999999999869118
0.9999999445880657
0.9999999999997896
1.0
0.9999999999999885
0.9999999999999987
0.999999999999996
0.9999999999988323
0.9999999999730078
0.9999999991382321
0.9999999999999507
0.9999999981195774
0.9999999999992369
1.0
0.999999999970721
0.9999999999984368
0.999999999993983
0.9999999996970894
0.9999999999369523
0.9999999735785892
0.9999999999918388
0.9999999969113748
0.9999999999865063
1.0
0.999999999904131
0.9999999999866032
0.9999999996703038
0.9999999999097465
0.9999999999468032
0.9999999481024758
0.9999999999953987
0.9999999980960995
0.999999999969869
1.0
0.999999999879992
0.9999999999286566
0.9999999985404142
0.9999999989909104
0.9999999956157216
0.9999997533235632
0.9999999999778093
0.9999999641794208
0.9999999998981512
0.9999999999977727
0.9999999728210647
0.999999552691846
0.999999671582222
0.9999999788110657
0.9999999821792277
0.9999969015188318
0.9999999994969768
0.9999998765593135
0.9999999990701289
0.999999999571052
0.9999999508892377
0.999998715312279
0.9999997138951965
0.9999999405059389
0.9999999481355235
0.9999949060802867
0.9999999993212184
0.9999999214950028
0.9999999996383384
0.9999808793142264
0.999989997945408
0.9998504988186273
0.9997488623860488
0.9999984784990835
0.9999924929560611
0.9999615928259232
0.9999998545013059
0.9999997571042744
0.9999923319027528
0.9254007968172838
0.8893216623679024
0.9223791186235604
0.8080677463292656
0.9520094346508785
0.7782252284621021
0.8236244547363876
0.863910120380723
0.8619007393042921
0.8380508151880406
0.8915705764799096
0.8853883312881922
0.9155960993906263
0.8265625270763132
0.9562472868470929
0.8029629077342174
0.8150820257371155
0.8528273138986577
0.8940168523424603
0.844963830919586
0.7802581175924717
0.7818077934738716
0.8738637292106165
0.7972640629342438
0.9390686270757053
0.7663211771335765
0.7994773643602779
0.8249463115730531
0.8909840944709712
0.8098010772078951
0.5892563435272353
0.588121514937529
0.7470282813760174
0.6833014697940824
0.7910734388416455
0.6260175563898072
0.5515324726157249
0.575150254276475
0.7485446141671607
0.6272776084736511
0.4553038655137676
0.4152089765617726
0.6200356681392846
0.597643975578058
0.6932702144777756
0.4637189087873983
0.3870912909058686
0.46129124539031846
0.6361753710485207
0.4624878123821301
0.5003501633226133
0.4304416844067446
0.6332917668261652
0.639168287577138
0.6724089686144068
0.48319247386044206
0.4030929095050297
0.48750184277407166
0.6614026027123501
0.499744079536832
0.49883548888666207
0.4477203735892492
0.641722566935231
0.6455156458976982
0.6797777053097274
0.4654999261217607
0.4091265536861207
0.4974611596818266
0.6523313844673866
0.4784193589208922
0.48637163082918966
0.4612021981607933
0.6260873210412594
0.6153978453411206
0.6609061476573858
0.46652199412349127
0.40242630428154735
0.4820030127606583
0.6798207787225251
0.4597830139134959
0.4241493593668373
0.3794311809345104
0.5842822021655282
0.5731442395524574
0.6312908897206403
0.45896895774588486
0.3986408668384844
0.4424495200396135
0.6625073456690412
0.3863235868399532
0.3498951996137807
0.35140920321474733
0.5252868331500041
0.5152199993990814
0.5728072898742403
0.4042722474022327
0.3425636615673656
0.40184852920368824
0.6209545698567516
0.32880930687128773
0.327471097326663
0.2994828305225704
0.49473244213372414
0.5168567677209485
0.4960330409664765
0.37233857517952534
0.3025945534719228
0.3803192976376824
0.5558537199979134
0.3037584081623482
0.2880784357482388
0.23590058532596703
0.45799772769586894
0.4571775242918463
0.3745663463706743
0.25996854354209886
0.2509420524768057
0.36049620229103807
0.4221172456472564
0.2544547506086461
0.20137414367258555
0.17972246005175763
0.29466764033347004
0.3482060657219993
0.2275056304864198
0.16375257303569035
0.13661427369927767
0.26539802816486413
0.30953519221454906
0.15570240701346105
0.19112110340314856
0.16909895024988564
0.22015706862936457
0.28890421992622495
0.17529233237569297
0.15216580723216477
0.17033571908824996
0.2851911497757376
0.3176863093685828
0.14676266673115457
0.1850592646945333
0.1817233032000498
0.1872090177203272
0.26066008842592825
0.10508374511210782
0.116330028852214
0.16648311377816083
0.2151495163712256
0.23308483063234095
0.10638260017526202
0.12600617564355188
0.14480152647497724
0.15410010466972368
0.1757839732294586
0.029455868394230977
0.06745942579763131
0.12926885877947025
0.1535349482933447
0.17604979255510256
0.059605618794304704
0.06836183931674822
0.07785562216304796
0.1216716560640706
0.15435774974189465
0.0
0.041357885183753273
0.0696060068531954
0.098101673229681
0.15295051756150568
0.016666716452046426
0.0393291594469265
0.04297199325310397
0.11335183000922489
0.13677161512713965
0.0
0.027697952352553457
0.06204645398391828
0.0710383888536964
0.12601321545164043
0.0020072689548592537
0.031106710822085715
0.029373895918225368
0.08114024685681452
0.1102267958134926
0.0
0.008149895593681289
0.048059742692425855
0.05864327036040762
0.09714675223140823
0.0
0.09943936694162848
0.08271517326653764
0.10342264271655444
0.10440017255108124
0.0
0.056166245901199785
0.09583888231892125
0.1104350435404844
0.15158898094727769
0.034296135314054954
0.07834146729273582
0.04062397766764059
0.06853888404809427
0.06222893941232721
0.0
0.015235271336908829
0.04493159468671215
0.07381326512828335
0.110305599139343
0.0038491499177275568
0.047306320684344705
0.0
0.034700901310064085
0.041573437004921
0.0
0.0
0.01010739872654054
0.04871548643532897
0.09417483393989577
0.0
0.07146242180360207
0.0
0.02990552731108098
0.01079976469230226
0.0
0.0
0.008237685342385226
0.03725610018969228
0.08329726979466957
0.0
0.03718706486157564
0.0
0.0
0.0
0.0
0.0
0.0
0.0
0.048831304260902986
0.0
0.0
0.0
0.0
0.0
0.0
0.0
0.0
0.0
0.0
0.0
0.0008307558715258123
0.0
0.0
0.0
0.0
0.0
0.0
0.0
0.0
0.0
0.0
0.0
0.0
0.0
0.0
0.0
0.0
0.0
0.0
0.0
0.06265042622130701
0.0
0.0
0.0
0.0
0.0
0.0
0.0
0.045887611772259966
0.0
0.08855745068671382
0.0
0.02617026209663764
0.0
0.0
0.0
0.024396506001812087
0.024667256207749007
0.09208955382367134
0.019426551708450868
0.03389163313366739
0.0
0.0
0.0
0.0
0.0
0.0
0.010986431496396552
0.07072332109982005
0.015929288028998623
0.049452075439573966
0.0
0.0
0.0
0.0
0.0
0.002340207445157727
0.02072785434276958
0.06449472095309272
0.016916750566799754
0.06390749166397225
0.0
0.0013407904817532843
0.0
0.0
0.0
0.03277651320186881
0.0421544388992936
0.07176249745652252
0.0488307730783023
0.03298968785514722
0.0029245055185225244
0.0
0.0
0.0
0.0
0.02598108419240508
0.04452455119991738
0.0986273585049401
0.08759220118438382
0.028477767022942576
0.014641975570737875
0.03346458060550961
0.0
0.0
0.0
0.0350998718854042
0.04570705369023576
0.0879209754799839
0.08999664110168315
0.02410405030098661
0.0
0.019941250078663875
0.0
0.0
0.0
0.014288815837390167
0.03983946579491249
0.10120935727683332
0.07844318684133611
0.014980664988450852
0.008672423332840684
0.047917621413093296
0.0
0.0
0.0
0.06144009553821206
0.0678399213209886
0.10294670323347788
0.0720583127178379
0.031206636917069264
0.03583172239141941
0.06984316544119129
0.0
0.0
0.0
0.06959892474261742
0.06603138077758475
0.09893114801599488
0.07522696317904354
0.0
0.0
0.0
0.0
0.0
0.0
0.0
0.0
0.0
0.0
0.0
0.0
0.0
0.0
0.0
0.0
0.0
0.0
0.0
0.0
0.0
0.0
0.0
0.0
0.0
0.0
0.0
0.0
0.0
0.0
0.0
0.0
0.0
0.0
0.0
0.0
0.0
0.0
0.0
0.0
0.0
0.0
0.0
0.0
0.0
0.0
0.0
0.0
0.0
0.0
0.0
0.0
0.0
0.0
0.0
0.0
0.0
0.0
0.0
0.0
0.0
0.0
0.0
0.0
0.0
0.0
0.0
0.0
0.0
0.0
0.0
0.0
0.0
0.0
0.0
0.0
0.0
0.0
0.0
0.0
0.0
0.0
0.0
0.0
0.0
0.0
0.0
0.0
0.0
0.0
0.0
0.0
0.0
0.0
0.0
0.0
0.0
0.0
0.0
0.0
0.0
0.0
0.0
0.0
0.0
0.0
0.0
0.0
0.0
0.0
0.0
0.0
0.0
0.0
0.0
0.0
0.0
0.0
0.0
0.0
0.0
0.0
0.0
0.0
0.0
0.0
0.0
0.0
0.0
0.0
0.0
0.0
0.0
0.0
0.0
0.0
0.0
0.0
0.0
0.0
0.0
0.0
0.0
0.0
0.0
0.0
0.0
0.0
0.0
0.0
0.0
0.0
0.0
0.0
0.0
0.0
0.0
0.0
0.0
0.0
0.0
0.0
0.0
0.0
0.0
0.0
0.0
0.0
0.0
0.0
0.0
0.0
0.0
0.0
0.0
0.0
0.0
0.0
0.0
0.0
0.0
0.0
0.0
0.0
0.0
0.0
0.0
0.0
0.0
0.0
0.0
0.0
0.0
0.0
0.0
0.0
0.0
0.0
0.0
0.0
0.0
0.0
0.0
0.0
0.0
0.0
0.0
0.0
0.0
0.0
0.0
0.0
0.0
0.0
0.0
0.0
0.0
0.0
0.0
0.0
0.0
0.0
0.0
0.0
0.0
0.0
0.0
0.0
0.0
0.0
0.0
0.0
0.0
0.0
0.0
0.0
0.0
0.0
0.0
0.0
0.0
0.0
0.0
0.0
0.0
0.0
0.0
0.0
0.0
0.0
0.0
0.0
0.0
0.0
0.0
0.0
0.0
0.0
0.0
0.0
0.0
0.0
0.0
0.0
0.0
0.0
0.0
0.0
0.0
0.0
0.0
0.0
0.0
0.0
0.0
0.0
0.0
0.0
0.0
0.0
0.0
0.0
0.0
0.0
0.0
0.0
0.0
0.0
0.0
0.0
0.0
0.0
0.0
0.0
0.0
0.0
0.0
0.0
0.0
0.0
0.0
0.0
0.0
0.0
0.0
0.0
0.0
0.0
0.0
0.0
0.0
0.0
0.0
0.0
0.0
0.0
0.0
0.0
0.0
0.0
0.0
0.0
0.0
0.0
0.0
0.0
0.0
0.0
0.0
0.0
0.0
0.0
0.0
0.0
0.0
0.0
0.0
0.0
0.0
0.0
0.0
0.0
0.0
0.0
0.0
0.0
0.0
0.0
0.0
0.0
0.0
0.0
0.0
0.0
0.0
0.0
0.0
0.0
0.0
0.0
0.0
0.0
0.0
0.0
0.0
0.0
0.0
0.0
0.0
0.0
0.0
0.0
0.0
0.0
0.0
0.0
0.0
0.0
0.0
0.0
0.0
0.0
0.0
0.0
0.0
0.0
0.0
0.0
0.0
0.0
0.0
0.0
0.0
0.0
0.0
0.0
0.0
0.0
0.0
0.0
0.0
0.0
0.0
0.0
0.0
0.0
0.0
0.0
0.0
0.0
0.0
0.0
0.0
0.0
0.0
0.0
0.0
0.0
0.0
0.0
0.0
0.0
0.0
0.0
0.0
0.0
0.0
0.0
0.0
0.0
0.0
0.0
0.0
0.0
0.0
0.0
0.0
0.0
0.0
0.0
0.0
0.0
0.0
0.0
0.0
0.0
0.0
0.0
0.0
0.0
0.0
0.0
0.0
0.0
0.0
0.0
0.0
0.0
0.0
0.0
0.0
0.0
0.0
0.0
0.0
0.0
0.0
0.0
0.0
0.0
0.0
0.0
0.0
0.0
0.0
0.0
0.0
0.0
0.0
0.0
0.0
0.0
0.0
0.0
0.0
0.0
0.0
0.0
0.0
0.0
0.0
0.0
0.0
0.0
0.0
0.0
0.0
0.0
0.0
0.0
0.0
0.0
0.0
0.0
0.0
0.0
0.0
0.0
0.0
0.0
0.0
0.0
0.0
0.0
0.0
0.0
0.0
0.0
0.0
0.0
0.0
0.0
0.0
0.0
0.0
0.0
0.0
0.0
0.0
0.0
0.0
0.0
0.0
0.0
0.0
0.0
0.0
0.0
0.0
0.0
0.0
0.0
0.0
0.0
0.0
0.0
0.0
0.0
0.0
0.0
0.0
0.0
0.0
0.0
0.0
0.0
0.0
0.0
0.0
0.0
0.0
0.0
0.0
0.0
0.0
0.0
0.0
0.0
0.0
0.0
0.0
0.0
0.0
0.0
0.0
0.0
0.0
0.0
0.0
0.0
0.0
0.0
0.0
0.0
0.0
0.0
0.0
0.0
0.0
0.0
0.0
0.0
0.0
0.0
0.0
0.0
0.0
0.0
0.0
0.0
0.0
0.0
0.0
0.0
0.0
0.0
0.0
0.0
0.0
0.0
0.0
0.0
0.0
0.0
0.0
0.0
0.0
0.0
0.0
0.0
0.0
0.0
0.0
0.0
0.0
0.0
0.0
0.0
0.0
0.0
0.0
0.0
0.0
0.0
0.0
0.0
0.0
0.0
0.0
0.0
0.0
0.0
0.0
0.0
0.0
0.0
0.0
0.0
0.0
0.0
0.0
0.0
0.0
0.0
0.0
0.0
0.0
0.0
0.0
0.0
0.0
0.0
0.0
0.0
0.0
0.0
0.0
0.0
0.0
0.0
0.0
0.0
0.0
0.0
0.0
0.0
0.0
0.0
0.0
0.0
0.0
0.0
0.0
0.0
0.0
0.0
0.0
0.0
0.0
0.0
0.0
0.0
0.0
0.0
0.0
0.0
0.0
0.0
0.0
0.0
0.0
0.0
0.0
0.0
0.0
0.0
0.0
0.0
0.0
0.0
0.0
0.118724307199647
0.0
0.0
0.0
0.0
0.0
0.0
0.0
0.0
0.0
0.4898888271415345
0.24616858204303824
0.03343421579722694
0.0
0.05367671670539564
0.0
0.0
0.0
0.0
0.13317824395564215
0.6490007503182337
0.46806677771235616
0.26702273320357706
0.1878332321267497
0.31320447864796247
0.12124141912953988
0.0
0.0
0.06527321582310719
0.4452598846464612
0.8442395361230749
0.7752868151429294
0.5529981565960095
0.4904593400987916
0.578892797683266
0.4262343811590034
0.18915332397386184
0.19976467503922968
0.4219153259068166
0.6790222194469675
0.9962728451276112
0.9922504474986767
0.9920260880652813
0.9880542269701907
0.9996478148216384
0.9981811759167256
0.9162717310145703
0.8168475068261675
0.9136646259385148
0.9684895164546548
0.9999999874511217
0.9999999737912334
0.999999970683462
0.9999999947420742
0.9999999999999987
0.9999999999999997
0.9999996329847152
0.9985855195025386
0.9999113539773901
0.9923606624525841
0.9999999999636995
0.999999999908729
0.9999999999999416
0.9999999999999856
1.0
1.0
0.999999972559884
0.9998220866724911
0.9999925308010933
0.9999970865361852
1.0
1.0
1.0
1.0
1.0
1.0
0.9999999999806862
0.9999875384277352
0.9999999999063598
0.9999999778380579
1.0
1.0
1.0
1.0
1.0
1.0
1.0
0.9999999999519182
1.0
1.0
1.0
1.0
1.0
1.0
1.0
1.0
1.0
1.0
1.0
1.0
1.0
1.0
1.0
1.0
1.0
1.0
1.0
1.0
1.0
1.0
1.0
1.0
1.0
1.0
1.0
1.0
1.0
1.0
1.0
1.0
1.0
1.0
1.0
1.0
1.0
1.0
1.0
1.0
1.0
1.0
1.0
1.0
1.0
1.0
1.0
1.0
1.0
1.0
1.0
1.0
1.0
1.0
1.0
1.0
1.0
1.0
1.0
1.0
1.0
1.0
1.0
1.0
1.0
0.9999999999993838
0.9999999999993504
0.9999995171435283
0.9999999949267294
1.0
1.0
1.0
1.0
1.0
1.0
0.9999999999996138
0.9999999999997411
0.9999998615590173
0.9999999996298613
1.0
1.0
1.0
1.0
1.0
1.0
0.9999999999991532
0.9999999999999896
0.9999999650060256
0.9999999999725054
1.0
1.0
1.0
1.0
1.0
0.9999999989334984
0.999999281058844
0.9999997509339934
0.9999161207765882
0.9999999775384972
1.0
1.0
0.9999999999536965
0.9999999988828717
0.9999999998608861
0.9999577893153394
0.9999975016503193
0.999999161325738
0.9993091737569265
0.9999981605510176
0.9999999950923546
0.999999999987562
0.999999999998848
0.9999999989428056
0.9999999992210576
0.9999575830940278
0.9999919379719832
0.9999983185451711
0.9982848804503976
0.9999948719389018
0.9999929275232061
0.999999997575924
0.999893871805482
0.999915289740503
0.9986828886542318
0.9917482800575644
0.9978922375721953
0.9866576989560408
0.9848799958641955
0.9957495530466114
0.9993439455453512
0.9998105183825718
0.9983662839187395
0.9972538059360334
0.9957343036495939
0.9856631718349836
0.9902596323649184
0.9698416395790653
0.9518369715828193
0.982267489195141
0.9968024737990288
0.9982904694074248
0.9968226939632416
0.9969139587990413
0.989773887103022
0.979783061518932
0.9804721191050823
0.95868138017808
0.9395824741108384
0.9731092024335075
0.9819110195974723
0.9948459203860136
0.9927976444925593
0.9913636428412429
0.9859891985460804
0.9671608070044961
0.9799883459007088
0.9487172096041174
0.9324693312530001
0.9735601419189811
0.9731759505409906
0.9886993382496403
0.9870243145777241
0.9895999763156887
0.9809438528815663
0.9625161237986877
0.980492803939302
0.9326564798811661
0.9114163567933896
0.965599207103848
0.9266663383923837
0.9625633583973427
0.9614184703700543
0.9842815422581124
0.9600604189717872
0.9455322736288729
0.9833202435307064
0.9256467859955717
0.9158176231195276
0.9684803606586744
0.913503404879467
0.945250874452484
0.9357926757619672
0.9742196367136184
0.9068511606288889
0.8793842364416439
0.9402951108855878
0.8351360020684123
0.8556210800991688
0.9354478912602217
0.8394036919232648
0.8745886786791568
0.9421297094255059
0.9657001005952938
0.9036389651763042
0.887225399138299
0.9476612629179245
0.8751152049196733
0.9243787521163317
0.9541291100907207
0.9011108017484126
0.8994260076272164
0.855220320412519
0.9179598433637325
0.8552183087237383
0.8634969995224084
0.9401626790932495
0.8537486229104587
0.9239432377780861
0.9517857116412659
0.9004825966601968
0.8619080518015674
0.6402907240194875
0.8248984179377653
0.7143067985998043
0.7821881449970397
0.898595548246084
0.7962613602045743
0.8581814203762153
0.8335233726362477
0.8972542769934077
0.7856972494454916
0.7079076055506587
0.8824954774596816
0.7636631373889986
0.7954854739741475
0.9561315670064456
0.9275836810898164
0.9575645458960782
0.900992903938007
0.9307854237702589
0.8217645880666552
0.7332491123264405
0.876089077968981
0.7633903220085314
0.7782842027771039
0.9460965278896216
0.9464959139306216
0.9710709460321489
0.9712948542258129
0.9644649759917933
0.8302173066142116
0.722343949069003
0.8667513994278758
0.7489480559637014
0.765985200311006
0.935164909867401
0.9429379228386852
0.9710837860683984
0.9679067294473298
0.9641429083533608
0.8249966079933947
0.691133336598326
0.837813413263174
0.696313905234248
0.7275006452428003
0.9127322081086899
0.9365864686633216
0.9633630796218932
0.9563532742983613
0.9581288684002931
0.7980839003771724
0.6727289355989476
0.8218497773425775
0.6506259643835924
0.6971005206745268
0.9062798225682195
0.932068711773253
0.9562796897062451
0.9511897228237552
0.9491634970313002
0.771438366998312
0.6630251938257373
0.806890196472091
0.617263530113006
0.659238413457587
0.8514876877276638
0.9070164688876969
0.9288827201735864
0.9192126455075015
0.9128972905770125
0.7267988663058098
0.64423592093459
0.766787248755568
0.601656531621689
0.6048783850495675
0.8221714758669086
0.8829508966409388
0.9212703875856236
0.9102300095896892
0.9057034351493927
0.7348039391539655
0.5185801886503745
0.6844550288892417
0.5039378385923026
0.4888217200525988
0.7379138570605955
0.7997267702010052
0.8062441182185539
0.8275569847311571
0.7702232041651466
0.6057352053272448
0.5102331612631713
0.6827691790236067
0.5090616815855828
0.42346491024861455
0.6908323747796393
0.7630381869993944
0.7796142737125564
0.8396353653812768
0.7891352714802825
0.613441450450346
0.42511532136908886
0.6357796186161536
0.4455467529364496
0.35640568246590676
0.6006047785416258
0.6803191135770522
0.737153759522811
0.7897948633102283
0.7373129436395738
0.5823059579206156
0.15884216865812428
0.20287384649801896
0.17053275239856336
0.14400158088387405
0.18121789934664245
0.22347366709773583
0.29054736104133916
0.6014536947728054
0.523083578210285
0.3928035201120126
0.07325718615469022
0.10471658888534796
0.06227539401266835
0.0
0.0477729900035233
0.021515664988393746
0.008768498129636648
0.09878471585162217
0.1699305567355447
0.1559547183482962
0.012044131294442704
0.019837985439992267
0.00656640029081812
0.0
0.025892442865195764
0.0
0.0
0.03331306143659096
0.104382340639402
0.07335248304505637
0.015352420764647823
0.008398743093831484
0.008214398557976121
0.0
0.01244757197556412
0.0
0.0
0.006185217167123391
0.08652584136484374
0.07477687625961926
0.0
0.0
0.0
0.0
0.0
0.0
0.0
0.0
0.03888452212495763
0.024811148042892195
0.04430021267742645
0.08848244973352826
0.052186917957657286
0.0
0.07775803766702148
0.0
0.0
0.0
0.11286280231401837
0.05669887981265664
0.07189867280659934
0.10219068861499803
0.09313885797781196
0.04727126615272848
0.18151853587414443
0.0
0.008575381549610794
0.0
0.17194322347994828
0.0962159917025267
0.13114473885979394
0.13954908863685445
0.21401002295485985
0.13821709273768823
0.2895610897347069
0.030574936835121132
0.06450732330597386
0.051532566878031205
0.2320291377387791
0.1901132946352664
0.12239344309918442
0.13256051062729943
0.21630513667717807
0.13571423973004437
0.26191196238467596
0.0031338297261650494
0.05659958733959425
0.0
0.08094493211316078
0.0836913903024139
0.1586421384070671
0.20161018779990905
0.2912972428628544
0.22134022943590523
0.3509316035766571
0.10223564352150982
0.1852624660861321
0.07490369280171416
0.09345717427225096
0.1181810864524897
0.13005829801574953
0.21883931769780085
0.2909269947119195
0.2245127809717156
0.35045531646464
0.13592978523761487
0.22002770446822367
0.0867452643319846
0.1036633760774066
0.1317906204183914
0.2000663931199058
0.3684242894403005
0.5725176017194732
0.5409079855092428
0.6091079699291398
0.24673804325398352
0.3608788536089604
0.199090898928447
0.31219780052303403
0.3150882500211597
0.2129600698308576
0.3944635268912848
0.6147786091030609
0.5561244528820369
0.623000859773353
0.2571669985420349
0.37179790254350287
0.21157173368641247
0.3317128172589032
0.3410120190111803
0.20269698990415308
0.3784566707084008
0.6201070093177777
0.559044748255282
0.6171140793578666
0.25107644947267804
0.36665643925992586
0.20954284016361607
0.3233361605653604
0.33270584450378005
0.2026917918917925
0.3614488925137721
0.619313438470607
0.5635833433206128
0.6090645157130047
0.25352776800995147
0.36616615974906086
0.20398732230425695
0.31974259236760694
0.3274960280357946
0.11856885178209364
0.21466841192105793
0.5404327796698116
0.4756905045852873
0.472007709851583
0.19411015519691288
0.24105375981835017
0.16454994583615556
0.23742216863193744
0.2539757535667987
0.04493858788668592
0.14818948976706658
0.4628898241215694
0.3718101101248217
0.3502207023099382
0.07903022708063345
0.14180676262199965
0.08509185381547747
0.11820709860774568
0.1464787012485783
0.0
0.0600416629459426
0.31301046266091936
0.24228897861323292
0.19780011507327297
0.0
0.045043038563351005
0.0
0.02143590518388805
0.01157695725047414
0.0
0.0
0.252464782444354
0.18707159763204584
0.16436144849732492
0.0
0.0004031826413480877
0.0
0.032224447092295994
0.0
0.0
0.0
0.14294999521652127
0.059492752685888384
0.017329916717349066
0.0
0.0
0.0
0.0
0.0
0.0
0.0
0.12634405788744796
0.039077831298630177
0.007173014444178727
0.0
0.0
0.0
0.0
0.0
0.0
0.0
0.0
0.0
0.0
0.0
0.0
0.0
0.0
0.0
0.0
0.0
0.0
0.0
0.0
0.0
0.0
0.0
0.0
0.0
0.0
0.0
0.0
0.0
0.0
0.0
0.0
0.0
0.0
0.0
0.0
0.0
0.0
0.0
0.0
0.0
0.0
0.0
0.0
0.0
0.0
0.0
0.0
0.0
0.0
0.0
0.0
0.0
0.0
0.0
0.0
0.0
0.0
0.0
0.0
0.0
0.0
0.0
0.0
0.0
0.0
0.0
0.0
0.0
0.0
0.0
0.0
0.0
0.0
0.0
0.0
0.0
0.0
0.0
0.0
0.0
0.0
0.0
0.0
0.0
0.0
0.0
0.0
0.0
0.0
0.0
0.0
0.0
0.0
0.0
0.0
0.0
0.01625645437112211
0.0
0.20013366328364007
0.2713629423371158
0.17760435615223957
0.16242584453811837
0.0
0.0
0.0
0.0
0.0
0.0
0.10201465060351488
0.225760310557508
0.1091707114563828
0.14052480082821803
0.0
0.0
0.0
0.0
0.0
0.0
0.1558463072403542
0.26514015483128905
0.1688107543273215
0.19595622040617608
0.0
0.0
0.0
0.05789995529742886
0.09911365436768128
0.003193909402576689
0.25935393445233373
0.3544240511841039
0.23479970628193825
0.27575924509010846
0.025786914635064995
0.0
0.0
0.11812852802389062
0.13163766590094703
0.02118192080105241
0.3355927023249561
0.4862438988301781
0.3929117615213706
0.38521963619365707
0.13907399093384876
0.003920216861456938
0.0785676051337525
0.15532863735007685
0.18860747797614033
0.04110482166159524
0.40487534089270866
0.5250284825424352
0.44594098356148537
0.4433863061715874
0.19205827442280576
0.03095106907021594
0.12456067890892508
0.1562315830887958
0.23039796308592217
0.06339012919668963
0.40863817326048113
0.5225508550647244
0.4921453792713445
0.49221796851314814
0.28805178520070074
0.06985470752924394
0.20533959319291273
0.1996548406335724
0.2590798110921362
0.08993212887689393
0.4801006633006741
0.6119050085966793
0.5929697759954304
0.5906489235028171
0.4025501219073051
0.14890127684142695
0.2724808274278794
0.31052296436724885
0.3654010799589104
0.36639371298560897
0.770645407015332
0.8179533889775632
0.8170263461108019
0.7874330645625818
0.5145427704138477
0.36396908825828
0.29365881960065265
0.376414365339681
0.4620268254687908
0.43142146682949617
0.8290335617698604
0.8626547906311307
0.8566444602913472
0.8194337553231728
0.5568576556127788
0.4049521712021
0.11745432878849205
0.231708961023519
0.35071267203414047
0.24582918780386964
0.6050801525842495
0.5283067656285131
0.5759007109114326
0.5247456457945392
0.3177277636912801
0.21592058771138223
0.2392148793895451
0.809579879313563
0.9347670841474106
0.7958174060978501
0.9980917219799292
0.9579974999529555
0.9581989474943972
0.853904559872919
0.7911583983360547
0.8705435340551445
0.202753821870166
0.7937616328808931
0.9281033289992973
0.7857101672224195
0.9974354853059416
0.9521084113846269
0.9497605256784408
0.8301275011478689
0.775598565394887
0.8544202353628971
0.11311733844469672
0.6949593793692285
0.875767487754813
0.7180189986866587
0.9961271262074844
0.9396825606432228
0.9387732180346912
0.7936389408882148
0.7238402174159779
0.8225111878097786
0.08626233804180726
0.65109195414131
0.8759959839133404
0.7298343339048367
0.9954236609680664
0.913594418508155
0.9007101111590167
0.7522901403330041
0.6454161152911104
0.7774287598962862
0.0
0.6076133873695615
0.8489339565704166
0.7226106001147268
0.9948397993453744
0.9097521431429794
0.891028771101584
0.7294818023349907
0.60537150131169
0.7567120487652602
0.0
0.5757314042415926
0.8156889157442272
0.7031253428223977
0.9947559623128851
0.9080846524469257
0.8695987756590334
0.6896783845658969
0.5228032624916449
0.723827620115676
0.0
0.6350407079496347
0.8463729447215902
0.7398459009727315
0.9959955213424653
0.8895994382230675
0.840794175744303
0.6332420276399922
0.447946476515014
0.684689756875307
0.0
0.5973838122975428
0.829689697421023
0.6189136293891297
0.9746201018134016
0.7473876186325125
0.729698387827687
0.4645578262350305
0.5309921360296677
0.56042711077276
0.0
0.5413697181562463
0.7933124451559936
0.5891901826443832
0.9676093855247672
0.722332610555738
0.7114145856232513
0.44321080249083006
0.5419684624343586
0.5537091380618262
0.8781953232145457
0.8726593993673286
0.9999997173014628
0.9998713240721425
1.0
0.9999901886720696
0.9309870065687453
0.9998375103414352
0.9978867331465272
0.9496806009394558
0.908789504316016
0.5254573792213809
0.9876953321176426
0.9902775612451272
0.9992447700083642
0.972308310439835
0.3962836754685031
0.9973795154070944
0.957840501387163
0.39597470853211064
0.9775816753313687
0.8860951846908811
0.9997431683327603
0.999989939158386
0.999998663488625
0.9990436680711032
0.8553811889772792
0.9999965132921407
0.9999619751602185
0.9387361323273811
1.0
1.0
1.0
1.0
1.0
1.0
0.999999850744236
1.0
1.0
0.9999998711477571
1.0
1.0
1.0
1.0
1.0
1.0
1.0
1.0
1.0
1.0
1.0
1.0
1.0
1.0
1.0
1.0
1.0
1.0
1.0
1.0
1.0
1.0
1.0
1.0
1.0
1.0
1.0
1.0
1.0
1.0
1.0
1.0
1.0
1.0
1.0
1.0
1.0
1.0
1.0
1.0
1.0
1.0
1.0
1.0
1.0
1.0
1.0
1.0
1.0
1.0
1.0
1.0
1.0
1.0
1.0
1.0
1.0
1.0
1.0
1.0
1.0
1.0
1.0
1.0
1.0
1.0
1.0
1.0
1.0
1.0
1.0
1.0
1.0
1.0
1.0
1.0
1.0
1.0
1.0
1.0
1.0
1.0
1.0
1.0
1.0
1.0
1.0
1.0
1.0
1.0
0.9705175735441216
0.9994772678592082
0.9997349562603861
0.9627658286459152
0.9981608040887961
0.9999999984804279
1.0
0.9901277699086557
0.9999938312268432
1.0
0.3742467470558448
0.7886977422027556
0.6911797995419283
0.3527797837629868
0.5752422429168575
0.4248804739702599
0.5187842084487496
0.7456729366609216
0.6105870238969379
0.372727003067368
0.3182351237851841
0.4547363708616503
0.4946496919175855
0.28966223415218967
0.5339380459601537
0.3512958399389996
0.44285772609432805
0.6505932915075526
0.5246665717740215
0.2926761702968137
0.18257306419296715
0.3716850644659493
0.4061201821676765
0.24019574563116564
0.33263820967771873
0.16783608272306916
0.2361347490613016
0.5203880528167387
0.4223180964295216
0.25124269742831645
0.16723429431220682
0.3521471402432643
0.38952628260389366
0.23454181473538813
0.31843628306573857
0.16060402402951934
0.22357775105276756
0.5021885335668369
0.41055110940121897
0.24510911456943027
0.1319867682505489
0.3192399146523086
0.37882295615034095
0.1839847398224328
0.2339937816716816
0.07486147835181911
0.15996862972265613
0.4512009063870881
0.38046611231693966
0.22396618573567537
0.02153709083498978
0.0
0.06591892141483013
0.06226858832717286
0.10086018949728548
0.05445463516715077
0.08869074822691246
0.3194854468259285
0.2681834387223634
0.13383491325393604
0.0
0.0029062926072838118
0.10377736925110548
0.08507755580231946
0.08911894948423425
0.062422191613824896
0.1514944137906873
0.2664974192818661
0.273485327745266
0.17434239746933533
0.0
0.023245735293332848
0.1285073425134513
0.10168370284643756
0.2016771789368104
0.018379171290443863
0.10439176853644072
0.26051785099797126
0.28623511644445965
0.18928331415078303
0.04259156079941118
0.058756777822429045
0.1708192055115183
0.13669610529160037
0.27110160562928465
0.03493408243246032
0.12692066074712915
0.341111355873478
0.3409724156880931
0.24165749808766607
0.03714543499508505
0.03234976512468945
0.08683971271377577
0.07820023432945598
0.29750062474557804
0.0
0.11272888759602728
0.23782966880412992
0.14284288618472518
0.1557549181242368
0.17993481037956327
0.15069410202716482
0.26304723712182554
0.16111003524593223
0.4674040574484905
0.1230434994841838
0.30235160295880686
0.38277874045889904
0.24612679884705368
0.3421503526590435
0.19613485848437337
0.2159809732689021
0.3183890568468033
0.18520057676442167
0.49021341008099095
0.16845174697002796
0.35008214793539627
0.4264167927533679
0.2962859201166632
0.35355745472266875
0.3442070772887056
0.49132363482076746
0.500475402229572
0.39184310270497513
0.795347619383716
0.34975155311861567
0.6042490582412106
0.8344238419477498
0.5091734125626711
0.5394756327762724
0.6912989953032498
0.8694855657065945
0.8228880317953755
0.722799289311344
0.9902694945590461
0.5842927616229299
0.8879294744869533
0.9964765271944328
0.9045774575698349
0.8429080010509307
0.7592384687759662
0.9382687831033699
0.9232386089877088
0.7837080563004252
0.9944899384853608
0.7233913662375024
0.9572295442351657
0.9991797054516756
0.9534084768249687
0.9330466874546696
0.7924016842763486
0.950954730229917
0.936190773464356
0.8002426791533715
0.9956305874536551
0.7534902920317733
0.9628445641085313
0.9993895234562505
0.9682603193271359
0.9397515749210636
0.9125168491845104
0.9994559639782448
0.9965206088017523
0.9730944559068265
0.9999940634914712
0.80460380132058
0.9720014884973902
0.9999997102321929
0.9948207466965971
0.9623735997723137
0.9097429373360943
0.9995593716410192
0.9963341492325252
0.9722478987298746
0.9999831495713075
0.8108517260400978
0.9697369643718954
0.9999994419301124
0.9943502375926728
0.9603983085406697
0.8961908605295738
0.999481518448513
0.9956880745064067
0.9689396200654063
0.9999738761438157
0.8040574979088989
0.9675274134353513
0.9999989687789158
0.9928842903982595
0.9526905472379251
0.8863828692942816
0.9993499889361284
0.9945388630853914
0.9587256568899114
0.999937055837247
0.7981732934102318
0.9647234416707944
0.9999980394667368
0.9916994585269856
0.9481092178159021
0.8320961177802435
0.9988770740170947
0.988294193845513
0.9476182309520524
0.9997754760867005
0.7385695204481927
0.9288266805804892
0.9999935933058212
0.9875414166707704
0.9019462149520954
0.8251152342154758
0.9986430775675212
0.987106356108934
0.9483200974326782
0.9997662416946581
0.7209226592688741
0.9190098658179591
0.9999916564268003
0.985969875869228
0.9038296778974213
0.8244881950866331
0.9967553058707792
0.9877899695470749
0.9272196512024805
0.996427525521492
0.626203187429738
0.842924243236707
0.997812971060671
0.9805228193847061
0.8655197032298666
0.5312025016437045
0.9076428876013554
0.8850312693606679
0.7158531713747741
0.7678510759695196
0.38620500517955064
0.449963123374699
0.7693007083519131
0.6848611246245492
0.5109461307707511
0.4377163874437091
0.8289796248972817
0.7516918087281023
0.6528880912799964
0.7201786405429144
0.17930277611216594
0.1805288685769647
0.6560093663415638
0.5404505517720317
0.246004736933824
0.3944513917090613
0.7978444229620355
0.7219061174002198
0.6269906513964216
0.7060120404604453
0.14254947516848115
0.1683578464711708
0.6477689437394255
0.4642231017700512
0.20452117670270617
0.07542540704946353
0.0205132615201844
0.05718877602938421
0.0
0.0
0.0
0.0
0.0
0.04792543171982189
0.0
0.0
0.0
0.011397768658996664
0.0
0.0
0.0
0.0
0.0
0.013745470949849237
0.0
0.008981510570964966
0.0
0.016569045855459152
0.0
0.0
0.0
0.0
0.0
0.01560336904182724
0.0
0.013800315545457352
0.0
0.019778541918076927
0.0
0.0
0.0
0.0
0.0
0.021933418398908944
0.0
0.018990471322931746
0.0
0.010010296496051008
0.0
0.0
0.0
0.0
0.0
0.021256315073222676
0.0
0.03787423832265301
0.0
0.0038647778607738825
0.0
0.0
0.0
0.0
0.0
0.015053216466260231
0.0
0.0
0.0
0.0
0.0
0.0
0.0
0.0
0.0
0.0
0.0
0.0
0.0
0.0
0.0
0.0
0.0
0.0
0.0
0.0
0.0
0.0
0.0
0.0
0.0
0.0
0.0
0.0
0.0
0.0
0.0
0.0
0.0
0.0
0.0
0.0
0.0
0.0
0.0
0.0
0.0
0.0
0.0
0.0
0.0
0.0
0.0
0.0
0.0
0.0
0.0
0.0
0.0
0.0
0.0
0.0
0.0
0.0
0.0
0.0
0.0
0.0
0.0
0.0
0.0
0.0
0.0
0.0
0.0
0.0
0.0
0.0
0.0
0.0
0.0
0.0
0.0
0.0
0.0
0.0
0.0
0.0
0.0
0.0
0.0
0.0
0.0
0.0
0.0
0.0
0.0
0.0
0.0
0.0
0.0
0.0
0.0
0.0
0.0
0.0
0.0
0.0
0.0
0.0
0.0
0.0
0.0
0.0
0.0
0.0
0.0
0.0
0.0
0.0
0.0
0.0
0.0
0.0
0.0
0.0
0.0
0.0
0.0
0.0
0.0
0.0
0.0
0.0
0.0
0.0
0.0
0.0
0.0
0.0
0.0
0.0
0.0
0.0
0.0
0.0
0.0
0.0
0.0
0.0
0.0
0.0
0.0
0.0
0.0
0.0
0.0
0.0
0.0
0.0
0.0
0.0
0.0
0.0
0.0
0.0
0.0
0.0
0.0
0.0
0.0
0.0
0.0
0.0
0.0
0.0
0.0
0.0
0.0
0.0
0.0
0.0
0.0
0.0
0.0
0.0
0.0
0.0
0.0
0.0
0.0
0.0
0.0
0.0
0.0
0.0
0.0
0.0
0.0
0.0
0.0
0.0
0.0
0.0
0.0
0.0
0.0
0.0
0.0
0.0
0.0
0.0
0.0
0.0
0.0
0.0
0.0
0.0
0.0
0.0
0.0
0.0
0.0
0.0
0.0
0.0
0.0
0.0
0.0
0.0
0.0
0.0
0.0
0.0
0.0
0.0
0.0
0.0
0.0
0.0
0.0
0.0
0.0
0.0
0.0
0.0
0.0
0.0
0.0
0.0
0.0
0.0
0.0
0.0
0.0
0.0
0.0
0.0
0.0
0.0
0.0
0.0
0.0
0.0
0.0
0.0
0.0
0.0
0.0
0.0
0.0
0.0
0.0
0.0
0.0
0.0
0.0
0.0
0.0
0.0
0.0
0.0
0.0
0.0
0.0
0.0
0.0
0.0
0.0
0.0
0.0
0.0
0.0
0.0
0.0
0.0
0.0
0.0
0.0
0.0
0.0
0.0
0.0
0.0
0.0
0.0
0.0
0.0
0.0
0.0
0.0
0.0
0.0
0.0
0.0
0.0
0.0
0.0
0.0
0.0
0.0
0.0
0.0
0.0
0.0
0.0
0.0
0.0
0.0
0.0
0.0
0.0
0.0
0.0
0.0
0.0
0.0
0.0
0.0
0.0
0.0
0.0
0.0
0.0
0.0
0.0
0.0
0.0
0.0
0.0
0.0
0.0
0.0
0.0
0.0
0.0
0.0
0.0
0.0
0.0
0.0
0.0
0.0
0.0
0.0
0.0
0.0
0.0
0.0
0.0
0.0
0.0
0.0
0.0
0.0
0.0
0.0
0.0
0.0
0.0
0.0
0.0
0.0
0.0
0.0
0.0
0.0
0.0
0.0
0.0
0.0
0.0
0.0
0.0
0.0
0.0
0.0
0.0
0.0
0.0
0.0
0.0
0.0
0.0
0.0
0.0
0.0
0.0
0.0
0.0
0.0
0.0
0.0
0.0
0.0
0.0
0.0
0.0
0.0
0.0
0.0
0.0
0.0
0.0
0.0
0.0
0.0
0.0
0.0
0.0
0.0
0.0
0.0
0.0
0.0
0.0
0.0
0.0
0.0
0.0
0.0
0.0
0.0
0.0
0.0
0.0
0.0
0.0
0.0
0.0
0.0
0.0
0.0
0.0
0.0
0.0
0.0
0.0
0.0
0.0
0.0
0.0
0.0
0.0
0.0
0.0
0.0
0.0
0.0
0.0
0.0
0.0
0.0
0.0
0.0
0.0
0.0
0.0
0.0
0.0
0.0
0.0
0.0
0.0
0.0
0.0
0.0
0.0
0.0
0.0
0.0
0.0
0.0
0.0
0.0
0.0
0.0
0.0
0.0
0.0
0.0
0.0
0.0
0.0
0.0
0.0
0.0
0.0
0.0
0.0
0.0
0.0
0.0
0.0
0.0
0.0
0.0
0.0
0.0
0.0
0.0
0.0
0.0
0.0
0.0
0.0
0.0
0.0
0.0
0.0
0.0
0.0
0.0
0.0
0.0
0.0
0.0
0.0
0.0
0.0
0.0
0.0
0.0
0.0
0.0
0.0
0.0
0.0
0.0
0.0
0.0
0.0
0.0
0.0
0.0
0.0
0.0
0.0
0.0
0.0
0.0
0.0
0.0
0.0
0.0
0.0
0.0
0.0
0.0
0.0
0.0
0.0
0.0
0.0
0.0
0.0
0.0
0.0
0.0
0.0
0.0
0.0
0.0
0.0
0.0
0.0
0.0
0.0
0.0
0.0
0.0
0.0
0.0
0.0
0.0
0.0
0.0
0.0
0.0
0.0
0.0
0.0
0.0
0.0
0.0
0.0
0.0
0.0
0.0
0.0
0.0
0.0
0.0
0.0
0.0
0.0
0.0
0.0
0.0
0.0
0.0
0.0
0.0
0.0
0.0
0.0
0.0
0.0
0.0
0.0
0.0
0.0
0.0
0.0
0.0
0.0
0.0
0.0
0.0
0.0
0.0
0.0
0.0
0.0
0.0
0.0
0.0
0.0
0.0
0.0
0.0
0.0
0.0
0.0
0.0
0.0
0.0
0.0
0.0
0.0
0.0
0.0
0.0
0.0
0.0
0.0
0.0
0.0
0.0
0.0
0.0
0.0
0.0
0.0
0.0
0.0
0.0
0.0
0.0
0.0
0.0
0.0
0.0
0.0
0.0
0.0
0.0
0.0
0.0
0.0
0.0
0.0
0.0
0.0
0.0
0.0
0.0
0.0
0.0
0.0
0.0
0.0
0.0
0.0
0.0
0.0
0.0
0.0
0.0
0.0
0.0
0.0
0.0
0.0
0.0
0.0
0.0
0.0
0.0
0.0
0.0
0.0
0.0
0.0
0.0
0.0
0.0
0.0
0.0
0.0
0.0
0.0
0.0
0.0
0.0
0.0
0.0
0.0
0.0
0.0
0.0
0.0
0.0
0.0
0.0
0.0
0.0
0.0
0.0
0.0
0.0
0.0
0.0
0.0
0.0
0.0
0.0
0.0
0.0
0.0
0.0
0.0
0.0
0.0
0.0
0.0
0.0
0.0
0.0
0.0
0.0
0.0
0.0
0.0
0.0
0.0
0.0
0.0
0.0
0.0
0.0
0.0
0.0
0.0
0.0
0.0
0.0
0.0
0.0
0.0
0.0
0.0
0.0
0.0
0.0
0.0
0.0
0.0
0.0
0.0
0.0
0.0
0.0
0.0
0.0
0.0
0.0
0.0
0.0
0.0
0.0
0.0
0.0
0.0
0.0
0.0
0.0
0.0
0.0
0.0
0.0
0.0
0.0
0.0
0.0
0.0
0.0
0.0
0.0
0.0
0.0
0.0
0.0
0.0
0.0
0.0
0.0
0.0
0.0
0.0
0.0
0.0
0.0
0.0
0.0
0.0
0.0
0.0
0.0
0.0
0.0
0.0
0.0
0.0
0.0
0.0
0.0
0.0
0.0
0.0
0.0
0.0
0.0
0.0
0.0
0.0
0.0
0.0
0.0
0.0
0.0
0.0
0.0
0.0
0.0
0.0
0.0
0.0
0.0
0.0
0.0
0.0
0.0
0.0
0.0
0.0
0.0
0.0
0.0
0.0
0.0
0.0
0.0
0.0
0.0
0.0
0.0
0.0
0.0
0.0
0.0
0.0
0.0
0.0
0.0
0.0
0.0
0.0
0.0
0.0
0.0
0.0
0.0
0.0
0.0
0.0
0.0
0.0
0.0
0.0
0.0
0.0
0.0
0.0
0.0
0.0
0.0
0.0
0.0
0.0
0.0
0.0
0.0
0.0
0.0
0.0
0.0
0.010606125251386487
0.0
0.0
0.07036326667022919
0.022984105206043656
0.008436259898476073
0.20243174404798903
0.2228376384447204
0.19733224894903637
0.26084903467867715
0.059568824378169016
0.013548517322936826
0.0
0.10844284688760875
0.07172830143976605
0.05210414687411869
0.23707536377313465
0.2654265629108812
0.2338274709687824
0.3323687951941852
0.11672148728288768
0.05649880136175167
0.022927487851301165
0.1633319468154375
0.12104520490090064
0.1321704853402228
0.3348469889260864
0.38355279110877755
0.31826574664178464
0.44257047923229265
0.1497273378280437
0.09171872648793401
0.0517512499097208
0.2196586783000136
0.17080052585808592
0.20815445190500825
0.3900077092597811
0.46119886458402853
0.39353164802786367
0.5232825770774212
0.17496287831015112
0.11454928078048197
0.07426129024885107
0.2505647714644348
0.19744096641353848
0.2585506177804649
0.4312064523881796
0.507285500822776
0.4340495656026517
0.5743482975218611
0.18677463360341767
0.13541340844447403
0.09486908415560937
0.28133053862450613
0.2150782582329593
0.2930214795753291
0.4478912241501828
0.5238237191297923
0.4539800151709605
0.6024547235086675
0.6457542265541826
0.7957097987226375
0.7836901580646409
0.9672467207055327
0.8618841433642128
0.7295397956770291
0.9111165987213508
0.9374727128816778
0.9910634480013086
0.9991632549447056
0.7529785327403508
0.8180935464295169
0.8221302301714916
0.9731367601819981
0.8812927467081998
0.7437143500269315
0.9162143600204781
0.9383856984711672
0.9932334642001373
0.998829849656976
0.7506032796494131
0.8278542498197037
0.8252881075458162
0.9768683512223456
0.8793060479142786
0.7334435492158918
0.9186938585005024
0.9408201516960237
0.9934101500505284
0.9989284811997421
0.6097127839921693
0.609860293663799
0.6398841287485649
0.807803518495679
0.8470093446756003
0.7719557488647409
0.8654695392214823
0.8429874242193458
0.9244494090230119
0.9781754936240616
0.39305789616143944
0.5825397410948375
0.6214561864146428
0.8122349871607104
0.688426689145576
0.7250158219488243
0.7366894063196309
0.7686539145571265
0.846083510604048
0.8972396774908784
0.40659719639911535
0.6020189209524527
0.627822502226188
0.828117156108318
0.6975314818187337
0.7435972453857596
0.7598418537908926
0.7803827011678357
0.8510873731795406
0.8991215754423227
0.2923667490671522
0.5146889650302211
0.562189946711276
0.7555987385886659
0.6008918759010063
0.6553176947531936
0.6265096642159523
0.6539255019401238
0.7448450532111964
0.8087914179248008
0.25151450639705053
0.4686287470449393
0.5280616583119756
0.6756719517631257
0.5206089298378109
0.5638391274005632
0.5806223758497211
0.5839265703574894
0.6586546821836747
0.7283489059305472
0.241737689783026
0.4936805783349726
0.531365268754986
0.6868959286618791
0.4978028954090112
0.550212794122969
0.5492796111522269
0.567699015675068
0.6162030223438448
0.6824206604953523
0.2785485536840821
0.5438116820886171
0.583198147597728
0.6980109998576406
0.5197518166150303
0.5875187857050418
0.5639920179132285
0.587420056159176
0.6330370069189303
0.6789606316330516
0.06426772781697643
0.22951937114300724
0.15537235172774477
0.22718568601778052
0.01996167156438089
0.08195436118143751
0.07888614244901702
0.0995481921757746
0.09242381789611052
0.12484346932866965
0.07979509115510885
0.2284823934964908
0.13291552095028625
0.20022591866129225
0.008237147841473334
0.05890562567846502
0.06915209549388046
0.09441356800070076
0.0759222594124047
0.1236041249806381
0.1565485149127691
0.2764907326517469
0.19566968679349292
0.21642137711291687
0.0322354856786099
0.12174073249304453
0.0866277018919458
0.09011704878649496
0.08790898097126787
0.11477803541491338
0.22753304804237892
0.31831479033252846
0.23735560078932105
0.24038079832460732
0.07406218701271737
0.15285577713989096
0.11579577197337688
0.11941787637602053
0.11057159465431941
0.1403490101056163
0.07132785990185764
0.08908714148226081
0.03448589451644268
0.05157491055842556
0.0
0.0
0.026572129839494415
0.0
0.0
0.0013985252696661064
0.04918197318911588
0.06210541365238631
0.026681401473223728
0.04329593219694816
0.0
0.0
0.0
0.0
0.0
0.0
0.04721320947755003
0.0755040210572071
0.029446740169483787
0.03303957869474994
0.0
0.0
0.0
0.0
0.0
0.0
0.04375246581567482
0.09703201079109491
0.0
0.03346643244823366
0.0
0.0
0.0
0.0
0.0
0.0
0.0
0.050886621606803795
0.0
0.0022156464842718604
0.0
0.0
0.0
0.0
0.0
0.0
0.03703573733765819
0.11359061793812208
0.032650396574112284
0.01744891015401062
0.0
0.0
0.0
0.0
0.0
0.0
0.1394846068024339
0.2613606796959834
0.10097073086943764
0.0746828566000437
0.06266894779489851
0.060931852699490086
0.0074696850321964705
0.004899843062210807
0.03943564272262423
0.0
0.21963429755261163
0.32910656228653606
0.15209772020552315
0.1742720591957798
0.17935128235774056
0.1536100121591748
0.03732568897541444
0.06172846036658831
0.10703253864926288
0.029040520200397046
0.2432197332043509
0.3684902003339692
0.13979227529348837
0.1743914646077448
0.1792777734623564
0.16221611443325112
0.04447403388295922
0.07127475636561198
0.11814064866277763
0.04086929803743344
0.2641348747141452
0.41589095417845257
0.19727248723828472
0.1986178423150704
0.19232831598966493
0.18902597576680835
0.06721763348008403
0.08677450434346856
0.1315003429912991
0.05960668766572019
0.3010808639029474
0.5379702152334759
0.32024889996517136
0.2904744322807833
0.3022390767413501
0.2942449235117888
0.1358847461720274
0.1491551213172464
0.18822567191620876
0.09581191144838141
0.33419316389638354
0.5721135835921253
0.35571883345611854
0.3211812882238349
0.32958385463233647
0.3336674799679401
0.1569521418349422
0.16775872590612606
0.2012789425975844
0.11243694125138924
0.35581233436650284
0.5950831234914045
0.38067059365299016
0.3433817749629492
0.368798148460866
0.3830332589940717
0.17721223634322847
0.1909999838779034
0.21672987907838473
0.13692119141607928
0.4367714955902997
0.6423840615445805
0.391872157648794
0.3675574249923108
0.3670028777536271
0.4178626905419887
0.2159241099798541
0.207504252578376
0.2472956750835419
0.17874151532726487
0.4567684020633101
0.6577278841679619
0.40814353140952886
0.38070285208278487
0.3690187313796829
0.4342846057182997
0.2260564139056236
0.21872132258237972
0.26373232187729
0.19332632350638512
0.36330975351185024
0.5576676720207784
0.3276417009238175
0.32130234973930166
0.3400830374584046
0.3691999107873936
0.18479650877489529
0.16335519995066772
0.1903842610890638
0.13995641560987515
0.23861128975069068
0.4009775479405348
0.24465962926188023
0.24830032393650403
0.2528578954677744
0.266835151277641
0.10893430667296931
0.07480710474015562
0.09829421432362115
0.07685172627869918
0.15897124484357447
0.3290565812626802
0.18517038581464784
0.13789389010362907
0.13284578634209976
0.1768518568044992
0.07491625219438336
0.012636163297497283
0.02231529588687753
0.0195910869649204
0.11716740227017752
0.26472772972718367
0.1869801649377598
0.11505910176532974
0.10872108140626346
0.1437521830670906
0.0362954290343771
0.0
0.0
0.0
0.07126617864321738
0.19565648439238137
0.11958649108596586
0.07929816281893652
0.0921381319486676
0.11862904676319475
0.0
0.0
0.0
0.0
0.01759790927429017
0.0273778418335866
0.0
0.0
0.0
0.0
0.0
0.0
0.0
0.0
0.0
0.0
0.0
0.0
0.0
0.0
0.0
0.0
0.0
0.0
0.0
0.0
0.0
0.0
0.0
0.0
0.0
0.0
0.0
0.0
0.0
0.0
0.0
0.0
0.0
0.0
0.0
0.0
0.0
0.0
0.0
0.0
0.0
0.0
0.0
0.0
0.0
0.0
0.0
0.0
0.0
0.0
0.0
0.0
0.0
0.0
0.0
0.0
0.0
0.0
0.0
0.0
0.0
0.0
0.0
0.0
0.0
0.0
0.0
0.0
0.0
0.0
0.0
0.0
0.0
0.0
0.0
0.0
0.0
0.0
0.0
0.0
0.0
0.0
0.0
0.0
0.0
0.0
0.0
0.0
0.0
0.0
0.0
0.0
0.0
0.0
0.0
0.0
0.0
0.0
0.0
0.0
0.0
0.0
0.0
0.0
0.0
0.0
0.0
0.0
0.0
0.0
0.0
0.0
0.0
0.0
0.0
0.0
0.0
0.0
0.0
0.0
0.0
0.0
0.0
0.0
0.0
0.0
0.0
0.0
0.0
0.0
0.0
0.0
0.0
0.0
0.0
0.0
0.0
0.0
0.0
0.0
0.0
0.0
0.0
0.0
0.0
0.0
0.0
0.0
0.0
0.0
0.0
0.0
0.0
0.0
0.0
0.0
0.0
0.0
0.0
0.0
0.0
0.0
0.0
0.0
0.0
0.0
0.0
0.0
0.0
0.0
0.0
0.0
0.0
0.0
0.0
0.0
0.0
0.0
0.0
0.0
0.0
0.0
0.0
0.0
0.0
0.0
0.0
0.0
0.0
0.0
0.0
0.0
0.0
0.0
0.0
0.0
0.0
0.0
0.0
0.0
0.0
0.0
0.0
0.0
0.0
0.0
0.0
0.0
0.0
0.0
0.0
0.0
0.0
0.0
0.0
0.0
0.0
0.0
0.0
0.0
0.0
0.0
0.0
0.0
0.0
0.0
0.0
0.0
0.0
0.0
0.0
0.0
0.0
0.0
0.0
0.0
0.0
0.0
0.0
0.0
0.0
0.0
0.0
0.0
0.0
0.0
0.0
0.0
0.0
0.0
0.0
0.0
0.0
0.0
0.0
0.0
0.0
0.0
0.0
0.0
0.0
0.0
0.0
0.0
0.0
0.0
0.0
0.0
0.0
0.0
0.0
0.0
0.0
0.0
0.0
0.0
0.0
0.0
0.0
0.0
0.0
0.0
0.0
0.0
0.0
0.0
0.0
0.0
0.0
0.0
0.0
0.0
0.0
0.0
0.0
0.0
0.0
0.0
0.0
0.0
0.0
0.0
0.0
0.0
0.0
0.0
0.0
0.0
0.0
0.0
0.0
0.0
0.0
0.0
0.0
0.0
0.0
0.0
0.0
0.0
0.0
0.0
0.0
0.0
0.0
0.0
0.0
0.0
0.0
0.0
0.0
0.0
0.0
0.0
0.0
0.0
0.0
0.0
0.0
0.0
0.0
0.0
0.0
0.0
0.0
0.0
0.0
0.0
0.0
0.0
0.0
0.0
0.0
0.0
0.0
0.0
0.0
0.0
0.0
0.0
0.0
0.0
0.0
0.0
0.0
0.0
0.0
0.0
0.0
0.0
0.0
0.0
0.0
0.0
0.0
0.0
0.0
0.0
0.0
0.0
0.0
0.0
0.0
0.0
0.0
0.0
0.0
0.0
0.0
0.0
0.0
0.0
0.0
0.0
0.0
0.0
0.0
0.0
0.0
0.0
0.0
0.0
0.0
0.0
0.0
0.0
0.0
0.0
0.0
0.0
0.0
0.0
0.0
0.0
0.0
0.0
0.0
0.0
0.0
0.0
0.0
0.0
0.0
0.0
0.0
0.0
0.0
0.0
0.0
0.0
0.0
0.0
0.0
0.0
0.0
0.0
0.0
0.0
0.0
0.0
0.0
0.0
0.0
0.0
0.0
0.0
0.0
0.0
0.0
0.0
0.0
0.0
0.0
0.0
0.0
0.0
0.0
0.0
0.0
0.0
0.0
0.0
0.0
0.0
0.0
0.0
0.0
0.0
0.0
0.0
0.0
0.0
0.0
0.0
0.0
0.0
0.0
0.0
0.0
0.0
0.0
0.0
0.0
0.0
0.0
0.0
0.0
0.0
0.0
0.0
0.0
0.0
0.0
0.0
0.0
0.0
0.0
0.0
0.0
0.0
0.0
0.0
0.0
0.0
0.0
0.0
0.0
0.0
0.0
0.0
0.0
0.0
0.0
0.0
0.0
0.0
0.0
0.0
0.0
0.0
0.0
0.0
0.0
0.0
0.0
0.0
0.0
0.0
0.0
0.0
0.0
0.0
0.0
0.0
0.0
0.0
0.0
0.0
0.0
0.0
0.0
0.0
0.0
0.0
0.0
0.0
0.0
0.0
0.0
0.0
0.0
0.0
0.0
0.0
0.0
0.0
0.0
0.0
0.0
0.0
0.0
0.0
0.0
0.0
0.0
0.0
0.0
0.0
0.0
0.0
0.0
0.0
0.0
0.0
0.0
0.0
0.0
0.0
0.0
0.0
0.0
0.0
0.0
0.0
0.0
0.0
0.0
0.0
0.0
0.0
0.0
0.0
0.0
0.0
0.0
0.0
0.0
0.0
0.0
0.0
0.0
0.0
0.0
0.0
0.0
0.0
0.0
0.0
0.0
0.0
0.0
0.0
0.0
0.0
0.0
0.0
0.0
0.0
0.0
0.0
0.0
0.0
0.0
0.0
0.0
0.0
0.0
0.0
0.0
0.0
0.0
0.0
0.0
0.0
0.0
0.0
0.0
0.0
0.0
0.0
0.0
0.0
0.0
0.0
0.0
0.0
0.0
0.0
0.0
0.0
0.0
0.0
0.0
0.0
0.0
0.0
0.0
0.0
0.0
0.0
0.0
0.0
0.0
0.0
0.0
0.0
0.0
0.0
0.0
0.0
0.0
0.0
0.0
0.0
0.0
0.0
0.0
0.0
0.0
0.0
0.0
0.0
0.0
0.0
0.0
0.0
0.0
0.0
0.0
0.0
0.0
0.0
0.0
0.0
0.0
0.0
0.0
0.0
0.0
0.0
0.0
0.0
0.0
0.0
0.0
0.0
0.0
0.0
0.0
0.0
0.0
0.0
0.0
0.0
0.0
0.0
0.0
0.0
0.0
0.0
0.0
0.0
0.0
0.0
0.0
0.0
0.0
0.0
0.0
0.0
0.0
0.0
0.0
0.0
0.0
0.0
0.0
0.0
0.0
0.0
0.0
0.0
0.0
0.0
0.0
0.0
0.0
0.0
0.0
0.0
0.0
0.0
0.0
0.0
0.0
0.0
0.0
0.0
0.0
0.0
0.0
0.0
0.0
0.0
0.0
0.0
0.0
0.0
0.0
0.0
0.0
0.0
0.0
0.0
0.0
0.0
0.0
0.0
0.0
0.0
0.0
0.0
0.0
0.0
0.0
0.0
0.0
0.0
0.0
0.0
0.0
0.0
0.0
0.0
0.0
0.0
0.0
0.0
0.0
0.0
0.0
0.0
0.0
0.0
0.0
0.0
0.0
0.0
0.0
0.0
0.0
0.0
0.0
0.0
0.0
0.0
0.0
0.0
0.0
0.0
0.0
0.0
0.0
0.0
0.0
0.0
0.0
0.0
0.0
0.0
0.0
0.0
0.0
0.0
0.0
0.0
0.0
0.0
0.0
0.0
0.0
0.0
0.0
0.0
0.0
0.0
0.0
0.0
0.0
0.0
0.0
0.0
0.0
0.0
0.0
0.0
0.0
0.0
0.0
0.0
0.0
0.0
0.0
0.0
0.0
0.0
0.0
0.0
0.0
0.0
0.0
0.0
0.0
0.0
0.0
0.0
0.0
0.0
0.0
0.0
0.0
0.0
0.0
0.0
0.0
0.0
0.0
0.0
0.0
0.0
0.0
0.0
0.0
0.0
0.0
0.0
0.0
0.0
0.0
0.0
0.0
0.0
0.0
0.0
0.0
0.0
0.0
0.0
0.0
0.0
0.0
0.0
0.0
0.0
0.0
0.0
0.0
0.0
0.0
0.0
0.0
0.0
0.0
0.0
0.0
0.0
0.0
0.0
0.0
0.0
0.0
0.0
0.0
0.0
0.0
0.0
0.0
0.0
0.0
0.0
0.0
0.0
0.0
0.0
0.0
0.0
0.0
0.0
0.0
0.0
0.0
0.0
0.0
0.0
0.0
0.0
0.0
0.0
0.0
0.0
0.0
0.0
0.0
0.0
0.0
0.0
0.0
0.0
0.0
0.0
0.0
0.0
0.0
0.0
0.0
0.0
0.0
0.0
0.0
0.0
0.0
0.0
0.0
0.0
0.0
0.0
0.0
0.0
0.0
0.0
0.0
0.0
0.0
0.0
0.0
0.0
0.0
0.0
0.0
0.0
0.0
0.0
0.0
0.0
0.0
0.0
0.0
0.0
0.0
0.0
0.0
0.0
0.0
0.0
0.0
0.0
0.0
