0.132830
0.132767
0.141753
0.153498
0.122938
0.142359
0.147876
0.145531
0.154157
0.155858
0.155903
0.146807
0.328169
0.204165
0.120355
0.125443
0.125120
0.126695
0.144122
0.126255
0.129302
0.129558
0.130541
0.232207
0.145766
0.142828
0.141785
0.128681
0.780983
0.125668
0.123731
0.120224
0.147198
0.139124
0.132938
0.113608
0.136261
0.146620
0.141070
0.145835
0.138226
0.124273
0.138257
0.144086
0.138567
0.131101
0.135420
0.136560
0.152831
0.124134
0.143825
0.136571
0.135811
0.132451
0.138176
0.143296
0.146642
0.126353
0.128401
0.125435
0.177242
0.120575
0.115318
0.103953
0.108178
0.102577
0.099525
0.103584
0.115218
0.106952
0.107139
0.108141
0.116252
0.125280
0.131655
0.135876
0.129148
0.133088
0.127404
0.136424
0.119940
0.131888
0.142458
0.121181
0.120961
0.131020
0.126066
0.124794
0.125294
0.154202
0.114567
0.114972
0.115209
0.135660
0.126296
0.139453
0.135103
0.129785
0.127755
0.127481
0.128989
0.125042
0.124718
0.133420
0.124945
0.122720
0.123833
0.138455
0.121099
0.147982
0.127206
0.289519
0.100902
0.088632
0.083384
0.095678
0.207243
0.147584
0.060645
0.105788
0.086060
0.083468
0.086267
0.098216
0.094036
0.106466
0.099285
0.106458
0.101431
0.168793
0.200947
0.142111
0.072638
0.084520
0.091111
0.089604
0.099695
0.212578
0.140145
0.097345
0.088984
0.097876
0.089198
0.101185
0.296135
0.095672
0.088716
0.103170
0.081412
0.092913
0.081450
0.086911
0.086134
0.089015
0.080346
0.106497
0.087368
0.088635
0.086886
0.089309
0.241672
0.281414
0.067686
0.072287
0.091191
0.088106
0.083888
0.291549
0.169667
0.068179
0.060577
0.065588
0.078243
0.066903
0.221806
0.192847
0.069260
0.067755
0.070772
0.068964
0.074187
0.103328
0.103564
0.072509
0.120535
0.067688
0.074693
0.065411
0.066775
0.067755
0.064455
0.068491
0.109213
0.134175
0.142900
0.061563
0.065239
0.071482
0.104235
0.080745
0.090356
0.065037
0.064550
0.111349
0.057050
0.064598
0.071771
0.073039
0.067066
0.082891
0.082091
0.064943
0.063485
0.072030
0.065213
0.072498
0.084377
0.068697
0.080212
0.082550
0.059231
0.063001
0.063463
0.063181
0.067354
0.099384
0.087491
0.079564
0.063347
0.057889
0.065897
0.083459
0.060676
0.054531
0.082725
0.051535
0.053179
0.064736
0.056604
0.053085
0.055865
0.054909
0.073374
0.085745
0.053143
0.055526
0.060055
0.057439
0.081179
0.063003
0.072532
0.077951
0.057055
0.069176
0.057283
0.049511
0.053631
0.066935
0.075744
0.069730
0.061254
0.051754
0.056049
0.054303
0.060592
0.053061
0.053801
0.057732
0.055306
0.054711
0.055622
0.055594
0.061818
0.053887
0.056816
0.064118
0.092371
0.060985
0.051916
0.050575
0.054315
0.060337
0.057822
0.061511
0.060752
0.056095
0.055681
0.062934
0.080090
0.050515
0.052377
0.060076
0.057034
0.055070
0.055611
0.056392
0.049759
0.048114
0.049369
0.066671
0.060969
0.073217
0.058450
0.064831
0.065908
0.100625
0.078147
0.050880
0.056644
0.047461
0.114076
0.129116
0.060565
0.043816
0.112260
0.045650
0.074511
0.060930
0.050913
0.062118
0.064562
0.042106
0.052669
0.079203
0.062726
0.141008
0.134099
0.049414
0.038994
0.061224
0.041139
0.048725
0.066803
0.082536
0.128191
0.211407
0.076539
0.038672
0.033373
0.079437
0.096543
0.031897
0.170110
0.054288
0.060929
0.070305
0.066625
0.051974
0.097316
0.089229
0.057165
0.087671
0.051500
0.088899
0.111462
0.056583
0.046120
0.055661
0.070438
0.057805
0.054704
0.045448
0.071597
0.043118
0.040638
0.039769
0.037344
0.043704
0.065959
0.055721
0.042427
0.063212
0.088654
0.065765
0.095507
0.056992
0.045682
0.044289
0.040415
0.040965
0.038925
0.055725
0.043081
0.040672
0.063429
0.050516
0.054069
0.067386
0.064145
0.040705
0.038060
0.037998
0.077904
0.066027
0.069291
0.038609
0.033634
0.060127
0.037087
0.044783
0.049646
0.057931
0.052254
0.046903
0.068943
0.108318
0.074871
0.067923
0.062310
0.111645
0.053775
0.027589
0.029145
0.061596
0.051743
0.068120
0.061731
0.073322
0.049461
0.048925
0.080117
0.054811
0.074117
0.077011
0.079445
0.037651
0.046662
0.130802
0.168500
0.124733
0.147410
0.282549
0.061468
0.041723
0.022635
0.022488
0.122148
0.063736
0.051756
0.048259
0.030985
0.124381
0.051615
0.021599
0.060643
0.082525
0.190098
0.193272
0.118679
0.097286
0.125626
0.083809
0.061731
0.100353
0.079247
0.100139
0.058694
0.043922
0.204194
0.240125
0.223582
0.099005
0.103480
0.071983
0.091960
0.141539
0.178952
0.167245
0.038005
0.087851
0.060481
0.049568
0.119858
0.217062
0.172063
0.085778
0.050147
0.066129
0.148737
0.097816
0.209740
0.215472
0.105648
0.199925
0.262614
0.172640
0.199554
0.194745
0.256381
0.159111
0.283514
0.129202
0.154239
0.218805
0.137404
0.091721
0.108364
0.113135
0.062993
0.250569
0.210906
0.191356
0.263010
0.188916
0.200876
0.287259
0.150682
0.202797
0.156019
0.088656
0.079438
0.170263
0.120900
0.200044
0.123569
0.124730
0.209818
0.280104
0.235567
0.305894
0.207469
0.170949
0.125468
0.122897
0.140457
0.176418
0.137879
0.128733
0.142277
0.144071
0.127207
0.115473
0.133575
0.179239
0.200976
0.137373
0.136277
0.144305
0.157548
0.152307
0.147229
0.220786
0.227761
0.243823
0.110789
0.135345
0.149320
0.264797
0.176347
0.197838
0.121038
0.210298
0.134158
0.389654
0.209333
0.171605
0.132984
0.133548
0.108593
0.178044
0.167143
0.204450
0.135488
0.125732
0.134344
0.135548
0.135184
0.167911
0.179198
0.148136
0.183906
0.178060
0.166031
0.187326
0.130693
0.152103
0.176523
0.193751
0.166044
0.210865
0.141657
0.138148
0.132904
0.217668
0.174206
0.152692
0.161202
0.194308
0.163466
0.157073
0.129844
0.155425
0.180506
0.159274
0.163040
0.152060
0.153218
0.183551
0.146326
0.162126
0.147742
0.200828
0.215214
0.157763
0.153907
0.142052
0.139381
0.221760
0.184160
0.157058
0.127054
0.154936
0.200666
0.179346
0.149367
0.142065
0.157965
0.206673
0.190084
0.133813
0.171543
0.161320
0.125936
0.250870
0.171333
0.195969
0.137647
0.129850
0.145031
0.150931
0.145001
0.210908
0.257463
0.207948
0.135969
0.251209
0.141269
0.138683
0.134474
0.128339
0.229043
0.159474
0.162406
0.137517
0.117507
0.149829
0.170127
0.149943
0.252112
0.138477
0.193898
0.209005
0.307005
0.215676
0.209483
0.203094
0.141994
0.168890
0.161644
0.142417
0.124795
0.166428
0.145836
0.166561
0.156319
0.140530
0.149959
0.147020
0.175199
0.158040
0.158315
0.172814
0.160997
0.179516
0.164783
0.182964
0.192802
0.175843
0.166194
0.160603
0.153761
0.154205
0.147024
0.169346
0.157998
0.140901
0.150020
0.135406
0.140939
0.140085
0.139662
0.133067
0.137059
0.138519
0.138315
0.121615
0.136614
0.145012
0.158686
0.133801
0.126068
0.135159
0.129512
0.127420
0.149957
0.139829
0.152994
0.128961
0.137144
0.123754
0.104079
0.105618
0.115897
0.111445
0.106758
0.111355
0.109452
0.115170
0.108666
0.119916
0.135915
0.145197
0.177881
0.148986
0.121942
0.122149
0.127912
0.127981
0.136143
0.146434
0.132839
0.123963
0.110998
0.227616
0.151007
0.119410
0.124263
0.132256
0.123742
0.115613
0.103635
0.203497
0.173028
0.132037
0.118122
0.113943
0.207351
0.228472
0.148215
0.108388
0.116818
0.125326
0.137174
0.124296
0.123236
0.117025
0.122063
0.126991
0.133056
0.137764
0.139940
0.137399
0.131981
0.133180
0.137166
0.138289
0.132948
0.130734
0.133210
0.132734
0.116616
0.115626
0.111641
0.103842
0.089654
0.093385
0.077468
0.109871
0.054291
0.029994
0.026465
0.114252
0.058117
0.030330
0.030475
0.025863
0.105778
0.232558
0.078191
0.062739
0.061962
0.053708
0.039780
0.051540
0.079675
0.065020
0.054763
0.051031
0.060966
0.070977
0.076403
0.065143
0.066057
0.072544
0.069565
0.072459
0.068987
0.079368
0.054264
0.050884
0.091574
0.058880
0.042162
0.064351
0.047593
0.110334
0.095497
0.065114
0.055840
0.069061
0.044553
0.066270
0.084966
0.106533
0.073391
0.108256
0.063943
0.046985
0.057572
0.072831
0.137330
0.132445
0.062390
0.045444
0.055666
0.060138
0.070839
0.080363
0.088823
0.090040
0.093418
0.096908
0.103207
0.108510
0.114371
0.113532
0.113770
0.118258
0.121999
0.127350
0.129863
0.134775
0.145492
0.146525
0.138708
0.135836
0.153193
0.162598
0.166376
0.166157
0.168895
0.156870
0.155920
0.155350
0.156483
0.157781
0.158987
0.128365
0.093109
0.110198
0.212731
0.228067
0.192406
0.163975
0.143722
0.163953
0.129937
0.120849
0.110177
0.098430
0.103050
0.096308
0.091839
0.089876
0.091453
0.098375
0.099094
0.105821
0.124154
0.128899
0.130046
0.140901
0.123725
0.124943
0.132050
0.136124
0.142416
0.135069
0.132991
0.135580
0.131251
0.131585
0.134342
0.137735
0.141367
0.142685
0.145038
0.151334
0.154668
0.158098
0.166633
0.170276
0.165662
0.168133
0.165612
0.167743
0.161409
0.162787
0.161747
0.190163
0.480888
0.413349
0.302550
0.281475
0.148396
0.122994
0.150545
0.304286
0.164337
0.283445
0.144007
0.162044
0.176066
0.101281
0.096773
0.095097
0.102815
0.110389
0.109533
0.115823
0.127627
0.120712
0.122396
0.127016
0.130428
0.133083
0.133407
0.139316
0.143408
0.143955
0.147791
0.149861
0.157477
0.153345
0.156146
0.160051
0.163347
0.164717
0.167547
0.168624
0.196672
0.196836
0.189143
0.192328
0.175881
0.169228
0.160105
0.161337
0.154607
0.150689
0.149032
0.150661
0.151789
0.158907
0.167729
0.166173
0.176564
0.203301
0.221014
0.200552
0.204581
0.201953
0.203979
0.218122
0.214186
0.219539
0.223599
0.221454
0.219631
0.209467
0.202243
0.200516
0.201060
0.476914
0.269110
0.255062
0.293187
0.135260
0.158227
0.145997
0.120492
0.129154
0.140794
0.113249
0.110753
0.248754
0.239529
0.151594
0.126407
0.152311
0.129318
0.117384
0.197626
0.141031
0.124149
0.143125
0.116735
0.113373
0.115751
0.107483
0.111067
0.113613
0.118043
0.118967
0.120057
0.120902
0.121624
0.123678
0.124695
0.128032
0.134871
0.134708
0.129911
0.130660
0.133697
0.134528
0.135796
0.138189
0.138201
0.140000
0.140461
0.140308
0.144889
0.148114
0.151785
0.148472
0.150025
0.157444
0.151579
0.149769
0.146142
0.151146
0.161452
0.159509
0.154483
0.156459
0.161132
0.155521
0.171869
0.172149
0.174834
0.180641
0.179767
0.168506
0.173263
0.193861
0.173323
0.173808
0.181962
0.178461
0.191590
0.180635
0.176465
0.162792
0.178621
0.156225
0.154755
0.160993
0.160997
0.161011
0.171127
0.173510
0.177620
0.170911
0.170899
0.173927
0.171814
0.168676
0.167512
0.173306
0.167373
0.157015
0.161314
0.171375
0.178157
0.202793
0.201771
0.189002
0.175401
0.190264
0.183765
0.186119
0.189336
0.184801
0.184434
0.207016
0.195446
0.169279
0.188903
0.172347
0.171428
0.173897
0.173329
0.164489
0.189261
0.167883
0.158312
0.162250
0.159387
0.173269
0.165652
0.161745
0.151750
0.172079
0.150636
0.175473
0.141073
0.195801
0.133932
0.131837
0.145612
0.137455
0.135147
0.130759
0.137983
0.128111
0.121307
0.126018
0.124642
0.118675
0.149611
0.127267
0.182131
0.122766
0.133226
0.125336
0.126655
0.132265
0.129243
0.133000
0.144305
0.135785
0.154615
0.138743
0.136266
0.124608
0.129074
0.130907
0.129624
0.126975
0.134064
0.169346
0.143044
0.156694
0.140768
0.130095
0.162012
0.115651
0.118660
0.117740
0.125892
0.118664
0.115600
0.122768
0.120330
0.251410
0.154801
0.148664
0.113616
0.109975
0.119295
0.117894
0.121635
0.117857
0.186607
0.115806
0.128430
0.111494
0.109005
0.118968
0.109451
0.118211
0.110819
0.109790
0.109094
0.113453
0.113797
0.114824
0.114528
0.114805
0.119268
0.117975
0.129437
0.123196
0.121375
0.122513
0.123485
0.125297
0.125157
0.127414
0.138963
0.143459
0.138049
0.135697
0.140649
0.147657
0.175610
0.165690
0.169818
0.192322
0.238366
0.362008
0.443705
0.398323
0.450740
0.469939
0.479826
0.362799
0.342959
0.292262
0.224962
0.200973
0.215551
0.319418
0.251904
0.323199
0.333488
0.276727
0.198890
0.149073
0.158835
0.148875
0.152576
0.154018
0.155387
0.151356
0.147762
0.142685
0.160769
0.151742
0.143805
0.139124
0.142780
0.133117
0.136908
0.135753
0.135167
0.130042
0.129146
0.129432
0.134218
0.128444
0.126410
0.125308
0.141013
0.127366
0.130446
0.123565
0.119706
0.113368
0.116739
0.112480
0.107517
0.127691
0.180609
0.223181
0.133448
0.164327
0.107708
0.185680
0.115548
0.198150
0.097067
0.077663
0.093537
0.086801
0.083783
0.089835
0.104515
0.132794
0.107931
0.130168
0.136111
0.186034
0.117796
0.129745
0.124893
0.132672
0.120880
0.136885
0.103010
0.147374
0.112071
0.098444
0.113204
0.104815
0.114733
0.155047
0.128753
0.135201
0.125839
0.130328
0.140214
0.139680
0.132581
0.152607
0.144531
0.131159
0.134094
0.123841
0.125880
0.133099
0.167031
0.120753
0.119238
0.124245
0.130835
0.134489
0.158462
0.117875
0.118974
0.123211
0.115663
0.120059
0.115615
0.114741
0.121555
0.121796
0.125142
0.119889
0.125593
0.134139
0.149462
0.127232
0.128372
0.152231
0.162947
0.142815
0.135339
0.144793
0.142779
0.130679
0.125223
0.148831
0.149912
0.138431
0.158316
0.294905
0.128924
0.128153
0.129538
0.121270
0.122864
0.130240
0.126974
0.127591
0.134974
0.125078
0.131652
0.122214
0.124905
0.132451
0.130317
0.143818
0.134529
0.130865
0.129343
0.133071
0.134541
0.134167
0.135991
0.139674
0.145905
0.145262
0.139830
0.140598
0.144900
0.147877
0.147851
0.151428
0.151189
0.154623
0.158326
0.160853
0.163334
0.164612
0.165573
0.166750
0.168823
0.172016
0.175982
0.176157
0.177934
0.178443
0.177943
0.174396
0.172281
0.173788
0.172044
0.170845
0.170257
0.171552
0.168993
0.173406
0.175737
0.177011
0.176306
0.179820
0.177907
0.176733
0.182886
0.188122
0.183862
0.185901
0.192046
0.193550
0.189214
0.193051
0.196559
0.196340
0.196415
0.196951
0.198909
0.195463
0.192173
0.192568
0.206983
0.194386
0.194501
0.196694
0.194894
0.203879
0.194310
0.194990
0.204388
0.201722
0.201207
0.209599
0.209269
0.204992
0.213834
0.214780
0.217921
0.213534
0.214195
0.215852
0.212826
0.212599
0.220994
0.222436
0.234275
0.248441
0.261977
0.222688
0.218873
0.223957
0.220516
0.232580
0.229112
0.237517
0.234922
0.241335
0.238653
0.232074
0.230767
0.221162
0.223016
0.230314
0.248940
0.234502
0.240819
0.235965
0.243476
0.236682
0.231020
0.234925
0.235653
0.239923
0.226795
0.239708
0.241619
0.228266
0.237412
0.255725
0.229177
0.233247
0.219489
0.228661
0.230467
0.229415
0.214715
0.251115
0.219868
0.237957
0.212739
0.232782
0.255201
0.224591
0.228697
0.231014
0.234897
0.222503
0.239226
0.207843
0.237002
0.249659
0.231091
0.248460
0.209553
0.262044
0.256699
0.248503
0.241619
0.241417
0.266159
0.247370
0.240195
0.251205
0.251371
0.238609
0.241755
0.234589
0.247135
0.226661
0.234368
0.221704
0.222939
0.236130
0.262074
0.256257
0.261192
0.255852
0.249492
0.272738
0.250904
0.276507
0.261559
0.262645
0.245882
0.251251
0.249288
0.247877
0.256317
0.223977
0.241115
0.223384
0.248477
0.262133
0.243631
0.260740
0.242666
0.238844
0.242124
0.251989
0.241301
0.223418
0.220203
0.250716
0.230301
0.230395
0.224390
0.212477
0.232986
0.310885
0.219977
0.217578
0.207866
0.206350
0.207349
0.264267
0.222869
0.208411
0.195988
0.198242
0.207119
0.223093
0.203609
0.195164
0.184162
0.180024
0.182463
0.183889
0.167926
0.170073
0.192491
0.196735
0.180980
0.187045
0.176124
0.181045
0.203679
0.183763
0.210686
0.165742
0.161204
0.155985
0.154843
0.166564
0.230379
0.255436
0.326973
0.124555
0.129423
0.123710
0.121603
0.167885
0.130669
0.119242
0.161293
0.206426
0.244578
0.193364
0.220329
0.127794
0.146989
0.247359
0.090919
0.094178
0.105994
0.095899
0.092463
0.100989
0.097633
0.105441
0.097314
0.110940
0.097430
0.146862
0.121110
0.175524
0.330282
0.169003
0.129490
0.129290
0.135758
0.139664
0.168788
0.136281
0.141684
0.205091
0.144905
0.159029
0.116008
0.123401
0.147620
0.138841
0.164770
0.127882
0.111159
0.121593
0.112275
0.107491
0.115260
0.133993
0.113695
0.144983
0.115434
0.114247
0.117692
0.138430
0.121766
0.122727
0.123386
0.165011
0.141371
0.164901
0.132798
0.124891
0.150309
0.168855
0.145443
0.133115
0.118696
0.148243
0.129774
0.158076
0.128779
0.133134
0.170395
0.138412
0.127474
0.129064
0.158587
0.181656
0.156995
0.153897
0.162493
0.146209
0.152791
0.195087
0.140825
0.147176
0.153247
0.155212
0.167818
0.146127
0.180213
0.129306
0.168337
0.143608
0.104527
0.118994
0.143984
0.147327
0.121105
0.147527
0.121373
0.141139
0.124869
0.150623
0.193543
0.173884
0.184275
0.149087
0.200806
0.392793
0.149090
0.113969
0.109696
0.111483
0.116831
0.175755
0.104428
0.127256
0.113075
0.102737
0.104109
0.108621
0.103721
0.130487
0.116082
0.112946
0.134377
0.139901
0.151894
0.127991
0.146261
0.119264
0.122386
0.119719
0.118065
0.114045
0.133450
0.138480
0.147433
0.154429
0.128840
0.132662
0.117134
0.121330
0.133921
0.141707
0.154470
0.150982
0.152227
0.137371
0.149606
0.147022
0.124378
0.114416
0.119915
0.119557
0.118066
0.133430
0.157328
0.141400
0.153399
0.150854
0.133819
0.158723
0.356840
0.519619
0.186626
0.123354
0.090644
0.085765
0.095169
0.116064
0.148055
0.127010
0.416232
0.172660
0.163637
0.081026
0.089565
0.124814
0.182402
0.208239
0.194650
0.209277
0.213558
0.069294
0.079564
0.111011
0.225647
0.129321
0.108889
0.094071
0.096652
0.114038
0.160736
0.099054
0.321789
0.417445
0.306464
0.071926
0.052325
0.060986
0.085359
0.114776
0.136814
0.138829
0.148331
0.188714
0.217698
0.235757
0.114252
0.103264
0.088601
0.117193
0.121747
0.113680
0.108719
0.129528
0.112045
0.147510
0.271404
0.196374
0.093758
0.071155
0.103847
0.076935
0.147192
0.158142
0.152864
0.118445
0.209954
0.467622
0.279165
0.054345
0.037889
0.096117
0.079067
0.109254
0.062706
0.077263
0.289059
0.069169
0.076922
0.150987
0.100253
0.081523
0.080937
0.069565
0.125873
0.224897
0.068062
0.064535
0.154437
0.063559
0.056361
0.096115
0.090614
0.113079
0.082554
0.078030
0.076158
0.084165
0.101954
0.132124
0.074558
0.077285
0.079149
0.125462
0.200335
0.213908
0.090741
0.070412
0.087225
0.090188
0.158661
0.321324
0.198269
0.098992
0.076500
0.053852
0.030495
0.033192
0.190999
0.346280
0.243480
0.128535
0.184268
0.164824
0.009151
0.033045
0.071378
0.061033
0.044307
0.050585
0.059189
0.093675
0.117231
0.056678
0.067072
0.084031
0.062881
0.099345
0.069870
0.092341
0.133401
0.079612
0.265973
0.221651
0.109915
0.037908
0.024391
0.031757
0.053374
0.144383
0.055815
0.284647
0.119989
0.110004
0.043608
0.036913
0.110263
0.240031
0.075598
0.217191
0.405726
0.120404
0.102397
0.054117
0.189330
0.056811
0.044799
0.093721
0.098678
0.170544
0.116471
0.066367
0.068951
0.076306
0.088492
0.392244
0.047578
0.084701
0.200814
0.107656
0.061803
0.082476
0.075259
0.041981
0.043665
0.093530
0.040996
0.037113
0.204276
0.299225
0.079946
0.053083
0.027693
0.041377
0.113511
0.171860
0.029065
0.105236
0.234191
0.067947
0.034690
0.029062
0.031619
0.123744
0.128865
0.047015
0.037142
0.141772
0.071902
0.047281
0.049166
0.052827
0.056129
0.082168
0.071392
0.381213
0.168045
0.060427
0.130898
0.039027
0.028761
0.027411
0.027983
0.040060
0.058908
0.047158
0.045415
0.059710
0.086589
0.100500
0.124200
0.057949
0.034893
0.037450
0.036438
0.131581
0.033610
0.085323
0.083018
0.069018
0.033164
0.088132
0.038796
0.095498
0.031807
0.029526
0.057414
0.022664
0.017771
0.026409
0.042567
0.047598
0.064943
0.052673
0.054693
0.055237
0.061392
0.044733
0.039763
0.041399
0.037944
0.033632
0.039112
0.041500
0.040457
0.039241
0.041069
0.043282
0.045178
0.049262
0.036200
0.034553
0.038291
0.037342
0.040670
0.037490
0.036453
0.040595
0.043184
0.045060
0.042473
0.044937
0.035732
0.033751
0.035409
0.046437
0.042456
0.041666
0.044590
0.045858
0.042757
0.040704
0.046021
0.039862
0.037831
0.038718
0.043845
0.046162
0.053442
0.049358
0.046738
0.052273
0.053122
0.051152
0.046262
0.043641
0.045212
0.043753
0.043590
0.045119
0.049032
0.054004
0.053199
0.051909
0.051458
0.051957
0.055736
0.055271
0.061723
0.059254
0.057799
0.063615
0.066923
0.070187
0.071580
0.068363
0.066037
0.067969
0.072902
0.073259
0.080921
0.082512
0.080035
0.076395
0.084873
0.090853
0.091100
0.090311
0.083913
0.082783
0.087600
0.085940
0.084126
0.084737
0.088178
0.084685
0.087027
0.079618
0.080151
0.086946
0.086450
0.083078
0.086903
0.081842
0.082014
0.085111
0.080815
0.084619
0.089716
0.092147
0.092779
0.091669
0.090614
0.094261
0.092456
0.087969
0.082532
0.082313
0.082073
0.086104
0.087043
0.087554
0.089471
0.091208
0.093690
0.090695
0.087979
0.091562
0.092993
0.088436
0.095038
0.097756
0.097777
0.098538
0.109718
0.119789
0.115221
0.111484
0.116167
0.126266
0.136929
0.132658
0.130427
0.122831
0.119822
0.125074
0.125720
0.124136
0.120768
0.121442
0.118999
0.120138
0.116871
0.121422
0.126012
0.124835
0.117574
0.126382
0.129033
0.130689
0.130314
0.128248
0.126416
0.125312
0.130865
0.134711
0.140044
0.140330
0.139213
0.136855
0.134805
0.135276
0.135079
0.138803
0.144554
0.147271
0.137560
0.135531
0.139529
0.157313
0.160291
0.161783
0.151654
0.166222
0.164874
0.166574
0.157816
0.150136
0.149099
0.151631
0.149477
0.156049
0.154379
0.157394
0.165928
0.166128
0.166266
0.165281
0.162996
0.158863
0.156329
0.155647
0.156165
0.157573
0.164449
0.164247
0.162530
0.165519
0.161361
0.165267
0.164638
0.169870
0.166851
0.172333
0.176763
0.175007
0.170214
0.167942
0.167501
0.166839
0.169959
0.172438
0.179486
0.178162
0.179705
0.177460
0.183296
0.183414
0.184244
0.175550
0.179831
0.176028
0.181258
0.185412
0.195716
0.193341
0.194619
0.191219
0.190865
0.190171
0.187627
0.191559
0.201378
0.198280
0.197564
0.197145
0.200127
0.218101
0.218956
0.215551
0.208298
0.213877
0.215180
0.225574
0.219702
0.222743
0.219162
0.216110
0.219166
0.214688
0.221976
0.228736
0.230090
0.228912
0.227287
0.227430
0.228960
0.233186
0.224868
0.235968
0.232722
0.229308
0.236113
0.236096
0.244772
0.245697
0.247828
0.242705
0.244291
0.249187
0.242179
0.255244
0.250640
0.242345
0.241181
0.236778
0.264919
0.261811
0.259224
0.256254
0.251717
0.247054
0.251014
0.266656
0.263655
0.261702
0.251369
0.254175
0.244042
0.253197
0.263188
0.256784
0.261754
0.264853
0.269099
0.272416
0.265655
0.275958
0.275701
0.271557
0.275424
0.278156
0.277947
0.278111
0.277401
0.275395
0.278315
0.278346
0.274461
0.272528
0.272141
0.272139
0.271992
0.270283
0.267463
0.268750
0.272843
0.272826
0.276702
0.276331
0.277394
0.280316
0.293454
0.284306
0.282804
0.279909
0.285727
0.289986
0.287269
0.285374
0.289260
0.290299
0.292224
0.282279
0.280023
0.286996
0.289015
0.300944
0.307183
0.317576
0.312195
0.304194
0.308898
0.305993
0.306811
0.305226
0.308565
0.307890
0.302885
0.303360
0.312839
0.314937
0.328409
0.329277
0.326640
0.323524
0.322312
0.319983
0.323676
0.317950
0.316379
0.318185
0.324053
0.324016
0.317238
0.319503
0.325336
0.332198
0.326286
0.339360
0.332304
0.332492
0.328194
0.328181
0.325519
0.325027
0.325365
0.321317
0.322629
0.319394
0.317084
0.321278
0.328507
0.333143
0.336796
0.337785
0.337265
0.335651
0.333560
0.329956
0.339160
0.340971
0.334101
0.329139
0.331681
0.341224
0.330600
0.328477
0.328647
0.329407
0.331730
0.330672
0.337056
0.341047
0.340319
0.333783
0.328600
0.333520
0.342978
0.341002
0.329447
0.335007
0.329447
0.322243
0.320496
0.324289
0.324201
0.325145
0.334653
0.338698
0.336228
0.333106
0.337169
0.340455
0.338460
0.338771
0.336980
0.332861
0.330214
0.330098
0.333747
0.337289
0.338804
0.338575
0.341785
0.333747
0.333593
0.338581
0.336413
0.334526
0.335200
0.341377
0.338389
0.336939
0.348055
0.329888
0.338713
0.339788
0.335764
0.332767
0.331528
0.336978
0.335723
0.343289
0.341935
0.341090
0.340106
0.339760
0.344039
0.356001
0.361034
0.364438
0.361855
0.358859
0.361371
0.359717
0.357068
0.355563
0.354415
0.352568
0.357314
0.350312
0.356719
0.355489
0.361102
0.363598
0.363048
0.376607
0.378954
0.369058
0.368447
0.367043
0.365010
0.372201
0.380051
0.378103
0.371881
0.369841
0.364143
0.366011
0.374444
0.370448
0.376039
0.379285
0.382941
0.393272
0.385891
0.382088
0.378819
0.377673
0.377934
0.382361
0.379725
0.374352
0.373118
0.374220
0.367482
0.362732
0.365050
0.365933
0.367299
0.374183
0.373356
0.381233
0.384120
0.377504
0.378568
0.377105
0.372040
0.370504
0.375606
0.369782
0.370188
0.378427
0.382918
0.377589
0.383179
0.383688
0.378712
0.389724
0.390473
0.384279
0.389937
0.393760
0.391473
0.389450
0.387190
0.384963
0.388735
0.393580
0.397830
0.391647
0.393022
0.396258
0.397404
0.398125
0.398612
0.407921
0.402359
0.393612
0.392296
0.397316
0.396240
0.404718
0.403084
0.399372
0.400657
0.398506
0.404377
0.403174
0.407733
0.411783
0.406182
0.396277
0.390682
0.396982
0.401029
0.407907
0.410211
0.409739
0.406387
0.402850
0.413632
0.424527
0.416392
0.413455
0.417219
0.399057
0.391572
0.421068
0.424623
0.433685
0.444003
0.437391
0.433190
0.423403
0.420066
0.423993
0.438258
0.433717
0.433704
0.424953
0.415845
0.415705
0.415248
0.430319
0.438486
0.433346
0.449960
0.443786
0.437365
0.440484
0.441406
0.433138
0.433465
0.442459
0.446334
0.464246
0.463701
0.457847
0.450892
0.459315
0.458174
0.456759
0.458340
0.456093
0.451146
0.448217
0.449671
0.448200
0.450898
0.449322
0.451140
0.449083
0.444830
0.444893
0.443260
0.450804
0.441407
0.440923
0.442159
0.446463
0.441371
0.450066
0.452624
0.452715
0.457023
0.455521
0.454774
0.459175
0.454450
0.460259
0.452409
0.451846
0.450127
0.456437
0.464283
0.464944
0.458092
0.460940
0.460273
0.455940
0.456515
0.461428
0.444723
0.445010
0.440530
0.444289
0.448726
0.448823
0.442933
0.438523
0.433742
0.442124
0.440767
0.438268
0.441814
0.440585
0.443117
0.447175
0.439245
0.440537
0.434425
0.445103
0.447862
0.447610
0.445736
0.455702
0.462204
0.468301
0.456772
0.444470
0.435672
0.441775
0.447023
0.441512
0.449796
0.448457
0.447082
0.451486
0.452044
0.452847
0.449457
0.449287
0.446782
0.446782
0.442539
0.445864
0.459535
0.462010
0.461440
0.462765
0.471842
0.468905
0.466989
0.465092
0.465811
0.457975
0.465316
0.455156
0.456447
0.458162
0.458635
0.457975
0.460702
0.458381
0.453783
0.459855
0.464908
0.463648
0.461668
0.455762
0.454490
0.455363
0.450614
0.443157
0.438689
0.454710
0.461661
0.451736
0.455705
0.460276
0.461798
0.469154
0.470547
0.471123
0.476069
0.477813
0.470888
0.471787
0.473453
0.468664
0.469676
0.482592
0.483514
0.479355
0.485440
0.481675
0.476132
0.478989
0.480369
0.478090
0.491351
0.493108
0.490379
0.487869
0.488909
0.488987
0.486888
0.476375
0.467608
0.471282
0.475010
0.482861
0.487957
0.474580
0.492541
0.481774
0.473288
0.466259
0.467013
0.465224
0.465061
0.475032
0.464516
0.478513
0.455708
0.453005
0.464314
0.466046
0.466917
0.482252
0.484505
0.491307
0.486733
0.490102
0.495907
0.491538
0.486863
0.485899
0.481086
0.478189
0.477140
0.475281
0.473043
0.468619
0.476663
0.474256
0.493574
0.495677
0.498944
0.494659
0.500527
0.501276
0.494592
0.498226
0.500533
0.499344
0.498642
0.508516
0.511838
0.507578
0.510616
0.510540
0.499633
0.512824
0.520912
0.505208
0.505806
0.504983
0.521311
0.526025
0.523273
0.519811
0.510454
0.508715
0.513398
0.513104
0.508304
0.520072
0.528699
0.527407
0.523648
0.531310
0.534086
0.543602
0.540957
0.532085
0.529821
0.522548
0.532605
0.539346
0.540954
0.534539
0.541891
0.540934
0.545462
0.545361
0.538009
0.532359
0.531359
0.535303
0.533293
0.534800
0.527157
0.535383
0.532726
0.530733
0.533292
0.534711
0.535286
0.531447
0.541291
0.535059
0.531772
0.534180
0.540709
0.542817
0.537476
0.539332
0.535537
0.530771
0.521115
0.518129
0.530995
0.540378
0.535210
0.532591
0.533324
0.531224
0.531731
0.533674
0.531227
0.532923
0.529130
0.531812
0.527129
0.523122
0.519924
0.514921
0.517927
0.524283
0.528226
0.527582
0.527915
0.527816
0.529612
0.526660
0.517305
0.518637
0.522146
0.519792
0.524038
0.526994
0.525054
0.519048
0.516777
0.515877
0.519117
0.523513
0.531624
0.532680
0.526546
0.515089
0.516498
0.520753
0.524547
0.530786
0.532810
0.543651
0.542629
0.542103
0.542113
0.548650
0.562507
0.546258
0.559895
0.557623
0.560631
0.546896
0.560663
0.559990
0.558960
0.563108
0.565880
0.562200
0.564797
0.559494
0.555688
0.565321
0.561819
0.563267
0.558843
0.560344
0.562848
0.565220
0.561401
0.561042
0.561798
0.565206
0.561177
0.560913
0.563499
0.558323
0.567585
0.564444
0.554387
0.553698
0.562318
0.561798
0.569041
0.564030
0.551477
0.571210
0.567027
0.563467
0.536594
0.548965
0.567753
0.567988
0.562365
0.564192
0.556879
0.563885
0.566931
0.564071
0.566780
0.576167
0.574546
0.575478
0.573511
0.583440
0.581707
0.581779
0.583275
0.576480
0.584197
0.587768
0.586540
0.589958
0.585366
0.580774
0.580210
0.595115
0.583955
0.584753
0.587582
0.574861
0.576608
0.576608
0.568447
0.580297
0.579166
0.583361
0.579058
0.582923
0.594941
0.597544
0.582930
0.589084
0.586060
0.581533
0.586890
0.593571
0.590791
0.582762
0.588186
0.585319
0.579303
0.591065
0.591439
0.581576
0.579414
0.594103
0.587251
0.609052
0.588299
0.572875
0.566937
0.573202
0.577997
0.579359
0.591728
0.582522
0.588459
0.607590
0.615165
0.602353
0.596826
0.602079
0.584017
0.591529
0.597710
0.595739
0.588222
0.586390
0.590968
0.612457
0.608165
0.617257
0.616070
0.621391
0.613965
0.606143
0.605696
0.610115
0.613184
0.609980
0.622200
0.628912
0.635563
0.623819
0.623621
0.624083
0.624591
0.619374
0.616746
0.614089
0.612874
0.613938
0.616866
0.616099
0.620312
0.615842
0.618402
0.618693
0.613668
0.618060
0.614959
0.610312
0.616626
0.615571
0.601668
0.606972
0.613318
0.612332
0.617008
0.613574
0.616328
0.612246
0.619220
0.613167
0.619262
0.621716
0.629742
0.620049
0.616714
0.618882
0.624394
0.619494
0.628464
0.634549
0.631509
0.626184
0.620446
0.621203
0.619614
0.624924
0.619871
0.621222
0.614089
0.616592
0.619559
0.616459
0.626076
0.613123
0.615962
0.622583
0.626339
0.623544
0.621625
0.620772
0.617036
0.614208
0.622583
0.628851
0.623475
0.630886
0.621071
0.625929
0.628154
0.630046
0.631211
0.634626
0.628917
0.637558
0.630366
0.638744
0.634679
0.633330
0.627335
0.631202
0.629368
0.629187
0.634996
0.626269
0.628228
0.628167
0.629198
0.626504
0.632316
0.628408
0.630016
0.636214
0.626718
0.631394
0.636771
0.635570
0.650104
0.639285
0.643064
0.640073
0.646083
0.632005
0.642819
0.644009
0.631731
0.633754
0.643922
0.639045
0.644483
0.643226
0.646784
0.633793
0.643193
0.652525
0.650201
0.647025
0.650480
0.647248
0.645016
0.643789
0.639859
0.637957
0.642758
0.641799
0.637252
0.638434
0.644325
0.643819
0.646929
0.641299
0.645860
0.646739
0.640860
0.646083
0.652578
0.644307
0.642808
0.646318
0.647131
0.659080
0.661078
0.654826
0.657600
0.653159
0.647854
0.648156
0.648280
0.653804
0.655713
0.649759
0.648987
0.651119
0.646650
0.650969
0.655440
0.654716
0.653520
0.648660
0.653366
0.645922
0.649733
0.647718
0.646285
0.658100
0.656339
0.660405
0.656427
0.651954
0.651869
0.651417
0.661124
0.667795
0.659236
0.653041
0.647303
0.649385
0.641424
0.660691
0.666038
0.660889
0.659301
0.666495
0.665613
0.667238
0.658222
0.663422
0.660967
0.655611
0.673646
0.659162
0.666548
0.662614
0.656831
0.663678
0.666107
0.664757
0.668968
0.664207
0.661520
0.658157
0.660194
0.654181
0.656721
0.658991
0.655916
0.657622
0.654561
0.661906
0.657491
0.660450
0.661806
0.667885
0.662081
0.673993
0.666468
0.677470
0.684927
0.675289
0.677359
0.674151
0.670521
0.682315
0.668388
0.670672
0.670500
0.677926
0.691021
0.684062
0.694245
0.702069
0.691305
0.691561
0.689909
0.690437
0.690801
0.682346
0.700353
0.707610
0.728916
0.714918
0.731123
0.718012
0.718434
0.711697
0.715414
0.702763
0.703954
0.715147
0.703185
0.708258
0.698105
0.723971
0.708552
0.710382
0.708864
0.704798
0.700383
0.709060
0.711685
0.717781
0.711996
0.705714
0.709473
0.702644
0.695509
0.705322
0.699630
0.702276
0.712808
0.707797
0.703090
0.701061
0.703183
0.701354
0.697634
0.700130
0.702619
0.695841
0.700881
0.702663
0.703991
0.713704
0.712860
0.707062
0.701577
0.708155
0.708401
0.707157
0.717286
0.714845
0.703587
0.701730
0.702349
0.715688
0.711562
0.711163
0.710355
0.713899
0.715042
0.707882
0.714524
0.712400
0.706397
0.703735
0.709603
0.711946
0.718710
0.710681
0.713863
0.709498
0.712956
0.713176
0.704817
0.701210
0.702528
0.703478
0.699916
0.699894
0.701480
0.701039
0.691160
0.685940
0.694937
0.697751
0.693182
0.694526
0.688898
0.686648
0.690837
0.692155
0.689259
0.688033
0.687880
0.688166
0.699966
0.697707
0.699482
0.701309
0.692534
0.693150
0.700935
0.706894
0.694435
0.695321
0.706102
0.691232
0.689756
0.695092
0.704624
0.705426
0.701087
0.698314
0.713291
0.701475
0.709712
0.709025
0.698197
0.712652
0.711217
0.709887
0.718532
0.715977
0.716861
0.705263
0.710664
0.713070
0.710140
0.722718
0.727788
0.712077
0.712190
0.723296
0.723209
0.699469
0.732485
0.717931
0.717935
0.712142
0.718192
0.723356
0.719322
0.732350
0.731067
0.722807
0.731335
0.737485
0.733757
0.739510
0.723642
0.725728
0.729132
0.723354
0.723333
0.729577
0.734617
0.734302
0.732198
0.735602
0.732389
0.736992
0.741726
0.730222
0.727635
0.735409
0.736567
0.737114
0.733703
0.738860
0.736248
0.742604
0.746819
0.755377
0.741149
0.744166
0.750304
0.742451
0.748377
0.740569
0.736161
0.742809
0.740499
0.739214
0.743345
0.747085
0.747353
0.741825
0.741552
0.742825
0.744803
0.743088
0.738519
0.748310
0.751456
0.743631
0.735455
0.736611
0.747597
0.743286
0.739754
0.742145
0.744900
0.744983
0.747085
0.751181
0.750149
0.746250
0.747700
0.742838
0.747609
0.752867
0.749797
0.742670
0.750849
0.758714
0.755492
0.747179
0.741035
0.751723
0.756907
0.748298
0.751011
0.745951
0.746041
0.758867
0.758316
0.756750
0.749892
0.757701
0.747522
0.744324
0.750314
0.751718
0.748312
0.750314
0.753551
0.751362
0.751386
0.743900
0.745266
0.743940
0.749272
0.750922
0.748399
0.750485
0.759639
0.746309
0.751189
0.751981
0.750768
0.749960
0.750954
0.748144
0.752531
0.750238
0.749190
0.751981
0.745421
0.746831
0.743614
0.744729
0.746818
0.743517
0.746116
0.744903
0.744190
0.743310
0.748221
0.746636
0.737913
0.738433
0.749040
0.746298
0.742889
0.748405
0.745659
0.748032
0.744720
0.744195
0.748579
0.742889
0.740784
0.744292
0.738939
0.745653
0.742870
0.742264
0.740955
0.744020
0.749015
0.742938
0.742412
0.744893
0.743488
0.738860
0.739284
0.741732
0.745266
0.748269
0.748445
0.746324
0.749798
0.747826
0.744628
0.745708
0.744212
0.745268
0.743946
0.745156
0.745159
0.742604
0.742079
0.747450
0.751048
0.742434
0.745606
0.744258
0.748136
0.744292
0.740839
0.740852
0.739805
0.740422
0.744740
0.744440
0.741119
0.743736
0.742337
0.736305
0.737192
0.734581
0.732745
0.744914
0.741386
0.741551
0.742191
0.740085
0.741554
0.744819
0.748927
0.743372
0.736596
0.737601
0.743056
0.737192
0.743484
0.743388
0.744547
0.744897
0.741812
0.735897
0.741643
0.745606
0.744608
0.745489
0.744187
0.738612
0.734708
0.741206
0.739288
0.741641
0.745957
0.740711
0.742799
0.738532
0.738605
0.752020
0.743233
0.740068
0.747429
0.739476
0.744903
0.740825
0.740646
0.743121
0.742981
0.742191
0.736209
0.739304
0.735784
0.745061
0.737476
0.757419
0.744880
0.744458
0.739249
0.737490
0.744279
0.740353
0.737834
0.736009
0.736259
0.737572
0.742264
0.744359
0.740965
0.743857
0.740450
0.741223
0.744883
0.747777
0.739840
0.737221
0.735153
0.734187
0.739669
0.736957
0.736014
0.732614
0.734684
0.740262
0.735835
0.737883
0.737653
0.740852
0.740750
0.745061
0.739640
0.740274
0.737303
0.738165
0.738856
0.734187
0.741986
0.733131
0.730101
0.731880
0.731970
0.738860
0.740843
0.738491
0.733818
0.733007
0.733629
0.735267
0.737881
0.738646
0.739959
0.738937
0.734841
0.740947
0.736136
0.738849
0.747098
0.746814
0.746138
0.738710
0.736605
0.737377
0.732886
0.737125
0.734236
0.735704
0.740648
0.739884
0.739485
0.739288
0.738174
0.737572
0.738767
0.737303
0.732617
0.731456
0.726805
0.730043
0.721251
0.730283
0.733093
0.732996
0.735700
0.735000
0.733854
0.734632
0.738558
0.732996
0.731689
0.734558
0.736223
0.735955
0.730938
0.722938
0.728244
0.735713
0.740328
0.732707
0.739983
0.743372
0.754936
0.754670
0.754012
0.747609
0.745251
0.746206
0.747342
0.749554
0.756151
0.746651
0.758424
0.755935
0.757940
0.749982
0.749986
0.742022
0.742516
0.750494
0.745651
0.763645
0.759009
0.749310
0.750426
0.745753
0.738933
0.734610
0.720788
0.734103
0.732267
0.742306
0.737866
0.736857
0.743345
0.733586
0.735825
0.747341
0.734103
0.735106
0.723436
0.719389
0.728310
0.737377
0.722408
0.731559
0.735047
0.736873
0.736612
0.734147
0.722105
0.733275
0.733204
0.735897
0.730193
0.719176
0.711757
0.726782
0.709293
0.666624
0.709055
0.714123
0.683685
0.718161
0.717037
0.723634
0.731939
0.726430
0.689236
0.737810
0.683780
0.729643
0.724829
0.685646
0.723281
0.696032
0.708576
0.705372
0.672542
0.716176
0.674447
0.669667
0.666256
0.674869
0.712955
0.689771
0.715663
0.696745
0.722052
0.621925
0.585001
0.637150
0.567161
0.588894
0.650556
0.688413
0.718218
0.645670
0.537520
0.625869
0.672113
0.688211
0.664681
0.566621
0.525759
0.579264
0.581079
0.540895
0.618487
0.605086
0.634113
0.643408
0.659190
0.613306
0.644224
0.600563
0.530135
0.590164
0.556723
0.543816
0.534711
0.522223
0.634024
0.521552
0.563153
0.546268
0.529659
0.366520
0.539217
0.645370
0.678730
0.579137
0.606337
0.635298
0.580494
0.574466
0.652607
0.589525
0.637322
0.644876
0.560222
0.669264
0.652831
0.697945
0.649411
0.604352
0.612752
0.579772
0.623323
0.568720
0.620076
0.661394
0.609776
0.653758
0.702571
0.669000
0.650350
0.617271
0.670107
0.663972
0.673633
0.644321
0.588146
0.583094
0.569893
0.611250
0.633273
0.627375
0.646521
0.670170
0.649276
0.656022
0.674187
0.675155
0.649716
0.666618
0.611236
0.468325
0.588131
0.663127
0.578336
0.656186
0.675817
0.668677
0.666567
0.656689
0.635435
0.632494
0.646927
0.646034
0.653656
0.598217
0.594432
0.628570
0.645402
0.649385
0.658585
0.675189
0.674920
0.622693
0.610758
0.683700
0.675647
0.587369
0.570340
0.586378
0.627138
0.634269
0.638874
0.635317
0.646956
0.654716
0.621423
0.588375
0.578930
0.612220
0.624354
0.617752
0.642097
0.628240
0.657428
0.661398
0.662251
0.653001
0.654881
0.657740
0.654202
0.614562
0.635651
0.630826
0.638547
0.630215
0.660017
0.632971
0.603780
0.653021
0.627035
0.613234
0.646620
0.590548
0.636125
0.673410
0.621534
0.642794
0.593121
0.601730
0.609442
0.579792
0.631670
0.584387
0.590193
0.499113
0.470575
0.389078
0.528565
0.526443
0.490457
0.467179
0.470150
0.440487
0.546671
0.557858
0.553195
0.499294
0.605082
0.636153
0.633347
0.492675
0.637282
0.531864
0.606087
0.662771
0.629895
0.640973
0.632119
0.637001
0.652272
0.609859
0.557593
0.586080
0.579384
0.589967
0.605345
0.578930
0.516398
0.547810
0.601867
0.622039
0.635554
0.547675
0.609161
0.633469
0.577167
0.563236
0.589354
0.625886
0.633593
0.616849
0.596945
0.594289
0.626758
0.572750
0.541309
0.499246
0.492037
0.569883
0.579390
0.582260
0.606880
0.602695
0.625715
0.572764
0.600906
0.612636
0.581937
0.620317
0.559325
0.543633
0.560227
0.542367
0.529753
0.535132
0.590077
0.591718
0.613770
0.587496
0.573413
0.598670
0.607918
0.566141
0.600896
0.591592
0.609417
0.577431
0.568171
0.502284
0.499068
0.565865
0.586563
0.546489
0.452927
0.547660
0.557525
0.537536
0.472744
0.526896
0.573167
0.532291
0.599111
0.475380
0.502564
0.474837
0.456699
0.552665
0.605872
0.613965
0.558989
0.559685
0.590584
0.536202
0.483280
0.436112
0.420784
0.615326
0.656227
0.599756
0.572928
0.469125
0.573317
0.470917
0.421288
0.394784
0.478443
0.514775
0.535815
0.462952
0.528738
0.341016
0.538796
0.508434
0.533189
0.368985
0.487514
0.538900
0.448154
0.546635
0.537832
0.579958
0.485075
0.441680
0.481097
0.395350
0.522650
0.473983
0.562882
0.499294
0.379254
0.498081
0.472459
0.381383
0.510846
0.576175
0.556556
0.434390
0.363788
0.284797
0.544080
0.319481
0.537246
0.279068
0.325598
0.421497
0.439725
0.290430
0.345344
0.366075
0.455996
0.381217
0.449134
0.435875
0.490536
0.581023
0.586134
0.509933
0.448573
0.479694
0.509636
0.470075
0.571472
0.505130
0.537787
0.377276
0.386961
0.445675
0.374988
0.488457
0.565903
0.571661
0.499436
0.441069
0.351546
0.559652
0.450484
0.440427
0.434878
0.398853
0.513535
0.488991
0.459993
0.270727
0.299968
0.348684
0.480283
0.574438
0.512390
0.277470
0.479600
0.405006
0.590474
0.383657
0.555918
0.625994
0.384249
0.400878
0.505129
0.539208
0.556549
0.532447
0.521228
0.511294
0.504075
0.395906
0.458293
0.567890
0.446022
0.507072
0.392124
0.475993
0.495946
0.548838
0.515754
0.499692
0.508667
0.526340
0.510877
0.551308
0.492664
0.522189
0.455574
0.441150
0.546485
0.561967
0.430630
0.366251
0.422334
0.430655
0.516788
0.530972
0.533588
0.529699
0.476507
0.436565
0.471779
0.490468
0.532715
0.478855
0.477220
0.520955
0.539057
0.462794
0.425574
0.463984
0.510398
0.492963
0.463893
0.439167
0.488770
0.511745
0.549911
0.507487
0.448690
0.472944
0.532935
0.483195
0.473840
0.484594
0.498292
0.505576
0.466410
0.420109
0.492446
0.514615
0.513011
0.527402
0.529305
0.513847
0.532124
0.549435
0.551780
0.502299
0.508160
0.513437
0.466039
0.505690
0.472705
0.523629
0.440845
0.471960
0.476773
0.541523
0.404378
0.422464
0.499386
0.526390
0.466933
0.392870
0.447274
0.433049
0.401419
0.441953
0.295289
0.379367
0.514998
0.512037
0.370618
0.322894
0.378795
0.547245
0.518625
0.589025
0.543521
0.404837
0.509270
0.481565
0.507255
0.566951
0.470968
0.381294
0.399948
0.319974
0.537532
0.354638
0.478291
0.382412
0.317596
0.463042
0.239850
0.340607
0.436389
0.287739
0.395730
0.414383
0.560885
0.260224
0.478781
0.426288
0.403017
0.415884
0.307140
0.368465
0.449825
0.226949
0.280806
0.264168
0.472476
0.269735
0.378066
0.233302
0.324538
0.316046
0.261186
0.382088
0.223684
0.389002
0.427457
0.558530
0.410383
0.366551
0.235333
0.423191
0.407663
0.373391
0.329099
0.336208
0.270166
0.347133
0.434088
0.417544
0.547386
0.646975
0.715974
0.517471
0.259051
0.352192
0.327386
0.386546
0.432361
0.353294
0.422085
0.512774
0.552511
0.547144
0.407121
0.409610
0.350123
0.420822
0.282789
0.284114
0.390760
0.455851
0.369459
0.423035
0.437464
0.362920
0.481517
0.469945
0.414083
0.297809
0.490285
0.413644
0.502895
0.528467
0.371265
0.432641
0.443788
0.469328
0.460031
0.450311
0.326654
0.353037
0.335387
0.413295
0.403753
0.492788
0.487080
0.398710
0.325381
0.338682
0.328178
0.480456
0.510264
0.447596
0.308903
0.250077
0.241394
0.247416
0.473063
0.472701
0.477239
0.529117
0.352353
0.235308
0.250284
0.278839
0.433103
0.463645
0.507017
0.485012
0.417255
0.482605
0.502353
0.497893
0.504325
0.458900
0.255298
0.250723
0.343455
0.437220
0.339430
0.434002
0.385557
0.409274
0.363567
0.452812
0.360792
0.360750
0.369421
0.333305
0.269548
0.386713
0.427534
0.430644
0.423716
0.398636
0.366898
0.284950
0.213236
0.257634
0.369408
0.391123
0.405311
0.401682
0.432755
0.306080
0.304638
0.244712
0.268876
0.341435
0.371979
0.396921
0.205197
0.258043
0.230853
0.454976
0.365875
0.203005
0.252028
0.274118
0.277503
0.253848
0.226944
0.188191
0.162239
0.220703
0.411435
0.314608
0.333629
0.420299
0.177550
0.250272
0.412271
0.211154
0.220778
0.372275
0.189105
0.600188
0.133370
0.120890
0.210677
0.188446
0.144772
0.289645
0.369599
0.425128
0.259094
0.226297
0.257156
0.280138
0.285266
0.273833
0.290138
0.301783
0.349762
0.229925
0.184601
0.266230
0.307566
0.199301
0.313334
0.324513
0.218686
0.170171
0.193114
0.125620
0.140835
0.105369
0.166402
0.261487
0.392802
0.159428
0.196579
0.220532
0.308745
0.203162
0.142476
0.131526
0.144089
0.121711
0.135272
0.228309
0.167968
0.152754
0.269805
0.388617
0.346983
0.204592
0.278181
0.165557
0.123098
0.150597
0.098888
0.082883
0.107176
0.081366
0.108669
0.094286
0.136050
0.071569
0.180768
0.289040
0.108111
0.124412
0.148676
0.336453
0.200333
0.100172
0.193694
0.204067
0.160057
0.131035
0.161077
0.177427
0.120607
0.186491
0.100488
0.114688
0.085212
0.130641
0.101157
0.340929
0.240955
0.096882
0.182598
0.110937
0.312147
0.122761
0.291544
0.114138
0.191392
0.106693
0.103197
0.133275
0.215459
0.164564
0.083016
0.266742
0.269637
0.247370
0.129872
0.103373
0.167847
0.115388
0.093369
0.210732
0.197639
0.109826
0.109728
0.102324
0.158991
0.233224
0.163437
0.263397
0.328095
0.163823
0.060412
0.125632
0.087589
0.089029
0.057050
0.095117
0.061567
0.052406
0.149354
0.187057
0.562337
0.065054
0.057841
0.081247
0.231675
0.281768
0.082697
0.062520
0.086943
0.083251
0.620055
0.064985
0.841468
0.060939
0.111021
0.142435
0.102599
0.061664
0.107564
0.068360
0.179672
0.068800
0.370936
0.149638
0.147473
0.160156
0.122310
0.328827
0.097781
0.233892
0.182988
0.241664
0.157454
0.090138
0.359413
0.501547
0.526373
0.471027
0.378614
0.248579
0.327334
0.096361
0.145067
0.159034
0.096368
0.090613
0.306708
0.220586
0.039986
0.036956
0.032622
0.311721
0.043954
0.055630
0.181390
0.048205
0.038504
0.325417
0.070797
0.202789
0.199406
0.040873
0.076510
0.062867
0.055169
0.196271
0.120452
0.059662
0.040144
0.045276
0.160013
0.095916
0.402387
0.029578
0.284563
0.086122
0.005212
0.055566
0.145054
0.054224
0.127257
0.251057
0.181729
0.181602
0.007972
0.317553
0.021801
0.044479
0.066522
0.073480
0.081374
0.235934
0.084491
0.021038
0.022198
0.138052
0.134910
0.195875
0.101876
0.037916
0.081727
0.149166
0.080017
0.166092
0.065833
0.293476
0.276039
0.364671
0.095547
0.080972
0.149403
0.068018
0.063005
0.046697
0.107216
0.045007
0.054319
0.100863
0.129265
0.073447
0.019952
0.325477
0.287504
0.099031
0.062818
0.109048
0.071497
0.028268
0.281826
0.151536
0.140466
0.151901
0.206640
0.071658
0.268756
0.102917
0.086913
0.082966
0.194419
0.096214
0.104612
0.164476
0.073457
0.025899
0.106167
0.031730
0.008626
0.573741
0.545148
0.540818
0.636232
0.457281
0.410114
0.208501
0.101490
0.122191
0.209342
0.076510
0.063493
0.215673
0.161997
0.094412
0.189839
0.090314
0.060488
0.055441
0.067294
0.052806
0.086323
0.033040
0.164987
0.537723
0.032455
0.231228
0.122795
0.158255
0.014525
0.255192
0.014211
0.054232
0.212071
0.058691
0.039791
0.059298
0.085729
0.305847
0.159238
0.081722
0.047298
0.063039
0.102697
0.055784
0.182801
0.424260
0.044789
0.029852
0.069773
0.038824
0.233083
0.043436
0.055353
0.070837
0.144371
0.007733
0.076484
0.356359
0.073505
0.085465
0.157784
0.337896
0.105559
0.007826
0.004489
0.333350
0.000037
0.200089
0.108008
0.023337
0.516334
0.226756
0.301728
0.003602
0.095965
0.117659
0.018323
0.136362
0.422670
0.247852
0.002624
0.000969
0.065960
0.026089
0.106771
0.095562
0.110385
0.099641
0.074722
0.068080
0.054087
0.275869
0.000609
0.123230
0.166591
0.053638
0.000000
0.001687
0.276913
0.101134
0.036007
0.030103
0.174656
0.160750
0.111005
0.031983
0.151042
0.357300
0.025121
0.003295
0.009493
0.033144
0.014541
0.008609
0.166540
0.006641
0.184386
0.018604
0.053551
0.060513
0.024704
0.181852
0.165385
0.142041
0.100285
0.018331
0.022466
0.226788
0.010246
0.269096
0.054912
0.283824
0.068454
0.191958
0.007918
0.011046
0.003896
0.145407
0.040354
0.104739
0.043010
0.014481
0.383718
0.021990
0.070447
0.109724
0.262328
0.070887
0.193986
0.062761
0.138617
0.183135
0.295651
0.112433
0.053121
0.066922
0.070657
0.068984
0.291436
0.062243
0.023165
0.235536
0.183176
0.112990
0.070533
0.206375
0.087927
0.219212
0.062222
0.121456
0.194171
0.068612
0.107378
0.055861
0.382785
0.553436
0.137566
0.076871
0.067001
0.213139
0.218512
0.338164
0.330303
0.435745
0.377245
0.130568
0.186852
0.521556
0.452323
0.127723
0.120961
0.387934
0.094445
0.078800
0.383673
0.070216
0.261562
0.355158
0.363239
0.371460
0.171583
0.174281
0.256938
0.299660
0.088810
0.175198
0.087159
0.314443
0.109369
0.070657
0.050637
0.084330
0.257283
0.173534
0.490145
0.296703
0.305911
0.086098
0.130463
0.086357
0.179904
0.362145
0.248125
0.157944
0.222328
0.223595
0.162163
0.110411
0.209036
0.412901
0.138654
0.117418
0.137915
0.194540
0.136124
0.160424
0.168367
0.117974
0.141239
0.155565
0.193825
0.138706
0.141217
0.225791
0.398951
0.221375
0.191870
0.233144
0.226366
0.253540
0.243040
0.187541
0.282157
0.339549
0.477951
0.249516
0.266547
0.222853
0.159078
0.410528
0.168960
0.210189
0.272207
0.262969
0.193001
0.225025
0.261918
0.219012
0.311542
0.176035
0.215250
0.203416
0.206428
0.291643
0.276766
0.214385
0.193802
0.181175
0.245447
0.276903
0.218250
0.224045
0.230580
0.220953
0.229958
0.190858
0.234383
0.266908
0.191167
0.306162
0.268327
0.279199
0.238872
0.216095
0.354653
0.300815
0.246477
0.292804
0.326097
0.234502
0.249029
0.291609
0.223667
0.267909
0.208587
0.244890
0.326950
0.266146
0.226530
0.256495
0.262447
0.255320
0.304662
0.267630
0.241565
0.226097
0.278077
0.283573
0.297978
0.280542
0.263883
0.224004
0.236286
0.275543
0.297015
0.208329
0.273060
0.261562
0.294421
0.290462
0.279247
0.218392
0.314520
0.252820
0.274314
0.235493
0.245811
0.237472
0.278267
0.247434
0.274076
0.288648
0.253301
0.237076
0.263600
0.217637
0.229380
0.266065
0.242454
0.253530
0.219837
0.271830
0.202964
0.225753
0.217881
0.297877
0.268723
0.261401
0.246017
0.281348
0.273675
0.241107
0.246077
0.245630
0.228843
0.227528
0.331793
0.266375
0.291235
0.381768
0.322924
0.325730
0.291971
0.259993
0.307190
0.284155
0.299347
0.274983
0.253510
0.279178
0.244919
0.306075
0.320475
0.230333
0.335360
0.256507
0.258524
0.319762
0.230363
0.232187
0.267034
0.280456
0.266912
0.269597
0.258006
0.272680
0.255290
0.261980
0.309180
0.388153
0.447484
0.329398
0.292196
0.265676
0.313152
0.290160
0.326840
0.278714
0.271495
0.265593
0.286444
0.297574
0.312262
0.312579
0.265258
0.223576
0.290508
0.311980
0.296144
0.295131
0.297052
0.278442
0.335913
0.233436
0.233849
0.218531
0.224472
0.215316
0.339829
0.260826
0.305087
0.353086
0.215688
0.285386
0.274784
0.318914
0.225938
0.243019
0.209467
0.416293
0.246258
0.331882
0.245541
0.360303
0.223577
0.282306
0.281088
0.373507
0.259382
0.230069
0.401158
0.335994
0.266453
0.235009
0.281997
0.285503
0.351021
0.316607
0.337080
0.251994
0.268791
0.339179
0.265473
0.297447
0.264298
0.335420
0.272390
0.324952
0.306837
0.358419
0.363517
0.346592
0.284578
0.277547
0.276069
0.267125
0.256822
0.233178
0.319080
0.303180
0.279857
0.369644
0.292731
0.265238
0.299158
0.296359
0.321967
0.292621
0.289781
0.276507
0.280622
0.281240
0.285437
0.299360
0.315226
0.296557
0.285290
0.300822
0.267022
0.289941
0.263638
0.325937
0.346269
0.336966
0.324060
0.317091
0.301119
0.376389
0.310154
0.309724
0.280780
0.294578
0.290152
0.356795
0.362165
0.318213
0.333894
0.305577
0.390354
0.332582
0.366524
0.358023
0.295772
0.304237
0.289782
0.313926
0.298869
0.288763
0.353722
0.285981
0.349552
0.256167
0.303777
0.284970
0.315739
0.301022
0.283422
0.438345
0.382507
0.294167
0.294058
0.287336
0.267060
0.375599
0.359328
0.371979
0.313322
0.332143
0.266111
0.297593
0.325696
0.326096
0.283890
0.329308
0.379816
0.405019
0.394260
0.334933
0.324779
0.284113
0.270036
0.259280
0.304533
0.275900
0.319526
0.350472
0.310078
0.394627
0.313119
0.336428
0.318469
0.307764
0.421828
0.309313
0.366391
0.299072
0.328848
0.351204
0.352250
0.358854
0.315502
0.393822
0.437341
0.382182
0.513534
0.299440
0.289260
0.391931
0.365206
0.465266
0.300895
0.376786
0.388387
0.476435
0.352634
0.418708
0.472546
0.311854
0.327832
0.324924
0.308210
0.379621
0.289538
0.272035
0.292410
0.282531
0.447224
0.446056
0.268073
0.275970
0.250275
0.349182
0.418014
0.337554
0.310442
0.271433
0.286684
0.256908
0.397118
0.412085
0.263598
0.359686
0.277587
0.356163
0.298788
0.257924
0.304016
0.336131
0.344780
0.330668
0.362547
0.311356
0.346433
0.288003
0.290543
0.284739
0.283884
0.381834
0.292411
0.393011
0.348770
0.352279
0.315256
0.354216
0.354518
0.377667
0.361271
0.323814
0.328905
0.358031
0.328791
0.388186
0.371378
0.349034
0.390246
0.409241
0.403395
0.347726
0.327252
0.395386
0.384000
0.343129
0.349305
0.361301
0.414156
0.363280
0.393394
0.383816
0.338198
0.365222
0.349546
0.340353
0.315115
0.321741
0.296455
0.381335
0.357676
0.432718
0.556601
0.431953
0.301010
0.477286
0.456540
0.387984
0.371950
0.405104
0.380159
0.329980
0.447580
0.408611
0.332715
0.306575
0.334011
0.411470
0.434310
0.429704
0.430818
0.405059
0.393146
0.384899
0.344666
0.424584
0.396479
0.390525
0.343696
0.370328
0.374957
0.454124
0.410738
0.398482
0.473726
0.362427
0.457113
0.437394
0.439435
0.422654
0.323230
0.389810
0.577826
0.419834
0.361424
0.439477
0.468746
0.453576
0.389232
0.459733
0.442695
0.366834
0.444971
0.417833
0.376512
0.462562
0.432730
0.376922
0.490531
0.432938
0.461594
0.423785
0.385156
0.405847
0.396851
0.376570
0.416836
0.408602
0.385071
0.395573
0.390038
0.411107
0.492968
0.418608
0.445900
0.392814
0.398534
0.416010
0.426729
0.474107
0.453464
0.440138
0.401131
0.412724
0.448133
0.462723
0.387177
0.485657
0.492714
0.426038
0.443191
0.486885
0.487218
0.486228
0.442814
0.484541
0.431760
0.497062
0.492664
0.458439
0.405354
0.429464
0.411425
0.467559
0.471544
0.463676
0.522790
0.461664
0.504244
0.400157
0.500948
0.459435
0.478345
0.412953
0.440305
0.404998
0.481422
0.445093
0.500835
0.468210
0.416900
0.477306
0.466278
0.528011
0.505477
0.493380
0.485179
0.445124
0.480514
0.448853
0.418410
0.458857
0.500603
0.463600
0.449240
0.536279
0.416104
0.473938
0.497238
0.528271
0.443772
0.516047
0.413954
0.497396
0.488418
0.476303
0.483229
0.467646
0.486889
0.482150
0.463260
0.434385
0.451630
0.462927
0.415089
0.488377
0.503799
0.468811
0.405463
0.502519
0.434090
0.500283
0.446904
0.458456
0.482788
0.503328
0.510528
0.535952
0.510744
0.540629
0.464695
0.587717
0.502576
0.473072
0.558915
0.505377
0.499834
0.449651
0.428813
0.444191
0.455698
0.483305
0.454220
0.437178
0.470092
0.442373
0.479612
0.425930
0.464574
0.455404
0.513160
0.494308
0.490115
0.504198
0.458163
0.422253
0.488072
0.463654
0.487672
0.472826
0.493894
0.443743
0.434361
0.490173
0.422656
0.505608
0.459270
0.487495
0.474514
0.423189
0.447699
0.415487
0.442381
0.493933
0.466104
0.428383
0.421174
0.448396
0.445843
0.396940
0.435802
0.403856
0.484397
0.384934
0.467181
0.431414
0.399969
0.415633
0.402153
0.446278
0.471939
0.534008
0.398664
0.378730
0.484916
0.461727
0.453930
0.450664
0.442259
0.463934
0.449126
0.419890
0.540093
0.451286
0.455257
0.490626
0.462920
0.466811
0.502857
0.492726
0.458964
0.406608
0.451246
0.453087
0.469901
0.444329
0.513798
0.464206
0.464831
0.431254
0.460963
0.481113
0.436162
0.404120
0.425871
0.455000
0.471358
0.494151
0.477852
0.461497
0.420303
0.450741
0.476377
0.453804
0.460205
0.452273
0.451794
0.520739
0.426642
0.435780
0.468312
0.522458
0.442933
0.476213
0.512598
0.429722
0.558707
0.486403
0.579867
0.489864
0.404876
0.407750
0.407710
0.517641
0.435743
0.459648
0.509446
0.507394
0.488178
0.482137
0.511766
0.528597
0.483597
0.517405
0.424891
0.488340
0.502306
0.523359
0.488144
0.393745
0.445114
0.395136
0.467228
0.538052
0.412229
0.574892
0.559511
0.530511
0.430481
0.487633
0.628898
0.471867
0.463863
0.499043
0.422203
0.407614
0.552412
0.480844
0.466132
0.555706
0.474263
0.468979
0.425627
0.531672
0.567653
0.562421
0.543571
0.550378
0.507001
0.491286
0.519293
0.494440
0.444100
0.454407
0.587895
0.422023
0.482098
0.502288
0.578768
0.540801
0.571994
0.521105
0.489965
0.536537
0.519178
0.561841
0.511349
0.533863
0.536309
0.511680
0.421943
0.419187
0.446361
0.397686
0.534153
0.408821
0.600908
0.502091
0.507574
0.486075
0.586048
0.466469
0.577307
0.419460
0.605627
0.600641
0.395330
0.506740
0.570389
0.419986
0.431520
0.527740
0.598251
0.556073
0.601937
0.557486
0.398408
0.561708
0.419303
0.501292
0.627552
0.465916
0.671615
0.533358
0.542347
0.467259
0.494988
0.507417
0.398794
0.520467
0.606915
0.500210
0.411647
0.435571
0.477238
0.523213
0.540375
0.557554
0.426550
0.442418
0.431775
0.461255
0.464917
0.598838
0.408332
0.451485
0.732089
0.694893
0.621900
0.624901
0.413839
0.435349
0.596092
0.410516
0.701611
0.598845
0.670292
0.406239
0.618156
0.565313
0.661048
0.405354
0.587635
0.662070
0.589421
0.493911
0.588179
0.652810
0.455035
0.446698
0.693991
0.366389
0.433823
0.753929
0.329844
0.373784
0.905116
0.434043
0.348071
0.313309
0.804817
0.408913
0.825087
0.725036
0.581712
0.697215
0.647692
0.710132
0.395553
0.632522
0.692403
0.412686
0.711924
0.700234
0.372062
0.739507
0.485625
0.987364
0.730589
0.421282
0.743260
0.562064
0.574053
0.522520
0.681195
0.617711
0.572022
0.623882
0.481824
0.523062
0.483714
0.567008
0.514163
0.512966
0.569472
0.669448
0.521322
0.465502
0.642530
0.803086
0.404189
0.627858
0.654363
0.458891
0.547556
0.531870
0.446689
0.592287
0.684961
0.660639
0.645660
0.455217
0.569472
0.549009
0.412384
0.712567
0.507929
0.424391
0.550028
0.591444
0.489962
0.534788
0.577203
0.632426
0.644118
0.551506
0.532298
0.471573
0.476833
0.389879
0.422505
0.442277
0.390808
0.697002
0.411641
0.681235
0.527210
0.557357
0.555845
0.386663
0.530742
0.652182
0.661004
0.455109
0.422601
0.339700
0.606424
0.792260
0.367059
0.487242
0.637332
0.392565
0.698822
0.785514
0.564691
0.510750
0.633846
0.795181
0.389899
0.375419
0.473293
0.670228
0.522627
0.389551
0.471417
0.514438
0.646567
0.381135
0.367827
0.508728
0.814088
0.466599
0.459193
0.451041
0.533860
0.366215
0.332638
0.363015
0.317717
0.586153
0.680345
0.691358
0.631743
0.653190
0.427683
0.803822
0.612313
0.467482
0.668397
0.597868
0.605646
0.584687
0.602244
0.497901
0.544813
0.483568
0.490054
0.480342
0.532902
0.609645
0.651304
0.658659
0.613286
0.524242
0.605838
0.735750
0.575376
0.536840
0.506489
0.599000
0.634432
0.474573
0.538203
0.460281
0.504798
0.427527
0.546435
0.520838
0.465424
0.405590
0.654162
0.722694
0.496122
0.625999
0.488437
0.492269
0.436466
0.627671
0.548839
0.713502
0.836058
0.457511
0.665050
0.582142
0.621533
0.704683
0.505431
0.607064
0.504221
0.711557
0.663227
0.563254
0.774553
0.601056
0.550021
0.533392
0.460556
0.724046
0.643860
0.629056
0.596069
0.849811
0.708110
0.562792
0.660299
0.766546
0.638413
0.682244
0.585002
0.666456
0.646659
0.501197
0.554941
0.702684
0.455139
0.605613
0.645835
0.579652
0.560493
0.711893
0.663199
0.479321
0.430222
0.541366
0.355474
0.455699
0.689205
1.000000
0.627005
0.404176
0.534318
0.772040
0.685928
0.787026
0.474327
0.454282
0.408608
0.506940
0.508302
0.423776
0.611872
0.655835
0.417842
0.413988
0.598994
0.717448
0.582598
0.563396
0.536547
0.561729
0.543743
0.856259
0.747196
0.569176
0.546105
0.554137
0.552304
0.623390
0.545480
0.482940
0.425694
0.449940
0.432548
0.448303
0.619450
0.522085
0.503171
0.598954
0.437283
0.479104
0.669278
0.621135
0.599283
0.473700
0.479375
0.960463
0.584922
0.693503
0.569414
0.474509
0.476647
0.440746
0.437736
0.359804
0.339160
0.386612
0.534753
0.350133
0.324550
0.450750
0.503783
0.387263
0.344048
0.635246
0.325834
0.310417
0.444008
0.322235
0.391231
0.430889
0.337393
0.333448
0.324681
0.508072
0.435719
0.413192
0.319269
0.330600
0.464734
0.367498
0.559943
0.324045
0.414016
0.344179
0.325582
0.320101
0.329541
0.342153
0.305068
0.378410
0.374562
0.316708
0.343291
0.555454
0.331761
0.329201
0.374713
0.339176
0.316297
0.368221
0.400417
0.376319
0.377182
0.486304
0.530897
0.516184
0.482269
0.433361
0.423842
0.371929
0.366602
0.459282
0.623192
0.455827
0.404363
0.379177
0.355917
0.413752
0.516984
0.381462
0.388638
0.352607
0.379198
0.548562
0.353807
0.347309
0.411471
0.424191
0.382113
0.345903
0.342448
0.342256
0.354923
0.305262
0.331666
0.411552
0.323101
0.562687
0.351888
0.327127
0.326092
0.371645
0.397393
0.368780
0.421303
0.389421
0.416428
0.368542
0.390759
0.420627
0.354022
0.380044
0.403780
0.394395
0.408706
0.360028
0.348908
0.366239
0.416907
0.382391
0.468275
0.417095
0.377652
0.366247
0.382351
0.457978
0.511995
0.411226
0.385945
0.384828
0.393067
0.358436
0.353281
0.361116
0.362857
0.402060
0.415394
0.428634
0.359633
0.348823
0.382971
0.373088
0.366372
0.349200
0.416952
0.443347
0.394253
0.370597
0.363384
0.374795
0.352871
0.343797
0.357350
0.393687
0.395027
0.511845
0.383146
0.381737
0.379836
0.395394
0.410031
0.437685
0.443486
0.436493
0.395874
0.453319
0.370691
0.387972
0.347204
0.423453
0.387418
0.341771
0.418110
0.360559
0.348580
0.350210
0.370581
0.392267
0.408227
0.357933
0.363138
0.343258
0.363799
0.343877
0.351022
0.341643
0.364317
0.408593
0.344311
0.337080
0.338990
0.396922
0.353197
0.345932
0.353086
0.348258
0.354222
0.352971
0.355184
0.336047
0.359716
0.343133
0.349255
0.327541
0.332940
0.364749
0.345906
0.358681
0.349032
0.341411
0.345866
0.334626
0.349716
0.340352
0.365051
0.401094
0.372075
0.355906
0.369263
0.369695
0.367566
0.351927
0.335679
0.353404
0.364078
0.403581
0.452907
0.405730
0.416782
0.355895
0.370445
0.360524
0.360169
0.367116
0.367173
0.385092
0.376505
0.363649
0.383732
0.418771
0.391358
0.390325
0.367150
0.404587
0.367771
0.380169
0.378983
0.415350
0.414773
0.407288
0.374546
0.372626
0.399923
0.387420
0.403428
0.373384
0.392589
0.367280
0.369720
0.384799
0.391013
0.411152
0.395551
0.370089
0.364905
0.446023
0.394268
0.385218
0.376218
0.378416
0.410351
0.376218
0.440469
0.388550
0.398114
0.391953
0.391252
0.394287
0.411421
0.400982
0.396923
0.401418
0.398006
0.383809
0.393694
0.401783
0.398236
0.391628
0.401311
0.402327
0.395977
0.412839
0.411159
0.405071
0.406199
0.407573
0.404269
0.404865
0.400287
0.404471
0.397278
0.416085
0.417036
0.430981
0.408925
0.404349
0.401305
0.397232
0.398401
0.399438
0.401183
0.399942
0.420134
0.406111
0.401707
0.405701
0.402356
0.404881
0.412113
0.411077
0.422554
0.412197
0.412188
0.424935
0.412628
0.413356
0.409680
0.414346
0.410441
0.408952
0.408937
0.404755
0.404522
0.411048
0.405906
0.406958
0.406400
0.412066
0.408630
0.400322
0.405657
0.406459
0.416393
0.411468
0.413370
0.406477
0.404347
0.410036
0.405836
0.405955
0.404274
0.401942
0.416167
0.404009
0.404792
0.396055
0.399471
0.394553
0.398023
0.395762
0.395554
0.397189
0.395851
0.394584
0.394432
0.392499
0.392921
0.391899
0.391264
0.392921
0.391819
0.391882
0.389079
0.388727
0.385502
0.387761
0.386794
0.388554
0.383212
0.379407
0.379347
0.380208
0.379335
0.379068
0.378125
0.376798
0.376059
0.373470
0.372949
0.374094
0.376416
0.374143
0.371334
0.368737
0.362256
0.365874
0.366553
0.363168
0.364490
0.363265
0.362931
0.360874
0.362315
0.360188
0.369265
0.356324
0.351641
0.353269
0.350754
0.353099
0.349410
0.347898
0.341275
0.345617
0.339627
0.336805
0.336151
0.339247
0.337058
0.336933
0.338904
0.338493
0.335593
0.353924
0.346090
0.339762
0.334906
0.325492
0.328189
0.330304
0.324629
0.324472
0.323738
0.328474
0.325249
0.326903
0.323363
0.322101
0.323890
0.318250
0.320412
0.326572
0.328754
0.316373
0.320278
0.320235
0.311272
0.310974
0.312725
0.319882
0.317157
0.320125
0.320489
0.317863
0.321738
0.312420
0.311136
0.322065
0.331584
0.332738
0.329917
0.335010
0.324723
0.314592
0.308319
0.310965
0.311770
0.317628
0.326150
0.326042
0.342111
0.333865
0.325249
0.314369
0.345942
0.345197
0.344318
0.345730
0.351863
0.340802
0.324782
0.322148
0.313041
0.307400
0.308809
0.313069
0.308090
0.311571
0.314789
0.312559
0.313799
0.312203
0.316022
0.315800
0.312560
0.324261
0.321938
0.315691
0.313947
0.316958
0.319211
0.315718
0.320367
0.313342
0.318380
0.318681
0.318372
0.308774
0.310310
0.312893
0.313037
0.311845
0.322738
0.331453
0.326979
0.325573
0.319406
0.312478
0.311841
0.307986
0.312129
0.303370
0.303872
0.313899
0.332393
0.320468
0.314434
0.304896
0.303548
0.321509
0.313672
0.319903
0.316689
0.314025
0.314559
0.305156
0.303083
0.303977
0.301290
0.297009
0.299843
0.301463
0.303386
0.306897
0.305603
0.304882
0.310330
0.308368
0.302116
0.302455
0.304502
0.314800
0.323929
0.313211
0.331737
0.339345
0.329363
0.329024
0.317648
0.311907
0.302965
0.304457
0.310656
0.316643
0.314524
0.317895
0.333503
0.327796
0.315909
0.309482
0.309879
0.317144
0.323543
0.339805
0.322459
0.316661
0.321508
0.315849
0.316350
0.314882
0.320801
0.314014
0.318510
0.316201
0.312368
0.329198
0.320495
0.331622
0.329740
0.318502
0.313414
0.312522
0.313400
0.309461
0.317188
0.319694
0.319373
0.318361
0.326475
0.325774
0.319790
0.317260
0.318593
0.326161
0.314587
0.322858
0.328840
0.320936
0.316593
0.330223
0.332210
0.330192
0.333907
0.329854
0.334683
0.324004
0.325722
0.324376
0.331739
0.319031
0.329590
0.331532
0.330741
0.325992
0.325337
0.332431
0.328175
0.327730
0.329268
0.344537
0.338857
0.336229
0.344459
0.336292
0.336800
0.338203
0.329352
0.326949
0.336482
0.331142
0.330637
0.330025
0.329317
0.327014
0.326671
0.326032
0.334783
0.333937
0.327159
0.327496
0.327193
0.329157
0.328183
0.331912
0.339606
0.341657
0.338884
0.332655
0.336254
0.343194
0.343451
0.334906
0.334751
0.332181
0.326532
0.330078
0.330582
0.333213
0.335766
0.350524
0.343755
0.346136
0.340160
0.346150
0.336672
0.334142
0.332415
0.331086
0.326532
0.332635
0.329843
0.330752
0.329822
0.331245
0.328917
0.332653
0.336991
0.332563
0.330828
0.337213
0.343751
0.334696
0.339187
0.343935
0.339446
0.334591
0.348969
0.347117
0.342366
0.332535
0.333588
0.332952
0.331865
0.340146
0.331967
0.331157
0.326395
0.331151
0.327564
0.330198
0.330760
0.330424
0.334502
0.334194
0.337086
0.330078
0.329526
0.328608
0.345212
0.331530
0.330957
0.331190
0.325649
0.328627
0.367324
0.344472
0.336044
0.331436
0.331359
0.331686
0.336252
0.335845
0.336571
0.332585
0.343725
0.341526
0.335987
0.341770
0.341404
0.329149
0.338237
0.361113
0.347974
0.347948
0.350332
0.365389
0.332888
0.350427
0.334759
0.337616
0.355189
0.372923
0.350548
0.361543
0.350788
0.349571
0.344977
0.340932
0.381805
0.376344
0.358817
0.354029
0.341896
0.338662
0.348362
0.342233
0.337691
0.336490
0.345929
0.358421
0.382322
0.363298
0.357970
0.365202
0.357595
0.352121
0.351474
0.347440
0.341073
0.339875
0.342196
0.341584
0.343902
0.341285
0.338998
0.356484
0.361071
0.382871
0.382191
0.369083
0.360519
0.355213
0.339344
0.340560
0.342158
0.341156
0.336877
0.347851
0.342899
0.338120
0.341873
0.341974
0.343199
0.344665
0.339120
0.341142
0.335226
0.339913
0.345158
0.339813
0.338381
0.329985
0.330565
0.336112
0.340408
0.345603
0.353467
0.354809
0.349147
0.338848
0.344499
0.411030
0.384768
0.351567
0.341520
0.330166
0.381431
0.362964
0.344807
0.363982
0.362836
0.352204
0.338415
0.359048
0.370716
0.378270
0.354887
0.334682
0.329752
0.353854
0.361258
0.365516
0.349673
0.334248
0.365316
0.369055
0.358199
0.357470
0.398716
0.387810
0.356749
0.385055
0.388443
0.377103
0.387556
0.411276
0.391567
0.369391
0.366577
0.359087
0.352291
0.368149
0.354876
0.358094
0.347706
0.349676
0.359068
0.354414
0.351793
0.371313
0.356677
0.347719
0.349746
0.371213
0.394315
0.381037
0.370794
0.361718
0.361579
0.356789
0.353567
0.356475
0.350859
0.358212
0.351883
0.354838
0.354104
0.360466
0.352791
0.339055
0.393331
0.394083
0.480188
0.420073
0.377254
0.364650
0.366091
0.356357
0.364241
0.355596
0.362839
0.362964
0.359980
0.342892
0.346160
0.343770
0.353606
0.382453
0.382772
0.408051
0.381569
0.378836
0.359593
0.391228
0.395143
0.401249
0.368809
0.359326
0.347906
0.341764
0.346149
0.348002
0.358849
0.348289
0.355436
0.350079
0.348727
0.356527
0.349218
0.377647
0.364570
0.382375
0.390074
0.385323
0.394717
0.392805
0.376482
0.422409
0.444218
0.436903
0.435009
0.404804
0.433043
0.395563
0.377267
0.401039
0.416367
0.397690
0.392660
0.421222
0.416006
0.392480
0.396066
0.386289
0.377117
0.388725
0.392684
0.377860
0.458978
0.367724
0.371859
0.381277
0.376080
0.398757
0.411831
0.413256
0.400131
0.395035
0.378207
0.374494
0.361087
0.374102
0.417612
0.492179
0.410597
0.402774
0.376808
0.371721
0.360467
0.353181
0.630274
0.492497
0.418197
0.420629
0.417342
0.452442
0.524303
0.475043
0.413905
0.376764
0.378033
0.370588
0.390197
0.481866
0.398439
0.357515
0.395736
0.374069
0.354481
0.383687
0.388090
0.377187
0.472134
0.400765
0.347353
0.365030
0.405978
0.384519
0.444417
0.465535
0.459720
0.390321
0.454913
0.416628
0.459645
0.478909
0.405486
0.410807
0.423841
0.370364
0.444385
0.426001
0.451903
0.494896
0.408808
0.377109
0.384659
0.400474
0.397299
0.387084
0.411820
0.345399
0.351453
0.345039
0.361523
0.355324
0.350234
0.383172
0.352973
0.414367
0.379085
0.376686
0.380528
0.419920
0.422770
0.429109
0.428121
0.429937
0.437063
0.387883
0.370371
0.385207
0.384206
0.425692
0.392678
0.552593
0.458979
0.441301
0.453687
0.400306
0.413274
0.365445
0.414997
0.428356
0.414756
0.412037
0.424417
0.399125
0.499465
0.410840
0.378331
0.364426
0.437382
0.517993
0.464196
0.435592
0.419578
0.471626
0.497844
0.432150
0.417956
0.457747
0.429199
0.404022
0.439108
0.444057
0.542289
0.409966
0.474432
0.477707
0.450226
0.373669
0.455209
0.450752
0.457696
0.532779
0.491523
0.414016
0.447775
0.445079
0.409245
0.414140
0.446294
0.460498
0.413003
0.444358
0.451369
0.469546
0.412364
0.438636
0.521699
0.443757
0.475986
0.448959
0.390401
0.469864
0.409585
0.394315
0.396555
0.430667
0.602591
0.446531
0.430004
0.565742
0.386455
0.567429
0.447593
0.407999
0.397270
0.459505
0.461976
0.476118
0.419365
0.588479
0.562168
0.374255
0.480266
0.410382
0.583908
0.451435
0.498342
0.411803
0.412004
0.471657
0.451527
0.481428
0.471936
0.470630
0.598637
0.415862
0.440784
0.400279
0.386929
0.389333
0.476127
0.403185
0.381559
0.394878
0.421288
0.373029
0.394163
0.381099
0.397757
0.451644
0.485034
0.427290
0.418400
0.363894
0.437365
0.388606
0.359096
0.346757
0.357613
0.393034
0.384876
0.369916
0.419440
0.388584
0.367815
0.401727
0.438738
0.377921
0.394182
0.417857
0.458355
0.465181
0.396474
0.488837
0.447942
0.441582
0.443307
0.418564
0.383201
0.413452
0.373620
0.357565
0.378804
0.373566
0.492148
0.538337
0.413779
0.456905
0.421874
0.483213
0.459673
0.468372
0.413736
0.447188
0.502739
0.402619
0.636651
0.551682
0.451498
0.404966
0.397661
0.428201
0.405934
0.468000
0.420826
0.399309
0.391024
0.422879
0.417966
0.412706
0.422656
0.464001
0.409102
0.438420
0.451857
0.548726
0.439871
0.472910
0.406268
0.426810
0.552530
0.516871
0.490626
0.427969
0.453927
0.455471
0.591004
0.549312
0.528373
0.482160
0.400133
0.400820
0.418584
0.613505
0.746725
0.533460
0.514687
0.428523
0.391350
0.534603
0.612761
0.488161
0.551074
0.481746
0.610200
0.546702
0.475168
0.418285
0.415795
0.656908
0.625381
0.485825
0.407180
0.440935
0.418371
0.479865
0.463799
0.633998
0.489654
0.417073
0.500543
0.459904
0.499073
0.588887
0.444974
0.434140
0.396064
0.467118
0.400290
0.401061
0.434719
0.403780
0.527388
0.430431
0.450794
0.415026
0.425284
0.391573
0.444331
0.426954
0.404504
0.362045
0.389017
0.511487
0.416126
0.485983
0.450015
0.417514
0.408668
0.572813
0.475967
0.465290
0.442849
0.451707
0.473492
0.384343
0.404865
0.483186
0.369849
0.462119
0.402965
0.431003
0.450484
0.444240
0.398099
0.362141
0.369116
0.406942
0.468308
0.418112
0.369424
0.378600
0.408603
0.459604
0.422233
0.358922
0.383371
0.394133
0.516908
0.467907
0.535621
0.465539
0.362044
0.390244
0.367995
0.347801
0.361132
0.368637
0.481709
0.438252
0.436956
0.452447
0.588711
0.439338
0.346410
0.338966
0.342383
0.358324
0.410319
0.384738
0.418196
0.353157
0.408427
0.383438
0.386942
0.368192
0.343376
0.387641
0.358335
0.334992
0.352176
0.369377
0.517686
0.426861
0.362505
0.373702
0.465246
0.429698
0.375585
0.362059
0.407160
0.491238
0.360485
0.500474
0.404582
0.403534
0.374507
0.418699
0.460465
0.402531
0.404028
0.375152
0.397861
0.352112
0.348207
0.380467
0.381406
0.352947
0.348777
0.426901
0.515970
0.455843
0.456638
0.365058
0.379879
0.361638
0.408600
0.378937
0.400489
0.413358
0.530025
0.407311
0.441059
0.393626
0.393394
0.401002
0.356841
0.421986
0.513058
0.379493
0.365324
0.348382
0.394235
0.340556
0.440515
0.416206
0.500966
0.415256
0.377322
0.403784
0.400415
0.365427
0.374785
0.582237
0.372384
0.430769
0.388463
0.362375
0.384921
0.508254
0.444190
0.353605
0.394906
0.458139
0.384124
0.419827
0.491171
0.379110
0.517784
0.394608
0.403028
0.388343
0.412617
0.378016
0.664460
0.548716
0.703774
0.426848
0.347802
0.394187
0.412503
0.398453
0.499672
0.403202
0.449091
0.591911
0.744524
0.798789
0.410300
0.442392
0.585048
0.654838
0.414643
0.452414
0.381032
0.542271
0.412321
0.443305
0.436602
0.431794
0.405147
0.367896
0.426573
0.433133
0.406948
0.426823
0.379000
0.398256
0.382327
0.367107
0.331772
0.383500
0.364310
0.353119
0.393431
0.409021
0.351538
0.463910
0.458795
0.363590
0.398699
0.417614
0.364897
0.357744
0.452883
0.360895
0.335804
0.333202
0.450779
0.497287
0.457582
0.499423
0.466066
0.414218
0.464225
0.443698
0.460643
0.396841
0.603997
0.405049
0.454237
0.396296
0.424941
0.376509
0.346942
0.406893
0.385895
0.378155
0.383761
0.407304
0.372128
0.379986
0.475149
0.546239
0.560716
0.457801
0.667494
0.478862
0.400348
0.483946
0.468342
0.429237
0.456091
0.383514
0.528839
0.548048
0.450400
0.489054
0.377496
0.401106
0.391752
0.362051
0.398401
0.402625
0.455303
0.360395
0.351703
0.491108
0.400749
0.421469
0.437845
0.386018
0.399099
0.435006
0.387142
0.513670
0.504567
0.428867
0.364531
0.407492
0.428165
0.408897
0.425899
0.433166
0.413173
0.466480
0.426137
0.477249
0.445395
0.408653
0.392126
0.379408
0.496563
0.411512
0.362405
0.422455
0.454030
0.493489
0.409923
0.376968
0.368527
0.446988
0.387010
0.425620
0.418475
0.369500
0.367588
0.416102
0.479321
0.433664
0.431046
0.389115
0.378491
0.425776
0.390377
0.399057
0.528382
0.428866
0.376601
0.453434
0.469251
0.403231
0.411949
0.388532
0.404426
0.427676
0.426223
0.444776
0.406992
0.386020
0.375580
0.434943
0.383193
0.460124
0.401089
0.407994
0.478608
0.450960
0.503998
0.423377
0.451692
0.440310
0.405910
0.436435
0.464705
0.472124
0.457446
0.452945
0.431174
0.415387
0.438971
0.413448
0.449875
0.441175
0.433638
0.447660
0.418493
0.437018
0.431375
0.381311
0.486772
0.461913
0.439819
0.452782
0.427518
0.432123
0.432800
0.439991
0.412603
0.443929
0.415672
0.403633
0.432811
0.508230
0.477182
0.429269
0.437016
0.429409
0.387894
0.428427
0.387693
0.460801
0.517592
0.425384
0.408656
0.384477
0.422949
0.432200
0.437154
0.430205
0.428960
0.433139
0.424099
0.410365
0.417260
0.412117
0.461083
0.430300
0.404662
0.473517
0.428192
0.399592
0.406522
0.410465
0.407330
0.430497
0.443583
0.426149
0.423581
0.422128
0.431849
0.445731
0.454491
0.438919
0.416736
0.411187
0.437887
0.422556
0.483262
0.462362
0.435830
0.409902
0.431295
0.412983
0.407726
0.423588
0.455943
0.440834
0.420445
0.405158
0.430385
0.455849
0.442004
0.411710
0.416094
0.426640
0.419211
0.420755
0.432912
0.421376
0.430987
0.452239
0.437651
0.416305
0.431977
0.450703
0.456956
0.449177
0.435688
0.427610
0.432004
0.435223
0.438037
0.428435
0.427047
0.434813
0.439825
0.465478
0.464760
0.451758
0.475257
0.449273
0.454697
0.455849
0.461412
0.442358
0.465663
0.476336
0.471522
0.474531
0.472410
0.463044
0.464120
0.462032
0.483593
0.490496
0.489619
0.484545
0.488139
0.483573
0.488160
0.485599
0.485343
0.479680
0.489993
0.488569
0.486963
0.484357
0.484289
0.486942
0.487725
0.492201
0.495954
0.496304
0.492687
0.495229
0.492335
0.490616
0.492759
0.492397
0.489884
0.489432
0.490415
0.485225
0.489210
0.486120
0.494751
0.491509
0.490848
0.488811
0.486453
0.493644
0.490156
0.487053
0.487406
0.484269
0.487467
0.488578
0.489443
0.489658
0.487467
0.493817
0.489103
0.488764
0.487954
0.486790
0.488824
0.488637
0.487296
0.495772
0.489670
0.490930
0.490577
0.489824
0.489217
0.487053
0.491757
0.498335
0.492181
0.486904
0.488312
0.491261
0.487747
0.488312
0.486883
0.490640
0.494672
0.486734
0.492501
0.489849
0.491695
0.491881
0.487914
0.486942
0.489677
0.490930
0.489949
0.487970
0.486735
0.491136
0.494043
0.493069
0.488307
0.490581
0.493878
0.490962
0.490962
0.494593
0.496451
0.493008
0.492522
0.490220
0.496292
0.498663
0.501040
0.500056
0.495441
0.497416
0.492278
0.491641
0.494141
0.492769
0.489805
0.490013
0.491565
0.492504
0.490516
0.488535
0.495459
0.491549
0.493887
0.493640
0.495117
0.498755
0.495583
0.498402
0.494815
0.498816
0.499439
0.497446
0.506242
0.517242
0.505753
0.498870
0.496272
0.495506
0.494435
0.510555
0.499892
0.500648
0.502461
0.497455
0.495991
0.497423
0.494495
0.493015
0.500233
0.496576
0.495677
0.495864
0.494622
0.496425
0.499466
0.497122
0.494791
0.493817
0.493664
0.493928
0.494302
0.497550
0.495017
0.500018
0.505337
0.494435
0.488300
0.493009
0.489639
0.484391
0.472712
0.486510
0.491198
0.484342
0.481254
0.478833
0.466333
0.472059
0.484100
0.480779
0.483361
0.482991
0.472732
0.486869
0.467238
0.483372
0.472570
0.476678
0.450379
0.470378
0.465077
0.466424
0.474118
0.482057
0.479175
0.482534
0.478614
0.461661
0.461715
0.474138
0.464672
0.469413
0.457202
0.462219
0.436056
0.365400
0.352310
0.384137
0.341001
0.384935
0.383831
0.405590
0.359071
0.379658
0.394817
0.381205
0.410189
0.378957
0.398940
0.401718
0.411689
0.422415
0.400082
0.404346
0.372049
0.390803
0.376863
0.377562
0.378515
0.384621
0.393900
0.401451
0.416174
0.412670
0.410956
0.407665
0.418345
0.394098
0.393832
0.379786
0.373793
0.368304
0.375493
0.383161
0.386732
0.388923
0.379603
0.385226
0.391845
0.393991
0.388636
0.383026
0.379904
0.398506
0.397700
0.383449
0.385585
0.378208
0.383304
0.387308
0.379620
0.372827
0.383268
0.376011
0.375370
0.376793
0.381066
0.382372
0.385177
0.381589
0.381089
0.375739
0.374252
0.372622
0.377389
0.376818
0.372141
0.377281
0.373419
0.369801
0.368194
0.363950
0.368415
0.373188
0.368274
0.366790
0.361274
0.357409
0.363328
0.362993
0.368274
0.368159
0.390007
0.373254
0.360300
0.357634
0.366602
0.361263
0.360937
0.361942
0.363084
0.361186
0.362192
0.362192
0.355293
0.355532
0.362383
0.353782
0.352032
0.359742
0.361160
0.362549
0.357452
0.356038
0.351711
0.358289
0.354992
0.365627
0.357920
0.361107
0.357995
0.358371
0.357995
0.347926
0.341722
0.339618
0.341481
0.332609
0.329013
0.327866
0.346220
0.342945
0.325293
0.335173
0.334909
0.324686
0.331492
0.341475
0.347505
0.339865
0.341158
0.339353
0.339931
0.331389
0.347168
0.346308
0.336972
0.315020
0.329723
0.336079
0.343379
0.339201
0.336853
0.332390
0.328414
0.332237
0.335876
0.333722
0.331322
0.331864
0.337204
0.335689
0.335196
0.332202
0.320092
0.301026
0.314422
0.325351
0.332540
0.302346
0.296808
0.311831
0.320856
0.310761
0.316376
0.314378
0.311346
0.319934
0.315307
0.298801
0.296376
0.293928
0.300984
0.296228
0.293320
0.296648
0.295288
0.300747
0.301383
0.304370
0.300859
0.293014
0.281970
0.294741
0.289568
0.288755
0.282632
0.290615
0.287421
0.291850
0.287314
0.284872
0.288367
0.292392
0.287343
0.277433
0.287145
0.286083
0.278133
0.278847
0.274524
0.276845
0.279466
0.271705
0.270741
0.263324
0.274658
0.276267
0.280712
0.278956
0.274138
0.269153
0.272411
0.268874
0.269182
0.260861
0.263832
0.266428
0.263665
0.270231
0.271396
0.279282
0.275016
0.274277
0.268450
0.263454
0.266686
0.271396
0.264375
0.266751
0.267000
0.263879
0.271907
0.273032
0.269640
0.270048
0.277836
0.273726
0.295664
0.313166
0.277677
0.265882
0.279142
0.271921
0.269104
0.269904
0.281006
0.291024
0.278559
0.266612
0.262725
0.263015
0.261554
0.262632
0.267172
0.264296
0.267749
0.281380
0.278467
0.272411
0.275735
0.270095
0.263778
0.267126
0.263890
0.262530
0.262362
0.260010
0.258823
0.267203
0.262464
0.254955
0.260896
0.260369
0.259272
0.263333
0.254246
0.253956
0.251876
0.256088
0.256018
0.256947
0.257186
0.256825
0.255740
0.268138
0.252208
0.251996
0.254102
0.252964
0.253588
0.249242
0.250440
0.252352
0.259201
0.282992
0.263964
0.254971
0.250335
0.247983
0.247252
0.244942
0.253977
0.282129
0.268048
0.285200
0.266681
0.274563
0.270015
0.270918
0.264058
0.281673
0.273444
0.272391
0.276099
0.295747
0.274942
0.260883
0.262928
0.274147
0.267697
0.263321
0.257954
0.258394
0.263148
0.264390
0.262747
0.258392
0.252217
0.258727
0.261679
0.260816
0.263888
0.259246
0.262246
0.256212
0.256750
0.251591
0.254109
0.248842
0.252422
0.251795
0.254552
0.257657
0.256748
0.257828
0.248783
0.248495
0.245591
0.248584
0.244471
0.246016
0.245901
0.253304
0.248126
0.246349
0.242903
0.244903
0.241462
0.245889
0.246780
0.247236
0.244547
0.246790
0.246677
0.239623
0.245439
0.236391
0.241708
0.245379
0.244886
0.242775
0.237208
0.235510
0.237374
0.234721
0.236584
0.240080
0.233949
0.239479
0.240981
0.239356
0.231300
0.232721
0.235220
0.236473
0.228203
0.235924
0.239640
0.236133
0.239976
0.288234
0.246736
0.236992
0.235385
0.268495
0.281490
0.253924
0.243488
0.238397
0.247979
0.258680
0.259350
0.250629
0.231839
0.263973
0.260878
0.250802
0.257140
0.297116
0.274452
0.272417
0.264894
0.247736
0.267628
0.260171
0.262143
0.279868
0.260187
0.265231
0.257779
0.259426
0.262301
0.259751
