0.440813
0.447466
0.440553
0.445705
0.443128
0.447466
0.444884
0.445836
0.443128
0.447466
0.446649
0.441948
0.443389
0.439730
0.438241
0.446094
0.447613
0.459252
0.450203
0.456458
0.447466
0.453863
0.442695
0.456391
0.448681
0.450050
0.445025
0.446649
0.443509
0.442306
0.448681
0.438091
0.443509
0.446258
0.442439
0.444884
0.439730
0.432788
0.444884
0.446094
0.454047
0.440813
0.446094
0.450203
0.445836
0.457990
0.447613
0.453603
0.443509
0.451271
0.452636
0.448681
0.440813
0.452636
0.450868
0.441380
0.446094
0.451271
0.458794
0.453603
0.448681
0.447613
0.448547
0.440813
0.439640
0.449234
0.452797
0.455392
0.450050
0.458994
0.445025
0.443251
0.434586
0.434510
0.443251
0.434586
0.440670
0.439730
0.443509
0.430283
0.437074
0.440927
0.442439
0.439730
0.446258
0.439857
0.439046
0.438909
0.443251
0.437277
0.438491
0.441077
0.439046
0.443610
0.441077
0.410897
0.438491
0.432018
0.419190
0.430283
0.432942
0.422609
0.427978
0.411571
0.417562
0.424332
0.424332
0.437434
0.432269
0.432942
0.420058
0.432942
0.413263
0.417509
0.411571
0.421736
0.419223
0.426891
0.418348
0.424332
0.417762
0.425164
0.421854
0.422677
0.419190
0.417812
0.417762
0.416058
0.419190
0.407360
0.412672
0.426984
0.409889
0.414963
0.403731
0.414963
0.416673
0.409881
0.414108
0.409040
0.416648
0.409881
0.407613
0.399872
0.398857
0.393989
0.401208
0.399004
0.394995
0.399872
0.383210
0.394113
0.394860
0.389129
0.378271
0.371162
0.378514
0.379205
0.384358
0.385939
0.384159
0.386392
0.390488
0.383909
0.386643
0.381761
0.378271
0.381680
0.376733
0.373348
0.378271
0.383909
0.376707
0.387619
0.387369
0.369635
0.376707
0.372700
0.383210
0.383210
0.375808
0.386643
0.389129
0.385128
0.384001
0.383127
0.386493
0.377678
0.381431
0.384159
0.386246
0.374956
0.371801
0.398936
0.387496
0.380158
0.386629
0.382641
0.382641
0.384751
0.378316
0.385759
0.396667
0.379910
0.387369
0.388988
0.377678
0.387619
0.379205
0.389999
0.385128
0.387619
0.387619
0.384159
0.391238
0.381680
0.384001
0.382392
0.386493
0.387619
0.389999
0.384001
0.381514
0.396172
0.389129
0.388988
0.387369
0.393989
0.390488
0.392873
0.384751
0.392438
0.393905
0.397277
0.385620
0.398064
0.398936
0.386493
0.393989
0.382501
0.398907
0.383127
0.379029
0.380158
0.388887
0.392193
0.387369
0.386493
0.388988
0.391238
0.384159
0.397277
0.378152
0.397277
0.392256
0.393659
0.392505
0.389751
0.389924
0.387249
0.379205
0.379205
0.384879
0.375843
0.381514
0.392873
0.384001
0.385128
0.380158
0.392438
0.376549
0.374956
0.386493
0.381514
0.386493
0.384905
0.393905
0.387249
0.381388
0.374265
0.381514
0.383884
0.374072
0.376549
0.375808
0.378271
0.366239
0.371801
0.369593
0.376549
0.377431
0.366885
0.373348
0.356816
0.361417
0.368441
0.373348
0.368441
0.361985
0.354732
0.358991
0.364703
0.359586
0.357494
0.352913
0.349333
0.352668
0.356570
0.354398
0.359830
0.361110
0.348526
0.347788
0.349731
0.343312
0.332208
0.332788
0.344458
0.338304
0.332208
0.336393
0.330837
0.330837
0.331672
0.337811
0.337811
0.322530
0.335922
0.332127
0.328601
0.336393
0.333077
0.336663
0.330237
0.330718
0.331181
0.318886
0.322514
0.314009
0.315053
0.322874
0.309462
0.311733
0.316018
0.312738
0.313769
0.310711
0.321869
0.316290
0.318578
0.310235
0.318886
0.314009
0.310711
0.314009
0.311733
0.313305
0.315837
0.316290
0.317898
0.298651
0.308735
0.315598
0.320203
0.310470
0.311733
0.313008
0.313069
0.316589
0.317898
0.322874
0.313305
0.317898
0.300443
0.314009
0.305952
0.316290
0.319815
0.315930
0.317898
0.314009
0.305952
0.308735
0.304941
0.306760
0.300671
0.304706
0.301266
0.305189
0.302689
0.302927
0.305189
0.305424
0.307457
0.300671
0.305499
0.300443
0.298204
0.293746
0.294767
0.284684
0.292167
0.287547
0.286861
0.291236
0.290569
0.294767
0.288291
0.289166
0.297190
0.292500
0.293977
0.290199
0.284318
0.283747
0.283510
0.282417
0.284382
0.285396
0.282514
0.276858
0.280057
0.285434
0.279218
0.278987
0.270953
0.276866
0.277085
0.277085
0.286861
0.274958
0.281361
0.282514
0.278159
0.280351
0.278196
0.281361
0.286882
0.284265
0.274958
0.281361
0.281173
0.274958
0.277932
0.278196
0.285592
0.285820
0.280351
0.278196
0.283510
0.283510
0.282225
0.284382
0.283747
0.285061
0.286479
0.284043
0.288006
0.280351
0.275797
0.279304
0.283414
0.276181
0.283641
0.284782
0.269649
0.269649
0.273894
0.272903
0.269649
0.273907
0.281790
0.271773
0.266601
0.269765
0.266378
0.268658
0.254626
0.258003
0.255154
0.267792
0.258679
0.262737
0.260673
0.258679
0.258887
0.252131
0.256057
0.247499
0.240992
0.256664
0.253331
0.256443
0.254670
0.248966
0.254657
0.244760
0.248234
0.255372
0.256254
0.253351
0.251338
0.248749
0.248691
0.249334
0.251124
0.254438
0.251124
0.251332
0.252092
0.249334
0.255338
0.244774
0.248138
0.247363
0.246314
0.236814
0.244043
0.247921
0.240992
0.241556
0.236615
0.242913
0.243431
0.234945
0.238301
0.236615
0.236615
0.242119
0.235667
0.234523
0.231718
0.237964
0.233086
0.236555
0.235006
0.231409
0.231351
0.225758
0.233190
0.228608
0.230421
0.233399
0.234713
0.231593
0.229799
0.229231
0.229586
0.228039
0.221167
0.221167
0.226850
0.226242
0.224481
0.221134
0.222843
0.231513
0.222641
0.220638
0.220061
0.222333
0.222333
0.220915
0.222132
0.217423
0.214582
0.227452
0.226242
0.218955
0.220369
0.220993
0.220438
0.216553
0.217622
0.216627
0.217753
0.215627
0.216553
0.211943
0.219240
0.213981
0.214879
0.213981
0.210728
0.207908
0.213789
0.211365
0.211365
0.214582
0.213106
0.217852
0.215797
0.213827
0.213806
0.212967
0.212583
0.207723
0.212348
0.209776
0.208745
0.209121
0.210997
0.210337
0.212773
0.213981
0.212016
0.209776
0.212016
0.216406
0.219437
0.208387
0.210509
0.211188
0.212348
0.220456
0.209121
0.212348
0.212583
0.209517
0.205946
0.210365
0.212583
0.205489
0.210950
0.206312
0.213679
0.213368
0.206312
0.207525
0.213679
0.205099
0.212016
0.211968
1.000000
0.207101
0.205946
0.210098
0.215716
0.210409
0.208429
0.213679
0.205129
0.213363
0.215409
0.209165
0.207525
0.210098
0.207525
0.205362
0.210284
0.213996
0.208305
0.209165
0.208229
0.210409
0.210284
0.215179
0.210818
0.206312
0.216365
0.210098
0.206053
0.211779
0.213928
0.209294
0.205129
0.208910
0.215099
0.215659
0.210365
0.219267
0.216272
0.215179
0.210112
0.209165
0.211968
0.208910
0.211639
0.211825
0.211639
0.212289
0.209165
0.215179
0.215099
0.210098
0.211006
0.218605
0.217448
0.215179
0.212483
0.215716
0.214538
0.213473
0.211204
0.217079
0.209475
0.208411
0.211213
0.213431
0.204361
0.211204
0.211596
0.215099
0.212376
0.212289
0.215099
0.214699
0.215099
0.211825
0.209409
0.212946
0.211204
0.208691
0.216464
0.213349
0.214766
0.223638
0.222483
0.218240
0.215301
0.216559
0.220181
0.216559
0.211779
0.215431
0.213613
0.218584
0.213613
0.209702
0.212464
0.217037
0.215409
0.216751
0.217216
0.219295
0.220429
0.223021
0.222513
0.220770
0.218584
0.218399
0.216751
0.220770
0.217595
0.219084
0.240058
0.223419
0.232322
0.228689
0.228689
0.230403
0.224556
0.226222
0.227914
0.230289
0.227720
0.228559
0.228495
0.228495
0.224547
0.225336
0.229179
0.223021
0.228365
0.228689
0.220958
0.230858
0.225037
0.233696
0.229761
0.227063
0.232818
0.232818
0.230403
0.227063
0.233695
0.227063
0.229572
0.228908
0.234594
0.229572
0.224547
0.233722
0.227809
0.226967
0.229099
0.236767
0.227252
0.227576
0.225148
0.227809
0.237267
0.237668
0.229761
0.237473
0.227809
0.233695
0.231723
0.229731
0.231709
0.235499
0.238330
0.235149
0.236301
0.231345
0.240273
0.239518
0.233344
0.230858
0.233696
0.237668
0.231519
0.236301
0.238442
0.227576
0.227576
0.233696
0.234589
0.230435
0.236492
0.232271
0.236427
0.237668
0.240596
0.233695
0.238584
0.233695
0.231723
0.228908
0.229543
0.229761
0.231051
0.231723
0.230443
0.237267
0.232149
0.230435
0.228462
0.232423
0.225037
0.233695
0.228908
0.231709
0.227809
0.227763
0.225037
0.233695
0.232271
0.223934
0.230435
0.234281
0.225620
0.227622
0.225805
0.227576
0.234281
0.237193
0.234173
0.226296
0.230030
0.227204
0.229198
0.223245
0.230030
0.229071
0.230030
0.225220
0.232058
0.227841
0.226076
0.225244
0.225220
0.225244
0.229198
0.226002
0.225118
0.222055
0.224002
0.222011
0.227064
0.220031
0.222941
0.225066
0.225066
0.226002
0.226076
0.225118
0.224943
0.220829
0.232241
0.230134
0.229049
0.232170
0.230088
0.231967
0.225962
0.219946
0.225792
0.219864
0.223752
0.226824
0.224960
0.229900
0.227000
0.224061
0.225792
0.224789
0.232170
0.229049
0.229067
0.227000
0.225792
0.232142
0.234043
0.228015
0.226811
0.220823
0.224955
0.222884
0.216752
0.225951
0.235437
0.230211
0.222884
0.214576
0.228207
0.218771
0.223941
0.221869
0.230211
0.221925
0.234264
0.217782
0.217687
0.222884
0.224955
0.228207
0.222884
0.218782
0.230088
0.224955
0.218621
0.217938
0.218771
0.219849
0.223941
0.223896
0.229470
0.229487
0.229631
0.226217
0.217782
0.226022
0.221925
0.225227
0.222013
0.219806
0.219649
0.223780
0.225105
0.221869
0.219806
0.222013
0.219849
0.222169
0.215924
0.217997
0.223275
0.224241
0.212930
0.215009
0.217097
0.220166
0.219193
0.224747
0.230247
0.227666
0.230822
0.229631
0.223413
0.219193
0.225535
0.230093
0.220182
0.222761
0.226534
0.219512
0.219193
0.222432
0.221642
0.223632
0.218361
0.216846
0.224747
0.215964
0.211077
0.219718
0.210953
0.212054
0.217390
0.215458
0.218361
0.216250
0.227931
0.224011
0.213033
0.213341
0.221495
0.220631
0.215277
0.218209
0.218361
0.219512
0.218361
0.214292
0.214292
0.216110
0.218209
0.219512
0.219718
0.215136
0.211940
0.220906
0.219367
0.217584
0.219512
0.223781
0.211077
0.217584
0.215458
0.214498
0.218761
0.215458
0.211233
0.213033
0.219008
0.215320
0.213341
0.198901
0.207627
0.206076
0.213341
0.206248
0.211077
0.207206
0.209134
0.203772
0.209134
0.207895
0.195635
0.200655
0.203772
0.203772
0.202658
0.201725
0.204714
0.202891
0.194650
0.197660
0.195642
0.194650
0.196546
0.195635
0.199688
0.194569
0.194649
0.195635
0.192604
0.188829
0.188737
0.190697
0.193635
0.188538
0.192640
0.193635
0.196733
0.194700
0.184686
0.192521
0.188652
0.191637
0.183718
0.184849
0.185657
0.185772
0.183718
0.184596
0.180698
0.177280
0.175221
0.176692
0.177280
0.182075
0.180303
0.177207
0.179156
0.172870
0.177207
0.171597
0.169125
0.173035
0.165274
0.175416
0.167423
0.164582
0.169896
0.171225
0.171654
0.159245
0.164880
0.168918
0.162003
0.164922
0.163684
0.160349
0.162003
0.159877
0.158684
0.156886
0.157125
0.158684
0.151621
0.157045
0.156502
0.145992
0.155002
0.157214
0.152691
0.146833
0.147286
0.145176
0.152185
0.147286
0.148933
0.146830
0.148611
0.144095
0.146696
0.142973
0.150855
0.148632
0.142973
0.145992
0.139680
0.141068
0.146674
0.140487
0.143121
0.142844
0.144423
0.140422
0.139098
0.139915
0.143602
0.140136
0.136584
0.138818
0.136984
0.136057
0.137480
0.135298
0.135179
0.137462
0.136447
0.137427
0.137660
0.136901
0.137539
0.138467
0.136182
0.136166
0.138634
0.136128
0.135067
0.134023
0.130535
0.135798
0.132479
0.139169
0.135064
0.138024
0.136515
0.134382
0.139240
0.141137
0.136692
0.132416
0.131934
0.133545
0.136068
0.135563
0.136768
0.145798
0.158805
0.145524
0.149480
0.151436
0.156463
0.152664
0.148929
0.147754
0.145432
0.145313
0.148965
0.155112
0.151376
0.147720
0.151728
0.158364
0.156817
0.156679
0.159787
0.151445
0.156976
0.156976
0.156833
0.153359
0.149181
0.153359
0.153190
0.151987
0.157155
0.161423
0.159769
0.156817
0.156976
0.155950
0.156155
0.151987
0.151617
0.155950
0.153760
0.156626
0.154029
0.150193
0.157821
0.169146
0.157793
0.180702
0.173290
0.174874
0.170748
0.169963
0.171222
0.180042
0.171923
0.180042
0.174294
0.180756
0.173667
0.163624
0.164875
0.168389
0.175947
0.178890
0.187956
0.179558
0.170950
0.171923
0.193590
0.195916
0.193225
0.181355
0.164654
0.167363
0.170209
0.170841
0.165645
0.168567
0.169711
0.169095
0.173247
0.163978
0.158920
0.161739
0.175715
0.169095
0.173109
0.178422
0.173732
0.173732
0.166781
0.169711
0.173912
0.167385
0.173320
0.172600
0.174249
0.188670
0.191709
0.209415
0.220639
0.206997
0.213454
0.213454
0.219589
0.219784
0.215834
0.214728
0.204787
0.207482
0.205645
0.207947
0.198331
0.195619
0.195352
0.192514
0.190384
0.186560
0.183482
0.186560
0.189206
0.187586
0.190672
0.192314
0.191771
0.193337
0.183482
0.194027
0.188466
0.199962
0.203758
0.196805
0.204723
0.198173
0.203758
0.197715
0.200646
0.186672
0.195536
0.196498
0.195536
0.199487
0.206762
0.206762
0.210946
0.208916
0.206762
0.218319
0.203758
0.218319
0.228025
0.220511
0.214216
0.209925
0.203641
0.189120
0.214113
0.216237
0.220506
0.213042
0.213032
0.204672
0.201576
0.200406
0.195238
0.196381
0.196381
0.197307
0.195238
0.196264
0.193237
0.196264
0.231137
0.218745
0.234121
0.250375
0.256323
0.245683
0.234643
0.240464
0.238004
0.245683
0.249639
0.243228
0.238522
0.242526
0.243842
0.250261
0.245683
0.249639
0.270355
0.250563
0.238522
0.240588
0.247456
0.240588
0.233662
0.242526
0.239843
0.241713
0.248536
0.259847
0.269966
0.255692
0.285854
0.257912
0.281597
0.278880
0.276452
0.258557
0.264988
0.269810
0.274269
0.260191
0.289324
0.293566
0.304180
0.290447
0.293566
0.288439
0.305797
0.296729
0.310941
0.304180
0.313567
0.299395
0.323737
0.330319
0.339625
0.337939
0.345596
0.344771
0.343746
0.344741
0.345590
0.336081
0.337939
0.340487
0.334530
0.337939
0.349146
0.342046
0.343880
0.357580
0.360207
0.350728
0.348199
0.346466
0.348900
0.338768
0.335359
0.343054
0.337059
0.341190
0.351694
0.351694
0.351812
0.354138
0.361242
0.340400
0.340400
0.354138
0.349221
0.370245
0.354570
0.357004
0.355226
0.364207
0.346779
0.352806
0.345001
0.330208
0.353440
0.380533
0.376907
0.373473
0.367271
0.372661
0.357822
0.357822
0.372661
0.349217
0.355226
0.353455
0.364855
0.358791
0.365007
0.357175
0.371047
0.380760
0.376445
0.372869
0.382359
0.386035
0.376296
0.378126
0.372072
0.370245
0.358181
0.364447
0.381811
0.368651
0.380240
0.374622
0.378126
0.381811
0.379965
0.386311
0.382602
0.387739
0.379459
0.372329
0.390780
0.375265
0.391324
0.383040
0.386975
0.366125
0.377908
0.385853
0.394750
0.400844
0.393058
0.411159
0.400458
0.403129
0.459448
0.453762
0.466270
0.459594
0.466069
0.443651
0.438985
0.443337
0.447256
0.435843
0.439464
0.470102
0.449498
0.455985
0.439886
0.451785
0.476445
0.468108
0.480891
0.479911
0.464561
0.490470
0.470751
0.480143
0.464140
0.460197
0.455985
0.466270
0.459743
0.455392
0.443941
0.453715
0.458379
0.464287
0.453859
0.459743
0.458108
0.459594
0.474449
0.470253
0.468497
0.472458
0.462914
0.468258
0.459354
0.449225
0.448848
0.460089
0.455985
0.448304
0.455668
0.456423
0.471967
0.467898
0.459743
0.460342
0.472458
0.465922
0.470620
0.471869
0.466270
0.462311
0.462076
0.455392
0.458108
0.466069
0.468497
0.474087
0.470620
0.470474
0.471869
0.478296
0.469880
0.477327
0.477327
0.479327
0.480609
0.473135
0.474449
0.475866
0.480457
0.486676
0.484071
0.484071
0.482792
0.488827
0.474449
0.484650
0.486809
0.496343
0.488107
0.484222
0.473714
0.486086
0.477874
0.472408
0.471685
0.473540
0.480609
0.475866
0.475866
0.482472
0.480609
0.486676
0.472408
0.479611
0.482354
0.477581
0.486436
0.475002
0.496252
0.475716
0.489888
0.484553
0.487299
0.475716
0.481808
0.483851
0.484392
0.482354
0.476276
0.471555
0.477497
0.479065
0.484345
0.476162
0.479771
0.479888
0.481639
0.486282
0.499158
0.495008
0.493667
0.503255
0.488891
0.487314
0.493449
0.489518
0.487314
0.491398
0.492924
0.493449
0.503244
0.495546
0.489518
0.483168
0.485281
0.491398
0.489353
0.482706
0.486775
0.487261
0.495008
0.495008
0.495708
0.486864
0.497118
0.491472
0.501709
0.495708
0.499115
0.482543
0.492963
0.492963
0.482109
0.479218
0.491398
0.490869
0.490219
0.503244
0.495505
0.494816
0.497058
0.487261
0.490869
0.493445
0.486741
0.489317
0.505376
0.504043
0.503286
0.500528
0.483310
0.497596
0.493445
0.497052
0.496370
0.492236
0.490694
0.483136
0.482639
0.495518
0.497052
0.486570
0.499680
0.503381
0.505486
0.497099
0.491550
0.505486
0.501414
0.507587
0.499120
0.493495
0.495584
0.490740
0.488659
0.490740
0.488659
0.483159
0.493008
0.503529
0.499120
0.507776
0.525923
0.496543
0.494402
0.492943
0.497017
0.494344
0.497017
0.493008
0.502050
0.491499
0.483236
0.485988
0.486836
0.483236
0.483339
0.483159
0.476991
0.476506
0.476320
0.472362
0.470302
0.472857
0.472907
0.468747
0.468062
0.470799
0.468062
0.470300
0.474921
0.470127
0.468243
0.476506
0.480484
0.495876
0.489515
0.472360
0.464016
0.473012
0.476320
0.468764
0.476506
0.472721
0.480484
0.464682
0.466025
0.470647
0.461910
0.468764
0.464644
0.461910
0.472179
0.464149
0.460553
0.458497
0.462614
0.466025
0.458312
0.464016
0.466025
0.462427
0.457819
0.464644
0.466025
0.463964
0.464682
0.468091
0.466701
0.463780
0.463964
0.472907
0.470164
0.480484
0.463964
0.462427
0.457819
0.460421
0.461944
0.452171
0.455806
0.454480
0.458312
0.457819
0.456263
0.456447
0.460553
0.458497
0.456447
0.452171
0.450311
0.444203
0.456447
0.451907
0.451729
0.454404
0.459861
0.443398
0.447700
0.452366
0.449711
0.448131
0.453752
0.474988
0.460553
0.460553
0.479124
0.485046
0.486949
0.476566
0.458497
0.468176
0.472242
0.462427
0.466025
0.464016
0.462427
0.457819
0.454404
0.445735
0.450149
0.422339
0.429758
0.434152
0.433443
0.425869
0.415994
0.433443
0.419402
0.428200
0.415740
0.412322
0.425506
0.414262
0.431448
0.429461
0.433596
0.437568
0.441997
0.447615
0.464016
0.451494
0.454224
0.445592
0.437972
0.435444
0.427331
0.425740
0.412070
0.412408
0.412070
0.413668
0.422151
0.407584
0.417133
0.415550
0.429067
0.425740
0.433348
0.429758
0.424156
0.426359
0.417642
0.417642
0.409565
0.414947
0.411553
0.421643
0.415652
0.423653
0.422339
0.407584
0.403489
0.415356
0.412162
0.423653
0.417559
0.409468
0.411553
0.415550
0.405982
0.423624
0.421596
0.418211
0.427012
0.435853
0.403888
0.398126
0.422277
0.414172
0.409907
0.419574
0.429046
0.423624
0.413488
0.407272
0.405887
0.408095
0.423450
0.429749
0.429547
0.419568
0.429749
0.409702
0.389779
0.391725
0.389718
0.402025
0.399134
0.397774
0.399134
0.391081
0.393739
0.395297
0.391289
0.397774
0.399790
0.405180
0.419623
0.403843
0.395760
0.391725
0.391513
0.383051
0.397788
0.393739
0.395760
0.397099
0.391268
0.405220
0.401864
0.387251
0.391268
0.389041
0.395297
0.405220
0.409321
0.391745
0.383689
0.405889
0.397864
0.397641
0.403408
0.395297
0.391268
0.381685
0.399790
0.395297
0.405389
0.391081
0.393878
0.401864
0.391745
0.391310
0.376989
0.389057
0.387520
0.391745
0.393124
0.383030
0.379042
0.389782
0.376788
0.371649
0.376989
0.393287
0.383683
0.373285
0.383467
0.383689
0.379467
0.381075
0.368984
0.367048
0.375596
0.369719
0.387255
0.397128
0.391745
0.381224
0.383689
0.381007
0.390866
0.391745
0.381007
0.385490
0.379662
0.385490
0.375657
0.376989
0.379662
0.379694
0.371668
0.375069
0.373551
0.367650
0.371438
0.383530
0.374997
0.371015
0.387093
0.397218
0.387744
0.381495
0.381495
0.387093
0.387744
0.391827
0.381009
0.393470
0.387620
0.383759
0.371668
0.385162
0.377107
0.381602
0.375596
0.373551
0.377749
0.382883
0.381075
0.381495
0.385571
0.385162
0.382883
0.375069
0.375596
0.369483
0.375596
0.369483
0.371513
0.373551
0.367048
0.357040
0.359550
0.357523
0.365525
0.372915
0.370236
0.368197
0.371113
0.371275
0.353589
0.358915
0.355748
0.361071
0.351565
0.341600
0.351181
0.348909
0.365672
0.370873
0.373710
0.349671
0.349860
0.339849
0.336320
0.336320
0.334556
0.338023
0.330419
0.327779
0.310521
0.302437
0.300818
0.296981
0.302074
0.300113
0.304402
0.291184
0.290893
0.279348
0.283899
0.274211
0.275432
0.263907
0.260093
0.262295
0.254739
0.260127
0.255063
0.247503
0.226974
0.239440
0.226125
0.224321
0.222839
0.226776
0.214125
0.219430
0.232238
0.215882
0.221113
0.218778
0.209561
0.202965
0.199468
0.197351
0.188597
0.190269
0.193323
0.191954
0.183594
0.174690
0.162565
0.163883
0.164829
0.159083
0.162991
0.159881
0.166268
0.166618
0.157312
0.155095
0.158581
0.159050
0.155438
0.150506
0.151384
0.149060
0.148417
0.139932
0.138152
0.144139
0.150824
0.138467
0.128321
0.136302
0.133131
0.134549
0.137380
0.127903
0.125838
0.128591
0.130365
0.130739
0.124853
0.125838
0.126904
0.123087
0.116314
0.115384
0.112490
0.115837
0.109953
0.103750
0.109100
0.117672
0.092669
0.094267
0.094154
0.087810
0.099389
0.102865
0.089763
0.086670
0.083626
0.090789
0.092567
0.083695
0.082298
0.078061
0.083462
0.074082
0.091005
0.089929
0.081623
0.087635
0.092729
0.085319
0.083652
0.085525
0.086041
0.077199
0.077199
0.077748
0.082532
0.079617
0.084437
0.090210
0.086267
0.076363
0.075213
0.075213
0.084923
0.076205
0.078782
0.078737
0.069993
0.076836
0.070424
0.076473
0.069389
0.071011
0.074659
0.069816
0.079440
0.071766
0.073522
0.064699
0.079045
0.068952
0.075597
0.087262
0.089905
0.083058
0.073560
0.071967
0.077248
0.059202
0.070179
0.070700
0.068625
0.061388
0.067514
0.067514
0.080318
0.079626
0.064925
0.071726
0.070700
0.077248
0.053894
0.070700
0.086886
0.070532
0.065438
0.072310
0.075220
0.062459
0.075614
0.071614
0.075045
0.071614
0.071492
0.073987
0.062462
0.072264
0.054901
0.063892
0.090243
0.072310
0.067032
0.083267
0.078182
0.073944
0.077415
0.076473
0.080153
0.073522
0.073565
0.079626
0.064243
0.062687
0.066656
0.057011
0.069389
0.069151
0.073522
0.067154
0.065119
0.077248
0.082859
0.067392
0.074387
0.071965
0.078256
0.073565
0.072243
0.067154
0.071576
0.074512
0.080152
0.077282
0.063641
0.071576
0.069859
0.078902
0.087629
0.064885
0.063098
0.069048
0.084854
0.069048
0.084119
0.057257
0.065062
0.062185
0.052849
0.068752
0.067639
0.063678
0.064681
0.075401
0.063539
0.070276
0.063529
0.071689
0.067069
0.066251
0.080254
0.067603
0.069859
0.058379
0.064885
0.069048
0.068654
0.069025
0.069025
0.072123
0.071689
0.064955
0.071843
0.070668
0.065049
0.072716
0.070803
0.073600
0.083883
0.079114
0.071927
0.093207
0.081768
0.074886
0.092559
0.092885
0.078345
0.091856
0.076270
0.073076
0.070276
0.072972
0.088901
0.076048
0.088782
0.074326
0.080022
0.078063
0.079123
0.074861
0.087273
0.071749
0.082859
0.084872
0.084429
0.081638
0.078345
0.078758
0.071927
0.063678
0.081760
0.071936
0.075096
0.065187
0.080686
0.066664
0.077146
0.090490
0.083509
0.075099
0.086209
0.100610
0.097136
0.101343
0.086600
0.088013
0.092885
0.085082
0.089348
0.090791
0.089201
0.088013
0.082134
0.090156
0.081287
0.074316
0.080279
0.084223
0.088812
0.087481
0.083643
0.081608
0.092184
0.088186
0.077756
0.090728
0.088186
0.095037
0.090121
0.087306
0.088213
0.090460
0.097158
0.089009
0.068773
0.084223
0.082910
0.081287
0.082910
0.077146
0.090490
0.082008
0.095622
0.079524
0.084796
0.080829
0.094755
0.077100
0.095037
0.072770
0.082301
0.096213
0.088186
0.082301
0.081446
0.088736
0.083664
0.088736
0.084178
0.078049
0.077100
0.089702
0.077100
0.086192
0.083303
0.083839
0.096817
0.084493
0.087954
0.089732
0.089165
0.095160
0.080370
0.092844
0.096185
0.090460
0.087964
0.087028
0.098957
0.096344
0.093463
0.086192
0.090784
0.092200
0.087964
0.089947
0.087489
0.093228
0.098856
0.096817
0.091457
0.091457
0.085526
0.091457
0.089947
0.082718
0.093946
0.091526
0.073500
0.090804
0.083839
0.092795
0.092795
0.091980
0.090973
0.081071
0.087321
0.080668
0.086064
0.077287
0.080668
0.077152
0.082572
0.096042
0.096579
0.087894
0.092891
0.087006
0.086917
0.083782
0.093107
0.082835
0.079237
0.078155
0.086592
0.079093
0.075449
0.077282
0.073606
0.077282
0.077377
0.079237
0.077282
0.071901
0.080920
0.066584
0.071799
0.058098
0.073627
0.077202
0.071795
0.071795
0.067526
0.079018
0.063875
0.070054
0.071832
0.066537
0.068279
0.070054
0.070079
0.058282
0.059905
0.069083
0.075474
0.066630
0.068384
0.071945
0.061659
0.059961
0.074801
0.061659
0.061089
0.048717
0.060183
0.052268
0.061280
0.046899
0.049300
0.053039
0.053039
0.043458
0.054966
0.054140
0.054844
0.058767
0.047214
0.053578
0.051889
0.051392
0.062061
0.047040
0.056915
0.050605
0.055237
0.046571
0.059021
0.062588
0.038756
0.040816
0.043716
0.043815
0.039183
0.049672
0.040179
0.043716
0.040431
0.047727
0.045578
0.032952
0.036271
0.047040
0.042374
0.040387
0.041412
0.048636
0.038597
0.041556
0.041972
0.048658
0.038898
0.043503
0.044191
0.038162
0.043724
0.035729
0.044637
0.041783
0.038162
0.047731
0.041133
0.043958
0.045056
0.041972
0.034329
0.036553
0.039851
0.033192
0.032716
0.035511
0.033874
0.033874
0.035511
0.037438
0.031824
0.032975
0.036000
0.047070
0.045504
0.041133
0.033874
0.036402
0.040381
0.049401
0.042652
0.045504
0.037834
0.053540
0.049095
0.041886
0.041972
0.036066
0.030480
0.040065
0.031600
0.028105
0.033931
0.032020
0.029443
0.033931
0.035156
0.033037
0.027801
0.033978
0.034258
0.027877
0.026024
0.034584
0.022474
0.029011
0.035378
0.023212
0.026898
0.023906
0.018004
0.021574
0.030016
0.016350
0.012287
0.020031
0.015968
0.016449
0.013824
0.020259
0.022103
0.022346
0.018763
0.034102
0.024734
0.016820
0.024449
0.022346
0.021980
0.027190
0.023064
0.019925
0.025334
0.023279
0.021566
0.022970
0.021837
0.021247
0.019057
0.020138
0.022044
0.024407
0.020880
0.023064
0.017419
0.017428
0.021059
0.015556
0.020714
0.021726
0.026874
0.020713
0.024450
0.016759
0.012838
0.023924
0.015257
0.016477
0.017642
0.013082
0.007316
0.011438
0.007704
0.016141
0.014076
0.014577
0.011196
0.016463
0.012010
0.012918
0.018278
0.014076
0.011392
0.011950
0.010666
0.012222
0.015723
0.012222
0.018004
0.014634
0.011446
0.010518
0.014893
0.012807
0.015511
0.013670
0.010563
0.017428
0.020552
0.013981
0.013898
0.013898
0.013809
0.015869
0.012720
0.013671
0.014063
0.011627
0.015512
0.019543
0.013671
0.011262
0.014944
0.014756
0.013582
0.017170
0.021792
0.018763
0.013731
0.012222
0.012167
0.011868
0.009198
0.010592
0.005890
0.011446
0.011446
0.012065
0.011599
0.013670
0.008833
0.009126
0.007814
0.007112
0.009198
0.012390
0.010110
0.012125
0.014063
0.012035
0.011278
0.009629
0.013128
0.011369
0.010328
0.006886
0.011392
0.009629
0.009102
0.012795
0.014869
0.014556
0.011278
0.009412
0.008439
0.013211
0.008483
0.014893
0.012287
0.011124
0.017738
0.019296
0.021754
0.011369
0.007254
0.007018
0.006534
0.010291
0.011644
0.009597
0.008829
0.009731
0.008029
0.005749
0.007356
0.006633
0.008584
0.009349
0.010056
0.009937
0.012042
0.011861
0.006144
0.011583
0.012451
0.011950
0.010328
0.008867
0.011670
0.012256
0.012287
0.010291
0.009823
0.009198
0.011392
0.009916
0.011124
0.009823
0.010592
0.008843
0.008379
0.010592
0.012287
0.009830
0.012042
0.012222
0.014277
0.009597
0.008346
0.005871
0.009830
0.013128
0.011196
0.010535
0.011135
0.010619
0.009415
0.010619
0.010592
0.008172
0.009178
0.012735
0.008709
0.009629
0.009452
0.009563
0.010209
0.012715
0.010535
0.011196
0.010619
0.012916
0.010592
0.009563
0.013167
0.012222
0.010227
0.011446
0.011033
0.013097
0.016759
0.012390
0.015799
0.012065
0.013663
0.013690
0.011583
0.005871
0.010381
0.007328
0.008217
0.011861
0.005878
0.013791
0.008029
0.013053
0.011369
0.005686
0.008413
0.006181
0.011861
0.013685
0.007851
0.010892
0.009638
0.013400
0.013538
0.009174
0.009966
0.010235
0.009638
0.007684
0.013053
0.012524
0.008121
0.014525
0.009309
0.013436
0.010535
0.013631
0.008415
0.013053
0.012172
0.011369
0.012229
0.015005
0.012484
0.016221
0.016556
0.010619
0.014525
0.015005
0.012042
0.016350
0.013791
0.020393
0.021066
0.018428
0.017827
0.019959
0.012888
0.016195
0.020094
0.016345
0.014723
0.013077
0.014379
0.008553
0.015350
0.014253
0.018649
0.016449
0.012287
0.011124
0.011034
0.013694
0.013690
0.014100
0.013374
0.019738
0.014052
0.011583
0.013631
0.011644
0.014525
0.011196
0.015792
0.016350
0.013436
0.020637
0.018428
0.018927
0.025555
0.021680
0.020031
0.021354
0.033632
0.022316
0.031876
0.023202
0.036553
0.028428
0.024707
0.029558
0.020031
0.017379
0.020222
0.020005
0.017589
0.017379
0.019117
0.020031
0.017134
0.017738
0.022474
0.021772
0.027041
0.025264
0.027634
0.036066
0.036553
0.031600
0.028090
0.023906
0.025264
0.020201
0.018950
0.023404
0.024590
0.025264
0.027202
0.027865
0.024852
0.024852
0.031600
0.018649
0.019548
0.020637
0.023202
0.018649
0.024707
0.021772
0.020201
0.016350
0.023404
0.019548
0.020448
0.020633
0.022939
0.022939
0.020201
0.020448
0.032952
0.023650
0.014277
0.018143
0.018039
0.019349
0.020259
0.020971
0.021834
0.021247
0.018862
0.020448
0.018566
0.021059
0.016735
0.017428
0.021016
0.021649
0.026648
0.022671
0.016477
0.019483
0.021059
0.025949
0.020138
0.019187
0.017534
0.022485
0.019057
0.018143
0.016979
0.021574
0.022485
0.162631
0.016900
0.018862
0.016531
0.017534
0.020971
0.027256
0.024558
0.018143
0.019187
0.018788
0.014893
0.020138
0.022134
0.019866
0.019483
0.022134
0.018862
0.021649
0.023064
0.020971
0.021247
0.016611
0.018862
0.016820
0.015818
0.020138
0.014560
0.018755
0.019626
0.018004
0.021247
0.015842
0.018755
0.022383
0.019483
0.015803
0.015556
0.014253
0.012484
0.012287
0.010619
0.013082
0.013973
0.016899
0.018649
0.018788
0.015014
0.018004
0.013973
0.013968
0.010521
0.014759
0.014610
0.013082
0.017897
0.015487
0.015842
0.015556
0.015516
0.011947
0.018763
0.015556
0.015014
0.018039
0.015014
0.013973
0.013631
0.015511
0.017507
0.016759
0.013968
0.016759
0.014869
0.015818
0.014634
0.015982
0.013973
0.016979
0.022103
0.014277
0.018278
0.016716
0.015182
0.011124
0.016999
0.019738
0.020637
0.022485
0.016531
0.020971
0.024450
0.017428
0.018862
0.015511
0.020713
0.014869
0.017428
0.019808
0.014869
0.018862
0.014869
0.017827
0.020902
0.014634
0.019626
0.019788
0.013663
0.015512
0.015511
0.015487
0.019626
0.016221
0.014100
0.016979
0.013167
0.014610
0.014811
0.017128
0.015842
0.013973
0.016999
0.014759
0.022244
0.014895
0.015968
0.017856
0.017379
0.017244
0.016350
0.012918
0.016716
0.013167
0.012807
0.012918
0.020637
0.012042
0.011861
0.014577
0.014786
0.016350
0.016046
0.015350
0.019814
0.014577
0.017379
0.013128
0.013350
0.011808
0.014277
0.015235
0.013128
0.011950
0.010592
0.014253
0.015014
0.013350
0.014811
0.012918
0.016463
0.019106
0.009312
0.012918
0.015556
0.010375
0.013824
0.017534
0.022474
0.014076
0.011438
0.020633
0.012451
0.008843
0.015988
0.014277
0.011583
0.017589
0.017454
0.013128
0.013128
0.014379
0.013128
0.011369
0.016854
0.010145
0.012524
0.011861
0.013053
0.009309
0.012719
0.009309
0.041176
0.012524
0.012451
0.015235
0.021354
0.019117
0.019106
0.014786
0.011641
0.012233
0.010381
0.012734
0.012734
0.008252
0.011141
0.010300
0.013538
0.011141
0.013400
0.014842
0.013400
0.012482
0.011593
0.012457
0.009638
0.011597
0.013485
0.011726
0.011726
0.007149
0.011726
0.013436
0.015350
0.011369
0.011828
0.014525
0.012484
0.016350
0.017379
0.014525
0.012233
0.012715
0.013843
0.011641
0.009468
0.010235
0.008843
0.010971
0.011165
0.019462
0.011165
0.014379
0.010535
0.007506
0.009349
0.009174
0.014409
0.014723
0.012482
0.012759
0.016331
0.013485
0.009728
0.013485
0.008854
0.015927
0.012457
0.013400
0.013050
0.014490
0.014015
0.013985
0.016588
0.012528
0.008413
0.012016
0.012913
0.014015
0.012012
0.013348
0.010892
0.014015
0.019959
0.015065
0.009967
0.010027
0.010027
0.010892
0.011726
0.010734
0.017954
0.011402
0.016345
0.014348
0.017954
0.012591
0.017954
0.012913
0.012591
0.012012
0.013400
0.011593
0.010767
0.013104
0.013104
0.013050
0.013634
0.013905
0.013348
0.009967
0.010767
0.014348
0.014348
0.010892
0.012913
0.010892
0.012913
0.015927
0.012482
0.023274
0.009490
0.012482
0.017508
0.013985
0.010178
0.013985
0.010361
0.010767
0.015065
0.014643
0.012815
0.012997
0.020446
0.012815
0.012619
0.014643
0.021854
0.012997
0.010892
0.014643
0.012119
0.013905
0.015601
0.010088
0.018187
0.013715
0.012997
0.014957
0.010088
0.012221
0.012815
0.011369
0.012119
0.010767
0.008573
0.009108
0.012815
0.010088
0.008573
0.011593
0.003542
0.011593
0.010892
0.011297
0.008974
0.017604
0.011593
0.011593
0.014015
0.006715
0.012457
0.010892
0.008251
0.009728
0.012888
0.011297
0.009966
0.015860
0.004659
0.011330
0.017366
0.008251
0.011141
0.012997
0.017827
0.012457
0.010767
0.015513
0.016926
0.012591
0.014015
0.009757
0.005669
0.008718
0.007178
0.009519
0.012739
0.011039
0.007344
0.007372
0.006720
0.005669
0.006271
0.008067
0.005073
0.008267
0.011271
0.008187
0.006537
0.009580
0.007245
0.003979
0.005840
0.007863
0.004273
0.005669
0.006203
0.004510
0.003187
0.007372
0.001308
0.002537
0.002921
0.006271
0.006654
0.002696
0.005922
0.003976
0.003877
0.005100
0.003338
0.006904
0.005100
0.005249
0.003189
0.002337
0.001802
0.001859
0.003153
0.004564
0.002128
0.000385
0.004407
0.003089
0.001871
0.000971
0.003516
0.001588
0.001871
0.002337
0.001158
0.001539
0.003618
0.003189
0.001520
0.001460
0.002289
0.002289
0.001158
0.001460
0.002098
0.001796
0.004085
0.002642
0.003555
0.003476
0.003068
0.001855
0.003435
0.002843
0.002309
0.002985
0.001197
0.002185
0.001685
0.003005
0.000294
0.000271
0.000144
0.000686
0.000163
0.001118
0.001050
0.000969
0.000007
0.000775
0.000235
0.000686
0.000614
0.000085
0.000646
0.000743
0.000743
0.000007
0.000958
0.001594
0.000862
0.000294
0.000271
0.000461
0.001213
0.000862
0.000862
0.000788
0.001265
0.002549
0.000109
0.002090
0.001148
0.000126
0.000975
0.001054
0.000556
0.001726
0.000712
0.002738
0.001013
0.001074
0.001417
0.000367
0.000000
0.001816
0.000895
0.001148
0.000274
0.001160
0.005297
0.000973
0.000821
0.000788
0.000973
0.001381
0.001381
0.002549
0.000712
0.001417
0.004105
0.002090
0.000802
0.001417
0.003662
0.001372
0.002332
0.001721
0.003237
0.000913
0.001475
0.000712
0.003963
0.005014
0.004428
0.003237
0.004367
0.002090
0.003273
0.003273
0.002397
0.002058
0.002058
0.003876
0.003237
0.001148
0.001721
0.002368
0.002714
0.002738
0.003113
0.001721
0.003876
0.002877
0.002876
0.002876
0.001778
0.001475
0.002684
0.002995
0.006583
0.002226
0.008664
0.005913
0.004430
0.001636
0.006028
0.006235
0.004520
0.006301
0.003876
0.007310
0.003822
0.005014
0.003419
0.003876
0.005715
0.004581
0.006473
0.003070
0.004891
0.003458
0.003070
0.005913
0.003764
0.007921
0.001434
0.003746
0.002651
0.005505
0.005386
0.004430
0.004136
0.007549
0.007291
0.005777
0.003662
0.006465
0.006583
0.010891
0.010779
0.005276
0.006285
0.005777
0.006640
0.005913
0.005505
0.004202
0.004340
0.007624
0.008664
0.007790
0.004674
0.005715
0.005913
0.004674
0.006835
0.009459
0.004623
0.013183
0.004674
0.004946
0.008346
0.004581
0.005632
0.006473
0.016488
0.008985
0.008534
0.006207
0.004428
0.005632
0.010043
0.005809
0.007412
0.008346
0.006373
0.011653
0.006473
0.011449
0.007065
0.007170
0.008548
0.011653
0.013270
0.008885
0.008885
0.009603
0.008885
0.011166
0.009560
0.010505
0.009560
0.006657
0.009560
0.011947
0.009483
0.008027
0.008826
0.006728
0.010505
0.010505
0.008346
0.008187
0.010505
0.011634
0.008346
0.013876
0.013524
0.011166
0.011864
0.018526
0.016715
0.016862
0.011121
0.013008
0.015153
0.014399
0.013524
0.015085
0.016715
0.009560
0.017329
0.013814
0.013334
0.013422
0.013172
0.011634
0.015780
0.010043
0.011121
0.011363
0.014567
0.011363
0.012344
0.017659
0.012170
0.011363
0.013270
0.017539
0.013172
0.015007
0.015919
0.016783
0.014633
0.013524
0.015648
0.014156
0.014633
0.011121
0.014399
0.018832
0.015457
0.016238
0.013435
0.018617
0.021409
0.021409
0.013691
0.016544
0.020737
0.020262
0.014324
0.016544
0.019663
0.019213
0.016609
0.017201
0.015574
0.017599
0.019697
0.018101
0.017695
0.018193
0.012804
0.014716
0.018763
0.018617
0.018617
0.021839
0.019663
0.018570
0.018562
0.017554
0.019663
0.022441
0.017531
0.015553
0.018562
0.021819
0.021839
0.014585
0.016527
0.022064
0.020163
0.020806
0.016609
0.014040
0.017536
0.018617
0.018570
0.018047
0.019663
0.016609
0.025952
0.021944
0.023170
0.028127
0.020346
0.020767
0.020262
0.021839
0.022499
0.027912
0.016544
0.022988
0.022499
0.024761
0.018562
0.024135
0.025317
0.018576
0.019672
0.023652
0.020709
0.028350
0.025312
0.024139
0.016527
0.021338
0.021839
0.020741
0.026513
0.020268
0.020268
0.020268
0.026528
0.024121
0.025330
0.024192
0.018674
0.029006
0.023572
0.024121
0.025952
0.025339
0.023572
0.025317
0.021338
0.022968
0.024139
0.027122
0.018562
0.021839
0.025312
0.021824
0.034327
0.022966
0.025330
0.023015
0.024192
0.025983
0.021900
0.027797
0.023054
0.026143
0.033032
0.023054
0.024826
0.023054
0.025983
0.025395
0.037033
0.026550
0.025330
0.024135
0.023015
0.026528
0.027140
0.030331
0.026624
0.026528
0.024135
0.020772
0.025312
0.028380
0.032169
0.030289
0.025312
0.022966
0.029006
0.030904
0.030291
0.027770
0.030331
0.032214
0.031010
0.027770
0.027770
0.029006
0.025330
0.035671
0.030365
0.026624
0.025983
0.024192
0.029726
0.024235
0.027833
0.030464
0.025443
0.036290
0.033032
0.026624
0.027935
0.029159
0.027879
0.033032
0.026550
0.021900
0.026550
0.025443
0.027747
0.027797
0.029159
0.025395
0.025645
0.028566
0.024192
0.027206
0.028505
0.030306
0.032933
0.030884
0.028453
0.027206
0.030331
0.028453
0.032956
0.029006
0.026528
0.022344
0.030291
0.029702
0.030331
0.026550
0.028358
0.027747
0.030904
0.026676
0.028505
0.031600
0.034290
0.026528
0.029005
0.042411
0.032374
0.026513
0.030291
0.026528
0.037041
0.033718
0.035634
0.030904
0.035106
0.035671
0.038442
0.029006
0.030291
0.036481
0.035120
0.039356
0.038503
0.033710
0.034272
0.039356
0.035634
0.032990
0.035671
0.031600
0.039381
0.030291
0.035671
0.037892
0.034265
0.042297
0.034875
0.032920
0.030306
0.041340
0.037033
0.037889
0.042804
0.032342
0.037033
0.032990
0.044301
0.039953
0.034290
0.036532
0.039356
0.044390
0.045923
0.047399
0.042822
0.036481
0.042822
0.042920
0.039953
0.043402
0.045973
0.035744
0.043031
0.035924
0.041670
0.051139
0.049250
0.044554
0.047176
0.049175
0.051139
0.044554
0.050708
0.049250
0.040049
0.047664
0.048619
0.044436
0.046534
0.044130
0.046176
0.043179
0.049334
0.052482
0.049053
0.046176
0.043268
0.044802
0.052954
0.047664
0.052263
0.050708
0.050708
0.052747
0.047982
0.047531
0.052078
0.053174
0.045852
0.038125
0.053790
0.048966
0.053749
0.047399
0.048966
0.049550
0.051577
0.047531
0.050708
0.045973
0.046597
0.047531
0.051577
0.050059
0.044436
0.053749
0.058185
0.047478
0.047399
0.048905
0.054809
0.046890
0.045973
0.055437
0.049250
0.055437
0.056463
0.053749
0.056952
0.048619
0.055437
0.047531
0.052263
0.057226
0.058737
0.060492
0.053749
0.055393
0.065447
0.075728
0.065012
0.058788
0.057226
0.057300
0.055552
0.070354
0.052954
0.058918
0.058788
0.058737
0.063266
0.063266
0.057055
0.052162
0.048619
0.057055
0.057690
0.057103
0.061602
0.063337
0.053718
0.066861
0.066776
0.057226
0.060437
0.066089
0.065645
0.065588
0.063509
0.060437
0.060437
0.062213
0.061080
0.053749
0.055623
0.071009
0.055623
0.057300
0.060628
0.063891
0.063953
0.065645
0.065710
0.062155
0.060492
0.059376
0.058849
0.065710
0.065645
0.070354
0.065012
0.059885
0.067304
0.065710
0.067648
0.074668
0.065867
0.065273
0.069204
0.057476
0.062003
0.060628
0.064103
0.064191
0.059178
0.060265
0.068556
0.060265
0.063070
0.071009
0.059282
0.065532
0.065867
0.069276
0.063759
0.065532
0.066300
0.069543
0.064393
0.067742
0.066300
0.064103
0.065867
0.065867
0.059178
0.071009
0.060709
0.074529
0.069204
0.066300
0.069276
0.071009
0.067648
0.071675
0.067742
0.063070
0.063759
0.066166
0.063070
0.069446
0.062535
0.071361
0.079584
0.069446
0.076929
0.064191
0.072830
0.074529
0.073998
0.071260
0.065867
0.067416
0.068851
0.069204
0.064191
0.065784
0.065710
0.069276
0.074749
0.073091
0.080050
0.069204
0.074050
0.072909
0.078083
0.071361
0.080573
0.077155
0.067668
0.074938
0.073195
0.072686
0.069543
0.071260
0.071260
0.075045
0.071260
0.085307
0.074529
0.069204
0.071675
0.078390
0.067053
0.071009
0.074342
0.066166
0.062637
0.066283
0.071588
0.081885
0.091463
0.073195
0.074938
0.068372
0.069446
0.076801
0.080274
0.071991
0.069543
0.071361
0.080310
0.075675
0.071588
0.078408
0.076521
0.071991
0.077155
0.081318
0.073840
0.076911
0.075284
0.075284
0.079180
0.070556
0.073557
0.081085
0.075556
0.079042
0.084404
0.074896
0.077541
0.073557
0.077029
0.075704
0.075284
0.075416
0.075284
0.084185
0.080310
0.075416
0.071991
0.081085
0.072793
0.079042
0.073840
0.080573
0.077155
0.073428
0.080310
0.082481
0.080718
0.083004
0.077958
0.080944
0.084526
0.081085
0.074225
0.081752
0.079180
0.073840
0.084793
0.075284
0.081085
0.077290
0.079479
0.079042
0.079180
0.082600
0.079042
0.071848
0.082727
0.086342
0.079042
0.088421
0.071991
0.080718
0.083004
0.077584
0.091018
0.077584
0.078087
0.096376
0.079479
0.090389
0.084793
0.074326
0.077743
0.083482
0.087096
0.083315
0.087096
0.075704
0.081085
0.083004
0.075861
0.080688
0.073557
0.077290
0.070953
0.079042
0.081885
0.086739
0.078449
0.081554
0.088850
0.084793
0.081554
0.079479
0.079848
0.079479
0.093985
0.084793
0.084939
0.075861
0.081085
0.082727
0.077290
0.079479
0.077584
0.079042
0.082600
0.079180
0.084939
0.081085
0.077290
0.073840
0.070307
0.084655
0.079180
0.097773
0.095666
0.091643
0.080944
0.078792
0.076084
0.075704
0.086105
0.079479
0.082259
0.081908
0.078087
0.083315
0.081390
0.079641
0.089176
0.077743
0.075861
0.083004
0.082600
0.080718
0.084939
0.090259
0.075284
0.075284
0.088421
0.079042
0.090673
0.101446
0.070628
0.073993
0.073840
0.077584
0.083004
0.079180
0.078449
0.076380
0.081908
0.080176
0.081554
0.081554
0.080176
0.085424
0.083841
0.087749
0.095484
0.082097
0.074505
0.078449
0.083315
0.076567
0.085254
0.088850
0.083315
0.079641
0.087380
0.079990
0.073224
0.084773
0.085424
0.079990
0.078449
0.077584
0.084583
0.092816
0.100027
0.086739
0.091334
0.075488
0.083841
0.085424
0.082097
0.076019
0.076768
0.081560
0.078271
0.083841
0.089176
0.084186
0.083841
0.085788
0.092036
0.082499
0.089176
0.080176
0.089351
0.080176
0.081554
0.078872
0.083162
0.085981
0.085432
0.085109
0.085432
0.088581
0.092651
0.089922
0.088149
0.088685
0.083048
0.090879
0.083898
0.090343
0.077641
0.085109
0.080035
0.082282
0.081564
0.092563
0.108392
0.086722
0.084773
0.080785
0.079653
0.083048
0.089922
0.087945
0.075751
0.082712
0.099216
0.090053
0.087749
0.082499
0.082839
0.091334
0.089922
0.077756
0.066833
0.089357
0.091340
0.091278
0.086162
0.091340
0.098634
0.087311
0.088581
0.084705
0.086114
0.085010
0.085010
0.082218
0.083944
0.084159
0.090065
0.091831
0.090795
0.078915
0.088082
0.086114
0.082282
0.078915
0.084472
0.089357
0.084159
0.081147
0.084215
0.084159
0.080086
0.084215
0.084428
0.088082
0.090065
0.089357
0.080292
0.090099
0.086162
0.074430
0.078186
0.090912
0.086964
0.085010
0.088385
0.088124
0.084215
0.090099
0.089288
0.086162
0.086114
0.079795
0.078186
0.088082
0.083637
0.089288
0.088082
0.081147
0.093282
0.090065
0.086162
0.085010
0.085010
0.082282
0.091278
0.078915
0.087311
0.080292
0.086162
0.083400
0.094091
0.087311
0.086422
0.079653
0.087311
0.081564
0.081465
0.078915
0.100008
0.090099
0.092563
0.093580
0.089044
0.082218
0.082537
0.096369
0.092563
0.088082
0.083944
0.077210
0.080086
0.086493
0.089288
0.084159
0.088931
0.088636
0.088082
0.077897
0.083637
0.083932
0.088385
0.087836
0.100176
0.084905
0.093794
0.080786
0.082983
0.089444
0.091770
0.083925
0.092746
0.075490
0.093682
0.090763
0.090763
0.081891
0.081891
0.092854
0.086008
0.090500
0.084629
0.086572
0.088529
0.088895
0.089788
0.093766
0.092485
0.091877
0.090763
0.088895
0.084081
0.086937
0.085865
0.091770
0.092124
0.084273
0.090763
0.086937
0.089788
0.084992
0.084906
0.082700
0.089717
0.088797
0.084992
0.084992
0.092485
0.092854
0.088529
0.088895
0.088077
0.081428
0.088895
0.087689
0.084992
0.084195
0.092016
0.083809
0.095775
0.078480
0.088529
0.089788
0.084629
0.089717
0.086008
0.088797
0.084081
0.087689
0.088895
0.084992
0.087689
0.087950
0.084195
0.083809
0.086937
0.086937
0.089444
0.093682
0.088777
0.084629
0.083925
0.084575
0.079246
0.081147
0.096742
0.093682
0.089159
0.079941
0.088895
0.084992
0.083330
0.088895
0.084081
0.091877
0.086129
0.079541
0.082275
0.096246
0.098798
0.090868
0.100794
0.084562
0.085396
0.083330
0.083330
0.090868
0.085742
0.091770
0.095426
0.088077
0.090367
0.090039
0.092760
0.089724
0.088606
0.091251
0.086483
0.091251
0.091670
0.094005
0.089531
0.083954
0.090174
0.088846
0.082060
0.091251
0.095224
0.088418
0.082060
0.089125
0.095224
0.094737
0.082259
0.095045
0.082506
0.091676
0.088236
0.083422
0.091676
0.093642
0.087786
0.090561
0.087786
0.095224
0.092127
0.072364
0.082259
0.095224
0.087786
0.080626
0.089157
0.082967
0.089628
0.087230
0.091904
0.093051
0.093642
0.091097
0.085319
0.093642
0.094737
0.085319
0.086751
0.089385
0.101286
0.090593
0.090016
0.090375
0.086861
0.094240
0.086021
0.094987
0.092824
0.094492
0.084461
0.084461
0.093875
0.092536
0.086751
0.083229
0.087243
0.085119
0.084851
0.084851
0.090877
0.092536
0.086021
0.096957
0.084974
0.087957
0.095493
0.084461
0.092610
0.090476
0.086348
0.088555
0.094987
0.087910
0.088118
0.087910
0.090679
0.085433
0.093000
0.098941
0.092610
0.088665
0.092610
0.092095
0.089187
0.086348
0.085772
0.095797
0.085772
0.091087
0.089812
0.085433
0.089158
0.086021
0.092536
0.087910
0.090165
0.084461
0.080240
0.088763
0.093000
0.085978
0.089812
0.085433
0.086861
0.084974
0.091353
0.088249
0.086567
0.084461
0.077578
0.090016
0.088249
0.090165
0.087243
0.096462
0.088763
0.075086
0.089812
0.085978
0.092610
0.083579
0.088445
0.090375
0.082068
0.084148
0.094786
0.082290
0.082068
0.079759
0.085772
0.088118
0.091440
0.089812
0.087910
0.089187
0.091087
0.092095
0.094039
0.090679
0.075964
0.093000
0.088960
0.088203
0.079759
0.083912
0.085978
0.087303
0.085772
0.098446
0.094555
0.085433
0.082512
0.086234
0.084366
0.086021
0.087243
0.077578
0.080675
0.086861
0.083579
0.087303
0.081568
0.090016
0.087303
0.088763
0.091440
0.088960
0.087303
0.093546
0.081474
0.095797
0.091087
0.085799
0.085233
0.087089
0.089733
0.088118
0.088249
0.079759
0.096957
0.083579
0.086021
0.083284
0.081924
0.081568
0.097752
0.089536
0.085110
0.085600
0.087079
0.091089
0.088998
0.088917
0.088808
0.087079
0.087949
0.086891
0.089336
0.091227
0.079680
0.085110
0.089733
0.085772
0.081474
0.083871
0.083488
0.085772
0.085310
0.081522
0.080386
0.089364
0.085725
0.085725
0.087536
0.085725
0.090749
0.085725
0.091206
0.091206
0.087651
0.094936
0.086029
0.089131
0.089364
0.087339
0.085725
0.087536
0.085384
0.078438
0.079916
0.087536
0.079916
0.088814
0.087002
0.090806
0.085855
0.084075
0.089364
0.087651
0.085564
0.092483
0.084078
0.084599
0.096974
0.092760
0.090938
0.089638
0.084299
0.087842
0.087580
0.087173
0.090938
0.085393
0.088969
0.089638
0.084599
0.093132
0.089200
0.084078
0.087842
0.084599
0.091289
0.094470
0.085393
0.088969
0.084299
0.090780
0.088814
0.086229
0.090780
0.094989
0.086229
0.081156
0.091449
0.087339
0.089638
0.089656
0.089656
0.091146
0.086155
0.092953
0.092953
0.089889
0.095321
0.089638
0.089656
0.090995
0.094449
0.092953
0.100201
0.100331
0.095225
0.095321
0.088291
0.092226
0.090032
0.090032
0.087145
0.086346
0.086707
0.085135
0.086707
0.084268
0.091995
0.092760
0.084599
0.079889
0.095027
0.090620
0.090485
0.095755
0.091229
0.093245
0.094476
0.096121
0.096498
0.093321
0.100201
0.093302
0.095002
0.097872
0.097872
0.098535
0.089065
0.098002
0.098002
0.099789
0.105240
0.100894
0.103890
0.105541
0.099821
0.099106
0.099106
0.098043
0.102585
0.104445
0.097391
0.096401
0.097391
0.103890
0.100838
0.093902
0.101556
0.106125
0.102585
0.098963
0.098103
0.105706
0.099821
0.101556
0.102662
0.099821
0.100745
0.093375
0.100633
0.106125
0.103391
0.100633
0.106125
0.100633
0.098051
0.108284
0.108306
0.110459
0.108556
0.099845
0.102290
0.095647
0.105021
0.089091
0.100838
0.105021
0.105021
0.098136
0.103306
0.101556
0.102290
0.111548
0.098201
0.102447
0.104873
0.102294
0.110105
0.107533
0.107508
0.110105
0.101398
0.104039
0.104100
0.104100
0.102328
0.104039
0.103306
0.101644
0.106125
0.103276
0.108284
0.107530
0.106755
0.106755
0.111863
0.113579
0.111771
0.110896
0.111816
0.114386
0.117156
0.114386
0.113507
0.115357
0.106628
0.120591
0.117975
0.117241
0.120702
0.122361
0.115412
0.126840
0.130486
0.120681
0.121732
0.127747
0.118977
0.121732
0.123343
0.118857
0.119698
0.127924
0.117982
0.117982
0.122411
0.117952
0.123239
0.125924
0.134615
0.126842
0.130549
0.122441
0.132410
0.118977
0.120702
0.120040
0.121601
0.116675
0.116675
0.116675
0.116468
0.125099
0.122361
0.127924
0.125202
0.124558
0.135077
0.143337
0.138692
0.130313
0.133302
0.129136
0.139825
0.138701
0.130313
0.134519
0.136128
0.132599
0.129902
0.131516
0.128172
0.131646
0.131646
0.128008
0.128953
0.129647
0.134502
0.132779
0.137239
0.142407
0.138019
0.130313
0.142375
0.140531
0.142583
0.137407
0.137266
0.138414
0.152894
0.145191
0.143351
0.138042
0.135486
0.135486
0.137407
0.132023
0.140788
0.141525
0.137239
0.139007
0.136939
0.138414
0.140163
0.142583
0.148048
0.142097
0.146213
0.138624
0.148900
0.141926
0.141621
0.142583
0.140353
0.143703
0.149115
0.140948
0.140788
0.135236
0.140353
0.138624
0.143895
0.145625
0.141655
0.139904
0.143127
0.143854
0.141382
0.143895
0.144519
0.137903
0.143703
0.140353
0.142692
0.142135
0.138624
0.142727
0.141614
0.141614
0.143127
0.145668
0.143895
0.142097
0.139617
0.140388
0.155793
0.143703
0.138414
0.140353
0.136910
0.144248
0.139184
0.142692
0.130562
0.135486
0.137754
0.135486
0.140163
0.136527
0.146611
0.144842
0.143339
0.144885
0.143339
0.148444
0.144643
0.147832
0.139569
0.146130
0.146880
0.147884
0.142314
0.148597
0.140990
0.144390
0.154681
0.145661
0.149846
0.152229
0.148444
0.150432
0.146658
0.143629
0.148098
0.148098
0.151608
0.149257
0.148444
0.144885
0.146880
0.147254
0.144885
0.148444
0.147410
0.141382
0.145493
0.149115
0.148444
0.150326
0.148597
0.154738
0.152056
0.143127
0.150377
0.151608
0.147710
0.152171
0.150191
0.149846
0.150432
0.149652
0.148597
0.152171
0.152171
0.153881
0.153384
0.147884
0.149652
0.155798
0.149652
0.151375
0.154038
0.158622
0.147436
0.155720
0.149113
0.151156
0.148098
0.144007
0.147884
0.153978
0.152526
0.160334
0.154394
0.150860
0.161243
0.152900
0.153881
0.153228
0.153167
0.148444
0.154681
0.154644
0.157413
0.151433
0.148597
0.150377
0.145078
0.147456
0.147254
0.145493
0.146880
0.146324
0.148143
0.148597
0.145351
0.146364
0.150377
0.155173
0.152684
0.150921
0.156975
0.151156
0.149171
0.149113
0.152900
0.155036
0.146364
0.153384
0.145661
0.153384
0.154038
0.151433
0.148098
0.149652
0.151433
0.152056
0.153384
0.156250
0.154394
0.152900
0.151608
0.150600
0.150921
0.148098
0.152171
0.147884
0.150921
0.149846
0.151433
0.155720
0.148597
0.153228
0.149171
0.151608
0.151375
0.148597
0.151433
0.146880
0.155720
0.148098
0.150600
0.146364
0.148098
0.148098
0.151608
0.155798
0.152620
0.151156
0.151608
0.151608
0.157630
0.155036
0.151375
0.153384
0.150377
0.151019
0.148597
0.148597
0.149652
0.146364
0.155798
0.152171
0.145661
0.152229
0.147769
0.152620
0.151156
0.153926
0.153995
0.156428
0.154657
0.154657
0.152684
0.153926
0.153926
0.148098
0.150921
0.153384
0.161819
0.152900
0.156428
0.154251
0.159233
0.158212
0.159508
0.154657
0.156428
0.154394
0.158212
0.155990
0.154460
0.150455
0.157788
0.154460
0.150455
0.154657
0.155753
0.156428
0.157451
0.152184
0.152900
0.151156
0.156857
0.153384
0.153384
0.149426
0.149113
0.156975
0.147434
0.151608
0.149846
0.153384
0.155036
0.152171
0.155173
0.150860
0.148444
0.151433
0.152844
0.151433
0.150455
0.152620
0.156791
0.156975
0.155173
0.155036
0.149426
0.151156
0.151433
0.155798
0.149171
0.150377
0.153824
0.149846
0.149171
0.155798
0.152378
0.147380
0.159544
0.157630
0.149171
0.151375
0.155036
0.151608
0.151433
0.150921
0.156975
0.153384
0.157630
0.153881
0.146364
0.155173
0.153384
0.150921
0.154657
0.156182
0.151608
0.149426
0.149426
0.150658
0.149846
0.151608
0.149171
0.152900
0.149171
0.149171
0.149487
0.155036
0.153384
0.153384
0.149426
0.156182
0.149113
0.153384
0.149426
0.153384
0.156250
0.149113
0.152620
0.155798
0.153384
0.152378
0.151433
0.147884
0.146364
0.152171
0.154038
0.147832
0.140952
0.148098
0.149652
0.153228
0.147884
0.147832
0.148597
0.151019
0.152001
0.150432
0.155972
0.147884
0.150377
0.152056
0.148597
0.150243
0.152056
0.150377
0.148597
0.147410
0.152844
0.149257
0.146130
0.146130
0.144885
0.150191
0.148100
0.154565
0.147297
0.145493
0.150945
0.146658
0.143127
0.145625
0.141382
0.145493
0.142727
0.139652
0.143339
0.140388
0.145668
0.144885
0.145668
0.144481
0.141891
0.146324
0.140948
0.140198
0.143703
0.148100
0.135674
0.139617
0.140163
0.149896
0.147297
0.154681
0.144343
0.143854
0.142664
0.146611
0.149115
0.152001
0.144885
0.141382
0.146658
0.143895
0.138208
0.141382
0.151820
0.143854
0.153626
0.141382
0.145493
0.145078
0.143895
0.144885
0.137572
0.142097
0.143127
0.140388
0.138624
0.141382
0.138657
0.142692
0.137936
0.146284
0.140353
0.143703
0.147410
0.149115
0.139652
0.139942
0.140388
0.141926
0.146213
0.141926
0.140163
0.141926
0.144391
0.142692
0.138414
0.136274
0.143399
0.139007
0.138414
0.135236
0.139007
0.136679
0.137407
0.141525
0.135486
0.135697
0.140163
0.141926
0.136679
0.145493
0.146324
0.141614
0.143703
0.143895
0.140353
0.143703
0.146213
0.138414
0.141926
0.142551
0.137407
0.139007
0.142135
0.141926
0.144391
0.143703
0.144481
0.149896
0.137239
0.138414
0.144391
0.140163
0.142692
0.146324
0.146324
0.140388
0.144519
0.142097
0.145191
0.141926
0.146324
0.141926
0.143703
0.140916
0.146284
0.140948
0.145191
0.144519
0.136679
0.141525
0.137239
0.134959
0.136679
0.141926
0.142135
0.143703
0.138414
0.140163
0.145220
0.135697
0.139184
0.134959
0.147053
0.146213
0.147053
0.137239
0.143431
0.146102
0.145191
0.140163
0.139155
0.141592
0.132269
0.136679
0.139713
0.143351
0.133405
0.137239
0.138019
0.133747
0.137913
0.134519
0.135486
0.141621
0.137913
0.136274
0.135486
0.136128
0.132765
0.138042
0.133747
0.133955
0.135486
0.136254
0.131053
0.135674
0.138042
0.137239
0.139799
0.147009
0.138721
0.140531
0.136947
0.131042
0.130302
0.131042
0.132765
0.134357
0.136274
0.131053
0.136964
0.126939
0.134519
0.134519
0.129128
0.141525
0.138765
0.132599
0.132765
0.138019
0.136901
0.139640
0.136128
0.136901
0.135081
0.129128
0.136901
0.133405
0.132599
0.137913
0.132765
0.135081
0.129128
0.138042
0.134502
0.127415
0.131053
0.138692
0.131638
0.137787
0.133291
0.137754
0.135081
0.135095
0.134098
0.128010
0.134146
0.131516
0.128010
0.137776
0.131429
0.135919
0.131646
0.133216
0.130497
0.126128
0.129754
0.131516
0.125202
0.131355
0.132296
0.133216
0.133219
0.133224
0.127068
0.131524
0.124758
0.129647
0.140614
0.130497
0.134098
0.133405
0.131524
0.131646
0.129759
0.126869
0.135934
0.131646
0.129759
0.133291
0.124758
0.135934
0.129647
0.133216
0.131516
0.129759
0.124758
0.132296
0.135930
0.129647
0.131524
0.133291
0.135970
0.133224
0.131516
0.133302
0.135033
0.134106
0.135001
0.132296
0.122849
0.122668
0.124558
0.130497
0.127881
0.129754
0.134098
0.132291
0.126869
0.133302
0.131429
0.128172
0.132355
0.133405
0.137754
0.135178
0.131042
0.140549
0.135033
0.129902
0.144409
0.129902
0.129902
0.135022
0.131516
0.135022
0.135009
0.136842
0.135033
0.136884
0.133405
0.135940
0.140614
0.129902
0.128010
0.130497
0.126128
0.132267
0.134098
0.130497
0.135934
0.132267
0.128654
0.136173
0.129552
0.128718
0.129544
0.132410
0.125042
0.131375
0.135019
0.126128
0.126869
0.128654
0.130453
0.134093
0.129646
0.129646
0.126128
0.126128
0.130497
0.132296
0.130478
0.125099
0.128654
0.130455
0.128654
0.121601
0.125202
0.134604
0.123456
0.128654
0.128654
0.126869
0.126458
0.124758
0.127420
0.132599
0.132355
0.125716
0.134093
0.128816
0.128172
0.131638
0.135081
0.135081
0.128008
0.126276
0.129647
0.128718
0.124554
0.131516
0.124758
0.126948
0.129647
0.124762
0.128008
0.128010
0.134093
0.132296
0.139987
0.134093
0.134098
0.126869
0.128659
0.126128
0.131429
0.124398
0.129646
0.128718
0.128654
0.126948
0.129544
0.129540
0.130497
0.125202
0.120960
0.123343
0.132265
0.125202
0.127727
0.127727
0.129544
0.126953
0.126953
0.124558
0.126128
0.135934
0.128654
0.125195
0.132291
0.134285
0.132324
0.132291
0.126128
0.131429
0.126953
0.127881
0.134093
0.128654
0.132267
0.135934
0.130499
0.126869
0.125099
0.120681
0.127747
0.126869
0.125924
0.121732
0.128008
0.122856
0.123456
0.126128
0.127795
0.126953
0.127068
0.130497
0.126029
0.125924
0.129544
0.124181
0.126828
0.126840
0.129540
0.132324
0.125964
0.129544
0.132410
0.129540
0.127727
0.131355
0.129544
0.125099
0.128654
0.128654
0.126948
0.132410
0.131375
0.125924
0.127727
0.122361
0.127747
0.121447
0.131441
0.126866
0.127837
0.133419
0.133415
0.125024
0.136523
0.131542
0.127747
0.120625
0.123255
0.118954
0.122361
0.122441
0.124181
0.123343
0.125964
0.118977
0.121601
0.121732
0.119875
0.128718
0.125924
0.127739
0.127747
0.125042
0.125195
0.125202
0.125099
0.125202
0.123234
0.123467
0.122441
0.117127
0.125195
0.125099
0.121618
0.128701
0.125041
0.124195
0.123239
0.126853
0.122361
0.125046
0.122361
0.121447
0.121447
0.127727
0.128647
0.118857
0.122361
0.123234
0.112030
0.119698
0.124235
0.123398
0.123398
0.120601
0.117970
0.117018
0.120571
0.123368
0.123461
0.123461
0.119732
0.116153
0.117935
0.114386
0.121543
0.115258
0.119823
0.120799
0.117935
0.113611
0.119113
0.113571
0.120124
0.124688
0.116153
0.113665
0.116211
0.110903
0.114427
0.117970
0.112633
0.118009
0.117156
0.118971
0.123368
0.117935
0.122209
0.116153
0.113625
0.114427
0.115258
0.114427
0.112633
0.117935
0.109999
0.117975
0.115309
0.117975
0.111863
0.117935
0.119786
0.116153
0.114432
0.115218
0.117024
0.120561
0.119014
0.123491
0.121650
0.122166
0.122641
0.127215
0.119732
0.117935
0.116153
0.117156
0.113507
0.111771
0.123856
0.118278
0.109164
0.113665
0.119113
0.116447
0.119113
0.109164
0.108284
0.112827
0.114629
0.123575
0.110903
0.113625
0.117156
0.113665
0.119517
0.116211
0.114629
0.117655
0.117845
0.121621
0.118278
0.119468
0.116572
0.114735
0.118812
0.126176
0.115806
0.107508
0.109311
0.110529
0.108556
0.114735
0.111039
0.103171
0.118980
0.124097
0.119517
0.108348
0.104022
0.114735
0.113665
0.114735
0.111039
0.118980
0.108306
0.115416
0.113611
0.115357
0.116397
0.112827
0.112827
0.114735
0.112827
0.123070
0.117101
0.120334
0.116447
0.117282
0.110105
0.115806
0.115806
0.107508
0.107508
0.111039
0.121393
0.114123
0.114791
0.109266
0.107604
0.117101
0.111548
0.123283
0.112152
0.109884
0.111548
0.109380
0.111548
0.115453
0.108556
0.109726
0.106125
0.106852
0.109652
0.106781
0.114187
0.112284
0.111548
0.109726
0.107533
0.105769
0.105071
0.111726
0.118460
0.103276
0.108056
0.106706
0.110529
0.112350
0.107533
0.108556
0.111168
0.107604
0.106781
0.113582
0.114123
0.108556
0.108556
0.115236
0.106930
0.113652
0.112284
0.105844
0.110529
0.106930
0.111548
0.106852
0.109961
0.110529
0.105769
0.112152
0.107918
0.111548
0.103391
0.111726
0.108056
0.103746
0.107351
0.112383
0.107536
0.105706
0.113112
0.106327
0.105706
0.106243
0.100201
0.109095
0.101966
0.111015
0.111015
0.107536
0.111239
0.108056
0.107918
0.101870
0.109464
0.109176
0.099142
0.104445
0.106856
0.101966
0.104934
0.111217
0.106856
0.102662
0.104533
0.100408
0.103409
0.103985
0.105029
0.100305
0.104114
0.101317
0.097872
0.106856
0.101591
0.098002
0.096892
0.103217
0.094386
0.092969
0.091229
0.095755
0.096932
0.093790
0.092226
0.105931
0.076574
0.097159
0.095018
0.090757
0.092382
0.098732
0.091099
0.104672
0.097543
0.099347
0.098732
0.095880
0.104107
0.095018
0.103104
0.104166
0.104281
0.097552
0.102773
0.095354
0.102401
0.097552
0.093925
0.098464
0.093700
0.099148
0.092515
0.096848
0.093925
0.090040
0.095321
0.088291
0.094775
0.071852
0.100331
0.097115
0.093221
0.089889
0.096451
0.089355
0.092953
0.093275
0.091146
0.098177
0.103979
0.093132
0.084299
0.083038
0.089355
0.084599
0.094449
0.089355
0.092953
0.098747
0.096861
0.094598
0.098247
0.096364
0.100064
0.082180
0.088005
0.089364
0.091603
0.091289
0.096861
0.096451
0.091450
0.093132
0.089628
0.090780
0.100843
0.090806
0.102371
0.089364
0.087176
0.084254
0.076936
0.087536
0.089341
0.085672
0.090591
0.096251
0.081716
0.086952
0.080386
0.082680
0.083674
0.080706
0.090591
0.082066
0.075050
0.074837
0.076172
0.076779
0.081474
0.072670
0.076142
0.081245
0.051169
0.057247
0.040282
0.059476
0.058775
0.060424
0.060375
0.063359
0.066972
0.061906
0.069933
0.073721
0.066972
0.071692
0.076071
0.074264
0.077047
0.061695
0.069933
0.077894
0.066928
0.066467
0.067234
0.068461
0.066721
0.062091
0.072827
0.063777
0.063777
0.063777
0.071988
0.053689
0.060223
0.057146
0.047321
0.047474
0.063992
0.068169
0.059420
0.057249
0.058907
0.058561
0.057678
0.072542
0.069238
0.065723
0.073261
0.069393
0.069676
0.067472
0.063992
0.064568
0.064568
0.067969
0.062591
0.066319
0.064875
0.058907
0.059744
0.066319
0.058164
0.058762
0.054440
0.063275
0.050397
0.053598
0.056015
0.046525
0.039848
0.054352
0.061807
0.066364
0.061117
0.058053
0.050887
0.053756
0.050887
0.039819
0.051138
0.044875
0.042768
0.038378
0.046729
0.058341
0.036671
0.046597
0.042995
0.043741
0.034725
0.041981
0.041528
0.038570
0.036131
0.042618
0.045694
0.045251
0.040650
0.033816
0.043946
0.042592
0.043696
0.049575
0.046223
0.044476
0.049418
0.042162
0.046826
0.052693
0.052135
0.045700
0.053622
0.040451
0.043040
0.040038
0.040650
0.052498
0.055296
0.050252
0.054360
0.043110
0.050496
0.042457
0.048750
0.039948
0.040945
0.042937
0.046829
0.052782
0.051145
0.047171
0.036710
0.039197
0.038920
0.036541
0.045132
0.042186
0.039455
0.044464
0.042606
0.040945
0.044417
0.038138
0.036617
0.038881
0.040111
0.037348
0.030527
0.050648
0.050554
0.047478
0.040049
0.035744
0.034524
0.049963
0.043766
0.031600
0.028534
0.027180
0.037999
0.042325
0.044359
0.049612
0.039326
0.043812
0.040790
0.042325
0.022852
0.028632
0.020132
0.026345
0.031024
0.028312
0.034640
0.021798
0.035279
0.024563
0.013683
0.027144
0.023197
0.028353
0.042587
0.041607
0.025266
0.027308
0.020777
0.015376
0.012157
0.018146
0.023618
0.027073
0.034285
0.028289
0.029271
0.027144
0.030131
0.022400
0.031453
0.035489
0.034403
0.037937
0.036347
0.038030
0.028363
0.047424
0.041624
0.047177
0.029372
0.026861
0.032709
0.033713
0.041465
0.035575
0.032170
0.037947
0.035999
0.059831
0.039758
0.028099
0.029286
0.029485
0.032940
0.040885
0.039424
0.036126
0.041246
0.041246
0.041765
0.042811
0.038762
0.035406
0.036830
0.038281
0.043883
0.040330
0.037344
0.037344
0.036889
0.039751
0.040641
0.039571
0.042859
0.036337
0.037453
0.028280
0.025627
0.025917
0.023442
0.029332
0.029311
0.025868
0.039151
0.037967
0.036836
0.033718
0.035695
0.034249
0.037244
0.034637
0.035681
0.043164
0.043114
0.039264
0.038568
0.037705
0.038014
0.038568
0.038014
0.043793
0.044011
0.041070
0.042043
0.043242
0.041314
0.047133
0.047406
0.044669
0.036114
0.037196
0.042117
0.041126
0.045573
0.037990
0.045733
0.042550
0.043878
0.037377
0.044430
0.048536
0.047445
0.041183
0.044864
0.044623
0.042801
0.043797
0.039282
0.030342
0.041471
0.038017
0.034706
0.034079
0.040447
0.049310
0.035303
0.039079
0.043051
0.043207
0.040496
0.044827
0.043406
0.047392
0.048152
0.050054
0.043682
0.044557
0.053792
0.046419
0.043806
0.049048
0.047573
0.047170
0.049312
0.047170
0.048555
0.052252
0.045014
0.047451
0.046444
0.048298
0.048298
0.049608
0.044591
0.044483
0.048810
0.046312
0.048442
0.044346
0.041976
0.048579
0.047840
0.044483
0.046197
0.043252
0.044596
0.041378
0.044308
0.047700
0.044903
0.041221
0.043605
0.044740
0.047796
0.046546
0.050978
0.047131
0.049691
0.050287
0.057586
0.055936
0.050277
0.049691
0.051957
0.056676
0.053874
0.056196
0.062137
0.053208
0.053874
0.049691
0.048583
0.050277
0.049422
0.053826
0.056756
0.064243
0.050903
0.053881
0.048705
0.055069
0.047392
0.055631
0.054924
0.043893
0.048508
0.041925
0.049048
0.049573
0.048867
0.048422
0.044690
0.044690
0.049375
0.054924
0.052169
0.050558
0.053943
0.059965
0.052309
0.050978
0.053943
0.050558
0.056803
0.054258
0.056803
0.053011
0.053280
0.059127
0.056210
0.055857
0.060131
0.057273
0.053277
0.052802
0.054697
0.057655
0.051833
0.055526
0.054770
0.058083
0.057510
0.056803
0.070198
0.056243
0.056391
0.054167
0.058077
0.058005
0.063877
0.062955
0.060176
0.061217
0.056614
0.060229
0.058453
0.064861
0.062489
0.059172
0.062677
0.060352
0.057731
0.065763
0.066341
0.066341
0.067223
0.060724
0.059938
0.064377
0.060843
0.062677
0.061619
0.064361
0.063623
0.072759
0.072951
0.075707
0.073681
0.077438
0.071672
0.070877
0.074959
0.074645
0.072758
0.076869
0.073775
0.069449
0.072569
0.070705
0.071501
0.074736
0.075707
0.070601
0.069189
0.069655
0.070543
0.073775
0.073613
0.074199
0.074014
0.076680
0.086807
0.102579
0.099995
0.093005
0.094607
0.096516
0.091296
0.087659
0.083723
0.088070
0.089909
0.089484
0.085343
0.084350
0.084732
0.085380
0.082338
0.085462
0.084600
0.081013
0.079320
0.077796
0.081433
0.078972
0.079483
0.081797
0.084351
0.082768
0.084226
0.082338
0.078972
0.081432
0.082605
0.085409
0.083123
0.082174
0.084085
0.081289
0.085343
0.082975
0.085540
0.087491
0.082124
0.082219
0.080553
0.078889
0.078909
0.083123
0.082338
0.083293
0.084290
0.084760
0.079483
0.079072
0.088882
0.086446
0.087491
0.083199
0.095339
0.094915
0.096573
0.096569
0.097655
0.094806
0.091077
0.093937
0.097414
0.104531
0.100071
0.100729
0.101252
0.104500
0.108331
0.102849
0.100064
0.099157
0.098409
0.099048
0.098098
0.099756
0.101664
0.102597
0.103688
0.105690
0.102849
0.102417
0.099891
0.101730
0.101263
0.104816
0.102252
0.104641
0.112040
0.108789
0.102953
0.101382
0.101766
0.098126
0.105982
0.101584
0.106394
0.098126
0.100923
0.100205
0.097109
0.098126
0.097744
0.098448
0.098126
0.099114
0.100064
0.101946
0.100327
0.107627
0.107912
0.108732
0.109590
0.105183
0.101938
0.106119
0.110545
0.115037
0.113195
0.114646
0.110909
0.112371
0.115698
0.143052
0.153160
0.134095
0.134924
0.126047
0.125970
0.122061
0.121041
0.123672
0.125652
0.126370
0.119216
0.124461
0.122759
0.133755
0.126370
0.123726
0.122949
0.122052
0.123672
0.120478
0.121238
0.120406
0.124723
0.129006
0.126964
0.123468
0.128884
0.128880
0.131363
0.130145
0.131363
0.132899
0.153394
0.147145
0.139573
0.139632
0.138573
0.139238
0.141840
0.142682
0.141625
0.138358
0.137091
0.141869
0.143104
0.138008
0.139036
0.133770
0.131629
0.134838
0.154419
0.170973
0.171541
0.178138
0.185233
0.170601
0.162088
0.177537
0.185012
0.174290
0.167692
0.159247
0.154855
0.159198
0.154956
0.155389
0.150927
0.146994
0.145490
0.147664
0.146410
0.151209
0.150927
0.155270
0.151365
0.148870
0.150169
0.148079
0.142529
0.152532
0.147270
0.145949
0.145719
0.208093
0.178879
0.166281
0.176539
0.188470
0.168265
0.176927
0.180938
0.176892
0.173652
0.174068
0.171567
0.174876
0.187889
0.186788
0.190139
0.183038
0.182634
0.183980
0.179567
0.174939
0.179946
0.181705
0.187476
0.185568
0.186562
0.183897
0.181957
0.183038
0.180996
0.176281
0.174251
0.175067
0.182634
0.173313
0.170540
0.168096
0.170057
0.169155
0.169420
0.171275
0.170646
0.172441
0.176037
0.174068
0.180103
0.176820
0.178605
0.179567
0.185705
0.182558
0.178218
0.177170
0.177759
0.174202
0.176736
0.177662
0.173216
0.175829
0.182634
0.179567
0.175111
0.181886
0.184089
0.189724
0.196637
0.199436
0.199323
0.188992
0.183768
0.182558
0.183160
0.183594
0.185919
0.185028
0.187927
0.184941
0.182546
0.180996
0.183018
0.181886
0.181957
0.178098
0.173156
0.181363
0.177246
0.179644
0.173216
0.176281
0.170877
0.171567
0.168372
0.166762
0.166394
0.166762
0.166762
0.170057
0.169235
0.169994
0.171567
0.171800
0.170540
0.175930
0.180918
0.179126
0.178870
0.194971
0.185568
0.185919
0.188660
0.183038
0.183897
0.183038
0.187973
0.188564
0.182252
0.186041
0.187091
0.181294
0.179199
0.185176
0.183274
0.181240
0.178867
0.179903
0.183709
0.183038
0.186213
0.203006
0.185260
0.186720
0.183768
0.188688
0.185171
0.179644
0.183485
0.178593
0.179446
0.179126
0.175368
0.178602
0.178098
0.174068
0.197284
0.189724
0.187570
0.187963
0.185738
0.185738
0.184813
0.189699
0.190238
0.207962
0.207883
0.223960
0.222833
0.215599
0.214342
0.213969
0.207096
0.199786
0.196514
0.192962
0.205844
0.192056
0.189803
0.193062
0.204612
0.194683
0.192859
0.189274
0.209508
0.217109
0.203878
0.204055
0.198111
0.199786
0.199171
0.204551
0.199157
0.198924
0.196514
0.191162
0.193885
0.203498
0.202854
0.209324
0.199784
0.220043
0.215012
0.217734
0.219253
0.209505
0.209830
0.207050
0.206964
0.210081
0.204919
0.206613
0.207985
0.224420
0.226503
0.223941
0.214232
0.215509
0.207086
0.200066
0.197725
0.201581
0.200625
0.202963
0.203878
0.205708
0.199686
0.195791
0.194229
0.195791
0.194652
0.194652
0.202854
0.207985
0.229467
0.203369
0.203369
0.213344
0.219451
0.219406
0.215213
0.219171
0.222703
0.213053
0.211082
0.211807
0.214881
0.212204
0.219387
0.216964
0.208554
0.219171
0.218352
0.221132
0.215258
0.222687
0.247014
0.250227
0.245271
0.237020
0.235898
0.231553
0.226564
0.226693
0.230606
0.225620
0.223540
0.228092
0.221490
0.221524
0.239904
0.236191
0.240583
0.240583
0.243496
0.234732
0.237904
0.247701
0.246867
0.244307
0.239979
0.235505
0.240771
0.245690
0.262550
0.257217
0.249365
0.251916
0.251916
0.247458
0.262259
0.258971
0.262093
0.269990
0.269110
0.266951
0.263504
0.259163
0.255993
0.261062
0.254943
0.258044
0.255922
0.255684
0.257833
0.253480
0.257947
0.256808
0.264370
0.254027
0.258125
0.270524
0.270524
0.269604
0.269604
0.271133
0.276198
0.274324
0.274463
0.273573
0.273038
0.270592
0.269507
0.264164
0.263119
0.263617
0.269917
0.289099
0.296476
0.289611
0.282293
0.271972
0.271972
0.278192
0.288428
0.287784
0.287594
0.288361
0.285911
0.289003
0.289686
0.286816
0.285715
0.287347
0.291384
0.288510
0.287075
0.288252
0.283042
0.286822
0.282832
0.304175
0.312580
0.302335
0.304790
0.304790
0.301918
0.301202
0.301918
0.303578
0.303084
0.304996
0.315449
0.330546
0.331661
0.334044
0.332754
0.323145
0.329167
0.328579
0.331661
0.324325
0.322867
0.331753
0.367984
0.342744
0.338611
0.330452
0.327433
0.330452
0.325065
0.336104
0.334226
0.329287
0.327433
0.329892
0.330628
0.335450
0.339832
0.348566
0.346484
0.343005
0.338867
0.342290
0.335687
0.339608
0.337672
0.345217
0.350869
0.348380
0.345451
0.354016
0.350564
0.356805
0.355738
0.349144
0.354977
0.355484
0.359930
0.366797
0.360616
0.357441
0.359891
0.365546
0.369459
0.359084
0.361862
0.366876
0.360657
0.361862
0.367865
0.361605
0.384598
0.389708
0.377154
0.377598
0.386610
0.391023
0.389280
0.398580
0.421200
0.389272
0.394703
0.386488
0.376722
0.384270
0.433663
0.395659
0.435318
0.416102
0.403018
0.398527
0.402629
0.406289
0.398172
0.394950
0.402211
0.399148
0.394172
0.389565
0.394681
0.394043
0.405567
0.402629
0.393188
0.388485
0.400729
0.407601
0.422884
0.427614
0.421138
0.412893
0.404024
0.397032
0.398224
0.405836
0.422264
0.417384
0.408699
0.411079
0.418051
0.408699
0.415567
0.404024
0.408632
0.404024
0.418357
0.421294
0.432679
0.423763
0.415554
0.410789
0.413548
0.412893
0.402701
0.403909
0.413726
0.419308
0.426332
0.419272
0.408699
0.406150
0.407514
0.408632
0.409066
0.412054
0.406227
0.409850
0.403909
0.406598
0.408699
0.410308
0.409066
0.411561
0.410308
0.418357
0.420619
0.416803
0.416803
0.424319
0.421775
0.456937
0.444783
0.442072
0.429963
0.438534
0.428456
0.459593
0.484825
0.505938
0.471582
0.472546
0.444969
0.433307
0.456103
0.497173
0.501741
0.473080
0.468753
0.473421
0.499563
0.490936
0.506788
0.494496
0.489603
0.487723
0.477070
0.496129
0.483870
0.480789
0.481346
0.478319
0.493243
0.487723
0.499904
0.489233
0.502812
0.494945
0.506867
0.525541
0.515268
0.502850
0.501335
0.498838
0.492152
0.499791
0.496696
0.503543
0.514804
0.502066
0.501245
0.502628
0.542317
0.548196
0.533320
0.528199
0.523419
0.518602
0.511720
0.504427
0.535639
0.544011
0.539527
0.531164
0.521899
0.533320
0.541091
0.537707
0.539081
0.532890
0.568135
0.534378
0.534411
0.546532
0.540280
0.541223
0.545787
0.551034
0.542018
0.545589
0.532312
0.575620
0.568581
0.605549
0.588956
0.564484
0.564398
0.562692
0.582083
0.603112
0.618149
0.604159
0.619600
0.584920
0.579036
0.581396
0.584238
0.585559
0.583652
0.584238
0.582555
0.582710
0.585935
0.592134
0.586888
0.597809
0.589942
0.590143
0.587986
0.594146
0.582555
0.584920
0.591277
0.601265
0.583858
0.582313
0.577756
0.583388
0.576098
0.571883
0.577031
0.577031
0.579036
0.582555
0.596697
0.592803
0.616839
0.600071
0.603545
0.603085
0.607650
0.609718
0.596860
0.598220
0.598969
0.604317
0.617682
0.607956
0.608124
0.611149
0.613468
0.627282
0.624126
0.635611
0.643115
0.645000
0.652517
0.646597
0.646597
0.654175
0.645206
0.649788
0.643213
0.652938
0.652572
0.645668
0.642859
0.651485
0.651485
0.651650
0.655136
0.651053
0.648785
0.650253
0.652845
0.645656
0.645500
0.654728
0.655347
0.657008
0.654552
0.651053
0.664219
0.673148
0.669851
0.671249
0.669490
0.670913
0.665746
0.663539
0.677428
0.672654
0.680317
0.669220
0.687790
0.664024
0.670534
0.667845
0.680475
0.668375
0.669220
0.671451
0.670298
0.670602
0.671249
0.670602
0.685018
0.678034
0.676689
0.675874
0.673819
0.675666
0.680295
0.678421
0.681179
0.701210
0.686483
0.677052
0.695464
0.687312
0.696380
0.691151
0.695732
0.691151
0.694205
0.702789
0.693298
0.700951
0.691491
0.707443
0.719355
0.714029
0.716355
0.705525
0.713380
0.716418
0.712769
0.715908
0.719419
0.722401
0.720243
0.719563
0.727018
0.719790
0.737626
0.724580
0.733218
0.726522
0.736677
0.735911
0.735360
0.737626
0.744387
0.742763
0.734526
0.742075
0.735435
0.743165
0.735026
0.738574
0.743075
0.742924
0.746851
0.747665
0.746328
0.741951
0.741731
0.744904
0.746684
0.746328
0.744240
0.742462
0.753482
0.747758
0.745319
0.743888
0.746758
0.747665
0.747665
0.747438
0.745319
0.752089
0.744904
0.750639
0.752089
0.749507
0.748092
0.748487
0.753090
0.747452
0.750679
0.744835
0.751449
0.747452
0.750823
0.761576
0.764872
0.752220
0.752548
0.772169
0.754323
0.746059
0.748600
0.747065
0.747972
0.750928
0.746851
0.746328
0.742500
0.744904
0.743697
0.745977
0.748905
0.743075
0.741634
0.746328
0.741731
0.736827
0.745420
0.741634
0.737137
0.734175
0.741397
0.752438
0.757912
0.745319
0.747438
0.742578
0.741442
0.744605
0.741634
0.743697
0.739134
0.740304
0.746328
0.737975
0.736062
0.746758
0.741044
0.738883
0.734698
0.729686
0.732547
0.731456
0.734175
0.731017
0.733906
0.735240
0.747873
0.745319
0.733267
0.735515
0.735707
0.735433
0.732866
0.734451
0.750276
0.731332
0.738346
0.740017
0.738288
0.736821
0.732644
0.735360
0.733266
0.735707
0.744248
0.738574
0.736561
0.735816
0.750276
0.732866
0.736821
0.731549
0.732308
0.735194
0.740596
0.741467
0.744387
0.743165
0.739761
0.729402
0.733987
0.733266
0.748736
0.767802
0.730423
0.738346
0.732547
0.729200
0.732986
0.745711
0.746384
0.734526
0.745705
0.723669
0.742167
0.719075
0.721699
0.722500
0.731508
0.744213
0.726965
0.733717
0.729582
0.722137
0.719506
0.710630
0.713380
0.714816
0.713303
0.712710
0.723909
0.728443
0.719357
0.711797
0.722398
0.706970
0.711811
0.713347
0.717843
0.711807
0.719403
0.723997
0.705188
0.711797
0.717851
0.715425
0.713347
0.711807
0.716338
0.736323
0.724045
0.715764
0.719007
0.719747
0.710313
0.719378
0.710286
0.702131
0.696680
0.706660
0.709682
0.705749
0.697596
0.711277
0.713343
0.717339
0.709682
0.711193
0.708177
0.700641
0.694679
0.699250
0.708267
0.694584
0.694575
0.688575
0.693110
0.684613
0.684000
0.697876
0.690101
0.692194
0.712007
0.697748
0.691558
0.676523
0.670438
0.671457
0.679824
0.678340
0.683122
0.682793
0.690001
0.686826
0.673876
0.684412
0.707035
0.679464
0.688170
0.684725
0.678792
0.673136
0.679464
0.668514
0.690949
0.706644
0.676477
0.690001
0.674388
0.670536
0.711678
0.689570
0.670075
0.670536
0.694255
0.676060
0.686883
0.688389
0.682520
0.650252
0.603177
0.607695
0.620192
0.621517
0.625680
0.653558
0.622994
0.548011
0.557954
0.570879
0.605978
0.604192
0.583723
0.586623
0.603039
0.628949
0.594354
0.623463
0.597658
0.590811
0.588670
0.567317
0.594895
0.603988
0.588224
0.599349
0.601151
0.607322
0.585669
0.591501
0.600535
0.614909
0.612653
0.607331
0.600946
0.609873
0.615752
0.604353
0.592538
0.629802
0.605793
0.614080
0.612516
0.606403
0.605250
0.627048
0.623864
0.622835
0.609770
0.629138
0.639480
0.621048
0.628268
0.633217
0.625397
0.634035
0.626351
0.647137
0.630069
0.631739
0.632414
0.646187
0.635328
0.631734
0.660350
0.632712
0.655158
0.640975
0.649902
0.656619
0.647936
0.596711
0.630412
0.638604
0.639478
0.639250
0.637532
0.626014
0.632414
0.665009
0.650759
0.632286
0.628257
0.622705
0.624356
0.636877
0.633189
0.636786
0.644443
0.629731
0.625310
0.629350
0.629034
0.617411
0.615036
0.640306
0.602565
0.596793
0.632777
0.592571
0.615621
0.600913
0.608763
0.604589
0.600399
0.612466
0.620147
0.603822
0.612437
0.605537
0.610645
0.606035
0.610529
0.600181
0.586912
0.586285
0.582375
0.606085
0.591627
0.604774
0.593460
0.591335
0.572646
0.583307
0.565543
0.610954
0.570737
0.568381
0.572711
0.582252
0.602259
0.568967
0.565616
0.567699
0.578538
0.605054
0.566244
0.531924
0.551320
0.561970
0.559775
0.551320
0.562268
0.562291
0.578054
0.580911
0.584623
0.584200
0.587017
0.584032
0.593146
0.591249
0.585482
0.587360
0.599349
0.586309
0.596625
0.602960
0.604105
0.603739
0.612516
0.614080
0.615162
0.605519
0.601762
0.599342
0.595082
0.604353
0.590044
0.596830
0.607449
0.585415
0.588842
0.595057
0.574990
0.578010
0.585669
0.566636
0.562478
0.554532
0.570160
0.563875
0.556981
0.565543
0.555048
0.556317
0.562831
0.567699
0.558812
0.560576
0.560973
0.555486
0.555260
0.535307
0.576189
0.567070
0.532055
0.549518
0.552336
0.549518
0.551399
0.545009
0.547703
0.553846
0.540415
0.541799
0.535313
0.527443
0.529199
0.525079
0.524242
0.503844
0.532658
0.484092
0.528088
0.489272
0.490088
0.477435
0.515485
0.498960
0.480144
0.491736
0.470723
0.486283
0.475605
0.526524
0.557190
0.524315
0.542430
0.547450
0.545620
0.544190
0.536843
0.542353
0.546236
0.544152
0.542377
0.553449
0.555003
0.555543
0.552648
0.548523
0.541357
0.538992
0.544863
0.547703
0.538935
0.553003
0.560163
0.534633
0.537093
0.549606
0.540744
0.527443
0.516431
0.518346
0.503707
0.522491
0.492891
0.506091
0.531318
0.506821
0.522479
0.544942
0.533099
0.518615
0.528482
0.513195
0.527092
0.516471
0.520020
0.523996
0.528482
0.523671
0.541497
0.523661
0.533265
0.535688
0.534478
0.532124
0.537480
0.554944
0.558593
0.546763
0.552648
0.540436
0.551647
0.534363
0.565528
0.541686
0.548818
0.520703
0.515889
0.532159
0.526651
0.506258
0.488070
0.486277
0.531001
0.494010
0.480878
0.522779
0.494010
0.545183
0.538482
0.516479
0.497235
0.504495
0.505447
0.522004
0.516489
0.508123
0.515807
0.539564
0.539089
0.531809
0.529677
0.525460
0.541864
0.543291
0.528117
0.537480
0.520177
0.524469
0.522425
0.532709
0.549518
0.545628
0.568479
0.562148
0.555016
0.561296
0.554532
0.557900
0.566385
0.590597
0.564100
0.575364
0.569966
0.563705
0.578687
0.586623
0.585029
0.592430
0.606035
0.582833
0.585766
0.580840
0.590339
0.583611
0.591429
0.592894
0.591491
0.584213
0.597834
0.579764
0.587080
0.597461
0.588895
0.594072
0.592052
0.595237
0.595659
0.598729
0.603280
0.597327
0.594432
0.610126
0.590614
0.591317
0.599530
0.593805
0.603549
0.586109
0.596001
0.612530
0.601650
0.600156
0.601175
0.577660
0.574130
0.596047
0.575137
0.582043
0.575620
0.592829
0.599292
0.597137
0.590705
0.594072
0.608431
0.595064
0.593555
0.603342
0.608146
0.605301
0.598451
0.602077
0.593106
0.587959
0.584655
0.587080
0.591636
0.585029
0.575978
0.582043
0.594434
0.595121
0.582274
0.581013
0.574558
0.570242
0.567581
0.571346
0.568019
0.568132
0.562357
0.568033
0.571964
0.558896
0.563595
0.557770
0.563332
0.574372
0.574778
0.570882
0.574130
0.558435
0.556205
0.549677
0.567559
0.560889
0.565296
0.557344
0.576125
0.557703
0.552782
0.565565
0.573194
0.573840
0.567625
0.574020
0.585234
0.581995
0.571730
0.580526
0.582886
0.581949
0.581949
0.585101
0.574111
0.581730
0.574198
0.582043
0.591231
0.592829
0.589355
0.579180
0.580095
0.583082
0.584591
0.582545
0.587797
0.589355
0.594072
0.598071
0.592105
0.621821
0.612495
0.642490
0.630846
0.656555
0.630846
