0.646841
0.646078
0.648194
0.645384
0.657405
0.647185
0.656642
0.649274
0.651630
0.648067
0.651742
0.655068
0.653215
0.652170
0.658449
0.656853
0.657640
0.654450
0.655875
0.655122
0.649682
0.653592
0.658704
0.655014
0.656766
0.656332
0.655444
0.658690
0.656332
0.653592
0.646783
0.648491
0.648653
0.646198
0.652197
0.661670
0.660357
0.661120
0.658082
0.660134
0.659455
0.659051
0.656690
0.658675
0.661069
0.646007
0.648260
0.651793
0.660665
0.655518
0.656599
0.656437
0.653001
0.649496
0.649614
0.657635
0.660991
0.658783
0.656470
0.661019
0.657283
0.659544
0.667661
0.705386
0.704144
0.705868
0.714688
0.720928
0.664542
0.667291
0.649627
0.658068
0.659209
0.655202
0.665603
0.658977
0.659729
0.668866
0.662229
0.666835
0.659819
0.665053
0.657295
0.654874
0.659884
0.653065
0.662043
0.659405
0.668377
0.666077
0.658638
0.658231
0.661328
0.654475
0.651238
0.664274
0.658457
0.663627
0.657389
0.655853
0.658348
0.657539
0.662611
0.663578
0.666372
0.667235
0.661347
0.662461
0.664384
0.664975
0.668098
0.668394
0.665306
0.665440
0.669823
0.670498
0.670845
0.659403
0.660355
0.672532
0.669809
0.675922
0.669949
0.671078
0.671211
0.675602
0.669589
0.669049
0.669586
0.673602
0.674441
0.669873
0.672166
0.675362
0.676803
0.678806
0.676146
0.671363
0.672924
0.672101
0.673132
0.674905
0.680020
0.678165
0.679312
0.677690
0.671841
0.675081
0.669691
0.676959
0.670850
0.672621
0.678727
0.680808
0.676625
0.673512
0.681021
0.675698
0.684645
0.683650
0.681636
0.682702
0.679769
0.678175
0.678175
0.678232
0.681727
0.674137
0.678269
0.681687
0.690573
0.681957
0.684077
0.680405
0.676934
0.682198
0.677395
0.682652
0.685465
0.685145
0.678119
0.669912
0.681646
0.673207
0.684734
0.671609
0.676393
0.679910
0.681082
0.677638
0.673228
0.682696
0.679970
0.679897
0.692160
0.678998
0.682556
0.685718
0.667515
0.676236
0.677667
0.680367
0.682958
0.675370
0.680528
0.681012
0.680136
0.680643
0.686666
0.682461
0.683942
0.683931
0.681707
0.683492
0.679777
0.679312
0.683054
0.681271
0.679879
0.680341
0.681888
0.683938
0.680605
0.678334
0.682324
0.683822
0.684634
0.679683
0.689809
0.685410
0.684310
0.683827
0.685571
0.685773
0.688124
0.682822
0.685414
0.679117
0.686881
0.688406
0.689479
0.694649
0.688536
0.682169
0.686510
0.689729
0.685779
0.690209
0.689109
0.690391
0.680653
0.679898
0.687908
0.685215
0.681334
0.685687
0.691919
0.681627
0.673499
0.675029
0.677795
0.681727
0.691330
0.688524
0.691256
0.690572
0.690607
0.690101
0.686752
0.681496
0.682788
0.684697
0.686350
0.687133
0.686013
0.683938
0.690012
0.684376
0.686548
0.681312
0.686415
0.683633
0.681779
0.683599
0.679953
0.685707
0.679981
0.682231
0.680790
0.680386
0.681989
0.684813
0.687190
0.688163
0.688163
0.688689
0.678744
0.684879
0.685718
0.689940
0.688690
0.690342
0.685809
0.680473
0.677667
0.683266
0.682648
0.684158
0.685965
0.675023
0.674369
0.683107
0.678162
0.686383
0.683377
0.683428
0.678764
0.683402
0.682810
0.678764
0.675397
0.677572
0.682485
0.682997
0.677196
0.681758
0.681892
0.682485
0.679469
0.680894
0.684202
0.686652
0.683567
0.683511
0.684919
0.685890
0.679305
0.687295
0.687861
0.684318
0.687641
0.682638
0.682985
0.679475
0.680823
0.681347
0.677375
0.676655
0.677179
0.678004
0.680037
0.682416
0.684270
0.685135
0.674677
0.678427
0.676246
0.680776
0.683296
0.688206
0.683525
0.685320
0.683151
0.676480
0.686046
0.677798
0.670900
0.671275
0.678812
0.670991
0.674507
0.682108
0.673662
0.672574
0.675940
0.681655
0.678028
0.681604
0.679759
0.676332
0.677359
0.680635
0.677543
0.677010
0.677120
0.677375
0.672013
0.677784
0.680369
0.683925
0.679460
0.684013
0.685750
0.686934
0.686695
0.686216
0.686010
0.678597
0.681337
0.684296
0.676292
0.677933
0.671956
0.675588
0.683883
0.680997
0.682803
0.685957
0.686763
0.679922
0.689388
0.679290
0.681595
0.670969
0.677133
0.673053
0.680248
0.686342
0.686051
0.687583
0.685409
0.689307
0.690171
0.684424
0.688766
0.687129
0.682921
0.684061
0.681910
0.683682
0.687263
0.686081
0.685665
0.694710
0.739529
0.749080
0.746722
0.687717
0.689068
0.682724
0.673878
0.684812
0.677754
0.683753
0.686763
0.685950
0.688285
0.689092
0.690062
0.688233
0.685665
0.690494
0.687414
0.689311
0.685769
0.682139
0.686877
0.687997
0.682004
0.686695
0.686134
0.689555
0.687975
0.689107
0.690501
0.686198
0.688884
0.688041
0.687601
0.690327
0.685011
0.684303
0.685924
0.688041
0.687760
0.692517
0.692436
0.692139
0.699796
0.695757
0.696018
0.695825
0.695273
0.691547
0.694326
0.700821
0.710265
0.689900
0.690917
0.689852
0.689398
0.684971
0.690095
0.690982
0.693057
0.691790
0.691522
0.692596
0.696632
0.691279
0.695927
0.693407
0.693138
0.691494
0.697334
0.689086
0.689330
0.687399
0.686222
0.684251
0.685436
0.691519
0.689607
0.690953
0.692875
0.690818
0.687056
0.694014
0.683708
0.685502
0.683391
0.680834
0.689712
0.682955
0.686695
0.685054
0.687796
0.690450
0.688958
0.688796
0.683741
0.687932
0.684759
0.685726
0.683904
0.680715
0.681446
0.683975
0.684404
0.683098
0.681647
0.688582
0.682163
0.679683
0.679655
0.680487
0.682957
0.683813
0.681628
0.684108
0.685182
0.685531
0.684833
0.690347
0.682326
0.683070
0.687500
0.695092
0.698727
0.688779
0.692860
0.683998
0.685828
0.683066
0.682236
0.683497
0.687257
0.684810
0.682461
0.677064
0.683998
0.683200
0.684537
0.686099
0.680369
0.682254
0.683779
0.688264
0.685235
0.685289
0.682550
0.684562
0.685748
0.683007
0.690549
0.684992
0.685129
0.686476
0.679927
0.686774
0.686612
0.685828
0.687478
0.688710
0.688871
0.691555
0.687207
0.690047
0.686178
0.706208
0.691118
0.694931
0.699644
0.698925
0.703347
0.698001
0.705764
0.705153
0.701363
0.700439
0.700183
0.700023
0.695600
0.690279
0.691180
0.691814
0.698612
0.691376
0.693756
0.696304
0.692302
0.691485
0.694437
0.693040
0.691313
0.692903
0.688563
0.694175
0.695621
0.692397
0.690549
0.688407
0.688468
0.690519
0.690617
0.691118
0.689501
0.689468
0.693999
0.689670
0.687235
0.694317
0.690440
0.690939
0.695761
0.691313
0.694037
0.696747
0.702288
0.703560
0.702422
0.703325
0.707229
0.700443
0.700051
0.697307
0.697307
0.698515
0.695159
0.689677
0.695296
0.699849
0.697396
0.691208
0.696864
0.696713
0.690375
0.690327
0.700799
0.703787
0.694426
0.694037
0.698283
0.698515
0.704671
0.699259
0.699499
0.697084
0.692797
0.690316
0.671733
0.690771
0.709976
0.675695
0.665447
0.690327
0.710056
0.708714
0.711723
0.705516
0.707048
0.703221
0.707895
0.705841
0.702089
0.668140
0.693479
0.697218
0.705837
0.712027
0.702333
0.691702
0.715041
0.714647
0.703220
0.706405
0.705136
0.702311
0.708774
0.700868
0.689199
0.685043
0.701409
0.702458
0.705597
0.695445
0.702309
0.711096
0.706591
0.704810
0.703252
0.697512
0.696734
0.709053
0.697465
0.694805
0.709582
0.717296
0.715383
0.720423
0.713566
0.709658
0.709390
0.720366
0.601987
0.698133
0.654788
0.669395
0.694223
0.702277
0.668632
0.675984
0.711814
0.715636
0.698271
0.706023
0.681084
0.685778
0.684642
0.682468
0.687003
0.691079
0.671591
0.699094
0.696730
0.699125
0.692474
0.690107
0.697671
0.686438
0.698958
0.702156
0.710375
0.699643
0.699070
0.699731
0.703615
0.697983
0.695342
0.682910
0.670954
0.675034
0.675701
0.671610
0.678647
0.648277
0.658555
0.684330
0.675264
0.675362
0.678856
0.682934
0.677894
0.685101
0.678328
0.682327
0.682766
0.673382
0.676703
0.677045
0.679222
0.681063
0.677723
0.677552
0.684818
0.670695
0.679755
0.686542
0.665178
0.669870
0.675830
0.671232
0.674147
0.667181
0.675787
0.670091
0.674555
0.670361
0.669062
0.667428
0.671367
0.664561
0.670066
0.670495
0.676465
0.674117
0.672314
0.671032
0.670654
0.671524
0.669495
0.666858
0.668127
0.668725
0.665866
0.666660
0.666735
0.671116
0.663223
0.664130
0.667630
0.664997
0.666363
0.677891
0.743230
0.739963
0.744480
0.714623
0.774945
0.788538
0.766231
0.792595
0.692191
0.656855
0.650622
0.634046
0.648915
0.662240
0.650400
0.636255
0.654185
0.654105
0.652437
0.658363
0.658830
0.661957
0.666595
0.654194
0.657571
0.643706
0.642126
0.645253
0.651594
0.653815
0.646065
0.653880
0.646708
0.622578
0.638052
0.647485
0.648693
0.647927
0.624558
0.641966
0.625249
0.640946
0.631901
0.648143
0.643969
0.638242
0.646842
0.639604
0.629899
0.641504
0.634580
0.645237
0.634357
0.636164
0.628180
0.637564
0.641722
0.640659
0.639929
0.639651
0.633912
0.640159
0.641661
0.644588
0.643616
0.644970
0.644822
0.648069
0.646559
0.647199
0.646123
0.642054
0.644283
0.632138
0.635498
0.618431
0.623924
0.634009
0.620831
0.621973
0.618664
0.619802
0.627575
0.631547
0.635100
0.634014
0.625015
0.625723
0.626973
0.631771
0.632507
0.631895
0.631279
0.628473
0.606047
0.619292
0.618232
0.625015
0.628174
0.629525
0.630779
0.631037
0.627363
0.631397
0.624784
0.618108
0.625016
0.624225
0.622651
0.626703
0.618434
0.624145
0.618585
0.618010
0.624050
0.623773
0.617432
0.624050
0.621185
0.609562
0.612476
0.620705
0.620705
0.619596
0.627020
0.618137
0.620882
0.620605
0.625161
0.599861
0.594857
0.597393
0.610805
0.615482
0.617553
0.617528
0.613571
0.618286
0.618057
0.618232
0.614356
0.616465
0.622467
0.612681
0.606049
0.612497
0.614327
0.615785
0.617854
0.611258
0.617627
0.619646
0.616448
0.608540
0.607687
0.613784
0.612739
0.611141
0.615693
0.618545
0.623152
0.620811
0.598912
0.594915
0.601317
0.598604
0.587958
0.586206
0.597127
0.597747
0.591301
0.587636
0.580877
0.600608
0.591917
0.600365
0.607566
0.603601
0.602580
0.601154
0.596219
0.587694
0.599603
0.599731
0.597933
0.593845
0.594750
0.601242
0.594209
0.594463
0.590354
0.591479
0.590454
0.592713
0.589684
0.590863
0.590811
0.574459
0.583582
0.579189
0.595492
0.576402
0.588505
0.584928
0.585852
0.576102
0.591993
0.583392
0.586239
0.582774
0.582623
0.575623
0.589052
0.581530
0.572237
0.570310
0.573898
0.579468
0.579952
0.581436
0.580570
0.579091
0.584647
0.587461
0.587921
0.585391
0.583027
0.571761
0.572073
0.568230
0.582668
0.570642
0.572382
0.572602
0.567906
0.577446
0.563884
0.575945
0.569342
0.577690
0.580022
0.569663
0.573671
0.560050
0.562761
0.563914
0.572087
0.575688
0.569482
0.569351
0.568132
0.570494
0.571622
0.558421
0.567225
0.567809
0.568120
0.572676
0.565981
0.566928
0.562450
0.561401
0.563063
0.577612
0.568379
0.564023
0.561776
0.568939
0.565252
0.565678
0.558208
0.564126
0.560959
0.564474
0.562303
0.567769
0.563675
0.561894
0.564702
0.562602
0.562225
0.565401
0.568669
0.567304
0.564343
0.567769
0.568120
0.564933
0.561032
0.559018
0.561692
0.561947
0.558837
0.557266
0.564170
0.560553
0.561987
0.563628
0.563114
0.567517
0.552002
0.559175
0.562074
0.567061
0.559870
0.556064
0.555177
0.561623
0.558511
0.555124
0.563133
0.552199
0.558205
0.559199
0.562357
0.565014
0.568750
0.566089
0.561537
0.564726
0.559106
0.560899
0.562880
0.558837
0.560578
0.558715
0.558527
0.568580
0.563431
0.563561
0.565986
0.544941
0.550793
0.555300
0.556092
0.556906
0.555845
0.564079
0.551205
0.570774
0.563615
0.571583
0.573215
0.602219
0.611974
0.581696
0.568104
0.571724
0.561583
0.545183
0.542434
0.541076
0.545903
0.541798
0.548736
0.537575
0.537442
0.545470
0.548569
0.547203
0.543920
0.549705
0.541337
0.545341
0.536804
0.537579
0.544109
0.546008
0.542235
0.547495
0.531752
0.530505
0.530081
0.530344
0.539514
0.541374
0.536594
0.539433
0.540637
0.539823
0.542075
0.539823
0.532965
0.531265
0.542449
0.529767
0.537869
0.526918
0.530344
0.534102
0.540035
0.541374
0.536363
0.531461
0.521837
0.490023
0.517423
0.526029
0.528661
0.532583
0.534429
0.537476
0.503632
0.517601
0.517448
0.525019
0.454463
0.383159
0.397369
0.416788
0.395674
0.369495
0.350620
0.339288
0.333597
0.362133
0.389377
0.382438
0.387147
0.466554
0.502895
0.410424
0.388142
0.381347
0.407125
0.441542
0.425375
0.397490
0.385165
0.379807
0.400182
0.400182
0.380000
0.383578
0.503053
0.468186
0.519564
0.452346
0.426477
0.434773
0.422767
0.467425
0.404748
0.346101
0.324956
0.332845
0.340332
0.279618
0.277661
0.267728
0.259155
0.255987
0.259157
0.356868
0.323117
0.422958
0.393693
0.353808
0.302141
0.266577
0.252127
0.512717
0.607868
0.575157
0.520792
0.587541
0.372006
0.386338
0.346617
0.270295
0.264036
0.255985
0.248636
0.225948
0.270378
0.297104
0.292801
0.311493
0.276666
0.246591
0.231186
0.280224
0.251724
0.269620
0.520201
0.375963
0.299528
0.268268
0.267323
0.284595
0.281411
0.250100
0.234349
0.217577
0.215370
0.217395
0.223110
0.268082
0.314027
0.259770
0.251135
0.380012
0.378307
0.331510
0.336063
0.297658
0.215502
0.212327
0.221405
0.193841
0.211705
0.187099
0.176030
0.171502
0.161425
0.161005
0.152927
0.154258
0.149792
0.148740
0.147143
0.145555
0.142468
0.139958
0.140345
0.140061
0.137946
0.139019
0.139639
0.141198
0.134606
0.134020
0.131532
0.131211
0.130977
0.156903
0.135688
0.133378
0.133341
0.132823
0.132438
0.131496
0.131226
0.130152
0.128599
0.125780
0.125843
0.125772
0.125843
0.124981
0.125042
0.125337
0.125113
0.124942
0.124852
0.125651
0.125400
0.124635
0.125167
0.122628
0.123695
0.123410
0.123865
0.125207
0.124876
0.124613
0.124996
0.124474
0.124557
0.125478
0.126324
0.123545
0.122100
0.119090
0.120658
0.122187
0.121347
0.122824
0.121055
0.115946
0.115785
0.115804
0.114545
0.112370
0.111214
0.110237
0.111531
0.112344
0.112446
0.111713
0.112435
0.112370
0.110325
0.111679
0.109051
0.110857
0.105605
0.113473
0.109414
0.109511
0.111814
0.107522
0.105729
0.107055
0.107437
0.104726
0.107139
0.101106
0.100538
0.101776
0.103974
0.099865
0.098870
0.101969
0.103813
0.104077
0.105322
0.104156
0.102527
0.102609
0.096143
0.097429
0.092802
0.089586
0.089934
0.092861
0.094759
0.099972
0.111957
0.097171
0.111064
0.107941
0.107068
0.109883
0.105481
0.102433
0.101228
0.103252
0.101132
0.107611
0.102424
0.089260
0.088270
0.085596
0.097253
0.093487
0.096342
0.089239
0.082686
0.078851
0.080337
0.083527
0.090938
0.090704
0.094400
0.077388
0.087535
0.084477
0.085119
0.084517
0.089803
0.083101
0.079541
0.076389
0.082898
0.086421
0.089089
0.087590
0.085153
0.084307
0.083294
0.087364
0.079330
0.094844
0.086281
0.097450
0.080079
0.065510
0.084587
0.076445
0.079271
0.082205
0.084490
0.106786
0.074660
0.103976
0.084591
0.099423
0.101401
0.083246
0.093935
0.097866
0.105543
0.097972
0.102022
0.124953
0.190724
0.159911
0.140240
0.118407
0.068389
0.076858
0.086472
0.101712
0.095267
0.099567
0.137819
0.117969
0.088740
0.090388
0.088884
0.087979
0.099240
0.084553
0.093591
0.089527
0.085283
0.087103
0.110952
0.098362
0.100632
0.090569
0.083196
0.090782
0.096558
0.109069
0.103162
0.104309
0.097896
0.126983
0.110952
0.101745
0.101791
0.086383
0.096598
0.139844
0.113334
0.107611
0.101615
0.095288
0.101080
0.095902
0.112175
0.121773
0.112569
0.103546
0.100373
0.095160
0.097362
0.101492
0.100144
0.104487
0.112385
0.102909
0.101874
0.088345
0.104267
0.097615
0.104700
0.110066
0.101090
0.104846
0.099247
0.090676
0.093488
0.090328
0.090459
0.095338
0.085741
0.092330
0.098223
0.071597
0.056850
0.072767
0.078663
0.082014
0.082405
0.086999
0.093720
0.089617
0.085465
0.082541
0.086224
0.088304
0.102110
0.084186
0.025415
0.023149
0.107667
0.102037
0.100827
0.094789
0.091089
0.092715
0.095358
0.093732
0.094771
0.092661
0.092618
0.092601
0.097955
0.112309
0.105023
0.094979
0.093326
0.090615
0.094375
0.097562
0.108059
0.105253
0.103600
0.099700
0.097491
0.089381
0.117043
0.141250
0.140962
0.138120
0.125869
0.112018
0.111448
0.107459
0.101190
0.095030
0.087412
0.090623
0.096564
0.098887
0.090789
0.090217
0.082828
0.097748
0.095072
0.102173
0.102754
0.101664
0.101654
0.100052
0.106642
0.106169
0.120009
0.111539
0.111627
0.105434
0.128990
0.119606
0.115936
0.105155
0.098876
0.100308
0.102124
0.091847
0.105364
0.109765
0.108050
0.111475
0.103654
0.104165
0.089185
0.099446
0.108929
0.107814
0.101534
0.112603
0.085040
0.090170
0.093908
0.075079
0.077558
0.086908
0.098654
0.099292
0.101545
0.106605
0.111759
0.115292
0.112747
0.111087
0.111060
0.104406
0.096598
0.087351
0.089956
0.094735
0.105160
0.110773
0.104077
0.112052
0.110432
0.103758
0.089694
0.008136
0.093189
0.113935
0.076748
0.090446
0.109282
0.106031
0.100007
0.114229
0.104784
0.092709
0.107691
0.108371
0.110607
0.104560
0.110061
0.108413
0.116929
0.118194
0.118416
0.113501
0.061011
0.054355
0.069311
0.085794
0.100844
0.079871
0.109183
0.108624
0.105680
0.110188
0.101827
0.100881
0.104795
0.108733
0.103310
0.105974
0.116145
0.114997
0.056891
0.086987
0.100988
0.104219
0.108325
0.106140
0.108243
0.110443
0.108129
0.113445
0.101890
0.121884
0.123625
0.124303
0.127106
0.115906
0.122072
0.119959
0.111164
0.112829
0.108850
0.109897
0.113109
0.109851
0.109402
0.112048
0.113109
0.112710
0.125489
0.118457
0.107850
0.106813
0.124504
0.119057
0.129639
0.128635
0.114644
0.111236
0.109450
0.120230
0.119482
0.117948
0.111332
0.109295
0.115290
0.115917
0.112481
0.114686
0.111259
0.113339
0.111140
0.114614
0.108652
0.110908
0.114061
0.112552
0.111407
0.108528
0.102085
0.108256
0.110486
0.113352
0.114024
0.110687
0.109721
0.113003
0.117979
0.112082
0.108041
0.111156
0.118660
0.110395
0.109774
0.112082
0.113258
0.113255
0.111953
0.107426
0.107423
0.111704
0.111107
0.107838
0.110066
0.108207
0.111456
0.111107
0.111281
0.112926
0.112379
0.111233
0.113729
0.118707
0.115133
0.110216
0.110784
0.113478
0.117321
0.111706
0.113603
0.110057
0.116425
0.114848
0.113200
0.113205
0.112372
0.117002
0.125369
0.121230
0.123311
0.116229
0.108187
0.126074
0.115373
0.116571
0.117469
0.118514
0.113530
0.144240
0.145355
0.140116
0.140251
0.122970
0.120983
0.116093
0.107474
0.107305
0.124582
0.151752
0.137566
0.133542
0.127032
0.122351
0.116030
0.119021
0.112771
0.117809
0.126012
0.132384
0.113662
0.117872
0.117921
0.124707
0.123802
0.122859
0.115746
0.116045
0.114798
0.123604
0.124602
0.122505
0.116415
0.114311
0.117547
0.120967
0.119532
0.118604
0.118989
0.116347
0.126780
0.118949
0.120391
0.126538
0.120564
0.123798
0.088126
0.057961
0.053970
0.055237
0.079164
0.123786
0.123851
0.122083
0.125273
0.132170
0.133745
0.124000
0.125366
0.128246
0.124049
0.124049
0.124114
0.129483
0.128653
0.125919
0.121987
0.122646
0.130214
0.125968
0.126566
0.124973
0.121136
0.124693
0.116403
0.124180
0.124595
0.119169
0.116204
0.125429
0.125739
0.125290
0.128019
0.128216
0.125652
0.119148
0.116687
0.124229
0.121527
0.116520
0.130296
0.128561
0.126980
0.123471
0.120359
0.121032
0.126249
0.124199
0.121522
0.123689
0.126930
0.128160
0.127046
0.127562
0.123856
0.124400
0.127562
0.127097
0.123297
0.124827
0.123571
0.122603
0.124182
0.125818
0.124199
0.125206
0.124032
0.127296
0.107770
0.116403
0.117523
0.116437
0.120280
0.123305
0.106046
0.110155
0.116604
0.123949
0.126266
0.127962
0.126913
0.125702
0.125339
0.128078
0.126930
0.122062
0.122687
0.119402
0.129328
0.125675
0.127946
0.131938
0.124382
0.124874
0.125878
0.126013
0.122776
0.124263
0.120416
0.121809
0.121877
0.125675
0.123975
0.121355
0.123482
0.116078
0.124568
0.124195
0.124450
0.128369
0.125061
0.124571
0.123857
0.119465
0.122150
0.123669
0.122081
0.124925
0.125759
0.125129
0.120017
0.118964
0.124536
0.122460
0.125725
0.121299
0.120778
0.122897
0.123419
0.121349
0.122339
0.125129
0.125095
0.127292
0.127463
0.124760
0.121573
0.120898
0.121020
0.124795
0.124864
0.126613
0.126018
0.121696
0.123885
0.126544
0.123311
0.126735
0.125140
0.123484
0.127261
0.122895
0.123399
0.127402
0.127487
0.123783
0.122205
0.125543
0.126139
0.124967
0.126488
0.125384
0.126244
0.128469
0.125683
0.125613
0.127979
0.121977
0.104908
0.122034
0.123809
0.124083
0.124799
0.127681
0.125210
0.127772
0.123419
0.125950
0.125789
0.132276
0.131783
0.128142
0.128706
0.129356
0.126646
0.126467
0.129122
0.126289
0.130233
0.129143
0.128091
0.126667
0.129699
0.132442
0.125543
0.128758
0.131312
0.133297
0.131549
0.133925
0.072003
0.056028
0.073283
0.042264
0.040242
0.043267
0.053269
0.132347
0.131750
0.130299
0.130335
0.131495
0.130430
0.135246
0.130424
0.128154
0.127947
0.128826
0.125933
0.131062
0.129551
0.130794
0.134091
0.130929
0.129409
0.127263
0.127986
0.124547
0.127610
0.123677
0.124788
0.128334
0.130460
0.131212
0.126959
0.129064
0.126235
0.125783
0.136712
0.131078
0.126945
0.124793
0.129588
0.125154
0.126539
0.121940
0.123496
0.125021
0.123030
0.129643
0.125777
0.125011
0.124450
0.122102
0.128373
0.127561
0.125668
0.124369
0.124700
0.125919
0.123533
0.128019
0.125894
0.125745
0.128346
0.127521
0.128994
0.126471
0.126362
0.127846
0.127292
0.130636
0.128046
0.126022
0.127120
0.130683
0.134124
0.129269
0.121995
0.121687
0.124155
0.124979
0.126441
0.123387
0.124454
0.123347
0.120120
0.124721
0.124838
0.126348
0.123679
0.125556
0.121032
0.124191
0.120284
0.117077
0.124630
0.123995
0.123624
0.117329
0.120620
0.122485
0.123155
0.121920
0.120958
0.115318
0.120157
0.117137
0.120564
0.134029
0.120093
0.117828
0.123018
0.119745
0.115840
0.116909
0.119884
0.119177
0.121738
0.116621
0.116105
0.109752
0.125877
0.125060
0.120011
0.117501
0.115277
0.116318
0.112655
0.116125
0.114660
0.116890
0.118562
0.114482
0.111454
0.116792
0.119945
0.117406
0.117854
0.115444
0.120468
0.118842
0.119901
0.117855
0.119194
0.119766
0.118466
0.111827
0.115031
0.105414
0.096566
0.106286
0.109748
0.107674
0.118434
0.132072
0.119451
0.116855
0.115017
0.111631
0.112789
0.114213
0.110117
0.116389
0.121306
0.125074
0.115957
0.111427
0.116423
0.122311
0.123312
0.120436
0.116871
0.110144
0.112631
0.110918
0.108883
0.109872
0.106454
0.108920
0.106763
0.106239
0.106358
0.105150
0.105048
0.106578
0.109837
0.110097
0.108474
0.113396
0.108471
0.105432
0.108969
0.109446
0.114589
0.113183
0.113234
0.110952
0.110810
0.107885
0.108475
0.107836
0.107898
0.108902
0.108436
0.109032
0.107451
0.108869
0.111056
0.108662
0.106454
0.105479
0.108413
0.108068
0.109910
0.109781
0.107811
0.107696
0.105147
0.106277
0.105934
0.107472
0.107072
0.105218
0.107585
0.114051
0.112489
0.109250
0.106794
0.109200
0.113566
0.109979
0.104958
0.108744
0.108710
0.107465
0.107143
0.108704
0.109809
0.108532
0.112295
0.109217
0.109720
0.108393
0.108333
0.112591
0.115745
0.111601
0.110256
0.110487
0.111183
0.110742
0.108872
0.108561
0.108197
0.108380
0.108011
0.106607
0.107339
0.107529
0.109971
0.105586
0.079523
0.079158
0.080111
0.091796
0.096839
0.099270
0.110634
0.114194
0.113532
0.114614
0.115334
0.113901
0.112317
0.112436
0.111267
0.110536
0.110235
0.110957
0.110041
0.110041
0.109924
0.106772
0.108777
0.109377
0.108530
0.108703
0.105255
0.101973
0.112460
0.103931
0.110352
0.109686
0.109622
0.110957
0.111880
0.108902
0.103732
0.102978
0.108499
0.108937
0.108856
0.109996
0.112374
0.112252
0.111586
0.110259
0.110259
0.110322
0.110981
0.112020
0.110697
0.112082
0.112449
0.111545
0.110841
0.111983
0.113626
0.109801
0.112020
0.106135
0.104727
0.108269
0.112006
0.111148
0.111345
0.109794
0.112014
0.101274
0.113367
0.112811
0.112627
0.116504
0.113246
0.111543
0.111969
0.111029
0.113564
0.113260
0.112407
0.112220
0.108756
0.113073
0.113939
0.111661
0.114378
0.115185
0.114832
0.113029
0.112128
0.112127
0.113324
0.114343
0.113182
0.111995
0.113054
0.113437
0.115674
0.114074
0.114366
0.118576
0.117783
0.116645
0.115357
0.115969
0.113240
0.112475
0.114884
0.113930
0.116809
0.113843
0.116001
0.116645
0.117718
0.114925
0.112540
0.114254
0.117324
0.119533
0.118297
0.119275
0.115314
0.113140
0.116839
0.115843
0.108630
0.103883
0.112250
0.112091
0.120044
0.132048
0.131085
0.124591
0.119662
0.121117
0.119201
0.122415
0.120580
0.121073
0.122785
0.119266
0.116572
0.121096
0.122864
0.119395
0.122736
0.111646
0.112566
0.110920
0.113351
0.116067
0.114779
0.121617
0.119645
0.110861
0.108975
0.115017
0.121176
0.126172
0.119949
0.119059
0.126109
0.122504
0.123957
0.121806
0.125233
0.125445
0.107945
0.125734
0.127044
0.126709
0.134712
0.127868
0.129560
0.132209
0.126212
0.139125
0.137368
0.129903
0.122517
0.128993
0.131060
0.128741
0.123218
0.125888
0.127177
0.128677
0.129085
0.133285
0.133882
0.134717
0.138739
0.138515
0.134846
0.132735
0.133606
0.132930
0.136168
0.139803
0.135880
0.129258
0.128976
0.133840
0.122894
0.112346
0.113776
0.124229
0.132797
0.132981
0.133906
0.138986
0.132872
0.129355
0.133409
0.132184
0.134785
0.126383
0.122858
0.121640
0.132895
0.129425
0.113348
0.120880
0.123536
0.130411
0.131395
0.133710
0.135845
0.129983
0.124781
0.127310
0.127443
0.123342
0.128465
0.130534
0.132430
0.129287
0.128130
0.131222
0.125729
0.127443
0.127718
0.115375
0.117807
0.113386
0.103106
0.110376
0.109450
0.113863
0.107153
0.103375
0.108056
0.116729
0.121295
0.121611
0.123136
0.121267
0.123238
0.123030
0.124744
0.126358
0.123565
0.123423
0.122266
0.123811
0.125209
0.124012
0.124540
0.124482
0.121394
0.123030
0.125412
0.124814
0.127450
0.126698
0.126358
0.127727
0.128628
0.132010
0.129399
0.128698
0.131261
0.131103
0.127455
0.125080
0.126222
0.128964
0.128892
0.127585
0.129519
0.129169
0.126836
0.126764
0.132948
0.131843
0.133576
0.138205
0.138474
0.136680
0.134292
0.138160
0.143339
0.140828
0.137875
0.135488
0.134436
0.135829
0.135258
0.135054
0.139165
0.137922
0.136925
0.139182
0.138264
0.134983
0.135884
0.136309
0.135263
0.135613
0.131498
0.132103
0.128097
0.132716
0.135653
0.133745
0.132844
0.130671
0.137922
0.136438
0.144894
0.141210
0.141440
0.139711
0.139141
0.141396
0.141096
0.139421
0.139424
0.139901
0.141295
0.142906
0.147154
0.143259
0.145037
0.142900
0.143689
0.143531
0.145835
0.143822
0.144958
0.143753
0.149153
0.146005
0.145723
0.145944
0.144737
0.139922
0.131868
0.139711
0.142264
0.143541
0.140954
0.141588
0.142007
0.140389
0.140807
0.141441
0.140181
0.128628
0.129830
0.135679
0.139049
0.138336
0.138324
0.138678
0.139182
0.138961
0.138961
0.137820
0.139660
0.140461
0.138031
0.139938
0.139581
0.141962
0.140223
0.142264
0.140582
0.142395
0.142532
0.141803
0.140280
0.141015
0.142323
0.140665
0.137898
0.137409
0.137409
0.136433
0.131300
0.133026
0.136503
0.135052
0.134505
0.135537
0.131612
0.135327
0.135890
0.136745
0.126955
0.142875
0.139308
0.138487
0.141460
0.139810
0.142425
0.140848
0.135826
0.137305
0.134774
0.143568
0.136037
0.135118
0.132415
0.139473
0.129468
0.128234
0.130764
0.135226
0.134740
0.133818
0.138927
0.135023
0.136877
0.137995
0.135735
0.140980
0.141157
0.128932
0.134516
0.132299
0.128906
0.128384
0.130463
0.129189
0.129487
0.132517
0.135272
0.138851
0.135396
0.138307
0.139820
0.126802
0.127799
0.123489
0.137734
0.139347
0.140821
0.143127
0.145025
0.144575
0.148384
0.147411
0.143727
0.141660
0.142913
0.142238
0.142677
0.138156
0.139325
0.142273
0.141758
0.145158
0.142750
0.146113
0.145727
0.142131
0.138392
0.137201
0.130336
0.136862
0.129390
0.135938
0.136588
0.138900
0.135938
0.134591
0.134872
0.136516
0.136381
0.139301
0.139771
0.139170
0.137804
0.139805
0.139940
0.139940
0.139066
0.139735
0.139869
0.140240
0.139066
0.135871
0.137265
0.136115
0.135397
0.134684
0.136861
0.135568
0.137323
0.136138
0.136889
0.137623
0.139036
0.139339
0.138927
0.138123
0.138426
0.137793
0.137722
0.137825
0.137659
0.131752
0.128630
0.128964
0.132720
0.132996
0.133760
0.134394
0.133128
0.135326
0.132301
0.130862
0.132229
0.132164
0.133637
0.132434
0.133624
0.132788
0.130995
0.131543
0.130585
0.131478
0.131543
0.131407
0.131407
0.131274
0.132594
0.131692
0.130862
0.129831
0.128747
0.131981
0.133105
0.132750
0.132198
0.129833
0.128607
0.129490
0.130381
0.129967
0.132184
0.131621
0.129831
0.127602
0.127543
0.129562
0.132786
0.130884
0.127869
0.129419
0.128605
0.129419
0.127660
0.127996
0.129974
0.129491
0.127797
0.128738
0.128945
0.130248
0.129902
0.127592
0.125416
0.125091
0.123665
0.127251
0.132011
0.132942
0.133856
0.117158
0.105898
0.105955
0.105524
0.106910
0.107011
0.107207
0.108156
0.107926
0.105012
0.105761
0.105383
0.105452
0.105889
0.106341
0.108261
0.109434
0.109762
0.112713
0.117302
0.118544
0.112253
0.107766
0.106290
0.104172
0.103283
0.103896
0.105107
0.104824
0.104160
0.103978
0.103856
0.107322
0.114747
0.114022
0.103985
0.101080
0.111464
0.110552
0.104553
0.105656
0.104183
0.109012
0.109128
0.104943
0.105370
0.114194
0.119981
0.120893
0.119881
0.119747
0.126154
0.122633
0.122169
0.117207
0.113603
0.119409
0.121289
0.118733
0.123079
0.125587
0.120793
0.123354
0.119721
0.122342
0.131741
0.127837
0.123556
0.123606
0.131236
0.122559
0.121310
0.120178
0.116376
0.123580
0.126187
0.123580
0.126187
0.123453
0.129356
0.129818
0.124533
0.124792
0.125954
0.125891
0.125954
0.128000
0.125703
0.125327
0.121680
0.127002
0.119864
0.123527
0.125265
0.138957
0.137468
0.104275
0.109369
0.112125
0.111972
0.114331
0.117193
0.117739
0.124018
0.131543
0.127989
0.132213
0.122135
0.120935
0.119874
0.118210
0.120238
0.120987
0.120182
0.119071
0.104916
0.112164
0.111433
0.117487
0.122166
0.124970
0.117035
0.117222
0.116598
0.116472
0.120354
0.120702
0.120519
0.123664
0.121664
0.120691
0.120508
0.118881
0.121610
0.127921
0.125138
0.124199
0.122875
0.122695
0.122515
0.122859
0.125956
0.126077
0.125371
0.125129
0.126489
0.128227
0.124950
0.124950
0.126492
0.126492
0.127331
0.124300
0.122424
0.122770
0.123240
0.123762
0.125898
0.124592
0.126258
0.123592
0.126619
0.127823
0.126258
0.124531
0.125007
0.123938
0.124886
0.125962
0.124946
0.125007
0.123234
0.125962
0.125007
0.125245
0.125183
0.124710
0.124589
0.125304
0.124650
0.127166
0.127837
0.125962
0.126625
0.126016
0.127400
0.127395
0.127452
0.126252
0.126670
0.125599
0.126252
0.109133
0.128967
0.110181
0.122332
0.123840
0.112636
0.113251
0.103451
0.100654
0.099830
0.100994
0.101601
0.101035
0.099085
0.100059
0.099404
0.096463
0.091949
0.088150
0.086622
0.087780
0.086248
0.086455
0.092935
0.092194
0.090227
0.089633
0.089069
0.087679
0.083715
0.084272
0.084522
0.085026
0.085171
0.087886
0.090213
0.091445
0.090227
0.091513
0.088863
0.089004
0.084953
0.087525
0.085244
0.100381
0.123701
0.123584
0.123111
0.123939
0.123524
0.123998
0.126027
0.123760
0.123468
0.122823
0.123938
0.123705
0.124058
0.122933
0.124000
0.121013
0.121361
0.123285
0.118810
0.124948
0.113738
0.114302
0.117391
0.114811
0.116210
0.113365
0.120149
0.123132
0.120026
0.119566
0.116697
0.117841
0.116229
0.118264
0.118931
0.119326
0.122602
0.122274
0.124660
0.124007
0.121870
0.121931
0.119688
0.120020
0.121671
0.121057
0.119247
0.118023
0.115539
0.115600
0.117304
0.119615
0.118394
0.117565
0.117491
0.115290
0.116545
0.118919
0.116862
0.119308
0.117873
0.118056
0.122584
0.118949
0.118420
0.116669
0.117040
0.117118
0.119043
0.117654
0.120672
0.120483
0.118083
0.116461
0.117013
0.117736
0.119262
0.119864
0.114860
0.116355
0.119277
0.120204
0.120715
0.120779
0.120494
0.121404
0.121391
0.118455
0.118748
0.124289
0.120862
0.119751
0.122992
0.120012
0.121503
0.123057
0.121525
0.122799
0.124224
0.110902
0.124217
0.124972
0.122174
0.122302
0.121761
0.111371
0.121503
0.117486
0.118313
0.118884
0.116428
0.117110
0.118989
0.119799
0.118176
0.117080
0.115875
0.117352
0.117966
0.118308
0.119625
0.118506
0.121027
0.124693
0.124354
0.121552
0.121552
0.122421
0.119936
0.120068
0.122234
0.121749
0.124057
0.122845
0.123400
0.121841
0.122683
0.122327
0.122976
0.119920
0.121180
0.120134
0.121531
0.121397
0.120914
0.120547
0.120763
0.119790
0.120895
0.120829
0.120349
0.119644
0.117209
0.122909
0.121266
0.115259
0.109981
0.112928
0.103720
0.099934
0.103086
0.104289
0.109397
0.109065
0.103863
0.099449
0.100833
0.103455
0.115917
0.120956
0.125280
0.118530
0.118939
0.122843
0.123184
0.122644
0.124484
0.125019
0.123783
0.124665
0.124937
0.126306
0.125208
0.123719
0.121473
0.122923
0.124125
0.123126
0.124055
0.127741
0.139463
0.136682
0.129215
0.117033
0.111579
0.112491
0.115703
0.110878
0.116262
0.113797
0.118223
0.127751
0.128926
0.128294
0.128018
0.129826
0.126077
0.123858
0.125175
0.125709
0.113017
0.117597
0.119285
0.121158
0.126098
0.125411
0.125860
0.126780
0.124229
0.133487
0.124282
0.123184
0.122441
0.120953
0.120026
0.118801
0.119571
0.119216
0.125420
0.125851
0.124973
0.129355
0.127797
0.129760
0.126131
0.122667
0.122551
0.115650
0.113396
0.117325
0.132916
0.129511
0.126213
0.120371
0.118668
0.120134
0.122310
0.120405
0.115191
0.115502
0.115599
0.113833
0.116198
0.114939
0.112765
0.106519
0.107640
0.108414
0.112630
0.118133
0.111132
0.107624
0.107702
0.108279
0.107827
0.107902
0.109695
0.115297
0.120095
0.136722
0.131385
0.131722
0.131572
0.131146
0.128946
0.128881
0.128410
0.130107
0.126847
0.127243
0.128039
0.128496
0.128630
0.128840
0.129636
0.131292
0.138094
0.134344
0.134879
0.142718
0.142651
0.139552
0.143045
0.142393
0.144921
0.130657
0.130288
0.121014
0.126835
0.130370
0.131502
0.125220
0.125828
0.123665
0.123229
0.124453
0.123435
0.123990
0.123407
0.124905
0.124316
0.122412
0.123157
0.125226
0.121606
0.121083
0.122589
0.122271
0.122452
0.125894
0.128123
0.128330
0.126249
0.124933
0.125380
0.126241
0.123940
0.123043
0.121817
0.119779
0.120035
0.124495
0.124954
0.125347
0.123350
0.126666
0.125322
0.127426
0.125988
0.126798
0.126584
0.124780
0.124828
0.122173
0.123211
0.123066
0.121379
0.124659
0.127864
0.127832
0.126503
0.117089
0.120208
0.112140
0.111105
0.106087
0.111654
0.111017
0.112766
0.120550
0.119779
0.112205
0.113467
0.119672
0.130966
0.139755
0.129632
0.118548
0.109385
0.110758
0.111629
0.112630
0.115653
0.114979
0.122318
0.123479
0.138826
0.129263
0.132012
0.137159
0.145743
0.132415
0.129911
0.129693
0.132053
0.129217
0.137094
0.128721
0.127482
0.131964
0.132258
0.124818
0.127295
0.135676
0.138496
0.133585
0.131550
0.138565
0.139093
0.125280
0.119479
0.116269
0.114448
0.114729
0.122887
0.122110
0.133794
0.142606
0.135872
0.134881
0.134735
0.135691
0.137640
0.131688
0.134226
0.132641
0.135863
0.132704
0.137539
0.135421
0.135621
0.132778
0.132526
0.135696
0.137571
0.143843
0.138399
0.137888
0.135636
0.124049
0.125552
0.124716
0.131230
0.132423
0.131429
0.131090
0.136621
0.135003
0.132406
0.135081
0.141587
0.138266
0.139388
0.142800
0.140302
0.141285
0.140239
0.136198
0.132151
0.127835
0.129653
0.127728
0.132041
0.140451
0.132783
0.130151
0.130056
0.132119
0.130594
0.128675
0.125285
0.128013
0.125330
0.125485
0.127147
0.127921
0.122933
0.124337
0.125347
0.120955
0.121066
0.124418
0.122312
0.120026
0.121414
0.122405
0.124724
0.124175
0.130853
0.127256
0.128462
0.125805
0.125200
0.123893
0.120677
0.120796
0.120565
0.121547
0.121842
0.123676
0.124326
0.123819
0.128708
0.129315
0.131601
0.125169
0.122682
0.123651
0.125348
0.127116
0.128800
0.131257
0.130321
0.131947
0.128086
0.129960
0.131920
0.133185
0.133489
0.134508
0.132618
0.131855
0.130507
0.135017
0.134258
0.133304
0.129522
0.130469
0.136941
0.134351
0.138083
0.138359
0.141247
0.134124
0.136943
0.135448
0.139230
0.132794
0.132692
0.134402
0.138703
0.139371
0.137912
0.136711
0.135157
0.135202
0.136065
0.136979
0.136437
0.141062
0.137706
0.140235
0.139527
0.137981
0.139618
0.137033
0.134842
0.134842
0.135459
0.135145
0.134172
0.136700
0.135307
0.134246
0.134417
0.132258
0.133687
0.132530
0.133989
0.134045
0.133144
0.133131
0.133415
0.133184
0.133978
0.133405
0.134239
0.134117
0.133733
0.134271
0.134528
0.134206
0.134119
0.134142
0.132861
0.134798
0.134834
0.134711
0.130524
0.134117
0.134004
0.134277
0.135207
0.135011
0.135115
0.135934
0.135657
0.135957
0.135140
0.135735
0.137490
0.137034
0.137321
0.137672
0.136895
0.137346
0.138341
0.137250
0.137346
0.137846
0.137229
0.136784
0.137647
0.138480
0.137867
0.137371
0.135486
0.133165
0.133330
0.134200
0.135222
0.135543
0.135526
0.135971
0.135329
0.131500
0.132668
0.127306
0.128299
0.130438
0.130224
0.130399
0.131193
0.129782
0.129963
0.129425
0.129580
0.130118
0.130244
0.129264
0.127116
0.127505
0.127196
0.128444
0.127893
0.127516
0.127848
0.127193
0.126994
0.127494
0.127848
0.129849
0.127710
0.129440
0.126804
0.127573
0.126246
0.126441
0.126535
0.126040
0.126134
0.126461
0.126518
0.126171
0.126876
0.127909
0.129900
0.130466
0.131494
0.130434
0.130575
0.130339
0.132305
0.133627
0.133467
0.133596
0.134205
0.134764
0.134726
0.135082
0.134150
0.135643
0.135545
0.137839
0.138387
0.137324
0.136965
0.136798
0.138360
0.137293
0.139352
0.137618
0.137397
0.137728
0.137606
0.139056
0.138871
0.140804
0.139320
0.138227
0.139651
0.138767
0.138995
0.139134
0.139014
0.139197
0.139292
0.138270
0.139764
0.140044
0.139318
0.139665
0.139782
0.139318
0.138535
0.138990
0.139528
0.138754
0.138948
0.139922
0.138660
0.139463
0.140384
0.139521
0.139791
0.140572
0.140158
0.140294
0.139922
0.140197
0.140762
0.140551
0.140752
0.141294
0.140530
0.139974
0.140039
0.140039
0.140221
0.140405
0.140247
0.140343
0.139610
0.140998
0.140719
0.140483
0.139374
0.140294
0.139871
0.139895
0.140158
0.140294
0.140090
0.140762
0.140867
0.140185
0.139948
0.140276
0.139669
0.139828
0.140548
0.140365
0.139975
0.139211
0.140185
0.139607
0.139459
0.139607
0.139185
0.139868
0.141616
0.140223
0.139778
0.139844
0.139343
0.139923
0.138867
0.139440
0.139423
0.139844
0.140460
0.140374
0.140264
0.139820
0.139675
0.141521
0.139845
0.141066
0.140374
0.140014
0.141611
0.140965
0.140172
0.140172
0.140172
0.140550
0.140770
0.141156
0.141521
0.142446
0.140490
0.140661
0.140954
0.141540
0.141230
0.141144
0.142961
0.141636
0.140723
0.141829
0.140802
0.140632
0.141058
0.140977
0.140978
0.141321
0.141404
0.139058
0.138663
0.136399
0.134210
0.133440
0.132849
0.133767
0.135968
0.133240
0.131479
0.131580
0.132399
0.130700
0.129764
0.127706
0.129813
0.132176
0.135476
0.131544
0.129890
0.130801
0.130673
0.131135
0.132811
0.133786
0.136309
0.137527
0.136148
0.136624
0.135787
0.135277
0.136456
0.136661
0.137666
0.137179
0.137024
0.138230
0.140379
0.140065
0.139350
0.139661
0.138655
0.139335
0.138857
0.138949
0.139187
0.139661
0.139503
0.138547
0.139039
0.139015
0.138808
0.138112
0.138274
0.137834
0.137690
0.138246
0.138399
0.138399
0.138240
0.139268
0.138560
0.138551
0.137966
0.138478
0.138312
0.138087
0.138394
0.138246
0.138553
0.138629
0.138021
0.139423
0.138021
0.139451
0.139561
0.138141
0.138210
0.138222
0.137825
0.137509
0.137201
0.137509
0.135708
0.136314
0.137149
0.138736
0.139791
0.140629
0.138333
0.136945
0.136000
0.136788
0.136717
0.137122
0.136314
0.135986
0.135577
0.134819
0.135348
0.135991
0.135191
0.134787
0.134871
0.133066
0.133680
0.134304
0.127138
0.129244
0.132265
0.136252
0.137123
0.136131
0.137895
0.137313
0.129355
0.128497
0.130574
0.130008
0.127902
0.130344
0.132567
0.134047
0.134662
0.135291
0.134377
0.132565
0.132588
0.135600
0.135756
0.134774
0.134647
0.134861
0.136164
0.134998
0.136203
0.135643
0.136322
0.134456
0.135144
0.134866
0.134929
0.135154
0.135922
0.136466
0.136549
0.135730
0.136507
0.136972
0.137074
0.137794
0.138079
0.137872
0.137147
0.137852
0.137260
0.136359
0.137260
0.135696
0.135673
0.136466
0.135986
0.135716
0.136681
0.136662
0.137449
0.136018
0.137484
0.136409
0.136200
0.135613
0.135200
0.135987
0.134739
0.136356
0.136016
0.135919
0.135952
0.137765
0.137211
0.137280
0.137184
0.137464
0.137272
0.137760
0.135596
0.136143
0.136179
0.136179
0.136006
0.137577
0.135903
0.136143
0.135666
0.135743
0.135536
0.135674
0.137516
0.136151
0.136106
0.138566
0.138961
0.138724
0.139041
0.138551
0.138470
0.137515
0.138655
0.138947
0.138356
0.139282
0.138330
0.138789
0.139747
0.139592
0.140110
0.140680
0.140943
0.141303
0.140739
0.140924
0.140770
0.140661
0.139985
0.139758
0.139751
0.139676
0.139520
0.139837
0.139516
0.139662
0.140473
0.139924
0.140728
0.140564
0.140235
0.140563
0.141046
0.140639
0.140886
0.140383
0.140235
0.140989
0.140977
0.141151
0.141501
0.141916
0.141321
0.142026
0.140807
0.139985
0.138951
0.136610
0.135840
0.137149
0.135825
0.130216
0.131844
0.131855
0.132573
0.131323
0.131255
0.129552
0.128968
0.129281
0.128994
0.128361
0.128324
0.126941
0.127374
0.127004
0.126757
0.126531
0.128374
0.128197
0.129487
0.130163
0.128796
0.128557
0.127473
0.128551
0.128246
0.128365
0.126559
0.127809
0.126604
0.127219
0.130182
0.132176
0.130996
0.126279
0.129658
0.124153
0.122578
0.126763
0.131149
0.131992
0.133454
0.130103
0.129189
0.131124
0.129487
0.130408
0.132069
0.132364
0.133039
0.131924
0.128602
0.126441
0.125927
0.124757
0.125630
0.124314
0.125591
0.121779
0.122120
0.122735
0.122555
0.121558
0.121501
0.120470
0.123804
0.123648
0.121721
0.118870
0.117930
0.119648
0.118479
0.117559
0.117121
0.117951
0.115110
0.115415
0.115675
0.119022
0.115303
0.113662
0.112189
0.113348
0.113725
0.111292
0.110263
0.109808
0.108422
0.108793
0.110277
0.110614
0.112674
0.112596
0.112546
0.111253
0.110855
0.112039
0.113489
0.114761
0.110977
0.109398
0.107300
0.105305
0.103810
0.105346
0.104008
0.103760
0.101171
0.101218
0.101598
0.100598
0.100123
0.099361
0.097766
0.102931
0.109603
0.101545
0.099097
0.100589
0.101214
0.096636
0.093464
0.130249
0.100452
0.084687
0.087170
0.090891
0.089880
0.086761
0.086790
0.101606
0.100540
0.085925
0.085749
0.106493
0.089378
0.099707
0.086709
0.081168
0.081391
0.083851
0.077523
0.096404
0.080774
0.082022
0.080052
0.078624
0.081268
0.080910
0.082666
0.078954
0.076126
0.074958
0.073618
0.075006
0.075309
0.075212
0.081488
0.087453
0.099810
0.091659
0.093413
0.091520
0.099522
0.095420
0.101962
0.100121
0.092717
0.103854
0.109084
0.093975
0.096572
0.090402
0.102171
0.105873
0.090495
0.097768
0.097323
0.098847
0.115059
0.112722
0.101767
0.103333
0.102235
0.102101
0.096145
0.097662
0.108686
0.105852
0.090971
0.112340
0.111172
0.125318
0.123277
0.111067
0.123530
0.125033
0.124149
0.110844
0.118945
0.121950
0.118808
0.121286
0.119221
0.120627
0.123414
0.125794
0.123768
0.121043
0.121650
0.122305
0.122694
0.121127
0.118699
0.119480
0.121175
0.123454
0.114328
0.116463
0.109329
0.103658
0.101324
0.103024
0.104961
0.103262
0.106457
0.110666
0.106272
0.105425
0.103923
0.106035
0.103064
0.104265
0.107328
0.105204
0.107952
0.111799
0.108716
0.113935
0.112344
0.113020
0.116611
0.110671
0.107095
0.109091
0.109326
0.108673
0.113835
0.112823
0.111186
0.115548
0.115410
0.116175
0.117765
0.118554
0.118175
0.118668
0.119915
0.125261
0.120872
0.114818
0.114145
0.113201
0.113117
0.107608
0.109327
0.105905
0.106634
0.100958
0.098487
0.097970
0.096853
0.096635
0.099898
0.098247
0.095799
0.094388
0.093595
0.094077
0.091600
0.091455
0.097378
0.097140
0.103987
0.100294
0.099728
0.100363
0.112065
0.113351
0.117570
0.119365
0.114499
0.117823
0.118312
0.114715
0.111948
0.107918
0.105237
0.101366
0.099408
0.099130
0.096804
0.098470
0.094169
0.095770
0.091586
0.088494
0.087847
0.091944
0.092069
0.095517
0.103581
0.105914
0.093670
0.094409
0.091875
0.092156
0.098927
0.108313
0.090152
0.091230
0.093188
0.087541
0.089674
0.092300
0.095502
0.091110
0.087942
0.093227
0.092922
0.092600
0.092738
0.090175
0.088739
0.085051
0.091256
0.092524
0.085093
0.084829
0.088504
0.084349
0.086438
0.085688
0.088096
0.086938
0.087340
0.087505
0.088696
0.088121
0.091293
0.094219
0.097892
0.094845
0.099589
0.092936
0.086493
0.088923
0.096653
0.095748
0.096251
0.092621
0.091720
0.084763
0.085402
0.097908
0.098487
0.098380
0.097711
0.088046
0.097097
0.088082
0.087679
0.087386
0.092656
0.096466
0.097527
0.099485
0.085233
0.088847
0.094048
0.085173
0.084682
0.081159
0.086383
0.086219
0.085494
0.092312
0.095048
0.085476
0.084510
0.087226
0.081886
0.086435
0.090102
0.091296
0.091683
0.086467
0.088802
0.094246
0.095048
0.097099
0.096352
0.097666
0.097696
0.095850
0.100457
0.102738
0.097542
0.096981
0.086298
0.087197
0.078742
0.075726
0.075384
0.075544
0.076412
0.081748
0.079017
0.079219
0.077951
0.077338
0.073752
0.069781
0.073119
0.073557
0.064523
0.067856
0.067727
0.076230
0.079119
0.072780
0.072067
0.072128
0.082082
0.082876
0.075827
0.062934
0.061902
0.070084
0.075072
0.071869
0.076671
0.088244
0.084870
0.086277
0.093272
0.089700
0.085003
0.086874
0.088306
0.089814
0.103693
0.098177
0.104296
0.101943
0.106616
0.105689
0.106449
0.109746
0.107518
0.105067
0.101767
0.101433
0.102044
0.103311
0.103509
0.104211
0.100490
0.090047
0.087760
0.088565
0.091041
0.091208
0.098159
0.103826
0.093529
0.083619
0.081825
0.085498
0.078372
0.076624
0.074376
0.066251
0.068260
0.072467
0.068006
0.075955
0.105208
0.087559
0.098471
0.073355
0.080607
0.081168
0.069117
0.094231
0.075101
0.082939
0.110238
0.098241
0.072583
0.083647
0.084624
0.084500
0.069619
0.079739
0.059968
0.061207
0.060164
0.060297
0.066213
0.074173
0.070799
0.080943
0.085421
0.074175
0.079756
0.078672
0.076654
0.080453
0.087010
0.090443
0.095465
0.104846
0.100672
0.094328
0.093674
0.092826
0.096303
0.091706
0.096756
0.091392
0.097264
0.101717
0.094709
0.092768
0.091486
0.091609
0.089721
0.079028
0.087809
0.088461
0.085132
0.082925
0.080777
0.085340
0.082485
0.085720
0.091599
0.094781
0.089697
0.084365
0.086264
0.086075
0.083068
0.086890
0.086207
0.088018
0.100673
0.101962
0.094285
0.090438
0.089093
0.107477
0.112397
0.112221
0.113589
0.109984
0.105209
0.102994
0.103106
0.096337
0.101159
0.104051
0.097583
0.102126
0.102661
0.091211
0.095660
0.089967
0.075850
0.084925
0.083535
0.086576
0.085607
0.086271
0.085476
0.090385
0.086944
0.082411
0.080492
0.083776
0.081254
0.081257
0.083999
0.088234
0.090139
0.083788
0.076723
0.075104
0.081310
0.085546
0.081005
0.082615
0.081540
0.096972
0.096537
0.095203
0.095809
0.091168
0.094678
0.084868
0.090640
0.092617
0.089615
0.084788
0.086122
0.084529
0.083804
0.085961
0.082213
0.076785
0.073643
0.070527
0.070159
0.083733
0.089063
0.075715
0.081661
0.091465
0.087772
0.092967
0.091908
0.088384
0.092154
0.093254
0.072638
0.091612
0.089940
0.106411
0.100860
0.101285
0.105432
0.081251
0.089705
0.093692
0.100807
0.093224
0.087033
0.096287
0.092558
0.099924
0.105706
0.103612
0.101092
0.105048
0.091448
0.087694
0.083341
0.091837
0.082504
0.077667
0.087634
0.085648
0.091227
0.087951
0.094678
0.090952
0.096808
0.084743
0.085514
0.088927
0.088691
0.091858
0.083169
0.081106
0.076717
0.076837
0.081338
0.089041
0.078989
0.076313
0.092507
0.085120
0.092594
0.088114
0.092341
0.088610
0.091849
0.084076
0.080057
0.066756
0.075245
0.072053
0.073266
0.074419
0.082379
0.078884
0.074578
0.083697
0.094739
0.096025
0.093744
0.089030
0.070982
0.069321
0.072629
0.072860
0.087267
0.086198
0.086832
0.084111
0.088808
0.097116
0.075396
0.075850
0.078114
0.081522
0.083236
0.085566
0.088859
0.089103
0.077264
0.078178
0.075020
0.090568
0.092757
0.075666
0.077432
0.077539
0.066004
0.073004
0.082104
0.079381
0.084536
0.082014
0.083277
0.082593
0.078661
0.089611
0.084723
0.091038
0.086901
0.083793
0.085020
0.083640
0.087932
0.095042
0.103562
0.107561
0.100617
0.103830
0.110230
0.110480
0.107192
0.103311
0.096314
0.094360
0.087895
0.095420
0.100517
0.104215
0.099552
0.094957
0.097079
0.092169
0.096161
0.092238
0.101114
0.088251
0.095490
0.095788
0.092604
0.089633
0.090376
0.090042
0.091335
0.094969
0.090507
0.084874
0.090576
0.092498
0.098613
0.095270
0.098758
0.099005
0.105011
0.114227
0.110678
0.114763
0.111879
0.105538
0.102048
0.096041
0.100592
0.098594
0.097739
0.094834
0.094779
0.094507
0.096239
0.092427
0.088003
0.090174
0.094801
0.092475
0.094636
0.091172
0.084582
0.080195
0.084771
0.080368
0.083321
0.082983
0.080092
0.068113
0.065315
0.071008
0.071863
0.068872
0.051693
0.065373
0.070585
0.072103
0.072103
0.070995
0.071735
0.068239
0.074440
0.073858
0.071833
0.072681
0.072291
0.069964
0.071758
0.059543
0.074643
0.077539
0.081221
0.081715
0.085600
0.080247
0.082371
0.078259
0.075939
0.077899
0.075006
0.080124
0.078051
0.077820
0.079539
0.072688
0.071083
0.074299
0.076486
0.081421
0.079177
0.078429
0.077102
0.079437
0.078240
0.082193
0.079967
0.076432
0.076153
0.074075
0.073632
0.072283
0.073304
0.077379
0.075507
0.080245
0.083047
0.077319
0.075617
0.086215
0.083620
0.077888
0.077888
0.079183
0.076307
0.080091
0.075062
0.077678
0.074168
0.080887
0.080934
0.076825
0.081523
0.078045
0.078946
0.077891
0.081458
0.080684
0.078554
0.077457
0.067506
0.066285
0.070828
0.074426
0.079983
0.074362
0.067008
0.074202
0.072022
0.069690
0.065064
0.063436
0.065726
0.068097
0.061541
0.070276
0.061059
0.063015
0.048094
0.047007
0.047009
0.056528
0.067428
0.064056
0.073288
0.050441
0.047617
0.060328
0.052287
0.067058
0.076411
0.070995
0.057396
0.060136
0.072176
0.055914
0.059826
0.062070
0.071042
0.068712
0.060947
0.080469
0.059170
0.072564
0.063871
0.065365
0.051697
0.041992
0.037255
0.054250
0.080629
0.074183
0.070477
0.068577
0.073099
0.066652
0.057258
0.090202
0.069478
0.074245
0.078336
0.063764
0.058465
0.051044
0.060646
0.068003
0.073635
0.073254
0.078369
0.071695
0.061579
0.066310
0.077922
0.074439
0.069560
0.069293
0.063977
0.054008
0.061660
0.075607
0.062870
0.060638
0.052571
0.054519
0.067126
0.066720
0.053058
0.047256
0.050964
0.051138
0.061067
0.065648
0.071597
0.070593
0.070660
0.078973
0.066952
0.072834
0.069260
0.071101
0.072212
0.076885
0.073669
0.077427
0.078959
0.085230
0.073854
0.070727
0.066231
0.061800
0.069437
0.069063
0.069676
0.078866
0.070498
0.074547
0.078369
0.078746
0.082614
0.084436
0.071450
0.077277
0.078746
0.084150
0.085593
0.085532
0.081677
0.072124
0.060805
0.059502
0.079812
0.069599
0.065003
0.075400
0.090927
0.084697
0.084143
0.083325
0.074748
0.072523
0.066060
0.072973
0.074011
0.075801
0.081444
0.639671
0.082876
0.098144
0.092534
0.083231
0.084798
0.087919
0.085124
0.088258
0.091333
0.089784
0.083082
0.084577
0.079548
0.074605
0.062187
0.073251
0.061551
0.065968
0.063791
0.074581
0.079912
0.076422
0.064477
0.044102
0.055454
0.071375
0.076474
0.082570
0.096896
0.100094
0.100625
0.063715
0.067375
0.069057
0.061920
0.063496
0.068192
0.070251
0.067498
0.065240
0.054759
0.068280
0.068762
0.074372
0.089311
0.086155
0.097743
0.093162
0.053974
0.055631
0.055290
0.063890
0.076841
0.079133
0.065952
0.050551
0.065268
0.070819
0.042590
0.056760
0.067221
0.076403
0.077637
0.077544
0.055745
0.047379
0.054653
0.051560
0.050107
0.045824
0.050651
0.062360
0.066042
0.082412
0.083839
0.053154
0.051227
0.059772
0.067282
0.056097
0.056539
0.059730
0.066545
0.054346
0.061875
0.055772
0.061105
0.059429
0.040900
0.050851
0.059786
0.070785
0.064247
0.068235
0.061875
0.055132
0.051143
0.052876
0.048392
0.048905
0.042727
0.045253
0.048616
0.058988
0.043229
0.051684
0.051773
0.059425
0.045311
0.051237
0.055650
0.044052
0.047821
0.068246
0.065208
0.064617
0.067125
0.055263
0.056927
0.061297
0.034891
0.038943
0.038367
0.051918
0.031833
0.029451
0.041664
0.057190
0.044330
0.042056
0.037236
0.025518
0.042726
0.041467
0.031792
0.040090
0.024531
0.034968
0.053293
0.051532
0.038188
0.030290
0.042168
0.036102
0.042420
0.033136
0.022684
0.028985
0.030510
0.035344
0.034212
0.034760
0.033497
0.024830
0.024663
0.041492
0.038888
0.033865
0.037693
0.053391
0.053324
0.065820
0.035271
0.039692
0.035127
0.042733
0.056630
0.056728
0.041616
0.039242
0.029184
0.034143
0.044675
0.036644
0.044632
0.032600
0.031653
0.045839
0.053986
0.060013
0.057093
0.057235
0.051984
0.043524
0.036197
0.076967
0.061102
0.054511
0.043121
0.054698
0.028346
0.053938
0.049659
0.027417
0.035932
0.036648
0.048513
0.035253
0.044420
0.038348
0.038985
0.032131
0.022591
0.033464
0.021237
0.022415
0.039340
0.028129
0.031250
0.030356
0.034441
0.047036
0.042627
0.044527
0.056874
0.033462
0.028669
0.038148
0.036335
0.027182
0.027359
0.037536
0.042186
0.036801
0.032294
0.039206
0.025288
0.032017
0.022430
0.025199
0.033148
0.047981
0.048337
0.028941
0.026808
0.015993
0.027461
0.028494
0.041325
0.027461
0.048536
0.018936
0.019039
0.019659
0.021609
0.014956
0.015316
0.033578
0.030402
0.018795
0.022222
0.015549
0.015358
0.012871
0.012439
0.020363
0.016901
0.015166
0.012401
0.012909
0.017457
0.013558
0.013186
0.012523
0.013902
0.012070
0.016002
0.011924
0.015594
0.022619
0.016476
0.012917
0.013175
0.026442
0.015738
0.016682
0.043033
0.031180
0.031513
0.044741
0.022228
0.020607
0.020581
0.025868
0.024935
0.021462
0.019828
0.020678
0.016693
0.016757
0.011021
0.011050
0.014714
0.014575
0.011404
0.013282
0.011576
0.009614
0.010514
0.015100
0.009567
0.012233
0.016389
0.010219
0.009500
0.009679
0.009853
0.012157
0.009720
0.018467
0.010690
0.013227
0.023775
0.018620
0.008736
0.008741
0.008699
0.007945
0.008348
0.008311
0.008011
0.008565
0.008411
0.008488
0.010785
0.009506
0.011323
0.037115
0.010881
0.010731
0.021794
0.016975
0.011994
0.014570
0.009123
0.012297
0.011158
0.018567
0.010161
0.031006
0.020425
0.013537
0.014750
0.009600
0.011478
0.014683
0.015930
0.019200
0.018460
0.019300
0.025816
0.021078
0.027852
0.025451
0.025456
0.019973
0.016255
0.011758
0.013336
0.017872
0.028320
0.009536
0.012335
0.008137
0.010080
0.008251
0.008269
0.009374
0.008995
0.010737
0.007694
0.008268
0.009239
0.007235
0.008382
0.009774
0.020577
0.017921
0.007023
0.007220
0.021602
0.011043
0.015600
0.007439
0.009359
0.007628
0.007039
0.006942
0.007122
0.012254
0.008792
0.008105
0.008927
0.011031
0.007810
0.007610
0.013168
0.045650
0.009851
0.009667
0.014634
0.008453
0.009281
0.008678
0.007281
0.007298
0.007746
0.008088
0.009263
0.008685
0.016642
0.011624
0.014908
0.007282
0.007879
0.011165
0.007299
0.017745
0.012447
0.007207
0.011431
0.012059
0.007639
0.009693
0.012177
0.014952
0.006850
0.007895
0.010888
0.019520
0.035301
0.009696
0.013509
0.008571
0.007916
0.008856
0.006963
0.012324
0.013610
0.006900
0.007449
0.008353
0.006526
0.006692
0.007595
0.008568
0.007581
0.008708
0.008832
0.007581
0.006939
0.019207
0.012071
0.014223
0.004875
0.009736
0.007992
0.005734
0.008328
0.011865
0.023589
0.035506
0.032202
0.011263
0.006242
0.008224
0.006006
0.006769
0.013443
0.021184
0.009461
0.008288
0.005624
0.023582
0.015532
0.005674
0.006272
0.005435
0.009419
0.009312
0.003920
0.004409
0.010430
0.004484
0.015188
0.008705
0.010525
0.007575
0.005690
0.005586
0.025205
0.012674
0.060728
0.038679
0.026324
0.022144
0.006128
0.011503
0.002731
0.002956
0.003902
0.003354
0.005674
0.006754
0.013778
0.013244
0.003931
0.004282
0.005715
0.008225
0.005691
0.006579
0.006424
0.041024
0.020166
0.007339
0.006523
0.021513
0.037755
0.026743
0.020860
0.030601
0.015448
0.003505
0.004885
0.005026
0.009868
0.006852
0.005552
0.008232
0.005794
0.012656
0.016624
0.018713
0.040930
0.031676
0.033883
0.017096
0.019166
0.013182
0.023716
0.012206
0.003634
0.033862
0.043317
0.055311
0.035854
0.083838
0.067764
0.012951
0.015527
0.128429
0.101752
0.106490
0.101955
0.129189
0.002470
0.002247
0.005472
0.001680
0.001889
0.004781
0.000916
0.003462
0.003845
0.001706
0.019399
0.008864
0.015467
0.020900
0.009481
0.007080
0.006543
0.000632
0.014227
0.004550
0.001474
0.014216
0.008310
0.019057
0.017210
0.006494
0.002282
0.002407
0.002536
0.006311
0.008461
0.008028
0.003233
0.004869
0.007582
0.016869
0.052714
0.027856
0.013426
0.001976
0.003115
0.002151
0.003253
0.005289
0.003275
0.003947
0.007761
0.006122
0.004242
0.014193
0.016538
0.013410
0.015395
0.012512
0.008018
0.005095
0.007349
0.005107
0.005000
0.002656
0.001488
0.005440
0.004883
0.004096
0.002768
0.003687
0.008824
0.018353
0.012882
0.012947
0.014189
0.011944
0.004170
0.003794
0.004245
0.012422
0.012814
0.000080
0.002263
0.005435
0.014918
0.007554
0.003474
0.005571
0.005408
0.014662
0.015777
0.015487
0.018911
0.014708
0.006490
0.014823
0.009798
0.007367
0.004466
0.003785
0.012165
0.019542
0.003856
0.012910
0.011905
0.028742
0.027795
0.025245
0.026098
0.034615
0.029379
0.034958
0.010500
0.015473
0.019827
0.032563
0.018748
0.016103
0.016306
0.008482
0.021550
0.017993
0.019697
0.010335
0.008240
0.030193
0.045388
0.056847
0.075479
0.061080
0.039055
0.040051
0.057294
0.048351
0.045180
0.037668
0.047649
0.072961
0.059750
0.045589
0.037197
0.038457
0.045940
0.037943
0.040447
0.030569
0.030538
0.024997
0.019656
0.019189
0.022011
0.040742
0.027060
0.023766
0.029420
0.028310
0.033845
0.024928
0.015823
0.053967
0.015041
0.016708
0.025456
0.029369
0.025592
0.028344
0.025654
0.015645
0.014823
0.018255
0.021766
0.030354
0.037037
0.034303
0.031860
0.023000
0.016234
0.048587
0.019670
0.013827
0.029407
0.019098
0.008370
0.020013
0.019739
0.015935
0.011323
0.015373
0.013973
0.015073
0.009268
0.013400
0.003260
0.013619
0.021060
0.021474
0.022280
0.015039
0.025732
0.007897
0.043169
0.051782
0.053677
0.074401
0.048715
0.053176
0.048068
0.015421
0.019773
0.017146
0.011597
0.014268
0.034258
0.017896
0.014405
0.008560
0.025485
0.011991
0.016658
0.013727
0.014208
0.009097
0.008446
0.006081
0.005447
0.005867
0.007229
0.006156
0.008693
0.007816
0.015395
0.015857
0.008758
0.017367
0.021661
0.021143
0.001224
0.000305
0.008584
0.010889
0.020317
0.007453
0.013353
0.021644
0.021049
0.007707
0.000547
0.020846
0.046291
0.072367
0.065804
0.064381
0.051170
0.039398
0.008375
0.019422
0.026352
0.028620
0.018263
0.010210
0.011845
0.007416
0.018628
0.017432
0.022147
0.037567
0.033170
0.018677
0.022786
0.038347
0.022557
0.007246
0.008037
0.012598
0.004155
0.018139
0.006890
0.000515
0.003907
0.006181
0.015601
0.018484
0.012982
0.006554
0.007243
0.000735
0.003864
0.010281
0.000134
0.000302
0.000658
0.000162
0.000123
0.000669
0.006023
0.009003
0.023259
0.021980
0.010100
0.027980
0.025565
0.006470
0.034984
0.048242
0.004341
0.018081
0.001792
0.009750
0.000573
0.000678
0.021716
0.032475
0.010854
0.015085
0.056658
0.068860
0.000219
0.015213
0.005618
0.005112
0.026103
0.029241
0.002112
0.009047
0.007247
0.001348
0.000855
0.000120
0.000491
0.006013
0.014147
0.004081
0.024531
0.015773
0.010291
0.000040
0.000873
0.000568
0.003203
0.000688
0.000938
0.001339
0.000121
0.000160
0.000415
0.000179
0.000629
0.000362
0.000204
0.000216
0.000248
0.000535
0.000812
0.003768
0.001778
0.001573
0.000608
0.000902
0.001030
0.000519
0.000275
0.002235
0.000139
0.005591
0.001573
0.000237
0.000144
0.000384
0.000123
0.001312
0.001443
0.000679
0.000735
0.000423
0.000722
0.000729
0.001322
0.002338
0.000559
0.000845
0.000599
0.000292
0.000027
0.000096
0.000062
0.000012
0.000293
0.000390
0.000445
0.000318
0.000168
0.000017
0.000100
0.000246
0.000236
0.000328
0.000000
0.000312
0.001378
0.003909
0.022649
0.014475
0.015056
0.071701
0.037060
0.036012
0.021381
0.021057
0.022099
0.022165
0.025437
0.024296
0.025366
0.017601
0.015241
0.013405
0.017974
0.023355
0.019301
0.013372
0.008455
0.005656
0.004731
0.007016
0.009162
0.021496
0.029182
0.022433
0.016059
0.011836
0.014822
0.013646
0.051776
0.076817
0.075769
0.093194
0.085447
0.080773
0.065134
0.059953
0.062071
0.070204
0.081153
0.080330
0.120266
0.096054
0.095146
0.105250
0.051130
0.039889
0.034707
0.042175
0.053164
0.023869
0.028211
0.027903
0.041506
0.053992
0.046264
0.047014
0.060576
0.057465
0.047699
0.034337
0.045884
0.058316
0.057176
0.055915
0.057948
0.057714
0.064374
0.047907
0.040405
0.027113
0.036925
0.026429
0.043412
0.028531
0.025012
0.033518
0.030073
0.027670
0.025554
0.024396
0.029576
0.038031
0.016041
0.011808
0.009876
0.012317
0.010542
0.004066
0.004092
0.005879
0.004878
0.004363
0.003922
0.002628
0.004844
0.002852
0.004726
0.001076
0.001433
0.000390
0.000463
0.000362
0.000635
0.000581
0.000958
0.001832
0.001605
0.002482
0.002332
0.000956
0.000598
0.001832
0.003359
0.002081
0.003512
0.002506
0.003486
0.003339
0.001141
0.000173
0.001108
0.004268
0.003544
0.003832
0.000958
0.000790
0.001859
0.001380
0.001147
0.001285
0.000863
0.000402
0.000379
0.000381
0.001256
0.000735
0.012876
0.013764
0.003452
0.003011
0.000741
0.001443
0.000932
0.000550
0.000595
0.000386
0.000471
0.000945
0.009349
0.022407
0.017289
0.023128
0.045867
0.010620
0.001582
0.000017
0.006333
0.000238
0.004737
0.003994
0.006281
0.013924
0.009869
0.000394
0.002184
0.002405
0.000399
0.000097
0.000633
0.001456
0.000314
0.000059
0.000295
0.000190
0.000190
0.001390
0.000345
0.000294
0.000664
0.000132
0.000679
0.001363
0.001141
0.003635
0.003504
0.002693
0.005249
0.002991
0.003071
0.003067
0.005321
0.001365
0.000672
0.002265
0.002840
0.003961
0.003689
0.003345
0.003758
0.005228
0.003449
0.001414
0.000867
0.001645
0.001806
0.002586
0.000995
0.000837
0.001279
0.000912
0.000912
0.001166
0.002231
0.001085
0.000967
0.002312
0.000905
0.001438
0.005238
0.003514
0.003533
0.005230
0.003996
0.003168
0.002132
0.001709
0.001145
0.005689
0.004724
0.001577
0.001977
0.003049
0.003442
0.002914
0.005126
0.004480
0.004682
0.007191
0.003856
0.003214
0.004729
0.005695
0.005146
0.004251
0.003176
0.004204
0.001348
0.001383
0.001843
0.004178
0.004221
0.001112
0.001724
0.002655
0.002766
0.001181
0.002563
0.005430
0.001474
0.002484
0.000988
0.002865
0.004559
0.004151
0.006935
0.005831
0.005385
0.004646
0.002832
0.005300
0.004139
0.003433
0.004106
0.005741
0.002927
0.005359
0.006642
0.005632
0.003954
0.003014
0.001923
0.002626
0.008343
0.004943
0.001738
0.001769
0.002303
0.002670
0.003914
0.004067
0.005170
0.006492
0.007405
0.005288
0.005655
0.006140
0.006578
0.006917
0.007526
0.008139
0.007061
0.006883
0.007709
0.008630
0.007978
0.011545
0.011510
0.010492
0.009275
0.008217
0.007023
0.005087
0.004308
0.007251
0.007104
0.005175
0.001948
0.002031
0.003646
0.004989
0.004048
0.005501
0.007913
0.005623
0.007044
0.007858
0.008411
0.007391
0.007247
0.009021
0.008377
0.008341
0.011118
0.008472
0.009207
0.011685
0.011721
0.010788
0.011843
0.011231
0.009223
0.009272
0.008468
0.007865
0.010024
0.009580
0.009072
0.012778
0.010045
0.009035
0.009998
0.011323
0.009834
0.009235
0.008815
0.007808
0.007872
0.008508
0.009112
0.009655
0.009619
0.009013
0.009487
0.009342
0.009547
0.007622
0.007537
0.008079
0.010366
0.013156
0.012091
0.011984
0.010798
0.010052
0.010437
0.007335
0.008016
0.009011
0.008260
0.006620
0.007494
0.009342
0.009281
0.009970
0.006638
0.008808
0.009663
0.008626
0.008298
0.008959
0.009133
0.009620
0.009497
0.009885
0.009411
0.008579
0.009458
0.008288
0.007851
0.008309
0.007177
0.007650
0.008458
0.007834
0.008273
0.008085
0.008144
0.008902
0.008881
0.011456
0.008974
0.008346
0.009770
0.009903
0.009984
0.009291
0.008846
0.009664
0.009855
0.008562
0.008998
0.008870
0.010067
0.009363
0.008994
0.009051
0.008676
0.009807
0.009909
0.009175
0.009912
0.009834
0.009035
0.009395
0.010411
0.011516
0.012915
0.011172
0.011096
0.016247
0.012905
0.010872
0.010444
0.009974
0.012650
0.012850
0.008849
0.017554
0.052796
0.088763
0.116798
0.071297
0.074405
0.053484
0.050446
0.049890
0.032680
0.033872
0.041809
0.034265
0.031357
0.049426
0.046186
0.048192
0.041151
0.031592
0.028433
0.020718
0.020801
0.009740
0.010557
0.010557
0.009156
0.008652
0.008594
0.009603
0.009276
0.008981
0.008925
0.009040
0.009142
0.009299
0.009781
0.010067
0.010147
0.009882
0.009744
0.010055
0.009855
0.009914
0.009850
0.011040
0.013842
0.012964
0.014215
0.016404
0.059811
0.035259
0.034298
0.029866
0.025279
0.020376
0.019707
0.020941
0.024524
0.036217
0.025631
0.026281
0.029297
0.057393
0.038125
0.037529
0.033700
0.033260
0.032202
0.055342
0.044368
0.058093
0.073531
0.074605
0.065400
0.031160
0.047650
0.044786
0.040227
0.035053
0.041090
0.025769
0.029005
0.019936
0.015271
0.012816
0.033026
0.089477
0.105514
0.087925
0.112460
0.123673
0.118035
0.135476
0.130414
0.112088
0.095169
0.102965
0.117934
0.108096
0.081967
0.063724
0.062158
0.044510
0.054065
0.046678
0.048049
0.044536
0.058740
0.072570
0.055021
0.043971
0.072000
0.059616
0.039796
0.031636
0.034156
0.020499
0.077416
0.080119
0.043157
0.039836
0.030003
0.030447
0.033771
0.039017
0.030685
0.029704
0.017319
0.019960
0.020227
0.017142
0.016441
0.011029
0.011262
0.010641
0.011527
0.010246
0.010388
0.010483
0.010511
0.010366
0.010487
0.010304
0.010412
0.010311
0.010318
0.010146
0.010315
0.010519
0.010679
0.010679
0.010812
0.010739
0.019116
0.015185
0.012129
0.013788
0.017725
0.020819
0.020123
0.013841
0.017548
0.011203
0.016985
0.016168
0.018219
0.018677
0.013759
0.021397
0.029550
0.026858
0.032848
0.040377
0.049892
0.043844
0.033578
0.027318
0.025141
0.022818
0.021752
0.015520
0.015671
0.017531
0.067694
0.249672
0.015146
0.012332
0.011645
0.014597
0.019065
0.014789
0.014859
0.014687
0.015674
0.015516
0.016039
0.017306
0.015203
0.014707
0.013605
0.012825
0.013590
0.012989
0.014226
0.012548
0.012192
0.012102
0.011697
0.011556
0.011095
0.011451
0.011121
0.011111
0.011038
0.011033
0.010924
0.010789
0.010790
0.010552
0.010947
0.012773
0.011562
0.011105
0.010945
0.011922
0.011223
0.012018
0.011713
0.009993
0.009497
0.009841
0.009377
0.009409
0.009397
0.009099
0.009337
0.009280
0.009401
0.010453
0.009369
0.009459
0.009674
0.009306
0.008852
0.009048
0.009213
0.009213
0.009811
0.010133
0.010220
0.009416
0.009448
0.008872
0.008868
0.008568
0.008392
0.009404
0.009679
0.009029
0.009785
0.008315
0.008704
0.009631
0.008425
0.010277
0.012546
0.010543
0.009175
0.008188
0.007696
0.007956
0.008664
0.007543
0.007823
0.006799
0.006582
0.007241
0.006570
0.025456
0.011345
0.011358
0.021195
0.025410
0.040911
0.022063
0.043933
0.060102
0.045938
0.030037
0.016442
0.122797
0.064004
0.026776
0.047130
0.038897
0.027827
0.022288
0.010841
0.013148
0.011387
0.009244
0.006695
0.006145
0.005690
0.005051
0.005026
0.003704
0.004070
0.003922
0.005213
0.003598
0.003114
0.002864
0.003284
0.002905
0.002975
0.002748
0.002905
0.006230
0.002565
0.003275
0.002630
0.002612
0.002335
0.002445
0.002509
0.002748
0.002284
0.002393
0.002463
0.002972
0.006836
0.008216
0.009321
0.006054
0.002668
0.004890
0.003401
0.002156
0.001759
0.001654
0.011158
0.014422
0.006391
0.001562
0.001808
0.001842
0.001618
0.001566
0.001659
0.001864
0.001960
0.002409
0.002694
0.001982
0.001831
0.002001
0.002017
0.001805
0.002057
0.002726
0.001998
0.001798
0.001770
0.003287
0.002268
0.001963
0.001936
0.002048
0.002230
0.004259
0.004816
0.002388
0.003416
0.002451
0.002708
0.003011
0.003958
0.002990
0.005535
0.002142
0.002142
0.003132
0.002274
0.002443
0.003024
0.001781
0.002074
0.001830
0.001862
0.001812
0.001673
0.001883
0.001867
0.001787
0.001903
0.001761
0.001667
0.001636
0.002067
0.002318
0.001690
0.001645
0.001477
0.004610
0.001505
0.001348
0.001444
0.001248
0.001362
0.001351
0.001256
0.002334
0.001545
0.002931
0.001418
0.001158
0.001257
0.001508
0.001489
0.001762
0.002044
0.002327
0.001972
0.002253
0.001739
0.002146
0.002352
0.002290
0.001802
0.002073
0.002358
0.001890
0.001837
0.002214
0.003183
0.002599
0.002913
0.003596
0.004449
0.003879
0.003784
0.003303
0.003358
0.004662
0.004467
0.003562
0.004576
0.003269
0.004020
0.005490
0.005008
0.004567
0.004071
0.002793
0.002912
0.002829
0.004605
0.002814
0.003576
0.003596
0.002705
0.003722
0.002664
0.003252
0.003078
0.003999
0.002602
0.002464
0.003631
0.003981
0.005585
0.005293
0.006030
0.004216
0.004488
0.003517
0.003380
0.003556
0.003803
0.003671
0.003503
0.008618
0.003899
0.005802
0.005104
0.005254
0.004404
0.006527
0.005603
0.006018
0.004797
0.004640
0.004774
0.005045
0.004715
0.006175
0.006853
0.005732
0.010985
0.014700
0.019763
0.023781
0.006316
0.005480
0.004996
0.005793
0.005386
0.007086
0.006136
0.008689
0.007962
0.007981
0.011258
0.008531
0.012122
0.016248
0.011624
0.011472
0.011632
0.015899
0.026828
0.015120
0.015666
0.012517
0.011970
0.015206
0.013259
0.014833
0.013901
0.016774
0.021386
0.021453
0.019540
0.017307
0.014818
0.024187
0.024989
0.027749
0.028939
0.029250
0.027133
0.028475
0.027901
0.029487
0.024593
0.191691
0.025365
0.026725
0.026438
0.027086
0.028375
0.027935
0.028506
0.028230
0.032995
0.033703
0.029299
0.033165
0.033487
0.033149
0.034097
0.030409
0.034146
0.032090
0.034587
0.032685
0.031730
0.032912
0.033132
0.032788
0.033271
0.032686
0.031863
0.031326
0.041726
0.037072
0.036866
0.037744
0.035537
0.033030
0.034181
0.033767
0.034895
0.034894
0.035463
0.035982
0.035644
0.036300
0.035195
0.036418
0.036872
0.037015
0.036254
0.037210
0.036225
0.180400
0.519094
0.036510
0.036078
0.038373
0.037137
0.042787
0.032395
0.036582
0.035745
0.034926
0.034930
0.036952
0.034750
0.033767
0.034398
0.034221
0.034888
0.037096
0.037358
0.036863
0.036076
0.034872
0.033631
0.032884
0.031991
0.032489
0.033935
0.034056
0.035100
0.033393
0.033536
0.033837
0.031800
0.030525
0.034832
0.031141
0.029630
0.026664
0.023817
0.026287
0.027778
0.034860
0.031501
0.027664
0.026949
0.028697
0.028723
0.027762
0.023265
0.022272
0.024590
0.025106
0.024909
0.024614
0.025084
0.025617
0.025730
0.026962
0.026271
0.026391
0.026526
0.026295
0.026335
0.026858
0.026402
0.027133
0.029733
0.029661
0.029352
0.028127
0.027945
0.030684
0.033366
0.027353
0.027551
0.029664
0.026874
0.028939
0.028153
0.028062
0.029524
0.029998
0.030187
0.031345
0.031533
0.031379
0.032407
0.030505
0.032397
0.032357
0.031218
0.031174
0.033307
0.031566
0.030262
0.031873
0.031382
0.031293
0.032127
0.032888
0.032089
0.032157
0.032964
0.032961
0.032785
0.032968
0.033495
0.033651
0.033417
0.034470
0.035152
0.035114
0.034083
0.033753
0.033981
0.033384
0.033631
0.033512
0.033668
0.033895
0.033120
0.032978
0.714626
0.032043
0.033122
0.034644
0.033314
0.033685
0.034027
0.032867
0.033393
0.033948
0.033142
0.034135
0.034887
0.035131
0.034292
0.034868
0.034051
0.033948
0.033632
0.037332
0.037765
0.039074
0.040817
0.037662
0.038963
0.040112
0.037804
0.038061
0.038353
0.039035
0.038131
0.039606
0.039880
0.043320
0.039821
0.039988
0.040754
0.038779
0.038669
0.040754
0.044201
0.041200
0.041897
0.039323
0.039721
0.040662
0.040123
0.042298
0.041578
0.040915
0.040232
0.039140
0.040350
0.040215
0.040046
0.040708
0.041345
0.040453
0.041227
0.040005
0.040712
0.051104
0.055108
0.045409
0.046950
0.045255
0.046533
0.050216
0.048453
0.047049
0.052392
0.054912
0.055772
0.050472
0.048866
0.049711
0.050174
0.050657
0.050923
0.054411
0.053783
0.051579
0.050438
0.051623
0.055988
0.056428
0.054401
0.056204
0.057970
0.054691
0.055663
0.054213
0.054519
0.053168
0.053183
0.053979
0.054194
0.053187
0.054033
0.054093
0.055146
0.054933
0.053080
0.053868
0.053089
0.053197
0.053034
0.052977
0.053342
0.054558
0.052896
0.053229
0.053524
0.054090
0.053656
0.052759
0.053385
0.052853
0.052023
0.051902
0.052399
0.053609
0.051780
0.052471
0.052046
0.051241
0.051241
0.050946
0.051493
0.051853
0.053309
0.052160
0.053029
0.052046
0.051579
0.050473
0.052291
0.054785
0.053681
0.052759
0.052648
0.052697
0.051643
0.051924
0.052115
0.050816
0.050868
0.051059
0.050937
0.053358
0.053436
0.052584
0.051978
0.051035
0.049767
0.050432
0.049540
0.047851
0.047902
0.047247
0.048020
0.051534
0.050268
0.049989
0.049745
0.051536
0.051266
0.050139
0.052416
0.056058
0.056045
0.054344
0.053519
0.055693
0.055309
0.055236
0.054559
0.052869
0.050100
0.051573
0.052582
0.053985
0.054090
0.053000
0.054088
0.054412
0.052775
0.053901
0.055024
0.054389
0.054135
0.056414
0.054994
0.062476
0.059523
0.060188
0.066009
0.071783
0.070911
0.070398
0.070777
0.070307
0.068458
0.071480
0.072400
0.074063
0.071111
0.074457
0.076028
0.081766
0.084698
0.087397
0.085991
0.087929
0.086131
0.083322
0.082002
0.089182
0.083412
0.085923
0.080812
0.081884
0.082163
0.077007
0.078339
0.078909
0.081817
0.085180
0.083212
0.081499
0.079826
0.079408
0.079334
0.080576
0.078399
0.079614
0.076153
0.073559
0.075186
0.074662
0.072872
0.071776
0.072569
0.074002
0.070645
0.075156
0.075276
0.073952
0.080918
0.081102
0.081499
0.084610
0.084335
0.074878
0.082401
0.082480
0.087631
0.088000
0.087512
0.086232
0.084778
0.089890
0.086629
0.084967
0.090091
0.093713
0.087548
0.081101
0.084767
0.091587
0.092355
0.096657
0.095715
0.095990
0.093533
0.094179
0.092083
0.096927
0.089372
0.078998
0.079323
0.080960
0.088743
0.089043
0.082803
0.085238
0.091828
0.085657
1.000000
0.092467
0.093079
0.089064
0.086651
0.086929
0.090346
0.091595
0.093844
0.094582
0.093630
0.091928
0.093959
0.097180
0.097975
0.094288
0.090895
0.093926
0.094961
0.092584
0.093844
0.091196
0.084896
0.083706
0.083995
0.096080
0.095485
0.094340
0.090867
0.092685
0.096896
0.090023
0.088399
0.097180
0.093894
0.097805
0.093210
0.093975
0.097609
0.097416
0.093165
0.094905
0.092170
0.090634
0.092453
0.091005
0.090958
0.090402
0.089256
0.093052
0.076481
0.091207
0.088699
0.087602
0.091676
0.092715
0.076306
0.083444
0.080762
0.082833
0.084721
0.089593
0.080926
0.082482
0.086077
0.082583
0.084320
0.086642
0.085044
0.080736
0.080638
0.082228
0.088775
0.094316
0.088824
0.091980
0.090438
0.087503
0.089737
0.088853
0.071991
0.071516
0.074686
0.072393
0.072528
0.073787
0.073652
0.076918
0.072194
0.073946
0.073764
0.087309
0.083613
0.082531
0.081377
0.081881
0.080510
0.081414
0.083638
0.081664
0.078572
0.082781
0.083924
0.082411
0.084658
0.087442
0.084406
0.082867
0.080792
0.080363
0.082835
0.084870
0.089677
0.087013
0.083638
0.082099
0.084932
0.088208
0.085658
0.084206
0.088095
0.086087
0.086707
0.087805
0.083788
0.084932
0.083038
0.084140
0.083360
0.080369
0.088280
0.086920
0.084852
0.082443
0.082983
0.084584
0.085539
0.084342
0.080421
0.082200
0.080998
0.081296
0.079013
0.081964
0.084883
0.081964
0.081235
0.080407
0.079228
0.078879
0.079745
0.077523
0.082347
0.084382
0.079979
0.079739
0.081688
0.079560
0.078552
0.079206
0.079327
0.081235
0.078309
0.075862
0.079481
0.079887
0.063278
0.063128
0.063418
0.062738
0.065157
0.064960
0.062500
0.076479
0.073093
0.073253
0.072632
0.075575
0.069349
0.071041
0.072734
0.075038
0.072928
0.076499
0.075236
0.070027
0.073488
0.073071
0.070764
0.078044
0.075439
0.078601
0.078224
0.073150
0.071296
0.072432
0.071376
0.072241
0.074005
0.075569
0.077103
0.075287
0.072373
0.071733
0.069306
0.067286
0.069667
0.070616
0.072925
0.072491
0.069196
0.069352
0.068320
0.066558
0.069206
0.070694
0.063318
0.064353
0.062031
0.060242
0.059010
0.063065
0.063925
0.062170
0.063203
0.061392
0.062705
0.064899
0.059593
0.060715
0.062170
0.069622
0.071414
0.065419
0.062553
0.061497
0.061944
0.060834
0.062950
0.066424
0.066685
0.064301
0.065638
0.061092
0.064278
0.060005
0.062742
0.064748
0.063394
0.065807
0.067716
0.062357
0.058951
0.064475
0.067277
0.063179
0.060458
0.064475
0.065790
0.064704
0.060243
0.062134
0.061736
0.063510
0.061783
0.061027
0.064437
0.065469
0.066781
0.063984
0.059891
0.059840
0.064412
0.065246
0.063613
0.061841
0.062412
0.060020
0.058927
0.059706
0.064479
0.061275
0.057905
0.058746
0.061579
0.066409
0.059102
0.058949
0.056715
0.052724
0.056197
0.052681
0.052124
0.053884
0.054275
0.053394
0.053919
0.055923
0.052383
0.052869
0.057497
0.055411
0.053239
0.055812
0.061163
0.060611
0.055869
0.054276
0.052603
0.052759
0.051105
0.052214
0.048307
0.044973
0.044839
0.050145
0.052044
0.048379
0.051992
0.052588
0.051824
0.052180
0.048594
0.047648
0.049272
0.046448
0.045995
0.047635
0.049131
0.046275
0.044977
0.044334
0.045558
0.047601
0.046305
0.045878
0.041172
0.044842
0.046517
0.046893
0.044175
0.043861
0.044099
0.043162
0.043724
0.045173
0.048511
0.045200
0.046109
0.047751
0.047440
0.046733
0.045241
0.048905
0.043310
0.042240
0.045405
0.048487
0.044640
0.043298
0.043469
0.041434
0.042697
0.047810
0.049961
0.049184
0.045026
0.041887
0.044650
0.047074
0.044001
0.046898
0.044511
0.045408
0.043427
0.041616
0.040169
0.045641
0.043564
0.048682
0.044657
0.038480
0.038767
0.040532
0.036813
0.038250
0.044009
0.048058
0.048353
0.045786
0.044025
0.040695
0.040680
0.037155
0.042704
0.041281
0.038612
0.036653
0.040294
0.039544
0.036638
0.037540
0.037601
0.037237
0.039355
0.037654
0.037440
0.041052
0.042498
0.035996
0.040487
0.043520
0.038838
0.041790
0.047465
0.041179
0.037327
0.042046
0.044643
0.040964
0.034551
0.035260
0.032991
0.033578
0.035734
0.040458
0.038596
0.035318
0.038706
0.037886
0.033639
0.035388
0.031302
0.033863
0.038034
0.040524
0.039513
0.037163
0.035769
0.035882
0.035119
0.036422
0.032595
0.032342
0.030832
0.034648
0.035407
0.041276
0.040154
0.034726
0.040806
0.041599
0.046456
0.044297
0.042669
0.042635
0.038911
0.041435
0.041829
0.047375
0.043276
0.040727
0.041124
0.039279
0.034955
0.034317
0.032772
0.031468
0.032798
0.041843
0.036842
0.032212
0.033838
0.028343
0.031759
0.035754
0.034178
0.040797
0.048789
0.043062
0.047444
0.042711
0.044488
0.042146
0.041934
0.046534
0.048657
0.045819
0.034353
0.017311
0.015669
0.017567
0.023152
0.027504
0.043478
0.037515
0.036286
0.033163
0.032612
0.033739
0.033768
0.034661
0.039877
0.034560
0.038475
0.038018
0.040418
0.044169
0.039985
0.036136
0.039139
0.037812
0.040333
0.039230
0.037319
0.040640
0.036989
0.036096
0.035508
0.038046
0.032301
0.038564
0.033581
0.030513
0.029565
0.036695
0.034727
0.029591
0.027805
0.028226
0.036775
0.037290
0.032963
0.030214
0.033218
0.030481
0.037515
0.033513
0.033705
0.038779
0.038815
0.033856
0.032747
0.030460
0.035396
0.038678
0.036527
0.035147
0.044710
0.038987
0.034024
0.033437
0.028337
0.041563
0.036619
0.038169
0.037728
0.040386
0.040586
0.039783
0.040601
0.036553
0.043338
0.042230
0.039372
0.044492
0.026771
0.023623
0.019884
0.015104
0.014879
0.017260
0.015861
0.013692
0.013140
0.013567
0.014065
0.015888
0.018832
0.018208
0.022440
0.022606
0.036767
0.043055
0.051308
0.050896
0.043738
0.041866
0.035680
0.037623
0.043496
0.040479
0.012498
0.040745
0.033054
0.039422
0.040218
0.046251
0.047980
0.048279
0.041628
0.039997
0.028961
0.027466
0.034527
0.031981
0.040515
0.039862
0.030780
0.028703
0.031722
0.024383
0.027754
0.033716
0.020926
0.033644
0.035714
0.032696
0.031105
0.026514
0.023085
0.024968
0.019578
0.018798
0.027035
0.019674
0.016389
0.023418
0.024173
0.030639
0.036592
0.041332
0.040426
0.036336
0.032136
0.031111
0.028345
0.025420
0.029155
0.028723
0.032354
0.026113
0.034557
0.035936
0.033549
0.031151
0.025796
0.026927
0.030303
0.029456
0.033398
0.045473
0.042700
0.036338
0.042602
0.038826
0.034826
0.039843
0.047409
0.044748
0.040113
0.041548
0.038727
0.035168
0.035977
0.035507
0.035994
0.039149
0.032579
0.030202
0.033943
0.035813
0.037724
0.030562
0.029901
0.030451
0.040703
0.038928
0.039108
0.033845
0.043056
0.038172
0.029605
0.030087
0.031836
0.041600
0.046030
0.042874
0.040538
0.042030
0.040108
0.041446
0.043649
0.036698
0.036420
0.037572
0.038274
0.036926
0.041603
0.043553
0.043522
0.045032
0.036942
0.042200
0.036772
0.031073
0.036225
0.042884
0.045655
0.040939
0.037119
0.031595
0.035691
0.040627
0.041677
0.051160
0.053232
0.045022
0.045000
0.041796
0.053896
0.051360
0.054119
0.054542
0.055227
0.052946
0.053341
0.055355
0.059548
0.055191
0.056020
0.055270
0.048806
0.051437
0.050701
0.046643
0.043120
0.047579
0.043983
0.046815
0.043437
0.050817
0.053950
0.055930
0.052477
0.043897
0.043127
0.044680
0.037286
0.042633
0.041243
0.033749
0.053394
0.592618
0.014036
0.020680
0.028023
0.036076
0.032828
0.036013
0.029321
0.042219
0.049681
0.052848
0.043587
0.043455
0.039631
0.048664
0.054443
0.061625
0.061703
0.065455
0.061271
0.071243
0.079404
0.068635
0.070002
0.060082
0.065211
0.061662
0.056608
0.056476
0.060044
0.065719
0.089780
0.068563
0.063268
0.064290
0.060909
0.059400
0.067697
0.075393
0.067697
0.062653
0.065669
0.048365
0.062032
0.051520
0.071163
0.072135
0.068328
0.057773
0.074875
0.063825
0.068045
0.062726
0.054491
0.058931
0.060160
0.055079
0.048665
0.058560
0.061051
0.065521
0.064088
0.066759
0.066099
0.062268
0.065668
0.061742
0.062819
0.069915
0.076074
0.063384
0.058901
0.063513
0.058287
0.066690
0.065133
0.061245
0.057905
0.063708
0.045536
0.062370
0.063563
0.063331
0.055072
0.024383
0.036294
0.026581
0.035657
0.051505
0.050527
0.040166
0.047404
0.049041
0.061700
0.048557
0.048436
0.056601
0.046420
0.063709
0.068938
0.066910
0.079369
0.079224
0.076764
0.083236
0.082903
0.074216
0.065507
0.075030
0.074724
0.072731
0.071527
0.065660
0.085004
0.082375
0.075535
0.085283
0.071137
0.065994
0.073138
0.061739
0.061713
0.065659
0.068045
0.064214
0.065381
0.060438
0.058542
0.068358
0.070411
0.083149
0.084128
0.076685
0.073108
0.073796
0.076657
0.070210
0.064567
0.069564
0.078294
0.092915
0.087470
0.082260
0.062031
0.059622
0.062224
0.069149
0.068509
0.073748
0.069978
0.061486
0.063239
0.076073
