0.761818
0.737090
0.717304
0.717290
0.678001
0.761791
0.692738
0.663336
0.634112
0.692703
0.707443
0.605496
0.600477
0.610125
0.576640
0.619774
0.605063
0.609922
0.543065
0.477344
0.668260
0.514770
0.440134
0.533696
0.634019
0.673143
0.731879
0.726944
0.702527
0.677815
0.707257
0.668233
0.624469
0.677884
0.692610
0.590951
0.586311
0.581444
0.567509
0.441805
0.437375
0.447028
0.384851
0.429659
0.398227
0.480137
0.507693
0.475193
0.470977
0.499356
0.467032
0.476654
0.427118
0.513943
0.518965
0.445139
0.469526
0.449718
0.472855
0.400357
0.419017
0.374161
0.369443
0.391725
0.414393
0.346581
0.306239
0.349945
0.332423
0.358445
0.397735
0.420891
0.375501
0.384353
0.384353
0.416104
0.343720
0.325987
0.352457
0.361236
0.387599
0.356483
0.356600
0.342992
0.370418
0.303671
0.268475
0.281196
0.242558
0.284984
0.294230
0.259904
0.276173
0.254549
0.221545
0.259370
0.284305
0.246211
0.267331
0.340953
0.399110
0.435889
0.349742
0.288710
0.332408
0.310868
0.193820
0.136856
0.159504
0.133047
0.108354
0.115092
0.163291
0.202848
0.207043
0.244199
0.260721
0.350908
0.487660
0.524991
0.572499
0.427536
0.369427
0.356850
0.317901
0.297346
0.259366
0.271443
0.284397
0.252967
0.272994
0.320700
0.226157
0.314970
0.413090
0.367564
0.340489
0.363304
0.337615
0.316618
0.268424
0.255493
0.316768
0.299702
0.253155
0.228367
0.219995
0.175469
0.164049
0.159771
0.113058
0.060959
0.116191
0.137238
0.156352
0.159565
0.159759
0.178393
0.205443
0.238617
0.234048
0.234000
0.233979
0.241933
0.250639
0.246169
0.258725
0.225357
0.250234
0.267177
0.292560
0.288559
0.318692
0.309925
0.314300
0.336344
0.314318
0.336329
0.305891
0.305935
0.297244
0.305935
0.327181
0.331898
0.322793
0.340459
0.349368
0.358605
0.358594
0.354124
0.340459
0.331908
0.367269
0.353837
0.380834
0.375987
0.350030
0.323565
0.255203
0.323621
0.268213
0.309439
0.093550
0.133820
0.152504
0.179664
0.218806
0.124578
0.145338
0.108204
0.101251
0.092724
0.061176
0.082876
0.053531
0.053961
0.060299
0.021341
0.019955
0.036355
0.062733
0.062080
0.058970
0.073601
0.043988
0.061830
0.049883
0.053608
0.039647
0.034639
0.044129
0.034629
0.035708
0.028188
0.028738
0.034658
0.027355
0.023312
0.029000
0.051417
0.040655
0.035805
0.038426
0.041940
0.040359
0.040697
0.043247
0.048466
0.043789
0.046135
0.052974
0.055596
0.050365
0.054429
0.045545
0.050708
0.049764
0.055816
0.095542
0.095664
0.128705
0.124513
0.138426
0.156596
0.185470
0.196397
0.202074
0.237511
0.304620
0.343201
0.337966
0.361549
0.408810
0.383022
0.388707
0.362116
0.369227
0.356548
0.385186
0.366140
0.360198
0.381710
0.365028
0.384907
0.406422
0.408995
0.468447
0.412844
0.463912
0.465961
0.449843
0.457136
0.536300
0.542568
0.568355
0.557436
0.569971
0.548919
0.562168
0.550437
0.565289
0.553560
0.567556
0.534458
0.569168
0.568355
0.581596
0.593420
0.581651
0.567942
0.561339
0.635267
0.627285
0.609182
0.651424
0.624995
0.642449
0.607588
0.620160
0.637779
0.648098
0.647320
0.654634
0.674652
0.648975
0.632055
0.637619
0.640838
0.664240
0.644071
0.653862
0.640838
0.662765
0.654571
0.657665
0.667550
0.664489
0.666555
0.632019
0.656181
0.651930
0.664044
0.660775
0.660775
0.685485
0.666555
0.631963
0.644692
0.640698
0.668171
0.669856
0.648698
0.646340
0.637588
0.643860
0.662336
0.652635
0.654281
0.661555
0.670626
0.666450
0.640712
0.643231
0.641028
0.645669
0.653614
0.649680
0.658282
0.667684
0.641757
0.637254
0.651823
0.655510
0.637276
0.643874
0.645440
0.649133
0.674170
0.660459
0.677673
0.672810
0.663709
0.667247
0.625763
0.655901
0.637834
0.643284
0.688040
0.675766
0.649744
0.694103
0.679539
0.668541
0.693721
0.695287
0.694791
0.694460
0.691983
0.685771
0.716992
0.724447
0.726978
0.704283
0.705410
0.709833
0.708405
0.696522
0.711166
0.709711
0.704260
0.692589
0.684208
0.699547
0.696143
0.702321
0.686732
0.693135
0.693599
0.672946
0.686190
0.693017
0.695695
0.690999
0.702088
0.631919
0.659183
0.669221
0.680402
0.679523
0.641055
0.654425
0.658751
0.675985
0.692500
0.695678
0.689977
0.707714
0.703198
0.725677
0.683309
0.685996
0.701280
0.693111
0.699631
0.720690
0.692933
0.679671
0.710594
0.704179
0.685390
0.698616
0.703858
0.699457
0.660998
0.684687
0.690638
0.690638
0.709519
0.716625
0.691016
0.711275
0.719372
0.736910
0.706661
0.703059
0.698843
0.703174
0.709519
0.720439
0.693151
0.687297
0.692720
0.709707
0.685573
0.698363
0.725252
0.699522
0.699155
0.708480
0.703213
0.700878
0.698380
0.713882
0.698062
0.701665
0.703862
0.704131
0.706614
0.713036
0.691955
0.720237
0.721879
0.735196
0.742136
0.740659
0.727306
0.706252
0.714309
0.706614
0.679301
0.709491
0.709491
0.718929
0.708752
0.708532
0.709491
0.674258
0.719089
0.724850
0.719475
0.711645
0.721967
0.721967
0.705334
0.680499
0.707835
0.713147
0.708815
0.700811
0.732157
0.727460
0.712743
0.693744
0.704119
0.725232
0.719690
0.732926
0.696219
0.720364
0.715535
0.709055
0.725264
0.736993
0.706661
0.709017
0.720364
0.732157
0.720563
0.712607
0.719393
0.722110
0.727739
0.723003
0.732743
0.720364
0.720868
0.716967
0.725264
0.719690
0.741023
0.733121
0.741023
0.722619
0.730877
0.728167
0.726006
0.726738
0.747817
0.745275
0.723283
0.708067
0.723283
0.721069
0.730635
0.725716
0.732569
0.719891
0.724547
0.730106
0.738511
0.733537
0.747817
0.723283
0.716777
0.733305
0.728494
0.711502
0.718447
0.694937
0.722965
0.738741
0.731664
0.735772
0.738127
0.752325
0.739398
0.754143
0.759464
0.752788
0.739818
0.750020
0.751620
0.759079
0.743095
0.754132
0.775399
0.762225
0.769576
0.766832
0.775115
0.768267
0.752011
0.740822
0.750392
0.767010
0.767425
0.754691
0.760676
0.760323
0.778056
0.767819
0.773189
0.765024
0.775614
0.770420
0.780321
0.756421
0.779335
0.768200
0.745048
0.755731
0.757578
0.764639
0.738559
0.773386
0.776876
0.758333
0.771354
0.755882
0.756090
0.761044
0.763569
0.775241
0.783731
0.763469
0.777421
0.773043
0.771648
0.762124
0.763400
0.765528
0.760306
0.771161
0.759034
0.783968
0.780112
0.778306
0.774971
0.783337
0.760235
0.763400
0.765465
0.745070
0.758005
0.766221
0.760098
0.779977
0.765429
0.783999
0.769594
0.766558
0.759267
0.756424
0.782859
0.766653
0.772839
0.766828
0.761922
0.781963
0.791005
0.788977
0.777715
0.787821
0.789896
0.785733
0.771649
0.771521
0.784436
0.766390
0.774559
0.762688
0.758188
0.761941
0.746875
0.765596
0.763484
0.780789
0.763005
0.779700
0.773801
0.779700
0.782676
0.774550
0.787821
0.769564
0.780580
0.774550
0.786772
0.769670
0.754467
0.748757
0.754200
0.766194
0.775061
0.767533
0.766463
0.779190
0.773156
0.784068
0.771945
0.760686
0.765998
0.768952
0.740671
0.758874
0.770029
0.781235
0.771048
0.770776
0.758464
0.760401
0.757266
0.774450
0.795906
0.785155
0.771917
0.763873
0.803412
0.785555
0.777289
0.778985
0.776998
0.775901
0.782433
0.754486
0.767271
0.780554
0.781948
0.790819
0.792655
0.797712
0.784449
0.796160
0.778245
0.785555
0.796014
0.783358
0.795716
0.793800
0.802095
0.797631
0.789737
0.783804
0.794620
0.804492
0.801256
0.789051
0.789505
0.794316
0.804492
0.799267
0.795421
0.792397
0.789737
0.803932
0.807096
0.805387
0.801203
0.805601
0.787507
0.808904
0.804273
0.791664
0.803696
0.792198
0.798737
0.800950
0.801256
0.790203
0.780294
0.799864
0.797274
0.805023
0.798114
0.802112
0.818104
0.815650
0.813397
0.811818
0.811889
0.820177
0.818621
0.806855
0.814193
0.814736
0.808657
0.825809
0.828803
0.819561
0.838270
0.825644
0.834066
0.817827
0.832599
0.831839
0.843350
0.830034
0.841676
0.832943
0.842324
0.845628
0.870316
0.857852
0.839672
0.851531
0.849403
0.840011
0.857289
0.845774
0.834884
0.853049
0.845774
0.857289
0.828250
0.843474
0.843227
0.853538
0.848396
0.846302
0.835225
0.840685
0.847315
0.842691
0.849651
0.842691
0.833449
0.861574
0.857799
0.862379
0.862632
0.871489
0.876195
0.882278
0.877262
0.885879
0.871784
0.864855
0.859034
0.867475
0.870895
0.885402
0.894379
0.897357
0.900530
0.903838
0.910846
0.898599
0.898599
0.906759
0.902680
0.903497
0.909779
0.893725
0.896382
0.904190
0.917386
0.900282
0.892481
0.910428
0.894421
0.910252
0.916624
0.923415
0.924347
0.928264
0.921131
0.915386
0.921565
0.915822
0.927888
0.918947
0.916935
0.921937
0.924109
0.921442
0.916935
0.913352
0.916935
0.912819
0.917988
0.918558
0.916338
0.920248
0.920248
0.913073
0.917313
0.907506
0.909002
0.919808
0.913072
0.912619
0.921469
0.921829
0.919887
0.917023
0.927699
0.915033
0.926370
0.929461
0.922217
0.920187
0.931674
0.926805
0.922210
0.920624
0.927564
0.926043
0.929864
0.923037
0.923799
0.927129
0.923871
0.921825
0.924347
0.917794
0.925961
0.924109
0.918998
0.919859
0.922217
0.921312
0.924244
0.923228
0.925436
0.925072
0.927027
0.921312
0.918072
0.929043
0.929865
0.932126
0.946740
0.929945
0.933332
0.931555
0.935668
0.931711
0.940324
0.929642
0.932531
0.949235
0.932305
0.945204
0.947194
0.941636
0.944407
0.945697
0.946336
0.951990
0.947970
0.945225
0.940912
0.945166
0.929520
0.944541
0.941286
0.943298
0.943988
0.951218
0.949375
0.959957
0.958155
0.952942
0.952637
0.953478
0.951852
0.959270
0.954572
0.961731
0.946676
0.959447
0.962296
0.953890
0.958748
0.960238
0.957951
0.951568
0.958341
0.945177
0.951294
0.948306
0.948851
0.957024
0.947193
0.959653
0.960652
0.966161
0.961930
0.960318
0.967318
0.963026
0.958250
0.958805
0.952023
0.960577
0.960703
0.962418
0.964249
0.962524
0.954978
0.959155
0.965503
0.966431
0.971753
0.966728
0.967659
0.963751
0.967030
0.962303
0.971069
0.969763
0.973439
0.972859
0.968132
0.968772
0.969959
0.968619
0.953267
0.950796
0.968615
0.970722
0.964570
0.971753
0.971753
0.969180
0.963340
0.957774
0.970365
0.964385
0.961805
0.956608
0.962846
0.970365
0.957774
0.955296
0.966840
0.964981
0.965612
0.966840
0.972620
0.965503
0.969180
0.963257
0.961474
0.961913
0.959559
0.961142
0.969080
0.974343
0.973878
0.973464
0.970234
0.969588
0.965622
0.973277
0.963275
0.968899
0.960696
0.969313
0.971781
0.966993
0.966993
0.965012
0.966252
0.966574
0.971816
0.966038
0.964344
0.962950
0.965242
0.961054
0.964762
0.956151
0.961559
0.968880
0.978027
0.975156
0.971873
0.967252
0.964344
0.964938
0.970293
0.965430
0.971050
0.977539
0.975069
0.974647
0.967275
0.974003
0.971350
0.967692
0.965677
0.973464
0.966417
0.969053
0.973015
0.971781
0.969313
0.961921
0.972285
0.972585
0.971781
0.974416
0.964360
0.968465
0.959953
0.968057
0.971791
0.969152
0.964840
0.966671
0.964095
0.975942
0.965569
0.972174
0.969053
0.969152
0.972174
0.969393
0.964420
0.969393
0.974256
0.979634
0.977941
0.972455
0.976720
0.970521
0.964095
0.980029
0.983339
0.975589
0.970393
0.974647
0.975057
0.972198
0.976704
0.974641
0.973838
0.976409
0.970712
0.964152
0.964707
0.970576
0.970434
0.982391
0.986121
0.989125
0.986190
0.975604
0.972876
0.973110
0.973193
0.969472
0.969572
0.973015
0.965816
0.965126
0.966993
0.971350
0.970937
0.976750
0.964420
0.971350
0.971781
0.955808
0.971350
0.974647
0.970168
0.959353
0.969103
0.969810
0.979191
0.972773
0.970814
0.976027
0.980035
0.972297
0.973193
0.972035
0.975952
0.983240
0.979336
0.979760
0.983069
0.984695
0.988095
0.986121
0.979336
0.982814
0.978495
0.986852
0.980565
0.985306
0.985134
0.982244
0.983634
0.978660
0.980911
0.989044
0.985831
0.978843
0.978277
0.985729
0.988598
1.000000
0.989535
0.990306
0.992984
0.995364
0.991628
0.989044
0.985559
0.988618
0.985134
0.983004
0.984656
0.976971
0.970337
0.973929
0.977860
0.977463
0.985564
0.982786
0.980971
0.983379
0.979309
0.970425
0.971566
0.974361
0.973633
0.976027
0.969925
0.969810
0.960426
0.963225
0.969897
0.964474
0.969302
0.974470
0.971566
0.971791
0.968221
0.970292
0.962821
0.977833
0.975101
0.964606
0.969292
0.964475
0.970852
0.973072
0.976027
0.973072
0.964480
0.966856
0.971566
0.977372
0.968253
0.974097
0.981157
0.981112
0.973428
0.974915
0.977833
0.972584
0.972791
0.968648
0.968534
0.970852
0.970425
0.968781
0.970852
0.968678
0.968534
0.960867
0.964095
0.962799
0.956675
0.955056
0.964325
0.964095
0.960609
0.963884
0.968057
0.960790
0.960609
0.966545
0.964900
0.963461
0.954791
0.955852
0.958081
0.957040
0.963788
0.961199
0.964095
0.953119
0.945788
0.947192
0.939826
0.923228
0.914260
0.915012
0.921740
0.922017
0.921022
0.913350
0.922404
0.927830
0.933728
0.932139
0.935708
0.933903
0.936549
0.932354
0.937620
0.941936
0.937472
0.937642
0.940248
0.937049
0.939913
0.943843
0.936166
0.942129
0.941146
0.932821
0.930067
0.934093
0.935878
0.939620
0.935878
0.929857
0.935878
0.935878
0.938400
0.941203
0.933806
0.932657
0.934467
0.934679
0.926431
0.925786
0.922962
0.915545
0.919091
0.921656
0.918765
0.918440
0.920244
0.914888
0.914909
0.916633
0.905773
0.906872
0.899149
0.898738
0.894139
0.898816
0.907049
0.903884
0.904758
0.902124
0.901699
0.894116
0.892066
0.895382
0.897165
0.896084
0.898934
0.901027
0.894206
0.886283
0.888274
0.892238
0.885968
0.879963
0.880598
0.888952
0.887382
0.876894
0.877105
0.875660
0.876894
0.880402
0.879572
0.877335
0.875871
0.874455
0.866413
0.874591
0.858256
0.859892
0.862719
0.866996
0.857468
0.848919
0.847545
0.843753
0.846399
0.832018
0.833808
0.835063
0.838539
0.837908
0.844668
0.844368
0.847382
0.854556
0.868138
0.862287
0.861596
0.859527
0.865998
0.862933
0.855734
0.860053
0.855818
0.857989
0.853177
0.860102
0.860986
0.858914
0.858521
0.862348
0.861818
0.862246
0.868615
0.868712
0.860865
0.856459
0.861287
0.858602
0.857474
0.849227
0.852444
0.846972
0.841248
0.844368
0.843701
0.917516
0.828394
0.821174
0.823926
0.800122
0.804794
0.820894
0.816189
0.818462
0.822511
0.821695
0.823560
0.814772
0.820991
0.838828
0.810350
0.811177
0.805250
0.816797
0.806014
0.805543
0.803882
0.800344
0.795823
0.798463
0.795348
0.789216
0.789450
0.793104
0.782885
0.795041
0.794259
0.797914
0.796980
0.798980
0.798606
0.794535
0.789314
0.784471
0.787919
0.788949
0.789216
0.781640
0.790530
0.790551
0.774530
0.801344
0.753516
0.770204
0.771562
0.777224
0.775463
0.770125
0.773431
0.766310
0.764928
0.766005
0.756512
0.760106
0.763379
0.758842
0.756254
0.743961
0.739772
0.746621
0.752618
0.757535
0.757732
0.753514
0.745799
0.760933
0.754663
0.749077
0.754711
0.751694
0.745271
0.748701
0.754189
0.745128
0.738247
0.730292
0.733026
0.728383
0.727532
0.737991
0.736808
0.731614
0.735712
0.739179
0.742803
0.736493
0.715953
0.724937
0.727456
0.733381
0.721695
0.713800
0.721695
0.728679
0.721847
0.724080
0.727123
0.729104
0.721969
0.720859
0.722194
0.753795
0.735389
0.714562
0.719457
0.712913
0.716497
0.703098
0.710179
0.713822
0.712547
0.715963
0.715454
0.707240
0.715731
0.716020
0.712921
0.705557
0.717877
0.708145
0.696146
0.699563
0.712443
0.708351
0.709015
0.698763
0.698802
0.705964
0.688577
0.706290
0.672343
0.676296
0.677812
0.688446
0.681303
0.678619
0.676548
0.668540
0.669593
0.684381
0.682097
0.687719
0.666710
0.667799
0.672000
0.676181
0.682645
0.682069
0.669932
0.661418
0.659975
0.668532
0.689283
0.744621
0.654513
0.700788
0.650974
0.656470
0.650012
0.648622
0.638605
0.653133
0.648705
0.643600
0.652068
0.650313
0.647186
0.652979
0.661898
0.656735
0.657835
0.657835
0.700293
0.699653
0.653009
0.639898
0.658448
0.661811
0.703743
0.653176
0.646566
0.625870
0.609196
0.598561
0.602166
0.600392
0.612390
0.622989
0.637621
0.623190
0.622927
0.624914
0.622246
0.607480
0.609881
0.633612
0.626380
0.610859
0.621820
0.616809
0.624536
0.619022
0.630373
0.622913
0.609605
0.625833
0.614131
0.623205
0.630869
0.619045
0.619045
0.614395
0.620473
0.623245
0.626307
0.621899
0.626121
0.614237
0.615943
0.629817
0.623395
0.605399
0.596373
0.586818
0.604782
0.598750
0.594206
0.612656
0.580271
0.585647
0.628139
0.605031
0.612019
0.691295
0.606839
0.590810
0.597023
0.685832
0.612483
0.584992
0.589988
0.558812
0.583526
0.598116
0.583751
0.576312
0.585017
0.577268
0.594769
0.590394
0.564200
0.567767
0.573283
0.564942
0.563912
0.579739
0.684669
0.600499
0.564202
0.529488
0.537568
0.534878
0.547433
0.560235
0.527559
0.563104
0.608029
0.564061
0.570536
0.575284
0.557460
0.554892
0.516080
0.537392
0.523487
0.549265
0.546515
0.540314
0.545357
0.531561
0.537499
0.539496
0.561185
0.574206
0.590187
0.539726
0.525440
0.532655
0.554156
0.577848
0.569185
0.588152
0.567220
0.533980
0.542368
0.524665
0.548936
0.518561
0.518561
0.666142
0.668454
0.591383
0.465912
0.546711
0.537467
0.491219
0.527607
0.664112
0.683621
0.575249
0.602396
0.575299
0.786858
0.783174
0.665098
0.598666
0.563490
0.611351
0.506653
0.490050
0.575252
0.566678
0.535183
0.471306
0.464577
0.468564
0.461362
0.436309
0.493845
0.466580
0.595229
0.529259
0.529334
0.547400
0.516185
0.444363
0.361679
0.665928
0.716089
0.469224
0.226080
0.295074
0.380518
0.535999
0.535340
0.470925
0.361007
0.465381
0.534784
0.616500
0.584496
0.529943
0.458805
0.439709
0.439258
0.447550
0.433228
0.454115
0.417608
0.431921
0.424770
0.510593
0.523250
0.641694
0.615351
0.600591
0.579944
0.643506
0.876856
0.657716
0.582199
0.610878
0.656242
0.646607
0.600820
0.607367
0.671617
0.725751
0.703136
0.589911
0.635439
0.558907
0.513263
0.596848
0.609591
0.543460
0.743729
0.529730
0.432159
0.448098
0.435903
0.450407
0.453938
0.462625
0.536669
0.544501
0.530222
0.419288
0.439447
0.471352
0.451192
0.456843
0.484483
0.532266
0.582346
0.554226
0.579977
0.543182
0.615320
0.738278
0.639977
0.601222
0.517034
0.523766
0.515658
0.517793
0.520693
0.485511
0.517402
0.437259
0.504608
0.505554
0.466001
0.479394
0.478687
0.461149
0.515540
0.488962
0.462659
0.476976
0.482388
0.491921
0.439117
0.492706
0.511079
0.485244
0.494818
0.503655
0.485279
0.498511
0.502190
0.498990
0.501552
0.612367
0.712343
0.640500
0.527090
0.519895
0.492991
0.654849
0.575669
0.465803
0.502013
0.482939
0.511096
0.534261
0.492177
0.592047
0.661694
0.609400
0.486742
0.454035
0.769496
0.718601
0.659628
0.659841
0.703444
0.625269
0.718093
0.600938
0.601187
0.635050
0.688916
0.723503
0.728899
0.664990
0.754500
0.749600
0.671441
0.655920
0.686285
0.696475
0.603845
0.652767
0.701827
0.667246
0.671224
0.569542
0.598878
0.613392
0.632924
0.637356
0.603597
0.589795
0.652933
0.638489
0.683154
0.764162
0.926885
0.887889
0.739647
0.661243
0.646117
0.640032
0.650694
0.651376
0.670371
0.665589
0.696329
0.656542
0.656333
0.641003
0.654029
0.669205
0.673644
0.660170
0.666271
0.670496
0.685112
0.684523
0.606857
0.624550
0.649047
0.624841
0.678194
0.663922
0.679497
0.679219
0.689526
0.679411
0.698834
0.719524
0.656196
0.787193
0.773556
0.791323
0.777358
0.792073
0.772377
0.738644
0.719640
0.735267
0.819614
0.837034
0.832838
0.786091
0.755789
0.788343
0.839311
0.806993
0.770250
0.798324
0.780913
0.777548
0.801749
0.766035
0.754872
0.785251
0.779349
0.754667
0.784009
0.802709
0.769075
0.801873
0.788445
0.822640
0.822640
0.807046
0.767961
0.797219
0.807687
0.787925
0.803680
0.790231
0.809638
0.799691
0.825056
0.824069
0.835220
0.825720
0.831557
0.807834
0.839425
0.877538
0.845803
0.871481
0.860435
0.853817
0.887553
0.865975
0.841267
0.853624
0.843127
0.881168
0.878392
0.903466
0.874953
0.858309
0.849014
0.857137
0.868257
0.867627
0.844353
0.857678
0.858459
0.872845
0.855069
0.836847
0.843957
0.830290
0.848768
0.863040
0.877589
0.879147
0.888727
0.879932
0.905266
0.870625
0.859343
0.887061
0.719670
0.592524
0.428857
0.284797
0.202109
0.477385
0.320739
0.223658
0.338095
0.234021
0.297314
0.477637
0.449918
0.529857
0.625530
0.520458
0.437196
0.357320
0.416673
0.342090
0.348446
0.482399
0.501118
0.425080
0.421723
0.434816
0.493823
0.462137
0.530619
0.527679
0.496245
0.460425
0.521321
0.511753
0.493813
0.503179
0.494156
0.525240
0.538379
0.542976
0.519190
0.524014
0.538524
0.665551
0.663239
0.710175
0.670065
0.718427
0.621248
0.531725
0.537704
0.530279
0.548915
0.539653
0.539547
0.539653
0.609311
0.589841
0.571616
0.538602
0.566765
0.591219
0.563320
0.557704
0.531565
0.475801
0.449569
0.481781
0.508625
0.527885
0.523580
0.524014
0.542656
0.551777
0.541955
0.608823
0.580721
0.547404
0.548459
0.567225
0.556400
0.593999
0.537629
0.523161
0.597507
0.528447
0.547580
0.556809
0.540727
0.535968
0.526191
0.815795
0.598427
0.551593
0.602993
0.550413
0.600827
0.705213
0.694776
0.699716
0.772828
0.737922
0.797143
0.717798
0.693756
0.767190
0.742848
0.737843
0.644770
0.659464
0.639690
0.620669
0.596271
0.606223
0.606223
0.596266
0.615438
0.596655
0.606223
0.639884
0.645082
0.591910
0.577673
0.635150
0.615993
0.630862
0.563604
0.544858
0.559790
0.569215
0.597724
0.650296
0.603240
0.527599
0.546541
0.542626
0.548068
0.551368
0.570625
0.580036
0.589472
0.575183
0.570351
0.566758
0.580498
0.552208
0.581007
0.571101
0.594965
0.557704
0.557759
0.562076
0.594881
0.609406
0.571882
0.577136
0.601451
0.606465
0.549698
0.549472
0.582458
0.586815
0.758876
0.847814
0.694528
0.807273
0.767408
0.962179
0.792206
0.787395
0.752023
0.738063
0.787395
0.757485
0.732576
0.712740
0.955331
0.824017
0.664854
0.728231
0.728584
0.693481
0.659464
0.669278
0.610894
0.713187
0.742934
0.807970
0.782937
0.773006
0.689193
0.664605
0.698376
0.674147
0.663912
0.644849
0.669246
0.644450
0.664200
0.703039
0.664162
0.678636
0.698143
0.678742
0.708136
0.698638
0.703366
0.757762
0.693920
0.669587
0.713436
0.693614
0.674113
0.664366
0.674025
0.708180
0.674147
0.683900
0.654224
0.649351
0.669107
0.678514
0.669601
0.693950
0.688748
0.698561
0.717869
0.752595
0.738296
0.747931
0.723898
0.689572
0.679314
0.654471
0.659062
0.630356
0.634689
0.659492
0.669132
0.630414
0.649351
0.678684
0.654760
0.674136
0.802390
0.872376
0.787245
0.683535
0.693710
0.693670
0.698458
0.673591
0.683943
0.698596
0.673904
0.688426
0.668948
0.693632
0.688366
0.698118
0.645081
0.669275
0.644743
0.650096
0.659486
0.659996
0.651266
0.655856
0.660536
0.655724
0.664927
0.650719
0.703774
0.698496
0.723249
0.722867
0.708202
0.722561
0.717997
0.674136
0.678995
0.702991
0.717662
0.708354
0.703131
0.762509
0.713319
0.698366
0.708024
0.703178
0.712898
0.703072
0.678670
0.664105
0.692857
0.678995
0.707888
0.693288
0.673642
0.717959
0.688683
0.718131
0.649620
0.669246
0.703535
0.718093
0.733629
0.723328
0.708358
0.708358
0.708134
0.708634
0.718465
0.718075
0.703901
0.689440
0.684339
0.689590
0.718465
0.709027
0.673814
0.674069
0.688202
0.698334
0.717911
0.703276
0.688768
0.678994
0.732759
0.698807
0.737929
0.722962
0.688816
0.727835
0.713133
0.717616
0.727408
0.742904
0.732907
0.708470
0.718244
0.679528
0.713666
0.703851
0.718584
0.718075
0.703628
0.708936
0.714086
0.724178
0.709319
0.709344
0.723898
0.743639
0.709090
0.728647
0.719248
0.710081
0.735129
0.835653
0.816973
0.780238
0.745789
0.715507
0.764286
0.759158
0.754685
0.739445
0.746377
0.759953
0.806760
0.797186
0.709277
0.653912
0.672319
0.672976
0.699619
0.762410
0.767902
0.751741
0.748028
0.723521
0.875133
0.852045
0.788160
0.776885
0.665820
0.822425
0.789055
0.625744
0.668591
0.674640
0.637016
0.634895
0.578464
0.622087
0.614937
0.535520
0.519886
0.544069
0.572585
0.560374
0.579563
0.555044
0.621469
0.616957
0.602583
0.587198
0.635994
0.661453
0.625166
0.690695
0.635689
0.570012
0.605887
0.613195
0.607954
0.616423
0.623907
0.605738
0.614141
0.578623
0.554119
0.548807
0.619005
0.669161
0.707424
0.637904
0.654565
0.602567
0.609334
0.627549
0.555171
0.530109
0.529068
0.556915
0.555800
0.578493
0.537819
0.517025
0.518166
0.581592
0.597864
0.599845
0.586583
0.547887
0.551381
0.560134
0.556372
0.562039
0.544177
0.573039
0.638609
0.608821
0.615148
0.645861
0.552644
0.510949
0.525663
0.532592
0.509837
0.519574
0.480059
0.544802
0.488706
0.479048
0.473732
0.387228
0.460549
0.459627
0.482916
0.483872
0.478582
0.449588
0.490439
0.484183
0.500712
0.481415
0.514240
0.494910
0.502278
0.503348
0.527882
0.506268
0.542031
0.537439
0.578144
0.536798
0.510385
0.488016
0.525373
0.511313
0.457148
0.492153
0.471890
0.479570
0.493294
0.506958
0.504068
0.490077
0.485793
0.511760
0.512239
0.430180
0.441810
0.455297
0.459323
0.452268
0.443404
0.454712
0.446388
0.383838
0.455949
0.441496
0.443662
0.437858
0.422917
0.426651
0.432411
0.444583
0.439415
0.429690
0.426156
0.453318
0.467051
0.463164
0.482956
0.497605
0.483794
0.421539
0.419474
0.410330
0.469766
0.431621
0.609852
0.537154
0.532109
0.403555
0.396070
0.429131
0.474137
0.419583
0.422386
0.419859
0.431666
0.423089
0.408463
0.386742
0.418516
0.445134
0.435012
0.412701
0.404846
0.400287
0.382795
0.386444
0.400356
0.377730
0.404062
0.435338
0.422659
0.404369
0.407793
0.394134
0.380006
0.379199
0.400834
0.396857
0.423478
0.409521
0.361900
0.370894
0.371377
0.398664
0.394512
0.333519
0.352238
0.316174
0.293595
0.357799
0.357409
0.362091
0.353156
0.370503
0.319926
0.267587
0.331843
0.340565
0.340464
0.362065
0.339872
0.331161
0.371316
0.362065
0.370928
0.375695
0.361541
0.335305
0.371185
0.348640
0.353105
0.392944
0.370556
0.361690
0.321969
0.296550
0.304688
0.390105
0.297099
0.349046
0.370666
0.325486
0.356406
0.334280
0.311678
0.303198
0.285925
0.303013
0.320373
0.259973
0.259362
0.276243
0.310822
0.327939
0.319485
0.258963
0.293333
0.314830
0.328064
0.336898
0.319189
0.319725
0.341298
0.333727
0.519446
0.355246
0.533159
0.397719
0.328427
0.370803
0.460438
0.427797
0.396779
0.450511
0.444811
0.388244
0.350321
0.434985
0.389368
0.441390
0.507844
0.415869
0.407586
0.321630
0.330550
0.382252
0.397698
0.479208
0.414777
0.355789
0.382544
0.429936
0.450146
0.415955
0.543617
0.459692
0.417872
0.389010
0.394395
0.402250
0.362837
0.380714
0.390046
0.366671
0.366569
0.370398
0.380384
0.381382
0.386489
0.386489
0.378296
0.359665
0.349141
0.351976
0.337816
0.340448
0.338471
0.324921
0.304415
0.315388
0.331975
0.352914
0.325663
0.324745
0.327523
0.329646
0.342436
0.338556
0.336100
0.339707
0.320163
0.318957
0.312526
0.322113
0.307990
0.318506
0.311927
0.329304
0.341994
0.357468
0.546308
0.614350
0.456636
0.461997
0.463476
0.419342
0.381705
0.388439
0.373777
0.372680
0.368307
0.348626
0.331123
0.340167
0.347933
0.352518
0.351200
0.328180
0.323946
0.306583
0.311947
0.299081
0.308870
0.315110
0.313102
0.315720
0.319325
0.314086
0.320028
0.289323
0.305869
0.296477
0.304230
0.322318
0.322495
0.285039
0.276667
0.253827
0.285558
0.292767
0.295620
0.278884
0.286016
0.267740
0.238411
0.215041
0.238234
0.241929
0.253948
0.255942
0.259492
0.270524
0.262204
0.253098
0.297573
0.294721
0.306062
0.291433
0.285381
0.256565
0.249242
0.263111
0.273212
0.277745
0.347430
0.367572
0.310508
0.296373
0.275911
0.279851
0.242243
0.244953
0.234985
0.225163
0.234610
0.223975
0.184196
0.208109
0.208621
0.218350
0.212245
0.224792
0.208414
0.199673
0.217867
0.191144
0.196632
0.207605
0.189764
0.218020
0.274192
0.257406
0.274251
0.295913
0.278087
0.306924
0.340616
0.269773
0.237746
0.249527
0.263929
0.270239
0.290472
0.284297
0.281647
0.261063
0.272300
0.277669
0.321231
0.292350
0.302949
0.308017
0.321580
0.313202
0.309449
0.309233
0.305726
0.301662
0.336307
0.321495
0.319397
0.335896
0.334467
0.318514
0.381539
0.362394
0.380493
0.400534
0.366495
0.352584
0.348629
0.364680
0.369095
0.373951
0.397110
0.474341
0.457869
0.465420
0.464877
0.458150
0.449574
0.453723
0.466236
0.581040
0.518127
0.515810
0.508267
0.510417
0.539085
0.544272
0.539193
0.541746
0.546890
0.549756
0.546251
0.546872
0.546872
0.549316
0.547858
0.552734
0.565599
0.562039
0.561762
0.567880
0.572632
0.574815
0.572780
0.579405
0.588652
0.587767
0.591232
0.593456
0.591655
0.591851
0.593676
0.589370
0.591836
0.594135
0.590342
0.594565
0.595550
0.595550
0.593345
0.596144
0.595917
0.590453
0.592707
0.591655
0.588138
0.587287
0.592484
0.591117
0.591954
0.591954
0.597747
0.597823
0.600483
0.596181
0.602489
0.607319
0.608500
0.606738
0.609776
0.611423
0.610908
0.607233
0.609706
0.608706
0.609238
0.616566
0.614570
0.616566
0.613818
0.619808
0.617136
0.618550
0.615806
0.617129
0.617041
0.620495
0.616791
0.622469
0.620746
0.623982
0.626874
0.628501
0.627345
0.632088
0.628387
0.633090
0.629620
0.637089
0.633229
0.630827
0.638377
0.640921
0.650970
0.649398
0.650970
0.649407
0.651879
0.655185
0.659237
0.660971
0.660031
0.662567
0.668576
0.664092
0.662567
0.665731
0.673129
0.673394
0.669407
0.670075
0.684750
0.685961
0.679927
0.683789
0.681753
0.675712
0.679910
0.678412
0.674206
0.668029
0.676282
0.669247
0.666937
0.667471
0.672356
0.665152
0.669328
0.676278
0.661498
0.660728
0.662615
0.661654
0.662395
0.668815
0.663828
0.667980
0.675858
0.669267
0.658184
0.659765
0.661188
0.651937
0.657073
0.659105
0.667153
0.657264
0.673937
0.647978
0.652661
0.659979
0.661681
0.665243
0.658719
0.654930
0.656788
0.651948
0.656945
0.656935
0.648647
0.654773
0.660754
0.663482
0.658856
0.656788
0.653799
0.656945
0.658306
0.655769
0.663696
0.661326
0.665708
0.655336
0.655486
0.653046
0.659134
0.668115
0.660236
0.661169
0.663688
0.668429
0.662418
0.665879
0.673360
0.669449
0.660173
0.661040
0.649205
0.665991
0.664851
0.669344
0.668107
0.669211
0.675617
0.660953
0.670650
0.670650
0.662479
0.668429
0.665879
0.675931
0.666758
0.671882
0.669855
0.675852
0.684304
0.683719
0.681441
0.674610
0.680022
0.676912
0.681586
0.670777
0.668107
0.668329
0.675126
0.683702
0.695405
0.700377
0.696001
0.685512
0.685134
0.682294
0.697084
0.675182
0.673836
0.680013
0.697084
0.699346
0.689130
0.674247
0.680233
0.687610
0.681521
0.694550
0.686885
0.700029
0.686018
0.685512
0.674247
0.675126
0.685133
0.678203
0.681679
0.688309
0.684161
0.685589
0.683012
0.674343
0.684365
0.694542
0.696831
0.682954
0.677274
0.694432
0.677274
0.677738
0.678637
0.681441
0.668329
0.676403
0.667309
0.669725
0.669344
0.674610
0.670731
0.674507
0.663416
0.677274
0.680580
0.680013
0.676597
0.672920
0.673175
0.666293
0.660236
0.662956
0.670402
0.686303
0.678009
0.675731
0.661980
0.658961
0.664980
0.663688
0.671161
0.673788
0.665114
0.656280
0.660386
0.669757
0.656658
0.662537
0.668354
0.670363
0.664273
0.671222
0.668955
0.677091
0.672783
0.658714
0.655370
0.662967
0.659352
0.663524
0.653345
0.653917
0.653046
0.649905
0.643250
0.643756
0.661248
0.663524
0.654655
0.660110
0.657339
0.662854
0.671181
0.651928
0.672691
0.674836
0.657339
0.655057
0.648491
0.663030
0.662663
0.653700
0.653240
0.653345
0.651928
0.654655
0.656467
0.663524
0.666368
0.657129
0.659352
0.668955
0.670359
0.674094
0.675693
0.671605
0.670795
0.656436
0.664100
0.656436
0.661248
0.657837
0.664965
0.653700
0.650275
0.658714
0.661248
0.665160
0.655858
0.656700
0.654430
0.656700
0.650232
0.650232
0.651148
0.661037
0.663653
0.665910
0.665160
0.675244
0.665160
0.664035
0.657754
0.662198
0.651065
0.651895
0.661132
0.633307
0.649068
0.640320
0.654430
0.651620
0.658880
0.644812
0.646820
0.649094
0.649083
0.656257
0.660396
0.640677
0.642033
0.641553
0.642083
0.646809
0.638623
0.652524
0.651065
0.640896
0.643411
0.643678
0.642033
0.655905
0.649094
0.660271
0.643941
0.638202
0.644811
0.635921
0.653520
0.654003
0.651489
0.658378
0.648013
0.649628
0.644289
0.655505
0.655505
0.655505
0.656366
0.656893
0.675190
0.643678
0.644811
0.645448
0.644811
0.651065
0.651895
0.640320
0.636888
0.640896
0.644811
0.655505
0.653663
0.646546
0.647100
0.645101
0.646232
0.646232
0.648496
0.646232
0.635921
0.634603
0.638623
0.647100
0.655505
0.642033
0.640751
0.644547
0.640896
0.644283
0.647100
0.641553
0.643411
0.643147
0.648496
0.654866
0.649628
0.657385
0.648496
0.653327
0.659273
0.640007
0.647675
0.642033
0.642282
0.645683
0.635597
0.640221
0.642958
0.654381
0.647675
0.640896
0.655911
0.642276
0.652134
0.651395
0.668690
0.642840
0.626617
0.633586
0.643708
0.660136
0.655505
0.648639
0.648013
0.641710
0.631314
0.647100
0.638018
0.638611
0.644289
0.629964
0.632947
0.627591
0.635213
0.622617
0.620104
0.629087
0.625218
0.623821
0.620487
0.615782
0.618310
0.623146
0.619532
0.622244
0.620877
0.629288
0.613146
0.610948
0.622504
0.619725
0.607165
0.612270
0.613093
0.608686
0.613492
0.622244
0.620877
0.613492
0.612209
0.616126
0.621754
0.608686
0.611820
0.622790
0.616863
0.613484
0.606668
0.601623
0.601309
0.610001
0.610948
0.616506
0.621349
0.622617
0.623634
0.628430
0.618610
0.613093
0.610812
0.614737
0.621725
0.612951
0.622399
0.621202
0.599810
0.592883
0.580858
0.584103
0.586540
0.579243
0.583009
0.584915
0.580367
0.584294
0.583792
0.583163
0.575461
0.568817
0.570051
0.572589
0.575332
0.565576
0.582670
0.582217
0.587420
0.588824
0.572681
0.573893
0.576586
0.564199
0.560940
0.556133
0.567925
0.570574
0.570574
0.567919
0.558653
0.562911
0.548991
0.557286
0.550529
0.555012
0.559598
0.553639
0.557398
0.559519
0.559878
0.550614
0.543395
0.542264
0.550494
0.538121
0.538868
0.530963
0.539118
0.537506
0.535439
0.535213
0.532049
0.530734
0.525019
0.522205
0.528459
0.538922
0.526462
0.525431
0.533085
0.552723
0.557046
0.559552
0.565525
0.559663
0.561870
0.559572
0.557330
0.570051
0.577516
0.584350
0.582116
0.570516
0.573469
0.581832
0.568507
0.569392
0.559663
0.568507
0.562691
0.555134
0.568729
0.571234
0.562281
0.565828
0.564702
0.569238
0.564004
0.557963
0.566259
0.582308
0.567886
0.570652
0.553119
0.557779
0.566259
0.558626
0.554245
0.580482
0.575432
0.556655
0.555720
0.548356
0.549485
0.542481
0.548204
0.551743
0.545890
0.556890
0.557623
0.558514
0.556497
0.556367
0.551606
0.551606
0.563816
0.569238
0.565598
0.564941
0.571205
0.581329
0.571850
0.569844
0.577655
0.572325
0.564941
0.584147
0.588013
0.584286
0.577894
0.575112
0.570118
0.571472
0.569848
0.573707
0.568507
0.568507
0.566066
0.568484
0.574567
0.573707
0.582796
0.583668
0.574587
0.573996
0.583177
0.586667
0.581329
0.580216
0.581832
0.581685
0.579855
0.575532
0.577011
0.582921
0.573689
0.578356
0.582481
0.570742
0.582289
0.586076
0.586230
0.587137
0.576537
0.574076
0.571331
0.574796
0.573689
0.562316
0.560766
0.570829
0.566382
0.570829
0.574355
0.560662
0.555650
0.552325
0.564641
0.556507
0.538181
0.538775
0.552111
0.549733
0.544358
0.544358
0.534943
0.526737
0.542693
0.549507
0.538181
0.537747
0.537906
0.531332
0.541421
0.536426
0.524061
0.520059
0.533132
0.535933
0.534618
0.534618
0.524107
0.528027
0.515618
0.519167
0.526927
0.526927
0.529128
0.529842
0.531157
0.526178
0.526558
0.511911
0.527652
0.519198
0.519167
0.519198
0.520521
0.509533
0.526927
0.519167
0.515420
0.523629
0.522200
0.521317
0.514739
0.516735
0.516728
0.510648
0.509533
0.516728
0.516532
0.532254
0.525169
0.528247
0.524728
0.523301
0.522200
0.523889
0.516735
0.516952
0.514509
0.513198
0.519415
0.524728
0.513198
0.525081
0.529842
0.517489
0.534393
0.532853
0.507463
0.508759
0.508759
0.497780
0.507463
0.503967
0.505977
0.503967
0.507463
0.512529
0.504816
0.503967
0.508293
0.512806
0.514091
0.495500
0.498685
0.512078
0.508203
0.516102
0.511425
0.511186
0.507866
0.502642
0.501389
0.502642
0.510166
0.514188
0.517489
0.511425
0.508759
0.501532
0.504865
0.506543
0.515606
0.506138
0.501493
0.495706
0.494494
0.496521
0.505446
0.496819
0.491152
0.487465
0.478623
0.490733
0.492370
0.500592
0.497993
0.500592
0.493613
0.493613
0.495988
0.500203
0.491149
0.490659
0.486764
0.482264
0.479739
0.474062
0.481890
0.477391
0.483451
0.482968
0.481959
0.485593
0.485593
0.486764
0.488975
0.482599
0.476330
0.479776
0.475219
0.479844
0.484400
0.482742
0.476525
0.469570
0.470718
0.464961
0.463915
0.468297
0.475567
0.470582
0.481663
0.486295
0.474316
0.469775
0.464004
0.466357
0.467145
0.461610
0.460661
0.459349
0.460495
0.464924
0.467145
0.462689
0.468569
0.464004
0.469775
0.476843
0.479444
0.479242
0.468498
0.475567
0.479471
0.492995
0.492700
0.483746
0.467671
0.468803
0.471154
0.464065
0.472264
0.481462
0.487003
0.473547
0.477548
0.472665
0.468803
0.470965
0.469867
0.471571
0.465502
0.459470
0.460568
0.458276
0.458276
0.465164
0.464383
0.462962
0.457132
0.459445
0.458276
0.468605
0.457207
0.469406
0.476323
0.481439
0.457349
0.470718
0.479041
0.473413
0.466480
0.460687
0.470965
0.472251
0.471006
0.481716
0.479043
0.466234
0.475567
0.470965
0.484316
0.471571
0.470065
0.470256
0.467671
0.479058
0.467671
0.457366
0.470256
0.464383
0.465164
0.462962
0.459445
0.460746
0.463949
0.462904
0.490149
0.488076
0.492295
0.496942
0.505911
0.508697
0.497279
0.507292
0.501301
0.499314
0.502691
0.502691
0.505410
0.504885
0.519345
0.503948
0.518717
0.491440
0.488755
0.499007
0.499529
0.498105
0.497554
0.516374
0.500272
0.495746
0.502228
0.477246
0.491608
0.473364
0.478177
0.476843
0.483011
0.472798
0.482539
0.486568
0.472665
0.472665
0.478932
0.480341
0.500936
0.488835
0.473496
0.471852
0.461293
0.460958
0.471624
0.472911
0.477646
0.471571
0.478169
0.468965
0.472738
0.465721
0.462456
0.466180
0.462921
0.454349
0.457822
0.471852
0.461560
0.454971
0.462027
0.452355
0.467546
0.456318
0.459981
0.448556
0.445273
0.457822
0.452610
0.450530
0.449109
0.448706
0.454259
0.453775
0.460514
0.447837
0.444584
0.439990
0.441078
0.458965
0.449943
0.445852
0.439485
0.438724
0.438276
0.438276
0.445852
0.458553
0.460514
0.451096
0.440763
0.443255
0.448554
0.444584
0.454762
0.449943
0.453962
0.449171
0.451797
0.448706
0.443255
0.443946
0.451359
0.442368
0.443270
0.441283
0.449943
0.451359
0.448136
0.448922
0.439175
0.435506
0.432941
0.432018
0.434605
0.440830
0.444935
0.430288
0.434969
0.436221
0.435506
0.450715
0.440093
0.435464
0.429387
0.425185
0.426420
0.436883
0.427683
0.432268
0.428972
0.423012
0.434072
0.427717
0.420658
0.426425
0.424264
0.425386
0.429782
0.429035
0.426463
0.425560
0.431630
0.417418
0.428233
0.433679
0.416509
0.418670
0.418501
0.428134
0.430380
0.428134
0.423580
0.421807
0.417763
0.418472
0.409572
0.409572
0.413267
0.417418
0.416513
0.419750
0.420444
0.410056
0.412037
0.408320
0.402890
0.406463
0.412425
0.409572
0.409532
0.420739
0.404893
0.413281
0.414572
0.402826
0.410771
0.417796
0.414176
0.411739
0.419949
0.417796
0.415606
0.410826
0.417796
0.423720
0.418033
0.409572
0.412927
0.409572
0.407235
0.415435
0.418033
0.409572
0.421807
0.417233
0.409572
0.414572
0.408390
0.404849
0.412018
0.417763
0.416721
0.420444
0.419373
0.418701
0.419044
0.415256
0.411739
0.416513
0.411739
0.415889
0.409572
0.425332
0.437052
0.453697
0.427809
0.420352
0.425916
0.436021
0.425735
0.421005
0.418257
0.425560
0.427506
0.423921
0.426420
0.423921
0.437297
0.434969
0.424252
0.438130
0.430288
0.431366
0.430956
0.443669
0.438095
0.440830
0.437297
0.434860
0.441283
0.435465
0.446195
0.449809
0.440093
0.436221
0.432216
0.440527
0.439450
0.439450
0.440527
0.434190
0.444202
0.446713
0.461446
0.445317
0.444057
0.444844
0.447291
0.445924
0.452800
0.457283
0.469401
0.461293
0.452434
0.456826
0.456743
0.454587
0.464633
0.451359
0.442684
0.445027
0.451058
0.452557
0.440527
0.445457
0.440437
0.438095
0.442801
0.443669
0.435866
0.439935
0.443309
0.442236
0.441905
0.446195
0.446882
0.443946
0.445317
0.454873
0.452557
0.449584
0.441905
0.449584
0.437849
0.440016
0.447607
0.454266
0.451911
0.445924
0.455337
0.456021
0.463680
0.450901
0.460035
0.453066
0.470651
0.470126
0.465397
0.467826
0.464938
0.463438
0.479174
0.478689
0.469671
0.471213
0.483990
0.473498
0.469671
0.471213
0.471213
0.473870
0.469079
0.466009
0.477050
0.472781
0.466275
0.477922
0.471213
0.471213
0.468153
0.478689
0.474373
0.486201
0.470277
0.487585
0.486907
0.481174
0.465882
0.467826
0.475989
0.478689
0.479174
0.477922
0.477564
0.476690
0.477564
0.487315
0.483120
0.480807
0.473846
0.477050
0.478630
0.481597
0.478301
0.474562
0.473846
0.484772
0.477564
0.473846
0.472281
0.494774
0.483120
0.491980
0.476690
0.491980
0.497396
0.492162
0.495301
0.481867
0.479504
0.471374
0.477632
0.480236
0.472884
0.475299
0.489014
0.489014
0.490737
0.497092
0.499183
0.480807
0.480807
0.479174
0.488635
0.477564
0.497396
0.486069
0.482465
0.469671
0.495193
0.493961
0.490386
0.484148
0.478689
0.474184
0.477050
0.485854
0.474373
0.477050
0.492162
0.477631
0.480352
0.473498
0.464938
0.467531
0.477050
0.482039
0.477631
0.473497
0.472625
0.492162
0.488843
0.469941
0.477683
0.483564
0.495596
0.476815
0.479747
0.483751
0.478689
0.484614
0.493533
0.479937
0.480601
0.475948
0.483751
0.479296
0.480986
0.483751
0.490836
0.482884
0.474028
0.476386
0.484439
0.475516
0.477646
0.479368
0.470696
0.482345
0.489886
0.485487
0.479368
0.491630
0.484112
0.486496
0.475366
0.482884
0.481464
0.488105
0.479368
0.482884
0.472793
0.467528
0.487718
0.479760
0.474498
0.472586
0.469190
0.489557
0.474028
0.481114
0.482345
0.485903
0.470493
0.473095
0.477982
0.482884
0.473219
0.475948
0.479368
0.479368
0.466765
0.471357
0.485238
0.483823
0.488338
0.482884
0.478505
0.490778
0.490778
0.476080
0.476080
0.477863
0.476228
0.472586
0.476228
0.480984
0.464633
0.481114
0.489557
0.474498
0.476643
0.476643
0.475605
0.466502
0.480287
0.489354
0.489007
0.483388
0.485238
0.481501
0.484874
0.492870
0.482144
0.462144
0.472496
0.479254
0.480992
0.466848
0.464805
0.471190
0.473817
0.464366
0.476643
0.471190
0.472957
0.480525
0.469644
0.475350
0.472253
0.463876
0.466848
0.480264
0.477418
0.475350
0.471738
0.461211
0.472598
0.472957
0.467179
0.472052
0.482354
0.476205
0.468625
0.463876
0.484795
0.469163
0.489929
0.488737
0.472253
0.464771
0.470427
0.471284
0.475309
0.467329
0.463734
0.458857
0.492622
0.479921
0.469163
0.479705
0.458857
0.458153
0.458524
0.465633
0.481837
0.475309
0.474317
0.466378
0.465519
0.478600
0.474808
0.492771
0.473752
0.464238
0.473615
0.470017
0.469163
0.455899
0.457647
0.467413
0.462523
0.482518
0.476737
0.459327
0.476676
0.476661
0.491808
0.464881
0.463003
0.463036
0.474808
0.464311
0.464311
0.473615
0.460626
0.455034
0.464238
0.465094
0.459419
0.459419
0.447233
0.450565
0.447669
0.447669
0.460626
0.454861
0.460280
0.457526
0.459419
0.459720
0.461487
0.453135
0.478600
0.471021
0.472903
0.450565
0.456260
0.459019
0.476676
0.469822
0.485697
0.467961
0.450715
0.459327
0.452268
0.456611
0.445020
0.448137
0.443161
0.447233
0.455899
0.446453
0.453135
0.453697
0.457647
0.466554
0.473615
0.463278
0.465094
0.458127
0.449759
0.439260
0.450220
0.450805
0.446453
0.445869
0.428939
0.438534
0.453232
0.437355
0.436885
0.458985
0.456882
0.448956
0.448353
0.441908
0.448478
0.444834
0.441416
0.436620
0.436620
0.436885
0.444539
0.436885
0.443328
0.439744
0.434215
0.430156
0.427078
0.434383
0.436477
0.440019
0.444539
0.464877
0.453851
0.440209
0.441661
0.449681
0.443328
0.443749
0.449846
0.438534
0.447268
0.449681
0.449846
0.450715
0.445020
0.450545
0.451444
0.443113
0.455122
0.442244
0.443113
0.445020
0.446581
0.441416
0.450245
0.448956
0.444834
0.432125
0.440209
0.437935
0.431675
0.433337
0.435025
0.433337
0.433757
0.451176
0.431675
0.423748
0.431247
0.436885
0.434965
0.440004
0.421643
0.453851
0.452632
0.443488
0.442294
0.440004
0.433990
0.438640
0.437967
0.439170
0.446130
0.437606
0.454836
0.450149
0.445717
0.444539
0.444834
0.445268
0.437935
0.436225
0.427076
0.432715
0.439212
0.449900
0.436738
0.438349
0.416395
0.430228
0.426913
0.442027
0.437447
0.419877
0.427520
0.435390
0.435025
0.448901
0.433644
0.435025
0.433337
0.436620
0.438299
0.437935
0.436225
0.441734
0.436298
0.427998
0.439212
0.438025
0.418831
0.433932
0.434954
0.432294
0.432615
0.426093
0.437162
0.433644
0.431426
0.428829
0.430391
0.429699
0.430228
0.436581
0.425458
0.429193
0.426323
0.427520
0.429433
0.428996
0.427520
0.430391
0.426338
0.423182
0.434375
0.426338
0.430228
0.429193
0.433498
0.438349
0.446295
0.431675
0.438640
0.433990
0.430228
0.426502
0.421086
0.415920
0.421086
0.424251
0.424251
0.421086
0.430203
0.439337
0.421774
0.431924
0.423795
0.415187
0.418642
0.422168
0.423795
0.418992
0.421086
0.426913
0.432300
0.424747
0.428118
0.433502
0.424747
0.438804
0.416809
0.421449
0.422757
0.415187
0.425873
0.421774
0.412954
0.432300
0.423048
0.426645
0.412369
0.419524
0.411266
0.418992
0.417947
0.433990
0.423701
0.424412
0.425447
0.428829
0.422757
0.409789
0.412770
0.421449
0.419524
0.413255
0.427998
0.408735
0.413255
0.417947
0.411722
0.415857
0.409789
0.410682
0.408735
0.412369
0.411165
0.416399
0.418322
0.413613
0.415698
0.415936
0.415201
0.408115
0.413659
0.411722
0.412369
0.406067
0.406067
0.415187
0.406909
0.417281
0.413255
0.409006
0.419049
0.409006
0.417440
0.405421
0.400573
0.405861
0.402907
0.418456
0.418011
0.410515
0.404371
0.417281
0.409233
0.413659
0.416074
0.406067
0.391494
0.415857
0.406909
0.408115
0.411106
0.432615
0.417579
0.411643
0.408423
0.409964
0.407800
0.415698
0.418456
0.411643
0.409579
0.402012
0.413613
0.400260
0.398551
0.402723
0.396206
0.397103
0.385234
0.400178
0.404659
0.402723
0.397656
0.406340
0.393468
0.393762
0.394804
0.386291
0.394514
0.388849
0.404248
0.408414
0.399592
0.388545
0.390224
0.394290
0.398310
0.390963
0.379184
0.381165
0.389020
0.392526
0.402723
0.399754
0.392526
0.389619
0.393731
0.394445
0.398310
0.402723
0.392333
0.384535
0.394600
0.382611
0.389753
0.398087
0.387642
0.382068
0.382068
0.376904
0.385234
0.381341
0.379215
0.386768
0.376032
0.379532
0.381672
0.381327
0.378624
0.386291
0.382526
0.382526
0.381015
0.372655
0.370216
0.362503
0.364761
0.362640
0.361581
0.375039
0.362802
0.379067
0.370535
0.361592
0.368418
0.361353
0.360431
0.362802
0.369543
0.364917
0.369686
0.370535
0.376257
0.365967
0.365967
0.367175
0.367361
0.373090
0.376257
0.382573
0.370535
0.369930
0.374410
0.371114
0.358408
0.358162
0.359366
0.361353
0.358048
0.358162
0.358162
0.357352
0.346302
0.355092
0.350648
0.352770
0.352857
0.351515
0.352908
0.342063
0.346643
0.360523
0.347405
0.354896
0.362802
0.358583
0.356434
0.351709
0.353833
0.346198
0.347267
0.343272
0.349389
0.354896
0.351846
0.344170
0.358583
0.358791
0.350648
0.341929
0.346279
0.341929
0.345236
0.347233
0.354977
0.349684
0.348463
0.351515
0.347405
0.361592
0.348548
0.350574
0.350574
0.353783
0.359605
0.352717
0.353833
0.360893
0.365162
0.355644
0.358928
0.363492
0.367971
0.371906
0.357352
0.351709
0.348328
0.354977
0.354035
0.348463
0.350606
0.340996
0.346412
0.338866
0.343117
0.340996
0.339936
0.337803
0.332241
0.334616
0.345332
0.344167
0.335707
0.327019
0.325959
0.310684
0.298646
0.307720
0.299898
0.304307
0.302827
0.315168
0.314358
0.310365
0.307000
0.317564
0.317509
0.312482
0.314599
0.310367
0.312482
0.319762
0.309208
0.311430
0.306444
0.305977
0.308772
0.307503
0.313346
0.304523
0.314342
0.312140
0.306147
0.298819
0.304327
0.300655
0.298281
0.295948
0.300399
0.306147
0.298077
0.300655
0.297366
0.303159
0.302409
0.303193
0.302827
0.303581
0.302781
0.311633
0.306770
0.312482
0.309625
0.309311
0.295948
0.301459
0.298642
0.293210
0.297119
0.295233
0.302631
0.304327
0.304756
0.303581
0.309336
0.307314
0.305943
0.304523
0.309197
0.302126
0.315404
0.323080
0.308155
0.302293
0.308392
0.306444
0.308165
0.316391
0.314482
0.311633
0.306770
0.305706
0.305584
0.311309
0.312370
0.311424
0.307950
0.305329
0.306091
0.306283
0.297683
0.308772
0.307950
0.314753
0.308227
0.313657
0.314753
0.315404
0.313295
0.318552
0.317564
0.307390
0.306770
0.310261
0.322963
0.318600
0.315412
0.302014
0.299340
0.296694
0.289626
0.298281
0.296274
0.286430
0.286266
0.289579
0.291499
0.291499
0.296413
0.290976
0.297119
0.293512
0.292039
0.293482
0.298642
0.304636
0.309336
0.306770
0.297111
0.303959
0.309836
0.298434
0.296039
0.303193
0.294288
0.295233
0.294992
0.299593
0.286266
0.290095
0.296687
0.285375
0.291761
0.292039
0.291868
0.297866
0.292829
0.297012
0.292416
0.275721
0.281525
0.290545
0.285062
0.291949
0.281794
0.284515
0.290805
0.292453
0.304984
0.293279
0.287842
0.293482
0.293279
0.293103
0.296167
0.289914
0.301832
0.286136
0.282503
0.279770
0.282503
0.287966
0.283063
0.281120
0.277068
0.289281
0.287645
0.277473
0.269523
0.274028
0.271201
0.277473
0.280160
0.270756
0.264280
0.260551
0.262177
0.271522
0.275274
0.278434
0.265819
0.264883
0.269069
0.267706
0.262202
0.270028
0.267441
0.273695
0.268847
0.271891
0.272650
0.252242
0.252144
0.254993
0.260784
0.253633
0.259231
0.265934
0.254278
0.239789
0.246636
0.253296
0.244676
0.239144
0.241943
0.242016
0.243794
0.247225
0.249714
0.253855
0.254882
0.251215
0.255407
0.259417
0.264802
0.255205
0.253748
0.253296
0.262177
0.263709
0.264316
0.264318
0.265845
0.268496
0.265379
0.270050
0.268496
0.268585
0.273627
0.270471
0.257390
0.260554
0.259498
0.257604
0.259498
0.265519
0.266021
0.264851
0.259231
0.256160
0.262478
0.264547
0.265702
0.271201
0.264708
0.272710
0.277646
0.266077
0.273382
0.267746
0.263847
0.264012
0.263227
0.267569
0.266407
0.266499
0.267666
0.271152
0.272613
0.270896
0.273912
0.272613
0.271764
0.272119
0.268220
0.260276
0.263570
0.265338
0.266995
0.260341
0.266531
0.262867
0.260070
0.257312
0.259628
0.264012
0.264703
0.274133
0.269500
0.263847
0.256955
0.259110
0.260070
0.261355
0.256416
0.256866
0.260341
0.253670
0.251544
0.246636
0.245499
0.248537
0.249752
0.247203
0.250555
0.248289
0.249681
0.247045
0.251294
0.251544
0.249420
0.246407
0.248537
0.249488
0.250749
0.256241
0.259360
0.258856
0.250749
0.260983
0.247296
0.247296
0.245136
0.239058
0.245687
0.245038
0.242172
0.244385
0.245330
0.235420
0.242158
0.239818
0.239867
0.239867
0.249420
0.248360
0.247301
0.245136
0.240865
0.241923
0.241865
0.244355
0.243007
0.240729
0.234476
0.235951
0.233094
0.236179
0.235637
0.231709
0.234429
0.228557
0.229553
0.234162
0.228933
0.231008
0.231754
0.234506
0.232159
0.228718
0.228933
0.226820
0.226376
0.229268
0.231341
0.225812
0.225173
0.229482
0.229482
0.229152
0.235637
0.234958
0.234354
0.237020
0.234822
0.235965
0.232683
0.234958
0.232761
0.232761
0.234210
0.232347
0.228947
0.234110
0.233900
0.233502
0.230275
0.231622
0.232760
0.232142
0.232761
0.232684
0.233889
0.231135
0.231617
0.235294
0.239512
0.233475
0.237181
0.238025
0.240239
0.239102
0.239058
0.239867
0.238315
0.241943
0.241923
0.237020
0.238035
0.234339
0.233815
0.238824
0.234819
0.234277
0.232142
0.232684
0.235347
0.233031
0.233886
0.234210
0.235892
0.236349
0.239565
0.239043
0.239563
0.237550
0.241322
0.239695
0.242379
0.242732
0.242919
0.247147
0.249377
0.247500
0.249194
0.243995
0.244687
0.245356
0.243995
0.243878
0.246484
0.246844
0.247301
0.248190
0.248115
0.246755
0.248115
0.248224
0.248381
0.252910
0.252910
0.248381
0.246844
0.249661
0.252174
0.251151
0.250742
0.249121
0.243540
0.244529
0.250011
0.251168
0.253237
0.246777
0.243476
0.246355
0.246433
0.243524
0.245143
0.245677
0.246155
0.240835
0.239173
0.234956
0.234280
0.236237
0.238440
0.239695
0.241776
0.243669
0.242060
0.243064
0.242668
0.245671
0.247759
0.243922
0.242778
0.244066
0.241038
0.237560
0.240988
0.241912
0.240653
0.237099
0.236963
0.234822
0.234822
0.233886
0.235951
0.236028
0.237818
0.232684
0.235167
0.237709
0.237550
0.231900
0.232133
0.231617
0.234819
0.235347
0.234277
0.233539
0.233692
0.233158
0.232142
0.236237
0.231617
0.231693
0.233158
0.233412
0.231617
0.233979
0.232345
0.233768
0.232526
0.232326
0.232526
0.228423
0.234309
0.234462
0.235102
0.234565
0.233339
0.233225
0.231058
0.228984
0.231095
0.231095
0.231462
0.230350
0.231272
0.231142
0.231058
0.228941
0.229963
0.232228
0.226487
0.227341
0.227020
0.228063
0.225908
0.229833
0.225237
0.225237
0.230682
0.230491
0.230682
0.230212
0.228849
0.228657
0.229670
0.227595
0.225667
0.226775
0.227077
0.228449
0.228497
0.230898
0.229540
0.229833
0.231617
0.233142
0.229003
0.228944
0.228933
0.227705
0.228323
0.227705
0.226370
0.227310
0.229484
0.229942
0.230682
0.229003
0.228063
0.228449
0.229148
0.229561
0.230682
0.230682
0.231617
0.230212
0.228657
0.231617
0.234819
0.232019
0.229540
0.233886
0.229484
0.232202
0.229176
0.229963
0.231008
0.229955
0.226775
0.229963
0.228449
0.227500
0.224519
0.226487
0.229021
0.229021
0.228941
0.233867
0.232485
0.231296
0.234880
0.229150
0.228229
0.226487
0.227927
0.229043
0.232612
0.232210
0.231153
0.231087
0.231153
0.231724
0.233366
0.231058
0.231095
0.232117
0.231462
0.233225
0.233173
0.232117
0.233339
0.232203
0.230524
0.231095
0.230350
0.233173
0.232739
0.231214
0.234657
0.233979
0.234337
0.233158
0.235723
0.240725
0.232755
0.233493
0.230898
0.231370
0.233448
0.233768
0.238545
0.232371
0.235370
0.240248
0.235295
0.236406
0.237428
0.239771
0.237774
0.239771
0.237495
0.235392
0.238758
0.237183
0.236415
0.230574
0.234239
0.230350
0.233339
0.231462
0.233220
0.232114
0.230035
0.230350
0.230975
0.231638
0.232651
0.235417
0.231900
0.232384
0.231100
0.234554
0.233398
0.234325
0.239417
0.232210
0.234262
0.239771
0.237495
0.237495
0.244570
0.245662
0.239330
0.238317
0.238043
0.239330
0.234325
0.241318
0.234554
0.240430
0.237774
0.238131
0.238131
0.241748
0.239934
0.238840
0.235975
0.236669
0.240736
0.238131
0.232485
0.233498
0.239637
0.233366
0.238582
0.233203
0.232210
0.239144
0.240307
0.236540
0.239848
0.238660
0.235370
0.237505
0.239144
0.238758
0.241488
0.239848
0.240055
0.238660
0.241680
0.251383
0.248055
0.246616
0.247173
0.246163
0.243787
0.243099
0.237030
0.239330
0.239934
0.236789
0.236540
0.240649
0.239934
0.242372
0.240649
0.239144
0.244024
0.242372
0.239144
0.239637
0.243099
0.242000
0.242372
0.240430
0.238995
0.242000
0.241261
0.242593
0.239330
0.238043
0.236540
0.241318
0.243383
0.251339
0.252942
0.248820
0.251297
0.256676
0.256891
0.255806
0.258943
0.251869
0.253441
0.248224
0.247342
0.247342
0.254535
0.248353
0.251869
0.255043
0.252347
0.250805
0.244570
0.245235
0.247653
0.258734
0.269527
0.256676
0.251986
0.255043
0.244394
0.242734
0.244156
0.251869
0.249233
0.261629
0.260855
0.259292
0.250774
0.250805
0.247723
0.248224
0.246245
0.262162
0.253950
0.247653
0.243605
0.248820
0.245235
0.253950
0.244482
0.247963
0.239144
0.232114
0.234554
0.239144
0.238582
0.237262
0.242511
0.241318
0.242000
0.238043
0.240988
0.242806
0.240736
0.240988
0.244922
0.243605
0.240055
0.244482
0.239934
0.235385
0.235481
0.241501
0.241425
0.246082
0.248928
0.254407
0.254108
0.257958
0.254407
0.254407
0.252441
0.263509
0.264349
0.260855
0.255584
0.256201
0.255195
0.257958
0.254108
0.255806
0.253950
0.253931
0.253529
0.258961
0.255486
0.257534
0.252441
0.253063
0.255806
0.259779
0.260628
0.261080
0.263350
0.259779
0.255584
0.255486
0.254407
0.262630
0.266230
0.255602
0.254407
0.242939
0.244981
0.241857
0.239333
0.243532
0.245581
0.235793
0.240847
0.241351
0.244539
0.241642
0.245617
0.237850
0.243466
0.242430
0.247447
0.243532
0.248177
0.249555
0.251288
0.252057
0.243532
0.242394
0.246661
0.244539
0.239580
0.236398
0.239333
0.238226
0.246180
0.247478
0.249943
0.249213
0.248940
0.252332
0.249416
0.247586
0.245376
0.244370
0.239267
0.245376
0.246180
0.248300
0.243475
0.244736
0.246624
0.245108
0.242055
0.239804
0.246441
0.244101
0.243336
0.246336
0.242748
0.249093
0.240622
0.238306
0.244309
0.244309
0.245554
0.243477
0.238156
0.243500
0.241419
0.238738
0.249249
0.243062
0.244016
0.239343
0.247876
0.239807
0.243670
0.245743
0.241995
0.242635
0.246844
0.248880
0.244101
0.241271
0.229067
0.236692
0.239922
0.248200
0.240568
0.244016
0.246844
0.244736
0.241629
0.237129
0.237298
0.235159
0.238890
0.240239
0.238179
0.243752
0.239922
0.244503
0.239343
0.234620
0.234169
0.234786
0.233137
0.226855
0.233585
0.231519
0.233137
0.227378
0.232706
0.228619
0.228645
0.229206
0.227222
0.222855
0.219797
0.225171
0.227193
0.220431
0.218127
0.218127
0.214611
0.210105
0.207367
0.201558
0.207367
0.210931
0.207371
0.210673
0.216054
0.209916
0.207023
0.203848
0.211755
0.217147
0.212755
0.209322
0.213321
0.213321
0.213521
0.209754
0.211755
0.204643
0.213321
0.209754
0.220831
0.218015
0.209665
0.222820
0.198576
0.182711
0.180718
0.185313
0.194692
0.199359
0.185296
0.183796
0.182957
0.182887
0.188699
0.178853
0.184380
0.178430
0.186922
0.178304
0.170096
0.172204
0.177688
0.174473
0.174543
0.167154
0.181257
0.171619
0.180501
0.181506
0.184052
0.182123
0.176680
0.182438
0.173534
0.175422
0.169071
0.185841
0.184984
0.190552
0.187893
0.193498
0.177013
0.170050
0.176075
0.181257
0.177045
0.180501
0.179708
0.176680
0.186136
0.182887
0.181120
0.166143
0.162332
0.157753
0.169296
0.157753
0.164233
0.164721
0.164196
0.162364
0.164721
0.167363
0.162364
0.162776
0.168288
0.166727
0.159447
0.156475
0.153386
0.157180
0.156781
0.154259
0.157084
0.151394
0.156585
0.154841
0.147036
0.146523
0.144710
0.147535
0.148498
0.147882
0.144803
0.142767
0.143008
0.144143
0.141903
0.144803
0.145901
0.141754
0.148805
0.146538
0.147618
0.147290
0.146868
0.154222
0.147535
0.149049
0.146806
0.147083
0.149405
0.152291
0.148088
0.144194
0.146574
0.150417
0.150702
0.141139
0.145561
0.142923
0.142487
0.142923
0.146119
0.138840
0.137995
0.131432
0.134109
0.138926
0.131678
0.128861
0.127851
0.125404
0.126953
0.130357
0.131246
0.128260
0.128548
0.128094
0.126136
0.122892
0.120113
0.124105
0.117384
0.121615
0.118176
0.119075
0.115398
0.116280
0.117185
0.117278
0.116706
0.117941
0.115269
0.117941
0.115362
0.117222
0.116663
0.115995
0.115334
0.115413
0.112202
0.112040
0.114338
0.114651
0.114060
0.113981
0.114483
0.113193
0.119201
0.112901
0.114338
0.115407
0.110744
0.103862
0.098882
0.095790
0.092085
0.089787
0.082360
0.078542
0.078120
0.079975
0.081980
0.082506
0.083261
0.080065
0.071094
0.065462
0.061779
0.062461
0.063281
0.060121
0.054803
0.053198
0.051733
0.051764
0.051957
0.054906
0.040871
0.045462
0.049318
0.046162
0.037009
0.037830
0.038980
0.033058
0.035883
0.030016
0.032348
0.028947
0.028829
0.028441
0.033158
0.031897
0.040255
0.031049
0.014750
0.015334
0.013303
0.012764
0.019269
0.014315
0.023178
0.020379
0.015236
0.010064
0.011030
0.010058
0.019777
0.013622
0.018990
0.016341
0.016330
0.015236
0.014655
0.011700
0.017907
0.018683
0.015768
0.011625
0.013140
0.018604
0.020129
0.024765
0.021197
0.009116
0.004186
0.015755
0.011220
0.012952
0.011925
0.011844
0.022478
0.029014
0.034675
0.037451
0.033156
0.020990
0.024564
0.027261
0.020845
0.016575
0.012333
0.023461
0.025977
0.010773
0.014476
0.011250
0.005664
0.009079
0.018115
0.013408
0.015414
0.013307
0.016628
0.015442
0.023883
0.021845
0.013307
0.023360
0.010876
0.015082
0.022165
0.008518
0.009561
0.019592
0.024240
0.018355
0.009509
0.014267
0.012409
0.007083
0.015689
0.015753
0.022100
0.017060
0.019212
0.011833
0.012939
0.027948
0.009094
0.015680
0.019947
0.015618
0.017239
0.027512
0.010135
0.000661
0.000000
0.039414
0.027708
0.017764
0.014856
0.011590
0.007971
0.013039
0.009193
0.013277
0.016696
0.020049
0.008130
0.016778
0.016778
0.028436
0.022336
0.015639
0.031091
0.028641
0.030082
0.029581
0.017086
0.030583
0.050901
0.027993
0.019010
0.006519
0.015739
0.008779
0.020305
0.023718
0.019133
0.014016
0.019010
0.017690
0.009295
0.024215
0.014921
0.030583
0.031164
0.042895
0.019360
0.024088
0.024239
0.034424
0.022102
0.018888
0.011037
0.021109
0.027048
0.041813
0.046940
0.020428
0.026028
0.036960
0.030426
0.034744
0.055996
0.044762
0.035928
0.066585
0.047122
0.047236
0.042238
0.035359
0.038943
0.035794
0.031400
0.046411
0.028346
0.042176
0.035359
0.057645
0.039728
0.057645
0.054992
0.048261
0.041451
0.047627
0.051664
0.051990
0.047849
0.057414
0.028720
0.039871
0.031851
0.025980
0.035529
0.044624
0.053697
0.047238
0.070518
0.062089
0.052429
0.054862
0.054604
0.049052
0.069918
0.052119
0.085259
0.065509
0.075310
0.058827
0.080576
0.079501
0.067346
0.067433
0.086805
0.084293
0.109213
0.089175
0.101369
0.089175
0.078722
0.080606
0.070429
0.101855
0.091364
0.088268
0.101130
0.108005
0.122032
0.125709
0.104674
0.077475
0.088268
0.088381
0.094701
0.091364
0.075102
0.066482
0.075842
0.085204
0.091471
0.087547
0.122032
0.088381
0.084604
0.090993
0.115310
0.112647
0.111242
0.134771
0.113535
0.100100
0.090294
0.103421
0.097259
0.085587
0.121032
0.127360
0.117379
0.106767
0.127854
0.138861
0.152429
0.159785
0.152429
0.167634
0.198618
0.171375
0.162811
0.140436
0.130093
0.168141
0.157049
0.174594
0.182714
0.202979
0.170970
0.148046
0.133639
0.130093
0.155554
0.147692
0.197265
0.185503
0.181670
0.193222
0.165702
0.143534
0.147179
0.181832
0.136138
0.162963
0.162292
0.166528
0.173572
0.178020
0.197755
0.201634
0.197106
0.178034
0.194221
0.162989
0.166545
0.186009
0.159277
0.182584
0.167262
0.213756
0.209017
0.189036
0.184715
0.200701
0.209017
0.205086
0.197737
0.201008
0.180875
0.212521
0.216522
0.200113
0.185191
0.197106
0.180421
0.196199
0.196199
0.208418
0.199833
0.192752
0.180604
0.204222
0.187711
0.196099
0.196099
0.199561
0.207719
0.204222
0.180461
0.191793
0.216074
0.219860
0.219421
0.195505
0.203564
0.196099
0.211507
0.199833
0.207775
0.215291
0.195320
0.223321
0.231591
0.231414
0.199130
0.207399
0.202991
0.211939
0.191408
0.194747
0.195411
0.179398
0.210934
0.207522
0.256052
0.243342
0.226382
0.234762
0.210188
0.194544
0.206494
0.218821
0.218090
0.194305
0.202087
0.197945
0.259578
0.205910
0.238600
0.205910
0.214392
0.234762
0.218228
0.222363
0.222271
0.230677
0.218047
0.226157
0.218467
0.238685
0.221595
0.226421
0.259662
0.264016
0.242571
0.218514
0.206600
0.174517
0.187024
0.175186
0.194846
0.175069
0.187025
0.175428
0.191285
0.159840
0.167650
0.186795
0.171235
0.171235
0.187144
0.171354
0.170781
0.178922
0.179038
0.206817
0.205910
0.201659
0.205648
0.230645
0.209911
0.210715
0.186466
0.205910
0.202087
0.205750
0.193517
0.233879
0.246475
0.238393
0.229707
0.229976
0.201269
0.209479
0.226024
0.217755
0.185422
0.205950
0.213713
0.201465
0.209960
0.221407
0.242881
0.225954
0.229851
0.209479
0.201465
0.197281
0.185422
0.209759
0.181574
0.189853
0.189367
0.189367
0.209759
0.217825
0.185491
0.209479
0.205185
0.209686
0.193590
0.193517
0.185637
0.193517
0.205950
0.229921
0.246479
0.246092
0.234279
0.205748
0.201563
0.275644
0.250142
0.258817
0.217397
0.229483
0.263037
0.238067
0.230225
0.225838
0.209423
0.209545
0.246653
0.221775
0.229895
0.209355
0.193464
0.218201
0.214143
0.202016
0.202797
0.187325
0.227845
0.211519
0.211863
0.200160
0.176731
0.220179
0.187748
0.161164
0.180306
0.195693
0.199826
0.208992
0.237951
0.213228
0.197987
0.183521
0.235702
0.249069
0.235996
0.220274
0.215409
0.227367
0.243106
0.247461
0.224406
0.215704
0.218807
0.215557
0.228095
0.245008
0.245008
0.257706
0.225489
0.221242
0.228427
0.270309
0.262455
0.238561
0.246872
0.291898
0.280135
0.223872
0.255778
0.236521
0.240504
0.233012
0.212964
0.221165
0.246305
0.246576
0.209309
0.216849
0.236871
0.228603
0.229891
0.238170
0.233369
0.245294
0.252544
0.252735
0.212347
0.241100
0.178857
0.237115
0.333289
0.321601
0.303538
0.304706
0.288240
0.267100
0.276358
0.234018
0.254972
0.274637
0.274143
0.245640
0.265068
0.283033
0.256829
0.267245
0.317699
0.312535
0.341486
0.337791
0.317682
0.300577
0.338689
0.348273
0.311108
0.303903
0.310693
0.314639
0.315570
0.282558
0.268749
0.298959
0.340711
0.376752
0.394629
0.381703
0.350446
0.352384
0.363609
0.375398
0.344777
0.364274
0.387332
0.362893
0.404967
0.378220
0.351484
0.381600
0.346756
0.351441
0.400436
0.402906
0.408262
0.395750
0.366902
0.348293
0.370179
0.368923
0.384212
0.361934
0.378522
0.363020
0.355647
0.336355
0.309833
0.324285
0.358787
0.346457
0.336577
0.313786
0.344814
0.367318
0.362243
0.394900
0.394357
0.401314
0.345500
0.378503
0.375652
0.364305
0.361457
0.379031
0.411524
0.388588
0.369776
0.398406
0.412295
0.427786
0.375429
0.379574
0.380232
0.389953
0.381546
0.371333
0.405473
0.383132
0.387301
0.392066
0.412584
0.425922
0.445768
0.405767
0.412378
0.424972
0.419551
0.447343
0.423776
0.423302
0.384342
0.413987
0.419704
0.454928
0.435338
0.453019
0.461056
0.451716
0.467271
0.491429
0.447552
0.483757
0.482779
0.487437
0.488002
0.454079
0.443028
0.464465
0.474932
0.465619
0.481491
0.464940
0.462913
0.485323
0.480453
0.437666
0.432755
0.438354
0.465316
0.428180
0.418065
0.416150
0.433516
0.436264
0.430179
0.440240
0.431573
0.433674
0.448447
0.375432
0.514490
0.509734
0.492567
0.495445
0.482004
0.472188
0.504181
0.524952
0.467227
0.437429
0.453785
0.448491
0.458047
0.451242
0.448373
0.447613
0.452144
0.464238
0.449998
0.442850
0.467143
0.466722
0.449770
0.456052
0.465105
0.463278
0.465538
0.468439
0.478158
0.478780
0.474652
0.461317
0.449740
0.461498
0.451265
0.429281
0.448956
0.451395
0.461369
0.485144
0.506678
0.545983
0.505756
0.485468
0.489506
0.500861
0.516621
0.491780
0.489123
0.503423
0.485701
0.485174
0.540326
0.530832
0.552441
0.533952
0.492331
0.506916
0.499664
0.489262
0.514666
0.526164
0.512204
0.514576
0.529244
0.506916
0.498006
0.547331
0.538810
0.517137
0.528605
0.541559
0.524823
0.511528
0.532811
0.539398
0.518653
0.527349
0.539903
0.524823
0.509524
0.532571
0.536021
0.523117
0.549136
0.556984
0.538103
0.559251
0.577488
0.556174
0.578644
0.563172
0.567350
0.564697
0.552475
0.560777
0.564087
0.548279
0.546709
0.549394
0.547603
0.533036
0.534156
0.522550
0.534123
0.556872
0.565356
0.551226
0.563204
0.563065
0.548297
0.533220
0.546487
0.550110
0.551874
0.558172
0.557273
0.552610
0.559760
0.537750
0.554430
0.552851
0.555457
0.531743
0.519938
0.523945
0.504877
0.522089
0.519535
0.515272
0.510391
0.529194
0.539628
0.549885
0.513204
0.525521
0.518069
0.534525
0.542159
0.527668
0.524263
0.535199
0.532431
0.531509
0.550196
0.553084
0.541691
0.548652
0.555457
0.560146
0.546580
0.538946
0.542682
0.533414
0.530988
0.523833
0.519566
0.510809
0.529885
0.548857
0.547736
0.542170
0.560241
0.547051
0.532171
0.533650
0.548623
0.537741
0.532708
0.541747
0.540761
0.540113
0.534921
0.515054
0.501515
0.500790
0.491475
0.494117
0.497375
0.495295
0.500224
0.515084
0.525198
0.526274
0.520645
0.511259
0.504169
0.495524
0.501747
0.499834
0.500454
0.475383
0.487212
0.479453
0.453775
0.459139
0.466473
0.480458
0.478516
0.465314
0.458547
0.462111
0.461969
0.472713
0.464047
0.462173
0.428093
0.465314
0.455467
0.454810
0.468693
0.455194
0.453845
0.446183
0.459369
0.454410
0.459149
0.457273
0.472292
0.469400
0.470857
0.471708
0.489585
0.491777
0.467593
0.500051
0.478787
0.475539
0.475966
0.490301
0.489369
0.481616
0.478373
0.470991
0.470043
0.469692
0.486217
0.480175
0.474813
0.472928
0.486576
0.499434
0.491777
0.513779
0.498507
0.498290
0.489790
0.504453
0.512161
0.487699
0.477775
0.500495
0.490508
0.504231
0.491494
0.481616
0.511778
0.501336
0.496653
0.469452
0.476855
0.495295
0.506062
0.497602
0.511745
0.512714
0.522638
0.517674
0.496212
0.505582
0.504622
0.495011
0.489910
0.482270
0.524799
0.497911
0.513432
0.504622
0.498198
0.486338
0.489660
0.504990
0.492810
0.518790
0.530246
0.505931
0.514945
0.513987
0.494282
0.511787
0.535742
0.508604
0.516515
0.519753
0.525319
0.508362
0.532380
0.516515
0.526696
0.526696
0.517252
0.500340
0.511787
0.511546
0.505454
0.507186
0.503993
0.504290
0.499366
0.507269
0.500856
0.512479
0.505582
0.492573
0.509204
0.501401
0.514151
0.520028
0.525961
0.523007
0.531484
0.526279
0.533331
0.516274
0.529766
0.540971
0.563763
0.561754
0.545117
0.560161
0.593957
0.577724
0.565760
0.569510
0.567531
0.556070
0.546748
0.548213
0.562563
0.540345
0.549766
0.560646
0.562563
0.560646
0.550774
0.568360
0.567019
0.541731
0.547101
0.550259
0.573476
0.565760
0.557397
0.560817
0.588215
0.579126
0.571672
0.559117
0.554230
0.551080
0.554230
0.577349
0.552971
0.561087
0.564593
0.559117
0.559590
0.573743
0.548277
0.566750
0.572227
0.559117
0.571933
0.567589
0.559590
0.557397
0.566750
0.559325
0.565632
0.549820
0.546831
0.553236
0.538602
0.550259
0.561087
0.576194
0.559567
0.556405
0.559325
0.564038
0.545117
0.554910
0.535642
0.556623
0.556876
0.538730
0.550259
0.562631
0.550259
0.552678
0.559123
0.537731
0.528235
0.531266
0.535735
0.517566
0.523237
0.532310
0.528515
0.531308
0.530646
0.531644
0.547288
0.542352
0.536025
0.538995
0.539438
0.543135
0.539987
0.541972
0.555892
0.545117
0.545540
0.532747
0.530646
0.539180
0.547509
0.524676
0.526792
0.537697
0.536222
0.524676
0.518514
0.534049
0.531164
0.537435
0.536025
0.529766
0.529375
0.535727
0.513794
0.522103
0.537697
0.545804
0.528198
0.534254
0.555580
0.558900
0.540632
0.532543
0.517009
0.531308
0.517009
0.528138
0.542459
0.528391
0.509680
0.518606
0.515884
0.523090
0.537994
0.522103
0.535020
0.526957
0.528619
0.545117
0.531811
0.528138
0.525068
0.528619
0.523270
0.511099
0.501932
0.511293
0.497013
0.501807
0.490692
0.493807
0.487720
0.490754
0.512757
0.509818
0.508604
0.512029
0.513622
0.505437
0.519753
0.515229
0.521806
0.529880
0.516198
0.531088
0.529513
0.505218
0.522766
0.504053
0.505461
0.511522
0.516925
0.513486
0.514987
0.509818
0.475817
0.485128
0.494747
0.483247
0.491842
0.494778
0.491842
0.506345
0.488473
0.501747
0.490427
0.482649
0.488945
0.477819
0.480967
0.491704
0.464662
0.455642
0.468910
0.455781
0.440861
0.458331
0.462424
0.465294
0.488634
0.478593
0.475433
0.476700
0.484453
0.485018
0.478947
0.470357
0.465578
0.480897
0.491017
0.484397
0.471148
0.468534
0.462424
0.464736
0.471283
0.463641
0.465925
0.482865
0.477846
0.503460
0.487699
0.491446
0.473298
0.490035
0.479948
0.491017
0.501897
0.469095
0.468018
0.480892
0.494351
0.472160
0.459506
0.478593
0.472343
0.477046
0.490035
0.470656
0.470656
0.479170
0.482165
0.494266
0.490035
0.476700
0.491950
0.434318
0.434477
0.449023
0.456299
0.446368
0.447576
0.451660
0.446183
0.450921
0.448076
0.457605
0.439665
0.442557
0.439874
0.456874
0.443247
0.429698
0.442409
0.461488
0.470857
0.456778
0.437144
0.451970
0.458547
0.456299
0.461757
0.462173
0.455723
0.465900
0.470502
0.458436
0.470857
0.470857
0.464249
0.467338
0.465900
0.467338
0.460362
0.447095
0.460764
0.451971
0.423046
0.422355
0.433633
0.427459
0.445864
0.442400
0.459825
0.457605
0.458907
0.464803
0.444087
0.453987
0.462204
0.452600
0.459111
0.453327
0.454480
0.462772
0.472137
0.458703
0.466618
0.443557
0.440731
0.445955
0.362249
0.383890
0.389172
0.376466
0.393214
0.403540
0.426736
0.393572
0.385864
0.393605
0.381889
0.360285
0.361203
0.372893
0.376025
0.371828
0.364353
0.374836
0.381765
0.393163
0.400655
0.395823
0.379177
0.365621
0.332427
0.345877
0.348931
0.357175
0.364550
0.360954
0.358218
0.360313
0.362369
0.348566
0.351108
0.377722
0.375312
0.365576
0.351379
0.363990
0.374437
0.375109
0.396248
0.367340
0.360954
0.356533
0.351402
0.343713
0.334899
0.343845
0.359011
0.346169
0.337519
0.347038
0.369896
0.353869
0.336515
0.327177
0.336645
0.341235
0.341235
0.348307
0.354025
0.342484
0.342484
0.322049
0.311115
0.313381
0.318222
0.322338
0.337274
0.329986
0.338838
0.325989
0.338078
0.342327
0.350646
0.333236
0.317221
0.314610
0.327449
0.315105
0.308935
0.312875
0.312521
0.316085
0.318222
0.308493
0.309689
0.309420
0.302852
0.319758
0.322221
0.322424
0.330781
0.312991
0.319758
0.336506
0.320357
0.324214
0.321682
0.341423
0.319394
0.339763
0.309948
0.320357
0.320043
0.327449
0.329903
0.329863
0.319394
0.323976
0.311977
0.317695
0.321838
0.322806
0.320780
0.330592
0.330481
0.327582
0.312875
0.322692
0.312295
0.333007
0.348952
0.326418
0.325777
0.335063
0.338273
0.328702
0.326418
0.346200
0.344625
0.347172
0.335201
0.326298
0.340648
0.349002
0.359608
0.325553
0.330781
0.320694
0.328582
0.354621
0.344935
0.339131
0.320694
0.307508
0.305353
0.335922
0.345608
0.346590
0.371416
0.336783
0.332163
0.331634
0.337538
0.338210
0.327051
0.341640
0.342156
0.348512
0.358195
0.330701
0.329278
0.328909
0.352724
0.376542
0.340734
0.349699
0.341303
0.365792
0.375833
0.376685
0.393526
0.369565
0.369276
0.362937
0.384052
0.371900
0.364211
0.384052
0.384366
0.372354
0.368671
0.382196
0.375717
0.370945
0.389275
0.378794
0.391024
0.397733
0.377943
0.361947
0.391013
0.382825
0.390303
0.393785
0.412427
0.393630
0.410526
0.398041
0.387718
0.387832
0.367777
0.378947
0.394364
0.392757
0.392056
0.379551
0.400256
0.397733
0.378947
0.375717
0.377493
0.372354
0.378062
0.369163
0.358919
0.367167
0.362399
0.372354
0.356208
0.361947
0.376296
0.365251
0.364360
0.363322
0.357175
0.361056
0.354953
0.353911
0.352271
0.371674
0.359725
0.361342
0.358154
0.354986
0.366661
0.361598
0.360309
0.346492
0.333079
0.342515
0.346090
0.331007
0.339845
0.331588
0.333723
0.342937
0.331942
0.350118
0.340017
0.340148
0.340283
0.341775
0.346404
0.330559
0.333975
0.338518
0.340017
0.329689
0.319296
0.295510
0.301819
0.300433
0.305858
0.304979
0.303226
0.290565
0.297125
0.268168
0.289532
0.297547
0.291544
0.288943
0.291286
0.318674
0.321838
0.304617
0.323433
0.316616
0.317189
0.299733
0.315644
0.308935
0.304617
0.305235
0.295929
0.291272
0.313075
0.301663
0.300694
0.302146
0.289200
0.282964
0.292504
0.292610
0.298623
0.285700
0.289907
0.296033
0.302672
0.279627
0.294313
0.286582
0.283975
0.296403
0.301649
0.292240
0.286725
0.285030
0.286631
0.272505
0.285291
0.298424
0.273891
0.302837
0.301548
0.309546
0.300019
0.285700
0.275529
0.283975
0.289907
0.303525
0.294795
0.285200
0.290788
0.310184
0.294795
0.296920
0.288611
0.304088
0.290325
0.291533
0.278135
0.283975
0.297871
0.301184
0.303757
0.298115
0.300329
0.296033
0.288282
0.283975
0.290426
0.290325
0.272185
0.287320
0.287853
0.281043
0.285300
0.284338
0.291741
0.288709
0.298424
0.290788
0.281758
0.292240
0.270904
0.284745
0.297578
0.285700
0.278793
0.290788
0.288709
0.293843
0.293942
0.285300
0.287853
0.295890
0.285602
0.278888
0.283589
0.271648
0.284093
0.286631
0.292240
0.275529
0.287755
0.276714
0.274509
0.273656
0.291845
0.297159
0.288576
0.275019
0.268402
0.269938
0.272040
0.264872
0.263244
0.271190
0.272478
0.268999
0.269938
0.261302
0.265215
0.266152
0.259502
0.273324
0.268999
0.270341
0.260682
0.246303
0.247818
0.262759
0.253908
0.259360
0.269930
0.252298
0.248127
0.241273
0.260255
0.258947
0.242266
0.243363
0.234109
0.243293
0.236673
0.248127
0.236929
0.240751
0.256834
0.256834
0.260255
0.255157
0.253981
0.252227
0.239641
0.251389
0.245666
0.245599
0.250988
0.241122
0.245666
0.249717
0.256935
0.252651
0.253067
0.245599
0.236862
0.246035
0.252720
0.242740
0.243082
0.218229
0.223242
0.242314
0.236044
0.223803
0.240214
0.242372
0.224865
0.245783
0.228663
0.206256
0.150079
0.174660
0.186870
0.191053
0.199693
0.191883
0.210839
0.183541
0.181031
0.182683
0.181000
0.165203
0.144384
0.159043
0.164981
0.174401
0.186237
0.184261
0.176874
0.176128
0.186436
0.173608
0.178653
0.184012
0.199942
0.194780
0.196399
0.222820
0.215749
0.199333
0.210001
0.186924
0.195820
0.193665
0.181922
0.179375
0.185302
0.203964
0.199985
0.184369
0.179434
0.168570
0.165700
0.156402
0.174524
0.170850
0.180190
0.179375
0.158547
0.169166
0.173821
0.183546
0.177696
0.162950
0.162694
0.163804
0.180197
0.167300
0.171199
0.162413
0.173610
0.176066
0.161028
0.179390
0.166257
0.169501
0.162495
0.164149
0.176210
0.173579
0.152681
0.145442
0.153602
0.144429
0.148880
0.148284
0.136347
0.140057
0.136741
0.136844
0.120518
0.126034
0.128330
0.131064
0.137370
0.136562
0.137657
0.128592
0.126174
0.132515
0.132647
0.130679
0.124556
0.122522
0.112520
0.112190
0.123255
0.109557
0.117161
0.102374
0.106699
0.096610
0.105131
0.103176
0.101319
0.097784
0.102725
0.096147
0.094399
0.096371
0.095867
0.092836
0.100397
0.106732
0.107567
0.108808
0.112260
0.107344
0.099696
0.113060
0.088961
0.090712
0.096123
0.086123
0.080879
0.076932
0.082758
0.085973
0.079358
0.078601
0.079457
0.085878
0.074803
0.075448
0.076958
0.086250
0.077733
0.077733
0.074543
0.089342
0.074598
0.072294
0.069706
0.073788
0.080381
0.079358
0.067096
0.073021
0.071641
0.071715
0.068624
0.070774
0.070110
0.071635
0.073843
0.080282
0.069706
0.072386
0.061600
0.069816
0.071072
0.072400
0.069395
0.071555
0.065458
0.061609
0.069278
0.061030
0.054897
0.063768
0.062246
0.059976
0.055461
0.062692
0.055106
0.062692
0.059326
0.057965
0.061487
0.055262
0.057965
0.063529
0.059482
0.058939
0.062547
0.053758
0.057068
0.056189
0.056692
0.056561
0.061459
0.057068
0.059223
0.061084
0.052716
0.053324
0.049639
0.052100
0.051377
0.052268
0.053410
0.057496
0.048447
0.050815
0.044304
0.047887
0.046715
0.042272
0.043616
0.045238
0.045926
0.048447
0.044964
0.045039
0.044503
0.042309
0.044503
0.045698
0.043902
0.043902
0.046268
0.046295
0.046379
0.044959
0.040580
0.041632
0.047659
0.046105
0.040999
0.042624
0.044190
0.038827
0.046066
0.049866
0.049116
0.052759
0.049267
0.049573
0.045533
0.044959
0.046513
0.047763
0.048853
0.048612
0.050618
0.054928
0.052076
0.054530
0.056329
0.058952
0.077379
0.075695
0.068212
0.074828
0.072358
0.072008
0.071104
0.063620
0.065242
0.065486
0.067988
0.068922
0.065040
0.069140
0.067843
0.065901
0.065134
0.063884
0.060893
0.060630
0.059820
0.056617
0.062367
0.057869
0.050628
0.049882
0.053838
0.056042
0.063606
0.062557
0.053727
0.055899
0.060740
0.065672
0.071534
0.067796
0.065950
0.070666
0.075907
0.078771
0.084793
0.086879
0.090137
0.083224
0.080292
0.085167
0.087541
0.090836
0.099393
0.104906
0.099254
0.103211
0.108888
0.114362
0.112565
0.100096
0.115695
0.116710
0.111473
0.100098
0.106491
0.113569
0.121567
0.114909
0.116815
0.116414
0.119540
0.118392
0.112146
0.110688
0.121181
0.126484
0.114749
0.114749
0.106688
0.107795
0.109358
0.104072
0.117971
0.122801
0.115250
0.113038
0.117973
0.114749
0.113642
0.128597
0.125102
0.116841
0.124860
0.122686
0.106513
0.133299
0.127847
0.117493
0.130075
0.121742
0.113734
0.124778
0.108958
0.110138
0.107608
0.116484
0.093775
0.101775
0.101619
0.095013
0.100346
0.102493
0.090130
0.082993
0.090944
0.084695
0.098247
0.096019
0.087450
0.082805
0.077421
0.092673
0.086135
0.087469
0.073866
0.091222
0.093389
0.090499
0.095894
0.086025
0.077913
0.097757
0.090967
0.096553
0.099536
0.084662
0.081905
0.083508
0.080539
0.079180
0.073776
0.080051
0.079459
0.085687
0.079641
0.082454
0.072274
0.080746
0.076630
0.067173
0.078028
0.079684
0.068571
0.072992
0.069749
0.068590
0.065170
0.071351
0.060187
0.058287
0.058522
0.058522
0.064206
0.064930
0.062360
0.069909
0.067846
0.073068
0.080403
0.067602
0.067489
0.063167
0.059480
0.067751
0.062571
0.071289
0.067751
0.053315
0.056305
0.053916
0.047033
0.064562
0.046769
0.040309
0.059315
0.054321
0.046258
0.052789
0.051150
0.039038
0.059893
0.055883
0.056461
0.057596
0.059348
0.055897
0.054601
0.054776
0.049122
0.033833
0.037282
0.052113
0.044996
0.057340
0.050538
0.048168
0.046883
0.040100
0.039916
0.050018
0.035762
0.041162
0.040100
0.033649
0.028695
0.030298
0.030732
0.029227
0.022818
0.024738
0.012686
0.013761
0.024738
0.020191
0.036651
0.035295
0.035623
0.025555
0.025881
0.026242
0.035113
0.046539
0.048334
0.036622
0.040387
0.044307
0.031897
0.045271
0.042899
0.030464
0.035637
0.023396
0.032868
0.029991
0.024609
0.042194
0.025531
0.029229
0.032253
0.044277
0.034817
0.034817
0.033924
0.026868
0.026186
0.050797
0.040375
0.044754
0.031799
0.045967
0.033305
0.050429
0.053083
0.050648
0.040487
0.045699
0.053007
0.054185
0.036172
0.044706
0.051855
0.051481
0.047966
0.054185
0.045699
0.047165
0.047165
0.062318
0.053427
0.055463
0.054197
0.045984
0.050655
0.061552
0.056616
0.048301
0.041014
0.034716
0.045983
0.042143
0.046397
0.043292
0.051911
0.076089
0.051169
0.052121
0.075701
0.069595
0.051911
0.042544
0.038350
0.063313
0.069663
0.055322
0.070766
0.056813
0.063709
0.060072
0.049715
0.051406
0.048597
0.048597
0.049312
0.062605
0.053894
0.057875
0.063313
0.049673
0.058628
0.075671
0.067524
0.058628
0.079118
0.064529
0.082320
0.067586
0.079118
0.056132
0.077232
0.086733
0.065842
0.066507
0.060210
0.049325
0.054369
0.048319
0.065278
0.069991
0.058258
0.059223
0.055321
0.046267
0.064641
0.062974
0.069678
0.067041
0.042505
0.058938
0.052414
0.060909
0.045949
0.065697
0.081382
0.057743
0.044532
0.057942
0.042940
0.051163
0.059976
0.059670
0.056702
0.055068
0.066687
0.046341
0.089168
0.079492
0.091595
0.098231
0.091457
0.082265
0.088037
0.097255
0.087334
0.096707
0.090615
0.075467
0.070781
0.077650
0.087058
0.080466
0.093800
0.097131
0.078359
0.069976
0.079935
0.086679
0.074910
0.078653
0.109387
0.103334
0.099688
0.122091
0.098158
0.108626
0.092408
0.089174
0.089174
0.091100
0.132805
0.146466
0.115360
0.101702
0.092468
0.108815
0.079505
0.091546
0.098966
0.090030
0.102374
0.094070
0.084153
0.080426
0.089816
0.077709
0.106265
