0.293114
0.292965
0.287724
0.283862
0.268161
0.261156
0.256563
0.252115
0.243899
0.239965
0.236349
0.184529
0.111337
0.116678
0.097023
0.141995
0.252457
0.253621
0.255168
0.254900
0.256254
0.258094
0.257394
0.250570
0.250766
0.249445
0.248907
0.247244
0.247280
0.249276
0.246049
0.243313
0.242761
0.248042
0.249191
0.243531
0.248536
0.254763
0.247745
0.248587
0.248672
0.242910
0.244349
0.250819
0.251570
0.250961
0.244735
0.248949
0.244910
0.247780
0.249074
0.248157
0.252750
0.249658
0.000325
0.000000
0.005797
0.000836
0.001497
0.001893
0.001099
0.001198
0.001291
0.001323
0.001384
0.001496
0.001525
0.001556
0.001605
0.001497
0.001545
0.001411
0.001474
0.001646
0.001635
0.001558
0.001528
0.001535
0.006485
0.120768
0.087944
0.089019
0.089457
0.090718
0.090643
0.091083
0.001079
0.003851
0.003617
0.004155
0.004295
0.004231
0.004581
0.004211
0.003819
0.003925
0.003457
0.003285
0.003150
0.003293
0.063750
0.174782
0.171796
0.174331
0.175222
0.001978
0.004456
0.004125
0.004377
0.005227
0.004073
0.003980
0.003830
0.003367
0.002641
0.002618
0.002598
0.002533
0.003400
0.002773
0.002662
0.003287
0.003800
0.003147
0.002966
0.003516
0.003179
0.005291
0.002642
0.001378
0.001338
0.001675
0.001017
0.000676
0.000508
0.000380
0.000328
0.000377
0.000428
0.000428
0.000790
0.000710
0.001045
0.000761
0.000805
0.000953
0.001028
0.001108
0.000997
0.000642
0.000620
0.000574
0.000625
0.000563
0.000703
0.000616
0.000534
0.000551
0.000668
0.000746
0.000765
0.000923
0.003089
0.001601
0.011575
0.010818
0.008112
0.010041
0.010781
0.010538
0.009664
0.009634
0.009413
0.009498
0.009527
0.009791
0.009706
0.009158
0.008815
0.009218
0.010651
0.010639
0.010167
0.010167
0.010436
0.010331
0.012337
0.072848
0.007857
0.002936
0.001805
0.002438
0.001765
0.002013
0.001225
0.002650
0.005036
0.003039
0.002728
0.002449
0.002902
0.001189
0.000491
0.000814
0.001000
0.002097
0.002688
0.003363
0.001788
0.004010
0.004010
0.004688
0.002672
0.001046
0.006326
0.010238
0.008653
0.007028
0.005683
0.004005
0.003206
0.003091
0.002460
0.003019
0.003330
0.003175
0.006152
0.240222
0.250353
0.246666
0.246973
0.001759
0.005293
0.005260
0.005159
0.004975
0.004856
0.070750
0.004703
0.004653
0.004589
0.004350
0.004311
0.004246
0.004177
0.004226
0.004207
0.004158
0.004031
0.004057
0.003848
0.003860
0.003862
0.003683
0.003761
0.003649
0.003549
0.003487
0.003390
0.003461
0.003497
0.003122
0.002653
0.003116
0.002802
0.002746
0.002697
0.002630
0.002514
0.002451
0.002492
0.002393
0.002393
0.002359
0.002369
0.002317
0.002332
0.013084
0.001369
0.001912
0.002251
0.002282
0.002212
0.002669
0.002703
0.002331
0.002329
0.002282
0.002329
0.002564
0.002404
0.002383
0.013801
0.002348
0.002390
0.002314
0.002417
0.002384
0.002515
0.002683
0.002490
0.002498
0.002379
0.002467
0.002463
0.002491
0.002634
0.002645
0.002588
0.002676
0.002652
0.004836
0.003663
0.003262
0.003003
0.003279
0.003271
0.003382
0.003684
0.003780
0.004162
0.003479
0.002767
0.251900
0.231972
0.017414
0.005692
0.005152
0.004492
0.004602
0.004579
0.004593
0.006085
0.007608
0.006611
0.005516
0.002640
0.001862
0.001685
0.002686
0.003204
0.008161
0.012863
0.016895
0.024186
0.025161
0.020903
0.016348
0.014294
0.009683
0.009531
0.008186
0.006704
0.006145
0.004073
0.003907
0.003575
0.002661
0.002791
0.001946
0.003399
0.007011
0.071187
0.066027
0.053103
0.002969
0.003548
0.003685
0.242137
0.244660
0.030729
0.027436
0.027365
0.026955
0.029072
0.027779
0.027203
0.023760
0.024946
0.025812
0.026135
0.025731
0.026954
0.026624
0.003986
0.044400
0.008941
0.020081
0.018436
0.069531
0.121265
0.207848
0.240804
0.238513
0.239473
0.242173
0.247495
0.247518
0.234905
0.117460
0.118399
0.118168
0.118438
0.118410
0.117977
0.117172
0.116738
0.116517
0.120381
0.020326
0.019694
0.021055
0.023838
0.008522
0.244802
0.250626
0.067914
0.011802
0.011727
0.011319
0.011017
0.011547
0.013267
0.013202
0.011603
0.012886
0.013648
0.014521
0.014332
0.010454
0.010923
0.013062
0.014491
0.013404
0.011686
0.013793
0.013263
0.011411
0.011961
0.013240
0.013483
0.015042
0.015484
0.013921
0.012625
0.013095
0.012488
0.012921
0.012956
0.011544
0.011398
0.012008
0.012056
0.012587
0.013096
0.013608
0.014038
0.014487
0.013431
0.013331
0.013238
0.014085
0.013366
0.013170
0.012581
0.012110
0.012157
0.012109
0.011717
0.012025
0.013255
0.240364
0.236680
0.116146
0.115665
0.116514
0.120821
0.082527
0.072426
0.033599
0.037688
0.036147
0.033513
0.010432
0.243926
0.241095
0.247884
0.247654
0.234362
0.161928
0.091686
0.091847
0.089642
0.026019
0.013356
0.245098
0.246847
0.246211
0.240508
0.213143
0.186487
0.190771
0.190759
0.192149
0.191080
0.019622
0.018456
0.016948
0.016414
0.015571
0.017120
0.020643
0.021417
0.019885
0.018742
0.018395
0.019136
0.016396
0.016107
0.016003
0.014381
0.014563
0.013848
0.013772
0.013583
0.013898
0.014011
0.013603
0.013204
0.012917
0.014045
0.014304
0.014665
0.015029
0.014062
0.013520
0.014463
0.014552
0.014306
0.014210
0.013909
0.013485
0.013801
0.013279
0.013186
0.013566
0.013550
0.015933
0.015029
0.014359
0.012793
0.013286
0.014577
0.013479
0.013383
0.013791
0.014988
0.017854
0.031608
0.029515
0.033133
0.030986
0.023725
0.025827
0.021910
0.021073
0.020568
0.024013
0.024581
0.026389
0.033179
0.032032
0.029820
0.032193
0.030696
0.031161
0.019139
0.020382
0.020333
0.019837
0.019018
0.017305
0.017490
0.019538
0.022675
0.022973
0.021590
0.021649
0.020041
0.018925
0.019409
0.018751
0.019910
0.020971
0.021374
0.021832
0.020350
0.020707
0.020079
0.019929
0.020910
0.020833
0.020617
0.020700
0.020259
0.020391
0.020105
0.020031
0.020069
0.019948
0.019499
0.043623
0.020765
0.024157
0.024243
0.066803
0.024450
0.023809
0.022382
0.026310
0.027256
0.027194
0.027096
0.027139
0.026083
0.025726
0.025885
0.028389
0.027712
0.029716
0.027856
0.028017
0.027973
0.027140
0.029813
0.029257
0.027973
0.028167
0.028304
0.124146
0.033163
0.031750
0.033368
0.032874
0.032252
0.030990
0.030633
0.030525
0.030474
0.029901
0.030716
0.030223
0.028414
0.027528
0.028053
0.027803
0.027886
0.027958
0.027567
0.026640
0.028312
0.028327
0.028543
0.029522
0.029448
0.029779
0.028927
0.029136
0.028835
0.028238
0.027851
0.028533
0.030957
0.032071
0.031716
0.031509
0.030590
0.029631
0.029854
0.030361
0.031344
0.031513
0.032030
0.031429
0.029637
0.029024
0.029640
0.030570
0.030043
0.029915
0.029023
0.029098
0.029738
0.030716
0.031412
0.030851
0.028826
0.028873
0.246060
0.341493
0.229174
0.232602
0.234083
0.234854
0.235441
0.233827
0.234938
1.000000
0.501314
0.233952
0.233330
0.241394
0.226038
0.229532
0.167043
0.167731
0.167145
0.103212
0.046007
0.042039
0.042447
0.238272
0.237654
0.240393
0.229676
0.234516
0.233788
0.235916
0.235043
0.234696
0.230606
0.231429
0.231240
0.231217
0.230293
0.230120
0.223274
0.222414
0.222479
0.232901
0.227245
0.231146
0.230614
0.232841
0.229405
0.225582
0.233007
0.108335
0.036064
0.035713
0.036630
0.039044
0.231483
0.244297
0.226008
0.233324
0.231543
0.202676
0.070230
0.057625
0.042947
0.044110
0.044155
0.044150
0.044273
0.044273
0.044694
0.044790
0.044786
0.044828
0.044670
0.044586
0.044855
0.044591
0.044291
0.044252
0.044231
0.044505
0.045056
0.045151
0.045256
0.045197
0.045294
0.045400
0.217122
0.223753
0.230498
0.233797
0.232802
0.235033
0.235579
0.235273
0.238001
0.236724
0.236829
0.237542
0.238133
0.483257
0.267086
0.230938
0.230726
0.232049
0.227548
0.227725
0.235594
0.235041
0.235528
0.235846
0.237662
0.239302
0.239388
0.239585
0.239839
0.240066
0.240592
0.241138
0.240977
0.232441
0.227778
0.233180
0.236815
0.237978
0.238243
0.238197
0.238075
0.238586
0.235603
0.237312
0.237242
0.237856
0.238231
0.238748
0.239215
0.239003
0.239229
0.234290
0.040945
0.037645
0.039693
0.038082
0.038878
0.039050
0.039136
0.039186
0.039386
0.039013
0.038758
0.038897
0.038964
0.039194
0.038765
0.038919
0.039070
0.039009
0.039216
0.039056
0.038790
0.038782
0.039147
0.039095
0.039019
0.039126
0.039209
0.039166
0.039307
0.039352
0.039249
0.039036
0.038994
0.038733
0.038873
0.038840
0.038857
0.038352
0.038576
0.038476
0.037838
0.038087
0.038053
0.038053
0.037513
0.037620
0.037619
0.037576
0.037547
0.037542
0.037113
0.036484
0.036782
0.036861
0.036612
0.036492
0.036788
0.036732
0.036486
0.035276
0.035275
0.035393
0.035419
0.035409
0.035545
0.035873
0.037507
0.036187
0.036177
0.036154
0.035812
0.035855
0.035531
0.035309
0.034800
0.033936
0.036919
0.034135
0.035025
0.034884
0.034242
0.034430
0.033802
0.034241
0.034001
0.034109
0.037635
0.037379
0.037311
0.037108
0.037154
0.037525
0.034009
0.034290
0.034756
0.036747
0.036642
0.033913
0.031161
0.031541
0.033056
0.231979
0.232736
0.195356
0.029777
0.030267
0.039193
0.039821
0.040402
0.040762
0.040172
0.040100
0.039963
0.040168
0.039995
0.039835
0.039519
0.039158
0.039158
0.039065
0.039171
0.039252
0.039182
0.039005
0.038957
0.038750
0.038356
0.038150
0.034756
0.036256
0.037122
0.037689
0.037848
0.037898
0.037529
0.037578
0.037578
0.037913
0.037608
0.037773
0.037678
0.037690
0.037575
0.037738
0.037555
0.037690
0.037475
0.037519
0.037297
0.037384
0.037471
0.037091
0.036933
0.036979
0.036069
0.036436
0.036280
0.036108
0.035976
0.035813
0.035854
0.035906
0.035762
0.035804
0.035652
0.035768
0.035809
0.035832
0.035493
0.035593
0.035505
0.035381
0.035330
0.034349
0.034608
0.034626
0.034846
0.154139
0.034800
0.035595
0.035677
0.035602
0.035621
0.035460
0.234187
0.231980
0.233752
0.239776
0.242158
0.236913
0.236887
0.178217
0.088298
0.081209
0.064795
0.057878
0.060083
0.034744
0.035082
0.034889
0.034787
0.034261
0.034201
0.034152
0.034003
0.034094
0.034122
0.034240
0.034203
0.033989
0.033901
0.033811
0.033680
0.033580
0.033628
0.033700
0.033691
0.033429
0.033429
0.033091
0.033301
0.033339
0.033331
0.033292
0.032882
0.032930
0.033242
0.032802
0.032802
0.032831
0.032891
0.032873
0.032891
0.221046
0.024000
0.024029
0.024276
0.023665
0.023561
0.062810
0.025841
0.026600
0.027575
0.026993
0.027254
0.027205
0.027017
0.027324
0.026860
0.026745
0.026805
0.026797
0.026782
0.026857
0.026974
0.026822
0.026898
0.026529
0.027067
0.026932
0.027239
0.027063
0.026819
0.024507
0.024551
0.024456
0.024384
0.025286
0.026199
0.026351
0.026274
0.026520
0.026283
0.026229
0.026267
0.026126
0.026191
0.026152
0.025942
0.025942
0.025904
0.025674
0.025781
0.025644
0.025840
0.025657
0.025866
0.025683
0.025758
0.025597
0.025882
0.025866
0.025769
0.025716
0.025975
0.025942
0.025851
0.025867
0.025829
0.025866
0.025942
0.025979
0.025740
0.025661
0.025871
0.030261
0.083251
0.023643
0.022559
0.024387
0.024610
0.024286
0.026374
0.023137
0.062518
0.226822
0.239441
0.240055
0.234176
0.089103
0.048300
0.054428
0.030140
0.030112
0.030188
0.030147
0.029883
0.030054
0.029874
0.029968
0.029787
0.029802
0.029819
0.029945
0.029808
0.029750
0.029895
0.029973
0.030090
0.030011
0.029933
0.029693
0.029797
0.029875
0.029865
0.029768
0.029691
0.029642
0.029787
0.029876
0.029933
0.029944
0.029836
0.029914
0.029914
0.029671
0.029660
0.029622
0.029797
0.029797
0.029983
0.029729
0.029555
0.029602
0.029807
0.029457
0.021511
0.026726
0.029254
0.029282
0.029320
0.029476
0.029166
0.029051
0.028974
0.029137
0.029243
0.029204
0.028906
0.029032
0.028963
0.029032
0.028705
0.028866
0.028963
0.028809
0.028846
0.029039
0.028933
0.028807
0.028924
0.028827
0.028913
0.028730
0.028759
0.028845
0.029010
0.028952
0.028932
0.028923
0.028952
0.028971
0.028981
0.028884
0.028836
0.028961
0.028971
0.028722
0.028505
0.028505
0.028827
0.028759
0.028596
0.028374
0.028325
0.028241
0.028063
0.028146
0.028349
0.028416
0.234031
0.237155
0.240701
0.236586
0.215348
0.020070
0.023224
0.023351
0.023378
0.028424
0.028548
0.028512
0.028623
0.028654
0.028461
0.028693
0.028586
0.028656
0.028644
0.028495
0.028477
0.028540
0.028561
0.028297
0.028493
0.028540
0.028484
0.028685
0.028409
0.028597
0.028501
0.028702
0.028532
0.028730
0.028704
0.028600
0.028540
0.028561
0.028561
0.028741
0.029314
0.029372
0.029048
0.029058
0.029448
0.029418
0.029398
0.029447
0.029575
0.029330
0.029388
0.029651
0.029446
0.029419
0.029428
0.029516
0.029361
0.029467
0.029450
0.029393
0.029622
0.029204
0.029354
0.029365
0.029507
0.029700
0.029856
0.029749
0.029729
0.030159
0.030271
0.030638
0.169791
0.105081
0.026451
0.027586
0.027538
0.226599
0.235247
0.231116
0.237534
0.240717
0.238767
0.241102
0.235001
0.241382
0.242102
0.264997
0.275826
0.276899
0.277985
0.941947
0.237740
0.237526
0.238811
0.239758
0.241378
0.244364
0.245645
0.235121
0.238086
0.234674
0.203685
0.165689
0.125983
0.047216
0.034657
0.025133
0.027972
0.030353
0.030363
0.030227
0.030442
0.030314
0.030285
0.030189
0.030111
0.030065
0.030276
0.030140
0.030383
0.030314
0.030247
0.030198
0.030285
0.030120
0.233051
0.236109
0.238461
0.236600
0.234675
0.234122
0.235083
0.235218
0.235479
0.235666
0.236219
0.193727
0.136018
0.230588
0.229682
0.368089
0.378832
0.250667
0.229205
0.230197
0.083563
0.062728
0.022402
0.022684
0.024658
0.025165
0.025106
0.025273
0.025523
0.025478
0.025306
0.025655
0.025397
0.025571
0.025694
0.025520
0.025717
0.024473
0.025839
0.022534
0.026949
0.049153
0.049930
0.050308
0.051875
0.051052
0.052256
0.213004
0.230405
0.234035
0.233604
0.233418
0.233876
0.234227
0.090564
0.091490
0.263519
0.268292
0.271560
0.207704
0.031951
0.033061
0.032827
0.033140
0.032431
0.033046
0.033384
0.032772
0.031394
0.032671
0.032740
0.032819
0.032401
0.032714
0.032693
0.032400
0.032792
0.023044
0.022721
0.022538
0.022515
0.022538
0.022673
0.025864
0.025523
0.025436
0.025386
0.024235
0.024396
0.025924
0.024796
0.023194
0.025681
0.026099
0.029129
0.028720
0.028313
0.028065
0.028175
0.027940
0.026696
0.026520
0.026620
0.027213
0.028102
0.027863
0.027892
0.027859
0.027918
0.027535
0.027597
0.027280
0.026113
0.026985
0.026876
0.026295
0.026274
0.026520
0.026197
0.022985
0.023646
0.023639
0.023258
0.032613
0.032623
0.035416
0.028943
0.028980
0.029029
0.029164
0.029200
0.029701
0.029910
0.029786
0.030470
0.030432
0.030540
0.030632
0.030748
0.030458
0.030311
0.030423
0.032961
0.032970
0.033062
0.032987
0.033018
0.034251
0.034251
0.034002
0.033344
0.033663
0.033678
0.033861
0.033631
0.033842
0.034256
0.034032
0.034701
0.033290
0.033367
0.033453
0.033958
0.033942
0.033922
0.035274
0.035264
0.034537
0.034970
0.035479
0.035567
0.034740
0.034717
0.034661
0.034703
0.035033
0.035074
0.035132
0.034886
0.034886
0.034915
0.034800
0.034966
0.034954
0.035132
0.035016
0.035132
0.034923
0.035016
0.034769
0.034910
0.035104
0.034963
0.035661
0.034481
0.027531
0.027508
0.030120
0.035008
0.034907
0.035953
0.036046
0.035631
0.036293
0.036357
0.037150
0.036711
0.036359
0.036398
0.036297
0.036361
0.036322
0.036221
0.036001
0.032966
0.031711
0.033594
0.033324
0.035721
0.035792
0.035690
0.035689
0.035629
0.035554
0.035493
0.035585
0.035422
0.035527
0.035753
0.035465
0.035496
0.035404
0.035990
0.036180
0.035744
0.035351
0.035373
0.035432
0.035288
0.035248
0.035318
0.035452
0.035138
0.035259
0.036334
0.036815
0.037030
0.037149
0.036647
0.036848
0.037021
0.036480
0.036361
0.036452
0.037633
0.037832
0.037822
0.037822
0.037705
0.037309
0.073456
0.028434
0.036833
0.036632
0.036623
0.036751
0.036759
0.036680
0.030752
0.225852
0.230353
0.110423
0.108283
0.108744
0.108835
0.109031
0.228145
0.220595
0.234690
0.234361
0.233141
0.232784
0.216702
0.182492
0.075974
0.075759
0.074680
0.084765
0.056728
0.058992
0.059169
0.058891
0.058476
0.058547
0.057203
0.057250
0.028493
0.032171
0.033167
0.033001
0.033029
0.032881
0.033084
0.222224
0.217633
0.217355
0.174214
0.173700
0.160575
0.165799
0.166801
0.131629
0.123201
0.122801
0.223618
0.213831
0.138429
0.140719
0.138278
0.137347
0.120065
0.238949
0.235870
0.233034
0.238517
0.239049
0.238577
0.238517
0.231426
0.239016
0.224642
0.030760
0.030833
0.033441
0.035295
0.034199
0.035769
0.034825
0.034130
0.032696
0.031064
0.030931
0.029906
0.029766
0.029189
0.029325
0.029067
0.028827
0.029037
0.029157
0.028874
0.028775
0.028828
0.028866
0.028871
0.028953
0.028938
0.028957
0.029171
0.029321
0.029633
0.029748
0.029529
0.029577
0.028881
0.028575
0.028611
0.029891
0.027909
0.028253
0.030543
0.030341
0.029837
0.029984
0.030439
0.034626
0.036744
0.035752
0.035517
0.035336
0.034629
0.032343
0.032354
0.032761
0.033476
0.034000
0.032832
0.032606
0.032321
0.032977
0.034036
0.033524
0.034577
0.034040
0.033873
0.033351
0.032150
0.032198
0.032368
0.031929
0.031549
0.031582
0.031358
0.031363
0.031052
0.031132
0.031181
0.031196
0.030819
0.030713
0.030512
0.030588
0.031362
0.032642
0.031230
0.032516
0.031755
0.032302
0.033947
0.034009
0.033532
0.034860
0.034569
0.034580
0.034047
0.031042
0.031674
0.032026
0.032022
0.033528
0.033521
0.031490
0.031746
0.031698
0.031805
0.032823
0.032441
0.030200
0.031116
0.031506
0.030642
0.031146
0.032147
0.032511
0.033001
0.033199
0.029051
0.029208
0.028826
0.028921
0.029124
0.029143
0.029517
0.029398
0.029930
0.029096
0.029614
0.032197
0.034792
0.034396
0.033854
0.033916
0.032834
0.031350
0.031133
0.032433
0.032340
0.031698
0.031451
0.032785
0.034414
0.035236
0.032183
0.031376
0.031282
0.031514
0.029771
0.030288
0.031154
0.033260
0.034998
0.034374
0.031080
0.030595
0.030001
0.030243
0.031960
0.032545
0.032311
0.031304
0.032263
0.032193
0.031310
0.030700
0.030621
0.030238
0.030578
0.031731
0.032286
0.032237
0.031801
0.031891
0.030796
0.048966
0.044795
0.044741
0.044319
0.037580
0.037758
0.037937
0.037366
0.037078
0.037114
0.036363
0.036570
0.036943
0.222981
0.227887
0.036612
0.038593
0.038732
0.038576
0.038600
0.038528
0.038479
0.038468
0.038436
0.038548
0.038451
0.038403
0.038412
0.038493
0.038364
0.038344
0.038376
0.038128
0.038192
0.038208
0.038208
0.038188
0.038104
0.038233
0.038040
0.038289
0.038140
0.038153
0.038088
0.038265
0.038547
0.038449
0.038580
0.038262
0.038327
0.038327
0.038399
0.038375
0.038213
0.038319
0.038431
0.038302
0.038149
0.038117
0.038181
0.038133
0.038213
0.038347
0.038417
0.038999
0.039047
0.039865
0.040528
0.040503
0.039478
0.039651
0.039547
0.039545
0.039445
0.039583
0.039511
0.039668
0.039879
0.039550
0.039556
0.039707
0.039608
0.039433
0.039879
0.039721
0.039663
0.039887
0.039906
0.039845
0.039898
0.039898
0.040237
0.040397
0.040330
0.040579
0.040537
0.040518
0.040800
0.041328
0.041793
0.042443
0.042263
0.041610
0.040352
0.040619
0.040657
0.040307
0.040234
0.040399
0.040466
0.040184
0.040353
0.040457
0.040287
0.040844
0.041044
0.040825
0.040649
0.041087
0.041223
0.040972
0.040937
0.040844
0.040610
0.040425
0.040816
0.040749
0.041545
0.041743
0.041640
0.040473
0.040796
0.040974
0.041100
0.041322
0.042309
0.042326
0.042426
0.041568
0.042124
0.042049
0.041762
0.041795
0.041998
0.042566
0.042138
0.043078
0.044401
0.045281
0.045194
0.045052
0.044832
0.044751
0.043691
0.043300
0.043306
0.043480
0.043895
0.044428
0.044482
0.044590
0.044366
0.044374
0.044057
0.044023
0.044048
0.043994
0.043646
0.043814
0.043941
0.043840
0.043794
0.043693
0.043806
0.043882
0.043760
0.043419
0.043531
0.043472
0.043453
0.043801
0.043878
0.043973
0.043823
0.043853
0.043690
0.043763
0.043915
0.043393
0.043533
0.043533
0.043627
0.043900
0.044132
0.043994
0.043900
0.043870
0.043836
0.043776
0.043917
0.043951
0.043815
0.043985
0.043849
0.043781
0.043632
0.043654
0.043721
0.043654
0.043426
0.043519
0.043620
0.043365
0.043547
0.043870
0.044063
0.044132
0.045027
0.045717
0.045313
0.045934
0.047444
0.047953
0.048334
0.048731
0.048853
0.047479
0.047353
0.047581
0.047713
0.047747
0.047588
0.047335
0.047534
0.047261
0.047207
0.047475
0.047521
0.047346
0.046564
0.046796
0.046367
0.046286
0.045610
0.045736
0.045654
0.045768
0.046016
0.045861
0.045875
0.045869
0.045524
0.045707
0.045336
0.045498
0.045552
0.045956
0.045554
0.045807
0.045772
0.045656
0.045937
0.045922
0.046985
0.047389
0.048375
0.047863
0.047727
0.048363
0.048611
0.048849
0.049087
0.049242
0.049261
0.049252
0.049180
0.048938
0.049077
0.049159
0.048945
0.049206
0.049110
0.049050
0.048862
0.048846
0.048783
0.048916
0.048963
0.048846
0.050195
0.050352
0.049922
0.049796
0.049734
0.049844
0.049060
0.048870
0.049084
0.049440
0.049503
0.049334
0.048845
0.048907
0.048776
0.048647
0.048687
0.048216
0.048148
0.048067
0.048019
0.048122
0.048019
0.047918
0.047959
0.047884
0.047837
0.047865
0.047845
0.047613
0.047565
0.047689
0.047484
0.047539
0.047397
0.047630
0.047548
0.047583
0.047748
0.047664
0.047860
0.048152
0.048159
0.048757
0.048936
0.049226
0.049334
0.049400
0.049364
0.049674
0.049865
0.049848
0.049813
0.050013
0.049942
0.050270
0.050417
0.050336
0.050518
0.050757
0.050868
0.050841
0.050796
0.050897
0.050878
0.051000
0.051202
0.051248
0.051540
0.052130
0.052260
0.052464
0.052779
0.052583
0.052666
0.052888
0.052944
0.052871
0.052972
0.052982
0.052991
0.052992
0.052939
0.052912
0.052989
0.053115
0.053137
0.053183
0.053009
0.053294
0.053157
0.053104
0.053179
0.053133
0.053133
0.052977
0.053157
0.053020
0.053068
0.052977
0.053179
0.053277
0.053251
0.052955
0.053170
0.053254
0.053107
0.053130
0.053215
0.053398
0.053179
0.053218
0.053280
0.053218
0.053408
0.053218
0.053297
0.053326
0.053254
0.053290
0.053261
0.053326
0.053254
0.053336
0.053336
0.053336
0.053137
0.053320
0.053102
0.053248
0.053137
0.053300
0.053121
0.053238
0.053212
0.053265
0.053265
0.053141
0.053177
0.053077
0.052994
0.052923
0.052753
0.052895
0.052859
0.052959
0.052982
0.052875
0.052900
0.052935
0.052928
0.052935
0.052946
0.052828
0.052928
0.052789
0.052782
0.052737
0.052682
0.052622
0.052422
0.052543
0.052390
0.052437
0.052315
0.052303
0.052492
0.052409
0.052480
0.052346
0.052370
0.052398
0.052327
0.052449
0.052540
0.052334
0.052263
0.052398
0.052153
0.052122
0.051992
0.052133
0.052168
0.052093
0.052204
0.052193
0.052157
0.052232
0.052122
0.052168
0.051917
0.051905
0.051917
0.051870
0.052122
0.052047
0.051976
0.052011
0.051905
0.051892
0.051870
0.051810
0.051976
0.051846
0.051846
0.051751
0.051645
0.051665
0.051870
0.051559
0.051614
0.051685
0.051775
0.051728
0.051629
0.051771
0.051617
0.051771
0.051680
0.051799
0.051645
0.051476
0.051609
0.051581
0.051496
0.051645
0.051751
0.051715
0.051534
0.051546
0.051464
0.051429
0.051441
0.051378
0.051464
0.051331
0.051499
0.051464
0.051213
0.051261
0.051359
0.051347
0.051468
0.051404
0.051404
0.051264
0.051397
0.051306
0.051440
0.051404
0.051334
0.051299
0.051389
0.051330
0.051539
0.051264
0.051224
0.051570
0.051574
0.051503
0.051570
0.051440
0.051503
0.051404
0.051574
0.051314
0.051404
0.051271
0.051404
0.051264
0.051347
0.051229
0.051404
0.051334
0.051354
0.051229
0.051201
0.050295
0.050365
0.050267
0.050260
0.050330
0.050365
0.050247
0.050260
0.050317
0.050260
0.050302
0.050156
0.050096
0.050073
0.050203
0.050181
0.050263
0.050250
0.050159
0.050029
0.049968
0.049865
0.049755
0.049858
0.049866
0.049811
0.049778
0.049854
0.049730
0.049869
0.049877
0.049696
0.049712
0.049656
0.049670
0.049574
0.049539
0.049643
0.049670
0.049687
0.049692
0.049610
0.049630
0.049554
0.049375
0.049492
0.049610
0.049444
0.049142
0.049032
0.049142
0.049246
0.049268
0.049206
0.049357
0.049233
0.048959
0.049262
0.049193
0.049027
0.049069
0.049158
0.049042
0.048938
0.048637
0.048835
0.048877
0.048822
0.048829
0.048788
0.048851
0.048686
0.048838
0.048873
0.048742
0.048619
0.048838
0.048729
0.048700
0.048860
0.048784
0.048687
0.048557
0.048640
0.048566
0.048675
0.048744
0.048635
0.048600
0.048566
0.048571
0.048709
0.048613
0.048606
0.048675
0.048635
0.048627
0.048285
0.048311
0.048298
0.048258
0.048366
0.048223
0.048408
0.048408
0.048182
0.048299
0.048135
0.048156
0.048320
0.048190
0.048293
0.048212
0.048150
0.048212
0.048280
0.048350
0.048224
0.048177
0.048246
0.048293
0.048293
0.048280
0.048308
0.048397
0.048219
0.048212
0.048156
0.048122
0.048259
0.048224
0.048219
0.048116
0.048116
0.048143
0.048177
0.048315
0.048259
0.048330
0.048130
0.048047
0.047971
0.048074
0.047863
0.048108
0.048061
0.048027
0.047993
0.048061
0.048027
0.047850
0.047924
0.048021
0.048027
0.047639
0.047850
0.047721
0.047823
0.047782
0.047810
0.047802
0.047777
0.047817
0.047905
0.047775
0.047893
0.047707
0.047741
0.047790
0.047810
0.047790
0.047988
0.047845
0.047845
0.047777
0.047782
0.047653
0.047851
0.047707
0.047700
0.047755
0.047613
0.047742
0.047721
0.047585
0.047647
0.047571
0.047702
0.047811
0.047851
0.047695
0.047695
0.047715
0.047695
0.047845
0.047708
0.047544
0.047619
0.047613
0.047429
0.047599
0.047613
0.047429
0.047476
0.047375
0.047442
0.047544
0.047565
0.047565
0.047565
0.047497
0.047429
0.047531
0.047565
0.047388
0.047415
0.047504
0.047328
0.047586
0.047449
0.047260
0.047300
0.047274
0.047505
0.047586
0.047376
0.047484
0.047300
0.047342
0.047388
0.047376
0.047437
0.047437
0.047505
0.047402
0.047300
0.047260
0.047287
0.047192
0.047260
0.047192
0.047097
0.047342
0.047124
0.047124
0.047158
0.047192
0.047022
0.047144
0.046996
0.046948
0.047110
0.046996
0.046887
0.046996
0.046880
0.047016
0.046962
0.047090
0.046874
0.046982
0.046704
0.046948
0.047071
0.046942
0.046894
0.047010
0.046779
0.046908
0.046922
0.046922
0.046793
0.046759
0.046827
0.046888
0.046888
0.046793
0.046718
0.046772
0.046691
0.046691
0.046658
0.046888
0.046848
0.046786
0.046712
0.046719
0.046874
0.046813
0.046806
0.046745
0.046840
0.046678
0.046678
0.046651
0.046658
0.046550
0.046617
0.046759
0.046725
0.046502
0.046739
0.046779
0.046745
0.046712
0.046712
0.046651
0.046678
0.046617
0.046712
0.046725
0.046644
0.046617
0.046644
0.046691
0.046745
0.046583
0.046468
0.046542
0.046497
0.046287
0.046354
0.046468
0.046435
0.046321
0.046321
0.046313
0.046321
0.046246
0.046374
0.046172
0.046253
0.046280
0.046165
0.046300
0.046326
0.046192
0.046326
0.046266
0.046273
0.046401
0.046286
0.046300
0.046394
0.046286
0.046333
0.046314
0.046199
0.046259
0.046273
0.046117
0.046057
0.046184
0.046184
0.046024
0.046071
0.046226
0.046158
0.046104
0.046104
0.046198
0.046164
0.046037
0.046071
0.046071
0.046205
0.046151
0.046151
0.046117
0.046104
0.046104
0.046091
0.046024
0.045864
0.046003
0.045903
0.045944
0.045910
0.045903
0.045795
0.045869
0.045929
0.045936
0.045762
0.045721
0.045929
0.045795
0.045781
0.045721
0.045814
0.045829
0.045829
0.045747
0.045869
0.045747
0.045688
0.045768
0.045721
0.045721
0.045975
0.045881
0.045768
0.045634
0.045768
0.045881
0.045869
0.045929
0.045881
0.045593
0.045734
0.045848
0.045701
0.045835
0.045781
0.045848
0.045755
0.045747
0.045714
0.045768
0.045814
0.045667
0.045721
0.045701
0.045774
0.045755
0.045768
0.045734
0.045554
0.045541
0.045721
0.045654
0.045534
0.045593
0.045667
0.045508
0.045506
0.045560
0.045586
0.045360
0.045334
0.045401
0.045493
0.045319
0.045427
0.045479
0.045386
0.045397
0.045486
0.045371
0.045205
0.045353
0.045220
0.045238
0.045187
0.045139
0.045047
0.045113
0.045225
0.045092
0.045011
0.044919
0.044985
0.044919
0.044952
0.044886
0.044838
0.044762
0.044805
0.044595
0.044693
0.044739
0.044825
0.044645
0.044809
0.044776
0.044669
0.044678
0.044743
0.044669
0.044715
0.044736
0.044861
0.044583
0.044682
0.044476
0.044550
0.044715
0.044604
0.044535
0.044447
0.044542
0.044623
0.044461
0.044385
0.044362
0.044369
0.044443
0.044415
0.044527
0.044415
0.044481
0.044481
0.044514
0.044448
0.044440
0.044382
0.044466
0.044308
0.044367
0.044334
0.044202
0.044448
0.044382
0.044400
0.044334
0.044275
0.044392
0.044275
0.044030
0.044078
0.044161
0.044030
0.044095
0.043965
0.043858
0.043800
0.043972
0.043968
0.044092
0.043910
0.043826
0.043805
0.043780
0.043870
0.043511
0.043715
0.043715
0.043698
0.043470
0.043657
0.043560
0.043702
0.043637
0.043560
0.043628
0.043498
0.043498
0.043433
0.043303
0.043359
0.043343
0.043229
0.043156
0.043246
0.043188
0.042853
0.042917
0.043070
0.042997
0.042988
0.042851
0.042787
0.042613
0.042741
0.042838
0.042700
0.042683
0.042725
0.042619
0.042619
0.042523
0.042727
0.042679
0.042670
0.042670
0.042557
0.042525
0.042630
0.042508
0.042451
0.042429
0.042380
0.042334
0.042314
0.042371
0.042229
0.042249
0.042229
0.042091
0.042107
0.042135
0.042229
0.041900
0.041964
0.041922
0.042022
0.041915
0.041926
0.041869
0.041764
0.041659
0.041494
0.041620
0.041564
0.041511
0.041599
0.041606
0.041511
0.041389
0.041494
0.041366
0.041417
0.041372
0.041372
0.041351
0.041383
0.041503
0.041351
0.041310
0.041526
0.041479
0.041398
0.041310
0.041278
0.041278
0.041413
0.041405
0.041398
0.041462
0.041485
0.041413
0.041542
0.041325
0.041389
0.041261
0.041453
0.041325
0.041413
0.041550
0.041127
0.041278
0.041453
0.041582
0.041769
0.041842
0.041842
0.041805
0.041858
0.041744
0.041825
0.041850
0.041878
0.041870
0.041968
0.041903
0.041822
0.041854
0.041797
0.041733
0.041653
0.041870
0.041653
0.041448
0.041218
0.041291
0.041280
0.041186
0.041210
0.041189
0.041113
0.041113
0.041176
0.041194
0.041310
0.041046
0.041110
0.041043
0.040907
0.040813
0.040907
0.040771
0.040695
0.040851
0.040763
0.040479
0.040722
0.040607
0.040551
0.040484
0.040450
0.040429
0.040335
0.040188
0.040136
0.040124
0.040242
0.040260
0.040086
0.040075
0.039993
0.039995
0.039943
0.039995
0.039919
0.039963
0.039753
0.039901
0.039880
0.039557
0.039611
0.039292
0.039390
0.039352
0.039206
0.039362
0.039258
0.039256
0.039363
0.039456
0.039311
0.039324
0.039238
0.039205
0.039042
0.039042
0.039042
0.039063
0.038908
0.038972
0.038887
0.039024
0.038941
0.038899
0.038795
0.038772
0.038814
0.038868
0.038940
0.038845
0.038224
0.038223
0.038001
0.037883
0.037839
0.037946
0.037989
0.037837
0.037743
0.037823
0.037832
0.037783
0.037790
0.037882
0.037954
0.037954
0.037862
0.037942
0.037870
0.037741
0.037748
0.037635
0.037494
0.037790
0.037585
0.037556
0.037614
0.037503
0.037373
0.037331
0.037353
0.037473
0.037341
0.037359
0.037368
0.037361
0.037482
0.037342
0.037372
0.037412
0.037402
0.037328
0.037268
0.037481
0.037389
0.037504
0.037450
0.037359
0.037207
0.037319
0.037298
0.037147
0.036975
0.037034
0.037147
0.037075
0.037196
0.037086
0.037116
0.036985
0.036843
0.036711
0.036754
0.036734
0.036534
0.036704
0.036411
0.036374
0.036135
0.036185
0.036048
0.035897
0.036179
0.036041
0.036100
0.036028
0.035977
0.036057
0.036044
0.036044
0.036001
0.035826
0.035667
0.035733
0.035805
0.035675
0.035611
0.035640
0.035632
0.035711
0.035581
0.035677
0.035716
0.035775
0.035716
0.035677
0.035758
0.035746
0.035635
0.035619
0.035547
0.035380
0.035417
0.035514
0.035526
0.035338
0.035430
0.035497
0.035628
0.035338
0.035438
0.035434
0.035353
0.035216
0.035258
0.035258
0.035316
0.035316
0.035245
0.035224
0.035414
0.035372
0.035401
0.035303
0.035216
0.035057
0.035057
0.035078
0.035028
0.034898
0.034970
0.035086
0.034848
0.035028
0.034906
0.034712
0.034719
0.034640
0.034384
0.034244
0.034328
0.034441
0.034447
0.034347
0.034269
0.034297
0.034283
0.034226
0.034141
0.034155
0.034020
0.034197
0.034026
0.033997
0.033955
0.034005
0.033948
0.033854
0.034061
0.033805
0.033777
0.033749
0.033684
0.033551
0.033543
0.033543
0.033566
0.033416
0.033444
0.033257
0.033317
0.033352
0.033253
0.033230
0.033287
0.033251
0.033097
0.032993
0.032970
0.032950
0.032983
0.032858
0.032850
0.032724
0.032668
0.032378
0.032297
0.032092
0.032070
0.031845
0.031907
0.031685
0.031683
0.031632
0.031690
0.031639
0.031546
0.031584
0.031463
0.031646
0.031499
0.031665
0.031510
0.031435
0.031353
0.031381
0.031357
0.031385
0.031370
0.031334
0.031247
0.031266
0.031141
0.031083
0.031032
0.031032
0.031017
0.031009
0.030800
0.030881
0.030418
0.030170
0.029944
0.029946
0.030004
0.030034
0.030164
0.030067
0.030048
0.029796
0.029999
0.029771
0.029653
0.029802
0.029558
0.029384
0.029141
0.029089
0.029013
0.028849
0.028774
0.028658
0.028399
0.028275
0.028371
0.028297
0.028068
0.028189
0.027833
0.027757
0.027761
0.027812
0.027692
0.027601
0.027618
0.027500
0.027366
0.027295
0.027153
0.027227
0.027198
0.027156
0.026922
0.026911
0.026843
0.026870
0.026892
0.027039
0.026874
0.026974
0.026902
0.026906
0.026952
0.026927
0.026885
0.026952
0.026864
0.026859
0.026834
0.026953
0.026808
0.026808
0.026733
0.026641
0.026670
0.026645
0.026425
0.026427
0.026501
0.026454
0.026354
0.026313
0.026452
0.026451
0.026314
0.026238
0.026173
0.026189
0.026151
0.025959
0.025933
0.025444
0.025331
0.025240
0.025098
0.025084
0.025069
0.024979
0.025041
0.024747
0.024747
0.024665
0.024479
0.024420
0.024390
0.024360
0.024385
0.024265
0.024176
0.024216
0.024179
0.024118
0.024123
0.024039
0.024035
0.023928
0.024058
0.023928
0.023857
0.023764
0.023770
0.023628
0.023606
0.023674
0.023579
0.023648
0.023529
0.023561
0.023690
0.023626
0.023603
0.023575
0.023467
0.023528
0.023551
0.023444
0.023467
0.023055
0.022803
0.022698
0.022858
0.022880
0.022737
0.022749
0.022771
0.022554
0.022404
0.022381
0.022372
0.022394
0.022319
0.022178
0.022113
0.022146
0.021943
0.021727
0.021832
0.021707
0.021707
0.021672
0.021651
0.021761
0.021348
0.021462
0.021323
0.021323
0.021153
0.021040
0.020931
0.020794
0.020769
0.020769
0.020546
0.020493
0.020449
0.020506
0.020461
0.020375
0.020456
0.020384
0.020280
0.020319
0.020266
0.020184
0.020058
0.020110
0.020184
0.019987
0.019955
0.019875
0.019705
0.019617
0.019407
0.019407
0.019397
0.019196
0.019238
0.019173
0.019064
0.019157
0.018912
0.018736
0.018692
0.018661
0.018577
0.018537
0.018673
0.018490
0.018438
0.018539
0.018512
0.018423
0.018595
0.018553
0.018630
0.018581
0.018571
0.018630
0.018509
0.018591
0.018630
0.018520
0.018630
0.018493
0.018335
0.018474
0.018316
0.018316
0.018269
0.018354
0.018393
0.018312
0.018380
0.018360
0.018360
0.018245
0.018260
0.018222
0.018255
0.018354
0.018255
0.018260
0.018212
0.018241
0.018317
0.018285
0.018278
0.018118
0.018017
0.018013
0.018060
0.018044
0.018032
0.017763
0.017641
0.017598
0.017628
0.017481
0.017471
0.017353
0.017300
0.017237
0.017234
0.017102
0.017160
0.017134
0.017086
0.017052
0.016965
0.016854
0.016859
0.016773
0.016737
0.016780
0.016806
0.016728
0.016776
0.016726
0.016665
0.016673
0.016584
0.016557
0.016626
0.016627
0.016566
0.016463
0.016480
0.016421
0.016480
0.016429
0.016403
0.016348
0.016403
0.016417
0.016441
0.016444
0.016417
0.016470
0.016460
0.016462
0.016331
0.016436
0.016418
0.016288
0.016220
0.016189
0.016137
0.016113
0.015945
0.015897
0.015904
0.015845
0.015791
0.015517
0.015474
0.015419
0.015296
0.015184
0.015132
0.015099
0.015094
0.014969
0.014923
0.014913
0.015011
0.014932
0.014901
0.014890
0.014828
0.014890
0.014729
0.014699
0.014538
0.014490
0.014390
0.014423
0.014366
0.014345
0.014284
0.014270
0.014270
0.014085
0.014167
0.014111
0.014129
0.014268
0.014052
0.014086
0.013995
0.013901
0.013856
0.013750
0.013767
0.013658
0.013530
0.013341
0.013136
0.013110
0.013079
0.013014
0.012894
0.012872
0.012754
0.012722
0.012614
0.012539
0.012407
0.012312
0.012133
0.012042
0.012098
0.012189
0.011994
0.011824
0.011727
0.011634
0.011576
0.011485
0.011406
0.011417
0.011317
0.011289
0.011216
0.011173
0.011085
0.011073
0.010952
0.010966
0.010915
0.010785
0.010739
0.010602
0.010658
0.010582
0.010573
0.010495
0.010433
0.010301
0.010313
0.010219
0.010126
0.010039
0.009990
0.009988
0.009946
0.009934
0.009805
0.009774
0.009780
0.009824
0.009729
0.009713
0.009526
0.009549
0.009481
0.009462
0.009387
0.009320
0.009375
0.009366
0.009351
0.009262
0.009140
0.009185
0.009187
0.009177
0.009039
0.008948
0.008909
0.008784
0.008772
0.008674
0.008512
0.008516
0.008400
0.008282
0.008152
0.008048
0.007890
0.007759
0.007611
0.007539
0.007535
0.007391
0.007377
0.007288
0.007218
0.007117
0.007135
0.007083
0.006971
0.006919
0.006823
0.006827
0.006749
0.006712
0.006670
0.006506
0.006464
0.006377
0.006361
0.006249
0.006268
0.006238
0.006143
0.006134
0.006133
0.006086
0.006093
0.006074
0.005973
0.005989
0.006038
0.006000
0.006048
0.006005
0.006000
0.005933
0.005932
0.005981
0.005933
0.005887
0.005895
0.005896
0.005889
0.005888
0.005889
0.005946
0.005907
0.005891
0.005804
0.005806
0.005808
0.005788
0.005784
0.005769
0.005721
0.005723
0.005688
0.005645
0.005572
0.005646
0.005648
0.005619
0.005538
0.005524
0.005568
0.005754
0.005655
0.005628
0.005557
0.005668
0.005591
0.005615
0.005522
0.005435
0.005248
0.005232
0.005093
0.005021
0.004800
0.004697
0.004700
0.004711
0.004646
0.004485
0.004362
0.004260
0.004252
0.004109
0.004066
0.004093
0.004153
0.004082
0.003975
0.003935
0.003915
0.004057
0.003932
0.003914
0.003820
0.003765
0.003661
0.003634
0.003565
0.003587
0.003558
0.003480
0.003628
0.003573
0.003608
0.003637
0.003518
0.003506
0.003526
0.003500
0.003500
0.003546
0.003670
0.003613
0.003623
0.003476
0.003501
0.003446
0.003413
0.003543
0.003569
0.003567
0.003541
0.003537
0.003453
0.003450
0.003433
0.003675
0.003502
0.003471
0.003426
0.003341
0.003384
0.003217
0.003242
0.003201
0.003270
0.003298
0.003160
0.003198
0.003185
0.003313
0.003284
0.003228
0.003185
0.003228
0.003202
0.003073
0.003088
0.003116
0.003075
0.003216
0.003159
0.003173
0.003146
0.003062
0.003296
0.003564
0.003598
0.003609
0.003588
0.003496
0.003553
0.003318
0.003213
0.003189
0.003232
0.003212
0.003229
0.003279
0.003265
0.003143
0.003100
0.003119
0.003104
0.003011
0.003023
0.002864
0.003005
0.003457
0.003622
0.003575
0.003436
0.003372
0.003337
0.003337
0.003364
0.003453
0.003546
0.003442
0.003534
0.003611
0.003496
0.003507
0.003493
0.003485
0.003453
0.003338
0.003293
0.003388
0.003362
0.003509
0.003420
0.003643
0.003491
0.003381
0.003247
0.003153
0.003141
0.003184
0.003259
0.003321
0.003384
0.003281
0.003334
0.003320
0.003322
0.003389
0.003626
0.003593
0.003572
0.003651
0.003315
0.003359
0.003279
0.003594
0.003778
0.003741
0.003785
0.003848
0.003901
0.003878
0.003818
0.003650
0.003770
0.003782
0.003698
0.003797
0.003672
0.003593
0.003593
0.003514
0.003523
0.003467
0.003402
0.003424
0.003402
0.003389
0.003532
0.003598
0.003791
0.003745
0.003608
0.003632
0.003574
0.003476
0.003279
0.003365
0.003409
0.003365
0.003267
0.003233
0.003267
0.003452
0.003340
0.003440
0.003518
0.003688
0.003676
0.003756
0.003687
0.003909
0.004016
0.004221
0.004064
0.004043
0.004079
0.003973
0.004011
0.003904
0.003897
0.003825
0.003993
0.004018
0.004069
0.003987
0.004036
0.004221
0.004288
0.004238
0.004255
0.004148
0.004148
0.004306
0.004332
0.004347
0.004326
0.004434
0.004372
0.004475
0.004649
0.004506
0.004611
0.004495
0.004390
0.004401
0.004438
0.004381
0.004220
0.004351
0.004489
0.004378
0.004495
0.004300
0.004395
0.004395
0.004532
0.004464
0.004479
0.004288
0.004272
0.004312
0.004289
0.004260
0.004296
0.004296
0.004401
0.004599
0.004599
0.004595
0.004515
0.004518
0.004594
0.004714
0.004934
0.005086
0.005142
0.004913
0.004793
0.004821
0.005178
0.005205
0.005121
0.005131
0.004977
0.005130
0.005217
0.005274
0.005216
0.005103
0.004961
0.005114
0.005020
0.005077
0.005003
0.005145
0.005048
0.005088
0.004938
0.005034
0.005091
0.004893
0.004953
0.005135
0.005192
0.005152
0.005135
0.005279
0.005013
0.005139
0.005139
0.005210
0.005112
0.005144
0.005202
0.005230
0.005272
0.005329
0.005449
0.005490
0.005316
0.005308
0.005320
0.005380
0.005441
0.005324
0.005490
0.005386
0.005418
0.005330
0.005274
0.005330
0.005303
0.005307
0.005249
0.005252
0.005409
0.005264
0.005237
0.005225
0.005167
0.005208
0.005138
0.005268
0.005117
0.005353
0.005239
0.005281
0.005239
0.005368
0.005324
0.005471
0.005587
0.005356
0.005478
0.005356
0.005361
0.005364
0.005520
0.005464
0.005434
0.005305
0.005262
0.005493
0.005438
0.005509
0.005523
0.005308
0.005443
0.005387
0.005443
0.005505
0.005438
0.005606
0.005446
0.005420
0.005387
0.005475
0.005238
0.005387
0.005547
0.005610
0.005454
0.005491
0.005547
0.005520
0.005543
0.005299
0.005403
0.005559
0.005649
0.005533
0.005619
0.005665
0.005488
0.005529
0.005605
0.005480
0.005526
0.005593
0.005602
0.005651
0.005609
0.005690
0.005628
0.005539
0.005539
0.005483
0.005383
0.005425
0.005467
0.005555
0.005513
0.005370
0.005589
0.005614
0.005585
0.005425
0.005429
0.005555
0.005429
0.005412
0.005458
0.005295
0.005429
0.005370
0.005282
0.005395
0.005483
0.005321
0.005412
0.005526
0.005341
0.005425
0.005395
0.005483
0.005408
0.005525
0.005614
0.005454
0.005467
0.005509
0.005609
0.005454
0.005425
0.005429
0.005429
0.005399
0.005517
0.005546
0.005559
0.005458
0.005500
0.005483
0.005399
0.005311
0.005454
0.005266
0.005324
0.005308
0.005266
0.005253
0.005308
0.005253
0.005180
0.005408
0.005295
0.005395
0.005379
0.005408
0.005467
0.005379
0.005379
0.005324
0.005324
0.005395
0.005526
0.005501
0.005585
0.005559
0.005383
0.005497
0.005539
0.005644
0.005517
0.005429
0.005635
0.005649
0.005543
0.005614
0.005576
0.005695
0.006025
0.006042
0.006004
0.006166
0.005948
0.005771
0.005831
0.005996
0.005903
0.006354
0.006179
0.005938
0.006085
0.006291
0.006548
0.006780
0.006752
0.006567
0.006567
0.006567
0.006498
0.006491
0.006542
0.006423
0.006529
0.006574
0.006646
0.006582
0.006545
0.006533
0.006477
0.006328
0.006454
0.006460
0.006477
0.006446
0.006631
0.006677
0.006607
0.006756
0.006616
0.006686
0.006718
0.006622
0.006536
0.006450
0.006473
0.006387
0.006394
0.006324
0.006350
0.006312
0.006425
0.006473
0.006457
0.006497
0.006560
0.006529
0.006403
0.006529
0.006403
0.006497
0.006443
0.006380
0.006518
0.006424
0.006406
0.006474
0.006406
0.006318
0.006380
0.006538
0.006349
0.006411
0.006419
0.006576
0.006344
0.006334
0.006419
0.006554
0.006545
0.006501
0.006763
0.006748
0.006598
0.006725
0.006693
0.006877
0.006908
0.006951
0.006794
0.006774
0.006764
0.006730
0.006678
0.006466
0.006539
0.006602
0.006495
0.006698
0.006624
0.006860
0.006774
0.006806
0.006838
0.006958
0.006688
0.006752
0.006688
0.006720
0.006580
0.006720
0.006811
0.006814
0.006715
0.006943
0.006910
0.006770
0.006834
0.006985
0.007216
0.007150
0.007288
0.007051
0.007156
0.007004
0.007156
0.007092
0.006990
0.007015
0.007015
0.007092
0.006881
0.006969
0.006958
0.006904
0.006978
0.006958
0.006872
0.006881
0.007055
0.007209
0.007320
0.007164
0.007242
0.007221
0.007298
0.007327
0.007275
0.007207
0.007183
0.007153
0.007231
0.007687
0.007470
0.007259
0.007424
0.007238
0.007329
0.007230
0.007353
0.007395
0.007970
0.008050
0.008442
0.008298
0.008298
0.008070
0.008036
0.007920
0.007786
0.007807
0.007792
0.007754
0.007653
0.008029
0.008131
0.008123
0.008021
0.008043
0.008119
0.008256
0.008364
0.008271
0.008263
0.008305
0.008389
0.008470
0.008513
0.008451
0.008397
0.008393
0.008543
0.008482
0.008409
0.008703
0.008805
0.009028
0.009199
0.009026
0.009033
0.009050
0.009097
0.009078
0.009056
0.009286
0.009307
0.009253
0.009164
0.008985
0.009100
0.009436
0.009135
0.008853
0.008949
0.009020
0.009031
0.009319
0.009316
0.009316
0.009221
0.009185
0.009150
0.009298
0.009515
0.009402
0.009462
0.009385
0.009319
0.009311
0.009195
0.009086
0.009302
0.009412
0.009484
0.009223
0.009472
0.009401
0.009341
0.009412
0.009109
0.009583
0.009464
0.009471
0.009464
0.009542
0.009423
0.009586
0.009703
0.009742
0.009826
0.009773
0.009734
0.009770
0.009770
0.009657
0.009603
0.009605
0.009484
0.009567
0.009408
0.009551
0.009479
0.009440
0.009547
0.009475
0.009373
0.009393
0.009464
0.009405
0.009444
0.009428
0.009618
0.009571
0.009464
0.009618
0.009580
0.009571
0.009438
0.009511
0.009582
0.009474
0.009438
0.009547
0.009547
0.009545
0.009580
0.009428
0.009464
0.009547
0.009422
0.009547
0.009428
0.009580
0.009541
0.009509
0.009547
0.009628
0.009742
0.009582
0.009582
0.009664
0.009582
0.009684
0.009561
0.009684
0.009756
0.009756
0.009752
0.009860
0.009561
0.009740
0.009803
0.009844
0.009932
0.010057
0.009984
0.009948
0.009788
0.009597
0.009510
0.009629
0.009664
0.009856
0.009854
0.009782
0.009770
0.010067
0.010071
0.010375
0.010519
0.010344
0.010355
0.010355
0.010390
0.010623
0.010586
0.010534
0.010456
0.010329
0.010296
0.010292
0.010130
0.010350
0.010512
0.010779
0.010852
0.010983
0.010848
0.010613
0.010762
0.010796
0.011015
0.010776
0.010739
0.011199
0.011475
0.011548
0.011671
0.011489
0.011289
0.011336
0.011470
0.011431
0.011105
0.011028
0.011103
0.011027
0.010916
0.010915
0.010903
0.011012
0.011348
0.011510
0.011435
0.011596
0.011738
0.011596
0.011483
0.011582
0.011607
0.011605
0.011604
0.011716
0.011678
0.011716
0.011855
0.011825
0.011991
0.011865
0.011789
0.011989
0.011939
0.011938
0.011976
0.012001
0.012101
0.012280
0.012513
0.012484
0.012433
0.012434
0.012598
0.012496
0.012341
0.012455
0.012416
0.012454
0.012557
0.012518
0.012684
0.012734
0.012596
0.012888
0.012684
0.012671
0.012709
0.012582
0.012467
0.012747
0.012482
0.012428
0.012455
0.012620
0.012697
0.012813
0.012824
0.012609
0.012774
0.012774
0.012774
0.012763
0.012735
0.012929
0.012801
0.012801
0.012598
0.012686
0.012648
0.012686
0.012445
0.012686
0.012763
0.012533
0.012571
0.012511
0.012610
0.012609
0.012609
0.012647
0.012570
0.012686
0.012648
0.012598
0.012686
0.012609
0.013045
0.013006
0.013084
0.013045
0.012879
0.013073
0.012918
0.013006
0.012995
0.012995
0.012879
0.012984
0.012995
0.013023
0.013023
0.013062
0.013190
0.013385
0.013318
0.013475
0.013425
0.013319
0.013319
0.013385
0.013229
0.013425
0.013180
0.013464
0.013532
0.013662
0.013622
0.013533
0.013494
0.013533
0.013533
0.013612
0.013690
0.013562
0.013484
0.013445
0.013562
0.013446
0.013574
0.013485
0.013574
0.013889
0.014167
0.014087
0.014378
0.014418
0.014168
0.014049
0.014248
0.014208
0.014369
0.014580
0.014690
0.014660
0.014520
0.014611
0.014440
0.014641
0.014303
0.014593
0.014434
0.014355
0.014555
0.014846
0.015008
0.015130
0.014958
0.014917
0.014917
0.014748
0.014708
0.014911
0.014871
0.014882
0.014833
0.014862
0.015025
0.014842
0.015025
0.015036
0.014997
0.014877
0.014706
0.014957
0.014957
0.015289
0.015119
0.015158
0.015122
0.015119
0.015404
0.015539
0.015407
0.015324
0.015246
0.015439
0.015318
0.015409
0.015278
0.015402
0.015431
0.015697
0.015475
0.015778
0.015648
0.015854
0.015681
0.015763
0.015722
0.015855
0.015761
0.015611
0.015727
0.015717
0.015595
0.015688
0.015688
0.015851
0.015729
0.015846
0.015813
0.015721
0.015754
0.015979
0.015883
0.015886
0.015807
0.015724
0.015558
0.015730
0.015601
0.015594
0.015609
0.015569
0.015603
0.015598
0.015569
0.015678
0.015510
0.015810
0.015810
0.015891
0.015929
0.015686
0.015766
0.015598
0.015609
0.015601
0.015770
0.015550
0.015730
0.015762
0.015722
0.015814
0.015722
0.015689
0.015803
0.015689
0.015759
0.015932
0.015762
0.015730
0.015565
0.015682
0.015601
0.015762
0.015682
0.015521
0.015689
0.015722
0.015762
0.015895
0.015730
0.015935
0.015902
0.016105
0.015986
0.015891
0.015929
0.015605
0.015858
0.015876
0.015847
0.015876
0.015968
0.015884
0.016183
0.016139
0.016016
0.016022
0.015889
0.016098
0.016060
0.015930
0.015974
0.015933
0.015835
0.015886
0.015967
0.016014
0.016018
0.016059
0.016088
0.015926
0.016007
0.015933
0.016048
0.016055
0.016221
0.016018
0.016059
0.015886
0.016050
0.016018
0.015926
0.016262
0.016303
0.016182
0.016182
0.016227
0.016227
0.016135
0.016308
0.016227
0.016179
0.016168
0.016179
0.016047
0.016181
0.016220
0.016308
0.016100
0.016139
0.016227
0.016227
0.016192
0.016308
0.016220
0.015852
0.015966
0.016064
0.016017
0.016024
0.016220
0.016024
0.016141
0.016094
0.016139
0.016262
0.015926
0.016058
0.016013
0.016058
0.016050
0.016186
0.016260
0.016047
0.016220
0.016105
0.016220
0.016179
0.016111
0.016179
0.016111
0.016168
0.016139
0.016314
0.016220
0.016353
0.016060
0.016192
0.016307
0.016314
0.016348
0.016307
0.016303
0.016226
0.016134
0.016105
0.016094
0.015852
0.016058
0.016145
0.016138
0.016186
0.016318
0.016100
0.016314
0.016181
0.016105
0.016307
0.016307
0.016219
0.016348
0.016186
0.016226
0.016440
0.016179
0.016389
0.016267
0.016307
0.016359
0.016226
0.016271
0.016226
0.016260
0.016305
0.016271
0.016264
0.016224
0.016307
0.016311
0.016301
0.016132
0.016311
0.016092
0.016271
0.016226
0.016427
0.016427
0.016359
0.016345
0.016348
0.016224
0.016264
0.016438
0.016481
0.016429
0.016433
0.016393
0.016393
0.016566
0.016393
0.016305
0.016271
0.016427
0.016305
0.016427
0.016400
0.016519
0.016433
0.016560
0.016427
0.016519
0.016519
0.016644
0.016317
0.016427
0.016560
0.016508
0.016522
0.016603
0.016695
0.016567
0.016608
0.016481
0.016655
0.016515
0.016648
0.016434
0.016313
0.016644
0.016648
0.016608
0.016394
0.016562
0.016526
0.016509
0.016486
0.016475
0.016313
0.016725
0.016822
0.016904
0.016853
0.016898
0.016939
0.016904
0.016859
0.016857
0.016980
0.016982
0.017023
0.017151
0.017535
0.017528
0.017487
0.017622
0.017665
0.017676
0.017670
0.017705
0.017539
0.017583
0.017253
0.017335
0.017670
0.017540
0.017748
0.017422
0.017586
0.017620
0.017501
0.017542
0.017713
0.017592
0.017589
0.017636
0.017661
0.017726
0.017674
0.017708
0.017633
0.017550
0.017550
0.017592
0.017504
0.017509
0.017509
0.017504
0.017545
0.017504
0.017422
0.017809
0.017592
0.017586
0.017468
0.017840
0.018272
0.018014
0.018267
0.018265
0.018230
0.018099
0.018141
0.018066
0.017978
0.017926
0.017857
0.018199
0.018240
0.018363
0.018806
0.018754
0.018669
0.018570
0.018627
0.018575
0.018575
0.018458
0.018375
0.018239
0.018677
0.018875
0.018893
0.018668
0.018720
0.018752
0.018807
0.018973
0.018850
0.018981
0.018897
0.018850
0.018989
0.019324
0.019295
0.019196
0.019370
0.019159
0.019201
0.019511
0.019468
0.019553
0.019559
0.019639
0.019463
0.019555
0.019466
0.019730
0.019550
0.019688
0.019648
0.019948
0.019867
0.020004
0.020138
0.020266
0.020401
0.019924
0.019878
0.020104
0.020100
0.019983
0.020143
0.020159
0.019980
0.019885
0.019980
0.020025
0.019976
0.019797
0.019906
0.019762
0.019807
0.019587
0.019674
0.019713
0.019811
0.019948
0.019934
0.020019
0.019849
0.019980
0.020075
0.019976
0.019811
0.019808
0.019906
0.019987
0.019895
0.019769
0.019948
0.019892
0.019990
0.019765
0.019765
0.019811
0.019671
0.019723
0.019727
0.019720
0.019811
0.019735
0.019987
0.019811
0.019807
0.019807
0.020149
0.019976
0.020019
0.020550
0.020719
0.020626
0.020851
0.020629
0.020688
0.020507
0.020599
0.020642
0.020599
0.020436
0.020610
0.020564
0.020561
0.020203
0.020436
0.020256
0.020646
0.020956
0.021012
0.021724
0.021943
0.021711
0.022030
0.021764
0.021374
0.020972
0.020844
0.020678
0.020590
0.020855
0.020853
0.020683
0.020821
0.020991
0.020904
0.021205
0.021162
0.021343
0.021603
0.021580
0.022043
0.022456
0.022591
0.022641
0.022235
0.022244
0.022333
0.022030
0.022123
0.022038
0.021985
0.022165
0.022173
0.022165
0.022436
0.022491
0.022455
0.022455
0.022671
0.022367
0.022293
0.022369
0.022281
0.022334
0.022324
0.022638
0.022638
0.022681
0.022782
0.022877
0.022520
0.022381
0.022432
0.022563
0.022434
0.022695
0.022693
0.022563
0.022605
0.022336
0.022663
0.022620
0.022792
0.022890
0.022932
0.022975
0.023281
0.023150
0.023381
0.023333
0.023333
0.023477
0.023171
0.023082
0.023213
0.023010
0.022956
0.023000
0.023125
0.023266
0.023353
0.023140
0.023226
0.023279
0.023279
0.023095
0.023018
0.022955
0.023278
0.023283
0.023452
0.023770
0.023954
0.023981
0.023826
0.023957
0.023782
0.023684
0.023693
0.023751
0.023707
0.023480
0.023567
0.023523
0.023741
0.023751
0.023794
0.023935
0.023969
0.023891
0.023983
0.023808
0.023711
0.023677
0.023580
0.023720
0.023677
0.023677
0.023633
0.023677
0.023537
0.023537
0.023765
0.023547
0.023590
0.023450
0.023450
0.023537
0.023624
0.023547
0.023397
0.023663
0.023668
0.023436
0.023489
0.023306
0.023263
0.023359
0.023176
0.023123
0.022598
0.022855
0.023166
0.023032
0.023123
0.023248
0.023080
0.022936
0.022683
0.022635
0.022754
0.021630
0.022093
0.022401
0.022173
0.022344
0.022956
0.022962
0.023038
0.022952
0.022736
0.022639
0.022596
0.022372
0.022339
0.022510
0.022510
0.022813
0.022813
0.022813
0.023127
0.023118
0.023082
0.023170
0.023179
0.023213
0.023074
0.023029
0.023125
0.022865
0.022956
0.022687
0.022344
0.022216
0.021587
0.022121
0.022472
0.022121
0.021940
0.022372
0.022945
0.023294
0.023202
0.023608
0.023512
0.023510
0.023509
0.023698
0.023518
0.023389
0.023355
0.022760
0.022597
0.022812
0.022553
0.022611
0.022515
0.021729
0.020473
0.020608
0.021408
0.021577
0.021784
0.021870
0.021866
0.022121
0.022650
0.022824
0.022826
0.022685
0.022598
0.022604
0.023040
0.023141
0.023139
0.023138
0.023323
0.023108
0.022575
0.017013
0.018526
0.018059
0.018778
0.018778
0.018666
0.018607
0.020082
0.020328
0.021005
0.021388
0.021429
0.021293
0.021468
0.020813
0.015323
0.013800
0.015898
0.018556
0.020023
0.020400
0.019920
0.019264
0.019562
0.020076
0.020034
0.020685
0.020860
0.021793
0.022287
0.023110
0.023289
0.023115
0.022750
0.022754
0.023252
0.023037
0.023084
0.022739
0.022878
0.022787
0.023068
0.022850
0.023335
0.023439
0.023308
0.022812
0.022652
0.022347
0.022337
0.022071
0.022014
0.022023
0.021633
0.021889
0.022162
0.022238
0.022291
0.022425
0.022638
0.022956
0.022909
0.023040
0.023000
0.022782
0.022789
0.022963
0.023007
0.022832
0.023020
0.023064
0.023104
0.022845
0.022489
0.022393
0.022445
0.022316
0.022531
0.022579
0.022316
0.022718
0.022402
0.022006
0.022145
0.021699
0.022006
0.021869
0.022402
0.022532
0.022858
0.023061
0.023019
0.022704
0.022675
0.022096
0.022064
0.022192
0.021968
0.022149
0.022149
0.022054
0.022006
0.022178
0.022359
0.022188
0.022039
0.022178
0.022307
0.022178
0.022360
0.022135
0.022050
0.021912
0.021950
0.021727
0.021870
0.021902
0.021599
0.021599
0.021168
0.021210
0.021032
0.020895
0.020480
0.020463
0.020153
0.019907
0.020289
0.019716
0.019536
0.019282
0.018867
0.018931
0.019348
0.019240
0.019616
0.019865
0.020367
0.020929
0.020804
0.020538
0.018582
0.018744
0.018490
0.018791
0.018956
0.017329
0.014987
0.014579
0.014000
0.013803
0.013507
0.014647
0.015028
0.016914
0.017525
0.017940
0.019583
0.018536
0.018536
0.019181
0.018747
0.018712
0.018543
0.019134
0.019496
0.019769
0.017775
0.017069
0.016881
0.017370
0.017617
0.017787
0.016795
0.017410
0.018085
0.018644
0.019160
0.019537
0.019592
0.019502
0.018561
0.018511
0.016927
0.017628
0.017765
0.017750
0.017547
0.018133
0.018776
0.018682
0.018598
0.018813
0.018943
0.019375
0.019465
0.019988
0.019902
0.020117
0.019328
0.018688
0.018315
0.012265
0.008998
0.006558
0.006418
0.006319
0.009659
0.011168
0.012309
0.012446
0.011537
0.014089
0.015984
0.017409
0.017934
0.018251
0.019042
0.018736
0.018382
0.018366
0.018505
0.018405
0.018272
0.018574
0.018923
0.018488
0.018793
0.018616
0.018442
0.019406
0.019758
0.019623
0.019897
0.020381
0.020868
0.020107
0.020115
0.019926
0.019460
0.016786
0.017209
0.016759
0.016993
0.016970
0.012069
0.014564
0.015336
0.015333
0.015076
0.014781
0.015000
0.015554
0.015587
0.015452
0.014891
0.016389
0.015320
0.014884
0.014641
0.013496
0.014001
0.014116
0.013989
0.014154
0.014787
0.015158
0.015970
0.016656
0.016727
0.018020
0.019800
0.020388
0.020800
0.021997
0.022299
0.022440
0.022558
0.022401
0.022263
0.022112
0.021874
0.022015
0.021735
0.021730
0.021958
0.021775
0.021151
0.021518
0.021509
0.021789
0.022110
0.022417
0.022610
0.022567
0.022386
0.022486
0.022712
0.022585
0.022859
0.022809
0.022909
0.022780
0.022420
0.022028
0.022569
0.022079
0.022662
0.022622
0.022351
0.022455
0.022272
0.022184
0.021960
0.021664
0.021271
0.021478
0.021478
0.021600
0.021256
0.020741
0.019973
0.019686
0.019414
0.017935
0.017805
0.016326
0.015969
0.014775
0.013603
0.014851
0.014832
0.015008
0.015884
0.015130
0.015889
0.015472
0.015960
0.015479
0.015317
0.015449
0.016270
0.018111
0.017888
0.016567
0.016069
0.016262
0.016848
0.017718
0.017798
0.017960
0.017208
0.017288
0.016418
0.015483
0.014904
0.013042
0.012745
0.012848
0.012725
0.012510
0.011871
0.011607
0.011443
0.010920
0.011398
0.010586
0.011880
0.011724
0.011802
0.011950
0.012452
0.012758
0.012597
0.010855
0.011399
0.008776
0.008373
0.007497
0.005169
0.005793
0.004543
0.004369
0.004576
0.005106
0.005806
0.006679
0.008350
0.008924
0.008439
0.008418
0.008096
0.008418
0.009312
0.008681
0.008714
0.009036
0.008970
0.009087
0.009295
0.009532
0.009638
0.009725
0.009993
0.009721
0.010688
0.010062
0.010338
0.010561
0.011418
0.011441
0.010397
0.010908
0.010735
0.010146
0.009743
0.009660
0.009970
0.010082
0.010117
0.010096
0.010527
0.010991
0.011174
0.011212
0.011273
0.011357
0.011121
0.010995
0.011871
0.013826
0.012787
0.012219
0.011536
0.011936
0.012433
0.012874
0.012714
0.012945
0.011923
0.012086
0.012378
0.012504
0.012101
0.012493
0.012075
0.011457
0.011115
0.011113
0.011123
0.011169
0.012174
0.012048
0.011810
0.011586
0.011660
0.011437
0.011326
0.010600
0.010210
0.010231
0.009882
0.009349
0.009883
0.009662
0.009693
0.009669
0.009342
0.009081
0.008907
0.008915
0.009333
0.009333
0.009388
0.009309
0.008855
0.009037
0.009172
0.008103
0.007709
0.006822
0.007098
0.007753
0.007892
0.008096
0.007253
0.007515
0.006866
0.006532
0.007211
0.007509
0.008602
0.008436
0.007286
0.006491
0.005905
0.004465
0.004924
0.005029
0.004927
0.005559
0.005519
0.006478
0.007406
0.008546
0.008868
0.009501
0.009028
0.009764
0.010296
0.010358
0.010670
0.011408
0.012352
0.012483
0.012533
0.013107
0.013370
0.013543
0.013082
0.012929
0.013290
0.013937
0.014333
0.016197
0.015739
0.016491
0.015567
0.015498
0.016556
0.016359
0.017555
0.017792
0.016831
0.016158
0.015878
0.014868
0.014374
0.014258
0.015061
0.014990
0.015516
0.015600
0.015554
0.015725
0.016765
0.017717
0.018586
0.019057
0.019327
0.019724
0.019668
0.019944
0.020523
0.020427
0.020781
0.020914
0.021324
0.021148
0.021686
0.021734
0.021638
0.021609
0.021435
0.021261
0.021668
0.021945
0.021684
0.021711
0.021898
0.021843
0.021823
0.021793
0.021662
0.021707
0.021441
0.021279
0.021374
0.021420
0.021599
0.021462
0.021561
0.021629
0.021661
0.022149
0.022121
0.022120
0.022344
0.021908
0.021966
0.022009
0.022046
0.022344
0.022439
0.022513
0.022838
0.022829
0.022600
0.023003
0.022883
0.022926
0.023126
0.023104
0.023225
0.023040
0.022768
0.022966
0.022856
0.023317
0.023218
0.023990
0.024034
0.024123
0.023712
0.023758
0.023676
0.023465
0.023333
0.023435
0.023435
0.023661
0.024076
0.024034
0.023946
0.023861
0.023716
0.024308
0.023949
0.024286
0.023277
0.022672
0.022485
0.021990
0.022291
0.021160
0.022049
0.022414
0.021333
0.020759
0.021092
0.020964
0.020763
0.020581
0.020470
0.021019
0.021119
0.021302
0.019921
0.019557
0.019860
0.020069
0.020268
0.020603
0.019853
0.019773
0.020347
0.020288
0.020247
0.020153
0.020432
0.020649
0.020667
0.020985
0.021268
0.021441
0.021424
0.021629
0.021926
0.021926
0.021577
0.021461
0.021645
0.021508
0.021452
0.021315
0.021382
0.021299
0.021424
0.021008
0.021067
0.021132
0.021274
0.021182
0.020937
0.020799
0.020442
0.020181
0.019497
0.018314
0.018343
0.018591
0.018540
0.019024
0.019410
0.019513
0.019467
0.019903
0.020284
0.020808
0.020898
0.020987
0.020898
0.020765
0.020507
0.020510
0.020603
0.020725
0.020817
0.020817
0.020814
0.020820
0.021125
0.020863
0.020639
0.019981
0.020344
0.020334
0.020386
0.020080
0.019827
0.020090
0.020642
0.021218
0.020992
0.020896
0.021218
0.021005
0.020639
0.020301
0.019866
0.019866
0.019733
0.019741
0.019524
0.019438
0.019566
0.019687
0.019690
0.019774
0.019685
0.020061
0.019755
0.019758
0.019412
0.019632
0.019621
0.019677
0.019537
0.019537
0.019705
0.019453
0.018976
0.019226
0.019320
0.019670
0.019956
0.020134
0.020305
0.020405
0.020573
0.020705
0.020532
0.020487
0.020446
0.020409
0.020400
0.020449
0.020366
0.020238
0.020195
0.020022
0.018555
0.019038
0.018812
0.018771
0.018253
0.018428
0.017640
0.017334
0.017248
0.016844
0.016346
0.016545
0.016246
0.016534
0.017676
0.018677
0.018671
0.018464
0.018370
0.018032
0.017936
0.018278
0.018497
0.017904
0.017977
0.018372
0.017893
0.018106
0.018585
0.018449
0.018699
0.018748
0.018627
0.018627
0.018706
0.018754
0.018538
0.018272
0.018029
0.018106
0.018023
0.018147
0.018491
0.019007
0.019187
0.019325
0.019491
0.019667
0.019710
0.019760
0.019405
0.019322
0.019366
0.019152
0.019107
0.019324
0.019362
0.019192
0.019409
0.019155
0.019145
0.019242
0.019422
0.019288
0.019322
0.019375
0.019460
0.019470
0.019460
0.019630
0.019289
0.019120
0.018222
0.016844
0.017887
0.017924
0.017588
0.016887
0.016729
0.018292
0.018416
0.019239
0.019540
0.019502
0.019492
0.019850
0.020023
0.019936
0.019845
0.020298
0.020157
0.018886
0.018756
0.019113
0.018550
0.017754
0.017706
0.017846
0.018769
0.018725
0.018635
0.018802
0.019070
0.019317
0.018977
0.018972
0.019184
0.019154
0.019239
0.019324
0.019229
0.019160
0.019202
0.019197
0.019023
0.019074
0.019113
0.019200
0.019465
0.019196
0.019465
0.019502
0.019673
0.019678
0.019550
0.019423
0.019338
0.019553
0.019468
0.019550
0.019686
0.019379
0.019422
0.019426
0.019337
0.019068
0.018906
0.019080
0.019080
0.019168
0.019337
0.019516
0.019681
0.019244
0.019162
0.018525
0.018181
0.017431
0.017669
0.018047
0.017794
0.017921
0.017958
0.018040
0.017828
0.017491
0.016905
0.017602
0.018112
0.018319
0.018330
0.018654
0.018622
0.018843
0.018885
0.018928
0.018880
0.018712
0.018965
0.018669
0.018497
0.018241
0.017642
0.018070
0.017988
0.017858
0.017724
0.018017
0.018669
0.019103
0.019133
0.018491
0.018449
0.017898
0.018111
0.017986
0.018199
0.018751
0.018921
0.018836
0.019145
0.018970
0.018796
0.018975
0.018975
0.018748
0.018622
0.018533
0.018748
0.018875
0.018970
0.019099
0.018888
0.019149
0.019012
0.019142
0.019279
0.019231
0.018757
0.018851
0.019109
0.019322
0.019449
0.019492
0.019545
0.019409
0.019547
0.019627
0.019590
0.019457
0.019665
0.019718
0.019816
0.019758
0.019811
0.019806
0.019811
0.020074
0.020119
0.019935
0.019947
0.019947
0.020253
0.020249
0.020249
0.020249
0.020652
0.020742
0.020921
0.020921
0.021100
0.021428
0.021462
0.021603
0.021333
0.021378
0.021334
0.021424
0.021207
0.021166
0.021076
0.020986
0.020990
0.021169
0.021122
0.021435
0.021348
0.021482
0.021622
0.021890
0.021799
0.021484
0.021671
0.021715
0.021852
0.021677
0.021992
0.021948
0.021998
0.022077
0.022130
0.022718
0.022620
0.022626
0.022758
0.022767
0.022591
0.022412
0.022635
0.022553
0.022551
0.022639
0.022695
0.022778
0.022615
0.022562
0.022472
0.022079
0.021941
0.022079
0.022303
0.021291
0.021175
0.020507
0.020554
0.020592
0.020332
0.019767
0.020705
0.021528
0.021471
0.021880
0.022043
0.022534
0.022632
0.022856
0.022853
0.022723
0.022909
0.022906
0.022868
0.022916
0.022420
0.022646
0.022344
0.022558
0.022622
0.022559
0.022533
0.022654
0.022479
0.022610
0.022436
0.022534
0.022618
0.022394
0.022359
0.022359
0.022491
0.022390
0.022719
0.022351
0.022368
0.022578
0.022578
0.022359
0.022402
0.022455
0.022455
0.022578
0.022717
0.022629
0.022532
0.022576
0.022578
0.022455
0.022620
0.022620
0.022892
0.022892
0.023156
0.023067
0.022846
0.022943
0.023121
0.023220
0.023308
0.023122
0.023088
0.023174
0.022911
0.022991
0.022768
0.022953
0.022826
0.023093
0.023172
0.023185
0.023040
0.023000
0.023185
0.023185
0.023229
0.023317
0.023281
0.023325
0.023369
0.023007
0.023235
0.022999
0.023050
0.022963
0.022911
0.022832
0.023104
0.022832
0.022476
0.022389
0.022025
0.021812
0.021865
0.021770
0.021379
0.021464
0.021576
0.021482
0.022227
0.022491
0.022404
0.022264
0.022303
0.022262
0.022428
0.022252
0.022114
0.022122
0.022038
0.022071
0.022081
0.021374
0.021812
0.021863
0.021814
0.021900
0.021318
0.021499
0.021671
0.021544
0.021708
0.021716
0.021408
0.021314
0.021667
0.021611
0.021481
0.021396
0.021560
0.020950
0.020993
0.020639
0.020989
0.020989
0.021031
0.020641
0.020506
0.020464
0.020424
0.020536
0.020836
0.020621
0.020716
0.020631
0.020369
0.020277
0.020220
0.020437
0.020999
0.021261
0.021484
0.021531
0.021435
0.021444
0.020913
0.020956
0.020256
0.019753
0.018796
0.017848
0.017559
0.016821
0.016661
0.016535
0.016674
0.016888
0.018193
0.018514
0.018994
0.019505
0.020213
0.020148
0.019981
0.019943
0.019894
0.019846
0.020071
0.020115
0.021051
0.021010
0.021049
0.021148
0.021407
0.021769
0.021958
0.021819
0.022006
0.022090
0.022283
0.022506
0.022557
0.022829
0.022693
0.021929
0.022151
0.022421
0.022619
0.022749
0.022745
0.022895
0.022771
0.022758
0.022720
0.023051
0.022906
0.023181
0.023137
0.022960
0.023143
0.023008
0.022976
0.023018
0.022927
0.023245
0.023110
0.021771
0.020742
0.019552
0.018634
0.018149
0.018765
0.018656
0.019634
0.019961
0.020470
0.020643
0.020759
0.020666
0.020892
0.020654
0.020607
0.020650
0.021184
0.021228
0.020870
0.020689
0.020468
0.020129
0.020211
0.020214
0.020383
0.020777
0.019869
0.019388
0.020386
0.020291
0.020468
0.021043
0.021263
0.021433
0.021483
0.021652
0.022057
0.021750
0.021841
0.021750
0.021531
0.020903
0.020827
0.019920
0.018270
0.017772
0.018190
0.018635
0.018837
0.018874
0.019159
0.019495
0.019930
0.019709
0.020219
0.020262
0.020485
0.021231
0.021506
0.021328
0.021648
0.021638
0.021650
0.021601
0.021606
0.021736
0.021609
0.021474
0.021216
0.019210
0.019676
0.019907
0.020599
0.020504
0.020764
0.020639
0.020678
0.020808
0.020728
0.020981
0.020851
0.020950
0.021080
0.021263
0.021433
0.021250
0.021433
0.021255
0.021116
0.021392
0.021262
0.021035
0.021308
0.021448
0.021438
0.021565
0.021441
0.021095
0.021138
0.021088
0.021268
0.021012
0.021055
0.021138
0.021095
0.020575
0.020437
0.020614
0.019742
0.019534
0.019369
0.019613
0.019948
0.019992
0.020037
0.020026
0.019690
0.019515
0.018818
0.017692
0.018012
0.018103
0.018762
0.019180
0.019303
0.019216
0.018982
0.019171
0.019206
0.019587
0.019729
0.020033
0.019862
0.019857
0.019990
0.020038
0.020034
0.020034
0.019952
0.019901
0.019564
0.019465
0.019164
0.018532
0.018803
0.018927
0.019271
0.019477
0.019390
0.018671
0.017499
0.017422
0.017539
0.017944
0.018611
0.018390
0.018394
0.018515
0.018682
0.018650
0.018888
0.018855
0.018804
0.019189
0.019189
0.019317
0.019364
0.019364
0.019359
0.019231
0.019231
0.019107
0.018473
0.017086
0.017307
0.017267
0.017794
0.017695
0.018122
0.018122
0.018158
0.018195
0.018194
0.018407
0.018704
0.018878
0.018871
0.018791
0.018963
0.018970
0.018982
0.018972
0.018935
0.018715
0.018490
0.017909
0.017818
0.018110
0.018074
0.018144
0.017975
0.017889
0.018188
0.017858
0.017984
0.017809
0.017886
0.017757
0.017634
0.017713
0.017798
0.017589
0.017757
0.017719
0.017633
0.017718
0.017894
0.017499
0.017376
0.017422
0.017340
0.017375
0.017218
0.017633
0.017633
0.017375
0.017413
0.016982
0.016611
0.016530
0.015913
0.015183
0.015379
0.015255
0.015408
0.015486
0.015399
0.014768
0.015070
0.015568
0.015311
0.016629
0.016848
0.017157
0.016897
0.016848
0.016597
0.016022
0.014224
0.012916
0.013142
0.013317
0.013429
0.012631
0.012979
0.013036
0.013896
0.013779
0.013581
0.013663
0.014135
0.014495
0.014623
0.014742
0.015123
0.015570
0.015744
0.015920
0.016127
0.015879
0.015879
0.015952
0.015922
0.016046
0.016203
0.016129
0.016070
0.015782
0.015569
0.015026
0.014867
0.014946
0.014943
0.015022
0.015022
0.014940
0.014689
0.014575
0.014335
0.014465
0.014335
0.014452
0.014539
0.014409
0.014535
0.014497
0.014745
0.014994
0.015034
0.014711
0.014632
0.014464
0.014108
0.014175
0.014252
0.014580
0.014540
0.014549
0.014869
0.014629
0.014758
0.014507
0.014558
0.014416
0.015039
0.015293
0.015160
0.015039
0.015039
0.014998
0.015050
0.014638
0.014758
0.014830
0.014708
0.014421
0.013888
0.013383
0.012904
0.013143
0.013700
0.014178
0.014394
0.014145
0.014235
0.013987
0.013984
0.013956
0.013864
0.013824
0.013875
0.013915
0.014111
0.014110
0.013981
0.013961
0.014002
0.013911
0.013989
0.013804
0.013675
0.013754
0.013715
0.013832
0.013597
0.013558
0.012020
0.011390
0.010945
0.011572
0.012070
0.012728
0.012374
0.012344
0.012394
0.012203
0.012439
0.012426
0.012513
0.012447
0.012358
0.012207
0.012207
0.012331
0.012205
0.012017
0.011941
0.011765
0.011716
0.011418
0.011492
0.011539
0.011428
0.011661
0.011736
0.011810
0.011709
0.012011
0.011796
0.012061
0.012148
0.012061
0.012213
0.012049
0.012061
0.012088
0.012213
0.012062
0.012024
0.012099
0.011898
0.011910
0.011585
0.011698
0.011710
0.011822
0.011822
0.012213
0.012379
0.012469
0.012469
0.012392
0.012379
0.012444
0.012367
0.012444
0.012202
0.012224
0.012099
0.011935
0.011973
0.012011
0.011947
0.011973
0.011973
0.011973
0.011822
0.011784
0.011785
0.011710
0.011684
0.011722
0.011710
0.011722
0.011961
0.011911
0.012048
0.012203
0.012203
0.012102
0.012393
0.012228
0.012239
0.012150
0.012239
0.012074
0.010946
0.010680
0.010309
0.009701
0.009954
0.010630
0.011042
0.011202
0.011551
0.011402
0.011166
0.011105
0.011217
0.011315
0.011291
0.011253
0.011328
0.011452
0.011527
0.011377
0.011640
0.011627
0.011716
0.011527
0.011716
0.011515
0.011868
0.011566
0.011640
0.011291
0.011278
0.011204
0.011315
0.011252
0.010909
0.010982
0.010605
0.010484
0.010654
0.010691
0.010727
0.010850
0.010801
0.010741
0.010851
0.010717
0.010511
0.010331
0.010260
0.010259
0.010260
0.010345
0.010540
0.010469
0.010396
0.010396
0.010361
0.010324
0.010326
0.010556
0.010169
0.010146
0.010182
0.009920
0.010064
0.010256
0.010164
0.010092
0.009949
0.009901
0.009865
0.010009
0.010165
0.009917
0.009796
0.009775
0.009955
0.009968
0.010065
0.010149
0.010149
0.010149
0.009921
0.010149
0.010221
0.010221
0.010367
0.010224
0.010309
0.010404
0.010114
0.010224
0.010137
0.010039
0.010075
0.010039
0.010065
0.010039
0.009885
0.009801
0.009885
0.009638
0.009780
0.009673
0.009759
0.009520
0.009428
0.009570
0.009428
0.009487
0.009467
0.009620
0.009730
0.009552
0.009671
0.009260
0.009341
0.009483
0.009589
0.009698
0.009714
0.009678
0.009642
0.009782
0.009642
0.009500
0.009536
0.009450
0.009500
0.009726
0.009642
0.009833
0.010015
0.010234
0.010088
0.009895
0.009941
0.009977
0.009938
0.010232
0.010390
0.010192
0.010228
0.010408
0.010259
0.010369
0.010476
0.010476
0.010472
0.010350
0.010546
0.010618
0.010544
0.010455
0.010455
0.010455
0.010489
0.010414
0.010484
0.010268
0.010133
0.010131
0.010131
0.010239
0.010095
0.009987
0.009939
0.009810
0.009882
0.010073
0.009798
0.009658
0.009704
0.009789
0.009707
0.009899
0.009899
0.009935
0.010043
0.009902
0.009795
0.010095
0.010022
0.010171
0.009974
0.010011
0.010204
0.010132
0.010022
0.009986
0.009986
0.010059
0.009795
0.009986
0.009830
0.009832
0.009759
0.009796
0.010077
0.009939
0.009939
0.009819
0.009570
0.009536
0.009654
0.009620
0.009811
0.009730
0.009481
0.009329
0.009411
0.009294
0.009446
0.009260
0.009376
0.009344
0.009277
0.008665
0.008631
0.008906
0.008934
0.008955
0.009226
0.008890
0.008816
0.008787
0.008584
0.008789
0.008839
0.008990
0.008889
0.008706
0.008759
0.008687
0.008656
0.008668
0.008759
0.008795
0.008610
0.008780
0.008760
0.008742
0.008811
0.008984
0.009019
0.008953
0.008949
0.008883
0.008949
0.008949
0.008949
0.008660
0.008845
0.008914
0.008965
0.008845
0.008760
0.008949
0.008968
0.008795
0.008933
0.009066
0.008876
0.008845
0.008845
0.008760
0.008776
0.008780
0.008695
0.008829
0.008984
0.008864
0.008911
0.008762
0.008849
0.008914
0.008811
0.008984
0.008880
0.008984
0.009050
0.009003
0.009118
0.009085
0.009242
0.009155
0.009050
0.009155
0.009155
0.009259
0.009306
0.009114
0.009220
0.009220
0.009010
0.009114
0.009114
0.009114
0.008994
0.009064
0.009134
0.009080
0.008958
0.008925
0.009075
0.008993
0.009040
0.008912
0.008740
0.008809
0.008959
0.008843
0.009045
0.008963
0.009064
0.009010
0.008821
0.008928
0.008790
0.008606
0.008708
0.008837
0.008859
0.008759
0.008933
0.008759
0.008587
0.008657
0.008829
0.008933
0.008842
0.008898
0.009050
0.009124
0.009790
0.009821
0.009629
0.009486
0.009377
0.009338
0.009326
0.009475
0.009616
0.009375
0.009470
0.009648
0.009900
0.009808
0.009880
0.009808
0.010019
0.009874
0.009715
0.009751
0.009749
0.009782
0.009818
0.009854
0.010155
0.010031
0.010186
0.010213
0.010292
0.010491
0.010598
0.010657
0.010768
0.010815
0.010762
0.010955
0.010832
0.010705
0.010835
0.010795
0.010721
0.010561
0.010544
0.010399
0.010471
0.010506
0.010703
0.010700
0.010785
0.010455
0.010492
0.010252
0.010082
0.010261
0.010505
0.010527
0.010527
0.010611
0.010525
0.010831
0.010684
0.010513
0.010866
0.010829
0.010830
0.010742
0.010816
0.010777
0.010778
0.010619
0.011010
0.011121
0.011417
0.011997
0.012278
0.012432
0.012520
0.013448
0.013563
0.013745
0.013357
0.013523
0.013457
0.013546
0.013586
0.013112
0.013317
0.013345
0.013461
0.013370
0.013606
0.013566
0.013634
0.013554
0.013346
0.013514
0.013346
0.013375
0.013672
0.014029
0.014229
0.014148
0.014177
0.014087
0.014177
0.014338
0.014168
0.014287
0.014448
0.014198
0.014599
0.015065
0.015342
0.015609
0.015939
0.015929
0.016085
0.015971
0.015786
0.016045
0.016119
0.016078
0.016705
0.016631
0.016655
0.016875
0.017035
0.017256
0.016869
0.017124
0.016948
0.016941
0.016769
0.016770
0.016641
0.016605
0.016729
0.016516
0.016686
0.016768
0.016902
0.017144
0.017054
0.017365
0.017325
0.017273
0.017478
0.017614
0.018396
0.018524
0.018222
0.018047
0.017873
0.017962
0.018134
0.018136
0.017872
0.018057
0.018002
0.018355
0.018481
0.018697
0.018794
0.018746
0.018655
0.018871
0.019054
0.019271
0.019143
0.019932
0.019630
0.019576
0.020200
0.020109
0.020241
0.019976
0.020820
0.021060
0.021322
0.021187
0.021415
0.021505
0.021736
0.021687
0.021831
0.021826
0.021789
0.021656
0.021429
0.021522
0.022022
0.022031
0.022256
0.022117
0.022217
0.022264
0.021999
0.021952
0.021862
0.021686
0.021783
0.022108
0.021934
0.021932
0.021973
0.021847
0.021855
0.021718
0.021767
0.021161
0.021246
0.021064
0.021244
0.020981
0.020981
0.021025
0.020981
0.020898
0.020983
0.020972
0.021137
0.021021
0.021267
0.021577
0.021491
0.021673
0.021620
0.021577
0.021714
0.021489
0.021714
0.022083
0.022646
0.022932
0.022744
0.022744
0.022749
0.022751
0.022837
0.022753
0.022936
0.022911
0.022772
0.022953
0.022826
0.023052
0.023139
0.022963
0.023138
0.023106
0.022888
0.022975
0.022887
0.023119
0.022770
0.022814
0.022814
0.022857
0.022813
0.022986
0.022683
0.022553
0.022511
0.022682
0.022510
0.022587
0.022587
0.022630
0.022726
0.022639
0.022726
0.022683
0.022726
0.022823
0.022716
0.022682
0.022953
0.022855
0.022770
0.022812
0.022898
0.022726
0.022855
0.022682
0.022827
0.022812
0.022740
0.022870
0.022860
0.022953
0.023000
0.023053
0.022912
0.022826
0.022869
0.022827
0.023182
0.022966
0.022922
0.022783
0.022955
0.022966
0.022912
0.022965
0.023225
0.023042
0.023225
0.023278
0.023181
0.023153
0.023095
0.023226
0.023422
0.023210
0.023554
0.023641
0.023562
0.023610
0.023654
0.023480
0.023523
0.023751
0.023663
0.023668
0.023804
0.023847
0.024168
0.024026
0.024026
0.023808
0.023997
0.024084
0.024225
0.024357
0.024225
0.023963
0.024084
0.024181
0.024093
0.024191
0.023977
0.023890
0.023978
0.024065
0.024108
0.024249
0.024239
0.024570
0.024786
0.024746
0.024756
0.024800
0.024814
0.025088
0.024991
0.025000
0.024903
0.024825
0.024962
0.025182
0.025148
0.025202
0.025192
0.025202
0.025296
0.025246
0.025477
0.025668
0.025570
0.025802
0.025856
0.025625
0.025729
0.025773
0.025685
0.025817
0.025966
0.025744
0.026198
0.026169
0.026037
0.025993
0.025994
0.025788
0.025735
0.025736
0.026143
0.026225
0.026829
0.026964
0.027109
0.027388
0.027674
0.028047
0.028147
0.028435
0.028171
0.028359
0.028464
0.028375
0.028195
0.028250
0.028492
0.028228
0.028138
0.027977
0.027798
0.027890
0.027711
0.028033
0.028125
0.028047
0.027948
0.027637
0.027422
0.027324
0.027239
0.027337
0.027387
0.027248
0.027381
0.027161
0.027185
0.027290
0.027195
0.027016
0.027148
0.027044
0.027324
0.027141
0.027318
0.027305
0.027450
0.027637
0.028047
0.027815
0.027913
0.027964
0.028053
0.028065
0.028008
0.028244
0.027937
0.027940
0.028172
0.027851
0.027943
0.028041
0.027956
0.027990
0.027943
0.027813
0.027854
0.027918
0.027819
0.027785
0.027873
0.028194
0.027918
0.027918
0.027965
0.027788
0.027842
0.027965
0.027690
0.027889
0.027889
0.028066
0.027975
0.027571
0.027845
0.028022
0.028155
0.027978
0.028022
0.028012
0.028200
0.028187
0.028152
0.028530
0.028429
0.028289
0.028244
0.028260
0.028171
0.028307
0.028219
0.028543
0.028718
0.028674
0.028721
0.028365
0.028194
0.028238
0.028384
0.028521
0.028476
0.028708
0.029072
0.028654
0.028861
0.028903
0.028861
0.028897
0.028865
0.029187
0.029146
0.029098
0.029142
0.029200
0.029162
0.029111
0.029210
0.029169
0.029392
0.029498
0.029322
0.029421
0.029326
0.029243
0.029396
0.029649
0.030034
0.029992
0.030079
0.030412
0.030237
0.030250
0.030299
0.029885
0.030274
0.030184
0.030332
0.030278
0.030519
0.030388
0.030428
0.030564
0.030626
0.030581
0.030687
0.030952
0.030762
0.030971
0.031066
0.031125
0.031222
0.031367
0.031409
0.031450
0.031405
0.031349
0.031530
0.031371
0.031569
0.031767
0.031497
0.031857
0.031617
0.031877
0.031981
0.032072
0.031997
0.031852
0.031907
0.032320
0.032229
0.032204
0.032250
0.032195
0.032627
0.032732
0.032792
0.032890
0.032773
0.032582
0.033382
0.033245
0.033158
0.033580
0.033454
0.033513
0.033468
0.033459
0.033389
0.033409
0.033546
0.033759
0.033467
0.033719
0.033588
0.033641
0.033278
0.033278
0.100273
0.199313
0.033330
0.033497
0.033610
0.033482
0.033527
0.033307
0.033398
0.033730
0.033995
0.033714
0.033663
0.033691
0.033836
0.033927
0.034164
0.034080
0.034192
0.034147
0.033911
0.034064
0.034018
0.033647
0.033828
0.033837
0.034018
0.034155
0.034064
0.034025
0.034161
0.034070
0.033986
0.033941
0.033986
0.034086
0.033896
0.034086
0.033851
0.033875
0.033739
0.033678
0.033784
0.033875
0.033823
0.033859
0.034193
0.034291
0.034603
0.034412
0.034670
0.034518
0.034388
0.034388
0.034541
0.034541
0.034260
0.034496
0.034655
0.034503
0.034548
0.034648
0.034791
0.034807
0.034846
0.035035
0.034815
0.035006
0.035234
0.035610
0.035424
0.035494
0.035632
0.035256
0.035593
0.035685
0.035502
0.035707
0.035570
0.035753
0.035669
0.035731
0.035593
0.035754
0.035646
0.035608
0.035572
0.035533
0.035661
0.035343
0.035397
0.035375
0.035066
0.035041
0.035161
0.034602
0.035009
0.035297
0.035206
0.035206
0.035206
0.035252
0.035123
0.034996
0.034836
0.034943
0.034909
0.034935
0.034926
0.034971
0.035206
0.034935
0.034954
0.034774
0.035009
0.034864
0.035140
0.035071
0.035404
0.035440
0.035871
0.036061
0.036016
0.035934
0.035762
0.035807
0.035979
0.035672
0.035780
0.035870
0.035900
0.035806
0.035968
0.035878
0.035986
0.036094
0.036737
0.037210
0.037073
0.037164
0.037281
0.037344
0.037719
0.037965
0.037789
0.037890
0.037715
0.037695
0.037621
0.037484
0.037684
0.037647
0.037802
0.037720
0.037547
0.037883
0.037611
0.037692
0.038046
0.037819
0.038429
0.039051
0.038784
0.038684
0.038902
0.039003
0.038783
0.038419
0.038438
0.038547
0.038421
0.038793
0.039176
0.038757
0.038603
0.039241
0.039277
0.039030
0.038938
0.038938
0.039076
0.039121
0.039185
0.039103
0.039093
0.039066
0.039395
0.039286
0.039735
0.039881
0.040640
0.040796
0.040843
0.040953
0.040822
0.040746
0.040385
0.040504
0.040522
0.040477
0.041251
0.041307
0.041751
0.041667
0.041630
0.041323
0.041332
0.041720
0.041397
0.041730
0.041710
0.041710
0.041637
0.042063
0.042034
0.042647
0.043376
0.043526
0.043638
0.043505
0.043343
0.043306
0.043202
0.043026
0.043036
0.043063
0.043704
0.044245
0.044733
0.045033
0.044854
0.045259
0.045615
0.046545
0.047162
0.047241
0.047220
0.046707
0.046873
0.047363
0.047399
0.047617
0.047617
0.047947
0.047803
0.048370
0.048534
0.048522
0.048782
0.049299
0.049113
0.049699
0.049681
0.049532
0.049845
0.050310
0.050094
0.050021
0.050294
0.050023
0.049971
0.050003
0.049605
0.049605
0.049470
0.049535
0.049929
0.050312
0.050090
0.050168
0.050254
0.050262
0.050041
0.050098
0.050073
0.049879
0.049993
0.049821
0.049614
0.049509
0.049270
0.049647
0.049397
0.049647
0.049647
0.049786
0.049729
0.050026
0.050281
0.050340
0.050165
0.050165
0.050072
0.049854
0.049993
0.050086
0.050660
0.050987
0.051196
0.051816
0.051863
0.052304
0.052157
0.051971
0.051553
0.051827
0.051806
0.052067
0.052174
0.052768
0.052941
0.053151
0.053408
0.053465
0.053161
0.052714
0.052689
0.052634
0.052807
0.053319
0.053131
0.053385
0.053539
0.053594
0.053608
0.053571
0.053189
0.053351
0.053452
0.053271
0.053236
0.053064
