0.018303
0.017613
0.019769
0.018580
0.019254
0.019355
0.018232
0.023061
0.024774
0.025274
0.024547
0.023832
0.023827
0.024301
0.027303
0.024376
0.026850
0.027726
0.029057
0.027851
0.029195
0.030585
0.028830
0.048158
0.045067
0.048166
0.050543
0.053838
0.039466
0.035203
0.037660
0.032145
0.030661
0.034318
0.033724
0.040443
0.039518
0.049075
0.042202
0.042526
0.040037
0.034091
0.029493
0.032984
0.038676
0.036097
0.042876
0.040826
0.027142
0.025295
0.024899
0.021625
0.022701
0.021236
0.023356
0.025796
0.026858
0.032314
0.040784
0.033965
0.036784
0.036336
0.035160
0.048875
0.078722
0.058995
0.032101
0.086077
0.080196
0.042180
0.063057
0.044118
0.025108
0.026971
0.031947
0.041321
0.036643
0.031611
0.028656
0.026321
0.026503
0.069500
0.027921
0.026830
0.026261
0.024087
0.023151
0.023227
0.030819
0.029626
0.034915
0.036480
0.039573
0.040392
0.040060
0.041363
0.042961
0.045119
0.043339
0.038385
0.037820
0.034578
0.037099
0.029852
0.022618
0.042209
0.058966
0.069722
0.030000
0.034942
0.034784
0.048508
0.049369
0.043434
0.051915
0.032853
0.031509
0.065586
0.034405
0.034155
0.035175
0.043281
0.043529
0.042360
0.042672
0.043094
0.043562
0.043053
0.043164
0.044135
0.044185
0.043080
0.043567
0.044046
0.044080
0.043895
0.043836
0.043945
0.044473
0.044472
0.044722
0.044335
0.044359
0.043476
0.044223
0.043935
0.044600
0.044625
0.043329
0.044435
0.045113
0.045045
0.044143
0.045024
0.045035
0.047351
0.044525
0.045213
0.044089
0.045163
0.037998
0.040920
0.036973
0.033045
0.048773
0.039458
0.042637
0.045215
0.045931
0.145771
0.039039
0.034987
0.026263
0.027067
0.047557
0.050607
0.038748
0.041878
0.038338
0.051934
0.036650
0.042716
0.046183
0.043023
0.040408
0.045565
0.044435
0.038286
0.036167
0.035918
0.052590
0.056137
0.039077
0.059391
0.027519
0.057086
0.052368
0.034728
0.037200
0.039549
0.045665
0.036759
0.039198
0.034991
0.027596
0.026507
0.031072
0.024191
0.025778
0.028768
0.040910
0.057593
0.057634
0.047039
0.039683
0.043888
0.048799
0.045009
0.048602
0.034829
0.055997
0.036332
0.031973
0.020391
0.024060
0.147053
0.064841
0.056049
0.052416
0.047249
0.043219
0.044731
0.047343
0.039460
0.048178
0.045187
0.044084
0.044146
0.045848
0.046957
0.046433
0.044331
0.044206
0.047199
0.048457
0.048671
0.049014
0.048474
0.047835
0.048961
0.048078
0.047173
0.048642
0.048000
0.047251
0.045976
0.046506
0.046991
0.042920
0.042992
0.045061
0.045598
0.043091
0.047630
0.045366
0.046752
0.044113
0.046963
0.047029
0.047189
0.047077
0.047760
0.048398
0.046046
0.044237
0.043500
0.044655
0.044099
0.047377
0.047886
0.046992
0.048100
0.048427
0.048143
0.047981
0.047555
0.048221
0.047768
0.047943
0.047653
0.046991
0.049038
0.048861
0.051074
0.048635
0.050490
0.051421
0.048898
0.048715
0.049965
0.050822
0.049566
0.050009
0.048374
0.049646
0.050526
0.054528
0.050218
0.048287
0.048975
0.048297
0.049061
0.048531
0.048998
0.045474
0.050124
0.048566
0.048110
0.047270
0.043608
0.049702
0.048979
0.047681
0.051376
0.048113
0.049636
0.043961
0.043155
0.039031
0.059994
0.049590
0.048505
0.047149
0.048376
0.039159
0.043341
0.046708
0.054717
0.050666
0.049914
0.053637
0.050336
0.049839
0.051587
0.047017
0.045533
0.048203
0.048349
0.048738
0.051864
0.050407
0.043881
0.044508
0.047726
0.051004
0.052405
0.051764
0.050643
0.049562
0.049845
0.051197
0.050537
0.050667
0.059710
0.054791
0.056727
0.048119
0.050778
0.053333
0.055452
0.053710
0.053219
0.053825
0.051950
0.052319
0.053904
0.054650
0.054561
0.052238
0.054165
0.052420
0.052569
0.053574
0.054540
0.054427
0.054954
0.056295
0.055909
0.055238
0.054932
0.054765
0.054959
0.058380
0.056150
0.054194
0.060180
0.057980
0.057415
0.055903
0.057240
0.055095
0.056912
0.056611
0.057625
0.057878
0.057996
0.057298
0.057968
0.056452
0.058213
0.057733
0.057185
0.056341
0.062962
0.060044
0.056245
0.056523
0.057857
0.057873
0.060772
0.060944
0.061456
0.059353
0.061855
0.062248
0.062708
0.062195
0.061449
0.057008
0.058318
0.061476
0.062458
0.061079
0.059363
0.059939
0.057477
0.056594
0.056508
0.060395
0.061485
0.060324
0.059221
0.059585
0.057331
0.057591
0.060087
0.062027
0.063319
0.060116
0.064027
0.060028
0.059044
0.063046
0.059118
0.065097
0.060896
0.059747
0.060005
0.063369
0.063576
0.057584
0.059065
0.059532
0.061941
0.060555
0.066564
0.057476
0.064582
0.068656
0.067692
0.062511
0.061118
0.063938
0.064645
0.063041
0.063485
0.061754
0.059905
0.060907
0.064894
0.068457
0.066940
0.067150
0.067411
0.069499
0.066293
0.066298
0.067236
0.065540
0.063564
0.066704
0.064234
0.063203
0.062922
0.064851
0.067313
0.064893
0.069984
0.070008
0.068684
0.069603
0.068625
0.067629
0.064143
0.066147
0.066361
0.067611
0.070117
0.069630
0.067634
0.070761
0.070033
0.068194
0.071103
0.069947
0.070639
0.069264
0.065911
0.069429
0.074993
0.077349
0.073129
0.071182
0.071772
0.074503
0.074318
0.072084
0.072022
0.073643
0.072563
0.073325
0.074114
0.071574
0.069838
0.071732
0.068892
0.072978
0.073095
0.075721
0.075344
0.073176
0.072854
0.071093
0.071589
0.073774
0.073612
0.068524
0.070375
0.065045
0.061932
0.058683
0.070146
0.065751
0.070563
0.071272
0.078292
0.077771
0.072660
0.075674
0.070130
0.064290
0.066108
0.067941
0.075514
0.076314
0.077293
0.076399
0.075427
0.075301
0.076346
0.076439
0.077847
0.076357
0.074779
0.071451
0.077847
0.077899
0.077731
0.078426
0.078122
0.077588
0.076873
0.076462
0.078874
0.077509
0.077241
0.076932
0.078537
0.078100
0.078100
0.075489
0.071585
0.071490
0.078336
0.078030
0.077548
0.078975
0.079206
0.080427
0.079288
0.079986
0.083031
0.081981
0.079969
0.082825
0.081491
0.081366
0.079004
0.081805
0.080813
0.083547
0.081014
0.081160
0.080153
0.080629
0.079695
0.080635
0.080656
0.079548
0.081207
0.081656
0.078400
0.081521
0.079686
0.077225
0.065139
0.071396
0.070475
0.062904
0.063753
0.066786
0.069326
0.065223
0.067475
0.065804
0.066855
0.073377
0.074213
0.075122
0.071676
0.076165
0.076153
0.075308
0.075581
0.075643
0.075294
0.077997
0.080801
0.074156
0.076164
0.076643
0.078076
0.080951
0.081780
0.088019
0.084095
0.077819
0.078767
0.077312
0.078109
0.091954
0.081239
0.078831
0.068509
0.072733
0.088298
0.091741
0.093191
0.089566
0.090623
0.091332
0.087611
0.078474
0.086572
0.072377
0.080341
0.076670
0.074977
0.077399
0.079273
0.080784
0.078934
0.075824
0.076698
0.077183
0.071843
0.069782
0.061605
0.067260
0.071091
0.103060
0.105535
0.090430
0.084395
0.075883
0.089259
0.091109
0.085410
0.083490
0.074275
0.082098
0.086258
0.078757
0.084146
0.093905
0.078376
0.093049
0.100534
0.089732
0.092253
0.095802
0.091790
0.091820
0.091486
0.086413
0.091240
0.092163
0.092745
0.095124
0.097635
0.092898
0.093824
0.092850
0.094943
0.091814
0.095366
0.094049
0.095966
0.098256
0.097004
0.093897
0.096350
0.096930
0.095347
0.096176
0.095713
0.093585
0.096480
0.096971
0.088731
0.093031
0.095088
0.094099
0.091413
0.088040
0.080798
0.086980
0.084222
0.092991
0.094486
0.092949
0.095474
0.094936
0.097400
0.095980
0.096259
0.095227
0.095504
0.093666
0.096294
0.096628
0.095116
0.096036
0.095864
0.095621
0.096645
0.095744
0.097239
0.096870
0.084723
0.084140
0.082963
0.096434
0.096638
0.095800
0.096701
0.095555
0.083414
0.090327
0.092522
0.093140
0.090621
0.080096
0.090051
0.092368
0.082742
0.089689
0.080851
0.082877
0.080821
0.083213
0.081937
0.088293
0.090368
0.091730
0.087354
0.084711
0.086972
0.086239
0.092259
0.087239
0.100463
0.102077
0.094061
0.095459
0.097850
0.097187
0.097029
0.097862
0.096330
0.096386
0.089800
0.086993
0.082472
0.082469
0.098573
0.095177
0.096402
0.096519
0.096510
0.095551
0.097769
0.084177
0.082789
0.094566
0.089378
0.085038
0.080920
0.076775
0.077636
0.079831
0.082510
0.087350
0.093591
0.089519
0.088925
0.087776
0.089230
0.089834
0.092317
0.085253
0.077979
0.086295
0.086870
0.085309
0.087217
0.085364
0.084834
0.082192
0.083971
0.088620
0.097018
0.096549
0.093073
0.082728
0.089057
0.082228
0.082443
0.083575
0.082378
0.084909
0.087681
0.089092
0.089094
0.093108
0.099623
0.099162
0.099381
0.098521
0.098993
0.097988
0.099473
0.098313
0.098507
0.099048
0.097705
0.099284
0.100598
0.100297
0.100907
0.100370
0.101640
0.098387
0.099294
0.100043
0.100965
0.099895
0.100351
0.100897
0.102842
0.102010
0.101611
0.099084
0.091820
0.086953
0.079511
0.112939
0.101903
0.103376
0.084794
0.097440
0.087601
0.082799
0.093110
0.078293
0.081603
0.088446
0.088995
0.094424
0.101088
0.096171
0.086154
0.088827
0.078611
0.084840
0.085773
0.083030
0.086782
0.099644
0.101099
0.093934
0.099322
0.099819
0.099076
0.101830
0.093664
0.096181
0.092671
0.085351
0.086119
0.075713
0.079782
0.086469
0.089175
0.093374
0.098882
0.098506
0.097952
0.092972
0.091430
0.093785
0.097542
0.100418
0.099134
0.090029
0.084494
0.081174
0.077572
0.076750
0.083893
0.080698
0.084991
0.082427
0.083594
0.086260
0.087930
0.096465
0.100898
0.099330
0.102864
0.102362
0.101635
0.098435
0.088602
0.083553
0.086244
0.090040
0.098453
0.096068
0.097784
0.096961
0.098072
0.093045
0.094686
0.094659
0.091732
0.090858
0.095027
0.096977
0.096732
0.097769
0.097314
0.093462
0.094250
0.096144
0.096104
0.096487
0.096916
0.095779
0.095523
0.095428
0.097284
0.094623
0.094834
0.092465
0.091560
0.092745
0.092935
0.091486
0.090803
0.087977
0.089398
0.095370
0.094319
0.097335
0.094005
0.093780
0.093883
0.101015
0.096307
0.101169
0.098819
0.096508
0.097274
0.097013
0.097302
0.092460
0.091218
0.092822
0.091300
0.089592
0.091941
0.094823
0.098219
0.095775
0.097472
0.098649
0.097930
0.096295
0.092162
0.097760
0.094124
0.094155
0.095251
0.096590
0.096620
0.097039
0.098300
0.098490
0.099422
0.098348
0.099002
0.098182
0.098465
0.098766
0.097765
0.097631
0.098367
0.098710
0.098414
0.094127
0.094803
0.093158
0.094463
0.093756
0.095286
0.095708
0.097386
0.091260
0.101696
0.101900
0.099774
0.085462
0.084847
0.083140
0.084463
0.085901
0.085813
0.088835
0.087835
0.090133
0.096615
0.098884
0.099571
0.099564
0.099168
0.097304
0.096892
0.097310
0.094305
0.091362
0.091040
0.093951
0.092248
0.091171
0.096433
0.098570
0.098364
0.097636
0.097529
0.101502
0.098773
0.096945
0.097246
0.097724
0.103695
0.102291
0.103565
0.103096
0.102264
0.101266
0.101714
0.095731
0.095085
0.091800
0.093019
0.093775
0.095392
0.092267
0.093409
0.094269
0.094972
0.096359
0.096589
0.098134
0.098585
0.098116
0.097498
0.097298
0.095677
0.093741
0.094203
0.096566
0.097160
0.096111
0.093522
0.089970
0.095574
0.095216
0.095089
0.095899
0.094727
0.093232
0.095146
0.094846
0.097163
0.097537
0.096791
0.097432
0.096909
0.096626
0.097160
0.093993
0.091445
0.085092
0.089816
0.093891
0.091369
0.092606
0.090289
0.087776
0.090407
0.090179
0.091142
0.092751
0.091612
0.093039
0.096632
0.095382
0.096015
0.094139
0.094023
0.095164
0.095790
0.096403
0.097617
0.097221
0.097495
0.096769
0.098152
0.102035
0.101533
0.102826
0.099346
0.099018
0.098838
0.105571
0.099888
0.099154
0.104385
0.110826
0.104266
0.103321
0.103457
0.102892
0.100063
0.102923
0.103149
0.098833
0.096824
0.099521
0.097343
0.097468
0.100984
0.096158
0.103258
0.106497
0.112426
0.112732
0.112852
0.100769
0.097111
0.098142
0.103212
0.096669
0.095673
0.094177
0.093280
0.094070
0.090580
0.082679
0.078098
0.081127
0.083577
0.083479
0.083741
0.094210
0.095612
0.098892
0.097756
0.097166
0.094808
0.100332
0.099310
0.103702
0.106063
0.104429
0.106574
0.103924
0.102397
0.100930
0.104133
0.104909
0.105332
0.098623
0.106544
0.108039
0.099679
0.103321
0.107855
0.098771
0.102207
0.110174
0.107459
0.108742
0.108428
0.108693
0.108877
0.110402
0.110181
0.109653
0.109464
0.110339
0.109407
0.109457
0.106128
0.110185
0.106866
0.106709
0.096266
0.093345
0.100054
0.101760
0.112605
0.108080
0.108116
0.109155
0.109939
0.109365
0.110467
0.110998
0.111660
0.111408
0.110399
0.111815
0.112215
0.109789
0.112758
0.110311
0.097592
0.107948
0.109662
0.104466
0.101887
0.094813
0.092318
0.097030
0.108601
0.110265
0.111812
0.109683
0.159929
0.098257
0.104001
0.085328
0.073597
0.114650
0.116420
0.115931
0.111448
0.108740
0.111630
0.104796
0.107253
0.106767
0.103227
0.108187
0.107422
0.109768
0.111728
0.109556
0.109946
0.110810
0.108614
0.106493
0.103247
0.123558
0.111485
0.086785
0.093846
0.091023
0.113259
0.108588
0.112782
0.108391
0.110499
0.113455
0.107763
0.109267
0.109702
0.111785
0.110354
0.111604
0.111270
0.113724
0.111338
0.111549
0.110553
0.108630
0.110016
0.096107
0.101437
0.098167
0.090676
0.105781
0.102932
0.093720
0.089333
0.100055
0.102120
0.106651
0.101544
0.094209
0.100603
0.102651
0.116111
0.111911
0.112869
0.116677
0.102087
0.094419
0.097563
0.095829
0.110156
0.110841
0.108620
0.107380
0.104499
0.107673
0.107499
0.110041
0.109217
0.102946
0.113299
0.114200
0.116728
0.110616
0.111590
0.114287
0.114194
0.113030
0.115429
0.105625
0.109109
0.096075
0.096078
0.099398
0.102449
0.107963
0.108029
0.110678
0.112206
0.113560
0.106419
0.115903
0.114315
0.095777
0.106659
0.117687
0.113660
0.114284
0.114571
0.114234
0.116098
0.115653
0.115012
0.115298
0.115211
0.114265
0.114950
0.114224
0.115642
0.117646
0.115621
0.114729
0.113891
0.115366
0.116931
0.118917
0.117841
0.116764
0.113615
0.115530
0.121002
0.119729
0.118229
0.119805
0.119248
0.118379
0.117239
0.117660
0.121540
0.113607
0.122713
0.120331
0.119689
0.119120
0.118011
0.118869
0.117815
0.116260
0.107468
0.104177
0.109638
0.119215
0.109059
0.114972
0.116450
0.108329
0.121555
0.119599
0.114997
0.113456
0.113394
0.117469
0.119697
0.115805
0.110918
0.110734
0.109464
0.108087
0.107324
0.108945
0.110610
0.105600
0.102751
0.103765
0.107669
0.110098
0.116290
0.119785
0.093863
0.093959
0.122949
0.118267
0.136771
0.130080
0.122588
0.125549
0.127290
0.125631
0.122994
0.123294
0.125571
0.125377
0.124571
0.128106
0.126242
0.125845
0.123739
0.124465
0.123913
0.124112
0.126631
0.126256
0.126497
0.119520
0.125636
0.127939
0.127418
0.127139
0.128040
0.126842
0.127343
0.126044
0.127204
0.128498
0.127571
0.127817
0.127198
0.126349
0.127211
0.128084
0.128783
0.128246
0.128989
0.130072
0.129362
0.128778
0.129712
0.129076
0.128668
0.128981
0.128062
0.128509
0.127352
0.128271
0.129579
0.125753
0.127755
0.127902
0.126257
0.124486
0.124163
0.128423
0.123271
0.122544
0.124316
0.128378
0.128707
0.129356
0.127154
0.128484
0.128614
0.128339
0.129527
0.128742
0.128958
0.127658
0.129253
0.129285
0.129221
0.129655
0.128389
0.128455
0.130011
0.129600
0.125922
0.128356
0.127383
0.117050
0.121199
0.129643
0.127961
0.130906
0.130585
0.129655
0.129613
0.130520
0.129422
0.130591
0.129738
0.130114
0.129770
0.129830
0.126904
0.127443
0.130209
0.124996
0.117314
0.119888
0.126527
0.118917
0.112483
0.111509
0.117068
0.177136
0.110483
0.111611
0.111199
0.093447
0.102915
0.113217
0.147751
0.099957
0.085936
0.133681
0.207115
0.177198
0.121577
0.102933
0.126347
0.127907
0.127578
0.126492
0.125167
0.128992
0.123424
0.124666
0.124116
0.122984
0.123914
0.109352
0.120047
0.105921
0.117118
0.116960
0.117458
0.104992
0.112554
0.108598
0.103223
0.125247
0.128854
0.108185
0.122170
0.121845
0.098395
0.098646
0.109325
0.102203
0.119420
0.111312
0.120982
0.129521
0.130570
0.122706
0.128246
0.124140
0.133275
0.131130
0.131170
0.129488
0.127556
0.119783
0.111822
0.115548
0.104429
0.101092
0.104634
0.107087
0.121911
0.108823
0.108859
0.122685
0.105555
0.112668
0.117251
0.117883
0.114815
0.114691
0.117453
0.119624
0.141427
0.130645
0.129127
0.123146
0.117275
0.119128
0.122212
0.127929
0.131420
0.127479
0.119925
0.125266
0.122251
0.118712
0.126429
0.127762
0.123233
0.123808
0.123036
0.131098
0.129044
0.140079
0.132181
0.119718
0.116452
0.121006
0.122715
0.124754
0.126363
0.127320
0.126560
0.128169
0.127543
0.127132
0.129850
0.128952
0.128263
0.128030
0.127653
0.129344
0.128130
0.127457
0.126189
0.122635
0.128518
0.123381
0.121439
0.123694
0.133833
0.129009
0.129462
0.128548
0.124294
0.118847
0.119844
0.121623
0.118634
0.124063
0.122213
0.124251
0.129425
0.130836
0.133437
0.137931
0.131859
0.134023
0.132966
0.135890
0.133228
0.134092
0.134382
0.134016
0.133358
0.133842
0.134069
0.133072
0.130360
0.128713
0.126991
0.124488
0.126859
0.125665
0.126144
0.120272
0.123035
0.125020
0.135874
0.130119
0.124270
0.123983
0.123983
0.125052
0.125510
0.125488
0.122214
0.122598
0.123060
0.124143
0.126742
0.128028
0.127874
0.126898
0.126704
0.120668
0.127121
0.122045
0.124506
0.125238
0.126272
0.127151
0.126904
0.127082
0.128006
0.127440
0.128339
0.127851
0.128354
0.128398
0.126230
0.125342
0.126136
0.123848
0.116153
0.114048
0.131496
0.140067
0.132972
0.127911
0.129650
0.129362
0.118898
0.120352
0.117811
0.120450
0.124077
0.127552
0.127457
0.128170
0.130487
0.124873
0.123577
0.115168
0.108601
0.108120
0.110414
0.113059
0.109710
0.109385
0.110436
0.171043
0.151086
0.143297
0.152406
0.098103
0.099128
0.132000
0.116328
0.114734
0.103476
0.143807
0.140057
0.099573
0.101435
0.095782
0.097082
0.098415
0.137826
0.115369
0.197281
0.501115
0.520466
0.320436
0.168287
0.067998
0.051942
0.062014
0.101814
0.148109
0.034146
0.223306
0.101952
0.102733
0.284174
0.163021
0.088214
0.037749
0.031041
0.074499
0.146194
0.002848
0.021804
0.222086
0.123032
0.009690
0.031298
0.042322
0.344098
0.006732
0.007705
0.038891
0.085772
0.137510
0.286116
0.413242
0.130475
0.080065
0.058625
0.007220
0.344484
0.305496
0.130216
0.045893
0.376122
0.035568
0.474835
0.085681
0.338593
0.184504
0.394985
0.603735
0.358004
0.331777
0.309458
0.084745
0.060569
0.124738
0.183554
0.029467
0.065212
0.375087
0.182369
0.029844
0.147639
0.155044
0.103387
0.002746
0.040235
0.026778
0.022755
0.030673
0.057922
0.073282
0.026992
0.049212
0.094670
0.056213
0.047548
0.035735
0.047939
0.040804
0.031726
0.169455
0.057969
0.058530
0.241625
0.314448
0.030512
0.040852
0.055196
0.030608
0.027716
0.063991
0.039740
0.039336
0.029486
0.025706
0.021957
0.088359
0.258166
0.338532
0.137894
0.564392
0.291027
0.117107
0.124545
0.235288
0.517389
0.415192
0.418940
0.307241
0.408154
0.212835
0.302276
0.089056
0.034018
0.179549
0.031587
0.025070
0.095729
0.115878
0.083230
0.094551
0.198266
0.185610
0.114874
0.116696
0.021101
0.008039
0.067790
0.060612
0.186016
0.032464
0.061751
0.020432
0.195002
0.226941
0.094609
0.034151
0.069555
0.430200
0.226211
0.026019
0.024694
0.062122
0.130696
0.326757
0.181688
0.046822
0.052807
0.058967
0.055078
0.066784
0.070285
0.070901
0.074427
0.064525
0.073644
0.077815
0.238655
0.136697
0.110247
0.056612
0.069987
0.209405
0.310130
0.261895
0.191319
0.100786
0.064081
0.067764
0.085336
0.069549
0.052568
0.055095
0.073426
0.096452
0.078757
0.064191
0.065419
0.077558
0.069151
0.064263
0.067175
0.065052
0.071113
0.066612
0.060795
0.122717
0.169905
0.086784
0.056431
0.053439
0.056466
0.054038
0.057272
0.062296
0.061074
0.063156
0.060204
0.109840
0.082292
0.042169
0.053894
0.041274
0.044037
0.046172
0.048057
0.050183
0.051541
0.053363
0.055825
0.060519
0.060884
0.056325
0.053504
0.052225
0.052690
0.056822
0.046122
0.046301
0.080608
0.085369
0.171862
0.095668
0.073306
0.051863
0.069347
0.038746
0.031655
0.037257
0.043607
0.049055
0.044614
0.043192
0.042613
0.046728
0.086249
0.037955
0.046409
0.038173
0.048696
0.052024
0.051339
0.053142
0.073367
0.068549
0.085410
0.089986
0.092121
0.096597
0.094144
0.094375
0.095932
0.093476
0.091852
0.093175
0.094587
0.098393
0.104631
0.100545
0.100030
0.106318
0.113711
0.114213
0.111356
0.101671
0.098827
0.102951
0.099561
0.104699
0.102289
0.100180
0.099531
0.100603
0.103376
0.097768
0.097961
0.096803
0.097477
0.096333
0.093588
0.095992
0.098025
0.097410
0.099619
0.099560
0.099524
0.096707
0.096890
0.097821
0.099379
0.100795
0.099713
0.100264
0.095515
0.093109
0.091558
0.103541
0.110707
0.088539
0.095146
0.088785
0.101000
0.087597
0.079817
0.091898
0.088784
0.086021
0.088023
0.087045
0.082792
0.084814
0.086345
0.086589
0.096300
0.091369
0.091297
0.099559
0.098347
0.099781
0.101211
0.093341
0.089816
0.089792
0.089700
0.086756
0.083546
0.082226
0.156619
0.133727
0.121949
0.115914
0.099488
0.104414
0.114494
0.101947
0.082209
0.083063
0.085753
0.085899
0.088552
0.092783
0.094320
0.093202
0.092291
0.092384
0.094523
0.093005
0.094036
0.095426
0.095897
0.098702
0.099691
0.109461
0.105610
0.107960
0.097869
0.096715
0.097741
0.095955
0.095402
0.097788
0.093956
0.099714
0.135515
0.098504
0.209444
0.181620
0.124392
0.081015
0.078938
0.070538
0.079385
0.124030
0.108448
0.093594
0.095563
0.095739
0.083828
0.076234
0.074916
0.071888
0.080338
0.084652
0.081674
0.088351
0.082810
0.084893
0.083003
0.088926
0.090796
0.107192
0.107487
0.105979
0.098579
0.097044
0.093818
0.093751
0.096182
0.103311
0.107215
0.099844
0.098778
0.102184
0.102214
0.104702
0.109072
0.106633
0.109286
0.112228
0.109985
0.107783
0.107730
0.107271
0.107920
0.107772
0.110705
0.116188
0.119633
0.117629
0.119860
0.117926
0.117965
0.117500
0.119466
0.120614
0.119829
0.118368
0.118779
0.118932
0.118186
0.118361
0.119559
0.122148
0.121377
0.122148
0.119471
0.119106
0.119459
0.117125
0.116103
0.115377
0.116676
0.115116
0.113456
0.112030
0.109259
0.111074
0.108007
0.108003
0.108406
0.113025
0.111378
0.113247
0.114893
0.114984
0.113752
0.116266
0.119036
0.116287
0.115776
0.116249
0.118922
0.117915
0.118232
0.116925
0.117624
0.117884
0.117679
0.117395
0.116542
0.118208
0.117828
0.116288
0.115885
0.118078
0.118637
0.117934
0.117519
0.117248
0.116962
0.117832
0.117019
0.116570
0.116822
0.116792
0.117243
0.117541
0.116984
0.116605
0.116701
0.117180
0.117667
0.117373
0.117217
0.117923
0.116702
0.117062
0.117717
0.117280
0.117327
0.118181
0.116418
0.117200
0.117649
0.116167
0.116834
0.116368
0.118386
0.117415
0.116797
0.116630
0.115742
0.114921
0.114740
0.114640
0.116903
0.115395
0.115046
0.116136
0.116461
0.116531
0.117027
0.115720
0.115555
0.116921
0.115746
0.116229
0.116366
0.116593
0.117494
0.116328
0.114771
0.114616
0.115679
0.114646
0.115524
0.116043
0.115888
0.115460
0.116052
0.116768
0.116687
0.117185
0.115601
0.116236
0.115524
0.115949
0.115497
0.115719
0.115589
0.115012
0.115240
0.115084
0.115434
0.114697
0.115113
0.114418
0.115527
0.115434
0.114672
0.114128
0.116858
0.116454
0.115732
0.116228
0.116345
0.116379
0.114142
0.112522
0.116459
0.114181
0.115366
0.114827
0.116590
0.116583
0.114871
0.115233
0.114953
0.114421
0.114696
0.114552
0.115116
0.115118
0.115078
0.115582
0.115938
0.116135
0.115939
0.115872
0.114724
0.113923
0.115200
0.116971
0.116081
0.116188
0.116512
0.116317
0.115651
0.113941
0.115242
0.116496
0.117549
0.117893
0.118907
0.116531
0.116859
0.116428
0.116940
0.118266
0.115299
0.117094
0.116122
0.117203
0.117776
0.119381
0.120491
0.120366
0.120970
0.119089
0.122115
0.124018
0.123567
0.121962
0.118290
0.118968
0.120526
0.119233
0.120664
0.119075
0.119099
0.118421
0.118550
0.117976
0.117093
0.118420
0.117432
0.117748
0.117432
0.117492
0.117492
0.117557
0.117591
0.117363
0.117499
0.117953
0.118014
0.116367
0.116214
0.116704
0.116736
0.116365
0.116769
0.116443
0.115401
0.119006
0.119670
0.118607
0.116248
0.116656
0.114680
0.115862
0.117622
0.122422
0.114810
0.119200
0.119424
0.119536
0.118827
0.120160
0.122128
0.121047
0.120849
0.118765
0.119528
0.121735
0.120698
0.120074
0.120110
0.117211
0.118924
0.117645
0.118514
0.117883
0.118009
0.117966
0.118671
0.118353
0.119401
0.118837
0.119494
0.120296
0.121685
0.120994
0.120519
0.120329
0.122454
0.120728
0.119723
0.120831
0.119916
0.122852
0.122070
0.121852
0.122829
0.122575
0.121018
0.121304
0.119338
0.120111
0.121179
0.120953
0.123106
0.123116
0.123473
0.122877
0.122667
0.119916
0.119190
0.121425
0.121834
0.120441
0.120449
0.120022
0.121817
0.121405
0.119313
0.120264
0.120883
0.119928
0.119604
0.119405
0.117542
0.118707
0.117642
0.117456
0.116599
0.116837
0.117344
0.117187
0.117313
0.117429
0.118357
0.117087
0.116595
0.116683
0.117685
0.116053
0.116698
0.118620
0.119611
0.119477
0.119108
0.119061
0.117979
0.119036
0.118320
0.118353
0.118198
0.117904
0.118228
0.118032
0.116775
0.116440
0.117745
0.117365
0.117240
0.118072
0.117942
0.117488
0.117144
0.117398
0.117499
0.117429
0.117749
0.117523
0.117301
0.117745
0.117594
0.118456
0.118851
0.119100
0.118290
0.118198
0.118844
0.118550
0.118976
0.119007
0.119268
0.119767
0.118650
0.119539
0.118226
0.116819
0.117648
0.117942
0.116620
0.118425
0.117974
0.117108
0.119652
0.118164
0.117329
0.117302
0.118851
0.119670
0.119006
0.118164
0.120518
0.116629
0.118007
0.118390
0.118198
0.118906
0.116430
0.120265
0.122387
0.120773
0.119746
0.120606
0.122237
0.121245
0.119479
0.119190
0.118549
0.121522
0.120357
0.120463
0.124150
0.121479
0.122199
0.123849
0.122455
0.122333
0.122947
0.121765
0.121611
0.122218
0.120083
0.122480
0.121894
0.124621
0.122246
0.124223
0.122285
0.127080
0.125170
0.124048
0.126589
0.125612
0.125889
0.123961
0.121339
0.129137
0.125094
0.129455
0.127755
0.127724
0.124280
0.125104
0.124914
0.123204
0.126866
0.126343
0.126319
0.126675
0.127309
0.127137
0.125973
0.127925
0.125582
0.128892
0.124918
0.127841
0.127425
0.127646
0.128018
0.128886
0.127840
0.129144
0.127910
0.126275
0.127059
0.126015
0.125510
0.127683
0.128663
0.131349
0.131109
0.129709
0.130182
0.130440
0.128027
0.128135
0.128063
0.129029
0.129794
0.129693
0.128528
0.129065
0.128262
0.126331
0.126401
0.125200
0.127356
0.128392
0.127570
0.127658
0.125904
0.129297
0.127234
0.128729
0.127628
0.126768
0.125412
0.124272
0.125279
0.127067
0.126438
0.126613
0.129130
0.128762
0.130404
0.126199
0.125322
0.126098
0.124544
0.125687
0.125433
0.125559
0.121847
0.125723
0.125115
0.125241
0.124863
0.126820
0.126102
0.125156
0.123981
0.123155
0.122526
0.122622
0.124835
0.124583
0.124291
0.123077
0.122428
0.125562
0.124971
0.124280
0.124279
0.123343
0.124651
0.124403
0.125662
0.126588
0.126467
0.126640
0.126980
0.130922
0.128055
0.128348
0.128688
0.127948
0.126173
0.128735
0.128042
0.129765
0.127418
0.126796
0.129939
0.133529
0.130078
0.128838
0.129235
0.130100
0.128289
0.128155
0.127524
0.127113
0.126979
0.127398
0.127329
0.127197
0.127074
0.126222
0.127804
0.126306
0.126782
0.128276
0.127973
0.127948
0.127518
0.128246
0.127358
0.128332
0.128678
0.126852
0.129054
0.131704
0.129200
0.129590
0.129615
0.130159
0.129478
0.129646
0.129188
0.128233
0.129323
0.128327
0.127298
0.128420
0.128232
0.126024
0.126655
0.125833
0.123057
0.125097
0.124491
0.124794
0.124572
0.123379
0.123101
0.123484
0.123753
0.126203
0.127731
0.126200
0.126946
0.125115
0.123235
0.126295
0.124007
0.124647
0.123402
0.125027
0.123779
0.122855
0.123519
0.125108
0.124209
0.124122
0.123142
0.124813
0.124659
0.124912
0.123339
0.123838
0.123362
0.124849
0.125011
0.123978
0.123885
0.123280
0.123287
0.123690
0.124169
0.124647
0.122478
0.123340
0.123446
0.123539
0.123671
0.124518
0.123790
0.123308
0.123312
0.122295
0.122093
0.123176
0.122505
0.121715
0.121503
0.120415
0.121627
0.121337
0.120724
0.120987
0.120410
0.121009
0.120952
0.121078
0.119787
0.120585
0.119211
0.120216
0.121034
0.121229
0.120484
0.119908
0.120506
0.119312
0.119347
0.119120
0.120745
0.119388
0.118292
0.119315
0.119567
0.118660
0.118451
0.118976
0.118626
0.119626
0.119631
0.117473
0.120042
0.118455
0.118089
0.119219
0.118587
0.117517
0.118130
0.118258
0.118229
0.117509
0.116356
0.117344
0.116918
0.116323
0.115865
0.116112
0.116504
0.117015
0.115016
0.117883
0.116542
0.116229
0.115005
0.113954
0.115165
0.115478
0.114173
0.113810
0.117025
0.116738
0.116038
0.114996
0.113159
0.113840
0.113594
0.112633
0.112834
0.113637
0.115341
0.113420
0.113201
0.110975
0.110251
0.109646
0.107794
0.111778
0.111132
0.110056
0.111244
0.109192
0.109341
0.108540
0.110413
0.112717
0.110467
0.110814
0.108284
0.104276
0.109956
0.108841
0.108509
0.108297
0.109871
0.107687
0.107647
0.106377
0.106905
0.105077
0.105552
0.103470
0.104785
0.105980
0.107384
0.105265
0.101750
0.102279
0.103403
0.102616
0.104261
0.102920
0.102094
0.100365
0.100587
0.101362
0.106269
0.104722
0.106590
0.109534
0.108294
0.108466
0.108016
0.106200
0.104982
0.104254
0.104315
0.104348
0.103667
0.103702
0.102113
0.101312
0.099680
0.101241
0.102227
0.102842
0.103100
0.105834
0.105381
0.103429
0.105734
0.102449
0.102189
0.102610
0.102627
0.100823
0.101517
0.100526
0.101423
0.100561
0.101841
0.100650
0.102493
0.103107
0.100809
0.100524
0.099789
0.102574
0.101154
0.101852
0.102487
0.103106
0.102350
0.101427
0.101519
0.100412
0.102710
0.098111
0.100986
0.101205
0.100109
0.100889
0.100162
0.098967
0.100363
0.098260
0.098885
0.098347
0.094958
0.094908
0.097020
0.098340
0.098891
0.099041
0.098689
0.100497
0.099054
0.098378
0.097701
0.097723
0.099992
0.101472
0.097301
0.099162
0.098760
0.098064
0.096503
0.098363
0.095990
0.095665
0.093304
0.092443
0.091630
0.089964
0.091815
0.091491
0.094097
0.092293
0.090549
0.093970
0.093694
0.092377
0.093408
0.091611
0.091843
0.091237
0.093374
0.103331
0.095795
0.094297
0.094238
0.094727
0.094614
0.093505
0.092300
0.092926
0.091917
0.091198
0.092549
0.090469
0.090846
0.091365
0.092061
0.092367
0.091974
0.089368
0.090267
0.091882
0.091728
0.089939
0.088782
0.089884
0.090664
0.090604
0.089795
0.088599
0.088979
0.089723
0.088810
0.087633
0.088127
0.089386
0.087236
0.088159
0.086321
0.089087
0.087203
0.086258
0.086989
0.084794
0.085094
0.086029
0.084909
0.087939
0.086442
0.086348
0.085744
0.084879
0.086907
0.086279
0.085865
0.086215
0.086363
0.085676
0.084952
0.085244
0.084739
0.085054
0.084505
0.083415
0.085338
0.082791
0.081477
0.081303
0.083883
0.084470
0.082903
0.082221
0.084650
0.084565
0.084414
0.083114
0.082761
0.083721
0.083691
0.082350
0.084588
0.081467
0.082249
0.081055
0.081038
0.083159
0.081491
0.082469
0.081427
0.081842
0.080787
0.080882
0.080388
0.080362
0.079268
0.079027
0.078905
0.081579
0.080479
0.082235
0.079045
0.081009
0.081350
0.078808
0.079796
0.080027
0.078228
0.079530
0.079247
0.079851
0.079319
0.078345
0.077897
0.077779
0.077801
0.078504
0.079026
0.080046
0.078612
0.077891
0.076912
0.076528
0.076815
0.078199
0.078694
0.078050
0.078193
0.078706
0.077724
0.076096
0.076115
0.077017
0.076586
0.076930
0.075985
0.075073
0.075620
0.077756
0.076784
0.075349
0.075635
0.075155
0.076338
0.075078
0.075190
0.076105
0.075495
0.076494
0.074505
0.071861
0.076394
0.076514
0.076399
0.074418
0.075882
0.074482
0.074231
0.074907
0.074159
0.075470
0.074305
0.074046
0.073929
0.073900
0.074733
0.072663
0.072149
0.073946
0.074679
0.074002
0.073419
0.075898
0.074147
0.072938
0.071603
0.075540
0.075768
0.073946
0.074581
0.072312
0.071539
0.072897
0.073013
0.071637
0.072985
0.072064
0.070974
0.071229
0.069701
0.071017
0.071318
0.071009
0.073145
0.072491
0.072871
0.071970
0.072378
0.072728
0.072797
0.071105
0.071157
0.070165
0.070982
0.071359
0.070168
0.068616
0.070925
0.067526
0.067236
0.070264
0.070639
0.071340
0.069568
0.070149
0.071989
0.070665
0.068363
0.067906
0.069265
0.069046
0.069521
0.070002
0.069319
0.066959
0.070836
0.070378
0.067805
0.066669
0.066567
0.065463
0.065682
0.063363
0.067192
0.068942
0.066102
0.066845
0.065343
0.067981
0.068317
0.067521
0.067466
0.068206
0.069054
0.067958
0.068630
0.068203
0.067870
0.064897
0.065123
0.066295
0.069351
0.065345
0.066881
0.067640
0.066288
0.067343
0.065721
0.066912
0.068524
0.066379
0.066215
0.063925
0.064234
0.064347
0.068085
0.066203
0.066427
0.064838
0.063735
0.062514
0.064466
0.064564
0.064564
0.064714
0.064437
0.063716
0.065817
0.064344
0.064454
0.066403
0.064375
0.063986
0.064397
0.064032
0.064812
0.064082
0.063403
0.060759
0.061579
0.061435
0.064764
0.064304
0.063665
0.066781
0.065020
0.063772
0.062914
0.063335
0.064472
0.066516
0.063132
0.062797
0.062001
0.062745
0.063598
0.061595
0.060284
0.060764
0.059233
0.059382
0.060944
0.059585
0.063508
0.059446
0.060310
0.060905
0.059482
0.059870
0.063438
0.062257
0.062984
0.062430
0.062783
0.063610
0.062819
0.062288
0.063342
0.061527
0.061231
0.060804
0.060267
0.061045
0.058593
0.058385
0.060363
0.060335
0.062140
0.059578
0.059425
0.058691
0.058332
0.057321
0.060268
0.061473
0.062256
0.061652
0.059754
0.059014
0.060417
0.060049
0.060747
0.061110
0.063169
0.060345
0.061768
0.061279
0.061585
0.059615
0.059058
0.061175
0.059301
0.058973
0.057778
0.058907
0.058557
0.060325
0.059139
0.059166
0.058299
0.061194
0.059221
0.060751
0.058809
0.060466
0.058079
0.063109
0.059644
0.056814
0.057272
0.058074
0.056583
0.056511
0.056252
0.059660
0.059491
0.059003
0.057870
0.057954
0.056123
0.053408
0.055485
0.055539
0.056834
0.058995
0.056341
0.060228
0.059402
0.058121
0.057679
0.058976
0.058511
0.057898
0.058091
0.056312
0.055830
0.057575
0.059320
0.060337
0.058793
0.058262
0.059410
0.057384
0.057982
0.055331
0.056835
0.054704
0.055471
0.055376
0.057271
0.055228
0.054694
0.055835
0.052772
0.053223
0.054158
0.056368
0.056313
0.055902
0.054021
0.051971
0.055875
0.054633
0.055822
0.054511
0.054267
0.053259
0.054259
0.055250
0.056763
0.057565
0.055638
0.056260
0.054978
0.056392
0.053647
0.054061
0.056304
0.057133
0.057035
0.057562
0.058855
0.055980
0.056679
0.055338
0.052497
0.054397
0.053033
0.051815
0.052506
0.053009
0.054202
0.054086
0.054415
0.052900
0.052079
0.054146
0.054176
0.054740
0.053738
0.051242
0.052561
0.053529
0.053705
0.052139
0.051645
0.055053
0.052395
0.053674
0.051890
0.053192
0.052313
0.051915
0.051068
0.053139
0.050771
0.049404
0.052979
0.052261
0.052314
0.054257
0.051994
0.052767
0.050469
0.051049
0.050665
0.050110
0.051513
0.052748
0.051195
0.052896
0.050111
0.054963
0.049923
0.052172
0.051786
0.053467
0.049958
0.049887
0.053814
0.051704
0.051651
0.052606
0.048924
0.049833
0.051333
0.049424
0.050743
0.053834
0.050426
0.051880
0.050067
0.051145
0.050057
0.049801
0.050057
0.049186
0.049765
0.048968
0.051360
0.047498
0.048231
0.048149
0.047332
0.048777
0.048026
0.048043
0.046903
0.050182
0.045721
0.049162
0.045002
0.047572
0.045771
0.046159
0.044452
0.043585
0.044566
0.046005
0.046706
0.049052
0.048505
0.047616
0.049005
0.044449
0.042681
0.041958
0.042751
0.046731
0.047071
0.043733
0.044163
0.043707
0.043706
0.045942
0.047025
0.047517
0.046604
0.046064
0.044061
0.043871
0.043422
0.045599
0.042763
0.042321
0.047184
0.045443
0.045876
0.046803
0.046579
0.045288
0.047032
0.043017
0.045963
0.044252
0.045494
0.039455
0.039325
0.042372
0.040967
0.038545
0.039942
0.042328
0.043757
0.040277
0.046554
0.047474
0.044486
0.046351
0.044549
0.043910
0.043655
0.039977
0.039346
0.040542
0.041019
0.041889
0.044204
0.041236
0.041402
0.039847
0.038373
0.039510
0.041223
0.040261
0.040785
0.038468
0.036608
0.036880
0.036684
0.037034
0.037439
0.039509
0.044658
0.032090
0.037402
0.036711
0.031674
0.036397
0.035297
0.035053
0.032068
0.036769
0.033501
0.033215
0.033719
0.035197
0.034074
0.036476
0.037700
0.038499
0.039303
0.038409
0.037088
0.035480
0.039490
0.039094
0.040737
0.040683
0.040406
0.033848
0.040205
0.035544
0.032202
0.033766
0.034562
0.034124
0.034047
0.034846
0.034190
0.033477
0.032291
0.032483
0.032026
0.033479
0.035128
0.030879
0.033633
0.033936
0.033233
0.035280
0.035916
0.034101
0.035776
0.037012
0.032606
0.032053
0.032201
0.032889
0.030519
0.034989
0.034359
0.033482
0.033297
0.034579
0.030188
0.032408
0.032747
0.033548
0.036895
0.031139
0.031792
0.028571
0.030142
0.030307
0.029273
0.030375
0.028876
0.027341
0.026839
0.027172
0.028152
0.029327
0.028997
0.027430
0.028094
0.033748
0.035152
0.027240
0.030813
0.035406
0.029146
0.025935
0.024805
0.029916
0.030152
0.030994
0.029271
0.028550
0.030023
0.031049
0.030275
0.029835
0.026404
0.027848
0.029108
0.029772
0.032124
0.032071
0.031214
0.030754
0.029089
0.029434
0.028305
0.026808
0.029884
0.029624
0.028165
0.026267
0.028494
0.032148
0.029188
0.029324
0.030493
0.028213
0.028169
0.028710
0.028546
0.027186
0.029711
0.029419
0.031519
0.029203
0.024166
0.024071
0.025305
0.026055
0.027362
0.025876
0.029490
0.025470
0.022389
0.027441
0.026000
0.024593
0.025530
0.026889
0.025438
0.024129
0.025491
0.027979
0.024975
0.026425
0.027064
0.028209
0.025886
0.021891
0.024730
0.031241
0.023357
0.016518
0.018456
0.021635
0.022520
0.019763
0.023213
0.041472
0.021764
0.019014
0.017459
0.016723
0.020370
0.022483
0.020198
0.019853
0.018908
0.020896
0.021699
0.018638
0.017414
0.018605
0.018424
0.021015
0.021813
0.018679
0.017273
0.019991
0.016062
0.023024
0.014716
0.020936
0.023023
0.011538
0.021108
0.017477
0.021282
0.024415
0.023352
0.017715
0.016908
0.016431
0.015041
0.015874
0.013059
0.015014
0.017315
0.019380
0.020142
0.015779
0.014462
0.014221
0.017286
0.018697
0.013021
0.014520
0.015285
0.015777
0.015703
0.016541
0.014588
0.015184
0.017579
0.016440
0.017093
0.020908
0.015640
0.015284
0.017259
0.014506
0.016130
0.016039
0.019569
0.019159
0.015604
0.012796
0.026457
0.012392
0.013124
0.015250
0.009307
0.010089
0.010298
0.009593
0.010863
0.011148
0.011297
0.010300
0.012865
0.012911
0.011050
0.011384
0.011473
0.011703
0.012105
0.012161
0.011800
0.013960
0.012158
0.015018
0.011031
0.010287
0.012489
0.015114
0.012258
0.013917
0.011698
0.009604
0.008853
0.009729
0.008882
0.007781
0.007820
0.008438
0.007010
0.011501
0.005079
0.007774
0.008338
0.008829
0.008578
0.008680
0.007505
0.008647
0.008767
0.012048
0.011763
0.009530
0.009616
0.009140
0.008992
0.015852
0.006862
0.005645
0.010928
0.012846
0.009202
0.012782
0.001795
0.003850
0.011303
0.008089
0.002202
0.010359
0.003228
0.004888
0.005221
0.004104
0.004053
0.018294
0.005865
0.003175
0.001968
0.010180
0.005156
0.017378
0.003204
0.002765
0.014547
0.002322
0.002305
0.002821
0.003485
0.003527
0.002741
0.003438
0.008031
0.005835
0.008225
0.003331
0.005235
0.006273
0.032376
0.010531
0.012448
0.006239
0.004550
0.016325
0.002527
0.004610
0.003008
0.004254
0.004875
0.008269
0.004221
0.004908
0.006517
0.007330
0.007209
0.005031
0.005130
0.005035
0.005000
0.019933
0.002913
0.010031
0.023059
0.032654
0.036612
0.004386
0.000513
0.064250
0.010132
0.025781
0.000629
0.000900
0.004186
0.005109
0.003813
0.003585
0.001848
0.005605
0.002311
0.002258
0.002488
0.003431
0.003139
0.002891
0.008587
0.006026
0.008712
0.006667
0.002223
0.054607
0.014496
0.009735
0.004867
0.010872
0.001567
0.009975
0.003133
0.000079
0.001231
0.000423
0.001117
0.001118
0.004774
0.002146
0.003904
0.002077
0.000879
0.010001
0.003233
0.040327
0.025887
0.020861
0.099541
0.021176
0.001092
0.000031
0.000151
0.064213
0.026701
0.005704
0.022588
0.000490
0.000697
0.000949
0.002884
0.006467
0.002903
0.000072
0.007622
0.000245
0.002034
0.002134
0.003801
0.002016
0.006141
0.027761
0.039016
0.013944
0.004862
0.004382
0.002793
0.001198
0.023403
0.020177
0.013647
0.041143
0.007558
0.000000
0.004162
0.002139
0.000538
0.000774
0.001892
0.046955
0.084454
0.017566
0.024720
0.024122
0.029226
0.044478
0.002015
0.000039
0.001793
0.000312
0.000805
0.001499
0.004055
0.002716
0.001833
0.001673
0.031994
0.050035
0.009238
0.002048
0.050949
0.027025
0.000381
0.001467
0.000747
0.009679
0.000170
0.001253
0.000157
0.006090
0.040846
0.058300
0.053510
0.012344
0.005314
0.009772
0.023240
0.002265
0.008038
0.001049
0.001358
0.000050
0.008100
0.065099
0.046208
0.067397
0.047713
0.021972
0.004022
0.000212
0.000757
0.000222
0.001031
0.000055
0.001395
0.000042
0.005256
0.000371
0.003460
0.015281
0.108600
0.056531
0.002959
0.002118
0.001257
0.000620
0.000336
0.000021
0.002646
0.000377
0.010700
0.016142
0.008030
0.002296
0.039369
0.069239
0.024923
0.007554
0.004020
0.001093
0.000646
0.010248
0.006436
0.012110
0.006313
0.002987
0.000220
0.009460
0.000329
0.000550
0.003008
0.006661
0.009715
0.001038
0.000656
0.010449
0.030554
0.013275
0.014963
0.001646
0.006446
0.001365
0.000660
0.002185
0.000190
0.001545
0.003815
0.001060
0.001592
0.000226
0.002195
0.000409
0.000761
0.006400
0.017813
0.042124
0.003804
0.003213
0.006308
0.016159
0.004714
0.001589
0.000883
0.010450
0.000364
0.003497
0.011147
0.002381
0.001000
0.000233
0.002372
0.002254
0.000335
0.011715
0.008085
0.004989
0.004121
0.004757
0.004663
0.013227
0.000020
0.026912
0.008288
0.012612
0.002042
0.003444
0.004181
0.005061
0.020137
0.018705
0.007225
0.013325
0.014960
0.005420
0.004408
0.009745
0.001108
0.001733
0.001107
0.000321
0.005404
0.001509
0.001493
0.000812
0.000845
0.015312
0.010266
0.007760
0.003782
0.002839
0.000780
0.001379
0.001265
0.008456
0.003917
0.003201
0.001403
0.001282
0.001414
0.002468
0.001192
0.004442
0.007024
0.015720
0.003685
0.001669
0.001023
0.002575
0.001004
0.000190
0.000141
0.001298
0.000638
0.002889
0.000335
0.012971
0.004706
0.000551
0.001069
0.000936
0.005718
0.007703
0.002866
0.002443
0.002876
0.004617
0.001744
0.006881
0.002493
0.000405
0.002209
0.002173
0.007652
0.004475
0.000874
0.004969
0.061818
0.034367
0.044810
0.007869
0.007109
0.014814
0.009032
0.006513
0.013117
0.004282
0.006461
0.006642
0.007367
0.014622
0.003127
0.001171
0.000261
0.000437
0.001253
0.001305
0.001908
0.001908
0.001586
0.006515
0.000346
0.002901
0.006073
0.001737
0.006427
0.004444
0.005468
0.001112
0.024139
0.010040
0.003327
0.003128
0.013557
0.000416
0.014316
0.003833
0.018626
0.003431
0.006019
0.018505
0.007035
0.000742
0.000620
0.002669
0.002964
0.005230
0.003454
0.003271
0.000176
0.000015
0.002189
0.003371
0.003420
0.002106
0.002552
0.001265
0.000885
0.000141
0.018016
0.011768
0.028742
0.038017
0.009685
0.011866
0.000021
0.000327
0.000753
0.004605
0.015667
0.005861
0.016064
0.027770
0.014120
0.002208
0.014651
0.002064
0.000878
0.000280
0.005556
0.005179
0.001527
0.016276
0.000256
0.003264
0.001401
0.005463
0.000811
0.000016
0.052210
0.018620
0.006156
0.025873
0.020060
0.001656
0.016746
0.004840
0.018258
0.002598
0.000113
0.001612
0.000877
0.000469
0.001067
0.004652
0.004135
0.000667
0.000485
0.082483
0.038655
0.013551
0.056170
0.009759
0.024419
0.001471
0.000318
0.017751
0.008852
0.019541
0.001191
0.000634
0.046916
0.089312
0.029640
0.010579
0.002233
0.002103
0.009938
0.004336
0.013714
0.000367
0.000067
0.002812
0.000152
0.002069
0.042318
0.065831
0.158137
0.039004
0.002305
0.007766
0.002265
0.000949
0.019516
0.176085
0.055008
0.237675
0.027053
0.244661
0.102404
0.041046
0.008429
0.043518
0.065863
0.002757
0.003182
0.007195
0.135803
0.295525
0.296696
0.186209
0.181587
0.096708
0.016360
0.000747
0.001154
0.002148
0.001389
0.012217
0.010419
0.016318
0.017026
0.029324
0.055443
0.096294
0.024352
0.029023
0.102775
0.163435
0.164666
0.024731
0.059167
0.140460
0.215711
0.138833
0.007364
0.001083
0.000113
0.034445
0.039937
0.097180
0.034674
0.005573
0.011053
0.023057
0.069822
0.169739
0.129064
0.048243
0.113106
0.126224
0.117337
0.042182
0.114697
0.092396
0.134192
0.105249
0.112923
0.093772
0.225341
0.221841
0.111046
0.067879
0.042835
0.029695
0.084223
0.083831
0.231721
0.270375
0.478700
0.216993
0.244584
0.147740
0.404320
0.174008
0.098448
0.127738
0.490420
0.381254
0.397515
0.221058
0.138297
0.244020
0.254277
0.182633
0.136408
0.204369
0.390538
0.400512
0.227202
0.228658
0.391229
0.563139
0.527040
0.203488
0.289593
0.351413
0.161298
0.153147
0.207364
0.389028
0.257012
0.438175
0.237986
0.409030
0.397088
0.118319
0.201362
0.295494
0.171506
0.564063
0.303863
0.269496
0.245109
0.346738
0.133555
0.512532
0.212132
0.292733
0.355298
0.325259
0.177649
0.383960
0.450576
0.549279
0.364816
0.151702
0.135756
0.170415
0.140854
0.153331
0.163333
0.282355
0.172988
0.173518
0.167767
0.162336
0.272010
0.162011
0.150405
0.186771
0.408974
0.383925
0.432621
0.289289
0.235688
0.170520
0.177480
0.201754
0.196917
0.292837
0.226340
0.199198
0.206630
0.182703
0.214548
0.199272
0.189033
0.195572
0.230705
0.223553
0.318403
0.261637
0.225471
0.198384
0.230025
0.200852
0.207335
0.204375
0.202784
0.196463
0.202530
0.204610
0.203699
0.202461
0.245905
0.250544
0.227185
0.224238
0.225533
0.346926
0.266384
0.234716
0.220909
0.233302
0.219166
0.272985
0.226054
0.210434
0.217668
0.209811
0.208153
0.211950
0.210383
0.218119
0.214130
0.217492
0.221634
0.221452
0.230700
0.215167
0.211180
0.221472
0.217129
0.240401
0.249605
0.228220
0.212127
0.212470
0.217841
0.216584
0.211317
0.239279
0.212542
0.213038
0.217667
0.212690
0.218903
0.209588
0.209040
0.212214
0.221557
0.203125
0.206442
0.205288
0.228594
0.208505
0.206032
0.206619
0.211451
0.214094
0.214337
0.224674
0.217582
0.225753
0.212626
0.209811
0.210386
0.209663
0.234014
0.219960
0.212369
0.212407
0.203732
0.220535
0.219378
0.215568
0.218433
0.217171
0.228314
0.213432
0.216629
0.211602
0.226256
0.203859
0.203091
0.210956
0.215837
0.210925
0.205445
0.212348
0.207718
0.202342
0.200876
0.194379
0.204753
0.208408
0.229744
0.212300
0.213243
0.211562
0.241047
0.205730
0.216995
0.216140
0.229042
0.247305
0.253134
0.213931
0.195080
0.190707
0.198845
0.199049
0.240262
0.240006
0.260272
0.216421
0.209535
0.196419
0.195814
0.210689
0.209164
0.210616
0.191114
0.195268
0.293468
0.207015
0.197614
0.202726
0.209703
0.216696
0.206245
0.197958
0.201822
0.226137
0.204678
0.195618
0.190721
0.192196
0.201460
0.225108
0.250506
0.221734
0.205801
0.219028
0.202807
0.202992
0.201383
0.214866
0.254741
0.221095
0.253672
0.241479
0.214969
0.204318
0.191628
0.199884
0.207017
0.231302
0.215385
0.209794
0.256108
0.212471
0.231976
0.221079
0.226537
0.224773
0.208421
0.194155
0.204691
0.217379
0.198675
0.201217
0.212232
0.278935
0.214077
0.229535
0.217698
0.219750
0.220728
0.222653
0.296112
0.222677
0.221869
0.228520
0.212214
0.214337
0.221353
0.203951
0.210467
0.208266
0.218872
0.242326
0.210895
0.215391
0.214844
0.218867
0.222207
0.219054
0.229220
0.239908
0.235550
0.239341
0.234743
0.234344
0.235463
0.240482
0.248387
0.248459
0.246246
0.262292
0.250571
0.247429
0.245984
0.244517
0.255725
0.245384
0.240138
0.268664
0.226649
0.227075
0.236579
0.233723
0.242818
0.244349
0.236966
0.236635
0.234171
0.248249
0.242161
0.249736
0.239385
0.242057
0.237684
0.240689
0.242934
0.252930
0.250376
0.241814
0.245190
0.248465
0.254137
0.252393
0.260937
0.251207
0.237169
0.247068
0.249653
0.247241
0.251717
0.267736
0.249345
0.245182
0.245982
0.249721
0.245464
0.249009
0.241876
0.243413
0.259634
0.260360
0.259574
0.249157
0.237734
0.243230
0.260241
0.258622
0.263269
0.247663
0.251804
0.266625
0.244897
0.258176
0.265054
0.261919
0.260921
0.255836
0.262856
0.267743
0.275685
0.265179
0.271828
0.287924
0.269937
0.262668
0.253814
0.267663
0.263689
0.255914
0.256679
0.258441
0.249915
0.279763
0.260592
0.265717
0.266060
0.281780
0.295320
0.275043
0.273059
0.267064
0.289415
0.272179
0.256429
0.275204
0.296584
0.267573
0.259926
0.274997
0.280917
0.285472
0.293610
0.277745
0.275610
0.272551
0.276278
0.287962
0.277045
0.268755
0.252380
0.259184
0.268046
0.265138
0.254076
0.257771
0.256798
0.251102
0.258878
0.256997
0.260971
0.251821
0.258517
0.247379
0.250318
0.251614
0.251393
0.251966
0.250168
0.253388
0.253810
0.265083
0.275437
0.277785
0.280241
0.257971
0.264877
0.265689
0.266090
0.264909
0.257710
0.261853
0.258685
0.269713
0.267263
0.268244
0.262680
0.249254
0.249575
0.246504
0.242400
0.242397
0.245097
0.242703
0.244038
0.247056
0.250182
0.249300
0.248956
0.249969
0.252749
0.257417
0.258200
0.258461
0.254378
0.242541
0.244973
0.241847
0.246083
0.247070
0.242632
0.249352
0.246902
0.243445
0.238830
0.245786
0.246018
0.243901
0.237651
0.237216
0.253662
0.250987
0.237353
0.240763
0.236157
0.237109
0.240949
0.242997
0.242722
0.253788
0.250286
0.254908
0.246991
0.246313
0.250213
0.244768
0.240959
0.251806
0.243659
0.246905
0.250217
0.244304
0.251180
0.251412
0.243578
0.245266
0.247478
0.249965
0.252729
0.262593
0.263874
0.278946
0.247912
0.237444
0.272114
0.287230
0.261548
0.288768
0.262793
0.266720
0.263257
0.271664
0.262569
0.258895
0.284214
0.308196
0.299893
0.352236
0.287580
0.293966
0.291502
0.262101
0.268996
0.309412
0.287307
0.277997
0.285115
0.260797
0.229609
0.267561
0.280204
0.313776
0.288433
0.288757
0.271709
0.283888
0.195005
0.257033
0.221472
0.208593
0.242228
0.175167
0.248688
0.264280
0.162879
0.161426
0.191740
0.167593
0.290598
0.219385
0.151249
0.137553
0.278684
0.139804
0.128665
0.145881
0.138581
0.171473
0.164169
0.138667
0.158120
0.137724
0.139960
0.130027
0.137384
0.121845
0.121829
0.148234
0.130677
0.124690
0.177043
0.181695
0.171619
0.127582
0.163650
0.128309
0.134775
0.155473
0.156224
0.160960
0.164453
0.177845
0.218294
0.185274
0.164467
0.146768
0.124038
0.137728
0.141307
0.127609
0.171298
0.164159
0.194541
0.172156
0.124314
0.160957
0.105653
0.143379
0.129082
0.109881
0.095355
0.091546
0.083267
0.082091
0.082445
0.077064
0.074439
0.073747
0.069726
0.070253
0.068883
0.061393
0.057529
0.054841
0.052778
0.055449
0.053853
0.055296
0.051121
0.048652
0.049026
0.047377
0.047096
0.046689
0.046809
0.049410
0.048965
0.045182
0.045367
0.045336
0.046218
0.049212
0.050194
0.051840
0.047020
0.049649
0.088308
0.046051
0.047116
0.047531
0.045208
0.186548
0.071187
0.184608
0.055462
0.045367
0.062450
0.040262
0.047268
0.046155
0.040864
0.040204
0.041321
0.036425
0.034238
0.032781
0.032811
0.031577
0.031823
0.031478
0.029817
0.029713
0.029250
0.031750
0.029508
0.029574
0.113266
0.028060
0.025299
0.025117
0.026239
0.023045
0.023656
0.026320
0.023584
0.023597
0.023228
0.021715
0.022564
0.018510
0.019021
0.021012
0.019195
0.023921
0.035052
0.048193
0.017545
0.035392
0.022203
0.033406
0.024865
0.029845
0.033814
0.029585
0.030887
0.033224
0.027791
0.016613
0.025640
0.027449
0.019511
0.025371
0.022632
0.024366
0.017864
0.021136
0.026501
0.020996
0.018886
0.021550
0.020461
0.020031
0.023696
0.025595
0.019237
0.024944
0.028925
0.023339
0.026588
0.023524
0.016703
0.018503
0.019464
0.025378
0.024164
0.022833
0.022111
0.021219
0.021175
0.021144
0.021137
0.018602
0.019849
0.018458
0.019354
0.016962
0.013536
0.017700
0.021942
0.017453
0.024878
0.030094
0.019618
0.020367
0.019733
0.020775
0.019043
0.018225
0.019184
0.017499
0.020069
0.018815
0.019594
0.021584
0.019396
0.021641
0.017480
0.018460
0.018241
0.019309
0.022798
0.022654
0.022269
0.013404
0.012647
0.014247
0.019829
0.019076
0.028839
0.025629
0.025205
0.023444
0.020340
0.013900
0.014297
0.018819
0.024344
0.022226
0.021724
0.019789
0.023737
0.016329
0.017240
0.016123
0.019725
0.015095
0.014820
0.014890
0.016256
0.011983
0.017328
0.017086
0.018571
0.017897
0.021065
0.018886
0.014436
0.019443
0.017890
0.022306
0.021133
0.019401
0.019725
0.019859
0.020698
0.019524
0.019639
0.021243
0.020148
0.022468
0.019580
0.020022
0.016605
0.026414
0.016753
0.016598
0.022417
0.023839
0.021189
0.017951
0.020464
0.019371
0.016160
0.013003
0.017324
0.014864
0.012248
0.017251
0.010715
0.012089
0.008527
0.009793
0.019241
0.022449
0.012746
0.018401
0.017365
0.015081
0.021686
0.015828
0.012618
0.013176
0.014979
0.013152
0.018618
0.021060
0.024447
0.022407
0.016907
0.020064
0.023344
0.019056
0.022827
0.024939
0.020128
0.009822
0.010297
0.026519
0.017889
0.019041
0.009894
0.008216
0.007658
0.008392
0.008232
0.011609
0.015567
0.016730
0.008213
0.013563
0.009440
0.010837
0.017500
0.025866
0.038623
0.009395
0.009291
0.011119
0.010633
0.009360
0.010933
0.011409
0.010661
0.025611
0.024703
0.017409
0.018023
0.019781
0.050897
0.044721
0.028806
0.031965
0.018104
0.016235
0.019711
0.013079
0.014989
0.014850
0.017053
0.082936
0.080181
0.037600
0.020975
0.022877
0.018334
0.017323
0.019124
0.019322
0.020620
0.014182
0.015835
0.019445
0.027617
0.026354
0.024958
0.027078
0.066976
0.141588
0.102747
0.023623
0.020467
0.020129
0.019587
0.094148
0.063287
0.038685
0.018901
0.022142
0.017292
0.016622
0.022222
0.017163
0.015939
0.016444
0.014634
0.045979
0.018331
0.044506
0.036239
0.037226
0.027880
0.022018
0.020734
0.022192
0.020324
0.039204
0.032087
0.031305
0.061687
0.165914
0.122132
0.110794
0.064034
0.051499
0.042364
0.031803
0.031221
0.031457
0.034278
0.058237
0.038057
0.041229
0.042831
0.057719
0.073494
0.076323
0.083388
0.106430
0.049139
0.082972
0.106599
0.045746
0.087595
0.167089
0.150937
0.089556
0.181627
0.050815
0.067567
0.035305
0.036789
0.063621
0.037787
0.034344
0.033790
0.055542
0.051840
0.035049
0.037682
0.059831
0.029308
0.026403
0.144120
0.072334
0.069209
0.033234
0.030233
0.030271
0.037942
0.029853
0.035582
0.085766
0.054637
0.047360
0.027191
0.026080
0.031722
0.040357
0.030920
0.035154
0.050309
0.032552
0.033530
0.032976
0.036949
0.038826
0.041091
0.036922
0.031673
0.034991
0.032051
0.033572
0.035985
0.031476
0.039072
0.034168
0.040672
0.041235
0.044551
0.048576
0.099509
0.102307
0.062121
0.059797
0.042549
0.040754
0.039885
0.037917
0.040149
0.034236
0.038026
0.033296
0.037551
0.031076
0.030629
0.028543
0.028991
0.030370
0.029072
0.026977
0.030896
0.048462
0.058822
0.086534
0.050965
0.068346
0.048326
0.045221
0.041349
0.045331
0.040150
0.033973
0.031940
0.031069
0.031635
0.031510
0.029205
0.025380
0.027850
0.027282
0.027213
0.027803
0.030456
0.027572
0.027504
0.029903
0.040491
0.074162
0.024386
0.024757
0.023861
0.023735
0.024921
0.025101
0.024772
0.021493
0.031086
0.030984
0.057315
0.046147
0.040689
0.034264
0.039623
0.032154
0.035187
0.035248
0.037543
0.035546
0.028751
0.029186
0.032726
0.032897
0.038351
0.038748
0.032202
0.031124
0.036227
0.054173
0.038535
0.044041
0.041234
0.064403
0.078540
0.064440
0.080607
0.070496
0.068204
0.055105
0.048530
0.048202
0.046030
0.056298
0.047737
0.088247
0.049106
0.043788
0.042142
0.044331
0.038044
0.038123
0.083416
0.037524
0.072054
0.061469
0.052648
0.093061
0.073205
0.057528
0.054212
0.050056
0.045557
0.046936
0.066096
0.059460
0.043363
0.043424
0.040434
0.044868
0.124540
0.088010
0.085649
0.111022
0.169998
0.090049
0.080234
0.113577
0.070074
0.069888
0.073056
0.136706
0.108195
0.081101
0.075542
0.067249
0.068538
0.073596
0.123721
0.074914
0.074378
0.136054
0.073733
0.062612
0.058044
0.060819
0.059275
0.095716
0.063974
0.064491
0.069551
0.081705
0.131954
0.088069
0.072280
0.064160
0.065963
0.059797
0.062074
0.066543
0.062448
0.064396
0.072496
0.063331
0.059821
0.064702
0.057409
0.067499
0.063933
0.064585
0.063872
0.061622
0.110482
0.059819
0.060983
0.068145
0.062478
0.057639
0.068154
0.063043
0.062272
0.062023
0.066654
0.068197
0.080430
0.083193
0.065737
0.062284
0.062039
0.059435
0.060534
0.059197
0.072017
0.072604
0.064284
0.061006
0.058336
0.057925
0.054647
0.054132
0.051735
0.054172
0.055307
0.054387
0.056326
0.059149
0.060819
0.056366
0.054553
0.049721
0.060672
0.057858
0.057807
0.064527
0.057636
0.057095
0.057857
0.056847
0.061829
0.063944
0.062412
0.056762
0.055655
0.052877
0.053765
0.050108
0.053173
0.065823
0.058389
0.055130
0.052597
0.046117
0.045743
0.046142
0.050520
0.087145
0.069863
0.081000
0.062603
0.063804
0.056546
0.047898
0.047177
0.046953
0.043784
0.045386
0.045192
0.044680
0.043883
0.047740
0.054657
0.049854
0.046521
0.041944
0.042810
0.043827
0.040449
0.049265
0.049576
0.062294
0.051060
0.051824
0.043395
0.042883
0.040127
0.041733
0.041799
0.047895
0.043233
0.042010
0.042830
0.049164
0.043726
0.050336
0.046383
0.046330
0.048680
0.055198
0.042807
0.045886
0.044055
0.050997
0.057229
0.045414
0.045394
0.047178
0.046759
0.049889
0.045081
0.044134
0.043055
0.043713
0.043427
0.046914
0.045033
0.041488
0.042788
0.047496
0.042703
0.041468
0.048112
0.043402
0.037945
0.041133
0.041084
0.039522
0.039956
0.040646
0.040384
0.040837
0.041143
0.042165
0.048983
0.049534
0.049406
0.049951
0.045858
0.043999
0.043867
0.044563
0.040377
0.041632
0.050970
0.046113
0.042787
0.048717
0.046586
0.043495
0.041673
0.050174
0.046773
0.050805
0.052122
0.062745
0.056178
0.053028
0.052542
0.049802
0.046324
0.041303
0.045490
0.046348
0.046770
0.048244
0.039977
0.044799
0.041569
0.041280
0.038803
0.040145
0.043735
0.041620
0.038900
0.038724
0.040325
0.040812
0.040266
0.042585
0.046385
0.043523
0.042442
0.042543
0.039873
0.039681
0.038364
0.039188
0.043780
0.046543
0.042658
0.045032
0.045018
0.046234
0.047087
0.049440
0.042351
0.038231
0.039569
0.042863
0.042391
0.047947
0.045808
0.042213
0.040837
0.039695
0.040366
0.037664
0.040198
0.041749
0.043711
0.038900
0.037487
0.037441
0.039856
0.041845
0.039146
0.038610
0.040792
0.041289
0.039532
0.045082
0.047193
0.053428
0.044082
0.045082
0.045448
0.042901
0.043761
0.039567
0.039142
0.043212
0.041591
0.039265
0.041534
0.039103
0.040366
0.040311
0.039364
0.039863
0.038349
0.039821
0.040258
0.040815
0.042361
0.039361
0.040647
0.040734
0.039139
0.039490
0.038875
0.039825
0.038021
0.045206
0.041295
0.048090
0.050473
0.052084
0.047266
0.044024
0.048060
0.046222
0.046120
0.046588
0.045304
0.044237
0.039909
0.040809
0.039913
0.038012
0.040985
0.040316
0.037815
0.039156
0.038760
0.039554
0.039803
0.041509
0.042203
0.038748
0.048034
0.039980
0.037944
0.037587
0.043939
0.037116
0.040761
0.040223
0.045019
0.044233
0.043039
0.045722
0.049393
0.047268
0.048176
0.045009
0.039927
0.042605
0.042259
0.043690
0.041658
0.041294
0.040314
0.040984
0.040109
0.037132
0.037486
0.037491
0.048836
0.045918
0.056671
0.057675
0.047044
0.053337
0.058943
0.049683
0.049858
0.048540
0.042187
0.044200
0.044236
0.036350
0.038412
0.038966
0.039482
0.040329
0.038958
0.048040
0.044954
0.041072
0.038269
0.044224
0.040721
0.040564
0.038066
0.037527
0.035914
0.039287
0.036799
0.057427
0.039815
0.037213
0.046137
0.047697
0.052912
0.039520
0.041728
0.037925
0.036155
0.035974
0.040336
0.041817
0.041650
0.037565
0.037758
0.040586
0.036473
0.038752
0.035363
0.037464
0.038285
0.033615
0.036042
0.036248
0.036359
0.039557
0.046828
0.037003
0.043921
0.039228
0.041480
0.050824
0.041219
0.045287
0.036198
0.034615
0.037164
0.034291
0.036318
0.037350
0.039502
0.043726
0.037633
0.037292
0.035248
0.035131
0.041905
0.043995
0.049421
0.057600
0.044973
0.042800
0.039941
0.041545
0.037912
0.041426
0.038527
0.034025
0.041352
0.042700
0.041040
0.044531
0.039482
0.040895
0.033849
0.035837
0.033348
0.032599
0.040967
0.037655
0.033516
0.031537
0.033914
0.044906
0.113709
0.047719
0.035914
0.036912
0.035282
0.035015
0.058463
0.074911
0.044879
0.037540
0.034069
0.032385
0.035899
0.038579
0.039245
0.037875
0.036047
0.038566
0.040107
0.046172
0.036180
0.034871
0.038857
0.036842
0.039579
0.043335
0.065811
0.057993
0.060474
0.048617
0.047121
0.064549
0.040755
0.049149
0.059821
0.049668
0.062191
0.050406
0.168000
0.071815
0.086554
0.062659
0.052141
0.053695
0.061736
0.104704
0.074502
0.047994
0.060799
0.049604
0.053369
0.042433
0.051375
0.072057
0.062518
0.083182
0.132079
0.051092
0.058821
0.054153
0.051772
0.069896
0.060547
0.058820
0.049902
0.056982
0.057066
0.055810
0.098055
0.144365
0.149497
0.096968
0.266731
0.109916
0.080959
0.091239
0.144903
0.113032
0.131959
0.243907
0.110213
0.113218
0.080713
0.063183
0.065195
0.089012
0.155819
0.092490
0.077943
0.091198
0.056377
0.144128
0.098852
0.113530
0.064188
0.042824
0.090481
0.164650
0.241577
0.131809
0.174359
0.225664
0.097676
0.109881
0.047983
0.050868
0.072980
0.153401
0.184954
0.218935
0.159992
0.107970
0.140326
0.251007
0.322587
0.472802
0.207470
0.268733
0.159746
0.083004
0.068104
0.075545
0.163401
0.344269
0.154823
0.111212
0.140874
0.225700
0.193540
0.338853
0.280271
0.163707
0.290186
0.183843
0.152160
0.143069
0.568644
0.341793
0.562275
0.398411
0.174533
0.066520
0.068374
0.052885
0.048297
0.068027
0.076701
0.166987
0.132451
0.171230
0.183861
0.172614
0.264094
0.174713
0.192378
0.299928
0.177423
0.159652
0.345979
0.499214
0.578391
0.284546
0.163162
0.264806
0.264969
0.321574
0.352261
0.114919
0.169871
0.167835
0.417559
0.344936
0.355077
0.373297
0.110738
0.136698
0.164991
0.148075
0.118521
0.151980
0.102094
0.105999
0.129503
0.151797
0.111493
0.069195
0.141357
0.339565
0.629966
0.169480
0.354076
0.304548
0.314433
0.325836
0.345699
0.235281
0.212976
0.985509
0.230059
0.202205
0.578343
0.240961
0.271773
0.968729
1.000000
0.697723
0.273837
0.402694
0.225181
0.515984
0.435669
0.196642
0.151742
0.175273
0.236571
0.295275
0.193260
0.286366
0.417463
0.356925
0.289044
0.288404
0.288507
0.291527
0.165515
0.172019
0.193566
0.237077
0.493603
0.145266
0.207202
0.147892
0.194647
0.241234
0.396027
0.533723
0.349694
0.343560
0.424520
0.451032
0.307738
0.402107
0.412342
0.228021
0.208221
0.139143
0.229257
0.178417
0.272616
0.540864
0.373025
0.285070
0.165464
0.508629
0.747015
0.299548
0.314144
0.154881
0.258658
0.280190
0.168850
0.208846
0.203926
0.331315
0.248326
0.369769
0.252258
0.561394
0.274298
0.204927
0.307175
0.267330
0.615603
0.312539
0.269909
0.407112
0.366970
0.172711
0.182777
0.203957
0.243321
0.211897
0.312388
0.270622
0.203772
0.240648
0.188643
0.300874
0.381712
0.289910
0.153609
0.156778
0.160544
0.162627
0.157119
0.290272
0.197948
0.260255
0.157666
0.321289
0.184324
0.138316
0.109055
0.107949
0.263325
0.165080
0.265801
0.122021
0.205228
0.258466
0.186183
0.259257
0.407712
0.182810
0.366633
0.431285
0.120069
0.152934
0.205192
0.281739
0.605799
0.444549
0.192689
0.268813
0.440633
0.399154
0.330993
0.218339
0.216487
0.179205
0.179875
0.196103
0.131323
0.125903
0.141962
0.116925
0.116726
0.114532
0.106993
0.093686
0.098996
0.136685
0.174568
0.176890
0.172697
0.188254
0.167090
0.413736
0.499248
0.338400
0.200704
0.189536
0.342562
0.194554
0.167275
0.214933
0.196212
0.262583
0.243526
0.129534
0.290343
0.183389
0.602268
0.162887
0.517007
0.224751
0.297553
0.335920
0.425108
0.180521
0.171703
0.153763
0.187574
0.160874
0.116659
0.111879
0.109584
0.161339
0.144921
0.114414
0.138855
0.183278
0.180914
0.105823
0.159217
0.377230
0.376340
0.124554
0.226519
0.145735
0.186171
0.196531
0.168527
0.143698
0.174092
0.154973
0.124544
0.123276
0.108332
0.120393
0.138513
0.132735
0.134477
0.137151
0.122384
0.122644
0.140662
0.120861
0.118046
0.123663
0.120121
0.134698
0.140670
0.135360
0.131515
0.110953
0.149511
0.162948
0.161511
0.201487
0.244818
0.127777
0.161080
0.275754
0.222982
0.143134
0.124526
0.106086
0.163113
0.114293
0.139508
0.236337
0.137333
0.294198
0.184138
0.168730
0.579574
0.238207
0.236359
0.134093
0.121729
0.228287
0.243184
0.219578
0.257076
0.197512
0.180033
0.182769
0.180999
0.142262
0.139536
0.133826
0.123327
0.130955
0.133674
0.224368
0.241411
0.189973
0.149645
0.130300
0.179840
0.176245
0.147704
0.177526
0.134294
0.142967
0.157676
0.172577
0.251458
0.282354
0.319889
0.251364
0.255212
0.248142
0.209949
0.342491
0.155516
0.304087
0.219217
0.180323
0.218346
0.256530
0.172373
0.179800
0.211912
0.162806
0.205042
0.265582
0.357737
0.308822
0.285679
0.400806
0.228498
0.274281
0.287960
0.324252
0.211230
0.289578
0.202137
0.303908
0.246199
0.191850
0.242244
0.216760
0.245817
0.349257
0.288826
0.244205
0.340314
0.255871
0.400325
0.296189
0.301497
0.273865
0.410423
0.415967
0.260348
0.370142
0.389662
0.341980
0.284823
0.239221
0.245124
0.395099
0.540077
0.267065
0.302272
0.288388
0.287972
0.336565
0.483332
0.333746
0.298853
0.315170
0.313591
0.451596
0.566837
0.516351
0.248521
0.315290
0.285069
0.268986
0.257302
0.390921
0.364388
0.333637
0.294758
0.251925
0.259032
0.236510
0.205097
0.210311
0.275524
0.278259
0.236653
0.224818
0.352112
0.273694
0.337353
0.305539
0.390668
0.330401
0.269445
0.252137
0.290752
0.338188
0.286022
0.326740
0.455832
0.428777
0.681363
0.360845
0.408795
0.339553
0.341194
0.321648
0.353429
0.318381
0.286054
0.328809
0.393215
0.250480
0.423451
0.388955
0.258670
0.264709
0.231461
0.238661
0.267554
0.285930
0.297191
0.285013
0.277920
0.313386
0.270209
0.262402
0.318814
0.270993
0.229636
0.284980
0.270113
0.305320
0.266182
0.321413
0.260513
0.231860
0.263569
0.185409
0.197942
0.199666
0.179503
0.211782
0.216534
0.192020
0.203952
0.229350
0.281256
0.290392
0.268403
0.212262
0.178258
0.341287
0.271111
0.256740
0.398270
0.367639
0.261045
0.305786
0.513365
0.284381
0.235836
0.272592
0.324245
0.402578
0.264851
0.392189
0.319267
0.231180
0.204472
0.265491
0.298215
0.422446
0.432081
0.449809
0.312192
0.349866
0.291671
0.318961
0.290629
0.365503
0.296800
0.277122
0.217627
0.223712
0.207639
0.215866
0.236165
0.186911
0.201483
0.183624
0.160860
0.146315
0.169423
0.211701
0.186050
0.186857
0.200709
0.207056
0.218472
0.248999
0.311269
0.271557
0.250173
0.266412
0.229532
0.213448
0.213464
0.246932
0.285865
0.257429
0.299550
0.209267
0.241028
0.239583
0.223770
0.205538
0.252575
0.191880
0.218549
0.203213
0.229416
0.290671
0.267048
0.208768
0.201265
0.213029
0.224483
0.253571
0.272313
0.263093
0.208963
0.227175
0.219828
0.235066
0.208735
0.203907
0.288754
0.268258
0.258460
0.220172
0.201540
0.207371
0.204856
0.205165
0.220912
0.241274
0.218135
0.255652
0.238248
0.244747
0.208945
0.226221
0.199378
0.207876
0.176289
0.153692
0.140485
0.229744
0.215422
0.185269
0.174177
0.170383
0.166051
0.139953
0.128777
0.121818
0.172989
0.349984
0.230693
0.214547
0.169035
0.147212
0.220698
0.204642
0.192218
0.194978
0.171898
0.162512
0.159519
0.172418
0.184409
0.156838
0.205915
0.208185
0.143284
0.205545
0.207983
0.151333
0.144573
0.142182
0.244295
0.219364
0.177312
0.161118
0.189936
0.216514
0.238437
0.248765
0.171729
0.153095
0.171121
0.220680
0.273465
0.174020
0.166861
0.147304
0.169251
0.196256
0.179916
0.189217
0.202825
0.181213
0.177759
0.241504
0.205810
0.162598
0.163184
0.173040
0.168312
0.170653
0.180365
0.175455
0.174288
0.167309
0.165101
0.156732
0.149930
0.177677
0.189289
0.164313
0.155618
0.164792
0.173656
0.176687
0.151628
0.160997
0.193018
0.221625
0.149576
0.152334
0.170077
0.157579
0.138546
0.141806
0.140725
0.161593
0.151970
0.139717
0.141063
0.147084
0.135133
0.135997
0.133552
0.152003
0.156514
0.138587
0.130065
0.119292
0.120810
0.110607
0.123638
0.117339
0.111329
0.114006
0.128541
0.103243
0.124160
0.117305
0.124486
0.116092
0.104153
0.133784
0.173033
0.148309
0.192734
0.143613
0.156895
0.118196
0.124582
0.161455
0.162378
0.148744
0.125317
0.148684
0.114828
0.113700
0.169647
0.155329
0.140610
0.114389
0.148960
0.146896
0.162535
0.138495
0.132128
0.123785
0.155393
0.225563
0.171839
0.195166
0.239043
0.145127
0.144698
0.140570
0.127574
0.124186
0.129438
0.148182
0.135024
0.123192
0.121399
0.118159
0.132044
0.140210
0.120025
0.123478
0.122749
0.122351
0.128902
0.152455
0.118421
0.119724
0.131975
0.156155
0.132689
0.127910
0.112823
0.123952
0.114627
0.131322
0.112709
0.137674
0.121447
0.113116
0.112694
0.111679
0.108739
0.105441
0.102674
0.102563
0.102010
0.106002
0.119973
0.111225
0.137248
0.122919
0.096399
0.100225
0.096502
0.116093
0.124398
0.150223
0.138970
0.158352
0.096197
0.092727
0.099243
0.098112
0.097341
0.099922
0.089215
0.085612
0.098419
0.092110
0.092780
0.089056
0.082067
0.086490
0.088021
0.091701
0.083331
0.081217
0.085490
0.085402
0.087000
0.090316
0.082326
0.098409
0.084119
0.094989
0.093017
0.083997
0.086912
0.083132
0.077408
0.081855
0.080713
0.076343
0.074391
0.074639
0.072104
0.078316
0.075454
0.073201
0.072952
0.069794
0.069958
0.069011
0.070881
0.071216
0.071194
0.074105
0.069742
0.069447
0.069542
0.067571
0.068783
0.070489
0.070979
0.070914
0.069225
0.072880
0.068315
0.067512
0.069426
0.069428
0.070918
0.069756
0.068085
0.071137
0.070804
0.064383
0.064662
0.064057
0.066250
0.067143
0.070356
0.066980
0.063811
0.065922
0.066760
0.064551
0.066329
0.065544
0.066684
0.071014
0.062957
0.066548
0.070077
0.071403
0.067543
0.074615
0.068125
0.080317
0.072043
0.072387
0.065551
0.066743
0.065005
0.065872
0.059092
0.059477
0.061498
0.061983
0.061973
0.062210
0.064317
0.065120
0.073464
0.060586
0.061690
0.064549
0.063154
0.059611
0.060860
0.059247
0.060389
0.065044
0.066355
0.064933
0.064247
0.057321
0.058766
0.059444
0.062974
0.065974
0.066784
0.064688
0.056254
0.054904
0.056944
0.057218
0.055718
0.055641
0.052955
0.053273
0.058368
0.055471
0.058012
0.065110
0.061752
0.064937
0.061698
0.062075
0.066250
0.057598
0.058568
0.058364
0.061932
0.064286
0.059870
0.054507
0.057406
0.055416
0.054992
0.054206
0.054653
0.057422
0.060196
0.060127
0.064557
0.062583
0.057097
0.060354
0.054658
0.058481
0.062870
0.063195
0.061748
0.054549
0.056678
0.059811
0.059205
0.057931
0.059604
0.063305
0.054444
0.062995
0.063451
0.052703
0.055321
0.058573
0.058183
0.058702
0.055913
0.053660
0.057775
0.065956
0.066135
0.061515
0.059138
0.062369
0.059188
0.066025
0.064043
0.061587
0.060341
0.056103
0.055192
0.054693
0.055824
0.057290
0.057189
0.057649
0.059643
0.057726
0.059767
0.055919
0.050821
0.058331
0.060591
0.057552
0.051119
0.058130
0.061781
0.065930
0.058046
0.052738
0.054171
0.061041
0.063776
0.062215
0.052212
0.050787
0.063834
0.063834
0.059228
0.062099
0.051395
0.055738
0.059150
0.060441
0.063816
0.061098
0.063192
0.059019
0.058748
0.059473
0.054594
0.047368
0.050477
0.054571
0.054568
0.053003
0.057174
0.058547
0.055629
0.054624
0.054818
0.055186
0.057513
0.053121
0.053178
0.052418
0.053711
0.060327
0.061301
0.059066
0.060767
0.062289
0.060626
0.055580
0.055085
0.053281
0.053011
0.060439
0.051418
0.050023
0.051243
0.056226
0.061122
0.061290
0.056965
0.056552
0.057945
0.060341
0.057542
0.054002
0.051349
0.054917
0.050422
0.051387
0.047792
0.056053
0.051412
0.050791
0.061369
0.055627
0.051504
0.049674
0.054690
0.059724
0.052996
0.054239
0.056409
0.056295
0.055459
0.056347
0.053703
0.059705
0.054668
0.053707
0.054973
0.055747
0.053059
0.053034
0.055830
0.055536
0.054963
0.056250
0.055517
0.055387
0.053769
0.053870
0.053877
0.061016
0.055167
0.055961
0.056060
0.058443
0.056746
0.058085
0.057611
0.057432
0.057028
0.058575
0.058977
0.055721
0.058762
0.052918
0.052394
0.054282
0.048368
0.053127
0.059626
0.058224
0.059583
0.058714
0.049487
0.052327
0.054726
0.056828
0.053745
0.051915
0.053847
0.054732
0.053949
0.052579
0.056006
0.056414
0.054879
0.054421
0.054922
0.053919
0.054947
0.053172
0.054997
0.051871
0.053995
0.054595
0.054127
0.052462
0.053670
0.054758
0.055323
0.050394
0.055969
0.057381
0.056292
0.056414
0.055021
0.055732
0.055275
0.055400
0.056897
0.049412
0.052132
0.052594
0.053934
0.052883
0.055829
0.055303
0.054540
0.056665
0.053976
0.050488
0.049815
0.054360
0.054295
0.053625
0.054234
0.054053
0.052189
0.056298
0.053874
0.052035
0.051151
0.053463
0.053564
0.053594
0.054387
0.053850
0.052128
0.052309
0.051076
0.052018
0.052729
0.051378
0.050430
0.050758
0.051270
0.048018
0.047387
0.047384
0.048779
0.048590
0.049225
0.049097
0.049055
0.049884
0.048776
0.049805
0.048928
0.049581
0.048950
0.049213
0.048566
0.049244
0.049181
0.047227
0.047395
0.048976
0.047800
0.043714
0.046456
0.045822
0.046351
0.047696
0.047791
0.046200
0.045837
0.043456
0.045999
0.048703
0.046697
0.047393
0.046971
0.045101
0.046225
0.046181
0.047295
0.046521
0.046420
0.045464
0.045657
0.045599
0.044746
0.044963
0.045357
0.045126
0.043899
0.043385
0.044226
0.045322
0.044275
0.044194
0.044489
0.045301
0.043437
0.043567
0.045181
0.045118
0.045755
0.045274
0.043074
0.044215
0.045312
0.043973
0.044375
0.044490
0.044608
0.045155
0.045205
0.043758
0.044198
0.041262
0.043627
0.044971
0.044263
0.044258
0.043711
0.043306
0.042845
0.043413
0.043904
0.044161
0.044510
0.044040
0.045490
0.046349
0.043466
0.043290
0.042565
0.042787
0.043511
0.043693
0.042825
0.041749
0.042760
0.043919
0.043512
0.043498
0.043239
0.042121
0.042990
0.042759
0.043109
0.042028
0.042261
0.042222
0.041886
0.041754
0.042066
0.042066
0.044778
0.045823
0.041681
0.040658
0.041821
0.043246
0.041815
0.043409
0.042220
0.040473
0.041165
0.040293
0.040391
0.039921
0.040154
0.041342
0.040946
0.041135
0.041181
0.040302
0.039885
0.040418
0.040142
0.042736
0.041579
0.040943
0.040272
0.039420
0.040786
0.041643
0.042260
0.039958
0.040655
0.040667
0.041097
0.040931
0.037105
0.037192
0.038362
0.041646
0.042121
0.041447
0.041101
0.040419
0.040748
0.040379
0.039891
0.040269
0.040304
0.039885
0.039891
0.040783
0.039469
0.039911
0.039385
0.039885
0.039344
0.040776
0.039943
0.040037
0.040786
0.040297
0.040129
0.038248
0.036745
0.038518
0.040074
0.039909
0.039546
0.038801
0.038046
0.038983
0.040332
0.041510
0.039909
0.040297
0.039874
0.039197
0.038909
0.038482
0.038950
0.039038
0.039709
0.039325
0.040809
0.040705
0.040381
0.039197
0.039074
0.038836
0.035179
0.035486
0.037552
0.038030
0.038584
0.038366
0.038733
0.039219
0.039161
0.039424
0.039313
0.038605
0.038136
0.037848
0.038906
0.039566
0.039039
0.039004
0.039064
0.038766
0.038731
0.038569
0.039506
0.038731
0.038119
0.038154
0.037958
0.038154
0.038297
0.037970
0.038459
0.038113
0.039191
0.038593
0.039191
0.038885
0.037900
0.038623
0.038136
0.038026
0.038176
0.038315
0.039294
0.038629
0.039071
0.039651
0.038280
0.038408
0.038374
0.038666
0.038032
0.038299
0.038638
0.038445
0.037992
0.038159
0.038333
0.038485
0.038779
0.037830
0.038299
0.038893
0.038445
0.037830
0.038339
0.037629
0.037452
0.038196
0.037543
0.038274
0.038279
0.037543
0.037508
0.037796
0.037508
0.038133
0.038059
0.037618
0.037183
0.037348
0.037365
0.037982
0.037658
0.037907
0.037762
0.037600
0.037474
0.037606
0.039983
0.038148
0.037480
0.037842
0.037540
0.037927
0.037625
0.038449
0.037153
0.037400
0.037285
0.037551
0.037696
0.037171
0.036280
0.037465
0.037270
0.037374
0.037560
0.036622
0.037340
0.037526
0.036856
0.037138
0.036389
0.036748
0.037289
0.036679
0.036960
0.036486
0.036960
0.037255
0.037104
0.036765
0.036679
0.037255
0.038569
0.037435
0.036782
0.036822
0.037508
0.037508
0.037255
0.037441
0.037070
0.037688
0.037047
0.037378
0.037991
0.037277
0.037655
0.037497
0.037311
0.036841
0.037792
0.037429
0.037957
0.037570
0.038056
0.037137
0.038395
0.037413
0.037708
0.037856
0.036975
0.038016
0.037674
0.037526
0.037708
0.038211
0.038039
0.038166
0.037486
0.037972
0.038065
0.037046
0.036647
0.036406
0.037215
0.037463
0.037497
0.037940
0.038022
0.037192
0.037463
0.037604
0.037718
0.038056
0.037758
0.038615
0.038272
0.037783
0.037800
0.037628
0.037486
0.037674
0.037486
0.037674
0.037634
0.037783
0.037046
0.037873
0.037593
0.038088
0.037708
0.037373
0.037783
0.037888
0.036834
0.037749
0.038122
0.038049
0.036666
0.036004
0.036996
0.037142
0.037159
0.037007
0.038233
0.037601
0.038390
0.037023
0.035704
0.036247
0.036850
0.036605
0.037526
0.036890
0.037723
0.037605
0.038085
0.037577
0.037944
0.038331
0.037270
0.038308
0.037548
0.038213
0.038239
0.038440
0.037604
0.037289
0.037435
0.037104
0.037842
0.038213
0.037882
0.037940
0.038256
0.037317
0.037497
0.036588
0.036926
0.036782
0.037051
0.037184
0.037649
0.037144
0.037070
0.038256
0.037344
0.037644
0.037317
0.038106
0.037317
0.038557
0.037317
0.037792
0.037503
0.037610
0.037423
0.037560
0.037266
0.037457
0.037350
0.037548
0.037842
0.037205
0.037644
0.036841
0.037792
0.037457
0.037560
0.037701
0.037192
0.038056
0.037429
0.037114
0.037724
0.037429
0.037758
0.037497
0.037317
0.037020
0.037423
0.036537
0.036986
0.037644
0.037718
0.037708
0.037423
0.036548
0.036628
0.036926
0.037435
0.037249
0.037809
0.037222
0.037020
0.037131
0.036395
0.037165
0.037940
0.037277
0.036824
0.037429
0.036697
0.037423
0.038100
0.037940
0.038140
0.037951
0.037350
0.036406
0.036548
0.036588
0.036537
0.037020
0.036835
0.036875
0.036537
0.036731
0.037020
0.037644
0.036881
0.036875
0.036771
0.037205
0.036622
0.036858
0.036680
0.036680
0.036197
0.036163
0.037070
0.037104
0.036197
0.036622
0.036440
0.037020
0.036304
0.036344
0.036628
0.036023
0.036909
0.036129
0.036588
0.036554
0.036304
0.035843
0.036338
0.036480
0.036355
0.036639
0.036179
0.036554
0.036697
0.036361
0.036935
0.036270
0.035290
0.036179
0.035857
0.035706
0.035946
0.035772
0.036014
0.036003
0.036431
0.035547
0.035228
0.035721
0.036054
0.034885
0.036379
0.035829
0.035778
0.036412
0.035441
0.034528
0.035176
0.035038
0.034850
0.034891
0.036270
0.035244
0.035806
0.035176
0.035700
0.035176
0.035592
0.036196
0.035038
0.035895
0.034657
0.034393
0.034353
0.034393
0.035507
0.034861
0.033272
0.033313
0.033897
0.034317
0.034555
0.034378
0.033973
0.035035
0.033973
0.034148
0.034829
0.034514
0.033980
0.034378
0.034242
0.033456
0.034567
0.034759
0.032072
0.033891
0.033538
0.034621
0.034044
0.034095
0.034078
0.034490
0.034365
0.033628
0.034735
0.035204
0.034775
0.034558
0.033910
0.033346
0.033638
0.033162
0.034007
0.034478
0.033926
0.034428
0.033255
0.033846
0.033911
0.033222
0.033357
0.032564
0.033121
0.033806
0.033766
0.033855
0.032646
0.033178
0.033772
0.032746
0.033150
0.032573
0.032663
0.032696
0.032490
0.032623
0.031057
0.032401
0.032502
0.033601
0.033731
0.032029
0.032504
0.030479
0.030317
0.029756
0.030743
0.031417
0.031725
0.031551
0.030541
0.032117
0.032827
0.031686
0.031779
0.031470
0.031329
0.031556
0.030719
0.030250
0.031340
0.030882
0.030121
0.030536
0.029536
0.030622
0.029575
0.029367
0.029908
0.029136
0.029042
0.029374
0.029639
0.030483
0.030625
0.030945
0.030634
0.029222
0.030223
0.030875
0.030673
0.030176
0.030019
0.029499
0.028225
0.028834
0.028947
0.028619
0.028669
0.028391
0.029780
0.029042
0.029299
0.028771
0.028384
0.028965
0.028559
0.029081
0.029765
0.029299
0.030120
0.029011
0.029152
0.029065
0.029222
0.029777
0.029371
0.029459
0.028832
0.028080
0.028346
0.027690
0.028771
0.028370
0.029075
0.029121
0.028832
0.028072
0.028539
0.027595
0.028585
0.028068
0.027855
0.025463
0.024905
0.025750
0.027284
0.027530
0.027362
0.026593
0.025672
0.026021
0.025268
0.025793
0.026124
0.025509
0.025081
0.025283
0.025362
0.025481
0.026047
0.026047
0.026362
0.026109
0.026170
0.025158
0.025759
0.026275
0.026381
0.025650
0.025174
0.023968
0.024895
0.024583
0.024681
0.023289
0.020250
0.024025
0.023942
0.022599
0.023084
0.021758
0.024248
0.019190
0.017960
0.020300
0.022935
0.019588
0.020473
0.019727
0.019591
0.021024
0.020775
0.021674
0.019316
0.021570
0.021587
0.020436
0.022727
0.019867
0.018833
0.018869
0.019996
0.021824
0.019198
0.020305
0.018357
0.018262
0.016304
0.017590
0.017128
0.017543
0.016059
0.016918
0.016580
0.015785
0.016312
0.017265
0.016429
0.016573
0.016684
0.017092
0.016573
0.016498
0.015716
0.016556
0.016124
0.016149
0.016650
0.015389
0.016128
0.017148
0.016044
0.016696
0.016891
0.015153
0.016338
0.016109
0.016554
0.015655
0.016573
0.014331
0.014996
0.016488
0.018429
0.015796
0.014486
0.015014
0.015948
0.015822
0.015687
0.015801
0.015047
0.014973
0.015853
0.017613
0.012396
0.014581
0.014308
0.016252
0.015707
0.015451
0.015420
0.016778
0.014687
0.014687
0.014938
0.012708
0.015621
0.014940
0.013114
0.015101
0.013798
0.012994
0.014699
0.017059
0.015139
0.015370
0.013488
0.013650
0.013520
0.013752
0.012738
0.014327
0.013690
0.015260
0.014377
0.014755
0.014252
0.014752
0.014045
0.014256
0.014087
0.014069
0.014087
0.015318
0.014970
0.015244
0.014447
0.015430
0.014224
0.014655
0.014516
0.014491
0.014917
0.014859
0.014240
0.014614
0.014813
0.014660
0.014560
0.014081
0.013997
0.014564
0.015049
0.015140
0.014264
0.013123
0.013486
0.014420
0.015204
0.015031
0.014027
0.013598
0.014159
0.013906
0.013582
0.014456
0.014097
0.012902
0.011917
0.014091
0.014180
0.013919
0.013821
0.013568
0.013838
0.013740
0.014641
0.013917
0.014273
0.014435
0.014471
0.013498
0.013345
0.014696
0.013738
0.013971
0.014115
0.013832
0.012840
0.013566
0.014750
0.014409
0.014319
0.013948
0.013725
0.013591
0.013043
0.013971
0.014264
0.013524
0.012628
0.013605
0.013311
0.013857
0.014438
0.014723
0.014462
0.013667
0.014514
0.014585
0.014763
0.014622
0.014113
0.014480
0.013692
0.013970
0.013941
0.014986
0.013697
0.014327
0.014456
0.014327
0.014072
0.014517
0.014676
0.014807
0.015854
0.014973
0.014553
0.014978
0.016988
0.014197
0.014627
0.014355
0.015272
0.013314
0.014293
0.013989
0.013109
0.013323
0.013988
0.014405
0.014917
0.015308
0.013365
0.013536
0.012608
0.013264
0.013928
0.013797
0.014762
0.013589
0.013879
0.014026
0.014145
0.015101
0.013376
0.013977
0.013479
0.013563
0.014022
0.014156
0.013617
0.013868
0.013709
0.014854
0.014861
0.015389
0.013449
0.012250
0.012998
0.013970
0.014341
0.013338
0.013635
