1.000000
0.997015
0.991787
0.987742
0.991686
0.986608
0.979980
0.982044
0.980581
0.982428
0.983870
0.984722
0.982612
0.983944
0.981934
0.979224
0.977134
0.979508
0.981109
0.977736
0.979021
0.980281
0.980157
0.978764
0.983348
0.980257
0.966694
0.969652
0.967370
0.966613
0.968482
0.962437
0.962437
0.971319
0.969401
0.975109
0.968284
0.965914
0.973647
0.974021
0.967122
0.967862
0.969580
0.970694
0.979266
0.971530
0.969545
0.975849
0.974966
0.975523
0.971586
0.970942
0.976502
0.973760
0.974000
0.975523
0.976780
0.972366
0.973756
0.977255
0.971530
0.975571
0.976700
0.976422
0.970694
0.974097
0.967862
0.968977
0.978061
0.975964
0.969256
0.962831
0.968986
0.972364
0.979846
0.970137
0.969956
0.975590
0.975013
0.971597
0.962996
0.971247
0.968819
0.962382
0.965778
0.959930
0.967829
0.967370
0.963497
0.970692
0.965124
0.966995
0.964664
0.965221
0.967805
0.965979
0.962104
0.965605
0.965145
0.961421
0.962807
0.970813
0.976564
0.961532
0.967220
0.958197
0.959297
0.959297
0.980030
0.950416
0.957401
0.956570
0.952099
0.957407
0.950210
0.953846
0.951725
0.956854
0.953014
0.944856
0.956758
0.953801
0.956640
0.953067
0.948949
0.956396
0.940610
0.953525
0.948768
0.946597
0.953537
0.947526
0.943711
0.941688
0.947804
0.947526
0.953525
0.940850
0.944365
0.944086
0.944922
0.948542
0.947076
0.945104
0.945135
0.944298
0.951170
0.951170
0.951447
0.953067
0.949323
0.945406
0.956364
0.946971
0.946693
0.950797
0.949323
0.951170
0.945781
0.944643
0.945781
0.947935
0.942693
0.945581
0.949784
0.941858
0.945581
0.949288
0.940369
0.938538
0.947628
0.936759
0.941052
0.935580
0.943637
0.946459
0.944702
0.941608
0.944329
0.938516
0.939758
0.940218
0.943455
0.943785
0.936404
0.937959
0.943785
0.936126
0.940955
0.937499
0.936664
0.933410
0.940678
0.942387
0.942483
0.940027
0.933410
0.941928
0.936664
0.942942
0.940122
0.940582
0.938923
0.938828
0.942387
0.936664
0.936203
0.938923
0.942942
0.938923
0.936030
0.942942
0.938612
0.943870
0.934557
0.935642
0.942899
0.941608
0.939096
0.941301
0.943833
0.945685
0.943529
0.941509
0.942067
0.941129
0.943740
0.949750
0.941266
0.944922
0.946616
0.941048
0.940115
0.948398
0.952141
0.942067
0.941858
0.940744
0.938373
0.945224
0.936420
0.942999
0.942999
0.933580
0.937124
0.938520
0.946089
0.938260
0.941148
0.936662
0.939908
0.936662
0.941970
0.937423
0.946522
0.936700
0.940637
0.934715
0.946399
0.932167
0.933834
0.930177
0.937513
0.932349
0.937332
0.932167
0.928969
0.927864
0.929525
0.931472
0.933097
0.934817
0.932349
0.927864
0.932542
0.931238
0.928421
0.932349
0.930638
0.929535
0.932905
0.933183
0.931472
0.934944
0.930092
0.930092
0.939355
0.932029
0.934294
0.937237
0.942822
0.934565
0.930783
0.925354
0.925915
0.932142
0.931155
0.931333
0.931710
0.930222
0.928238
0.925534
0.930542
0.927370
0.935222
0.938620
0.933920
0.930638
0.926812
0.935371
0.935830
0.927091
0.931333
0.931333
0.927403
0.934842
0.932142
0.932142
0.931311
0.931704
0.926335
0.931238
0.925151
0.926699
0.914284
0.924319
0.928021
0.924209
0.921157
0.904571
0.925356
0.916376
0.922316
0.921858
0.915981
0.917759
0.919554
0.915368
0.919096
0.907416
0.915368
0.911291
0.914595
0.916835
0.913581
0.917164
0.910809
0.913153
0.907940
0.909903
0.907940
0.909998
0.907141
0.911291
0.908532
0.900878
0.911458
0.910997
0.910480
0.913511
0.911777
0.911872
0.912333
0.915820
0.911498
0.912055
0.911220
0.916536
0.913403
0.918295
0.921548
0.911096
0.917582
0.915301
0.918876
0.912587
0.912982
0.911150
0.914349
0.916423
0.918364
0.916797
0.915379
0.918826
0.918921
0.915745
0.919383
0.919383
0.917355
0.921096
0.921001
0.918826
0.918269
0.912423
0.916414
0.917201
0.916367
0.914187
0.907134
0.913169
0.916098
0.915811
0.911470
0.914794
0.910171
0.913169
0.910284
0.913730
0.914465
0.916471
0.913073
0.910759
0.912612
0.911831
0.910202
0.910480
0.911846
0.915824
0.906585
0.912694
0.906211
0.906829
0.907683
0.907384
0.908964
0.909978
0.904916
0.904630
0.906551
0.904916
0.907223
0.908870
0.904701
0.904146
0.902508
0.902508
0.898832
0.908544
0.907991
0.903618
0.899450
0.905596
0.897160
0.900536
0.894562
0.900353
0.900814
0.894099
0.898710
0.895305
0.896046
0.889628
0.898695
0.897861
0.901091
0.899728
0.898234
0.896603
0.900656
0.899530
0.903895
0.905363
0.902326
0.895120
0.900814
0.907724
0.903519
0.903796
0.899981
0.902412
0.899520
0.899243
0.892984
0.897877
0.899981
0.895210
0.895583
0.900908
0.898060
0.901217
0.903937
0.893817
0.901304
0.903400
0.894820
0.892113
0.892391
0.896876
0.890167
0.895214
0.896417
0.889705
0.887503
0.891859
0.892692
0.887224
0.888159
0.890167
0.894660
0.889149
0.888159
0.888159
0.890445
0.888994
0.888900
0.892137
0.879835
0.885691
0.893416
0.882511
0.887130
0.893788
0.888159
0.890287
0.888621
0.894342
0.888871
0.887603
0.890287
0.889149
0.893646
0.889149
0.892124
0.889149
0.886110
0.884401
0.894200
0.891304
0.892956
0.891859
0.896045
0.894248
0.888994
0.890539
0.888621
0.888994
0.888060
0.892970
0.888339
0.890013
0.888018
0.890849
0.894081
0.894637
0.894915
0.889319
0.893355
0.890714
0.891868
0.896026
0.890849
0.887938
0.886331
0.894897
0.895214
0.889149
0.882446
0.890277
0.883223
0.884273
0.884273
0.878333
0.877664
0.878221
0.877943
0.878333
0.883039
0.881319
0.879559
0.877207
0.879188
0.873027
0.873979
0.872192
0.876419
0.869242
0.868779
0.868882
0.869873
0.869812
0.868978
0.867186
0.867002
0.867002
0.865262
0.858681
0.868020
0.865169
0.868239
0.872094
0.866666
0.865333
0.865740
0.858135
0.862648
0.861536
0.859214
0.859120
0.864078
0.852063
0.858400
0.857659
0.857647
0.856175
0.856536
0.851253
0.852376
0.851446
0.851540
0.848000
0.846382
0.857317
0.860267
0.847376
0.846598
0.844605
0.838181
0.841316
0.840713
0.834938
0.837938
0.837056
0.836223
0.833168
0.834350
0.828676
0.840240
0.831687
0.828210
0.834841
0.830472
0.837768
0.833822
0.831030
0.832123
0.827014
0.828476
0.832123
0.829458
0.826952
0.828912
0.826930
0.821275
0.829546
0.819192
0.816063
0.806586
0.806544
0.806740
0.805778
0.799251
0.796155
0.798034
0.795339
0.795021
0.795647
0.788992
0.791841
0.788436
0.783824
0.788366
0.782522
0.779250
0.781390
0.778438
0.776489
0.774277
0.768487
0.769717
0.762530
0.761663
0.760485
0.759651
0.755450
0.757422
0.757604
0.755462
0.754909
0.754720
0.748409
0.751184
0.751357
0.745197
0.743943
0.739317
0.736661
0.735498
0.736581
0.732251
0.730625
0.727112
0.725150
0.722928
0.720759
0.717932
0.703947
0.704119
0.699602
0.695304
0.692476
0.690029
0.686991
0.685911
0.681802
0.678180
0.671978
0.671287
0.667228
0.662012
0.655543
0.653934
0.628237
0.650149
0.647353
0.673798
0.461102
0.523924
0.410135
0.419899
0.383544
0.364554
0.352896
0.372892
0.376649
0.367389
0.383692
0.381753
0.395041
0.385898
0.400686
0.391097
0.396109
0.411161
0.406139
0.391997
0.378045
0.351933
0.340234
0.312132
0.279164
0.277891
0.252419
0.298949
0.260471
0.302526
0.225419
0.236225
0.222647
0.279420
0.234269
0.230185
0.235864
0.223971
0.226187
0.239054
0.234705
0.234361
0.223693
0.237412
0.226129
0.197000
0.246651
0.196267
0.181987
0.186584
0.205154
0.184686
0.203538
0.193118
0.206698
0.209063
0.200101
0.215393
0.205916
0.195771
0.212121
0.235545
0.154681
0.144582
0.129047
0.143360
0.147338
0.139264
0.136228
0.130960
0.148936
0.080114
0.095774
0.098076
0.108500
0.099724
0.099846
0.080748
0.118379
0.073767
0.078720
0.094365
0.088167
0.103366
0.095554
0.093308
0.098853
0.123147
0.125993
0.065526
0.082497
0.046082
0.046006
0.042621
0.027044
0.144024
0.085760
0.088644
0.093211
0.125020
0.061398
0.050156
0.074043
0.071701
0.086497
0.062095
0.090871
0.065291
0.080675
0.108082
0.082089
0.069700
0.046178
0.103938
0.067737
0.089410
0.107287
0.106603
0.106065
0.111838
0.130660
0.195984
0.104869
0.123314
0.098547
0.110296
0.097300
0.109082
0.108876
0.114975
0.120930
0.120857
0.094690
0.052114
0.074308
0.074243
0.073262
0.073583
0.122627
0.122619
0.096707
0.059288
0.088746
0.100720
0.113208
0.100720
0.094014
0.087663
0.106410
0.099939
0.106144
0.132223
0.119120
0.106038
0.125324
0.125427
0.105881
0.118787
0.062630
0.117903
0.110798
0.104267
0.110874
0.110083
0.090773
0.103059
0.103321
0.102923
0.089989
0.095706
0.095706
0.127960
0.088951
0.094704
0.101018
0.094746
0.107551
0.133516
0.107312
0.100899
0.133440
0.120229
0.120001
0.100428
0.106844
0.126508
0.113205
0.126354
0.132990
0.126354
0.133032
0.132880
0.087204
0.132490
0.093169
0.099051
0.111863
0.105280
0.111458
0.079443
0.117260
0.072029
0.065252
0.064942
0.083334
0.064239
0.063742
0.005611
0.010613
0.044629
0.062615
0.081079
0.093899
0.068397
0.074506
0.093521
0.049848
0.068084
0.074451
0.015475
0.093492
0.038372
0.074691
0.113210
0.087410
0.087370
0.056434
0.074977
0.094184
0.120283
0.087718
0.100555
0.133733
0.113617
0.107188
0.127019
0.140496
0.127019
0.120413
0.120511
0.107514
0.134017
0.127261
0.120669
0.134146
0.134037
0.140838
0.134017
0.127437
0.134080
0.114107
0.140901
0.140901
0.134122
0.120757
0.107647
0.141053
0.134320
0.141009
0.127592
0.120891
0.140880
0.134298
0.127614
0.127527
0.161584
0.134320
0.147750
0.147685
0.161393
0.175422
0.154579
0.147792
0.127550
0.121135
0.108168
0.141454
0.064541
0.115597
0.096483
0.109954
0.096919
0.110061
0.103853
0.104183
0.086387
0.068404
0.118974
0.112536
0.119391
0.145880
0.125800
0.152498
0.152671
0.159652
0.146250
0.139831
0.180888
0.146846
0.134127
0.161332
0.175209
0.096799
0.073053
0.136548
0.111609
0.157680
0.178320
0.157727
0.198797
0.171368
0.164989
0.199057
0.165212
0.192769
0.172159
0.172275
0.193051
0.199996
0.199996
0.186137
0.200109
0.200165
0.193159
0.200109
0.199991
0.193164
0.200170
0.186017
0.192932
0.192876
0.220987
0.199723
0.185965
0.207100
0.193045
0.172567
0.207263
0.200279
0.214297
0.207268
0.200283
0.193045
0.213910
0.221096
0.220711
0.199668
0.213637
0.206601
0.206601
0.192595
0.220933
0.213752
0.199828
0.200279
0.214580
0.222087
0.201026
0.181247
0.195165
0.224325
0.203334
0.178442
0.134276
0.099149
0.190535
0.239528
0.275571
0.240455
0.269668
0.269474
0.335288
0.270115
0.299270
0.336185
0.328810
0.343824
0.314449
0.336423
0.343783
0.343824
0.328810
0.351447
0.321934
0.344201
0.329548
0.337158
0.322397
0.337484
0.330308
0.323125
0.360558
0.330923
0.397670
0.360276
0.391232
0.331954
0.354569
0.340377
0.340490
0.377765
0.400592
0.347921
0.377765
0.385615
0.385615
0.363012
0.408363
0.378129
0.408504
0.393055
0.393162
0.378092
0.408188
0.385363
0.392948
0.362791
0.385076
0.392628
0.385076
0.385076
0.370011
0.385041
0.384933
0.392486
0.377189
0.384790
0.384864
0.384577
0.376798
0.399541
0.384261
0.376727
0.361556
0.399297
0.399370
0.384087
0.369074
0.376622
0.369146
0.361989
0.399680
0.399680
0.384685
0.392100
0.377011
0.384543
0.384473
0.384473
0.392100
0.392100
0.377154
0.362315
0.384898
0.400029
0.407769
0.384898
0.392452
0.415253
0.415184
0.392206
0.369433
0.399333
0.384261
0.429961
0.391541
0.406666
0.383877
0.383840
0.383770
0.376340
0.383808
0.406363
0.398715
0.383353
0.391063
0.398479
0.368262
0.398652
0.368083
0.390683
0.382977
0.405891
0.390783
0.413796
0.413833
0.406295
0.383530
0.398584
0.413796
0.398920
0.399094
0.399126
0.391648
0.414537
0.406903
0.391890
0.399297
0.399472
0.384331
0.384577
0.422356
0.399680
0.400063
0.423173
0.423620
0.400982
0.431627
0.416506
0.401521
0.416791
0.424388
0.439720
0.432392
0.417323
0.424777
0.440452
0.432885
0.433102
0.441015
0.433602
0.441337
0.457219
0.426435
0.457431
0.457787
0.442455
0.465543
0.465645
0.450090
0.457929
0.465716
0.473491
0.465858
0.450306
0.458001
0.481206
0.465716
0.465756
0.496704
0.504379
0.488466
0.480827
0.496498
0.473241
0.465504
0.473451
0.481386
0.465899
0.473946
0.466935
0.482203
0.474774
0.482876
0.482847
0.483135
0.475541
0.499027
0.491368
0.491585
0.499385
0.483541
0.522880
0.499142
0.491686
0.507247
0.515197
0.515055
0.522880
0.514956
0.523021
0.522782
0.515098
0.499285
0.507247
0.523021
0.491730
0.530933
0.546639
0.507290
0.523021
0.522880
0.530584
0.522600
0.514885
0.522880
0.507247
0.522880
0.546459
0.538583
0.538721
0.499746
0.515311
0.538972
0.492050
0.484301
0.515268
0.523233
0.515268
0.531073
0.515268
0.531073
0.515098
0.530933
0.523064
0.531003
0.546804
0.538791
0.523021
0.530820
0.507147
0.515098
0.546501
0.522880
0.507247
0.538583
0.530626
0.546295
0.514843
0.522740
0.522740
0.554148
0.538169
0.561923
0.561991
0.554080
0.506749
0.554080
0.538197
0.530195
0.545776
0.529892
0.522042
0.537786
0.537417
0.545303
0.553366
0.545505
0.561415
0.545438
0.529989
0.529823
0.553500
0.553607
0.537718
0.522071
0.553904
0.545736
0.553742
0.553836
0.545736
0.545776
0.553539
0.537786
0.537826
0.561682
0.553634
0.537621
0.561454
0.553607
0.537718
0.545776
0.561682
0.553904
0.545980
0.530278
0.530347
0.538376
0.522670
0.546254
0.538376
0.553985
0.538376
0.530556
0.538486
0.554488
0.562261
0.562166
0.554284
0.538417
0.538445
0.538376
0.562058
0.561964
0.538307
0.546158
0.554080
0.562058
0.546254
0.538445
0.530584
0.546322
0.562261
0.546666
0.554488
0.554557
0.578298
0.554598
0.562396
0.538625
0.562396
0.586278
0.546391
0.546322
0.562058
0.569783
0.545872
0.553539
0.577133
0.568923
0.553032
0.560950
0.560846
0.537079
0.545129
0.537214
0.553098
0.537242
0.560989
0.544995
0.553032
0.569016
0.577160
0.545398
0.545668
0.561588
0.553769
0.545776
0.537991
0.561588
0.545776
0.545776
0.561682
0.553674
0.561722
0.553674
0.561454
0.569517
0.529851
0.545708
0.577264
0.553607
0.537963
0.530167
0.545980
0.561856
0.569917
0.530237
0.545912
0.585683
0.561722
0.577621
0.553742
0.561521
0.569517
0.545776
0.577555
0.561282
0.569082
0.569214
0.553165
0.569082
0.553165
0.545101
0.545062
0.568885
0.576704
0.568131
0.552304
0.576251
0.576445
0.552539
0.576187
0.584284
0.544595
0.528762
0.536704
0.528965
0.560555
0.560621
0.536905
0.560621
0.544794
0.552832
0.537040
0.552832
0.537107
0.568885
0.568688
0.552832
0.568492
0.568492
0.560715
0.536838
0.560424
0.544358
0.552464
0.536905
0.536838
0.544995
0.545062
0.553032
0.537378
0.553165
0.568923
0.560753
0.560884
0.544794
0.544967
0.552832
0.560818
0.552993
0.560884
0.552965
0.545062
0.544995
0.537242
0.529509
0.545263
0.537282
0.529440
0.537378
0.545129
0.537242
0.552927
0.552766
0.552634
0.536799
0.521313
0.513723
0.513931
0.498629
0.506636
0.490893
0.475907
0.499501
0.476320
0.507505
0.507649
0.468906
0.476839
0.508182
0.484891
0.469281
0.500299
0.492534
0.508009
0.515767
0.507865
0.476988
0.477109
0.492727
0.454053
0.461975
0.477212
0.485160
0.469658
0.485086
0.469507
0.461775
0.454005
0.484789
0.453929
0.484715
0.476988
0.484891
0.469281
0.484891
0.461490
0.469131
0.461595
0.469177
0.484891
0.469460
0.446361
0.453929
0.469460
0.461775
0.469460
0.477063
0.477212
0.446361
0.461595
0.469460
0.415769
0.476988
0.453776
0.469281
0.453823
0.431061
0.461490
0.469356
0.446178
0.469356
0.446178
0.438895
0.446361
0.446748
0.446748
0.469886
0.447059
0.447137
0.447059
0.477814
0.454775
0.462328
0.447137
0.470342
0.447577
0.439965
0.439965
0.432455
0.439965
0.470725
0.424727
0.455212
0.462867
0.455105
0.455162
0.424808
0.470544
0.447528
0.447577
0.439965
0.432375
0.447785
0.448050
0.440572
0.455837
0.471469
0.448605
0.441053
0.425832
0.448896
0.426241
0.441617
0.411505
0.457237
0.419123
0.426817
0.419123
0.434286
0.404137
0.411701
0.411869
0.441779
0.411785
0.411841
0.427065
0.419427
0.389741
0.404816
0.389827
0.382545
0.390116
0.390174
0.368337
0.353836
0.339550
0.339613
0.347045
0.332643
0.339799
0.347045
0.361688
0.339550
0.332363
0.339550
0.339335
0.353957
0.346494
0.317610
0.331897
0.346311
0.317327
0.338812
0.346158
0.338629
0.345976
0.324208
0.338476
0.352723
0.338020
0.337838
0.330544
0.337747
0.323189
0.316296
0.316203
0.302437
0.302215
0.302342
0.302215
0.295084
0.302153
0.294989
0.274164
0.295117
0.273999
0.267407
0.274687
0.247395
0.240985
0.202293
0.222059
0.222025
0.190475
0.172140
0.178642
0.142849
0.154972
0.161182
0.155175
0.179449
0.154853
0.143054
0.172800
0.160435
0.191568
0.166707
0.166707
0.160945
0.149061
0.161301
0.138045
0.149787
0.138168
0.126689
0.149508
0.137761
0.143457
0.167448
0.143457
0.143054
0.154816
0.143213
0.131551
0.126314
0.115612
0.121077
0.104826
0.116251
0.110530
0.095140
0.095233
0.090656
0.096031
0.090616
0.117980
0.081368
0.086306
0.071434
0.067217
0.081466
0.072030
0.067779
0.063485
0.054864
0.063690
0.059823
0.060072
0.065015
0.052037
0.047859
0.056712
0.070434
0.057004
0.053174
0.049005
0.036809
0.044937
0.057443
0.045047
0.062139
0.057258
0.044827
0.049005
0.044528
0.056858
0.061412
0.047967
0.061083
0.065445
0.060794
0.052438
0.056712
0.052144
0.052438
0.048263
0.048263
0.040219
0.044189
0.052771
0.040370
0.036809
0.030178
0.016907
0.030950
0.027582
0.024015
0.017816
0.024445
0.020994
0.027582
0.031105
0.024015
0.016865
0.020089
0.026960
0.034278
0.023233
0.023036
0.023546
0.023036
0.019932
0.026649
0.022880
0.026184
0.026339
0.022569
0.013366
0.013801
0.027582
0.014119
0.017340
0.014479
0.017857
0.008519
0.017182
0.011539
0.014479
0.024015
0.000000
0.013960
0.020089
0.010899
0.019932
0.013483
0.016907
0.010858
0.008722
0.006149
0.009003
0.008842
0.011819
0.011819
0.004072
0.018731
0.015717
0.015878
0.012623
0.009973
0.012623
0.012583
0.012946
0.012744
0.018930
0.013309
0.013268
0.013552
0.011274
0.004565
0.012666
0.011521
0.015178
0.013816
0.012297
0.008102
0.009166
0.007374
0.018440
0.019619
0.014430
0.018170
0.013793
0.017308
0.007977
0.019937
0.009890
0.014249
0.014249
0.018589
0.014072
0.025522
0.015827
0.019937
0.017398
0.016668
0.017539
0.011386
0.011740
0.018063
0.012094
0.012271
0.016498
0.016707
0.016707
0.016883
0.014392
0.017236
0.015133
0.012948
0.017236
0.019642
0.017445
0.015133
0.011315
0.019674
0.017380
0.011672
0.015488
0.013515
0.017766
0.013159
0.015133
0.012804
0.017059
0.015488
0.009781
0.006826
0.009429
0.008530
0.012299
0.010695
0.007950
0.012810
0.008497
0.017065
0.016705
0.016705
0.011239
0.012598
0.012448
0.009074
0.010152
0.013464
0.013612
0.013073
0.013073
0.009429
0.011005
0.011005
0.014374
0.009429
0.008167
0.011005
0.006314
0.007838
0.007476
0.006347
0.004465
0.005867
0.006049
0.006382
0.008893
0.006382
0.008893
0.009256
0.010695
0.010514
0.007554
0.011027
0.006110
0.004231
0.007022
0.007022
0.006013
0.007947
0.008318
0.007500
0.007284
0.007027
0.008059
0.007402
0.007952
0.011874
0.009050
0.008484
0.009047
0.010894
0.012646
0.009984
0.009526
0.008704
0.008618
0.010146
0.011217
0.010928
0.010559
0.011754
0.010559
0.010748
0.011343
0.012131
0.011844
0.011655
0.012960
0.011424
0.011114
0.011424
0.012021
0.012374
0.013015
0.013974
0.014613
0.014682
0.014854
0.015131
0.015019
0.015978
0.015502
0.014854
0.016022
0.015594
0.016982
0.016832
0.015876
0.019559
0.018143
0.018143
0.019271
0.019578
0.019341
0.019658
0.019303
0.019512
0.020357
0.019521
0.019317
0.020121
0.019271
0.019102
0.019747
0.018723
0.018761
0.018761
0.018723
0.019271
0.019940
0.020069
0.019682
0.020937
0.020134
0.020357
0.019489
0.017975
0.017903
0.018305
0.022025
0.020932
0.024345
0.026145
0.029110
0.024686
0.029430
0.038451
0.030790
0.044541
0.040742
0.041322
0.038048
0.035477
0.039217
0.039608
0.043436
0.037026
0.046419
0.042719
0.038010
0.037616
0.038207
0.042524
0.039538
0.039715
0.043522
0.044091
0.046364
0.044661
0.048954
0.043317
0.046541
0.047148
0.039796
0.047737
0.047540
0.051645
0.048130
0.052053
0.047719
0.052053
0.045841
0.044303
0.051645
0.051627
0.043890
0.047148
0.046756
0.052545
0.050688
0.043317
0.048544
0.050883
0.051272
0.053887
0.047933
0.058745
0.052053
0.052035
0.050325
0.057025
0.054666
0.057219
0.064992
0.051092
0.055269
0.062672
0.055447
0.053209
0.055056
0.055251
0.055269
0.057413
0.053209
0.062672
0.068003
0.062286
0.059888
0.060082
0.051092
0.064992
0.055447
0.053014
0.053031
0.062286
0.053031
0.055056
0.062093
0.054684
0.056830
0.059131
0.058920
0.058920
0.058727
0.052053
0.051840
0.051645
0.058727
0.058533
0.060937
0.051468
0.051468
0.053498
0.055473
0.057972
0.052739
0.050493
0.052545
0.059592
0.052563
0.052138
0.052351
0.052351
0.057009
0.062136
0.054524
0.051963
0.062117
0.052351
0.057412
0.064966
0.057587
0.059994
0.063456
0.060937
0.061129
0.058709
0.066491
0.063858
0.053887
0.055878
0.055860
0.051449
0.058340
0.060552
0.065900
0.055085
0.055473
0.055297
0.057394
0.059802
0.057201
0.062117
0.053752
0.048163
0.050802
0.055663
0.050977
0.052597
0.060040
0.055874
0.039783
0.057888
0.057888
0.060991
0.057697
0.048550
0.057888
0.052789
0.058270
0.060611
0.055452
0.063258
0.050416
0.066982
0.076649
0.061963
0.051595
0.061563
0.059035
0.061945
0.059418
0.062327
0.064948
0.059802
0.068288
0.062518
0.065347
0.062327
0.062117
0.064948
0.062136
0.054138
0.053752
0.061563
0.061754
0.058844
0.064396
0.064206
0.061182
0.058442
0.063618
0.058270
0.056066
0.063656
0.055280
0.050223
0.057315
0.060040
0.054705
0.060040
0.063258
0.065831
0.063277
0.066397
0.066208
0.066775
0.060991
0.066964
0.061372
0.076444
0.061563
0.059054
0.061563
0.061754
0.070003
0.064776
0.064948
0.068099
0.068288
0.068478
0.075254
0.069029
0.066682
0.072836
0.064224
0.072836
0.072646
0.072646
0.066855
0.069427
0.063858
0.069410
0.063456
0.072285
0.069427
0.075613
0.063840
0.067255
0.063474
0.069410
0.058147
0.069790
0.067046
0.073025
0.067637
0.060552
0.058165
0.066491
0.066473
0.066491
0.075990
0.064416
0.076179
0.072836
0.070361
0.060186
0.066491
0.063648
0.072646
0.069790
0.067446
0.069790
0.064032
0.066664
0.066473
0.072646
0.066473
0.072664
0.063648
0.066109
0.063091
0.062900
0.068288
0.065556
0.074502
0.065157
0.068099
0.067909
0.062136
0.067342
0.070003
0.058671
0.069833
0.061391
0.066982
0.066775
0.066775
0.070209
0.073001
0.067153
0.080029
0.066964
0.073376
0.076463
0.080215
0.067342
0.074314
0.081145
0.077770
0.081145
0.084809
0.078314
0.081331
0.081703
0.082076
0.075819
0.092972
0.086277
0.086480
0.079645
0.076179
0.082993
0.076179
0.082993
0.083368
0.086649
0.094799
0.084305
0.099118
0.088500
0.096112
0.096483
0.093181
0.093181
0.104816
0.097009
0.093945
0.108397
0.093945
0.101149
0.093742
0.113183
0.105000
0.090392
0.093742
0.104816
0.101149
0.087114
0.093742
0.093945
0.105199
0.101149
0.097769
0.097210
0.093945
0.109312
0.101690
0.109679
0.105922
0.091129
0.105922
0.098141
0.091506
0.097940
0.098141
0.101891
0.105368
0.105169
0.104616
0.104816
0.093945
0.093742
0.104816
0.093742
0.112439
0.097210
0.104080
0.104448
0.104096
0.092808
0.096281
0.100040
0.095910
0.103162
0.095741
0.106770
0.099118
0.099118
0.095186
0.098750
0.094631
0.094061
0.090406
0.097481
0.096914
0.097297
0.090406
0.098031
0.094262
0.098031
0.098215
0.094262
0.098215
0.114066
0.105860
0.105497
0.101898
0.101898
0.106224
0.118843
0.102446
0.099318
0.103362
0.103346
0.095741
0.123865
0.103529
0.096281
0.100225
0.096281
0.104096
0.111894
0.093010
0.096281
0.104080
0.108046
0.116032
0.116213
0.108397
0.100795
0.104816
0.121340
0.108763
0.113183
0.098141
0.105922
0.109863
0.118191
0.122770
0.122770
0.110782
0.110951
0.102819
0.118933
0.123146
0.106846
0.103005
0.114811
0.107216
0.107016
0.110782
0.107216
0.115347
0.110782
0.115347
0.115713
0.111504
0.120013
0.116067
0.124583
0.120378
0.124960
0.116448
0.129056
0.112797
0.105790
0.112626
0.116816
0.125128
0.105243
0.120927
0.129224
0.116816
0.120561
0.108672
0.112242
0.120195
0.132897
0.120013
0.111689
0.115727
0.128334
0.115347
0.119101
0.118737
0.115544
0.123146
0.119297
0.114811
0.123508
0.115361
0.111320
0.120013
0.119830
0.128515
0.120013
0.124596
0.128876
0.112797
0.120927
0.129056
0.124960
0.116816
0.120561
0.112797
0.120927
0.121096
0.120730
0.121110
0.129056
0.116448
0.120378
0.124764
0.128876
0.101510
0.120730
0.112427
0.120927
0.124960
0.124764
0.125128
0.112797
0.113167
0.120730
0.124764
0.112598
0.120757
0.133436
0.108872
0.116646
0.125128
0.125128
0.116816
0.120730
0.116816
0.116646
0.129056
0.129418
0.116816
0.116448
0.108500
0.116264
0.116278
0.116081
0.112242
0.108500
0.120378
0.120392
0.120378
0.116081
0.112427
0.116081
0.116094
0.116278
0.120561
0.112058
0.120378
0.112427
0.120378
0.112427
0.112626
0.133436
0.120730
0.116816
0.116986
0.121476
0.121293
0.125310
0.117368
0.102249
0.121476
0.125310
0.109244
0.125310
0.120927
0.116816
0.124933
0.125128
0.124933
0.120757
0.124764
0.116816
0.108500
0.124764
0.120195
0.112242
0.124401
0.108500
0.112427
0.120392
0.116081
0.115897
0.115897
0.112427
0.108500
0.116448
0.120757
0.105243
0.112797
0.117184
0.121293
0.121110
0.109616
0.113723
0.113723
0.122026
0.118106
0.110162
0.126208
0.102801
0.110162
0.114094
0.110362
0.110549
0.122197
0.114266
0.119202
0.115581
0.116327
0.120314
0.120871
0.124948
0.117236
0.129323
0.121057
0.113723
0.117248
0.117622
0.120859
0.113159
0.099089
0.124775
0.105450
0.117061
0.124960
0.108973
0.108797
0.112220
0.112408
0.115941
0.112020
0.123852
0.112220
0.105438
0.117061
0.109729
0.125318
0.121429
0.117622
0.117435
0.117435
0.113723
0.125515
0.113723
0.121243
0.117435
0.125318
0.121615
0.121615
0.106388
0.114099
0.110486
0.110296
0.113723
0.106210
0.106210
0.109918
0.113723
0.121243
0.093148
0.106210
0.113723
0.113347
0.112959
0.110296
0.117622
0.106590
0.106388
0.110119
0.109918
0.117622
0.114099
0.110296
0.110296
0.109918
0.109918
0.117236
0.113723
0.109918
0.121615
0.113535
0.113347
0.113347
0.121243
0.117061
0.117061
0.101645
0.105248
0.112783
0.108609
0.108407
0.112608
0.116128
0.116128
0.112408
0.108206
0.104881
0.108043
0.104313
0.111858
0.111483
0.123484
0.103745
0.111109
0.110922
0.118462
0.106915
0.110736
0.114651
0.106928
0.118462
0.114837
0.103192
0.110549
0.110736
0.110909
0.114452
0.118832
0.114837
0.110922
0.103745
0.100503
0.107842
0.119387
0.108043
0.104515
0.100693
0.123484
0.097951
0.108407
0.108219
0.112020
0.104692
0.104692
0.112220
0.104881
0.116501
0.112220
0.112783
0.108973
0.105640
0.113159
0.117061
0.117061
0.121243
0.105817
0.109741
0.105640
0.109150
0.109150
0.102408
0.109729
0.109351
0.102217
0.105640
0.105640
0.105640
0.124775
0.112771
0.101824
0.108407
0.105071
0.101264
0.104692
0.097938
0.108973
0.108407
0.105071
0.101264
0.104692
0.112020
0.108407
0.115568
0.111471
0.104326
0.122932
0.103556
0.103381
0.110536
0.099364
0.110162
0.106352
0.109976
0.113723
0.109616
0.098619
0.105790
0.098809
0.105589
0.098619
0.102061
0.105790
0.105603
0.094519
0.112982
0.101483
0.097863
0.112427
0.097674
0.100933
0.097108
0.093395
0.115713
0.096731
0.096934
0.089959
0.111320
0.103563
0.103549
0.092624
0.095992
0.103549
0.111135
0.103377
0.107216
0.095992
0.099261
0.103005
0.114811
0.106661
0.110230
0.105922
0.102247
0.094678
0.097769
0.097769
0.097940
0.101690
0.094288
0.094491
0.101891
0.105538
0.098141
0.105922
0.098141
0.094678
0.105922
0.106091
0.106661
0.103377
0.095992
0.092624
0.103549
0.107572
0.093002
0.103922
0.108143
0.093192
0.086626
0.100183
0.096180
0.100183
0.096542
0.092624
0.103563
0.089184
0.095226
0.091868
0.085099
0.088060
0.087886
0.095053
0.091129
0.094116
0.098141
0.090941
0.090737
0.094678
0.098141
0.101520
0.094116
0.090392
0.086941
0.086548
0.083199
0.097210
0.101350
0.097396
0.097769
0.093945
0.089453
0.097210
0.097396
0.087114
0.100964
0.093742
0.100964
0.093555
0.086941
0.097210
0.090000
0.086375
0.085998
0.093010
0.085998
0.096668
0.082820
0.092621
0.100040
0.096668
0.096467
0.089625
0.093353
0.097210
0.100795
0.086548
0.096838
0.086375
0.097210
0.086548
0.097210
0.093555
0.093945
0.093742
0.090392
0.087114
0.097769
0.094491
0.109679
0.094881
0.091506
0.088060
0.095226
0.091506
0.081658
0.091506
0.087682
0.087682
0.094678
0.087682
0.094678
0.094678
0.097940
0.087682
0.090941
0.094288
0.094116
0.087288
0.080909
0.087319
0.080909
0.090737
0.090564
0.093914
0.097769
0.090737
0.090392
0.097396
0.086941
0.083388
0.093555
0.090000
0.086941
0.090000
0.086548
0.105000
0.087114
0.083594
0.086736
0.093945
0.083388
0.086941
0.101149
0.093945
0.090392
0.090564
0.094116
0.098141
0.087493
0.094678
0.098328
0.094678
0.088060
0.087682
0.084719
0.091129
0.094678
0.088060
0.091129
0.094678
0.094678
0.087682
0.081306
0.080909
0.084338
0.084338
0.084338
0.087288
0.087114
0.090564
0.087288
0.087319
0.090392
0.080527
0.083388
0.087114
0.077776
0.090392
0.080527
0.080527
0.086941
0.086941
0.093555
0.082820
0.083199
0.082646
0.082646
0.082646
0.085793
0.085809
0.089062
0.082078
0.085245
0.078244
0.088329
0.075116
0.088329
0.088126
0.088126
0.088126
0.078260
0.084305
0.084493
0.084493
0.091148
0.087582
0.077330
0.080585
0.084117
0.077502
0.071315
0.083947
0.083947
0.080757
0.098231
0.087395
0.090777
0.084305
0.094446
0.083742
0.083759
0.083742
0.080192
0.086649
0.094262
0.077124
0.083555
0.077313
0.098215
0.083930
0.084117
0.094631
0.083742
0.080946
0.090777
0.087022
0.094262
0.080380
0.080380
0.083555
0.077330
0.089850
0.086649
0.086480
0.086463
0.083010
0.086463
0.082993
0.080004
0.083181
0.086836
0.090592
0.094262
0.083947
0.080380
0.084117
0.083930
0.090777
0.087225
0.077330
0.087022
0.087412
0.080569
0.091148
0.081134
0.088329
0.088126
0.085056
0.072654
0.088891
0.095725
0.082251
0.088687
0.082251
0.085605
0.082646
0.095910
0.082251
0.085228
0.092249
0.085433
0.085605
0.088891
0.082251
0.085245
0.085040
0.085228
0.081889
0.081701
0.091876
0.081512
0.091690
0.078054
0.084493
0.084493
0.081134
0.084305
0.074528
0.087395
0.080585
0.080774
0.083555
0.090963
0.090777
0.080569
0.080585
0.080946
0.083947
0.094463
0.083930
0.090777
0.083759
0.080585
0.087412
0.083930
0.080585
0.090777
0.090592
0.080585
0.083351
0.083555
0.076763
0.086480
0.083198
0.079816
0.089850
0.076763
0.079816
0.086649
0.093524
0.089850
0.090035
0.093708
0.089850
0.089850
0.086074
0.082415
0.076179
0.089682
0.082619
0.082432
0.082619
0.089682
0.089110
0.085719
0.082263
0.082246
0.078706
0.088741
0.085179
0.085162
0.085365
0.081872
0.085551
0.078706
0.078706
0.075236
0.072078
0.075254
0.088573
0.078314
0.092237
0.091887
0.068857
0.081331
0.088205
0.084235
0.084438
0.081145
0.074878
0.084420
0.074689
0.077565
0.091704
0.081145
0.084420
0.087818
0.084438
0.071529
0.084623
0.084623
0.080941
0.088205
0.080754
0.080586
0.087836
0.077209
0.077209
0.087652
0.080401
0.077378
0.083883
0.084235
0.077957
0.091887
0.088556
0.075236
0.075613
0.085348
0.085162
0.088556
0.085365
0.081872
0.075819
0.085348
0.078519
0.082076
0.085162
0.078314
0.078127
0.071718
0.081331
0.088573
0.092070
0.078519
0.075066
0.091887
0.081145
0.091704
0.081331
0.088205
0.081145
0.080941
0.077583
0.080754
0.087836
0.088020
0.084235
0.088020
0.088205
0.084068
0.094940
0.074314
0.080772
0.084068
0.080605
0.077209
0.080401
0.087284
0.084068
0.077396
0.077228
0.087284
0.090605
0.087486
0.090971
0.090971
0.087468
0.080215
0.073563
0.087284
0.090605
0.083329
0.083144
0.073001
0.079658
0.079287
0.093849
0.082775
0.086366
0.082406
0.090057
0.082591
0.086201
0.086182
0.075718
0.082222
0.072066
0.075179
0.075179
0.081689
0.081138
0.088437
0.081138
0.081138
0.084737
0.088437
0.077642
0.077808
0.077642
0.084737
0.077642
0.096135
0.081505
0.081505
0.085285
0.085285
0.085651
0.092761
0.089347
0.092942
0.082057
0.075737
0.085651
0.089309
0.092942
0.085651
0.078566
0.081670
0.085816
0.092942
0.082057
0.078732
0.081854
0.082222
0.089711
0.089510
0.101184
0.101184
0.093304
0.086201
0.089510
0.085816
0.085816
0.081854
0.081854
0.075179
0.085651
0.085651
0.085651
0.089347
0.085816
0.079102
0.093685
0.076276
0.089875
0.082978
0.079102
0.085651
0.096836
0.085816
0.089347
0.089510
0.089510
0.078936
0.082425
0.082222
0.089510
0.085651
0.092942
0.089893
0.101184
0.085980
0.086201
0.085980
0.089875
0.085816
0.082406
0.085816
0.089893
0.089711
0.089510
0.082222
0.104911
0.082425
0.093304
0.089510
0.092942
0.082425
0.089146
0.089309
0.082222
0.096836
0.101023
0.089510
0.092942
0.089510
0.093141
0.085449
0.085266
0.078732
0.078177
0.096656
0.085266
0.081505
0.084901
0.081138
0.084737
0.092399
0.091857
0.081138
0.084353
0.080752
0.084554
0.091695
0.087892
0.087530
0.080222
0.080222
0.080222
0.083441
0.083662
0.080038
0.079856
0.079673
0.086986
0.079673
0.083279
0.086986
0.098701
0.086986
0.094540
0.086986
0.094540
0.090794
0.083279
0.090434
0.090595
0.083279
0.086986
0.098701
0.086986
0.083279
0.095237
0.087530
0.091695
0.091334
0.091695
0.083988
0.099236
0.087692
0.087892
0.095237
0.087530
0.087530
0.090974
0.098701
0.072771
0.086786
0.083117
0.094182
0.086444
0.086825
0.082753
0.097457
0.086464
0.093448
0.075252
0.085542
0.082209
0.071686
0.085922
0.082209
0.093646
0.089895
0.086464
0.097812
0.094182
0.086986
0.094699
0.094699
0.098701
0.106987
0.090434
0.086986
0.090794
0.098701
0.094699
0.106987
0.090794
0.090794
0.098701
0.098879
0.086986
0.106792
0.087530
0.091173
0.098860
0.098860
0.094878
0.099077
0.102640
0.086986
0.098543
0.079510
0.086625
0.090254
0.090274
0.105913
0.097812
0.090075
0.090254
0.086625
0.102090
0.094182
0.098345
0.094341
0.094341
0.086825
0.090254
0.097812
0.086083
0.105757
0.089556
0.082209
0.092755
0.085382
0.077687
0.089197
0.085382
0.096925
0.097122
0.096925
0.085542
0.093290
0.097102
0.101032
0.081847
0.096925
0.093112
0.092913
0.092557
0.096571
0.092755
0.100680
0.089197
0.096925
0.089197
0.109522
0.089377
0.105076
0.085382
0.097122
0.105231
0.101404
0.093092
0.109522
0.097280
0.096925
0.093112
0.105076
0.092557
0.088839
0.092577
0.092400
0.104202
0.100152
0.108653
0.088104
0.091689
0.084123
0.095708
0.091867
0.095158
0.099470
0.091512
0.095531
0.095355
0.086897
0.072352
0.090096
0.082333
0.085987
0.089742
0.086165
0.082333
0.085831
0.089742
0.105906
0.085455
0.097373
0.089059
0.097220
0.084769
0.096156
0.092393
0.096525
0.096699
0.096872
0.100061
0.091498
0.084239
0.096525
0.100384
0.100751
0.096872
0.096503
0.101096
0.100578
0.101096
0.114650
0.105562
0.101248
0.105562
0.101594
0.097547
0.105906
0.106272
0.110501
0.106272
0.106423
0.110822
0.110994
0.111166
0.098245
0.111186
0.106596
0.102809
0.090272
0.115480
0.115992
0.102809
0.102114
0.110843
0.110480
0.110822
0.119735
0.101442
0.042175
0.085556
0.103527
0.095680
0.108453
0.104211
0.100061
0.104040
0.117040
0.117040
0.130659
0.116057
0.130352
0.125318
0.116057
0.120884
0.130167
0.125648
0.140425
0.150663
0.130352
0.130352
0.140102
0.125318
0.140242
0.151623
0.131131
0.146797
0.141724
0.146474
0.156846
0.146797
0.162458
0.146938
0.167978
0.167958
0.162279
0.141399
0.131316
0.145849
0.156369
0.150823
0.155892
0.166252
0.160878
0.171229
0.154646
0.159486
0.186643
0.180665
0.208825
0.196800
0.191739
0.197521
0.197521
0.214620
0.202773
0.197076
0.202773
0.203531
0.227900
0.228168
0.210418
0.209977
0.204397
0.199011
0.198692
0.209850
0.170167
0.203490
0.192038
0.203490
0.180817
0.197224
0.227306
0.191610
0.197393
0.197224
0.220804
0.197224
0.191610
0.196800
0.202353
0.202500
0.190545
0.202500
0.196504
0.196335
0.184838
0.213917
0.196187
0.190269
0.184688
0.207658
0.202060
0.202039
0.208532
0.196779
0.191141
0.196927
0.191141
0.197076
0.191291
0.209284
0.209138
0.197521
0.203363
0.203363
0.197669
0.186019
0.197818
0.185267
0.191162
0.191291
0.214786
0.214786
0.185868
0.203531
0.186019
0.191739
0.197818
0.175687
0.204101
0.181426
0.192789
0.204229
0.192789
0.187379
0.181884
0.181558
0.198692
0.176301
0.187530
0.199140
0.171405
0.187833
0.187661
0.193240
0.187661
0.170785
0.187530
0.187207
0.187379
0.170455
0.153385
0.180362
0.175075
0.198414
0.181426
0.186602
0.186492
0.186602
0.186451
0.181253
0.187076
0.187530
0.193370
0.171229
0.182016
0.188117
0.188289
0.188289
0.182648
0.182321
0.187965
0.193993
0.193672
0.187833
0.187833
0.182189
0.205585
0.188289
0.182781
0.172161
0.183374
0.172473
0.188726
0.183241
0.194881
0.194881
0.172473
0.183087
0.200020
0.188726
0.200020
0.188553
0.183414
0.205715
0.194124
0.194124
0.172006
0.188117
0.183087
0.194124
0.182781
0.205585
0.205715
0.194124
0.194124
0.199759
0.205585
0.205417
0.188289
0.182474
0.176742
0.205139
0.204971
0.193370
0.204842
0.210733
0.193240
0.210418
0.198692
0.198692
0.198244
0.204397
0.209850
0.221525
0.203658
0.215513
0.209557
0.227737
0.204081
0.204229
0.215930
0.215930
0.228004
0.210291
0.227737
0.234123
0.210291
0.204101
0.227737
0.222104
0.234142
0.216076
0.233999
0.228024
0.221959
0.215950
0.227880
0.221670
0.215679
0.239727
0.209850
0.221670
0.209870
0.227737
0.215658
0.215804
0.221525
0.221525
0.221525
0.233429
0.215222
0.221525
0.227306
0.227183
0.221092
0.208678
0.220084
0.219961
0.244155
0.219510
0.213483
0.219388
0.201328
0.225044
0.231184
0.243460
0.225186
0.243619
0.243481
0.249775
0.218673
0.218652
0.237096
0.224740
0.249520
0.261967
0.230762
0.249087
0.249087
0.249108
0.255006
0.255435
0.261561
0.287348
0.248950
0.274230
0.261561
0.261561
0.268026
0.280767
0.267892
0.286955
0.286583
0.266956
0.254368
0.279845
0.299496
0.299605
0.319611
0.299348
0.299348
0.285931
0.305680
0.305828
0.312438
0.312438
0.272792
0.292286
0.312438
0.279340
0.298963
0.305573
0.292435
0.305573
0.285801
0.259431
0.292177
0.292069
0.312205
0.318608
0.305192
0.305192
0.304939
0.285151
0.291533
0.278294
0.277903
0.297451
0.283859
0.297197
0.290124
0.270581
0.290018
0.323635
0.296437
0.316783
0.309721
0.322778
0.329672
0.350213
0.329330
0.349879
0.335762
0.335544
0.335305
