0.678185
0.681291
0.664275
0.693185
0.681291
0.667417
0.664275
0.663078
0.657994
0.666958
0.652910
0.662671
0.690080
0.677838
0.661491
0.679015
0.665771
0.653907
0.672881
0.651971
0.662671
0.705470
0.656167
0.652910
0.660754
0.679015
0.679015
0.665771
0.683972
0.666958
0.665771
0.711403
0.657994
0.699146
0.671976
0.666958
0.657994
0.683972
0.683972
0.678185
0.683972
0.663284
0.663078
0.699146
0.669540
0.678185
0.704031
0.664275
0.681291
0.722142
0.694374
0.667417
0.678185
0.693185
0.690113
0.678185
0.687507
0.693185
0.665591
0.692527
0.687507
0.714291
0.708228
0.747149
0.708228
0.673704
0.694374
0.687507
0.732233
0.704296
0.732233
0.693728
0.683140
0.685200
0.704296
0.687507
0.692527
0.699334
0.696840
0.678787
0.719181
0.678787
0.692527
0.714291
0.679994
0.672670
0.657994
0.665771
0.665771
0.651717
0.653907
0.723857
0.666958
0.656167
0.699146
0.683972
0.690113
0.668344
0.678185
0.690113
0.783857
0.705199
0.673704
0.698146
0.673873
0.672670
0.664275
0.678185
0.722142
0.681291
0.708228
0.672670
0.690113
0.668344
0.678185
0.694374
0.668620
0.687507
0.673704
0.672670
0.678185
0.683972
0.669540
0.678185
0.690113
0.708228
0.672670
0.688931
0.678185
0.681291
0.667417
0.699334
0.672670
0.673704
0.672670
0.672670
0.708228
0.687507
0.692527
0.687507
0.687507
0.679994
0.693728
0.673704
0.732233
0.699334
0.687507
0.694374
0.693185
0.699334
0.722142
0.698146
0.708228
0.708228
0.693185
0.699146
0.704031
0.659191
0.657031
0.665771
0.663284
0.733702
0.693100
0.665771
0.699146
0.717345
0.677838
0.699146
0.663284
0.699146
0.671976
0.738397
0.704031
0.722142
0.704031
0.668344
0.690113
0.708228
0.678185
0.652910
0.679015
0.699146
0.717345
0.678185
0.704031
0.743096
0.694374
0.690113
0.699146
0.699146
0.717345
0.683972
0.722142
0.681291
0.676994
0.671976
0.693100
0.690113
0.688931
0.683972
0.693100
0.708436
0.677838
0.666958
0.679015
0.693100
0.665771
0.674772
0.665771
0.677838
0.677838
0.679015
0.711403
0.665771
0.727883
0.674772
0.662671
0.662671
0.690080
0.690080
0.707296
0.662671
0.687061
0.665771
0.677838
0.693100
0.679015
0.669817
0.707296
0.711403
0.732574
0.677838
0.693100
0.693100
0.677838
0.662671
0.656474
0.662671
0.669817
0.668647
0.679168
0.719173
0.668647
0.674772
0.662671
0.662671
0.702507
0.669817
0.674772
0.660754
0.668647
0.702507
0.669817
0.671709
0.668647
0.656474
0.656474
0.653907
0.684044
0.674772
0.690080
0.671709
0.662671
0.702507
0.684044
0.643495
0.668647
0.642601
0.702507
0.718058
0.663692
0.651458
0.713379
0.647189
0.638301
0.679168
0.656474
0.641420
0.715162
0.679168
0.679168
0.702507
0.697721
0.678015
0.678015
0.659469
0.642601
0.679168
0.719173
0.668647
0.656474
0.702507
0.660754
0.697721
0.663692
0.656474
0.697721
0.684044
0.647661
0.650283
0.647189
0.679168
0.651458
0.679168
0.675004
0.671994
0.650283
0.729199
0.693629
0.632067
0.654517
0.654517
0.628181
0.631740
0.664116
0.645356
0.623891
0.720754
0.634827
0.622724
0.658109
0.642305
0.747992
0.635990
0.679996
0.629813
0.639257
0.741481
0.629813
0.689213
0.655108
0.617268
0.632901
0.671163
0.623891
0.642305
0.639257
0.655108
0.655108
0.678876
0.635990
0.626726
0.642305
0.659974
0.639257
0.619612
0.659974
0.653244
0.658109
0.649112
0.637358
0.655108
0.639257
0.638110
0.645356
0.631740
0.677050
0.642305
0.679996
0.658109
0.679996
0.620394
0.700720
0.655108
0.674105
0.646117
0.643124
0.633164
0.634158
0.591481
0.653561
0.600165
0.620999
0.604021
0.608862
0.611894
0.634158
0.626321
0.608862
0.602085
0.613022
0.668468
0.667397
0.647713
0.650636
0.631173
0.652466
0.614927
0.650636
0.611314
0.650636
0.611894
0.634158
0.647713
0.634158
0.611314
0.653561
0.675966
0.634158
0.595909
0.605160
0.637145
0.594735
0.606304
0.634158
0.596755
0.581727
0.588801
0.566068
0.611439
0.593733
0.634218
0.603925
0.700268
0.641875
0.586605
0.661699
0.625211
0.625211
0.622233
0.622233
0.664547
0.658855
0.638960
0.658855
0.638960
0.667397
0.602805
0.599779
0.636047
0.617385
0.619257
0.640047
0.602805
0.656013
0.578662
0.585782
0.628400
0.603925
0.586733
0.572255
0.566560
0.571126
0.549230
0.709289
0.576670
0.522123
0.494418
0.479565
0.501118
0.514590
0.508810
0.541811
0.474185
0.503558
0.711237
0.499593
0.488489
0.511744
0.568200
0.526249
0.530597
0.555705
0.533692
0.530597
0.532435
0.569628
0.535530
0.536788
0.538626
0.530597
0.530597
0.542058
0.542107
0.538976
0.535530
0.538302
0.538302
0.543357
0.533692
0.537886
0.543183
0.542058
0.551154
0.547543
0.547543
0.554203
0.552254
0.581846
0.541724
0.557254
0.547543
0.557254
0.570717
0.562256
0.541724
0.546811
0.541380
0.545155
0.563176
0.515144
0.519320
0.591404
0.523857
0.591404
0.528297
0.548516
0.548516
0.548516
0.543674
0.512381
0.534266
0.520519
0.517448
0.537254
0.538293
0.558323
0.534040
0.543238
0.521596
0.548184
0.524411
0.539060
0.548184
0.530597
0.542107
0.548206
0.541724
0.542058
0.539886
0.547128
0.548227
0.541724
0.564251
0.563189
0.547128
0.548227
0.560425
0.551179
0.553012
0.557492
0.549189
0.566545
0.562392
0.556522
0.557236
0.551027
0.546087
0.548227
0.563362
0.558459
0.596613
0.563484
0.556522
0.556522
0.556114
0.554312
0.536788
0.546087
0.548227
0.546087
0.552599
0.554131
0.551027
0.572004
0.532817
0.518232
0.527954
0.537254
0.517448
0.517789
0.529325
0.561674
0.555982
0.503690
0.513416
0.499593
0.488595
0.493678
0.509775
0.504972
0.505925
0.522123
0.460480
0.491550
0.470130
0.497975
0.481036
0.444633
0.453533
0.466800
0.463067
0.466800
0.466800
0.484191
0.479570
0.447032
0.505811
0.444335
0.406143
0.410005
0.398193
0.485219
0.433036
0.399129
0.425530
0.419980
0.380569
0.382568
0.391067
0.483729
0.385397
0.362158
0.421212
0.382568
0.360073
0.391067
0.385397
0.369363
0.365139
0.417212
0.375015
0.419153
0.389446
0.379883
0.388560
0.388560
0.405316
0.384208
0.384208
0.425530
0.395303
0.381013
0.392699
0.413914
0.393152
0.416788
0.398666
0.395106
0.406143
0.396754
0.391067
0.408937
0.414449
0.381233
0.375015
0.422753
0.391482
0.387186
0.417212
0.405388
0.413632
0.366041
0.399604
0.378261
0.398237
0.395303
0.384016
0.431098
0.393152
0.419665
0.401174
0.395303
0.406188
0.396754
0.491031
0.376908
0.376925
0.372824
0.374865
0.396031
0.525800
0.374832
0.316647
0.379878
0.311653
0.312815
0.317386
0.320344
0.320344
0.317443
0.307775
0.335956
0.342554
0.314856
0.350637
0.300758
0.304084
0.278014
0.287550
0.285468
0.321890
0.270880
0.272345
0.282704
0.321890
0.325700
0.272002
0.288238
0.280615
0.289203
0.293796
0.289203
0.299376
0.284534
0.302174
0.362965
0.292277
0.293216
0.322295
0.300126
0.303001
0.331200
0.300089
0.330474
0.331200
0.302735
0.316245
0.305880
0.299027
0.375486
0.297969
0.316245
0.305880
0.305880
0.302735
0.335956
0.311653
0.321141
0.311653
0.311653
0.301939
0.305880
0.351109
0.330474
0.317565
0.322295
0.288188
0.312671
0.293216
0.350637
0.293093
0.309457
0.312153
0.304084
0.304084
0.287550
0.279513
0.278769
0.314856
0.309457
0.293093
0.291529
0.312153
0.289203
0.299376
0.292277
0.291529
0.288188
0.322295
0.302174
0.323001
0.312671
0.347790
0.297255
0.372319
0.295066
0.322295
0.292277
0.298016
0.347790
0.307787
0.307050
0.293994
0.293994
0.303001
0.327742
0.351109
0.302735
0.331200
0.321141
0.311653
0.384952
0.341460
0.305880
0.342554
0.295066
0.300089
0.279513
0.265150
0.298737
0.271067
0.268977
0.260819
0.258114
0.249894
0.261441
0.271710
0.249933
0.241474
0.235864
0.244904
0.233314
0.234023
0.233069
0.225659
0.236061
0.234023
0.238814
0.234023
0.233314
0.235864
0.234023
0.238814
0.238814
0.233069
0.253510
0.224721
0.229056
0.243454
0.220239
0.222959
0.237595
0.231990
0.211507
0.220239
0.209666
0.213684
0.220257
0.204736
0.203298
0.203298
0.203298
0.208967
0.215419
0.222486
0.206823
0.204080
0.187945
0.201003
0.175071
0.174639
0.180414
0.169790
0.175649
0.186217
0.171616
0.224667
0.176901
0.180414
0.202090
0.193859
0.174639
0.179935
0.175071
0.180414
0.171616
0.180414
0.176901
0.181024
0.197513
0.175071
0.201422
0.198483
0.181757
0.175071
0.185609
0.176457
0.176901
0.176457
0.183061
0.181757
0.184897
0.185769
0.179935
0.188666
0.190978
0.181757
0.181757
0.188666
0.184897
0.194077
0.181757
0.188666
0.188666
0.194077
0.182596
0.188666
0.198861
0.195159
0.214766
0.197864
0.196031
0.200052
0.219903
0.197864
0.195677
0.204161
0.196548
0.195159
0.195159
0.200577
0.188221
0.198483
0.185609
0.179935
0.184897
0.198861
0.214766
0.206823
0.208763
0.225101
0.225685
0.246111
0.231141
0.236008
0.239908
0.280659
0.213684
0.240228
0.225685
0.220257
0.217015
0.219780
0.217015
0.218920
0.213754
0.195159
0.201415
0.184897
0.185609
0.180414
0.188505
0.201764
0.169360
0.183598
0.143044
0.133543
0.183598
0.157569
0.147678
0.138256
0.141468
0.138256
0.138423
0.133613
0.150657
0.131510
0.136464
0.138960
0.141195
0.173067
0.146104
0.174166
0.162882
0.150869
0.177863
0.197435
0.155643
0.153844
0.158949
0.161941
0.167957
0.186390
0.168988
0.168577
0.167164
0.197513
0.175649
0.179935
0.185609
0.188666
0.184897
0.180414
0.175649
0.166766
0.161941
0.181466
0.153844
0.201764
0.167957
0.173309
0.163372
0.172696
0.161941
0.163372
0.194588
0.155354
0.149063
0.143988
0.138960
0.131744
0.153138
0.160132
0.143988
0.146104
0.173067
0.143266
0.155354
0.155354
0.194854
0.194588
0.149063
0.164604
0.146104
0.141468
0.146121
0.153138
0.152947
0.202964
0.133543
0.130833
0.131744
0.148299
0.160661
0.147931
0.155994
0.155994
0.194588
0.150869
0.165687
0.154182
0.155643
0.155643
0.155643
0.155994
0.176588
0.156758
0.162882
0.194854
0.155994
0.161941
0.168217
0.166766
0.181137
0.164604
0.239513
0.261219
0.213030
0.209804
0.178103
0.103797
0.118156
0.118156
0.118156
0.096151
0.112685
0.100206
0.117110
0.118726
0.132883
0.112685
0.119428
0.135126
0.114027
0.363202
0.263581
0.212473
0.166989
0.166989
0.094158
0.159829
0.080805
0.201084
0.113842
0.047765
0.029388
0.119790
0.025305
0.025210
0.027938
0.029388
0.059098
0.083595
0.083595
0.119626
0.083595
0.085290
0.034444
0.023899
0.025210
0.088391
0.040974
0.029353
0.045286
0.040614
0.107784
0.061986
0.056869
0.151828
0.112693
0.061986
0.067345
0.071043
0.094765
0.089766
0.101621
0.101621
0.096151
0.102442
0.098415
0.112637
0.102442
0.117148
0.105242
0.117148
0.189223
0.139537
0.121296
0.138423
0.143286
0.153138
0.146121
0.141766
0.262831
0.135049
0.174498
0.078563
0.365738
0.274118
0.129354
0.190305
0.094765
0.074837
0.102388
0.076598
0.129354
0.086760
0.110111
0.138572
0.138494
0.142336
0.096151
0.107063
0.112685
0.135126
0.135126
0.112230
0.160187
0.141766
0.164344
0.126503
0.131530
0.125949
0.170699
0.196978
0.168438
0.172695
0.150657
0.133613
0.152947
0.126812
0.135812
0.139431
0.219768
0.218072
0.152076
0.110438
0.152062
0.103797
0.174498
0.165969
0.124329
0.236329
0.072283
0.080701
0.127587
0.072283
0.156143
0.092958
0.084281
0.148640
0.071043
0.075099
0.092958
0.141708
0.141356
0.174424
0.209545
0.042379
0.170859
0.100636
0.053085
0.049030
0.053085
0.219901
0.072717
0.076235
0.056863
0.103842
0.137836
0.077366
0.080600
0.052812
0.112693
0.085643
0.067345
0.112693
0.060030
0.119084
0.071043
0.092958
0.081616
0.076769
0.098446
0.098654
0.093222
0.124120
0.156143
0.159472
0.129354
0.129354
0.131141
0.086760
0.078563
0.136720
0.136720
0.134777
0.093005
0.114027
0.114027
0.087216
0.101621
0.122291
0.098448
0.124388
0.102994
0.108208
0.112637
0.112685
0.187326
0.135126
0.119428
0.191137
0.135126
0.119428
0.119428
0.158134
0.112344
0.121835
0.126503
0.124162
0.146121
0.168438
0.146270
0.191071
0.114720
0.191137
0.162172
0.218072
0.150091
0.117148
0.139537
0.135049
0.219779
0.179912
0.124388
0.128632
0.105242
0.135049
0.112230
0.112230
0.164344
0.126503
0.139431
0.193068
0.139537
0.141766
0.126503
0.126503
0.124162
0.114113
0.124162
0.141645
0.168565
0.119515
0.124366
0.202821
0.175013
0.148545
0.150657
0.172848
0.196873
0.126503
0.131229
0.131510
0.126812
0.200823
0.141766
0.196978
0.119515
0.116965
0.117148
0.179912
0.247483
0.118156
0.108149
0.136626
0.172788
0.097267
0.142336
0.172788
0.144247
0.095634
0.172788
0.203415
0.134887
0.082409
0.136720
0.134777
0.138494
0.118156
0.114027
0.118156
0.093904
0.096151
0.122291
0.103797
0.142336
0.091183
0.142336
0.144216
0.105308
0.109398
0.152062
0.213030
0.133075
0.200362
0.164314
0.129354
0.134887
0.129354
0.094765
0.120740
0.093222
0.148925
0.145797
0.085968
0.089415
0.088001
0.089130
0.063897
0.068088
0.066445
0.098446
0.073968
0.084883
0.156143
0.129354
0.162534
0.108031
0.091011
0.136626
0.085024
0.118156
0.118156
0.118156
0.103797
0.124388
0.216396
0.181739
0.100696
0.183571
0.112685
0.107555
0.112230
0.112230
0.160187
0.143347
0.124035
0.124162
0.126503
0.131229
0.119515
0.119515
0.125949
0.148545
0.148545
0.172848
0.172695
0.138423
0.138209
0.175013
0.138209
0.206864
0.179193
0.206864
0.157569
0.131510
0.179193
0.179193
0.141468
0.183598
0.141468
0.186052
0.143441
0.136726
0.138256
0.131744
0.175013
0.146121
0.235778
0.143044
0.138209
0.153138
0.157569
0.128604
0.210967
0.153138
0.206864
0.153138
0.138423
0.131744
0.152947
0.135812
0.175013
0.175013
0.129052
0.143441
0.158986
0.138423
0.138256
0.147678
0.141195
0.147931
0.168618
0.150393
0.147931
0.148299
0.145481
0.141468
0.164604
0.141195
0.162246
0.146104
0.155354
0.150869
0.149063
0.217231
0.150393
0.141468
0.164604
0.150675
0.164861
0.190311
0.143988
0.217231
0.143988
0.145789
0.155354
0.146104
0.155354
0.194854
0.155354
0.160661
0.155354
0.174166
0.162882
0.160362
0.162882
0.165687
0.150869
0.156758
0.160362
0.155994
0.161941
0.176588
0.194588
0.194854
0.160044
0.143988
0.145789
0.150869
0.155354
0.174166
0.149063
0.169360
0.155354
0.153844
0.174166
0.160044
0.165330
0.176588
0.162882
0.223622
0.182707
0.174166
0.167957
0.167957
0.201464
0.167957
0.172696
0.167957
0.173309
0.181466
0.172696
0.197435
0.201764
0.206110
0.186390
0.156758
0.162882
0.176588
0.156758
0.201764
0.173309
0.172696
0.232037
0.167957
0.161941
0.176588
0.155354
0.217231
0.169360
0.154182
0.174166
0.173873
0.165687
0.155354
0.186052
0.150393
0.202964
0.162172
0.126503
0.168438
0.124176
0.146121
0.168438
0.124035
0.135126
0.293737
0.134887
0.240477
0.104287
0.148640
0.111155
0.089415
0.084281
0.058110
0.104847
0.076235
0.259727
0.170859
0.094158
0.091764
0.062866
0.122195
0.204570
0.114057
0.111096
0.072771
0.151419
0.194654
0.106381
0.037445
0.151036
0.071019
0.016481
0.071019
0.155188
0.075676
0.115024
0.012366
0.158534
0.119262
0.079082
0.080014
0.208101
0.054754
0.085144
0.087410
0.085602
0.165893
0.167393
0.087964
0.128141
0.030701
0.064309
0.045021
0.095738
0.173097
0.102964
0.225162
0.145590
0.067092
0.278685
0.119278
0.193310
0.154755
0.120803
0.117278
0.064815
0.109205
0.076553
0.055870
0.052334
0.036858
0.049455
0.045594
0.128852
0.042398
0.091724
0.027470
0.055331
0.087964
0.084466
0.032195
0.057330
0.019670
0.030420
0.054589
0.048883
0.079242
0.079242
0.047652
0.022588
0.022561
0.043939
0.111521
0.073267
0.073468
0.004604
0.018492
0.006139
0.017784
0.039469
0.003927
0.002188
0.002975
0.002475
0.002705
0.042102
0.002705
0.003515
0.000615
0.014008
0.001612
0.013035
0.003353
0.015210
0.107038
0.000660
0.013035
0.015210
0.001598
0.001598
0.001352
0.002862
0.000999
0.106565
0.068184
0.072454
0.002470
0.014601
0.039367
0.001628
0.000817
0.035850
0.012304
0.001053
0.012304
0.012377
0.000505
0.000163
0.013487
0.037609
0.000163
0.012304
0.037445
0.036231
0.001708
0.000039
0.000000
0.035845
0.000000
0.012276
0.035881
0.037445
0.000000
0.068031
0.035881
0.068184
0.012352
0.000000
0.000817
0.014762
0.242982
0.107511
0.109780
0.157070
0.027991
0.024771
0.017845
0.041535
0.115031
0.080978
0.117480
0.050807
0.013511
0.010380
0.022588
0.115031
0.024621
0.027991
0.052306
0.057330
0.055331
0.023018
0.062854
0.045769
0.043981
0.028431
0.046185
0.042398
0.035689
0.057678
0.108859
0.056864
0.076969
0.046443
0.044118
0.040941
0.051687
0.055870
0.046443
0.102551
0.036858
0.044319
0.056864
0.046161
0.057678
0.073188
0.044582
0.056864
0.044319
0.042504
0.040941
0.079446
0.046161
0.040941
0.042748
0.055870
0.075790
0.069928
0.047843
0.036672
0.070928
0.050016
0.066132
1.000000
0.032209
0.132118
0.043624
0.045769
0.071102
0.040941
0.038957
0.050016
0.043028
0.132567
0.068115
0.098493
0.061159
0.061159
0.037099
0.038424
0.034964
0.032341
0.034964
0.020231
0.023024
0.023024
0.025993
0.023018
0.023024
0.023024
0.030598
0.094372
0.028349
0.092498
0.029018
0.028431
0.064309
0.045769
0.044593
0.045178
0.065795
0.035689
0.050016
0.036672
0.033851
0.071102
0.073764
0.042504
0.040716
0.049506
0.032333
0.133276
0.035523
0.036672
0.041467
0.073764
0.056864
0.044319
0.040941
0.069928
0.040716
0.040716
0.052917
0.040941
0.040941
0.069928
0.052334
0.046443
0.046161
0.051464
0.089437
0.056129
0.053783
0.089437
0.115016
0.084133
0.109334
0.108989
0.057678
0.060450
0.061370
0.049924
0.062887
0.056129
0.084133
0.084133
0.055111
0.044582
0.077407
0.054664
0.048769
0.061914
0.081791
0.068740
0.070737
0.118572
0.053429
0.090998
0.057819
0.089437
0.064815
0.069852
0.067615
0.089165
0.065937
0.083824
0.090749
0.097822
0.105848
0.107752
0.092446
0.108175
0.097169
0.105430
0.125369
0.143962
0.087773
0.140032
0.110518
0.085528
0.081451
0.092410
0.163150
0.083816
0.127030
0.096631
0.075324
0.078750
0.094808
0.105848
0.132981
0.139902
0.114116
0.160385
0.129596
0.132739
0.132739
0.142167
0.137094
0.139950
0.137922
0.139950
0.131931
0.157577
0.132739
0.137094
0.147037
0.144608
0.135559
0.137094
0.134741
0.137922
0.159982
0.177831
0.210615
0.150624
0.134794
0.150624
0.173555
0.125050
0.122681
0.127227
0.124272
0.127227
0.124272
0.124272
0.132086
0.137084
0.124272
0.171177
0.119226
0.171177
0.124272
0.129443
0.130164
0.130164
0.132153
0.134741
0.134741
0.144920
0.142571
0.162643
0.142571
0.149849
0.137094
0.164830
0.131931
0.139580
0.166953
0.345046
0.123172
0.112850
0.124796
0.124655
0.119974
0.108175
0.097169
0.140032
0.114617
0.168128
0.088075
0.102460
0.102460
0.074323
0.074323
0.102460
0.081716
0.081716
0.081716
0.083816
0.072640
0.081716
0.100496
0.096631
0.127030
0.098381
0.098381
0.123487
0.061525
0.091252
0.061525
0.094952
0.065950
0.161374
0.072640
0.079455
0.164711
0.083816
0.068301
0.073526
0.063605
0.153395
0.061525
0.077579
0.063605
0.064044
0.061525
0.065950
0.201704
0.081716
0.074323
0.072139
0.070460
0.083816
0.083816
0.074323
0.102460
0.104321
0.081451
0.116763
0.115277
0.101283
0.114862
0.164801
0.117258
0.119974
0.119767
0.141114
0.111754
0.160385
0.136538
0.112850
0.115210
0.115210
0.112850
0.112850
0.149992
0.110462
0.100240
0.129789
0.110462
0.108175
0.103564
0.258748
0.105092
0.112539
0.110462
0.104403
0.108175
0.129789
0.151999
0.097169
0.105848
0.121016
0.092446
0.116763
0.177006
0.101283
0.100240
0.105848
0.105848
0.101283
0.092446
0.092446
0.118865
0.096771
0.101283
0.116763
0.143962
0.142017
0.096771
0.088374
0.099051
0.103564
0.088374
0.103110
0.093073
0.093073
0.092446
0.178837
0.118865
0.092446
0.143962
0.116763
0.140032
0.083741
0.099051
0.145956
0.103564
0.097169
0.143962
0.147953
0.123172
0.101938
0.112850
0.102718
0.110462
0.110462
0.147953
0.085528
0.112581
0.112581
0.090749
0.090135
0.101283
0.149992
0.105848
0.178837
0.142017
0.142017
0.142017
0.092446
0.140032
0.101283
0.116763
0.099051
0.094606
0.094606
0.206383
0.106449
0.086082
0.169866
0.138152
0.079295
0.088075
0.132500
0.078750
0.088075
0.104583
0.201704
0.104321
0.106449
0.086115
0.147953
0.101283
0.101283
0.087773
0.088374
0.087773
0.087773
0.118865
0.145956
0.096771
0.116763
0.116763
0.142017
0.098521
0.088374
0.143962
0.101283
0.087773
0.096771
0.114617
0.140032
0.140032
0.094606
0.140032
0.090136
0.092329
0.090136
0.245170
0.090136
0.094606
0.078750
0.108943
0.108382
0.078750
0.102460
0.112581
0.086115
0.108382
0.090136
0.085528
0.085528
0.085528
0.096771
0.138152
0.088075
0.078750
0.090136
0.112581
0.091763
0.092410
0.112581
0.092410
0.080891
0.112581
0.092410
0.085528
0.088374
0.085528
0.140032
0.175179
0.099051
0.092446
0.178837
0.147953
0.110116
0.104403
0.160385
0.117258
0.117499
0.106839
0.106839
0.112478
0.127227
0.119983
0.127010
0.177831
0.132130
0.154306
0.164830
0.130164
0.127798
0.127010
0.137084
0.137084
0.125050
0.127010
0.148087
0.122681
0.155185
0.150624
0.152805
0.178411
0.134794
0.171177
0.125050
0.127798
0.200254
0.132023
0.149992
0.104403
0.154099
0.119974
0.122506
0.152805
0.134794
0.125050
0.134794
0.124272
0.119226
0.125050
0.139580
0.175964
0.137084
0.119384
0.196344
0.143424
0.169139
0.132961
0.132153
0.137922
0.147393
0.155185
0.137084
0.150624
0.131931
0.135559
0.162643
0.182338
0.206426
0.134794
0.237971
0.134794
0.132130
0.148087
0.134409
0.129366
0.144608
0.142318
0.140787
0.137094
0.137094
0.212946
0.135559
0.182338
0.155185
0.155185
0.132739
0.132961
0.139580
0.175599
0.150624
0.168850
0.122354
0.137084
0.154306
0.175599
0.173555
0.119983
0.119983
0.196215
0.124796
0.111754
0.160385
0.136538
0.136538
0.112478
0.119226
0.119226
0.121586
0.120141
0.115210
0.184485
0.151999
0.108175
0.180709
0.097169
0.092446
0.092446
0.121016
0.121754
0.116763
0.177006
0.090749
0.092446
0.145956
0.149992
0.100240
0.149992
0.095446
0.143962
0.101283
0.211219
0.099051
0.090749
0.211219
0.142017
0.096771
0.099051
0.094606
0.110518
0.085528
0.096771
0.101283
0.099051
0.092329
0.092410
0.094606
0.080891
0.086115
0.096771
0.086115
0.094606
0.096771
0.096315
0.096771
0.112581
0.091763
0.092329
0.085528
0.085528
0.140032
0.085528
0.096771
0.092410
0.090136
0.088075
0.090136
0.092410
0.094606
0.143630
0.109202
0.141114
0.129596
0.134191
0.154099
0.178837
0.101283
0.211219
0.147953
0.108175
0.108175
0.105848
0.092446
0.140032
0.206383
0.106449
0.092410
0.128833
0.128833
0.098381
0.161374
0.081716
0.159736
0.083816
0.134279
0.085314
0.083816
0.139902
0.134409
0.114362
0.160385
0.125369
0.123172
0.140032
0.085528
0.107752
0.178411
0.137103
0.132739
0.124272
0.125050
0.156715
0.202364
0.184185
0.183004
0.186215
0.232142
0.200695
0.195490
0.203078
0.191312
0.205640
0.189467
0.218122
0.173406
0.170760
0.239827
0.206324
0.205824
0.214355
0.232230
0.228587
0.238305
0.241198
0.267045
0.240226
0.234934
0.250540
0.291437
0.268804
0.278324
0.272875
0.305273
0.265182
0.281242
0.394929
0.285857
0.274019
0.283674
0.294452
0.307364
0.288826
0.296611
0.283601
0.293157
0.289515
0.283601
0.292525
0.292441
0.306580
0.293600
0.287660
0.328859
0.269151
0.319029
0.268804
0.269151
0.269151
0.263374
0.322246
0.275133
0.271069
0.278324
0.282446
0.278777
0.279930
0.282446
0.290725
0.292441
0.289547
0.283601
0.316945
0.278777
0.278777
0.310759
0.324242
0.264052
0.288772
0.283674
0.281242
0.279930
0.285940
0.269151
0.260492
0.255268
0.266266
0.254521
0.251259
0.266266
0.262873
0.244715
0.247000
0.249389
0.303007
0.249389
0.257569
0.245557
0.251259
0.238305
0.274984
0.242714
0.231458
0.249063
0.229655
0.228587
0.228587
0.220184
0.262838
0.223915
0.228587
0.226070
0.223915
0.217151
0.222978
0.217151
0.220977
0.220722
0.213040
0.217151
0.217151
0.218198
0.220450
0.232713
0.217650
0.208637
0.214614
0.212007
0.227320
0.202992
0.209071
0.209071
0.202992
0.200695
0.200179
0.221959
0.243183
0.208637
0.209071
0.209071
0.200179
0.209665
0.209665
0.210942
0.251376
0.251376
0.232713
0.222978
0.235420
0.220184
0.217395
0.248793
0.225236
0.219451
0.222857
0.220504
0.220184
0.264413
0.222978
0.229655
0.264413
0.217151
0.226295
0.259174
0.259174
0.235420
0.220450
0.222857
0.257086
0.212007
0.220504
0.228587
0.285377
0.277951
0.218198
0.226783
0.282618
0.268171
0.246163
0.238305
0.267045
0.237046
0.231458
0.249063
0.257569
0.256983
0.260697
0.288964
0.244715
0.308117
0.254521
0.247000
0.254745
0.308117
0.263158
0.241810
0.263797
0.278777
0.283601
0.289547
0.308649
0.295900
0.289547
0.289515
0.287297
0.275133
0.279930
0.284854
0.283674
0.274019
0.274946
0.275133
0.288826
0.303010
0.293157
0.291357
0.298306
0.301245
0.291357
0.296611
0.324575
0.306280
0.303288
0.326782
0.315273
0.319722
0.314362
0.306280
0.304473
0.325268
0.322488
0.288826
0.340048
0.302538
0.307878
0.315211
0.310834
0.306280
0.301245
0.319032
0.298306
0.306580
0.287660
0.303712
0.290725
0.272875
0.288772
0.269930
0.277851
0.283674
0.277851
0.272721
0.280291
0.280291
0.297090
0.319029
0.298964
0.272499
0.271381
0.264052
0.269151
0.264052
0.258192
0.265607
0.280291
0.276836
0.271859
0.255268
0.252821
0.258019
0.313845
0.250540
0.254745
0.252821
0.254521
0.249435
0.260492
0.260492
0.260492
0.287465
0.258019
0.258019
0.260492
0.256384
0.254745
0.260492
0.255268
0.274664
0.288964
0.260492
0.255268
0.265607
0.265182
0.265182
0.264052
0.269930
0.278777
0.294452
0.332115
0.275133
0.277851
0.278324
0.291437
0.288772
0.283674
0.283674
0.283601
0.278777
0.282446
0.300152
0.283601
0.303576
0.296094
0.285412
0.308649
0.292525
0.288826
0.296611
0.283601
0.321801
0.286572
0.287297
0.279930
0.290725
0.283601
0.300022
0.279930
0.278777
0.283674
0.281454
0.283674
0.279930
0.279930
0.274019
0.277671
0.278777
0.290725
0.274019
0.275133
0.276524
0.294452
0.283674
0.276283
0.274019
0.272875
0.277851
0.277851
0.276079
0.294294
0.276524
0.278324
0.275133
0.283674
0.275133
0.294452
0.283674
0.274019
0.287093
0.293157
0.322488
0.288826
0.292441
0.294775
0.304188
0.317316
0.317316
0.335104
0.310656
0.320988
0.306280
0.309708
0.318957
0.319554
0.315273
0.310467
0.315996
0.322526
0.319722
0.317334
0.319722
0.319722
0.316756
0.319722
0.309274
0.321922
0.315996
0.307468
0.307468
0.306280
0.307468
0.344876
0.306280
0.300300
0.298492
0.307134
0.304926
0.298492
0.307134
0.310656
0.301481
0.302538
0.303288
0.308513
0.300738
0.304926
0.301481
0.310834
0.314362
0.326036
0.338528
0.307468
0.311395
0.307468
0.308431
0.303288
0.320931
0.303288
0.302538
0.294775
0.301245
0.306580
0.293600
0.293600
0.295900
0.293157
0.288826
0.300152
0.283601
0.297827
0.278777
0.310759
0.294452
0.294294
0.272875
0.268804
0.271069
0.272721
0.274946
0.272721
0.265182
0.278324
0.265182
0.265182
0.265182
0.280291
0.261587
0.264052
0.258192
0.260492
0.261587
0.256384
0.255268
0.254108
0.256384
0.258019
0.250540
0.255268
0.250540
0.258019
0.254745
0.250540
0.250540
0.254521
0.250540
0.255268
0.263797
0.256384
0.266693
0.280061
0.269151
0.261587
0.282461
0.260460
0.280061
0.264052
0.266693
0.258192
0.263797
0.256384
0.256384
0.277230
0.258019
0.277230
0.256384
0.256384
0.255268
0.250540
0.254108
0.261544
0.256384
0.261587
0.266693
0.263374
0.276836
0.269151
0.266693
0.260460
0.265182
0.265182
0.272499
0.272499
0.281242
0.294294
0.281242
0.283486
0.280077
0.297827
0.278777
0.283674
0.279930
0.287093
0.279930
0.289515
0.283601
0.279930
0.285857
0.323887
0.289515
0.287297
0.292960
0.279930
0.297827
0.297827
0.275133
0.281242
0.278777
0.278777
0.278777
0.279930
0.308649
0.288826
0.299560
0.296094
0.326683
0.289547
0.288826
0.291357
0.296094
0.294775
0.295507
0.299560
0.296611
0.296094
0.291357
0.291357
0.291357
0.288383
0.293157
0.287093
0.292441
0.284695
0.289515
0.284695
0.282446
0.283601
0.278777
0.283601
0.278777
0.278777
0.278777
0.278777
0.278777
0.272875
0.283674
0.331373
0.276283
0.276283
0.294294
0.280077
0.272875
0.272875
0.272875
0.281242
0.267670
0.271069
0.307851
0.271069
0.281242
0.275133
0.316178
0.310759
0.310759
0.280077
0.269930
0.305273
0.269930
0.319029
0.265182
0.264052
0.265607
0.319029
0.293757
0.260492
0.263797
0.271859
0.256983
0.254108
0.293757
0.272499
0.272499
0.269930
0.278324
0.277851
0.265607
0.298964
0.277851
0.285940
0.264052
0.260460
0.265182
0.269930
0.272875
0.285940
0.326750
0.311395
0.310656
0.315704
0.309274
0.329685
0.316474
0.317251
0.331544
0.324295
0.323280
0.315273
0.340566
0.319062
0.317251
0.329252
0.334567
0.341388
0.341223
0.347227
0.327309
0.350118
0.362641
0.337592
0.339392
0.353242
0.361594
0.349314
0.365307
0.358441
0.362432
0.375230
0.368848
0.384159
0.437908
0.395557
0.404394
0.409678
0.414869
0.414869
0.409678
0.421000
0.408387
0.413641
0.417134
0.414987
0.402221
0.416315
0.495458
0.407964
0.405684
0.392987
0.397470
0.390238
0.378952
0.373703
0.369786
0.371047
0.369786
0.375381
0.373664
0.358441
0.373690
0.370731
0.373842
0.384780
0.348483
0.341605
0.334153
0.343574
0.353908
0.353052
0.337179
0.337179
0.331544
0.330325
0.326518
0.324295
0.318278
0.318278
0.321922
0.323286
0.318278
0.349954
0.319722
0.315273
0.309274
0.307468
0.314502
0.315996
0.307468
0.301481
0.297754
0.297754
0.315211
0.296576
0.304188
0.301791
0.288383
0.288826
0.295900
0.294775
0.285857
0.279930
0.283674
0.332115
0.274019
0.280077
0.292288
0.277851
0.294452
0.272875
0.272875
0.269930
0.276079
0.285940
0.272721
0.272499
0.302539
0.263797
0.276836
0.260492
0.251709
0.266266
0.252821
0.271069
0.272499
0.276836
0.314961
0.274664
0.264052
0.291437
0.282266
0.285940
0.265607
0.272499
0.271069
0.272721
0.267670
0.274946
0.269930
0.263374
0.265182
0.272721
0.268804
0.265182
0.268804
0.271069
0.274946
0.261587
0.283773
0.269151
0.265607
0.276836
0.282461
0.264052
0.271381
0.274946
0.281242
0.272875
0.272875
0.274946
0.267670
0.278324
0.269930
0.280077
0.279930
0.288964
0.258192
0.282461
0.266693
0.266693
0.269151
0.269688
0.258019
0.266266
0.254745
0.262873
0.251259
0.246163
0.237219
0.236014
0.252389
0.231458
0.237046
0.231458
0.264413
0.221614
0.225719
0.264413
0.228587
0.222978
0.217151
0.212007
0.223257
0.212503
0.220184
0.202992
0.209665
0.227320
0.206324
0.208637
0.202992
0.202992
0.202992
0.209071
0.214355
0.204007
0.205301
0.220184
0.224099
0.281624
0.243705
0.268652
0.227358
0.223915
0.236014
0.240226
0.223915
0.249232
0.226295
0.229655
0.223915
0.240857
0.229655
0.236014
0.240107
0.246163
0.237046
0.240469
0.240469
0.246163
0.249063
0.240226
0.228586
0.242714
0.237046
0.287870
0.220504
0.222857
0.267045
0.229655
0.225719
0.267045
0.237219
0.254568
0.236014
0.241810
0.249435
0.245898
0.256384
0.373098
0.324889
0.268945
0.271069
0.293757
0.249435
0.293757
0.272875
0.272721
0.269930
0.288772
0.274946
0.265182
0.302539
0.272499
0.276836
0.249018
0.266266
0.243620
0.303007
0.361604
0.323117
0.262324
0.229655
0.231458
0.234934
0.282618
0.288964
0.293414
0.238305
0.241810
0.245898
0.241810
0.236014
0.244715
0.249435
0.263797
0.269688
0.244715
0.234934
0.231458
0.230238
0.236014
0.231458
0.241810
0.237219
0.237219
0.231458
0.245928
0.231458
0.231458
0.237219
0.240226
0.252005
0.318363
0.270240
0.240469
0.236014
0.237046
0.267045
0.231458
0.228587
0.231400
0.259174
0.226783
0.249063
0.290372
0.238305
0.231458
0.222857
0.253967
0.218198
0.226070
0.220504
0.221614
0.246321
0.246321
0.222857
0.245769
0.285377
0.259174
0.257086
0.235420
0.243662
0.231970
0.262324
0.240226
0.267045
0.226783
0.221614
0.285377
0.240857
0.267045
0.226783
0.237219
0.231458
0.236014
0.272330
0.254220
0.242714
0.240720
0.249018
0.238305
0.274984
0.275554
0.246163
0.243620
0.268441
0.303007
0.262873
0.241198
0.248406
0.245557
0.257921
0.245557
0.257330
0.241198
0.241810
0.272330
0.237219
0.245557
0.258019
0.311264
0.254745
0.288964
0.276836
0.258019
0.256384
0.268945
0.254108
0.265182
0.274946
0.267670
0.264052
0.271069
0.283674
0.294452
0.276079
0.271069
0.283674
0.310759
0.285940
0.271069
0.277851
0.274019
0.267670
0.272875
0.272875
0.272875
0.282446
0.280077
0.294452
0.305273
0.280077
0.277851
0.272875
0.267670
0.288772
0.271069
0.267670
0.288772
0.272721
0.305273
0.269930
0.272875
0.305273
0.383015
0.288772
0.272499
0.259312
0.285940
0.276836
0.264052
0.280291
0.269151
0.291666
0.264052
0.256384
0.258192
0.276836
0.260460
0.264052
0.265182
0.260460
0.319029
0.263797
0.311264
0.263374
0.261587
0.264052
0.259312
0.263374
0.276836
0.256384
0.255268
0.274664
0.260492
0.255268
0.263374
0.297090
0.277230
0.264052
0.264052
0.264052
0.272721
0.272721
0.283674
0.274946
0.267670
0.271069
0.271069
0.305273
0.267670
0.285940
0.285940
0.272721
0.285940
0.269930
0.264052
0.272721
0.260460
0.272721
0.261587
0.269151
0.269151
0.280291
0.259312
0.264052
0.264052
0.261587
0.260460
0.264052
0.263374
0.280291
0.264052
0.269151
0.271069
0.269151
0.269151
0.280291
0.264052
0.272721
0.285940
0.281242
0.277851
0.274019
0.287093
0.283674
0.303010
0.284695
0.314181
0.287297
0.282446
0.287297
0.282446
0.287660
0.324575
0.300152
0.289515
0.289547
0.303010
0.288826
0.287660
0.309344
0.356777
0.296094
0.311395
0.301245
0.293157
0.292441
0.288383
0.292441
0.303010
0.297990
0.284695
0.296094
0.287297
0.289515
0.316269
0.278777
0.337397
0.289515
0.303010
0.277671
0.289515
0.289515
0.284695
0.281454
0.279930
0.278777
0.283674
0.292288
0.308671
0.294452
0.289515
0.288772
0.272875
0.267670
0.264052
0.269151
0.266693
0.258192
0.261587
0.265607
0.271859
0.269688
0.315840
0.255268
0.260276
0.256384
0.265607
0.272721
0.274019
0.265182
0.305273
0.284695
0.289547
0.314423
0.299560
0.296576
0.298306
0.326750
0.311611
0.306280
0.306580
0.293157
0.288383
0.291357
0.297754
0.322488
0.311611
0.303010
0.316269
0.316269
0.282446
0.294452
0.279930
0.277851
0.277851
0.307364
0.289239
0.280291
0.269151
0.276836
0.297090
0.263374
0.293757
0.271859
0.260492
0.254521
0.288964
0.380657
0.260492
0.254108
0.260460
0.293757
0.277230
0.271859
0.274664
0.245898
0.268441
0.297090
0.268441
0.260492
0.263374
0.254745
0.293757
0.263374
0.250540
0.256384
0.271859
0.260276
0.311264
0.254745
0.268441
0.245898
0.268441
0.241810
0.254568
0.300463
0.234934
0.357562
0.252005
0.254568
0.232533
0.227358
0.237046
0.267045
0.234797
0.267045
0.231458
0.230238
0.237046
0.237046
0.237046
0.226295
0.290372
0.245769
0.348121
0.240857
0.222857
0.223915
0.226295
0.267045
0.217151
0.240857
0.222857
0.226783
0.227358
0.235112
0.259783
0.227358
0.249063
0.264413
0.229655
0.240857
0.313646
0.259174
0.282893
0.238674
0.253967
0.217395
0.275494
0.209071
0.204007
0.200179
0.211335
0.212353
0.209665
0.248307
0.209071
0.221959
0.238548
0.216165
0.238548
0.192769
0.235565
0.203078
0.205824
0.221404
0.205301
0.219290
0.210942
0.248793
0.209071
0.267733
0.214614
0.200179
0.224146
0.211335
0.211469
0.208637
0.208637
0.230013
0.205301
0.211335
0.265760
0.200179
0.195093
0.263351
0.201188
0.270608
0.197372
0.194573
0.216629
0.260530
0.238548
0.206310
0.206039
0.236009
0.200179
0.236009
0.213976
0.236009
0.288417
0.197611
0.191312
0.258150
0.216165
0.189976
0.197611
0.188994
0.196887
0.205824
0.238548
0.216629
0.238548
0.206310
0.230013
0.214614
0.208637
0.235420
0.213040
0.257086
0.226070
0.256057
0.285887
0.246321
0.234220
0.254568
0.246163
0.267045
0.251448
0.226295
0.226783
0.267045
0.231970
0.264413
0.264413
0.226295
0.246321
0.249063
0.254568
0.231458
0.242714
0.230238
0.237219
0.257921
0.257921
0.231458
0.225719
0.249063
0.263881
0.240469
0.240469
0.234934
0.254568
0.231458
0.293414
0.238305
0.231458
0.246163
0.236014
0.257921
0.240107
0.249018
0.240107
0.297928
0.275554
0.257921
0.231458
0.257921
0.231458
0.249063
0.234934
0.231458
0.234934
0.231458
0.237219
0.252389
0.252389
0.270240
0.249063
0.249063
0.267045
0.249063
0.237046
0.231458
0.225719
0.231400
0.218198
0.228587
0.228587
0.282893
0.218198
0.235420
0.256057
0.240857
0.257086
0.222978
0.213040
0.306643
0.211469
0.220184
0.235420
0.212007
0.251376
0.214614
0.214614
0.212068
0.241096
0.265760
0.205301
0.211335
0.200179
0.224146
0.206514
0.216629
0.199685
0.206310
0.194573
0.265760
0.197611
0.235565
0.197611
0.210885
0.192302
0.210885
0.197611
0.206514
0.194573
0.219290
0.206324
0.241096
0.200695
0.194573
0.206310
0.199685
0.195568
0.238548
0.233480
0.213520
0.191312
0.185766
0.197611
0.191312
0.186215
0.183004
0.189467
0.183972
0.281761
0.190023
0.200430
0.248364
0.218122
0.181802
0.172434
0.216045
0.210801
0.169309
0.197839
0.239838
0.169309
0.184079
0.173406
0.172032
0.195258
0.187572
0.210801
0.164804
0.173043
0.210801
0.173043
0.163889
0.170760
0.205974
0.185030
0.159752
0.163889
0.187222
0.170760
0.234944
0.163889
0.164804
0.190124
0.187572
0.166595
0.205974
0.173406
0.205974
0.162879
0.172781
0.162879
0.168123
0.161553
0.161553
0.159752
0.161192
0.161192
0.170760
0.162879
0.182499
0.165497
0.161192
0.185030
0.180310
0.182499
0.170791
0.161192
0.170760
0.182499
0.156715
0.185030
0.182499
0.155824
0.203904
0.227923
0.177468
0.174968
0.172781
0.153154
0.173406
0.258004
0.177468
0.205974
0.177468
0.179978
0.177468
0.160272
0.157987
0.201194
0.160272
0.174968
0.198527
0.153154
0.160272
0.174968
0.203578
0.153154
0.155497
0.182499
0.168123
0.177468
0.227923
0.177468
0.177468
0.198527
0.147843
0.148707
0.155089
0.155089
0.155089
0.162643
0.189451
0.249665
0.135559
0.147393
0.137094
0.134741
0.131931
0.147393
0.182338
0.132153
0.144608
0.142318
0.137094
0.143147
0.154749
0.164830
0.180286
0.154306
0.134741
0.159982
0.139580
0.155185
0.204354
0.127010
0.137084
0.124272
0.175599
0.124272
0.137084
0.127798
0.132130
0.124272
0.132130
0.152805
0.132130
0.148087
0.200254
0.143424
0.200254
0.127227
0.162627
0.122506
0.106839
0.115210
0.136538
0.119974
0.119974
0.115210
0.134191
0.188258
0.117258
0.158197
0.154099
0.110462
0.129789
0.125369
0.108175
0.112850
0.182553
0.108175
0.125369
0.108175
0.112850
0.108175
0.104403
0.112850
0.154099
0.132023
0.154099
0.129789
0.160385
0.102718
0.104403
0.135273
0.230477
0.129789
0.112850
0.129789
0.108175
0.125369
0.125369
0.097169
0.147953
0.123172
0.101283
0.101283
0.147953
0.214555
0.118865
0.101283
0.101283
0.092446
0.101283
0.105848
0.118865
0.093073
0.101283
0.108175
0.097169
0.105848
0.093073
0.093073
0.103110
0.118865
0.101283
0.118865
0.092446
0.101283
0.118865
0.092446
0.147953
0.103110
0.092446
0.125369
0.097822
0.112850
0.132023
0.108175
0.123172
0.108175
0.097169
0.149992
0.097169
0.154099
0.101938
0.108175
0.101283
0.090135
0.094606
0.086115
0.243689
0.134279
0.134279
0.106449
0.112581
0.108382
0.112581
0.092410
0.092410
0.087347
0.138152
0.090749
0.090749
0.101283
0.116763
0.096771
0.116763
0.085528
0.099051
0.116763
0.142017
0.096771
0.099051
0.086115
0.140032
0.090136
0.106449
0.106449
0.102460
0.083816
0.102460
0.128833
0.081451
0.088075
0.108382
0.106449
0.108943
0.108382
0.086115
0.094606
0.094806
0.096771
0.094078
0.115277
0.098521
0.123172
0.093073
0.100240
0.099575
0.092446
0.110116
0.097169
0.108175
0.123172
0.151999
0.103564
0.101283
0.214555
0.254037
0.101283
0.097169
0.105848
0.101283
0.092446
0.211219
0.094808
0.094808
0.093073
0.088374
0.116763
0.118865
0.097169
0.093073
0.116763
0.096771
0.143962
0.085528
0.083741
0.085528
0.108382
0.166331
0.092410
0.092410
0.078750
0.085805
0.078750
0.074839
0.083824
0.079295
0.092410
0.094606
0.086115
0.091763
0.094606
0.085528
0.086115
0.085528
0.112581
0.112581
0.096315
0.080891
0.083824
0.092410
0.090135
0.085528
0.081451
0.090136
0.086115
0.094606
0.085528
0.085528
0.088374
0.090749
0.090135
0.115277
0.099051
0.099051
0.140032
0.087773
0.117378
0.085528
0.098521
0.087773
0.085528
0.090135
0.096315
0.092410
0.080891
0.079295
0.088075
0.108382
0.104583
0.104321
0.110518
0.092410
0.098553
0.078750
0.078750
0.094606
0.085805
0.076393
0.086082
0.074839
0.104583
0.068301
0.098553
0.156523
0.067831
0.098553
0.065950
0.063605
0.074797
0.064044
0.096631
0.077579
0.102460
0.067831
0.068301
0.065482
0.066404
0.098769
0.073526
0.096631
0.074797
0.068301
0.096591
0.108943
0.074839
0.088075
0.081046
0.072640
0.083816
0.072640
0.102460
0.132500
0.102460
0.081046
0.068301
0.077579
0.096631
0.075324
0.077579
0.077093
0.123487
0.064044
0.075776
0.074797
0.063605
0.064044
0.071533
0.073526
0.059872
0.094842
0.061525
0.066018
0.053429
0.063790
0.061370
0.112087
0.144827
0.060450
0.046161
0.046161
0.048769
0.046161
0.042017
0.044319
0.055111
0.043854
0.046443
0.051847
0.054664
0.079446
0.104527
0.077407
0.046443
0.079446
0.079050
0.048769
0.046443
0.046161
0.056864
0.049924
0.107476
0.142642
0.078671
0.079050
0.044582
0.105989
0.079446
0.046161
0.046443
0.110211
0.046443
0.078670
0.049924
0.048030
0.058238
0.062281
0.108989
0.049924
0.079050
0.144541
0.052917
0.040941
0.042262
0.044319
0.139447
0.044582
0.040941
0.042748
0.052334
0.050016
0.050016
0.035523
0.034612
0.032333
0.097613
0.096311
0.030598
0.043624
0.032333
0.068850
0.048922
0.045021
0.045021
0.069101
0.068115
0.074200
0.050607
0.036672
0.052334
0.071102
0.037981
0.050607
0.039162
0.050016
0.075790
0.036672
0.036672
0.100298
0.050016
0.038957
0.073108
0.035523
0.036858
0.040716
0.068115
0.050607
0.036858
0.068850
0.072637
0.041467
0.069928
0.049506
0.068850
0.039162
0.039162
0.047236
0.040941
0.040208
0.047843
0.051198
0.052334
0.039162
0.070104
0.038957
0.046161
0.077407
0.049506
0.050016
0.040941
0.042504
0.040941
0.051687
0.074858
0.055111
0.046443
0.056864
0.073188
0.077407
0.054664
0.083586
0.056864
0.058644
0.138394
0.042504
0.040716
0.040941
0.040941
0.073108
0.101682
0.037796
0.045178
0.097613
0.068115
0.094372
0.035523
0.043624
0.064309
0.032209
0.042398
0.035523
0.045594
0.065795
0.047236
0.050607
0.050016
0.047843
0.038957
0.030701
0.466667
0.039969
0.092573
0.039149
0.027470
0.059859
0.025955
0.039149
0.025993
0.027530
0.040609
0.030701
0.030701
0.040609
0.027530
0.060031
0.027530
0.039149
0.030701
0.061159
0.063852
0.039969
0.027470
0.027470
0.037833
0.042398
0.027530
0.030598
0.029100
0.030598
0.040609
0.038661
0.027470
0.027530
0.089189
0.025993
0.023018
0.022389
0.034964
0.022417
0.034406
0.085552
0.018887
0.018461
0.018364
0.054589
0.019670
0.023018
0.020231
0.032881
0.034964
0.023024
0.039323
0.061788
0.023024
0.090812
0.030598
0.029018
0.029100
0.028431
0.030598
0.030701
0.095037
0.030598
0.028431
0.029705
0.040609
0.062490
0.039323
0.044593
0.027470
0.039323
0.030598
0.038661
0.039323
0.028431
0.030598
0.027530
0.042398
0.040609
0.042398
0.039323
0.039323
0.037833
0.027470
0.060679
0.058665
0.037721
0.027470
0.026728
0.026728
0.034948
0.037721
0.023018
0.023018
0.023018
0.037099
0.022389
0.023018
0.020231
0.022389
0.022389
0.032195
0.030870
0.020231
0.019744
0.082284
0.034326
0.034964
0.055331
0.023024
0.034948
0.024489
0.025231
0.032195
0.124719
0.024489
0.023018
0.087964
0.034948
0.024489
0.026728
0.057330
0.023018
0.038424
0.023018
0.034326
0.023024
0.023024
0.025231
0.023024
0.034948
0.056736
0.036374
0.026728
0.023018
0.057330
0.036374
0.034948
0.034948
0.057330
0.037051
0.020231
0.030870
0.083359
0.053504
0.030697
0.031898
0.018461
0.018364
0.051132
0.030697
0.028667
0.028323
0.015862
0.013703
0.015642
0.030697
0.016006
0.047810
0.015642
0.026831
0.016006
0.015862
0.015862
0.016006
0.016006
0.016187
0.016187
0.081973
0.080225
0.030420
0.119555
0.018813
0.018887
0.019670
0.019670
0.019670
0.016187
0.018813
0.031898
0.031687
0.030420
0.054589
0.016308
0.022389
0.031898
0.053837
0.019670
0.016187
0.018887
0.031687
0.034406
0.020231
0.053514
0.085602
0.022389
0.032195
0.034964
0.053514
0.032195
0.034948
0.034326
0.061159
0.087994
0.031687
0.022417
0.057354
0.031081
0.032341
0.018813
0.030420
0.021063
0.051659
0.031081
0.016308
0.031898
0.119555
0.022389
0.051132
0.084057
0.032195
0.083359
0.031898
0.054754
0.034406
0.022417
0.054754
0.022389
0.022389
0.025231
0.022389
0.057330
0.022389
0.054976
0.034406
0.031898
0.054589
0.015862
0.028402
0.016006
0.016006
0.018461
0.051132
0.016006
0.050807
0.054589
0.015862
0.029579
0.019744
0.018813
0.018887
0.016187
0.016308
0.051435
0.028402
0.082765
0.015862
0.027991
0.015862
0.025918
0.027991
0.013703
0.027991
0.028667
0.030697
0.019744
0.053504
0.019744
0.018813
0.020231
0.056859
0.056736
0.037051
0.023024
0.024489
0.024472
0.038535
0.024472
0.026728
0.025955
0.039149
0.024472
0.036326
0.027470
0.040609
0.093791
0.128801
0.043624
0.032333
0.046761
0.035689
0.039162
0.073641
0.040941
0.107839
0.075790
0.047608
0.046161
0.049924
0.082070
0.083808
0.147658
0.061914
0.059766
0.085877
0.111789
0.067615
0.113673
0.067615
0.090998
0.071533
0.087355
0.115016
0.061525
0.077579
0.096631
0.123487
0.121952
0.155134
0.075776
0.087355
0.063605
0.091252
0.068301
0.123487
0.080865
0.064044
0.096631
0.079455
0.081897
0.094526
0.158119
0.069975
0.077579
0.081716
0.200291
0.077579
0.161374
0.096631
0.123487
0.102460
0.072326
0.200291
0.083816
0.198682
0.074323
0.242358
0.102460
0.100667
0.125089
0.197200
0.125248
0.159736
0.098553
0.127030
0.128833
0.157974
0.200291
0.198682
0.083816
0.127030
0.102460
0.102460
0.285808
0.072139
0.197200
0.102460
0.067831
0.127030
0.164711
0.161374
0.128833
0.132500
0.132500
0.102460
0.083816
0.201704
0.164711
0.128833
0.132500
0.072139
0.128833
0.163150
0.161374
0.158119
0.104583
0.239622
0.195739
0.127030
0.098553
0.077579
0.123487
0.281035
0.194298
0.121559
0.090998
0.118337
0.092853
0.153395
0.188739
0.087355
0.089437
0.067615
0.083808
0.148866
0.113673
0.066018
0.148866
0.147658
0.188947
0.228476
0.147658
0.187402
0.061914
0.148866
0.147658
0.084133
0.107476
0.146231
0.060450
0.144541
0.143446
0.058644
0.107476
0.107476
0.143446
0.079050
0.144827
0.080719
0.182544
0.227326
0.183781
0.108989
0.079446
0.108989
0.077407
0.077407
0.181330
0.143446
0.143446
0.079050
0.051464
0.066018
0.113673
0.185039
0.185039
0.082070
0.186320
0.183522
0.113673
0.145960
0.144541
0.063790
0.116915
0.057431
0.092853
0.155134
0.120031
0.071533
0.073526
0.073526
0.194298
0.121952
0.151863
0.063605
0.155134
0.194298
0.094952
0.156523
0.153395
0.153395
0.191477
0.193046
0.150353
0.090998
0.118572
0.151863
0.191477
0.188947
0.188739
0.187402
0.188947
0.113673
0.190097
0.092853
0.092853
0.092853
0.118337
0.071533
0.071533
0.231872
0.151863
0.116915
0.150353
0.090998
0.118337
0.188739
0.151863
0.118337
0.091252
0.118337
0.116665
0.071533
0.069562
0.090998
0.091252
0.153395
0.155134
0.191477
0.061805
0.118337
0.155134
0.153395
0.235660
0.123487
0.235660
0.118337
0.059872
0.092853
0.156523
0.094952
0.155134
0.073526
0.234532
0.235660
0.077579
0.094526
0.123487
0.153395
0.127030
0.158278
0.128833
0.127030
0.098553
0.125248
0.197200
0.123487
0.191477
0.191477
0.118337
0.150353
0.118337
0.186320
0.227103
0.062281
0.113673
0.230838
0.115016
0.148866
0.113123
0.066018
0.187402
0.184793
0.183522
0.144541
0.148866
0.111789
0.144541
0.144541
0.056864
0.143446
0.224269
0.108989
0.080358
0.226197
0.108989
0.182544
0.109334
0.078670
0.108989
0.077407
0.107476
0.143446
0.080719
0.080358
0.078670
0.224000
0.270983
0.144827
0.060450
0.082070
0.060450
0.082070
0.145960
0.147658
0.054143
0.227326
0.111789
0.080358
0.108989
0.108989
0.143446
0.060450
0.143446
0.227326
0.183522
0.110526
0.105989
0.144827
0.108989
0.078670
0.058238
0.079050
0.142089
0.061914
0.147658
0.053789
0.230838
0.147658
0.147658
0.066018
0.113673
0.147658
0.113673
0.084133
0.080358
0.144827
0.186320
0.144541
0.112087
0.058238
0.147658
0.111789
0.186320
0.085877
0.145960
0.147658
0.144827
0.225962
0.062281
0.085877
0.082070
0.183781
0.143446
0.182544
0.143446
0.079446
0.104527
0.108989
0.060450
0.147658
0.055111
0.182544
0.227326
0.140756
0.079446
0.075790
0.079050
0.105989
0.178969
0.049924
0.078670
0.142089
0.080719
0.143446
0.077407
0.080719
0.046443
0.104527
0.107476
0.139447
0.055111
0.104146
0.105989
0.077407
0.102694
0.075790
0.072637
0.102694
0.072637
0.074200
0.219860
0.135669
0.218879
0.048377
0.171440
0.097613
0.133276
0.043624
0.175601
0.068115
0.043624
0.172052
0.096810
0.129880
0.092573
0.060508
0.089094
0.059859
0.092573
0.130986
0.126723
0.090812
0.127748
0.059859
0.089700
0.124753
0.090225
0.087994
0.089094
0.124753
0.023024
0.057354
0.058591
0.091384
0.167668
0.125724
0.026777
0.060508
0.057354
0.213455
0.089094
0.023024
0.212630
0.124753
0.059859
0.093125
0.127250
0.165931
0.087994
0.085883
0.059260
0.054976
0.057354
0.164059
0.208645
0.120318
0.051303
0.116680
0.120171
0.120097
0.119414
0.026254
0.023276
0.078760
0.117988
0.114942
0.023460
0.077388
0.158874
0.158874
0.023316
0.078760
0.078760
0.078760
0.205092
0.023460
0.023316
0.157844
0.157844
0.115491
0.116680
0.043223
0.008072
0.023316
0.078914
0.077388
0.116680
0.077388
0.114942
0.157644
0.114942
0.115491
0.114942
0.113935
0.203049
0.113935
0.075581
0.114319
0.157644
0.113935
0.074082
0.075514
0.113177
0.073256
0.075995
0.042102
0.200595
0.202044
0.112313
0.072278
0.112313
0.247984
0.111893
0.040272
0.071354
0.112522
0.111598
0.153816
0.153553
0.111598
0.111893
0.038213
0.153553
0.200472
0.072611
0.073635
0.039815
0.200472
0.072743
0.001352
0.072515
0.153553
0.201232
0.014714
0.201215
0.154447
0.072454
0.111391
0.072454
0.111391
0.038035
0.200386
0.073635
0.111466
0.111410
0.072438
0.016126
0.155406
0.111555
0.451936
0.154772
0.072831
0.248760
0.154920
0.073241
0.041623
0.200743
0.012304
0.072483
0.073723
0.155406
0.073635
0.072454
0.014714
0.038213
0.073767
0.154586
0.013400
0.003353
0.072743
0.040887
0.016906
0.112313
0.041253
0.201542
0.016906
0.041253
0.074654
0.155887
0.040515
0.040515
0.113907
0.042102
0.041483
0.003927
0.202372
0.040515
0.075995
0.074654
0.075995
0.075995
0.004604
0.115234
0.043665
0.007744
0.076752
0.113935
0.045303
0.021552
0.021552
0.078760
0.012366
0.046876
0.023460
0.012609
0.046876
0.010541
0.048649
0.085552
0.051659
0.053504
0.051303
0.053504
0.031081
0.085552
0.019670
0.054589
0.053837
0.124385
0.085883
0.120318
0.016308
0.163319
0.016006
0.120171
0.163319
0.030697
0.120318
0.030697
0.050453
0.118686
0.082664
0.013703
0.028402
0.025320
0.120318
0.081066
0.025320
0.161917
0.081148
0.118744
0.013703
0.082765
0.117988
0.023276
0.026254
0.026254
0.051303
0.025320
0.026254
0.013703
0.120171
0.120097
0.028667
0.013703
0.081899
0.051303
0.120097
0.118686
0.253843
0.160621
0.046818
0.205092
0.116601
0.023460
0.081066
0.046818
0.160008
0.160621
0.078690
0.048593
0.080264
0.046818
0.078690
0.048593
0.118000
0.012609
0.158790
0.050453
0.046818
0.046818
0.026254
0.049505
0.081066
0.082765
0.207994
0.082765
0.082765
0.026254
0.049617
0.028402
0.016308
0.161917
0.051659
0.208645
0.053504
0.031081
0.120318
0.082765
0.028667
0.049617
0.054589
0.121771
0.084591
0.084591
0.051659
0.049617
0.026399
0.118686
0.081899
0.118686
0.118686
0.049505
0.049505
0.051303
0.046818
0.160012
0.046818
0.078760
0.116680
0.078760
0.008635
0.159026
0.076752
0.113625
0.157370
0.113935
0.157370
0.114942
0.202790
0.114942
0.113935
0.075995
0.156502
0.075995
0.155406
0.202372
0.074082
0.201099
0.040515
0.112653
0.112653
0.112653
0.112653
0.002705
0.040515
0.155406
0.075514
0.113177
0.112653
0.113177
0.073256
0.017885
0.073256
0.073933
0.073933
0.073933
0.073625
0.297978
0.155376
0.154819
0.015759
0.072743
0.072743
0.110747
0.016846
0.039815
0.112087
0.155163
0.016098
0.002228
0.002612
0.073625
0.153816
0.072278
0.073933
0.073933
0.001210
0.042102
0.042102
0.040887
0.040515
0.073256
0.014774
0.040560
0.074654
0.017885
0.155406
0.073256
0.074654
0.073256
0.073933
0.073933
0.155376
0.073933
0.073933
0.073625
0.073933
0.039355
0.015759
0.112570
0.015759
0.073114
0.039355
0.200781
0.039815
0.072743
0.041281
0.072743
0.016846
0.039646
0.040832
0.072515
0.154512
0.072515
0.014601
0.111391
0.112454
0.111466
0.072454
0.155406
0.072564
0.039397
0.200454
0.039466
0.072564
0.201257
0.111466
0.111466
0.039466
0.111410
0.039397
0.072680
0.248760
0.039576
0.201505
0.073241
0.112668
0.039725
0.111674
0.154920
0.112007
0.073241
0.073241
0.041171
0.073241
0.001442
0.041377
0.112220
0.074323
0.201255
0.112220
0.112220
0.041908
0.156585
0.041908
0.113649
0.001706
0.042596
0.074323
0.041623
0.017237
0.112220
0.112465
0.073241
0.073498
0.000505
0.015589
0.041908
0.155301
0.040142
0.156124
0.112007
0.001053
0.113391
0.156124
0.041377
0.111825
0.154920
0.111825
0.015317
0.039725
0.072831
0.072483
0.016217
0.039576
0.039397
0.000039
0.016126
0.014601
0.040832
0.072454
0.072515
0.014714
0.111497
0.072611
0.073114
0.201340
0.014093
0.154977
0.040272
0.016098
0.201112
0.041253
0.073625
0.073114
0.001598
0.073114
0.040272
0.110747
0.154819
0.040272
0.153816
0.040272
0.200653
0.154819
0.111497
0.111497
0.200418
0.110400
0.072454
0.071354
0.072454
0.072454
0.072454
0.073635
0.039367
0.111410
0.200454
0.039397
0.072483
0.201315
0.154558
0.154558
0.111466
0.111466
0.201315
0.014762
0.072564
0.073723
0.249239
0.040876
0.072831
0.072831
0.155534
0.112668
0.154772
0.155534
0.072680
0.111825
0.039725
0.041377
0.200889
0.154080
0.111825
0.112220
0.073241
0.113939
0.074834
0.074834
0.042233
0.017571
0.074834
0.075141
0.075484
0.113649
0.156858
0.156585
0.017571
0.114259
0.157157
0.075484
0.075484
0.202416
0.074834
0.075141
0.113939
0.017948
0.114259
0.112741
0.250092
0.075484
0.075484
0.042233
0.040717
0.075484
0.074834
0.040717
0.074834
0.202416
0.074834
0.113649
0.114259
0.075484
0.074834
0.043758
0.017948
0.250555
0.156585
0.004576
0.114611
0.075861
0.114611
0.114993
0.203589
0.117124
0.251747
0.044991
0.006213
0.078264
0.159529
0.117361
0.080322
0.117925
0.079463
0.117925
0.046883
0.080112
0.160536
0.117925
0.082310
0.117925
0.080112
0.118519
0.082310
0.119796
0.049109
0.083039
0.120479
0.050774
0.121852
0.030475
0.121932
0.164096
0.083852
0.164196
0.083852
0.121932
0.086274
0.086274
0.027573
0.083852
0.121932
0.053538
0.016073
0.086274
0.086274
0.121932
0.124109
0.051660
0.012716
0.047589
0.084592
0.121932
0.050774
0.027573
0.012716
0.121932
0.124109
0.122576
0.211210
0.121932
0.121932
0.051660
0.051660
0.014001
0.029581
0.124109
0.124109
0.054337
0.054337
0.051660
0.017040
0.085574
0.165625
0.124109
0.056307
0.053538
0.056612
0.214820
0.167657
0.036012
0.056612
0.088392
0.088392
0.057343
0.126066
0.059515
0.091026
0.091026
0.036012
0.056612
0.126623
0.032870
0.088082
0.088082
0.029581
0.125757
0.086482
0.167657
0.088082
0.125757
0.088392
0.212884
0.126623
0.057343
0.057343
0.089033
0.021383
0.126066
0.018102
0.036012
0.022759
0.261763
0.091026
0.091026
0.023899
0.128439
0.059986
0.127916
0.063018
0.061819
0.092068
0.094241
0.029388
0.062398
0.065512
0.039757
0.039213
0.093140
0.062479
0.023899
0.061819
0.061819
0.062479
0.091026
0.128439
0.091026
0.091644
0.035243
0.022759
0.035243
0.126066
0.089033
0.059515
0.088082
0.033689
0.057343
0.059515
0.036482
0.089033
0.036012
0.059515
0.091026
0.091026
0.052663
0.091644
0.056612
0.033689
0.057343
0.088392
0.089033
0.035243
0.213307
0.059515
0.039213
0.036012
0.025305
0.059515
0.038474
0.088392
0.035243
0.091026
0.128439
0.170101
0.023209
0.061819
0.093140
0.061819
0.171855
0.062479
0.131368
0.094241
0.133455
0.130897
0.066806
0.065512
0.265602
0.097234
0.097234
0.099419
0.097234
0.099419
0.100181
0.177705
0.068129
0.069483
0.177033
0.098936
0.176670
0.033774
0.100181
0.046663
0.265602
0.046088
0.133455
0.133455
0.175294
0.176670
0.177033
0.176670
0.097234
0.031634
0.177033
0.099419
0.133455
0.045218
0.133455
0.176670
0.045218
0.098936
0.136784
0.033149
0.266432
0.046088
0.100181
0.033149
0.099733
0.100181
0.136784
0.069483
0.221772
0.072278
0.069483
0.176670
0.072278
0.099733
0.134539
0.102752
0.069483
0.139500
0.100181
0.069483
0.103179
0.072278
0.221772
0.221140
0.098936
0.177033
0.100181
0.134539
0.177033
0.029388
0.175658
0.068129
0.097234
0.069483
0.066806
0.136067
0.174671
0.134539
0.136067
0.136067
0.046088
0.176670
0.097234
0.069483
0.069483
0.098936
0.042422
0.135648
0.220825
0.045218
0.136067
0.065512
0.094241
0.172769
0.131368
0.096531
0.172360
0.131368
0.094241
0.097052
0.063018
0.091486
0.063018
0.094241
0.170101
0.127916
0.126066
0.035243
0.091026
0.128439
0.061819
0.025305
0.091026
0.091026
0.128439
0.061819
0.128882
0.169647
0.214820
0.059986
0.130897
0.094241
0.039213
0.061819
0.094241
0.216904
0.216805
0.093140
0.172360
0.093140
0.130897
0.096531
0.130897
0.096531
0.093698
0.133455
0.170966
0.172293
0.039062
0.172769
0.131368
0.171855
0.131368
0.172769
0.133455
0.130897
0.131368
0.063018
0.096531
0.217260
0.099419
0.172769
0.174671
0.096531
0.096531
0.131368
0.133455
0.096531
0.096531
0.096531
0.174671
0.131368
0.131368
0.172293
0.131368
0.039757
0.128882
0.170966
0.093140
0.216424
0.215611
0.093140
0.128439
0.059515
0.092068
0.091026
0.091026
0.128439
0.214820
0.128439
0.216805
0.130364
0.215228
0.130364
0.131368
0.215611
0.093140
0.091026
0.056612
0.059515
0.126066
0.128439
0.126066
0.125757
0.167657
0.125757
0.088392
0.124327
0.088082
0.087422
0.030641
0.166155
0.085574
0.163520
0.083852
0.051660
0.122576
0.051660
0.084592
0.082258
0.121932
0.083039
0.162870
0.083799
0.083039
0.207653
0.082258
0.083799
0.081510
0.119796
0.354900
0.082310
0.160455
0.162247
0.081510
0.206581
0.081510
0.026713
0.050022
0.080112
0.160455
0.117802
0.118519
0.206581
0.206581
0.009963
0.081510
0.022171
0.119796
0.049109
0.207653
0.255184
0.162854
0.049109
0.080112
0.117802
0.207653
0.081510
0.119796
0.080112
0.118519
0.118519
0.206581
0.119796
0.118519
0.117802
0.079463
0.161080
0.118519
0.050022
0.254194
0.119796
0.162854
0.083799
0.162247
0.255184
0.081510
0.049109
0.162247
0.119796
0.207653
0.304688
0.162870
0.207653
0.117802
0.162870
0.120479
0.207653
0.083852
0.083039
0.083039
0.051660
0.121191
0.121932
0.122576
0.027573
0.121932
0.051660
0.086274
0.027573
0.086274
0.085574
0.053538
0.054337
0.121932
0.210747
0.124109
0.209439
0.085574
0.086274
0.086274
0.211210
0.165625
0.164196
0.164196
0.052505
0.124109
0.121932
0.051660
0.051660
0.085574
0.164196
0.164196
0.209324
0.122576
0.083852
0.162870
0.122576
0.164756
0.121191
0.164096
0.051660
0.083799
0.163520
0.164096
0.082258
0.083799
0.303354
0.081510
0.160455
0.162854
0.120492
0.303354
0.081510
0.009525
0.206581
0.046647
0.080112
0.116826
0.079463
0.160019
0.116826
0.116826
0.252872
0.159529
0.160536
0.047589
0.118519
0.118519
0.206581
0.117802
0.304688
0.162854
0.206581
0.162247
0.162247
0.082310
0.353671
0.255184
0.209324
0.164196
0.083799
0.162870
0.164096
0.256261
0.121932
0.051660
0.208224
0.085574
0.051660
0.121932
0.122576
0.084592
0.124109
0.164756
0.053538
0.121932
0.123500
0.211210
0.166155
0.124109
0.258442
0.124327
0.164196
0.124327
0.056307
0.032581
0.166155
0.085574
0.167657
0.123500
0.030641
0.212585
0.126066
0.056612
0.056612
0.126066
0.126066
0.212884
0.089033
0.089033
0.167962
0.213307
0.167657
0.126066
0.091026
0.125757
0.125757
0.167657
0.054528
0.166379
0.212585
0.088082
0.167657
0.124327
0.088082
0.258442
0.056307
0.307277
0.056307
0.211210
0.258442
0.164196
0.122576
0.082310
0.254194
0.121852
0.121191
0.083039
0.083799
0.206581
0.206581
0.026625
0.162854
0.162854
0.083039
0.162247
0.162854
0.119796
0.303354
0.206653
0.160536
0.303371
0.160455
0.161080
0.119250
0.117925
0.160536
0.160536
0.253714
0.118519
0.046883
0.161189
0.251946
0.078846
0.158858
0.161189
0.117925
0.077982
0.116609
0.116826
0.160019
0.159529
0.160019
0.204725
0.158220
0.078264
0.159065
0.078264
0.159065
0.205338
0.158629
0.158220
0.077715
0.159065
0.159065
0.115849
0.158220
0.076720
0.202604
0.203259
0.157484
0.018828
0.157839
0.115406
0.077200
0.251107
0.251416
0.203259
0.115406
0.115406
0.019332
0.158220
0.019878
0.115406
0.076720
0.114993
0.158220
0.203589
0.115406
0.158220
0.077715
0.077715
0.158629
0.205338
0.116322
0.159065
0.044991
0.043958
0.116322
0.043958
0.159065
0.159529
0.252475
0.159529
0.079463
0.205153
0.252475
0.047864
0.117925
0.161189
0.079463
0.116609
0.252872
0.079463
0.116609
0.117925
0.160019
0.079463
0.117925
0.158858
0.205153
0.205605
0.205153
0.047864
0.252872
0.118519
0.205605
0.046883
0.118519
0.117925
0.161189
0.160019
0.160536
0.079463
0.160536
0.079463
0.117925
0.160536
0.161080
0.353268
0.253291
0.206081
0.116609
0.080112
0.253732
0.046647
0.302924
0.047589
0.081510
0.118519
0.118519
0.118519
0.118519
0.161717
0.118519
0.206581
0.080112
0.160536
0.119250
0.206081
0.160536
0.080112
0.050022
0.081510
0.253732
0.161189
0.081510
0.117925
0.079463
0.206581
0.008335
0.118519
0.080112
0.079463
0.117925
0.118519
0.118519
0.117802
0.118519
0.080112
0.162247
0.049109
0.046647
0.117802
0.118519
0.082310
0.081510
0.050022
0.049109
0.119250
0.046647
0.022171
0.081510
0.117802
0.118519
0.206081
0.206581
0.049109
0.081510
0.117802
0.162854
0.120492
0.046647
0.255652
0.081510
0.081510
0.255652
0.119796
0.253732
0.118519
0.160455
0.119796
0.024847
0.119796
0.162247
0.025717
0.162247
0.119796
0.083799
0.162854
0.255184
0.081510
0.253714
0.119796
0.162247
0.121191
0.052505
0.121932
0.209324
0.083852
0.209439
0.083852
0.164196
0.053538
0.164196
0.086482
0.088082
0.357852
0.033689
0.056307
0.088392
0.212585
0.167657
0.088392
0.089033
0.128439
0.092068
0.091026
0.089033
0.091026
0.088392
0.126623
0.212884
0.091026
0.126066
0.091026
0.091026
0.126066
0.170101
0.170101
0.214820
0.035243
0.061819
0.213307
0.061819
0.128439
0.091026
0.212884
0.128439
0.172293
0.214820
0.170101
0.168447
0.093140
0.059515
0.061819
0.059986
0.128439
0.062479
0.091026
0.126066
0.126066
0.128439
0.032870
0.126623
0.126623
0.088392
0.167657
0.088082
0.032870
0.032870
0.086482
0.166155
0.123500
0.088082
0.056307
0.032581
0.088082
0.054337
0.083852
0.166155
0.083039
0.051660
0.027573
0.086274
0.051660
0.078846
0.049109
0.050774
0.025717
0.023225
0.021764
0.077982
0.022474
0.082310
0.118519
0.022171
0.119796
0.049109
0.119796
0.011192
0.023225
0.022474
0.011192
0.046647
0.079463
0.011192
0.022171
0.254194
0.082310
0.009963
0.019833
0.117925
0.161080
0.050022
0.117925
0.082310
0.050022
0.118519
0.118519
0.025868
0.024847
0.049109
0.080112
0.118519
0.011192
0.161080
0.049109
0.027596
0.162247
0.083799
0.083039
0.162870
0.051660
0.083852
0.051660
0.083852
0.121932
0.123500
0.086274
0.124109
0.088082
0.056307
0.051660
0.086274
0.086482
0.125757
0.056307
0.089033
0.262120
0.059515
0.091486
0.025305
0.062479
0.091026
0.094241
0.062398
0.094241
0.170101
0.093698
0.063018
0.172769
0.094241
0.131368
0.024431
0.094241
0.096531
0.094241
0.130364
0.133455
0.042422
0.042422
0.131368
0.039757
0.128882
0.172360
0.131368
0.096531
0.094241
0.063018
0.065512
0.131368
0.133455
0.096531
0.097234
0.045218
0.218998
0.096531
0.133455
0.131368
0.045836
0.027938
0.042422
0.065512
0.096531
0.042422
0.042422
0.063018
0.039757
0.216904
0.097052
0.174671
0.096531
0.066107
0.131368
0.094241
0.096531
0.096531
0.029388
0.027938
0.172769
0.027938
0.133455
0.065512
0.133455
0.133455
0.312423
0.066107
0.032279
0.066250
0.096531
0.045218
0.133455
0.098936
0.133455
0.065512
0.063018
0.133455
0.096531
0.177033
0.030817
0.096531
0.174671
0.096531
0.029388
0.261416
0.096531
0.218998
0.043804
0.045218
0.042422
0.065512
0.133455
0.042422
0.174671
0.039757
0.024431
0.094241
0.131368
0.065512
0.096531
0.062398
0.172769
0.174671
0.133455
0.133455
0.096531
0.097720
0.065512
0.045836
0.096531
0.177033
0.045218
0.096531
0.045218
0.030817
0.045218
0.136067
0.100181
0.100181
0.100181
0.049646
0.072278
0.040068
0.040068
0.072278
0.040068
0.040614
0.052750
0.054346
0.045578
0.045578
0.045103
0.145724
0.049216
0.050393
0.048788
0.063113
0.066617
0.062744
0.052812
0.061986
0.048788
0.108154
0.084642
0.066290
0.061986
0.056512
0.085643
0.058133
0.067020
0.058133
0.074189
0.060627
0.095326
0.071043
0.070760
0.092958
0.062251
0.093222
0.119084
0.070760
0.075814
0.066195
0.076769
0.076769
0.094765
0.068202
0.094765
0.122419
0.076769
0.092958
0.074837
0.074837
0.071043
0.063897
0.074837
0.062251
0.062251
0.067020
0.060313
0.067345
0.071043
0.115841
0.115841
0.148640
0.056512
0.058468
0.056869
0.065533
0.085968
0.148925
0.058085
0.060030
0.112693
0.087679
0.091603
0.065533
0.060030
0.091603
0.091603
0.060030
0.067345
0.071798
0.058133
0.058400
0.066290
0.085968
0.087679
0.070222
0.065533
0.054053
0.058085
0.192090
0.070222
0.061952
0.120578
0.060627
0.058133
0.067345
0.058085
0.072062
0.071798
0.063897
0.095098
0.063897
0.063897
0.125474
0.076057
0.067858
0.125313
0.075814
0.068202
0.071043
0.066195
0.096881
0.096881
0.075814
0.092958
0.094765
0.067858
0.074837
0.066195
0.076769
0.068088
0.066445
0.066195
0.120513
0.075099
0.068088
0.094765
0.068202
0.072283
0.079660
0.102366
0.078945
0.098446
0.098446
0.068202
0.098654
0.127587
0.074137
0.098446
0.129354
0.076598
0.076598
0.073968
0.084883
0.084883
0.073968
0.084719
0.073968
0.076598
0.102216
0.084883
0.086760
0.078148
0.076598
0.084883
0.084883
0.072283
0.476314
0.076598
0.110069
0.084719
0.076598
0.080701
0.069683
0.069873
0.068202
0.078724
0.074837
0.093222
0.066445
0.063897
0.062251
0.066195
0.076057
0.093222
0.061978
0.062251
0.063897
0.075814
0.071346
0.096881
0.097090
0.061978
0.071043
0.075814
0.093338
0.061952
0.071043
0.063897
0.062251
0.072062
0.071346
0.070222
0.058133
0.058133
0.058133
0.052812
0.054053
0.114377
0.149748
0.066617
0.084579
0.088203
0.088203
0.058110
0.149748
0.232580
0.114097
0.061986
0.054053
0.117184
0.117184
0.327407
0.058133
0.120578
0.120578
0.056512
0.072062
0.074189
0.063897
0.076057
0.073927
0.102366
0.066445
0.062251
0.096881
0.079862
0.076769
0.128850
0.100516
0.102366
0.079862
0.083759
0.132425
0.102366
0.071910
0.081616
0.201723
0.128850
0.070231
0.080701
0.166330
0.085595
0.130572
0.072283
0.106252
0.134172
0.106133
0.167871
0.106133
0.106133
0.089766
0.110069
0.085468
0.089658
0.104134
0.078148
0.106133
0.076598
0.134172
0.085740
0.089766
0.073817
0.073968
0.072283
0.080701
0.072283
0.078278
0.074137
0.089766
0.089766
0.072283
0.089766
0.078148
0.073968
0.076598
0.106252
0.078148
0.106133
0.076449
0.134172
0.089766
0.106133
0.078278
0.076449
0.171230
0.076449
0.076598
0.089766
0.073968
0.137730
0.134078
0.137667
0.089766
0.089766
0.113968
0.082409
0.076449
0.080269
0.082943
0.080269
0.088822
0.078148
0.089658
0.076598
0.110069
0.110069
0.078148
0.078148
0.078278
0.134078
0.089766
0.093875
0.139492
0.080269
0.090904
0.141338
0.115948
0.082409
0.095905
0.119965
0.117929
0.145086
0.089464
0.091675
0.102326
0.093398
0.091183
0.128225
0.093904
0.124059
0.128225
0.096167
0.128179
0.097887
0.128225
0.102442
0.130335
0.227201
0.117813
0.136660
0.117813
0.107063
0.114949
0.164659
0.109885
0.124554
0.117148
0.112344
0.124697
0.143196
0.121835
0.112344
0.127022
0.116965
0.116965
0.139431
0.118726
0.114720
0.114720
0.118887
0.124162
0.119354
0.139537
0.141766
0.170699
0.124366
0.124176
0.133613
0.135812
0.135812
0.150657
0.150657
0.135812
0.131510
0.175013
0.157569
0.131510
0.179193
0.138423
0.157569
0.143044
0.138209
0.179193
0.181389
0.243310
0.143044
0.319279
0.210967
0.243310
0.179386
0.159901
0.243310
0.206864
0.241559
0.278055
0.277922
0.279548
0.316155
0.239513
0.276301
0.232203
0.232203
0.271132
0.196978
0.230379
0.232203
0.308303
0.230294
0.308251
0.264459
0.305270
0.303777
0.488628
0.347169
0.392522
0.438261
0.221480
0.391273
0.221480
0.299406
0.259614
0.300839
0.391274
0.221480
0.300839
0.390041
0.300839
0.187286
0.300840
0.221504
0.300839
0.345822
0.300839
0.392522
0.347178
0.261219
0.223245
0.393784
0.226718
0.226779
0.305239
0.264459
0.264459
0.351337
0.308303
0.226779
0.305270
0.308251
0.305270
0.351337
0.264459
0.264459
0.351337
0.396353
0.308251
0.308303
0.230294
0.230294
0.267696
0.396326
0.305239
0.264459
0.189223
0.396353
0.303756
0.347178
0.303777
0.187286
0.300839
0.347169
0.262797
0.262831
0.302300
0.259614
0.300840
0.344482
0.132944
0.437124
0.299406
0.150091
0.299406
0.253414
0.293737
0.432716
0.336772
0.434891
0.337967
0.338017
0.339238
0.337967
0.338017
0.209804
0.288439
0.336772
0.287147
0.378443
0.289749
0.334331
0.206624
0.289749
0.381917
0.380722
0.331854
0.249011
0.429484
0.247483
0.289749
0.208205
0.289749
0.208205
0.334331
0.429484
0.209804
0.247483
0.335472
0.381833
0.429484
0.381833
0.335472
0.334331
0.287147
0.244529
0.247483
0.429562
0.249011
0.380722
0.379532
0.334331
0.201879
0.376311
0.241721
0.333043
0.329524
0.203415
0.523884
0.424599
0.326156
0.200494
0.240477
0.197547
0.472988
0.328384
0.239132
0.326310
0.283375
0.240344
0.375401
0.200362
0.199011
0.283242
0.376311
0.161065
0.240344
0.283375
0.283375
0.329524
0.284615
0.201998
0.280795
0.241841
0.328517
0.374243
0.237806
0.375269
0.327262
0.328517
0.424599
0.282154
0.328384
0.328517
0.201998
0.423651
0.375269
0.282009
0.159472
0.424599
0.127587
0.372399
0.374243
0.279766
0.326156
0.279598
0.277260
0.279766
0.279766
0.233748
0.277451
0.231246
0.372399
0.236500
0.279598
0.372399
0.279766
0.372238
0.233944
0.325231
0.325068
0.471138
0.325231
0.279766
0.236329
0.279598
0.326310
0.373383
0.279598
0.373233
0.325068
0.280795
0.329646
0.326156
0.237806
0.197387
0.329646
0.376311
0.240344
0.241721
0.376433
0.329524
0.283375
0.201998
0.201998
0.330680
0.201998
0.329524
0.284493
0.284493
0.287147
0.475650
0.285761
0.331854
0.244626
0.167543
0.244626
0.244626
0.334331
0.247483
0.245961
0.287147
0.381833
0.247483
0.288439
0.381833
0.247483
0.335472
0.429484
0.248939
0.335472
0.206545
0.291010
0.289749
0.335472
0.381833
0.335543
0.291076
0.335472
0.429562
0.248939
0.337967
0.384102
0.336711
0.248879
0.291010
0.382960
0.291076
0.381833
0.291076
0.339278
0.250413
0.338017
0.291010
0.211421
0.291076
0.248939
0.251905
0.291010
0.480368
0.335472
0.251905
0.251905
0.209751
0.336711
0.291076
0.247483
0.291010
0.248939
0.337967
0.291076
0.291010
0.251905
0.336711
0.384102
0.432716
0.336772
0.211382
0.253414
0.250365
0.385260
0.386433
0.254941
0.296555
0.181740
0.341849
0.216396
0.253414
0.340556
0.341849
0.181740
0.341849
0.343178
0.433797
0.219768
0.339238
0.344493
0.390041
0.181739
0.388823
0.216396
0.254941
0.483364
0.296555
0.340556
0.179912
0.386433
0.339238
0.248939
0.209804
0.291076
0.209869
0.335472
0.335472
0.208205
0.206624
0.335543
0.334331
0.381917
0.378443
0.289749
0.289749
0.244529
0.380722
0.428453
0.287147
0.289749
0.287147
0.376311
0.330680
0.329524
0.284493
0.165969
0.284493
0.241721
0.284493
0.284493
0.240477
0.375401
0.327262
0.374243
0.325068
0.325068
0.326156
0.420741
0.421801
0.370299
0.236500
0.232696
0.232696
0.231246
0.468664
0.319885
0.188951
0.416414
0.271742
0.367513
0.269406
0.414792
0.363792
0.313377
0.461364
0.263581
0.408648
0.310861
0.357881
0.406067
0.171312
0.259672
0.088391
0.305255
0.352644
0.353024
0.454226
0.208007
0.401688
0.300359
0.398276
0.346782
0.295431
0.446986
0.245010
0.293084
0.292748
0.445549
0.393647
0.393552
0.445549
0.393594
0.342359
0.194654
0.041281
0.291805
0.343024
0.394172
0.446707
0.292055
0.343353
0.344162
0.292882
0.291819
0.342363
0.343155
0.446523
0.446354
0.243562
0.342984
0.195789
0.446707
0.446523
0.342363
0.292490
0.292676
0.499249
0.243562
0.244061
0.244061
0.243092
0.343353
0.196318
0.446875
0.195254
0.447355
0.244061
0.342984
0.197708
0.395127
0.394365
0.343805
0.244061
0.343353
0.343805
0.343353
0.292882
0.292882
0.243562
0.446707
0.343353
0.293356
0.394694
0.292882
0.195789
0.552040
0.243562
0.292882
0.343353
0.393767
0.292882
0.292676
0.343353
0.393767
0.292490
0.342814
0.243562
0.394329
0.393767
0.342814
0.292882
0.292490
0.343353
0.195789
0.446201
0.342814
0.292676
0.243346
0.243346
0.243562
0.195789
0.343353
0.292882
0.445835
0.292882
0.292468
0.292468
0.343492
0.344897
0.446875
0.244979
0.395904
0.395702
0.345260
0.396356
0.345085
0.344392
0.345085
0.246515
0.345459
0.396356
0.294695
0.197802
0.245467
0.449077
0.296065
0.246515
0.448309
0.245896
0.153877
0.346354
0.345459
0.296065
0.296892
0.295953
0.295095
0.245896
0.296065
0.198265
0.246954
0.154074
0.295656
0.345085
0.197802
0.294695
0.447688
0.197802
0.198076
0.245702
0.293958
0.294897
0.344622
0.293912
0.197299
0.152607
0.197299
0.244979
0.195857
0.197299
0.244061
0.244650
0.343805
0.196318
0.293624
0.293356
0.293356
0.196318
0.343805
0.293356
0.149535
0.244061
0.196318
0.292468
0.395127
0.195254
0.342984
0.244061
0.343492
0.345260
0.108837
0.447688
0.447867
0.449419
0.249512
0.250741
0.295095
0.451416
0.348680
0.351596
0.304913
0.254189
0.299733
0.351371
0.252994
0.353253
0.122145
0.256510
0.454947
0.301674
0.405600
0.357494
0.359563
0.255286
0.457011
0.309388
0.133516
0.259521
0.215091
0.171200
0.358752
0.511264
0.357664
0.364562
0.317915
0.360124
0.268411
0.365500
0.267344
0.464016
0.222485
0.219027
0.361849
0.315894
0.413699
0.269496
0.269496
0.318738
0.318738
0.367424
0.317691
0.182221
0.365500
0.269241
0.368599
0.225162
0.222485
0.315651
0.179291
0.138394
0.312067
0.171200
0.407263
0.306076
0.169658
0.213088
0.212119
0.212545
0.168416
0.258161
0.124719
0.124719
0.256918
0.211611
0.356743
0.256918
0.354956
0.168416
0.209811
0.165893
0.209811
0.303789
0.256510
0.303465
0.209811
0.256510
0.255286
0.165893
0.352887
0.256510
0.352232
0.254501
0.352887
0.122571
0.302360
0.302360
0.208101
0.254501
0.301674
0.207281
0.252994
0.121156
0.301438
0.205970
0.300361
0.350205
0.117685
0.252746
0.204230
0.251388
0.298537
0.158534
0.249597
0.158534
0.202188
0.202188
0.248370
0.157062
0.347605
0.297391
0.248370
0.296892
0.247831
0.347139
0.296892
0.346216
0.199162
0.296892
0.155713
0.200947
0.248370
0.296892
0.246819
0.200451
0.112833
0.200451
0.112833
0.200451
0.153877
0.246819
0.153877
0.153877
0.345459
0.155188
0.200362
0.199265
0.199265
0.111521
0.155188
0.199428
0.246819
0.155188
0.155188
0.346354
0.199428
0.296892
0.295095
0.245896
0.397465
0.200362
0.111759
0.295095
0.155188
0.199265
0.294695
0.155074
0.199265
0.295953
0.345459
0.295095
0.245896
0.199428
0.246819
0.246819
0.152285
0.152285
0.294695
0.246954
0.246515
0.295656
0.197802
0.152285
0.151361
0.198076
0.111195
0.152285
0.344392
0.151361
0.072010
0.245702
0.198076
0.294220
0.197299
0.150182
0.196620
0.244979
0.109246
0.395127
0.150182
0.150182
0.151036
0.108111
0.196318
0.195254
0.292882
0.195789
0.243562
0.014008
0.195789
0.148776
0.242411
0.242411
0.149911
0.292325
0.242070
0.243152
0.105618
0.292325
0.107038
0.148411
0.194907
0.242708
0.242708
0.149236
0.194907
0.195892
0.195892
0.194907
0.242708
0.194806
0.242605
0.035881
0.195626
0.194679
0.291763
0.242468
0.107665
0.149026
0.195626
0.291805
0.106409
0.193732
0.194679
0.194679
0.242433
0.291763
0.242468
0.242433
0.291740
0.291741
0.194654
0.292500
0.242432
0.242432
0.242432
0.194654
0.291763
0.242433
0.193732
0.149026
0.341568
0.242433
0.194654
0.342202
0.291760
0.149026
0.147995
0.150128
0.107541
0.106480
0.107670
0.445549
0.068202
0.242421
0.243325
0.195685
0.195685
0.194679
0.195773
0.394384
0.292587
0.292658
0.195685
0.150326
0.394252
0.196024
0.242702
0.243481
0.292043
0.291941
0.243481
0.196024
0.243593
0.110104
0.070087
0.150467
0.038280
0.150636
0.196375
0.243593
0.292748
0.243728
0.292991
0.242826
0.394384
0.242702
0.292587
0.343174
0.292658
0.292587
0.194907
0.150213
0.195886
0.195685
0.292500
0.292587
0.195886
0.243481
0.243481
0.195773
0.070340
0.292043
0.292658
0.195185
0.108309
0.343009
0.393538
0.342429
0.243325
0.291941
0.244065
0.343284
0.243728
0.108309
0.292748
0.292043
0.196375
0.070340
0.292991
0.343413
0.151059
0.108548
0.151593
0.243593
0.292748
0.149711
0.195185
0.243481
0.244267
0.196588
0.151059
0.108818
0.196375
0.243728
0.196588
0.152469
0.394293
0.196375
0.343413
0.152469
0.343284
0.293316
0.150636
0.243885
0.292991
0.293987
0.244267
0.109452
0.244267
0.244996
0.244065
0.244492
0.196588
0.293723
0.196588
0.243885
0.292655
0.110104
0.110104
0.151059
0.343009
0.292538
0.243593
0.292658
0.292748
0.243593
0.150636
0.242826
0.292860
0.195773
0.393886
0.106480
0.068109
0.196187
0.243481
0.243481
0.151059
0.242702
0.244267
0.108548
0.293316
0.108818
0.293143
0.196024
0.292043
0.108818
0.394477
0.150636
0.195361
0.196024
0.150833
0.149527
0.070950
0.197622
0.195563
0.293316
0.244267
0.244492
0.196042
0.244065
0.109817
0.197089
0.293723
0.196042
0.197089
0.244740
0.153433
0.152997
0.153433
0.344338
0.111096
0.152604
0.244634
0.153810
0.152997
0.245302
0.198779
0.152997
0.246608
0.198779
0.246313
0.295431
0.247325
0.245302
0.247716
0.199627
0.112652
0.200088
0.155592
0.112103
0.113232
0.155371
0.246695
0.247099
0.296013
0.295096
0.247099
0.075740
0.155592
0.295096
0.154646
0.200760
0.344838
0.112652
0.114057
0.247099
0.246313
0.247325
0.113232
0.247099
0.201728
0.397711
0.156106
0.155371
0.295787
0.297107
0.247972
0.201084
0.249502
0.297937
0.248934
0.157758
0.117317
0.249448
0.118057
0.203361
0.158422
0.297866
0.158422
0.159079
0.119626
0.204570
0.158422
0.252227
0.298838
0.250541
0.250541
0.204570
0.300359
0.159829
0.161933
0.252837
0.205874
0.254120
0.162712
0.162712
0.351345
0.252837
0.161933
0.300443
0.204650
0.206029
0.121566
0.122195
0.348908
0.161933
0.122195
0.205874
0.121310
0.205874
0.161933
0.205874
0.204650
0.203996
0.206562
0.252343
0.205874
0.206562
0.300443
0.252343
0.300443
0.205874
0.252343
0.161180
0.121310
0.350315
0.082633
0.204650
0.205874
0.351345
0.118944
0.205874
0.159829
0.205874
0.251072
0.161933
0.116581
0.202759
0.202759
0.203996
0.158422
0.159829
0.204570
0.251072
0.158422
0.348907
0.158431
0.202759
0.248934
0.202793
0.202759
0.201618
0.297937
0.247099
0.201084
0.113842
0.201618
0.249023
0.200760
0.248442
0.115152
0.115152
0.158431
0.202793
0.202177
0.203361
0.249023
0.248565
0.079929
0.118944
0.248442
0.249502
0.159079
0.203996
0.118057
0.117340
0.203996
0.300359
0.204650
0.080805
0.252227
0.205874
0.203996
0.299353
0.206562
0.162712
0.349885
0.254120
0.208007
0.208007
0.164347
0.207502
0.124657
0.124049
0.164347
0.254120
0.164347
0.300443
0.349885
0.086293
0.205874
0.206562
0.252343
0.121566
0.206029
0.208007
0.208007
0.088391
0.164347
0.210035
0.210349
0.164347
0.208007
0.353024
0.124441
0.210035
0.208007
0.210035
0.166083
0.255944
0.124049
0.206562
0.252227
0.349828
0.251072
0.117317
0.158431
0.158431
0.201084
0.201618
0.201084
0.295787
0.396621
0.245954
0.152997
0.293594
0.293957
0.197378
0.109817
0.152240
0.151593
0.196319
0.151903
0.195886
0.151059
0.292991
0.195185
0.343009
0.243481
0.243391
0.107782
0.343009
0.106480
0.194679
0.194679
0.342210
0.291951
0.149236
0.342444
0.149138
0.195892
0.242070
0.194183
0.069531
0.292325
0.195563
0.151311
0.292490
0.244344
0.150182
0.294220
0.246954
0.152285
0.200947
0.200947
0.248370
0.248370
0.203526
0.158534
0.157070
0.158690
0.204230
0.300361
0.204230
0.302771
0.119042
0.082284
0.081973
0.205970
0.119262
0.119262
0.249597
0.252552
0.159305
0.252746
0.159305
0.050807
0.301438
0.160925
0.079082
0.160925
0.117480
0.081973
0.300184
0.081973
0.205709
0.117685
0.079242
0.081973
0.205709
0.160925
0.160925
0.048669
0.047810
0.080014
0.115093
0.117480
0.158534
0.202269
0.158534
0.157146
0.079082
0.158534
0.158534
0.157070
0.202188
0.157070
0.077314
0.157070
0.115031
0.077314
0.157070
0.155713
0.077340
0.247899
0.155074
0.153747
0.112833
0.074907
0.153747
0.112833
0.074907
0.248370
0.155713
0.155713
0.249512
0.202188
0.116792
0.204230
0.252746
0.205970
0.205970
0.207281
0.163942
0.352887
0.210249
0.085602
0.163942
0.124719
0.257765
0.125833
0.165893
0.256918
0.356743
0.127501
0.306436
0.457644
0.259521
0.168558
0.092498
0.064309
0.133516
0.129334
0.216125
0.173489
0.128852
0.134362
0.130553
0.359563
0.261357
0.094372
0.067856
0.215091
0.215091
0.172750
0.216125
0.216125
0.171200
0.173892
0.216501
0.131797
0.092498
0.172750
0.130553
0.212686
0.213088
0.128141
0.168416
0.093034
0.127501
0.091029
0.164402
0.087964
0.164402
0.122571
0.303789
0.209811
0.163546
0.085144
0.205970
0.083359
0.206780
0.302360
0.161201
0.122145
0.084466
0.160925
0.207281
0.207281
0.119555
0.204419
0.300361
0.126723
0.160925
0.119262
0.203679
0.030420
0.160925
0.117685
0.205709
0.250891
0.300361
0.159502
0.159305
0.117685
0.160925
0.160925
0.158690
0.160925
0.119262
0.081973
0.159305
0.299733
0.118357
0.118357
0.204230
0.159305
0.160925
0.204419
0.119262
0.160925
0.081973
0.160925
0.205709
0.351371
0.161201
0.119555
0.119555
0.163003
0.161201
0.352887
