0.009092
0.009175
0.008522
0.009169
0.009366
0.011163
0.011756
0.011657
0.010701
0.010848
0.011643
0.011124
0.011687
0.011618
0.010307
0.010308
0.010151
0.011097
0.011454
0.011320
0.010535
0.010188
0.010915
0.011486
0.011815
0.011153
0.010164
0.010616
0.011277
0.011874
0.011805
0.011947
0.011486
0.010888
0.010754
0.011034
0.011541
0.011974
0.011197
0.011268
0.012217
0.011682
0.011713
0.011385
0.011389
0.010865
0.011363
0.010417
0.009007
0.009001
0.009946
0.010484
0.009874
0.010670
0.011227
0.010619
0.009971
0.009290
0.009008
0.008983
0.009095
0.009833
0.010388
0.011036
0.010953
0.010656
0.010860
0.011518
0.011779
0.010795
0.009941
0.010289
0.009806
0.009817
0.009085
0.009300
0.008784
0.008576
0.008635
0.009226
0.009105
0.009360
0.009170
0.009232
0.009475
0.009722
0.009732
0.009641
0.008681
0.008245
0.008680
0.008681
0.009602
0.009515
0.010008
0.010276
0.009909
0.009560
0.009362
0.009631
0.010263
0.010187
0.009616
0.009686
0.009499
0.008814
0.008320
0.008629
0.009023
0.009426
0.009310
0.009377
0.009530
0.009260
0.009008
0.008887
0.009141
0.009486
0.009567
0.009427
0.009370
0.010268
0.009594
0.009224
0.009149
0.009628
0.009859
0.009262
0.010026
0.009947
0.010016
0.010373
0.010105
0.010178
0.010308
0.010336
0.010043
0.009486
0.009157
0.009419
0.009193
0.009076
0.009278
0.008947
0.008813
0.008947
0.009203
0.009450
0.009815
0.010675
0.009963
0.009974
0.009753
0.009292
0.009423
0.009559
0.008911
0.008934
0.008728
0.009192
0.010058
0.009346
0.008528
0.008676
0.009011
0.009040
0.009755
0.008546
0.008351
0.008457
0.008824
0.009166
0.009478
0.009527
0.008566
0.008800
0.008059
0.008402
0.008569
0.008771
0.008953
0.008760
0.008935
0.008676
0.008736
0.009636
0.007887
0.007773
0.008756
0.008532
0.008635
0.008871
0.008481
0.008420
0.008117
0.008434
0.008088
0.008910
0.008539
0.008431
0.008388
0.008099
0.008761
0.008018
0.007843
0.007843
0.008355
0.008171
0.008000
0.008018
0.007847
0.008118
0.007945
0.008052
0.008497
0.008614
0.008446
0.008198
0.008373
0.008385
0.008508
0.008082
0.008356
0.006443
0.006414
0.005663
0.006473
0.007065
0.006845
0.007305
0.008177
0.008602
0.008413
0.008238
0.008521
0.008282
0.008170
0.008183
0.007971
0.008386
0.008846
0.007938
0.007335
0.007364
0.007437
0.007593
0.007538
0.007456
0.007248
0.007429
0.006973
0.006893
0.007158
0.007584
0.007738
0.007614
0.007709
0.007716
0.007626
0.007354
0.007243
0.007930
0.007945
0.008249
0.007762
0.008317
0.008620
0.007901
0.007745
0.008124
0.007745
0.008166
0.007337
0.007614
0.008165
0.008058
0.008616
0.008518
0.007856
0.008399
0.008039
0.008074
0.008813
0.007390
0.007635
0.007620
0.007770
0.008101
0.008199
0.008265
0.008491
0.008029
0.008139
0.007878
0.007773
0.008177
0.007743
0.007474
0.007928
0.008134
0.008551
0.008607
0.008969
0.008278
0.008208
0.008392
0.008325
0.008540
0.008661
0.007688
0.007945
0.008010
0.007953
0.008036
0.007882
0.007991
0.008101
0.007935
0.008220
0.008162
0.008204
0.008040
0.007890
0.008021
0.008645
0.009006
0.009084
0.008963
0.008393
0.008316
0.008522
0.008119
0.007953
0.007998
0.007777
0.007792
0.007891
0.007745
0.007929
0.008109
0.007616
0.007645
0.007710
0.007745
0.007638
0.007889
0.007885
0.007407
0.007532
0.007933
0.007216
0.007768
0.007768
0.007668
0.008018
0.007855
0.007695
0.008161
0.008488
0.008003
0.007699
0.008006
0.008223
0.008354
0.009088
0.008668
0.008982
0.008751
0.008037
0.007933
0.007981
0.007862
0.008003
0.007607
0.007607
0.007855
0.007768
0.008078
0.007668
0.007874
0.007520
0.007745
0.007881
0.007540
0.007266
0.006350
0.006226
0.006486
0.006554
0.006801
0.006855
0.006734
0.006545
0.006709
0.007120
0.007414
0.007016
0.007071
0.007159
0.007464
0.007043
0.007263
0.007008
0.007020
0.007044
0.007321
0.007567
0.007363
0.007406
0.007536
0.007536
0.007492
0.007080
0.007047
0.007140
0.007472
0.007317
0.007286
0.007218
0.007076
0.007149
0.007569
0.007437
0.007336
0.007426
0.007791
0.007888
0.008054
0.007141
0.007426
0.007286
0.007881
0.007979
0.007293
0.007228
0.007293
0.007167
0.007676
0.007822
0.007394
0.007197
0.007466
0.007185
0.007166
0.007563
0.007510
0.007458
0.006965
0.007387
0.007228
0.007085
0.006929
0.006996
0.007016
0.007304
0.007186
0.007081
0.007297
0.007355
0.007197
0.007285
0.007166
0.006942
0.006879
0.006785
0.006867
0.006769
0.006919
0.006984
0.006785
0.007003
0.006919
0.006785
0.006852
0.006719
0.006931
0.006719
0.006619
0.006769
0.006631
0.006665
0.006757
0.006754
0.006804
0.006820
0.006711
0.006931
0.006984
0.007127
0.006992
0.007062
0.006800
0.007078
0.007645
0.007441
0.007162
0.007250
0.006961
0.007017
0.006498
0.005931
0.005837
0.005909
0.004502
0.005649
0.003632
0.003654
0.007710
0.007577
0.007934
0.008003
0.007399
0.007615
0.007596
0.007266
0.007189
0.007446
0.007557
0.007041
0.007118
0.006996
0.007081
0.007130
0.007008
0.007375
0.007464
0.007183
0.007496
0.007434
0.007504
0.007909
0.007753
0.007842
0.008356
0.008483
0.008188
0.008200
0.007632
0.007641
0.007567
0.008106
0.007959
0.008356
0.007641
0.007769
0.007749
0.008158
0.008070
0.007717
0.007420
0.007343
0.007580
0.006828
0.006848
0.006666
0.006772
0.006951
0.007089
0.007351
0.007583
0.007437
0.007761
0.009065
0.008692
0.009425
0.009262
0.008958
0.008644
0.008523
0.008640
0.008333
0.007968
0.008184
0.008009
0.008088
0.008103
0.007997
0.008205
0.007923
0.008834
0.008267
0.008731
0.008086
0.007858
0.007752
0.007936
0.008027
0.007691
0.007862
0.007908
0.007842
0.008006
0.008149
0.007945
0.007965
0.009165
0.008638
0.008566
0.008903
0.008548
0.008916
0.007741
0.008156
0.007422
0.008156
0.008175
0.007553
0.007619
0.008445
0.009016
0.008471
0.008287
0.008450
0.007572
0.008546
0.008186
0.009068
0.008973
0.010240
0.009129
0.008356
0.008131
0.007929
0.008239
0.009009
0.009170
0.009777
0.009986
0.008815
0.008671
0.008005
0.008193
0.010194
0.010421
0.009780
0.009540
0.009494
0.010430
0.011523
0.010920
0.009117
0.010031
0.010230
0.010331
0.009271
0.009437
0.009014
0.011736
0.011915
0.011634
0.011959
0.009973
0.011417
0.011417
0.011350
0.010892
0.010705
0.010453
0.009898
0.011793
0.010707
0.012199
0.013673
0.013070
0.011538
0.013302
0.013657
0.010926
0.011410
0.010821
0.010804
0.011317
0.011553
0.011168
0.011850
0.010920
0.010226
0.010263
0.012809
0.010671
0.012422
0.010829
0.011450
0.009618
0.011178
0.010500
0.011066
0.012349
0.011272
0.011287
0.014442
0.012910
0.013963
0.013572
0.013781
0.013900
0.012922
0.012329
0.010234
0.013210
0.011820
0.014134
0.012101
0.012513
0.014060
0.012703
0.012185
0.012390
0.012540
0.012472
0.013794
0.012058
0.011765
0.011772
0.013609
0.013535
0.013291
0.011826
0.014472
0.014550
0.013085
0.013259
0.014670
0.014991
0.013969
0.013410
0.013814
0.013095
0.014722
0.014219
0.012769
0.013694
0.014237
0.013216
0.013333
0.013709
0.012993
0.012904
0.012930
0.015293
0.013869
0.015014
0.013701
0.013531
0.013471
0.013803
0.013635
0.013495
0.014790
0.015712
0.016336
0.016115
0.015290
0.014438
0.015149
0.013772
0.015017
0.014327
0.014310
0.014206
0.014394
0.014129
0.014609
0.013984
0.015162
0.015504
0.014472
0.014315
0.013427
0.013703
0.013055
0.013204
0.013267
0.013724
0.015532
0.015070
0.014572
0.013887
0.014257
0.015093
0.013896
0.014269
0.014082
0.015115
0.015970
0.014996
0.016196
0.016225
0.015731
0.014481
0.014571
0.014931
0.015388
0.015263
0.014661
0.014881
0.014553
0.014466
0.013673
0.016111
0.017497
0.016206
0.015862
0.015737
0.014628
0.014869
0.014963
0.014794
0.015647
0.014878
0.016133
0.015192
0.016348
0.015610
0.014137
0.014841
0.015021
0.015394
0.015427
0.015020
0.014833
0.013903
0.015335
0.015086
0.015631
0.014283
0.014833
0.014431
0.015166
0.014771
0.014632
0.014244
0.014343
0.014527
0.014974
0.016533
0.015399
0.016186
0.015752
0.015890
0.015656
0.016437
0.017518
0.016774
0.016411
0.015426
0.016431
0.016703
0.016187
0.016003
0.016149
0.016186
0.016708
0.016730
0.015404
0.015130
0.016394
0.015790
0.016796
0.016440
0.015548
0.015237
0.015545
0.015828
0.016802
0.016468
0.015712
0.015922
0.015470
0.015763
0.016308
0.016153
0.016912
0.016453
0.016189
0.015704
0.016447
0.016424
0.016930
0.016307
0.016689
0.016811
0.016773
0.016947
0.016690
0.016288
0.016327
0.016260
0.016561
0.016694
0.016351
0.016231
0.016466
0.016277
0.016493
0.016674
0.016822
0.017098
0.017414
0.016807
0.016430
0.016758
0.017311
0.016598
0.016379
0.016524
0.016183
0.016394
0.016430
0.016121
0.017791
0.015999
0.016487
0.016585
0.018127
0.017796
0.017493
0.017432
0.017062
0.017043
0.017426
0.017267
0.017131
0.016932
0.017032
0.017397
0.017744
0.018071
0.016928
0.017659
0.017586
0.016811
0.016276
0.016758
0.017136
0.018156
0.017901
0.017933
0.017557
0.017468
0.017994
0.017982
0.017655
0.017814
0.017735
0.017378
0.017065
0.017107
0.017376
0.017642
0.017565
0.017851
0.017762
0.017702
0.017462
0.017626
0.017743
0.017570
0.017694
0.018043
0.017961
0.017227
0.017161
0.017738
0.017793
0.017461
0.017246
0.017925
0.019093
0.018785
0.018171
0.017904
0.018695
0.018095
0.018479
0.018314
0.018215
0.018003
0.017671
0.018003
0.018231
0.018315
0.018406
0.018161
0.017915
0.017823
0.018428
0.018667
0.018363
0.018416
0.018254
0.018122
0.017962
0.018185
0.018594
0.018612
0.018081
0.018562
0.018262
0.018612
0.018934
0.018282
0.018296
0.018218
0.018174
0.018521
0.018218
0.018322
0.018512
0.019603
0.018395
0.019866
0.019126
0.019165
0.019531
0.019150
0.019880
0.020618
0.019327
0.018858
0.019642
0.019928
0.019965
0.020526
0.019637
0.020994
0.021159
0.020004
0.019624
0.020137
0.018699
0.018821
0.018822
0.019466
0.019245
0.020242
0.019844
0.020788
0.020310
0.020499
0.020095
0.020333
0.019904
0.019834
0.017831
0.018875
0.021078
0.020786
0.020637
0.020074
0.019252
0.021007
0.021277
0.021290
0.021244
0.020224
0.020344
0.018759
0.023992
0.020841
0.021774
0.021794
0.020163
0.021901
0.021482
0.021257
0.020881
0.020155
0.019967
0.021680
0.021338
0.021596
0.020965
0.021324
0.020349
0.019573
0.020402
0.022549
0.021632
0.021264
0.021398
0.020485
0.020266
0.020910
0.020893
0.021718
0.020870
0.020945
0.021284
0.020917
0.020054
0.023403
0.022546
0.024326
0.024304
0.026647
0.030509
0.027564
0.025747
0.023487
0.024584
0.023526
0.023434
0.023745
0.022904
0.023328
0.024729
0.025682
0.024937
0.023364
0.023004
0.025429
0.025444
0.025307
0.024923
0.025209
0.024415
0.024377
0.023481
0.023268
0.023909
0.024293
0.023218
0.022204
0.022404
0.022838
0.025616
0.026156
0.026613
0.025354
0.025171
0.026855
0.029256
0.025472
0.023621
0.023572
0.023483
0.023613
0.024986
0.025209
0.026667
0.024319
0.024666
0.023727
0.023782
0.022830
0.022972
0.024538
0.025308
0.026691
0.026051
0.026139
0.026152
0.026203
0.025599
0.025711
0.026032
0.025374
0.026126
0.026667
0.027534
0.025877
0.026416
0.027032
0.027379
0.027567
0.027893
0.027067
0.027602
0.026989
0.027124
0.028156
0.029580
0.029352
0.027233
0.027303
0.028099
0.028285
0.028370
0.028930
0.028830
0.028182
0.027266
0.027190
0.027292
0.026100
0.025604
0.026323
0.026457
0.025487
0.025381
0.026374
0.026263
0.025669
0.025110
0.024979
0.025326
0.025331
0.026294
0.028057
0.028478
0.028596
0.028124
0.027674
0.027839
0.029047
0.028854
0.031368
0.030105
0.028540
0.027218
0.028197
0.029784
0.030714
0.030433
0.030405
0.027114
0.025106
0.024739
0.027041
0.026892
0.025721
0.024759
0.026645
0.027305
0.026475
0.027282
0.026583
0.026016
0.025304
0.025830
0.026457
0.027198
0.026722
0.025807
0.026685
0.028509
0.028429
0.028429
0.028010
0.027766
0.026880
0.026734
0.027214
0.027366
0.027241
0.027828
0.028216
0.027845
0.027683
0.027742
0.027929
0.027006
0.028990
0.028976
0.028882
0.027606
0.028542
0.027984
0.028282
0.028544
0.026706
0.029411
0.027946
0.028071
0.028858
0.028731
0.029803
0.029195
0.029145
0.029481
0.028797
0.029358
0.028716
0.029602
0.029435
0.030432
0.029431
0.030613
0.029943
0.029393
0.028699
0.028920
0.028624
0.028444
0.028984
0.029681
0.029106
0.029223
0.028992
0.029850
0.029698
0.029321
0.029454
0.029027
0.030363
0.030493
0.029731
0.029549
0.029178
0.029328
0.029328
0.028811
0.029277
0.028930
0.028882
0.028262
0.027860
0.028249
0.027852
0.028430
0.028375
0.028072
0.028741
0.028609
0.028584
0.028381
0.028082
0.028373
0.028189
0.028242
0.027820
0.027837
0.027475
0.027626
0.027532
0.028082
0.029492
0.028588
0.027644
0.027306
0.026537
0.027447
0.027072
0.027734
0.027139
0.026750
0.026339
0.026167
0.026654
0.027287
0.027154
0.026594
0.026329
0.026506
0.026543
0.025816
0.026522
0.026122
0.025552
0.025470
0.025504
0.025471
0.025949
0.026024
0.024688
0.023975
0.024832
0.024944
0.024714
0.025198
0.026163
0.027161
0.027065
0.026914
0.026534
0.026423
0.026687
0.026156
0.026661
0.030983
0.026773
0.026980
0.028324
0.027542
0.025258
0.025309
0.025088
0.024940
0.026908
0.026774
0.027896
0.025751
0.025804
0.025364
0.026131
0.025649
0.025223
0.024767
0.024931
0.024973
0.025050
0.024673
0.024743
0.024727
0.024655
0.024575
0.024560
0.025409
0.025699
0.025090
0.024843
0.025195
0.024971
0.025211
0.027260
0.026736
0.027515
0.028742
0.025549
0.024012
0.024297
0.023028
0.024722
0.024426
0.023348
0.023743
0.024466
0.024348
0.023481
0.022611
0.022283
0.023148
0.023438
0.023530
0.023569
0.023148
0.022904
0.024639
0.021534
0.021359
0.020216
0.020367
0.021102
0.020900
0.020900
0.020479
0.021461
0.020826
0.023324
0.022674
0.022731
0.020869
0.020946
0.021951
0.024242
0.021685
0.020846
0.021119
0.022398
0.020269
0.020124
0.019234
0.020585
0.021213
0.022275
0.020871
0.021038
0.021063
0.021258
0.021741
0.020022
0.018671
0.018960
0.018259
0.019037
0.018104
0.019904
0.021669
0.020077
0.018260
0.018681
0.018342
0.017753
0.017956
0.017628
0.017715
0.017684
0.018254
0.018854
0.018796
0.017948
0.017738
0.016786
0.016479
0.017506
0.016810
0.017102
0.016763
0.017527
0.018403
0.016851
0.016501
0.016707
0.016596
0.017670
0.017871
0.017677
0.017377
0.016518
0.015979
0.016494
0.016778
0.017115
0.017051
0.017218
0.017319
0.017475
0.017494
0.016397
0.016977
0.016596
0.016234
0.016689
0.016492
0.016487
0.016147
0.016556
0.015927
0.016031
0.016128
0.015842
0.014872
0.015120
0.015359
0.015282
0.015053
0.015390
0.015776
0.015507
0.015282
0.015541
0.015215
0.015210
0.014604
0.015016
0.014713
0.014427
0.014917
0.014478
0.014704
0.014783
0.014901
0.015135
0.014963
0.014783
0.014167
0.014491
0.014296
0.014259
0.014632
0.014112
0.014296
0.013752
0.013726
0.014389
0.014276
0.013989
0.013836
0.014079
0.014663
0.014205
0.014066
0.013712
0.013373
0.013093
0.013145
0.013354
0.013725
0.013249
0.013769
0.013807
0.013576
0.014188
0.015107
0.012525
0.013385
0.013984
0.013401
0.014451
0.013081
0.013308
0.013281
0.013293
0.013336
0.013547
0.013870
0.013089
0.012045
0.012828
0.013683
0.012193
0.012377
0.012974
0.013820
0.014098
0.012815
0.012960
0.012252
0.012233
0.012359
0.012661
0.012160
0.012197
0.012229
0.012355
0.012742
0.012268
0.012693
0.012424
0.011803
0.011407
0.011538
0.011850
0.011874
0.011826
0.011108
0.011632
0.011998
0.011992
0.011549
0.011426
0.010926
0.011549
0.011986
0.011013
0.011485
0.011127
0.010904
0.010897
0.010889
0.011177
0.010861
0.011008
0.011517
0.010973
0.011739
0.011078
0.011148
0.011336
0.010894
0.010616
0.010168
0.009303
0.009992
0.010332
0.011435
0.010342
0.010436
0.010343
0.009928
0.010452
0.010907
0.010328
0.010278
0.010169
0.010840
0.010933
0.009312
0.009688
0.008921
0.009549
0.010562
0.009770
0.009728
0.009551
0.009578
0.009341
0.008831
0.008917
0.008959
0.008876
0.009151
0.009387
0.009392
0.009379
0.009389
0.008893
0.009481
0.010117
0.009848
0.010390
0.009441
0.008493
0.009575
0.008850
0.009469
0.009503
0.008495
0.007692
0.008753
0.008466
0.007997
0.008700
0.008955
0.009001
0.008087
0.007945
0.008199
0.007906
0.007701
0.007874
0.008413
0.008816
0.009144
0.008095
0.008031
0.008542
0.007862
0.008157
0.008289
0.008565
0.008671
0.008471
0.008377
0.008141
0.007886
0.008222
0.008145
0.008270
0.008405
0.009046
0.009571
0.009613
0.008436
0.009065
0.007566
0.007632
0.008327
0.007943
0.007667
0.007492
0.007581
0.007530
0.007787
0.007559
0.007686
0.007444
0.007425
0.007160
0.006619
0.007011
0.006824
0.007723
0.007266
0.007530
0.007158
0.007575
0.007584
0.007125
0.007077
0.007102
0.007373
0.007587
0.007642
0.007231
0.007257
0.007230
0.008800
0.008283
0.008664
0.008254
0.007132
0.007386
0.006888
0.006795
0.006839
0.007168
0.007277
0.008100
0.007631
0.006902
0.007247
0.006990
0.006920
0.007379
0.007488
0.007097
0.006825
0.006731
0.006311
0.006537
0.006503
0.006916
0.006907
0.006826
0.006751
0.006868
0.007079
0.007000
0.006961
0.006972
0.006813
0.006665
0.006698
0.006540
0.006570
0.006627
0.006631
0.006818
0.006332
0.006282
0.006810
0.006536
0.006594
0.007210
0.006868
0.006834
0.006762
0.007172
0.006885
0.006800
0.006496
0.006404
0.006479
0.006470
0.006055
0.006374
0.005992
0.006048
0.006211
0.006235
0.006174
0.006127
0.006098
0.006325
0.006011
0.005964
0.006038
0.006351
0.005581
0.006218
0.006282
0.006323
0.005773
0.006061
0.005782
0.006644
0.005938
0.005700
0.005855
0.005653
0.005787
0.005959
0.005918
0.005708
0.006088
0.006601
0.006200
0.006411
0.006102
0.005975
0.005950
0.006076
0.006297
0.006397
0.005854
0.006011
0.005822
0.005991
0.005830
0.005655
0.005651
0.005727
0.005874
0.005774
0.006731
0.005826
0.005670
0.005967
0.005550
0.005851
0.005637
0.005321
0.005574
0.005930
0.005299
0.005230
0.006465
0.005995
0.005333
0.005964
0.006573
0.005951
0.005298
0.005981
0.005907
0.005165
0.005328
0.005695
0.005685
0.005353
0.007779
0.007642
0.005374
0.006944
0.007979
0.006529
0.005596
0.009882
0.007266
0.006113
0.014754
0.005504
0.007965
0.011499
0.004527
0.088549
0.026998
0.026498
0.022645
0.017354
0.051179
0.015692
0.001789
0.001983
0.004471
0.172374
0.138109
0.026708
0.023195
0.032970
0.146762
0.001689
0.020669
0.038652
0.025128
0.034585
0.039305
0.092493
0.140346
0.072686
0.051651
0.087606
0.041966
0.001009
0.004804
0.007746
0.004065
0.008206
0.007778
0.005553
0.001447
0.001251
0.001269
0.001564
0.002255
0.002855
0.002367
0.003151
0.003210
0.002475
0.002279
0.002607
0.002894
0.002209
0.002116
0.001847
0.001719
0.001444
0.001316
0.001458
0.001577
0.001446
0.001539
0.001393
0.001552
0.002014
0.002830
0.003013
0.003261
0.008484
0.001353
0.005780
0.002797
0.001852
0.005651
0.004400
0.004180
0.009015
0.006678
0.003170
0.001124
0.001042
0.001096
0.001212
0.002989
0.003163
0.003589
0.001026
0.008827
0.019826
0.004905
0.003362
0.002422
0.007395
0.006300
0.002672
0.004436
0.046541
0.050545
0.023073
0.002936
0.001526
0.002251
0.002664
0.003518
0.007640
0.003120
0.005541
0.004835
0.004352
0.005545
0.007668
0.002406
0.002106
0.002047
0.002462
0.001913
0.001930
0.002722
0.002209
0.002574
0.002527
0.002217
0.002635
0.002037
0.001961
0.002080
0.001973
0.002045
0.003643
0.003187
0.002329
0.001882
0.015900
0.011338
0.001523
0.002292
0.000923
0.002981
0.004095
0.072406
0.016409
0.000855
0.000579
0.000183
0.000463
0.001761
0.000448
0.000899
0.000820
0.000978
0.000407
0.009135
0.003175
0.014137
0.001981
0.005804
0.002803
0.010477
0.001033
0.016004
0.000261
0.005330
0.014095
0.029703
0.055276
0.001841
0.002906
0.001172
0.013099
0.084908
0.072758
0.018488
0.119786
0.010064
0.023491
0.058032
0.176040
0.050431
0.045310
0.068092
0.115689
0.147872
0.057107
0.040907
0.151971
0.160816
0.218253
0.073818
0.090894
0.061045
0.071274
0.035900
0.034154
0.020995
0.065520
0.115890
0.067774
0.045510
0.076871
0.090650
0.067860
0.101128
0.068108
0.028459
0.098346
0.100961
0.165035
0.075111
0.116674
0.046187
0.193864
0.207589
0.162422
0.298613
0.090052
0.086621
0.033423
0.077265
0.278445
0.180095
0.032963
0.043896
0.037256
0.071113
0.018730
0.030106
0.031525
0.267705
0.103577
0.075878
0.036312
0.018456
0.011677
0.017697
0.079855
0.067636
0.035921
0.058409
0.046119
0.032148
0.063971
0.014184
0.027918
0.016294
0.077018
0.061741
0.112216
0.010765
0.066854
0.089153
0.040990
0.010295
0.028844
0.006843
0.047107
0.206217
0.147101
0.091653
0.037939
0.015555
0.088220
0.044120
0.036705
0.073052
0.116236
0.042377
0.017940
0.037619
0.052333
0.016694
0.032389
0.015984
0.066341
0.219293
0.255396
0.080827
0.089150
0.101548
0.071142
0.048411
0.253845
0.579241
0.339631
0.094269
0.042648
0.045801
0.072460
0.058378
0.028283
0.064964
0.101075
0.065308
0.143037
0.225740
0.201668
0.176738
0.137074
0.101470
0.069546
0.177223
0.198759
0.130945
0.097436
0.106551
0.241704
0.119944
0.205894
0.178430
0.137579
0.085135
0.127981
0.132633
0.102367
0.112186
0.063212
0.106922
0.128307
0.176857
0.170541
0.114220
0.131445
0.126070
0.120427
0.143487
0.189964
0.231580
0.196387
0.174761
0.150388
0.256770
0.185583
0.107637
0.120599
0.120573
0.087502
0.160521
0.070518
0.117879
0.247476
0.256273
0.175830
0.222433
0.247496
0.282408
0.215678
0.181907
0.248182
0.153652
0.214857
0.243884
0.229235
0.266114
0.214896
0.148980
0.139089
0.263231
0.175515
0.266556
0.257856
0.328980
0.158093
0.264163
0.354480
0.267308
0.222820
0.327123
0.351387
0.264099
0.319626
0.354740
0.329558
0.311553
0.316808
0.357318
0.280014
0.290439
0.336404
0.405363
0.420621
0.487726
0.472190
0.590554
0.707916
0.601602
0.702977
0.898652
1.000000
0.825999
0.720721
0.587042
0.406632
0.373143
0.423262
0.419766
0.494758
0.597659
0.611648
0.612463
0.542115
0.517941
0.510092
0.432869
0.423130
0.448095
0.239037
0.264600
0.375411
0.665159
0.611731
0.240648
0.045527
0.039371
0.032328
0.030305
0.045565
0.068550
0.099959
0.022454
0.058421
0.057086
0.109109
0.115317
0.185769
0.117278
0.008702
0.068674
0.014018
0.001482
0.017508
0.007650
0.042281
0.028595
0.033300
0.031107
0.013011
0.009930
0.005111
0.000433
0.004966
0.005369
0.004538
0.002906
0.003676
0.008481
0.008004
0.002676
0.005117
0.000820
0.001616
0.001698
0.000367
0.001573
0.001902
0.007737
0.002089
0.002882
0.001065
0.005034
0.001388
0.001955
0.002642
0.008933
0.010465
0.005172
0.007996
0.001989
0.006893
0.003307
0.002460
0.002333
0.008920
0.005542
0.005022
0.001754
0.001106
0.001791
0.000999
0.002993
0.000439
0.000190
0.000499
0.004542
0.001263
0.008359
0.003745
0.008588
0.003681
0.004674
0.006302
0.005565
0.003080
0.003499
0.001317
0.000679
0.001015
0.003588
0.000674
0.000501
0.001242
0.063062
0.028725
0.000263
0.000342
0.006077
0.002864
0.000100
0.000558
0.031085
0.076392
0.095982
0.066790
0.043432
0.029211
0.017227
0.011653
0.005327
0.001989
0.003182
0.002652
0.004344
0.002796
0.010107
0.012853
0.019407
0.011469
0.001021
0.001757
0.004684
0.015422
0.027189
0.088975
0.112240
0.193066
0.300563
0.278161
0.209675
0.171250
0.154982
0.251246
0.259246
0.306433
0.510580
0.549873
0.485256
0.451061
0.440054
0.466242
0.483500
0.596180
0.641609
0.719188
0.700660
0.671080
0.634502
0.467316
0.296566
0.331832
0.451371
0.438924
0.449753
0.334475
0.502123
0.521770
0.497601
0.475621
0.366093
0.294154
0.320010
0.372839
0.391127
0.379312
0.393123
0.351522
0.313251
0.240628
0.246411
0.196883
0.244793
0.227594
0.286111
0.305116
0.321057
0.304192
0.290718
0.258174
0.306110
0.308483
0.278863
0.193232
0.117547
0.078432
0.092762
0.069151
0.019090
0.005677
0.001506
0.000113
0.000046
0.002790
0.002088
0.000435
0.002257
0.000547
0.023902
0.005365
0.006767
0.003940
0.000069
0.002411
0.000059
0.001203
0.000130
0.006540
0.003393
0.010963
0.002757
0.004907
0.008961
0.001784
0.002708
0.002423
0.001477
0.001695
0.001279
0.001132
0.003049
0.005975
0.001506
0.003886
0.009836
0.001843
0.001931
0.004576
0.002848
0.002672
0.002036
0.024601
0.017470
0.006734
0.004996
0.011451
0.007801
0.055660
0.008317
0.032334
0.014775
0.008610
0.015436
0.015889
0.007991
0.013575
0.017541
0.020026
0.021483
0.021803
0.022544
0.031427
0.025568
0.026416
0.020428
0.026989
0.025811
0.036644
0.029077
0.021537
0.040779
0.038544
0.039705
0.037265
0.024203
0.020155
0.024875
0.029104
0.022950
0.039162
0.027496
0.027101
0.025118
0.030267
0.027201
0.030710
0.025429
0.030955
0.029751
0.029092
0.029033
0.028295
0.029587
0.031996
0.028106
0.027418
0.032035
0.032839
0.030724
0.028506
0.031183
0.030400
0.029495
0.031818
0.031793
0.032685
0.043781
0.057310
0.039229
0.046486
0.062327
0.038588
0.038440
0.049821
0.043535
0.035251
0.050974
0.047497
0.058825
0.054003
0.045605
0.044187
0.051152
0.041203
0.057057
0.057631
0.058128
0.051991
0.043793
0.057837
0.058044
0.065258
0.062870
0.055609
0.064340
0.061928
0.061548
0.060585
0.066135
0.062805
0.070429
0.060600
0.062809
0.057133
0.063425
0.072747
0.072323
0.063288
0.062869
0.064541
0.066512
0.066840
0.075462
0.072522
0.071836
0.072609
0.075686
0.070370
0.072387
0.066551
0.068543
0.067762
0.062459
0.059907
0.062646
0.093595
0.072537
0.073707
0.083878
0.077957
0.077273
0.073711
0.070977
0.069521
0.070247
0.069104
0.074772
0.072136
0.070685
0.070134
0.073026
0.072778
0.075772
0.073321
0.080111
0.077483
0.073020
0.074282
0.076528
0.078449
0.079584
0.078830
0.079255
0.079543
0.079421
0.078730
0.080273
0.080178
0.080938
0.077495
0.077346
0.077450
0.076380
0.076105
0.086858
0.082398
0.087108
0.083859
0.084657
0.082571
0.084076
0.086312
0.083335
0.087372
0.085014
0.086156
0.088761
0.088760
0.087594
0.085584
0.088354
0.086779
0.088068
0.090293
0.083559
0.084640
0.084450
0.087735
0.089578
0.087544
0.085042
0.083615
0.084939
0.084801
0.091029
0.087747
0.088457
0.088962
0.090671
0.085999
0.089271
0.086904
0.086583
0.089519
0.089266
0.090009
0.087790
0.087513
0.087974
0.084487
0.086199
0.088823
0.089203
0.094121
0.095829
0.092740
0.092781
0.092611
0.092116
0.094225
0.092045
0.090822
0.092552
0.094527
0.092890
0.094015
0.093743
0.092402
0.094336
0.094770
0.094222
0.092137
0.095324
0.094919
0.094900
0.094483
0.090348
0.092182
0.096843
0.101838
0.098839
0.098361
0.095701
0.095388
0.101464
0.096587
0.094535
0.094608
0.092757
0.093424
0.094555
0.096176
0.092584
0.097090
0.099672
0.097391
0.098040
0.098848
0.097051
0.095451
0.095363
0.097080
0.097753
0.097347
0.097025
0.097848
0.099811
0.097321
0.098156
0.097941
0.099602
0.098653
0.099356
0.099706
0.099882
0.100392
0.101307
0.101933
0.101894
0.101500
0.101040
0.101175
0.101615
0.101767
0.102732
0.101814
0.100428
0.099090
0.099729
0.099718
0.099507
0.097271
0.099732
0.098776
0.099078
0.095926
0.094723
0.096120
0.097718
0.097281
0.098607
0.098672
0.097280
0.101076
0.098010
0.100508
0.099992
0.099010
0.102411
0.101029
0.099158
0.100571
0.101151
0.102381
0.100021
0.101925
0.099557
0.097652
0.100051
0.098601
0.100336
0.099858
0.100292
0.099066
0.099636
0.100612
0.102023
0.100301
0.100282
0.099601
0.101237
0.100956
0.101007
0.100932
0.101271
0.100055
0.099537
0.099207
0.099181
0.099556
0.098250
0.098138
0.099268
0.099892
0.099301
0.095247
0.090715
0.102641
0.092523
0.094819
0.100062
0.093781
0.097091
0.095994
0.100880
0.098597
0.094130
0.093655
0.092934
0.102889
0.102880
0.103647
0.094467
0.102247
0.101643
0.102754
0.101262
0.109982
0.100237
0.101674
0.103342
0.101878
0.098821
0.099979
0.101613
0.101020
0.101153
0.100548
0.097573
0.099268
0.100108
0.094618
0.095794
0.093460
0.091750
0.092276
0.093358
0.093413
0.094273
0.097150
0.096636
0.096926
0.097480
0.095630
0.095701
0.094608
0.094219
0.094432
0.093421
0.093788
0.095008
0.095323
0.094662
0.095741
0.094714
0.094711
0.094404
0.093907
0.093365
0.093154
0.092926
0.092640
0.092513
0.093081
0.092789
0.092397
0.092997
0.094303
0.093735
0.094022
0.094355
0.094292
0.094934
0.094827
0.093717
0.093660
0.092566
0.092911
0.092286
0.091435
0.091134
0.091107
0.091711
0.092049
0.091176
0.091226
0.092777
0.093063
0.094082
0.093793
0.093735
0.093153
0.092799
0.094180
0.092530
0.093429
0.092482
0.092238
0.092304
0.092222
0.092716
0.092790
0.092449
0.090880
0.092579
0.093399
0.093526
0.093413
0.092919
0.093261
0.092983
0.093196
0.091668
0.092434
0.090723
0.092331
0.092564
0.092070
0.093429
0.092865
0.092167
0.092391
0.092710
0.093590
0.092580
0.093140
0.093551
0.092894
0.093862
0.094288
0.095550
0.095581
0.094311
0.099501
0.097017
0.098403
0.099352
0.098154
0.097486
0.098072
0.097723
0.100604
0.100519
0.097251
0.099868
0.104545
0.099888
0.100265
0.100866
0.100252
0.100664
0.101149
0.099559
0.098727
0.094343
0.095878
0.095877
0.098784
0.100345
0.099851
0.102656
0.102702
0.099101
0.098755
0.098877
0.101003
0.100466
0.098792
0.099384
0.098807
0.100229
0.099721
0.098284
0.097703
0.098579
0.098761
0.098520
0.097747
0.097252
0.097597
0.098635
0.097026
0.097024
0.094903
0.096940
0.096974
0.099675
0.096722
0.097235
0.096703
0.094245
0.091947
0.095788
0.099432
0.102005
0.102057
0.101222
0.100594
0.099923
0.102574
0.099296
0.101442
0.100153
0.099062
0.098985
0.099036
0.098760
0.099090
0.099131
0.098314
0.098042
0.096866
0.095928
0.096691
0.096526
0.096573
0.097313
0.097901
0.097840
0.098216
0.098524
0.099862
0.099033
0.097944
0.096231
0.094374
0.096041
0.097167
0.096708
0.096652
0.098469
0.096562
0.098398
0.099106
0.096882
0.095812
0.094015
0.095829
0.100611
0.099847
0.098013
0.097057
0.097661
0.097097
0.095711
0.094455
0.095124
0.094806
0.093064
0.094256
0.097138
0.096914
0.097936
0.098553
0.098208
0.096317
0.094283
0.095775
0.095818
0.097099
0.099626
0.100501
0.098390
0.098373
0.094396
0.098738
0.099908
0.100576
0.099848
0.100271
0.100214
0.099618
0.099626
0.100801
0.100230
0.100057
0.099248
0.099207
0.099412
0.099283
0.099073
0.099238
0.099265
0.099126
0.098903
0.098569
0.098371
0.098199
0.098235
0.098316
0.098087
0.097398
0.097597
0.098109
0.098164
0.098105
0.098164
0.097830
0.097617
0.097439
0.097100
0.097703
0.097862
0.097577
0.097434
0.097515
0.096584
0.096724
0.096544
0.097138
0.098108
0.097781
0.097904
0.097390
0.097751
0.097266
0.097238
0.096571
0.096275
0.096571
0.096367
0.095989
0.096340
0.096317
0.096314
0.096125
0.096404
0.096350
0.096093
0.095717
0.095856
0.096418
0.095861
0.095689
0.095241
0.095734
0.095712
0.095823
0.095885
0.095596
0.096282
0.096351
0.095711
0.095652
0.095315
0.095003
0.095152
0.094228
0.094207
0.094353
0.095189
0.094777
0.094591
0.095069
0.095095
0.095789
0.095012
0.095226
0.095015
0.095095
0.094539
0.094758
0.094287
0.094168
0.094348
0.094542
0.094299
0.093774
0.093908
0.094569
0.094301
0.093907
0.093333
0.092987
0.092947
0.092451
0.092450
0.092540
0.092942
0.092827
0.093098
0.092679
0.093098
0.092694
0.092366
0.091623
0.091537
0.091437
0.091779
0.091446
0.091568
0.091412
0.091434
0.091268
0.092028
0.091828
0.091921
0.091287
0.091278
0.091424
0.089978
0.090545
0.090576
0.090863
0.091051
0.090463
0.090172
0.090286
0.089532
0.089554
0.089400
0.088803
0.088774
0.088837
0.089110
0.088944
0.089396
0.089549
0.089285
0.090027
0.089507
0.089626
0.089569
0.089532
0.089196
0.089090
0.088798
0.088394
0.088440
0.088042
0.088217
0.088095
0.087715
0.088210
0.088129
0.087541
0.087828
0.087528
0.087898
0.087574
0.087387
0.087154
0.087297
0.087595
0.087849
0.086821
0.086578
0.086666
0.086646
0.087524
0.087115
0.087535
0.087460
0.087254
0.087156
0.086411
0.086444
0.086161
0.086191
0.085768
0.085962
0.086606
0.086213
0.086234
0.086240
0.085650
0.085847
0.085197
0.085044
0.084281
0.084730
0.085286
0.085286
0.086326
0.085685
0.084986
0.085450
0.084634
0.084576
0.084235
0.083943
0.084355
0.083811
0.083949
0.084133
0.083892
0.083982
0.083525
0.083596
0.083890
0.083443
0.083237
0.083495
0.084000
0.083720
0.083764
0.083966
0.082558
0.082513
0.083342
0.082983
0.082627
0.083121
0.082658
0.083267
0.083100
0.082520
0.082582
0.083435
0.082636
0.082537
0.082606
0.082627
0.082050
0.081783
0.082498
0.083106
0.083402
0.082338
0.082078
0.082207
0.082108
0.081683
0.081906
0.081365
0.081308
0.081297
0.081342
0.081066
0.081047
0.080826
0.081282
0.080488
0.081286
0.080782
0.080903
0.081036
0.080572
0.080642
0.080246
0.079867
0.080245
0.080039
0.080086
0.079776
0.079700
0.079753
0.079248
0.079427
0.079490
0.079578
0.079072
0.079808
0.079467
0.079275
0.078806
0.077775
0.078443
0.078192
0.077934
0.077826
0.077599
0.078040
0.079068
0.079057
0.080535
0.078919
0.077646
0.077669
0.079021
0.082007
0.078445
0.076978
0.078041
0.077224
0.077635
0.077159
0.077174
0.076522
0.076656
0.077107
0.077170
0.076422
0.076390
0.076897
0.077150
0.077040
0.077211
0.077462
0.076862
0.077417
0.077041
0.076915
0.076282
0.077319
0.076817
0.077507
0.077351
0.077712
0.077101
0.076862
0.077246
0.077024
0.077316
0.077035
0.077226
0.077294
0.077622
0.076831
0.077111
0.076611
0.076906
0.076570
0.076865
0.076809
0.076778
0.076626
0.075766
0.075605
0.075342
0.075507
0.076159
0.075828
0.076059
0.076007
0.076009
0.075943
0.075879
0.075901
0.075916
0.075365
0.075786
0.075451
0.075267
0.075601
0.074713
0.074506
0.075049
0.074704
0.074507
0.074809
0.075425
0.075107
0.074977
0.075254
0.075103
0.074748
0.074528
0.075924
0.073377
0.073629
0.074110
0.073860
0.074006
0.074086
0.073341
0.073104
0.073947
0.073611
0.073273
0.073416
0.073156
0.073479
0.073127
0.073303
0.072756
0.072886
0.072851
0.072813
0.073162
0.072844
0.073503
0.072507
0.072187
0.071850
0.072131
0.072478
0.072821
0.072336
0.072021
0.071179
0.071462
0.071520
0.071594
0.071334
0.071584
0.072041
0.071541
0.071216
0.070813
0.070436
0.070744
0.070104
0.070049
0.071006
0.070438
0.070613
0.071625
0.071375
0.071142
0.070823
0.070518
0.072339
0.071198
0.069182
0.069946
0.070910
0.070304
0.070623
0.069782
0.069853
0.071247
0.070723
0.068964
0.068555
0.069546
0.069470
0.069744
0.070577
0.069341
0.069557
0.069416
0.069007
0.069455
0.068944
0.069172
0.069935
0.069583
0.069543
0.068420
0.067331
0.068486
0.068662
0.070441
0.068845
0.069309
0.069242
0.067695
0.065725
0.066323
0.067717
0.072795
0.066855
0.067319
0.067939
0.074437
0.064765
0.062319
0.064297
0.068205
0.065141
0.065785
0.064923
0.064228
0.065911
0.064463
0.062012
0.064176
0.065015
0.064741
0.065487
0.065794
0.065613
0.065848
0.065600
0.064434
0.064320
0.064467
0.065003
0.065255
0.065199
0.065701
0.065637
0.065499
0.065832
0.067143
0.062806
0.063976
0.064637
0.064260
0.075728
0.066735
0.061000
0.061692
0.064136
0.065220
0.063546
0.063995
0.063657
0.063179
0.063636
0.064635
0.064593
0.063825
0.064067
0.062746
0.063344
0.062984
0.062624
0.062516
0.062608
0.062763
0.063334
0.063068
0.062983
0.063395
0.063108
0.062565
0.062907
0.062000
0.061976
0.062397
0.062544
0.062944
0.062654
0.061201
0.061496
0.061307
0.061161
0.060989
0.062026
0.061681
0.062210
0.061232
0.060231
0.060642
0.060782
0.060751
0.060647
0.060956
0.060477
0.060737
0.060460
0.060732
0.060572
0.060250
0.060279
0.059793
0.059599
0.060234
0.060062
0.060314
0.059542
0.059833
0.059710
0.059585
0.059532
0.059926
0.059116
0.058626
0.059740
0.058793
0.059629
0.060476
0.060387
0.059831
0.058861
0.059190
0.059028
0.059366
0.058484
0.058623
0.059341
0.058151
0.058483
0.058524
0.058272
0.058006
0.058531
0.057948
0.057435
0.058245
0.058184
0.057466
0.058011
0.058192
0.057763
0.057958
0.057619
0.057639
0.058180
0.057804
0.057734
0.057571
0.057046
0.056836
0.057618
0.057036
0.057171
0.057271
0.056685
0.056927
0.056983
0.057442
0.056979
0.056640
0.056300
0.056552
0.056137
0.056724
0.056465
0.056032
0.056460
0.055918
0.055468
0.055399
0.054538
0.054853
0.055375
0.054861
0.055211
0.055638
0.055511
0.056132
0.055600
0.055519
0.054837
0.054827
0.054557
0.055075
0.054892
0.054447
0.054533
0.054575
0.054433
0.053818
0.050766
0.050194
0.051767
0.052224
0.052587
0.052976
0.053703
0.054011
0.053483
0.053746
0.053278
0.054013
0.054359
0.054392
0.054267
0.053655
0.054163
0.053306
0.054606
0.054796
0.055708
0.052155
0.051508
0.051679
0.050919
0.051959
0.053824
0.055674
0.056011
0.039720
0.045348
0.049277
0.042848
0.043981
0.044150
0.045513
0.044981
0.047147
0.047237
0.046078
0.049026
0.048857
0.048370
0.048391
0.048458
0.049069
0.049361
0.049710
0.048480
0.048153
0.048379
0.048240
0.047666
0.047605
0.048329
0.047609
0.048599
0.048889
0.048169
0.048809
0.046724
0.047680
0.048013
0.047219
0.046554
0.047466
0.047393
0.046827
0.047273
0.048560
0.049259
0.046838
0.045584
0.045468
0.047526
0.046803
0.047840
0.044096
0.042534
0.041352
0.042658
0.045008
0.047017
0.046873
0.046208
0.046166
0.046309
0.046531
0.044787
0.045454
0.044251
0.044155
0.045263
0.044941
0.038991
0.039467
0.039495
0.038668
0.037943
0.039311
0.039204
0.042496
0.041065
0.047633
0.044774
0.038916
0.037921
0.040146
0.046360
0.039429
0.040376
0.039044
0.042904
0.042069
0.042712
0.036346
0.036893
0.038235
0.036750
0.038161
0.039428
0.040075
0.038733
0.036261
0.035862
0.035044
0.037877
0.036688
0.038436
0.038151
0.040555
0.038095
0.038193
0.040217
0.039422
0.038758
0.037253
0.036683
0.037586
0.039591
0.037501
0.036145
0.036236
0.038163
0.036997
0.034488
0.032560
0.034141
0.029917
0.031274
0.034143
0.029827
0.026974
0.027906
0.027590
0.028065
0.035120
0.054636
0.043084
0.030912
0.031281
0.028309
0.051381
0.028955
0.033547
0.036482
0.034337
0.033802
0.063507
0.035312
0.026168
0.046252
0.028336
0.026991
0.039127
0.038229
0.024646
0.032852
0.027192
0.039265
0.026462
0.022580
0.021936
0.037853
0.024464
0.026277
0.063961
0.034104
0.022047
0.023292
0.025601
0.028469
0.027251
0.021476
0.022993
0.028184
0.023375
0.023743
0.026553
0.034761
0.037329
0.021991
0.022565
0.023476
0.024384
0.025183
0.023989
0.022128
0.023149
0.031541
0.023716
0.025134
0.025229
0.027180
0.044499
0.030228
0.026084
0.023525
0.023382
0.021209
0.021076
0.022028
0.022431
0.021435
0.019758
0.029706
0.013529
0.014441
0.021444
0.021997
0.017510
0.019957
0.020777
0.019496
0.021378
0.021401
0.019567
0.020344
0.020071
0.023583
0.020474
0.014948
0.014012
0.014624
0.014804
0.016894
0.033774
0.029198
0.028390
0.017091
0.013388
0.014589
0.015330
0.015864
0.016150
0.017820
0.017500
0.020245
0.021038
0.018697
0.023110
0.016273
0.013197
0.013900
0.019341
0.016118
0.020251
0.022340
0.017381
0.016157
0.016151
0.019401
0.019557
0.020988
0.018018
0.017400
0.018673
0.018683
0.017484
0.018581
0.018510
0.016352
0.014645
0.017698
0.013006
0.016036
0.012773
0.013496
0.012729
0.013486
0.014017
0.013588
0.012983
0.013424
0.013238
0.013617
0.012604
0.012175
0.012752
0.012216
0.012689
0.011193
0.010821
0.013285
0.009346
0.010386
0.010556
0.016802
0.012364
0.013030
0.015774
0.014339
0.012921
0.011712
0.011874
0.012701
0.012806
0.013255
0.014331
0.014824
0.012935
0.013401
0.012222
0.011427
0.013340
0.008720
0.011767
0.008068
0.008166
0.011696
0.009428
0.010623
0.010511
0.010823
0.011172
0.011893
0.012446
0.012367
0.012582
0.012135
0.012181
0.011707
0.012351
0.012470
0.012095
0.012109
0.012236
0.012484
0.012871
0.013150
0.013780
0.014722
0.013674
0.013319
0.013420
0.014161
0.014955
0.013991
0.013376
0.013547
0.012934
0.013338
0.013433
0.012890
0.012868
0.012899
0.013466
0.013212
0.013361
0.014124
0.013823
0.013447
0.013934
0.013461
0.013265
0.013182
0.013407
0.013051
0.013595
0.014182
0.012297
0.012261
0.012171
0.013133
0.013144
0.013250
0.013486
0.013244
0.012844
0.014025
0.013482
0.012739
0.012750
0.012368
0.015186
0.012581
0.012991
0.015239
0.012769
0.013456
0.013609
0.013804
0.012605
0.012498
0.012129
0.012363
0.012879
0.012049
0.012005
0.011842
0.012322
0.012150
0.010152
0.010988
0.011336
0.011521
0.013296
0.010965
0.010629
0.010485
0.010505
0.011119
0.011823
0.010839
0.027914
0.024907
0.011114
0.011053
0.013596
0.034419
0.008430
0.008231
0.008809
0.008804
0.008846
0.008656
0.008314
0.007672
0.020632
0.012326
0.007857
0.010321
0.006188
0.006129
0.007988
0.013005
0.011629
0.008170
0.006495
0.006891
0.007405
0.007631
0.007843
0.008139
0.008287
0.010370
0.008376
0.008642
0.010733
0.015921
0.004647
0.004882
0.008710
0.007084
0.009614
0.009491
0.008433
0.007702
0.008102
0.009757
0.007519
0.007923
0.007845
0.008097
0.007774
0.007349
0.007096
0.007798
0.007400
0.007039
0.007523
0.007872
0.006397
0.050173
0.018156
0.005932
0.008096
0.009151
0.006547
0.007418
0.007451
0.014197
0.012331
0.004915
0.007168
0.006454
0.007566
0.006815
0.006675
0.006296
0.006744
0.006536
0.006332
0.006494
0.006584
0.006460
0.006543
0.006744
0.006975
0.005911
0.005807
0.006098
0.005924
0.005405
0.005605
0.005875
0.005901
0.004690
0.004743
0.004297
0.004384
0.004373
0.003897
0.003763
0.003166
0.001098
0.009653
0.006366
0.030174
0.013099
0.004013
0.003076
0.003717
0.009946
0.004897
0.006026
0.005536
0.002589
0.004710
0.005726
0.002172
0.001952
0.002228
0.001964
0.001767
0.004731
0.001505
0.005498
0.003890
0.005850
0.009330
0.002429
0.001874
0.001686
0.001142
0.001734
0.001582
0.010276
0.014309
0.003384
0.000564
0.001074
0.001096
0.001107
0.003133
0.001312
0.001527
0.001734
0.003210
0.003009
0.001979
0.002881
0.001831
0.008961
0.002857
0.001143
0.002346
0.001891
0.009176
0.004472
0.005924
0.000885
0.001986
0.000895
0.002251
0.001860
0.001074
0.001050
0.001387
0.001094
0.005933
0.000890
0.008650
0.003171
0.000496
0.001284
0.000774
0.001308
0.000545
0.000512
0.000302
0.001519
0.001125
0.000611
0.000329
0.001185
0.001849
0.001628
0.006763
0.000451
0.036152
0.005629
0.001437
0.024820
0.000085
0.000101
0.000135
0.003714
0.001286
0.000241
0.004566
0.001643
0.004117
0.002387
0.003554
0.001451
0.004155
0.003819
0.004693
0.002886
0.004966
0.005083
0.007137
0.004231
0.006921
0.012386
0.008431
0.007887
0.004948
0.002509
0.001784
0.002070
0.001251
0.002027
0.001909
0.005149
0.007079
0.007299
0.007437
0.006700
0.005588
0.002074
0.001319
0.000714
0.000826
0.001689
0.001165
0.000766
0.000279
0.000100
0.000097
0.000161
0.000158
0.000367
0.001990
0.003258
0.007515
0.004401
0.000070
0.000125
0.002808
0.005599
0.006344
0.003651
0.002035
0.001238
0.000676
0.001959
0.003133
0.002080
0.000419
0.000555
0.001863
0.000099
0.031668
0.000691
0.009756
0.004136
0.005617
0.003505
0.002169
0.003397
0.002368
0.000654
0.000366
0.001598
0.001189
0.002790
0.000974
0.000940
0.001708
0.003498
0.002415
0.002028
0.002885
0.003232
0.001639
0.002836
0.002073
0.002837
0.002604
0.001759
0.002557
0.001608
0.001915
0.001434
0.001468
0.000842
0.001269
0.000431
0.003437
0.001864
0.001512
0.002089
0.001493
0.001353
0.001292
0.001597
0.001262
0.000233
0.000935
0.002151
0.002321
0.003458
0.000858
0.000435
0.000978
0.001408
0.002170
0.003820
0.004183
0.001216
0.002888
0.004143
0.002202
0.003617
0.002779
0.006021
0.002926
0.001401
0.001499
0.004233
0.001808
0.002179
0.002623
0.005092
0.002219
0.006760
0.006937
0.004974
0.002141
0.001847
0.002207
0.002356
0.003315
0.007092
0.005008
0.007991
0.006540
0.005502
0.003243
0.021436
0.013861
0.012282
0.013234
0.007142
0.004259
0.001647
0.001421
0.001119
0.001031
0.001039
0.001761
0.002779
0.001579
0.001056
0.001417
0.001962
0.003668
0.001691
0.002697
0.002482
0.009430
0.013289
0.015053
0.011286
0.005463
0.003329
0.004355
0.004244
0.003470
0.005390
0.005878
0.004447
0.005808
0.004467
0.002973
0.005139
0.006532
0.007132
0.008302
0.007528
0.006718
0.008742
0.004550
0.010040
0.013164
0.006835
0.008860
0.009152
0.011747
0.010686
0.008936
0.011267
0.009376
0.008460
0.006817
0.008072
0.007787
0.008064
0.005798
0.007279
0.006712
0.005376
0.005996
0.005204
0.005817
0.006048
0.006728
0.008666
0.013834
0.008426
0.016998
0.012246
0.011023
0.009046
0.008632
0.009043
0.005422
0.005110
0.007690
0.006214
0.006807
0.006609
0.008782
0.007460
0.015366
0.009200
0.012511
0.009485
0.010677
0.007720
0.005891
0.005071
0.004888
0.005738
0.005412
0.010461
0.015476
0.018734
0.016299
0.020117
0.020604
0.021120
0.018590
0.011003
0.010770
0.010383
0.007536
0.007322
0.006587
0.016859
0.016879
0.009066
0.016479
0.033726
0.029789
0.026941
0.029692
0.022492
0.023979
0.023557
0.021561
0.015670
0.020460
0.017952
0.022080
0.014527
0.020845
0.022333
0.017477
0.013169
0.016141
0.011422
0.011640
0.010158
0.009608
0.008445
0.009738
0.008447
0.009519
0.015218
0.017388
0.017265
0.008046
0.008656
0.009499
0.009937
0.009843
0.007611
0.006853
0.009928
0.010146
0.008387
0.006944
0.006750
0.007406
0.008736
0.009626
0.010396
0.011396
0.008126
0.007939
0.008586
0.009355
0.010732
0.010999
0.011256
0.011968
0.013087
0.012473
0.010908
0.010079
0.009237
0.012868
0.013854
0.012756
0.009422
0.009052
0.008995
0.008371
0.008572
0.009097
0.010081
0.009592
0.009854
0.010117
0.009654
0.009131
0.009025
0.009737
0.010343
0.011150
0.011645
0.012063
0.012585
0.011640
0.010018
0.010989
0.011100
0.010154
0.010484
0.011096
0.012349
0.011839
0.010862
0.011198
0.010945
0.011051
0.013387
0.012439
0.013309
0.013016
0.012571
0.012287
0.014767
0.012879
0.012594
0.014986
0.016712
0.014359
0.014380
0.017227
0.018402
0.019121
0.023331
0.016297
0.018058
0.020925
0.019278
0.022787
0.022082
0.019346
0.018214
0.016581
0.016678
0.017999
0.018222
0.023386
0.020569
0.021493
0.021908
0.019922
0.018702
0.021734
0.023353
0.020536
0.019897
0.019210
0.018310
0.020674
0.020959
0.020350
0.020163
0.020652
0.020443
0.020560
0.019083
0.023431
0.019824
0.020164
0.021355
0.021036
0.023584
0.022176
0.022084
0.019382
0.019598
0.021755
0.021982
0.021304
0.020777
0.021138
0.020820
0.019287
0.019195
0.019445
0.020423
0.022408
0.024365
0.025144
0.028458
0.031185
0.031108
0.026111
0.027631
0.029632
0.030254
0.032262
0.028927
0.028423
0.024698
0.025470
0.024980
0.024312
0.024457
0.021812
0.020437
0.021867
0.024234
0.027778
0.023999
0.021970
0.025770
0.024300
0.025517
0.026631
0.025837
0.024061
0.024050
0.024798
0.022920
0.024919
0.024108
0.026146
0.022290
0.027726
0.024494
0.024362
0.026379
0.026662
0.026877
0.025545
0.024424
0.025047
0.024893
0.025754
0.024470
0.024079
0.023795
0.024226
0.024332
0.023160
0.024336
0.025832
0.022651
0.023556
0.022357
0.023997
0.024536
0.025268
0.025670
0.025912
0.026351
0.025408
0.025352
0.025679
0.025966
0.024585
0.024045
0.025234
0.027488
0.028162
0.029412
0.028268
0.025441
0.025534
0.026280
0.026810
0.025872
0.024819
0.026534
0.027487
0.026786
0.026336
0.027296
0.025767
0.025815
0.025791
0.025432
0.024980
0.028559
0.027510
0.026460
0.025889
0.025852
0.026248
0.026023
0.026745
0.027801
0.027473
0.027977
0.028090
0.027902
0.027804
0.027911
0.028265
0.026990
0.035069
0.033203
0.038551
0.031174
0.042860
0.041009
0.037099
0.032537
0.031501
0.030178
0.031762
0.028690
0.029883
0.029935
0.028919
0.029101
0.029649
0.030142
0.028757
0.029116
0.029534
0.030172
0.029959
0.029564
0.030072
0.030008
0.029439
0.029676
0.030198
0.030438
0.031603
0.030351
0.033676
0.040141
0.036620
0.033075
0.032954
0.031362
0.030103
0.031663
0.035622
0.039120
0.035350
0.033516
0.031398
0.033754
0.035812
0.033852
0.033722
0.033037
0.031230
0.032150
0.031573
0.032668
0.033236
0.038859
0.036859
0.036865
0.033281
0.031878
0.033130
0.033309
0.033494
0.034210
0.033901
0.033351
0.035344
0.034669
0.033691
0.032694
0.032863
0.033025
0.032897
0.032961
0.033150
0.032704
0.032829
0.032928
0.034063
0.033423
0.033163
0.032851
0.032541
0.032291
0.032202
0.032596
0.032705
0.032735
0.032945
0.032803
0.032168
0.032934
0.032910
0.032699
0.032072
0.032234
0.033147
0.033195
0.033361
0.033312
0.033487
0.033831
0.033160
0.033262
0.035924
0.046553
0.042498
0.038354
0.036757
0.036178
0.034609
0.034847
0.035175
0.035623
0.034805
0.033794
0.035368
0.035764
0.035361
0.035250
0.035172
0.034851
0.035021
0.034759
0.035813
0.041619
0.046171
0.040506
0.042815
0.044010
0.042367
0.039789
0.037858
0.039147
0.038563
0.036115
0.036143
0.036760
0.037680
0.037962
0.039466
0.039845
0.040307
0.042962
0.039858
0.038404
0.039843
0.039631
0.039295
0.039330
0.041079
0.044905
0.045695
0.045476
0.039738
0.039514
0.040471
0.042929
0.053876
0.052606
0.063199
0.051044
0.043467
0.054101
0.052022
0.046247
0.042606
0.042174
0.040733
0.042257
0.044358
0.044826
0.047034
0.044030
0.044501
0.041907
0.040546
0.040457
0.039974
0.040037
0.039630
0.039878
0.040206
0.038642
0.038722
0.038987
0.040955
0.041479
0.039735
0.040374
0.040074
0.039341
0.040251
0.040028
0.039981
0.039921
0.039486
0.039388
0.039944
0.040089
0.041848
0.041542
0.041265
0.040583
0.039997
0.039553
0.039583
0.039261
0.039637
0.040341
0.041474
0.042136
0.041051
0.040892
0.041014
0.041339
0.040491
0.039987
0.040408
0.040964
0.041256
0.041292
0.041476
0.041805
0.041507
0.042343
0.041520
0.041552
0.042949
0.045774
0.049670
0.051255
0.049700
0.053098
0.046503
0.046205
0.045078
0.046310
0.049392
0.044974
0.045981
0.049687
0.046153
0.042376
0.042144
0.042120
0.041090
0.040901
0.041275
0.044346
0.053399
0.044088
0.042585
0.042416
0.042579
0.042943
0.043048
0.043185
0.043476
0.043706
0.042290
0.042309
0.041946
0.042025
0.042755
0.043580
0.045085
0.045367
0.044424
0.045676
0.045308
0.045666
0.046999
0.045974
0.044733
0.045565
0.045871
0.045962
0.046192
0.046069
0.050870
0.053520
0.059162
0.077114
0.057231
0.057022
0.054613
0.054931
0.050135
0.047601
0.047903
0.046540
0.046375
0.046546
0.046051
0.046221
0.047665
0.063298
0.089566
0.064761
0.066453
0.060200
0.062110
0.065166
0.057559
0.050519
0.049773
0.052690
0.072925
0.062721
0.052206
0.051792
0.090802
0.081865
0.065939
0.062887
0.058924
0.063587
0.055927
0.053140
0.054032
0.055071
0.057572
0.059332
0.075273
0.062773
0.063330
0.064443
0.064410
0.064857
0.067978
0.066462
0.070876
0.066946
0.061425
0.063491
0.067620
0.078764
0.068432
0.062549
0.061339
0.067342
0.064205
0.073113
0.063542
0.065348
0.063601
0.061711
0.064969
0.070199
0.067447
0.079340
0.070653
0.059847
0.058761
0.064407
0.058455
0.057649
0.058583
0.060077
0.061150
0.060610
0.062085
0.062155
0.059360
0.058596
0.056722
0.055877
0.056359
0.056412
0.057001
0.058551
0.061910
0.064422
0.071073
0.067227
0.062911
0.060197
0.058824
0.059562
0.057773
0.057145
0.057765
0.057933
0.059467
0.061424
0.062704
0.060719
0.060578
0.060590
0.060434
0.059615
0.058505
0.058466
0.057338
0.057952
0.058796
0.058999
0.058555
0.059160
0.060981
0.060162
0.061631
0.062712
0.063276
0.062838
0.064474
0.063851
0.066355
0.064411
0.064289
0.063497
0.063794
0.063542
0.063654
0.061382
0.061911
0.062657
0.061838
0.061427
0.063579
0.063199
0.062460
0.062469
0.065402
0.067136
0.065074
0.062565
0.063057
0.064059
0.064410
0.062538
0.060930
0.062620
0.064044
0.063366
0.064817
0.064263
0.065044
0.064354
0.063692
0.063219
0.063406
0.063541
0.063143
0.063146
0.063960
0.064305
0.066858
0.070834
0.069891
0.068215
0.068074
0.066872
0.065938
0.067177
0.068170
0.067967
0.068772
0.066800
0.069005
0.069386
0.067174
0.067632
0.068265
0.068880
0.069223
0.070191
0.069999
0.069527
0.070870
0.070841
0.072590
0.072136
0.070662
0.068599
0.068641
0.070253
0.070824
0.069673
0.072969
0.072403
0.074021
0.074695
0.073452
0.072481
0.072444
0.074665
0.072684
0.072461
0.071652
0.071560
0.073338
0.074050
0.078116
0.074425
0.075497
0.076653
0.077229
0.074069
0.074865
0.075904
0.075748
0.076252
0.079250
0.078260
0.077165
0.075581
0.075546
0.073268
0.073704
0.072787
0.071206
0.072272
0.073996
0.075157
0.074260
0.074334
0.073894
0.074442
0.078614
0.080174
0.079212
0.082830
0.081765
0.083657
0.079506
0.077525
0.083125
0.087336
0.082271
0.082841
0.080852
0.080812
0.081101
0.082762
0.084177
0.082085
0.081250
0.079962
0.082050
0.085590
0.087416
0.085029
0.083192
0.083987
0.084511
0.085656
0.084225
0.085461
0.085572
0.087844
0.084192
0.083158
0.084116
0.083583
0.082618
0.082766
0.083214
0.083535
0.083606
0.083068
0.081546
0.082005
0.082721
0.081658
0.081802
0.082395
0.082349
0.082987
0.083524
0.083247
0.082702
0.082089
0.082289
0.083061
0.084401
0.084107
0.083875
0.082155
0.082469
0.083196
0.083540
0.084323
0.084597
0.084710
0.085944
0.085897
0.085579
0.085259
0.084759
0.084579
0.085097
0.083934
0.083574
0.083311
0.084358
0.084293
0.084147
0.084912
0.085090
0.085844
0.085404
0.085022
0.084598
0.084811
0.086075
0.085670
0.084872
0.085118
0.085763
0.086125
0.085482
0.084883
0.084619
0.084599
0.084610
0.084546
0.084491
0.084039
0.084254
0.083987
0.084808
0.084808
0.085215
0.084583
0.084296
0.083777
0.084663
0.084651
0.084294
0.085395
0.085803
0.087684
0.087737
0.086402
0.087211
0.087861
0.087224
0.086978
0.085903
0.085752
0.085778
0.084966
0.085385
0.085259
0.085750
0.087003
0.086623
0.088476
0.088222
0.085444
0.084611
0.085615
0.085820
0.085659
0.086348
0.085844
0.084091
0.085364
0.085104
0.086095
0.084606
0.085230
0.086008
0.088782
0.088163
0.089662
0.088609
0.086823
0.086740
0.086609
0.087015
0.089915
0.087234
0.086974
0.084779
0.084797
0.084808
0.086619
0.087150
0.087644
0.086939
0.087919
0.088115
0.088410
0.088406
0.087967
0.087628
0.087613
0.088218
0.087615
0.087587
0.087757
0.087794
0.087116
0.086917
0.087107
0.087826
0.088433
0.089972
0.092207
0.093422
0.092334
0.091762
0.091920
0.092118
0.093948
0.096059
0.091468
0.093881
0.104421
0.098562
0.095571
0.095258
0.094566
0.094859
0.099964
0.100109
0.093686
0.093374
0.091825
0.092898
0.092446
0.093281
0.095781
0.095385
0.095451
0.095446
0.093006
0.092945
0.093245
0.093845
0.093999
0.094212
0.096013
0.095365
0.095068
0.096611
0.095169
0.097482
0.096685
0.095280
0.098835
0.099669
0.098684
0.096103
0.096717
0.098320
0.100068
0.102911
0.104665
0.104484
0.103467
0.105879
0.107094
0.107424
0.105908
0.106470
0.109671
0.115983
0.107716
0.107566
0.107382
0.106219
0.107276
0.108031
0.107373
0.107723
0.107944
0.106664
0.106440
0.107686
0.108400
0.109382
0.109338
0.108177
0.107975
0.108600
0.109374
0.110420
0.112461
0.116724
0.114116
0.113998
0.113703
0.114162
0.113339
0.114603
0.117086
0.114465
0.113561
0.113532
0.114354
0.114534
0.116196
0.115897
0.113156
0.113357
0.113658
0.113450
0.113318
0.112774
0.112589
0.112547
0.112957
0.113401
0.113689
0.113886
0.113899
0.113882
0.113753
0.113950
0.113993
0.113945
0.114172
0.114047
0.113984
0.114330
0.114646
0.114870
0.115494
0.115470
0.114961
0.115286
0.115554
0.115499
0.115427
0.115584
0.115759
0.116958
0.117175
0.117731
0.117311
0.117074
0.117224
0.117608
0.117766
0.117758
0.117523
0.117109
0.117383
0.117425
0.117726
0.117847
0.117971
0.117567
0.117593
0.117646
0.117409
0.117472
0.117269
0.117324
0.117879
0.117823
0.118071
0.117955
0.118081
0.117869
0.117832
0.118392
0.118417
0.119717
0.118398
0.118716
0.118618
0.118032
0.117876
0.117535
0.117837
0.117727
0.117752
0.116937
0.116762
0.117017
0.116928
0.116718
0.117118
0.116939
0.116773
0.116731
0.116532
0.116714
0.116585
0.116733
0.116653
0.116725
0.116806
0.116718
0.116781
0.117215
0.117287
0.117206
0.117524
0.117585
0.117265
0.117557
0.117802
0.117880
0.117955
0.117847
0.118090
0.117996
0.117327
0.117567
0.118209
0.119101
0.118637
0.118635
0.118253
0.118353
0.118484
0.119002
0.118201
0.118257
0.118156
0.118254
0.117966
0.117887
0.117895
0.117702
0.117582
0.117642
0.117712
0.118611
0.118268
0.119349
0.118075
0.118731
0.119020
0.118413
0.117991
0.117889
0.117850
0.118211
0.118075
0.118286
0.118263
0.119022
0.119425
0.119594
0.118830
0.118523
0.118722
0.118969
0.119143
0.119780
0.119082
0.119142
0.118875
0.118865
0.119037
0.118776
0.119032
0.118838
0.118489
0.118617
0.119019
0.119866
0.119570
0.118936
0.118590
0.118739
0.119032
0.119423
0.118763
0.118660
0.118875
0.119113
0.119314
0.119303
0.119488
0.119400
0.119277
0.119408
0.119382
0.119503
0.119970
0.120000
0.120166
0.119895
0.119646
0.119531
0.119408
0.119480
0.119274
0.119224
0.119249
0.119048
0.118948
0.119081
0.119241
0.119216
0.119136
0.119182
0.119232
0.119188
0.119332
0.119540
0.119596
0.119624
0.119088
0.119015
0.119082
0.119324
0.119920
0.120087
0.120410
0.120186
0.120077
0.120474
0.120570
0.120925
0.120954
0.120484
0.120478
0.120699
0.120565
0.121063
0.121277
0.121446
0.120975
0.120838
0.120285
0.119950
0.120212
0.120564
0.119934
0.119531
0.119324
0.119767
0.120116
0.120472
0.120567
0.120930
0.121344
0.121130
0.121068
0.121298
0.121183
0.121011
0.120160
0.120582
0.120694
0.120715
0.121159
0.121754
0.121664
0.121737
0.121699
0.121257
0.120868
0.120934
0.121182
0.121121
0.120880
0.121547
0.121036
0.120894
0.121125
0.121075
0.120649
0.120629
0.120831
0.120957
0.121132
0.121439
0.121393
0.122136
0.122185
0.122378
0.121850
0.121565
0.121258
0.121123
0.121027
0.120900
0.120834
0.120926
0.120672
0.120028
0.120271
0.120221
0.120281
0.120720
0.121243
0.121507
0.121448
0.120962
0.121016
0.120320
0.120921
0.121187
0.120893
0.120136
0.120377
0.120208
0.120150
0.120636
0.120284
0.120503
0.120348
0.120184
0.119938
0.119454
0.119385
0.119291
0.119284
0.119095
0.118701
0.119114
0.119890
0.119886
0.120007
0.120320
0.120146
0.119853
0.119463
0.119596
0.119996
0.119912
0.119708
0.119769
0.120036
0.119722
0.119787
0.119689
0.119576
0.119303
0.119259
0.119234
0.118951
0.118947
0.118685
0.118372
0.118404
0.118305
0.118341
0.118552
0.118598
0.118642
0.119007
0.118931
0.119381
0.119523
0.118557
0.118279
0.118418
0.118472
0.118757
0.118552
0.118659
0.119855
0.120036
0.119037
0.119531
0.119572
0.119538
0.119604
0.118277
0.117966
0.117876
0.117736
0.117744
0.118004
0.117703
0.117766
0.118071
0.118249
0.118587
0.119235
0.119234
0.119351
0.120209
0.120518
0.120202
0.119578
0.119586
0.119168
0.120007
0.119470
0.119327
0.118756
0.118628
0.119053
0.118552
0.118667
0.118547
0.118280
0.118510
0.118544
0.118546
0.118855
0.118888
0.118956
0.119541
0.119138
0.119004
0.119115
0.118671
0.118323
0.118285
0.118617
0.118904
0.119433
0.119484
0.119217
0.118888
0.118888
0.118985
0.119427
0.119413
0.119219
0.119545
0.119676
0.119438
0.119351
0.119524
0.119676
0.119304
0.119206
0.119298
0.119563
0.119745
0.120038
0.120093
0.120017
0.119983
0.119984
0.119836
0.119231
0.119205
0.119684
0.120268
0.120622
0.121246
0.121273
0.121911
0.121571
0.121956
0.122102
0.121028
0.120168
0.119398
0.119649
0.119389
0.119107
0.118773
0.118836
0.119261
0.119248
0.119569
0.119659
0.120169
0.120864
0.121152
0.121145
0.120892
0.121112
0.120763
0.120937
0.121982
0.121687
0.121701
0.122168
0.122123
0.122544
0.122617
0.122735
0.122346
0.121575
0.121868
0.122176
0.122273
0.123258
0.123326
0.123116
0.122688
0.122071
0.121556
0.121905
0.122748
0.121585
0.121446
0.121728
0.122706
0.125073
0.125902
0.125633
0.124868
0.124538
0.122727
0.121158
0.122745
0.122000
0.121132
0.120953
0.120929
0.120265
0.119472
0.119833
0.120304
0.120170
0.120077
0.120119
0.120209
0.120512
0.120556
0.120560
0.120799
0.120948
0.121327
0.121423
0.122202
0.122475
0.122591
0.123608
0.123495
0.122950
0.122920
0.122366
0.121963
0.121911
0.122137
0.122336
0.122199
0.122115
0.122093
0.121240
0.121107
0.120970
0.121220
0.121416
0.120618
0.119950
0.119676
0.120360
0.121935
0.122775
0.122473
0.121679
0.120789
0.120234
0.120357
0.119429
0.118357
0.118434
0.118568
0.118668
0.119841
0.120034
0.120114
0.119578
0.119583
0.119234
0.119029
0.118791
0.118665
0.118613
0.119308
0.119493
0.119234
0.119335
0.119486
0.120492
0.120890
0.120589
0.120382
0.120162
0.119561
0.119135
0.119724
0.119805
0.119875
0.120036
0.120350
0.120373
0.120302
0.120808
0.120476
0.120625
0.120616
0.120265
0.120174
0.120011
0.119496
0.119496
0.119514
0.119582
0.119514
0.119236
0.119284
0.119501
0.119567
0.119468
0.119480
0.119253
0.118515
0.118849
0.119123
0.119403
0.121284
0.127097
0.125745
0.126073
0.124468
0.124314
0.127346
0.125894
0.128289
0.125259
0.125212
0.126012
0.127929
0.126195
0.125794
0.126012
0.124633
0.125040
0.125949
0.126131
0.126164
0.125895
0.125688
0.125426
0.125340
0.125010
0.125302
0.125784
0.125854
0.126536
0.127233
0.127203
0.126997
0.126086
0.126008
0.126144
0.125317
0.125457
0.125889
0.125473
0.125223
0.125267
0.125576
0.125079
0.125054
0.125432
0.125563
0.125647
0.126246
0.126994
0.125867
0.125511
0.125800
0.126463
0.127020
0.126835
0.126455
0.123842
0.123277
0.123689
0.124180
0.124395
0.124665
0.124657
0.125044
0.125066
0.125135
0.124959
0.125046
0.125035
0.125248
0.125650
0.126790
0.126416
0.126416
0.125109
0.123994
0.124139
0.123707
0.123638
0.123940
0.123452
0.123389
0.123673
0.124092
0.123223
0.123382
0.123116
0.123270
0.123293
0.123632
0.124208
0.124441
0.124912
0.124799
0.124743
0.126246
0.125896
0.125085
0.125181
0.124857
0.123810
0.124418
0.125143
0.124997
0.124903
0.124864
0.124735
0.124976
0.124947
0.124795
0.124596
0.124235
0.124242
0.124372
0.124286
0.124089
0.124217
0.124021
0.124174
0.124590
0.124734
0.125496
0.126290
0.125174
0.124861
0.125099
0.125707
0.126732
0.126629
0.126120
0.126086
0.125448
0.124743
0.125001
0.124728
0.124957
0.124954
0.125239
0.125293
0.125242
0.125036
0.125295
0.125229
0.127754
0.129846
0.127294
0.126926
0.128483
0.128369
0.128287
0.128278
0.128101
0.129083
0.130799
0.132969
0.130186
0.127628
0.126354
0.126563
0.126323
0.125060
0.125020
0.125185
0.126027
0.127584
0.129533
0.128152
0.130043
0.128047
0.133046
0.132685
0.132606
0.134948
0.134729
0.136387
0.133307
0.131246
0.131370
0.131008
0.128297
0.125976
0.125566
0.125693
0.126335
0.126254
0.126199
0.126891
0.127466
0.126849
0.126918
0.127449
0.127836
0.129962
0.128038
0.126955
0.124649
0.124797
0.128417
0.130005
0.132286
0.129506
0.127382
0.128719
0.128817
0.128778
0.128152
0.128041
0.128066
0.128580
0.128896
0.129643
0.130361
0.133736
0.129996
0.133882
0.133166
0.133445
0.133090
0.132696
0.132113
0.131391
0.131354
0.130837
0.129996
0.128093
0.127886
0.127922
0.127305
0.126878
0.126800
0.128331
0.129306
0.129638
0.131534
0.132801
0.133892
0.136211
0.133613
0.132308
0.132238
0.132841
0.134183
0.134327
0.134042
0.132780
0.132429
0.132362
0.132334
0.132188
0.131625
0.131635
0.131593
0.130800
0.130986
0.130996
0.130811
0.131211
0.131070
0.131009
0.130925
0.131062
0.131364
0.131674
0.131510
0.132385
0.133854
0.134794
0.133447
0.131886
0.131463
0.132410
0.130514
0.128851
0.129012
0.129182
0.129113
0.128619
0.128627
0.127316
0.127275
0.128838
0.130457
0.129186
0.128273
0.127395
0.126852
0.128081
0.129657
0.128599
0.127188
0.126899
0.125667
0.125652
0.127168
0.128234
0.133047
0.132383
0.132007
0.145144
0.139364
0.138829
0.135216
0.133261
0.132589
0.131936
0.131155
0.131067
0.130968
0.130285
0.129893
0.128707
0.128511
0.129383
0.132102
0.131108
0.130495
0.129135
0.129169
0.131166
0.131243
0.128813
0.128923
0.131598
0.133277
0.129272
0.125191
0.126249
0.124142
0.123006
0.121964
0.121159
0.120784
0.120336
0.119897
0.117483
0.116691
0.116196
0.117451
0.115700
0.114979
0.114516
0.114058
0.113877
0.113818
0.113931
0.114175
0.113664
0.114262
0.114290
0.114244
0.114648
0.116292
0.116218
0.114985
0.114305
0.114031
0.114124
0.114845
0.114149
0.113822
0.114217
0.113851
0.113971
0.113695
0.113689
0.113901
0.114025
0.114477
0.115388
0.115142
0.114879
0.114613
0.114797
0.115075
0.115240
0.114995
0.114700
0.114510
0.114614
0.114411
0.114622
0.114618
0.114741
0.115144
0.115022
0.114994
0.114702
0.114703
0.115389
0.114903
0.115029
0.114757
0.114613
0.114783
0.115578
0.118906
0.113043
0.113714
0.112586
0.111947
0.110226
0.110162
0.109878
0.110390
0.111114
0.109603
0.110172
0.108738
0.109030
0.106756
0.105702
0.106580
0.105070
0.103475
0.103221
0.102142
0.102699
0.102036
0.101924
0.101136
0.104614
0.101837
0.102819
0.102617
0.102052
0.102170
0.101742
0.101866
0.102242
0.102290
0.102233
0.101307
0.101064
0.101255
0.101220
0.101301
0.101410
0.101473
0.102137
0.101164
0.101302
0.099883
0.100334
0.099356
0.099535
0.099076
0.099260
0.099916
0.100466
0.100721
0.100079
0.099709
0.098987
0.099142
0.099150
0.100859
0.099983
0.099748
0.099092
0.098460
0.098240
0.098604
0.099218
0.097637
0.096095
0.096437
0.095615
0.095927
0.095120
0.094517
0.094550
0.093498
0.091949
0.091070
0.092052
0.091048
0.091066
0.091594
0.092018
0.090424
0.091408
0.088754
0.087638
0.085457
0.084892
0.085443
0.084135
0.083400
0.083021
0.081762
0.082603
0.081164
0.080174
0.079932
0.078303
0.077192
0.077234
0.076120
0.076086
0.075196
0.075139
0.074957
0.074314
0.073883
0.072094
0.073292
0.072708
0.070978
0.072451
0.073194
0.072306
0.071848
0.072492
0.073413
0.072147
0.072751
0.072933
0.073268
0.070674
0.069944
0.070579
0.071438
0.070522
0.070524
0.070434
0.071639
0.068137
0.067933
0.068365
0.069522
0.068784
0.068245
0.068667
0.067938
0.068338
0.068456
0.067816
0.067306
0.066486
0.067357
0.067941
0.067440
0.067247
0.066098
0.065955
0.065567
0.068962
0.070293
0.067715
0.066056
0.066436
0.064392
0.063825
0.063622
0.064211
0.063881
0.063812
0.065111
0.064422
0.064248
0.064198
0.063940
0.064213
0.067004
0.062336
0.061738
0.062385
0.063381
0.062253
0.062464
0.061526
0.061379
0.061250
0.060251
0.060657
0.061893
0.059734
0.060423
0.060433
0.062000
0.060483
0.061798
0.063161
0.061830
0.061792
0.062335
0.060980
0.062268
0.063142
0.062556
0.062977
0.063379
0.062507
0.062269
0.062354
0.062616
0.062255
0.062159
0.062038
0.062134
0.061907
0.061729
0.062252
0.061715
0.061954
0.062495
0.062808
0.062635
0.062332
0.062847
0.062243
0.062878
0.062341
0.061523
0.061436
0.061551
0.061589
0.061516
0.061893
0.061608
0.061155
0.060483
0.059923
0.059940
0.060507
0.060760
0.060734
0.060824
0.060390
0.061794
0.062045
0.060602
0.060326
0.059599
0.058818
0.059328
0.059911
0.058252
0.059817
0.058259
0.057662
0.058287
0.058145
0.058070
0.058112
0.058706
0.058628
0.058406
0.058418
0.056523
0.057963
0.054950
0.054954
0.056652
0.054556
0.054558
0.053481
0.052537
0.052460
0.052592
0.053399
0.054059
0.053914
0.052214
0.053172
0.052872
0.052088
0.054270
0.054234
0.051204
0.051000
0.054553
0.051775
0.053090
0.052581
0.050883
0.051922
0.052943
0.072541
0.082101
0.075170
0.054142
0.051618
0.056584
0.048116
0.058763
0.062739
0.052406
0.051077
0.062106
0.064039
0.067434
0.042084
0.051532
0.037882
0.034745
0.035245
0.034148
0.031974
0.031950
0.031230
0.030274
0.029792
0.031149
0.029095
0.028855
0.030458
0.028072
0.029390
0.027418
0.028048
0.027982
0.029324
0.028462
0.027925
0.030467
0.028692
0.028861
0.030114
0.028951
0.030673
0.027470
0.026963
0.026480
0.027626
0.027948
0.028615
0.028411
0.026489
0.023354
0.022625
0.023476
0.024520
0.024337
0.023016
0.023004
0.023931
0.023727
0.023931
0.022952
0.022678
0.023530
0.024805
0.022852
0.022861
0.021661
0.027106
0.018932
0.018777
0.018680
0.018855
0.019557
0.018500
0.018785
0.018062
0.016959
0.016965
0.017440
0.017427
0.016533
0.016471
0.016251
0.015686
0.015659
0.016214
0.016648
0.017321
0.016079
0.016377
0.014266
0.014015
0.014136
0.015158
0.016728
0.014707
0.014361
0.013847
0.015383
0.018131
0.014749
0.013687
0.013675
0.013285
0.013134
0.013148
0.012598
0.012775
0.013042
0.015841
0.014737
0.011846
0.011663
0.011818
0.010253
0.011412
0.010615
0.014764
0.009892
0.008923
0.015028
0.009230
0.009397
0.009774
0.009133
0.008784
0.009174
0.010374
0.008143
0.008620
0.012655
0.008138
0.007227
0.006671
0.006684
0.006863
0.007147
0.005672
0.006151
0.008044
0.007185
0.006743
0.006956
0.005828
0.006352
0.005366
0.005405
0.005290
0.005036
0.004817
0.005127
0.005109
0.005025
0.004592
0.004484
0.004907
0.004572
0.004901
0.003935
0.004463
0.003754
0.004086
0.004367
0.003663
0.003708
0.004032
0.003534
0.003542
0.003548
0.003410
0.003409
0.003396
0.003620
0.003371
0.003716
0.003826
0.003380
0.003575
0.003686
0.003235
0.003295
0.003131
0.003126
0.003135
0.003131
0.003412
0.003150
0.003162
0.002964
0.003555
0.004228
0.002951
0.002706
0.002535
0.002510
0.003014
0.002533
0.002381
0.002594
0.003991
0.004243
0.002634
0.002724
0.003338
0.003119
0.003487
0.002958
0.005403
0.004252
0.002719
0.002791
0.002198
0.004938
0.001814
0.002905
0.002490
0.002186
0.001565
0.001691
0.001488
0.001524
0.001545
0.001459
0.001433
0.001233
0.001269
0.001224
0.001969
0.001371
0.001144
0.000959
0.000975
0.001073
0.000909
0.000861
0.001337
0.001749
0.001250
0.001092
0.000791
0.000865
0.000833
0.000766
0.000753
0.000887
0.000917
0.001213
0.001125
0.001141
0.001067
0.000843
0.001382
0.000668
0.000722
0.000741
0.001744
0.001820
0.000823
0.000637
0.000787
0.001433
0.000674
0.000818
0.000528
0.000565
0.000591
0.000593
0.000572
0.000581
0.000619
0.000657
0.000686
0.000658
0.000800
0.000749
0.000608
0.000532
0.000688
0.000622
0.000662
0.000636
0.001041
0.001253
0.000912
0.000704
0.001038
0.000714
0.001327
0.000836
0.000549
0.000561
0.000642
0.001040
0.000660
0.001173
0.001041
0.000836
0.000586
0.000860
0.000503
0.000735
0.001458
0.000450
0.001167
0.000525
0.000985
0.000546
0.000522
0.000463
0.000448
0.000543
0.000436
0.000643
0.000524
0.000479
0.000375
0.000932
0.000392
0.000339
0.000488
0.000374
0.000488
0.000379
0.000487
0.000445
0.001176
0.000365
0.000439
0.000298
0.000306
0.000354
0.000247
0.000433
0.000304
0.000930
0.000525
0.000394
0.000461
0.000244
0.000288
0.000258
0.000296
0.000279
0.000296
0.000711
0.000243
0.000248
0.000249
0.000242
0.000266
0.000598
0.000492
0.000931
0.000225
0.000206
0.000237
0.000228
0.000284
0.000271
0.000758
0.000821
0.000212
0.000176
0.000240
0.000392
0.000567
0.000450
0.000340
0.000122
0.000189
0.000158
0.000155
0.000178
0.000381
0.000191
0.000138
0.000137
0.000185
0.000138
0.000477
0.000115
0.000115
0.000256
0.000630
0.000135
0.000087
0.000108
0.000074
0.000159
0.000163
0.000231
0.000149
0.000102
0.000394
0.000106
0.000312
0.000148
0.000301
0.000030
0.000051
0.000070
0.000022
0.000074
0.000278
0.000007
0.000251
0.000888
0.000354
0.000094
0.000205
0.000277
0.000539
0.000733
0.000254
0.000042
0.000895
0.000067
0.000143
0.000282
0.000194
0.000066
0.000013
0.000232
0.000103
0.000162
0.000162
0.000063
0.000049
0.000214
0.000277
0.000010
0.000006
0.000176
0.000018
0.000098
0.000024
0.000082
0.000000
0.000022
0.000066
0.000009
0.000016
0.000024
0.000211
0.000144
0.000045
0.000034
0.000113
0.000110
0.000113
0.000060
0.000295
0.000163
0.000056
0.000148
0.001096
0.000353
0.000707
0.000309
0.000649
0.000445
0.000214
0.000226
0.000180
0.000180
0.000396
0.000901
0.000407
0.000822
0.000325
0.000162
0.001332
0.001604
0.000312
0.000590
0.000515
0.000742
0.002349
0.000539
0.002509
0.000531
0.000961
0.000499
0.000801
0.000544
0.000863
0.000587
0.000589
0.000599
0.000482
0.001829
0.002286
0.000897
0.000599
0.002959
0.012325
0.004193
0.004730
0.004032
0.002272
0.001734
0.003119
0.006522
0.002197
0.003676
0.002015
0.003821
0.002493
0.003335
0.002401
0.003056
0.002900
0.003213
0.001863
0.001849
0.002351
0.002202
0.002361
0.002560
0.003636
0.005631
0.002225
0.002862
0.003946
0.003120
0.003200
0.002967
0.004178
0.004315
0.003536
0.003926
0.003075
0.002761
0.002261
0.002058
0.002074
0.005297
0.003797
0.003531
0.003195
0.004187
0.005466
0.003411
0.012503
0.012408
0.006827
0.005824
0.007109
0.006014
0.007693
0.006625
0.006469
0.007893
0.006679
0.006450
0.007137
0.006309
0.007239
0.005876
0.006517
0.006025
0.005003
0.005243
0.005158
0.013599
0.012786
0.007676
0.011622
0.009053
0.007711
0.008751
0.010243
0.007107
0.007555
0.006460
0.008043
0.007321
0.008176
0.007175
0.007966
0.014162
0.012465
0.011204
0.009270
0.009076
0.010109
0.010433
0.009049
0.009633
0.011515
0.013529
0.010817
0.012703
0.014220
0.011258
0.009610
0.008634
0.008619
0.010044
0.009473
0.009037
0.008618
0.009059
0.008619
0.013186
0.016819
0.017916
0.014012
0.017940
0.014308
0.016725
0.014406
0.012459
0.012290
0.010993
0.011394
0.012429
0.014280
0.013361
0.013149
0.012445
0.015064
0.026311
0.018238
0.014961
0.014241
0.016521
0.019597
0.018465
0.025528
0.018581
0.017382
0.018965
0.018300
0.016603
0.015741
0.018628
0.021373
0.020790
0.023056
0.020448
0.018702
0.018906
0.019916
0.020417
0.021308
0.022387
0.019394
0.019094
0.018737
0.018398
0.018966
0.020432
0.019178
0.018936
0.018922
0.020645
0.019565
0.020821
0.020132
0.020306
0.022775
0.020694
0.020155
0.019834
0.019687
0.019734
0.019854
0.021920
0.021329
0.026844
0.027112
0.028317
0.023221
0.022377
0.023987
0.022240
0.023778
0.022743
0.025079
0.023900
0.024036
0.025977
0.025804
0.026397
0.027549
0.025403
0.026542
0.027257
0.026155
0.026738
0.025106
0.031051
0.028335
0.032854
0.027487
0.029482
0.029613
0.027823
0.029952
0.033253
0.029152
0.032486
0.031072
0.040916
0.036354
0.035681
0.036489
0.031423
0.030304
0.038353
0.033504
0.034460
0.033503
0.033578
0.036006
0.032215
0.033816
0.033428
0.040277
0.034260
0.032295
0.032409
0.046000
0.052825
0.037499
0.035336
0.041351
0.036626
0.037587
0.041664
0.037595
0.040392
0.039123
0.037200
0.037647
0.039661
0.041704
0.038133
0.035660
0.043380
0.046841
0.042796
0.041879
0.041807
0.045296
0.042916
0.049941
0.048290
0.045526
0.041796
0.045777
0.053219
0.040728
0.043855
0.051823
0.047625
0.049399
0.041924
0.043480
0.050641
0.049422
0.048226
0.044097
0.046476
0.048885
0.048365
0.049271
0.046445
0.040955
0.047468
0.047592
0.049485
0.049181
0.043525
0.048593
0.049109
0.045420
0.048120
0.047604
0.047568
0.046854
0.048543
0.049137
0.050062
0.049829
0.046134
0.047592
0.047951
0.047690
0.048758
0.048441
0.051585
0.050643
0.049130
0.049761
0.049716
0.048253
0.048089
0.047454
0.048252
0.048573
0.052394
0.050395
0.050832
0.052674
0.050891
0.047905
0.049600
0.050104
0.049698
0.052104
0.054033
0.054338
0.051397
0.051597
0.050848
0.051558
0.057537
0.054157
0.056503
0.052931
0.048855
0.052932
0.053478
0.055920
0.051246
0.051370
0.052908
0.054424
0.056633
0.056588
0.052356
0.053617
0.055313
0.054810
0.053306
0.055105
0.052774
0.050996
0.050803
0.053868
0.051203
0.055308
0.057444
0.056015
0.053558
0.053669
0.054498
0.053985
0.058426
0.056946
0.057387
0.054979
0.058086
0.056710
0.056332
0.056472
0.057115
0.055693
0.056403
0.056129
0.055061
0.054406
0.055127
0.055753
0.055986
0.055527
0.054609
0.054498
0.058722
0.068078
0.064273
0.061296
0.062727
0.060963
0.060162
0.058909
0.058444
0.059331
0.060098
0.057970
0.057871
0.056203
0.061350
0.057734
0.057693
0.060448
0.062527
0.060552
0.057662
0.058332
0.058798
0.058067
0.057975
0.057663
0.063016
0.058982
0.058999
0.059732
0.059415
0.059316
0.058335
0.063229
0.062197
0.063772
0.060991
0.060077
0.059158
0.061858
0.060703
0.063350
0.066098
0.065302
0.060925
0.059284
0.059941
0.065944
0.069031
0.064047
0.062277
0.064057
0.065540
0.063110
0.059702
0.070323
0.062569
0.065338
0.067511
0.064686
0.064462
0.066423
0.069676
0.062540
0.065627
0.065594
0.064835
0.064256
0.064375
0.064175
0.063989
0.064117
0.063282
0.066138
0.065412
0.065455
0.065500
0.064246
0.066118
0.065298
0.065074
0.065352
0.064984
0.065006
0.064429
0.065438
0.065014
0.065112
0.064615
0.064795
0.064652
0.065478
0.064327
0.066367
0.068530
0.065409
0.066253
0.066422
0.066703
0.067310
0.067386
0.067665
0.065482
0.067846
0.071751
0.067861
0.071231
0.070749
0.073043
0.068507
0.067882
0.070694
0.067027
0.069795
0.069813
0.074061
0.069953
0.068263
0.068852
0.071439
0.068374
0.070855
0.070453
0.070123
0.069344
0.069503
0.068742
0.067665
0.067319
0.065176
0.067957
0.068068
0.068150
0.068217
0.067997
0.068584
0.069775
0.068241
0.068089
0.067948
0.067734
0.068252
0.067992
0.067579
0.067035
0.067208
0.067343
0.067146
0.068885
0.071510
0.071122
0.067667
0.069454
0.068356
0.068342
0.069473
0.072822
0.072077
0.072441
0.072691
0.073415
0.071357
0.073001
0.073752
0.071141
0.070927
0.071739
0.070053
0.071429
0.075297
0.077705
0.072627
0.072709
0.078105
0.075583
0.074658
0.074521
0.073316
0.071671
0.072431
0.075356
0.070359
0.070337
0.069611
0.071113
0.070024
0.070180
0.069636
0.070447
0.068739
0.068030
0.067860
0.069769
0.071817
0.071064
0.073018
0.074775
0.071813
0.071142
0.073195
0.073240
0.070767
0.070195
0.071683
0.072975
0.070737
0.075209
0.072008
0.071742
0.072016
0.072705
0.071240
0.070735
0.070623
0.071030
0.070687
0.071365
0.071547
0.070863
0.071332
0.070335
0.070072
0.070144
0.070372
0.070802
0.070344
0.070333
0.070085
0.070085
0.070084
0.070171
0.070382
0.070758
0.070846
0.071406
0.072123
0.071422
0.071604
0.071985
0.071947
0.071850
0.072004
0.072016
0.071982
0.071828
0.071375
0.071470
0.071717
0.071917
0.071146
0.071144
0.071762
0.071089
0.071379
0.071743
0.071775
0.071121
0.071391
0.071439
0.070945
0.071057
0.071758
0.070541
0.070745
0.070723
0.071412
0.071412
0.070283
0.071576
0.071263
0.072075
0.070368
0.070177
0.069755
0.070759
0.071315
0.071510
0.071597
0.070974
0.071702
0.071644
0.071810
0.071384
0.071911
0.071951
0.071655
0.071550
0.071485
0.072209
0.072132
0.071980
0.071941
0.072431
0.072489
0.072219
0.072687
0.071996
0.072117
0.071907
0.072138
0.072399
0.072258
0.072328
0.072276
0.072097
0.072066
0.071907
0.072255
0.071666
0.071252
0.071920
0.071123
0.070717
0.071296
0.071003
0.070619
0.070646
0.070163
0.070177
0.070420
0.070452
0.070558
0.070574
0.070832
0.071036
0.070532
0.070446
0.070574
0.070574
0.070574
0.070409
0.070567
0.070190
0.070303
0.069889
0.069502
0.069135
0.068099
0.068109
0.067460
0.068203
0.069357
0.069070
0.069242
0.068613
0.069626
0.068467
0.068832
0.068851
0.067892
0.068115
0.068417
0.068308
0.067716
0.067333
0.067086
0.065974
0.066867
0.066638
0.066991
0.066981
0.067044
0.067162
0.067053
0.066886
0.066960
0.066356
0.066818
0.066933
0.066500
0.067323
0.066783
0.066755
0.066286
0.066233
0.066139
0.066846
0.066003
0.066303
0.066486
0.066455
0.066436
0.066321
0.065892
0.066287
0.065926
0.065960
0.065850
0.065723
0.065852
0.066021
0.065717
0.065439
0.065333
0.063883
0.063432
0.064144
0.064855
0.063894
0.064450
0.065254
0.065060
0.065591
0.066598
0.066480
0.066470
0.067402
0.066578
0.065815
0.065363
0.066432
0.065810
0.064535
0.065348
0.064572
0.064954
0.065706
0.064143
0.064082
0.064494
0.063862
0.063971
0.064598
0.064817
0.064934
0.065025
0.065098
0.065101
0.065221
0.065190
0.065084
0.065235
0.065354
0.065164
0.065260
0.065338
0.065442
0.065119
0.065131
0.064685
0.064687
0.064819
0.064627
0.064499
0.064040
0.064833
0.064447
0.064226
0.064448
0.064633
0.064685
0.064600
0.064536
0.064600
0.065044
0.066020
0.066139
0.064772
0.063669
0.063808
0.064167
0.064489
0.064616
0.064402
0.063888
0.063899
0.063783
0.064120
0.063063
0.063459
0.063804
0.063706
0.063912
0.063560
0.062827
0.062827
0.062214
0.061933
0.062314
0.062886
0.062202
0.061996
0.062622
0.061985
0.062460
0.062683
0.063562
0.065340
0.064157
0.064027
0.064705
0.064396
0.062962
0.064167
0.063399
0.062053
0.060472
0.059557
0.060731
0.065184
0.062213
0.061325
0.060344
0.060325
0.060637
0.059854
0.061828
0.061072
0.059517
0.060229
0.060091
0.060873
0.060633
0.060178
0.060574
0.060191
0.060532
0.060559
0.059881
0.060664
0.060965
0.059494
0.059477
0.058979
0.059339
0.058418
0.058885
0.057451
0.057843
0.058569
0.059357
0.058575
0.058830
0.058100
0.058744
0.058797
0.059002
0.058036
0.057572
0.057408
0.058442
0.058980
0.058897
0.058291
0.058892
0.058909
0.058667
0.058595
0.059143
0.059350
0.058757
0.058504
0.058734
0.058137
0.058621
0.058842
0.058578
0.058078
0.057478
0.058573
0.058669
0.060132
0.058385
0.058332
0.057583
0.059830
0.058838
