0.055194
0.055595
0.048245
0.055415
0.054881
0.056330
0.055213
0.053807
0.047648
0.049520
0.051097
0.054107
0.051840
0.056152
0.057377
0.047981
0.051917
0.052773
0.056489
0.009558
0.040800
0.031977
0.012198
0.026564
0.043358
0.046692
0.049715
0.048919
0.039434
0.006950
0.009540
0.037349
0.059842
0.058431
0.060419
0.056752
0.056677
0.059624
0.057961
0.061597
0.060383
0.058955
0.061870
0.060298
0.060656
0.062110
0.056565
0.059144
0.063704
0.061389
0.060032
0.061759
0.064255
0.076067
0.061553
0.066884
0.067920
0.065386
0.058792
0.059556
0.070017
0.060554
0.057699
0.054695
0.052028
0.055371
0.055601
0.053811
0.052855
0.052636
0.055839
0.056139
0.060005
0.062678
0.060977
0.060363
0.062678
0.061021
0.062465
0.063283
0.063353
0.078617
0.062865
0.061539
0.062090
0.058636
0.058568
0.076515
0.108014
0.078612
0.063056
0.062265
0.072900
0.078548
0.074566
0.082078
0.081946
0.065555
0.060944
0.065463
0.080398
0.092625
0.115960
0.098885
0.083911
0.072168
0.064699
0.061689
0.065293
0.066839
0.070552
0.066300
0.082232
0.093527
0.095740
0.102336
0.100738
0.108278
0.088641
0.088490
0.084111
0.072764
0.077183
0.080181
0.100217
0.108330
0.085207
0.074264
0.079612
0.095570
0.093120
0.070782
0.090422
0.094653
0.078162
0.083958
0.087404
0.085642
0.091238
0.108429
0.105979
0.088204
0.091486
0.086275
0.110226
0.113492
0.073445
0.061101
0.027409
0.014734
0.010435
0.009566
0.007706
0.056986
0.060516
0.021708
0.031727
0.042933
0.044259
0.058729
0.063296
0.045002
0.060830
0.110177
0.097065
0.108860
0.116136
0.106526
0.076907
0.080189
0.088390
0.088038
0.110040
0.098613
0.093202
0.094715
0.069497
0.072627
0.068045
0.084789
0.090969
0.095668
0.097865
0.106094
0.095351
0.086954
0.088967
0.085969
0.079974
0.100251
0.097213
0.092550
0.080758
0.106579
0.102064
0.096901
0.093903
0.093119
0.084906
0.089021
0.093387
0.090538
0.085475
0.117939
0.106411
0.098266
0.093251
0.102233
0.084058
0.078362
0.083209
0.078427
0.070851
0.091656
0.090676
0.097688
0.111245
0.110664
0.100154
0.092341
0.093422
0.086113
0.072299
0.021174
0.010297
0.016672
0.023542
0.003691
0.039016
0.040354
0.044354
0.059368
0.098652
0.086407
0.107814
0.099517
0.096071
0.091989
0.091308
0.088358
0.094358
0.096119
0.100402
0.102219
0.092256
0.107814
0.104865
0.102719
0.094754
0.096071
0.095971
0.099654
0.113646
0.130053
0.141444
0.124621
0.116243
0.140177
0.139977
0.114805
0.101248
0.091574
0.090722
0.093320
0.092824
0.096302
0.097419
0.099869
0.100602
0.108947
0.105749
0.105649
0.106618
0.105386
0.097721
0.096388
0.108135
0.118894
0.108432
0.111529
0.118310
0.108099
0.096808
0.101851
0.112366
0.120623
0.123973
0.117108
0.119710
0.103067
0.102667
0.101434
0.098888
0.100986
0.097636
0.100138
0.115996
0.116781
0.100138
0.101271
0.112762
0.121207
0.111097
0.097488
0.102936
0.099786
0.111814
0.102588
0.100271
0.096040
0.098890
0.117878
0.121428
0.117594
0.117646
0.103253
0.113363
0.119211
0.106351
0.108064
0.121076
0.109200
0.105470
0.103553
0.105118
0.116646
0.118363
0.108452
0.102753
0.107068
0.092927
0.100672
0.096642
0.103306
0.105804
0.076000
0.104587
0.080699
0.101125
0.096711
0.106573
0.103723
0.128027
0.120814
0.119249
0.095626
0.091247
0.102475
0.104825
0.111053
0.126327
0.136024
0.115099
0.111669
0.119081
0.110884
0.107302
0.100374
0.106954
0.109703
0.109123
0.114434
0.107221
0.116099
0.087765
0.097128
0.109688
0.105706
0.108907
0.104488
0.100506
0.105257
0.105057
0.100594
0.106190
0.097064
0.096412
0.072168
0.076060
0.075917
0.107624
0.109026
0.119536
0.104811
0.111443
0.101428
0.101528
0.090566
0.114606
0.125068
0.108778
0.108926
0.111672
0.113889
0.107809
0.114885
0.104094
0.100163
0.097846
0.100148
0.106876
0.102013
0.101428
0.102946
0.096850
0.102246
0.101313
0.098363
0.099296
0.103563
0.098996
0.101645
0.100913
0.096550
0.101897
0.099163
0.100148
0.102646
0.108674
0.107009
0.107109
0.116987
0.097998
0.113172
0.110041
0.095068
0.098462
0.097429
0.084853
0.097846
0.099944
0.092968
0.124588
0.118556
0.105943
0.098231
0.096950
0.095565
0.112456
0.109510
0.112656
0.096498
0.100080
0.100765
0.096234
0.109875
0.112141
0.109195
0.108562
0.102914
0.097848
0.097115
0.109475
0.113058
0.105881
0.116692
0.122836
0.126818
0.109595
0.122451
0.136344
0.122019
0.118773
0.119805
0.108426
0.107345
0.106993
0.114306
0.120738
0.106160
0.114658
0.106509
0.101846
0.098900
0.092952
0.100465
0.112241
0.096582
0.101197
0.101982
0.099765
0.131333
0.113073
0.128983
0.119153
0.118384
0.106760
0.096250
0.107978
0.107145
0.105712
0.122003
0.113158
0.117624
0.119738
0.115723
0.110023
0.111308
0.107177
0.101930
0.099868
0.100449
0.107478
0.102414
0.108843
0.100682
0.103231
0.106462
0.104897
0.112894
0.115596
0.103664
0.105081
0.106014
0.116909
0.109596
0.102716
0.105314
0.107679
0.106098
0.102316
0.105650
0.103917
0.101700
0.104550
0.107732
0.103850
0.108898
0.107469
0.112080
0.110947
0.109915
0.128571
0.118512
0.126357
0.128274
0.128371
0.116347
0.114862
0.121875
0.121927
0.124425
0.125009
0.119210
0.123776
0.122644
0.132706
0.128424
0.121896
0.126359
0.129208
0.123893
0.126243
0.122013
0.120880
0.117730
0.116882
0.124864
0.117836
0.125533
0.128479
0.125181
0.130428
0.136657
0.132730
0.128748
0.116036
0.123152
0.129628
0.132426
0.128211
0.124196
0.123848
0.131746
0.124681
0.125165
0.127515
0.126182
0.128780
0.103564
0.109239
0.059437
0.065211
0.060061
0.085032
0.100291
0.059784
0.087403
0.128749
0.128649
0.127817
0.124619
0.121669
0.129082
0.130899
0.126336
0.126284
0.123086
0.123571
0.119588
0.117666
0.126184
0.117692
0.118067
0.119768
0.119250
0.120273
0.124003
0.123655
0.118950
0.119426
0.120273
0.119256
0.117917
0.116666
0.117223
0.116560
0.129018
0.121805
0.121421
0.116734
0.116071
0.114451
0.120204
0.114119
0.116195
0.114400
0.107950
0.128501
0.110385
0.104327
0.103964
0.105590
0.105815
0.104196
0.111323
0.118805
0.102119
0.118817
0.121122
0.120026
0.118330
0.112003
0.104484
0.106441
0.112054
0.111396
0.110973
0.111684
0.110785
0.107400
0.102230
0.107324
0.107955
0.092858
0.105107
0.108063
0.120319
0.127217
0.123819
0.123867
0.119504
0.123222
0.117549
0.116886
0.118817
0.118122
0.118812
0.121240
0.121908
0.118673
0.116583
0.119294
0.120626
0.120113
0.122053
0.120401
0.117573
0.117792
0.119600
0.120049
0.120376
0.121039
0.118917
0.122446
0.120506
0.124880
0.122410
0.121495
0.123041
0.114869
0.061435
0.060806
0.062659
0.066931
0.069323
0.074130
0.073138
0.124429
0.123947
0.123546
0.123584
0.121927
0.124141
0.123804
0.123623
0.122703
0.124660
0.127007
0.127740
0.130824
0.127515
0.127963
0.124124
0.125092
0.125776
0.125418
0.122841
0.121313
0.125643
0.125087
0.124867
0.119418
0.120938
0.120473
0.122771
0.125162
0.122921
0.124850
0.121695
0.125624
0.125073
0.116528
0.119042
0.117433
0.119637
0.121465
0.118599
0.121764
0.119818
0.120256
0.116257
0.118471
0.115488
0.117178
0.116082
0.117740
0.118173
0.119542
0.119216
0.121557
0.125118
0.122108
0.120826
0.116960
0.119468
0.119405
0.124735
0.122258
0.123059
0.119813
0.120123
0.118129
0.117471
0.118290
0.117536
0.120386
0.118291
0.122108
0.119617
0.119542
0.123396
0.121690
0.119862
0.121188
0.116857
0.118335
0.121489
0.119987
0.125198
0.119905
0.124434
0.116472
0.117686
0.117558
0.118291
0.119462
0.120788
0.121337
0.119729
0.116676
0.118403
0.120280
0.120718
0.119793
0.118623
0.115506
0.122527
0.123328
0.123722
0.120081
0.119104
0.121088
0.124610
0.119750
0.120006
0.121182
0.120343
0.122690
0.120338
0.123722
0.116628
0.118148
0.119699
0.118341
0.117042
0.118673
0.116513
0.121764
0.120288
0.120288
0.124330
0.122828
0.122833
0.121438
0.121443
0.119123
0.120443
0.121331
0.121663
0.121657
0.121444
0.120375
0.122076
0.120312
0.122520
0.121857
0.123708
0.122318
0.123214
0.123978
0.124298
0.125614
0.125822
0.128624
0.131752
0.131866
0.131658
0.131222
0.130801
0.131377
0.132416
0.132325
0.133135
0.133099
0.137083
0.138829
0.139893
0.140867
0.139794
0.138265
0.139374
0.140335
0.145761
0.145132
0.144701
0.144381
0.143977
0.143483
0.143691
0.144088
0.145241
0.145885
0.147509
0.147853
0.148030
0.147596
0.147734
0.147973
0.147337
0.147280
0.148839
0.149908
0.150809
0.151557
0.156471
0.164133
0.168205
0.167299
0.162536
0.159936
0.159915
0.164270
0.170015
0.170789
0.172924
0.170351
0.167536
0.170042
0.169324
0.168956
0.169024
0.167990
0.168203
0.166813
0.168219
0.167130
0.167813
0.166722
0.167618
0.167894
0.168405
0.168613
0.170379
0.167356
0.165797
0.159965
0.164068
0.166390
0.177381
0.172483
0.172138
0.170732
0.170702
0.173519
0.172872
0.171860
0.182981
0.182212
0.180609
0.180422
0.177961
0.177049
0.175488
0.175901
0.176913
0.182209
0.182189
0.187512
0.187512
0.187637
0.189744
0.188676
0.188360
0.188188
0.189071
0.188603
0.189357
0.187621
0.188050
0.188560
0.187154
0.188136
0.188344
0.187872
0.187253
0.188050
0.186902
0.185869
0.185876
0.186793
0.186725
0.186954
0.186838
0.187326
0.185897
0.186673
0.187235
0.187850
0.187902
0.188079
0.190209
0.190542
0.190438
0.191135
0.192603
0.193868
0.194400
0.194566
0.196128
0.197569
0.198115
0.197539
0.196907
0.194860
0.195600
0.195380
0.193037
0.192941
0.192188
0.193206
0.194016
0.195445
0.195037
0.194003
0.194154
0.193102
0.194692
0.194756
0.195409
0.195193
0.196444
0.196621
0.197603
0.202260
0.206665
0.211534
0.210630
0.208997
0.206535
0.205295
0.204659
0.203958
0.205739
0.206621
0.209935
0.211238
0.211456
0.212176
0.213409
0.214451
0.215365
0.215733
0.220770
0.219334
0.217552
0.217012
0.231608
0.237098
0.232418
0.228889
0.226761
0.227362
0.226684
0.227265
0.230993
0.232997
0.235839
0.234000
0.232546
0.232296
0.231680
0.231559
0.227023
0.227223
0.228205
0.230218
0.228237
0.234896
0.243354
0.239282
0.236616
0.234628
0.231909
0.232307
0.232480
0.234587
0.233826
0.231735
0.231221
0.229551
0.229758
0.228390
0.227525
0.228841
0.229540
0.230753
0.229826
0.230478
0.231234
0.232233
0.231849
0.231641
0.231407
0.231273
0.228678
0.229333
0.230418
0.231141
0.234974
0.237459
0.237646
0.239407
0.237682
0.236758
0.238839
0.239586
0.239035
0.238646
0.240617
0.242670
0.241802
0.241399
0.241589
0.241718
0.242773
0.242846
0.242578
0.242594
0.241841
0.241537
0.241970
0.242170
0.243755
0.245178
0.245295
0.243456
0.243116
0.242266
0.242084
0.241147
0.241947
0.243703
0.249490
0.248440
0.247647
0.247985
0.250198
0.256367
0.255912
0.257598
0.258200
0.258182
0.257128
0.258922
0.260467
0.262489
0.267288
0.265402
0.258750
0.257616
0.256287
0.258039
0.259509
0.260550
0.260972
0.262626
0.267545
0.266483
0.268212
0.269605
0.268918
0.263164
0.262901
0.262478
0.268771
0.272178
0.269887
0.266436
0.264870
0.262942
0.264353
0.264223
0.263355
0.260080
0.259828
0.256572
0.255876
0.254767
0.254010
0.253309
0.253975
0.254227
0.256196
0.259465
0.260019
0.260477
0.266898
0.258995
0.257297
0.258148
0.259647
0.259899
0.261140
0.260824
0.260777
0.259863
0.260764
0.260868
0.260755
0.261564
0.261548
0.261190
0.260920
0.263228
0.264254
0.264178
0.265646
0.269731
0.272389
0.279265
0.276219
0.272985
0.273150
0.268771
0.268613
0.268812
0.267712
0.268698
0.268771
0.269713
0.269038
0.268353
0.269731
0.277489
0.279596
0.276170
0.276751
0.279250
0.278570
0.276599
0.277071
0.277009
0.280374
0.286110
0.283738
0.289782
0.286774
0.284413
0.284245
0.283294
0.283151
0.285258
0.283795
0.283351
0.283008
0.282658
0.282025
0.282320
0.283795
0.281722
0.289317
0.288707
0.287278
0.286359
0.289185
0.291620
0.293922
0.291938
0.289366
0.288369
0.291374
0.293457
0.295680
0.295482
0.292943
0.289647
0.291620
0.291382
0.290119
0.291716
0.290787
0.298823
0.306188
0.308016
0.298490
0.292208
0.294184
0.294574
0.296810
0.296114
0.316873
0.317068
0.316759
0.324018
0.327953
0.326828
0.321782
0.317193
0.311975
0.316920
0.314117
0.313470
0.313100
0.308676
0.313273
0.313946
0.314538
0.313364
0.311866
0.308006
0.306492
0.304706
0.304697
0.305775
0.307830
0.319598
0.341577
0.338390
0.343126
0.337765
0.328242
0.326246
0.326311
0.327830
0.299813
0.322917
0.317736
0.316626
0.316884
0.316577
0.320979
0.320387
0.321062
0.316684
0.311476
0.310017
0.309375
0.313608
0.313998
0.313619
0.323374
0.320732
0.317229
0.315029
0.315169
0.317712
0.320333
0.318951
0.322223
0.324068
0.327111
0.326732
0.338965
0.339032
0.333433
0.327929
0.323841
0.319254
0.315699
0.315018
0.332287
0.351377
0.339747
0.341016
0.335161
0.339874
0.341113
0.342762
0.344528
0.362742
0.370687
0.371645
0.374765
0.375787
0.379317
0.381528
0.388054
0.386828
0.398025
0.404966
0.408559
0.409205
0.405476
0.406733
0.409356
0.401733
0.388321
0.371471
0.347624
0.343993
0.346112
0.355527
0.374748
0.370489
0.372857
0.372809
0.385241
0.391048
0.402393
0.413023
0.412805
0.396126
0.405216
0.388067
0.379449
0.373193
0.370687
0.367544
0.360373
0.355377
0.352963
0.350941
0.345829
0.355254
0.361833
0.360536
0.375063
0.382779
0.377283
0.373240
0.381276
0.380585
0.405606
0.404331
0.409519
0.416111
0.423854
0.435717
0.436086
0.419051
0.414825
0.391240
0.383153
0.373978
0.373960
0.371603
0.381514
0.385888
0.392630
0.389272
0.402484
0.413088
0.420864
0.423105
0.416420
0.404138
0.394095
0.387039
0.387737
0.385577
0.385283
0.384799
0.387081
0.402297
0.410338
0.408979
0.416722
0.424960
0.411088
0.404312
0.405857
0.415361
0.422101
0.428824
0.434227
0.449043
0.456851
0.453386
0.450425
0.451246
0.465860
0.458972
0.450732
0.448799
0.443213
0.443015
0.443394
0.452144
0.471643
0.486757
0.495759
0.481075
0.471979
0.479648
0.471797
0.457853
0.453542
0.456464
0.449298
0.444366
0.447277
0.460588
0.458778
0.459097
0.458534
0.459843
0.462674
0.471647
0.474420
0.478431
0.467366
0.462647
0.463276
0.479318
0.472722
0.468954
0.456723
0.476543
0.486316
0.491289
0.487289
0.490040
0.497099
0.500467
0.494878
0.483196
0.476215
0.467094
0.460045
0.455261
0.452557
0.438824
0.425793
0.420817
0.418316
0.417862
0.415322
0.412181
0.412737
0.417163
0.412033
0.423212
0.428438
0.446955
0.448248
0.443618
0.458734
0.456653
0.460848
0.466723
0.468138
0.465226
0.448488
0.447186
0.451857
0.456643
0.465837
0.459258
0.469589
0.475779
0.479880
0.488806
0.482493
0.476916
0.471642
0.463148
0.460793
0.462881
0.454570
0.457526
0.453020
0.455544
0.457918
0.456391
0.454975
0.461014
0.480937
0.477570
0.472260
0.473842
0.477994
0.493317
0.491840
0.488708
0.495832
0.508116
0.507145
0.502073
0.502537
0.504955
0.513474
0.521115
0.517227
0.513259
0.512425
0.511584
0.510492
0.510479
0.509093
0.509516
0.510448
0.510202
0.507350
0.506667
0.505651
0.508430
0.510656
0.515833
0.520241
0.515668
0.512671
0.516555
0.517162
0.517923
0.521884
0.526171
0.534327
0.531185
0.527294
0.527136
0.523050
0.523533
0.524338
0.525209
0.527278
0.530315
0.548211
0.557820
0.568493
0.562859
0.557862
0.553029
0.549544
0.549985
0.548959
0.549058
0.548001
0.549281
0.547541
0.548445
0.549037
0.552097
0.555600
0.555005
0.551957
0.561153
0.563426
0.562987
0.564596
0.560880
0.552486
0.548549
0.551712
0.557169
0.560950
0.565242
0.565843
0.567448
0.571586
0.566905
0.564831
0.565220
0.565298
0.563376
0.563945
0.564846
0.564935
0.562192
0.560878
0.561101
0.560842
0.559011
0.555928
0.554058
0.554138
0.554055
0.552686
0.552486
0.553253
0.551709
0.552421
0.552650
0.552318
0.551695
0.554115
0.554326
0.553995
0.555426
0.554335
0.556338
0.555780
0.555821
0.553229
0.562706
0.565195
0.566441
0.561719
0.562636
0.563657
0.564116
0.565976
0.565357
0.564350
0.561330
0.554870
0.552356
0.547673
0.548058
0.551401
0.555362
0.556987
0.555694
0.553837
0.556078
0.554982
0.556977
0.556699
0.556624
0.551834
0.552811
0.554907
0.554717
0.556180
0.555595
0.556886
0.557787
0.561693
0.558759
0.559684
0.559889
0.557886
0.553458
0.559372
0.565296
0.559346
0.563872
0.565992
0.560117
0.561529
0.567251
0.566384
0.563197
0.563725
0.567257
0.566051
0.573726
0.581683
0.583896
0.575599
0.574653
0.571520
0.567537
0.565841
0.564429
0.560089
0.559532
0.555414
0.550702
0.546588
0.543492
0.544778
0.548421
0.550193
0.550796
0.549793
0.537427
0.530163
0.521512
0.527167
0.528340
0.527070
0.522240
0.523970
0.521689
0.514927
0.511141
0.510973
0.509677
0.511858
0.518502
0.514557
0.510986
0.507776
0.501556
0.501737
0.497338
0.493829
0.492624
0.488344
0.483565
0.481066
0.479955
0.479535
0.475609
0.465203
0.464086
0.463731
0.462889
0.466876
0.469226
0.466805
0.467930
0.468992
0.473790
0.470610
0.470117
0.473503
0.495247
0.510997
0.512942
0.516069
0.512549
0.511341
0.512464
0.520710
0.536717
0.549357
0.549957
0.541954
0.538495
0.534797
0.526629
0.528021
0.531813
0.526663
0.519308
0.528444
0.534317
0.552821
0.568099
0.560672
0.562709
0.560359
0.551292
0.541333
0.536929
0.534026
0.534122
0.538680
0.540241
0.536072
0.535140
0.531288
0.529779
0.528280
0.528696
0.542228
0.539534
0.539085
0.539802
0.541791
0.548666
0.545224
0.538706
0.535501
0.534600
0.531694
0.528924
0.530340
0.531093
0.531587
0.533327
0.535163
0.537639
0.539056
0.535329
0.535148
0.535419
0.538569
0.538672
0.540635
0.541108
0.541447
0.549874
0.549160
0.556273
0.556478
0.553998
0.555062
0.553578
0.550346
0.549159
0.550232
0.547748
0.547349
0.544687
0.543115
0.542119
0.542825
0.539968
0.536223
0.540987
0.552021
0.553868
0.552948
0.549897
0.544271
0.532730
0.525338
0.523631
0.523538
0.521655
0.521344
0.520339
0.519811
0.520346
0.520702
0.521019
0.521065
0.521543
0.521780
0.524619
0.523793
0.523354
0.524928
0.527938
0.529254
0.528792
0.527460
0.526616
0.525951
0.525457
0.524037
0.521240
0.521097
0.521626
0.520954
0.520266
0.519334
0.520066
0.521335
0.520278
0.518809
0.521346
0.526330
0.524411
0.525102
0.524985
0.523855
0.527823
0.529314
0.525938
0.524605
0.523423
0.522681
0.524395
0.522946
0.522258
0.522184
0.522236
0.522201
0.525499
0.524951
0.525405
0.524668
0.524860
0.528195
0.528184
0.530756
0.532184
0.534843
0.534267
0.536168
0.535854
0.538145
0.541095
0.543874
0.543645
0.542053
0.541404
0.540898
0.540123
0.538706
0.540791
0.539534
0.536903
0.532519
0.534275
0.534763
0.537786
0.541313
0.543466
0.543464
0.542650
0.541983
0.541477
0.540170
0.538958
0.536724
0.534049
0.532486
0.531368
0.531587
0.528873
0.530019
0.529130
0.528930
0.530932
0.525754
0.523133
0.525714
0.526247
0.524702
0.512978
0.520856
0.522040
0.522608
0.516173
0.518567
0.512887
0.504693
0.487420
0.506364
0.523718
0.528618
0.528102
0.528626
0.529946
0.531771
0.533956
0.534166
0.532787
0.532982
0.532935
0.534044
0.536491
0.537821
0.537012
0.536061
0.537438
0.540206
0.539923
0.538103
0.537644
0.537012
0.535376
0.533140
0.529462
0.525691
0.526987
0.526460
0.523793
0.521632
0.521453
0.522556
0.522681
0.520476
0.520375
0.521240
0.519531
0.519422
0.519081
0.518783
0.518445
0.515936
0.517287
0.516936
0.516511
0.516650
0.517905
0.520899
0.520139
0.520248
0.520604
0.520278
0.519520
0.521845
0.522195
0.520443
0.518681
0.518027
0.517287
0.515173
0.514295
0.513326
0.514519
0.514399
0.513671
0.513481
0.512269
0.512671
0.513494
0.513464
0.513835
0.514520
0.516022
0.515633
0.516832
0.516339
0.516053
0.514819
0.517596
0.518848
0.521783
0.523793
0.523665
0.523722
0.523458
0.523595
0.523964
0.524107
0.524881
0.524813
0.512514
0.524756
0.525716
0.525375
0.524388
0.524811
0.524302
0.523440
0.522061
0.521759
0.522024
0.521430
0.519731
0.519001
0.518681
0.516786
0.516526
0.515609
0.514404
0.513313
0.513054
0.510253
0.510290
0.510610
0.511134
0.511827
0.511155
0.511740
0.511620
0.510983
0.510983
0.509932
0.507623
0.507791
0.507688
0.509064
0.504872
0.504351
0.503815
0.504662
0.502532
0.501792
0.501860
0.502171
0.501470
0.497897
0.494662
0.490401
0.491783
0.491795
0.491217
0.490070
0.490092
0.487570
0.486801
0.486281
0.487549
0.486635
0.483616
0.482363
0.479667
0.476633
0.477594
0.479137
0.479417
0.477093
0.472820
0.467746
0.465640
0.462752
0.463374
0.461450
0.461461
0.460248
0.458149
0.457477
0.454669
0.454027
0.454952
0.454791
0.454464
0.453609
0.451942
0.451272
0.450137
0.451583
0.450215
0.448259
0.447270
0.447547
0.447794
0.447215
0.446934
0.447535
0.446582
0.445457
0.445296
0.445932
0.444763
0.442696
0.440950
0.440130
0.441026
0.441455
0.438428
0.437418
0.437650
0.438091
0.435231
0.435005
0.435010
0.433138
0.432469
0.432138
0.433325
0.433460
0.434284
0.432536
0.433533
0.430187
0.428175
0.429692
0.425934
0.422796
0.421383
0.422150
0.419428
0.418106
0.415472
0.410078
0.412829
0.411443
0.411672
0.410470
0.409455
0.404585
0.397549
0.391256
0.390098
0.388989
0.387651
0.387228
0.381488
0.375538
0.374896
0.370830
0.368981
0.366084
0.363067
0.360326
0.358643
0.360165
0.361451
0.358828
0.355789
0.353878
0.352358
0.350740
0.347818
0.346439
0.347473
0.345967
0.346153
0.346445
0.346852
0.348431
0.347449
0.344310
0.342120
0.340492
0.337258
0.336617
0.338208
0.338598
0.339931
0.340941
0.342892
0.342967
0.340139
0.337206
0.336863
0.336885
0.336869
0.336863
0.335050
0.332970
0.328729
0.324707
0.322309
0.322511
0.323745
0.323348
0.323140
0.321763
0.320896
0.319104
0.317754
0.318779
0.318766
0.317229
0.316735
0.316592
0.313019
0.312517
0.313372
0.313808
0.310505
0.308216
0.303736
0.297202
0.294841
0.296493
0.297202
0.300306
0.301243
0.301706
0.302498
0.301827
0.301736
0.301292
0.297083
0.295714
0.294961
0.294116
0.292714
0.288800
0.286463
0.284540
0.283471
0.283896
0.283393
0.279578
0.277804
0.274849
0.271449
0.269085
0.266013
0.266101
0.265732
0.265103
0.265428
0.263817
0.261623
0.258533
0.257528
0.254043
0.251920
0.250990
0.252406
0.251856
0.249993
0.250509
0.250127
0.248643
0.248643
0.248923
0.248728
0.248322
0.247638
0.247546
0.246123
0.245560
0.244893
0.246409
0.245772
0.245737
0.244694
0.244555
0.244342
0.243279
0.242235
0.240646
0.240329
0.240542
0.240537
0.240927
0.240927
0.240261
0.239183
0.239308
0.239485
0.239324
0.238815
0.238675
0.238342
0.238779
0.238246
0.238563
0.237987
0.238706
0.238511
0.238866
0.237758
0.237987
0.234768
0.238142
0.237368
0.237633
0.238342
0.237550
0.237207
0.237350
0.236467
0.236472
0.236156
0.236914
0.236333
0.236116
0.236064
0.236901
0.235628
0.236087
0.235719
0.235311
0.234519
0.234078
0.222476
0.188313
0.188630
0.181646
0.201800
0.212461
0.215822
0.221177
0.221980
0.226736
0.226312
0.227088
0.210222
0.223938
0.227637
0.230548
0.228751
0.227156
0.230730
0.229911
0.229205
0.230197
0.230813
0.230730
0.230340
0.230548
0.230374
0.229968
0.230673
0.230197
0.230587
0.231886
0.232839
0.233332
0.233125
0.232332
0.231869
0.231220
0.231361
0.231270
0.231995
0.233384
0.233028
0.233826
0.233813
0.233411
0.233216
0.233462
0.232856
0.233051
0.232652
0.232753
0.232475
0.232475
0.232280
0.231964
0.231771
0.231397
0.230813
0.230289
0.230392
0.229652
0.229917
0.228314
0.228917
0.228881
0.228790
0.228470
0.229003
0.228634
0.229652
0.229055
0.228250
0.228262
0.228080
0.228946
0.228159
0.226946
0.224954
0.224084
0.225323
0.225478
0.224702
0.224014
0.224894
0.223876
0.224266
0.223928
0.223824
0.223084
0.224037
0.223452
0.223980
0.224193
0.223474
0.212639
0.185092
0.187357
0.183381
0.181950
0.205197
0.212324
0.221226
0.218718
0.203815
0.195029
0.210781
0.221494
0.222063
0.222712
0.222664
0.222499
0.222374
0.223188
0.222819
0.222608
0.222603
0.223032
0.222322
0.222642
0.222270
0.222201
0.221845
0.221063
0.220092
0.219949
0.219668
0.219824
0.219330
0.219071
0.218697
0.217988
0.218590
0.218326
0.218819
0.218606
0.218767
0.218910
0.218767
0.218238
0.217832
0.218486
0.217905
0.217412
0.217464
0.217750
0.217412
0.217624
0.217728
0.217235
0.216832
0.217417
0.216412
0.216144
0.216144
0.214534
0.213139
0.210849
0.210654
0.209957
0.210965
0.209892
0.208853
0.210420
0.211017
0.210524
0.209342
0.210570
0.209731
0.208927
0.208589
0.208558
0.209030
0.208610
0.205425
0.203628
0.203208
0.203592
0.201717
0.202298
0.202618
0.202566
0.202877
0.200908
0.200229
0.200172
0.199483
0.200016
0.199852
0.199202
0.199574
0.198795
0.198337
0.198795
0.198670
0.197690
0.197164
0.197237
0.196899
0.196964
0.195222
0.195231
0.195097
0.192972
0.192842
0.191790
0.190837
0.191417
0.192123
0.191114
0.190907
0.190664
0.190816
0.190240
0.190837
0.190079
0.189811
0.188414
0.188266
0.187892
0.186980
0.186980
0.187760
0.187845
0.187404
0.185793
0.186658
0.186515
0.186819
0.187468
0.186326
0.186469
0.186732
0.185533
0.185728
0.185866
0.184897
0.181581
0.180407
0.180641
0.179371
0.180355
0.180285
0.180251
0.180199
0.180126
0.179935
0.180342
0.179861
0.178939
0.178770
0.177293
0.177376
0.176882
0.177540
0.176462
0.176233
0.175934
0.174005
0.174228
0.174636
0.175021
0.173571
0.173735
0.172200
0.170668
0.171169
0.171506
0.170537
0.168567
0.166689
0.165206
0.164384
0.163626
0.163773
0.163825
0.163907
0.164349
0.164400
0.164141
0.162408
0.162149
0.161158
0.160409
0.159222
0.159356
0.160175
0.160014
0.158217
0.155089
0.155318
0.155949
0.156053
0.155599
0.154778
0.154295
0.154612
0.155256
0.155422
0.153945
0.152954
0.152763
0.152793
0.152407
0.152230
0.151767
0.152017
0.151679
0.152334
0.152741
0.151862
0.152321
0.152378
0.150926
0.150568
0.147906
0.147350
0.145662
0.147722
0.147390
0.145454
0.145701
0.145610
0.146684
0.147640
0.149292
0.149474
0.147666
0.145983
0.146779
0.148168
0.146803
0.146803
0.147397
0.143525
0.144188
0.143562
0.141830
0.142541
0.142360
0.142863
0.143525
0.141029
0.141767
0.143136
0.137393
0.143356
0.143944
0.143468
0.140265
0.141083
0.142655
0.141479
0.142618
0.142405
0.142340
0.141810
0.143436
0.143511
0.141779
0.141163
0.141667
0.140582
0.141346
0.141535
0.144327
0.144470
0.144496
0.146279
0.146760
0.145818
0.145496
0.146501
0.146462
0.144233
0.146145
0.146176
0.146202
0.147046
0.146410
0.146077
0.145532
0.145657
0.144761
0.144267
0.145288
0.144423
0.145285
0.144904
0.145236
0.146121
0.147511
0.147895
0.147173
0.147259
0.147125
0.146667
0.146069
0.145267
0.146433
0.145714
0.145501
0.145766
0.145709
0.145065
0.143700
0.144843
0.144734
0.144215
0.145337
0.145020
0.145288
0.144423
0.144371
0.145293
0.144813
0.144584
0.144298
0.144886
0.145812
0.145909
0.145995
0.147207
0.146771
0.147298
0.147579
0.147844
0.147735
0.147838
0.147978
0.149641
0.147558
0.148212
0.147931
0.147688
0.146345
0.146771
0.146433
0.146225
0.146225
0.146069
0.145714
0.145433
0.143935
0.144129
0.144807
0.145695
0.144144
0.144149
0.143441
0.143818
0.143411
0.146084
0.145934
0.145051
0.146660
0.145190
0.144793
0.143975
0.141810
0.143344
0.142430
0.141114
0.142580
0.143087
0.142655
0.140852
0.142217
0.143281
0.144394
0.144174
0.142292
0.145628
0.143954
0.141917
0.143237
0.144056
0.144082
0.142580
0.143975
0.143136
0.144131
0.142430
0.146076
0.144119
0.141392
0.143525
0.142536
0.144150
0.146064
0.145940
0.144668
0.142305
0.143481
0.144582
0.144020
0.141373
0.142288
0.141710
0.141047
0.140058
0.141229
0.141260
0.142656
0.143544
0.140314
0.142806
0.140426
0.140496
0.138940
0.140566
0.140897
0.142153
0.142762
0.142949
0.144275
0.142061
0.142543
0.143237
0.140179
0.142066
0.141660
0.140847
0.142168
0.141847
0.140804
0.140959
0.140467
0.140632
0.142081
0.140434
0.137606
0.137274
0.142081
0.143939
0.142374
0.142474
0.146056
0.145720
0.141157
0.146805
0.147401
0.146520
0.152116
0.146668
0.145587
0.156346
0.145851
0.150033
0.155629
0.151899
0.152931
0.147916
0.154064
0.160212
0.154912
0.147499
0.145402
0.148347
0.148499
0.152678
0.146402
0.138837
0.139621
0.145065
0.148015
0.151013
0.151461
0.149163
0.160406
0.154230
0.155059
0.153245
0.155111
0.157228
0.160458
0.165337
0.164904
0.162655
0.161189
0.166052
0.167733
0.164987
0.162786
0.165451
0.167316
0.166732
0.166099
0.147343
0.150577
0.151991
0.148712
0.151210
0.164366
0.163234
0.159219
0.154656
0.160888
0.155588
0.154856
0.160071
0.157805
0.161484
0.156088
0.162169
0.160503
0.159619
0.169049
0.155404
0.159619
0.163301
0.161536
0.165815
0.162384
0.163801
0.159819
0.158354
0.158502
0.154971
0.154091
0.159402
0.170512
0.174795
0.166998
0.170576
0.169995
0.165532
0.165529
0.162683
0.162631
0.160917
0.168378
0.164163
0.160281
0.158468
0.165780
0.170744
0.172024
0.165496
0.165892
0.167177
0.171940
0.171007
0.168309
0.148752
0.054574
0.049702
0.097987
0.182616
0.169941
0.166906
0.159594
0.151481
0.158545
0.160595
0.160495
0.164377
0.181516
0.214033
0.220059
0.225990
0.219189
0.205864
0.211511
0.211558
0.194133
0.200646
0.198280
0.198965
0.198480
0.202578
0.193848
0.190666
0.201757
0.197446
0.198179
0.204423
0.194512
0.190745
0.200723
0.195528
0.195128
0.184781
0.195412
0.190313
0.171540
0.173889
0.202009
0.181235
0.198679
0.206640
0.204854
0.208900
0.198557
0.204341
0.206250
0.202908
0.205654
0.201139
0.202072
0.201723
0.210117
0.208304
0.207519
0.186317
0.197160
0.191997
0.191413
0.194643
0.193278
0.198341
0.201923
0.199858
0.201723
0.199074
0.199858
0.193178
0.208504
0.216316
0.202923
0.202772
0.199305
0.212861
0.199188
0.197471
0.200784
0.195973
0.204851
0.198323
0.189525
0.183699
0.182983
0.194411
0.201587
0.202872
0.206802
0.201939
0.201291
0.202804
0.203989
0.199574
0.193526
0.187979
0.192345
0.194695
0.201091
0.200506
0.208967
0.204889
0.215047
0.205569
0.207535
0.207002
0.204737
0.200654
0.203304
0.192428
0.199289
0.197857
0.209084
0.166218
0.206938
0.211801
0.211801
0.208519
0.205137
0.206018
0.203320
0.201118
0.208483
0.202255
0.207902
0.203535
0.205985
0.206685
0.200253
0.198388
0.198872
0.203187
0.202603
0.200686
0.199024
0.198672
0.202535
0.201022
0.204552
0.200289
0.201118
0.203187
0.196074
0.197791
0.203820
0.198372
0.202403
0.194009
0.194890
0.196807
0.195874
0.197888
0.192892
0.199172
0.199457
0.204452
0.212001
0.202835
0.200770
0.201654
0.202387
0.199589
0.193694
0.199922
0.194174
0.191028
0.194026
0.199322
0.200206
0.202372
0.196040
0.198209
0.193094
0.193926
0.202423
0.199722
0.189211
0.200358
0.198589
0.185633
0.194311
0.199706
0.199074
0.199074
0.198341
0.195343
0.197508
0.198089
0.196076
0.191613
0.196076
0.194211
0.193378
0.200791
0.195143
0.198774
0.196576
0.198874
0.200939
0.198341
0.192213
0.201723
0.198926
0.195591
0.199074
0.192545
0.184048
0.196660
0.196908
0.190428
0.197693
0.197641
0.196708
0.194211
0.195043
0.195143
0.197889
0.193278
0.200439
0.193911
0.198326
0.196660
0.195276
0.189628
0.188548
0.195908
0.192762
0.193595
0.190545
0.190245
0.189665
0.193780
0.191962
0.196377
0.191330
0.190697
0.189665
0.187799
0.192162
0.192947
0.192014
0.189949
0.194028
0.195745
0.194028
0.192014
0.192214
0.190097
0.192995
0.195697
0.190397
0.187599
0.190049
0.189313
0.193395
0.188432
0.190197
0.192895
0.193828
0.188432
0.187548
0.190097
0.187299
0.188284
0.190882
0.188084
0.189749
0.193531
0.191814
0.189016
0.194412
0.193480
0.195345
0.189997
0.192695
0.189016
0.190630
0.191030
0.185486
0.185919
0.187099
0.191814
0.190782
0.189016
0.184302
0.184153
0.182084
0.187732
0.193380
0.186367
0.188665
0.187484
0.187484
0.189301
0.187384
0.187436
0.189249
0.185570
0.183802
0.192247
0.189449
0.189449
0.181104
0.185519
0.186551
0.184586
0.186351
0.184734
0.186151
0.187480
0.186299
0.176089
0.178490
0.182905
0.183001
0.185751
0.182753
0.180688
0.183486
0.176173
0.178571
0.176758
0.180488
0.185003
0.184019
0.183038
0.184270
0.182986
0.188149
0.174556
0.159382
0.166680
0.167649
0.165631
0.166064
0.173029
0.182159
0.179757
0.176078
0.175927
0.172877
0.170712
0.169331
0.167414
0.171481
0.169863
0.169815
0.176444
0.172713
0.174927
0.176892
0.177876
0.178076
0.183239
0.181322
0.185789
0.183287
0.175094
0.174794
0.178376
0.175578
0.171644
0.174494
0.171644
0.174594
0.174646
0.180590
0.181522
0.179557
0.174161
0.182455
0.183939
0.183107
0.175942
0.178540
0.179673
0.181690
0.179973
0.176094
0.178540
0.174661
0.168429
0.176227
0.172244
0.171212
0.173713
0.177740
0.172248
0.172296
0.172496
0.174509
0.178292
0.179073
0.180690
0.178292
0.171660
0.172644
0.174161
0.178192
0.173077
0.173629
0.177592
0.172144
0.173861
0.171796
0.174661
0.175927
0.176459
0.176859
0.175290
0.170431
0.175427
0.166149
0.166497
0.169931
0.167914
0.168114
0.169831
0.169831
0.176359
0.177776
0.174927
0.173661
0.176359
0.175527
0.178376
0.174994
0.175046
0.170279
0.175227
0.179157
0.174246
0.176995
0.173661
0.171748
0.174146
0.174594
0.171348
0.172181
0.173313
0.173646
0.172861
0.173646
0.171832
0.175211
0.176444
0.173794
0.169231
0.178361
0.162118
0.179693
0.178909
0.174346
0.171496
0.175959
0.175227
0.165900
0.168450
0.172129
0.170163
0.171644
0.172329
0.171296
0.167714
0.171929
0.172181
0.129647
0.165600
0.172061
0.175063
0.173546
0.177128
0.174478
0.171681
0.173646
0.174478
0.173846
0.181891
0.174978
0.173994
0.171448
0.168498
0.169463
0.173598
0.174426
0.170848
0.174094
0.177876
0.176944
0.174294
0.171012
0.177092
0.169146
0.171696
0.172829
0.172681
0.162266
0.163551
0.165116
0.169683
0.167766
0.158968
0.168831
0.172713
0.166833
0.168398
0.170848
0.171048
0.172413
0.161170
0.159153
0.161603
0.164400
0.165517
0.160802
0.153474
0.158922
0.161271
0.163289
0.165002
0.168736
0.175897
0.173499
0.170017
0.176597
0.170165
0.175612
0.166586
0.164869
0.166434
0.165554
0.162220
0.167815
0.170165
0.162071
0.159722
0.162220
0.162468
0.163004
0.164085
0.165169
0.168315
0.169748
0.167798
0.174794
0.180941
0.181338
0.182038
0.184887
0.183238
0.192383
0.196762
0.199343
0.243366
0.244914
0.242563
0.263915
0.254488
0.260499
0.243139
0.238243
0.248118
0.268822
0.241688
0.250766
0.228164
0.249902
0.221416
0.238309
0.217551
0.216270
0.258665
0.244856
0.209209
0.224616
0.191419
0.205312
0.196118
0.194370
0.190772
0.173033
0.185893
0.210730
0.176248
0.113734
0.157062
0.130825
0.205320
0.213944
0.247957
0.215324
0.207046
0.214707
0.224800
0.235111
0.201428
0.196544
0.195694
0.200673
0.222479
0.286059
0.287120
0.259116
0.218653
0.166722
0.180609
0.157722
0.271159
0.304472
0.293475
0.297088
0.305965
0.279496
0.287726
0.311245
0.289822
0.263402
0.237337
0.248912
0.240119
0.237269
0.229641
0.242549
0.228241
0.227196
0.209923
0.223100
0.248484
0.248384
0.189496
0.250787
0.193956
0.206866
0.218593
0.249108
0.248824
0.222038
0.239161
0.228518
0.229751
0.248855
0.251072
0.244407
0.252320
0.240440
0.246536
0.238643
0.235512
0.251503
0.239860
0.252999
0.249621
0.235876
0.242056
0.249469
0.248152
0.250669
0.261124
0.255447
0.255015
0.259245
0.273854
0.274466
0.307061
0.281808
0.279810
0.273978
0.301295
0.321667
0.300075
0.282231
0.311883
0.291930
0.300375
0.304269
0.312566
0.272920
0.281229
0.255593
0.276435
0.289480
0.292326
0.275191
0.252901
0.255783
0.263344
0.272906
0.285251
0.283486
0.282453
0.281036
0.267062
0.254002
0.287284
0.288316
0.280767
0.303273
0.290280
0.298641
0.273605
0.263342
0.280818
0.287198
0.295111
0.303520
0.295274
0.298472
0.316880
0.309631
0.310779
0.299984
0.302201
0.324703
0.323538
0.310297
0.305594
0.306826
0.312326
0.313010
0.313458
0.252652
0.312626
0.310609
0.301331
0.304813
0.316725
0.282189
0.279939
0.301762
0.318637
0.316139
0.303794
0.276488
0.316455
0.331149
0.336908
0.308025
0.310823
0.322481
0.304725
0.292065
0.298013
0.300459
0.318034
0.340620
0.318798
0.317865
0.336873
0.293691
0.295572
0.312863
0.333336
0.321675
0.318093
0.347012
0.339878
0.345841
0.310741
0.361664
0.331881
0.341014
0.316559
0.335215
0.337580
0.364097
0.361315
0.359665
0.359981
0.359048
0.355614
0.331078
0.376954
0.383214
0.328811
0.325713
0.334543
0.342837
0.383050
0.383066
0.371354
0.357961
0.370040
0.363756
0.355311
0.329058
0.333473
0.364156
0.377380
0.376915
0.419410
0.389390
0.376097
0.396201
0.402012
0.390748
0.379605
0.382955
0.362681
0.369210
0.370875
0.360616
0.354521
0.357170
0.361349
0.363466
0.369794
0.359484
0.362414
0.343358
0.346592
0.357103
0.363383
0.383504
0.369263
0.346140
0.363867
0.359885
0.367198
0.307632
0.322842
0.310099
0.332433
0.306316
0.299557
0.366284
0.352906
0.379127
0.375328
0.355855
0.315360
0.372128
0.373545
0.354818
0.356304
0.260344
0.376146
0.355489
0.347828
0.334304
0.345631
0.363307
0.368122
0.359973
0.329910
0.292649
0.300601
0.297236
0.262175
0.156684
0.126706
0.094061
0.157480
0.167522
0.170919
0.140954
0.169640
0.174488
0.152503
0.070378
0.143642
0.003304
0.081459
0.035736
0.009606
0.018033
0.142154
0.388965
0.342023
0.373652
0.384142
0.224988
0.369477
0.392484
0.323850
0.262465
0.271696
0.166939
0.224399
0.175641
0.357194
0.335655
0.317211
0.219204
0.231047
0.285555
0.348455
0.372589
0.329513
0.383085
0.353682
0.328992
0.329823
0.219780
0.262259
0.267258
0.264541
0.260090
0.266953
0.197537
0.211785
0.180263
0.138005
0.144911
0.111462
0.142606
0.107825
0.116075
0.090403
0.191337
0.190607
0.199900
0.179458
0.094170
0.081109
0.164281
0.163329
0.089789
0.244986
0.213436
0.336703
0.250083
0.199611
0.173591
0.258145
0.217334
0.226645
0.152352
0.161724
0.163560
0.214201
0.267518
0.299548
0.227374
0.188659
0.168829
0.171429
0.192010
0.107488
0.155154
0.149808
0.210258
0.251701
0.190180
0.341463
0.192997
0.173700
0.201865
0.301045
0.359045
0.166682
0.182177
0.079653
0.021098
0.099454
0.026861
0.134508
0.243865
0.181980
0.145080
0.157761
0.113068
0.026180
0.040604
0.167248
0.160272
0.171099
0.177259
0.230448
0.215909
0.198068
0.124851
0.278037
0.140861
0.183755
0.107451
0.122147
0.158725
0.223706
0.143915
0.128071
0.116428
0.104199
0.183141
0.077497
0.066164
0.064716
0.003066
0.168678
0.358146
0.302520
0.301620
0.275031
0.267684
0.183866
0.162593
0.117680
0.121364
0.145749
0.202434
0.049500
0.368547
0.122081
0.311438
0.229527
0.352478
0.359419
0.333865
0.326468
0.342743
0.338044
0.313239
0.163758
0.267467
0.310858
0.341756
0.218089
0.205450
0.114134
0.103578
0.131227
0.044433
0.088862
0.073818
0.081739
0.044833
0.114960
0.146296
0.204977
0.103242
0.033525
0.114672
0.056017
0.000000
0.116409
0.034486
0.028007
0.088566
0.085638
0.029081
0.058228
0.040222
0.043047
0.043018
0.112501
0.064419
0.127825
0.276644
0.091401
0.145291
0.073248
0.065102
0.133780
0.131924
0.263685
0.312601
0.419553
0.331510
0.310387
0.191247
0.183520
0.173882
0.064848
0.204143
0.291408
0.480041
0.270469
0.360514
0.230201
0.296150
0.293337
0.127289
0.224707
0.316241
0.243189
0.173049
0.186429
0.059103
0.018691
0.088494
0.166719
0.003711
0.104168
0.042830
0.018974
0.133333
0.177978
0.033793
0.038036
0.026416
0.060390
0.094510
0.213829
0.233743
0.199026
0.296485
0.369302
0.441655
0.395723
0.362371
0.345295
0.360036
0.313609
0.322108
0.311246
0.147739
0.124552
0.181143
0.076202
0.299819
0.342711
0.264420
0.278708
0.218092
0.034175
0.094412
0.120172
0.100216
0.266247
0.200532
0.196481
0.280971
0.258712
0.256493
0.168593
0.044209
0.064940
0.066590
0.020595
0.006482
0.112314
0.198714
0.142813
0.143398
0.221759
0.081880
0.082597
0.141814
0.120693
0.131960
0.041110
0.102250
0.062270
0.187505
0.277150
0.224359
0.117494
0.126355
0.061750
0.062377
0.210652
0.271470
0.182009
0.240640
0.215221
0.258713
0.283199
0.257331
0.258348
0.251167
0.209989
0.206039
0.175407
0.135514
0.125236
0.123293
0.124843
0.214998
0.227320
0.258104
0.286105
0.290536
0.272728
0.266031
0.214009
0.191051
0.199712
0.176420
0.122326
0.099420
0.122227
0.095971
0.260496
0.364434
0.406392
0.386390
0.216178
0.207054
0.159232
0.144759
0.126210
0.024069
0.069598
0.119634
0.150587
0.070210
0.104611
0.188033
0.133693
0.150333
0.252045
0.218248
0.043446
0.022535
0.065509
0.065762
0.136592
0.044859
0.051492
0.061077
0.091279
0.046279
0.097040
0.153990
0.111590
0.151507
0.052185
0.037664
0.206403
0.155406
0.097104
0.179525
0.204529
0.060505
0.176963
0.100989
0.030605
0.030542
0.054394
0.129483
0.183566
0.228698
0.224359
0.203886
0.264032
0.174124
0.164176
0.108356
0.184361
0.109668
0.152214
0.211047
0.181160
0.076113
0.056313
0.112000
0.174290
0.234237
0.272154
0.265737
0.060133
0.078158
0.052661
0.125081
0.303258
0.287068
0.080729
0.061702
0.069198
0.062512
0.127312
0.076949
0.207334
0.104752
0.158310
0.255202
0.254264
0.189716
0.119404
0.085163
0.150490
0.129348
0.065365
0.087928
0.108649
0.181529
0.197003
0.182462
0.206165
0.144250
0.100173
0.090356
0.161112
0.150647
0.107238
0.087771
0.080997
0.115161
0.103185
0.129803
0.166017
0.165966
0.126002
0.135813
0.137952
0.081979
0.086721
0.077412
0.099724
0.101337
0.070180
0.066341
0.169353
0.097985
0.082342
0.092153
0.105305
0.081541
0.075847
0.063065
0.072726
0.084127
0.056726
0.049864
0.055578
0.092514
0.085002
0.073739
0.060988
0.068235
0.085093
0.086552
0.100806
0.106886
0.285253
0.257660
0.201923
0.199224
0.166786
0.184538
0.226279
0.197997
0.142657
0.161065
0.134348
0.101162
0.141863
0.155255
0.031682
0.070530
0.073866
0.122617
0.121685
0.077043
0.083594
0.158131
0.075284
0.106526
0.081569
0.107854
0.070212
0.077898
0.148618
0.161609
0.168852
0.117165
0.087655
0.115090
0.117971
0.128445
0.134137
0.223545
0.221142
0.196121
0.215908
0.184623
0.261062
0.218264
0.222225
0.266385
0.267048
0.262120
0.302260
0.141044
0.209428
0.252230
0.182952
0.162764
0.195768
0.197700
0.170316
0.156671
0.130366
0.062260
0.033040
0.058249
0.061509
0.064631
0.191320
0.148161
0.059580
0.061759
0.052598
0.047924
0.048480
0.065656
0.080005
0.094965
0.111004
0.181668
0.138224
0.158377
0.105198
0.140822
0.090524
0.121766
0.119670
0.154384
0.123131
0.104966
0.109459
0.115096
0.122696
0.106235
0.103927
0.108175
0.149891
0.110040
0.128234
0.106974
0.130512
0.172022
0.173298
0.145726
0.100092
0.105903
0.083921
0.088505
0.097195
0.112718
0.113731
0.110753
0.124131
0.161011
0.128662
0.118236
0.143567
0.148235
0.142322
0.146185
0.117598
0.086045
0.086402
0.097809
0.106443
0.093891
0.097125
0.104090
0.103214
0.088235
0.073390
0.097234
0.096156
0.087908
0.107024
0.180765
0.171434
0.130186
0.067893
0.062007
0.123505
0.181488
0.118211
0.240584
0.216908
0.248970
0.182932
0.160810
0.119950
0.149584
0.170205
0.176221
0.174335
0.160410
0.163297
0.118890
0.145553
0.199925
0.139288
0.148398
0.142972
0.108375
0.038503
0.035724
0.036086
0.073657
0.059142
0.060473
0.084124
0.102295
0.090564
0.135012
0.131577
0.092958
0.093767
0.097546
0.109210
0.123222
0.121872
0.150197
0.181647
0.188906
0.113150
0.111441
0.114157
0.162422
0.154223
0.106569
0.108678
0.119750
0.118975
0.115342
0.127758
0.121782
0.115600
0.108550
0.109631
0.117508
0.119269
0.168240
0.128342
0.184629
0.160805
0.138213
0.100687
0.092178
0.092190
0.107769
0.142727
0.153305
0.093578
0.104840
0.090944
0.123300
0.132963
0.108951
0.101081
0.104365
0.149999
0.185775
0.110044
0.087611
0.120524
0.122608
0.129902
0.153919
0.137029
0.133762
0.125315
0.036549
0.062610
0.053643
0.065642
0.140595
0.104081
0.089620
0.096569
0.093679
0.095719
0.078434
0.081314
0.103813
0.108213
0.137395
0.109877
0.125102
0.150286
0.109234
0.098446
0.095099
0.100992
0.102175
0.096424
0.104240
0.116387
0.103703
0.186908
0.096717
0.093409
0.113701
0.115119
0.112473
0.100272
0.120106
0.145485
0.106943
0.119637
0.110789
0.111222
0.104943
0.109576
0.112070
0.126296
0.124556
0.120589
0.139032
0.109213
0.105341
0.099116
0.124525
0.117854
0.114312
0.119700
0.124268
0.112975
0.105389
0.108130
0.108132
0.113252
0.121114
0.125042
0.120188
0.125944
0.121820
0.130605
0.120209
0.120342
0.131801
0.141819
0.150363
0.153761
0.157407
0.119381
0.100492
0.118747
0.133853
0.153631
0.146982
0.167554
0.113500
0.103876
0.105532
0.116614
0.123188
0.122957
0.143612
0.191414
0.137875
0.123045
0.124042
0.116664
0.118984
0.128209
0.131148
0.136311
0.141926
0.132007
0.125280
0.128321
0.132176
0.125918
0.125350
0.116797
0.126162
0.115212
0.121750
0.132463
0.135836
0.130842
0.140984
0.139826
0.149184
0.148240
0.129121
0.122830
0.117463
0.116088
0.113610
0.106878
0.130472
0.093978
0.098611
0.109139
0.095912
0.085651
0.200171
0.091695
0.118104
0.155918
0.080696
0.095466
0.085615
0.102449
0.117573
0.112518
0.150503
0.097201
0.096393
0.117273
0.115656
0.183435
0.117436
0.106442
0.102295
0.119439
0.088061
0.120705
0.202998
0.151324
0.098784
0.110178
0.096375
0.102766
0.105000
0.132040
0.149679
0.123724
0.108907
0.120463
0.117116
0.108359
0.115335
0.127627
0.115852
0.113586
0.115106
0.126520
0.127063
0.131443
0.136411
0.136218
0.134397
0.121539
0.124972
0.128415
0.122678
0.119607
0.114469
0.112425
0.117404
0.126036
0.119074
0.115908
0.107768
0.101905
0.100125
0.108656
0.108963
0.100307
0.095819
0.093448
0.089334
0.107625
0.157648
0.087245
0.099667
0.134749
0.164147
0.166199
0.144072
0.147853
0.046958
0.056337
0.071247
0.091907
0.153250
0.207804
0.133074
0.097564
0.131588
0.091239
0.058942
0.072845
0.078844
0.090308
0.116028
0.115955
0.090101
0.076940
0.121999
0.090871
0.105980
0.127753
0.128115
0.158130
0.175155
0.124795
0.075591
0.069629
0.072626
0.086906
0.091001
0.098253
0.156118
0.091098
0.089786
0.096920
0.118191
0.116802
0.121532
0.113160
0.148648
0.143883
0.124124
0.132512
0.147770
0.137268
0.118827
0.169388
0.123198
0.113299
0.094352
0.090634
0.094006
0.105697
0.120208
0.117486
0.115940
0.133149
0.104129
0.101062
0.078598
0.085106
0.097207
0.082368
0.087342
0.090609
0.105240
0.111667
0.109059
0.175882
0.112643
0.099211
0.104567
0.204564
0.212208
0.163700
0.112305
0.105941
0.098051
0.109915
0.092679
0.096406
0.112179
0.122388
0.112861
0.103932
0.112881
0.097897
0.112807
0.108963
0.105272
0.111153
0.116803
0.101574
0.107524
0.111329
0.160050
0.202891
0.126676
0.078363
0.092295
0.072399
0.092339
0.098221
0.112537
0.090890
0.099831
0.111254
0.115773
0.124941
0.110847
0.092918
0.112002
0.122357
0.121014
0.141666
0.161637
0.107125
0.124975
0.114057
0.121240
0.132839
0.123246
0.124255
0.126647
0.119516
0.121207
0.109826
0.111014
0.128284
0.112324
0.126487
0.194455
0.122709
0.171584
0.176379
0.122028
0.161384
0.123471
0.100645
0.117116
0.133040
0.194085
0.123385
0.113476
0.103745
0.099920
0.108730
0.112225
0.115757
0.124991
0.121076
0.121584
0.120490
0.125455
0.131514
0.123059
0.104275
0.116730
0.125488
0.137935
0.110140
0.193123
0.139415
0.101968
0.162484
0.101480
0.100614
0.239641
0.157480
0.117165
0.075932
0.076924
0.232204
0.102463
0.109144
0.098601
0.107244
0.117962
0.094704
0.105977
0.116861
0.119529
0.130675
0.111041
0.112507
0.112106
0.107909
0.124900
0.124264
0.118074
0.112356
0.109701
0.118167
0.106982
0.120336
0.214489
0.146354
0.086997
0.103526
0.102225
0.083355
0.070679
0.180813
0.301978
0.304392
0.251679
0.319871
0.208842
0.127107
0.112319
0.064549
0.143986
0.122217
0.075949
0.080377
0.078868
0.085872
0.091908
0.065211
0.092258
0.115131
0.130878
0.108148
0.116586
0.120572
0.127489
0.167826
0.175354
0.117461
0.129592
0.127517
0.126804
0.153631
0.118205
0.145524
0.103693
0.125944
0.114467
0.111506
0.111459
0.119981
0.124347
0.145901
0.148157
0.141903
0.136904
0.132148
0.133132
0.125325
0.108130
0.131283
0.144470
0.156569
0.123466
0.124403
0.130313
0.131901
0.128536
0.135969
0.139938
0.136314
0.140827
0.132073
0.135006
0.141447
0.165576
0.127219
0.136541
0.145603
0.171253
0.163555
0.111110
0.102987
0.144176
0.271073
0.285695
0.208668
0.218645
0.091408
0.159172
0.067244
0.177276
0.141135
0.098693
0.066839
0.042697
0.056713
0.085986
0.091632
0.095147
0.101346
0.105121
0.101060
0.119900
0.119061
0.098541
0.077302
0.127315
0.127806
0.135914
0.137432
0.145947
0.143711
0.144813
0.154103
0.156227
0.156903
0.149167
0.154770
0.153001
0.146131
0.145678
0.143301
0.146173
0.141599
0.143734
0.142373
0.136969
0.134159
0.126890
0.130081
0.126396
0.117576
0.088854
0.107979
0.113833
0.122113
0.124349
0.129556
0.139481
0.138280
0.120700
0.114127
0.111685
0.110185
0.131790
0.134164
0.131939
0.127995
0.149648
0.112986
0.113901
0.169588
0.140730
0.144730
0.145950
0.140599
0.137678
0.136454
0.150488
0.132694
0.133086
0.133727
0.128008
0.130727
0.132182
0.140208
0.150477
0.152235
0.152388
0.151230
0.146456
0.151175
0.158762
0.151173
0.144218
0.143475
0.146895
0.146030
0.152976
0.140502
0.141802
0.130759
0.127619
0.111213
0.110582
0.128250
0.146830
0.134107
0.131169
0.131203
0.124453
0.118072
0.114335
0.125651
0.148863
0.109145
0.114101
0.125605
0.133572
0.141316
0.127190
0.108012
0.115259
0.114502
0.130956
0.132796
0.131637
0.134028
0.117107
0.132858
0.131976
0.111127
0.111435
0.102337
0.118952
0.136233
0.153482
0.148581
0.154103
0.134792
0.125479
0.129444
0.127971
0.143767
0.154842
0.120175
0.108646
0.118072
0.121346
0.150728
0.135369
0.114652
0.094810
0.089184
0.091549
0.139760
0.158183
0.110655
0.077953
0.150631
0.181160
0.235344
0.181519
0.112570
0.107938
0.124381
0.071375
0.060856
0.087079
0.070417
0.088855
0.061256
0.146211
0.107995
0.102195
0.095458
0.097349
0.129339
0.114217
0.130342
0.152142
0.178673
0.104682
0.090931
0.118248
0.129620
0.142764
0.129468
0.141661
0.096063
0.105114
0.108868
0.097167
0.099281
0.095458
0.105054
0.116765
0.111665
0.110423
0.161922
0.193869
0.101368
0.102669
0.109971
0.118792
0.129835
0.126637
0.096003
0.113625
0.148598
0.162106
0.125624
0.117140
0.115549
0.118775
0.109633
0.115535
0.121820
0.171053
0.114493
0.132520
0.139559
0.135161
0.130217
0.130943
0.137654
0.135169
0.138665
0.138644
0.170877
0.158865
0.160846
0.137031
0.128786
0.123278
0.121268
0.118900
0.123391
0.121512
0.124760
0.123040
0.126921
0.134779
0.138460
0.163566
0.140009
0.133903
0.133899
0.134925
0.136388
0.134577
0.136062
0.146376
0.144051
0.142210
0.140509
0.137148
0.142966
0.145249
0.148087
0.152487
0.156042
0.150446
0.155398
0.167005
0.160022
0.163234
0.161517
0.162522
0.167507
0.168262
0.166234
0.166224
0.171114
0.175911
0.177576
0.176444
0.175508
0.171454
0.172955
0.169005
0.163501
0.166743
0.166179
0.167585
0.165325
0.162123
0.158983
0.162128
0.169247
0.175578
0.179391
0.178762
0.176804
0.174766
0.170231
0.180012
0.180534
0.178324
0.172854
0.174571
0.169026
0.171496
0.172218
0.177926
0.170649
0.165891
0.162372
0.163829
0.168189
0.159848
0.162936
0.160675
0.154456
0.154843
0.149807
0.147121
0.146760
0.146961
0.153624
0.156360
0.160814
0.160180
0.159616
0.155342
0.155102
0.155087
0.152378
0.149929
0.151659
0.157863
0.154754
0.155370
0.155744
0.157453
0.159847
0.167244
0.173275
0.169994
0.169452
0.167429
0.166187
0.166275
0.163770
0.165140
0.160694
0.161909
0.164956
0.163964
0.164579
0.165351
0.174319
0.176794
0.171286
0.176757
0.185246
0.182957
0.182048
0.173223
0.172122
0.174628
0.170524
0.166694
0.174740
0.181366
0.179469
0.185152
0.196589
0.196193
0.196104
0.211222
0.201641
0.184627
0.186364
0.191613
0.194510
0.196733
0.194866
0.188461
0.187996
0.189648
0.194341
0.202831
0.209462
0.211510
0.215726
0.211612
0.209222
0.216285
0.216412
0.212668
0.203961
0.192281
0.191476
0.191226
0.205566
0.221183
0.221211
0.223832
0.228034
0.223105
0.214635
0.214043
0.218260
0.218809
0.219876
0.215980
0.210335
0.216835
0.210757
0.208153
0.205298
0.205537
0.206244
0.204246
0.212606
0.227470
0.219992
0.223520
0.231810
0.226169
0.220001
0.229618
0.239171
0.244316
0.245656
0.245414
0.242289
0.240069
0.230935
0.226244
0.224202
0.221549
0.220847
0.216146
0.214004
0.213399
0.213046
0.212399
0.221284
0.226481
0.223990
0.223483
0.219712
0.217738
0.216146
0.213991
0.213890
0.213799
0.214986
0.212803
0.212671
0.212895
0.215344
0.213973
0.216056
0.218435
0.225998
0.222245
0.225185
0.223138
0.223193
0.218920
0.228296
0.233731
0.240981
0.230733
0.225486
0.217422
0.228418
0.231374
0.224213
0.227751
0.228153
0.228550
0.225950
0.221574
0.218734
0.225406
0.226356
0.228688
0.232696
0.236425
0.235129
0.231317
0.229010
0.239482
0.240630
0.233469
0.229442
0.231810
0.224202
0.222790
0.220213
0.214721
0.218450
0.212711
0.210653
0.209854
0.211373
0.208872
0.218021
0.227062
0.242337
0.248349
0.250136
0.244385
0.236786
0.241272
0.237942
0.239482
0.243139
0.240575
0.235464
0.234976
0.236420
0.234230
0.235900
0.238511
0.244420
0.247548
0.235363
0.233540
0.223432
0.228062
0.228543
0.221972
0.220076
0.222504
0.220159
0.215933
0.212819
0.208231
0.206155
0.204176
0.211511
0.220497
0.233670
0.236454
0.240365
0.238145
0.229974
0.230454
0.222764
0.225500
0.232093
0.230498
0.232189
0.227590
0.224141
0.220822
0.222990
0.219998
0.217146
0.218219
0.211345
0.214469
0.209040
0.206511
0.211599
0.211869
0.213952
0.208714
0.202166
0.193470
0.200659
0.203556
0.206508
0.206480
0.197286
0.197782
0.198657
0.207074
0.211196
0.216186
0.228215
0.223330
0.230704
0.232431
0.230109
0.231129
0.224382
0.226387
0.227333
0.223780
0.222849
0.216089
0.216933
0.217217
0.217502
0.222141
0.219609
0.239309
0.249406
0.239448
0.233020
0.219071
0.199723
0.190348
0.186713
0.190068
0.191040
0.188032
0.184276
0.177968
0.190533
0.191873
0.194626
0.201802
0.207483
0.213965
0.213799
0.209700
0.206929
0.209643
0.213199
0.211708
0.209179
0.208713
0.211173
0.232927
0.237867
0.236540
0.232233
0.240516
0.220161
0.217749
0.209724
0.202127
0.214690
0.217022
0.219432
0.214609
0.213105
0.250003
0.248629
0.220824
0.223605
0.268365
0.255369
0.255621
0.268090
0.260896
0.244503
0.229610
0.230693
0.245279
0.243970
0.233478
0.237539
0.230555
0.229600
0.247567
0.217559
0.209835
0.214876
0.219442
0.219738
0.223523
0.212144
0.209646
0.205103
0.197060
0.188790
0.189165
0.192380
0.188336
0.188294
0.193377
0.164806
0.160624
0.160149
0.161832
0.182521
0.206171
0.204506
0.200927
0.203605
0.200138
0.198948
0.199228
0.198977
0.201373
0.222936
0.235425
0.231898
0.227660
0.221520
0.217632
0.212019
0.214601
0.221089
0.219367
0.220923
0.211973
0.207851
0.201574
0.194632
0.186923
0.182786
0.181336
0.180246
0.179661
0.177038
0.175288
0.169560
0.161432
0.164224
0.163904
0.164141
0.162447
0.161019
0.158144
0.158375
0.158316
0.159661
0.160951
0.167543
0.175815
0.175861
0.177160
0.184079
0.195901
0.195579
0.201423
0.203713
0.192556
0.186071
0.180053
0.178957
0.179674
0.177760
0.171387
0.169161
0.176835
0.174309
0.164941
0.165058
0.155718
0.151994
0.151126
0.156118
0.160536
0.160557
0.160260
0.158071
0.159848
0.162009
0.168163
0.178547
0.177636
0.179056
0.178147
0.177194
0.180189
0.178472
0.176540
0.171304
0.168795
0.170623
0.170612
0.167998
0.164616
0.163312
0.160286
0.157835
0.153822
0.151612
0.150401
0.150514
0.148311
0.148384
0.145020
0.143397
0.146002
0.140532
0.143772
0.145404
0.146633
0.146994
0.147527
0.147601
0.163227
0.159793
0.158760
0.158996
0.156879
0.158214
0.155341
0.153700
0.153798
0.156037
0.153466
0.156842
0.163575
0.160032
0.164488
0.161227
0.157528
0.169192
0.169815
0.174550
0.175826
0.168634
0.163079
0.167509
0.161817
0.165214
0.167218
0.169140
0.160540
0.159552
0.160419
0.161364
0.160720
0.159892
0.159713
0.157687
0.152661
0.154017
0.154334
0.157136
0.155089
0.152866
0.154544
0.155269
0.159559
0.163567
0.164717
0.165655
0.162099
0.158255
0.158203
0.157198
0.156882
0.157069
0.158538
0.157918
0.155907
0.152840
0.152508
0.152607
0.152515
0.151378
0.156388
0.155515
0.160673
0.170226
0.167232
0.172091
0.177147
0.172844
0.167823
0.167137
0.164455
0.164239
0.163027
0.170667
0.185838
0.183370
0.176181
0.172242
0.179308
0.178459
0.176682
0.178326
0.184887
0.184154
0.178072
0.176257
0.176092
0.176335
0.178687
0.178612
0.176347
0.175755
0.174389
0.171896
0.168873
0.164964
0.162777
0.162231
0.161354
0.156107
0.157165
0.154051
0.153770
0.154029
0.150786
0.149035
0.149667
0.150425
0.150965
0.152968
0.152464
0.152404
0.153510
0.152562
0.147041
0.150705
0.153511
0.152923
0.151217
0.151942
0.150760
0.153329
0.151248
0.150191
0.152098
0.153386
0.154331
0.155884
0.159977
0.156136
0.153851
0.147288
0.158761
0.167088
0.168083
0.160575
0.161053
0.162395
0.160255
0.162081
0.161268
0.163554
0.165348
0.171153
0.177843
0.194660
0.196348
0.199460
0.202062
0.202813
0.197961
0.197556
0.186564
0.194909
0.188775
0.185874
0.190972
0.184074
0.184097
0.185946
0.185045
0.184121
0.181996
0.185994
0.217191
0.227968
0.228265
0.224951
0.219868
0.225110
0.227925
0.222910
0.215092
0.208947
0.205563
0.212658
0.195067
0.187445
0.178090
0.180292
0.179279
0.176244
0.183266
0.182983
0.164553
0.149979
0.145449
0.164948
0.158871
0.158330
0.163525
0.164315
0.164974
0.159329
0.155863
0.215072
0.155214
0.130961
0.122872
0.118656
0.125991
0.129051
0.137680
0.114615
0.130341
0.127869
0.116581
0.118750
0.118492
0.119690
0.133315
0.146690
0.139958
0.132969
0.134678
0.131964
0.137551
0.139377
0.135548
0.132390
0.136011
0.136904
0.139724
0.141720
0.145062
0.151523
0.159591
0.160307
0.161614
0.162032
0.160637
0.157687
0.154700
0.153256
0.151934
0.149241
0.153749
0.146202
0.150329
0.148407
0.145867
0.149799
0.153417
0.154801
0.151911
0.147643
0.145628
0.153352
0.147804
0.154103
0.154206
0.155154
0.154149
0.150661
0.146640
0.147651
0.148911
0.151843
0.147329
0.147412
0.148703
0.151539
0.154141
0.155674
0.154110
0.154739
0.155976
0.156453
0.155552
0.157453
0.171963
0.175446
0.174441
0.174973
0.173862
0.168252
0.168031
0.163496
0.163600
0.161539
0.160231
0.157755
0.156889
0.155832
0.156396
0.155827
0.155931
0.156983
0.161310
0.159071
0.155131
0.152824
0.150898
0.150627
0.148391
0.146810
0.158149
0.163857
0.173721
0.167595
0.161006
0.155705
0.157349
0.166076
0.176033
0.166538
0.164146
0.163113
0.165818
0.168041
0.174010
0.170096
0.169876
0.175778
0.172691
0.178322
0.188113
0.192042
0.195008
0.193195
0.192403
0.187045
0.184495
0.179861
0.180119
0.185539
0.188759
0.186895
0.186175
0.187923
0.197241
0.199984
0.195751
0.192268
0.188676
0.188468
0.187926
0.183445
0.181648
0.180643
0.183100
0.184513
0.187489
0.190037
0.192409
0.192852
0.191772
0.190825
0.189990
0.182773
0.184178
0.182459
0.186466
0.196305
0.199849
0.207841
0.210371
0.217014
0.215889
0.225943
0.232974
0.234503
0.238729
0.241219
0.242297
0.238378
0.240534
0.238612
0.234106
0.233646
0.233441
0.226273
0.224159
0.221105
0.220192
0.218195
0.207121
0.212170
0.212066
0.212053
0.204161
0.203449
0.204326
0.198475
0.197332
0.194055
0.194107
0.194229
0.195221
0.197610
0.193897
0.194533
0.194483
0.196522
0.199603
0.204400
0.206261
0.214661
0.224325
0.217323
0.211155
0.209384
0.211316
0.209965
0.207965
0.213479
0.207692
0.212760
0.217242
0.230919
0.232304
0.236465
0.236942
0.228340
0.231992
0.233608
0.230878
0.227304
0.214302
0.216092
0.206633
0.210064
0.199545
0.199234
0.189258
0.180440
0.176729
0.173761
0.169636
0.176067
0.177740
0.179950
0.183243
0.194406
0.190239
0.186869
0.192790
0.188050
0.191450
0.196128
0.197364
0.198025
0.201208
0.201012
0.198862
0.196553
0.196504
0.195395
0.197348
0.198582
0.202021
0.209170
0.204654
0.203395
0.203218
0.200706
0.201005
0.198995
0.196387
0.196912
0.196942
0.199197
0.206763
0.205797
0.198306
0.194423
0.191535
0.191717
0.194328
0.182721
0.176218
0.173075
0.170185
0.167169
0.164575
0.162486
0.161585
0.155466
0.154140
0.149550
0.151757
0.152414
0.147680
0.147724
0.145137
0.142135
0.141833
0.142358
0.140297
0.143387
0.147983
0.151846
0.157728
0.158884
0.160767
0.162450
0.160640
0.157736
0.153492
0.158422
0.157097
0.156367
0.157500
0.157804
0.161827
0.168597
0.171898
0.176052
0.181695
0.185923
0.183165
0.179692
0.177451
0.175306
0.175260
0.177215
0.183903
0.195273
0.197190
0.194852
0.200530
0.204893
0.206901
0.206981
0.213819
0.210391
0.208407
0.206927
0.203039
0.200205
0.198473
0.204420
0.207353
0.212643
0.217139
0.220227
0.222798
0.223824
0.224933
0.224714
0.224455
0.227725
0.228626
0.227390
0.229142
0.227774
0.228878
0.233740
0.235072
0.235864
0.240443
0.242170
0.236597
0.229982
0.228990
0.227699
0.229371
0.231124
0.229554
0.231979
0.233506
0.231604
0.228571
0.226479
0.225401
0.221829
0.218816
0.216526
0.216429
0.215383
0.215240
0.213529
0.217752
0.212378
0.200748
0.206101
0.195327
0.200986
0.203109
0.196096
0.196343
0.198124
0.201351
0.200065
0.199618
0.198174
0.195411
0.196091
0.195034
0.192801
0.195460
0.194788
0.195135
0.190533
0.187318
0.182734
0.181053
0.180251
0.182391
0.186053
0.189892
0.191816
0.200002
0.203571
0.205270
0.204732
0.203560
0.206080
0.202553
0.201181
0.200847
0.201203
0.201956
0.201698
0.205228
0.209880
0.212269
0.211500
0.210467
0.207407
0.213928
0.218684
0.220404
0.221845
0.223556
0.224857
0.222398
0.223271
0.224122
0.224374
0.222834
0.223598
0.224070
0.223881
0.228376
0.225743
0.227769
0.226792
0.223598
0.222974
0.223891
0.224339
0.225086
0.223014
0.227950
0.228031
0.227642
0.225813
0.224805
0.224535
0.223206
0.223094
0.223249
0.224650
0.222748
0.224972
0.224912
0.223632
0.221904
0.219349
0.219258
0.219045
0.218278
0.217061
0.217147
0.219460
0.219801
0.221463
0.219208
0.219328
0.218095
0.216129
0.220840
0.227953
0.224958
0.224229
0.221336
0.220487
0.220027
0.220035
0.221499
0.225328
0.220855
0.217897
0.216318
0.214820
0.214487
0.213659
0.214183
0.215924
0.215993
0.215508
0.213739
0.211921
0.211288
0.212456
0.212581
0.212100
0.213421
0.212944
0.214334
0.216446
0.217164
0.218248
0.218300
0.217804
0.216570
0.216842
0.216250
0.215773
0.214383
0.213046
0.210812
0.209085
0.210326
0.211498
0.208973
0.207452
0.207714
0.208472
0.208856
0.211303
0.215643
0.217705
0.214895
0.212150
0.211973
0.211609
0.211547
0.210585
0.211841
0.211794
0.213440
0.215053
0.213209
0.209617
0.205506
0.202566
0.202706
0.202548
0.198506
0.193661
0.190699
0.185318
0.183472
0.186816
0.188022
0.187897
0.185770
0.185123
0.186149
0.184422
0.184910
0.185731
0.188754
0.192692
0.188463
0.183578
0.183528
0.182718
0.181077
0.183856
0.182809
0.183136
0.182861
0.184884
0.185692
0.186697
0.185513
0.184474
0.183038
0.184214
0.184481
0.184784
0.186048
0.186386
0.185076
0.186040
0.184767
0.184689
0.185354
0.184637
0.185625
0.186484
0.188881
0.190894
0.194902
0.204545
0.209942
0.207926
0.204963
0.202930
0.209833
0.210929
0.211340
0.213944
0.214105
0.211866
0.209420
0.209742
0.208752
0.206955
0.208521
0.206843
0.202448
0.200239
0.201384
0.203813
0.203571
0.203940
0.205799
0.205766
0.206537
0.205820
0.198961
0.196102
0.189952
0.187520
0.187440
0.188601
0.188964
0.190645
0.192915
0.194383
0.196076
0.196037
0.195920
0.198322
0.199413
0.203442
0.205997
0.207721
0.208311
0.206862
0.204659
0.201776
0.204895
0.208495
0.209937
0.212326
0.210854
0.209958
0.208292
0.208126
0.210236
0.211258
0.214612
0.214134
0.213547
0.212373
0.215511
0.220380
0.220598
0.226850
0.222940
0.221598
0.219130
0.214998
0.212942
0.209514
0.207327
0.207119
0.205208
0.204550
0.207677
0.207233
0.204197
0.206257
0.205423
0.206132
0.209929
0.215780
0.222089
0.221263
0.220123
0.221895
0.227094
0.228117
0.228034
0.224972
0.225525
0.224483
0.221208
0.218066
0.216938
0.216531
0.215578
0.217830
0.218567
0.215957
0.215624
0.215778
0.211264
0.210596
0.212565
0.209856
0.206389
0.205187
0.203116
0.199981
0.204189
0.213872
0.208835
0.221874
0.228538
0.225686
0.239337
0.244869
0.253616
0.246380
0.246744
0.247513
0.250635
0.253897
0.242578
0.236677
0.231891
0.225658
0.220359
0.213593
0.212661
0.209280
0.203628
0.202179
0.205723
0.201008
0.199169
0.198205
0.195650
0.192845
0.189624
0.185258
0.186718
0.181315
0.176475
0.176387
0.176257
0.172140
0.170494
0.168055
0.167613
0.166390
0.163504
0.163889
0.162819
0.163079
0.163291
0.161055
0.160621
0.161652
0.168446
0.175800
0.182204
0.174137
0.172787
0.174397
0.179167
0.174042
0.171454
0.169709
0.169548
0.169607
0.172553
0.172551
0.173509
0.175833
0.168940
0.171263
0.171834
0.175264
0.177140
0.177500
0.176207
0.175658
0.175410
0.175431
0.175524
0.177197
0.177706
0.175191
0.170320
0.169456
0.172597
0.177880
0.175176
0.169361
0.187341
0.183555
0.190193
0.191705
0.190208
0.199358
0.214407
0.226170
0.219949
0.242168
0.242983
0.232109
0.208540
0.216892
0.218913
0.205124
0.200844
0.207186
0.202493
0.212407
0.223414
0.225250
0.215292
0.203072
0.204820
0.201060
0.207025
0.219274
0.241984
0.246188
0.221666
0.211828
0.209672
0.207745
0.201680
0.197450
0.202626
0.204838
0.208877
0.210464
0.211274
0.209500
0.213752
0.224151
0.228883
0.236687
0.237126
0.236394
0.235934
0.237319
0.234085
0.225522
0.222076
0.222263
0.224151
0.226158
0.225367
0.227390
0.227639
0.235540
0.237794
0.239553
0.236909
0.234953
0.238604
0.248494
0.245159
0.248666
0.240618
0.235246
0.232407
0.229078
0.236807
0.241902
0.246809
0.248237
0.249211
0.248944
0.240763
0.240415
0.239695
0.251941
0.259359
0.253494
0.247253
0.246825
0.247575
0.250160
0.248263
0.245170
0.246359
0.250252
0.260831
0.248780
0.248798
0.252201
0.256650
0.276599
0.268994
0.270840
0.311069
0.311328
0.308544
0.298867
0.305539
0.295246
0.282274
0.269293
0.284411
0.268838
0.266665
0.271316
0.265716
0.267472
0.284616
0.289737
0.295182
0.287442
0.285811
0.272916
0.279559
0.278596
0.279309
0.283720
0.284387
0.301503
0.310346
0.318776
0.325540
0.316738
0.314580
0.310807
0.316600
0.310783
0.315797
0.315938
0.335035
0.334453
0.332420
0.324537
0.312616
0.304012
0.302656
0.301155
0.301066
0.304449
0.306025
0.305736
0.298056
0.298719
0.301103
0.307705
0.308287
0.308419
0.308785
0.309481
0.313419
0.325475
0.341507
0.358927
0.364830
0.364978
0.358160
0.350407
0.346237
0.342359
0.336264
0.335783
0.328869
0.337507
0.328121
0.335788
0.348138
0.347616
0.359607
0.368833
0.359848
0.360106
0.373847
0.367271
0.352290
0.356973
0.356846
0.363144
0.376624
0.360776
0.340289
0.320291
0.300391
0.307058
0.328636
0.456514
0.377053
0.409411
0.429188
0.419279
0.423837
0.403147
0.376873
0.365492
0.358573
0.353550
0.356402
0.385937
0.401107
0.400529
0.396027
0.412089
0.395801
0.374299
0.353057
0.341957
0.334089
0.318458
0.331464
0.322081
0.320260
0.317210
0.310427
0.307131
0.307124
0.302526
0.286039
0.282201
0.289891
0.291182
0.286616
0.284156
0.290740
0.274381
0.267997
0.263159
0.255873
0.275684
0.276038
0.258356
0.260498
0.254507
0.275729
0.264008
0.258065
0.251034
0.244578
0.238174
0.236854
0.234382
0.233502
0.232620
0.235968
0.233106
0.232945
0.231810
0.230390
0.227325
0.227081
0.227317
0.221808
0.214863
0.211199
0.207249
0.205155
0.210505
0.211597
0.216830
0.216363
0.217728
0.211155
0.205532
0.207636
0.208402
0.204159
0.203317
0.202774
0.209415
0.210864
0.210828
0.210944
0.210425
0.208927
0.203864
0.208072
0.213581
0.213767
0.207599
0.200934
0.194274
0.194977
0.201493
0.201828
0.204836
0.205197
0.205820
0.203159
0.202451
0.200865
0.210430
0.207989
0.208498
0.206704
0.212090
0.217934
0.214207
0.209667
0.198218
0.197891
0.197954
0.197317
0.194411
0.192655
0.193297
0.188933
0.185942
0.183875
0.181586
0.181620
0.183794
0.181719
0.167000
0.163086
0.156606
0.159102
0.169805
0.176451
0.177226
0.178625
0.177295
0.179303
0.177145
0.176564
0.176776
0.178708
0.183666
0.186954
0.188492
0.189009
0.184111
0.182903
0.181903
0.180176
0.179600
0.179025
0.188577
0.185573
0.186050
0.187508
0.188962
0.187663
0.186899
0.186897
0.187549
0.182895
0.180921
0.179870
0.180194
0.180285
0.180015
0.181957
0.182908
0.182264
0.182807
0.180773
0.181456
0.184316
0.186928
0.187328
0.185147
0.182729
0.180817
0.183167
0.185193
0.187538
0.187395
0.184572
0.183814
0.183908
0.183352
0.184339
0.185734
0.187084
0.188422
0.188616
0.188702
0.187754
0.185628
0.185442
0.185848
0.187456
0.188357
0.187817
0.188030
0.188030
0.188035
0.186640
0.186892
0.186970
0.187255
0.187679
0.189873
0.191349
0.191273
0.190235
0.191557
0.190248
0.190398
0.188832
0.190754
0.191570
0.193507
0.196982
0.196803
0.197421
0.197197
0.196564
0.196621
0.195777
0.195743
0.196335
0.197530
0.198027
0.198639
0.198415
0.198696
0.198925
0.198245
0.197808
0.197782
0.197258
0.198011
0.200751
0.202024
0.200301
0.200514
0.200346
0.200203
0.199463
0.199930
0.199411
0.197701
0.196169
0.196657
0.196834
0.195795
0.195668
0.195588
0.196055
0.195114
0.198101
0.196824
0.198070
0.197686
0.199080
0.198919
0.199348
0.198839
0.198304
0.198281
0.198093
0.198977
0.198955
0.200740
0.210752
0.214165
0.213464
0.212840
0.212256
0.212264
0.212714
0.212308
0.210750
0.210503
0.210347
0.209723
0.209212
0.208615
0.208804
0.208953
0.208303
0.208155
0.208804
0.208804
0.206968
0.206537
0.205870
0.206761
0.206721
0.208184
0.209397
0.209597
0.209368
0.209757
0.210056
0.209420
0.210705
0.211272
0.211314
0.211342
0.212737
0.213053
0.212862
0.213105
0.213581
0.214671
0.215285
0.214832
0.217396
0.217347
0.217014
0.216157
0.217388
0.217702
0.219375
0.217177
0.219580
0.221819
0.222027
0.222640
0.226406
0.223870
0.226863
0.227311
0.228434
0.230579
0.228925
0.230470
0.228215
0.226878
0.227748
0.228324
0.228857
0.228621
0.228294
0.228169
0.227255
0.227416
0.227324
0.227151
0.227094
0.228106
0.233667
0.236080
0.235571
0.234929
0.233304
0.231330
0.229551
0.228013
0.234833
0.232267
0.232701
0.231766
0.230722
0.232813
0.233072
0.233358
0.233971
0.235822
0.234082
0.234896
0.234719
0.234356
0.234070
0.235103
0.236033
0.235477
0.235269
0.235589
0.233896
0.234844
0.235389
0.234849
0.233329
0.234792
0.233517
0.233537
0.234740
0.236069
0.236350
0.240537
0.240253
0.242892
0.241723
0.238212
0.238046
0.238477
0.237295
0.235958
0.239451
0.240318
0.241207
0.241414
0.242567
0.241900
0.241296
0.241004
0.238623
0.239685
0.239365
0.238880
0.238841
0.238978
0.238215
0.237913
0.239018
0.237991
0.237766
0.237923
0.237290
0.237095
0.236273
0.236784
0.237997
0.236888
0.236217
0.236015
0.235360
0.234693
0.234023
0.234316
0.234139
0.234368
0.233839
0.234576
0.234407
0.234395
0.235039
0.234407
0.234901
0.234584
0.235057
0.235303
0.236875
0.235516
0.234885
0.234023
0.234189
0.234096
0.233875
0.234384
0.233288
0.231737
0.231018
0.230961
0.230031
0.229395
0.230839
0.231654
0.232124
0.233181
0.232272
0.232070
0.231626
0.229758
0.230182
0.229202
0.230161
0.231522
0.231976
0.234330
0.236776
0.238563
0.241932
0.246343
0.250788
0.258255
0.253231
0.253481
0.252208
0.254476
0.260720
0.261992
0.261106
0.266660
0.265068
0.262288
0.261668
0.265093
0.269290
0.264306
0.263148
0.268812
0.271963
0.284707
0.294101
0.284580
0.287247
0.296623
0.303498
0.310468
0.310297
0.319800
0.307037
0.313107
0.312920
0.308469
0.306822
0.314338
0.313946
0.315089
0.316917
0.316221
0.316637
0.317348
0.318151
0.314824
0.314624
0.315421
0.313725
0.317254
0.318021
0.315842
0.314824
0.312494
0.309510
0.307294
0.305671
0.304406
0.302817
0.303838
0.305328
0.309111
0.308967
0.312050
0.309889
0.311795
0.310186
0.307988
0.306770
0.305050
0.305669
0.306970
0.306638
0.305695
0.305133
0.308339
0.306227
0.305762
0.306406
0.306471
0.312141
0.319208
0.323530
0.325335
0.322740
0.325429
0.322669
0.323885
0.325059
0.323919
0.325464
0.322425
0.327758
0.331633
0.331329
0.340889
0.335378
0.328975
0.328558
0.326306
0.326005
0.326604
0.324896
0.325103
0.326854
0.326057
0.324610
0.326345
0.330355
0.331944
0.330871
0.332009
0.333957
0.337284
0.337788
0.338590
0.337768
0.337050
0.337413
0.336510
0.336497
0.337825
0.335004
0.336253
0.334747
0.332843
0.338050
0.348925
0.346504
0.346673
0.345421
0.343772
0.341045
0.338092
0.337559
0.337588
0.334775
0.333983
0.334747
0.333908
0.332549
0.332207
0.330961
0.327597
0.328202
0.326675
0.325802
0.326062
0.325976
0.325387
0.327957
0.329064
0.328552
0.328023
0.327932
0.325997
0.325137
0.325252
0.324454
0.325259
0.325386
0.324452
0.326345
0.326747
0.325028
0.331825
0.341432
0.349888
0.350805
0.352036
0.353366
0.353748
0.352566
0.348254
0.346442
0.352114
0.359173
0.364834
0.360887
0.355293
0.354850
0.353722
0.352358
0.346964
0.344325
0.349837
0.352888
0.362128
0.391667
0.377107
0.372052
0.367108
0.361111
0.356989
0.351870
0.353953
0.354599
0.347379
0.343840
0.345135
0.351540
0.357937
0.358612
0.353210
0.348676
0.347094
0.344842
0.345333
0.343556
0.343125
0.339079
0.335622
0.348504
0.355473
0.373816
0.382476
0.386701
0.382234
0.386262
0.390653
0.383950
0.388197
0.395824
0.400357
0.400066
0.393842
0.396072
0.391677
0.387971
0.398406
0.410062
0.395030
0.394186
0.390823
0.382386
0.381537
0.381735
0.381763
0.376639
0.373876
0.365510
0.378324
0.380137
0.374567
0.372063
0.374424
0.375966
0.392292
0.393250
0.385763
0.377870
0.372517
0.376647
0.386841
0.418584
0.441161
0.435720
0.418409
0.407665
0.401739
0.405813
0.408488
0.401458
0.396939
0.396312
0.407323
0.417966
0.428694
0.460749
0.457495
0.454643
0.433042
0.432507
0.435115
0.431058
0.420773
0.417189
0.430533
0.443062
0.433941
0.435728
0.433509
0.446166
0.445407
0.444997
0.440049
0.447742
0.456962
0.452581
0.454440
0.443293
0.428352
0.422023
0.430351
0.432556
0.432871
0.459001
0.452692
0.452349
0.455924
0.454290
0.459474
0.461606
0.460110
0.453414
0.454087
0.449396
0.447984
0.453238
0.456469
0.452659
0.473569
0.465019
0.457237
0.459975
0.468987
0.468291
0.468932
0.465328
0.464294
0.464627
0.463216
0.478893
0.484583
0.493346
0.490640
0.482934
0.474425
0.469341
0.463840
0.458694
0.465684
0.468117
0.474992
0.486379
0.503634
0.504410
0.501781
0.486978
0.475150
0.463502
0.470546
0.466741
0.469304
0.467000
0.470506
0.476919
0.471400
0.467901
0.463115
0.457523
0.457913
0.470239
0.476498
0.493728
0.499434
0.517318
0.506475
0.494723
0.490442
0.486681
0.486910
0.476996
0.471195
0.463611
0.461055
0.460084
0.459770
0.461296
0.461164
0.461279
0.458217
0.457391
0.458926
0.457201
0.475163
0.469215
0.493876
0.504810
0.510028
0.503490
0.504612
0.497927
0.491821
0.483116
0.478737
0.473033
0.466670
0.459107
0.459052
0.472462
0.490840
0.481017
0.475635
0.481911
0.494356
0.487157
0.486518
0.477760
0.476290
0.481276
0.492876
0.495648
0.493959
0.491481
0.487375
0.482822
0.477350
0.474869
0.473599
0.473153
0.473576
0.465245
0.461126
0.463829
0.465182
0.455908
0.476249
0.497831
0.496748
0.486227
0.487054
0.496164
0.487679
0.483668
0.475955
0.473740
0.472519
0.469179
0.481898
0.485131
0.481575
0.482968
0.480895
0.485100
0.483975
0.483141
0.487313
0.481833
0.493162
0.501444
0.507558
0.506552
0.502174
0.495047
0.491850
0.493367
0.490809
0.491702
0.478856
0.484645
0.482497
0.480882
0.477492
0.473859
0.473459
0.469561
0.467237
0.472083
0.471309
0.472355
0.481140
0.500463
0.507600
0.508871
0.513470
0.517824
0.512427
0.515022
0.515243
0.513724
0.512827
0.512219
0.505002
0.502327
0.502275
0.501735
0.501213
0.499600
0.499335
0.499002
0.496860
0.490198
0.494286
0.500392
0.505474
0.519256
0.522089
0.518681
0.516185
0.518162
0.530888
0.538196
0.535472
0.533298
0.533376
0.530099
0.526483
0.524400
0.522637
0.516746
0.515949
0.513814
0.516303
0.520613
0.519239
0.518268
0.518891
0.520665
0.520889
0.520554
0.523169
0.525219
0.523850
0.522665
0.519071
0.520858
0.523800
0.523486
0.530795
0.529738
0.528016
0.528647
0.527842
0.530064
0.527610
0.525140
0.521411
0.520670
0.522206
0.520915
0.521757
0.532859
0.534204
0.532054
0.530590
0.532405
0.533989
0.535378
0.534267
0.534911
0.535301
0.536285
0.533571
0.533431
0.529646
0.534839
0.536924
0.538085
0.538114
0.535984
0.539225
0.540001
0.543269
0.542058
0.547998
0.548266
0.548928
0.547152
0.549422
0.547692
0.547697
0.548258
0.547479
0.554151
0.552058
0.550343
0.545975
0.548408
0.548494
0.547149
0.547100
0.553099
0.556124
0.562075
0.561137
0.559966
0.557984
0.557893
0.559868
0.560517
0.559195
0.556169
0.553533
0.552948
0.552696
0.551705
0.551399
0.551289
0.548107
0.552993
0.558127
0.558829
0.558280
0.557031
0.557572
0.562298
0.564095
0.562543
0.564301
0.564844
0.581102
0.580723
0.574362
0.573851
0.576214
0.573443
0.570064
0.568163
0.566404
0.568786
0.570459
0.570741
0.571664
0.570305
0.571074
0.572206
0.573142
0.578331
0.577520
0.577320
0.578734
0.580491
0.583429
0.582393
0.581907
0.580642
0.580081
0.578822
0.578967
0.578759
0.578661
0.579284
0.584125
0.590395
0.594578
0.594220
0.597784
0.599669
0.601944
0.600863
0.600189
0.600300
0.598716
0.597539
0.596815
0.596534
0.596051
0.594633
0.593564
0.593496
0.593347
0.595220
0.596978
0.598327
0.599446
0.602409
0.605964
0.607448
0.606383
0.606861
0.608645
0.612273
0.616076
0.617385
0.616138
0.613421
0.610473
0.611164
0.611666
0.614450
0.612624
0.618239
0.618208
0.619569
0.617857
0.617574
0.621555
0.620600
0.619865
0.625760
0.628968
0.632802
0.638479
0.641821
0.646382
0.650444
0.652067
0.648054
0.647854
0.649473
0.653335
0.647262
0.655859
0.664331
0.666474
0.665331
0.663342
0.664692
0.662583
0.658638
0.662295
0.661342
0.662240
0.661040
0.660877
0.658832
0.657968
0.655194
0.654516
0.654625
0.656387
0.655194
0.653010
0.650605
0.648498
0.648337
0.650459
0.660441
0.659700
0.665079
0.667344
0.664357
0.662259
0.659256
0.658555
0.658046
0.655415
0.654342
0.654072
0.654158
0.653818
0.654228
0.655217
0.656763
0.663271
0.678533
0.682272
0.689064
0.696105
0.697881
0.697567
0.698011
0.694884
0.691518
0.690568
0.696113
0.696209
0.703086
0.704945
0.701498
0.702925
0.701733
0.699068
0.697985
0.697728
0.697952
0.699527
0.702932
0.705267
0.705742
0.704353
0.702375
0.703226
0.706792
0.708335
0.707301
0.708564
0.706226
0.703699
0.703933
0.705576
0.706013
0.705811
0.708750
0.710470
0.710750
0.711661
0.709903
0.713241
0.714131
0.712464
0.711612
0.716337
0.717550
0.718690
0.720222
0.719588
0.720381
0.720141
0.719009
0.718176
0.717970
0.718407
0.717765
0.718716
0.719070
0.722399
0.723086
0.725941
0.729648
0.734218
0.735776
0.736555
0.735842
0.734548
0.733470
0.731740
0.736327
0.742425
0.743971
0.742685
0.742765
0.742001
0.740512
0.740057
0.741067
0.740319
0.740545
0.738325
0.737745
0.737851
0.739075
0.739625
0.740158
0.739446
0.740142
0.745360
0.751772
0.754014
0.757785
0.757463
0.755928
0.758813
0.760018
0.760924
0.761067
0.761785
0.759018
0.746316
0.748682
0.750328
0.768828
0.766426
0.768358
0.767322
0.767709
0.770140
0.776602
0.778524
0.776321
0.778830
0.783287
0.786156
0.786642
0.788492
0.785526
0.790917
0.798306
0.795935
0.791421
0.791538
0.792332
0.791436
0.791870
0.791039
0.790678
0.790846
0.789575
0.793390
0.797877
0.798241
0.798507
0.798387
0.799875
0.799342
0.799088
0.797545
0.800062
0.803971
0.807162
0.809767
0.810788
0.810640
0.812414
0.813837
0.814910
0.813681
0.813658
0.813813
0.811687
0.812596
0.813198
0.813837
0.813378
0.813515
0.813079
0.809206
0.789112
0.789611
0.784401
0.783552
0.782773
0.784762
0.785931
0.789406
0.796855
0.805278
0.830781
0.843443
0.847135
0.847027
0.849053
0.851130
0.847045
0.845582
0.846580
0.847587
0.848769
0.847185
0.843884
0.845694
0.848367
0.850792
0.852462
0.852593
0.853306
0.854031
0.856447
0.859485
0.861298
0.862243
0.872697
0.880717
0.883187
0.882647
0.883122
0.880613
0.879468
0.877213
0.876120
0.871627
0.870032
0.870251
0.874146
0.878629
0.879660
0.879115
0.878759
0.877938
0.878860
0.878369
0.880023
0.881049
0.880268
0.881413
0.886213
0.887896
0.886114
0.891189
0.893025
0.890918
0.889407
0.889051
0.890833
0.891942
0.891446
0.891142
0.893124
0.895207
0.895936
0.895677
0.896308
0.898090
0.898376
0.899973
0.900328
0.901126
0.902556
0.902842
0.902692
0.903405
0.907050
0.909972
0.910052
0.908808
0.909501
0.910740
0.910977
0.912986
0.914065
0.916942
0.919823
0.919214
0.918054
0.917101
0.922259
0.926313
0.927425
0.928009
0.928170
0.928715
0.927826
0.928003
0.927141
0.927578
0.926505
0.927354
0.927687
0.926998
0.926224
0.924983
0.925206
0.925523
0.926437
0.926981
0.927045
0.928492
0.929692
0.928946
0.929600
0.929933
0.931197
0.931752
0.932928
0.933245
0.934627
0.934351
0.935068
0.934783
0.937860
0.940795
0.938629
0.937327
0.937522
0.939561
0.940667
0.941265
0.940823
0.939698
0.940673
0.941792
0.941724
0.941153
0.941288
0.941953
0.941208
0.947535
0.951102
0.952645
0.953568
0.952518
0.954245
0.951321
0.949376
0.950607
0.951477
0.951522
0.951994
0.952041
0.952999
0.953217
0.954401
0.954726
0.953934
0.953572
0.954939
0.956328
0.954770
0.953263
0.952562
0.954016
0.954817
0.954978
0.952848
0.952458
0.952900
0.954632
0.958817
0.958739
0.960401
0.960645
0.961834
0.960915
0.959793
0.961442
0.960105
0.956408
0.957489
0.959344
0.961990
0.963005
0.963057
0.961442
0.961983
0.963458
0.964567
0.966680
0.968551
0.968496
0.966673
0.964925
0.966364
0.972685
0.973742
0.973803
0.975377
0.976473
0.962912
0.973357
0.973690
0.973958
0.973527
0.973171
0.973142
0.972566
0.971501
0.969072
0.967478
0.968138
0.968820
0.971441
0.972317
0.973070
0.975091
0.978014
0.977207
0.976794
0.974475
0.974859
0.972205
0.973168
0.978186
0.979423
0.980215
0.977223
0.976942
0.980017
0.983468
0.984648
0.983913
0.983059
0.989884
0.993377
0.993702
0.992099
0.987954
0.987702
0.987801
0.988333
0.987048
0.988079
0.991125
0.992226
0.990634
0.990313
0.992255
0.994770
0.996615
0.996343
0.998514
1.000000
0.999547
