0.682912
0.680109
0.679002
0.677855
0.679947
0.683183
0.685683
0.688352
0.691958
0.695125
0.697886
0.699156
0.699714
0.699122
0.699854
0.696217
0.693399
0.692351
0.692419
0.694256
0.696655
0.698050
0.698401
0.697925
0.697760
0.698287
0.698325
0.698235
0.697722
0.697186
0.697624
0.697526
0.697680
0.697568
0.697288
0.696541
0.697092
0.696206
0.696070
0.695678
0.694999
0.696138
0.696508
0.696149
0.694965
0.695191
0.694987
0.693621
0.693331
0.693519
0.693998
0.694624
0.694741
0.695796
0.696879
0.697320
0.697734
0.698085
0.698582
0.698420
0.698526
0.698171
0.698367
0.698533
0.698163
0.698785
0.698883
0.698747
0.698887
0.699528
0.699121
0.698479
0.698230
0.697860
0.698524
0.698456
0.698275
0.698399
0.698588
0.698656
0.699085
0.699436
0.699232
0.699572
0.699624
0.699323
0.699549
0.699055
0.698873
0.699009
0.699197
0.697994
0.695391
0.697020
0.697884
0.699909
0.698362
0.698026
0.697788
0.695218
0.696312
0.697922
0.698597
0.699241
0.699082
0.698882
0.698629
0.699024
0.699420
0.701807
0.700626
0.702304
0.702541
0.703442
0.703611
0.705131
0.706032
0.705345
0.705628
0.706110
0.706853
0.706604
0.706449
0.707203
0.707573
0.707452
0.707270
0.707067
0.707768
0.707779
0.707809
0.708699
0.709292
0.709865
0.709186
0.708846
0.708665
0.708918
0.708880
0.708766
0.708856
0.708283
0.707351
0.706717
0.707407
0.707731
0.708580
0.708613
0.699123
0.563764
0.563448
0.679915
0.569096
0.564692
0.630764
0.711301
0.712387
0.712115
0.712529
0.710782
0.710141
0.710420
0.710284
0.710672
0.711932
0.712652
0.713150
0.713870
0.714111
0.713790
0.713315
0.714386
0.714568
0.714443
0.714635
0.714688
0.714647
0.714402
0.714085
0.713677
0.713187
0.712810
0.712764
0.712651
0.713371
0.713103
0.713125
0.712944
0.713498
0.713687
0.713709
0.713215
0.713765
0.713912
0.713606
0.713519
0.713394
0.713756
0.712809
0.713144
0.712427
0.711695
0.708756
0.711475
0.711528
0.713598
0.714544
0.715633
0.715803
0.716726
0.717333
0.718671
0.718947
0.718776
0.718579
0.718923
0.719341
0.720261
0.718944
0.719355
0.720320
0.720784
0.720108
0.719889
0.720142
0.720771
0.720688
0.721468
0.722483
0.722392
0.722795
0.723304
0.723462
0.723729
0.725034
0.725377
0.724954
0.719971
0.720800
0.723415
0.723090
0.721316
0.721331
0.718871
0.718108
0.717836
0.722332
0.724606
0.725578
0.722716
0.577883
0.578151
0.582615
0.588381
0.584898
0.673215
0.727084
0.725956
0.726623
0.727995
0.726081
0.727619
0.730252
0.730247
0.729083
0.731618
0.733959
0.733257
0.730846
0.731596
0.733171
0.734348
0.735267
0.736155
0.737038
0.737945
0.737529
0.738276
0.741417
0.742397
0.743961
0.745907
0.746601
0.747162
0.747252
0.748557
0.750224
0.753574
0.754222
0.755181
0.756882
0.757381
0.755804
0.755680
0.755556
0.757161
0.756105
0.755396
0.754998
0.753674
0.753294
0.752797
0.751964
0.748808
0.744327
0.735508
0.734268
0.733374
0.732192
0.731954
0.733334
0.734997
0.737184
0.737254
0.737781
0.739074
0.742340
0.744244
0.745515
0.744696
0.743975
0.743095
0.742510
0.743087
0.742667
0.743082
0.743847
0.745008
0.748534
0.747625
0.747040
0.747193
0.747012
0.747913
0.749614
0.751194
0.751383
0.751876
0.751382
0.751902
0.751698
0.752286
0.753471
0.753591
0.753885
0.754368
0.755507
0.755372
0.754255
0.752648
0.751735
0.751720
0.751690
0.751565
0.751731
0.751338
0.750931
0.751440
0.752288
0.752635
0.753241
0.754501
0.745635
0.747672
0.747064
0.749353
0.750171
0.749379
0.748370
0.747921
0.749466
0.753532
0.754059
0.753665
0.753755
0.754727
0.755838
0.756909
0.758330
0.760015
0.762232
0.762608
0.762687
0.764029
0.763767
0.763767
0.765060
0.765976
0.767654
0.768351
0.769116
0.767913
0.767867
0.767833
0.768700
0.768632
0.767889
0.768058
0.768805
0.771902
0.772362
0.772735
0.630154
0.767302
0.632467
0.765493
0.764912
0.765964
0.770154
0.769882
0.770669
0.772694
0.775587
0.775591
0.774670
0.774602
0.775488
0.775243
0.775515
0.775108
0.775357
0.776021
0.775629
0.775289
0.775199
0.775188
0.775550
0.774139
0.771978
0.771593
0.770872
0.771076
0.772426
0.773799
0.775395
0.775885
0.776322
0.776224
0.774613
0.771942
0.773893
0.774285
0.773655
0.773745
0.774681
0.775084
0.775223
0.775389
0.775087
0.774295
0.774514
0.773495
0.774061
0.774909
0.775448
0.774973
0.774422
0.772890
0.774591
0.775266
0.775895
0.776412
0.776604
0.776841
0.776943
0.776897
0.776976
0.777662
0.775285
0.774286
0.776851
0.775319
0.776453
0.777400
0.779433
0.779331
0.779756
0.779915
0.780929
0.781370
0.782192
0.782543
0.781275
0.780542
0.781018
0.780999
0.780591
0.780576
0.648896
0.642804
0.637539
0.640268
0.748345
0.784001
0.783865
0.784057
0.784747
0.786277
0.785873
0.785982
0.783572
0.783089
0.784616
0.785253
0.786965
0.788111
0.788304
0.788190
0.786035
0.783109
0.782279
0.783188
0.784225
0.784451
0.784791
0.786367
0.787479
0.786133
0.787086
0.788405
0.789495
0.789721
0.791037
0.791410
0.791870
0.791131
0.790976
0.791715
0.793092
0.793076
0.792650
0.793250
0.793446
0.792706
0.792163
0.791673
0.791673
0.790828
0.790926
0.791465
0.791737
0.791963
0.792344
0.792246
0.792841
0.792593
0.792212
0.792446
0.792593
0.792359
0.792921
0.793199
0.793153
0.793776
0.794111
0.793934
0.794225
0.794010
0.794643
0.794293
0.794161
0.793742
0.792614
0.792381
0.792071
0.792358
0.792411
0.791016
0.789046
0.788691
0.789925
0.792369
0.794202
0.795511
0.797423
0.799128
0.801395
0.805669
0.808827
0.809201
0.808571
0.808500
0.807185
0.808004
0.672275
0.673857
0.804545
0.805812
0.799850
0.794516
0.801906
0.808119
0.806618
0.803612
0.798321
0.813007
0.805943
0.796876
0.788902
0.782377
0.775328
0.768240
0.762359
0.758296
0.751184
0.747233
0.743044
0.741464
0.739474
0.738302
0.736680
0.736602
0.736848
0.734551
0.722234
0.716998
0.715726
0.716288
0.717603
0.724524
0.727688
0.730760
0.735730
0.737264
0.737938
0.740329
0.746624
0.753134
0.754850
0.752740
0.754611
0.751702
0.745994
0.741282
0.743040
0.748933
0.758734
0.771273
0.771756
0.784320
0.806308
0.807054
0.802234
0.807309
0.808938
0.807183
0.803437
0.797908
0.790945
0.790399
0.782818
0.772394
0.757136
0.744413
0.735395
0.728659
0.723928
0.717677
0.711430
0.705382
0.698907
0.690278
0.684093
0.681547
0.676693
0.669553
0.662226
0.657201
0.654104
0.653896
0.648518
0.645409
0.644419
0.642098
0.637875
0.634928
0.630889
0.624209
0.619484
0.618236
0.619588
0.622882
0.627198
0.635389
0.640810
0.643180
0.649341
0.646729
0.644509
0.643060
0.642334
0.639998
0.636840
0.634194
0.634073
0.629779
0.626873
0.624352
0.624849
0.622275
0.619943
0.618464
0.616471
0.623087
0.628205
0.626122
0.620066
0.615128
0.612718
0.606191
0.606760
0.606589
0.603311
0.600820
0.608119
0.610785
0.609076
0.611333
0.609266
0.606007
0.604287
0.599830
0.593935
0.588934
0.582511
0.575899
0.569295
0.564094
0.560329
0.556704
0.554338
0.550003
0.547721
0.543649
0.538793
0.536426
0.535470
0.530633
0.527571
0.525849
0.523674
0.523057
0.522436
0.522091
0.522766
0.521187
0.520362
0.520774
0.517435
0.514054
0.515117
0.515181
0.515526
0.515371
0.515353
0.515689
0.514396
0.507952
0.513342
0.513564
0.513516
0.378987
0.368974
0.496968
0.366891
0.484411
0.509779
0.509218
0.507793
0.507118
0.505836
0.505101
0.504630
0.504193
0.504461
0.503583
0.504156
0.503854
0.502550
0.502772
0.501882
0.502852
0.502188
0.502031
0.501925
0.504834
0.507227
0.509521
0.373884
0.374600
0.516769
0.519652
0.520355
0.523555
0.523719
0.522635
0.520982
0.520611
0.518664
0.515622
0.512423
0.508853
0.502768
0.498968
0.497632
0.493791
0.491239
0.489068
0.487848
0.489488
0.488430
0.486595
0.483013
0.482728
0.479856
0.481110
0.479791
0.478933
0.476616
0.473841
0.472764
0.468854
0.466702
0.469295
0.467920
0.471188
0.471858
0.473432
0.475788
0.475770
0.477798
0.478600
0.475928
0.472687
0.469261
0.465047
0.462907
0.461850
0.461054
0.466139
0.468304
0.463887
0.458617
0.454381
0.452888
0.450315
0.448033
0.449728
0.449272
0.452683
0.453499
0.448701
0.443187
0.440464
0.440017
0.436673
0.434687
0.428493
0.424172
0.419914
0.414416
0.407102
0.403667
0.399183
0.394250
0.391149
0.388630
0.385115
0.381649
0.378355
0.374213
0.370100
0.366753
0.363996
0.359777
0.356917
0.354652
0.352500
0.352038
0.348830
0.347229
0.345619
0.343742
0.342817
0.341294
0.338746
0.336654
0.336467
0.335978
0.335367
0.334354
0.333498
0.332326
0.330940
0.330447
0.328732
0.326976
0.324959
0.324477
0.325557
0.325614
0.326358
0.324767
0.326491
0.328016
0.325482
0.329022
0.332710
0.330063
0.329702
0.330594
0.328449
0.326742
0.324067
0.322515
0.320503
0.317955
0.315000
0.312248
0.309862
0.308072
0.305943
0.303892
0.301752
0.299709
0.297432
0.151921
0.154163
0.157061
0.293037
0.290767
0.149567
0.143643
0.289211
0.288627
0.288940
0.288295
0.288017
0.287893
0.288286
0.289109
0.288325
0.287812
0.287081
0.286565
0.286237
0.284956
0.283975
0.282196
0.280862
0.280232
0.280096
0.279252
0.278981
0.278703
0.277417
0.276493
0.276184
0.276105
0.278353
0.279322
0.280041
0.281056
0.281033
0.281270
0.281753
0.282398
0.282069
0.281757
0.281927
0.280868
0.278858
0.278711
0.277516
0.278060
0.277366
0.276702
0.275907
0.275210
0.274603
0.273563
0.272062
0.272087
0.271301
0.270008
0.271381
0.273194
0.273635
0.272429
0.271880
0.271447
0.271403
0.271753
0.273298
0.272743
0.272619
0.272073
0.271463
0.270456
0.269050
0.267764
0.267639
0.267583
0.267810
0.266389
0.265722
0.265522
0.264915
0.264214
0.263890
0.263452
0.263301
0.263527
0.264044
0.264983
0.265454
0.265028
0.264173
0.262665
0.261805
0.262186
0.262469
0.262265
0.261925
0.262004
0.262106
0.263079
0.263460
0.264173
0.264225
0.263656
0.263328
0.263810
0.264153
0.264229
0.265239
0.265634
0.266170
0.266682
0.266366
0.265895
0.266468
0.267158
0.266581
0.267283
0.266989
0.267079
0.267098
0.266910
0.265930
0.266372
0.265949
0.264894
0.264981
0.264996
0.264601
0.263994
0.262192
0.261604
0.262252
0.263383
0.263866
0.264069
0.264986
0.265649
0.266426
0.266350
0.266991
0.266799
0.266991
0.267089
0.267225
0.267979
0.267757
0.267901
0.268150
0.268452
0.268366
0.267544
0.266787
0.266293
0.265392
0.265046
0.265121
0.265292
0.264244
0.262449
0.119900
0.121377
0.206422
0.140583
0.263152
0.262692
0.261811
0.220271
0.263103
0.262824
0.264257
0.264423
0.264298
0.263895
0.263477
0.262994
0.262719
0.261393
0.261133
0.260646
0.260089
0.260311
0.260017
0.259580
0.258793
0.257568
0.257247
0.257417
0.257654
0.257281
0.256794
0.256606
0.256772
0.255671
0.255150
0.255285
0.255870
0.256624
0.257019
0.256797
0.257143
0.257516
0.257686
0.257874
0.257765
0.258512
0.257833
0.257214
0.257233
0.257233
0.257969
0.258043
0.258711
0.258405
0.257967
0.257662
0.257265
0.257322
0.257442
0.257559
0.258166
0.258393
0.258642
0.258269
0.258868
0.258166
0.258902
0.258463
0.258930
0.259439
0.259307
0.259476
0.259804
0.259935
0.260689
0.260802
0.260824
0.261643
0.262359
0.262166
0.262204
0.262490
0.259891
0.255212
0.255144
0.255657
0.256246
0.256620
0.258116
0.116937
0.241758
0.119181
0.262173
0.263625
0.264859
0.125343
0.129486
0.269443
0.268530
0.269227
0.269788
0.271210
0.271214
0.271010
0.271522
0.272281
0.273759
0.275211
0.275596
0.275416
0.275767
0.276666
0.277163
0.277533
0.277108
0.276648
0.276565
0.275250
0.275740
0.275127
0.274426
0.273853
0.273594
0.272927
0.272750
0.271499
0.271484
0.271315
0.271420
0.271108
0.270923
0.270459
0.269909
0.269348
0.268707
0.267343
0.267181
0.266710
0.266409
0.265855
0.265395
0.265180
0.265255
0.264716
0.263929
0.262564
0.262236
0.261248
0.260649
0.259594
0.260095
0.260042
0.260110
0.259703
0.259635
0.259385
0.258540
0.258711
0.259016
0.259623
0.259203
0.258147
0.259473
0.258957
0.257579
0.258440
0.257573
0.255713
0.254834
0.256512
0.258563
0.259939
0.258844
0.259134
0.259485
0.260521
0.259563
0.257567
0.257465
0.258916
0.260689
0.262258
0.264113
0.264577
0.265847
0.266164
0.266446
0.266507
0.266899
0.267291
0.267604
0.268139
0.267785
0.121252
0.182887
0.269602
0.268769
0.267971
0.268612
0.266765
0.264926
0.263893
0.264398
0.265332
0.266674
0.267813
0.267775
0.267957
0.268802
0.268904
0.268188
0.267690
0.267562
0.267091
0.266740
0.265821
0.264848
0.264943
0.265131
0.264916
0.264943
0.264064
0.263645
0.263800
0.263822
0.264478
0.263822
0.263354
0.263100
0.263802
0.263979
0.264175
0.263960
0.264914
0.265526
0.265412
0.265502
0.265796
0.265234
0.266422
0.266762
0.266166
0.124031
0.135446
0.137820
0.278199
0.128447
0.278402
0.277466
0.277760
0.277858
0.278315
0.278405
0.278759
0.278962
0.277136
0.277800
0.279339
0.280002
0.280206
0.279572
0.279527
0.278546
0.278380
0.278365
0.278704
0.279941
0.280194
0.280654
0.280228
0.279787
0.278528
0.278984
0.278268
0.278121
0.277794
0.278254
0.279811
0.280745
0.281096
0.280979
0.281733
0.282242
0.282291
0.282155
0.282332
0.282287
0.281937
0.281115
0.280560
0.280067
0.279596
0.279404
0.278797
0.278247
0.278349
0.278022
0.278539
0.279245
0.278909
0.278853
0.278462
0.277839
0.277613
0.277278
0.276908
0.276633
0.276102
0.275340
0.273880
0.272904
0.274202
0.274821
0.274304
0.273625
0.272999
0.273029
0.272950
0.273388
0.272588
0.273403
0.274271
0.274067
0.275142
0.274889
0.275689
0.275734
0.275139
0.275293
0.275192
0.275072
0.274845
0.274593
0.275201
0.275238
0.274876
0.274473
0.274722
0.275353
0.274855
0.274565
0.274690
0.274181
0.273212
0.272703
0.272398
0.271274
0.270520
0.269619
0.269548
0.268862
0.268662
0.267995
0.267570
0.267400
0.266839
0.266020
0.267661
0.268886
0.270051
0.270959
0.271005
0.272309
0.272245
0.271034
0.270093
0.269170
0.266005
0.262776
0.263553
0.264942
0.266579
0.267967
0.268529
0.269053
0.267680
0.268922
0.269726
0.269171
0.269450
0.269858
0.269183
0.269259
0.269636
0.268924
0.267898
0.267569
0.266329
0.266024
0.264696
0.264674
0.264746
0.265203
0.261732
0.260620
0.261615
0.262362
0.263121
0.264561
0.265146
0.266489
0.266881
0.268217
0.269567
0.270141
0.270612
0.270356
0.271757
0.271497
0.270415
0.269514
0.270439
0.272877
0.272210
0.271939
0.270763
0.269738
0.270203
0.269491
0.268618
0.267073
0.265901
0.253565
0.154993
0.210863
0.255096
0.252464
0.251850
0.250900
0.250746
0.250992
0.251298
0.249892
0.249413
0.249240
0.249372
0.249663
0.249218
0.248830
0.248223
0.246307
0.245100
0.245235
0.245866
0.245164
0.244568
0.243984
0.243071
0.242600
0.242600
0.242996
0.240917
0.239363
0.239959
0.240362
0.241754
0.241467
0.242134
0.241930
0.243431
0.244321
0.244234
0.244309
0.244275
0.244392
0.244278
0.244983
0.245299
0.245884
0.246110
0.246755
0.243902
0.243140
0.244173
0.246078
0.248266
0.247824
0.247507
0.246141
0.245315
0.245379
0.246495
0.248297
0.250296
0.251205
0.251034
0.251913
0.252316
0.252588
0.251732
0.251690
0.250845
0.249997
0.248817
0.248726
0.248260
0.251454
0.252446
0.252265
0.253241
0.253189
0.253178
0.253381
0.253359
0.249772
0.248983
0.250315
0.250304
0.249312
0.250741
0.251462
0.250752
0.251959
0.252136
0.251944
0.252039
0.252039
0.252367
0.252650
0.253234
0.253253
0.253864
0.254510
0.256143
0.255928
0.256382
0.255940
0.255040
0.254546
0.253833
0.253139
0.199405
0.113327
0.253688
0.253571
0.254081
0.253481
0.254814
0.254049
0.255268
0.255355
0.254477
0.256217
0.255380
0.257082
0.256770
0.255515
0.256308
0.254797
0.257043
0.256410
0.255412
0.253996
0.254310
0.252980
0.249847
0.246838
0.244074
0.241087
0.238685
0.237359
0.236571
0.236266
0.235803
0.235649
0.236121
0.236495
0.236638
0.236333
0.235704
0.234656
0.233450
0.231949
0.230906
0.230574
0.230171
0.229044
0.228772
0.228527
0.228644
0.228726
0.228794
0.228908
0.229014
0.228658
0.228561
0.228384
0.227459
0.227116
0.227369
0.226271
0.225641
0.223981
0.224332
0.225629
0.225776
0.226089
0.226650
0.225315
0.224063
0.223286
0.223768
0.223274
0.223881
0.223586
0.223261
0.222355
0.222188
0.221383
0.220802
0.224083
0.225795
0.226786
0.227886
0.227135
0.223942
0.225398
0.228215
0.230251
0.229465
0.228853
0.230421
0.232559
0.234626
0.237997
0.239109
0.237893
0.237240
0.238070
0.239235
0.240087
0.240340
0.240947
0.241633
0.241071
0.241814
0.243032
0.243978
0.243978
0.244001
0.244608
0.244853
0.245407
0.246116
0.246456
0.247652
0.247776
0.247301
0.246996
0.247743
0.246672
0.246348
0.246366
0.246518
0.246009
0.245903
0.245481
0.244632
0.244021
0.243482
0.242041
0.241770
0.240857
0.239396
0.237510
0.238498
0.239909
0.239874
0.240164
0.238410
0.238858
0.240812
0.242238
0.242520
0.242848
0.243142
0.241010
0.241277
0.241009
0.240831
0.242283
0.242000
0.241029
0.242251
0.244027
0.245697
0.246723
0.246258
0.245314
0.246555
0.246301
0.247745
0.247473
0.249105
0.249584
0.250730
0.252571
0.252683
0.253750
0.253131
0.253795
0.253301
0.251259
0.251123
0.252670
0.253480
0.253544
0.252714
0.251438
0.251906
0.252837
0.253960
0.254394
0.255955
0.256837
0.256104
0.254614
0.256069
0.256133
0.255479
0.251548
0.141647
0.255312
0.253474
0.253025
0.252929
0.252072
0.249268
0.250678
0.248760
0.249381
0.252284
0.253829
0.256162
0.256409
0.256894
0.259586
0.262685
0.265501
0.267842
0.270685
0.273354
0.274515
0.275295
0.277365
0.278907
0.280295
0.281075
0.281897
0.281908
0.282168
0.282605
0.282979
0.283438
0.284498
0.284645
0.284170
0.284015
0.284004
0.284536
0.284770
0.284004
0.282759
0.282865
0.283846
0.283408
0.283959
0.284321
0.284351
0.284140
0.284253
0.284574
0.284642
0.284182
0.283842
0.283586
0.283213
0.283971
0.283394
0.283485
0.283365
0.283756
0.283719
0.283666
0.283617
0.283644
0.283467
0.283014
0.282788
0.132972
0.283157
0.283331
0.283293
0.283497
0.283671
0.284323
0.284489
0.284364
0.283187
0.283157
0.283271
0.283697
0.283411
0.283237
0.282845
0.282592
0.282238
0.281559
0.280733
0.280405
0.280013
0.279934
0.281673
0.281522
0.281299
0.282167
0.282355
0.282529
0.282762
0.282484
0.281771
0.282032
0.280649
0.278813
0.277204
0.278067
0.277222
0.277614
0.277373
0.276814
0.276603
0.276802
0.277635
0.279449
0.279430
0.278841
0.277740
0.277929
0.278238
0.278080
0.278336
0.278524
0.279169
0.279033
0.279373
0.279406
0.278244
0.278244
0.278459
0.278617
0.278764
0.278839
0.278975
0.279160
0.279144
0.279993
0.280589
0.280298
0.280712
0.280441
0.280859
0.281670
0.282100
0.282334
0.282236
0.281828
0.281986
0.281964
0.281489
0.281209
0.281477
0.282344
0.281730
0.281684
0.279916
0.138881
0.133914
0.278050
0.278540
0.279260
0.279391
0.280172
0.279922
0.279934
0.279640
0.279911
0.279941
0.280360
0.281129
0.280700
0.281646
0.281736
0.282072
0.282626
0.282618
0.282309
0.282467
0.282489
0.283074
0.283406
0.283292
0.282195
0.282523
0.282727
0.282387
0.282365
0.282041
0.281962
0.281600
0.281724
0.282064
0.281702
0.282116
0.282852
0.285007
0.288284
0.289990
0.290307
0.292016
0.290591
0.291591
0.291090
0.290209
0.288006
0.287185
0.287006
0.286071
0.284944
0.284349
0.283513
0.282918
0.281576
0.280505
0.279537
0.278274
0.277889
0.277396
0.135271
0.136896
0.182543
0.270486
0.270065
0.269733
0.269194
0.269397
0.269194
0.269194
0.270156
0.269989
0.269013
0.268991
0.268991
0.269417
0.269971
0.270341
0.270243
0.270816
0.270481
0.271020
0.271767
0.271085
0.271051
0.271119
0.269327
0.268373
0.268596
0.268392
0.268868
0.269916
0.270324
0.270859
0.270932
0.270988
0.270502
0.270472
0.270683
0.270906
0.270740
0.270989
0.270367
0.270782
0.271205
0.271360
0.270889
0.270640
0.270539
0.270195
0.270920
0.270381
0.269850
0.269900
0.270337
0.269798
0.269572
0.269471
0.268570
0.268928
0.268038
0.267937
0.268730
0.268205
0.267474
0.266826
0.266249
0.265888
0.264954
0.264996
0.264479
0.263103
0.262020
0.262149
0.262455
0.261833
0.262229
0.262712
0.263116
0.260298
0.260808
0.262080
0.263302
0.263076
0.262687
0.262374
0.261541
0.260591
0.260312
0.260229
0.259740
0.259378
0.259038
0.259385
0.259819
0.260038
0.260676
0.259718
0.258613
0.261477
0.260436
0.260508
0.259512
0.258905
0.258464
0.258917
0.258408
0.257598
0.257779
0.257610
0.256810
0.257060
0.257486
0.256675
0.256653
0.256261
0.256144
0.255412
0.254817
0.254398
0.254613
0.254409
0.255009
0.255175
0.255412
0.254749
0.254602
0.255447
0.255243
0.255651
0.254746
0.254358
0.253610
0.253271
0.253124
0.252226
0.251264
0.250329
0.250481
0.250940
0.251242
0.250107
0.249653
0.249857
0.250396
0.251671
0.250169
0.250762
0.251206
0.252168
0.253228
0.254533
0.254985
0.255049
0.255320
0.254777
0.254310
0.254362
0.254645
0.254441
0.254939
0.255358
0.255697
0.255817
0.255682
0.255901
0.256100
0.255704
0.256145
0.255817
0.254957
0.254939
0.255354
0.255324
0.255207
0.252720
0.115741
0.116699
0.147201
0.258063
0.257105
0.257901
0.257939
0.257460
0.257657
0.257005
0.257205
0.256802
0.255459
0.255018
0.255788
0.255739
0.256056
0.255517
0.255563
0.254480
0.254605
0.253444
0.253802
0.254081
0.254119
0.253644
0.253999
0.254018
0.253739
0.253916
0.255924
0.255305
0.254547
0.253446
0.252892
0.252149
0.250278
0.251093
0.251549
0.252025
0.252236
0.251146
0.250309
0.249751
0.247518
0.245137
0.245944
0.249072
0.248800
0.244560
0.238968
0.241406
0.235218
0.235560
0.238358
0.240277
0.238865
0.240817
0.243619
0.247073
0.250316
0.252808
0.255534
0.257178
0.258429
0.258282
0.259761
0.262405
0.262813
0.262847
0.263466
0.264338
0.262003
0.260505
0.260762
0.263302
0.262872
0.261631
0.262356
0.263198
0.262704
0.262200
0.263022
0.261782
0.260428
0.259866
0.258751
0.259517
0.261008
0.260175
0.259730
0.258580
0.257928
0.255677
0.253154
0.252166
0.248160
0.248564
0.249658
0.249847
0.252759
0.252472
0.253830
0.254075
0.254200
0.254490
0.254381
0.254834
0.254695
0.254186
0.254088
0.250313
0.250380
0.248834
0.249547
0.249917
0.249004
0.249412
0.250257
0.250626
0.251170
0.251335
0.251305
0.251732
0.252490
0.252060
0.251611
0.251506
0.251551
0.251279
0.251619
0.250906
0.251366
0.251382
0.251778
0.251801
0.252443
0.252296
0.252243
0.251881
0.252549
0.252097
0.250912
0.250550
0.249740
0.249321
0.248548
0.248024
0.247960
0.248254
0.248050
0.248409
0.248816
0.248952
0.249099
0.248643
0.248764
0.248707
0.248669
0.248669
0.247824
0.248028
0.247677
0.247315
0.246738
0.246708
0.246980
0.247105
0.247304
0.247078
0.248176
0.248244
0.247738
0.247701
0.247757
0.247893
0.248233
0.248323
0.248369
0.248074
0.247554
0.247407
0.247238
0.247691
0.247839
0.247896
0.246848
0.246666
0.245211
0.244298
0.244087
0.244940
0.245080
0.245638
0.246336
0.245993
0.245627
0.245344
0.245224
0.245854
0.245627
0.245179
0.245039
0.245968
0.245685
0.245855
0.245901
0.246229
0.246033
0.244875
0.244309
0.243363
0.244144
0.244299
0.243994
0.243896
0.243659
0.244481
0.243848
0.243863
0.243852
0.244539
0.244000
0.243978
0.244268
0.244762
0.244280
0.243945
0.243708
0.243210
0.243063
0.242950
0.243052
0.243264
0.242876
0.242963
0.242793
0.242907
0.242466
0.242244
0.241984
0.242000
0.241559
0.241050
0.240489
0.239821
0.239554
0.238903
0.240057
0.239292
0.238783
0.238301
0.237603
0.237185
0.236811
0.236601
0.235994
0.235327
0.235071
0.234852
0.234189
0.233706
0.233589
0.232873
0.232251
0.232511
0.232625
0.232070
0.231414
0.231452
0.228295
0.229604
0.231022
0.230732
0.230268
0.230218
0.227695
0.224616
0.221628
0.214800
0.219768
0.219500
0.216413
0.216423
0.218323
0.221238
0.224692
0.231534
0.234890
0.236229
0.238254
0.239909
0.239033
0.235230
0.231375
0.234408
0.237769
0.224904
0.220169
0.221157
0.223616
0.228824
0.236952
0.242037
0.244001
0.240759
0.229792
0.224253
0.228259
0.231627
0.235067
0.236450
0.230745
0.233361
0.233949
0.231510
0.232394
0.234178
0.238858
0.239938
0.244611
0.243726
0.239303
0.241524
0.248038
0.253046
0.252218
0.249399
0.250986
0.251498
0.252949
0.255476
0.261843
0.263102
0.261286
0.261965
0.264153
0.262628
0.262055
0.263756
0.263801
0.262492
0.262842
0.258063
0.259088
0.262887
0.263902
0.263788
0.265232
0.264070
0.264104
0.265367
0.267080
0.267811
0.268366
0.268796
0.270685
0.270685
0.269018
0.267607
0.268196
0.268456
0.269720
0.270146
0.270554
0.270011
0.269754
0.271648
0.271139
0.270544
0.270494
0.270782
0.270205
0.269825
0.270229
0.270037
0.270071
0.269638
0.269371
0.268930
0.268923
0.268497
0.268347
0.266555
0.264345
0.264379
0.265180
0.267225
0.267289
0.267965
0.268214
0.268045
0.268147
0.268295
0.267582
0.267757
0.267595
0.267294
0.265907
0.266549
0.265459
0.264849
0.265095
0.264669
0.264153
0.262879
0.262503
0.262368
0.261754
0.260763
0.260016
0.259036
0.258483
0.257163
0.256262
0.254901
0.254215
0.253733
0.253085
0.252779
0.252150
0.251260
0.250336
0.249650
0.249820
0.248991
0.248874
0.248772
0.249889
0.251081
0.252629
0.253780
0.251400
0.252626
0.252483
0.252322
0.251828
0.251592
0.251536
0.250963
0.233705
0.232136
0.235509
0.235823
0.240403
0.243534
0.246273
0.250898
0.253712
0.253743
0.254664
0.253718
0.253221
0.253268
0.252096
0.250973
0.249582
0.247456
0.244975
0.241909
0.241499
0.239293
0.237989
0.238563
0.238632
0.238014
0.238241
0.237694
0.237461
0.237111
0.237055
0.236426
0.236128
0.236111
0.233832
0.233871
0.232808
0.233227
0.233194
0.232850
0.232319
0.231977
0.108041
0.232578
0.232982
0.233250
0.231912
0.230826
0.229721
0.229613
0.229900
0.229542
0.229350
0.228721
0.228393
0.228077
0.227678
0.226916
0.226763
0.225323
0.224655
0.224600
0.224068
0.223529
0.221908
0.221116
0.220985
0.220804
0.220703
0.220409
0.219870
0.219790
0.219214
0.218403
0.218177
0.218098
0.217385
0.217400
0.217118
0.217016
0.216744
0.216782
0.217548
0.217118
0.217092
0.217164
0.217816
0.216689
0.216591
0.216689
0.216828
0.217020
0.217645
0.217657
0.216642
0.216318
0.215888
0.216488
0.216473
0.217016
0.217963
0.218015
0.219230
0.218864
0.219391
0.219655
0.219787
0.218953
0.217874
0.217644
0.216855
0.216595
0.216780
0.216968
0.209238
0.208378
0.201971
0.201465
0.204486
0.199403
0.199771
0.201354
0.207720
0.200704
0.204410
0.206057
0.201279
0.208807
0.211197
0.202039
0.207428
0.214100
0.214852
0.200737
0.189338
0.200171
0.206978
0.215750
0.221194
0.231569
0.233304
0.231559
0.227791
0.223066
0.221003
0.213743
0.216502
0.217853
0.224999
0.232292
0.237528
0.245710
0.251705
0.256017
0.258961
0.262417
0.263287
0.263952
0.264535
0.266405
0.267746
0.270262
0.271105
0.276083
0.281126
0.280808
0.278963
0.278027
0.277596
0.281651
0.288113
0.289218
0.281944
0.286965
0.285275
0.287086
0.281359
0.283897
0.282946
0.285497
0.288160
0.286682
0.291052
0.292688
0.288965
0.286084
0.287976
0.282749
0.278175
0.276595
0.275279
0.274159
0.274091
0.277946
0.279889
0.281058
0.283235
0.278342
0.282703
0.283439
0.284069
0.283979
0.278520
0.280664
0.281400
0.281573
0.282871
0.283436
0.283766
0.276078
0.273332
0.276053
0.276632
0.275386
0.276110
0.275599
0.278051
0.277370
0.280591
0.278730
0.282466
0.285772
0.283619
0.278124
0.272017
0.268715
0.270069
0.272290
0.273187
0.271501
0.267812
0.266077
0.267540
0.276386
0.273107
0.271469
0.267236
0.271036
0.274228
0.268463
0.272661
0.271227
0.268868
0.271406
0.275758
0.276432
0.275536
0.275380
0.277101
0.276892
0.278431
0.284292
0.290433
0.297990
0.297635
0.276816
0.275543
0.278246
0.280905
0.277209
0.278177
0.266892
0.264308
0.277774
0.289884
0.291093
0.288153
0.290930
0.295708
0.293138
0.290824
0.293484
0.296455
0.292666
0.300772
0.303647
0.301142
0.296885
0.289077
0.296558
0.302022
0.303159
0.307597
0.303155
0.305771
0.311699
0.309057
0.307678
0.307250
0.306199
0.309259
0.313742
0.311546
0.313399
0.319486
0.321760
0.320790
0.319847
0.317311
0.328970
0.339558
0.335587
0.331741
0.323772
0.331788
0.337242
0.333947
0.336384
0.338522
0.341904
0.345581
0.341724
0.333448
0.338792
0.340673
0.347063
0.346443
0.347961
0.350620
0.352922
0.352696
0.349549
0.348788
0.348897
0.350904
0.351719
0.348448
0.351734
0.356879
0.359288
0.349147
0.349683
0.354667
0.356869
0.359347
0.361013
0.360729
0.360584
0.357251
0.354377
0.355966
0.355562
0.356888
0.360124
0.361308
0.362499
0.361768
0.360396
0.360472
0.360485
0.359607
0.359340
0.355175
0.347355
0.346941
0.346308
0.347346
0.349371
0.352766
0.356836
0.347163
0.346013
0.342572
0.336895
0.336917
0.340535
0.344390
0.353103
0.356595
0.357273
0.356802
0.356692
0.353160
0.357465
0.348268
0.342198
0.349131
0.351420
0.341939
0.329270
0.337240
0.342434
0.331954
0.331210
0.335135
0.330440
0.334407
0.335344
0.325367
0.320668
0.315387
0.333848
0.348496
0.352710
0.362448
0.368387
0.373391
0.367219
0.363343
0.357300
0.353797
0.359965
0.375551
0.376800
0.381815
0.389104
0.394633
0.380842
0.383172
0.392258
0.402084
0.409035
0.410210
0.406006
0.405921
0.407132
0.407324
0.412754
0.412000
0.410303
0.405072
0.408309
0.413527
0.412296
0.410908
0.411979
0.406223
0.400192
0.398905
0.401287
0.403358
0.406731
0.401407
0.398928
0.402021
0.404103
0.400305
0.398464
0.399559
0.399140
0.397801
0.397755
0.409016
0.409359
0.410833
0.405650
0.406200
0.413594
0.408372
0.415668
0.419160
0.422562
0.425492
0.426315
0.426485
0.423185
0.413717
0.406320
0.407653
0.406323
0.404509
0.406323
0.407230
0.407855
0.409481
0.410092
0.407538
0.404316
0.405036
0.407820
0.409950
0.411281
0.412835
0.413906
0.414562
0.414358
0.417595
0.417772
0.417926
0.418089
0.420572
0.427174
0.430740
0.431898
0.431967
0.434960
0.434358
0.435443
0.446099
0.443216
0.440869
0.434987
0.426408
0.420769
0.417075
0.415290
0.411318
0.409072
0.407095
0.410485
0.408300
0.403772
0.400100
0.382273
0.366891
0.323770
0.375384
0.381016
0.381491
0.385775
0.377343
0.316465
0.322894
0.332607
0.357469
0.376172
0.386366
0.368273
0.368417
0.368944
0.356410
0.358686
0.383033
0.435616
0.449123
0.442498
0.444253
0.445588
0.445072
0.443877
0.435769
0.426559
0.418798
0.407449
0.401133
0.395619
0.396761
0.393951
0.396000
0.390912
0.387272
0.384681
0.382609
0.378822
0.374733
0.369021
0.364819
0.360764
0.356448
0.353889
0.346857
0.345721
0.343445
0.340562
0.339357
0.338299
0.336799
0.337771
0.336916
0.336250
0.336218
0.336072
0.335693
0.337698
0.341352
0.338121
0.342327
0.345487
0.336906
0.323959
0.318745
0.322324
0.306638
0.300088
0.302588
0.302363
0.303764
0.302483
0.301035
0.302254
0.302991
0.308186
0.308255
0.310044
0.299957
0.299612
0.301616
0.305783
0.308837
0.311856
0.316392
0.315918
0.312228
0.311234
0.307920
0.305463
0.302049
0.297913
0.289967
0.289373
0.276274
0.273733
0.275293
0.277785
0.278748
0.283672
0.286865
0.287104
0.283144
0.274617
0.261501
0.254444
0.257087
0.259834
0.261732
0.259495
0.256960
0.260861
0.267524
0.265475
0.264494
0.267358
0.268675
0.270999
0.272837
0.273581
0.275249
0.268566
0.253050
0.255806
0.262394
0.254653
0.245269
0.244314
0.251128
0.243718
0.247974
0.243676
0.238277
0.241384
0.248939
0.253458
0.247923
0.245455
0.251652
0.251485
0.248172
0.247843
0.241187
0.244121
0.249170
0.246109
0.243724
0.254501
0.258531
0.255976
0.264911
0.267849
0.258019
0.256027
0.252657
0.256330
0.254051
0.255193
0.257368
0.269249
0.258861
0.252616
0.237554
0.229516
0.235040
0.242601
0.261423
0.249154
0.249783
0.258403
0.256283
0.265231
0.273278
0.266446
0.264586
0.272565
0.286697
0.287361
0.279175
0.278058
0.281382
0.286527
0.292616
0.305013
0.310574
0.292504
0.289981
0.286599
0.280994
0.290385
0.292340
0.289813
0.304534
0.328580
0.314561
0.314154
0.323155
0.331539
0.332536
0.338057
0.343499
0.337895
0.328621
0.331230
0.340245
0.356979
0.357029
0.363286
0.356751
0.339027
0.339920
0.346819
0.358274
0.356768
0.347354
0.350272
0.350599
0.353393
0.357462
0.364598
0.371044
0.372590
0.372845
0.377465
0.378718
0.377737
0.375644
0.375599
0.369175
0.375510
0.371900
0.371972
0.374878
0.376949
0.374981
0.374914
0.374718
0.375613
0.372144
0.370447
0.371542
0.368083
0.364983
0.363585
0.367169
0.363024
0.358392
0.361864
0.363015
0.360106
0.360424
0.364461
0.365362
0.364208
0.364559
0.362247
0.359814
0.360727
0.361930
0.363625
0.363772
0.363274
0.361777
0.361238
0.360955
0.361471
0.359317
0.358812
0.360016
0.359454
0.359062
0.359209
0.358869
0.360638
0.360714
0.359130
0.358360
0.358711
0.361047
0.361631
0.362352
0.359602
0.355297
0.355474
0.356365
0.361778
0.362419
0.360325
0.359703
0.360559
0.362578
0.363566
0.362182
0.363005
0.362885
0.363085
0.363323
0.363119
0.361072
0.359940
0.360722
0.359334
0.358825
0.358912
0.360452
0.361546
0.361388
0.360879
0.360234
0.359997
0.359797
0.359549
0.359243
0.358183
0.357622
0.356597
0.357526
0.357062
0.356553
0.355958
0.354943
0.351356
0.351032
0.349768
0.350697
0.351843
0.351202
0.352134
0.352202
0.351998
0.351696
0.351998
0.351560
0.350162
0.351602
0.350724
0.351728
0.354120
0.354505
0.353717
0.354181
0.353990
0.353277
0.352610
0.350260
0.349801
0.349751
0.350978
0.351540
0.351722
0.352680
0.353122
0.353485
0.353873
0.353010
0.349559
0.346887
0.345383
0.343996
0.342789
0.340421
0.340275
0.340796
0.340139
0.339697
0.339904
0.339218
0.339916
0.340674
0.340919
0.341843
0.342178
0.341118
0.340971
0.341118
0.340669
0.340025
0.341413
0.342258
0.342315
0.342338
0.342292
0.339094
0.330010
0.324574
0.322925
0.327358
0.334660
0.337953
0.337895
0.337691
0.339237
0.337230
0.330228
0.313625
0.293215
0.283205
0.294611
0.301912
0.321769
0.329690
0.335718
0.343380
0.347561
0.351428
0.357960
0.352073
0.347613
0.349544
0.344006
0.340410
0.339903
0.342023
0.341206
0.343215
0.341666
0.347413
0.353250
0.363532
0.366261
0.369333
0.369784
0.372555
0.375418
0.379518
0.371811
0.359150
0.357675
0.356199
0.364683
0.370165
0.371933
0.378209
0.381717
0.386813
0.384828
0.387265
0.384251
0.384524
0.381963
0.383393
0.384310
0.384174
0.382860
0.382921
0.383377
0.382880
0.381425
0.378766
0.378103
0.377584
0.377585
0.376525
0.375040
0.372966
0.370620
0.368591
0.368535
0.369199
0.370248
0.372334
0.374519
0.373701
0.373453
0.371503
0.370817
0.370625
0.369838
0.369571
0.370513
0.371886
0.372653
0.371809
0.371044
0.370211
0.371237
0.371226
0.371068
0.372026
0.373852
0.372747
0.372446
0.371025
0.373757
0.370321
0.365328
0.365442
0.366872
0.367858
0.369255
0.371969
0.369684
0.367784
0.365349
0.360800
0.359840
0.361403
0.359159
0.357100
0.356410
0.354388
0.352559
0.351563
0.355633
0.356013
0.357492
0.358824
0.358715
0.356726
0.356590
0.355859
0.353671
0.354391
0.354301
0.354520
0.355338
0.356931
0.358428
0.358621
0.356999
0.354947
0.358357
0.358309
0.358724
0.356626
0.354420
0.351013
0.350776
0.352365
0.353979
0.354609
0.354655
0.356454
0.357190
0.359073
0.359371
0.359020
0.357764
0.357825
0.357136
0.357743
0.357113
0.354462
0.354535
0.353563
0.351813
0.352554
0.348393
0.346974
0.349404
0.350253
0.351671
0.352449
0.350521
0.349420
0.348957
0.348146
0.345585
0.345875
0.341832
0.335765
0.335195
0.335757
0.335813
0.331900
0.336113
0.341112
0.339677
0.338515
0.336926
0.336374
0.336045
0.337229
0.340667
0.344453
0.348069
0.349961
0.350975
0.352498
0.353701
0.353580
0.353613
0.353920
0.353791
0.354573
0.354392
0.352778
0.352160
0.352812
0.352838
0.353172
0.353546
0.351561
0.354974
0.356630
0.363738
0.363025
0.360083
0.360329
0.361552
0.361889
0.368473
0.371624
0.371373
0.371676
0.370539
0.371838
0.369607
0.367611
0.364019
0.361159
0.359772
0.359048
0.354597
0.351254
0.348894
0.346634
0.344169
0.342420
0.340341
0.339131
0.337801
0.336169
0.335476
0.335280
0.334907
0.335327
0.334235
0.333052
0.332090
0.330538
0.329347
0.329209
0.328040
0.327770
0.326609
0.325610
0.324212
0.323700
0.322478
0.322290
0.321491
0.320625
0.320297
0.318631
0.317696
0.318375
0.317934
0.317561
0.317203
0.315027
0.313549
0.312536
0.312615
0.312468
0.312954
0.312954
0.312445
0.312751
0.312661
0.313574
0.313171
0.313438
0.313035
0.312798
0.312714
0.312035
0.310972
0.311048
0.310129
0.309121
0.308152
0.308123
0.307927
0.308624
0.309092
0.310135
0.310712
0.310181
0.309265
0.308772
0.307984
0.306427
0.304761
0.303321
0.303242
0.301617
0.303319
0.302923
0.302988
0.302924
0.303587
0.303260
0.306284
0.305515
0.304818
0.304840
0.307055
0.306391
0.304486
0.303449
0.302291
0.303076
0.303607
0.302268
0.306704
0.307435
0.311619
0.313152
0.317516
0.318399
0.318460
0.317522
0.316564
0.316764
0.318097
0.317196
0.316600
0.317241
0.317445
0.320847
0.322416
0.323193
0.325434
0.325597
0.324930
0.325152
0.323298
0.322081
0.320924
0.319902
0.318304
0.317743
0.317505
0.316295
0.316187
0.315275
0.314612
0.313575
0.312843
0.312101
0.311531
0.311536
0.311091
0.311317
0.310541
0.309741
0.309055
0.309067
0.307239
0.306734
0.305713
0.304281
0.303071
0.303196
0.306452
0.309697
0.309979
0.311814
0.311354
0.311660
0.311248
0.310306
0.310000
0.310114
0.309644
0.307510
0.306756
0.304155
0.303669
0.302735
0.305358
0.306202
0.305780
0.307351
0.310182
0.310724
0.309944
0.309066
0.309055
0.309247
0.308479
0.308309
0.307827
0.306417
0.306112
0.305713
0.305114
0.304820
0.304268
0.305146
0.306586
0.306798
0.306194
0.306937
0.306530
0.306583
0.307005
0.307363
0.308829
0.308007
0.308467
0.309067
0.308720
0.307533
0.306463
0.305079
0.304774
0.305385
0.307715
0.307828
0.307646
0.306749
0.303761
0.298924
0.300116
0.300957
0.301481
0.302590
0.303985
0.305833
0.306118
0.307540
0.307159
0.306609
0.305508
0.304173
0.302647
0.300275
0.300802
0.301471
0.302626
0.306099
0.309196
0.310131
0.312118
0.301618
0.301690
0.304605
0.309013
0.314749
0.315054
0.314974
0.316971
0.315965
0.314894
0.316917
0.317858
0.320139
0.321614
0.321603
0.322358
0.322426
0.322784
0.321273
0.321911
0.321738
0.322386
0.320727
0.319234
0.316658
0.315165
0.312669
0.312840
0.314234
0.314675
0.313400
0.312657
0.313905
0.315112
0.315945
0.315927
0.315606
0.315538
0.316013
0.316349
0.315516
0.316769
0.316849
0.315880
0.316232
0.317117
0.318422
0.318290
0.317412
0.316330
0.314868
0.313602
0.312984
0.313391
0.316975
0.316737
0.315893
0.314675
0.308139
0.305169
0.302631
0.307821
0.312487
0.311752
0.309223
0.305500
0.302442
0.297544
0.298621
0.302004
0.308767
0.308043
0.307781
0.301178
0.297121
0.299159
0.305798
0.302621
0.303295
0.303221
0.281019
0.282849
0.292584
0.295987
0.309870
0.308727
0.318792
0.323039
0.326892
0.335865
0.335784
0.328898
0.332082
0.333801
0.340878
0.344204
0.346863
0.349988
0.354337
0.359889
0.364114
0.364944
0.362509
0.361869
0.358916
0.357217
0.353034
0.348666
0.343628
0.344190
0.344690
0.344566
0.345568
0.342234
0.337350
0.334885
0.329423
0.326844
0.323817
0.325269
0.321042
0.310887
0.319581
0.308679
0.307596
0.308287
0.312443
0.312186
0.309775
0.314527
0.312103
0.328312
0.322033
0.315706
0.324002
0.328595
0.328851
0.327682
0.329043
0.329752
0.328447
0.327047
0.329314
0.331652
0.333237
0.331331
0.331361
0.329732
0.326178
0.324892
0.325884
0.317094
0.307681
0.313884
0.314260
0.310250
0.311015
0.306879
0.299484
0.304994
0.314034
0.311619
0.312656
0.316149
0.324215
0.316536
0.330017
0.327593
0.332525
0.340984
0.344451
0.347090
0.346976
0.351279
0.346805
0.352905
0.351606
0.368682
0.362494
0.361231
0.358153
0.360795
0.365210
0.369486
0.368741
0.363930
0.358894
0.353958
0.353992
0.356583
0.352289
0.349335
0.349682
0.351231
0.353608
0.353867
0.356192
0.354394
0.347864
0.351358
0.351962
0.353637
0.348514
0.347584
0.346297
0.334256
0.320170
0.319235
0.330470
0.332704
0.333303
0.333765
0.336629
0.328742
0.326700
0.328130
0.329020
0.327449
0.328634
0.331869
0.336262
0.338317
0.339610
0.344837
0.350556
0.350870
0.352991
0.350947
0.336089
0.332022
0.336173
0.347151
0.346611
0.344097
0.342494
0.341479
0.343134
0.350630
0.353975
0.356473
0.357296
0.355875
0.350453
0.343174
0.334312
0.333384
0.330217
0.322759
0.325224
0.328235
0.331615
0.333971
0.339898
0.340907
0.339795
0.347087
0.342959
0.341893
0.345573
0.347940
0.349225
0.350318
0.341232
0.343890
0.348269
0.351745
0.356581
0.352393
0.344337
0.348376
0.355611
0.357364
0.362868
0.353110
0.352335
0.344496
0.348641
0.332875
0.283434
0.318137
0.334792
0.352500
0.356192
0.357072
0.369466
0.356201
0.368471
0.377343
0.383294
0.393346
0.381668
0.386274
0.375269
0.370513
0.362685
0.379833
0.371638
0.387707
0.373228
0.360601
0.364366
0.358595
0.370455
0.335031
0.341486
0.356216
0.368216
0.378829
0.379336
0.376100
0.369300
0.377996
0.396639
0.393141
0.401031
0.401818
0.400082
0.377613
0.357088
0.361829
0.358185
0.343593
0.332086
0.349031
0.342915
0.334561
0.338900
0.360888
0.349122
0.356610
0.368916
0.401243
0.405294
0.411878
0.424455
0.460575
0.476207
0.475015
0.473457
0.442824
0.427735
0.429674
0.434077
0.418381
0.379488
0.379260
0.372679
0.379540
0.394801
0.446709
0.429087
0.444358
0.471722
0.481216
0.501732
0.512531
0.520947
0.521953
0.484260
0.464766
0.469703
0.466955
0.472905
0.465522
0.462785
0.425833
0.435838
0.446382
0.452764
0.485033
0.490733
0.501427
0.498945
0.490591
0.493182
0.501984
0.502780
0.504365
0.507809
0.505944
0.494627
0.497051
0.497350
0.512463
0.513746
0.518752
0.519480
0.524263
0.520511
0.510693
0.486911
0.486341
0.501924
0.495925
0.474690
0.463159
0.443418
0.456369
0.459298
0.445647
0.460023
0.493600
0.436092
0.422188
0.422389
0.427965
0.431655
0.434802
0.462776
0.471143
0.493625
0.502270
0.500006
0.513794
0.514980
0.473736
0.445628
0.466538
0.508935
0.504551
0.491486
0.512345
0.484297
0.482899
0.512077
0.522552
0.557624
0.533502
0.537611
0.550974
0.518583
0.505066
0.532773
0.558924
0.529527
0.527517
0.536764
0.545683
0.547646
0.570715
0.583419
0.595253
0.597534
0.603347
0.615302
0.624870
0.649962
0.673082
0.662171
0.639200
0.605135
0.586634
0.588903
0.596089
0.589610
0.590546
0.596066
0.601098
0.614530
0.617059
0.625153
0.637523
0.638334
0.646737
0.644526
0.648949
0.640024
0.643119
0.649950
0.679351
0.688416
0.683554
0.683027
0.685270
0.684447
0.683639
0.664244
0.638077
0.627431
0.612132
0.623195
0.644958
0.658077
0.654495
0.659631
0.654743
0.644771
0.666810
0.671823
0.720816
0.735478
0.741965
0.746686
0.709422
0.685994
0.662003
0.626189
0.579116
0.566300
0.533175
0.507057
0.498051
0.494261
0.497095
0.514554
0.530998
0.537778
0.549730
0.560129
0.563531
0.556020
0.552917
0.532215
0.544371
0.544191
0.557135
0.557010
0.534507
0.515661
0.518441
0.502730
0.511429
0.532482
0.528591
0.570035
0.601174
0.587844
0.598056
0.626318
0.629177
0.628793
0.622367
0.623868
0.630695
0.634390
0.641580
0.631661
0.607289
0.601026
0.594684
0.604351
0.634196
0.641824
0.594992
0.595717
0.612433
0.628341
0.642362
0.628441
0.624370
0.613980
0.624212
0.641419
0.651628
0.650475
0.661316
0.680475
0.686713
0.692171
0.696310
0.690487
0.685120
0.696029
0.697582
0.672635
0.659817
0.682878
0.687217
0.686065
0.693220
0.711039
0.720341
0.706569
0.691833
0.683956
0.689892
0.697803
0.678186
0.683145
0.677487
0.698456
0.721948
0.732952
0.730641
0.715589
0.710506
0.720622
0.728690
0.714840
0.710584
0.713511
0.720543
0.724135
0.712225
0.705918
0.717579
0.708389
0.739197
0.744196
0.753638
0.761895
0.765254
0.731454
0.699103
0.707555
0.713116
0.679176
0.705685
0.706019
0.692414
0.685806
0.707332
0.722883
0.684612
0.651574
0.670357
0.694157
0.701336
0.708506
0.721642
0.748525
0.725713
0.731293
0.748310
0.763813
0.760387
0.755419
0.742593
0.743110
0.741682
0.739035
0.738043
0.748217
0.778002
0.767058
0.749416
0.753328
0.762882
0.762583
0.756651
0.745839
0.734704
0.731967
0.721380
0.708721
0.701541
0.673986
0.681587
0.693470
0.710467
0.727953
0.731723
0.774626
0.776742
0.754852
0.764976
0.754760
0.733835
0.773137
0.792281
0.757578
0.761278
0.755194
0.736080
0.738927
0.727190
0.735434
0.757944
0.744409
0.775381
0.792104
0.810434
0.784918
0.765641
0.775072
0.753799
0.753139
0.761408
0.774634
0.800391
0.813587
0.816163
0.812863
0.798118
0.791504
0.782524
0.772956
0.776747
0.774161
0.772199
0.776927
0.782349
0.782662
0.792503
0.788853
0.777790
0.792305
0.828018
0.818168
0.805957
0.834460
0.894924
0.929757
0.917717
0.928570
0.932983
0.915460
0.888473
0.855912
0.841082
0.800849
0.734839
0.657238
0.574286
0.511328
0.496050
0.483618
0.499411
0.528890
0.582263
0.563526
0.549263
0.528499
0.543504
0.595863
0.573414
0.577480
0.563215
0.542688
0.563090
0.598001
0.595870
0.591352
0.607910
0.622940
0.655721
0.664973
0.656800
0.655154
0.653634
0.643650
0.638525
0.606015
0.578307
0.575629
0.593158
0.607704
0.610262
0.596636
0.604185
0.613339
0.592783
0.591372
0.606335
0.648163
0.662349
0.660813
0.625496
0.615305
0.618774
0.598450
0.578770
0.581011
0.586575
0.591722
0.599614
0.604560
0.603371
0.627773
0.638300
0.688016
0.675112
0.678839
0.669180
0.666669
0.674115
0.681402
0.675622
0.695885
0.709807
0.731418
0.721722
0.727949
0.723215
0.740761
0.737952
0.754843
0.744871
0.737221
0.719105
0.722742
0.729468
0.746695
0.769004
0.739978
0.730116
0.716919
0.744223
0.757217
0.746005
0.744785
0.742090
0.736675
0.733595
0.710879
0.736100
0.745731
0.724417
0.733443
0.757375
0.746476
0.733091
0.736562
0.757996
0.756587
0.759559
0.755598
0.782752
0.811246
0.788092
0.788659
0.795244
0.786871
0.794404
0.812110
0.819307
0.819524
0.819701
0.807242
0.794624
0.795953
0.804098
0.813915
0.823127
0.812101
0.796046
0.795651
0.802860
0.807649
0.810974
0.802335
0.803602
0.804093
0.827008
0.809474
0.809526
0.822245
0.816796
0.815088
0.785279
0.786081
0.807344
0.802588
0.797536
0.801064
0.806679
0.806645
0.813650
0.824181
0.829936
0.848204
0.866194
0.865433
0.937619
0.970755
1.000000
0.994453
0.956181
0.880415
0.801454
0.767138
0.748661
0.682062
0.674803
0.676992
0.676577
0.666529
0.670234
0.670675
0.653266
0.657573
0.647053
0.643352
0.661032
0.671574
0.648081
0.626406
0.583724
0.637568
0.630102
0.604179
0.647804
0.634409
0.657737
0.684286
0.695444
0.664738
0.676612
0.717220
0.727931
0.699492
0.704360
0.727031
0.700366
0.704187
0.735083
0.710455
0.699205
0.680372
0.675865
0.661700
0.662538
0.699776
0.722500
0.734621
0.746768
0.760535
0.772031
0.775253
0.797245
0.814182
0.845696
0.847089
0.880771
0.896889
0.878881
0.850965
0.822904
0.812830
0.753943
0.741100
0.756302
0.738456
0.720772
0.676344
0.634250
0.619210
0.597474
0.579605
0.572686
0.570771
0.548528
0.529422
0.535575
0.545351
0.527323
0.520790
0.495326
0.534430
0.560137
0.568487
0.564429
0.574815
0.580263
0.591611
0.578500
0.559449
0.562593
0.562061
0.588222
0.603154
0.597876
0.582766
0.581238
0.577532
0.599242
0.614836
0.626881
0.619316
0.613793
0.623096
0.626662
0.626879
0.646046
0.637921
0.650928
0.660970
0.664590
0.659213
0.648761
0.642328
0.645703
0.650931
0.671806
0.682822
0.718548
0.725649
0.761203
0.776985
0.792069
0.793705
0.780753
0.766468
0.741441
0.725287
0.703323
0.656328
0.603658
0.575465
0.557517
0.539573
0.539631
0.544674
0.560538
0.566131
0.577490
0.582309
0.593835
0.599265
0.620744
0.631429
0.636601
0.633113
0.636505
0.639321
0.644553
0.637094
0.634367
0.629781
0.624422
0.619534
0.613877
0.607511
0.603845
0.600620
0.600040
0.595175
0.589925
0.585248
0.575024
0.559667
0.540779
0.524229
0.523330
0.480940
0.479510
0.473973
0.475362
0.469208
0.475415
0.481934
0.480564
0.487917
0.490556
0.504061
0.521364
0.526694
0.546177
0.541952
0.550605
0.558226
0.578496
0.595213
0.615756
0.615994
0.608596
0.618894
0.638598
0.641624
0.655018
0.669315
0.674180
0.672750
0.669016
0.670314
0.663547
0.660387
0.658529
0.653356
0.660687
0.655266
0.647940
0.643412
0.643050
0.638601
0.632424
0.620314
0.609242
0.614496
0.592218
0.571751
0.567728
0.566249
0.553227
0.531124
0.496572
0.490923
0.499909
0.499062
0.509294
0.536543
0.547314
0.558282
0.559014
0.549753
0.546482
0.555483
0.583747
0.630427
0.641583
0.622013
0.605046
0.629853
0.634545
0.637597
0.629761
0.617423
0.581706
0.550584
0.523260
0.505359
0.495607
0.485112
0.454265
0.449243
0.473177
0.464793
0.372705
0.366867
0.333203
0.339543
0.354452
0.365127
0.415710
0.355808
0.340371
0.365413
0.383078
0.418386
0.443931
0.455733
0.466968
0.469438
0.472845
0.475814
0.483944
0.491424
0.514881
0.519598
0.550879
0.562520
0.578908
0.570117
0.567201
0.561434
0.562308
0.571542
0.562996
0.561372
0.556418
0.543337
0.525884
0.515499
0.499416
0.468242
0.429367
0.391171
0.374835
0.391309
0.398510
0.389414
0.409504
0.439089
0.449085
0.449984
0.444332
0.439038
0.431399
0.443598
0.445374
0.443548
0.428887
0.439611
0.451410
0.457108
0.474188
0.485289
0.492082
0.506977
0.524895
0.527359
0.529421
0.538401
0.548629
0.546229
0.547667
0.556632
0.563820
0.569172
0.584060
0.578358
0.578822
0.588387
0.586121
0.574078
0.569414
0.563984
0.557012
0.523820
0.463375
0.461619
0.461509
0.460164
0.464686
0.468111
0.475309
0.480374
0.483842
0.489015
0.494743
0.497756
0.494328
0.494530
0.495578
0.495385
0.495742
0.496625
0.496515
0.496242
0.486957
0.478547
0.486005
0.483812
0.481879
0.480877
0.482569
0.478661
0.483129
0.487430
0.490614
0.491426
0.496440
0.502581
0.507045
0.510275
0.510457
0.509576
0.505571
0.515015
0.524150
0.524487
0.527051
0.532742
0.538259
0.547648
0.565694
0.570519
0.592188
0.639980
0.649409
0.640695
0.640833
0.626981
0.625964
0.609613
0.594205
0.582975
0.570791
0.560066
0.547148
0.546750
0.536510
0.512571
0.495622
0.487964
0.464224
0.451400
0.417095
0.403462
0.387407
0.366887
0.358343
0.361621
0.357240
0.351502
0.348664
0.321836
0.313657
0.340095
0.365305
0.351838
0.358369
0.366081
0.395338
0.425697
0.457725
0.476520
0.479861
0.501236
0.514985
0.539818
0.547289
0.549231
0.546522
0.538250
0.533194
0.541477
0.540851
0.546746
0.519484
0.449440
0.445232
0.423260
0.427737
0.472904
0.511971
0.504344
0.439085
0.440673
0.468937
0.513210
0.461545
0.449858
0.454948
0.462588
0.479072
0.501863
0.502357
0.484589
0.478864
0.478221
0.473162
0.470266
0.500621
0.568731
0.574096
0.606624
0.638020
0.667380
0.682635
0.686205
0.672526
0.648462
0.625019
0.607024
0.564767
0.539045
0.520632
0.478020
0.459294
0.432904
0.412789
0.416140
0.400877
0.396518
0.399837
0.411982
0.427823
0.446022
0.458131
0.458784
0.462531
0.480086
0.493269
0.510905
0.532352
0.554214
0.564689
0.574392
0.569187
0.563720
0.564423
0.565189
0.575547
0.579811
0.601884
0.597742
0.592221
0.584067
0.576390
0.574675
0.548726
0.537235
0.526113
0.515855
0.504620
0.497847
0.488667
0.484390
0.486131
0.480579
0.472774
0.464999
0.457604
0.445506
0.438823
0.434477
0.429842
0.424901
0.415802
0.400792
0.397198
0.391498
0.391691
0.391166
0.395093
0.391832
0.392589
0.396670
0.392644
0.389991
0.392404
0.393354
0.392331
0.386593
0.384378
0.379013
0.369343
0.359851
0.359503
0.360136
0.354117
0.348841
0.349364
0.347762
0.345591
0.348006
0.342039
0.333389
0.338330
0.337376
0.330557
0.319360
0.320028
0.316428
0.314749
0.312157
0.307500
0.309754
0.315727
0.308085
0.298330
0.289899
0.298949
0.307199
0.314565
0.312251
0.304610
0.316194
0.324216
0.322645
0.327209
0.338396
0.338373
0.335520
0.345667
0.358437
0.343457
0.340481
0.336570
0.336925
0.344556
0.351764
0.354111
0.364489
0.377945
0.394744
0.411143
0.432839
0.463232
0.460926
0.465781
0.468198
0.467560
0.460868
0.454366
0.449584
0.446825
0.441286
0.440006
0.437235
0.433318
0.429050
0.420303
0.417899
0.413004
0.405842
0.401592
0.400224
0.395996
0.393013
0.388902
0.383992
0.377938
0.373747
0.369227
0.363980
0.359830
0.357985
0.354910
0.351408
0.347046
0.344347
0.343034
0.342089
0.338899
0.337230
0.335519
0.335419
0.333040
0.330491
0.328463
0.328351
0.329401
0.329350
0.328921
0.327578
0.324369
0.321383
0.320377
0.319389
0.319092
0.318229
0.316422
0.317784
0.316951
0.313357
0.313987
0.313335
0.312163
0.312333
0.312491
0.313046
0.313437
0.313030
0.312849
0.313064
0.307993
0.293898
0.280736
0.279155
0.268787
0.259293
0.254277
0.258343
0.262737
0.278931
0.295970
0.305773
0.324245
0.339972
0.343763
0.352826
0.355069
0.355730
0.356133
0.353086
0.349368
0.347520
0.346990
0.349349
0.351681
0.350807
0.349439
0.353563
0.356138
0.354427
0.349389
0.344091
0.341026
0.336102
0.329392
0.324663
0.310348
0.305838
0.309053
0.300662
0.301217
0.316117
0.319455
0.312713
0.311705
0.317582
0.324160
0.325902
0.326460
0.325699
0.325581
0.315743
0.302962
0.314490
0.313399
0.309905
0.282194
0.274475
0.280105
0.290218
0.286948
0.288321
0.293504
0.303228
0.312312
0.315635
0.323228
0.334467
0.345230
0.362610
0.376408
0.377820
0.388546
0.392644
0.390996
0.393029
0.391791
0.388339
0.380854
0.371616
0.365362
0.359828
0.356180
0.353577
0.351822
0.352813
0.353201
0.353369
0.353591
0.352375
0.350910
0.347575
0.345748
0.342450
0.339506
0.337831
0.335313
0.331540
0.326990
0.323722
0.320834
0.319328
0.317018
0.316073
0.316256
0.315937
0.315095
0.311430
0.309587
0.308156
0.306592
0.305583
0.303864
0.302364
0.297337
0.295689
0.296325
0.295636
0.294706
0.292734
0.291381
0.290703
0.286890
0.272869
0.272070
0.273998
0.277100
0.279582
0.281631
0.283842
0.285788
0.285317
0.285770
0.286510
0.286005
0.284968
0.281283
0.281408
0.281186
0.280571
0.278218
0.276841
0.275004
0.270478
0.266380
0.263234
0.257103
0.233373
0.226793
0.215529
0.210290
0.215661
0.213533
0.219231
0.215315
0.216218
0.223910
0.242053
0.257826
0.258422
0.270883
0.279527
0.296214
0.302230
0.310268
0.315025
0.322738
0.334328
0.350324
0.352643
0.354468
0.355811
0.359448
0.364580
0.368908
0.367956
0.366611
0.366425
0.365300
0.366431
0.365329
0.361205
0.352064
0.343515
0.342213
0.340534
0.342190
0.339300
0.334217
0.326679
0.321928
0.319150
0.312373
0.312606
0.318534
0.317980
0.318061
0.319473
0.317554
0.316956
0.318647
0.321312
0.320276
0.319678
0.318114
0.314766
0.312670
0.311894
0.309256
0.307028
0.306102
0.305316
0.304661
0.303716
0.299489
0.296424
0.295195
0.291892
0.289438
0.283845
0.282564
0.282361
0.278992
0.281391
0.286297
0.289262
0.289308
0.289139
0.290342
0.290841
0.290637
0.289815
0.289107
0.287980
0.286427
0.285375
0.286036
0.284476
0.282930
0.281475
0.279220
0.278120
0.276857
0.276854
0.275953
0.276305
0.275200
0.273929
0.273549
0.269849
0.264405
0.263960
0.265831
0.267586
0.269083
0.269981
0.271120
0.272458
0.272440
0.273420
0.273971
0.273568
0.274165
0.275417
0.275588
0.275464
0.274190
0.273338
0.272029
0.270042
0.268205
0.267372
0.266109
0.263751
0.263258
0.262187
0.262673
0.263077
0.263525
0.263903
0.264635
0.264824
0.264813
0.266100
0.267307
0.267190
0.267677
0.268351
0.268797
0.268487
0.268084
0.268277
0.267938
0.265996
0.265076
0.264635
0.264760
0.264428
0.264187
0.260037
0.256020
0.256122
0.258047
0.258210
0.259405
0.260703
0.261110
0.261393
0.261083
0.261355
0.261405
0.261356
0.261458
0.261300
0.261900
0.262315
0.263613
0.263406
0.262780
0.262456
0.263592
0.262963
0.262013
0.261583
0.261124
0.262746
0.262218
0.263029
0.261947
0.260888
0.259546
0.259125
0.258952
0.259383
0.256335
0.252084
0.247939
0.245344
0.243145
0.242840
0.238751
0.231333
0.225900
0.226710
0.228727
0.236753
0.243379
0.248024
0.251964
0.250333
0.254390
0.258420
0.249362
0.239265
0.227893
0.227182
0.222536
0.227642
0.227733
0.226266
0.231313
0.234331
0.226171
0.235348
0.247151
0.251870
0.254227
0.262455
0.271632
0.280698
0.283814
0.289666
0.287883
0.290024
0.294620
0.295170
0.298824
0.305693
0.309004
0.316782
0.319667
0.320504
0.324164
0.323116
0.323717
0.324175
0.319782
0.311439
0.310476
0.310497
0.310758
0.305373
0.308704
0.308722
0.304887
0.298377
0.292320
0.283607
0.289493
0.286977
0.281340
0.292590
0.304341
0.306254
0.303347
0.300820
0.295616
0.271676
0.276810
0.279991
0.278584
0.279753
0.283612
0.288749
0.288885
0.291249
0.291475
0.294173
0.296430
0.297569
0.300545
0.301390
0.300191
0.302123
0.299517
0.298764
0.296208
0.279429
0.275496
0.265850
0.264009
0.237209
0.250449
0.260449
0.266508
0.274073
0.280981
0.282981
0.238781
0.239687
0.230166
0.223617
0.216805
0.216262
0.225594
0.240879
0.269691
0.282718
0.299730
0.308730
0.312039
0.325292
0.331545
0.334754
0.337920
0.342451
0.340453
0.344792
0.353011
0.368597
0.372867
0.374153
0.381075
0.385561
0.391605
0.391079
0.389534
0.387605
0.380708
0.380597
0.382137
0.384140
0.382321
0.383821
0.380764
0.376170
0.371798
0.368735
0.367306
0.364126
0.365397
0.363974
0.359301
0.353568
0.349422
0.347527
0.345757
0.346304
0.344715
0.343892
0.341791
0.338867
0.335989
0.332462
0.328373
0.325816
0.320756
0.317522
0.313232
0.312346
0.309534
0.308205
0.303756
0.295873
0.290767
0.276203
0.279611
0.280050
0.277794
0.273455
0.244115
0.205141
0.166478
0.160864
0.164407
0.174205
0.152391
0.134997
0.131876
0.143481
0.156848
0.187214
0.201644
0.220834
0.247148
0.271191
0.289078
0.331322
0.323192
0.358422
0.369957
0.373768
0.382654
0.411200
0.420796
0.437870
0.451416
0.470977
0.481024
0.486947
0.503522
0.504385
0.508782
0.527746
0.539592
0.533394
0.532360
0.527035
0.516536
0.504241
0.495187
0.478303
0.494262
0.516714
0.506589
0.476964
0.485135
0.511786
0.497643
0.502695
0.514133
0.532263
0.567589
0.582020
0.590486
0.544947
0.519701
0.523651
0.525206
0.519552
0.533409
0.530478
0.556355
0.552340
0.548625
0.565585
0.572209
0.575002
0.572439
0.561802
0.555181
0.542742
0.520228
0.497718
0.473578
0.463138
0.445079
0.433893
0.435461
0.431821
0.420160
0.412697
0.401328
0.393574
0.387621
0.390455
0.382430
0.383442
0.382354
0.387560
0.396419
0.411756
0.424559
0.435592
0.442731
0.450894
0.462154
0.463501
0.466968
0.460331
0.441333
0.412454
0.403245
0.393421
0.375242
0.368650
0.367827
0.349954
0.345537
0.347608
0.348657
0.351674
0.352104
0.359422
0.359440
0.382534
0.384198
0.362540
0.358849
0.353752
0.354003
0.356993
0.352997
0.330268
0.332598
0.323987
0.328314
0.337269
0.351722
0.340868
0.352228
0.354261
0.365019
0.393962
0.421928
0.414181
0.414644
0.412939
0.405132
0.388576
0.377823
0.366107
0.363916
0.360029
0.335767
0.329681
0.341928
0.363416
0.361435
0.376271
0.411759
0.431160
0.428657
0.432939
0.427745
0.416227
0.409971
0.413023
0.401734
0.389277
0.391109
0.401520
0.403497
0.389260
0.364221
0.369553
0.390422
0.397418
0.410357
0.422843
0.422526
0.441515
0.445328
0.438870
0.428398
0.408514
0.402241
0.401337
0.394334
0.379993
0.356408
0.329661
0.311538
0.260133
0.251193
0.252044
0.243214
0.237349
0.270780
0.312657
0.303791
0.284568
0.312509
0.329574
0.356122
0.370645
0.388694
0.401466
0.403521
0.410226
0.417951
0.434792
0.430271
0.446177
0.453493
0.470070
0.466776
0.478001
0.469401
0.465978
0.462873
0.453793
0.427087
0.228597
0.247287
0.222253
0.202947
0.195753
0.214146
0.226267
0.220528
0.260992
0.294676
0.285744
0.319913
0.344209
0.351043
0.375903
0.394674
0.406445
0.440440
0.450597
0.519561
0.572981
0.611329
0.611933
0.606951
0.607418
0.579371
0.582407
0.538166
0.511463
0.510639
0.509878
0.529354
0.536328
0.539190
0.519571
0.519318
0.526951
0.530924
0.539853
0.543516
0.550418
0.559232
0.564615
0.568195
0.575194
0.582603
0.589682
0.601409
0.615759
0.612273
0.639938
0.651872
0.662110
0.654274
0.646953
0.661646
0.642614
0.643135
0.651678
0.638213
0.607323
0.598956
0.584114
0.553864
0.541726
0.529461
0.525544
0.508511
0.505578
0.506700
0.507156
0.510688
0.528267
0.542386
0.539024
0.556891
0.560206
0.570244
0.572119
0.569754
0.562902
0.540502
0.500363
0.478325
0.466529
0.441104
0.436726
0.444285
0.455914
0.463414
0.467286
0.476044
0.494398
0.501617
0.511060
0.497864
0.494761
0.497985
0.475246
0.476576
0.438797
0.447807
0.476561
0.485134
0.476115
0.472760
0.480987
0.501173
0.507949
0.500152
0.515993
0.517048
0.528068
0.556623
0.550071
0.560968
0.572428
0.562041
0.567695
0.574773
0.578452
0.581659
0.596494
0.585537
0.582586
0.582531
0.564479
0.563559
0.554973
0.549609
0.547639
0.550636
0.553649
0.547135
0.552241
0.554261
0.563469
0.562690
0.552719
0.558547
0.554503
0.563399
0.555051
0.553504
0.555435
0.550973
0.539132
0.521768
0.516901
0.504761
0.490217
0.480460
0.480201
0.480785
0.487702
0.492058
0.481772
0.499895
0.501049
0.478933
0.480345
0.471095
0.473472
0.489650
0.468507
0.457233
0.464567
0.474749
0.455861
0.456133
0.466285
0.466925
0.488116
0.510648
0.508213
0.516418
0.524268
0.532964
0.527671
0.544547
0.550634
0.563233
0.563244
0.568653
0.566637
0.575983
0.577450
0.580614
0.584983
0.588887
0.584956
0.585995
0.579861
0.564936
0.546993
0.537821
0.545454
0.538933
0.516502
0.500169
0.481330
0.472801
0.478885
0.484013
0.520324
0.503062
0.487958
0.478046
0.469432
0.459174
0.455110
0.451933
0.458233
0.465435
0.488975
0.496264
0.485692
0.484318
0.476885
0.476744
0.489281
0.519121
0.503069
0.473863
0.451912
0.440759
0.441175
0.436278
0.438400
0.456260
0.475542
0.490168
0.483595
0.465248
0.454306
0.367226
0.381665
0.388458
0.362996
0.354435
0.356672
0.347587
0.360271
0.391079
0.399191
0.414067
0.441060
0.478617
0.488085
0.461110
0.459440
0.508484
0.514616
0.550779
0.544575
0.544690
0.555389
0.570288
0.581508
0.593773
0.665418
0.686222
0.699116
0.693827
0.693852
0.697328
0.653758
0.634290
0.649968
0.665478
0.663711
0.647725
0.648377
0.648633
0.644061
0.635771
0.649158
0.651262
0.650214
0.603843
0.575276
0.568306
0.559252
0.553804
0.568322
0.552709
0.534393
0.512220
0.479712
0.462996
0.456273
0.464002
0.461049
0.463255
0.469075
0.463596
0.467501
0.455727
0.457587
0.434156
0.421007
0.417164
0.420273
0.444723
0.439388
0.418507
0.375485
0.426041
0.439714
0.408179
0.401067
0.392933
0.408260
0.424955
0.405824
0.410771
0.442658
0.461829
0.473889
0.475952
0.471489
0.455386
0.425641
0.421136
0.418984
0.438348
0.442171
0.426638
0.429235
0.439256
0.447777
0.442513
0.438932
0.438583
0.444251
0.457498
0.464385
0.465074
0.460771
0.451992
0.445287
0.424344
0.420593
0.417892
0.411143
0.413846
0.416183
0.419925
0.422867
0.429057
0.426667
0.428808
0.421746
0.421911
0.412632
0.409178
0.408618
0.401969
0.395232
0.390767
0.381615
0.389497
0.391603
0.396634
0.397630
0.405853
0.417895
0.417401
0.412713
0.401361
0.391036
0.389491
0.386384
0.386133
0.390759
0.403377
0.408717
0.409335
0.409937
0.411494
0.415256
0.415296
0.418571
0.419056
0.418401
0.418751
0.415776
0.414133
0.412196
0.409274
0.410767
0.423844
0.395956
0.386854
0.385830
0.387660
0.391170
0.389397
0.388477
0.390235
0.400278
0.409182
0.418505
0.417712
0.416458
0.414704
0.412032
0.407744
0.400368
0.397037
0.395856
0.393106
0.387194
0.385769
0.381638
0.378823
0.375173
0.373640
0.378173
0.381079
0.379087
0.377581
0.373379
0.372515
0.370790
0.368920
0.365188
0.365956
0.362260
0.359703
0.360380
0.367015
0.370042
0.364393
0.358287
0.344072
0.340343
0.353082
0.354156
0.351667
0.363763
0.366253
0.358300
0.361954
0.370303
0.370730
0.365228
0.361457
0.354015
0.353936
0.342634
0.339660
0.333170
0.329873
0.326737
0.320154
0.318256
0.314324
0.311425
0.296762
0.291981
0.287409
0.287580
0.291671
0.282822
0.281337
0.276137
0.270627
0.267698
0.259591
0.260058
0.260598
0.271556
0.276236
0.277435
0.279045
0.279804
0.279834
0.291765
0.300974
0.306578
0.303212
0.300663
0.306672
0.308346
0.312488
0.308078
0.304776
0.313067
0.308424
0.306937
0.300955
0.297956
0.291749
0.279356
0.264814
0.260914
0.251546
0.244581
0.242049
0.228869
0.229199
0.230766
0.226265
0.225700
0.225649
0.224600
0.226379
0.219399
0.217606
0.207257
0.199028
0.199133
0.197724
0.199351
0.203396
0.208967
0.205742
0.198985
0.197983
0.178385
0.172833
0.184712
0.210610
0.196559
0.184786
0.193896
0.213445
0.229783
0.243552
0.268917
0.269230
0.270612
0.261337
0.255790
0.270245
0.286227
0.306895
0.313925
0.323357
0.328394
0.330569
0.334390
0.330628
0.330881
0.334582
0.335484
0.302108
0.299581
0.305183
0.321242
0.331395
0.340180
0.349092
0.358052
0.363161
0.356658
0.352164
0.351328
0.344521
0.316166
0.302556
0.289723
0.289768
0.289587
0.293858
0.273998
0.261724
0.270449
0.282074
0.308125
0.307638
0.316155
0.328857
0.344112
0.348825
0.363881
0.386125
0.395524
0.403808
0.409108
0.404069
0.399957
0.399066
0.401934
0.399051
0.388406
0.370235
0.348050
0.347905
0.331121
0.327451
0.336477
0.323787
0.325153
0.320986
0.336532
0.339664
0.339958
0.335311
0.335380
0.344772
0.346145
0.350294
0.339329
0.342799
0.347699
0.329923
0.313529
0.307805
0.311623
0.326301
0.342127
0.353674
0.353751
0.369273
0.369023
0.353673
0.351798
0.359905
0.367314
0.365621
0.360718
0.365993
0.368721
0.346110
0.333194
0.328946
0.314312
0.315915
0.302593
0.306646
0.302377
0.310126
0.300707
0.301853
0.316274
0.335870
0.337480
0.343569
0.343934
0.349469
0.353411
0.353760
0.355583
0.367811
0.369555
0.375744
0.373162
0.381909
0.383692
0.387252
0.384768
0.381916
0.383644
0.385470
0.386752
0.390540
0.390110
0.394758
0.392563
0.400402
0.389587
0.386151
0.387419
0.391381
0.403375
0.406628
0.410104
0.415304
0.407692
0.405744
0.402015
0.398317
0.394804
0.389551
0.375380
0.336133
0.320608
0.310616
0.303229
0.305012
0.318669
0.319195
0.323328
0.325223
0.334613
0.347720
0.351188
0.355898
0.365131
0.367985
0.371364
0.369334
0.356729
0.354454
0.360398
0.359703
0.369650
0.356237
0.363342
0.372854
0.379366
0.396362
0.402651
0.414785
0.424309
0.433410
0.457527
0.472390
0.470528
0.472503
0.472356
0.467158
0.465198
0.472378
0.469437
0.456537
0.453506
0.453912
0.455400
0.458136
0.462305
0.466414
0.472251
0.471811
0.474227
0.475693
0.474715
0.469945
0.466360
0.465885
0.461780
0.455856
0.441611
0.435333
0.431706
0.427485
0.433104
0.433961
0.443065
0.445118
0.449212
0.449866
0.424045
0.399016
0.387836
0.401742
0.403816
0.405743
0.408208
0.408205
0.412126
0.411260
0.416588
0.423255
0.423913
0.418433
0.429983
0.437956
0.436577
0.425737
0.425260
0.425975
0.427208
0.428500
0.427981
0.433099
0.435873
0.434359
0.434844
0.437478
0.442807
0.449910
0.454175
0.455747
0.455912
0.458579
0.456836
0.448453
0.447771
0.449604
0.452860
0.456398
0.458507
0.460333
0.449456
0.454708
0.458417
0.467874
0.458168
0.460919
0.460068
0.452218
0.450854
0.453843
0.446194
0.452389
0.454385
0.443701
0.428374
0.432384
0.436028
0.440083
0.442497
0.443915
0.444981
0.452752
0.461069
0.474107
0.483911
0.493027
0.493096
0.499202
0.495565
0.486571
0.480808
0.479884
0.478410
0.476777
0.476582
0.471968
0.463768
0.451330
0.447879
0.447540
0.450045
0.448653
0.451954
0.451124
0.445499
0.443372
0.439124
0.434598
0.430294
0.427533
0.424096
0.415593
0.394036
0.388889
0.366260
0.349475
0.353765
0.354379
0.366053
0.370823
0.357500
0.368996
0.376792
0.363450
0.359264
0.363978
0.366879
0.366110
0.363293
0.361014
0.364047
0.370637
0.367602
0.375130
0.385506
0.393687
0.402671
0.408918
0.416364
0.419696
0.424107
0.428759
0.427738
0.434078
0.438574
0.441059
0.440847
0.440567
0.438737
0.438819
0.435888
0.438864
0.438849
0.432552
0.423666
0.428853
0.433548
0.437203
0.428717
0.431727
0.433540
0.441845
0.441719
0.438424
0.435001
0.435045
0.434662
0.438709
0.439764
0.441214
0.442016
0.438396
0.437463
0.436910
0.442336
0.445801
0.458474
0.463965
0.486021
0.492689
0.494342
0.492161
0.489696
0.488724
0.483770
0.476371
0.471246
0.465424
0.457330
0.446199
0.431209
0.433103
0.432088
0.433400
0.437845
0.433761
0.436502
0.445044
0.453598
0.458115
0.461232
0.464358
0.466948
0.471625
0.479961
0.494424
0.498065
0.500065
0.499486
0.505996
0.499819
0.491851
0.494412
0.486562
0.483182
0.479839
0.476002
0.474854
0.475208
0.475905
0.475120
0.475486
0.476433
0.473761
0.470623
0.472369
0.480782
0.474912
0.459313
0.443431
0.423800
0.419337
0.417764
0.406875
0.402460
0.401001
0.401371
0.401657
0.404083
0.412826
0.415451
0.423026
0.414594
0.408388
0.400654
0.406516
0.418588
0.423310
0.270527
0.258383
0.277191
0.406692
0.410163
0.282666
0.424606
0.421698
0.413987
0.405163
0.399112
0.402839
0.407154
0.413626
0.416499
0.420972
0.422518
0.424995
0.423372
0.422749
0.424522
0.424280
0.420911
0.416045
0.421767
0.397563
0.380224
0.380981
0.380145
0.378678
0.377104
0.379095
0.387479
0.391001
0.398551
0.402786
0.408236
0.425972
0.441846
0.455675
0.457714
0.463615
0.461835
0.463807
0.462240
0.460029
0.450632
0.445414
0.446024
0.450527
0.454959
0.463294
0.471927
0.473009
0.474163
0.474736
0.476965
0.483736
0.490165
0.495417
0.494727
0.497234
0.495202
0.496133
0.498739
0.496598
0.494232
0.489389
0.478290
0.477679
0.473578
0.474324
0.472576
0.475752
0.473747
0.471633
0.461899
0.449207
0.441997
0.412290
0.422421
0.432755
0.401349
0.399081
0.402720
0.414948
0.423802
0.429484
0.435747
0.444685
0.447994
0.456287
0.460616
0.458827
0.457615
0.458453
0.457275
0.457456
0.462452
0.458472
0.454746
0.450970
0.452604
0.453710
0.456369
0.454812
0.455974
0.458834
0.463335
0.461083
0.455455
0.449453
0.453302
0.456426
0.456819
0.454665
0.452176
0.453758
0.459655
0.460544
0.461794
0.460083
0.459907
0.460154
0.458235
0.457109
0.455960
0.452894
0.452624
0.455063
0.453529
0.448377
0.434085
0.429590
0.426381
0.419447
0.423148
0.421329
0.417261
0.423884
0.423732
0.420011
0.422209
0.422242
0.422598
0.423780
0.432561
0.437663
0.444350
0.445631
0.450723
0.460508
0.464341
0.469897
0.472108
0.472921
0.473110
0.470310
0.466894
0.460117
0.457464
0.457874
0.448321
0.445460
0.442753
0.444676
0.446929
0.446716
0.445959
0.443671
0.440250
0.437795
0.424166
0.413969
0.412810
0.414118
0.417217
0.418161
0.418029
0.421752
0.425355
0.421641
0.422825
0.423051
0.416932
0.414838
0.413789
0.414396
0.417598
0.419570
0.420437
0.424066
0.420964
0.420635
0.424074
0.427056
0.429364
0.437667
0.438620
0.434407
0.433178
0.432833
0.431050
0.428675
0.428030
0.430667
0.435956
0.443849
0.444027
0.442904
0.438269
0.417068
0.392152
0.386173
0.392930
0.408568
0.408679
0.417374
0.420918
0.414022
0.413550
0.418719
0.429108
0.432403
0.437340
0.435502
0.437316
0.424870
0.424950
0.427207
0.429158
0.432006
0.435350
0.438017
0.434048
0.427870
0.430059
0.427694
0.430339
0.431820
0.429361
0.427370
0.426526
0.422493
0.421848
0.424383
0.422184
0.419932
0.425274
0.423967
0.424665
0.424880
0.424627
0.427807
0.424892
0.422037
0.429432
0.425724
0.419583
0.416981
0.420894
0.421253
0.433197
0.433318
0.437397
0.429329
0.418802
0.415027
0.415949
0.423955
0.408319
0.425049
0.408208
0.402979
0.410656
0.418385
0.414381
0.403855
0.412433
0.418486
0.416063
0.413998
0.413752
0.416938
0.419460
0.421583
0.423890
0.425707
0.429671
0.434960
0.437347
0.439387
0.443294
0.447139
0.450691
0.453351
0.452801
0.453213
0.449092
0.449331
0.445995
0.423769
0.408586
0.417378
0.419034
0.419645
0.423105
0.425847
0.426499
0.427611
0.427984
0.429195
0.427859
0.426561
0.429225
0.428738
0.426487
0.418248
0.418492
0.422403
0.425583
0.440088
0.441960
0.428300
0.429775
0.433145
0.432855
0.428562
0.428513
0.429403
0.427185
0.425126
0.416958
0.412307
0.416801
0.428439
0.428253
0.427230
0.427961
0.430292
0.435615
0.435159
0.437373
0.436672
0.436065
0.435627
0.438431
0.439242
0.438579
0.437333
0.434411
0.432665
0.430245
0.422803
0.419797
0.414263
0.412727
0.412641
0.410810
0.416050
0.421203
0.424042
0.421710
0.417752
0.415745
0.417253
0.419739
0.420550
0.423210
0.424055
0.426183
0.427940
0.428347
0.427186
0.425899
0.424323
0.426534
0.424696
0.422610
0.422824
0.425936
0.427154
0.429946
0.434420
0.434029
0.432905
0.434241
0.434264
0.424585
0.416852
0.422455
0.424927
0.424345
0.426138
0.428744
0.429147
0.425870
0.419144
0.417914
0.414150
0.406993
0.403632
0.405801
0.413933
0.417441
0.418172
0.417491
0.417580
0.422348
0.425909
0.425674
0.423441
0.422822
0.423037
0.423093
0.424613
0.424218
0.425033
0.425813
0.424636
0.424395
0.422010
0.420576
0.421942
0.428940
0.430374
0.430264
0.430180
0.431071
0.428166
0.426081
0.420705
0.420151
0.422328
0.421977
0.419747
0.415755
0.414563
0.413005
0.415867
0.415516
0.414051
0.416664
0.418036
0.415662
0.419435
0.421061
0.423177
0.425048
0.424195
0.426412
0.423411
0.425666
0.422342
0.421451
0.424404
0.425923
0.422542
0.424268
0.424844
0.425967
0.428120
0.430081
0.286692
0.283586
0.288767
0.288831
0.373823
0.431478
0.435647
0.431758
0.410745
0.416090
0.306259
0.377438
0.447208
0.445662
0.446625
0.447745
0.439005
0.433343
0.435629
0.429311
0.433887
0.433426
0.433953
0.437151
0.439349
0.441378
0.443304
0.442077
0.438088
0.445039
0.447056
0.447782
0.447050
0.449704
0.451054
0.445281
0.445911
0.450286
0.454288
0.449214
0.448391
0.452178
0.452766
0.453878
0.446235
0.445209
0.451584
0.450490
0.443544
0.443516
0.437864
0.436882
0.442450
0.445896
0.440417
0.442007
0.446200
0.441176
0.435051
0.438713
0.450558
0.455087
0.461577
0.467671
0.469790
0.473569
0.473701
0.464884
0.468479
0.464144
0.453159
0.456844
0.443270
0.438581
0.432974
0.436768
0.435472
0.438899
0.441016
0.444959
0.447535
0.460958
0.467559
0.474898
0.478826
0.482554
0.485773
0.486743
0.489248
0.490574
0.491509
0.493504
0.488456
0.487766
0.488463
0.489289
0.493276
0.497961
0.495720
0.490819
0.497242
0.490614
0.489128
0.493068
0.481948
0.487613
0.486720
0.493611
0.500439
0.502308
0.496579
0.494910
0.498813
0.502437
0.508898
0.512356
0.512774
0.514161
0.515703
0.516039
0.515559
0.297068
0.317375
0.323143
0.264388
0.306384
0.317314
0.273728
0.320017
0.458635
0.284009
0.290715
0.521581
0.522137
0.522280
0.523634
0.524366
0.525245
0.525574
0.525891
0.526295
0.525391
0.526003
0.526260
0.526249
0.523013
0.522395
0.523070
0.521686
0.516191
0.517312
0.513133
0.505999
0.500948
0.499605
0.507928
0.516762
0.513812
0.510122
0.509963
0.511193
0.512637
0.514115
0.517705
0.521527
0.519271
0.518131
0.517366
0.518068
0.519083
0.522081
0.525234
0.526069
0.526300
0.527108
0.525759
0.526261
0.526028
0.524943
0.523911
0.523957
0.522559
0.518970
0.515798
0.514886
0.514569
0.514860
0.514446
0.514322
0.513636
0.514436
0.513750
0.512083
0.511341
0.508983
0.508814
0.508271
0.510694
0.509202
0.507943
0.507517
0.507442
0.507884
0.507443
0.506848
0.506260
0.506045
0.506517
0.507777
0.507657
0.506982
0.506519
0.505727
0.504962
0.504650
0.503949
0.504673
0.506242
0.506472
0.502747
0.496829
0.485301
0.482856
0.484255
0.484334
0.483881
0.487694
0.491843
0.492683
0.493413
0.494619
0.495968
0.493776
0.490482
0.118899
0.480185
0.474764
0.477214
0.479985
0.487626
0.493184
0.495886
0.498056
0.500989
0.504570
0.509239
0.513482
0.513550
0.513866
0.514232
0.515646
0.517133
0.518597
0.520772
0.525240
0.525594
0.527163
0.525135
0.524528
0.523073
0.521226
0.520457
0.520888
0.515808
0.502081
0.501041
0.504727
0.508571
0.512079
0.510996
0.504944
0.507320
0.508006
0.500450
0.488453
0.494708
0.497842
0.501629
0.505824
0.504288
0.505427
0.504423
0.506055
0.508918
0.509393
0.502068
0.485618
0.480771
0.496036
0.500848
0.496251
0.500689
0.497669
0.492136
0.490138
0.511862
0.516708
0.518961
0.526600
0.531202
0.536030
0.533937
0.536042
0.538396
0.538178
0.534081
0.534109
0.537655
0.540010
0.536658
0.533343
0.533209
0.531374
0.525047
0.520449
0.506640
0.504375
0.502105
0.504497
0.489879
0.500307
0.506696
0.499844
0.509636
0.509322
0.509656
0.511738
0.511157
0.492230
0.487673
0.488925
0.484917
0.496097
0.500941
0.441456
0.232574
0.511182
0.519545
0.521178
0.529044
0.530296
0.522644
0.512298
0.510139
0.511549
0.519146
0.525558
0.507516
0.502351
0.497366
0.499458
0.512898
0.516381
0.517405
0.526788
0.523982
0.523799
0.524524
0.533154
0.527957
0.526920
0.533767
0.550894
0.558463
0.549449
0.549854
0.552008
0.556356
0.559082
0.556953
0.562565
0.565242
0.567434
0.572593
0.575464
0.574992
0.574517
0.574714
0.573564
0.567095
0.562969
0.563385
0.567894
0.563794
0.568201
0.574101
0.571582
0.568516
0.565811
0.562711
0.562690
0.561280
0.557158
0.554725
0.554875
0.558108
0.560542
0.561586
0.564257
0.566578
0.567129
0.566725
0.568623
0.569452
0.570381
0.571867
0.573252
0.573027
0.570760
0.569543
0.568892
0.567890
0.566269
0.564791
0.563053
0.563061
0.562808
0.559530
0.558641
0.558012
0.558798
0.558968
0.559048
0.559780
0.558936
0.559090
0.558431
0.558103
0.556795
0.554426
0.553642
0.552372
0.551859
0.551837
0.550339
0.546228
0.545956
0.545383
0.544692
0.541078
0.540127
0.541988
0.540151
0.540682
0.547196
0.548154
0.546471
0.545052
0.543474
0.544813
0.546156
0.546381
0.549651
0.551522
0.551658
0.552185
0.553668
0.553095
0.551779
0.551685
0.551071
0.551226
0.552712
0.553489
0.554474
0.554315
0.554134
0.555137
0.555490
0.555083
0.555196
0.553081
0.549573
0.546318
0.545395
0.544289
0.541709
0.538695
0.537888
0.538823
0.539528
0.314568
0.291217
0.272084
0.225394
0.000000
0.003112
0.142067
0.248363
0.283009
0.503319
0.216317
0.197870
0.201586
0.192410
0.193057
0.232347
0.232143
0.232357
0.228737
0.227438
0.230656
0.232180
0.010291
0.294793
0.184077
0.020574
0.022367
0.021899
0.021029
0.023760
0.209637
0.117742
0.164745
0.151428
0.381295
0.264125
0.308108
0.194065
0.289526
0.567489
0.573244
0.573808
0.573919
0.575805
0.571337
0.568681
0.569559
0.569524
0.571368
0.578098
0.580846
0.584218
0.589004
0.595752
0.594979
0.589267
0.582507
0.576894
0.580971
0.584520
0.586764
0.579773
0.579259
0.579129
0.580199
0.582012
0.585882
0.589129
0.591067
0.596954
0.599926
0.600846
0.603825
0.605995
0.607918
0.607089
0.605259
0.604355
0.605608
0.604639
0.601883
0.600812
0.598819
0.600912
0.601875
0.602150
0.601766
0.603012
0.604322
0.603961
0.602189
0.599293
0.599028
0.596759
0.593755
0.590810
0.589721
0.588468
0.586159
0.579026
0.575062
0.573964
0.567246
0.567080
0.567373
0.569401
0.571936
0.575383
0.575473
0.573975
0.571899
0.577210
0.577088
0.580983
0.582683
0.583222
0.582591
0.582709
0.584303
0.581892
0.582793
0.582611
0.581656
0.580742
0.584079
0.583490
0.582106
0.584166
0.584947
0.583830
0.583380
0.584402
0.588999
0.591510
0.591898
0.595171
0.592171
0.592243
0.595382
0.585918
0.583216
0.584057
0.582570
0.582189
0.580113
0.582553
0.580913
0.583751
0.580810
0.581373
0.581562
0.577021
0.578938
0.582077
0.573605
0.569828
0.581530
0.591379
0.598982
0.608014
0.616400
0.624404
0.629871
0.634327
0.640573
0.641258
0.633573
0.627192
0.625698
0.627499
0.628588
0.633113
0.637876
0.643567
0.644479
0.642210
0.642345
0.641526
0.640850
0.640073
0.638851
0.636636
0.642119
0.646211
0.646741
0.646916
0.647827
0.588437
0.151920
0.349502
0.115689
0.109273
0.106099
0.104127
0.103158
0.102641
0.097744
0.270378
0.291961
0.293441
0.293234
0.294532
0.275516
0.253299
0.267580
0.272404
0.273359
0.274871
0.269798
0.274051
0.274540
0.274768
0.272152
0.272369
0.274302
0.280448
0.257203
0.203962
0.099702
0.592707
0.613624
0.660397
0.660292
0.658354
0.659181
0.657941
0.656735
0.656411
0.654678
0.652554
0.648964
0.648018
0.648897
0.649911
0.650636
0.651082
0.646712
0.644322
0.643840
0.643347
0.643434
0.642613
0.642221
0.641609
0.643533
0.645178
0.645615
0.646430
0.646401
0.646771
0.646003
0.644235
0.642365
0.640650
0.638939
0.633865
0.636870
0.632996
0.630063
0.634482
0.633747
0.633837
0.632630
0.630601
0.629884
0.628937
0.628601
0.629162
0.630267
0.629444
0.629508
0.631469
0.631537
0.632148
0.632635
0.632823
0.632268
0.631932
0.633308
0.633576
0.634070
0.631078
0.625193
0.624842
0.625750
0.626757
0.627974
0.628076
0.626596
0.626837
0.628932
0.630156
0.630351
0.630775
0.631214
0.633141
0.635611
0.637302
0.641187
0.639869
0.640251
0.643144
0.644109
0.643415
0.642107
0.641530
0.641983
0.640685
0.640654
0.644753
0.645182
0.646861
0.647505
0.646769
0.281318
0.137288
0.513122
0.513463
0.511332
0.113327
0.109112
0.116842
0.120299
0.104691
0.266864
0.273559
0.269994
0.256497
0.279500
0.300825
0.287203
0.315035
0.295264
0.117963
0.606131
0.665913
0.672667
0.674267
0.677929
0.678009
0.678738
0.678038
0.673144
0.668951
0.666810
0.665368
0.658043
0.656819
0.654758
0.655196
0.650760
0.650397
0.651792
0.652414
0.651773
0.647650
0.645213
0.643659
0.643647
0.643401
0.643876
0.647080
0.647559
0.647489
0.649155
0.650753
0.652171
0.652736
0.654436
0.656012
0.657588
0.661057
0.662230
0.662848
0.663149
0.662364
0.664773
0.665679
0.666735
0.667051
0.669593
0.673991
0.676258
0.676424
0.675172
0.675331
0.673810
0.672650
0.671919
0.669547
0.669272
0.669155
0.597346
0.602110
0.671748
0.673632
0.673974
0.672398
0.669178
0.668793
0.669490
0.670425
0.670474
0.670967
0.669651
0.669908
0.664874
0.661687
0.659273
0.661087
0.663556
0.658713
0.652177
0.640478
0.649806
0.648939
0.649500
0.649510
0.650561
0.651764
0.652671
0.652168
0.649247
0.650351
0.652201
0.650494
0.652141
0.660318
0.663338
0.664563
0.670513
0.675064
0.672358
0.671841
0.670656
0.671347
0.673906
0.674559
0.676552
0.678084
0.679764
0.682167
0.683595
0.685624
0.691649
0.696510
0.694551
0.685989
0.678134
0.672176
0.668345
0.665665
0.664625
0.667455
0.671221
0.675942
0.676943
0.675085
0.674155
0.673240
0.670243
0.666347
0.661905
0.653591
0.652916
0.651551
0.650741
0.651888
0.653503
0.654277
0.655212
0.654842
0.654043
0.654065
0.654212
0.656464
0.658481
0.660295
0.660665
0.664792
0.666584
0.666964
0.664328
0.664378
0.664205
0.663372
0.662584
0.662363
0.661974
0.662988
