0.998892
0.998668
0.998682
0.999080
0.998374
0.997880
0.997880
0.998363
0.997816
0.997558
0.998040
0.997847
0.998074
0.997766
0.997637
0.998040
0.997687
0.997572
0.997976
0.998219
0.998234
0.997906
0.997841
0.997353
0.997687
0.997687
0.998284
0.998542
0.997945
0.997289
0.998682
0.998567
0.997508
0.997687
0.998618
0.997687
0.997816
0.998477
0.997611
0.997238
0.997289
0.998951
0.997622
0.998040
0.998477
0.997572
0.997880
0.998413
0.998348
0.998234
0.998035
0.998348
0.998169
0.998567
0.998169
0.999265
0.998348
0.998876
0.998682
0.998074
0.998024
0.997104
0.997945
0.997637
0.997482
0.997830
0.996818
0.997222
0.996824
0.997690
0.996964
0.997157
0.997272
0.997561
0.997143
0.997207
0.997471
0.997496
0.997367
0.997740
0.997207
0.998427
0.997547
0.997362
0.997561
0.997367
0.996949
0.997805
0.997367
0.997303
0.997482
0.998035
0.997303
0.997496
0.997561
0.997272
0.997595
0.997067
0.997003
0.998153
0.997272
0.997755
0.996964
0.997755
0.997432
0.997496
0.997626
0.997690
0.997143
0.996964
0.997766
0.997496
0.997760
0.997895
1.000000
0.998009
0.997233
0.998035
0.997701
0.998363
0.998940
0.998144
0.998234
0.998169
0.998105
0.998298
0.998099
0.998682
0.998234
0.998035
0.997637
0.997572
0.997701
0.998144
0.998074
0.998099
0.999781
0.997945
0.997701
0.998293
0.997496
0.997078
0.997432
0.997432
0.997432
0.997207
0.997233
0.997014
0.997869
0.997401
0.997003
0.996759
0.996341
0.996470
0.996938
0.996824
0.996470
0.998063
0.996949
0.997233
0.997207
0.996874
0.996835
0.996759
0.996824
0.996216
0.996807
0.996011
0.995812
0.995812
0.995274
0.996151
0.995876
0.995414
0.995554
0.995425
0.996793
0.995554
0.995618
0.995812
0.994612
0.995294
0.995568
0.995235
0.994831
0.995299
0.995075
0.995010
0.994766
0.994895
0.995145
0.994946
0.994971
0.994817
0.995145
0.995100
0.995100
0.994946
0.995145
0.994831
0.994368
0.994304
0.995010
0.995100
0.995100
0.994951
0.994558
0.994691
0.994223
0.994466
0.994029
0.994497
0.993976
0.994881
0.994368
0.994433
0.994497
0.996005
0.996807
0.994946
0.994817
0.994881
0.995145
0.995747
0.995170
0.994817
0.995751
0.994626
0.994144
0.994691
0.994691
0.994208
0.994079
0.996230
0.994881
0.994976
0.995683
0.995633
0.994304
0.994418
0.991716
0.994418
0.994946
0.993965
0.992521
0.993421
0.993216
0.993485
0.993516
0.994094
0.990530
0.993656
0.994273
0.994094
0.993163
0.994273
0.993900
0.993656
0.994637
0.994079
0.994637
0.994946
0.994612
0.994497
0.994079
0.996165
0.996793
0.994508
0.994881
0.995504
0.994881
0.995170
0.996165
0.995010
0.994702
0.995041
0.994175
0.995279
0.994497
0.995139
0.994223
0.993710
0.994094
0.993760
0.994158
0.993452
0.993426
0.993491
0.993426
0.993914
0.993889
0.993850
0.993850
0.993850
0.993875
0.992392
0.994094
0.994029
0.993566
0.994029
0.993502
0.993965
0.993900
0.994208
0.993656
0.994626
0.994208
0.995274
0.994079
0.993656
0.994234
0.995229
0.993681
0.993631
0.993695
0.993356
0.994223
0.993825
0.993292
0.993292
0.993048
0.993023
0.993516
0.993323
0.993034
0.993825
0.993163
0.992877
0.992673
0.992204
0.992230
0.991383
0.991254
0.991448
0.990652
0.991288
0.991423
0.990556
0.991577
0.991319
0.990786
0.990965
0.991164
0.991254
0.991383
0.991434
0.991832
0.990901
0.991279
0.991832
0.991882
0.991638
0.991035
0.991832
0.992101
0.991265
0.992510
0.992549
0.992440
0.992569
0.991832
0.991434
0.991319
0.989984
0.990501
0.990422
0.990481
0.989780
0.990164
0.989970
0.990035
0.990124
0.992333
0.991164
0.990593
0.990901
0.991175
0.992429
0.991563
0.991094
0.991159
0.990775
0.990551
0.990232
0.989844
0.989640
0.989472
0.989780
0.991577
0.990357
0.990228
0.990453
0.990099
0.989835
0.989909
0.989780
0.989780
0.990904
0.990954
0.990178
0.990102
0.990243
0.989536
0.989382
0.989511
0.989780
0.988549
0.991196
0.988906
0.988718
0.988499
0.989057
0.989301
0.987658
0.988449
0.988642
0.988836
0.987218
0.947606
0.987711
0.987826
0.987717
0.988353
0.987358
0.988073
0.987311
0.986803
0.987297
0.987168
0.986969
0.986904
0.987437
0.987681
0.987347
0.986641
0.988020
0.987776
0.987308
0.987891
0.987647
0.988642
0.987776
0.987647
0.987647
0.988045
0.987891
0.988314
0.987762
0.988934
0.987841
0.987641
0.987282
0.987512
0.987308
0.988034
0.987880
0.986910
0.987282
0.987476
0.986506
0.986910
0.987437
0.987552
0.987630
0.987347
0.987361
0.987039
0.987078
0.987039
0.988143
0.987103
0.987103
0.986860
0.987157
0.986080
0.985349
0.985116
0.985304
0.983512
0.984970
0.984631
0.984760
0.984104
0.984712
0.986080
0.985360
0.985489
0.985514
0.985180
0.985618
0.985150
0.986484
0.984712
0.984895
0.985150
0.985503
0.984981
0.985579
0.984906
0.984891
0.985374
0.985503
0.985562
0.984502
0.985099
0.985369
0.984906
0.984777
0.985708
0.985772
0.984558
0.985708
0.985439
0.985150
0.985374
0.985099
0.986080
0.985214
0.984558
0.985374
0.984841
0.985085
0.984712
0.985503
0.987101
0.985439
0.985245
0.986195
0.985110
0.984956
0.984981
0.985579
0.985369
0.985035
0.984906
0.985279
0.985035
0.984502
0.984637
0.985503
0.984443
0.984841
0.983910
0.985020
0.984956
0.985180
0.984981
0.984712
0.984841
0.985310
0.985245
0.985310
0.986349
0.984777
0.985110
0.986818
0.985439
0.986220
0.985046
0.985489
0.985514
0.984841
0.986016
0.985110
0.985110
0.985085
0.984891
0.985180
0.985175
0.985214
0.985439
0.985020
0.985503
0.984438
0.984606
0.984362
0.983989
0.984508
0.984233
0.983925
0.984502
0.984219
0.984373
0.984970
0.984040
0.984701
0.985164
0.983894
0.983356
0.983317
0.983381
0.983227
0.983317
0.983560
0.983188
0.983381
0.983048
0.983420
0.982759
0.982310
0.982240
0.983241
0.983081
0.982708
0.982644
0.982848
0.983510
0.982759
0.982848
0.982630
0.983042
0.983381
0.983042
0.982181
0.983241
0.982470
0.982375
0.982568
0.982285
0.982439
0.982439
0.981778
0.982439
0.982504
0.981763
0.982192
0.982784
0.983112
0.982893
0.983689
0.983188
0.982630
0.983048
0.982773
0.983210
0.982434
0.981427
0.981851
0.981896
0.981503
0.982100
0.982821
0.981313
0.980965
0.983494
0.982229
0.982658
0.982434
0.982305
0.982683
0.982375
0.982240
0.983241
0.983306
0.982952
0.982619
0.982888
0.983306
0.983241
0.984152
0.983446
0.983689
0.983485
0.983689
0.983356
0.983356
0.983381
0.982983
0.983560
0.983894
0.984023
0.983560
0.984158
0.983958
0.983361
0.983625
0.983496
0.983291
0.983560
0.983704
0.983146
0.982952
0.983435
0.983241
0.983048
0.983446
0.982978
0.983370
0.983291
0.983227
0.983689
0.983446
0.983818
0.982489
0.983177
0.984217
0.983048
0.983818
0.983112
0.982978
0.984107
0.985088
0.983227
0.982708
0.982812
0.981971
0.981857
0.982697
0.982036
0.981713
0.982036
0.982150
0.982369
0.980911
0.981438
0.982305
0.982036
0.981632
0.982697
0.982100
0.981831
0.981971
0.982215
0.982504
0.982215
0.982902
0.982100
0.982439
0.982434
0.982305
0.981842
0.982100
0.981971
0.982036
0.981702
0.981971
0.982305
0.982305
0.982952
0.982837
0.982400
0.982708
0.982579
0.983306
0.982579
0.982913
0.983549
0.982823
0.982310
0.979016
0.982952
0.982644
0.983177
0.982683
0.983081
0.982344
0.981478
0.982294
0.982115
0.981234
0.981986
0.982100
0.982100
0.981907
0.982215
0.981842
0.981907
0.981907
0.982240
0.982568
0.982047
0.982773
0.982086
0.982619
0.983107
0.982644
0.982400
0.982310
0.982375
0.982240
0.983107
0.982439
0.982165
0.982697
0.982369
0.981971
0.982568
0.982408
0.982111
0.982369
0.982568
0.982240
0.982439
0.982568
0.982215
0.982215
0.982498
0.982633
0.982504
0.982504
0.983081
0.981892
0.982619
0.983485
0.983017
0.983107
0.982837
0.982644
0.982515
0.984037
0.982658
0.982882
0.982400
0.982504
0.983031
0.982594
0.982036
0.982568
0.981971
0.982036
0.982439
0.982240
0.983096
0.982658
0.982347
0.981442
0.981237
0.980948
0.981108
0.981377
0.980561
0.980909
0.980979
0.981044
0.981173
0.980576
0.980306
0.980306
0.980550
0.980620
0.980755
0.980242
0.980113
0.981929
0.980909
0.980690
0.980561
0.980915
0.980915
0.981094
0.980850
0.980915
0.981363
0.981377
0.980979
0.981313
0.980915
0.981377
0.981427
0.981094
0.982821
0.981761
0.981427
0.981697
0.982179
0.981427
0.981298
0.981427
0.981686
0.982423
0.982115
0.981363
0.982025
0.982165
0.981792
0.981517
0.981697
0.981557
0.980716
0.981313
0.980819
0.981018
0.980979
0.980786
0.980657
0.981826
0.980965
0.981094
0.981184
0.981184
0.981044
0.981237
0.980576
0.980640
0.980819
0.980561
0.981044
0.981711
0.980915
0.980845
0.980915
0.980755
0.980755
0.980979
0.981044
0.981750
0.980755
0.980561
0.980497
0.980850
0.981955
0.981119
0.981184
0.980965
0.981826
0.981826
0.981697
0.981298
0.982025
0.981736
0.981029
0.982179
0.981223
0.980755
0.981044
0.981557
0.980915
0.980979
0.980447
0.980755
0.981077
0.980082
0.980096
0.979877
0.979853
0.978767
0.979191
0.979877
0.979788
0.980032
0.979499
0.980276
0.979101
0.979345
0.979345
0.979359
0.979230
0.979892
0.978712
0.977910
0.978647
0.978378
0.978378
0.979219
0.978557
0.978389
0.979359
0.979564
0.979628
0.979295
0.979230
0.979698
0.979564
0.979295
0.979698
0.979892
0.979295
0.978986
0.979634
0.979166
0.979230
0.979191
0.979763
0.979698
0.978986
0.979424
0.979499
0.979827
0.978325
0.980276
0.978832
0.979614
0.980405
0.979191
0.979634
0.979967
0.979903
0.980236
0.980146
0.979693
0.979628
0.979827
0.979230
0.979370
0.979827
0.980784
0.980096
0.980096
0.979435
0.979853
0.979788
0.979827
0.979698
0.980096
0.979634
0.980032
0.979774
0.979903
0.979967
0.980146
0.979724
0.980146
0.980808
0.979774
0.979774
0.980017
0.979774
0.980172
0.980236
0.980172
0.979903
0.980236
0.979774
0.981481
0.979678
0.979505
0.979693
0.979036
0.979230
0.980694
0.979763
0.979295
0.978846
0.978975
0.978493
0.978717
0.978846
0.979180
0.980111
0.979538
0.979359
0.978428
0.978622
0.979892
0.977486
0.978168
0.977591
0.977565
0.977784
0.977237
0.977436
0.978432
0.977834
0.977243
0.977705
0.977372
0.978546
0.978432
0.977372
0.977885
0.977268
0.977486
0.979124
0.980343
0.978109
0.978039
0.978143
0.977770
0.977237
0.977526
0.977307
0.978039
0.977512
0.967952
0.977949
0.977243
0.978045
0.977980
0.978224
0.979149
0.978815
0.974680
0.978238
0.978288
0.977885
0.979149
0.978507
0.978224
0.978238
0.978039
0.978432
0.977770
0.978353
0.977756
0.978507
0.978109
0.978109
0.977447
0.978880
0.978045
0.978314
0.978911
0.978815
0.979374
0.978751
0.978378
0.978572
0.978712
0.978712
0.977949
0.977486
0.977243
0.977680
0.977591
0.977770
0.977212
0.977212
0.978078
0.976037
0.976853
0.976764
0.976828
0.976494
0.976231
0.975783
0.976553
0.976699
0.976828
0.976520
0.976424
0.975987
0.973419
0.976155
0.938562
0.938652
0.939294
0.938890
0.938725
0.943020
0.944220
0.946146
0.945922
0.946340
0.946146
0.945151
0.946286
0.945888
0.947346
0.947122
0.946724
0.947475
0.947475
0.947419
0.947579
0.947798
0.947514
0.946724
0.947590
0.947654
0.947461
0.948521
0.948635
0.948854
0.948790
0.948237
0.948854
0.948585
0.948714
0.947848
0.947573
0.947573
0.946917
0.947848
0.947514
0.947579
0.947848
0.947590
0.948232
0.948252
0.947719
0.947859
0.947346
0.947994
0.948316
0.948585
0.948456
0.947988
0.948187
0.947834
0.947898
0.948311
0.946082
0.947046
0.946469
0.947201
0.947240
0.946791
0.945651
0.944899
0.944913
0.944799
0.944047
0.944574
0.944476
0.945202
0.944230
0.943444
0.944230
0.943713
0.943868
0.944072
0.944252
0.943918
0.944541
0.944123
0.944720
0.944193
0.944784
0.944989
0.945118
0.944849
0.944252
0.944591
0.944445
0.944381
0.944126
0.943374
0.943932
0.944305
0.943907
0.943599
0.943534
0.944386
0.944112
0.943739
0.944002
0.944072
0.943455
0.944058
0.944123
0.944257
0.945053
0.944810
0.944451
0.944720
0.944913
0.944784
0.945053
0.944795
0.943864
0.944770
0.943999
0.944801
0.945134
0.941765
0.945572
0.945328
0.941765
0.945263
0.945507
0.945636
0.944860
0.945303
0.945059
0.945059
0.945059
0.945328
0.945522
0.945278
0.945572
0.945328
0.945173
0.945134
0.945044
0.945796
0.945732
0.945443
0.945846
0.945448
0.945782
0.945846
0.946244
0.946001
0.945846
0.945846
0.946051
0.946777
0.946533
0.946340
0.945807
0.946130
0.946065
0.945667
0.946001
0.945936
0.946244
0.946404
0.946399
0.946469
0.946051
0.946115
0.946584
0.947046
0.946404
0.945538
0.946169
0.945861
0.945134
0.945796
0.945597
0.946054
0.945443
0.945861
0.945457
0.944930
0.944616
0.945586
0.944978
0.944305
0.943932
0.944451
0.944347
0.943918
0.944241
0.943374
0.943534
0.943529
0.943330
0.943459
0.941726
0.942214
0.942791
0.942701
0.942382
0.942716
0.942721
0.942393
0.942200
0.942214
0.942572
0.941667
0.942727
0.943195
0.942637
0.942990
0.942797
0.943131
0.943001
0.942732
0.942926
0.942887
0.942856
0.941914
0.941333
0.942382
0.941850
0.942343
0.942203
0.942522
0.941925
0.942458
0.942124
0.942458
0.942329
0.942273
0.941241
0.941311
0.942113
0.941670
0.941670
0.941662
0.941412
0.941656
0.942209
0.941477
0.941412
0.941656
0.942253
0.941920
0.941855
0.942203
0.941855
0.942189
0.942478
0.942766
0.942528
0.942458
0.943324
0.943131
0.943529
0.942887
0.943503
0.943195
0.943400
0.943265
0.943136
0.943663
0.943663
0.943001
0.943271
0.943907
0.943857
0.943921
0.943038
0.942522
0.942178
0.941945
0.942671
0.942909
0.941670
0.941401
0.941401
0.941600
0.940998
0.941051
0.940664
0.940375
0.938887
0.938242
0.937982
0.937589
0.937755
0.938203
0.938203
0.937998
0.938467
0.938800
0.938402
0.938646
0.939198
0.938581
0.936168
0.939383
0.938388
0.939075
0.938786
0.938876
0.939125
0.938881
0.939330
0.940131
0.940271
0.940661
0.941656
0.941726
0.942054
0.941945
0.941984
0.941810
0.941830
0.942010
0.941721
0.941407
0.941401
0.941112
0.941715
0.941272
0.941721
0.941785
0.941348
0.942408
0.941591
0.942124
0.941751
0.937655
0.940083
0.940880
0.941311
0.939576
0.941112
0.940600
0.940594
0.940529
0.940440
0.940067
0.940440
0.940375
0.940221
0.940659
0.940067
0.940170
0.939573
0.938463
0.939652
0.938298
0.938786
0.938015
0.938413
0.938811
0.939588
0.938752
0.939333
0.938478
0.938178
0.936734
0.936844
0.934719
0.935296
0.934357
0.934542
0.936076
0.935243
0.934811
0.935016
0.935080
0.936126
0.935882
0.936524
0.936011
0.936126
0.936011
0.936255
0.935947
0.936409
0.936126
0.935877
0.936216
0.936877
0.935877
0.936011
0.935658
0.935722
0.935947
0.935618
0.936216
0.935818
0.936255
0.936070
0.935557
0.935235
0.935338
0.935683
0.935338
0.935478
0.935016
0.935683
0.936076
0.935742
0.935209
0.935397
0.934601
0.934099
0.934870
0.935075
0.935204
0.934946
0.935434
0.934548
0.935344
0.934951
0.936076
0.934951
0.935613
0.935285
0.935882
0.935818
0.935932
0.935529
0.934332
0.934795
0.934736
0.934343
0.934035
0.934472
0.934267
0.934470
0.933060
0.931821
0.931532
0.931681
0.931661
0.931159
0.931885
0.931019
0.930551
0.930551
0.930038
0.929884
0.929679
0.929404
0.929548
0.927353
0.927493
0.928070
0.928578
0.927941
0.928289
0.927364
0.926974
0.926823
0.926302
0.926442
0.926027
0.925693
0.926092
0.926221
0.925873
0.925564
0.925181
0.925187
0.920027
0.919039
0.920979
0.920382
0.920421
0.920592
0.920951
0.920124
0.919760
0.920561
0.920819
0.919953
0.919490
0.920023
0.920018
0.920416
0.919221
0.919889
0.920029
0.919501
0.921041
0.921234
0.921509
0.921444
0.921494
0.922215
0.922221
0.923238
0.923546
0.923353
0.923044
0.924040
0.923706
0.924104
0.923869
0.923701
0.923706
0.924362
0.923835
0.923642
0.923911
0.924309
0.924623
0.924443
0.924892
0.925026
0.924171
0.925500
0.925500
0.925769
0.926481
0.925915
0.927950
0.926781
0.926711
0.927622
0.927184
0.926492
0.927504
0.928216
0.928176
0.927972
0.928356
0.928774
0.929236
0.928888
0.928709
0.928759
0.929626
0.929651
0.929511
0.929651
0.929651
0.929959
0.929766
0.930427
0.930427
0.930363
0.929238
0.930169
0.930427
0.929238
0.930388
0.930542
0.930234
0.929945
0.930503
0.930105
0.930298
0.930632
0.930696
0.930427
0.930453
0.930228
0.929626
0.929098
0.929211
0.928230
0.927837
0.928569
0.927773
0.927762
0.927504
0.927946
0.927633
0.927224
0.925844
0.926173
0.925780
0.926044
0.926442
0.925979
0.925954
0.925356
0.925645
0.926243
0.925760
0.925954
0.926307
0.926094
0.926486
0.925516
0.926029
0.925825
0.926243
0.926512
0.926357
0.925954
0.925054
0.925452
0.926223
0.926158
0.925850
0.926158
0.926248
0.926094
0.926178
0.925785
0.926248
0.926029
0.926781
0.925407
0.926158
0.925985
0.926158
0.926158
0.925825
0.925645
0.925295
0.924729
0.924844
0.925247
0.926044
0.925485
0.925227
0.924774
0.924892
0.924241
0.924300
0.924504
0.923913
0.924003
0.924246
0.925575
0.925441
0.925640
0.925093
0.924715
0.925242
0.925177
0.925774
0.925800
0.925511
0.925704
0.926108
0.925601
0.925292
0.925356
0.925651
0.925581
0.925163
0.924984
0.925915
0.925323
0.925452
0.926313
0.925387
0.925098
0.925124
0.925516
0.925393
0.925566
0.926049
0.925163
0.925188
0.925253
0.925323
0.925965
0.925393
0.926119
0.925715
0.925915
0.925516
0.925516
0.925446
0.925127
0.924998
0.925157
0.924715
0.924504
0.924858
0.924294
0.924056
0.923927
0.922797
0.922786
0.922049
0.921805
0.922049
0.923055
0.922851
0.922770
0.922307
0.921780
0.922114
0.921920
0.921214
0.921805
0.921601
0.921844
0.921253
0.921870
0.921870
0.921472
0.920874
0.921844
0.921984
0.922646
0.921870
0.921715
0.921945
0.922049
0.922512
0.921730
0.921312
0.920863
0.921262
0.921197
0.921665
0.921601
0.921247
0.921794
0.921730
0.921472
0.921247
0.921601
0.920989
0.921601
0.921665
0.921247
0.921472
0.921188
0.920655
0.921118
0.921079
0.921651
0.921612
0.921855
0.921586
0.921945
0.921855
0.920860
0.921214
0.921393
0.921483
0.922035
0.922125
0.923394
0.921726
0.921844
0.921278
0.921393
0.921676
0.921522
0.921393
0.921855
0.921253
0.921407
0.921247
0.920785
0.921536
0.920058
0.921278
0.921188
0.921278
0.921149
0.921393
0.921612
0.921483
0.921278
0.921612
0.921855
0.921791
0.921393
0.921393
0.921805
0.920681
0.921253
0.921068
0.921197
0.919868
0.919829
0.919894
0.919599
0.920734
0.920445
0.920555
0.920137
0.920331
0.919366
0.919560
0.920395
0.919366
0.919804
0.918937
0.919534
0.918500
0.919534
0.919700
0.919206
0.919066
0.920047
0.918545
0.919033
0.918276
0.919868
0.919599
0.919142
0.919066
0.919027
0.919728
0.918683
0.918806
0.918672
0.918144
0.916891
0.917925
0.917940
0.917348
0.917811
0.917671
0.917099
0.917138
0.916944
0.916734
0.917152
0.916286
0.916555
0.916351
0.915952
0.916270
0.915871
0.915602
0.916000
0.914837
0.914946
0.914946
0.915434
0.915204
0.914812
0.915484
0.915818
0.915510
0.915484
0.915793
0.916146
0.914887
0.915857
0.915499
0.915210
0.915230
0.914439
0.914812
0.914812
0.914882
0.914240
0.915036
0.914697
0.915224
0.914209
0.914632
0.914428
0.914139
0.914557
0.912162
0.914203
0.914557
0.913561
0.913491
0.914332
0.914089
0.913999
0.913960
0.913960
0.914203
0.914074
0.914074
0.914203
0.913497
0.913416
0.913595
0.913416
0.913391
0.912241
0.912345
0.912166
0.911995
0.912059
0.911283
0.911014
0.911412
0.910616
0.910577
0.911154
0.911269
0.911129
0.910955
0.911025
0.911134
0.911687
0.911224
0.911333
0.910383
0.910691
0.911622
0.911089
0.910806
0.910826
0.910806
0.910498
0.910896
0.910960
0.911339
0.911075
0.910214
0.911140
0.910035
0.910433
0.911235
0.909982
0.909931
0.909996
0.909982
0.910971
0.910201
0.910245
0.910240
0.909771
0.910509
0.909836
0.910061
0.910971
0.909996
0.909777
0.909567
0.909901
0.910164
0.909522
0.914594
0.905572
0.908737
0.907279
0.907458
0.911748
0.908339
0.907324
0.908403
0.909334
0.908160
0.907015
0.907408
0.907473
0.907602
0.908199
0.908263
0.908353
0.909065
0.907602
0.907408
0.910175
0.911300
0.908636
0.911364
0.907004
0.908602
0.908070
0.907941
0.907876
0.907523
0.908743
0.909115
0.913077
0.913116
0.909314
0.908140
0.908936
0.908274
0.912539
0.909115
0.909732
0.908204
0.908872
0.908653
0.911947
0.911838
0.909270
0.911972
0.910046
0.911689
0.908459
0.909763
0.911683
0.908479
0.910912
0.907991
0.907419
0.909513
0.907214
0.908274
0.906772
0.908647
0.909065
0.908673
0.908942
0.914400
0.912435
0.910882
0.909438
0.908392
0.908322
0.909965
0.910756
0.907397
0.907661
0.908392
0.908064
0.907602
0.909965
0.909657
0.910369
0.907607
0.908328
0.907974
0.907447
0.907203
0.907273
0.907467
0.905034
0.908219
0.911493
0.907871
0.907537
0.905303
0.907806
0.908468
0.907587
0.907672
0.911075
0.907473
0.908807
0.908134
0.905406
0.907392
0.909034
0.906427
0.906800
0.905830
0.907677
0.909194
0.909696
0.911726
0.906385
0.910223
0.907038
0.905883
0.906621
0.906671
0.906601
0.905894
0.906735
0.906761
0.908457
0.910249
0.906864
0.905213
0.906234
0.906875
0.907010
0.910509
0.910111
0.908473
0.906424
0.907812
0.907876
0.911440
0.911375
0.911156
0.909673
0.909121
0.909320
0.908942
0.909917
0.909384
0.908877
0.908389
0.908942
0.910122
0.911619
0.907683
0.908947
0.908678
0.909211
0.909583
0.907273
0.907871
0.907408
0.907030
0.907447
0.907551
0.907462
0.906735
0.906671
0.906357
0.907133
0.907063
0.910369
0.907666
0.907203
0.907327
0.909567
0.907338
0.907716
0.907683
0.908403
0.906282
0.906346
0.908739
0.906254
0.904446
0.900799
0.898851
0.899319
0.898770
0.897999
0.896536
0.896797
0.898794
0.895373
0.895079
0.897184
0.893954
0.898373
0.895522
0.893814
0.893551
0.895323
0.894053
0.893733
0.860864
0.895177
0.894611
0.894983
0.894521
0.893475
0.894042
0.896211
0.894535
0.894311
0.893374
0.891084
0.895881
0.892985
0.893473
0.892792
0.882774
0.891822
0.896419
0.893902
0.896829
0.891479
0.898438
0.895371
0.894401
0.894998
0.893265
0.894250
0.894659
0.894922
0.893916
0.892402
0.891925
0.892517
0.891920
0.892189
0.892074
0.891302
0.888470
0.888395
0.888509
0.887141
0.889247
0.888913
0.889247
0.887659
0.890615
0.887460
0.887718
0.888832
0.888170
0.887643
0.886797
0.888364
0.886483
0.887722
0.887352
0.888950
0.885925
0.885392
0.886920
0.888299
0.888299
0.887060
0.890329
0.887593
0.887996
0.888459
0.887175
0.887528
0.886802
0.888638
0.888041
0.888266
0.887589
0.889053
0.887853
0.887954
0.889039
0.888262
0.889243
0.888730
0.889064
0.889840
0.888522
0.891166
0.891101
0.891822
0.893282
0.893405
0.893007
0.893007
0.893868
0.894922
0.893784
0.894117
0.893803
0.893680
0.893083
0.896949
0.895068
0.895426
0.894919
0.895581
0.894919
0.894252
0.894392
0.896158
0.895258
0.896253
0.895741
0.896368
0.895154
0.896587
0.895373
0.895656
0.896189
0.894795
0.895527
0.896355
0.895003
0.895785
0.895539
0.895101
0.897024
0.894521
0.894664
0.895101
0.894002
0.893599
0.894639
0.893315
0.892441
0.892113
0.891014
0.892915
0.891875
0.891601
0.891586
0.893249
0.892458
0.892452
0.892800
0.892581
0.892312
0.890810
0.892489
0.891191
0.887230
0.890216
0.891699
0.891724
0.890061
0.890992
0.890858
0.891634
0.891211
0.892231
0.891121
0.891570
0.891601
0.892531
0.890412
0.892312
0.892203
0.891337
0.891143
0.891471
0.892178
0.891342
0.893398
0.892980
0.891149
0.892792
0.891693
0.892264
0.892467
0.892629
0.891794
0.892307
0.892725
0.892736
0.892242
0.889969
0.892242
0.890813
0.889857
0.889179
0.890965
0.890911
0.890384
0.886763
0.887497
0.887383
0.887825
0.887901
0.888767
0.887593
0.886597
0.888434
0.887195
0.886970
0.888041
0.886039
0.883272
0.887368
0.887175
0.886791
0.887368
0.886508
0.887125
0.886129
0.888008
0.886012
0.885202
0.886828
0.886634
0.885754
0.875776
0.884981
0.885314
0.886091
0.883904
0.884692
0.884184
0.885364
0.884529
0.885558
0.885235
0.884095
0.884319
0.883781
0.883716
0.885239
0.884159
0.884885
0.885110
0.885093
0.883016
0.883672
0.883285
0.880830
0.879849
0.881421
0.880749
0.880490
0.880555
0.880365
0.881136
0.881937
0.879939
0.878503
0.879488
0.878745
0.878798
0.877749
0.878218
0.878879
0.878487
0.879482
0.878905
0.878178
0.878750
0.878243
0.876317
0.877909
0.879168
0.878153
0.879277
0.877825
0.878711
0.878088
0.878551
0.879277
0.879163
0.878879
0.878616
0.877416
0.877301
0.879547
0.877845
0.879019
0.877825
0.877766
0.878582
0.878787
0.879165
0.879319
0.880623
0.880339
0.879100
0.879967
0.879240
0.880634
0.880998
0.879849
0.881427
0.880168
0.880496
0.880765
0.881228
0.880586
0.880361
0.879989
0.880092
0.879330
0.879703
0.878971
0.879229
0.878551
0.879650
0.876984
0.877119
0.877845
0.878024
0.879089
0.878632
0.878229
0.877651
0.881523
0.878955
0.879628
0.878234
0.880284
0.879134
0.879030
0.878632
0.878582
0.879069
0.879159
0.878229
0.879647
0.878647
0.878582
0.878100
0.879423
0.879229
0.879771
0.879488
0.879547
0.878890
0.879950
0.878229
0.878024
0.879353
0.879238
0.878178
0.879159
0.878229
0.878647
0.879488
0.877830
0.878717
0.878229
0.878492
0.878955
0.877909
0.878282
0.879034
0.879034
0.877491
0.876978
0.877506
0.878296
0.877685
0.878038
0.877366
0.876499
0.877186
0.876429
0.876682
0.875631
0.874223
0.875816
0.875179
0.875647
0.876822
0.876418
0.876802
0.875787
0.876783
0.876225
0.878022
0.876564
0.875967
0.877097
0.876191
0.877097
0.877097
0.875838
0.877430
0.876499
0.876693
0.876343
0.874807
0.875334
0.874689
0.875555
0.875065
0.871754
0.871452
0.873627
0.873358
0.872508
0.872573
0.873952
0.874162
0.874027
0.875137
0.874750
0.874173
0.874776
0.875502
0.873646
0.874776
0.874975
0.876239
0.874428
0.876110
0.876239
0.875050
0.875358
0.875358
0.876643
0.877548
0.875493
0.877290
0.876514
0.879833
0.878330
0.876822
0.876289
0.876951
0.875179
0.875423
0.876836
0.875283
0.876870
0.875168
0.875681
0.875362
0.875875
0.874252
0.856838
0.858476
0.874662
0.874339
0.870835
0.872427
0.872093
0.872929
0.872492
0.870501
0.870835
0.871157
0.872068
0.871093
0.872023
0.872949
0.872571
0.871365
0.872206
0.870549
0.870086
0.871620
0.871704
0.870843
0.872321
0.870628
0.870370
0.870742
0.871614
0.870748
0.871833
0.871743
0.871704
0.872038
0.872012
0.871544
0.870086
0.872450
0.871544
0.872385
0.870086
0.870176
0.870145
0.871609
0.869966
0.871286
0.871031
0.870370
0.871275
0.871141
0.872991
0.871419
0.871079
0.870681
0.868960
0.871194
0.870084
0.869961
0.870796
0.870925
0.868820
0.869089
0.870289
0.868895
0.870331
0.869869
0.870217
0.869594
0.869967
0.870186
0.869928
0.869350
0.867892
0.868868
0.868534
0.869190
0.868484
0.868728
0.868857
0.868419
0.869319
0.867861
0.869011
0.868548
0.867822
0.868613
0.867553
0.867503
0.867438
0.867284
0.867155
0.867149
0.868408
0.868986
0.867876
0.868324
0.868419
0.868728
0.870539
0.867149
0.868150
0.867349
0.867682
0.868537
0.868215
0.868921
0.868678
0.868369
0.867408
0.868080
0.868408
0.869140
0.869076
0.868523
0.868613
0.867887
0.868484
0.867822
0.867758
0.867693
0.867892
0.869196
0.869067
0.868803
0.868932
0.868803
0.869002
0.869799
0.869669
0.869515
0.869869
0.872770
0.869669
0.869426
0.869605
0.870059
0.870939
0.870864
0.869644
0.870306
0.869325
0.869465
0.869669
0.868963
0.869476
0.870152
0.869205
0.869036
0.868215
0.868498
0.868005
0.868666
0.867576
0.866749
0.867988
0.868117
0.867035
0.866727
0.865807
0.865807
0.866276
0.865549
0.865485
0.865953
0.866853
0.866017
0.865684
0.866351
0.867461
0.866530
0.868187
0.866401
0.867267
0.868134
0.868647
0.868846
0.868055
0.867811
0.867797
0.869260
0.869669
0.868405
0.869072
0.869476
0.870073
0.870317
0.870477
0.870407
0.871517
0.870289
0.871727
0.871419
0.869164
0.872001
0.870961
0.871404
0.871290
0.870473
0.871867
0.872001
0.872001
0.871200
0.871463
0.870796
0.870180
0.870692
0.870165
0.870967
0.871146
0.870807
0.870678
0.871962
0.874763
0.870961
0.870667
0.871856
0.871791
0.870541
0.869944
0.870412
0.872383
0.870123
0.869352
0.871483
0.869557
0.869865
0.871015
0.870810
0.870810
0.869661
0.870681
0.869063
0.870805
0.869686
0.870990
0.871699
0.869002
0.868868
0.870031
0.868599
0.868599
0.869454
0.869928
0.870385
0.868091
0.868803
0.870152
0.869933
0.869028
0.868534
0.869350
0.870121
0.868868
0.870202
0.869336
0.867828
0.869076
0.868150
0.868728
0.867618
0.869384
0.868666
0.867203
0.866670
0.867537
0.867074
0.868377
0.865706
0.867990
0.868279
0.867618
0.869594
0.868857
0.868742
0.867408
0.868263
0.868866
0.867229
0.865911
0.867100
0.865120
0.865120
0.865264
0.863944
0.866545
0.864605
0.864784
0.863944
0.865894
0.863865
0.864899
0.863994
0.864849
0.866183
0.866388
0.865586
0.865516
0.863725
0.863466
0.865149
0.865441
0.863271
0.864644
0.864549
0.864928
0.864709
0.865286
0.865575
0.865505
0.864670
0.864703
0.864051
0.863593
0.868659
0.865225
0.863826
0.864115
0.863055
0.862921
0.863891
0.862587
0.863815
0.863378
0.861785
0.862029
0.862248
0.864149
0.862004
0.862248
0.861542
0.861219
0.863050
0.862921
0.862458
0.862663
0.863916
0.863184
0.863179
0.862408
0.862716
0.862856
0.863852
0.864692
0.863922
0.863254
0.864692
0.864499
0.864191
0.862727
0.863658
0.863972
0.863624
0.864574
0.863271
0.864703
0.863728
0.863803
0.863933
0.863784
0.864112
0.864042
0.865351
0.865570
0.863310
0.863997
0.864370
0.862847
0.863195
0.863728
0.863310
0.856607
0.864613
0.866610
0.866038
0.865679
0.863649
0.863245
0.863868
0.863803
0.862345
0.865028
0.862615
0.863610
0.863545
0.863918
0.861426
0.864257
0.864187
0.865715
0.864784
0.864058
0.864187
0.864283
0.865651
0.863865
0.863865
0.864064
0.865990
0.864005
0.864865
0.863607
0.865667
0.865533
0.864537
0.864666
0.865457
0.864801
0.865199
0.865084
0.864672
0.864941
0.865006
0.865474
0.865474
0.865319
0.865210
0.867380
0.866917
0.867046
0.867734
0.867475
0.867579
0.867515
0.867450
0.866659
0.867256
0.867526
0.868187
0.867461
0.867898
0.867898
0.867346
0.867122
0.868187
0.869491
0.867604
0.867186
0.867719
0.867655
0.865420
0.865242
0.866091
0.864132
0.862475
0.864384
0.863792
0.862733
0.865096
0.865096
0.865096
0.864617
0.864244
0.864384
0.864886
0.864359
0.864309
0.862806
0.863089
0.862427
0.862587
0.861606
0.863428
0.863299
0.862795
0.862512
0.862377
0.861606
0.861127
0.861062
0.861116
0.860443
0.860250
0.860438
0.859639
0.858880
0.858552
0.857304
0.859151
0.859236
0.858529
0.859048
0.858888
0.858888
0.859614
0.859171
0.858554
0.858439
0.858902
0.859177
0.858952
0.859171
0.859485
0.859252
0.859560
0.859367
0.859571
0.860427
0.859367
0.859700
0.860830
0.861761
0.860631
0.859636
0.860477
0.859835
0.859860
0.860502
0.861433
0.860438
0.861940
0.860104
0.860348
0.861368
0.861632
0.860502
0.861890
0.858840
0.860104
0.856168
0.860104
0.861433
0.861826
0.861826
0.861761
0.861035
0.861433
0.861632
0.861632
0.862030
0.862563
0.859770
0.861304
0.862364
0.860477
0.861966
0.860508
0.862403
0.861503
0.860373
0.861826
0.860054
0.860104
0.861009
0.861099
0.861472
0.860959
0.861228
0.861228
0.859964
0.860620
0.861212
0.860814
0.860480
0.858888
0.859048
0.860362
0.860491
0.859894
0.860491
0.860959
0.861885
0.860670
0.860312
0.861282
0.859689
0.860312
0.860427
0.859431
0.858192
0.861666
0.861316
0.861535
0.862132
0.859872
0.861599
0.861773
0.860604
0.859872
0.860539
0.863410
0.860957
0.860464
0.857767
0.857573
0.861509
0.860893
0.861201
0.861007
0.860545
0.861282
0.859958
0.860298
0.861601
0.861924
0.861422
0.860362
0.861024
0.861293
0.860477
0.860567
0.862095
0.860701
0.861503
0.860379
0.860970
0.861568
0.860945
0.862678
0.860572
0.861304
0.861503
0.861901
0.860648
0.862818
0.863255
0.861887
0.861051
0.862369
0.862882
0.861708
0.861046
0.863415
0.863126
0.863877
0.863011
0.861772
0.862369
0.862041
0.863076
0.862767
0.862638
0.862689
0.863151
0.861887
0.862613
0.861385
0.863877
0.863384
0.861966
0.861901
0.862369
0.862030
0.860727
0.860777
0.862240
0.861514
0.860648
0.860583
0.861553
0.862111
0.861957
0.861245
0.860891
0.860519
0.859190
0.861020
0.864057
0.861450
0.861758
0.861245
0.862290
0.863151
0.860519
0.860648
0.859767
0.861450
0.862316
0.862111
0.859663
0.863863
0.860729
0.862700
0.859798
0.862316
0.862893
0.862963
0.862705
0.862352
0.861500
0.862301
0.863053
0.861660
0.863157
0.862366
0.860664
0.863142
0.862366
0.863221
0.863092
0.861178
0.860764
0.861439
0.861470
0.859818
0.860556
0.859625
0.860233
0.861343
0.860906
0.861697
0.861007
0.859081
0.860480
0.860670
0.860895
0.861293
0.859689
0.860928
0.860475
0.861296
0.860480
0.859754
0.859404
0.860578
0.859614
0.859678
0.859171
0.860545
0.861251
0.861540
0.858952
0.859499
0.860764
0.860012
0.858902
0.858767
0.860475
0.858683
0.859404
0.859081
0.860699
0.861007
0.859300
0.860570
0.861007
0.860545
0.858888
0.858240
0.852313
0.860764
0.859081
0.858246
0.860320
0.862471
0.859883
0.859171
0.860878
0.859171
0.858644
0.860764
0.860346
0.858439
0.858618
0.857907
0.859284
0.859796
0.859468
0.860349
0.859070
0.859070
0.857896
0.859146
0.857105
0.857587
0.858294
0.858025
0.858165
0.858358
0.858294
0.859199
0.858537
0.856990
0.857169
0.857896
0.859404
0.858100
0.857971
0.858106
0.859435
0.857971
0.859962
0.858408
0.859628
0.859936
0.858563
0.859499
0.858728
0.860604
0.860539
0.860475
0.860295
0.859210
0.859614
0.858837
0.858375
0.860217
0.858246
0.860399
0.858812
0.858568
0.857649
0.859370
0.860495
0.858756
0.858602
0.858229
0.859538
0.858249
0.856463
0.858568
0.858229
0.857792
0.858762
0.858762
0.858106
0.858305
0.860957
0.858568
0.857971
0.858697
0.858902
0.860475
0.860803
0.858305
0.858439
0.860475
0.860346
0.859833
0.860738
0.861007
0.860764
0.860410
0.859037
0.860012
0.859146
0.859017
0.859549
0.860788
0.861013
0.860480
0.860530
0.861083
0.859689
0.860466
0.861599
0.860915
0.860464
0.860049
0.858796
0.860273
0.859003
0.858272
0.858681
0.859368
0.858412
0.859536
0.859183
0.858723
0.857077
0.857560
0.857933
0.858922
0.858788
0.857468
0.858255
0.857807
0.858502
0.857608
0.857647
0.857801
0.858115
0.858603
0.857916
0.857852
0.857453
0.857582
0.857852
0.857717
0.857787
0.858205
0.857543
0.855951
0.856792
0.857081
0.857947
0.858191
0.858852
0.857061
0.857593
0.857400
0.858465
0.858395
0.859186
0.858524
0.858255
0.858395
0.857285
0.858659
0.858126
0.858569
0.858331
0.858331
0.856963
0.856769
0.856948
0.857949
0.857416
0.858238
0.857879
0.859407
0.858039
0.859870
0.857237
0.859197
0.857852
0.858126
0.857818
0.857663
0.858331
0.857221
0.856559
0.858555
0.858928
0.858555
0.858137
0.858202
0.859376
0.858297
0.855953
0.855953
0.858078
0.858014
0.857416
0.855401
0.857481
0.858611
0.858810
0.859402
0.858939
0.856884
0.858476
0.859407
0.859536
0.858675
0.858073
0.860243
0.859909
0.859805
0.858347
0.859984
0.860049
0.859665
0.859197
0.857689
0.859988
0.859326
0.854303
0.858852
0.858513
0.858657
0.208744
0.155633
0.144999
0.138147
0.135963
0.132290
0.127288
0.122861
0.122188
0.119919
0.120264
0.118490
0.118151
0.117509
0.116005
0.115741
0.115983
0.115887
0.115150
0.114950
0.115126
0.114682
0.114764
0.114707
0.114690
0.114431
0.114584
0.114282
0.113943
0.113461
0.113369
0.113788
0.112487
0.112562
0.112714
0.110934
0.111038
0.111179
0.110994
0.110828
0.110382
0.110514
0.108348
0.108770
0.108558
0.107774
0.107194
0.104647
0.102879
0.102037
0.099818
0.099950
0.099048
0.097964
0.099052
0.098409
0.097996
0.098428
0.098554
0.099691
0.102415
0.101739
0.103994
0.105601
0.107367
0.108920
0.113946
0.109989
0.108807
0.109824
0.110997
0.109571
0.110666
0.113452
0.111569
0.112938
0.113751
0.112683
0.111478
0.114394
0.115335
0.116847
0.111089
0.115854
0.119633
0.119960
0.120251
0.117726
0.115361
0.118331
0.120948
0.121437
0.116191
0.117934
0.118250
0.118179
0.118929
0.119142
0.118732
0.119444
0.121055
0.122331
0.120024
0.122061
0.120343
0.121859
0.123189
0.121262
0.123118
0.121885
0.122523
0.120901
0.122555
0.121684
0.120902
0.122960
0.121918
0.121619
0.122868
0.123646
0.122588
0.125342
0.130118
0.130085
0.130962
0.131323
0.130360
0.127538
0.128973
0.131115
0.130945
0.130775
0.130052
0.130583
0.129423
0.128622
0.130918
0.129680
0.131531
0.130319
0.129175
0.130500
0.131126
0.132701
0.131471
0.129877
0.130748
0.132701
0.132167
0.130583
0.134301
0.132025
0.129942
0.131264
0.130643
0.130989
0.132062
0.132221
0.133512
0.136421
0.137023
0.136523
0.135808
0.137772
0.137969
0.139197
0.141946
0.140631
0.140037
0.140466
0.141681
0.143183
0.143194
0.142954
0.144699
0.142621
0.146232
0.145347
0.147192
0.147316
0.146002
0.145125
0.150910
0.150308
0.152793
0.153340
0.156136
0.160699
0.156327
0.156249
0.155717
0.156189
0.155401
0.154425
0.156551
0.153841
0.156792
0.157451
0.152076
0.152464
0.149833
0.156494
0.156432
0.155929
0.159647
0.159461
0.158493
0.154283
0.157973
0.156122
0.157690
0.156559
0.154517
0.152666
0.153001
0.155193
0.162043
0.158399
0.155876
0.157257
0.160445
0.160231
0.158518
0.156551
0.158343
0.161890
0.159306
0.159322
0.162406
0.159705
0.158045
0.159397
0.158439
0.157168
0.158582
0.155438
0.157030
0.158164
0.158334
0.158093
0.158449
0.158449
0.157045
0.157965
0.157898
0.158791
0.157588
0.158249
0.159099
0.159635
0.160008
0.160110
0.159726
0.159980
0.158456
0.156500
0.157859
0.156610
0.155032
0.155763
0.156348
0.158757
0.157519
0.157595
0.157158
0.158369
0.156759
0.156073
0.157269
0.157843
0.159290
0.156908
0.160002
0.160013
0.160539
0.162422
0.162422
0.156440
0.158736
0.158412
0.158577
0.158922
0.156105
0.154260
0.156348
0.157158
0.154276
0.154019
0.154122
0.153483
0.153329
0.152341
0.152409
0.153027
0.151335
0.161529
0.160317
0.158310
0.159454
0.160268
0.158784
0.157295
0.155627
0.155619
0.156599
0.156615
0.156455
0.157348
0.156290
0.156204
0.157780
0.159210
0.159369
0.159369
0.157262
0.158311
0.157332
0.156461
0.156204
0.154812
0.153754
0.154286
0.154728
0.155602
0.156487
0.155940
0.154531
0.152435
0.152945
0.153749
0.154204
0.152801
0.152265
0.158586
0.149345
0.149804
0.150079
0.150346
0.150343
0.151042
0.152079
0.153482
0.153929
0.153579
0.156406
0.155589
0.158236
0.157348
0.157864
0.157753
0.159086
0.158465
0.156609
0.155886
0.156347
0.155738
0.155918
0.154329
0.154637
0.152574
0.153330
0.152761
0.156009
0.153988
0.158397
0.157253
0.157860
0.150996
0.157483
0.152224
0.158009
0.157472
0.155718
0.151830
0.154461
0.156828
0.157631
0.154548
0.158260
0.160424
0.156728
0.155228
0.152964
0.153298
0.153485
0.152707
0.151917
0.152246
0.152885
0.152092
0.152454
0.151474
0.151391
0.152268
0.152990
0.152575
0.151528
0.152070
0.153165
0.150942
0.150756
0.150505
0.151298
0.152091
0.153165
0.156573
0.155822
0.154084
0.158752
0.153142
0.152271
0.151839
0.158609
0.156866
0.158603
0.159842
0.160997
0.153976
0.160602
0.156290
0.150840
0.147335
0.144799
0.142608
0.141310
0.139820
0.140624
0.139420
0.136881
0.136093
0.137156
0.134418
0.132588
0.131536
0.131185
0.130004
0.129834
0.129910
0.128739
0.128283
0.127825
0.127628
0.128559
0.128548
0.127687
0.126209
0.127002
0.128224
0.127879
0.127261
0.127622
0.127819
0.127107
0.127458
0.125798
0.125369
0.125188
0.125550
0.125293
0.125299
0.125644
0.124773
0.124592
0.124149
0.123974
0.123623
0.125102
0.124044
0.125852
0.125395
0.122033
0.122591
0.121215
0.121113
0.121113
0.120157
0.120576
0.120597
0.119183
0.118741
0.118039
0.116652
0.077576
0.115548
0.115817
0.115881
0.116119
0.117185
0.117891
0.117518
0.118682
0.119215
0.120608
0.121474
0.122245
0.122470
0.122584
0.123112
0.124082
0.126655
0.126521
0.127521
0.127412
0.127236
0.126875
0.127477
0.127542
0.128125
0.128408
0.128279
0.128139
0.127750
0.125007
0.125103
0.127516
0.127895
0.126810
0.128333
0.129039
0.128134
0.127935
0.127865
0.128451
0.126183
0.126820
0.128020
0.129463
0.129623
0.129802
0.136719
0.138295
0.145741
0.144945
0.144816
0.145407
0.145677
0.146736
0.146114
0.146652
0.147050
0.148068
0.147432
0.147362
0.148691
0.148298
0.148895
0.149203
0.149697
0.150036
0.151454
0.152649
0.152654
0.153226
0.153033
0.154362
0.155009
0.156487
0.157392
0.160563
0.167242
0.538318
0.245711
0.367939
0.371477
0.371850
0.370610
0.370983
0.371112
0.371331
0.371309
0.369254
0.371698
0.371449
0.370622
0.370006
0.369717
0.369910
0.369372
0.369785
0.368915
0.368321
0.368848
0.367320
0.367455
0.367455
0.367057
0.365888
0.367724
0.367542
0.365386
0.364601
0.364820
0.364133
0.364660
0.363665
0.363421
0.363345
0.363146
0.364635
0.365257
0.362953
0.362953
0.363216
0.362748
0.362011
0.361509
0.361445
0.361305
0.361209
0.361235
0.362319
0.362538
0.361806
0.361274
0.361885
0.361714
0.358829
0.360088
0.361661
0.361274
0.361532
0.360890
0.360601
0.361019
0.360074
0.360497
0.360666
0.360825
0.360088
0.360217
0.360083
0.358838
0.359659
0.359345
0.358953
0.360809
0.359685
0.359814
0.359620
0.359819
0.360730
0.360332
0.360730
0.359884
0.359799
0.360088
0.359415
0.359595
0.359819
0.359544
0.358958
0.358715
0.359157
0.359297
0.359297
0.359362
0.359541
0.359895
0.360035
0.361563
0.360761
0.360632
0.360085
0.360304
0.360239
0.360239
0.360438
0.360309
0.360578
0.360693
0.361803
0.361290
0.361624
0.361803
0.361699
0.361957
0.361988
0.362117
0.361963
0.362028
0.361635
0.361963
0.361898
0.361705
0.361834
0.361506
0.362064
0.362168
0.362308
0.362532
0.362168
0.362193
0.362437
0.361845
0.361845
0.362507
0.361845
0.362378
0.362179
0.363019
0.362916
0.362980
0.363050
0.362921
0.362966
0.362901
0.363799
0.363709
0.364396
0.363958
0.364844
0.364844
0.364774
0.364446
0.364645
0.364909
0.364446
0.364710
0.364171
0.364603
0.364435
0.363908
0.364331
0.364306
0.364132
0.364909
0.364530
0.364236
0.364645
0.364267
0.364381
0.364536
0.364645
0.364197
0.363779
0.363401
0.364721
0.364381
0.364522
0.364138
0.363913
0.364581
0.362018
0.364909
0.364651
0.364844
0.365506
0.364625
0.364446
0.364645
0.364460
0.363734
0.363670
0.363863
0.363779
0.363271
0.363849
0.363714
0.363241
0.362912
0.362803
0.362803
0.363176
0.363067
0.362584
0.362341
0.362982
0.362803
0.362470
0.361898
0.362052
0.361872
0.361533
0.361802
0.361603
0.360995
0.361329
0.361021
0.361264
0.360956
0.361867
0.360359
0.360633
0.361275
0.361161
0.361071
0.360633
0.361301
0.361614
0.362212
0.362615
0.362282
0.362287
0.362416
0.362551
0.362267
0.362492
0.362287
0.362009
0.362228
0.362652
0.362626
0.362015
0.362940
0.362234
0.362363
0.362497
0.361965
0.362363
0.361900
0.361945
0.361656
0.361945
0.361437
0.362169
0.361572
0.361841
0.361706
0.361238
0.361124
0.360512
0.360307
0.360706
0.360462
0.359924
0.358735
0.358825
0.359133
0.359601
0.357367
0.358477
0.358233
0.357078
0.355903
0.354664
0.353534
0.351762
0.349065
0.346626
0.340943
0.205847
0.204916
0.203284
0.203284
0.202951
0.202225
0.203284
0.203220
0.202822
0.202822
0.202424
0.202449
0.203091
0.202783
0.202424
0.202578
0.202449
0.202488
0.202289
0.202385
0.202488
0.203419
0.202578
0.201762
0.202225
0.202225
0.202359
0.202225
0.202359
0.202578
0.202424
0.202320
0.202718
0.203001
0.202354
0.202289
0.201891
0.201647
0.201891
0.201891
0.202822
0.202020
0.202020
0.202096
0.201165
0.202070
0.202320
0.201955
0.202746
0.201443
0.202214
0.201423
0.202149
0.201218
0.201089
0.201115
0.201955
0.201493
0.201841
0.201916
0.201712
0.203419
0.202031
0.201697
0.202070
0.201697
0.202160
0.202255
0.201767
0.201966
0.202166
0.202320
0.202115
0.201826
0.201891
0.201712
0.200845
0.200781
0.200885
0.200820
0.201233
0.200083
0.200366
0.200431
0.199161
0.199161
0.198514
0.198180
0.198424
0.198390
0.199295
0.198196
0.198923
0.198519
0.198034
0.198110
0.197846
0.196473
0.195993
0.195853
0.195789
0.195595
0.195575
0.195500
0.195918
0.195295
0.195102
0.195660
0.195461
0.195923
0.193863
0.195037
0.195256
0.194460
0.195037
0.195063
0.195037
0.195052
0.195256
0.194460
0.195385
0.195321
0.194794
0.195435
0.196431
0.194998
0.194794
0.195242
0.195371
0.195037
0.195775
0.195267
0.195466
0.195461
0.195525
0.194923
0.194071
0.192801
0.192532
0.192403
0.191472
0.192203
0.192268
0.192074
0.191676
0.192010
0.192812
0.192851
0.193011
0.192941
0.192876
0.192722
0.192607
0.192786
0.192338
0.191985
0.191376
0.191466
0.191402
0.191376
0.190953
0.190202
0.190600
0.191082
0.190734
0.191332
0.191018
0.190858
0.189759
0.190889
0.190799
0.190664
0.190664
0.190760
0.191228
0.191402
0.190681
0.191208
0.190875
0.190939
0.191601
0.192089
0.191402
0.191472
0.191407
0.190875
0.191208
0.191273
0.191009
0.191273
0.191138
0.191626
0.191009
0.190496
0.190143
0.191158
0.190244
0.191273
0.190765
0.190810
0.190824
0.191741
0.191402
0.191144
0.191343
0.190835
0.190939
0.190476
0.191015
0.190541
0.190765
0.190566
0.190745
0.190701
0.190283
0.191034
0.191079
0.190745
0.190950
0.190880
0.191015
0.191665
0.189863
0.190137
0.190028
0.190023
0.189476
0.190163
0.189400
0.189490
0.189798
0.189117
0.189206
0.189501
0.190028
0.189958
0.189635
0.190283
0.189506
0.190830
0.190745
0.190964
0.190213
0.190347
0.190437
0.190093
0.190017
0.189479
0.188013
0.188352
0.187741
0.178579
0.187357
0.187890
0.186182
0.183311
0.187110
0.188015
0.187643
0.187374
0.186894
0.186799
0.187023
0.186695
0.186830
0.188069
0.187292
0.187422
0.186760
0.186889
0.186555
0.186953
0.187018
0.186670
0.186684
0.186555
0.186312
0.186255
0.186087
0.186505
0.186023
0.185843
0.185355
0.185574
0.185574
0.186037
0.185445
0.186216
0.186157
0.186631
0.187009
0.186855
0.187228
0.187267
0.187228
0.186855
0.187407
0.187099
0.187099
0.187875
0.187696
0.187099
0.187214
0.188433
0.187309
0.186970
0.187304
0.186905
0.187163
0.186695
0.186401
0.186760
0.186362
0.186695
0.186426
0.186760
0.186297
0.186441
0.185445
0.185650
0.185510
0.185156
0.184758
0.184823
0.185221
0.185221
0.185092
0.184887
0.184772
0.185156
0.185092
0.185027
0.184579
0.183982
0.184290
0.183492
0.183685
0.182830
0.182496
0.182894
0.183646
0.182835
0.183034
0.182964
0.183009
0.182507
0.183477
0.182880
0.182880
0.183194
0.183309
0.183259
0.183259
0.183702
0.183194
0.183284
0.183194
0.182970
0.182975
0.182507
0.182905
0.182905
0.183065
0.183174
0.183130
0.182776
0.182905
0.182636
0.182905
0.182970
0.182796
0.182975
0.182970
0.183573
0.182911
0.183065
0.182981
0.183001
0.182454
0.183379
0.182717
0.183185
0.183469
0.183185
0.183609
0.183455
0.184057
0.183659
0.186023
0.183928
0.184590
0.184769
0.184267
0.184904
0.185431
0.185834
0.183466
0.159703
0.158777
0.158315
0.158604
0.158090
0.158772
0.157404
0.157513
0.158410
0.158519
0.158256
0.158390
0.157577
0.157911
0.157050
0.157443
0.157533
0.158174
0.157706
0.157404
0.157577
0.157339
0.158174
0.157975
0.158508
0.158598
0.158379
0.158777
0.158250
0.158598
0.158225
0.158444
0.158842
0.158379
0.158379
0.158733
0.158410
0.158956
0.158956
0.159245
0.159181
0.158634
0.158987
0.159310
0.159116
0.159565
0.159251
0.158853
0.159503
0.159021
0.158987
0.158987
0.158897
0.159231
0.159341
0.158519
0.159181
0.158320
0.159046
0.158180
0.158643
0.158519
0.158853
0.158768
0.158584
0.158718
0.158519
0.158365
0.158987
0.158768
0.159192
0.159391
0.159127
0.159635
0.159192
0.159306
0.159565
0.159262
0.159127
0.159461
0.158575
0.159436
0.159262
0.159122
0.159326
0.158729
0.158928
0.159256
0.158853
0.158519
0.158056
0.158455
0.158320
0.158340
0.158185
0.157538
0.156980
0.157005
0.156403
0.156543
0.156876
0.157146
0.157339
0.157384
0.157389
0.157384
0.157288
0.156543
0.157378
0.157210
0.157190
0.157787
0.157345
0.157255
0.157922
0.157524
0.157345
0.157081
0.157479
0.157330
0.157922
0.157280
0.158121
0.157863
0.157767
0.157594
0.157728
0.157863
0.157992
0.157734
0.158132
0.158087
0.157535
0.158390
0.158505
0.158216
0.157734
0.158126
0.157535
0.157863
0.157863
0.157465
0.157669
0.157734
0.158132
0.157072
0.157072
0.156694
0.157599
0.157535
0.157277
0.157868
0.157341
0.157002
0.157695
0.157476
0.157630
0.157470
0.157540
0.157739
0.157341
0.157765
0.158207
0.157745
0.157770
0.157809
0.157874
0.157347
0.157809
0.157829
0.157874
0.157894
0.157212
0.157809
0.157944
0.157745
0.157958
0.158207
0.157605
0.157437
0.158073
0.157540
0.157571
0.157501
0.157372
0.158078
0.158053
0.157815
0.158213
0.157770
0.158213
0.158084
0.158143
0.158342
0.158014
0.157282
0.157949
0.158148
0.158367
0.158611
0.158213
0.158213
0.158014
0.158611
0.158148
0.158617
0.158597
0.158880
0.158617
0.158751
0.158950
0.158751
0.158790
0.158359
0.158886
0.158359
0.158692
0.159020
0.158757
0.159399
0.159046
0.159096
0.158936
0.158956
0.159399
0.158827
0.158886
0.159090
0.158886
0.158482
0.159015
0.158597
0.158925
0.159015
0.158597
0.158154
0.158687
0.158597
0.158692
0.159085
0.157697
0.159219
0.158294
0.158956
0.159210
0.159688
0.159429
0.159269
0.159140
0.159090
0.158359
0.159284
0.158558
0.158757
0.158726
0.158423
0.158174
0.158308
0.158687
0.158821
0.158230
0.158339
0.158294
0.158364
0.158628
0.158692
0.158961
0.158961
0.158692
0.158499
0.158936
0.158499
0.158499
0.158821
0.158726
0.157955
0.158353
0.157691
0.158224
0.158289
0.158025
0.157955
0.157826
0.157955
0.158488
0.158244
0.158095
0.158468
0.157896
0.158159
0.158294
0.158030
0.158300
0.158294
0.158294
0.158692
0.158692
0.158961
0.158499
0.158633
0.158659
0.158569
0.158832
0.159076
0.158818
0.158613
0.159011
0.158947
0.159365
0.159300
0.159699
0.159878
0.185561
0.185253
0.184990
0.185163
0.184984
0.185189
0.185497
0.186094
0.185561
0.185438
0.185771
0.186588
0.186170
0.186240
0.186509
0.186304
0.186702
0.186708
0.186573
0.186509
0.186971
0.187131
0.186842
0.186559
0.186848
0.187683
0.187182
0.187644
0.186783
0.187683
0.187182
0.187375
0.187490
0.187644
0.187624
0.187630
0.188227
0.188496
0.188625
0.188561
0.188496
0.188785
0.188695
0.188561
0.188620
0.188984
0.188631
0.189497
0.189298
0.188900
0.189034
0.189233
0.189272
0.189626
0.189169
0.190094
0.189626
0.189158
0.189292
0.189298
0.189189
0.189208
0.188874
0.189298
0.189427
0.189626
0.189587
0.189626
0.189233
0.189368
0.189741
0.189587
0.189626
0.189432
0.189637
0.189945
0.189881
0.190105
0.189971
0.189772
0.190010
0.190170
0.190413
0.190349
0.190041
0.190349
0.190503
0.190439
0.190105
0.190618
0.190682
0.190747
0.190618
0.190618
0.190971
0.191086
0.191151
0.190957
0.191047
0.190893
0.192093
0.191694
0.191938
0.192028
0.192028
0.191963
0.192033
0.192367
0.191969
0.192572
0.192880
0.192546
0.192765
0.192815
0.192546
0.192905
0.192815
0.193656
0.192751
0.192717
0.193219
0.193424
0.193906
0.193244
0.193514
0.194021
0.193359
0.193514
0.193777
0.193713
0.193424
0.193713
0.193827
0.193564
0.193648
0.193827
0.193519
0.193917
0.193763
0.193763
0.193429
0.193827
0.193230
0.193682
0.192944
0.192880
0.192701
0.192417
0.192557
0.192417
0.192238
0.192174
0.192894
0.192188
0.192535
0.191969
0.192104
0.192174
0.192303
0.192367
0.192303
0.192303
0.192765
0.192572
0.192880
0.192815
0.192815
0.192815
0.192975
0.192841
0.192443
0.192751
0.192905
0.192905
0.192880
0.192611
0.192701
0.193169
0.192880
0.192507
0.192557
0.192815
0.193472
0.192432
0.192701
0.192303
0.192561
0.192292
0.192740
0.192561
0.192098
0.192367
0.192168
0.192123
0.192765
0.192546
0.192367
0.192303
0.192611
0.193009
0.193163
0.192815
0.192238
0.192222
0.192292
0.192496
0.192367
0.192765
0.192367
0.193228
0.193034
0.192751
0.192815
0.193040
0.192507
0.192238
0.193169
0.193104
0.193104
0.193373
0.193772
0.194175
0.193757
0.193892
0.193892
0.194225
0.194161
0.193917
0.193693
0.193892
0.193917
0.194225
0.194424
0.194385
0.195002
0.194694
0.194629
0.194968
0.194679
0.195058
0.195366
0.194839
0.195237
0.195033
0.194968
0.195372
0.195610
0.195481
0.195302
0.194898
0.195058
0.195033
0.194834
0.194873
0.195033
0.194365
0.194354
0.193267
0.193284
0.192611
0.192636
0.192815
0.192880
0.193373
0.193617
0.192961
0.193320
0.193693
0.194251
0.193519
0.193514
0.193713
0.193763
0.194290
0.193519
0.194096
0.194032
0.194256
0.194032
0.194096
0.193763
0.194032
0.193903
0.193853
0.193917
0.193917
0.193917
0.193519
0.193956
0.194186
0.194251
0.193903
0.194231
0.194500
0.194172
0.194500
0.194565
0.194430
0.194295
0.194385
0.194321
0.194461
0.194705
0.194550
0.194705
0.194839
0.194929
0.194974
0.194780
0.195377
0.195576
0.195287
0.195506
0.195223
0.195033
0.195237
0.194963
0.194744
0.194565
0.195033
0.195103
0.194904
0.195058
0.194904
0.194904
0.194376
0.194550
0.195173
0.195044
0.194904
0.195103
0.195237
0.194929
0.194904
0.194576
0.194775
0.195108
0.195416
0.195442
0.195044
0.195442
0.195641
0.195223
0.195416
0.195691
0.195576
0.195293
0.195447
0.195576
0.195641
0.195845
0.195447
0.195383
0.195582
0.195820
0.195885
0.196089
0.195781
0.196154
0.195960
0.196050
0.196115
0.195960
0.196244
0.196159
0.196050
0.196642
0.196314
0.196249
0.196697
0.196249
0.196185
0.196498
0.196170
0.196697
0.196633
0.196568
0.196504
0.196967
0.196568
0.196633
0.197096
0.197295
0.196967
0.197354
0.196325
0.196434
0.196454
0.196826
0.196448
0.196762
0.196583
0.196299
0.196563
0.196319
0.196389
0.196364
0.196235
0.196922
0.196504
0.196767
0.196563
0.196941
0.196563
0.196518
0.196224
0.196025
0.196224
0.196454
0.196493
0.196185
0.196030
0.196030
0.196185
0.196417
0.195874
0.195745
0.195232
0.194769
0.195745
0.195173
0.195372
0.195486
0.195512
0.195845
0.196218
0.196218
0.195781
0.196179
0.196115
0.196050
0.195845
0.196412
0.195576
0.195834
0.195840
0.196104
0.195447
0.195910
0.195627
0.195691
0.195652
0.196089
0.195582
0.195831
0.196025
0.196513
0.196249
0.196185
0.196056
0.195638
0.196454
0.196493
0.195991
0.196723
0.196723
0.196697
0.196568
0.196891
0.196089
0.195845
0.196089
0.196378
0.195691
0.195512
0.195582
0.196089
0.195652
0.195627
0.195960
0.195986
0.196089
0.196476
0.196222
0.194893
0.194365
0.194744
0.194385
0.194430
0.194500
0.194764
0.194629
0.193838
0.194674
0.193827
0.191091
0.194256
0.194385
0.193967
0.194256
0.194301
0.194161
0.194360
0.193370
0.193325
0.194032
0.194321
0.194385
0.194037
0.194430
0.194192
0.194570
0.194435
0.194435
0.195187
0.194679
0.194775
0.194705
0.194576
0.194576
0.195083
0.194859
0.193788
0.192944
0.192970
0.193115
0.190865
0.189730
0.189637
0.189272
0.189287
0.189143
0.189637
0.189572
0.189250
0.189847
0.190091
0.190934
0.190904
0.190483
0.191372
0.191820
0.192378
0.192134
0.192443
0.192224
0.192170
0.192782
0.192647
0.192314
0.192572
0.191775
0.191775
0.191582
0.191910
0.191865
0.191576
0.191383
0.191915
0.192314
0.192557
0.192185
0.192782
0.192524
0.192653
0.192717
0.192782
0.192821
0.192056
0.192249
0.192846
0.192524
0.192782
0.193166
0.193166
0.192896
0.192986
0.193455
0.193036
0.193166
0.193519
0.193230
0.193370
0.193505
0.193569
0.193196
0.193236
0.193698
0.192896
0.192896
0.193166
0.192767
0.193036
0.192972
0.193115
0.193051
0.193320
0.192622
0.192249
0.192583
0.192717
0.192911
0.192443
0.191617
0.188539
0.188418
0.186804
0.185442
0.184511
0.183709
0.184192
0.183196
0.182664
0.182005
0.181473
0.181408
0.181543
0.180945
0.180870
0.180676
0.180637
0.180881
0.180687
0.180996
0.181495
0.182291
0.182356
0.181808
0.182097
0.180729
0.182426
0.183014
0.182566
0.183143
0.182325
0.182120
0.179055
0.178048
0.176470
0.176455
0.176794
0.177153
0.177285
0.176525
0.179277
0.178398
0.178059
0.177557
0.177672
0.178619
0.178684
0.178344
0.177907
0.178280
0.177493
0.176945
0.178165
0.178101
0.178081
0.177991
0.177624
0.177747
0.177596
0.175884
0.174177
0.174381
0.174676
0.174558
0.174818
0.174182
0.174350
0.174311
0.173585
0.171752
0.172114
0.171811
0.172125
0.172318
0.170407
0.170715
0.170440
0.170037
0.169703
0.169782
0.169524
0.170276
0.169728
0.169061
0.169249
0.168916
0.168991
0.168333
0.167806
0.168204
0.168049
0.168204
0.167985
0.167522
0.167985
0.168414
0.169056
0.168927
0.168862
0.169420
0.169420
0.169599
0.169341
0.169874
0.169605
0.169540
0.170311
0.169481
0.169809
0.170278
0.170656
0.170488
0.171130
0.170549
0.170961
0.171673
0.172276
0.171813
0.172475
0.172545
0.173419
0.174894
0.175277
0.174748
0.174683
0.174748
0.174414
0.174765
0.175541
0.175745
0.175555
0.175216
0.175679
0.175474
0.174818
0.175023
0.175889
0.176318
0.175084
0.175706
0.176418
0.176508
0.176578
0.177554
0.176578
0.176643
0.177220
0.177425
0.176416
0.175824
0.174791
0.174608
0.175135
0.176212
0.175073
0.175292
0.175631
0.175889
0.175916
0.176320
0.176783
0.177074
0.176368
0.176486
0.174944
0.175760
0.174908
0.173526
0.173443
0.171721
0.171413
0.170720
0.170407
0.170149
0.170328
0.170132
0.168361
0.167520
0.166329
0.165118
0.163983
0.163907
0.163988
0.163299
0.162716
0.162253
0.161953
0.161242
0.161118
0.161656
0.161592
0.161706
0.162045
0.162797
0.161802
0.162205
0.162264
0.162522
0.161706
0.161925
0.162522
0.162587
0.161850
0.161452
0.161533
0.162060
0.161577
0.162060
0.162174
0.162593
0.162110
0.161802
0.160935
0.161673
0.161468
0.161629
0.161037
0.161171
0.160913
0.160793
0.160300
0.159980
0.159028
0.158829
0.157833
0.157957
0.157121
0.157441
0.157600
0.157186
0.156768
0.156897
0.157051
0.156687
0.156418
0.156847
0.156558
0.156976
0.155103
0.155451
0.154968
0.155322
0.154596
0.154904
0.154725
0.154904
0.155258
0.155501
0.155179
0.155949
0.155501
0.154710
0.154764
0.154764
0.154366
0.154456
0.154106
0.153547
0.152617
0.152642
0.151871
0.152448
0.152165
0.152061
0.152544
0.152229
0.151742
0.152384
0.152448
0.151986
0.151053
0.150778
0.149783
0.149528
0.149099
0.149099
0.147585
0.148188
0.148039
0.148597
0.148917
0.149265
0.148911
0.149976
0.150638
0.150515
0.150848
0.149499
0.151381
0.151490
0.151117
0.150627
0.147796
0.149567
0.149718
0.151106
0.150848
0.151426
0.150391
0.151053
0.149707
0.150618
0.150122
0.151457
0.151597
0.151661
0.151661
0.150904
0.151408
0.152578
0.152255
0.152519
0.152723
0.152723
0.153121
0.153236
0.153589
0.153769
0.153665
0.153844
0.154262
0.153525
0.153718
0.152583
0.153057
0.153127
0.153132
0.153640
0.153421
0.153973
0.153640
0.153381
0.153909
0.154377
0.154904
0.154198
0.154183
0.154646
0.154312
0.154581
0.154775
0.154531
0.153446
0.153999
0.154262
0.153844
0.154506
0.154402
0.154775
0.154402
0.154402
0.154646
0.154646
0.154467
0.153898
0.153460
0.153729
0.153665
0.153665
0.153575
0.154069
0.153844
0.153909
0.153898
0.153875
0.153805
0.153586
0.153780
0.153909
0.154517
0.153870
0.154262
0.154198
0.153973
0.153396
0.153665
0.153088
0.153331
0.153525
0.153267
0.153460
0.152734
0.153396
0.153396
0.153396
0.153460
0.152913
0.153138
0.153780
0.153600
0.153715
0.153805
0.153586
0.153940
0.154004
0.154080
0.153521
0.153611
0.154080
0.154054
0.154259
0.154194
0.154548
0.154548
0.154777
0.154533
0.154777
0.155131
0.155206
0.155475
0.155475
0.155540
0.155540
0.155733
0.155958
0.155610
0.155809
0.156406
0.155744
0.155879
0.156277
0.156058
0.156412
0.156541
0.156476
0.156681
0.156661
0.155352
0.156019
0.155486
0.156482
0.156616
0.156153
0.156616
0.156602
0.156686
0.157110
0.156762
0.157160
0.157031
0.157468
0.157488
0.157160
0.157204
0.157204
0.157364
0.155971
0.156369
0.156035
0.155906
0.156305
0.155842
0.155444
0.156046
0.156091
0.156116
0.156186
0.156450
0.156977
0.156246
0.156554
0.156310
0.156046
0.156246
0.156784
0.156386
0.156251
0.156445
0.156629
0.156764
0.157097
0.156660
0.157367
0.159164
0.158690
0.159088
0.158844
0.158780
0.158819
0.158491
0.158830
0.159363
0.158272
0.158620
0.158819
0.158401
0.158620
0.158819
0.158690
0.158620
0.158421
0.158286
0.158620
0.158474
0.158087
0.158909
0.158432
0.158959
0.158485
0.158625
0.158690
0.158575
0.157824
0.158441
0.158382
0.158959
0.158766
0.158522
0.159407
0.159343
0.159876
0.159617
0.160145
0.160016
0.160563
0.160279
0.160215
0.160080
0.157139
0.160030
0.159746
0.159696
0.159811
0.159632
0.159940
0.160030
0.160229
0.159438
0.159901
0.159632
0.159876
0.160100
0.160035
0.159836
0.159503
0.160364
0.159965
0.159696
0.159696
0.159407
0.159074
0.159665
0.159626
0.159074
0.159567
0.159278
0.159632
0.159836
0.159020
0.159567
0.159772
0.159643
0.159836
0.159713
0.159817
0.159682
0.160150
0.159617
0.159374
0.160145
0.159617
0.159643
0.160145
0.159438
0.159343
0.158959
0.158684
0.158550
0.157997
0.157305
0.158021
0.156955
0.157025
0.157300
0.157081
0.156972
0.157086
0.157226
0.157829
0.158028
0.158028
0.158426
0.158586
0.158625
0.158780
0.158690
0.159088
0.158766
0.159088
0.158426
0.158093
0.153823
0.158555
0.158690
0.156994
0.158297
0.158233
0.158264
0.158816
0.158572
0.158597
0.158572
0.158751
0.158777
0.155945
0.159085
0.159951
0.159713
0.159757
0.159976
0.159514
0.160111
0.159643
0.159757
0.159519
0.159628
0.159917
0.159783
0.160111
0.160703
0.156891
0.156828
0.157053
0.157958
0.157824
0.148348
0.157274
0.157016
0.157625
0.157585
0.157560
0.157555
0.158087
0.157818
0.157404
0.156440
0.155050
0.144749
0.154559
0.154679
0.154275
0.154290
0.154096
0.154609
0.151716
0.152271
0.152196
0.151765
0.150845
0.150408
0.150699
0.151147
0.151834
0.150961
0.148726
0.148642
0.147936
0.148233
0.147403
0.147532
0.147602
0.147274
0.147807
0.148221
0.148442
0.149272
0.149272
0.149362
0.149407
0.149477
0.150035
0.149880
0.150618
0.149945
0.149749
0.148928
0.148658
0.148325
0.148389
0.148658
0.148286
0.148883
0.148953
0.148669
0.148625
0.149023
0.149003
0.149208
0.149202
0.148998
0.149401
0.149819
0.149805
0.149208
0.150004
0.149606
0.149626
0.149541
0.149626
0.149477
0.149342
0.149681
0.150209
0.150080
0.150234
0.150408
0.150279
0.150304
0.149816
0.150413
0.150393
0.150618
0.149956
0.150579
0.150693
0.150758
0.150758
0.151161
0.150898
0.150833
0.151352
0.151691
0.152358
0.152837
0.152812
0.152773
0.153320
0.152966
0.152568
0.153423
0.152826
0.153199
0.152891
0.152557
0.152647
0.152557
0.152966
0.153384
0.153773
0.153888
0.154157
0.154701
0.155598
0.155663
0.155685
0.155388
0.155722
0.155632
0.154959
0.154895
0.154749
0.154769
0.154172
0.154082
0.154236
0.154480
0.153370
0.153897
0.153294
0.153059
0.152647
0.152891
0.153020
0.152347
0.150660
0.149749
0.149760
0.149970
0.150074
0.150018
0.147596
0.147521
0.147408
0.148546
0.149353
0.149709
0.150446
0.151442
0.151318
0.151433
0.152153
0.152282
0.151512
0.150797
0.150295
0.151001
0.150693
0.149875
0.148017
0.149982
0.146800
0.147408
0.148092
0.148361
0.147624
0.147226
0.148022
0.147543
0.146251
0.144393
0.144726
0.144886
0.145169
0.147108
0.147845
0.148513
0.147145
0.147694
0.146402
0.144931
0.136974
0.143602
0.141959
0.142256
0.140369
0.139583
0.138599
0.138232
0.136774
0.137641
0.137166
0.137393
0.138921
0.138582
0.137974
0.137332
0.137203
0.137074
0.137458
0.137677
0.137522
0.137458
0.137264
0.137593
0.138120
0.137811
0.137926
0.137722
0.137652
0.137941
0.137722
0.137393
0.137393
0.137682
0.137991
0.137021
0.137862
0.137797
0.138549
0.138226
0.137873
0.138405
0.138142
0.138674
0.139670
0.139283
0.139244
0.139482
0.139751
0.140070
0.139924
0.139283
0.139465
0.139143
0.137845
0.138790
0.136870
0.136466
0.135712
0.135325
0.135325
0.135530
0.135196
0.135530
0.134663
0.135272
0.136197
0.135729
0.135471
0.134991
0.134733
0.135401
0.135146
0.134414
0.135006
0.135146
0.135081
0.135067
0.135869
0.135456
0.135815
0.135950
0.136721
0.136752
0.136816
0.136816
0.136881
0.137021
0.137264
0.137200
0.137522
0.137085
0.138131
0.138002
0.137822
0.138464
0.138181
0.138033
0.138341
0.138033
0.138405
0.137808
0.137937
0.138470
0.137758
0.138033
0.138162
0.138276
0.138249
0.136850
0.137135
0.137135
0.137526
0.136542
0.136258
0.135939
0.136606
0.135535
0.135022
0.134943
0.135336
0.134243
0.134344
0.134050
0.134022
0.133612
0.134728
0.134473
0.134280
0.134170
0.134036
0.134274
0.134344
0.134022
0.134888
0.134733
0.134394
0.134459
0.134285
0.134963
0.135002
0.135002
0.135272
0.135157
0.135401
0.135196
0.135067
0.134952
0.134862
0.135272
0.135681
0.135417
0.135885
0.136219
0.135981
0.134663
0.134280
0.134269
0.133069
0.133929
0.131992
0.132337
0.133139
0.133139
0.133074
0.133063
0.132530
0.131793
0.131653
0.131409
0.131987
0.132110
0.132077
0.131664
0.131454
0.131485
0.131981
0.131797
0.130737
0.130731
0.130128
0.130398
0.130347
0.129994
0.129277
0.129235
0.127791
0.127452
0.127511
0.126530
0.125743
0.125857
0.124081
0.123181
0.123321
0.122006
0.121462
0.121911
0.121964
0.121591
0.120661
0.120725
0.120635
0.120725
0.121238
0.120501
0.120854
0.120307
0.120456
0.120257
0.121916
0.121717
0.122071
0.121717
0.121627
0.122314
0.121911
0.121835
0.121437
0.121044
0.121512
0.121448
0.121344
0.121394
0.120956
0.120262
0.120456
0.120978
0.120709
0.119548
0.119833
0.120246
0.119859
0.120467
0.121269
0.120915
0.122006
0.121787
0.121812
0.121981
0.121512
0.121512
0.121269
0.121173
0.121849
0.121123
0.120994
0.120156
0.119347
0.115634
0.111663
0.113127
0.110736
0.111784
0.111103
0.111905
0.111953
0.114296
0.106686
0.106229
0.104972
0.102141
0.099750
0.097812
0.098717
0.098807
0.098333
0.096278
0.098278
0.093864
0.092465
0.092750
0.091215
0.090777
0.091517
0.090004
0.089275
0.088566
0.088571
0.089325
0.087268
0.086492
0.086293
0.085900
0.086413
0.086825
0.086074
0.086079
0.086842
0.086671
0.086875
0.086363
0.086427
0.086234
0.086094
0.085830
0.085900
0.086234
0.085404
0.084903
0.084538
0.084409
0.083736
0.084230
0.083762
0.083218
0.082551
0.083074
0.083683
0.083599
0.083638
0.083218
0.082890
0.082954
0.082696
0.082912
0.083509
0.083714
0.084246
0.084515
0.084835
0.084809
0.084784
0.085382
0.084849
0.084969
0.085382
0.084888
0.084748
0.084695
0.085028
0.085561
0.085636
0.086245
0.085906
0.086035
0.085701
0.086054
0.086040
0.085776
0.086217
0.085085
0.084036
0.083633
0.083917
0.081931
0.081026
0.081500
0.081564
0.082018
0.081959
0.082604
0.083181
0.083817
0.083504
0.083478
0.083703
0.083170
0.083139
0.081797
0.080429
0.081270
0.080751
0.080731
0.080742
0.081141
0.080961
0.080866
0.080672
0.080398
0.079367
0.079153
0.080020
0.080269
0.080972
0.081505
0.081496
0.082164
0.082881
0.082831
0.082503
0.083478
0.083285
0.083439
0.083568
0.083389
0.083159
0.082632
0.081065
0.083055
0.083293
0.082895
0.081516
0.081555
0.080208
0.080048
0.079740
0.079109
0.079302
0.078759
0.078470
0.078405
0.078265
0.077892
0.079013
0.079039
0.078419
0.079286
0.078430
0.079218
0.079352
0.079347
0.078705
0.078355
0.077732
0.078021
0.077116
0.078016
0.077693
0.076832
0.077968
0.077570
0.078211
0.077693
0.077553
0.077180
0.077360
0.077180
0.077090
0.077828
0.077435
0.077813
0.078172
0.078576
0.078680
0.079039
0.077693
0.077570
0.078007
0.077942
0.077968
0.077839
0.078242
0.078831
0.079170
0.079400
0.080305
0.080272
0.080375
0.080504
0.080619
0.081043
0.080451
0.081017
0.081177
0.081362
0.081699
0.079896
0.080165
0.079638
0.079363
0.079439
0.079857
0.079891
0.080224
0.079986
0.079588
0.079714
0.080440
0.080123
0.081382
0.080983
0.080554
0.080031
0.080967
0.080714
0.080585
0.080714
0.081292
0.081065
0.081721
0.081765
0.081721
0.081651
0.081586
0.081995
0.082464
0.082643
0.082379
0.082558
0.083041
0.082847
0.083380
0.083181
0.083380
0.082897
0.083456
0.083192
0.083585
0.083391
0.083467
0.084064
0.083795
0.083988
0.083456
0.083988
0.083666
0.083186
0.083057
0.083456
0.082510
0.082654
0.082331
0.081933
0.080871
0.079940
0.079542
0.083380
0.083649
0.083725
0.084322
0.083904
0.083859
0.084058
0.083859
0.084372
0.084577
0.084333
0.084577
0.084641
0.084672
0.084980
0.085314
0.085319
0.085325
0.085280
0.085524
0.086401
0.086774
0.086322
0.086979
0.086934
0.086979
0.087318
0.087537
0.087273
0.088060
0.088330
0.088739
0.089137
0.089008
0.089122
0.089681
0.090084
0.090308
0.089924
0.090398
0.091220
0.090328
0.090387
0.090591
0.090213
0.090418
0.090931
0.090931
0.090866
0.091592
0.090841
0.090995
0.091135
0.091130
0.091205
0.091141
0.091281
0.091878
0.091653
0.091410
0.091808
0.091749
0.092068
0.093338
0.093428
0.093349
0.093220
0.093887
0.094420
0.094484
0.094625
0.094759
0.094798
0.095620
0.095283
0.095347
0.096035
0.095965
0.069092
0.095019
0.095373
0.095174
0.094975
0.094636
0.095098
0.094770
0.095238
0.095373
0.095507
0.095115
0.095706
0.095577
0.095827
0.095762
0.096096
0.095633
0.096006
0.095891
0.095917
0.095827
0.095628
0.096289
0.096289
0.095877
0.096031
0.095827
0.095518
0.095389
0.095852
0.095827
0.095369
0.096236
0.096376
0.096833
0.096704
0.096370
0.096698
0.095644
0.096062
0.096415
0.096440
0.096370
0.095798
0.096569
0.096350
0.096236
0.096247
0.096704
0.096909
0.096709
0.096819
0.097242
0.096849
0.096979
0.097248
0.097889
0.097119
0.097452
0.096990
0.097323
0.097651
0.097631
0.097259
0.097662
0.098125
0.098304
0.097970
0.097777
0.098046
0.097970
0.097533
0.097104
0.097354
0.097469
0.097104
0.097419
0.097404
0.097906
0.097609
0.098256
0.098643
0.097598
0.098007
0.097867
0.097942
0.097340
0.097065
0.097648
0.097662
0.097830
0.097517
0.097130
0.097071
0.097452
0.095336
0.095773
0.095504
0.094792
0.094717
0.094232
0.093296
0.092096
0.091771
0.091330
0.091400
0.091490
0.091395
0.091787
0.091255
0.089175
0.089784
0.089719
0.089063
0.089366
0.089256
0.088884
0.088698
0.089096
0.088903
0.088914
0.089161
0.088399
0.088141
0.088051
0.088141
0.088211
0.087793
0.088738
0.087896
0.087936
0.087796
0.087199
0.087378
0.086975
0.085730
0.085332
0.086790
0.085500
0.085854
0.085814
0.086302
0.085531
0.086053
0.086103
0.085789
0.086053
0.086134
0.086049
0.086781
0.086543
0.087334
0.086806
0.087308
0.087045
0.087205
0.087146
0.087205
0.087205
0.087070
0.087179
0.087179
0.086781
0.087238
0.087109
0.086736
0.086801
0.087109
0.087339
0.086941
0.087339
0.087339
0.087185
0.087603
0.087448
0.087936
0.087872
0.088399
0.087846
0.087936
0.086854
0.087005
0.087717
0.088180
0.087328
0.086877
0.084893
0.084346
0.083446
0.083819
0.083160
0.081481
0.081776
0.081907
0.082670
0.082773
0.083028
0.084060
0.080985
0.081229
0.081361
0.080705
0.079514
0.077732
0.076692
0.076134
0.075746
0.075707
0.076080
0.075438
0.075503
0.073811
0.072541
0.072288
0.071809
0.071680
0.071800
0.072274
0.072100
0.072017
0.071190
0.070727
0.070688
0.070640
0.071178
0.071024
0.071178
0.071576
0.071492
0.072024
0.072094
0.072294
0.072229
0.072299
0.073210
0.073140
0.073162
0.073302
0.073964
0.074555
0.073759
0.073693
0.072935
0.072806
0.073291
0.073549
0.073232
0.074906
0.074777
0.074825
0.074469
0.073423
0.069674
0.067787
0.068397
0.071304
0.071178
0.071178
0.069132
0.069597
0.068905
0.067246
0.066128
0.063090
0.060618
0.058468
0.058024
0.060731
0.062616
0.058561
0.056419
0.057064
0.052111
0.047762
0.045992
0.045524
0.044807
0.044258
0.043327
0.042836
0.044038
0.043904
0.043509
0.041129
0.040435
0.039714
0.039148
0.039487
0.038138
0.040193
0.038783
0.038718
0.038825
0.038385
0.037657
0.037502
0.037244
0.037328
0.037398
0.037199
0.037194
0.037065
0.036936
0.036936
0.037662
0.037129
0.036667
0.036263
0.036457
0.036328
0.036720
0.036597
0.037065
0.036871
0.037339
0.036742
0.037011
0.037558
0.037275
0.036871
0.037289
0.037468
0.037236
0.037673
0.037808
0.038088
0.038088
0.038525
0.038152
0.038231
0.037942
0.038410
0.038077
0.038152
0.038864
0.038427
0.038331
0.039262
0.039288
0.039083
0.039288
0.039288
0.039198
0.039377
0.038839
0.037844
0.039358
0.038993
0.038685
0.038735
0.039198
0.039159
0.039428
0.039806
0.039935
0.039756
0.039627
0.039806
0.039498
0.039472
0.039268
0.038718
0.038679
0.038620
0.038491
0.039083
0.038864
0.039030
0.039601
0.039573
0.040010
0.039548
0.039601
0.039338
0.039273
0.039332
0.039551
0.039402
0.039551
0.039730
0.039288
0.039251
0.038718
0.038525
0.038007
0.038141
0.037937
0.037931
0.037544
0.037608
0.037962
0.037404
0.036742
0.037608
0.037749
0.037420
0.037973
0.037415
0.037813
0.037544
0.037050
0.037738
0.037819
0.038346
0.038001
0.037404
0.037219
0.037194
0.037339
0.037031
0.036667
0.036487
0.036468
0.036602
0.036936
0.036796
0.036919
0.035347
0.035610
0.035201
0.035669
0.035271
0.035450
0.035142
0.034102
0.034952
0.033452
0.032653
0.031852
0.031672
0.030904
0.030038
0.030403
0.030792
0.031395
0.030792
0.031125
0.031027
0.031684
0.031156
0.031114
0.030677
0.030517
0.031075
0.030792
0.030517
0.030571
0.030019
0.029735
0.030058
0.028998
0.029461
0.029326
0.029063
0.029063
0.029217
0.029217
0.029615
0.029461
0.029172
0.029446
0.029973
0.029844
0.029715
0.030133
0.029735
0.029542
0.030004
0.029825
0.029057
0.028594
0.029380
0.028384
0.028847
0.028205
0.027916
0.027403
0.027597
0.027462
0.027129
0.026950
0.026821
0.026596
0.026924
0.026153
0.026372
0.026801
0.026557
0.026801
0.026935
0.026731
0.026871
0.026935
0.027114
0.027140
0.027597
0.027114
0.026795
0.026795
0.026338
0.026801
0.026756
0.026756
0.027044
0.027070
0.027011
0.027075
0.027274
0.027457
0.026700
0.026243
0.026262
0.026013
0.025873
0.025677
0.024813
0.026004
0.026790
0.025240
0.024917
0.024749
0.024802
0.024867
0.025110
0.025186
0.025121
0.024942
0.025186
0.025540
0.024802
0.024513
0.025455
0.025276
0.024673
0.024438
0.023726
0.023989
0.023661
0.023930
0.024259
0.023796
0.023886
0.023757
0.024205
0.024334
0.024000
0.024399
0.024115
0.023886
0.024000
0.024399
0.024244
0.024463
0.023661
0.023521
0.023855
0.023586
0.023403
0.023328
0.023392
0.023199
0.023597
0.023278
0.023084
0.023224
0.023661
0.023134
0.023468
0.023199
0.022930
0.023213
0.023790
0.023149
0.022834
0.023118
0.022551
0.022949
0.022456
0.022327
0.022655
0.022590
0.023213
0.023328
0.022989
0.022849
0.022745
0.022590
0.022655
0.022989
0.022989
0.022860
0.022397
0.022949
0.023028
0.022795
0.023328
0.023263
0.023274
0.023731
0.024309
0.023871
0.024270
0.024244
0.023936
0.024205
0.024065
0.024065
0.023936
0.023841
0.023263
0.022849
0.022860
0.022863
0.022255
0.022061
0.021534
0.021674
0.022047
0.022187
0.021993
0.022058
0.022745
0.022551
0.022994
0.022949
0.023317
0.023263
0.023149
0.023020
0.022994
0.023790
0.023118
0.022605
0.022779
0.022470
0.022072
0.021803
0.022176
0.022380
0.021868
0.021789
0.021475
0.022047
0.021997
0.021439
0.021259
0.021099
0.021324
0.020915
0.020208
0.020382
0.020312
0.020188
0.019945
0.020382
0.019925
0.019984
0.019925
0.020009
0.019785
0.019875
0.020138
0.020183
0.020009
0.020068
0.019645
0.019317
0.019477
0.019541
0.019746
0.019516
0.019056
0.019252
0.019580
0.019785
0.020183
0.020009
0.019810
0.019810
0.019591
0.019785
0.019973
0.019774
0.019645
0.019600
0.019903
0.019245
0.018255
0.017151
0.016349
0.016251
0.016494
0.016573
0.014920
0.015029
0.013961
0.014141
0.013449
0.011873
0.011960
0.011038
0.009672
0.011410
0.011480
0.011729
0.009471
0.010314
0.009493
0.008916
0.010113
0.007985
0.010112
0.009353
0.008038
0.007027
0.006821
0.007458
0.006590
0.006641
0.006621
0.006485
0.006346
0.006444
0.006503
0.006595
0.006606
0.006580
0.006608
0.006610
0.006608
0.006608
0.006641
0.006650
0.006632
0.006650
0.006659
0.006630
0.006638
0.006619
0.006596
0.006587
0.006610
0.006641
0.006670
0.006694
0.006714
0.006702
0.006635
0.006527
0.006607
0.006563
0.006486
0.006555
0.006554
0.006565
0.006545
0.006608
0.006619
0.006615
0.006607
0.006727
0.006466
0.004920
0.005622
0.005784
0.006786
0.005950
0.005668
0.005949
0.005565
0.006005
0.006214
0.005463
0.005171
0.005358
0.005496
0.005380
0.005317
0.004620
0.005499
0.004839
0.004863
0.004888
0.004919
0.004907
0.004746
0.004969
0.005041
0.004899
0.004815
0.005181
0.004727
0.004681
0.004897
0.004921
0.004600
0.004818
0.004799
0.004761
0.004566
0.004605
0.004700
0.004496
0.004518
0.004575
0.004564
0.004545
0.004534
0.004603
0.004601
0.004620
0.004594
0.004591
0.004735
0.005041
0.004609
0.004605
0.004632
0.004632
0.004557
0.004625
0.004602
0.004594
0.004613
0.004612
0.004608
0.004538
0.004604
0.004515
0.004560
0.004572
0.004620
0.004601
0.004616
0.004590
0.004594
0.004549
0.004471
0.004537
0.004528
0.004508
0.004445
0.004573
0.004573
0.004571
0.004585
0.004345
0.004265
0.004381
0.004297
0.004256
0.004393
0.004364
0.004363
0.004435
0.004449
0.004491
0.004577
0.004565
0.004434
0.004509
0.004521
0.004430
0.004368
0.004350
0.004383
0.004125
0.004096
0.004127
0.004106
0.004116
0.003962
0.004024
0.003976
0.003685
0.003822
0.003808
0.003924
0.003477
0.003613
0.003602
0.003724
0.003801
0.003631
0.003512
0.003578
0.003528
0.003607
0.003629
0.003618
0.003570
0.003693
0.003465
0.003457
0.003527
0.003544
0.003544
0.003509
0.003545
0.003384
0.003339
0.003438
0.003342
0.003441
0.003410
0.003420
0.003385
0.003324
0.003367
0.003367
0.003367
0.003326
0.003252
0.003179
0.003317
0.003296
0.003208
0.003153
0.003441
0.003135
0.003202
0.003103
0.003111
0.003192
0.003001
0.003024
0.002987
0.002899
0.002953
0.003062
0.002806
0.002848
0.002799
0.002508
0.002731
0.002561
0.002482
0.002801
0.002583
0.002610
0.002995
0.002402
0.002450
0.002459
0.002514
0.002506
0.002547
0.002439
0.002487
0.002476
0.002310
0.002285
0.002261
0.002188
0.002251
0.002265
0.002253
0.002279
0.002287
0.002298
0.002295
0.002254
0.002298
0.002299
0.002360
0.002350
0.002356
0.002279
0.002249
0.002272
0.002340
0.002332
0.002352
0.002352
0.002352
0.002331
0.002122
0.002172
0.002042
0.002121
0.002101
0.002187
0.001884
0.001886
0.002004
0.002030
0.002029
0.002120
0.002167
0.002265
0.002330
0.002195
0.002124
0.002082
0.002100
0.002059
0.002112
0.002154
0.002055
0.001967
0.001976
0.002040
0.001962
0.002040
0.002045
0.002059
0.002025
0.002023
0.002014
0.001987
0.002037
0.002108
0.002099
0.002094
0.002176
0.002132
0.002088
0.002036
0.002039
0.002071
0.002055
0.002077
0.002101
0.002066
0.002066
0.002090
0.002101
0.002121
0.002113
0.002113
0.002135
0.002177
0.002157
0.002132
0.002162
0.002080
0.002047
0.002028
0.002055
0.002046
0.001883
0.001810
0.001897
0.002010
0.001823
0.001941
0.001856
0.001855
0.001869
0.001826
0.001690
0.001798
0.001809
0.001786
0.001820
0.001786
0.001743
0.001697
0.001679
0.001682
0.001704
0.001695
0.001713
0.001749
0.001694
0.001672
0.001669
0.001697
0.001694
0.001675
0.001675
0.001660
0.001674
0.001696
0.001643
0.001674
0.001652
0.001660
0.001704
0.001686
0.001672
0.001697
0.001650
0.001650
0.001663
0.001660
0.001647
0.001630
0.001662
0.001635
0.001638
0.001693
0.001673
0.001661
0.001683
0.001671
0.001657
0.001701
0.001679
0.001679
0.001694
0.001683
0.001720
0.001691
0.001714
0.001688
0.001686
0.001690
0.001679
0.001657
0.001669
0.001669
0.001703
0.001677
0.001657
0.001677
0.001690
0.001711
0.001733
0.001733
0.001721
0.001725
0.001743
0.001709
0.001725
0.001756
0.001743
0.001807
0.001744
0.001808
0.001786
0.001761
0.001740
0.001742
0.001729
0.001713
0.001724
0.001759
0.001778
0.001755
0.001746
0.001735
0.001763
0.001785
0.001755
0.001730
0.001774
0.001775
0.001794
0.001793
0.001782
0.001815
0.001771
0.001805
0.001813
0.001817
0.001817
0.001839
0.001794
0.001805
0.001839
0.001848
0.001815
0.001833
0.001869
0.001867
0.001943
0.001908
0.001919
0.001983
0.001968
0.002005
0.002033
0.002001
0.001994
0.001968
0.001950
0.001980
0.001980
0.001959
0.002003
0.001981
0.001978
0.002011
0.001993
0.002001
0.001940
0.001978
0.001956
0.001530
0.001443
0.000862
0.001010
0.000813
0.001361
0.001306
0.001110
0.001130
0.001338
0.001106
0.001103
0.001101
0.001098
0.001158
0.001108
0.001163
0.001062
0.000990
0.001055
0.001055
0.000800
0.000793
0.000900
0.000877
0.001008
0.000985
0.001127
0.000843
0.000804
0.000735
0.000620
0.000676
0.000743
0.000858
0.000909
0.001027
0.000735
0.000648
0.000684
0.000772
0.000819
0.000692
0.000980
0.000911
0.000894
0.000947
0.000787
0.000861
0.000909
0.000827
0.000839
0.000893
0.000894
0.000941
0.000988
0.000860
0.000809
0.000809
0.000858
0.000890
0.000895
0.000880
0.000906
0.001000
0.000889
0.000966
0.001010
0.001000
0.001052
0.001033
0.001105
0.001094
0.001111
0.001101
0.001123
0.001103
0.001113
0.001122
0.001122
0.001143
0.001119
0.001124
0.001122
0.001137
0.001151
0.001153
0.001141
0.001149
0.001118
0.001093
0.001099
0.001024
0.000978
0.000928
0.000956
0.001016
0.000983
0.001027
0.001028
0.000984
0.001020
0.001069
0.000797
0.000900
0.000893
0.000806
0.000850
0.000816
0.000850
0.000841
0.000910
0.000890
0.000882
0.000864
0.000893
0.000883
0.000920
0.000938
0.000925
0.000906
0.000976
0.000976
0.000965
0.000958
0.000977
0.000956
0.001018
0.000997
0.000999
0.000999
0.001007
0.001011
0.001056
0.001016
0.001075
0.001042
0.001066
0.001061
0.001049
0.001049
0.001073
0.001031
0.001018
0.001031
0.001061
0.001101
0.001092
0.001091
0.001058
0.001048
0.001061
0.001077
0.001038
0.001033
0.001080
0.001083
0.001058
0.001046
0.001046
0.000964
0.000983
0.001042
0.001061
0.001025
0.001038
0.000997
0.001041
0.001005
0.001030
0.001049
0.001049
0.001007
0.001008
0.000985
0.000944
0.000947
0.000927
0.000899
0.000971
0.000968
0.000968
0.000985
0.000957
0.000966
0.000912
0.000870
0.000868
0.000944
0.000923
0.000932
0.000933
0.000944
0.001020
0.001045
0.000714
0.000676
0.000486
0.000491
0.000757
0.000862
0.000942
0.000920
0.000897
0.000834
0.000852
0.000904
0.000950
0.000673
0.000659
0.000615
0.000673
0.000629
0.000729
0.000761
0.000765
0.000774
0.000747
0.000518
0.000378
0.000490
0.000296
0.000429
0.000070
0.000162
0.000280
0.000369
0.000176
0.000003
0.000028
0.000000
