0.006666
0.006008
0.007055
0.007273
0.007681
0.009657
0.006948
0.007272
0.007617
0.007593
0.017178
0.009859
0.014853
0.004362
0.009848
0.009062
0.013699
0.013510
0.012690
0.013472
0.013510
0.013313
0.025139
0.013881
0.012870
0.013456
0.013882
0.014050
0.014422
0.014347
0.012460
0.012460
0.006562
0.009930
0.009404
0.004512
0.006155
0.009067
0.006695
0.006184
0.010227
0.006577
0.006577
0.006234
0.006321
0.006845
0.030632
0.006430
0.010868
0.006040
0.005993
0.013685
0.006577
0.019764
0.023029
0.021027
0.006856
0.029637
0.011821
0.015426
0.013085
0.023899
0.011137
0.012909
0.024008
0.010733
0.003737
0.005578
0.014821
0.010733
0.012115
0.013560
0.024879
0.013222
0.013359
0.007858
0.010222
0.013103
0.012690
0.005699
0.011056
0.012783
0.012555
0.013510
0.014943
0.017309
0.009295
0.010927
0.010424
0.017278
0.022512
0.022516
0.022636
0.021956
0.009386
0.017296
0.012998
0.011764
0.009386
0.010638
0.021715
0.033733
0.014182
0.017892
0.013051
0.012328
0.012020
0.013489
0.013942
0.018546
0.009349
0.011773
0.011097
0.010317
0.009248
0.011836
0.015247
0.016136
0.019486
0.016136
0.034444
0.041987
0.018559
0.016099
0.016983
0.024225
0.039393
0.038580
0.026170
0.042560
0.027193
0.027928
0.027193
0.025037
0.029382
0.029433
0.041112
0.040233
0.028101
0.040233
0.047421
0.028101
0.024172
0.045029
0.034487
0.045593
0.049577
0.039895
0.035846
0.039895
0.021374
0.011588
0.025276
0.014573
0.010405
0.007241
0.028594
0.007144
0.014215
0.020640
0.004124
0.011027
0.005264
0.005264
0.008000
0.003010
0.020640
0.002197
0.016846
0.007353
0.004032
0.001853
0.001715
0.002197
0.002197
0.036701
0.012388
0.004924
0.001646
0.016846
0.003269
0.108667
0.051404
0.011750
0.033696
0.060730
0.007353
0.005609
0.005368
0.029041
0.008498
0.023265
0.025771
0.037767
0.007353
0.016025
0.012068
0.001646
0.003662
0.005609
0.004081
0.016013
0.009956
0.007410
0.004667
0.001746
0.001646
0.002118
0.001362
0.020894
0.004081
0.019602
0.013634
0.015863
0.001813
0.004924
0.003863
0.030560
0.007294
0.011027
0.008922
0.004667
0.033075
0.001646
0.008498
0.012008
0.014650
0.001646
0.013634
0.004667
0.001362
0.003662
0.006326
0.011119
0.034507
0.006841
0.002224
0.008498
0.001707
0.008000
0.002525
0.029569
0.002140
0.016013
0.010600
0.020241
0.027925
0.053765
0.020241
0.019674
0.018322
0.009928
0.021848
0.027494
0.006440
0.003863
0.007410
0.004081
0.004250
0.010600
0.005028
0.007410
0.034507
0.011414
0.030688
0.010405
0.005630
0.011119
0.018477
0.028907
0.020689
0.024431
0.008969
0.006477
0.005368
0.009244
0.046318
0.027444
0.014742
0.015265
0.013319
0.008998
0.015265
0.030730
0.003662
0.005264
0.003758
0.018282
0.003758
0.011588
0.005630
0.029444
0.019519
0.016776
0.036986
0.021265
0.059342
0.010290
0.009459
0.003025
0.010459
0.010160
0.010854
0.013240
0.016292
0.038027
0.033733
0.016324
0.012370
0.010205
0.011053
0.010429
0.014413
0.013486
0.010085
0.006577
0.046368
0.009770
0.006436
0.006701
0.010055
0.009135
0.010776
0.006271
0.005300
0.006725
0.090686
0.073788
0.009386
0.006764
0.004871
0.038298
0.019525
0.004882
0.014454
0.005925
0.011849
0.005769
0.007169
0.006029
0.008092
0.008211
0.009441
0.022786
0.006072
0.005929
0.005600
0.006653
0.007293
0.007217
0.019653
0.009407
0.006617
0.009027
0.007664
0.011877
0.014020
0.007524
0.008768
0.028770
0.033506
0.013266
0.007568
0.007410
0.011315
0.007191
0.015972
0.006431
0.009367
0.037161
0.015375
0.021257
0.017621
0.017555
0.013266
0.009835
0.016673
0.013085
0.036825
0.043906
0.007856
0.012955
0.003027
0.011269
0.008258
0.003027
0.023493
0.012923
0.005217
0.010664
0.011169
0.008295
0.010815
0.011626
0.013137
0.012483
0.014024
0.013323
0.007220
0.005275
0.008630
0.006649
0.011486
0.046337
0.020274
0.029637
0.006568
0.019764
0.006901
0.009721
0.021229
0.080000
0.027635
0.015712
0.142299
0.109590
0.039626
0.047845
0.048864
0.095682
0.053400
0.049697
0.142059
0.097926
0.057733
0.049332
0.043282
0.161329
0.132792
0.033872
0.068404
0.065830
0.030653
0.107138
0.038620
0.007481
0.028168
0.071449
0.033084
0.081361
0.092095
0.008889
0.046840
0.006460
0.125795
0.071716
0.048869
0.019806
0.055429
0.075227
0.005977
0.006307
0.006435
0.008875
0.005974
0.006563
0.010932
0.010962
0.035171
0.008174
0.007427
0.006620
0.013166
0.011330
0.010295
0.014937
0.038179
0.047484
0.028805
0.041824
0.022020
0.018762
0.017593
0.031846
0.021415
0.011024
0.016443
0.025626
0.032509
0.049512
0.036217
0.019349
0.025871
0.028805
0.021415
0.021130
0.031846
0.028805
0.020518
0.012085
0.012470
0.010552
0.006075
0.017992
0.006935
0.006512
0.008642
0.009664
0.007112
0.004594
0.022288
0.009367
0.011843
0.006435
0.004701
0.003507
0.009320
0.005265
0.001561
0.000674
0.000972
0.004507
0.000441
0.003619
0.007481
0.003619
0.005593
0.030002
0.003507
0.003614
0.001818
0.000213
0.000000
0.011149
0.007480
0.005177
0.004260
0.009320
0.005327
0.007665
0.007665
0.005215
0.002536
0.003918
0.002536
0.002967
0.002696
0.003878
0.009243
0.009243
0.009243
0.006227
0.001573
0.010993
0.004427
0.003285
0.013108
0.006212
0.016586
0.005593
0.004279
0.007421
0.000972
0.004770
0.008178
0.019319
0.009271
0.002929
0.014945
0.014945
0.010203
0.002896
0.021990
0.022236
0.004209
0.004348
0.018023
0.081831
0.054187
0.054187
0.005215
0.002902
0.008788
0.006443
0.001818
0.004052
0.006359
0.002428
0.015637
0.010219
0.009271
0.032487
0.010142
0.013279
0.025664
0.005215
0.003878
0.014945
0.007974
0.014945
0.002536
0.010094
0.006227
0.002697
0.004477
0.009271
0.030617
0.006094
0.007498
0.009759
0.017107
0.016827
0.031948
0.043138
0.041652
0.042459
0.047061
0.042474
0.043126
0.040821
0.046182
0.052225
0.040530
0.035449
0.043635
0.050152
0.047680
0.071962
0.048182
0.049942
0.054725
0.044086
0.059000
0.051513
0.061557
0.042331
0.040171
0.033286
0.019136
0.023017
0.033286
0.018218
0.022235
0.030798
0.019836
0.011288
0.007423
0.083570
0.009117
0.022107
0.016154
0.008137
0.005695
0.007864
0.006677
0.005885
0.026158
0.008709
0.006924
0.008005
0.006191
0.021506
0.007629
0.004170
0.004170
0.005123
0.004400
0.008005
0.008803
0.008250
0.007880
0.007077
0.008021
0.005155
0.006637
0.005580
0.007077
0.004909
0.006340
0.007077
0.005856
0.005212
0.005155
0.006358
0.006358
0.004909
0.004422
0.005458
0.006467
0.004909
0.019507
0.010200
0.007328
0.007220
0.006644
0.005211
0.010007
0.005515
0.006080
0.005185
0.004224
0.005482
0.005199
0.004609
0.020230
0.007455
0.030124
0.026158
0.020314
0.010972
0.006704
0.018542
0.008250
0.017322
0.005559
0.007139
0.005024
0.008363
0.008250
0.021506
0.004400
0.004400
0.026158
0.011364
0.005206
0.004909
0.022991
0.008399
0.005548
0.012517
0.021382
0.005625
0.005851
0.006663
0.005397
0.007405
0.005185
0.011061
0.007088
0.005222
0.005223
0.017806
0.005206
0.006160
0.004224
0.004366
0.008777
0.005693
0.026869
0.004746
0.005338
0.009416
0.006072
0.007801
0.015772
0.017190
0.011877
0.029356
0.010232
0.017643
0.013052
0.012044
0.015453
0.013266
0.014679
0.006174
0.006831
0.024470
0.028326
0.040745
0.006663
0.009144
0.018430
0.005645
0.006155
0.006407
0.003236
0.003236
0.004512
0.007273
0.003053
0.007545
0.003495
0.008567
0.008636
0.004854
0.009664
0.012323
0.003236
0.004400
0.003027
0.013996
0.010297
0.008511
0.006634
0.004512
0.003539
0.012556
0.013492
0.009621
0.005881
0.006983
0.006084
0.012852
0.004256
0.003216
0.018148
0.008498
0.006856
0.008149
0.006184
0.003985
0.003797
0.005430
0.007182
0.005578
0.008037
0.008247
0.016749
0.006488
0.008149
0.042945
0.008775
0.006983
0.004256
0.023899
0.006983
0.007510
0.006155
0.007497
0.003236
0.003530
0.022349
0.004400
0.005726
0.015296
0.012115
0.007182
0.006275
0.006857
0.003855
0.003101
0.006983
0.013613
0.005300
0.005682
0.007428
0.006663
0.007022
0.005993
0.005907
0.009512
0.008149
0.004755
0.007113
0.019839
0.009233
0.010055
0.006255
0.004755
0.003530
0.013613
0.018943
0.005292
0.003855
0.005239
0.005239
0.004512
0.006856
0.004755
0.006184
0.010733
0.004908
0.006350
0.006275
0.005462
0.007152
0.018943
0.005578
0.013008
0.006663
0.004908
0.006695
0.011486
0.022264
0.005292
0.005589
0.009779
0.005279
0.014392
0.005430
0.008636
0.014841
0.006214
0.007903
0.009441
0.008834
0.007428
0.003855
0.003797
0.012764
0.013609
0.008820
0.011067
0.005713
0.003289
0.007856
0.007012
0.006302
0.007245
0.018459
0.007091
0.012787
0.011169
0.006863
0.014282
0.009975
0.005713
0.007858
0.024321
0.012685
0.012555
0.012783
0.012552
0.011858
0.014422
0.006588
0.005667
0.005713
0.005222
0.015101
0.014663
0.009740
0.008168
0.008638
0.011056
0.003267
0.006588
0.002839
0.003289
0.013550
0.013560
0.006434
0.004512
0.004854
0.012173
0.006222
0.010589
0.007012
0.002839
0.016785
0.010589
0.007231
0.006159
0.012557
0.010336
0.010824
0.005713
0.006159
0.011626
0.012764
0.008295
0.008920
0.013222
0.012460
0.014663
0.007903
0.013813
0.011056
0.014429
0.014410
0.015878
0.006271
0.013756
0.017211
0.006252
0.005682
0.011520
0.016785
0.005292
0.003236
0.014841
0.014663
0.011676
0.006464
0.006463
0.009299
0.015375
0.007220
0.007765
0.006040
0.006901
0.009067
0.059667
0.016753
0.007040
0.007517
0.011779
0.004927
0.013481
0.006296
0.047384
0.014296
0.007028
0.007742
0.010519
0.008546
0.007266
0.025783
0.011367
0.007266
0.006696
0.006304
0.004892
0.010232
0.006595
0.005262
0.006080
0.007632
0.005984
0.004951
0.006886
0.006000
0.005825
0.005967
0.005765
0.016230
0.004638
0.004420
0.007131
0.016183
0.008699
0.009106
0.007470
0.004588
0.025975
0.009353
0.006719
0.004271
0.013186
0.018017
0.036766
0.006686
0.006853
0.017387
0.093630
0.012554
0.013887
0.007770
0.005984
0.006686
0.011967
0.009441
0.006393
0.015702
0.005670
0.007312
0.009416
0.006072
0.036307
0.044061
0.007410
0.005825
0.005482
0.011043
0.005984
0.005966
0.016066
0.008777
0.023873
0.087731
0.008028
0.009407
0.008028
0.005185
0.005408
0.004588
0.004746
0.004086
0.005268
0.032997
0.006701
0.005625
0.011890
0.024356
0.007604
0.004224
0.006150
0.008225
0.005966
0.007516
0.021255
0.007825
0.004912
0.005211
0.011392
0.006536
0.006197
0.006678
0.005474
0.005835
0.024852
0.005536
0.012014
0.006701
0.007405
0.008399
0.017322
0.029648
0.015499
0.017806
0.030564
0.007825
0.034409
0.011929
0.008028
0.005937
0.007021
0.006321
0.025152
0.005693
0.009949
0.009056
0.035069
0.015109
0.004420
0.066241
0.017249
0.007787
0.005822
0.007980
0.004588
0.012554
0.030119
0.024393
0.006571
0.013186
0.006467
0.004792
0.015453
0.008975
0.006945
0.007646
0.012970
0.005666
0.007833
0.004588
0.007079
0.007285
0.017891
0.033809
0.007243
0.004882
0.005781
0.013323
0.012014
0.015230
0.007450
0.011045
0.021938
0.023621
0.005332
0.010459
0.010972
0.007188
0.005515
0.005211
0.004086
0.006440
0.007534
0.005206
0.005315
0.010217
0.005397
0.005223
0.005625
0.004638
0.006635
0.005409
0.006756
0.007293
0.004333
0.005542
0.005916
0.005200
0.016482
0.006483
0.014316
0.022197
0.005752
0.005571
0.006545
0.006619
0.007888
0.004638
0.006160
0.006197
0.009973
0.007226
0.006393
0.007571
0.008343
0.007933
0.008975
0.003159
0.007771
0.009991
0.008144
0.007575
0.006696
0.006106
0.005058
0.003159
0.005765
0.011522
0.005405
0.004230
0.007742
0.007028
0.009086
0.009281
0.010631
0.031734
0.021770
0.041205
0.004939
0.027779
0.010377
0.007632
0.008005
0.005222
0.006469
0.007592
0.022197
0.009559
0.010217
0.006628
0.004951
0.007000
0.005984
0.005159
0.005765
0.005955
0.005116
0.006635
0.006160
0.006532
0.006628
0.006160
0.008636
0.007241
0.006862
0.005827
0.016513
0.007188
0.006469
0.006701
0.012343
0.006761
0.007018
0.007139
0.006080
0.005906
0.006632
0.004638
0.008384
0.007142
0.014916
0.004079
0.006263
0.007332
0.015616
0.062220
0.005037
0.006531
0.004796
0.007864
0.005123
0.007269
0.007491
0.008263
0.005583
0.020314
0.007023
0.009117
0.008534
0.012343
0.006191
0.005632
0.007725
0.008789
0.011111
0.005419
0.004834
0.004080
0.005885
0.004449
0.007837
0.006531
0.013907
0.005396
0.005102
0.007023
0.005923
0.013047
0.007725
0.007808
0.006316
0.004254
0.009386
0.005657
0.012330
0.007287
0.020294
0.004400
0.004796
0.033195
0.010567
0.004463
0.006834
0.004609
0.013335
0.004598
0.008758
0.005511
0.009920
0.007162
0.006444
0.010648
0.006032
0.005908
0.005781
0.005461
0.004554
0.007191
0.008684
0.032272
0.004400
0.009776
0.005461
0.006352
0.007278
0.007652
0.004449
0.005511
0.007553
0.005559
0.005515
0.005212
0.007230
0.070575
0.034767
0.033296
0.015716
0.021886
0.004699
0.005151
0.006352
0.019819
0.005417
0.012330
0.005199
0.007287
0.004834
0.005493
0.006871
0.006267
0.028096
0.005476
0.005589
0.003887
0.005493
0.032930
0.007701
0.008253
0.005889
0.012714
0.008886
0.011671
0.005968
0.010882
0.010826
0.004242
0.005327
0.004242
0.007532
0.006140
0.011704
0.025148
0.008540
0.011745
0.010281
0.021420
0.012350
0.023719
0.021723
0.030273
0.034827
0.023344
0.013098
0.014279
0.010435
0.008519
0.037585
0.016734
0.010107
0.010281
0.034734
0.006115
0.008684
0.008855
0.013898
0.010648
0.009919
0.006412
0.004080
0.005511
0.028963
0.004950
0.007864
0.005583
0.005444
0.009288
0.004470
0.029857
0.006267
0.005695
0.010329
0.045920
0.009288
0.006140
0.005466
0.007806
0.005612
0.007794
0.004699
0.004973
0.072409
0.032999
0.040170
0.023719
0.016441
0.010882
0.006140
0.060179
0.042000
0.033015
0.049395
0.010966
0.011745
0.021012
0.045616
0.020428
0.060380
0.008694
0.015117
0.036218
0.007136
0.010826
0.006623
0.014584
0.010882
0.006115
0.010648
0.009869
0.003887
0.006775
0.007162
0.021723
0.017131
0.029360
0.007848
0.035894
0.017350
0.022211
0.021139
0.011555
0.021275
0.040660
0.015716
0.019244
0.023316
0.040193
0.015645
0.012118
0.013306
0.018258
0.010281
0.010966
0.008694
0.008436
0.012401
0.010940
0.011719
0.008506
0.019136
0.009929
0.014740
0.007577
0.009060
0.009142
0.004609
0.005495
0.004242
0.007459
0.006513
0.003842
0.013898
0.028515
0.004470
0.004254
0.005396
0.005918
0.004554
0.006220
0.010329
0.006220
0.007573
0.007757
0.005781
0.005444
0.005583
0.005348
0.006397
0.007175
0.004170
0.005052
0.004942
0.008709
0.004400
0.006567
0.005052
0.005345
0.005851
0.021770
0.010089
0.010392
0.005706
0.007839
0.005559
0.015669
0.007530
0.005212
0.007752
0.038689
0.016420
0.027635
0.007479
0.012544
0.005856
0.006850
0.005906
0.012163
0.007096
0.004086
0.004271
0.006136
0.016102
0.010514
0.006072
0.006450
0.019848
0.017065
0.006136
0.006136
0.006026
0.003077
0.045495
0.005405
0.017920
0.004230
0.004779
0.007210
0.012163
0.003694
0.006450
0.007869
0.009329
0.005601
0.005765
0.004950
0.006017
0.021532
0.049235
0.059710
0.002904
0.011425
0.010748
0.015329
0.019848
0.011425
0.005474
0.008636
0.005827
0.006701
0.006197
0.005633
0.006160
0.011045
0.007839
0.014302
0.005885
0.010260
0.005835
0.004939
0.006862
0.006404
0.006429
0.007366
0.006810
0.006165
0.007332
0.006254
0.006321
0.006254
0.006197
0.007579
0.006886
0.004230
0.008147
0.004779
0.006696
0.006659
0.006436
0.006817
0.008737
0.009312
0.008623
0.006794
0.008614
0.009601
0.008623
0.007323
0.007713
0.031178
0.026880
0.010631
0.004045
0.016753
0.004045
0.008808
0.006595
0.007575
0.002904
0.008321
0.002928
0.004727
0.006595
0.007568
0.010039
0.006463
0.012593
0.007050
0.004927
0.008808
0.018357
0.008292
0.006377
0.007306
0.020942
0.011522
0.023590
0.002940
0.006777
0.006595
0.007964
0.049235
0.016333
0.005542
0.004727
0.006496
0.007138
0.006436
0.013465
0.008577
0.006831
0.006779
0.017976
0.007774
0.008040
0.008256
0.006649
0.005718
0.005525
0.006379
0.006870
0.003236
0.012198
0.011012
0.007601
0.016169
0.005217
0.008404
0.015902
0.006275
0.007499
0.008949
0.012709
0.008108
0.011863
0.007262
0.047179
0.016230
0.007646
0.006106
0.005070
0.004045
0.034866
0.007060
0.012573
0.011009
0.003154
0.007814
0.007266
0.017039
0.011522
0.003077
0.011522
0.004927
0.006617
0.017589
0.008183
0.007571
0.006701
0.018292
0.007575
0.059710
0.054533
0.030129
0.014834
0.006756
0.006940
0.004779
0.002904
0.017218
0.008612
0.005727
0.008737
0.010139
0.039641
0.004742
0.096813
0.032090
0.013669
0.034250
0.011939
0.008253
0.007922
0.007259
0.004722
0.007165
0.013322
0.008553
0.019364
0.005037
0.011939
0.005155
0.007803
0.006644
0.006397
0.007479
0.050257
0.019100
0.005511
0.004554
0.003898
0.007459
0.009719
0.136359
0.044861
0.017018
0.004254
0.014332
0.011384
0.007349
0.010120
0.004784
0.013737
0.010229
0.007731
0.006751
0.008005
0.008147
0.007230
0.009559
0.007454
0.010100
0.005835
0.008224
0.005984
0.004230
0.008384
0.041991
0.005502
0.007908
0.004776
0.007592
0.005769
0.007122
0.007138
0.006377
0.006304
0.006860
0.008144
0.044929
0.020086
0.005227
0.007775
0.005670
0.007748
0.017039
0.006106
0.007040
0.007775
0.006026
0.008758
0.006180
0.006579
0.007913
0.008183
0.011779
0.007581
0.006649
0.006292
0.004908
0.008949
0.005578
0.003530
0.005430
0.008037
0.009384
0.007619
0.006972
0.012432
0.024879
0.014681
0.010854
0.009441
0.015473
0.010615
0.014917
0.016469
0.016148
0.012610
0.015078
0.014726
0.015733
0.023712
0.006296
0.007590
0.006275
0.006326
0.006649
0.010502
0.006275
0.006325
0.006673
0.012414
0.007763
0.008865
0.023381
0.031634
0.026725
0.019404
0.011779
0.014728
0.013838
0.014393
0.019568
0.007774
0.005800
0.024260
0.014773
0.011863
0.009162
0.007519
0.014248
0.032724
0.007358
0.020005
0.031731
0.005993
0.008715
0.005217
0.038850
0.010748
0.011510
0.031873
0.018148
0.006296
0.007469
0.009135
0.006169
0.006792
0.006464
0.009414
0.014024
0.007271
0.003101
0.008834
0.046626
0.018725
0.014484
0.036839
0.008451
0.010139
0.008447
0.006234
0.013404
0.008956
0.008229
0.007774
0.042471
0.024260
0.012973
0.010246
0.008828
0.008505
0.006594
0.005217
0.008404
0.003101
0.012432
0.014352
0.014025
0.016467
0.011821
0.013115
0.008404
0.010054
0.010727
0.013813
0.003667
0.014471
0.026549
0.007763
0.007844
0.006275
0.009031
0.012923
0.014618
0.015128
0.018290
0.012470
0.009575
0.016061
0.015398
0.014352
0.014347
0.014352
0.013481
0.012436
0.016324
0.013801
0.010932
0.012274
0.011460
0.010839
0.003397
0.008356
0.009480
0.010534
0.004565
0.003117
0.004587
0.007614
0.004366
0.012173
0.011255
0.010714
0.010114
0.009478
0.010901
0.013607
0.015599
0.010389
0.009546
0.010062
0.008356
0.009836
0.008276
0.003345
0.004288
0.011051
0.012274
0.003360
0.005323
0.007445
0.157506
0.055499
0.053023
0.027589
0.015867
0.011042
0.014183
0.014415
0.015560
0.021128
0.013979
0.026198
0.017628
0.011507
0.010519
0.007034
0.009040
0.016647
0.014484
0.006532
0.010519
0.006965
0.006615
0.010815
0.012278
0.014356
0.014686
0.011068
0.007117
0.014412
0.012955
0.011436
0.014872
0.014726
0.013926
0.014551
0.014429
0.012778
0.013384
0.015535
0.010767
0.011460
0.010696
0.010883
0.011138
0.010467
0.010357
0.011721
0.008693
0.008276
0.010296
0.005700
0.006451
0.008544
0.011577
0.032942
0.006180
0.009865
0.009317
0.005530
0.005069
0.008559
0.007480
0.005951
0.006594
0.006191
0.006512
0.005915
0.006684
0.013614
0.007179
0.005329
0.006191
0.006446
0.008648
0.007881
0.025062
0.014221
0.020410
0.036650
0.024570
0.014989
0.012444
0.006666
0.005649
0.008304
0.008304
0.021439
0.034558
0.016598
0.012484
0.010319
0.007411
0.006752
0.007617
0.007803
0.006250
0.015295
0.014526
0.042342
0.020287
0.007195
0.038933
0.010368
0.025530
0.004786
0.008820
0.008394
0.005881
0.007878
0.010692
0.007800
0.007172
0.004680
0.002839
0.024345
0.028763
0.044346
0.007765
0.016272
0.026371
0.019748
0.014822
0.012521
0.024771
0.003645
0.011111
0.006373
0.022547
0.013558
0.011657
0.002266
0.018016
0.008688
0.011574
0.025402
0.013215
0.019140
0.011042
0.008744
0.008256
0.004362
0.002839
0.003405
0.003645
0.034143
0.003667
0.006299
0.006568
0.002544
0.004288
0.003667
0.007790
0.005298
0.003086
0.010467
0.011214
0.011038
0.010148
0.010442
0.009341
0.014292
0.009220
0.007878
0.015399
0.019873
0.006215
0.007445
0.010245
0.007220
0.006831
0.006019
0.007244
0.023011
0.023011
0.022386
0.014338
0.022386
0.007561
0.030919
0.005881
0.009354
0.006188
0.009657
0.037194
0.023264
0.009515
0.010499
0.007715
0.019439
0.022324
0.026822
0.025138
0.006255
0.005160
0.009354
0.009354
0.006306
0.006130
0.032052
0.043803
0.004809
0.007618
0.006964
0.014571
0.013032
0.032332
0.017852
0.003212
0.005323
0.036623
0.032271
0.050155
0.090727
0.007299
0.002839
0.015592
0.004902
0.009680
0.008394
0.007206
0.015592
0.007117
0.008256
0.018962
0.012005
0.014259
0.024266
0.023405
0.027875
0.017695
0.014025
0.007715
0.018553
0.011458
0.002610
0.002610
0.003645
0.005374
0.002560
0.009954
0.004587
0.005716
0.012349
0.010656
0.009122
0.006964
0.004786
0.003876
0.016598
0.004922
0.009621
0.009639
0.006577
0.009400
0.015451
0.004984
0.002875
0.003876
0.003025
0.003345
0.004809
0.008406
0.003876
0.009797
0.007726
0.010835
0.009586
0.009403
0.005364
0.016329
0.007411
0.005678
0.005147
0.005642
0.007269
0.007269
0.011157
0.009984
0.054165
0.020846
0.025464
0.027444
0.054338
0.067287
0.020541
0.068762
0.045481
0.020541
0.043193
0.062015
0.063019
0.068989
0.062015
0.068989
0.082860
0.063436
0.054338
0.051384
0.050137
0.051629
0.082123
0.117507
0.090812
0.074935
0.085264
0.094492
0.123717
0.075900
0.077691
0.099270
0.082207
0.092057
0.101536
0.079419
0.073245
0.079556
0.128385
0.198516
0.056766
0.057823
0.043558
0.037463
0.028216
0.024788
0.028859
0.027228
0.032216
0.029229
0.029229
0.027112
0.027336
0.028110
0.028711
0.028457
0.028133
0.029229
0.030918
0.032335
0.031061
0.030637
0.032335
0.028407
0.029115
0.027738
0.030406
0.029752
0.033510
0.017127
0.016323
0.021048
0.014621
0.014365
0.014323
0.093666
0.039684
0.038932
0.040095
0.041274
0.037268
0.040770
0.043067
0.040095
0.033656
0.038605
0.041652
0.039075
0.045535
0.041653
0.036206
0.032782
0.039299
0.019596
0.018251
0.023185
0.022745
0.018222
0.016918
0.009181
0.011994
0.010922
0.004961
0.004077
0.035256
0.005470
0.004386
0.004297
0.005074
0.003466
0.005164
0.004339
0.004175
0.004572
0.004234
0.004248
0.003787
0.003820
0.003703
0.004075
0.003718
0.007422
0.004865
0.004932
0.004091
0.004711
0.005137
0.005174
0.005540
0.005489
0.005246
0.003627
0.003823
0.005137
0.005917
0.006191
0.005916
0.005617
0.004370
0.005137
0.006616
0.006867
0.005825
0.005855
0.007393
0.005996
0.009971
0.009329
0.009432
0.005765
0.006148
0.005828
0.005725
0.007350
0.018283
0.015180
0.017974
0.022516
0.029276
0.025004
0.019822
0.011394
0.008972
0.022122
0.024830
0.027976
0.025829
0.024838
0.030766
0.014087
0.013041
0.024065
0.025181
0.018384
0.009401
0.011631
0.010659
0.009325
0.063036
0.010821
0.028379
0.020516
0.018550
0.013877
0.009062
0.008485
0.007360
0.008633
0.008091
0.008345
0.008655
0.008619
0.008777
0.008677
0.008677
0.009416
0.008711
0.008091
0.006956
0.007504
0.007340
0.007801
0.008008
0.007725
0.007451
0.007476
0.007360
0.006956
0.006973
0.007340
0.007474
0.007602
0.006973
0.007601
0.010670
0.009035
0.010596
0.015076
0.008185
0.008777
0.014678
0.008145
0.014864
0.013482
0.012774
0.014135
0.011442
0.014670
0.017087
0.021815
0.018733
0.021276
0.018755
0.019665
0.022043
0.013132
0.018158
0.012229
0.013435
0.015021
0.016371
0.014247
0.014514
0.021815
0.018487
0.018261
0.033728
0.029894
0.027858
0.016041
0.019027
0.014808
0.038606
0.020569
0.017324
0.016412
0.021679
0.018703
0.024938
0.017305
0.033301
0.029181
0.029339
0.038635
0.059708
0.014584
0.018075
0.018190
0.040417
0.032659
0.022147
0.011622
0.015493
0.003219
0.004137
0.004541
0.016683
0.021804
0.010163
0.012523
0.007459
0.005805
0.010431
0.010081
0.016968
0.008226
0.013240
0.010255
0.005119
0.006431
0.004560
0.024004
0.014230
0.014035
0.030717
0.014360
0.037766
0.017159
0.009811
0.005718
0.004908
0.004949
0.006869
0.005114
0.004790
0.007066
0.009272
0.005071
0.003202
0.011363
0.007532
0.067336
0.003078
0.007897
0.010148
0.004949
0.002028
0.004602
0.003998
0.013752
0.013449
0.004625
0.013240
0.007459
0.009546
0.006290
0.021508
0.010891
0.003546
0.003428
0.003534
0.004608
0.003205
0.006787
0.115467
0.012083
0.010064
0.045615
0.015301
0.036035
0.036510
0.019148
0.025144
0.012976
0.012976
0.007519
0.011363
0.007216
0.013752
0.011974
0.016526
0.004639
0.005833
0.005833
0.004366
0.004844
0.004366
0.005615
0.003984
0.026301
0.025299
0.021546
0.027194
0.070790
0.065849
0.012240
0.012071
0.011498
0.010487
0.014263
0.012545
0.021637
0.010045
0.010090
0.011046
0.010473
0.010340
0.013361
0.035487
0.017689
0.019573
0.014487
0.013021
0.012303
0.035719
0.030049
0.033831
0.016882
0.018186
0.013604
0.015353
0.025479
0.027883
0.019915
0.008713
0.005271
0.018812
0.060384
0.029077
0.035178
0.084766
0.047910
0.022859
0.101701
0.015726
0.003064
0.014289
0.067784
0.039691
0.056753
0.019814
0.027892
0.040628
0.019814
0.182610
0.942795
0.133843
0.065615
0.015300
0.012758
0.013287
0.013483
0.032014
0.036540
0.034535
0.008365
0.006951
0.028841
0.004722
0.025047
0.343790
0.134842
0.047957
0.015186
0.015830
0.018528
0.017802
0.030692
0.016271
0.016345
0.017982
0.017439
0.016758
0.023711
0.021661
0.018412
0.018861
0.011390
0.019070
0.011678
0.010095
0.010185
0.009812
0.010321
0.010576
0.013544
0.019936
0.017598
0.017739
0.019251
0.017598
0.017619
0.017689
0.018138
0.016234
0.024681
0.032047
0.027485
0.009179
0.013864
0.049951
0.016242
0.006173
0.012514
0.007084
0.008740
0.007605
0.006710
0.009297
0.007764
0.009924
0.009894
0.006858
0.006713
0.005677
0.005677
0.012718
0.006701
0.012718
0.008298
0.018165
0.011174
0.036130
0.014971
0.048216
0.026905
0.019502
0.037244
0.018708
0.021039
0.128673
0.018100
0.009872
0.008411
0.005467
0.005803
0.004652
0.010245
0.013263
0.009374
0.009221
0.007969
0.007742
0.006090
0.007860
0.006180
0.006096
0.005440
0.005544
0.005697
0.006090
0.010193
0.005212
0.006386
0.005592
0.005849
0.013923
0.005544
0.004796
0.005687
0.004652
0.011103
0.010245
0.048199
0.073051
0.013831
0.022176
0.031693
0.017321
0.065018
0.270099
0.064248
0.071006
0.039358
0.010466
0.009691
0.010756
0.020647
0.024578
0.013440
0.020293
0.003905
0.007010
0.005431
0.009244
0.009470
0.040609
0.009122
0.013532
0.011234
0.005931
0.014789
0.033758
0.003186
0.003223
0.004734
0.031849
0.004683
0.023957
0.011016
0.018691
0.011585
0.017459
0.017459
0.003344
0.002740
0.002104
0.002905
0.007350
0.004013
0.003948
0.003344
0.048005
0.010312
0.053810
0.010831
0.038403
0.010529
0.008924
0.017459
0.010559
0.009334
0.018211
0.014041
0.011285
0.010321
0.013513
0.012250
0.011718
0.024683
0.009744
0.011234
0.022798
0.009893
0.013414
0.013414
0.009009
0.002790
0.005177
0.013440
0.021499
0.018549
0.024748
0.014589
0.005888
0.012598
0.048687
0.003969
0.012355
0.011168
0.007665
0.008155
0.015761
0.005431
0.015054
0.009254
0.011729
0.010559
0.028853
0.042502
0.031508
0.045029
0.007700
0.005985
0.014664
0.017493
0.013115
0.014194
0.050277
0.026749
0.010596
0.014935
0.016408
0.050444
0.024850
0.015064
0.035962
0.029004
0.041924
0.019515
0.012039
0.028270
0.019517
0.040577
0.006327
0.004558
0.020090
0.006995
0.017000
0.026490
0.027978
0.017205
0.022490
0.012216
0.020208
0.014119
0.014119
0.018989
0.013363
0.017393
0.012937
0.033865
0.012814
0.026097
0.033179
0.017321
0.046875
0.029234
0.012937
0.035896
0.017318
0.005794
0.008433
0.039245
0.057441
0.013896
0.025947
0.048466
0.012046
0.008463
0.028461
0.002708
0.003091
0.003091
0.008108
0.016147
0.005334
0.003086
0.004734
0.010746
0.004071
0.052211
0.006215
0.034095
0.006215
0.006633
0.042410
0.022197
0.022197
0.005482
0.011663
0.009418
0.012485
0.003749
0.002365
0.006514
0.003798
0.031616
0.002654
0.024012
0.002126
0.002444
0.002609
0.003223
0.002126
0.020728
0.003688
0.002444
0.010627
0.003086
0.008070
0.010721
0.004132
0.002365
0.018540
0.002740
0.006616
0.011092
0.002573
0.020201
0.027563
0.008774
0.002257
0.002104
0.014465
0.011663
0.004221
0.007166
0.008351
0.003589
0.003688
0.002444
0.042301
0.023241
0.007777
0.010746
0.014041
0.025943
0.004313
0.004350
0.002948
0.009111
0.004745
0.004567
0.012355
0.014336
0.020049
0.003969
0.013196
0.007881
0.009626
0.004702
0.004414
0.008644
0.004770
0.004122
0.007609
0.008679
0.013196
0.004847
0.012949
0.010141
0.009254
0.004414
0.005140
0.003390
0.006462
0.002088
0.002790
0.003969
0.009686
0.002009
0.002198
0.001817
0.049721
0.001817
0.054376
0.016320
0.032386
0.022148
0.009904
0.006979
0.007010
0.007372
0.002843
0.002312
0.004299
0.002292
0.003969
0.007527
0.002566
0.021499
0.028442
0.029585
0.008452
0.002312
0.004374
0.017297
0.006082
0.002347
0.012910
0.002790
0.009873
0.003630
0.004122
0.005140
0.024157
0.024964
0.006445
0.011916
0.009682
0.010559
0.023845
0.014055
0.005888
0.010737
0.007875
0.040289
0.015186
0.042445
0.049110
0.052069
0.117692
0.092995
0.076864
0.083644
0.056599
0.049404
0.019053
0.053869
0.047169
0.008914
0.022657
0.023252
0.017825
0.009961
0.013628
0.017703
0.004421
0.008942
0.017136
0.008289
0.005236
0.008650
0.005777
0.003720
0.008553
0.010029
0.010923
0.002183
0.004631
0.008553
0.007251
0.005815
0.021064
0.035319
0.023726
0.013339
0.007568
0.205976
0.119464
0.008350
0.021794
0.028974
0.019969
0.006399
0.022199
0.005456
0.002535
0.009228
0.005173
0.006585
0.010923
0.002293
0.014697
0.008751
0.008025
0.017061
0.013536
0.021391
0.006050
0.012093
0.005143
0.006303
0.003005
0.003469
0.003618
0.003408
0.006807
0.005735
0.060279
0.029461
0.010223
0.003596
0.003311
0.004289
0.002798
0.013711
0.013381
0.010470
0.008033
0.008679
0.027035
0.007956
0.003791
0.002303
0.004072
0.008944
0.010168
0.013418
0.009688
0.005301
0.011556
0.020733
0.028375
0.025649
0.018426
0.024286
0.014084
0.018296
0.019347
0.016912
0.021759
0.009750
0.016573
0.013572
0.010100
0.009750
0.011021
0.009433
0.007546
0.005969
0.005988
0.062986
0.041856
0.035346
0.039470
0.028530
0.007047
0.007720
0.014363
0.001832
0.008508
0.004495
0.003665
0.006373
0.005829
0.008586
0.003408
0.004752
0.004752
0.003953
0.010223
0.005509
0.004124
0.005912
0.004653
0.004080
0.005323
0.006924
0.004682
0.006784
0.009068
0.009012
0.011156
0.009863
0.008904
0.007371
0.003002
0.005448
0.022177
0.006373
0.005925
0.008586
0.005662
0.003967
0.004298
0.007682
0.003913
0.009569
0.010780
0.003739
0.009134
0.005357
0.004487
0.004487
0.012731
0.003475
0.006286
0.009624
0.004975
0.008705
0.004829
0.007747
0.007162
0.007592
0.008636
0.003806
0.004824
0.004805
0.034166
0.070609
0.065997
0.016888
0.029813
0.002599
0.015092
0.003321
0.004218
0.002912
0.014600
0.001711
0.001832
0.002912
0.007872
0.004940
0.004495
0.001957
0.002256
0.001832
0.073028
0.008235
0.001766
0.004218
0.003175
0.003065
0.002003
0.002912
0.001997
0.015658
0.005487
0.007825
0.016812
0.002599
0.002701
0.005147
0.003414
0.005175
0.003257
0.006024
0.020535
0.013184
0.003969
0.013306
0.003457
0.008858
0.002941
0.006131
0.028827
0.009652
0.004225
0.025680
0.006024
0.006284
0.021644
0.029273
0.013906
0.006963
0.006216
0.009071
0.014488
0.011092
0.019683
0.018135
0.008871
0.008940
0.015094
0.009002
0.013592
0.011092
0.038547
0.015683
0.011092
0.035890
0.022662
0.016015
0.008716
0.022759
0.029046
0.011755
0.028732
0.003307
0.041247
0.015769
0.006222
0.010225
0.010380
0.027144
0.005342
0.007926
0.009195
0.017319
0.018930
0.032090
0.018930
0.011925
0.012731
0.012214
0.009317
0.009906
0.008176
0.009001
0.009658
0.006153
0.005783
0.006715
0.007140
0.004708
0.021100
0.007744
0.005558
0.005954
0.003168
0.002378
0.003380
0.003307
0.009978
0.004218
0.002523
0.013306
0.013723
0.005121
0.029357
0.013586
0.003065
0.026157
0.015838
0.027144
0.006354
0.009122
0.007592
0.005954
0.005558
0.017091
0.018282
0.009122
0.037971
0.008322
0.006871
0.010047
0.009730
0.015210
0.006795
0.007929
0.008769
0.014437
0.007929
0.025671
0.010675
0.009756
0.006076
0.009714
0.009583
0.017955
0.015930
0.005039
0.038911
0.005407
0.009629
0.006134
0.006474
0.005232
0.005139
0.005189
0.006254
0.005185
0.006092
0.009847
0.005067
0.005586
0.006679
0.005871
0.005485
0.005642
0.005662
0.005067
0.027416
0.005485
0.005505
0.005256
0.021517
0.005185
0.005168
0.005206
0.005505
0.029350
0.006349
0.004893
0.004826
0.005161
0.011556
0.009347
0.005943
0.005486
0.005467
0.005250
0.004893
0.008285
0.005758
0.005891
0.028988
0.007450
0.005551
0.005352
0.005649
0.006105
0.004734
0.005810
0.019059
0.021851
0.004893
0.007426
0.006464
0.041916
0.017667
0.052650
0.016349
0.017865
0.024785
0.026875
0.021146
0.026875
0.023091
0.023763
0.028521
0.010447
0.022440
0.013936
0.017531
0.010388
0.008957
0.009346
0.010780
0.022271
0.020757
0.024272
0.019626
0.029991
0.019543
0.013203
0.013362
0.020793
0.010681
0.011976
0.011635
0.013947
0.010039
0.009348
0.010499
0.006526
0.006954
0.008154
0.008054
0.008107
0.008353
0.008353
0.005236
0.006945
0.006471
0.006705
0.006493
0.007931
0.007096
0.006657
0.007001
0.006651
0.018013
0.005236
0.005613
0.006208
0.004020
0.007836
0.003032
0.005052
0.006765
0.007746
0.005691
0.007382
0.007893
0.028652
0.007302
0.006664
0.017561
0.008664
0.007899
0.005398
0.004480
0.003707
0.004493
0.003701
0.002566
0.002900
0.003269
0.005230
0.002595
0.002882
0.004784
0.003326
0.003788
0.003136
0.005191
0.019137
0.006665
0.008429
0.005134
0.005028
0.007038
0.006949
0.002882
0.003300
0.002837
0.024859
0.033785
0.009494
0.011024
0.022237
0.020264
0.014849
0.021257
0.019898
0.013532
0.021350
0.011524
0.010256
0.009762
0.009882
0.010052
0.011524
0.009223
0.013532
0.021977
0.011524
0.010227
0.009456
0.022387
0.020147
0.020184
0.018876
0.018490
0.046601
0.006138
0.021696
0.010223
0.005989
0.005990
0.005850
0.006080
0.005627
0.005872
0.006189
0.005773
0.005429
0.005762
0.018308
0.005675
0.009277
0.005538
0.006288
0.007543
0.007636
0.006027
0.005775
0.005733
0.005501
0.006270
0.007485
0.005418
0.017714
0.006150
0.005538
0.005633
0.005811
0.005818
0.010506
0.005579
0.006625
0.005418
0.005887
0.008092
0.005887
0.005770
0.005379
0.006027
0.005990
0.006067
0.006459
0.006086
0.005668
0.006233
0.005781
0.005494
0.012892
0.005640
0.005661
0.011171
0.021198
0.036651
0.035508
0.042452
0.043841
0.044060
0.042363
0.048587
0.043801
0.032519
0.043011
0.048269
0.018736
0.033465
0.034591
0.071288
0.026401
0.055643
0.051170
0.022135
0.017331
0.026581
0.012353
0.011490
0.009769
0.022942
0.007193
0.006530
0.006303
0.008307
0.007513
0.003970
0.005940
0.018736
0.014186
0.005248
0.006852
0.004940
0.005169
0.007788
0.004798
0.013322
0.024781
0.032008
0.014101
0.014873
0.004467
0.028773
0.004798
0.011363
0.008112
0.002257
0.002216
0.003888
0.036596
0.005759
0.007426
0.004553
0.004016
0.003863
0.003320
0.006040
0.005736
0.004300
0.013527
0.005319
0.007508
0.013615
0.010227
0.011069
0.003965
0.005032
0.003534
0.004780
0.010496
0.016074
0.018849
0.018963
0.014805
0.015579
0.016283
0.020455
0.020167
0.015556
0.021839
0.016690
0.010609
0.009796
0.014654
0.023850
0.016465
0.018152
0.013239
0.013150
0.017691
0.017824
0.016451
0.004393
0.018827
0.004155
0.006788
0.004462
0.003293
0.003219
0.004015
0.004601
0.004913
0.006711
0.004957
0.004612
0.004870
0.004726
0.006809
0.050615
0.006063
0.038989
0.017101
0.011395
0.004556
0.002028
0.002028
0.005248
0.002264
0.005767
0.002486
0.002264
0.005447
0.002734
0.005646
0.002028
0.004343
0.006305
0.003320
0.011686
0.005447
0.007979
0.004909
0.006348
0.002028
0.005672
0.005353
0.061176
0.006288
0.004689
0.011581
0.005071
0.006336
0.005133
0.005221
0.004390
0.004601
0.013768
0.005113
0.013349
0.005133
0.013449
0.007248
0.016168
0.010255
0.004785
0.004393
0.004948
0.004981
0.005399
0.004353
0.003705
0.033563
0.005040
0.006669
0.004462
0.005569
0.003629
0.012027
0.003434
0.006326
0.005223
0.003900
0.004204
0.007843
0.007374
0.018429
0.003546
0.012860
0.008241
0.048218
0.009867
0.020455
0.054133
0.017691
0.039245
0.009053
0.006651
0.007522
0.015116
0.015474
0.018072
0.020282
0.021438
0.016980
0.013276
0.017377
0.011525
0.010685
0.015300
0.013011
0.018249
0.013574
0.017571
0.010267
0.010594
0.028626
0.027463
0.008921
0.009257
0.009964
0.010425
0.010816
0.009507
0.008823
0.009325
0.009295
0.008569
0.009325
0.009113
0.009173
0.010816
0.009166
0.009029
0.009882
0.009612
0.008703
0.009509
0.009009
0.008852
0.008569
0.008592
0.008761
0.008640
0.009907
0.009488
0.011866
0.009658
0.009604
0.010429
0.010591
0.014976
0.016562
0.017934
0.014838
0.015698
0.011123
0.010868
0.017934
0.011693
0.010963
0.011022
0.015698
0.016471
0.018951
0.017437
0.025828
0.019926
0.030814
0.022411
0.027511
0.019898
0.030900
0.025275
0.031497
0.032776
0.039680
0.031497
0.031497
0.031515
0.034093
0.030074
0.030585
0.024442
0.026778
0.027698
0.031278
0.026537
0.029528
0.030585
0.054620
0.025843
0.024956
0.021539
0.026512
0.028184
0.015776
0.051512
0.089293
0.076699
0.003897
0.007024
0.005481
0.003208
0.008897
0.009628
0.004841
0.014278
0.003413
0.005223
0.001931
0.033427
0.002810
0.002084
0.004784
0.010070
0.013591
0.005015
0.011467
0.002931
0.006072
0.013591
0.003911
0.011398
0.006578
0.002608
0.001628
0.005055
0.004720
0.003782
0.005707
0.008660
0.007726
0.017341
0.010070
0.024082
0.012294
0.019501
0.026904
0.021050
0.009341
0.017866
0.007529
0.008783
0.001931
0.011662
0.018602
0.002327
0.003061
0.005872
0.006665
0.002822
0.006039
0.009628
0.034085
0.136177
0.007729
0.025914
0.012116
0.007066
0.001628
0.005072
0.010042
0.014342
0.003413
0.011877
0.004088
0.007989
0.005973
0.003643
0.001536
0.004784
0.002822
0.002781
0.010735
0.030995
0.013021
0.015004
0.012836
0.003413
0.040715
0.011913
0.005433
0.003043
0.006186
0.023077
0.028523
0.004445
0.002084
0.012671
0.061306
0.050802
0.015056
0.030448
0.025345
0.014596
0.082446
0.055745
0.010161
0.005763
0.003825
0.007434
0.014768
0.004469
0.006729
0.027904
0.017804
0.028969
0.005957
0.022468
0.007249
0.024187
0.017017
0.050524
0.020170
0.010648
0.010610
0.004233
0.004469
0.005469
0.004629
0.004233
0.007434
0.003873
0.004012
0.004827
0.003862
0.020189
0.015070
0.004837
0.007263
0.005359
0.004567
0.007863
0.008198
0.023497
0.016292
0.005405
0.009866
0.004827
0.005046
0.003551
0.005061
0.005763
0.004275
0.004282
0.004827
0.004012
0.021881
0.071763
0.004012
0.011669
0.004845
0.004467
0.017633
0.007122
0.005469
0.007393
0.012627
0.004860
0.004645
0.003947
0.010614
0.004860
0.005147
0.003709
0.008046
0.012252
0.009641
0.007964
0.028002
0.007397
0.037571
0.021860
0.004976
0.004106
0.033983
0.006561
0.004312
0.004083
0.004881
0.007397
0.005484
0.015279
0.011010
0.011010
0.004139
0.006835
0.003798
0.004941
0.005065
0.003923
0.004797
0.008715
0.016307
0.004444
0.004444
0.003904
0.004444
0.004014
0.016940
0.003612
0.007845
0.005629
0.022758
0.008423
0.003773
0.007845
0.005057
0.025086
0.026904
0.003773
0.004797
0.003709
0.003773
0.039176
0.004664
0.005434
0.008423
0.005393
0.003923
0.003406
0.003559
0.029197
0.023320
0.003612
0.006802
0.042971
0.015845
0.004401
0.007552
0.005434
0.004047
0.003856
0.017892
0.023320
0.018583
0.011690
0.022982
0.010315
0.014194
0.033682
0.027041
0.024504
0.032957
0.033390
0.028021
0.023500
0.038805
0.014001
0.020155
0.017454
0.013623
0.013539
0.022158
0.020601
0.031854
0.018165
0.017901
0.018786
0.021677
0.019703
0.017032
0.019784
0.015331
0.007075
0.018298
0.009966
0.011439
0.013152
0.013623
0.010169
0.010745
0.011985
0.017198
0.006250
0.004024
0.008368
0.008412
0.001272
0.013170
0.003593
0.024538
0.003062
0.006330
0.008265
0.010427
0.002894
0.021498
0.013140
0.010216
0.010183
0.002891
0.029968
0.004229
0.009723
0.012844
0.002216
0.002290
0.021582
0.004229
0.001916
0.003064
0.008567
0.008648
0.007560
0.011799
0.003704
0.010336
0.003974
0.004748
0.003014
0.003678
0.003321
0.003321
0.004034
0.005575
0.003901
0.006091
0.008654
0.006021
0.007675
0.006593
0.006659
0.006987
0.012844
0.002263
0.002935
0.006333
0.002263
0.008874
0.008277
0.002664
0.002935
0.004974
0.009796
0.006822
0.003321
0.002713
0.007048
0.004934
0.004495
0.004084
0.006091
0.009796
0.004700
0.019801
0.006822
0.014593
0.013738
0.010931
0.007349
0.006699
0.010931
0.005306
0.004748
0.009259
0.016495
0.005514
0.011457
0.005324
0.013663
0.004700
0.014801
0.013738
0.016020
0.014385
0.014379
0.017258
0.015059
0.014300
0.014504
0.013738
0.016385
0.014852
0.013650
0.013691
0.013655
0.012684
0.014391
0.012347
0.012352
0.017543
0.012347
0.012352
0.043784
0.015530
0.017543
0.012373
0.016457
0.017543
0.019584
0.013555
0.013129
0.016142
0.021345
0.014025
0.014462
0.014874
0.014222
0.013289
0.018357
0.016358
0.013349
0.030754
0.015699
0.005545
0.008213
0.018395
0.019080
0.018395
0.018395
0.015431
0.003602
0.003792
0.006296
0.008213
0.016648
0.012505
0.005125
0.003665
0.022623
0.006107
0.009865
0.004587
0.022212
0.004278
0.013233
0.005188
0.003751
0.004813
0.004581
0.003602
0.014314
0.007240
0.004406
0.020498
0.021531
0.017065
0.006169
0.005333
0.083730
0.040695
0.059608
0.057787
0.005669
0.005153
0.014700
0.008888
0.003395
0.005600
0.007240
0.007240
0.043734
0.002559
0.003751
0.006378
0.004587
0.003141
0.018457
0.003751
0.003111
0.003063
0.003775
0.007022
0.003395
0.003901
0.004406
0.007143
0.043774
0.003990
0.003141
0.003640
0.003606
0.006236
0.005916
0.011971
0.003082
0.005600
0.011081
0.011716
0.002559
0.009616
0.023106
0.145391
0.102684
0.083480
0.097405
0.086996
0.066944
0.092852
0.086996
0.090381
0.083480
0.094268
0.089978
0.105397
0.081208
0.081398
0.091323
0.096918
0.098168
0.122413
0.080216
0.074375
0.057989
0.076809
0.061266
0.032994
0.064552
0.041849
0.025681
0.024769
0.016204
0.016765
0.016412
0.016848
0.015489
0.016340
0.015172
0.016625
0.019475
0.015722
0.015516
0.011346
0.011787
0.011639
0.011514
0.011646
0.012481
0.012220
0.011718
0.012156
0.012001
0.011806
0.011543
0.012537
0.011232
0.011392
0.012556
0.011787
0.011570
0.011806
0.011585
0.013386
0.012923
0.013016
0.011228
0.010282
0.009686
0.011903
0.009576
0.009451
0.009713
0.011203
0.009849
0.009762
0.009881
0.009846
0.009787
0.009834
0.010620
0.007588
0.008326
0.005985
0.006879
0.004677
0.014557
0.005256
0.006245
0.005279
0.006274
0.007324
0.005279
0.005586
0.005218
0.005573
0.005131
0.005233
0.004702
0.004674
0.005106
0.004804
0.004197
0.004234
0.005013
0.004269
0.004171
0.004424
0.004042
0.003886
0.004106
0.004504
0.004767
0.005454
0.004509
0.003798
0.119918
0.004095
0.005278
0.005548
0.004146
0.004199
0.004215
0.005851
0.005032
0.005463
0.004550
0.004449
0.005311
0.004707
0.004901
0.004759
0.003917
0.004422
0.005414
0.004730
0.005359
0.004584
0.005002
0.010260
0.020113
0.006628
0.005999
0.005811
0.005445
0.006579
0.006089
0.006591
0.006250
0.006961
0.007808
0.006793
0.007204
0.006959
0.006642
0.006994
0.007235
0.007105
0.006446
0.006174
0.006884
0.007011
0.022354
0.021303
0.009394
0.010547
0.010381
0.009077
0.009423
0.009680
0.008061
0.008511
0.009978
0.009411
0.008745
0.008453
0.008134
0.008891
0.009419
0.008909
0.008496
0.009219
0.008005
0.008124
0.008392
0.013158
0.010883
0.024727
0.014147
0.014430
0.015478
0.011685
0.012985
0.011602
0.010817
0.010089
0.010839
0.013557
0.011851
0.010178
0.009780
0.011891
0.009829
0.013393
0.010594
0.010178
0.012609
0.009968
0.009855
0.011247
0.011134
0.012741
0.013192
0.012281
0.012791
0.011281
0.012804
0.012093
0.013154
0.013772
0.013796
0.013916
0.014288
0.013247
0.013482
0.013666
0.013740
0.015630
0.013429
0.014194
0.014419
0.014936
0.014691
0.006853
0.007030
0.007788
0.006461
0.008878
0.011434
0.007797
0.008909
0.007412
0.007276
0.006897
0.006842
0.007248
0.006937
0.007200
0.008237
0.006634
0.005771
0.005311
0.007891
0.007068
0.006567
0.007373
0.005506
0.005957
0.005006
0.006024
0.005857
0.005437
0.005542
0.006096
0.005598
0.005270
0.005371
0.006823
0.005878
0.005799
0.006038
0.005940
0.005906
0.006074
0.005685
0.008146
0.005832
0.008195
0.007063
0.006052
0.005685
0.005963
0.006057
0.005686
0.006113
0.005835
0.007490
0.005685
0.006063
0.006120
0.005696
0.006606
0.006104
0.005944
0.005685
0.009833
0.006093
0.007476
0.009978
0.012946
0.010328
0.015428
0.014459
0.011217
0.013019
0.023166
0.022292
0.043327
0.025841
0.035829
0.048316
0.092759
0.038946
0.043441
0.043072
0.039636
0.039742
0.047119
0.046077
0.045692
0.045787
0.048181
0.045787
0.044870
0.046621
0.042612
0.047610
0.039636
0.041558
0.046537
0.053671
0.041637
0.028662
0.038536
0.035329
0.037695
0.042930
0.028319
0.032391
0.031298
0.036158
0.030812
0.028678
0.034420
0.022990
0.041329
0.050067
0.031451
0.013295
0.147715
0.037040
0.083085
0.081291
0.010582
0.007511
0.048084
0.019316
0.030737
0.007511
0.035052
0.025545
0.016855
0.011311
0.049242
0.011023
0.003551
0.010243
0.011676
0.009248
0.012769
0.016123
0.006384
0.016322
0.016855
0.006384
0.015078
0.012789
0.009609
0.004784
0.003040
0.006391
0.009379
0.005066
0.011906
0.007658
0.005675
0.010941
0.004763
0.004463
0.005956
0.012369
0.028092
0.009960
0.004784
0.013358
0.042593
0.007658
0.009669
0.005445
0.010117
0.012789
0.008940
0.009525
0.028092
0.009669
0.013973
0.003668
0.015078
0.009029
0.014172
0.061349
0.007658
0.006186
0.015078
0.003363
0.004469
0.006509
0.005593
0.010243
0.009248
0.014621
0.004763
0.003551
0.011210
0.009937
0.011610
0.003349
0.005227
0.003393
0.003551
0.002569
0.003391
0.016394
0.012128
0.003958
0.003349
0.014630
0.005894
0.003735
0.008887
0.005755
0.018478
0.008323
0.015093
0.009459
0.004422
0.004335
0.006514
0.022266
0.004728
0.016073
0.005188
0.003580
0.008887
0.015483
0.008939
0.021007
0.008822
0.034991
0.006705
0.011159
0.014055
0.062685
0.027532
0.009982
0.006943
0.007397
0.021007
0.009459
0.006000
0.004143
0.004231
0.004576
0.005175
0.005755
0.004231
0.002802
0.005220
0.003391
0.003393
0.004143
0.004728
0.001906
0.007499
0.002364
0.002168
0.006441
0.003235
0.006441
0.004268
0.002168
0.005660
0.003735
0.003958
0.003859
0.007066
0.002569
0.009459
0.004728
0.014055
0.005660
0.003349
0.003580
0.007036
0.005660
0.016394
0.003277
0.003620
0.001986
0.002364
0.002569
0.007864
0.008661
0.006198
0.003859
0.005929
0.007680
0.008606
0.030737
0.007074
0.008915
0.015330
0.017396
0.022744
0.015213
0.022148
0.014565
0.018614
0.015035
0.025856
0.017600
0.005521
0.012978
0.007208
0.007139
0.008007
0.031063
0.015342
0.007093
0.008821
0.007759
0.021112
0.011269
0.007647
0.007325
0.021581
0.007270
0.009051
0.010128
0.010518
0.009432
0.017381
0.010689
0.016641
0.021910
0.007607
0.013776
0.019298
0.016243
0.011238
0.008675
0.020759
0.011527
0.009073
0.008318
0.014454
0.009702
0.010913
0.015161
0.011870
0.012670
0.013214
0.010817
0.022492
0.011527
0.025211
0.015162
0.025482
0.021787
0.012560
0.013041
0.012485
0.014235
0.017222
0.022295
0.011337
0.011600
0.017365
0.012543
0.041708
0.070870
0.046151
0.004688
0.033975
0.008484
0.009567
0.009652
0.015911
0.011465
0.015905
0.057919
0.010539
0.009577
0.006474
0.004559
0.004065
0.004186
0.003642
0.002569
0.005175
0.009484
0.011454
0.009583
0.011798
0.010030
0.034017
0.146576
0.080089
0.014584
0.020605
0.069398
0.030555
0.026151
0.028434
0.023944
0.029146
0.016387
0.021120
0.015946
0.024573
0.072674
0.019432
0.019896
0.018385
0.020015
0.027323
0.033633
0.015808
0.010370
0.013732
0.013294
0.043626
0.010790
0.004763
0.019403
0.011491
0.010507
0.005595
0.026371
0.011388
0.012290
0.011491
0.023663
0.026831
0.006178
0.011200
0.008759
0.005387
0.011388
0.003562
0.014648
0.010028
0.011919
0.005348
0.007268
0.003753
0.004261
0.003753
0.004815
0.008411
0.008671
0.004517
0.003946
0.012173
0.003946
0.019576
0.022256
0.004517
0.011683
0.003946
0.004815
0.004648
0.006375
0.004932
0.004932
0.004517
0.015393
0.003374
0.014055
0.005746
0.004261
0.004783
0.005346
0.003822
0.007909
0.008042
0.027913
0.015392
0.005616
0.025468
0.013577
0.006249
0.024799
0.012321
0.006249
0.006375
0.008042
0.014794
0.005484
0.005346
0.013207
0.034254
0.027956
0.012472
0.008042
0.016788
0.009886
0.009749
0.019381
0.009749
0.007229
0.006888
0.012941
0.006943
0.016268
0.008518
0.009484
0.013155
0.011794
0.011794
0.009484
0.006000
0.004422
0.011794
0.007499
0.012079
0.010331
0.008661
0.010691
0.005755
0.008847
0.008661
0.006701
0.004576
0.010488
0.009583
0.012392
0.007394
0.010331
0.009495
0.011473
0.011737
0.011454
0.012058
0.007307
0.008904
0.009682
0.007307
0.008101
0.012392
0.007517
0.006701
0.010316
0.139180
0.078125
0.036512
0.013955
0.013955
0.008566
0.011306
0.007942
0.023301
0.019099
0.007440
0.009567
0.004811
0.009717
0.008380
0.006861
0.005709
0.007824
0.010437
0.007626
0.005838
0.008380
0.008380
0.006529
0.007365
0.009251
0.005044
0.006718
0.003406
0.007368
0.004604
0.004357
0.007801
0.012016
0.013730
0.012016
0.006105
0.005089
0.006105
0.008675
0.003706
0.007798
0.005017
0.014621
0.005267
0.005308
0.005579
0.010898
0.005919
0.004490
0.006736
0.010149
0.015919
0.007501
0.007030
0.004381
0.012690
0.035037
0.021260
0.024042
0.045630
0.025290
0.008058
0.006406
0.007490
0.011825
0.008007
0.010300
0.008294
0.006406
0.008442
0.009755
0.005119
0.056804
0.056928
0.050161
0.030542
0.012296
0.004422
0.002095
0.003828
0.005793
0.006268
0.010612
0.015020
0.012115
0.003471
0.005192
0.213730
0.046290
0.032795
0.016391
0.022594
0.014876
0.003753
0.003520
0.005133
0.002296
0.005323
0.001891
0.004807
0.008666
0.006628
0.002726
0.003158
0.006327
0.009166
0.008025
0.009413
0.008409
0.007467
0.527684
0.013571
0.070181
0.055391
0.100515
0.089041
0.069960
0.033365
0.014525
0.001828
0.005925
0.005927
0.009128
0.020160
0.004087
0.002624
0.001924
0.003186
0.006235
0.010413
0.011254
0.017071
0.020802
0.008623
0.010244
0.011419
0.009337
0.012177
0.004572
0.005891
0.005716
0.003828
0.006014
0.012304
0.017904
0.018692
0.012731
0.005335
0.004879
0.002296
0.002250
0.002347
0.008130
0.002304
0.002491
0.003613
0.005962
0.008064
0.011857
0.015181
0.018942
0.044685
0.856722
0.128808
0.012160
0.011660
0.009289
0.008691
0.010050
0.011612
0.022597
0.023046
0.027252
0.025542
0.015608
0.012016
0.017059
0.017068
0.021150
0.408330
0.079005
0.085224
0.008208
0.017910
0.009905
0.020714
0.010178
0.012449
0.011934
0.012711
0.013040
0.012830
0.009439
0.009889
0.008592
0.009641
0.008690
0.008553
0.008596
0.009657
0.009335
0.009550
0.010355
0.009483
0.010890
0.011811
0.010689
0.013160
0.020951
0.010059
0.022051
0.024352
0.024417
0.025392
0.027025
0.016172
0.011045
0.005260
0.002368
0.008512
0.013440
0.064574
0.032168
0.024249
0.024428
0.023877
0.014115
0.017421
0.011245
0.018538
0.019319
0.016586
0.007463
0.002123
0.007828
0.004536
0.004814
0.044990
0.003734
0.009299
0.019447
0.011658
0.243445
0.062076
0.015504
0.011084
0.009946
0.009287
0.009907
0.009065
0.009185
0.008929
0.009553
0.009182
0.008849
0.008953
0.010250
0.017568
0.009801
0.011062
0.009693
0.010404
0.010852
0.010893
0.012356
0.153464
0.055963
0.037210
0.007208
0.007857
0.007408
0.007557
0.012592
0.005434
0.005486
0.006986
0.005604
0.005484
0.005010
0.005261
0.005013
0.005224
0.005435
0.006136
0.006097
0.006700
0.005934
0.004707
0.004899
0.005148
0.004793
0.004446
0.004559
0.005879
0.004829
0.005407
0.007146
0.007703
0.007421
0.007616
0.009582
0.007529
0.007450
0.008018
0.007707
0.007728
0.008943
0.008312
0.008425
0.007977
0.008422
0.008425
0.009718
0.009627
0.010537
0.010541
0.012010
0.011108
0.012916
0.027919
0.065974
0.007791
0.017858
0.005438
0.006306
0.013180
0.006746
0.008092
0.014884
0.006758
0.008480
0.007614
0.007263
0.005403
0.005390
0.006662
0.005522
0.005395
0.004843
0.005486
0.005603
0.004634
0.005561
0.004909
0.004910
0.005485
0.005513
0.005893
0.005166
0.005561
0.005613
0.004705
0.005593
0.005230
0.005192
0.004062
0.004300
0.004298
0.028568
0.012069
0.040445
0.005909
0.014412
0.005423
0.098711
0.043508
0.006679
0.010570
0.007017
0.007113
0.009099
0.007136
0.008539
0.012512
0.011325
0.017224
0.011824
0.008631
0.009805
0.011489
0.011221
0.011583
0.012556
0.011583
0.011027
0.009805
0.006935
0.010978
0.011006
0.010890
0.011445
0.012462
0.008702
0.007318
0.009956
0.011912
0.008702
0.049394
0.026590
0.004583
0.004716
0.028546
0.103161
0.079814
0.018858
0.026955
0.019138
0.039056
0.019408
0.029296
0.020000
0.010293
0.375321
0.009207
0.065775
0.041654
0.020032
0.017405
0.016694
0.016305
0.016831
0.017414
0.016351
0.016767
0.019270
0.012411
0.087659
0.021622
0.007401
0.021516
0.018053
0.056644
0.052641
0.044533
0.056753
0.056633
0.114033
0.050015
0.021080
0.030457
0.021040
0.021762
0.024141
0.021654
0.018166
0.019032
0.014530
0.009156
0.010832
0.008555
0.004709
0.003897
0.003336
0.002864
0.004075
0.003731
0.004550
0.003987
0.003731
0.003468
0.003243
0.003241
0.004100
0.015347
0.004596
0.004145
0.004228
0.006341
0.004203
0.011263
0.004172
0.004080
0.014139
0.004080
0.003919
0.008942
0.009896
0.004647
0.004070
0.004505
0.008997
0.010559
0.007175
0.003912
0.005498
0.005877
0.005920
0.005099
0.005049
0.005777
0.004202
0.008692
0.014570
0.006928
0.004125
0.003629
0.004201
0.027372
0.009747
0.003698
0.004646
0.002959
0.004667
0.006072
0.010942
0.013392
0.008321
0.012158
0.005029
0.042723
0.049635
0.075719
0.054297
0.019108
0.049126
0.060460
0.106776
0.227857
0.135705
0.072670
0.005387
0.004150
0.002593
0.018362
0.004528
0.010231
0.014192
0.005092
0.011775
0.006274
0.005368
0.018324
0.006446
0.005569
0.004223
0.009218
0.007489
0.019080
0.013957
0.004616
0.009191
0.009498
0.016118
0.006034
0.004089
0.012622
0.023167
0.002902
0.002447
0.006968
0.009354
0.005655
0.009554
0.039220
0.005780
0.007324
0.049817
0.036200
0.036837
0.014436
0.028814
0.009252
0.007368
0.015236
0.003406
0.008882
0.008056
0.004749
0.007706
0.014533
0.020074
0.001322
0.010572
0.009822
0.002542
0.002540
0.010828
0.007706
0.003453
0.020074
0.020074
0.009926
0.024781
0.029577
0.011261
0.012102
0.025924
0.008336
0.007861
0.008879
0.005394
0.005196
0.006274
0.004293
0.006036
0.004274
0.004623
0.003486
0.006446
0.004702
0.003998
0.003816
0.003242
0.007192
0.002828
0.002419
0.012409
0.006726
0.005234
0.005893
0.008326
0.006628
0.006051
0.008096
0.008896
0.008477
0.008408
0.006961
0.008408
0.007055
0.006051
0.011304
0.008675
0.008752
0.012743
0.010893
0.015281
0.011823
0.030202
0.034000
0.011018
0.005955
0.005943
0.022803
0.064111
0.023260
0.025747
0.064581
0.016862
0.015091
0.009222
0.010078
0.013018
0.008521
0.014122
0.009026
0.019234
0.008100
0.008112
0.006205
0.005196
0.007176
0.009855
0.004315
0.004440
0.006446
0.013957
0.008549
0.005772
0.008075
0.005191
0.008250
0.010264
0.012069
0.008356
0.009314
0.019508
0.015326
0.010528
0.018958
0.015811
0.020818
0.025571
0.013942
0.033878
0.018839
0.066113
0.001669
0.089076
0.004709
0.035902
0.005452
0.006198
0.004440
0.124710
0.014650
0.014213
0.016652
0.005664
0.015858
0.009866
0.006982
0.010203
0.027294
0.043119
0.009887
0.018173
0.025800
0.008417
0.011546
0.012330
0.039227
0.004189
0.007181
0.008819
0.022852
0.001654
0.010290
0.003621
0.005313
0.016327
0.048115
0.006979
0.002918
0.014181
0.002536
0.022852
0.003188
0.003148
0.002320
0.029553
0.003330
0.007210
0.007963
0.037469
0.010418
0.004796
0.014533
0.003849
0.003330
0.007192
0.007210
0.016745
0.006503
0.003148
0.002607
0.006503
0.003148
0.006765
0.002677
0.020359
0.039399
0.015827
0.019817
0.012854
0.016027
0.043244
0.016493
0.009720
0.009939
0.009962
0.005840
0.002899
0.008199
0.009744
0.009720
0.006027
0.003955
0.009705
0.034043
0.050649
0.011417
0.024089
0.015762
0.016108
0.045176
0.011970
0.021482
0.010325
0.010097
0.010518
0.013189
0.015762
0.020006
0.010325
0.014940
0.007741
0.019734
0.011240
0.009687
0.021056
0.030392
0.027130
0.027130
0.007660
0.017273
0.019457
0.001621
0.014496
0.002409
0.003699
0.004995
0.017086
0.009704
0.002713
0.002677
0.001425
0.002522
0.007706
0.001700
0.009822
0.002760
0.004254
0.004204
0.011545
0.010978
0.001936
0.003453
0.001190
0.003634
0.003484
0.002721
0.011545
0.005638
0.006305
0.001693
0.007744
0.005045
0.009458
0.030036
0.012155
0.009401
0.013724
0.006515
0.020267
0.008417
0.010548
0.011664
0.013305
0.006417
0.008763
0.013753
0.014037
0.010099
0.013541
0.009519
0.006515
0.009088
0.011731
0.009088
0.009865
0.006856
0.004979
0.038377
0.002760
0.003247
0.003821
0.018282
0.018766
0.001604
0.003963
0.018403
0.041727
0.010766
0.061527
0.011349
0.042807
0.013241
0.017086
0.009915
0.009687
0.050353
0.032153
0.034560
0.044054
0.073413
0.026042
0.034500
0.038258
0.035910
0.032394
0.037373
0.042858
0.035632
0.032394
0.025226
0.035910
0.032261
0.042858
0.031227
0.033238
0.004543
0.004864
0.006131
0.008462
0.019614
0.016893
0.016389
0.008723
0.012044
0.006237
0.014982
0.003878
0.022701
0.012072
0.003187
0.006815
0.003839
0.023818
0.017312
0.004164
0.011982
0.006344
0.005130
0.002867
0.059698
0.029882
0.035232
0.020968
0.004853
0.004629
0.005882
0.003083
0.004864
0.020292
0.006538
0.009064
0.003943
0.003175
0.003083
0.009910
0.021059
0.026029
0.004622
0.004515
0.003487
0.004055
0.006250
0.007608
0.004055
0.004666
0.003556
0.009910
0.002867
0.005882
0.003187
0.004843
0.006250
0.003187
0.022032
0.007560
0.011765
0.004543
0.012072
0.006538
0.043852
0.003187
0.004543
0.006732
0.012044
0.004055
0.007043
0.004853
0.004333
0.005571
0.043852
0.023615
0.003839
0.006250
0.009064
0.004728
0.004885
0.006538
0.022352
0.060443
0.012911
0.006250
0.004204
0.004728
0.003856
0.004629
0.003733
0.002687
0.013955
0.004567
0.016172
0.026548
0.108815
0.007555
0.005814
0.014246
0.003856
0.003083
0.004125
0.005790
0.003943
0.009910
0.002472
0.004074
0.004204
0.004074
0.004666
0.024455
0.009807
0.014912
0.038883
0.023505
0.033371
0.008723
0.003175
0.004144
0.005790
0.012391
0.003733
0.072375
0.010218
0.007879
0.004273
0.005113
0.008585
0.004107
0.007730
0.010218
0.007730
0.023098
0.007730
0.004420
0.005771
0.003169
0.003177
0.004144
0.007494
0.032503
0.012286
0.003177
0.004864
0.021604
0.032385
0.016389
0.004511
0.020563
0.007768
0.004164
0.014273
0.002905
0.014273
0.006344
0.004394
0.010218
0.013123
0.026704
0.004471
0.007381
0.004471
0.011754
0.019351
0.006986
0.003487
0.022488
0.004394
0.018707
0.011125
0.014912
0.012745
0.013178
0.022701
0.006620
0.006620
0.004799
0.012633
0.004571
0.022665
0.015658
0.006620
0.011982
0.011206
0.013164
0.007381
0.013074
0.052678
0.016358
0.008633
0.005553
0.019626
0.011524
0.013761
0.027945
0.043476
0.023996
0.018794
0.015341
0.004394
0.008508
0.019562
0.015874
0.015062
0.032380
0.026390
0.014852
0.009303
0.020103
0.022720
0.026707
0.073479
0.049846
0.025511
0.028955
0.017099
0.025095
0.021075
0.057537
0.012057
0.025590
0.023834
0.014852
0.032412
0.025971
0.009280
0.028801
0.078916
0.058171
0.019666
0.022421
0.016952
0.042271
0.078475
0.062620
0.022589
0.009146
0.017782
0.004936
0.008988
0.013035
0.019064
0.012239
0.005088
0.009249
0.005302
0.018638
0.028148
0.018107
0.007151
0.012225
0.027631
0.132330
0.004553
0.010140
0.007008
0.048790
0.053430
0.090684
0.008136
0.024000
0.017440
0.062159
0.017440
0.022785
0.013698
0.004720
0.010047
0.010047
0.014193
0.026573
0.018037
0.011578
0.016342
0.006103
0.024690
0.045769
0.005046
0.017484
0.002082
0.011015
0.006901
0.010155
0.005809
0.004420
0.004958
0.011087
0.008121
0.013309
0.021050
0.017347
0.002058
0.007362
0.130292
0.004958
0.017484
0.001984
0.036146
0.032511
0.004927
0.001067
0.004631
0.002840
0.004631
0.002925
0.004732
0.004700
0.029858
0.017484
0.005809
0.013309
0.006251
0.002058
0.003133
0.001325
0.006901
0.002840
0.003133
0.014513
0.030252
0.011264
0.003580
0.048095
0.011437
0.008054
0.003580
0.041286
0.010047
0.014919
0.000558
0.004732
0.011264
0.014193
0.020529
0.013698
0.016018
0.005027
0.014919
0.009706
0.010957
0.014919
0.001067
0.008054
0.004720
0.030035
0.002082
0.040237
0.032969
0.001725
0.000558
0.014513
0.002955
0.005872
0.004553
0.033482
0.003795
0.001481
0.002152
0.002983
0.014513
0.010140
0.006251
0.014332
0.045669
0.004553
0.004732
0.019662
0.001725
0.006425
0.005027
0.016342
0.011660
0.005914
0.024723
0.001725
0.014513
0.001325
0.006336
0.013067
0.008271
0.006336
0.006430
0.012191
0.012695
0.007743
0.008752
0.008689
0.009671
0.009774
0.004420
0.009774
0.006430
0.006430
0.008271
0.006556
0.008984
0.007507
0.018107
0.004700
0.007362
0.004420
0.004420
0.004420
0.010814
0.007002
0.015410
0.008262
0.007187
0.005335
0.007409
0.012305
0.009412
0.011811
0.011811
0.002229
0.005925
0.005335
0.023518
0.004669
0.042425
0.022663
0.053121
0.015129
0.022663
0.039538
0.008689
0.007151
0.004909
0.003879
0.009146
0.007306
0.007009
0.007009
0.003740
0.007009
0.003247
0.003628
0.003194
0.003273
0.007306
0.009146
0.004178
0.002582
0.020896
0.002959
0.004356
0.020991
0.007402
0.024599
0.015509
0.006893
0.010043
0.009158
0.006698
0.007412
0.011540
0.014655
0.011690
0.010080
0.014655
0.011690
0.014756
0.015800
0.012170
0.008133
0.005730
0.010080
0.016403
0.012170
0.023442
0.014907
0.008252
0.012388
0.026384
0.007412
0.003232
0.003651
0.005592
0.004669
0.007187
0.014939
0.003194
0.003194
0.005953
0.003856
0.011999
0.005713
0.008198
0.010392
0.016826
0.021950
0.008212
0.023409
0.014079
0.017324
0.012329
0.016193
0.021130
0.017324
0.007648
0.007354
0.007776
0.005953
0.006934
0.019340
0.010391
0.014055
0.007958
0.007069
0.012896
0.007448
0.002959
0.013592
0.019152
0.007722
0.021021
0.008658
0.026985
0.006464
0.012259
0.020315
0.027115
0.027905
0.021427
0.027115
0.025727
0.022331
0.022331
0.016554
0.028895
0.028201
0.007785
0.027449
0.016984
0.024088
0.010863
0.006573
0.014272
0.030302
0.030444
0.007559
0.023593
0.011916
0.011038
0.008389
0.017813
0.006576
0.006576
0.014770
0.012030
0.003767
0.006710
0.009145
0.006509
0.007645
0.004619
0.006464
0.010651
0.005240
0.012342
0.007027
0.010863
0.009025
0.020639
0.006215
0.005018
0.004302
0.006573
0.005119
0.004920
0.022030
0.013643
0.007097
0.004857
0.006121
0.003938
0.005066
0.006283
0.006059
0.004920
0.005119
0.009116
0.004615
0.006638
0.010296
0.006764
0.004076
0.005859
0.005937
0.004703
0.005634
0.005603
0.004703
0.003938
0.004851
0.006576
0.016851
0.004835
0.006078
0.004767
0.006541
0.005271
0.003847
0.007712
0.006773
0.005918
0.008000
0.008067
0.008117
0.008084
0.008553
0.010587
0.008868
0.009933
0.007562
0.007014
0.008152
0.009057
0.008195
0.008195
0.008195
0.009363
0.009575
0.009338
0.009696
0.008195
0.012943
0.011266
0.011476
0.005715
0.009743
0.011839
0.010443
0.010836
0.010741
0.009178
0.011996
0.010353
0.018455
0.018071
0.039091
0.039841
0.046556
0.043445
0.038621
0.035533
0.029473
0.031859
0.027261
0.015736
0.027373
0.013310
0.010837
0.018597
0.014949
0.004400
0.010392
0.002003
0.002466
0.003358
0.002443
0.002606
0.005282
0.003389
0.005282
0.002466
0.003249
0.002773
0.005333
0.003262
0.003890
0.003763
0.003119
0.003262
0.004327
0.003157
0.005943
0.007334
0.005827
0.006068
0.017879
0.019390
0.005889
0.009325
0.007689
0.020006
0.007334
0.006368
0.015866
0.006214
0.006128
0.006004
0.006808
0.007879
0.006206
0.012770
0.007334
0.005639
0.012770
0.010587
0.006239
0.005282
0.006366
0.002627
0.008168
0.005223
0.014136
0.003443
0.009464
0.005194
0.005847
0.009325
0.009308
0.004842
0.010929
0.017879
0.012245
0.007734
0.004608
0.009308
0.003495
0.016720
0.010060
0.017622
0.008696
0.012834
0.010019
0.007920
0.004842
0.006206
0.003443
0.010001
0.011763
0.007316
0.012642
0.011937
0.010551
0.013651
0.016060
0.002466
0.009250
0.007776
0.010693
0.010407
0.013680
0.016103
0.007094
0.001764
0.012532
0.011274
0.009996
0.007776
0.028152
0.025414
0.031649
0.024975
0.009219
0.007276
0.006247
0.006547
0.014789
0.006030
0.007276
0.007003
0.004937
0.006244
0.003411
0.009796
0.020990
0.019010
0.018785
0.011906
0.011239
0.011066
0.009930
0.009822
0.027722
0.009504
0.021948
0.004909
0.005346
0.004363
0.004015
0.003083
0.003544
0.003002
0.003083
0.008921
0.003083
0.004160
0.007741
0.003263
0.007535
0.004292
0.004140
0.005258
0.005994
0.007329
0.031095
0.020809
0.014947
0.005727
0.010979
0.028165
0.006269
0.007444
0.006943
0.021202
0.005622
0.005219
0.003744
0.003744
0.003083
0.008431
0.004407
0.004279
0.005270
0.006012
0.005281
0.004464
0.005018
0.005994
0.022867
0.004605
0.012485
0.009505
0.003175
0.009650
0.011937
0.005115
0.011323
0.006824
0.015611
0.014819
0.004180
0.004363
0.005884
0.007003
0.005195
0.003752
0.003524
0.035809
0.021948
0.004842
0.004218
0.004707
0.003116
0.007557
0.006943
0.017188
0.010959
0.003083
0.012466
0.029516
0.004820
0.003383
0.017544
0.009013
0.003580
0.015771
0.004630
0.004630
0.005270
0.005258
0.004476
0.017301
0.004326
0.006169
0.003938
0.008519
0.008525
0.005707
0.007474
0.006047
0.005197
0.008255
0.006073
0.008809
0.011623
0.005175
0.003720
0.004630
0.013392
0.005628
0.004279
0.006530
0.007432
0.006530
0.006203
0.014866
0.009479
0.008160
0.013449
0.005471
0.005175
0.005018
0.005197
0.007995
0.005819
0.012984
0.031928
0.012276
0.006047
0.008761
0.010785
0.010378
0.017439
0.008273
0.010877
0.019009
0.014986
0.005744
0.009508
0.006042
0.006042
0.004763
0.004481
0.003396
0.003370
0.006081
0.006282
0.010214
0.036356
0.016146
0.011729
0.005596
0.010099
0.006877
0.037816
0.008392
0.009615
0.017145
0.009267
0.023195
0.038820
0.047105
0.111840
0.042480
0.015401
0.020065
0.006835
0.026047
0.012756
0.035189
0.045222
0.029074
0.099502
0.036138
0.041243
0.051310
0.011773
0.021220
0.042811
0.042829
0.028079
0.012144
0.007306
0.021957
0.006877
0.011494
0.012207
0.011494
0.017900
0.023638
0.024387
0.025664
0.016374
0.005251
0.010099
0.041575
0.032619
0.005262
0.034097
0.032536
0.004592
0.005210
0.010591
0.014593
0.004157
0.013315
0.004432
0.010130
0.004184
0.004205
0.006100
0.003901
0.013921
0.007561
0.003694
0.004432
0.006859
0.003544
0.004754
0.003957
0.005006
0.017545
0.012834
0.003268
0.005356
0.005718
0.004408
0.007664
0.004710
0.003561
0.012570
0.010111
0.014939
0.003733
0.005927
0.009438
0.009248
0.026501
0.009413
0.004754
0.003056
0.007561
0.004048
0.003601
0.021430
0.004710
0.003561
0.004594
0.003901
0.004039
0.004609
0.025766
0.027180
0.006652
1.000000
0.004955
0.016382
0.026058
0.012343
0.025921
0.017947
0.017051
0.018415
0.020145
0.034798
0.014449
0.015207
0.022832
0.016572
0.031274
0.029903
0.052138
0.063157
0.090409
0.117433
0.052801
0.039723
0.048253
0.046072
0.042155
0.042135
0.036710
0.026375
0.031056
0.024573
0.029192
0.019084
0.029903
0.026099
0.021133
0.014226
0.020417
0.019033
0.023889
0.015849
0.011561
0.020523
0.018378
0.022246
0.018997
0.015665
0.021329
0.012326
0.015068
0.012369
0.012503
0.016281
0.016281
0.018034
0.013712
0.016107
0.009463
0.011779
0.014688
0.016072
0.016538
0.012990
0.016743
0.012990
0.007557
0.012369
0.012256
0.014275
0.013653
0.014662
0.020337
0.017439
0.012852
0.010706
0.009161
0.013712
0.008663
0.008618
0.014011
0.008476
0.008321
0.006107
0.008618
0.014452
0.014011
0.028583
0.035697
0.012311
0.006409
0.012683
0.035539
0.012753
0.014662
0.022366
0.008618
0.014489
0.013638
0.030175
0.012988
0.009980
0.017192
0.008206
0.009936
0.005181
0.007915
0.005547
0.014011
0.007814
0.011159
0.012988
0.008113
0.011337
0.015520
0.014489
0.020224
0.020119
0.020224
0.026359
0.006180
0.010566
0.011922
0.006107
0.005114
0.007541
0.005181
0.008113
0.008955
0.005199
0.005726
0.005157
0.011170
0.009401
0.006320
0.013904
0.005726
0.005969
0.005845
0.011737
0.006874
0.008295
0.003513
0.003998
0.009335
0.005049
0.005744
0.004763
0.004793
0.005453
0.008113
0.004823
0.011112
0.007911
0.008295
0.004199
0.004789
0.004205
0.005356
0.026601
0.005578
0.026345
0.004072
0.004789
0.003438
0.004184
0.007549
0.005708
0.003510
0.019122
0.003694
0.021885
0.005578
0.007803
0.012840
0.003957
0.004205
0.006874
0.003505
0.003662
0.012572
0.006652
0.004408
0.004036
0.004481
0.004205
0.003396
0.004469
0.005988
0.006320
0.014126
0.026058
0.009765
0.004199
0.015866
0.019616
0.007376
0.020244
0.030385
0.006652
0.009336
0.014126
0.004205
0.008020
0.007209
0.009732
0.017342
0.025084
0.004763
0.004205
0.003438
0.032717
0.004205
0.005303
0.009336
0.004516
0.004048
0.052883
0.031864
0.005303
0.027106
0.025870
0.015501
0.019684
0.013065
0.019559
0.034272
0.007035
0.016169
0.005908
0.011729
0.016169
0.007223
0.004894
0.005596
0.005908
0.004687
0.015850
0.006839
0.007148
0.003774
0.010534
0.004894
0.007148
0.005601
0.005083
0.020128
0.004508
0.005251
0.018619
0.021826
0.006877
0.005251
0.016780
0.005775
0.022888
0.007390
0.012839
0.025686
0.008657
0.008657
0.014140
0.020995
0.019004
0.012700
0.008657
0.007502
0.008657
0.012909
0.012431
0.009267
0.014628
0.022991
0.009432
0.015910
0.012431
0.015910
0.011494
0.013877
0.056468
0.021793
0.003476
0.018345
0.011672
0.040884
0.005251
0.006243
0.059263
0.040059
0.033230
0.024082
0.027488
0.029072
0.021471
0.025642
0.024815
0.027789
0.022852
0.024320
0.028776
0.020245
0.040325
0.023864
0.026745
0.026728
0.023864
0.035984
0.045808
0.027094
0.031914
0.020471
0.014184
0.016830
0.024815
0.019033
0.012819
0.014223
0.033857
0.015072
0.049998
0.050068
0.024792
0.016069
0.028569
0.017139
0.031249
0.030313
0.038859
0.028865
0.045950
0.031532
0.043192
0.034883
0.037184
0.045717
0.044663
0.051761
0.055356
0.034194
0.046563
0.038171
0.033450
0.031783
0.042360
0.141145
0.195792
0.094850
0.183191
0.178615
0.195792
0.187290
0.145115
0.158358
0.166427
0.176077
0.166128
0.126084
0.113578
0.061333
0.018846
0.061983
0.151932
0.109299
0.042303
0.029419
0.032944
0.025600
0.004594
0.018000
0.001658
0.025796
0.014387
0.004091
0.004091
0.007869
0.014387
0.009968
0.027310
0.044415
0.001202
0.002092
0.008408
0.254943
0.009354
0.008503
0.007542
0.009968
0.004091
0.001870
0.005675
0.014387
0.073838
0.027655
0.001202
0.001133
0.001392
0.006008
0.061390
0.027655
0.004381
0.048102
0.017558
0.017441
0.001542
0.023948
0.002381
0.009964
0.005625
0.045736
0.042725
0.003622
0.002709
0.008456
0.019707
0.013990
0.009254
0.001975
0.002709
0.006357
0.005374
0.008980
0.020999
0.031791
0.008764
0.002863
0.006357
0.034011
0.005625
0.006407
0.013465
0.005625
0.006357
0.002082
0.002646
0.007260
0.020999
0.014489
0.008980
0.008428
0.013639
0.053233
0.008980
0.023244
0.005524
0.006357
0.038338
0.007897
0.016966
0.045865
0.033146
0.012154
0.002559
0.023837
0.002709
0.002381
0.001708
0.066898
0.004381
0.002646
0.002709
0.002990
0.054896
0.002837
0.006364
0.004091
0.012179
0.002123
0.139507
0.017595
0.007542
0.011354
0.017595
0.025226
0.004208
0.002800
0.022303
0.014681
0.012377
0.019549
0.012003
0.034539
0.063774
0.009710
0.014250
0.025593
0.011299
0.054724
0.004719
0.045763
0.029309
0.013255
0.010057
0.007644
0.007644
0.013255
0.005361
0.026079
0.010541
0.007151
0.035069
0.007149
0.017708
0.013437
0.007644
0.005910
0.011510
0.013134
0.004719
0.000344
0.003041
0.017708
0.009764
0.045937
0.007644
0.009764
0.018350
0.004775
0.019660
0.011903
0.009710
0.019440
0.022415
0.012297
0.004775
0.003144
0.007149
0.022415
0.003501
0.004775
0.014993
0.011299
0.004719
0.026079
0.010472
0.050957
0.046945
0.025042
0.027040
0.023195
0.047682
0.034052
0.030501
0.018819
0.031137
0.047155
0.020507
0.021296
0.016400
0.001151
0.004556
0.006058
0.027064
0.013926
0.041489
0.004556
0.005730
0.013680
0.006312
0.008553
0.008535
0.013455
0.038384
0.001709
0.002605
0.003875
0.032476
0.000344
0.004556
0.001151
0.014617
0.012899
0.016369
0.068904
0.012899
0.014785
0.019056
0.003602
0.012751
0.009835
0.003298
0.006681
0.000485
0.005130
0.013455
0.004295
0.000875
0.000258
0.007067
0.003298
0.004006
0.011029
0.003877
0.001709
0.002076
0.004091
0.005130
0.011562
0.006058
0.004556
0.000344
0.021448
0.005730
0.012641
0.002938
0.023166
0.010184
0.004295
0.003602
0.012899
0.049924
0.057242
0.004006
0.005130
0.004775
0.030477
0.028917
0.027719
0.004161
0.029721
0.000344
0.002239
0.002605
0.068904
0.104259
0.016400
0.015781
0.038289
0.034644
0.023516
0.039747
0.043134
0.021575
0.034052
0.044199
0.056021
0.028269
0.017848
0.029580
0.022452
0.030915
0.032598
0.030806
0.019557
0.021045
0.007103
0.033483
0.006289
0.007365
0.023407
0.006271
0.006745
0.006033
0.007048
0.006277
0.009848
0.006278
0.005827
0.011121
0.006745
0.005796
0.005850
0.009848
0.070924
0.006219
0.006277
0.006881
0.005789
0.006456
0.007077
0.006267
0.010062
0.006939
0.014442
0.006896
0.005827
0.006232
0.006939
0.005603
0.005942
0.006637
0.007409
0.009848
0.005789
0.021263
0.006537
0.006674
0.024730
0.009503
0.011364
0.006896
0.006989
0.007048
0.006831
0.006939
0.018988
0.005625
0.015048
0.039388
0.011679
0.019827
0.045992
0.018296
0.051629
0.006329
0.003469
0.008125
0.002118
0.002216
0.022553
0.002155
0.002935
0.003461
0.006701
0.015410
0.006868
0.017264
0.029858
0.011609
0.006701
0.020069
0.023201
0.038069
0.016657
0.061487
0.019893
0.003938
0.003784
0.007876
0.001678
0.002364
0.003784
0.001678
0.022740
0.007726
0.001762
0.006890
0.009187
0.006220
0.015186
0.017264
0.029038
0.043623
0.012341
0.009261
0.001571
0.007876
0.008636
0.002118
0.011432
0.076534
0.021536
0.019472
0.021469
0.003694
0.002361
0.011431
0.019430
0.002361
0.002618
0.006834
0.012008
0.016657
0.026298
0.002344
0.002414
0.003976
0.003144
0.005120
0.007781
0.127712
0.006249
0.026707
0.006868
0.012475
0.006249
0.027737
0.002364
0.011431
0.017304
0.020210
0.003136
0.006235
0.015410
0.009569
0.001762
0.003201
0.006350
0.023261
0.043002
0.004786
0.007951
0.016918
0.031882
0.006249
0.004763
0.003201
0.006220
0.003392
0.095412
0.046767
0.001758
0.009078
0.004786
0.006220
0.002118
0.003990
0.013534
0.006499
0.033250
0.005593
0.001758
0.096176
0.046094
0.022484
0.011223
0.020146
0.016267
0.025578
0.017911
0.026178
0.017144
0.040115
0.065250
0.007412
0.021052
0.013793
0.048856
0.021931
0.035259
0.017313
0.016891
0.032417
0.017074
0.016199
0.012463
0.016573
0.017224
0.017492
0.015388
0.016602
0.019025
0.039600
0.012927
0.011101
0.011229
0.023103
0.011812
0.012100
0.037539
0.011208
0.012841
0.020146
0.011805
0.013283
0.012556
0.011184
0.038441
0.010836
0.011124
0.011812
0.017496
0.010827
0.010998
0.010033
0.011442
0.013158
0.011348
0.011338
0.100413
0.014652
0.015362
0.025940
0.023472
0.023472
0.031124
0.015109
0.017184
0.017150
0.017221
0.012325
0.015792
0.016670
0.017150
0.015988
0.017057
0.010065
0.011868
0.023430
0.026241
0.017002
0.016020
0.017150
0.014685
0.017981
0.017037
0.005821
0.016650
0.016936
0.014947
0.033112
0.016325
0.014692
0.014685
0.023905
0.022530
0.024287
0.025971
0.009614
0.018787
0.004022
0.011856
0.041870
0.003573
0.005821
0.024287
0.003386
0.003179
0.006531
0.021929
0.002876
0.003789
0.010567
0.007829
0.017541
0.003573
0.007829
0.002846
0.004022
0.018147
0.005065
0.004118
0.004022
0.002596
0.002774
0.002596
0.004569
0.003573
0.004046
0.002470
0.002911
0.003445
0.029473
0.014872
0.005569
0.016092
0.007780
0.015235
0.006159
0.004118
0.008377
0.012395
0.010280
0.005766
0.002596
0.029733
0.018328
0.033189
0.011928
0.014005
0.004966
0.018608
0.037326
0.004969
0.057181
0.048973
0.029948
0.020315
0.026433
0.018821
0.026545
0.069158
0.045481
0.037113
0.037442
0.029994
0.014108
0.021620
0.044009
0.038618
0.036330
0.023624
0.014108
0.002834
0.007910
0.004067
0.006202
0.003437
0.002834
0.008109
0.013543
0.008778
0.002222
0.002935
0.004118
0.019498
0.006386
0.016761
0.028488
0.004564
0.005008
0.010200
0.014025
0.023288
0.015259
0.006386
0.008175
0.006128
0.007769
0.002911
0.007326
0.012660
0.004008
0.011380
0.002222
0.002911
0.007292
0.005993
0.005728
0.004569
0.004576
0.005236
0.007422
0.006009
0.007241
0.005993
0.005345
0.006552
0.013530
0.004556
0.010339
0.009259
0.006190
0.018773
0.014547
0.010155
0.003682
0.008621
0.003077
0.004592
0.009656
0.005936
0.006698
0.012164
0.016368
0.008761
0.037201
0.004967
0.015334
0.012458
0.008362
0.002618
0.006281
0.002685
0.007181
0.014062
0.006698
0.006198
0.005499
0.023682
0.014141
0.009014
0.005111
0.015864
0.004576
0.006653
0.004819
0.011428
0.003682
0.003776
0.004466
0.007181
0.005499
0.016283
0.012822
0.002689
0.013236
0.007753
0.010768
0.006198
0.008981
0.024045
0.010768
0.008312
0.002875
0.005298
0.003437
0.003881
0.006552
0.006189
0.002689
0.005876
0.002685
0.004819
0.006198
0.004263
0.005298
0.012333
0.005836
0.004263
0.003682
0.007959
0.010540
0.002875
0.004194
0.010514
0.018269
0.007130
0.006917
0.007292
0.007344
0.010584
0.006805
0.004194
0.003437
0.010190
0.008312
0.025838
0.005347
0.006552
0.004263
0.002685
0.007181
0.008981
0.006805
0.004466
0.006432
0.005347
0.005114
0.008753
0.005499
0.003776
0.003910
0.002772
0.044525
0.009823
0.019217
0.034795
0.018269
0.002996
0.007753
0.009173
0.006289
0.005009
0.009777
0.005882
0.003437
0.013503
0.011006
0.005747
0.004065
0.009597
0.009765
0.016013
0.033455
0.022464
0.031779
0.045481
0.022624
0.029947
0.006805
0.005935
0.011326
0.016696
0.008280
0.010873
0.014265
0.014581
0.018151
0.020736
0.012985
0.006982
0.011380
0.028245
0.010267
0.020195
0.017591
0.048210
0.031799
0.044894
0.042838
0.031799
0.032465
0.016663
0.024697
0.025951
0.037523
0.042838
0.042222
0.027385
0.022078
0.032465
0.030857
0.024967
0.037293
0.052624
0.026778
0.005327
0.029416
0.009065
0.012877
0.037701
0.008148
0.003227
0.007430
0.005707
0.018216
0.004049
0.005707
0.005707
0.004592
0.005048
0.005732
0.007430
0.005579
0.006834
0.011790
0.010111
0.005757
0.007789
0.007866
0.007430
0.008148
0.012790
0.004194
0.006834
0.006834
0.026778
0.005705
0.003227
0.009790
0.014897
0.010267
0.012790
0.006027
0.010751
0.025159
0.006917
0.006598
0.006763
0.062826
0.004065
0.006424
0.004452
0.012877
0.383381
0.005813
0.019109
0.033921
0.020586
0.003782
0.013219
0.003214
0.003066
0.005301
0.007014
0.005290
0.014627
0.006645
0.004983
0.008808
0.004420
0.005707
0.002772
0.006645
0.010208
0.003156
0.014656
0.007000
0.011662
0.005579
0.004592
0.014897
0.008148
0.007789
0.006917
0.009065
0.026778
0.004489
0.003782
0.011662
0.006827
0.005705
0.015692
0.041256
0.011947
0.003431
0.009296
0.008688
0.018327
0.017031
0.044427
0.017566
0.008402
0.002935
0.077568
0.019408
0.008808
0.008215
0.004191
0.011599
0.005649
0.002890
0.018101
0.008175
0.078643
0.005649
0.032884
0.003198
0.003135
0.002772
0.003754
0.002616
0.003489
0.004556
0.011505
0.002780
0.024815
0.066991
0.006298
0.002448
0.004420
0.033205
0.004827
0.003782
0.003041
0.010339
0.112338
0.025054
0.023847
0.005278
0.012700
0.011041
0.485814
0.009087
0.007741
0.003674
0.005301
0.002953
0.013958
0.006298
0.011788
0.005468
0.005986
0.003020
0.003782
0.017031
0.008736
0.011505
0.003674
0.002616
0.009373
0.024827
0.011340
0.016779
0.013686
0.008175
0.003082
0.025054
0.015991
0.075598
0.013686
0.046643
0.008736
0.020948
0.003252
0.011445
0.003782
0.006658
0.003246
0.003772
0.047936
0.003020
0.003050
0.003585
0.034735
0.019754
0.023165
0.008736
0.012560
0.020916
0.016818
0.030286
0.022024
0.013672
0.017302
0.014006
0.026220
0.018494
0.011856
0.020970
0.074782
0.015437
0.014824
0.011856
0.033350
0.025738
0.024569
0.021373
0.016421
0.010248
0.010248
0.023438
0.046635
0.014544
0.020916
0.022834
0.017720
0.011150
0.017720
0.010880
0.009087
0.025720
0.058745
0.080027
0.013114
0.024897
0.017419
0.002743
0.217369
0.003019
0.006577
0.005425
0.003339
0.005780
0.003316
0.003164
0.026526
0.015869
0.003571
0.005449
0.002995
0.033028
0.018470
0.016575
0.023735
0.002984
0.010167
0.003332
0.003183
0.003036
0.010100
0.004271
0.006305
0.001960
0.007111
0.010734
0.002115
0.006776
0.004004
0.008248
0.004539
0.002796
0.005665
0.005939
0.027339
0.048453
0.030898
0.016636
0.004582
0.020150
0.024600
0.001776
0.029211
0.045917
0.028888
0.003571
0.014390
0.007952
0.010783
0.010305
0.011137
0.006329
0.018339
0.004388
0.088825
0.015901
0.003445
0.006278
0.010271
0.022014
0.004348
0.002115
0.009719
0.011032
0.021168
0.029648
0.008121
0.012821
0.004069
0.013604
0.011032
0.024420
0.015078
0.016319
0.004735
0.003417
0.007337
0.007951
0.012378
0.012790
0.014263
0.105656
0.030927
0.029239
0.010162
0.031679
0.014553
0.005117
0.009940
0.016254
0.024494
0.015698
0.041668
0.028661
0.031196
0.035865
0.021669
0.022318
0.011996
0.020929
