0.007557
0.006799
0.007626
0.011182
0.007065
0.004978
0.010270
0.008622
0.007485
0.004425
0.003377
0.003926
0.009950
0.004845
0.007124
0.000717
0.004160
0.002889
0.004462
0.003827
0.006201
0.005529
0.004266
0.005100
0.004920
0.004332
0.003288
0.003352
0.003396
0.003102
0.004018
0.001249
0.011585
0.012118
0.001939
0.001518
0.003293
0.001696
0.001338
0.003266
0.003784
0.001150
0.002224
0.003164
0.001518
0.002224
0.001430
0.001959
0.001722
0.000818
0.001203
0.004828
0.012063
0.001736
0.001759
0.001021
0.001036
0.002907
0.000650
0.001696
0.006131
0.014684
0.014539
0.012170
0.004813
0.003055
0.003529
0.004441
0.004183
0.017273
0.003062
0.007211
0.006994
0.004928
0.005009
0.004843
0.008425
0.004643
0.002899
0.002961
0.002736
0.002936
0.003799
0.002745
0.003203
0.003606
0.002888
0.003617
0.014751
0.009825
0.009300
0.031648
0.029053
0.007829
0.004304
0.002444
0.002717
0.003625
0.003555
0.004657
0.008469
0.004304
0.010834
0.008006
0.005232
0.003719
0.002819
0.003826
0.014477
0.006943
0.016124
0.011736
0.015159
0.003070
0.009434
0.006497
0.006031
0.007376
0.004283
0.004689
0.011382
0.010654
0.021899
0.005666
0.002893
0.003440
0.001897
0.002143
0.003237
0.007863
0.005760
0.003658
0.004907
0.016312
0.003211
0.001761
0.004741
0.001758
0.001447
0.001487
0.001644
0.002040
0.001370
0.005232
0.019555
0.001279
0.001093
0.001524
0.002151
0.001224
0.002646
0.001850
0.003687
0.002153
0.001406
0.000887
0.001753
0.002332
0.001235
0.002153
0.000959
0.000635
0.032035
0.011876
0.003937
0.005119
0.022927
0.013843
0.006122
0.013141
0.001971
0.001431
0.032667
0.001887
0.000994
0.001659
0.001344
0.011770
0.009673
0.003213
0.005560
0.009300
0.003283
0.004791
0.026879
0.003016
0.002035
0.004106
0.005127
0.007941
0.008389
0.010198
0.003399
0.002450
0.022537
0.010715
0.005720
0.006606
0.008324
0.012335
0.003738
0.005024
0.005006
0.017516
0.060808
0.008362
0.006727
0.007517
0.008606
0.008591
0.009686
0.012959
0.012124
0.010420
0.009005
0.021394
0.009059
0.012593
0.015029
0.022430
0.026545
0.011884
0.016400
0.010274
0.033024
0.004376
0.002157
0.005270
0.007214
0.002315
0.007595
0.006199
0.002776
0.005411
0.014170
0.005768
0.005964
0.002823
0.002958
0.011978
0.005227
0.003596
0.000609
0.001274
0.000838
0.009053
0.033284
0.000839
0.011737
0.011361
0.013530
0.003117
0.001970
0.000609
0.005923
0.000593
0.020145
0.016769
0.000640
0.014900
0.005519
0.001878
0.005287
0.006061
0.002869
0.000454
0.007401
0.001678
0.006498
0.001448
0.002823
0.012069
0.000125
0.004524
0.004028
0.001092
0.010326
0.021078
0.001274
0.005768
0.006026
0.006206
0.000609
0.002452
0.011425
0.000372
0.006930
0.003112
0.001125
0.002120
0.000465
0.012752
0.004684
0.008660
0.007009
0.000520
0.002734
0.004120
0.001309
0.007560
0.001131
0.000520
0.011026
0.001182
0.002352
0.011026
0.001396
0.019450
0.004670
0.002452
0.000954
0.007358
0.007301
0.002814
0.008702
0.006122
0.009053
0.013984
0.001182
0.011662
0.011078
0.007021
0.011813
0.003561
0.005620
0.002744
0.002170
0.001456
0.006134
0.009339
0.010167
0.002872
0.011556
0.014821
0.010215
0.024908
0.041839
0.011565
0.010992
0.011557
0.011684
0.016079
0.018975
0.027633
0.010046
0.007540
0.007703
0.007994
0.008147
0.007688
0.007469
0.009021
0.010602
0.023329
0.007558
0.008148
0.006453
0.015749
0.009224
0.006606
0.006859
0.014593
0.005804
0.004595
0.003836
0.003154
0.002025
0.007567
0.002183
0.000804
0.002818
0.001887
0.003224
0.009864
0.003163
0.010935
0.000813
0.000856
0.002638
0.017168
0.001365
0.007482
0.043989
0.015169
0.035993
0.004061
0.013842
0.003228
0.010082
0.004399
0.004657
0.003529
0.004883
0.002717
0.027182
0.014517
0.006027
0.012072
0.005175
0.003211
0.008717
0.008294
0.004554
0.003685
0.002938
0.006393
0.011556
0.023633
0.006672
0.012835
0.016377
0.001138
0.002815
0.023159
0.035100
0.006167
0.015597
0.008001
0.001513
0.037157
0.073148
0.062244
0.039786
0.040076
0.013950
0.029938
0.011074
0.037741
0.028852
0.023518
0.025541
0.025295
0.018247
0.007289
0.027901
0.029236
0.042234
0.011185
0.011185
0.019437
0.010800
0.024397
0.022836
0.019055
0.026882
0.016102
0.016365
0.023376
0.013362
0.007287
0.007736
0.008068
0.016741
0.007584
0.007113
0.007004
0.007838
0.007661
0.007993
0.011682
0.011165
0.010148
0.007584
0.008486
0.012335
0.007942
0.006407
0.005854
0.006694
0.007629
0.008441
0.007854
0.007375
0.010272
0.007907
0.007122
0.005666
0.006344
0.006865
0.007304
0.009325
0.013239
0.015906
0.011985
0.006269
0.016729
0.026385
0.011233
0.009137
0.020405
0.017154
0.016564
0.018463
0.023417
0.024051
0.020176
0.017790
0.019211
0.023421
0.019896
0.018425
0.018775
0.018909
0.018803
0.017653
0.019434
0.019869
0.020043
0.019869
0.019999
0.020489
0.046193
0.030013
0.027913
0.027557
0.020825
0.024295
0.033441
0.017784
0.022660
0.014944
0.035713
0.029864
0.026248
0.035326
0.055452
0.030764
0.022561
0.016840
0.007483
0.018125
0.007835
0.008981
0.015273
0.014979
0.011899
0.017269
0.020023
0.028923
0.035565
0.053150
0.061430
0.101541
0.071854
0.110075
0.066954
0.065157
0.035898
0.023545
0.022122
0.019984
0.018954
0.017203
0.044420
0.031339
0.040351
0.021716
0.015827
0.038400
0.010230
0.008994
0.009308
0.018186
0.008775
0.008831
0.016412
0.005755
0.007373
0.006061
0.009356
0.010261
0.008535
0.013452
0.008053
0.015922
0.005350
0.007659
0.014341
0.007731
0.003308
0.004565
0.003458
0.004040
0.004521
0.019033
0.003348
0.022288
0.003171
0.006223
0.019515
0.030772
0.020096
0.031391
0.037356
0.023710
0.015778
0.018269
0.019824
0.039763
0.038489
0.056073
0.027298
0.035593
0.034072
0.027430
0.031173
0.033133
0.028532
0.026681
0.024132
0.024952
0.025180
0.019008
0.020892
0.018461
0.021308
0.018240
0.018461
0.021096
0.015826
0.018261
0.012821
0.016603
0.017290
0.018811
0.021979
0.024015
0.045484
0.014464
0.018963
0.011165
0.012218
0.011936
0.016789
0.014504
0.013480
0.013460
0.014090
0.011618
0.015214
0.009662
0.009172
0.015832
0.009483
0.015945
0.012345
0.016236
0.015790
0.015945
0.016199
0.015205
0.014757
0.008635
0.006538
0.006174
0.006672
0.007179
0.010032
0.008428
0.006231
0.008703
0.018439
0.007260
0.016153
0.009575
0.008755
0.029347
0.026166
0.031982
0.033237
0.018123
0.018731
0.010515
0.010671
0.010227
0.022781
0.018103
0.016517
0.034241
0.010302
0.011224
0.010045
0.032653
0.028045
0.009237
0.009877
0.012393
0.016329
0.010801
0.018941
0.012103
0.014417
0.012419
0.010126
0.013522
0.016518
0.016719
0.018791
0.027581
0.011059
0.010872
0.020962
0.046470
0.027581
0.012213
0.024382
0.010783
0.016483
0.013303
0.045636
0.029417
0.044229
0.041208
0.012437
0.020799
0.014204
0.027519
0.034381
0.044901
0.040739
0.011835
0.012075
0.042716
0.042716
0.011607
0.018024
0.012042
0.025079
0.014329
0.027093
0.029908
0.017076
0.033051
0.017668
0.016781
0.015395
0.018663
0.016937
0.019253
0.017286
0.020053
0.017240
0.027140
0.021948
0.020522
0.026633
0.012464
0.017286
0.016320
0.012964
0.025490
0.015951
0.017576
0.031148
0.033506
0.008937
0.010716
0.008352
0.007520
0.024532
0.009172
0.009707
0.010950
0.009451
0.014806
0.008989
0.010538
0.008989
0.004894
0.011179
0.007291
0.007636
0.007832
0.011688
0.009296
0.006647
0.008590
0.007530
0.005659
0.005511
0.020829
0.006489
0.004957
0.005322
0.003004
0.002258
0.005471
0.003667
0.002967
0.003429
0.003430
0.001668
0.017334
0.003353
0.006563
0.002791
0.001961
0.002877
0.002220
0.001101
0.001613
0.001101
0.001087
0.011281
0.003127
0.002086
0.001732
0.001428
0.015521
0.056596
0.002323
0.015515
0.004469
0.001505
0.012016
0.005937
0.000915
0.005053
0.011539
0.001132
0.003037
0.003373
0.001118
0.000929
0.000816
0.004370
0.011162
0.004577
0.002168
0.001070
0.003091
0.001359
0.002413
0.001473
0.001356
0.002502
0.002415
0.001639
0.004783
0.008785
0.002518
0.003676
0.002222
0.004029
0.009152
0.005033
0.002758
0.002666
0.002589
0.006885
0.002245
0.002245
0.006841
0.003240
0.004608
0.003064
0.008150
0.003816
0.002484
0.038660
0.008953
0.035855
0.004960
0.022225
0.003221
0.003048
0.002900
0.004505
0.004041
0.003031
0.003221
0.002641
0.032337
0.006406
0.005369
0.004651
0.004528
0.004473
0.005274
0.006042
0.012270
0.010187
0.008270
0.005120
0.004976
0.004859
0.007922
0.006689
0.005725
0.006324
0.006641
0.008535
0.017386
0.005899
0.008535
0.010360
0.014703
0.017051
0.008187
0.026473
0.011233
0.009670
0.011899
0.014210
0.016675
0.011691
0.033611
0.016518
0.017775
0.018278
0.028632
0.012176
0.020217
0.028787
0.030229
0.014652
0.019661
0.019444
0.020481
0.004236
0.009873
0.022009
0.015034
0.030173
0.003559
0.005378
0.011153
0.003274
0.003520
0.017233
0.002368
0.020314
0.002514
0.002581
0.003548
0.003551
0.002364
0.001480
0.014049
0.005982
0.007427
0.005295
0.005361
0.004029
0.004633
0.004934
0.001892
0.004838
0.001892
0.007460
0.001179
0.002581
0.001290
0.003142
0.003967
0.047198
0.004934
0.005881
0.009670
0.001664
0.011689
0.005173
0.006405
0.008876
0.003653
0.005361
0.002600
0.001290
0.007854
0.003588
0.001848
0.002165
0.001114
0.004268
0.012820
0.001241
0.017233
0.001098
0.003531
0.003142
0.002817
0.003157
0.005982
0.004029
0.014049
0.003973
0.001114
0.002581
0.004968
0.005569
0.001723
0.005361
0.003581
0.002798
0.003424
0.003000
0.006403
0.001290
0.003727
0.005020
0.001777
0.003328
0.004731
0.001848
0.001265
0.001241
0.001179
0.003588
0.001142
0.001290
0.001480
0.003418
0.002666
0.004441
0.004498
0.013392
0.008212
0.016134
0.003820
0.003364
0.001440
0.010433
0.009105
0.005855
0.004056
0.008423
0.011499
0.007222
0.015205
0.007672
0.006925
0.009640
0.004056
0.007502
0.009726
0.009321
0.011505
0.007742
0.008199
0.005855
0.011505
0.003551
0.003932
0.002441
0.002835
0.004286
0.003973
0.005519
0.001670
0.001871
0.001205
0.005836
0.004545
0.004254
0.001709
0.001242
0.004799
0.001656
0.003534
0.000986
0.001900
0.001031
0.002811
0.007594
0.001251
0.002351
0.001205
0.008014
0.001544
0.004538
0.003310
0.001869
0.001142
0.002398
0.006279
0.007487
0.005608
0.003603
0.001620
0.001620
0.001205
0.001251
0.006745
0.003332
0.003194
0.004901
0.003862
0.008966
0.004955
0.004612
0.001113
0.002145
0.003022
0.004040
0.003862
0.003296
0.008730
0.008808
0.024709
0.020749
0.016041
0.006310
0.009738
0.004767
0.006691
0.006321
0.005326
0.003623
0.010739
0.004390
0.009938
0.005882
0.008417
0.005661
0.010136
0.009932
0.014931
0.005889
0.006710
0.012296
0.006203
0.003521
0.010821
0.010528
0.032719
0.018602
0.015542
0.026424
0.017308
0.026207
0.016400
0.008411
0.007059
0.004488
0.004864
0.004034
0.008895
0.002896
0.002743
0.004223
0.010246
0.014083
0.007274
0.007616
0.002012
0.001174
0.003389
0.003417
0.020170
0.008812
0.004295
0.019303
0.004767
0.033672
0.025617
0.009912
0.016131
0.006099
0.008951
0.010428
0.012290
0.013319
0.021382
0.024804
0.025231
0.020667
0.030105
0.018118
0.020074
0.030816
0.032367
0.029349
0.025300
0.027637
0.030372
0.023701
0.021884
0.026028
0.022674
0.029035
0.022588
0.024634
0.021489
0.027748
0.021913
0.020558
0.023002
0.020176
0.021280
0.020796
0.027523
0.022772
0.022442
0.023316
0.025440
0.022843
0.021472
0.022091
0.098094
0.068406
0.039977
0.043577
0.040040
0.036628
0.025898
0.046477
0.041957
0.042457
0.035249
0.038192
0.033477
0.042457
0.043457
0.033307
0.031354
0.030286
0.023359
0.014422
0.020182
0.021497
0.020679
0.020966
0.018690
0.072555
0.056412
0.013479
0.016896
0.011872
0.020576
0.021250
0.018271
0.013054
0.013038
0.010466
0.010397
0.010987
0.009998
0.020252
0.010419
0.016329
0.016896
0.019404
0.010271
0.011680
0.009999
0.010812
0.010760
0.009943
0.010121
0.010374
0.011763
0.016779
0.011192
0.013628
0.012104
0.011707
0.010486
0.010279
0.013744
0.010957
0.014872
0.018423
0.011148
0.013481
0.012410
0.028917
0.017275
0.013055
0.020427
0.015580
0.020875
0.019391
0.017379
0.032549
0.027646
0.033007
0.031228
0.034003
0.032789
0.035055
0.032258
0.032785
0.032785
0.030491
0.027911
0.047284
0.032418
0.034331
0.026763
0.022425
0.030720
0.040601
0.055210
0.065832
0.047791
0.027695
0.067236
0.047197
0.020822
0.039408
0.032210
0.043030
0.031138
0.018141
0.017751
0.043927
0.006269
0.007156
0.005746
0.002411
0.003850
0.007566
0.008081
0.002062
0.009182
0.004588
0.004681
0.006788
0.000627
0.025564
0.001738
0.045480
0.003169
0.008559
0.002331
0.017951
0.050633
0.004336
0.003944
0.004300
0.006598
0.007483
0.021429
0.005618
0.026840
0.012340
0.076197
0.015409
0.002968
0.005952
0.005354
0.008515
0.006194
0.004649
0.005900
0.007131
0.018595
0.014703
0.010301
0.012231
0.023777
0.007379
0.022854
0.012856
0.001356
0.009853
0.003780
0.016782
0.011501
0.003154
0.002623
0.001782
0.002147
0.002732
0.002652
0.002573
0.002226
0.029447
0.026737
0.168942
0.110351
0.043994
0.053285
0.009783
0.029801
0.047350
0.022679
0.047809
0.020754
0.026909
0.024118
0.045859
0.020971
0.011127
0.008256
0.009060
0.008582
0.012506
0.008928
0.010927
0.019793
0.023172
0.010263
0.008437
0.018875
0.015259
0.007581
0.007505
0.008367
0.009701
0.009274
0.014343
0.012961
0.001833
0.015392
0.001879
0.006223
0.005001
0.016593
0.015533
0.011307
0.016695
0.004593
0.003220
0.012649
0.003670
0.003465
0.014200
0.020513
0.005300
0.021852
0.004323
0.010002
0.020723
0.012754
0.022641
0.035422
0.006842
0.007894
0.010452
0.021984
0.031657
0.013023
0.010963
0.002703
0.002676
0.029990
0.007035
0.008968
0.008669
0.008918
0.007129
0.026941
0.037731
0.008950
0.007100
0.019257
0.035303
0.037867
0.034109
0.026590
0.015926
0.027103
0.007450
0.007546
0.033516
0.015617
0.028870
0.009933
0.018828
0.015994
0.004463
0.022002
0.006629
0.016552
0.016695
0.014878
0.003108
0.003395
0.006428
0.021842
0.025622
0.016830
0.005263
0.042210
0.001374
0.000520
0.003200
0.042135
0.003518
0.013893
0.027356
0.010860
0.036432
0.011729
0.007466
0.015469
0.005299
0.008395
0.002865
0.005883
0.010177
0.002679
0.009922
0.008543
0.011836
0.009263
0.008033
0.002293
0.007676
0.010785
0.011827
0.010927
0.010645
0.011359
0.013521
0.006512
0.005714
0.024556
0.013639
0.013536
0.006702
0.007322
0.008131
0.007527
0.005319
0.019762
0.016007
0.005869
0.026394
0.005902
0.011147
0.028893
0.005603
0.040790
0.028495
0.029599
0.004725
0.008615
0.064202
0.007626
0.013038
0.004184
0.016935
0.004107
0.004590
0.015238
0.004374
0.007037
0.008811
0.003952
0.003789
0.006351
0.014449
0.005574
0.002627
0.001686
0.004145
0.002869
0.002653
0.003157
0.003194
0.004347
0.003160
0.004325
0.003237
0.003141
0.003782
0.003208
0.003315
0.003774
0.003661
0.003648
0.004101
0.003721
0.002982
0.003674
0.003331
0.003746
0.004507
0.003223
0.003072
0.003036
0.003133
0.004635
0.004117
0.005500
0.013817
0.006280
0.003368
0.004607
0.003449
0.004220
0.005351
0.004474
0.004397
0.006310
0.003530
0.003729
0.003033
0.005558
0.001687
0.002012
0.002570
0.001196
0.002215
0.002971
0.004063
0.003920
0.017572
0.008131
0.004755
0.012684
0.006197
0.004883
0.006205
0.005616
0.006063
0.006494
0.004227
0.008799
0.004677
0.004636
0.004637
0.004600
0.003582
0.004254
0.003637
0.003857
0.010853
0.004500
0.005813
0.003523
0.003851
0.003643
0.007775
0.005356
0.004046
0.004037
0.011218
0.005854
0.006217
0.007126
0.008669
0.006079
0.006847
0.004205
0.006806
0.004564
0.004392
0.004220
0.005854
0.004889
0.005008
0.007311
0.006079
0.012737
0.009395
0.009125
0.008950
0.008153
0.009355
0.008906
0.007887
0.008298
0.011393
0.010491
0.003681
0.002544
0.002253
0.002633
0.001866
0.005711
0.006132
0.004068
0.004295
0.008367
0.010084
0.022331
0.001982
0.001404
0.001999
0.001202
0.002236
0.000901
0.001748
0.001191
0.001816
0.002147
0.000765
0.001108
0.001243
0.003039
0.000678
0.004571
0.003020
0.002526
0.004387
0.007770
0.008449
0.009592
0.009133
0.008850
0.008850
0.007563
0.007563
0.007563
0.013215
0.005697
0.004820
0.003934
0.008603
0.009101
0.006080
0.004630
0.002629
0.003629
0.003686
0.004130
0.003274
0.006045
0.001365
0.001866
0.002402
0.001443
0.007998
0.007661
0.005099
0.006444
0.007252
0.004665
0.005903
0.005879
0.005767
0.004640
0.005517
0.005976
0.006157
0.006867
0.005903
0.005750
0.007641
0.006241
0.007267
0.007286
0.006576
0.006537
0.007409
0.006710
0.004831
0.005524
0.004654
0.004114
0.003146
0.003688
0.004681
0.005234
0.006388
0.004064
0.004891
0.002687
0.002038
0.009217
0.004061
0.014955
0.004225
0.006821
0.002269
0.001212
0.005798
0.004855
0.011087
0.007152
0.003107
0.005306
0.001607
0.001063
0.009370
0.003523
0.001607
0.001576
0.002156
0.002125
0.002761
0.000930
0.004313
0.010600
0.001748
0.010644
0.005347
0.002968
0.002655
0.002011
0.004873
0.001596
0.001531
0.002062
0.004193
0.003883
0.003902
0.002204
0.006665
0.004133
0.002279
0.002115
0.002175
0.002586
0.002022
0.001792
0.001949
0.003628
0.001923
0.002674
0.003144
0.003657
0.004879
0.004885
0.004810
0.002996
0.002587
0.002264
0.002849
0.005938
0.009360
0.013815
0.002685
0.005706
0.004603
0.002352
0.002369
0.007477
0.002220
0.002204
0.002859
0.002905
0.002614
0.009350
0.002434
0.004559
0.004264
0.002859
0.002361
0.006158
0.002993
0.003496
0.004557
0.004561
0.002466
0.001804
0.001438
0.001804
0.002350
0.003800
0.001659
0.005243
0.002622
0.005009
0.002191
0.002434
0.002801
0.002930
0.004984
0.001804
0.003909
0.002549
0.002801
0.002285
0.002434
0.002296
0.003705
0.003828
0.007651
0.011223
0.002592
0.002235
0.003075
0.004840
0.004255
0.004926
0.005764
0.002658
0.003815
0.002760
0.007757
0.012937
0.004411
0.002334
0.003367
0.003032
0.002013
0.002379
0.010495
0.002476
0.001358
0.004906
0.001372
0.001427
0.001897
0.001417
0.001704
0.002240
0.006900
0.023054
0.004637
0.025251
0.010715
0.002379
0.008065
0.005475
0.001861
0.002320
0.003522
0.007269
0.002113
0.002642
0.004120
0.005193
0.001674
0.004610
0.006934
0.006015
0.001314
0.002591
0.013935
0.001866
0.002031
0.001468
0.002090
0.001513
0.001979
0.003966
0.006457
0.003360
0.001458
0.001981
0.003424
0.004779
0.012363
0.007159
0.013945
0.004227
0.003807
0.002031
0.002383
0.003858
0.010644
0.004973
0.001133
0.001122
0.003040
0.002749
0.000960
0.007402
0.001552
0.001094
0.002244
0.003433
0.001991
0.002729
0.006615
0.005011
0.007283
0.007369
0.001707
0.003838
0.002755
0.006743
0.005090
0.009075
0.010393
0.010954
0.010954
0.004498
0.003778
0.002383
0.003867
0.005570
0.001876
0.003969
0.007742
0.008322
0.006513
0.004428
0.005996
0.005854
0.003612
0.009942
0.009094
0.005827
0.004038
0.005603
0.003867
0.003867
0.007283
0.006280
0.004587
0.001707
0.004833
0.005077
0.002158
0.003969
0.009176
0.003964
0.002241
0.004776
0.002338
0.008642
0.003137
0.009626
0.002445
0.013819
0.002081
0.012456
0.005827
0.007193
0.009561
0.005952
0.004923
0.004304
0.005774
0.017417
0.006972
0.004789
0.006270
0.006544
0.004628
0.005739
0.004904
0.003663
0.005615
0.005167
0.009680
0.004834
0.004482
0.008242
0.004908
0.004725
0.004791
0.004870
0.006835
0.004834
0.010849
0.006510
0.005679
0.005322
0.004304
0.005812
0.004436
0.005502
0.004961
0.010662
0.010184
0.007762
0.004427
0.007137
0.003754
0.007264
0.005498
0.006807
0.011044
0.004763
0.002971
0.004208
0.002971
0.021604
0.009757
0.007997
0.002971
0.003372
0.008239
0.004283
0.004794
0.003810
0.019822
0.004347
0.004685
0.002644
0.001548
0.004161
0.001541
0.004347
0.003826
0.006417
0.014245
0.013900
0.012772
0.009520
0.010115
0.015424
0.003018
0.004185
0.011605
0.006176
0.004741
0.014431
0.008924
0.001287
0.004948
0.004021
0.007674
0.005848
0.004926
0.002954
0.001323
0.001506
0.003082
0.001259
0.004992
0.003348
0.004923
0.003348
0.000719
0.004128
0.001436
0.001870
0.002055
0.001965
0.002055
0.002449
0.004573
0.004469
0.000871
0.005319
0.000902
0.002031
0.001291
0.018896
0.002530
0.007939
0.002623
0.005815
0.002331
0.001656
0.000720
0.000650
0.000657
0.003569
0.009210
0.009921
0.003705
0.012691
0.013024
0.001283
0.001343
0.013518
0.002444
0.002114
0.005544
0.007935
0.012712
0.000848
0.002114
0.010315
0.002236
0.002724
0.003490
0.002130
0.003169
0.001323
0.003668
0.006878
0.001156
0.001283
0.002283
0.002506
0.001283
0.005323
0.007939
0.002530
0.002954
0.009056
0.013487
0.005560
0.003406
0.002754
0.002137
0.001078
0.002185
0.003668
0.005859
0.010625
0.012467
0.003917
0.004090
0.003901
0.003560
0.005369
0.010766
0.015461
0.010059
0.006840
0.003868
0.004547
0.011069
0.005605
0.042644
0.003868
0.010978
0.016538
0.009734
0.004391
0.003777
0.003697
0.004011
0.003434
0.001588
0.002055
0.009013
0.004717
0.006105
0.008416
0.011571
0.004110
0.009581
0.007292
0.006533
0.002809
0.006533
0.007418
0.008685
0.007553
0.016356
0.005454
0.007690
0.006045
0.007037
0.021224
0.004287
0.004305
0.004090
0.007339
0.008071
0.005301
0.003697
0.007859
0.008539
0.009809
0.007077
0.006093
0.007134
0.007211
0.004064
0.007829
0.012082
0.010639
0.010431
0.010235
0.039735
0.015362
0.021311
0.015110
0.007284
0.009298
0.009027
0.004439
0.004488
0.012104
0.012023
0.009427
0.013052
0.005357
0.006028
0.006484
0.007696
0.006032
0.009036
0.004163
0.002927
0.003985
0.002625
0.006338
0.004082
0.005107
0.004539
0.009203
0.016338
0.004480
0.004795
0.009310
0.010678
0.004586
0.008325
0.007643
0.002245
0.002210
0.007337
0.023979
0.012157
0.018034
0.010466
0.038291
0.029035
0.013205
0.015065
0.005620
0.015404
0.005127
0.001372
0.001582
0.003603
0.002938
0.012386
0.004277
0.005285
0.002860
0.010537
0.004277
0.004228
0.004677
0.004174
0.006482
0.015875
0.008795
0.004566
0.001851
0.008211
0.003602
0.002906
0.021881
0.017330
0.004561
0.003273
0.001812
0.007402
0.005177
0.002034
0.001776
0.004354
0.003735
0.004434
0.001026
0.003179
0.016905
0.002197
0.002657
0.002034
0.005283
0.002116
0.002604
0.008733
0.003735
0.005654
0.001819
0.005423
0.002087
0.001219
0.000950
0.003304
0.002936
0.008258
0.003935
0.014727
0.033129
0.030505
0.062087
0.027108
0.002640
0.006488
0.006625
0.002058
0.001507
0.000886
0.004234
0.002691
0.002267
0.001188
0.003296
0.001362
0.002295
0.005466
0.002937
0.006813
0.001432
0.005100
0.004474
0.003943
0.004076
0.004054
0.011372
0.004633
0.004971
0.002608
0.003094
0.019409
0.002087
0.003094
0.010319
0.004508
0.003067
0.003524
0.005381
0.006628
0.004289
0.001489
0.002912
0.005726
0.003642
0.004977
0.004908
0.014363
0.012672
0.017787
0.007716
0.007529
0.004476
0.008275
0.004261
0.007040
0.008344
0.008068
0.007795
0.006797
0.009170
0.007582
0.005773
0.007199
0.010238
0.006131
0.007361
0.009647
0.008065
0.008406
0.006031
0.009215
0.003406
0.013308
0.016323
0.011750
0.006273
0.004107
0.002267
0.002072
0.004742
0.008897
0.005239
0.010132
0.004935
0.002934
0.013008
0.003678
0.007212
0.003625
0.004213
0.006845
0.002281
0.002220
0.002031
0.002524
0.011427
0.002087
0.002196
0.004152
0.005010
0.004135
0.002461
0.003430
0.004489
0.010331
0.004935
0.002402
0.003658
0.005174
0.010010
0.013279
0.008634
0.003670
0.003670
0.006251
0.002615
0.002365
0.002439
0.001739
0.002603
0.002205
0.002381
0.003166
0.002497
0.002622
0.003291
0.005679
0.003402
0.007089
0.003073
0.002668
0.004503
0.002254
0.002063
0.006735
0.002945
0.004546
0.002555
0.002517
0.002844
0.001640
0.001779
0.006667
0.004299
0.004181
0.006755
0.003857
0.003251
0.003045
0.007185
0.002113
0.007966
0.009142
0.002010
0.004486
0.001938
0.004307
0.002490
0.002553
0.002570
0.004494
0.005465
0.007337
0.003370
0.003191
0.003241
0.002056
0.009928
0.046944
0.037912
0.002281
0.002185
0.004345
0.002040
0.003319
0.003578
0.002567
0.001628
0.002408
0.004657
0.002930
0.001937
0.006660
0.005119
0.005837
0.004307
0.002063
0.002712
0.007067
0.006603
0.006417
0.004494
0.002766
0.002028
0.004947
0.006256
0.004861
0.002942
0.005844
0.005402
0.005018
0.003482
0.005465
0.001732
0.004410
0.006139
0.004848
0.011079
0.006260
0.005827
0.004790
0.002264
0.003659
0.006831
0.018703
0.005885
0.007492
0.038788
0.005650
0.005067
0.006624
0.006448
0.006624
0.025412
0.044202
0.007606
0.007662
0.007432
0.003027
0.002548
0.004869
0.004867
0.009453
0.005669
0.005533
0.005503
0.004985
0.006121
0.007874
0.002918
0.006269
0.004108
0.006852
0.005179
0.006037
0.006427
0.006424
0.004781
0.002659
0.003969
0.003063
0.002810
0.002474
0.002914
0.003636
0.006133
0.004133
0.003484
0.002643
0.003641
0.002928
0.004790
0.004514
0.004856
0.003585
0.002897
0.003187
0.004247
0.003061
0.004802
0.003127
0.005938
0.003880
0.003602
0.002759
0.003796
0.002803
0.003880
0.003197
0.002730
0.003209
0.002376
0.003493
0.002556
0.003062
0.003621
0.005754
0.007720
0.007552
0.003343
0.002753
0.002490
0.002222
0.004202
0.003581
0.003387
0.005147
0.003484
0.003203
0.003572
0.015698
0.002472
0.004366
0.002203
0.003472
0.004378
0.003419
0.004740
0.009412
0.007552
0.004558
0.005539
0.006428
0.003201
0.003520
0.002490
0.003834
0.004007
0.003584
0.003792
0.009419
0.009877
0.007483
0.008076
0.011627
0.002118
0.010551
0.011317
0.009308
0.009655
0.003414
0.002130
0.002533
0.009322
0.006591
0.002778
0.007902
0.009675
0.005869
0.002412
0.007631
0.009154
0.011621
0.006070
0.003502
0.002506
0.001747
0.004606
0.005507
0.003459
0.006957
0.003727
0.004225
0.006363
0.005500
0.004073
0.007608
0.005967
0.008751
0.007938
0.005806
0.001911
0.002255
0.012650
0.002087
0.005073
0.008076
0.005500
0.005755
0.004318
0.004733
0.002868
0.001675
0.013848
0.009162
0.010998
0.006174
0.007568
0.007114
0.007234
0.009543
0.008793
0.007996
0.006386
0.007752
0.010790
0.008173
0.006779
0.006272
0.005578
0.006112
0.004451
0.011174
0.008236
0.010108
0.023278
0.008568
0.009204
0.009709
0.006186
0.007160
0.007617
0.006741
0.006036
0.008631
0.004565
0.006808
0.007361
0.005091
0.003890
0.007830
0.004306
0.005634
0.009794
0.004404
0.005822
0.003683
0.002872
0.003523
0.002269
0.004536
0.005722
0.003234
0.004444
0.004207
0.003714
0.003834
0.002706
0.003866
0.006307
0.005553
0.005184
0.002877
0.004444
0.006685
0.002652
0.001861
0.001973
0.002198
0.002576
0.005646
0.004428
0.002205
0.003460
0.002839
0.004708
0.007777
0.003631
0.003424
0.005343
0.001775
0.003586
0.002283
0.001946
0.003031
0.003401
0.008054
0.002949
0.005702
0.004616
0.003631
0.004984
0.001960
0.002345
0.002877
0.004453
0.002489
0.007976
0.004847
0.013679
0.041227
0.038569
0.016337
0.007093
0.004667
0.003411
0.005113
0.007586
0.003506
0.007586
0.010460
0.006460
0.007227
0.006031
0.003365
0.005692
0.006030
0.005331
0.022113
0.045873
0.026234
0.020006
0.008037
0.004446
0.001549
0.001746
0.003521
0.004322
0.002102
0.016805
0.002173
0.003259
0.008447
0.007766
0.009306
0.014655
0.022113
0.020596
0.004652
0.003413
0.005389
0.006069
0.004276
0.005113
0.009136
0.009015
0.004226
0.003840
0.005406
0.005926
0.019663
0.006000
0.014544
0.004356
0.007039
0.002045
0.008848
0.005755
0.005881
0.006462
0.005894
0.003897
0.002648
0.006071
0.006071
0.005727
0.001871
0.001788
0.002506
0.002608
0.006264
0.003141
0.003255
0.007058
0.006169
0.005094
0.003191
0.006492
0.005300
0.004845
0.003336
0.002992
0.003427
0.008262
0.003665
0.001632
0.002153
0.002846
0.004298
0.013110
0.002646
0.004775
0.002974
0.003932
0.003374
0.002921
0.002370
0.002862
0.009246
0.010459
0.009732
0.009152
0.005797
0.006496
0.004667
0.002087
0.002804
0.005248
0.007312
0.005585
0.005216
0.003706
0.003236
0.002176
0.002140
0.002354
0.002226
0.003052
0.004215
0.004179
0.005497
0.004774
0.004775
0.002954
0.005147
0.004456
0.004346
0.003259
0.003802
0.004756
0.005144
0.005177
0.007670
0.003831
0.003517
0.002672
0.003291
0.003710
0.003294
0.004313
0.004298
0.003710
0.004286
0.003664
0.005950
0.003880
0.006278
0.002952
0.002601
0.003494
0.002543
0.002410
0.002897
0.003354
0.003253
0.004966
0.006149
0.005930
0.003517
0.007131
0.004187
0.002659
0.002490
0.004005
0.005397
0.002629
0.003208
0.002070
0.004940
0.007968
0.006960
0.006004
0.006960
0.004445
0.004084
0.002851
0.003104
0.003080
0.002244
0.003324
0.003541
0.002362
0.002429
0.003420
0.002543
0.003139
0.002862
0.003635
0.003988
0.006514
0.012825
0.002646
0.002868
0.003446
0.004558
0.002808
0.003247
0.006104
0.005430
0.002891
0.003316
0.003677
0.002693
0.002825
0.002474
0.002979
0.004336
0.007098
0.002507
0.005959
0.007038
0.003103
0.003656
0.003415
0.003555
0.002093
0.002386
0.002723
0.005826
0.006516
0.005530
0.003006
0.004915
0.004484
0.003176
0.003115
0.006486
0.002975
0.003732
0.003990
0.005767
0.005651
0.003718
0.005291
0.003075
0.004928
0.008037
0.003150
0.011345
0.002933
0.005641
0.005685
0.005786
0.003503
0.004241
0.005410
0.004243
0.004342
0.005517
0.003514
0.006479
0.002630
0.005671
0.006995
0.006478
0.009453
0.006788
0.006439
0.008215
0.007847
0.003220
0.003151
0.002839
0.002501
0.006894
0.002529
0.002601
0.003266
0.002378
0.003834
0.002042
0.002606
0.003081
0.005965
0.003662
0.003822
0.005724
0.004868
0.006498
0.009299
0.004837
0.004900
0.002922
0.008504
0.009676
0.002966
0.006975
0.005727
0.004841
0.003045
0.005638
0.006428
0.002591
0.002682
0.003062
0.004606
0.004555
0.004294
0.002774
0.016372
0.008532
0.003737
0.008937
0.010088
0.003487
0.003120
0.002868
0.004858
0.007176
0.009413
0.008974
0.009154
0.005749
0.003292
0.006370
0.007053
0.008750
0.005386
0.006341
0.003050
0.003185
0.005281
0.003139
0.002556
0.008384
0.009572
0.003785
0.004803
0.002922
0.002523
0.003232
0.003798
0.014071
0.007387
0.007185
0.002782
0.003954
0.004765
0.002865
0.003385
0.005150
0.002491
0.002914
0.004903
0.002316
0.003969
0.003008
0.003396
0.004340
0.006207
0.004702
0.007279
0.002254
0.006955
0.007354
0.003557
0.005877
0.003973
0.003054
0.003938
0.002250
0.008334
0.005830
0.007963
0.009518
0.015685
0.009609
0.010567
0.009495
0.003137
0.010885
0.002922
0.006554
0.002711
0.008487
0.008275
0.008958
0.009011
0.006956
0.005771
0.003254
0.002747
0.003237
0.003163
0.007222
0.005754
0.003430
0.003159
0.003792
0.006261
0.005276
0.004506
0.004009
0.002914
0.002664
0.002303
0.002685
0.003347
0.004388
0.004634
0.006747
0.002238
0.003161
0.002689
0.004705
0.003217
0.005090
0.006131
0.007397
0.002795
0.003146
0.004065
0.003520
0.002519
0.002781
0.004679
0.005011
0.005688
0.003686
0.005641
0.005537
0.002793
0.003759
0.002410
0.003541
0.003294
0.008137
0.005877
0.004932
0.004774
0.003653
0.005615
0.003541
0.002903
0.003107
0.007456
0.004959
0.007065
0.002096
0.002600
0.003377
0.003427
0.003543
0.004832
0.005641
0.003212
0.003359
0.002374
0.007442
0.002559
0.006141
0.002883
0.003531
0.002722
0.006025
0.002507
0.007625
0.002974
0.006186
0.007887
0.006586
0.010323
0.013991
0.005514
0.006206
0.006027
0.004898
0.003350
0.003526
0.004317
0.003524
0.004828
0.006697
0.004161
0.007071
0.003625
0.003430
0.007411
0.006309
0.005845
0.003724
0.005578
0.005132
0.005417
0.004573
0.004894
0.002673
0.003247
0.002960
0.002930
0.003988
0.002921
0.002429
0.003562
0.005833
0.003571
0.006118
0.003352
0.002975
0.002739
0.003116
0.004829
0.007425
0.006124
0.005422
0.003879
0.003757
0.003755
0.007646
0.007432
0.005743
0.002914
0.005388
0.005020
0.002590
0.002869
0.003330
0.002422
0.003036
0.003146
0.004688
0.005069
0.005068
0.005146
0.002153
0.006565
0.007948
0.005375
0.007489
0.008324
0.002386
0.005861
0.004118
0.002720
0.003456
0.005361
0.016490
0.009424
0.009298
0.008384
0.009494
0.004357
0.006380
0.007932
0.003545
0.002548
0.003765
0.002930
0.002499
0.002528
0.003541
0.003143
0.002606
0.003802
0.002871
0.002803
0.003210
0.002804
0.007946
0.008730
0.017436
0.008383
0.018546
0.008353
0.017178
0.011689
0.006659
0.005379
0.005514
0.006251
0.006989
0.006698
0.006275
0.003454
0.004060
0.003878
0.005852
0.005837
0.003724
0.013577
0.014314
0.005056
0.010146
0.009976
0.009189
0.009529
0.007853
0.007796
0.006039
0.007205
0.010137
0.010177
0.009438
0.001640
0.003412
0.006516
0.008515
0.000890
0.013175
0.014121
0.008116
0.003023
0.003601
0.002591
0.004030
0.003557
0.005043
0.002396
0.003592
0.003018
0.002664
0.002653
0.008743
0.007037
0.004403
0.006188
0.003554
0.008923
0.014559
0.010318
0.012068
0.006076
0.007553
0.008178
0.004739
0.004201
0.007565
0.005235
0.002956
0.007982
0.001836
0.002093
0.004709
0.007035
0.001269
0.001689
0.004920
0.004554
0.003466
0.002227
0.007074
0.004497
0.003403
0.006723
0.004997
0.004988
0.005478
0.003394
0.003818
0.002318
0.007381
0.005929
0.005673
0.003757
0.002556
0.006149
0.005651
0.004074
0.006642
0.007862
0.006063
0.008591
0.007376
0.016139
0.005287
0.010745
0.003447
0.005150
0.004996
0.005911
0.005068
0.004241
0.007625
0.003026
0.007895
0.005749
0.006087
0.006338
0.005594
0.007955
0.012142
0.012324
0.017191
0.015877
0.025063
0.006438
0.016553
0.013263
0.004641
0.002996
0.006421
0.008528
0.008333
0.005949
0.002659
0.002518
0.002795
0.004857
0.002483
0.005614
0.002824
0.006331
0.002771
0.006299
0.006762
0.007094
0.012155
0.005499
0.011299
0.013791
0.005609
0.004892
0.007854
0.003847
0.006508
0.009276
0.008164
0.011809
0.004780
0.004873
0.019867
0.004723
0.002610
0.003231
0.008140
0.005927
0.003360
0.007046
0.006667
0.006565
0.006421
0.009048
0.009109
0.009158
0.006749
0.005897
0.005792
0.003414
0.001649
0.002883
0.002862
0.005545
0.005919
0.005749
0.006090
0.007046
0.008583
0.010709
0.008338
0.008147
0.006264
0.008779
0.004657
0.007040
0.007136
0.024015
0.019701
0.015175
0.008232
0.022972
0.009875
0.010711
0.007037
0.005111
0.005994
0.007621
0.013598
0.009346
0.010599
0.006768
0.006186
0.006084
0.006922
0.011208
0.005638
0.006879
0.010846
0.005289
0.006532
0.008326
0.009596
0.016152
0.014342
0.007238
0.005962
0.005060
0.005885
0.003448
0.002501
0.016775
0.008550
0.004889
0.002753
0.005808
0.002191
0.002865
0.003434
0.002303
0.012974
0.006076
0.004980
0.003300
0.003067
0.005975
0.011413
0.003420
0.004312
0.003765
0.006301
0.002770
0.005354
0.002153
0.006878
0.005525
0.010001
0.010916
0.004936
0.002324
0.005501
0.009001
0.009479
0.008236
0.008378
0.009015
0.009015
0.005475
0.002707
0.007850
0.003094
0.001591
0.007440
0.017422
0.007105
0.008067
0.042564
0.042608
0.066071
0.056587
0.078229
0.027713
0.033953
0.063456
0.007786
0.005046
0.011370
0.007299
0.009485
0.011775
0.008008
0.004667
0.005647
0.005727
0.003141
0.011370
0.014668
0.011298
0.007575
0.007522
0.004292
0.004044
0.003459
0.002470
0.007366
0.002132
0.004503
0.005163
0.003394
0.004030
0.008089
0.005539
0.029337
0.024092
0.004911
0.002740
0.009370
0.005612
0.002724
0.004849
0.005727
0.007654
0.005352
0.012084
0.011682
0.005149
0.006490
0.004940
0.004968
0.005857
0.006232
0.003904
0.003844
0.003838
0.003833
0.004800
0.003944
0.004193
0.004256
0.004501
0.004519
0.004754
0.007111
0.006588
0.006438
0.005989
0.004444
0.005140
0.004201
0.004095
0.005004
0.004557
0.004630
0.005675
0.005805
0.005285
0.008258
0.004802
0.004665
0.007824
0.005836
0.004110
0.004483
0.003984
0.003028
0.003490
0.005104
0.003916
0.002034
0.001722
0.001452
0.004291
0.003195
0.003155
0.005824
0.003816
0.003922
0.003354
0.003801
0.003733
0.005777
0.002500
0.008295
0.010034
0.009021
0.003617
0.006910
0.004269
0.004471
0.002230
0.001730
0.002264
0.006381
0.002059
0.002713
0.008556
0.039309
0.003812
0.025851
0.003869
0.013333
0.010567
0.012683
0.007423
0.003809
0.003279
0.004527
0.004207
0.001485
0.009298
0.008915
0.007691
0.007642
0.002441
0.002132
0.006821
0.004756
0.009605
0.003210
0.002703
0.001851
0.002311
0.010529
0.009199
0.008422
0.011446
0.004672
0.005166
0.005625
0.006843
0.005739
0.004571
0.005770
0.003417
0.005046
0.006704
0.006312
0.006996
0.006086
0.006879
0.003809
0.003074
0.002730
0.002974
0.005059
0.009837
0.005015
0.006056
0.002229
0.002310
0.004040
0.002717
0.001530
0.002879
0.002490
0.002690
0.002875
0.004549
0.004497
0.006948
0.005495
0.001413
0.002121
0.003373
0.002949
0.004052
0.005260
0.003466
0.004791
0.002294
0.007230
0.004517
0.006499
0.003913
0.005435
0.001469
0.001969
0.002937
0.004316
0.003384
0.005250
0.005661
0.014813
0.023144
0.022960
0.004032
0.005591
0.007287
0.002352
0.002286
0.000132
0.005444
0.005715
0.005989
0.003346
0.005989
0.008185
0.007032
0.005291
0.002832
0.002927
0.000266
0.007565
0.012585
0.004690
0.003210
0.000060
0.003313
0.004086
0.003247
0.016640
0.009293
0.006150
0.088146
0.003765
0.013180
0.003321
0.004258
0.010257
0.006571
0.006472
0.006343
0.007031
0.005946
0.003332
0.006681
0.008876
0.004408
0.004063
0.003216
0.003238
0.005416
0.021954
0.000419
0.004572
0.002786
0.003338
0.000011
0.008150
0.057874
0.088146
0.015700
0.010238
0.007774
0.004650
0.003255
0.006176
0.002927
0.013059
0.006180
0.002860
0.003465
0.003018
0.004300
0.004887
0.009150
0.006583
0.002892
0.029576
0.000155
0.010257
0.007656
0.007555
0.005680
0.012556
0.007622
0.005615
0.003299
0.002964
0.001462
0.001359
0.000443
0.002626
0.000290
0.000394
0.001713
0.001937
0.002086
0.001487
0.001806
0.003184
0.004814
0.013697
0.010025
0.004721
0.003343
0.003814
0.019984
0.011999
0.012557
0.038439
0.017445
0.014577
0.005043
0.004592
0.017209
0.017299
0.007374
0.047373
0.010173
0.004622
0.004658
0.004658
0.007160
0.008803
0.031473
0.041981
0.009886
0.019881
0.007260
0.011095
0.004843
0.018104
0.009926
0.014299
0.008780
0.009129
0.021523
0.012639
0.009629
0.004311
0.005116
0.004202
0.004924
0.006890
0.013179
0.005831
0.005755
0.047028
0.047503
0.015057
0.010283
0.009885
0.028404
0.006374
0.003538
0.003139
0.043022
0.007278
0.011926
0.006089
0.006347
0.006306
0.004050
0.002920
0.001806
0.005113
0.006416
0.006843
0.009103
0.005869
0.006143
0.005429
0.006474
0.015505
0.030951
0.007233
0.007587
0.023880
0.026396
0.018877
0.051601
0.010978
0.013453
0.012978
0.029032
0.021253
0.003352
0.003163
0.006891
0.008166
0.004129
0.088663
0.025601
0.076394
0.039117
0.025520
0.032957
0.006743
0.005054
0.003458
0.004649
0.005818
0.006742
0.004652
0.007762
0.004103
0.004608
0.002890
0.005495
0.005699
0.006737
0.018410
0.019721
0.025458
0.023021
0.026885
0.044914
0.044646
0.030005
0.019302
0.016612
0.019113
0.020582
0.011984
0.010612
0.014414
0.011040
0.007166
0.010352
0.009821
0.005153
0.006279
0.005084
0.001967
0.007963
0.008122
0.005994
0.005443
0.008851
0.001690
0.003990
0.003292
0.009165
0.002035
0.007075
0.005191
0.004943
0.010575
0.006747
0.003792
0.003821
0.003767
0.008851
0.003748
0.006957
0.005469
0.006851
0.014231
0.003715
0.003505
0.007437
0.015478
0.007524
0.004453
0.004848
0.012656
0.006456
0.003917
0.004113
0.004179
0.004480
0.004221
0.004873
0.005234
0.009495
0.006983
0.015830
0.032229
0.016317
0.011467
0.025637
0.006437
0.008174
0.013443
0.016831
0.013339
0.031616
0.027362
0.009815
0.009920
0.010069
0.003982
0.003941
0.004519
0.004317
0.005007
0.023106
0.026756
0.036761
0.019341
0.003321
0.004158
0.010101
0.025372
0.010843
0.002888
0.002773
0.002425
0.039753
0.009755
0.009053
0.002034
0.002229
0.001858
0.002881
0.001741
0.003156
0.003292
0.001821
0.004977
0.008301
0.006248
0.002901
0.004766
0.002338
0.001967
0.001765
0.003721
0.001978
0.004516
0.004354
0.001610
0.004911
0.004107
0.007886
0.012099
0.004717
0.004844
0.005847
0.005018
0.003976
0.003334
0.003735
0.003957
0.005387
0.004761
0.005979
0.005273
0.007066
0.007069
0.004424
0.003872
0.004001
0.005577
0.005402
0.005005
0.005545
0.004718
0.005245
0.004602
0.005181
0.007990
0.017689
0.023106
0.013159
0.029319
0.036769
0.016369
0.021892
0.017546
0.022151
0.026675
0.023760
0.025293
0.022892
0.024104
0.015814
0.009166
0.016426
0.014603
0.004240
0.003646
0.006215
0.005708
0.008192
0.009370
0.005330
0.009687
0.011834
0.012481
0.010170
0.016444
0.023192
0.039157
0.029369
0.023660
0.019824
0.020789
0.019362
0.036513
0.023875
0.024431
0.007297
0.002425
0.003052
0.001946
0.003384
0.003578
0.007617
0.010503
0.008266
0.009916
0.011036
0.006472
0.005047
0.003210
0.003634
0.006445
0.002528
0.002629
0.003132
0.002850
0.002653
0.003360
0.002855
0.002530
0.006236
0.006584
0.004070
0.002708
0.005825
0.008216
0.008808
0.008999
0.008234
0.002610
0.002386
0.002404
0.006605
0.002640
0.008332
0.007981
0.008216
0.007641
0.007493
0.004474
0.006071
0.003364
0.005047
0.005681
0.001738
0.007682
0.009761
0.033865
0.020286
0.013504
0.005769
0.007046
0.030653
0.008310
0.006923
0.008010
0.006425
0.005963
0.008260
0.008299
0.005936
0.005989
0.006112
0.006122
0.005147
0.002859
0.005046
0.005046
0.009629
0.012273
0.016981
0.009989
0.014060
0.009189
0.008611
0.008691
0.005935
0.002653
0.002551
0.002681
0.006371
0.003983
0.004755
0.002530
0.003652
0.008448
0.007000
0.007317
0.006236
0.006556
0.002152
0.003927
0.003132
0.008454
0.011139
0.014490
0.006083
0.007830
0.009196
0.010275
0.003999
0.002487
0.007492
0.004429
0.005900
0.008363
0.008262
0.002474
0.008243
0.006462
0.006427
0.007955
0.007533
0.004290
0.011295
0.014962
0.011072
0.010347
0.011493
0.005774
0.004659
0.005303
0.003180
0.002335
0.003250
0.002704
0.004348
0.003858
0.002633
0.003462
0.003525
0.003341
0.003317
0.002782
0.002670
0.002547
0.002361
0.002530
0.002794
0.005696
0.007732
0.007157
0.010165
0.008772
0.009173
0.013446
0.011139
0.007965
0.010002
0.002987
0.004818
0.011095
0.011189
0.010288
0.011158
0.011149
0.008320
0.004050
0.006714
0.004665
0.004919
0.003997
0.004416
0.002580
0.003524
0.004680
0.005294
0.014239
0.007708
0.002617
0.002077
0.014351
0.002477
0.007887
0.007968
0.011529
0.003443
0.003267
0.002366
0.005965
0.006553
0.003063
0.006147
0.008886
0.007724
0.009799
0.009700
0.004982
0.012215
0.004970
0.004714
0.006557
0.003350
0.002519
0.005870
0.005171
0.003171
0.002499
0.004463
0.004573
0.005713
0.002524
0.003178
0.002548
0.005549
0.006907
0.004259
0.004153
0.004743
0.004007
0.002816
0.005504
0.006812
0.003888
0.005730
0.006006
0.004906
0.006174
0.006638
0.006638
0.005712
0.002576
0.002930
0.003035
0.002438
0.004828
0.003938
0.003193
0.009969
0.010549
0.009648
0.008326
0.002455
0.008308
0.004435
0.014380
0.016862
0.008907
0.007367
0.017619
0.007088
0.006727
0.020959
0.017998
0.019271
0.016699
0.009248
0.009848
0.010946
0.012473
0.014130
0.012069
0.008974
0.010481
0.012607
0.008622
0.008314
0.002679
0.002524
0.002693
0.001943
0.003172
0.002996
0.001957
0.002404
0.004167
0.004178
0.007432
0.012607
0.008610
0.016444
0.012422
0.010132
0.015262
0.013144
0.007733
0.013858
0.011875
0.013103
0.005648
0.008459
0.004951
0.004928
0.003664
0.007154
0.005476
0.005749
0.001370
0.012342
0.007320
0.003272
0.007378
0.003912
0.004230
0.003718
0.003056
0.004336
0.006417
0.003864
0.003286
0.003375
0.006540
0.005072
0.002718
0.003259
0.001699
0.003603
0.003714
0.003027
0.002810
0.002643
0.004516
0.005417
0.001178
0.003055
0.008070
0.001013
0.002732
0.007431
0.001743
0.001349
0.003695
0.002533
0.001457
0.002009
0.001523
0.016021
0.008070
0.002024
0.001933
0.000867
0.001803
0.003350
0.004104
0.004909
0.004549
0.005460
0.005824
0.007593
0.008121
0.008212
0.008903
0.009547
0.011172
0.008560
0.011819
0.007656
0.007018
0.009006
0.012569
0.011900
0.012963
0.013992
0.012624
0.009232
0.002026
0.013401
0.007892
0.006031
0.001732
0.001847
0.003507
0.005255
0.006645
0.008463
0.006124
0.004235
0.009101
0.010958
0.010641
0.009443
0.007910
0.006572
0.006871
0.007452
0.006703
0.011288
0.008693
0.006238
0.007339
0.003861
0.006689
0.005512
0.003860
0.012160
0.008932
0.010718
0.008321
0.007654
0.008481
0.007240
0.007409
0.012180
0.004087
0.005217
0.014417
0.008703
0.001823
0.000848
0.004133
0.003251
0.002352
0.015092
0.006819
0.012010
0.016848
0.003251
0.002143
0.004304
0.006265
0.028193
0.012600
0.014224
0.040010
0.002123
0.010524
0.002090
0.001608
0.022709
0.002588
0.045079
0.001897
0.010495
0.005493
0.005751
0.009343
0.011300
0.012250
0.006294
0.008237
0.006265
0.003124
0.004521
0.000848
0.001126
0.009743
0.003685
0.007565
0.003824
0.006356
0.010524
0.001704
0.002597
0.012145
0.051647
0.046636
0.005764
0.008775
0.004411
0.003623
0.005600
0.006124
0.006010
0.002755
0.004746
0.003705
0.002306
0.001422
0.002241
0.002311
0.002622
0.006313
0.008783
0.007805
0.003975
0.005967
0.010818
0.009057
0.014100
0.016278
0.024924
0.027532
0.022929
0.019631
0.023492
0.013283
0.018093
0.018702
0.034511
0.022727
0.025691
0.030492
0.016387
0.017545
0.023442
0.014662
0.019594
0.024853
0.016071
0.011908
0.012011
0.009009
0.004210
0.011348
0.012530
0.007843
0.015306
0.029299
0.028897
0.028897
0.043605
0.016842
0.014062
0.015171
0.015980
0.015980
0.019944
0.017078
0.013500
0.012111
0.010888
0.008361
0.008808
0.030562
0.025767
0.041599
0.019642
0.010557
0.010519
0.002574
0.002601
0.004682
0.017411
0.001961
0.002443
0.009598
0.008042
0.001968
0.005025
0.002615
0.002859
0.001508
0.001452
0.001553
0.001760
0.002644
0.001553
0.003338
0.001642
0.004324
0.014425
0.007703
0.004357
0.006859
0.006859
0.008535
0.012556
0.013996
0.009307
0.013591
0.016396
0.006533
0.013357
0.013124
0.015839
0.007230
0.007005
0.005295
0.013124
0.013957
0.012447
0.010695
0.015776
0.008412
0.008948
0.004017
0.004602
0.004286
0.009298
0.005012
0.008568
0.004011
0.003036
0.006520
0.010997
0.003765
0.008351
0.002247
0.001452
0.004701
0.009282
0.020851
0.014810
0.017382
0.037245
0.063821
0.011009
0.016600
0.024688
0.003048
0.037015
0.002125
0.002286
0.010111
0.005254
0.003181
0.008669
0.003234
0.005546
0.001993
0.002529
0.002632
0.004668
0.002320
0.008428
0.003773
0.011426
0.001092
0.006198
0.002658
0.006814
0.009725
0.001490
0.011686
0.002122
0.005764
0.006057
0.004047
0.012052
0.002714
0.009442
0.002706
0.006762
0.004594
0.015717
0.007849
0.003012
0.005221
0.004645
0.004134
0.011536
0.015681
0.014352
0.008628
0.015490
0.011451
0.015372
0.013538
0.014174
0.008628
0.014430
0.009629
0.008948
0.003709
0.010646
0.004468
0.002655
0.002247
0.011564
0.011689
0.015093
0.013088
0.013578
0.010805
0.010402
0.010652
0.008788
0.009612
0.011541
0.012184
0.010519
0.011011
0.017908
0.017275
0.009103
0.013627
0.017475
0.015944
0.007181
0.011818
0.006537
0.004533
0.014519
0.009681
0.004049
0.004720
0.003625
0.007102
0.004511
0.002255
0.014323
0.007103
0.011356
0.020389
0.004702
0.006737
0.007959
0.012064
0.005957
0.001879
0.003667
0.004487
0.003031
0.004632
0.002180
0.010042
0.001468
0.009382
0.020827
0.017923
0.034976
0.026482
0.027315
0.021799
0.033021
0.017532
0.017130
0.010422
0.043211
0.018016
0.032215
0.022430
0.018386
0.011296
0.008268
0.008417
0.007563
0.007561
0.003709
0.005650
0.005358
0.003681
0.001028
0.005362
0.003134
0.007740
0.001187
0.003855
0.002180
0.000773
0.000773
0.004503
0.000769
0.002808
0.001167
0.001703
0.003660
0.001187
0.005957
0.002618
0.003366
0.008160
0.009077
0.009141
0.006327
0.007540
0.002904
0.003314
0.005000
0.021517
0.023490
0.022183
0.009813
0.022871
0.035323
0.015915
0.047118
0.043137
0.029678
0.012726
0.026314
0.028263
0.031520
0.024283
0.026209
0.025830
0.025189
0.017853
0.017547
0.025257
0.011558
0.000933
0.007172
0.016668
0.002786
0.002778
0.004297
0.019191
0.007302
0.001638
0.003259
0.012759
0.006889
0.006624
0.014425
0.002885
0.002444
0.001468
0.007274
0.008380
0.005400
0.004012
0.003254
0.003973
0.003882
0.008072
0.017597
0.023551
0.005595
0.004228
0.003991
0.004836
0.005919
0.003915
0.004725
0.006214
0.001289
0.003166
0.002947
0.004812
0.007116
0.005430
0.003731
0.003742
0.006361
0.002743
0.003053
0.011360
0.008932
0.015284
0.019640
0.006128
0.013840
0.024555
0.024700
0.025216
0.022382
0.025514
0.022516
0.015684
0.016017
0.018500
0.023709
0.015407
0.006740
0.008605
0.007220
0.017296
0.015873
0.006636
0.006721
0.005788
0.007219
0.004852
0.007668
0.004884
0.011529
0.009434
0.012054
0.005028
0.012260
0.006943
0.005387
0.009634
0.006047
0.006516
0.011071
0.011095
0.014094
0.011904
0.011029
0.011930
0.009351
0.012715
0.008076
0.007304
0.009960
0.014147
0.012003
0.013987
0.009031
0.007398
0.005348
0.008284
0.005404
0.010774
0.012875
0.013764
0.012547
0.010317
0.007837
0.007987
0.002142
0.004004
0.005782
0.001677
0.003596
0.006008
0.001715
0.005175
0.002093
0.006829
0.018172
0.004207
0.003567
0.002845
0.002519
0.003543
0.002151
0.001397
0.001658
0.004241
0.006426
0.006797
0.009984
0.011343
0.011980
0.014502
0.013459
0.006780
0.005214
0.006916
0.007646
0.006688
0.007546
0.005069
0.007146
0.001306
0.003234
0.004777
0.002206
0.002236
0.003922
0.005984
0.004888
0.006859
0.006074
0.007329
0.008110
0.007383
0.007654
0.004160
0.004095
0.006395
0.001411
0.007019
0.002420
0.001596
0.001964
0.001104
0.002555
0.002662
0.004313
0.011447
0.011777
0.010489
0.012531
0.006901
0.001115
0.011921
0.004002
0.009489
0.003922
0.011822
0.007377
0.006437
0.001013
0.000978
0.002999
0.000723
0.002084
0.002666
0.003701
0.013287
0.016461
0.016290
0.016800
0.017358
0.014878
0.009628
0.006463
0.001008
0.000980
0.000890
0.004444
0.002313
0.002054
0.003189
0.010080
0.010142
0.005973
0.007903
0.005906
0.007678
0.008457
0.008710
0.009784
0.007724
0.007692
0.006848
0.009258
0.006935
0.005676
0.011117
0.011643
0.007436
0.007822
0.007243
0.005077
0.002528
0.016758
0.003851
0.005562
0.006556
0.009976
0.013435
0.010617
0.011259
0.010801
0.010568
0.010402
0.009133
0.008719
0.010748
0.010304
0.010206
0.009747
0.008483
0.008706
0.012668
0.010298
0.009736
0.026110
0.019542
0.022611
0.010167
0.010169
0.018044
0.011023
0.032856
0.010003
0.010751
0.010104
0.009802
0.010221
0.011340
0.030692
0.024743
0.010381
0.009568
0.009192
0.011163
0.012930
0.012813
0.017246
0.009841
0.009225
0.009400
0.009468
0.008079
0.008983
0.012897
0.006089
0.008055
0.010138
0.007767
0.004155
0.007356
0.009028
0.012016
0.004594
0.001452
0.002263
0.004161
0.003197
0.005016
0.010061
0.011493
0.008546
0.007167
0.007710
0.003349
0.006533
0.009040
0.008802
0.008243
0.005484
0.012718
0.007298
0.005863
0.004137
0.003489
0.008055
0.010155
0.008728
0.008339
0.002670
0.005956
0.011930
0.012441
0.016433
0.024041
0.032506
0.037497
0.037490
0.008694
0.007155
0.007585
0.007156
0.007379
0.016288
0.011946
0.012081
0.015562
0.010300
0.007911
0.007415
0.006531
0.016459
0.038142
0.005321
0.003426
0.003739
0.003291
0.003291
0.004748
0.006563
0.004824
0.007519
0.009365
0.008062
0.007757
0.017034
0.018950
0.024449
0.002986
0.001235
0.002384
0.002375
0.002701
0.006798
0.004382
0.002114
0.007643
0.003269
0.003424
0.003428
0.004254
0.003966
0.020124
0.003404
0.005016
0.001532
0.001527
0.002995
0.003270
0.003851
0.002475
0.003354
0.007094
0.003957
0.003235
0.009828
0.003245
0.002701
0.015079
0.004893
0.004893
0.001834
0.011589
0.002975
0.001575
0.001637
0.000452
0.003075
0.001942
0.001955
0.010288
0.011705
0.008416
0.002730
0.003075
0.022079
0.007102
0.017403
0.005240
0.003061
0.007301
0.012704
0.009137
0.001201
0.001842
0.001517
0.001374
0.011723
0.002219
0.001611
0.002116
0.002342
0.001119
0.005698
0.015717
0.009895
0.004241
0.001611
0.004893
0.001235
0.002280
0.010378
0.001084
0.009286
0.002975
0.002051
0.004793
0.002990
0.003061
0.001955
0.004192
0.019950
0.007121
0.021117
0.007716
0.009342
0.009575
0.003424
0.004118
0.003704
0.004914
0.008452
0.003393
0.002568
0.004313
0.005875
0.003801
0.008630
0.003288
0.006757
0.003291
0.002836
0.004283
0.002474
0.007747
0.005214
0.005049
0.012155
0.005460
0.004660
0.006370
0.028967
0.035229
0.003768
0.000452
0.010519
0.000627
0.002217
0.003491
0.031190
0.021094
0.006757
0.003478
0.021445
0.024096
0.021513
0.023290
0.033909
0.020441
0.016416
0.024043
0.022524
0.004292
0.001902
0.000417
0.004846
0.005153
0.003882
0.010093
0.001931
0.007646
0.001300
0.007151
0.004676
0.003672
0.003859
0.009150
0.001360
0.003882
0.003494
0.003410
0.000458
0.007296
0.004880
0.005990
0.002367
0.000724
0.009758
0.005273
0.001696
0.010361
0.007491
0.010145
0.000868
0.002214
0.004736
0.009353
0.008901
0.005535
0.011503
0.017078
0.023860
0.022077
0.019699
0.015079
0.016835
0.010812
0.010587
0.003435
0.004855
0.005357
0.003739
0.000542
0.027232
0.009286
0.001387
0.000928
0.005856
0.008515
0.004281
0.011701
0.012237
0.011614
0.006094
0.000914
0.007243
0.012913
0.019159
0.014676
0.024782
0.014840
0.010099
0.008652
0.007239
0.003782
0.024936
0.012149
0.008022
0.004846
0.000417
0.000375
0.004034
0.002637
0.005528
0.010528
0.010634
0.005205
0.001300
0.009998
0.002730
0.003782
0.004533
0.030095
0.030898
0.002000
0.011050
0.009641
0.002730
0.012474
0.011357
0.015555
0.007158
0.003282
0.001361
0.014282
0.001141
0.002527
0.010487
0.010073
0.010743
0.015806
0.015951
0.016797
0.015101
0.009148
0.014519
0.007843
0.003282
0.002377
0.005495
0.005394
0.011050
0.003970
0.000906
0.002375
0.002426
0.001662
0.000927
0.002115
0.000938
0.007211
0.007260
0.001370
0.000624
0.010093
0.003323
0.005354
0.010528
0.021013
0.019105
0.018928
0.017048
0.001314
0.005313
0.007452
0.010368
0.013461
0.002632
0.000868
0.003338
0.006034
0.002729
0.003178
0.003197
0.009142
0.012811
0.004046
0.002680
0.000877
0.002021
0.019672
0.005495
0.003224
0.003874
0.004421
0.002249
0.005533
0.019530
0.024399
0.018777
0.001141
0.000574
0.000375
0.003657
0.000572
0.001902
0.001242
0.003799
0.004823
0.002729
0.000197
0.001294
0.004676
0.005488
0.015706
0.024782
0.022773
0.021704
0.013730
0.011448
0.003178
0.003847
0.038903
0.005619
0.045353
0.047484
0.002249
0.007233
0.001360
0.001300
0.005656
0.010314
0.004676
0.011517
0.010724
0.019312
0.019412
0.012062
0.016225
0.006197
0.008151
0.003266
0.022952
0.002383
0.005354
0.002383
0.022066
0.002259
0.004880
0.004998
0.002292
0.004010
0.011793
0.004539
0.034051
0.003138
0.003858
0.002873
0.002700
0.004250
0.009391
0.012520
0.003174
0.002686
0.003010
0.002372
0.002736
0.002589
0.003984
0.002372
0.005138
0.004026
0.004232
0.002306
0.002522
0.002754
0.005498
0.007928
0.003022
0.004884
0.006661
0.004676
0.004384
0.002975
0.002324
0.002380
0.003751
0.005330
0.003453
0.004730
0.005810
0.011697
0.008096
0.004855
0.004649
0.018521
0.002700
0.003069
0.002549
0.013001
0.003913
0.013989
0.023832
0.016778
0.009134
0.004466
0.015563
0.017511
0.016957
0.009240
0.005083
0.002938
0.005113
0.006661
0.013471
0.015658
0.014408
0.014338
0.021742
0.009151
0.024443
0.021144
0.010691
0.008597
0.015125
0.011228
0.014890
0.009764
0.011773
0.024877
0.021964
0.009233
0.009237
0.009151
0.007615
0.004715
0.008708
0.007889
0.007620
0.010734
0.004238
0.002659
0.005225
0.003137
0.003398
0.010855
0.001631
0.004840
0.004965
0.018768
0.001600
0.005701
0.004762
0.001475
0.001409
0.003137
0.003924
0.009199
0.024434
0.002837
0.006188
0.012646
0.001299
0.002351
0.011166
0.009211
0.001581
0.003279
0.002011
0.004360
0.001404
0.001698
0.003946
0.014629
0.013524
0.001698
0.002422
0.013475
0.023729
0.002623
0.001748
0.003725
0.004236
0.004238
0.006510
0.005124
0.013237
0.029357
0.005832
0.011479
0.003828
0.002949
0.005300
0.003868
0.004624
0.012536
0.002723
0.002027
0.003326
0.003263
0.018955
0.016470
0.007037
0.006475
0.020006
0.020006
0.008050
0.002624
0.003047
0.002164
0.013524
0.011589
0.002156
0.001426
0.001575
0.001517
0.006295
0.002011
0.002345
0.009688
0.008644
0.002688
0.003616
0.001698
0.003147
0.007729
0.002933
0.009236
0.003314
0.003303
0.010892
0.014124
0.010884
0.010607
0.007796
0.007889
0.007884
0.003621
0.004286
0.008375
0.011829
0.009853
0.011171
0.011258
0.005515
0.027586
0.018070
0.007620
0.008770
0.021491
0.023678
0.001600
0.025195
0.001958
0.002151
0.001418
0.001738
0.006233
0.001492
0.001272
0.009392
0.005008
0.001404
0.001299
0.001499
0.002323
0.002313
0.021253
0.005359
0.019316
0.023717
0.002841
0.014531
0.023919
0.009039
0.003450
0.002136
0.007964
0.020134
0.006193
0.005736
0.003629
0.005538
0.005832
0.002803
0.012373
0.003047
0.002622
0.002801
0.011693
0.003922
0.002841
0.003705
0.002397
0.004491
0.003720
0.002510
0.009067
0.001957
0.002134
0.006193
0.002327
0.002899
0.014548
0.004624
0.004352
0.008540
0.013051
0.004316
0.006954
0.005300
0.005243
0.010007
0.005482
0.008526
0.008526
0.006878
0.007037
0.032988
0.006714
0.003720
0.003127
0.002803
0.006330
0.005832
0.002430
0.004411
0.009376
0.001771
0.003352
0.001239
0.003616
0.005851
0.001655
0.008075
0.014370
0.003181
0.004798
0.004140
0.001409
0.011063
0.007651
0.005432
0.017234
0.007974
0.001406
0.003573
0.007103
0.007884
0.007179
0.007620
0.006840
0.006489
0.021085
0.013769
0.006207
0.004570
0.003255
0.014570
0.002837
0.014670
0.056262
0.001480
0.002272
0.002666
0.006295
0.005038
0.002696
0.001779
0.005752
0.014048
0.010812
0.002377
0.001763
0.001632
0.002379
0.002891
0.019725
0.015407
0.001957
0.002689
0.001771
0.001426
0.005008
0.004367
0.005752
0.010418
0.023608
0.011515
0.002397
0.002622
0.001770
0.006394
0.015978
0.012233
0.023989
0.021038
0.022778
0.029172
0.019803
0.030700
0.028316
0.019731
0.029481
0.027626
0.029684
0.006659
0.008947
0.009214
0.008599
0.004165
0.006335
0.004323
0.006546
0.008984
0.005170
0.004812
0.017682
0.030187
0.012061
0.001672
0.003972
0.009638
0.004795
0.004812
0.003465
0.001731
0.008474
0.010525
0.001879
0.002151
0.002600
0.002945
0.003417
0.002358
0.010379
0.002565
0.001571
0.006465
0.004614
0.002380
0.002078
0.007799
0.007790
0.001001
0.002549
0.001811
0.003077
0.002650
0.006266
0.001644
0.004375
0.002115
0.002579
0.003539
0.004061
0.004088
0.009947
0.005576
0.005744
0.026055
0.007682
0.006897
0.008000
0.011578
0.009984
0.010950
0.029913
0.018466
0.017298
0.011155
0.025617
0.057532
0.033549
0.078799
0.065425
0.007985
0.005684
0.001432
0.000989
0.002380
0.001503
0.000830
0.002069
0.001892
0.002615
0.001811
0.000771
0.004489
0.002902
0.001821
0.002593
0.002182
0.002112
0.003172
0.002650
0.001953
0.006903
0.002138
0.001776
0.008348
0.015325
0.011198
0.004677
0.006000
0.005565
0.004458
0.005526
0.003571
0.003612
0.002278
0.003800
0.005150
0.002211
0.002278
0.003046
0.005989
0.004398
0.003784
0.004584
0.005873
0.003470
0.002998
0.004500
0.001625
0.005512
0.003504
0.006898
0.002717
0.001625
0.001413
0.001413
0.001608
0.002750
0.003882
0.001675
0.002086
0.002211
0.021401
0.003736
0.003160
0.008697
0.004008
0.004480
0.009884
0.014299
0.009480
0.007623
0.009473
0.007608
0.017932
0.023297
0.013481
0.009065
0.008021
0.030869
0.024463
0.010488
0.014825
0.020147
0.035113
0.030815
0.012562
0.008007
0.085273
0.066180
0.060345
0.029663
0.029862
0.002185
0.011104
0.019019
0.036889
0.040647
0.033901
0.045663
0.040506
0.034971
0.015821
0.006622
0.002704
0.003185
0.001526
0.001560
0.002338
0.003872
0.001963
0.021271
0.003681
0.003278
0.017645
0.014996
0.006233
0.008181
0.006795
0.003822
0.002573
0.002945
0.003278
0.002649
0.008189
0.002954
0.004754
0.005969
0.064240
0.002848
0.005740
0.007928
0.005973
0.011491
0.005117
0.005973
0.004423
0.002617
0.001446
0.001716
0.007683
0.002742
0.003123
0.001616
0.004423
0.002568
0.004502
0.011553
0.011833
0.009985
0.007662
0.002270
0.009985
0.003650
0.005242
0.002059
0.011144
0.001963
0.015218
0.002162
0.002162
0.001514
0.011553
0.017256
0.007619
0.001616
0.002148
0.002605
0.052639
0.052639
0.034171
0.004041
0.004502
0.003650
0.002453
0.001716
0.003452
0.004949
0.005422
0.008101
0.034710
0.035587
0.002453
0.009961
0.008030
0.005973
0.016497
0.016919
0.013171
0.010883
0.006135
0.006513
0.007084
0.008416
0.003967
0.010205
0.003909
0.003527
0.002951
0.005617
0.006494
0.001894
0.003222
0.002654
0.002119
0.002774
0.011585
0.002327
0.005300
0.015965
0.019831
0.019357
0.005916
0.009094
0.017751
0.003934
0.003698
0.005959
0.007481
0.004094
0.008584
0.005582
0.003495
0.002531
0.002531
0.002005
0.005026
0.004044
0.002641
0.002641
0.002901
0.001738
0.002741
0.001202
0.004360
0.002576
0.002657
0.009402
0.010335
0.001458
0.001428
0.001738
0.005391
0.013029
0.002741
0.006416
0.000920
0.005162
0.002849
0.001811
0.002460
0.002951
0.002097
0.003160
0.002627
0.001738
0.006162
0.002901
0.001591
0.001330
0.001123
0.000955
0.001515
0.001191
0.008219
0.009319
0.012913
0.002265
0.001811
0.012439
0.008934
0.006445
0.003617
0.006517
0.002958
0.005026
0.007479
0.003638
0.006269
0.010528
0.013428
0.011798
0.012115
0.006491
0.010528
0.002696
0.011798
0.008584
0.019872
0.002603
0.027627
0.020501
0.011521
0.011659
0.001732
0.005444
0.002062
0.001592
0.001744
0.000955
0.003418
0.001586
0.003651
0.005280
0.008509
0.009947
0.004541
0.006439
0.006246
0.005116
0.008248
0.004309
0.002734
0.003035
0.004629
0.005853
0.009681
0.004698
0.009613
0.006306
0.012165
0.007804
0.005168
0.004931
0.005440
0.005248
0.034116
0.005757
0.017891
0.034116
0.022911
0.010102
0.023402
0.004698
0.011506
0.004140
0.003351
0.005505
0.023467
0.006914
0.004383
0.004457
0.010653
0.003460
0.004267
0.003967
0.005853
0.004480
0.003967
0.004128
0.003084
0.007550
0.003869
0.006782
0.004698
0.004107
0.004480
0.004665
0.006267
0.004267
0.009369
0.007101
0.007010
0.011701
0.009870
0.015796
0.012430
0.015903
0.021304
0.011014
0.016782
0.020144
0.022998
0.015592
0.008039
0.002639
0.016472
0.003127
0.001581
0.002732
0.002573
0.007619
0.002003
0.005242
0.004558
0.002698
0.002307
0.001990
0.001560
0.002680
0.002263
0.001446
0.002488
0.002755
0.002376
0.003627
0.003075
0.002238
0.002945
0.005158
0.015953
0.007159
0.002945
0.011104
0.007520
0.010114
0.010375
0.015953
0.002945
0.006474
0.013061
0.018632
0.012204
0.012204
0.014331
0.020987
0.011656
0.024130
0.024319
0.028725
0.015812
0.020822
0.013663
0.019413
0.012155
0.004893
0.003899
0.014615
0.009115
0.003116
0.013285
0.002427
0.003116
0.004720
0.010776
0.008638
0.014607
0.013235
0.006151
0.009244
0.004810
0.003385
0.003413
0.003770
0.006050
0.002363
0.005643
0.003385
0.002945
0.004859
0.004720
0.007398
0.002704
0.003116
0.006205
0.003440
0.002114
0.003658
0.002199
0.008831
0.003678
0.002769
0.002688
0.002530
0.002345
0.003625
0.006787
0.005763
0.004943
0.007501
0.011848
0.009743
0.007446
0.004334
0.002649
0.001717
0.002649
0.003157
0.004334
0.002652
0.009913
0.008620
0.002161
0.010959
0.004425
0.002577
0.003070
0.004754
0.002704
0.005643
0.002307
0.002946
0.003451
0.003332
0.005564
0.005172
0.007185
0.005125
0.010993
0.016100
0.001589
0.002573
0.008567
0.005642
0.003334
0.001128
0.009451
0.003282
0.006140
0.004368
0.004189
0.002262
0.002605
0.004204
0.003136
0.003598
0.002909
0.001873
0.003423
0.002394
0.007879
0.008185
0.004484
0.005991
0.006046
0.008283
0.007279
0.007224
0.002521
0.002652
0.002605
0.004466
0.003961
0.002879
0.002402
0.002540
0.008796
0.019018
0.006585
0.004627
0.009827
0.007380
0.006622
0.003161
0.004639
0.004810
0.005628
0.005844
0.005628
0.010776
0.008776
0.007040
0.016895
0.008127
0.021794
0.004482
0.003056
0.006639
0.007399
0.006787
0.009376
0.007224
0.006787
0.004334
0.019243
0.009818
0.008540
0.015390
0.017937
0.021894
0.004912
0.008053
0.002848
0.008668
0.006616
0.006932
0.002709
0.001259
0.003359
0.002394
0.004222
0.003360
0.024665
0.005259
0.001785
0.001873
0.002234
0.003918
0.001553
0.009428
0.001128
0.001873
0.001128
0.005273
0.003373
0.005273
0.002084
0.005275
0.011717
0.002541
0.002037
0.001259
0.011953
0.022934
0.009309
0.002227
0.002394
0.004153
0.006633
0.005771
0.005381
0.005021
0.006356
0.004416
0.002515
0.004125
0.003183
0.009284
0.007757
0.003624
0.008447
0.011659
0.007785
0.011190
0.004153
0.008105
0.006765
0.007906
0.005692
0.005657
0.007185
0.006126
0.007412
0.007237
0.005952
0.005770
0.006194
0.006915
0.004817
0.004817
0.003464
0.002728
0.009442
0.004111
0.001873
0.006363
0.006363
0.001630
0.002080
0.005555
0.002080
0.002628
0.002397
0.005592
0.005164
0.003396
0.006169
0.004330
0.006073
0.002262
0.020213
0.001325
0.005592
0.001785
0.005903
0.002522
0.005288
0.016901
0.004481
0.002792
0.006738
0.003786
0.001595
0.003282
0.001128
0.005259
0.009428
0.001785
0.001630
0.002080
0.005273
0.007465
0.005555
0.006626
0.006280
0.003006
0.008471
0.008191
0.013856
0.008049
0.006349
0.007536
0.018715
0.025603
0.012786
0.018827
0.018593
0.020207
0.019466
0.019932
0.016961
0.018808
0.018071
0.017380
0.021943
0.024541
0.024390
0.015638
0.022556
0.011099
0.002641
0.008627
0.008961
0.007265
0.009141
0.007131
0.009727
0.007795
0.014119
0.014121
0.012676
0.007948
0.015754
0.008998
0.007472
0.007386
0.008969
0.010463
0.012164
0.010607
0.011553
0.013845
0.009362
0.008816
0.004184
0.006750
0.009291
0.007757
0.002518
0.002925
0.002600
0.003008
0.002732
0.007886
0.025434
0.001876
0.003181
0.002042
0.003194
0.001582
0.001751
0.005191
0.002414
0.003787
0.012855
0.020095
0.004019
0.006672
0.014394
0.006440
0.007757
0.009180
0.008495
0.006522
0.007270
0.008059
0.004512
0.005827
0.014592
0.027193
0.017377
0.003663
0.007886
0.012681
0.003663
0.007475
0.007475
0.008059
0.005817
0.004184
0.010557
0.005824
0.011861
0.004126
0.002334
0.002590
0.003572
0.001771
0.002246
0.003446
0.003218
0.021390
0.003117
0.002687
0.011010
0.012203
0.009607
0.009780
0.006033
0.006592
0.004285
0.003835
0.003421
0.003421
0.002735
0.004574
0.003606
0.003342
0.002580
0.002057
0.002279
0.004076
0.003606
0.003194
0.002835
0.002185
0.002590
0.002906
0.002256
0.003871
0.001723
0.001876
0.002006
0.002261
0.003709
0.002185
0.001723
0.002012
0.003075
0.002057
0.002636
0.003097
0.002835
0.004457
0.005229
0.003056
0.005119
0.002719
0.004355
0.003958
0.004830
0.003912
0.005188
0.003835
0.009916
0.003147
0.005220
0.004903
0.005531
0.003709
0.019054
0.004457
0.014061
0.002390
0.024204
0.022425
0.023524
0.003393
0.006254
0.009546
0.007314
0.003706
0.004212
0.005362
0.001608
0.005872
0.001848
0.004053
0.003915
0.001202
0.006432
0.004334
0.002509
0.001770
0.001097
0.001742
0.014631
0.005325
0.004493
0.004053
0.004371
0.005533
0.008101
0.009734
0.022926
0.009054
0.004373
0.031067
0.004493
0.005559
0.009549
0.004592
0.004664
0.002372
0.003192
0.001608
0.003744
0.004478
0.001848
0.005243
0.006205
0.002794
0.001605
0.003466
0.001202
0.001097
0.002314
0.003463
0.006493
0.015748
0.002120
0.003251
0.003251
0.005247
0.001202
0.001119
0.004212
0.002358
0.008524
0.003896
0.009420
0.002920
0.014145
0.028840
0.037500
0.001320
0.019786
0.003206
0.002933
0.005029
0.001608
0.006761
0.001742
0.006665
0.013046
0.005243
0.003339
0.004053
0.001342
0.015701
0.003418
0.001287
0.002163
0.004135
0.009420
0.003411
0.010558
0.002855
0.001202
0.001792
0.004382
0.015952
0.003880
0.002234
0.002102
0.003522
0.019158
0.008729
0.003149
0.002234
0.003880
0.002881
0.002693
0.002120
0.002318
0.006485
0.002693
0.010892
0.019182
0.025309
0.006608
0.028318
0.003406
0.003397
0.002337
0.005036
0.010795
0.003316
0.008485
0.003527
0.002526
0.003565
0.002946
0.002819
0.004057
0.002234
0.017014
0.005092
0.005130
0.003334
0.003801
0.008910
0.002344
0.003565
0.038623
0.016027
0.005004
0.040561
0.015028
0.041802
0.021612
0.002946
0.015028
0.028467
0.003802
0.018511
0.028117
0.005765
0.008544
0.002445
0.007500
0.002884
0.003670
0.009400
0.002418
0.006765
0.003802
0.003262
0.002337
0.002589
0.002321
0.003053
0.009018
0.009290
0.011855
0.004181
0.006664
0.004488
0.003423
0.002834
0.004053
0.003806
0.019632
0.006754
0.016180
0.010272
0.013793
0.022071
0.016071
0.008847
0.007944
0.008414
0.008880
0.010382
0.013913
0.010382
0.009279
0.013418
0.013913
0.016071
0.008414
0.007877
0.011714
0.007290
0.005725
0.016447
0.006979
0.005862
0.004336
0.002571
0.005762
0.002265
0.011560
0.001490
0.004912
0.001713
0.001713
0.002346
0.002017
0.002472
0.001664
0.005976
0.011475
0.006984
0.006067
0.009045
0.004804
0.002576
0.001666
0.008738
0.004821
0.004733
0.011475
0.008601
0.005948
0.001871
0.013203
0.002216
0.002529
0.029163
0.022940
0.001666
0.005948
0.015320
0.008601
0.003127
0.002472
0.026244
0.017837
0.013203
0.001935
0.002517
0.002096
0.002688
0.004347
0.004147
0.002805
0.004126
0.002967
0.005223
0.002657
0.014397
0.005602
0.003564
0.008539
0.006696
0.007072
0.002169
0.002819
0.003683
0.005166
0.012929
0.009200
0.011072
0.018417
0.012702
0.007756
0.007499
0.008355
0.018417
0.015261
0.009987
0.007459
0.007476
0.006711
0.012394
0.011453
0.020220
0.019429
0.019964
0.007328
0.007328
0.007914
0.006565
0.007328
0.021170
0.007981
0.008238
0.005092
0.005982
0.005312
0.003701
0.003623
0.004603
0.002829
0.002578
0.002169
0.004206
0.002769
0.002483
0.002777
0.002517
0.003168
0.005942
0.003705
0.003426
0.004733
0.003705
0.001853
0.004804
0.006090
0.002099
0.012949
0.027961
0.009724
0.005382
0.002497
0.005602
0.005646
0.005866
0.011437
0.025989
0.007012
0.007928
0.020899
0.012940
0.001529
0.022015
0.021095
0.035920
0.035920
0.028944
0.006054
0.013807
0.006741
0.002041
0.004566
0.003805
0.002555
0.002994
0.006054
0.013647
0.013004
0.016239
0.011592
0.006045
0.010072
0.021909
0.022277
0.017149
0.004904
0.005180
0.038628
0.004560
0.004560
0.015995
0.005018
0.004264
0.016196
0.003917
0.003787
0.004026
0.010383
0.006877
0.006058
0.026532
0.027499
0.014496
0.009269
0.006766
0.007222
0.006464
0.006123
0.005023
0.006620
0.005071
0.005330
0.005466
0.004736
0.005330
0.004886
0.004122
0.004739
0.009454
0.003769
0.004025
0.006058
0.004105
0.003769
0.003715
0.004202
0.004840
0.012782
0.015681
0.006956
0.004445
0.009388
0.009292
0.008518
0.005139
0.013016
0.005419
0.006379
0.014138
0.026055
0.013087
0.010383
0.009676
0.004886
0.003553
0.003718
0.013452
0.008222
0.021455
0.004597
0.003934
0.004749
0.006956
0.020993
0.016027
0.020402
0.017651
0.017749
0.003122
0.006342
0.010486
0.005596
0.009603
0.005094
0.011353
0.013935
0.037119
0.033219
0.035959
0.003396
0.012176
0.002040
0.001984
0.003150
0.014335
0.001540
0.006383
0.003805
0.003709
0.002817
0.001529
0.001890
0.002661
0.001329
0.001941
0.004454
0.001546
0.002046
0.004777
0.005182
0.002643
0.010707
0.007965
0.005657
0.002913
0.001953
0.002983
0.006337
0.017278
0.004737
0.002983
0.004395
0.004320
0.008604
0.004701
0.004020
0.007324
0.006797
0.007790
0.009498
0.007119
0.007836
0.001322
0.006762
0.006472
0.002777
0.001461
0.001322
0.001949
0.001540
0.001540
0.002416
0.002420
0.003805
0.006941
0.004312
0.002635
0.001767
0.001984
0.001941
0.001492
0.001393
0.004454
0.002106
0.001949
0.005928
0.003793
0.001569
0.002445
0.001416
0.001305
0.002983
0.013718
0.006033
0.006281
0.006102
0.004988
0.007938
0.004085
0.007882
0.005157
0.003491
0.003202
0.004272
0.003153
0.012230
0.002688
0.002876
0.005121
0.016259
0.002688
0.017720
0.011226
0.002876
0.011499
0.003652
0.005105
0.003491
0.004272
0.026957
0.041166
0.004756
0.003965
0.004320
0.003483
0.006751
0.007914
0.007036
0.007898
0.001815
0.004308
0.008354
0.006846
0.012489
0.012829
0.015007
0.017720
0.012489
0.015806
0.008506
0.004242
0.020402
0.009324
0.009324
0.006045
0.006835
0.034408
0.025124
0.008268
0.009433
0.007143
0.024672
0.005094
0.005094
0.004242
0.003585
0.008456
0.003150
0.040063
0.023440
0.009415
0.002416
0.002416
0.002555
0.004286
0.001492
0.007468
0.010803
0.013376
0.006337
0.005106
0.005106
0.020872
0.013329
0.003744
0.003744
0.003744
0.003701
0.003128
0.003441
0.003153
0.003128
0.003008
0.003463
0.003022
0.021167
0.002621
0.005922
0.003322
0.002578
0.002655
0.002541
0.002688
0.002374
0.005063
0.003871
0.002539
0.002360
0.002539
0.002814
0.011629
0.002474
0.002099
0.001713
0.002517
0.001713
0.002777
0.002036
0.005530
0.030170
0.038293
0.049806
0.016902
0.003255
0.004349
0.002219
0.003255
0.022796
0.011390
0.014160
0.003738
0.003067
0.012718
0.009482
0.005530
0.003705
0.006071
0.002198
0.003067
0.001888
0.006673
0.004912
0.007976
0.011079
0.003975
0.013177
0.008952
0.006506
0.007944
0.008850
0.011926
0.020479
0.008850
0.010210
0.008952
0.009992
0.011289
0.007058
0.005308
0.005888
0.004346
0.004697
0.003382
0.013581
0.016662
0.003053
0.006803
0.002958
0.002743
0.003636
0.003136
0.002317
0.004181
0.003636
0.003472
0.002641
0.003165
0.005029
0.034354
0.002398
0.002480
0.002418
0.005426
0.004628
0.002418
0.005838
0.003919
0.008544
0.002418
0.009832
0.017887
0.008544
0.029670
0.017721
0.036228
0.006525
0.006664
0.002348
0.002418
0.003404
0.006486
0.005765
0.003539
0.003334
0.003768
0.009167
0.012194
0.003670
0.003462
0.002832
0.005935
0.003576
0.002652
0.003334
0.002531
0.002946
0.002850
0.003565
0.011153
0.033834
0.020169
0.023548
0.010837
0.004057
0.004057
0.003334
0.004057
0.004883
0.003251
0.004382
0.003316
0.002234
0.006414
0.004904
0.014394
0.005032
0.003360
0.003700
0.034319
0.016259
0.001910
0.001339
0.027078
0.003527
0.002972
0.027078
0.012698
0.005808
0.004592
0.006072
0.005533
0.005649
0.019521
0.023825
0.009275
0.025127
0.032225
0.009650
0.002549
0.003117
0.003844
0.002414
0.002879
0.002661
0.002258
0.002233
0.003184
0.003297
0.002549
0.002256
0.002554
0.002838
0.028203
0.037095
0.008959
0.025069
0.018909
0.030346
0.047024
0.003386
0.008959
0.026649
0.019286
0.004471
0.002437
0.002437
0.002706
0.004471
0.017773
0.027398
0.050418
0.007648
0.003345
0.041931
0.006357
0.005640
0.005216
0.015497
0.004471
0.003926
0.003956
0.004184
0.008469
0.008670
0.004337
0.004171
0.004337
0.008111
0.002547
0.003907
0.004274
0.002948
0.003048
0.004274
0.002437
0.012596
0.020931
0.002851
0.002489
0.002547
0.015199
0.010587
0.002706
0.015199
0.009167
0.031252
0.025834
0.018373
0.007941
0.007941
0.011179
0.008859
0.008432
0.008432
0.008432
0.007035
0.008387
0.007954
0.010172
0.010053
0.012516
0.008736
0.009968
0.009607
0.010455
0.012909
0.010412
0.015462
0.029455
0.018969
0.011957
0.006430
0.007131
0.006010
0.007316
0.007743
0.007801
0.008873
0.011163
0.024937
0.009535
0.006664
0.006664
0.006320
0.011163
0.024563
0.016405
0.015922
0.012574
0.018009
0.032229
0.026503
0.025108
0.020019
0.026214
0.031743
0.036798
0.034314
0.034727
0.035531
0.025848
0.039018
0.035002
0.025575
0.022760
0.025053
0.029221
0.011210
0.011210
0.011653
0.023620
0.022245
0.018182
0.015785
0.017357
0.016308
0.019321
0.021534
0.022444
0.023923
0.018699
0.014228
0.017616
0.009232
0.006418
0.014711
0.013018
0.014430
0.006871
0.005676
0.014023
0.023819
0.010740
0.010378
0.006144
0.004306
0.004239
0.007106
0.003986
0.003088
0.003148
0.003236
0.006596
0.003088
0.005187
0.003608
0.004183
0.004367
0.004056
0.003766
0.004212
0.004774
0.007581
0.004597
0.004443
0.006412
0.004242
0.006350
0.006679
0.007135
0.016067
0.006469
0.010333
0.008678
0.004919
0.004691
0.015287
0.004764
0.005208
0.005425
0.005374
0.005744
0.004862
0.005253
0.005871
0.005424
0.007023
0.005321
0.010187
0.009872
0.015435
0.004771
0.006937
0.003474
0.002496
0.010857
0.006838
0.003590
0.001329
0.000967
0.001628
0.008474
0.014854
0.003643
0.002857
0.003324
0.004937
0.005797
0.004075
0.005469
0.005103
0.006000
0.003237
0.022033
0.017206
0.022365
0.015849
0.006951
0.008068
0.009727
0.014087
0.002857
0.003120
0.007702
0.002569
0.003855
0.005181
0.005408
0.014633
0.005871
0.008360
0.006016
0.006679
0.005752
0.012899
0.004144
0.003886
0.005091
0.004780
0.003851
0.003781
0.004045
0.032509
0.004662
0.012350
0.007076
0.012797
0.007042
0.004319
0.003958
0.005352
0.003816
0.006847
0.003627
0.008555
0.010539
0.006170
0.004830
0.004273
0.006702
0.007601
0.001471
0.003344
0.003151
0.017361
0.009435
0.001729
0.000214
0.004090
0.001721
0.003010
0.001450
0.001407
0.002229
0.020601
0.012220
0.005839
0.005173
0.004911
0.006499
0.004448
0.003467
0.003645
0.002454
0.004003
0.019934
0.006573
0.015039
0.012375
0.005441
0.000391
0.002660
0.001707
0.000424
0.001927
0.008699
0.001927
0.001207
0.002131
0.008327
0.027602
0.021644
0.000000
0.000744
0.001102
0.000734
0.000391
0.000352
0.000642
0.009531
0.002032
0.001004
0.000998
0.001652
0.002406
0.003256
0.002196
0.002932
0.003406
0.003280
0.003194
0.003006
0.002385
0.007924
0.005499
0.004773
0.004967
0.007547
0.012652
0.039899
0.007771
0.017353
0.011611
0.037418
0.011028
0.008480
0.007189
0.007928
0.008445
0.009384
0.008789
0.007568
0.007264
0.007464
0.006532
0.006422
0.007550
0.007954
0.007779
0.007541
0.008018
0.007178
0.005274
0.005220
0.004462
0.003835
0.003404
0.004196
0.005503
0.003966
0.004581
0.003196
0.003761
0.003741
0.003638
0.003088
0.003088
0.002907
0.003704
0.003159
0.003159
0.003248
0.003104
0.003111
0.003306
0.004592
0.004743
0.019244
0.022076
0.017003
0.008745
0.011621
0.012869
0.011443
0.012517
0.014548
0.016879
0.014717
0.011000
0.010462
0.008998
0.011661
0.004715
0.009145
0.011087
0.010389
0.010786
0.010825
0.009456
0.003788
0.010273
0.018826
0.025001
0.038493
0.037468
0.035223
0.025935
0.015759
0.011736
0.013738
0.019650
0.017155
0.034235
0.012042
0.010676
0.005926
0.001729
0.004135
0.003652
0.001719
0.004117
0.002470
0.005835
0.001108
0.004210
0.001057
0.001657
0.001746
0.001420
0.001420
0.005039
0.007070
0.003639
0.002470
0.002518
0.008066
0.029968
0.001648
0.007070
0.008709
0.001131
0.001719
0.001841
0.001324
0.005570
0.003994
0.007863
0.003886
0.007987
0.008938
0.010954
0.010065
0.009299
0.009857
0.013329
0.016102
0.011517
0.011515
0.001374
0.003711
0.001324
0.002311
0.001229
0.002460
0.001772
0.001630
0.001784
0.002479
0.004835
0.001784
0.001157
0.001174
0.001774
0.005054
0.001417
0.002523
0.010213
0.001095
0.001433
0.009204
0.004675
0.008405
0.001136
0.006606
0.001793
0.001183
0.001306
0.001898
0.002474
0.005929
0.002770
0.004707
0.012841
0.011690
0.010977
0.014031
0.013737
0.011757
0.005628
0.004642
0.003738
0.007483
0.012102
0.010087
0.011437
0.007119
0.007937
0.011273
0.022919
0.024392
0.016481
0.007741
0.049504
0.009800
0.006691
0.003708
0.004150
0.007195
0.012883
0.010585
0.013167
0.013167
0.007954
0.012808
0.004289
0.009552
0.011550
0.008972
0.003506
0.003400
0.003699
0.005180
0.003405
0.004432
0.005921
0.001710
0.002340
0.002907
0.001900
0.002221
0.002185
0.004363
0.006754
0.015434
0.003809
0.002734
0.004659
0.001372
0.001437
0.000681
0.001609
0.003965
0.001007
0.005482
0.003958
0.000939
0.001007
0.003449
0.001770
0.002231
0.002552
0.003380
0.003380
0.001743
0.002237
0.001743
0.003261
0.001946
0.002230
0.001408
0.003469
0.003469
0.003390
0.001277
0.001402
0.001773
0.001599
0.003412
0.002964
0.004232
0.011512
0.005423
0.007197
0.005813
0.004116
0.004723
0.005299
0.004295
0.004253
0.005762
0.004449
0.004373
0.004451
0.003969
0.004370
0.004782
0.005124
0.003748
0.003748
0.003719
0.003939
0.010881
0.007960
0.004995
0.003719
0.004531
0.003840
0.003892
0.004947
0.004794
0.008790
0.006577
0.004302
0.003341
0.004308
0.003455
0.003756
0.002998
0.003805
0.004293
0.004135
0.003470
0.003577
0.003963
0.004238
0.004321
0.004627
0.005203
0.004134
0.007558
0.004355
0.003497
0.003438
0.003183
0.003911
0.003911
0.005810
0.005938
0.009999
0.008329
0.009446
0.007910
0.011492
0.007212
0.008837
0.006441
0.003455
0.003776
0.003300
0.004022
0.005410
0.005940
0.005997
0.005389
0.006153
0.007309
0.009104
0.009973
0.009348
0.010356
0.010807
0.008925
0.009543
0.009247
0.007586
0.004515
0.007526
0.012518
0.011134
0.006964
0.008379
0.007539
0.006088
0.004145
0.003818
0.010626
0.012637
0.011686
0.005542
0.003446
0.003856
0.003791
0.005672
0.005672
0.003442
0.002428
0.005078
0.002428
0.005078
0.004574
0.015105
0.004366
0.010269
0.015693
0.022224
0.029960
0.027201
0.009073
0.002428
0.001728
0.002887
0.004869
0.002739
0.004285
0.002922
0.001184
0.002128
0.001199
0.001199
0.001117
0.001013
0.000815
0.001732
0.001352
0.003463
0.002044
0.002201
0.009593
0.008437
0.012620
0.011632
0.012118
0.012620
0.013749
0.011473
0.004571
0.002224
0.006101
0.006455
0.006198
0.003064
0.001591
0.001122
0.001240
0.003782
0.004643
0.002120
0.002042
0.001799
0.001359
0.002391
0.001953
0.001220
0.001833
0.002335
0.006391
0.004848
0.006157
0.001659
0.001397
0.000430
0.010305
0.012747
0.010952
0.007160
0.007722
0.005516
0.005516
0.002560
0.002561
0.001816
0.002804
0.003116
0.006279
0.008910
0.003711
0.008727
0.013300
0.002659
0.002666
0.005242
0.009925
0.005583
0.004526
0.004526
0.009205
0.009750
0.003166
0.001946
0.002804
0.006729
0.018736
0.010252
0.033043
0.029265
0.012025
0.012559
0.027262
0.013840
0.009560
0.024296
0.007555
0.033971
0.028945
0.003169
0.025522
0.490210
1.000000
0.355739
0.017592
0.024872
0.031782
0.059795
0.046000
0.028791
0.028653
0.025257
0.027020
0.006026
0.002191
0.007393
0.005476
0.022130
0.030242
0.006354
0.018199
0.025871
0.005760
0.011727
0.006257
0.007661
0.010037
0.016650
0.016310
0.015566
0.012528
0.010931
0.007866
0.008692
0.006943
0.011734
0.013389
0.014402
0.022635
0.007055
0.030960
0.018875
0.008103
0.006236
0.006485
0.005704
0.014152
0.006519
0.006436
