0.107543
0.045558
0.055399
0.084498
0.119603
0.052276
0.047414
0.032051
0.069115
0.010980
0.008497
0.006930
0.214508
0.010694
0.026737
0.011653
0.077078
0.024311
0.067908
0.025377
0.034835
0.009164
0.031062
0.003950
0.323544
0.042401
0.012540
0.004281
0.000848
0.012488
0.031255
0.019057
0.003093
0.004882
0.020668
0.016898
0.006446
0.004952
0.015433
0.017403
0.031467
0.040426
0.007121
0.014815
0.018961
0.030150
0.010947
0.028871
0.004882
0.039963
0.046595
0.054968
0.001699
0.006361
0.003836
0.012827
0.007983
0.021892
0.006159
0.003845
0.074741
0.028147
0.009716
0.006524
0.006448
0.005637
0.003854
0.009716
0.009743
0.011703
0.005227
0.028460
0.017917
0.013782
0.009378
0.011366
0.007558
0.005227
0.000654
0.003309
0.005323
0.031506
0.032189
0.008723
0.028379
0.009320
0.002660
0.050999
0.075012
0.038646
0.030538
0.032600
0.028009
0.110390
0.142022
0.019918
0.145709
0.016878
0.031927
0.039757
0.070472
0.037513
0.023208
0.019112
0.019891
0.017194
0.021068
0.020122
0.033642
0.024989
0.017653
0.064146
0.019899
0.017249
0.169556
0.038694
0.018881
0.016356
0.017824
0.060968
0.024660
0.042642
0.084860
0.026664
0.020431
0.018766
0.019333
0.018640
0.033544
0.026883
0.033367
0.020593
0.018188
0.017645
0.017340
0.021812
0.055725
0.016408
0.020043
0.017725
0.032843
0.042301
0.025364
0.027997
0.021538
0.035488
0.028356
0.070296
0.046147
0.031182
0.022669
0.052850
0.127156
0.011573
0.017050
0.080202
0.025095
0.036458
0.019173
0.226730
0.029684
0.019871
0.021733
0.046690
0.009485
0.023601
0.013423
0.208238
0.004986
0.006041
0.005425
0.004544
0.005014
0.005447
0.012701
0.004796
0.016262
0.004417
0.021802
0.009578
0.007388
0.010059
0.121887
0.040590
0.019461
0.006148
0.006641
0.008438
0.009259
0.058914
0.029659
0.010228
0.016220
0.008543
0.009360
0.061417
0.016816
0.007767
0.005577
0.004271
0.008527
0.007903
0.011512
0.004271
0.007028
0.007377
0.003738
0.010092
0.024734
0.031181
0.005787
0.016712
0.023893
0.003738
0.005478
0.051163
0.022478
0.038260
0.004107
0.005527
0.004700
0.015815
0.005610
0.020171
0.027018
0.006148
0.027298
0.018409
0.003910
0.008088
0.006183
0.021016
0.010310
0.027919
0.016793
0.008205
0.041930
0.018628
0.017875
0.025962
0.011053
0.028977
0.021665
0.018500
0.027689
0.020585
0.021563
0.044310
0.028765
0.024432
0.020338
0.025394
0.017169
0.019504
0.024015
0.020611
0.021942
0.019091
0.020497
0.019186
0.020165
0.026312
0.035428
0.058862
0.030027
0.023422
0.162921
0.093883
0.037076
0.049609
0.021440
0.144882
0.257490
0.027024
0.037779
0.030434
0.023958
0.022618
0.021149
0.022093
0.045593
0.027641
0.023800
0.021705
0.021008
0.068369
0.023028
0.408097
0.024630
0.026300
0.151152
0.031943
0.035825
0.047043
0.032660
0.042713
0.029927
0.344998
0.205028
0.163748
0.219850
0.021796
0.021796
0.031073
0.044339
0.032951
0.104774
0.091009
0.035852
0.042484
0.025218
0.087723
0.104776
0.034305
0.025619
0.045203
0.039714
0.041318
0.032611
0.097620
0.122273
0.024426
0.025129
0.046049
0.046336
0.044651
0.033891
0.057663
0.029705
0.357354
0.101132
0.025525
0.034336
0.045203
0.040081
0.032317
0.030155
0.042151
0.045327
0.045327
0.036991
0.050704
0.249979
0.046994
0.031679
0.042493
0.032633
0.111338
0.026598
0.007698
0.013823
0.048024
0.043150
0.004930
0.006321
0.105959
0.137038
0.100846
0.015182
0.011802
0.007782
0.011802
0.004007
0.011907
0.005155
0.005336
0.039556
0.004171
0.006097
0.012297
0.007561
0.007324
0.027621
0.013823
0.004754
0.035274
0.006321
0.008523
0.006151
0.005442
0.005276
0.057831
0.064454
0.034286
0.079042
0.072856
0.004264
0.006545
0.016972
0.007142
0.009002
0.025727
0.070600
0.004007
0.003995
0.012238
0.004007
0.013952
0.042797
0.082277
0.061658
0.031388
0.003406
0.031388
0.004754
0.013650
0.017316
0.022800
0.042158
0.014605
0.022764
0.016373
0.007561
0.052115
0.038859
0.012755
0.123269
0.078151
0.046088
0.020824
0.016364
0.018139
0.005442
0.009094
0.021698
0.031291
0.021502
0.019338
0.090883
0.071013
0.005108
0.003436
0.049390
0.016364
0.014874
0.079574
0.011775
0.018973
0.010605
0.007634
0.004179
0.007017
0.009153
0.010839
0.006097
0.007782
0.005939
0.025727
0.002683
0.062884
0.017593
0.050230
0.024237
0.019895
0.026153
0.021225
0.022269
0.006638
0.008813
0.038628
0.017790
0.061339
0.027211
0.027211
0.022330
0.036154
0.032448
0.004807
0.031520
0.025839
0.030978
0.027211
0.017710
0.048541
0.040537
0.023905
0.054754
0.023786
0.030118
0.030760
0.019527
0.055784
0.017087
0.042224
0.020097
0.013260
0.149188
0.040352
0.039540
0.019854
0.031969
0.024833
0.020442
0.022113
0.020288
0.017242
0.016230
0.014828
0.034820
0.088547
0.044776
0.090778
0.044941
0.017966
0.106866
0.017190
0.029974
0.020454
0.015724
0.013938
0.022525
0.017947
0.042193
0.016090
0.014305
0.032931
0.013768
0.012697
0.015242
0.015738
0.012736
0.018695
0.014728
0.020043
0.016860
0.015967
0.016475
0.017784
0.015920
0.040609
0.099159
0.144787
0.012482
0.121750
0.030790
0.015724
0.013487
0.017433
0.013429
0.015518
0.012367
0.012367
0.004863
0.009418
0.009067
0.004736
0.012836
0.010584
0.017262
0.023361
0.013656
0.017904
0.007731
0.011974
0.005567
0.007486
0.007741
0.009066
0.007488
0.017011
0.017904
0.017751
0.004786
0.007452
0.005970
0.009856
0.009752
0.007328
0.010906
0.006796
0.003972
0.007486
0.007909
0.037325
0.058867
0.006669
0.008681
0.007486
0.005878
0.003690
0.008573
0.017233
0.005895
0.006980
0.007909
0.026251
0.009752
0.007870
0.041061
0.014569
0.020335
0.055438
0.053475
0.010411
0.032181
0.053475
0.068515
0.017548
0.024306
0.032147
0.177360
0.080203
0.123060
0.296828
0.320316
0.080741
0.089567
0.098730
0.097610
0.533445
0.317099
0.166572
0.117291
0.166514
0.112968
0.105474
0.252200
0.168632
0.121215
0.063824
0.049774
0.038978
0.042204
0.033799
0.025893
0.032351
0.062626
0.039836
0.020692
0.096512
0.043303
0.021388
0.020244
0.019526
0.035734
0.026658
0.050051
0.049560
0.098097
0.065212
0.031088
0.021679
0.023499
0.023842
0.024982
0.028776
0.057160
0.034850
0.051062
0.021006
0.023581
0.029415
0.019399
0.018543
0.037458
0.013192
0.005811
0.030904
0.032935
0.031213
0.002766
0.004954
0.006321
0.006267
0.005919
0.004648
0.005713
0.002458
0.005986
0.002613
0.005228
0.003157
0.001911
0.009322
0.017317
0.009529
0.003146
0.003162
0.011419
0.005532
0.003376
0.005627
0.003575
0.016892
0.031478
0.529822
0.104449
0.024783
0.007462
0.011701
0.006440
0.018989
0.001951
0.021803
0.010632
0.013884
0.085893
0.046219
0.028551
0.067888
0.040845
0.034877
0.035295
0.029778
0.047594
0.029906
0.209682
0.070019
0.022610
0.068156
0.123951
0.055774
0.050609
0.066489
0.086554
0.399692
0.218035
0.038764
0.072796
0.108725
0.067608
0.089716
0.032715
0.036062
0.081773
0.103002
0.062098
0.040532
0.086248
0.027361
0.097786
0.031870
0.046240
0.027425
0.038104
0.024408
0.026684
0.028285
0.031870
0.057252
0.055310
0.028029
0.023819
0.022262
0.039672
0.027590
0.023760
0.052834
0.062709
0.027096
0.028527
0.057992
0.047976
0.023298
0.029928
0.065770
0.044211
0.020207
0.033657
0.024545
0.038359
0.025839
0.030003
0.044086
0.029871
0.033904
0.039825
0.053694
0.036062
0.029851
0.029871
0.030570
0.063940
0.184479
0.039011
0.022322
0.026220
0.081531
0.008815
0.032207
0.022447
0.016655
0.034251
0.094246
0.466696
0.032207
0.016393
0.020177
0.062966
0.290966
0.004952
0.047273
0.000865
0.017523
0.179159
0.009007
0.002631
0.009186
0.011442
0.041796
0.083465
0.018673
0.042657
0.001972
0.016440
0.023605
0.082560
0.047455
0.198165
0.016640
0.039933
0.040662
0.016131
0.003519
0.026744
0.008488
0.026744
0.112034
0.112134
0.063914
0.024901
0.016660
0.041175
0.006096
0.014990
0.015463
0.006127
0.011236
0.011116
0.121412
0.011485
0.026115
0.007572
0.047911
0.262681
0.014148
0.028126
0.030796
0.026283
0.005430
0.019441
0.008238
0.015557
0.007293
0.004500
0.036748
0.128497
0.097920
0.047911
0.013510
0.085628
0.004767
0.004538
0.017061
0.002830
0.040947
0.004538
0.006284
0.000554
0.002440
0.000628
0.042895
0.025869
0.025869
0.002330
0.057082
0.053274
0.011508
0.011116
0.004763
0.095952
0.011852
0.002959
0.006760
0.006760
0.018211
0.031806
0.002840
0.009633
0.000554
0.013391
0.006127
0.009007
0.066825
0.011340
0.106545
0.031421
0.025795
0.036708
0.012620
0.068950
0.025828
0.104754
0.049864
0.000865
0.000975
0.053274
0.151740
0.122308
0.099889
0.041182
0.033300
0.067969
0.105313
0.107216
0.064088
0.105263
0.136758
0.090701
0.072515
0.135314
0.090797
0.101465
0.114911
0.290488
0.053875
0.072449
0.055992
0.055484
0.071185
0.036654
0.203208
0.289476
0.071178
0.071516
0.086990
0.074426
0.063236
0.071716
0.072443
0.096629
0.061911
0.059270
0.052370
0.072501
0.051382
0.051269
0.044834
0.047809
0.046766
0.055326
0.045925
0.094126
0.029208
0.090551
0.021611
0.044368
0.037401
0.090515
0.055692
0.073199
0.026043
0.026043
0.100653
0.043747
0.075678
0.056401
0.012997
0.017174
0.029085
0.014255
0.006461
0.005108
0.032938
0.011718
0.038687
0.008652
0.011701
0.027864
0.007390
0.003553
0.016862
0.023075
0.005713
0.002469
0.004893
0.018308
0.016631
0.012925
0.010123
0.007243
0.006601
0.029976
0.161783
0.003275
0.006246
0.018936
0.009786
0.019383
0.044167
0.025576
0.022859
0.007533
0.046956
0.027074
0.023842
0.020958
0.022144
0.020716
0.039468
0.034796
0.023190
0.035786
0.032429
0.040079
0.023234
0.071619
0.031745
0.062912
0.028617
0.056198
0.030501
0.021714
0.028907
0.040945
0.028930
0.065839
0.047332
0.035451
0.072178
0.069421
0.067204
0.085555
0.053448
0.059956
0.059676
0.074254
0.126299
0.104813
0.080043
0.104101
0.117066
0.059087
0.199389
0.014919
0.097647
0.012203
0.052062
0.039076
0.024205
0.696382
0.016427
0.015965
0.007731
0.006378
0.006269
0.023307
0.047121
0.066877
0.019890
0.117891
0.038594
0.049046
0.143971
0.177618
0.017053
0.033251
0.047659
0.438814
0.057099
0.043036
0.072264
0.051256
0.153486
0.061901
0.108462
0.032558
0.029782
0.019031
0.039986
0.125285
0.002683
0.009641
0.005180
0.011936
0.005336
0.059437
0.022692
0.012755
0.025114
0.033241
0.107455
0.051962
0.103101
0.036712
0.110620
0.044144
0.028604
0.024902
0.026686
0.026111
0.075709
0.025972
0.025393
0.041884
0.030304
0.021790
0.035587
0.028459
0.432257
0.238044
0.073531
0.089582
0.080728
0.123180
0.034393
0.018066
0.030567
0.034209
0.095071
0.034991
0.159905
0.184455
0.012912
0.038447
0.067135
0.021897
0.108713
0.023364
0.072908
0.093209
0.019909
0.283239
0.191283
0.021593
0.029352
0.036191
0.069605
0.019422
0.019150
0.031190
0.090337
0.303332
0.384663
0.326598
0.201610
0.167525
1.000000
0.325492
0.123109
0.127336
0.618680
0.702856
0.293799
0.324625
0.112467
0.117700
0.066260
0.067971
0.058598
0.055083
0.038620
0.036551
0.039645
0.038572
0.040922
0.068622
0.033459
0.033270
0.035293
0.040114
0.045366
0.038967
0.033207
0.030155
0.031936
0.030102
0.030382
0.029878
0.031214
0.031705
0.029532
0.035845
0.028297
0.026762
0.031009
0.033565
0.030484
0.040767
0.025545
0.032820
0.025716
0.027226
0.028033
0.020950
0.020152
0.025646
0.028611
0.027257
0.022075
0.038895
0.026414
0.022827
0.016905
0.023582
0.016483
0.041154
0.015240
0.014021
0.015914
0.017769
0.011468
0.014817
0.015105
0.012742
0.014223
0.012833
0.016125
0.009932
0.012592
0.012311
0.019399
0.020610
0.014240
0.018175
0.011823
0.015610
0.020910
0.010212
0.010467
0.010913
0.011185
0.010418
0.013592
0.009869
0.010814
0.008631
0.009347
0.009814
0.009982
0.006956
0.008733
0.018598
0.021112
0.008781
0.008021
0.008150
0.011113
0.012392
0.009040
0.008229
0.007009
0.009991
0.008190
0.009649
0.009369
0.007000
0.006762
0.009369
0.030773
0.019382
0.017222
0.014719
0.012101
0.011133
0.010042
0.018002
0.018149
0.020928
0.022303
0.020122
0.017752
0.024468
0.028178
0.020599
0.021674
0.022487
0.024183
0.022686
0.048561
0.044759
0.048119
0.040718
0.054961
0.054529
0.055405
0.065187
0.039829
0.083073
0.069682
0.079068
0.079588
0.069457
0.068636
0.082108
0.082083
0.078938
0.066910
0.067223
0.064625
0.098298
0.063199
0.052485
0.044253
0.042896
0.046785
0.025243
0.030794
0.049520
0.072288
0.088814
0.066997
0.034714
0.039519
0.027269
0.026014
0.026407
0.024896
0.028212
0.029877
0.018952
0.018233
0.022599
0.015049
0.017144
0.016319
0.017600
0.019310
0.017313
0.019946
0.034695
0.025289
0.021728
0.015898
0.051497
0.044235
0.023680
0.012675
0.008928
0.011584
0.026027
0.032874
0.012196
0.010696
0.020819
0.096065
0.009769
0.010567
0.011268
0.018325
0.011079
0.015205
0.012080
0.019095
0.084953
0.012540
0.026640
0.019582
0.010219
0.009340
0.019095
0.014512
0.011812
0.011919
0.018802
0.009351
0.011061
0.011036
0.011508
0.016293
0.010838
0.010428
0.011812
0.018113
0.041180
0.024857
0.011268
0.018377
0.019690
0.016291
0.012244
0.015504
0.047537
0.014843
0.017259
0.015982
0.020745
0.017958
0.018048
0.008908
0.045591
0.060029
0.030131
0.035451
0.031704
0.029651
0.029169
0.037911
0.031530
0.025814
0.047735
0.034018
0.083395
0.048902
0.049611
0.046384
0.053270
0.050397
0.075092
0.062188
0.049766
0.073085
0.070526
0.050535
0.125023
0.053713
0.078897
0.050031
0.054944
0.076304
0.052234
0.060505
0.049223
0.061329
0.084859
0.050080
0.070522
0.114487
0.121889
0.061959
0.054008
0.053146
0.095841
0.050223
0.089070
0.119111
0.043092
0.041778
0.050391
0.065985
0.053131
0.055876
0.078847
0.042989
0.043134
0.067739
0.048107
0.047925
0.030201
0.018202
0.031240
0.022015
0.042924
0.028809
0.058392
0.014424
0.026002
0.040417
0.029083
0.064969
0.065167
0.025082
0.082348
0.033864
0.069073
0.028240
0.026479
0.045001
0.026479
0.031150
0.028701
0.009959
0.069107
0.048324
0.016398
0.020416
0.079951
0.009959
0.051292
0.011592
0.023462
0.062039
0.006660
0.075991
0.005231
0.016950
0.010283
0.062917
0.075940
0.019689
0.010574
0.011232
0.008759
0.011488
0.017733
0.006660
0.005216
0.005421
0.005135
0.047006
0.037223
0.015992
0.006980
0.037327
0.008035
0.012902
0.013550
0.013385
0.008542
0.008576
0.004135
0.040612
0.005192
0.019477
0.012316
0.010143
0.018509
0.007494
0.031152
0.011922
0.006314
0.010627
0.016004
0.010635
0.013761
0.037957
0.012825
0.008759
0.017733
0.027262
0.109924
0.036078
0.024620
0.026740
0.021230
0.013963
0.498841
0.132750
0.020178
0.175197
0.020653
0.011053
0.006314
0.020127
0.004135
0.007434
0.009898
0.005693
0.007943
0.007361
0.021880
0.007173
0.010550
0.029095
0.012362
0.039868
0.157052
0.017514
0.015745
0.024498
0.010296
0.012978
0.023119
0.012978
0.018845
0.005865
0.009326
0.009074
0.006314
0.007513
0.009928
0.010831
0.008136
0.007169
0.006544
0.006483
0.007080
0.022839
0.005561
0.005193
0.006375
0.005520
0.006221
0.007376
0.009474
0.005455
0.006178
0.009977
0.009898
0.008724
0.013994
0.006168
0.008724
0.006234
0.030451
0.022077
0.015394
0.017207
0.005693
0.027984
0.075446
0.026798
0.017823
0.008155
0.017294
0.008167
0.010978
0.014984
0.037554
0.092036
0.373216
0.117227
0.050581
0.062413
0.093105
0.030018
0.063978
0.009018
0.012036
0.021592
0.023214
0.022459
0.010408
0.013402
0.028307
0.030100
0.035420
0.028307
0.036998
0.022036
0.032296
0.039079
0.042112
0.026348
0.026164
0.037291
0.103522
0.056390
0.037333
0.034831
0.043254
0.049876
0.040302
0.032439
0.044450
0.040636
0.045421
0.028480
0.034368
0.028349
0.061413
0.039268
0.074261
0.094154
0.026970
0.052447
0.034840
0.027541
0.034589
0.031271
0.028023
0.034283
0.060532
0.031077
0.034681
0.047952
0.034954
0.039808
0.038422
0.049617
0.047974
0.032863
0.041017
0.049103
0.041454
0.042924
0.050314
0.046028
0.051517
0.018202
0.038932
0.107764
0.034267
0.033611
0.039400
0.046495
0.042544
0.044324
0.056821
0.043001
0.047741
0.070756
0.042850
0.029149
0.054395
0.036252
0.036552
0.151659
0.036836
0.055605
0.032897
0.080108
0.042425
0.052381
0.020639
0.013935
0.009526
0.011926
0.011372
0.011092
0.016611
0.018783
0.021285
0.033428
0.037853
0.040480
0.026071
0.038165
0.009700
0.034368
0.011577
0.014569
0.015722
0.028154
0.025978
0.028250
0.027304
0.018182
0.064522
0.018278
0.015695
0.015670
0.032894
0.026179
0.050670
0.030319
0.021154
0.009215
0.014690
0.005192
0.013991
0.008035
0.020461
0.011927
0.033076
0.013791
0.014122
0.032546
0.026179
0.018953
0.012686
0.015753
0.027825
0.004445
0.011715
0.012185
0.013034
0.015737
0.011292
0.009317
0.014200
0.017158
0.010408
0.015020
0.016542
0.010731
0.015737
0.015793
0.013243
0.019832
0.017288
0.017372
0.018775
0.012378
0.010310
0.017045
0.017371
0.019387
0.013408
0.015261
0.009988
0.036635
0.010026
0.009988
0.020316
0.011584
0.009870
0.016435
0.011461
0.040148
0.010753
0.011977
0.017841
0.012888
0.013365
0.029556
0.013185
0.014040
0.017227
0.017745
0.017305
0.020298
0.037330
0.198160
0.073471
0.013935
0.012799
0.015302
0.016369
0.032260
0.013663
0.037330
0.028986
0.010900
0.015449
0.013047
0.025152
0.030611
0.158040
0.198347
0.063190
0.064892
0.045499
0.048688
0.051887
0.031825
0.048688
0.021988
0.035056
0.031597
0.055251
0.081872
0.074288
0.097531
0.039195
0.047247
0.035656
0.044626
0.028837
0.053247
0.032943
0.034286
0.061575
0.045425
0.042136
0.035456
0.082648
0.099840
0.108877
0.077063
0.145328
0.157066
0.177229
0.172092
0.184244
0.215586
0.187121
0.217190
0.241643
0.252043
0.365831
0.232572
0.196970
0.252040
0.571305
0.208646
0.267832
0.228252
0.263447
0.242677
0.277196
0.263547
0.278420
0.386143
0.406849
0.978048
0.160813
0.412742
0.434474
0.183600
0.149076
0.152078
0.147747
0.127055
0.154893
0.137251
0.144045
0.129442
0.113972
0.127604
0.103948
0.109555
0.184763
0.084520
0.077700
0.070830
0.081203
0.095351
0.071156
0.116635
0.077393
0.073298
0.053224
0.068907
0.059398
0.087019
0.071639
0.102849
0.053088
0.051303
0.074622
0.050927
0.038191
0.038354
0.043718
0.036322
0.053999
0.039991
0.038836
0.031271
0.031914
0.030595
0.039452
0.048193
0.130274
0.023038
0.053874
0.022446
0.022831
0.020760
0.018708
0.013878
0.016222
0.009041
0.013618
0.007703
0.005616
0.018921
0.012247
0.005059
0.012409
0.014576
0.005067
0.005306
0.004150
0.003097
0.003144
0.005166
0.002630
0.006803
0.004999
0.003288
0.006469
0.007072
0.004927
0.005187
0.007987
0.008635
0.006474
0.055930
0.008245
0.008776
0.008776
0.009221
0.009946
0.009784
0.011034
0.013122
0.012576
0.012755
0.013505
0.011005
0.012893
0.013223
0.014421
0.049765
0.017225
0.011804
0.012562
0.013406
0.012107
0.011115
0.011301
0.010926
0.013406
0.015359
0.013489
0.013343
0.019191
0.021421
0.019039
0.025536
0.022699
0.020433
0.017899
0.019609
0.019058
0.162555
0.037369
0.083840
0.041983
0.027386
0.043906
0.077292
0.041167
0.032392
0.035719
0.038344
0.029171
0.030341
0.033918
0.031922
0.031901
0.031866
0.030570
0.030702
0.031602
0.041378
0.040808
0.031093
0.029345
0.033670
0.032473
0.028457
0.030041
0.026563
0.030892
0.030705
0.027512
0.026453
0.077749
0.033174
0.020112
0.019214
0.020312
0.017254
0.016951
0.031993
0.020778
0.015036
0.009247
0.010459
0.012655
0.014573
0.011232
0.010992
0.015472
0.008490
0.011239
0.011445
0.011628
0.011232
0.010265
0.008911
0.011391
0.009241
0.010365
0.011491
0.011507
0.010504
0.010393
0.011077
0.017032
0.012669
0.010936
0.012256
0.010568
0.012701
0.012492
0.011957
0.011367
0.012331
0.011137
0.012490
0.010698
0.011660
0.012586
0.010176
0.012615
0.010651
0.013155
0.012880
0.012452
0.011735
0.018236
0.013139
0.022564
0.018793
0.018648
0.022513
0.031911
0.080226
0.048449
0.033410
0.061506
0.064319
0.110115
0.044169
0.069566
0.045276
0.052289
0.128030
0.046488
0.085834
0.045386
0.055766
0.052490
0.023632
0.013236
0.041873
0.027579
0.032238
0.020116
0.022979
0.016731
0.026399
0.033703
0.021302
0.077216
0.016919
0.017899
0.015796
0.014086
0.045968
0.011925
0.011658
0.012004
0.011573
0.010421
0.011164
0.045012
0.016287
0.010165
0.008998
0.011568
0.009294
0.011889
0.010720
0.011165
0.011687
0.008355
0.009444
0.013283
0.010041
0.009417
0.011321
0.011387
0.008999
0.011562
0.009458
0.019824
0.011533
0.201232
0.129659
0.054093
0.067162
0.041194
0.020501
0.012381
0.015306
0.020685
0.012249
0.016966
0.074036
0.194809
0.160915
0.174346
0.161188
0.019174
0.029204
0.023575
0.020116
0.040897
0.061768
0.031120
0.054058
0.049801
0.058110
0.059293
0.042600
0.030596
0.115384
0.079572
0.077388
0.050206
0.041132
0.069004
0.080350
0.082357
0.114392
0.112401
0.026106
0.036484
0.053416
0.019182
0.075795
0.068141
0.028771
0.049883
0.014467
0.013767
0.176117
0.012271
0.005913
0.019047
0.002933
0.004234
0.003501
0.008265
0.035509
0.004936
0.003967
0.023653
0.004425
0.005030
0.025724
0.028210
0.031710
0.013143
0.005142
0.004936
0.014202
0.011230
0.060485
0.020730
0.011895
0.003552
0.015678
0.040956
0.022737
0.003552
0.011230
0.008303
0.051384
0.011921
0.045196
0.010824
0.005520
0.007106
0.005112
0.002164
0.003612
0.112687
0.006049
0.004159
0.010403
0.016533
0.027419
0.030033
0.073414
0.007578
0.078583
0.024259
0.088873
0.118601
0.016290
0.010205
0.007090
0.026999
0.058357
0.014381
0.016867
0.022992
0.011792
0.028105
0.010600
0.009875
0.016936
0.019569
0.006258
0.022578
0.007553
0.007848
0.009281
0.007831
0.006736
0.007630
0.025069
0.020723
0.033878
0.005141
0.007317
0.021469
0.092037
0.013137
0.053727
0.020083
0.013458
0.046370
0.022246
0.022843
0.030069
0.047361
0.009345
0.012161
0.007630
0.007497
0.012912
0.042342
0.018301
0.007919
0.008458
0.007822
0.007685
0.036537
0.030327
0.008303
0.043428
0.009019
0.008146
0.013659
0.013659
0.007919
0.008469
0.011734
0.010652
0.346115
0.114700
0.016332
0.013867
0.008364
0.011563
0.014014
0.014101
0.013215
0.019104
0.014576
0.096271
0.024542
0.023323
0.013676
0.032843
0.014293
0.034801
0.037283
0.025476
0.031149
0.022979
0.023015
0.025161
0.023137
0.033296
0.031325
0.029673
0.040845
0.045564
0.037182
0.047063
0.039191
0.040083
0.041613
0.033141
0.034736
0.037785
0.042825
0.055256
0.044389
0.043926
0.047836
0.047877
0.044121
0.017212
0.021295
0.030556
0.036588
0.031795
0.012023
0.050931
0.035323
0.040568
0.011187
0.007674
0.010589
0.008604
0.055487
0.006924
0.010640
0.007162
0.013715
0.016907
0.049312
0.006853
0.023128
0.007634
0.007765
0.008140
0.008240
0.008705
0.015978
0.009932
0.008988
0.009134
0.008604
0.014815
0.007765
0.009296
0.010076
0.012189
0.009997
0.009960
0.011416
0.028209
0.007769
0.016172
0.007019
0.020400
0.040781
0.009091
0.008571
0.027252
0.010569
0.008413
0.014049
0.007634
0.008612
0.007924
0.009027
0.017441
0.011087
0.017303
0.026776
0.013943
0.024064
0.028921
0.037082
0.029584
0.025585
0.026523
0.031973
0.033801
0.037373
0.015459
0.032223
0.050197
0.010144
0.029025
0.029369
0.036569
0.021250
0.009827
0.028442
0.018999
0.014584
0.026327
0.020221
0.020580
0.032998
0.017303
0.027492
0.026153
0.028455
0.016942
0.014391
0.012502
0.028012
0.028532
0.026727
0.026519
0.023169
0.034360
0.009451
0.019443
0.009162
0.008194
0.009233
0.025225
0.029270
0.008231
0.015207
0.027547
0.006812
0.010816
0.010629
0.003871
0.023444
0.024698
0.015259
0.003712
0.026095
0.010637
0.013693
0.003792
0.016255
0.027809
0.013944
0.007035
0.013080
0.004629
0.005000
0.003872
0.013794
0.003358
0.029591
0.008914
0.006776
0.004322
0.013267
0.023632
0.041650
0.025477
0.011184
0.011514
0.013218
0.013863
0.011184
0.015962
0.012861
0.011054
0.013256
0.013263
0.011514
0.013213
0.008378
0.013433
0.060433
0.010917
0.013390
0.008130
0.018695
0.010081
0.013341
0.007080
0.007759
0.007187
0.012210
0.006565
0.012060
0.011101
0.044178
0.005581
0.022355
0.017644
0.011101
0.013768
0.014872
0.009075
0.023035
0.011030
0.011045
0.015281
0.093017
0.061710
0.047235
0.009132
0.013393
0.009075
0.021910
0.006587
0.009866
0.054458
0.011179
0.007941
0.009767
0.007816
0.009075
0.008688
0.006928
0.013105
0.009075
0.013628
0.006750
0.011826
0.032466
0.009307
0.009295
0.012421
0.009295
0.012410
0.014661
0.012554
0.010124
0.012342
0.028753
0.011811
0.040831
0.013723
0.073257
0.045222
0.078395
0.166185
0.013068
0.016112
0.142545
0.101455
0.023398
0.028107
0.090643
0.066779
0.112319
0.021155
0.027732
0.025578
0.023047
0.063705
0.046735
0.025994
0.074499
0.203019
0.024530
0.020665
0.049543
0.084645
0.020211
0.032654
0.022186
0.075183
0.060216
0.013723
0.028147
0.041476
0.029223
0.027657
0.024183
0.057536
0.026366
0.056375
0.038170
0.036386
0.033115
0.070484
0.069875
0.052860
0.046079
0.052085
0.046973
0.049639
0.049967
0.042448
0.052516
0.043123
0.038853
0.036357
0.035260
0.040512
0.042000
0.070084
0.027512
0.022834
0.026139
0.022834
0.018673
0.020048
0.021302
0.015384
0.022521
0.032534
0.014556
0.019919
0.020774
0.015248
0.019356
0.015591
0.015572
0.020908
0.013264
0.013925
0.029967
0.017293
0.012997
0.032361
0.011121
0.015572
0.015325
0.011687
0.011947
0.005297
0.005827
0.008047
0.005309
0.007409
0.007866
0.008419
0.012670
0.003656
0.004697
0.004191
0.068264
0.003772
0.011860
0.004441
0.004365
0.011675
0.010386
0.010067
0.011810
0.003642
0.004777
0.004768
0.006053
0.008289
0.008718
0.047533
0.022320
0.031181
0.018574
0.009830
0.047110
0.009055
0.010837
0.009987
0.011086
0.007885
0.015059
0.013796
0.009972
0.013815
0.017032
0.011340
0.017750
0.015993
0.016035
0.028444
0.035394
0.017580
0.020676
0.012101
0.021705
0.045947
0.080858
0.013413
0.016358
0.015052
0.018350
0.013845
0.014626
0.014464
0.021220
0.034418
0.075373
0.014343
0.015385
0.029939
0.018352
0.020385
0.014862
0.010306
0.022177
0.028613
0.033523
0.045415
0.023796
0.023073
0.014708
0.014315
0.020934
0.043339
0.009585
0.009954
0.010811
0.013409
0.022735
0.010946
0.019688
0.016509
0.013145
0.039433
0.012272
0.013209
0.013005
0.024480
0.013005
0.017700
0.014323
0.023552
0.012663
0.012663
0.060686
0.011900
0.011840
0.009276
0.013907
0.014426
0.014539
0.013630
0.014488
0.011356
0.010653
0.010728
0.017567
0.014080
0.023998
0.033118
0.013702
0.012047
0.014003
0.013142
0.009377
0.021516
0.025326
0.012749
0.008627
0.009427
0.015033
0.010819
0.009784
0.010125
0.012552
0.016895
0.009635
0.026300
0.009218
0.012133
0.009206
0.011922
0.011448
0.013571
0.013515
0.088940
0.018465
0.015112
0.018427
0.030812
0.063785
0.026739
0.015428
0.020534
0.014539
0.016535
0.038173
0.016454
0.019613
0.020548
0.019590
0.016359
0.024269
0.018557
0.018591
0.022997
0.024713
0.026487
0.030319
0.027819
0.029963
0.029780
0.050163
0.209470
0.035299
0.035314
0.033908
0.037488
0.040267
0.039552
0.067116
0.070739
0.059041
0.050474
0.051522
0.075717
0.051015
0.064425
0.091690
0.095970
0.103834
0.083454
0.080964
0.095970
0.104027
0.104956
0.090704
0.065243
0.081258
0.179190
0.075007
0.073861
0.087996
0.071523
0.068460
0.072795
0.067667
0.070716
0.075445
0.101526
0.217233
0.124442
0.079196
0.118401
0.056623
0.058178
0.044003
0.042260
0.049404
0.045940
0.092105
0.123200
0.024293
0.026673
0.020033
0.017022
0.110876
0.158674
0.154566
0.140178
0.173860
0.133796
0.111616
0.071112
0.092597
0.077255
0.111968
0.128963
0.101091
0.106695
0.256756
0.116987
0.128535
0.061094
0.022702
0.029772
0.059667
0.024733
0.059185
0.059591
0.039130
0.032772
0.032343
0.029894
0.024531
0.023531
0.022130
0.016696
0.054464
0.025417
0.019405
0.026314
0.026397
0.066284
0.002824
0.038747
0.018979
0.008570
0.028713
0.011602
0.007884
0.026324
0.013636
0.033533
0.040996
0.030578
0.094069
0.072379
0.091061
0.105372
0.063335
0.109570
0.094060
0.128963
0.090437
0.131270
0.086324
0.088700
0.003611
0.017763
0.005215
0.004481
0.010213
0.016567
0.050690
0.021428
0.132296
0.131111
0.118838
0.069157
0.076819
0.071503
0.052868
0.075470
0.094031
0.038311
0.062518
0.028203
0.015104
0.064572
0.068903
0.008513
0.024531
0.046671
0.014277
0.023257
0.026388
0.010549
0.004327
0.003865
0.021371
0.008054
0.004432
0.064219
0.008207
0.004948
0.022011
0.013685
0.027860
0.009086
0.046427
0.025194
0.011837
0.025919
0.017541
0.028411
0.012735
0.026278
0.007544
0.009981
0.031672
0.027919
0.016914
0.035109
0.026254
0.012223
0.017541
0.008935
0.006430
0.010099
0.004137
0.012527
0.008207
0.023482
0.005117
0.010099
0.007893
0.009191
0.007912
0.006716
0.006704
0.009329
0.003593
0.007796
0.026809
0.007808
0.009096
0.009384
0.019405
0.003648
0.001770
0.006608
0.033789
0.004481
0.012735
0.013584
0.007774
0.009051
0.112092
0.005788
0.022330
0.070116
0.020056
0.076845
0.106223
0.073865
0.096573
0.030451
0.108035
0.012735
0.016741
0.020479
0.070386
0.007796
0.004756
0.018058
0.040388
0.011388
0.104699
0.078501
0.076199
0.096573
0.053147
0.064748
0.055725
0.070374
0.106390
0.004731
0.008126
0.079373
0.012352
0.084633
0.043916
0.025277
0.018756
0.049269
0.023253
0.020579
0.078495
0.015033
0.049269
0.113457
0.026573
0.004802
0.019013
0.057136
0.052769
0.099221
0.089770
0.078530
0.086000
0.069197
0.069197
0.090746
0.151493
0.153362
0.130481
0.127856
0.094067
0.089361
0.066598
0.062393
0.064511
0.074997
0.050111
0.067106
0.012329
0.024505
0.010430
0.012336
0.028865
0.006691
0.007577
0.015600
0.030376
0.044004
0.088068
0.041722
0.006793
0.007924
0.006059
0.006615
0.078924
0.009027
0.005540
0.010228
0.006408
0.027841
0.006129
0.006040
0.011372
0.009607
0.018819
0.188270
0.068276
0.006076
0.131413
0.012095
0.006502
0.058064
0.006662
0.025525
0.005966
0.077360
0.005772
0.006254
0.070580
0.007335
0.009506
0.005445
0.013515
0.011856
0.007200
0.007924
0.041695
0.006373
0.010286
0.006078
0.019584
0.009600
0.006726
0.027691
0.083281
0.006114
0.027324
0.009705
0.009607
0.005540
0.064667
0.077365
0.006287
0.051308
0.014414
0.014568
0.007422
0.086949
0.092709
0.083973
0.069423
0.096518
0.198636
0.085051
0.005871
0.088108
0.006120
0.021833
0.007475
0.087020
0.119854
0.179304
0.224319
0.134921
0.153647
0.246285
0.326124
0.159134
0.174383
0.153231
0.111577
0.063398
0.077451
0.068038
0.058981
0.085220
0.106367
0.095310
0.069435
0.104252
0.118043
0.118352
0.118813
0.098722
0.105550
0.091112
0.067448
0.065633
0.034981
0.045137
0.043612
0.028976
0.042211
0.017776
0.011573
0.008603
0.021019
0.007565
0.009250
0.009671
0.018668
0.009958
0.024780
0.007680
0.015468
0.014643
0.022056
0.006580
0.004433
0.004167
0.052132
0.007836
0.063938
0.008699
0.009101
0.004167
0.008665
0.063392
0.004945
0.005225
0.004100
0.015038
0.024761
0.003472
0.021193
0.014641
0.014694
0.010657
0.012864
0.016207
0.062098
0.053909
0.015361
0.029479
0.007000
0.004484
0.029145
0.012711
0.034322
0.009785
0.005745
0.015114
0.135311
0.020940
0.005212
0.021977
0.018547
0.005392
0.016602
0.016500
0.028923
0.014241
0.005853
0.009281
0.012455
0.013500
0.014092
0.011556
0.032375
0.014268
0.033235
0.032355
0.035170
0.038354
0.030037
0.035467
0.038337
0.034246
0.040314
0.039671
0.028545
0.026725
0.025595
0.024355
0.023144
0.017566
0.015432
0.015459
0.018423
0.011562
0.008282
0.005363
0.010711
0.004925
0.008934
0.001459
0.018275
0.050398
0.044934
0.083618
0.070116
0.156899
0.108723
0.099866
0.135934
0.007114
0.007231
0.013053
0.036865
0.012974
0.030587
0.076327
0.008656
0.007842
0.020763
0.001201
0.000735
0.007494
0.001381
0.003507
0.007268
0.000000
0.008016
0.020753
0.018064
0.010640
0.011731
0.022012
0.030290
0.008781
0.021876
0.045071
0.001370
0.004968
0.004886
0.009227
0.008705
0.002439
0.001942
0.026522
0.016790
0.007367
0.023249
0.047728
0.031111
0.062919
0.046737
0.013782
0.021129
0.035513
0.026091
0.071992
0.012224
0.022095
0.026091
0.022000
0.029806
0.160086
0.100049
0.007350
0.052154
0.057160
0.013782
0.008895
0.021610
0.036496
0.014714
0.022114
0.020176
0.021086
0.022297
0.015207
0.032351
0.141925
0.209602
0.000894
0.006051
0.067357
0.008889
0.008579
0.035323
0.014297
0.024365
0.023148
0.023795
0.025290
0.020952
0.024837
0.024685
0.045488
0.006441
0.006012
0.023602
0.026587
0.025084
0.025603
0.021119
0.022541
0.021184
0.024579
0.026654
0.023533
0.044124
0.007231
0.095974
0.013751
0.025222
0.026685
0.030128
0.065560
0.029439
0.023821
0.028565
0.018918
0.049694
0.013921
0.026782
0.023938
0.021004
0.023949
0.004531
0.016375
0.023487
0.019154
0.007495
0.024424
0.024113
0.009676
0.010560
0.023276
0.032218
0.027830
0.023223
0.016882
0.018214
0.023808
0.021537
0.022887
0.027344
0.046899
0.020483
0.008419
0.008942
0.008942
0.008399
0.010131
0.014275
0.009428
0.008809
0.009285
0.008294
0.009812
0.011694
0.016925
0.011407
0.013476
0.027723
0.010179
0.009966
0.021137
0.008249
0.028050
0.021865
0.009019
0.032683
0.008719
0.008834
0.007466
0.017142
0.024495
0.018217
0.021865
0.012538
0.029057
0.008493
0.016918
0.009386
0.008175
0.008134
0.009686
0.024123
0.017417
0.007186
0.024973
0.009015
0.011772
0.014316
0.007811
0.022419
0.008156
0.007735
0.008436
0.017663
0.020481
0.008025
0.007749
0.013001
0.015649
0.008928
0.009550
0.015450
0.008650
0.009929
0.024500
0.028487
0.023335
0.023570
0.030973
0.032293
0.023946
0.024013
0.028574
0.011627
0.020496
0.028651
0.028539
0.022689
0.020422
0.021816
0.032946
0.033201
0.029498
0.031459
0.027851
0.025856
0.023379
0.024675
0.028153
0.025021
0.028633
0.026501
0.022689
0.027361
0.029418
0.029172
0.024006
0.088528
0.029623
0.024443
0.023294
0.024640
0.019512
0.012136
0.021333
0.023190
0.022299
0.026064
0.026044
0.028875
0.020799
0.019032
0.016558
0.016125
0.017958
0.020602
0.011809
0.015954
0.024059
0.016225
0.020157
0.014218
0.012662
0.011321
0.010698
0.009552
0.006966
0.009018
0.010450
0.019690
0.019618
0.021291
0.007910
0.012532
0.009148
0.008921
0.011377
0.010286
0.011488
0.007979
0.024385
0.021339
0.011423
0.022494
0.024500
0.019124
0.015069
0.013966
0.016863
0.008811
0.009292
0.010861
0.008165
0.008404
0.011270
0.010571
0.012789
0.010570
0.010030
0.011972
0.021959
0.019828
0.029947
0.016972
0.013552
0.018051
0.021173
0.009217
0.010721
0.022168
0.022362
0.020129
0.012645
0.014853
0.024367
0.024659
0.017274
0.011707
0.035418
0.033756
0.053875
0.064486
0.014709
0.036896
0.022397
0.051331
0.028967
0.007982
0.021530
0.004344
0.007505
0.008425
0.015471
0.021841
0.010393
0.009750
0.011933
0.032860
0.007554
0.033540
0.004344
0.087087
0.017392
0.031845
0.005019
0.015733
0.007211
0.021530
0.008849
0.013752
0.008588
0.005067
0.003496
0.005294
0.018518
0.010364
0.011393
0.008755
0.031553
0.060102
0.031154
0.026428
0.178627
0.018545
0.037132
0.003552
0.045975
0.017526
0.089050
0.041575
0.006829
0.007749
0.013744
0.005375
0.033230
0.004406
0.006422
0.095084
0.014644
0.020255
0.007882
0.005302
0.004759
0.004167
0.002819
0.016437
0.002182
0.028325
0.016085
0.023503
0.008636
0.007034
0.056542
0.107286
0.003023
0.002727
0.005054
0.022809
0.072205
0.004277
0.042218
0.021058
0.017846
0.003275
0.033966
0.009502
0.002763
0.012550
0.026468
0.004130
0.020329
0.006317
0.029140
0.016959
0.006971
0.015636
0.027949
0.290101
0.231430
0.045165
0.022955
0.039425
0.050327
0.069062
0.021762
0.031136
0.043346
0.035954
0.025309
0.020457
0.065790
0.093258
0.038957
0.069062
0.045897
0.034202
0.029889
0.023206
0.021541
0.019907
0.021911
0.020622
0.013905
0.016867
0.022787
0.046915
0.041284
0.018022
0.016103
0.020622
0.013010
0.012741
0.014635
0.012687
0.014956
0.098775
0.012047
0.013806
0.012443
0.011947
0.011641
0.010214
0.012648
0.011334
0.014312
0.012039
0.011876
0.008839
0.014362
0.010478
0.010601
0.024257
0.015987
0.011657
0.011744
0.011829
0.011707
0.011026
0.012626
0.010661
0.007604
0.010087
0.008068
0.007827
0.009140
0.009140
0.008721
0.012028
0.011876
0.018013
0.011867
0.017327
0.163510
0.034533
0.025979
0.057694
0.013324
0.015017
0.026721
0.011043
0.015694
0.013356
0.014566
0.014229
0.013384
0.013435
0.015096
0.015480
0.015176
0.017899
0.018323
0.017963
0.017273
0.018677
0.018144
0.016487
0.025426
0.018431
0.017415
0.016961
0.017413
0.026327
0.019390
0.020485
0.021501
0.017675
0.018646
0.018407
0.018753
0.019611
0.020629
0.020330
0.019742
0.024301
0.018601
0.019885
0.024046
0.042694
0.037141
0.026677
0.029009
0.065087
0.041787
0.044290
0.035305
0.032740
0.049718
0.035144
0.034749
0.042207
0.060682
0.040665
0.064829
0.047983
0.051052
0.045119
0.045721
0.039780
0.044508
0.046871
0.057813
0.033338
0.039085
0.025274
0.026799
0.080470
0.158149
0.189404
0.031641
0.057159
0.041713
0.117952
0.128251
0.167397
0.100340
0.053162
0.017182
0.041247
0.086653
0.025528
0.032907
0.017166
0.038353
0.015031
0.006326
0.009619
0.042026
0.110286
0.045679
0.027383
0.038353
0.014079
0.053867
0.056494
0.040761
0.019255
0.025214
0.046692
0.008080
0.025143
0.024383
0.063442
0.085679
0.014203
0.039755
0.016843
0.003217
0.002738
0.105497
0.025859
0.008330
0.038364
0.034022
0.072240
0.007498
0.047568
0.005528
0.019290
0.004331
0.002965
0.009200
0.007121
0.006326
0.010004
0.034507
0.007641
0.002601
0.008340
0.002678
0.015984
0.003206
0.013372
0.003094
0.025285
0.010068
0.015758
0.006075
0.011414
0.017165
0.004711
0.006563
0.030932
0.005384
0.006419
0.006419
0.025827
0.004705
0.009812
0.006075
0.005570
0.005614
0.024379
0.005771
0.005770
0.008237
0.008062
0.044570
0.010149
0.050585
0.033892
0.035894
0.024977
0.047264
0.012107
0.012318
0.033694
0.010935
0.013908
0.016735
0.015278
0.011134
0.018456
0.034933
0.032841
0.012318
0.012318
0.018054
0.010001
0.023420
0.023420
0.021658
0.032650
0.022366
0.016244
0.042384
0.034073
0.051146
0.030365
0.042098
0.041470
0.054333
0.050625
0.052930
0.041696
0.041698
0.042955
0.041885
0.026362
0.039983
0.039774
0.028465
0.022845
0.017799
0.019137
0.028633
0.051189
0.028553
0.035073
0.021649
0.034062
0.018465
0.034391
0.027577
0.031877
0.055224
0.018032
0.017066
0.019635
0.017211
0.024252
0.018706
0.079681
0.024882
0.058571
0.018659
0.020529
0.020840
0.020728
0.020728
0.019742
0.019336
0.020984
0.020075
0.018715
0.019608
0.020994
0.020994
0.021100
0.018234
0.018048
0.021871
0.017662
0.017593
0.019587
0.020493
0.021208
0.026632
0.020896
0.023845
0.028675
0.022134
0.040082
0.024311
0.023650
0.020567
0.020282
0.046598
0.048611
0.015809
0.019502
0.015857
0.015857
0.016251
0.023645
0.020705
0.016691
0.016118
0.012956
0.014739
0.013270
0.016251
0.019854
0.015298
0.015982
0.027038
0.032761
0.047937
0.015186
0.014560
0.012396
0.025030
0.025223
0.178539
0.015077
0.013610
0.010208
0.016311
0.016113
0.012085
0.008870
0.011489
0.008991
0.013176
0.013202
0.013202
0.010751
0.011006
0.006507
0.006544
0.017521
0.022750
0.018225
0.028583
0.043468
0.020014
0.026678
0.034483
0.031611
0.015187
0.049746
0.053354
0.018759
0.065077
0.044425
0.013256
0.018679
0.013100
0.041045
0.017784
0.050451
0.015625
0.017593
0.012518
0.014448
0.012688
0.007411
0.007608
0.017233
0.007608
0.008697
0.011478
0.010519
0.018032
0.019384
0.016978
0.019143
0.017500
0.019638
0.024832
0.024931
0.024263
0.033234
0.026798
0.021909
0.023664
0.022378
0.022873
0.022623
0.044985
0.081701
0.180483
0.059613
0.089686
0.093093
0.019352
0.016314
0.012208
0.021312
0.013106
0.019236
0.011757
0.014989
0.012097
0.008112
0.011862
0.006204
0.009976
0.009886
0.009564
0.057172
0.009939
0.016384
0.044464
0.024109
0.018668
0.010129
0.007213
0.007516
0.008603
0.009472
0.010059
0.006351
0.006635
0.005277
0.005571
0.007234
0.006713
0.006695
0.008833
0.007685
0.008376
0.007728
0.011633
0.007617
0.010318
0.007890
0.011993
0.009108
0.008227
0.009082
0.011710
0.011535
0.011334
0.013959
0.013777
0.013350
0.014657
0.012567
0.014625
0.019106
0.018867
0.017490
0.026313
0.019648
0.016929
0.016302
0.024395
0.017842
0.023266
0.023833
0.023198
0.023368
0.025236
0.026519
0.023380
0.023742
0.026012
0.022437
0.023205
0.020930
0.021563
0.022931
0.023626
0.020552
0.022206
0.020557
0.022065
0.020974
0.020331
0.021159
0.025297
0.030189
0.022232
0.019964
0.024566
0.020528
0.018693
0.018735
0.020401
0.019124
0.020142
0.106144
0.064090
0.135144
0.025546
0.030124
0.019366
0.023367
0.021995
0.019550
0.018992
0.018805
0.019333
0.019092
0.020522
0.024979
0.019458
0.019497
0.018789
0.020808
0.017181
0.018640
0.282779
0.024391
0.015286
0.015747
0.015708
0.016274
0.015623
0.018949
0.015858
0.015862
0.014671
0.014702
0.013738
0.021052
0.013876
0.013132
0.013752
0.011517
0.011022
0.012755
0.013245
0.013313
0.170783
0.012582
0.010371
0.011068
0.011268
0.011253
0.009632
0.010120
0.011438
0.010682
0.010953
0.010691
0.011912
0.010511
0.011365
0.009371
0.007802
0.010116
0.009187
0.007423
0.007278
0.007929
0.007241
0.008249
0.006898
0.007243
0.007611
0.007389
0.007494
0.006760
0.007243
0.008652
0.009570
0.112545
0.084454
0.109509
0.024701
0.051126
0.145575
0.151047
0.086316
0.034958
0.017514
0.017514
0.013426
0.016917
0.013270
0.013358
0.012566
0.015532
0.012961
0.013003
0.013003
0.013105
0.018928
0.013089
0.014820
0.015461
0.014796
0.014889
0.015994
0.016003
0.013956
0.013956
0.013920
0.013483
0.014294
0.013885
0.013060
0.012727
0.013227
0.014070
0.014015
0.015157
0.015553
0.015192
0.015426
0.015713
0.015965
0.018124
0.017609
0.017289
0.017831
0.017033
0.017127
0.017224
0.015855
0.016041
0.016406
0.015912
0.015780
0.016663
0.015793
0.016974
0.017405
0.016752
0.019976
0.017846
0.017810
0.016931
0.018353
0.020094
0.017973
0.018563
0.018557
0.018330
0.016975
0.016936
0.018280
0.018420
0.019657
0.021657
0.020228
0.020767
0.021116
0.022936
0.022447
0.024613
0.021326
0.021137
0.020526
0.019770
0.020276
0.021936
0.026668
0.037135
0.026877
0.027188
0.022212
0.022948
0.021913
0.021740
0.021123
0.021737
0.021022
0.021737
0.023805
0.032488
0.055705
0.038846
0.028631
0.025563
0.024175
0.025183
0.024510
0.025300
0.026411
0.024560
0.024707
0.025399
0.025320
0.027030
0.024635
0.023273
0.022517
0.024251
0.022860
0.025138
0.024483
0.023596
0.022333
0.023540
0.021051
0.019516
0.019909
0.020176
0.018671
0.018671
0.019816
0.016522
0.018097
0.016467
0.017528
0.018025
0.017219
0.016606
0.016295
0.016388
0.015962
0.016550
0.016686
0.021865
0.016259
0.016095
0.013967
0.020934
0.010147
0.010804
0.010324
0.007323
0.008351
0.007323
0.011243
0.007439
0.007552
0.006325
0.005622
0.004167
0.005182
0.004826
0.004002
0.005880
0.004701
0.004090
0.010635
0.006772
0.004745
0.008721
0.008140
0.009125
0.010623
0.009932
0.012399
0.009465
0.011068
0.012914
0.012331
0.011925
0.013689
0.014866
0.014866
0.015489
0.015538
0.015555
0.014766
0.015330
0.015230
0.014119
0.014119
0.014119
0.015464
0.015342
0.016793
0.018182
0.017488
0.014171
0.014171
0.015647
0.021044
0.014762
0.023856
0.015737
0.015802
0.025037
0.017516
0.019866
0.022636
0.023448
0.025340
0.022093
0.026360
0.263015
0.116815
0.036143
0.065778
0.154813
0.142443
0.041260
0.026278
0.021890
0.030169
0.015896
0.014811
0.016723
0.021429
0.017198
0.017841
0.014872
0.013935
0.014720
0.012891
0.015255
0.012771
0.020803
0.015022
0.013651
0.018502
0.019367
0.014520
0.014847
0.015510
0.015535
0.015408
0.014741
0.015259
0.016296
0.016097
0.015408
0.014805
0.015768
0.013373
0.012886
0.015363
0.015579
0.015498
0.015844
0.014202
0.014062
0.015426
0.014062
0.016357
0.017110
0.014062
0.013889
0.021704
0.023095
0.026389
0.021544
0.014418
0.014331
0.014832
0.015554
0.013800
0.015542
0.015467
0.013706
0.014121
0.016017
0.019484
0.020913
0.017493
0.019825
0.019595
0.021630
0.022087
0.024002
0.023763
0.021554
0.021760
0.018404
0.016960
0.019888
0.018684
0.020978
0.021588
0.020515
0.017150
0.015872
0.015492
0.015639
0.016663
0.015606
0.016185
0.015025
0.015635
0.015755
0.018105
0.015725
0.014467
0.016803
0.023958
0.027712
0.027693
0.019204
0.021871
0.018558
0.019039
0.019398
0.019312
0.018277
0.023008
0.022877
0.018119
0.023153
0.023010
0.023679
0.023554
0.022535
0.023554
0.023363
0.025903
0.029103
0.029790
0.140535
0.203882
0.025813
0.147216
0.062859
0.255825
0.040890
0.015410
0.017829
0.016439
0.015449
0.012820
0.023046
0.022145
0.007987
0.007122
0.009774
0.029109
0.007868
0.007681
0.007561
0.007699
0.020274
0.013561
0.007395
0.008556
0.012738
0.010803
0.008127
0.018886
0.009945
0.007034
0.008549
0.007548
0.006819
0.008067
0.008463
0.009537
0.009285
0.007737
0.009332
0.007655
0.007187
0.008693
0.007419
0.008268
0.010246
0.008103
0.006653
0.008408
0.009061
0.007653
0.039908
0.010772
0.013503
0.011939
0.012410
0.012964
0.012964
0.010552
0.011863
0.011863
0.019721
0.012826
0.018449
0.016810
0.026020
0.032892
0.036133
0.040737
0.047625
0.028762
0.047861
0.064850
0.105480
0.108832
0.099988
0.105321
0.082283
0.075906
0.084825
0.097903
0.082983
0.081261
0.094517
0.092666
0.093942
0.006883
0.007533
0.024143
0.081033
0.018792
0.118321
0.107385
0.031399
0.051798
0.030170
0.016812
0.027442
0.020853
0.031779
0.020258
0.032116
0.018303
0.010700
0.007119
0.010052
0.033103
0.026763
0.007019
0.285761
0.063273
0.020463
0.055596
0.118908
0.083494
0.007919
0.006198
0.020309
0.020366
0.006881
0.006198
0.007497
0.007435
0.007748
0.007802
0.007219
0.008188
0.008480
0.008924
0.006875
0.006972
0.008115
0.006175
0.009261
0.007230
0.009804
0.006429
0.101834
0.102754
0.006175
0.006626
0.021118
0.012148
0.021756
0.036529
0.006175
0.135726
0.049442
0.006775
0.008497
0.011424
0.006994
0.005988
0.044038
0.006092
0.015541
0.007735
0.025926
0.169595
0.018258
0.037955
0.038063
0.037689
0.041124
0.038088
0.006175
0.008216
0.034920
0.034324
0.019896
0.008414
0.010617
0.034038
0.023763
0.028733
0.036007
0.030104
0.009362
0.026904
0.029417
0.026934
0.023532
0.030422
0.028767
0.020492
0.033245
0.031147
0.033213
0.032402
0.021908
0.023978
0.026934
0.027983
0.014509
0.024995
0.034236
0.033573
0.017562
0.035353
0.043271
0.036791
0.041110
0.018877
0.011429
0.012265
0.018246
0.020744
0.017519
0.012667
0.014120
0.040964
0.018161
0.024829
0.014185
0.043960
0.018283
0.016097
0.015761
0.098375
0.035574
0.021389
0.025435
0.022810
0.017030
0.016680
0.017164
0.017487
0.018131
0.021961
0.031047
0.016792
0.031495
0.016043
0.022199
0.017320
0.017388
0.044407
0.017850
0.019442
0.020220
0.025015
0.042586
0.027356
0.026320
0.027149
0.023538
0.049228
0.030634
0.030318
0.026775
0.026541
0.082467
0.027156
0.029653
0.075662
0.032670
0.065343
0.078010
0.067177
0.077887
0.076261
0.082015
0.084185
0.072203
0.081378
0.083491
0.080328
0.075478
0.075039
0.066392
0.064109
0.065634
0.068435
0.095962
0.052860
0.051819
0.058787
0.068112
0.053181
0.057906
0.052620
0.057386
0.038266
0.047771
0.057989
0.039625
0.041676
0.030733
0.022054
0.027715
0.103728
0.004581
0.012914
0.014152
0.014430
0.002508
0.021631
0.039015
0.062871
0.049631
0.092160
0.106913
0.031088
0.074321
0.012619
0.005679
0.005968
0.002196
0.017847
0.021834
0.016717
0.011756
0.035907
0.021624
0.005074
0.029713
0.005048
0.004341
0.002716
0.046196
0.021173
0.012450
0.030316
0.031278
0.012784
0.019454
0.011756
0.004266
0.010375
0.004261
0.012482
0.005654
0.033194
0.006557
0.003932
0.005966
0.002774
0.009290
0.015624
0.003147
0.004072
0.004682
0.007627
0.064466
0.009199
0.006970
0.012625
0.008946
0.008946
0.017251
0.039981
0.050894
0.051972
0.021397
0.011756
0.004348
0.041439
0.024888
0.015960
0.009620
0.015557
0.078897
0.024763
0.017039
0.037559
0.039277
0.017210
0.029493
0.066918
0.077936
0.053409
0.066203
0.048470
0.149079
0.135372
0.058576
0.112819
0.180733
0.223592
0.147113
0.288908
0.237638
0.292422
0.283498
0.288908
0.321173
0.321111
0.293298
0.323942
0.152465
0.051386
0.106128
0.237556
0.153907
0.104360
0.017770
0.020849
0.020028
0.005570
0.005085
0.004339
0.005098
0.066461
0.018723
0.007332
0.028636
0.021926
0.011788
0.003419
0.013432
0.129151
0.053994
0.045512
0.054102
0.018723
0.004939
0.046564
0.022380
0.021239
0.003390
0.035374
0.013432
0.007103
0.007994
0.003806
0.054277
0.044413
0.010761
0.008383
0.016830
0.008383
0.043599
0.025229
0.044995
0.005200
0.010761
0.054739
0.005270
0.026432
0.007336
0.015768
0.003259
0.016056
0.005014
0.004339
0.005559
0.010593
0.005900
0.003199
0.002748
0.002846
0.011849
0.010895
0.008616
0.020904
0.002870
0.013462
0.053932
0.029482
0.033464
0.020695
0.042657
0.003676
0.031694
0.003150
0.006820
0.031533
0.025059
0.022201
0.033403
0.073586
0.011146
0.011646
0.023302
0.011528
0.037630
0.011528
0.011320
0.016877
0.026100
0.088955
0.081638
0.033581
0.029446
0.039732
0.034828
0.031850
0.038886
0.033097
0.029358
0.035252
0.044516
0.019400
0.027949
0.040736
0.040736
0.018210
0.049870
0.043785
0.058525
0.044013
0.039861
0.025302
0.019844
0.023014
0.019562
0.017621
0.036752
0.057225
0.050055
0.014790
0.017236
0.016025
0.021942
0.015217
0.023731
0.015863
0.018890
0.037183
0.025440
0.014053
0.294293
0.016103
0.018700
0.019352
0.028386
0.014451
0.068305
0.032415
0.020356
0.020128
0.029142
0.069850
0.037046
0.399276
0.044415
0.032874
0.058962
0.047188
0.016653
0.015377
0.017929
0.016415
0.025603
0.015864
0.033152
0.041253
0.233097
0.036977
0.098069
0.041382
0.054224
0.036599
0.100769
0.126811
0.031166
0.011603
0.014363
0.012651
0.027546
0.048546
0.214463
0.028381
0.027303
0.028696
0.044794
0.035496
0.025979
0.090567
0.086346
0.097348
0.008694
0.033184
0.012831
0.005976
0.008428
0.014316
0.009794
0.011087
0.010187
0.016603
0.011832
0.008825
0.010893
0.007896
0.010413
0.025202
0.003786
0.012018
0.003707
0.011910
0.063833
0.010287
0.020494
0.010218
0.026142
0.017937
0.020004
0.007009
0.008873
0.001455
0.001774
0.009700
0.002319
0.001278
0.010287
0.032782
0.013440
0.021849
0.015892
0.020004
0.014775
0.018881
0.024568
0.012719
0.009189
0.013400
0.009048
0.013002
0.042592
0.008285
0.016293
0.388965
0.002079
0.002534
0.010783
0.002183
0.008154
0.008428
0.020898
0.015596
0.031310
0.008285
0.008776
0.002557
0.014775
0.009048
0.001144
0.041426
0.016133
0.008408
0.054308
0.023627
0.026746
0.119457
0.085367
0.037074
0.055133
0.004039
0.010595
0.034775
0.022280
0.014745
0.007365
0.007365
0.009698
0.010294
0.027295
0.026000
0.025733
0.026222
0.022135
0.021420
0.013953
0.016602
0.017614
0.025733
0.020001
0.020389
0.013957
0.013489
0.022623
0.024418
0.021951
0.027718
0.024394
0.013621
0.044445
0.011390
0.011763
0.016991
0.024139
0.020769
0.081924
0.030094
0.072126
0.036667
0.023659
0.018193
0.018518
0.025034
0.030255
0.033778
0.022736
0.035162
0.093302
0.037271
0.020527
0.021072
0.019846
0.020157
0.023722
0.018155
0.028859
0.018938
0.039950
0.018703
0.018503
0.018913
0.017431
0.032423
0.023530
0.031978
0.028187
0.011447
0.038050
0.036457
0.070348
0.055366
0.012861
0.011763
0.015125
0.022513
0.004048
0.015437
0.005897
0.034641
0.025183
0.027499
0.034984
0.071622
0.036047
0.033511
0.023325
0.007816
0.005341
0.011715
0.024159
0.027340
0.003654
0.008345
0.002870
0.002931
0.029597
0.032987
0.014570
0.049972
0.120645
0.036053
0.179733
0.016921
0.166716
0.072844
0.041428
0.015828
0.015849
0.034103
0.021041
0.040182
0.034004
0.021359
0.020289
0.027275
0.077433
0.031008
0.036911
0.070092
0.030617
0.011773
0.004568
0.004537
0.048563
0.005060
0.004832
0.007866
0.065542
0.003812
0.007765
0.006948
0.004568
0.036265
0.009099
0.008227
0.004885
0.003527
0.008661
0.005040
0.006057
0.003708
0.004358
0.005193
0.006119
0.016241
0.020670
0.006748
0.021164
0.009512
0.030978
0.007058
0.012798
0.018533
0.010268
0.009848
0.007227
0.007058
0.023030
0.035630
0.047190
0.012288
0.020201
0.012660
0.013466
0.012469
0.021321
0.070392
0.091361
0.088650
0.026724
0.017337
0.020466
0.039058
0.203294
0.190791
0.054695
0.032471
0.013258
0.026850
0.013678
0.017263
0.027057
0.043450
0.022881
0.013194
0.014715
0.035971
0.010990
0.011963
0.015286
0.027780
0.065064
0.071449
0.021287
0.032527
0.023925
0.046689
0.026930
0.096142
0.090450
0.074397
0.115551
0.077585
0.068720
0.095524
0.096992
0.015444
0.049804
0.122214
0.102816
0.105275
0.107136
0.091739
0.052488
0.004455
0.008643
0.039446
0.005355
0.005459
0.004733
0.008612
0.018217
0.013591
0.015237
0.015237
0.053544
0.003578
0.008200
0.017063
0.014542
0.023877
0.009853
0.032173
0.006285
0.012276
0.003845
0.004817
0.070911
0.002862
0.004088
0.003936
0.007795
0.002281
0.021739
0.002862
0.010237
0.003096
0.004234
0.011685
0.002191
0.038702
0.088621
0.069496
0.022529
0.019599
0.016839
0.010133
0.004806
0.004922
0.076869
0.044318
0.006269
0.003690
0.003206
0.040580
0.003846
0.039426
0.020318
0.013279
0.059855
0.006742
0.005430
0.058681
0.042751
0.052608
0.020345
0.043652
0.005631
0.008699
0.010133
0.012321
0.035586
0.072080
0.058912
0.041225
0.031382
0.036171
0.066983
0.062904
0.019418
0.015805
0.015864
0.020700
0.014097
0.015805
0.016395
0.038725
0.032974
0.031375
0.031619
0.030251
0.025626
0.020243
0.015703
0.021704
0.015591
0.018823
0.049480
0.032538
0.052435
0.036815
0.032712
0.035088
0.037482
0.044597
0.033706
0.043779
0.050732
0.064645
0.042807
0.029161
0.031625
0.022776
0.025635
0.031396
0.088554
0.042043
0.017147
0.016380
0.017668
0.114103
0.220163
0.166772
0.164644
0.123177
0.018086
0.022332
0.014486
0.031996
0.017266
0.016927
0.021908
0.032757
0.009793
0.040714
0.030466
0.089056
0.014191
0.015376
0.011465
0.021288
0.014024
0.010452
0.008733
0.009358
0.008536
0.024762
0.009718
0.017072
0.009506
0.008720
0.048380
0.050795
0.010513
0.016296
0.076988
0.059658
0.052863
0.062011
0.011845
0.019578
0.019403
0.021871
0.032926
0.043266
0.091117
0.020930
0.021567
0.122082
0.074904
0.021790
0.026270
0.031382
0.019680
0.075854
0.018213
0.031446
0.048191
0.038900
0.014497
0.008987
0.085063
0.037838
0.032405
0.016588
0.023615
0.066437
0.046511
0.042088
0.037142
0.049189
0.048626
0.020942
0.021818
0.027102
0.242465
0.395460
0.062227
0.051764
0.057032
0.037815
0.075106
0.060008
0.042175
0.026355
0.039873
0.049716
0.045349
0.096166
0.057027
0.057027
0.045687
0.112657
0.049456
0.048380
0.211973
0.233008
0.233972
0.024752
0.062520
0.068875
0.027820
0.030864
0.054771
0.298555
0.061024
0.037944
0.034881
0.030418
0.079276
0.026718
0.027612
0.020541
0.040495
0.022843
0.073611
0.062555
0.116572
0.034321
0.015375
0.013450
0.014479
0.024485
0.037307
0.013831
0.012844
0.018227
0.013848
0.013363
0.017278
0.018288
0.066621
0.083538
0.142884
0.107613
0.015365
0.015411
0.015517
0.017184
0.047022
0.020747
0.017188
0.010931
0.009660
0.008891
0.010124
0.034467
0.020338
0.009180
0.011370
0.034035
0.010309
0.207767
0.007463
0.010315
0.007627
0.007786
0.005299
0.009106
0.011868
0.008980
0.004664
0.025939
0.217382
0.129312
0.011268
0.006942
0.025469
0.006088
0.009711
0.005440
0.064339
0.247490
0.266351
0.193599
0.145305
0.145490
0.167747
0.068854
0.037969
0.017449
0.027691
0.090400
0.024296
0.019961
0.055540
0.012466
0.010107
0.166313
0.232611
0.012160
0.027206
0.012106
0.010385
0.014651
0.013199
0.014855
0.019220
0.020965
0.094983
0.078308
0.077713
0.019038
0.038542
0.033760
0.010111
0.164516
0.089293
0.082100
0.020612
0.008486
0.007906
0.033927
0.008636
0.029521
0.033927
0.011973
0.022871
0.022072
0.022642
0.016489
0.016115
0.031032
0.013010
0.014828
0.028206
0.019356
0.048949
0.035217
0.020758
0.039969
0.021778
0.018400
0.047018
0.052195
0.019633
0.013924
0.032672
0.011009
0.030191
0.043569
0.010119
0.021671
0.016254
0.023902
0.011125
0.054480
0.023691
0.008263
0.007799
0.046416
0.017522
0.035281
0.038597
0.009476
0.006184
0.007947
0.008858
0.005803
0.010195
0.098260
0.073433
0.031088
0.009067
0.009808
0.030025
0.049751
0.057039
0.116247
0.084978
0.017228
0.013463
0.058655
0.014207
0.012754
0.011349
0.022181
0.018336
0.008647
0.005135
0.005448
0.030543
0.024726
0.035832
0.012868
0.010773
0.011721
0.053366
0.006472
0.013364
0.044440
0.027257
0.095156
0.024273
0.060175
0.010339
0.011852
0.012901
0.105457
0.082315
0.461333
0.019640
0.012522
0.005642
0.020510
0.008496
0.008426
0.010367
0.008728
0.008246
0.010674
0.033147
0.016628
0.010346
0.016285
0.030503
0.007360
0.025679
0.050211
0.069958
0.083008
0.081040
0.106544
0.120203
0.082398
0.055421
0.005659
0.007572
0.010557
0.054881
0.011529
0.005179
0.015154
0.150297
0.086305
0.063967
0.055078
0.022518
0.013317
0.012442
0.018953
0.060353
0.044496
0.016355
0.011327
0.023580
0.012700
0.010424
0.011255
0.024517
0.028259
0.022518
0.029221
0.020805
0.039297
0.038965
0.040386
0.014617
0.030351
0.013201
0.015189
0.125181
0.062112
0.089140
0.047313
0.020395
0.114912
0.092932
0.029403
0.015412
0.008789
0.007079
0.015790
0.027710
0.011485
0.007332
0.037850
0.027631
0.013918
0.013608
0.021266
0.015464
0.025356
0.049156
0.014855
0.008899
0.014923
0.012901
0.033942
0.064173
0.014871
0.025174
0.025174
0.010248
0.021024
0.007770
0.012901
0.021247
0.085205
0.010941
0.169321
0.006662
0.030891
0.016523
0.015443
0.013192
0.007273
0.007528
0.009109
0.023884
0.008104
0.007804
0.012498
0.007968
0.015258
0.018567
0.015308
0.065988
0.062790
0.061985
0.016891
0.042166
0.015790
0.008727
0.035922
0.006388
0.009571
0.006433
0.009851
0.006559
0.007377
0.041042
0.034456
0.040915
0.030675
0.039286
0.004632
0.005328
0.015750
0.006822
0.005375
0.020017
0.026583
0.070167
0.064646
0.067971
0.213365
0.029183
0.012110
0.008835
0.008410
0.022096
0.042601
0.022154
0.012308
0.022096
0.012841
0.007963
0.020667
0.095948
0.032517
0.073362
0.020082
0.017701
0.007312
0.009343
0.006658
0.013694
0.013162
0.009287
0.007484
0.010705
0.011953
0.014905
0.008235
0.025068
0.051407
0.041339
0.019946
0.005606
0.006759
0.013298
0.019859
0.016449
0.021179
0.027418
0.009323
0.023701
0.009900
0.018093
0.012109
0.007552
0.008898
0.031264
0.006715
0.006519
0.008803
0.017583
0.051096
0.026851
0.026433
0.025893
0.023442
0.028031
0.034450
0.029725
0.040703
0.040741
0.042748
0.096614
0.095179
0.034123
0.007569
0.028982
0.032584
0.044532
0.028172
0.027002
0.023153
0.008066
0.007956
0.009431
0.013189
0.008682
0.008770
0.008474
0.027223
0.045587
0.007394
0.014970
0.014959
0.117996
0.007366
0.024846
0.008914
0.012505
0.008682
0.009595
0.065812
0.014462
0.084887
0.059997
0.492103
0.335398
0.192634
0.079837
0.024966
0.394557
0.082073
0.005338
0.012169
0.014492
0.018526
0.007981
0.005768
0.014263
0.016375
0.037736
0.018259
0.008326
0.008160
0.016924
0.005606
0.005369
0.013114
0.009750
0.015667
0.011777
0.014854
0.027189
0.011612
0.007466
0.193723
0.117571
0.011090
0.011116
0.050141
0.016777
0.014215
0.009718
0.008114
0.013485
0.008124
0.009898
0.013867
0.042363
0.019873
0.015820
0.115982
0.093465
0.057865
0.116150
0.152792
0.065790
0.183574
0.118662
0.129663
0.154144
0.198690
0.215579
0.135614
0.018425
0.066901
0.050439
0.019972
0.061752
0.028939
0.078247
0.037705
0.017120
0.007784
0.009978
0.016973
0.057839
0.012840
0.029929
0.011528
0.008004
0.020410
0.043546
0.011746
0.008247
0.011614
0.009042
0.009164
0.008502
0.007784
0.010316
0.022349
0.033088
0.013888
0.011097
0.009865
0.014189
0.022602
0.010932
0.009611
0.009042
0.025776
0.014295
0.067014
0.045761
0.010292
0.011233
0.008247
0.009760
0.010921
0.010003
0.008504
0.010263
0.013982
0.089106
0.013938
0.012645
0.008581
0.011788
0.008753
0.008603
0.019523
0.014696
0.015455
0.011555
0.009292
0.008673
0.008028
0.007580
0.008028
0.008121
0.008096
0.008430
0.008706
0.009332
0.007580
0.010706
0.012725
0.010706
0.013964
0.011942
0.009002
0.009240
0.010190
0.011245
0.009383
0.009391
0.010190
0.011066
0.010635
0.010850
0.008970
0.206322
0.010244
0.030992
0.024687
0.014193
0.009408
0.011596
0.011227
0.012008
0.011113
0.010766
0.010804
0.011845
0.014809
0.026029
0.055986
0.059593
0.033162
0.018789
0.017234
0.023686
0.031040
0.029550
0.021770
0.017257
0.013374
0.020861
0.015593
0.020236
0.019804
0.023628
0.017456
0.058169
0.090280
0.189301
0.199486
0.044748
0.099554
0.062928
0.089990
0.031296
0.027505
0.038540
0.019157
0.017831
0.016574
0.018516
0.025740
0.016862
0.024929
0.090399
0.073460
0.061866
0.023371
0.015365
0.016693
0.020363
0.018203
0.031902
0.023948
0.024856
0.033648
0.038447
0.039616
0.030759
0.037637
0.033228
0.017713
0.015489
0.013386
0.026058
0.023693
0.017862
0.019912
0.008238
0.008257
0.009458
0.017905
0.077438
0.078536
0.064097
0.035596
0.029564
0.018048
0.008379
0.010767
0.013490
0.025722
0.024457
0.024694
0.020914
0.043283
0.032172
0.041253
0.077801
0.076100
0.029808
0.032192
0.027983
0.025495
0.023839
0.029000
0.013089
0.011227
0.011397
0.011999
0.017056
0.018050
0.017068
0.014867
0.020136
0.025625
0.041764
0.051353
0.030657
0.016275
0.033466
0.015010
0.008539
0.007299
0.008249
0.009085
0.018188
0.008977
0.008672
0.011954
0.028462
0.025559
0.014791
0.011303
0.010712
0.009651
0.010702
0.010317
0.012861
0.031754
0.020334
0.038250
0.015632
0.018915
0.013419
0.020223
0.025043
0.025275
0.027089
0.027031
0.033245
0.027468
0.020840
0.024218
0.017217
0.010964
0.010138
0.009979
0.010637
0.016732
0.012388
0.015737
0.030837
0.027799
0.040343
0.008474
0.008517
0.008245
0.014045
0.012866
0.008465
0.007491
0.007050
0.007602
0.007243
0.007149
0.007990
0.009044
0.008677
0.007117
0.008662
0.009917
0.022929
0.013140
0.011602
0.010658
0.009922
0.010261
0.019307
0.026611
0.031635
0.053632
0.047593
0.039975
0.036217
0.073446
0.084101
0.117006
0.033052
0.037548
0.033091
0.037658
0.014024
0.017067
0.013767
0.017124
0.019931
0.013667
0.041328
0.024238
0.018370
0.013374
0.029151
0.023882
0.015716
0.018089
0.020817
0.024855
0.034568
0.014769
0.014952
0.011971
0.013700
0.010080
0.037307
0.030173
0.043499
0.032519
0.038797
0.036513
0.039598
0.029427
0.026211
0.033252
0.035418
0.027664
0.029346
0.035418
0.025811
0.031053
0.011013
0.012913
0.012062
0.016337
0.014904
0.014092
0.076348
0.043603
0.041870
0.037573
0.009512
0.009428
0.008569
0.025074
0.130408
0.121705
0.033806
0.023740
0.062112
0.044315
0.031059
0.039706
0.034537
0.046910
0.029930
0.020826
0.017244
0.015628
0.018964
0.031072
0.026181
0.035408
0.038419
0.013580
0.016008
0.017090
0.017851
0.017851
0.046771
0.041808
0.037439
0.030656
0.039696
0.032067
0.038941
0.076680
0.041422
0.029640
0.030985
0.029968
0.028606
0.026780
0.022372
0.026901
0.024467
0.024688
0.009583
0.011349
0.014425
0.016406
0.023768
0.030493
0.031322
0.042143
0.046202
0.063553
0.081117
0.062738
0.071280
0.065962
0.044799
0.064580
0.024114
0.029511
0.046819
0.062884
0.151288
0.134233
0.068265
0.028671
0.015036
0.027162
0.021644
0.021887
0.026403
0.044152
0.046474
0.029714
0.034413
0.096138
0.033784
0.018696
0.049656
0.033003
0.023001
0.010120
0.011410
0.016209
0.008431
0.008403
0.008281
0.007845
0.007149
0.007404
0.006999
0.010680
0.008999
0.010169
0.013500
0.018327
0.015842
0.021869
0.010028
0.008652
0.016983
0.017784
0.026868
0.026040
0.021665
0.017486
0.033497
0.025564
0.049726
0.031917
0.027632
0.024502
0.029962
0.056384
0.051166
0.053862
0.025625
0.028171
0.039610
0.045196
0.020340
0.031752
0.022846
0.017090
0.013686
0.017427
0.028062
0.012150
0.010740
0.011608
0.013901
0.008955
0.008788
0.080184
0.348558
0.139598
0.015749
0.026545
0.020048
0.011446
0.014622
0.019589
0.021867
0.009507
0.008985
0.013466
0.065193
0.046505
0.038836
0.036649
0.032665
0.036362
0.038089
0.046791
0.029406
0.082701
0.106570
0.072258
0.103038
0.061977
0.033122
0.061977
0.019321
0.011352
0.019631
0.019321
0.015878
0.015211
0.016164
0.009642
0.014819
0.009008
0.010525
0.011140
0.008897
0.012898
0.010147
0.011352
0.008687
0.011289
0.011724
0.014933
0.016554
0.012495
0.033547
0.014569
0.009183
0.008714
0.006770
0.010200
0.008210
0.010200
0.008917
0.008985
0.010183
0.016081
0.007161
0.007194
0.011068
0.011352
0.009719
0.020963
0.015110
0.008640
0.018775
0.014822
0.013318
0.013619
0.023162
0.026917
0.021908
0.013992
0.010379
0.010075
0.006287
0.065178
0.042237
0.010723
0.030655
0.023053
0.019994
0.040092
0.010682
0.011232
0.002662
0.006069
0.038524
0.051126
0.020011
0.069416
0.013085
0.059244
0.018953
0.004561
0.002743
0.008692
0.015205
0.047531
0.043681
0.036267
0.061551
0.066905
0.051941
0.025360
0.018228
0.016865
0.011279
0.011811
0.014481
0.014167
0.015502
0.012376
0.014510
0.009475
0.009716
0.010785
0.012746
0.014016
0.013580
0.017421
0.011682
0.014952
0.025131
0.009384
0.008635
0.006603
0.009913
0.011714
0.016781
0.021872
0.013986
0.057593
0.025559
0.045337
0.022759
0.094447
0.082430
0.065650
0.028676
0.030191
0.043147
0.020974
0.020783
0.013040
0.024294
0.014095
0.004387
0.013701
0.035099
0.023403
0.014339
0.033862
0.049436
0.057413
0.050964
0.059483
0.044255
0.069022
0.045020
0.042725
0.043771
0.048630
0.048767
0.047824
0.051613
0.077159
0.051710
0.049313
0.078930
0.082184
0.075121
0.071166
0.079391
0.068552
0.056243
0.057947
0.070157
0.100795
0.107559
0.054776
0.067362
0.065509
0.084787
0.086926
0.098867
0.106871
0.084343
0.091415
0.091224
0.091224
0.091520
0.092711
0.067807
0.079329
0.069652
0.102354
0.082195
0.080459
0.058430
0.069109
0.077827
0.081133
0.056552
0.050572
0.087649
0.084450
0.050516
0.044466
0.043561
0.035369
0.025144
0.010598
0.011300
0.029223
0.025195
0.074324
0.048771
0.048365
0.094101
0.046558
0.092210
0.088732
0.079599
0.075355
0.087478
0.097469
0.065101
0.088972
0.083502
0.054203
0.054528
0.103738
0.117798
0.228901
0.112126
0.101149
0.092906
0.088111
0.087469
0.092225
0.081752
0.079017
0.087132
0.079306
0.111584
0.137940
0.129094
0.108933
0.078251
0.127011
0.071490
0.074073
0.015521
0.013140
0.020238
0.042143
0.025559
0.058930
0.108214
0.050239
0.041446
0.028385
0.021216
0.025865
0.023933
0.017354
0.034937
0.017174
0.017090
0.018725
0.015468
0.014217
0.015846
0.030914
0.026394
0.016628
0.008397
0.010460
0.016432
0.159719
0.099538
0.036506
0.185564
0.091981
0.035797
0.033001
0.006770
0.008434
0.010147
0.008090
0.015411
0.084262
0.085686
0.129242
0.285709
0.321101
0.543304
0.215139
0.284614
0.178376
0.105566
0.074370
0.074762
0.059473
0.055185
0.043002
0.045022
0.062481
0.057877
0.044131
0.022799
0.016183
0.004729
0.008143
0.003686
0.013085
0.005360
0.012234
0.018228
0.011847
0.007457
0.065979
0.006238
0.005289
0.014381
0.018952
0.015184
0.019550
0.029709
0.024175
0.013375
0.008007
0.020644
0.014617
0.015488
0.014336
0.023471
0.047450
0.049100
0.013061
0.019898
0.023648
0.009170
0.012944
0.018993
0.018288
0.008956
0.010560
0.013559
0.013659
0.010518
0.009809
0.011973
0.014275
0.023346
0.020517
0.031720
0.020569
0.020146
0.020111
0.017714
0.017752
0.016088
0.009810
0.011000
0.021116
0.020979
0.012925
0.011533
0.011827
0.011289
0.011143
0.015716
0.014282
0.008637
0.019034
0.014914
0.025468
0.011617
0.022459
0.027753
0.033689
0.031950
0.016974
0.031785
0.026365
0.019274
0.007956
0.009270
0.014468
0.012274
0.007048
0.008564
0.011104
0.009569
0.016089
0.010815
0.015121
0.024500
0.019137
0.018208
0.030140
0.031214
0.028011
0.019775
0.020355
0.030479
0.013049
0.018993
0.007161
0.011576
0.012380
0.014162
0.012133
0.014356
0.012380
0.014658
0.017840
0.008611
0.008177
0.014429
0.011356
0.013851
0.013670
0.007213
0.009247
0.015212
0.016077
0.019103
0.014754
0.035365
0.029160
0.032129
0.037176
0.034655
0.013735
0.013601
0.034938
0.037071
0.013537
0.016637
0.061085
0.031249
0.021329
0.086963
0.020944
0.011999
0.010427
0.007704
0.007161
0.009964
0.015499
0.013681
0.005085
0.041712
0.026363
0.021614
0.023203
0.024231
0.044315
0.035871
0.018071
0.016005
0.020917
0.267817
0.022625
0.064951
0.080876
0.064951
0.015585
0.031034
0.016494
0.016331
0.036299
0.027134
0.019586
0.049740
0.016038
0.009383
0.008868
0.011357
0.024025
0.022408
0.024291
0.025986
0.028581
0.012616
0.011617
0.012050
0.014391
0.011484
0.012076
0.014037
0.014212
0.013141
0.007178
0.013415
0.012872
0.013796
0.014658
0.017153
0.020579
0.028458
0.035376
0.032425
0.040040
0.059248
0.036943
0.041177
0.043561
0.037105
0.041857
0.043443
0.050216
0.086456
0.087383
0.071311
0.075053
0.094409
0.117886
0.119408
0.101352
0.094185
0.084856
0.081251
0.110130
0.065345
0.049670
0.032874
0.074442
0.039621
0.043949
0.034586
0.040507
0.040978
0.061375
0.053560
0.040437
0.010841
0.016030
0.016558
0.015099
0.015721
0.007199
0.011527
0.048199
0.043855
0.035369
0.039738
0.053692
0.052693
0.011565
0.003362
0.006847
0.004012
0.011442
0.024870
0.008947
0.073810
0.077646
0.058486
0.054677
0.082101
0.102969
0.035382
0.059127
0.033911
0.011490
0.029326
0.019143
0.059645
0.071395
0.065041
0.030076
0.036209
0.016416
0.013214
0.020831
0.019498
0.017167
0.016928
0.016300
0.029207
0.027147
0.006080
0.022002
0.034556
0.016858
0.011540
0.014356
0.016894
0.046386
0.008629
0.054554
0.027241
0.015298
0.008937
0.013416
0.015517
0.023135
0.013430
0.047090
0.073656
0.017504
0.036053
0.025081
0.017741
0.019233
0.010988
0.024364
0.005075
0.013247
0.106531
0.049276
0.029262
0.045937
0.049482
0.054389
0.073082
0.062593
0.066638
0.077890
0.070527
0.044943
0.022983
0.024364
0.074515
0.084866
0.067686
0.077438
0.088006
0.102899
0.092247
0.082039
0.079701
0.067320
0.167096
0.037952
0.012932
0.014822
0.004776
0.043949
0.020149
0.016023
0.044062
0.040268
0.032716
0.009452
0.020656
0.065055
0.110320
0.093718
0.110426
0.059579
0.015751
0.004291
0.109408
0.012038
0.006739
0.015047
0.006861
0.010129
0.010190
0.010804
0.006182
0.008812
0.014977
0.012512
0.026936
0.015116
0.012929
0.009305
0.035528
0.020383
0.018763
0.014921
0.013354
0.014510
0.014345
0.013125
0.019578
0.028427
0.017146
0.013181
0.019050
0.036180
0.032486
0.014867
0.012809
0.013500
0.010539
0.010803
0.011679
0.027954
0.012795
0.014622
0.014866
0.013102
0.011144
0.016928
0.031227
0.006080
0.019495
0.015867
0.012426
0.041677
0.011738
0.006770
0.009819
0.008514
0.014612
0.007092
0.007452
0.028292
0.017391
0.030006
0.024739
0.022743
0.023771
0.013389
0.014263
0.022894
0.016428
0.014843
0.013925
0.012695
0.011830
0.013145
0.015010
0.011894
0.020806
0.013842
0.012488
0.013502
0.016808
0.013016
0.012048
0.015167
0.010093
0.012773
0.010308
0.021812
0.031697
0.027903
0.023863
0.013989
0.016628
0.034149
0.052370
0.016710
0.015580
0.012915
0.014552
0.026947
0.016286
0.017427
0.012492
0.013774
0.014505
0.021159
0.012566
0.022352
0.021867
0.013150
0.030058
0.017612
0.017605
0.007048
0.016164
0.013624
0.015956
0.007231
0.012406
0.010159
0.009609
0.007161
0.014617
0.016185
0.017427
0.012797
0.010331
0.009810
0.009390
0.007869
0.009524
0.012168
0.013637
0.010706
0.012308
0.016046
0.013624
0.014767
0.014767
0.010992
0.010706
0.012773
0.036368
0.028391
0.013352
0.016392
0.013833
0.017056
0.016416
0.015934
0.017935
0.015433
0.013201
0.007915
0.004868
0.008539
0.010682
0.014974
0.016224
0.011847
0.005588
0.005360
0.006171
0.007425
0.008947
0.011571
0.006329
0.010952
0.012205
0.010190
0.006171
0.010848
0.016244
0.013936
0.023291
0.013689
0.011600
0.004922
0.012317
0.014520
0.009381
0.007735
0.015370
0.008664
0.059244
0.015372
0.005588
0.028686
0.005739
0.008664
0.008818
0.006478
0.008995
0.012164
0.017233
0.005825
0.010955
0.012500
0.012489
0.009986
0.016832
0.042363
0.022597
0.029264
0.025312
0.013421
0.021645
0.014275
0.014819
0.066465
0.068448
0.102802
0.018353
0.123236
0.019252
0.015906
0.011588
0.015145
0.060711
0.046301
0.028429
0.054866
0.028129
0.068747
0.028607
0.024364
0.021476
0.007291
0.014429
0.041797
0.011806
0.073061
0.064711
0.030036
0.029149
0.032012
0.045617
0.014190
0.020790
0.020125
0.019103
0.013619
0.015184
0.010239
0.023577
0.023323
0.015708
0.009797
0.012665
0.010939
0.015373
0.012195
0.009651
0.012742
0.013712
0.007504
0.017786
0.020878
0.020509
0.012656
0.033886
0.016473
0.039769
0.010941
0.013904
0.012489
0.013140
0.018649
0.009136
0.010893
0.010577
0.019549
0.008499
0.015680
0.015740
0.012347
0.015650
0.012844
0.012565
0.015158
0.014059
0.008320
0.015967
0.011878
0.012771
0.020373
0.014550
0.011280
0.013769
0.015320
0.011209
0.022124
0.025592
0.016710
0.020121
0.044576
0.012894
0.014167
0.013221
0.010030
0.052815
0.020465
0.020302
0.015032
0.014568
0.015284
0.017288
0.021772
0.025182
0.022227
0.030934
0.032799
0.022076
0.024323
0.021834
0.032799
0.033921
0.020328
0.020328
0.024860
0.031134
0.073867
0.024338
0.114497
0.051161
0.031800
0.021293
0.019316
0.041330
0.023462
0.023538
0.020711
0.017288
0.025351
0.016110
0.017668
0.015457
0.018083
0.018171
0.027048
0.019995
0.021575
0.024166
0.006684
0.006168
0.028296
0.214565
0.015284
0.031611
0.016604
0.017346
0.023565
0.009751
0.016047
0.008649
0.007611
0.009295
0.019285
0.014907
0.004634
0.010926
0.016366
0.020580
0.016929
0.030049
0.030414
0.018922
0.017566
0.013109
0.013047
0.017063
0.014552
0.012941
0.011794
0.012915
0.013016
0.012627
0.013823
0.012828
0.012011
0.011780
0.034075
0.031341
0.016937
0.025392
0.009751
0.012008
0.006857
0.006803
0.004301
0.020575
0.016222
0.021032
0.019304
0.015950
0.012328
0.005949
0.011276
0.007925
0.016826
0.018765
0.008332
0.008569
0.009814
0.010021
0.005585
0.014990
0.017751
0.013717
0.005487
0.011303
0.010351
0.008332
0.010873
0.011351
0.011505
0.012002
0.009002
0.053126
0.018765
0.061290
0.015971
0.008031
0.018607
0.024550
0.009188
0.027850
0.018429
0.019887
0.008074
0.008818
0.008670
0.018827
0.009547
0.012291
0.017907
0.007799
0.007923
0.050856
0.007923
0.033316
0.045749
0.008112
0.022854
0.087068
0.093006
0.015936
0.009535
0.018076
0.018203
0.023942
0.046650
0.011761
0.014206
0.010765
0.022963
0.115767
0.011107
0.020555
0.009895
0.008749
0.014652
0.020432
0.020432
0.040609
0.047035
0.055599
0.047172
0.031924
0.019633
0.009939
0.073060
0.011982
0.010210
0.021178
0.009484
0.007310
0.026414
0.013518
0.061780
0.026185
0.007265
0.027151
0.032206
0.084590
0.008414
0.023130
0.126718
0.147698
0.039441
0.015448
0.012250
0.054252
0.012250
0.013070
0.008441
0.025513
0.027331
0.055939
0.066807
0.060093
0.024715
0.008141
0.025353
0.010163
0.015126
0.033964
0.050699
0.104642
0.096905
0.090143
0.013939
0.009496
0.009567
0.016230
0.083384
0.024172
0.017908
0.008708
0.007035
0.007219
0.008310
0.006069
0.007223
0.010350
0.013024
0.005961
0.009681
0.007715
0.006597
0.007402
0.006755
0.007784
0.030745
0.020471
0.021316
0.007783
0.008390
0.006135
0.017498
0.008512
0.008512
0.025795
0.009820
0.011694
0.117333
0.028373
0.089608
0.090638
0.036274
0.011278
0.016884
0.014251
0.014980
0.029486
0.017609
0.110125
0.080877
0.014980
0.021377
0.017251
0.015794
0.019614
0.029165
0.027272
0.030696
0.015870
0.024793
0.018081
0.016724
0.013006
0.023386
0.016747
0.043510
0.013470
0.062271
0.037897
0.022787
0.016609
0.030336
0.016854
0.038621
0.043684
0.082886
0.015238
0.049930
0.027407
0.012973
0.011031
0.025619
0.010763
0.011651
0.018829
0.010780
0.016384
0.010899
0.013398
0.024725
0.012926
0.015367
0.019103
0.051187
0.016709
0.018509
0.014033
0.013931
0.049417
0.010664
0.012112
0.038270
0.011311
0.012793
0.012135
0.017054
0.016533
0.011594
0.010858
0.014247
0.011397
0.016930
0.011435
0.010894
0.037709
0.012493
0.022641
0.014170
0.015848
0.013745
0.014247
0.014634
0.019389
0.022860
0.015814
0.017168
0.015582
0.217774
0.083378
0.172648
0.042456
0.181577
0.391775
0.379645
0.293224
0.259243
0.322546
0.367504
0.246237
0.284845
0.328707
0.187161
0.230739
0.178493
0.350850
0.138251
0.174681
0.194216
0.135502
0.013476
0.006200
0.038160
0.060674
0.040278
0.010784
0.004116
0.022215
0.032628
0.011696
0.025918
0.040278
0.044671
0.040252
0.031469
0.018215
0.016578
0.010784
0.031072
0.033643
0.016850
0.036238
0.014430
0.026230
0.006797
0.025270
0.016850
0.021452
0.020946
0.016850
0.018733
0.009066
0.016094
0.011244
0.034119
0.011244
0.006562
0.020533
0.018327
0.012709
0.013599
0.131676
0.018327
0.020533
0.022634
0.048423
0.024729
0.004152
0.006565
0.012337
0.016858
0.039102
0.027621
0.019328
0.009283
0.016201
0.022215
0.024849
0.016587
0.012696
0.041828
0.011835
0.041736
0.004380
0.011539
0.127793
0.004473
0.044771
0.108786
0.185683
0.141862
0.070142
0.069754
0.101777
0.012807
0.071477
0.017786
0.004116
0.169386
0.024681
0.020719
0.004045
0.025580
0.009066
0.013292
0.008664
0.003686
0.071477
0.086672
0.052761
0.069242
0.096565
0.029506
0.008752
0.010874
0.010492
0.042440
0.010296
0.017786
0.032418
0.018790
0.037341
0.051849
0.059037
0.013669
0.064867
0.004380
0.017536
0.004473
0.012337
0.028846
0.004012
0.036215
0.013004
0.004380
0.008664
0.069113
0.017942
0.057786
0.003525
0.012554
0.008584
0.096704
0.047534
0.005190
0.127793
0.046896
0.012473
0.007710
0.005541
0.129581
0.068658
0.011967
0.032953
0.076956
0.047066
0.008584
0.009066
0.004463
0.032953
0.011939
0.098077
0.161340
0.014977
0.013705
0.001899
0.010646
0.004380
0.004380
0.003064
0.007710
0.021678
0.014430
0.247732
0.028787
0.115288
0.143389
0.040460
0.031053
0.041506
0.031359
0.031005
0.031005
0.024420
0.050486
0.036129
0.042940
0.050486
0.026072
0.042004
0.044441
0.031451
0.045599
0.023709
0.119231
0.048582
0.024272
0.047998
0.052081
0.022141
0.017609
0.018028
0.017792
0.035579
0.053456
0.240520
0.024192
0.020832
0.033203
0.015837
0.033088
0.014392
0.067423
0.317229
0.215182
0.015532
0.015839
0.016663
0.019288
0.026117
0.050890
0.013229
0.014137
0.015579
0.015760
0.015569
0.013221
0.078705
0.020832
0.015946
0.020323
0.027943
0.016512
0.010607
0.019850
0.014405
0.010959
0.010556
0.012080
0.011480
0.010056
0.010979
0.010932
0.012476
0.012485
0.011177
0.011561
0.009442
0.039060
0.025771
0.011179
0.015687
0.013440
0.056167
0.012386
0.017116
0.012604
0.008089
0.008925
0.008150
0.023463
0.012307
0.021430
0.040277
0.018798
0.022273
0.022547
0.031746
0.006700
0.040536
0.034657
0.019403
0.043194
0.026334
0.005924
0.017164
0.007900
0.034657
0.029921
0.027025
0.038470
0.017815
0.028125
0.008046
0.017482
0.027025
0.008438
0.011999
0.009481
0.017482
0.014326
0.011977
0.020483
0.019819
0.018947
0.008650
0.013693
0.009265
0.012666
0.009265
0.013293
0.034537
0.008866
0.012553
0.016069
0.007612
0.033444
0.019248
0.023609
0.008167
0.009031
0.008901
0.024950
0.012453
0.007647
0.012399
0.008894
0.012452
0.010791
0.009191
0.008076
0.007726
0.019576
0.009670
0.008650
0.013293
0.007922
0.009150
0.015314
0.014125
0.017480
0.017180
0.007726
0.017430
0.014948
0.017480
0.018410
0.017674
0.009808
0.015759
0.015748
0.018036
0.015058
0.015610
0.016168
0.021054
0.009670
0.007930
0.008544
0.010117
0.016934
0.015314
0.017217
0.014791
0.017494
0.017480
0.017538
0.021800
0.014194
0.045991
0.016663
0.014052
0.014052
0.014983
0.015510
0.022801
0.015196
0.017391
0.015244
0.016738
0.022186
0.019765
0.021219
0.016085
0.029853
0.021637
0.018249
0.016343
0.015585
0.025224
0.052392
0.040252
0.021603
0.021219
0.025463
0.029491
0.023127
0.021476
0.025811
0.030173
0.016350
0.023314
0.037293
0.044765
0.020228
0.021773
0.022396
0.026116
0.022896
0.036673
0.025054
0.019884
0.024485
0.026726
0.017746
0.018455
0.033180
0.026820
0.025054
0.019290
0.034580
0.019759
0.031596
0.019302
0.019735
0.017417
0.019735
0.046998
0.015328
0.020936
0.027426
0.012021
0.011317
0.026284
0.013087
0.009592
0.020179
0.007550
0.007057
0.007462
0.008090
0.007265
0.008570
0.007534
0.007935
0.005681
0.014468
0.008375
0.047959
0.092524
0.082507
0.106361
0.056816
0.064392
0.078827
0.127070
0.194402
0.194402
0.091468
0.018584
0.118128
0.067743
0.008832
0.007732
0.003897
0.021607
0.069101
0.033389
0.022011
0.005610
0.006474
0.010319
0.042097
0.071823
0.032987
0.018074
0.035434
0.019415
0.008306
0.018288
0.023178
0.031865
0.004735
0.005425
0.089414
0.007534
0.004580
0.005180
0.008683
0.007594
0.036214
0.003958
0.003507
0.012118
0.005050
0.005658
0.005587
0.021697
0.006280
0.006323
0.006323
0.008475
0.008950
0.012075
0.010565
0.011919
0.012850
0.010844
0.018876
0.012335
0.013875
0.015890
0.013022
0.034822
0.039443
0.016392
0.032709
0.009666
0.029635
0.013008
0.032527
0.009187
0.022014
0.010561
0.004509
0.005369
0.014468
0.010204
0.029662
0.012005
0.023716
0.012137
0.015201
0.057418
0.029102
0.011985
0.013075
0.017436
0.047291
0.011985
0.010844
0.016933
0.019375
0.018208
0.017247
0.012961
0.028217
0.020043
0.143260
0.017552
0.052492
0.025672
0.016617
0.029391
0.014853
0.016031
0.017053
0.020093
0.023377
0.017019
0.014999
0.015104
0.016725
0.016724
0.015502
0.014957
0.014881
0.020615
0.021440
0.033879
0.014881
0.047998
0.011760
0.013762
0.012145
0.010493
0.011671
0.040534
0.013399
0.036468
0.036521
0.013155
0.007044
0.009921
0.009433
0.022055
0.013155
0.012939
0.022304
0.017460
0.008978
0.020826
0.013242
0.018456
0.020010
0.017145
0.020390
0.022563
0.023432
0.024364
0.031991
0.029078
0.023861
0.031409
0.023569
0.027327
0.045532
0.045532
0.030026
0.029799
0.025721
0.046719
0.029869
0.067961
0.029869
0.043983
0.031690
0.042635
0.044702
0.046093
0.050379
0.044061
0.044014
0.043277
0.047632
