0.022395
0.022850
0.045620
0.072977
0.067239
0.028563
0.041491
0.092252
0.056815
0.052533
0.053214
0.059312
0.058049
0.093937
0.043733
0.030829
0.025140
0.025595
0.051030
0.019141
0.016692
0.010288
0.016710
0.014157
0.010288
0.013178
0.007941
0.087779
0.087152
0.008757
0.003489
0.008733
0.034190
0.004853
0.003057
0.033954
0.009092
0.049623
0.014023
0.031003
0.047676
0.013003
0.004100
0.004301
0.033954
0.003602
0.033643
0.004153
0.014025
0.003535
0.003535
0.052441
0.013430
0.010906
0.035675
0.072977
0.049607
0.045620
0.025394
0.056346
0.084050
0.022850
0.072977
0.040974
0.063386
0.034545
0.036870
0.032652
0.045398
0.017228
0.010288
0.011363
0.015682
0.012446
0.009811
0.013400
0.011770
0.005842
0.008255
0.005035
0.005035
0.003832
0.010325
0.005725
0.006673
0.011555
0.013142
0.003463
0.014644
0.005035
0.008068
0.005144
0.007822
0.003489
0.003535
0.004255
0.012548
0.012548
0.004158
0.005979
0.005064
0.013550
0.010208
0.003399
0.004014
0.003234
0.009104
0.004158
0.003366
0.002901
0.003908
0.009104
0.010045
0.032560
0.004216
0.013430
0.005842
0.005042
0.007101
0.007101
0.006467
0.008255
0.011770
0.077594
0.011013
0.011013
0.033558
0.002901
0.004240
0.004407
0.003463
0.010163
0.033954
0.049202
0.013142
0.010171
0.010089
0.015268
0.041717
0.040956
0.008480
0.019847
0.021711
0.023808
0.021711
0.016771
0.025726
0.027997
0.042009
0.037508
0.057884
0.037232
0.057735
0.054712
0.041733
0.037232
0.036722
0.048241
0.055246
0.039949
0.019745
0.022651
0.028932
0.038599
0.019007
0.019596
0.016771
0.035764
0.004795
0.004232
0.014356
0.008431
0.003306
0.010163
0.004434
0.046849
0.049242
0.013441
0.118054
0.003463
0.004700
0.004434
0.003215
0.041436
0.041422
0.010294
0.041717
0.011067
0.004901
0.010604
0.004158
0.003306
0.010963
0.003498
0.004052
0.105881
0.003513
0.003602
0.008940
0.004232
0.004232
0.036631
0.005522
0.010125
0.181327
0.012734
0.074413
0.012734
0.008684
0.013312
0.036087
0.013312
0.010125
0.016618
0.005522
0.007800
0.017416
0.017246
0.032103
0.031295
0.043908
0.042747
0.037923
0.031295
0.028536
0.050087
0.045614
0.036403
0.037508
0.048521
0.051153
0.083426
0.050452
0.035478
0.031052
0.028965
0.015304
0.015311
0.032173
0.034505
0.013786
0.021242
0.020706
0.064823
0.014576
0.036760
0.015801
0.015182
0.015569
0.020706
0.015901
0.014002
0.014644
0.015088
0.063015
0.018461
0.014610
0.024456
0.017130
0.015801
0.080541
0.045047
0.044870
0.024573
0.017608
0.016046
0.113809
0.056443
0.018177
0.017143
0.047002
0.016510
0.019485
0.023976
0.044870
0.015536
0.015258
0.017617
0.037823
0.042122
0.016257
0.015692
0.043341
0.017617
0.015801
0.017645
0.020216
0.015082
0.015082
0.020206
0.084068
0.015082
0.041792
0.024470
0.053321
0.012257
0.010452
0.010323
0.055030
0.012139
0.014991
0.044837
0.035605
0.008169
0.004891
0.009076
0.015012
0.014545
0.006822
0.011500
0.002959
0.000772
0.005091
0.002569
0.004320
0.004320
0.009471
0.003584
0.001698
0.009292
0.003233
0.038033
0.038033
0.002778
0.002789
0.005365
0.026875
0.035769
0.001294
0.001698
0.007639
0.003316
0.012040
0.003584
0.026774
0.005300
0.027308
0.008602
0.014968
0.027308
0.053583
0.007576
0.004023
0.040107
0.005422
0.012771
0.012040
0.003323
0.013424
0.004588
0.003316
0.007639
0.003258
0.011126
0.003316
0.013424
0.005556
0.004685
0.003638
0.010452
0.009457
0.009520
0.028225
0.004546
0.003023
0.012594
0.051399
0.016184
0.037092
0.017522
0.011773
0.012479
0.008169
0.011758
0.033320
0.089496
0.008495
0.009076
0.004619
0.003846
0.004257
0.012190
0.007191
0.006089
0.033749
0.014545
0.018103
0.010032
0.011758
0.008193
0.014107
0.006785
0.035518
0.006191
0.035519
0.008901
0.003023
0.002569
0.004360
0.028238
0.008488
0.011500
0.007083
0.054153
0.013210
0.009269
0.011038
0.014868
0.012362
0.003745
0.039752
0.005872
0.007156
0.003745
0.006822
0.003764
0.039736
0.002789
0.005365
0.005130
0.000000
0.010005
0.003233
0.026809
0.009131
0.005050
0.006650
0.007563
0.012040
0.005300
0.007563
0.015370
0.013424
0.027635
0.004113
0.040616
0.003323
0.004588
0.004588
0.009040
0.017513
0.016561
0.007852
0.006870
0.015283
0.036400
0.019329
0.036419
0.011118
0.013796
0.030429
0.017692
0.021455
0.025718
0.027325
0.027703
0.026619
0.036986
0.036986
0.049568
0.027360
0.026278
0.025771
0.027703
0.027325
0.033583
0.020972
0.026772
0.024743
0.027460
0.030290
0.017866
0.017866
0.019839
0.033271
0.047398
0.038408
0.027113
0.039183
0.048625
0.047412
0.051770
0.048657
0.074188
0.061783
0.057950
0.097425
0.053172
0.097035
0.108631
0.057923
0.069080
0.116277
0.056610
0.034281
0.003013
0.048544
0.009096
0.003710
0.010004
0.048917
0.014090
0.010448
0.021813
0.040667
0.020628
0.048017
0.008937
0.100809
0.014090
0.015768
0.015768
0.018274
0.067903
0.007184
0.003226
0.012421
0.036661
0.008697
0.148772
0.039370
0.007239
0.010463
0.038026
0.022188
0.026891
0.040989
0.008752
0.009693
0.030225
0.004907
0.006265
0.003311
0.068538
0.004003
0.004003
0.011191
0.007009
0.015294
0.005186
0.003309
0.003226
0.011191
0.005186
0.003730
0.005402
0.004873
0.051100
0.003916
0.006211
0.003916
0.006211
0.083962
0.003711
0.003226
0.011520
0.007009
0.004500
0.003226
0.006042
0.017149
0.070167
0.012421
0.018574
0.007009
0.007009
0.036752
0.002874
0.070012
0.002832
0.007239
0.065165
0.039370
0.009604
0.008895
0.012421
0.009604
0.008531
0.037456
0.006374
0.011520
0.012052
0.017149
0.005205
0.004003
0.004003
0.006265
0.004269
0.007607
0.007022
0.005839
0.004907
0.003965
0.053061
0.018574
0.036752
0.003309
0.012052
0.054442
0.006265
0.004621
0.003382
0.013273
0.004269
0.003311
0.036752
0.005202
0.005186
0.051100
0.015573
0.003813
0.006011
0.009647
0.047649
0.067715
0.008937
0.010448
0.013445
0.012671
0.009096
0.014085
0.007677
0.008303
0.008082
0.008215
0.010004
0.048017
0.003787
0.070012
0.036693
0.004873
0.069285
0.012671
0.021813
0.015768
0.010004
0.010004
0.008937
0.048017
0.014090
0.038218
0.006983
0.015768
0.014090
0.040667
0.010493
0.020628
0.013366
0.009066
0.017185
0.018274
0.007594
0.007053
0.015768
0.018381
0.017188
0.012426
0.024481
0.025616
0.021767
0.025846
0.032859
0.049124
0.040211
0.040304
0.032348
0.046289
0.033766
0.042493
0.051682
0.052551
0.024182
0.063531
0.017534
0.047741
0.017007
0.032115
0.034919
0.022162
0.070112
0.009216
0.013078
0.007932
0.005527
0.005527
0.017096
0.013702
0.004018
0.004069
0.007796
0.009670
0.007361
0.003606
0.031844
0.009368
0.004998
0.007193
0.041558
0.024381
0.019711
0.008154
0.011694
0.006576
0.005123
0.019711
0.006185
0.006323
0.009785
0.009216
0.007187
0.022162
0.007187
0.014073
0.020565
0.020565
0.004998
0.029718
0.037541
0.004435
0.022365
0.010947
0.008882
0.005641
0.005673
0.009670
0.001962
0.003722
0.004881
0.020861
0.008197
0.027177
0.007614
0.028029
0.008882
0.004032
0.007614
0.003722
0.001962
0.001962
0.007666
0.001954
0.003773
0.000874
0.002920
0.002317
0.021745
0.008586
0.002818
0.008947
0.022390
0.010564
0.010941
0.009553
0.010871
0.027974
0.013215
0.019943
0.012584
0.025778
0.018467
0.031325
0.023048
0.029966
0.036959
0.044494
0.043375
0.036921
0.025393
0.021255
0.017668
0.057868
0.021255
0.026153
0.056527
0.022315
0.027468
0.021658
0.041411
0.017100
0.022523
0.011515
0.021123
0.009699
0.038054
0.029943
0.000994
0.003155
0.008947
0.002818
0.001038
0.021184
0.039249
0.020697
0.012986
0.024090
0.010564
0.007960
0.009146
0.006690
0.020224
0.008749
0.015416
0.093725
0.006874
0.009553
0.015416
0.020895
0.004610
0.005621
0.020732
0.002818
0.008043
0.002818
0.013182
0.022498
0.003442
0.004148
0.009389
0.022498
0.023378
0.022498
0.013559
0.022498
0.025241
0.027393
0.009981
0.029028
0.011949
0.021554
0.013313
0.023414
0.017100
0.021255
0.023350
0.025124
0.075969
0.035378
0.027652
0.037774
0.027652
0.027652
0.027652
0.022305
0.022305
0.035259
0.022305
0.026277
0.012314
0.011069
0.034796
0.018343
0.008899
0.008059
0.008490
0.036817
0.005873
0.008329
0.008372
0.007073
0.008362
0.036852
0.005792
0.005992
0.008770
0.055166
0.006726
0.008276
0.005749
0.004388
0.004373
0.005874
0.006371
0.005851
0.006371
0.013801
0.004045
0.012798
0.004126
0.117243
0.015987
0.014752
0.005988
0.005256
0.005256
0.013837
0.005140
0.043422
0.005272
0.005592
0.016159
0.007253
0.042715
0.005870
0.014065
0.005355
0.005077
0.004481
0.005582
0.039334
0.005256
0.045021
0.013837
0.005966
0.060952
0.006371
0.006371
0.013801
0.005874
0.060717
0.014742
0.005851
0.006060
0.006012
0.006391
0.014090
0.015418
0.036852
0.016089
0.008720
0.022586
0.005961
0.012816
0.068180
0.009449
0.008372
0.006022
0.015026
0.008332
0.006371
0.008071
0.007073
0.007401
0.005151
0.005423
0.005369
0.041065
0.041665
0.005365
0.022391
0.028202
0.022344
0.039464
0.014248
0.035914
0.035265
0.024095
0.036748
0.065053
0.034817
0.031245
0.044893
0.011124
0.010477
0.007808
0.020716
0.023906
0.006817
0.019860
0.011429
0.022391
0.019860
0.008604
0.105150
0.019282
0.012981
0.014754
0.014905
0.015277
0.015680
0.044893
0.012871
0.056129
0.021130
0.017620
0.005322
0.005205
0.005365
0.005751
0.005322
0.058947
0.017594
0.005369
0.015987
0.004403
0.005426
0.005256
0.116756
0.005140
0.014065
0.005654
0.058729
0.005365
0.005582
0.058729
0.004390
0.006726
0.009248
0.006391
0.004373
0.016379
0.007616
0.008899
0.065397
0.004388
0.005423
0.005151
0.006371
0.004373
0.004045
0.004403
0.004184
0.005140
0.005077
0.005969
0.009342
0.007410
0.008604
0.009852
0.011066
0.017708
0.020778
0.024314
0.025955
0.046402
0.065053
0.027997
0.033006
0.029385
0.024716
0.033006
0.047193
0.037439
0.047666
0.041088
0.050531
0.050743
0.052657
0.051911
0.055140
0.060567
0.065909
0.063230
0.041368
0.049034
0.061233
0.056519
0.035883
0.047800
0.077666
0.032642
0.032642
0.027414
0.061934
0.027414
0.059044
0.036501
0.024278
0.023666
0.031721
0.026084
0.016525
0.026885
0.012594
0.011602
0.023095
0.010867
0.013579
0.013114
0.009016
0.009016
0.007569
0.022810
0.008702
0.008238
0.021937
0.022227
0.013114
0.020233
0.007477
0.006496
0.021030
0.010404
0.005717
0.018297
0.009911
0.003028
0.002966
0.009965
0.009781
0.007656
0.007521
0.009533
0.011921
0.002619
0.003932
0.011434
0.002850
0.024999
0.006293
0.015259
0.006329
0.004410
0.003239
0.004406
0.004808
0.004406
0.004416
0.019041
0.007008
0.004808
0.015259
0.015259
0.014196
0.004416
0.005003
0.048722
0.005488
0.005955
0.049820
0.009189
0.020772
0.007450
0.006248
0.006312
0.008844
0.006658
0.006109
0.006109
0.005553
0.004416
0.003494
0.045523
0.008362
0.005934
0.008575
0.006011
0.006098
0.006364
0.008729
0.006658
0.011148
0.008737
0.010227
0.020771
0.009693
0.010227
0.008492
0.033661
0.009237
0.009341
0.009306
0.021016
0.018618
0.014497
0.020493
0.031893
0.020402
0.029425
0.055860
0.046928
0.043832
0.046658
0.042544
0.042430
0.066768
0.046928
0.044861
0.044634
0.047316
0.041800
0.044239
0.039072
0.039257
0.035582
0.051873
0.033887
0.047768
0.028116
0.088381
0.027926
0.018885
0.008743
0.016672
0.007106
0.005450
0.015117
0.023670
0.004331
0.045251
0.006369
0.006943
0.014620
0.006311
0.005566
0.016559
0.151718
0.014880
0.013837
0.006369
0.006369
0.006336
0.006367
0.006012
0.006495
0.046390
0.013159
0.010822
0.044590
0.010139
0.003323
0.002521
0.046390
0.014119
0.009620
0.008441
0.014307
0.005128
0.014846
0.008474
0.014703
0.006369
0.014046
0.016973
0.027415
0.048214
0.018238
0.027415
0.039884
0.058485
0.014024
0.050918
0.016713
0.014945
0.010309
0.008547
0.019262
0.009909
0.045256
0.041030
0.021662
0.015647
0.021866
0.043339
0.019262
0.036090
0.045981
0.028483
0.006336
0.028198
0.013159
0.008438
0.009033
0.008603
0.021593
0.003742
0.049995
0.004984
0.008549
0.009019
0.019547
0.018155
0.002829
0.003215
0.008549
0.008549
0.004536
0.005537
0.008441
0.006388
0.017894
0.013159
0.013159
0.022970
0.008078
0.008641
0.006561
0.006677
0.001855
0.012484
0.006411
0.001815
0.013078
0.019695
0.002813
0.002813
0.013078
0.008326
0.006561
0.014709
0.006087
0.003742
0.004031
0.026558
0.018155
0.005567
0.009019
0.012046
0.012164
0.009298
0.003215
0.012890
0.005664
0.012890
0.003062
0.009223
0.003001
0.003001
0.009223
0.003215
0.014885
0.012574
0.015338
0.009879
0.003223
0.003062
0.010055
0.003223
0.009114
0.026698
0.005664
0.009298
0.003215
0.009298
0.003215
0.005664
0.003001
0.003038
0.013379
0.026698
0.018284
0.018284
0.005297
0.006367
0.012751
0.012574
0.003001
0.012988
0.005664
0.026698
0.012988
0.003001
0.018284
0.012751
0.007380
0.018002
0.003382
0.011942
0.010351
0.010351
0.003038
0.007380
0.015217
0.013829
0.014916
0.013326
0.016679
0.026712
0.002952
0.026304
0.020788
0.003742
0.012035
0.021405
0.026479
0.022870
0.005567
0.021405
0.012737
0.012751
0.008608
0.014855
0.018863
0.015960
0.013551
0.023755
0.018656
0.434316
0.019060
0.017319
0.025379
0.027366
0.020242
0.019606
0.024443
0.023456
0.023035
0.024685
0.023999
0.018245
0.018614
0.041835
0.013497
0.016462
0.013497
0.027509
0.059757
0.010294
0.008976
0.023224
0.004915
0.008067
0.019253
0.010141
0.008067
0.024897
0.009079
0.023645
0.008001
0.004745
0.023179
0.004815
0.004857
0.008251
0.091585
0.022641
0.004790
0.025468
0.008067
0.010294
0.009160
0.008001
0.029977
0.023388
0.025449
0.007786
0.005146
0.025818
0.023804
0.023665
0.025116
0.021259
0.005146
0.008303
0.007786
0.024517
0.007773
0.004952
0.004883
0.004952
0.007805
0.021239
0.004599
0.022168
0.005378
0.004832
0.007885
0.008173
0.005238
0.005003
0.008140
0.004965
0.013049
0.008449
0.005033
0.013168
0.004932
0.011259
0.011259
0.023087
0.005404
0.011326
0.019469
0.022320
0.023087
0.008382
0.006478
0.008582
0.012431
0.024118
0.012668
0.013354
0.025459
0.020120
0.008382
0.008770
0.004932
0.008543
0.008236
0.007962
0.026504
0.008464
0.004932
0.023148
0.011453
0.009308
0.011523
0.007794
0.011687
0.009737
0.006478
0.004943
0.006478
0.020391
0.013265
0.068301
0.013354
0.013265
0.013265
0.006954
0.020404
0.008831
0.009120
0.013837
0.008874
0.007260
0.020876
0.014233
0.014508
0.003385
0.010925
0.004224
0.028859
0.008080
0.020753
0.009703
0.013417
0.011913
0.021664
0.014833
0.013910
0.011283
0.009290
0.012928
0.062539
0.011600
0.009558
0.031259
0.013251
0.013251
0.007808
0.012754
0.010239
0.005836
0.018197
0.010239
0.002060
0.002060
0.002161
0.002161
0.009748
0.005786
0.005890
0.056420
0.033595
0.034033
0.005662
0.009608
0.010575
0.001222
0.008059
0.023940
0.000830
0.007639
0.009384
0.006019
0.006019
0.007580
0.030164
0.029264
0.000323
0.006095
0.006534
0.005970
0.029633
0.007973
0.007221
0.030115
0.000652
0.000652
0.078789
0.030662
0.007653
0.009384
0.052775
0.009259
0.000421
0.005990
0.007639
0.007514
0.001252
0.008285
0.010221
0.007514
0.008059
0.022995
0.008124
0.001252
0.026761
0.001252
0.005983
0.529928
0.000594
0.000902
0.005642
0.006296
0.000971
0.000902
0.005642
0.048974
0.024345
0.007300
0.007300
0.006438
0.010293
0.003389
0.026122
0.010293
0.029656
0.000594
0.031210
0.010221
0.009432
0.012469
0.033668
0.007012
0.036192
0.011604
0.030930
0.017103
0.053815
0.012227
0.016288
0.014388
0.015209
0.015027
0.019323
0.017702
0.024113
0.022917
0.015979
0.015950
0.015671
0.056903
0.018069
0.026508
0.037736
0.018320
0.025373
0.025873
0.019723
0.020931
0.016329
0.037068
0.023275
0.014044
0.017648
0.018597
0.016840
0.017984
0.025914
0.079306
0.037816
0.015057
0.026250
0.016031
0.043392
0.023469
0.026152
0.014291
0.015936
0.064289
0.027910
0.014997
0.056162
0.044008
0.014090
0.059562
0.013930
0.029744
0.044019
0.015746
0.015735
0.036290
0.020997
0.058018
0.015795
0.027746
0.029156
0.014902
0.017547
0.028887
0.018316
0.017869
0.053896
0.037365
0.020622
0.016864
0.029742
0.075229
0.012021
0.017291
0.007452
0.031136
0.034196
0.010166
0.032555
0.117580
0.010992
0.015891
0.036751
0.004546
0.044913
0.002746
0.009853
0.010163
0.043331
0.011451
0.009310
0.043340
0.004107
0.004107
0.015198
0.003939
0.015536
0.008087
0.004546
0.043358
0.017978
0.006739
0.013550
0.038238
0.017177
0.011551
0.012768
0.013550
0.017978
0.036752
0.011997
0.011526
0.018769
0.016443
0.044724
0.015536
0.005417
0.004107
0.002262
0.013305
0.004656
0.012642
0.018324
0.009310
0.004656
0.015019
0.004289
0.001410
0.012182
0.001433
0.003888
0.042469
0.002262
0.004036
0.008800
0.014505
0.004656
0.003966
0.011970
0.009310
0.009318
0.041804
0.007969
0.015602
0.051548
0.008452
0.018057
0.007254
0.007254
0.016128
0.018057
0.055199
0.042574
0.008104
0.014805
0.005309
0.003919
0.003551
0.001879
0.011970
0.002561
0.010288
0.004743
0.003856
0.021093
0.001175
0.009286
0.003856
0.013194
0.005693
0.056446
0.005693
0.042148
0.004743
0.012315
0.013804
0.012315
0.026767
0.003919
0.003317
0.041799
0.012033
0.004289
0.015265
0.001493
0.011451
0.011575
0.014877
0.003880
0.003919
0.042575
0.012642
0.011451
0.004289
0.001217
0.041808
0.012544
0.055907
0.003991
0.008193
0.006044
0.015602
0.007834
0.019153
0.013267
0.019785
0.029698
0.036384
0.037079
0.080954
0.063038
0.014725
0.065382
0.014118
0.101606
0.019386
0.005956
0.010890
0.006225
0.005880
0.017447
0.009064
0.006014
0.014251
0.006023
0.053443
0.005886
0.005954
0.018529
0.039624
0.039624
0.011924
0.019875
0.014885
0.014725
0.012612
0.006485
0.044501
0.011002
0.009131
0.009364
0.006414
0.022641
0.009131
0.005956
0.014157
0.022744
0.018210
0.026422
0.026422
0.006160
0.066745
0.006225
0.017870
0.010890
0.007677
0.006136
0.014885
0.006250
0.014136
0.024894
0.017748
0.006016
0.006258
0.006591
0.006292
0.006258
0.021262
0.008613
0.017267
0.006033
0.006967
0.007342
0.007165
0.006415
0.006973
0.008738
0.006967
0.015390
0.007156
0.008848
0.007257
0.007257
0.007257
0.007221
0.007257
0.017617
0.017785
0.018895
0.007118
0.007156
0.007971
0.007897
0.007748
0.025450
0.020536
0.020592
0.035854
0.047041
0.072107
0.030137
0.038137
0.030137
0.057110
0.038714
0.043688
0.023377
0.021116
0.019546
0.009460
0.009064
0.009637
0.014015
0.015717
0.014015
0.044579
0.009154
0.007408
0.009100
0.043669
0.007340
0.094289
0.006571
0.018095
0.008370
0.008444
0.006834
0.006834
0.006915
0.008146
0.006251
0.006815
0.006837
0.007461
0.008447
0.008434
0.008126
0.015457
0.010555
0.012880
0.013180
0.013225
0.008789
0.010060
0.015295
0.012885
0.015754
0.015717
0.009001
0.016433
0.013612
0.019546
0.046398
0.029868
0.010513
0.021116
0.014109
0.021884
0.017999
0.012107
0.035979
0.030871
0.019391
0.010555
0.015457
0.013225
0.041684
0.007671
0.010111
0.007340
0.008489
0.007832
0.007091
0.007091
0.006726
0.018162
0.009877
0.006171
0.006251
0.007293
0.006915
0.007096
0.010274
0.013938
0.008893
0.013484
0.006707
0.006707
0.006605
0.007332
0.015118
0.009341
0.047769
0.009341
0.102466
0.019218
0.021234
0.011278
0.006127
0.022501
0.013126
0.013126
0.010502
0.008995
0.052529
0.012935
0.026267
0.012904
0.011940
0.011182
0.012016
0.012634
0.008995
0.012376
0.012669
0.008318
0.008700
0.012669
0.006837
0.007100
0.007100
0.006351
0.007875
0.006108
0.007338
0.006108
0.006108
0.018095
0.008155
0.006959
0.008517
0.007340
0.012143
0.007423
0.010555
0.041684
0.007100
0.008976
0.006894
0.007855
0.007871
0.006108
0.006171
0.015888
0.006815
0.007293
0.019447
0.008444
0.007293
0.007096
0.016601
0.007684
0.008855
0.006634
0.008146
0.008140
0.008444
0.007431
0.008191
0.008486
0.007338
0.009830
0.006351
0.008370
0.008444
0.006968
0.008855
0.007684
0.006973
0.008855
0.007293
0.006915
0.010274
0.014828
0.008521
0.039539
0.006745
0.006704
0.007332
0.009690
0.044590
0.006605
0.006707
0.013938
0.042922
0.013452
0.008893
0.006935
0.007921
0.010274
0.006933
0.008991
0.038760
0.006834
0.006917
0.008370
0.006894
0.018160
0.006088
0.010018
0.008447
0.006351
0.006251
0.008882
0.007875
0.008155
0.006571
0.042587
0.007871
0.009877
0.006634
0.006251
0.007293
0.008317
0.007361
0.008243
0.018160
0.006968
0.009240
0.007176
0.006915
0.008928
0.013630
0.008700
0.006919
0.013484
0.013886
0.009341
0.006127
0.010532
0.022501
0.005989
0.010734
0.009734
0.007360
0.006527
0.014305
0.006264
0.009099
0.016340
0.011037
0.006424
0.008556
0.044590
0.006264
0.006527
0.009904
0.013126
0.007351
0.009099
0.022501
0.009904
0.006127
0.019218
0.011169
0.010408
0.012669
0.017019
0.017019
0.011182
0.008111
0.010776
0.018604
0.010776
0.019364
0.009042
0.014036
0.020413
0.015272
0.019296
0.040592
0.016345
0.014736
0.017255
0.020300
0.016760
0.012346
0.044919
0.015505
0.012346
0.016350
0.015505
0.017668
0.012352
0.009084
0.012346
0.009569
0.015505
0.044615
0.012346
0.017558
0.009569
0.009169
0.012352
0.009121
0.011786
0.009394
0.007561
0.006103
0.010329
0.007712
0.006722
0.013036
0.007690
0.006590
0.011232
0.079786
0.017205
0.007690
0.006590
0.006621
0.012079
0.010016
0.006590
0.007810
0.017749
0.015203
0.017749
0.016233
0.006571
0.017112
0.012816
0.006745
0.006745
0.016681
0.010016
0.007792
0.016149
0.015975
0.007749
0.010115
0.013590
0.014243
0.006766
0.014536
0.010588
0.006684
0.009716
0.006389
0.007523
0.011392
0.007475
0.012732
0.014153
0.013461
0.006327
0.006256
0.004541
0.004080
0.010291
0.004541
0.013506
0.007887
0.004541
0.007279
0.013527
0.012692
0.078704
0.013527
0.079283
0.013506
0.004011
0.007279
0.004011
0.007279
0.030211
0.004011
0.013527
0.007887
0.007887
0.007484
0.009394
0.011778
0.013527
0.008138
0.011711
0.004597
0.141875
0.005189
0.015221
0.007599
0.016584
0.003902
0.004597
0.011557
0.013784
0.008799
0.037265
0.005646
0.011101
0.005189
0.011101
0.011101
0.004597
0.013289
0.004597
0.009394
0.011711
0.004080
0.007887
0.007279
0.010158
0.013560
0.010400
0.004080
0.013801
0.003902
0.010158
0.003902
0.008138
0.007585
0.013935
0.009259
0.005189
0.013935
0.011101
0.007795
0.075784
0.009504
0.009327
0.012346
0.009257
0.008705
0.012346
0.015123
0.008380
0.014596
0.014889
0.014413
0.008318
0.015288
0.010805
0.014596
0.018919
0.010805
0.011003
0.014596
0.014889
0.008546
0.011003
0.020177
0.011003
0.016760
0.008454
0.014596
0.071962
0.008380
0.018919
0.018919
0.015289
0.008943
0.008705
0.018919
0.008546
0.010805
0.015143
0.011211
0.008318
0.075812
0.010460
0.009169
0.010460
0.010460
0.018037
0.015289
0.009774
0.011699
0.010655
0.016760
0.010460
0.008318
0.008040
0.008517
0.010519
0.009568
0.018221
0.009638
0.007383
0.009765
0.013755
0.007383
0.039153
0.018285
0.007538
0.008987
0.009689
0.009599
0.008285
0.008129
0.009947
0.010035
0.009289
0.009988
0.008663
0.007784
0.008054
0.009498
0.007786
0.012439
0.012637
0.007126
0.008283
0.008283
0.014274
0.011178
0.008283
0.011444
0.008692
0.009947
0.018151
0.012490
0.009600
0.009918
0.008246
0.015401
0.008565
0.012490
0.009899
0.009586
0.016898
0.008334
0.009234
0.008334
0.009707
0.007784
0.007786
0.009292
0.006348
0.014911
0.007915
0.010014
0.006398
0.017479
0.009549
0.017525
0.009660
0.007618
0.010014
0.007785
0.052401
0.009549
0.009898
0.051272
0.018731
0.009898
0.006851
0.007383
0.017479
0.006430
0.006348
0.009292
0.006082
0.016716
0.009726
0.009107
0.008087
0.007137
0.039887
0.007123
0.008202
0.049676
0.008088
0.083030
0.007575
0.029419
0.009951
0.104546
0.009992
0.048802
0.010076
0.014423
0.008812
0.008342
0.007925
0.025323
0.008167
0.008120
0.050600
0.007989
0.008368
0.008115
0.007884
0.025981
0.008024
0.025981
0.007361
0.007989
0.008108
0.014037
0.008120
0.007979
0.008087
0.008130
0.023703
0.024011
0.117828
0.022344
0.022502
0.007830
0.007814
0.049434
0.021441
0.011840
0.011840
0.052232
0.011840
0.021293
0.009092
0.019931
0.007749
0.006773
0.009867
0.007172
0.009017
0.008026
0.007756
0.010500
0.007119
0.007508
0.007172
0.064401
0.009195
0.007690
0.008276
0.007690
0.064401
0.008031
0.007051
0.007682
0.007717
0.007048
0.007048
0.007690
0.006671
0.007444
0.007048
0.008609
0.007508
0.007051
0.007690
0.006773
0.010662
0.007051
0.009697
0.007717
0.010147
0.020739
0.007048
0.007444
0.019508
0.008106
0.006665
0.007490
0.008182
0.008496
0.007500
0.008496
0.007801
0.007818
0.007444
0.007690
0.007048
0.008107
0.008276
0.008015
0.007690
0.006773
0.008609
0.007439
0.007500
0.007469
0.007835
0.007801
0.007444
0.007508
0.007690
0.007702
0.007835
0.008044
0.008710
0.007469
0.052006
0.007500
0.007761
0.007690
0.010224
0.007682
0.008276
0.010662
0.009159
0.008535
0.013038
0.007761
0.007508
0.010910
0.007500
0.007801
0.007816
0.013225
0.007816
0.006736
0.008000
0.011211
0.008142
0.007786
0.006204
0.015316
0.009973
0.011444
0.013126
0.012609
0.011131
0.007909
0.012439
0.012609
0.007784
0.009498
0.009707
0.012935
0.010734
0.010237
0.009352
0.010558
0.015955
0.012931
0.009559
0.006917
0.009504
0.009002
0.011037
0.010689
0.010991
0.012669
0.010755
0.009922
0.007673
0.008052
0.023581
0.007561
0.006499
0.009673
0.006684
0.012065
0.015975
0.010009
0.010957
0.014578
0.006441
0.033350
0.004011
0.013784
0.009292
0.006766
0.008350
0.013403
0.009013
0.007850
0.015052
0.008859
0.006684
0.018821
0.014056
0.010115
0.009716
0.012389
0.011543
0.006643
0.011795
0.008442
0.006676
0.026630
0.008589
0.015052
0.010989
0.010239
0.053384
0.015794
0.020876
0.010989
0.008350
0.007690
0.014241
0.006493
0.010009
0.012389
0.006684
0.007475
0.012416
0.006782
0.006596
0.006957
0.012718
0.008876
0.012542
0.007075
0.005623
0.007843
0.007279
0.013506
0.012480
0.006776
0.013781
0.012553
0.014868
0.014600
0.006714
0.006722
0.011373
0.012553
0.016233
0.017112
0.007809
0.011879
0.035720
0.006571
0.010750
0.012752
0.030353
0.012974
0.012355
0.007561
0.007887
0.004011
0.033350
0.007484
0.011711
0.007279
0.008907
0.010511
0.009231
0.010232
0.011865
0.024855
0.015925
0.080842
0.017112
0.010188
0.009215
0.011458
0.011637
0.011566
0.009608
0.062660
0.011566
0.011383
0.006900
0.010173
0.007809
0.010718
0.007004
0.010523
0.023940
0.009013
0.016136
0.007733
0.006706
0.015840
0.010764
0.013794
0.005488
0.006698
0.006474
0.011287
0.008168
0.006893
0.053114
0.007180
0.006433
0.006874
0.040316
0.006930
0.006508
0.006508
0.009013
0.053114
0.006321
0.004852
0.009854
0.030151
0.013222
0.009410
0.015617
0.011287
0.008168
0.009272
0.007957
0.011978
0.040316
0.006698
0.019893
0.010357
0.006918
0.007299
0.006315
0.006918
0.013126
0.051742
0.009734
0.008442
0.006706
0.006860
0.006676
0.063478
0.016433
0.008811
0.011995
0.011788
0.009765
0.023636
0.014708
0.007430
0.008887
0.007237
0.010984
0.017157
0.007004
0.013126
0.004402
0.004402
0.014423
0.010984
0.006433
0.019204
0.006593
0.005620
0.021507
0.009013
0.005488
0.017157
0.006707
0.014917
0.011308
0.011566
0.007667
0.022979
0.012124
0.006706
0.008442
0.006714
0.008690
0.010258
0.007838
0.120049
0.008969
0.027226
0.007076
0.009673
0.014105
0.008163
0.013959
0.006687
0.011447
0.012730
0.011447
0.011554
0.009765
0.021434
0.015083
0.052810
0.006920
0.016906
0.010008
0.006581
0.013590
0.010115
0.007475
0.004541
0.012962
0.004597
0.008591
0.009327
0.012712
0.008525
0.016760
0.013945
0.019296
0.014596
0.008169
0.016860
0.005646
0.007585
0.007475
0.010511
0.010792
0.013151
0.006751
0.007585
0.014628
0.006776
0.007475
0.012416
0.006257
0.011392
0.006957
0.009201
0.012950
0.012752
0.007678
0.007780
0.007347
0.011257
0.013527
0.005646
0.008591
0.007570
0.011859
0.010245
0.006826
0.006571
0.010511
0.007780
0.012914
0.007347
0.012648
0.007730
0.007728
0.013158
0.012296
0.009507
0.008985
0.012887
0.012887
0.009121
0.015767
0.010820
0.021537
0.010461
0.012376
0.006315
0.004322
0.006874
0.006930
0.007974
0.014831
0.008859
0.011703
0.009500
0.007838
0.007076
0.010644
0.006684
0.008380
0.008854
0.005620
0.010820
0.034053
0.042349
0.030388
0.022022
0.023948
0.036103
0.016960
0.034400
0.020421
0.027789
0.023948
0.035768
0.010627
0.015617
0.008168
0.014423
0.009854
0.016433
0.009410
0.007476
0.009376
0.050404
0.024815
0.019298
0.037295
0.020695
0.024213
0.042349
0.020695
0.091458
0.064382
0.060201
0.060082
0.092105
0.041017
0.039398
0.041914
0.038380
0.029964
0.047576
0.020421
0.019298
0.010984
0.008208
0.005620
0.006356
0.006874
0.008380
0.004968
0.008690
0.007838
0.010446
0.008888
0.011647
0.013982
0.006684
0.006702
0.006621
0.007764
0.006590
0.007747
0.013213
0.006702
0.006702
0.007710
0.007690
0.010989
0.075347
0.006590
0.016339
0.054891
0.014536
0.010218
0.007717
0.006745
0.009872
0.009592
0.010128
0.024877
0.009533
0.013730
0.008887
0.004568
0.014854
0.015617
0.043296
0.007988
0.010461
0.006893
0.009723
0.009972
0.007119
0.009592
0.010994
0.011760
0.012395
0.054745
0.024217
0.007585
0.007585
0.007585
0.019904
0.018514
0.008907
0.024161
0.166774
0.008888
0.009215
0.004322
0.009972
0.012640
0.010232
0.011636
0.054909
0.044364
0.012897
0.007670
0.007811
0.023655
0.023781
0.010400
0.010400
0.022921
0.007562
0.009549
0.018168
0.017898
0.008064
0.007723
0.017749
0.111917
0.008812
0.007956
0.011629
0.007590
0.019180
0.037596
0.010128
0.114472
0.070803
0.035097
0.010123
0.009951
0.006571
0.012065
0.022209
0.007956
0.054147
0.014572
0.007585
0.020145
0.009024
0.012016
0.055111
0.013675
0.012962
0.037171
0.017671
0.022977
0.008052
0.008517
0.006689
0.009621
0.009922
0.009688
0.054694
0.006714
0.008064
0.015480
0.007585
0.012767
0.007279
0.013675
0.008220
0.009024
0.014552
0.013232
0.014552
0.008380
0.018731
0.009447
0.009110
0.008551
0.007784
0.007703
0.007907
0.010458
0.007627
0.014505
0.017522
0.008444
0.009733
0.009957
0.014548
0.492258
0.007095
0.007490
0.007502
0.008497
0.011987
0.009641
0.009549
0.007500
0.007469
0.006661
0.009271
0.007444
0.007048
0.007048
0.008276
0.008031
0.009380
0.007467
0.011605
0.007671
0.009195
0.007439
0.008489
0.008496
0.006634
0.008180
0.007840
0.010910
0.007702
0.007818
0.007690
0.007508
0.007717
0.006968
0.007609
0.007756
0.008010
0.009922
0.007671
0.008107
0.007164
0.008026
0.009942
0.007164
0.007472
0.008753
0.009155
0.008916
0.012272
0.011870
0.011379
0.011379
0.017451
0.010361
0.015340
0.016452
0.006037
0.018630
0.025651
0.017050
0.012407
0.029219
0.011379
0.020642
0.005971
0.006037
0.007283
0.029679
0.009224
0.050134
0.008477
0.011728
0.015968
0.009095
0.049915
0.016802
0.006830
0.025473
0.006392
0.013522
0.008456
0.014208
0.023049
0.012752
0.010383
0.011605
0.013063
0.007124
0.022499
0.014208
0.011870
0.013814
0.017128
0.007472
0.012026
0.049011
0.012752
0.025748
0.038022
0.015514
0.007124
0.009867
0.012262
0.009942
0.008461
0.011115
0.006661
0.007703
0.007690
0.019609
0.035018
0.024020
0.010053
0.040969
0.008456
0.007690
0.007761
0.008093
0.006596
0.009271
0.007717
0.008107
0.008456
0.007408
0.010383
0.011977
0.011920
0.042576
0.007490
0.008108
0.009734
0.008342
0.009198
0.097105
0.008401
0.009586
0.047069
0.009421
0.008182
0.022365
0.011451
0.012752
0.006395
0.016087
0.009169
0.012407
0.014539
0.009768
0.005973
0.005939
0.005977
0.017319
0.008238
0.008451
0.005877
0.005764
0.005877
0.008477
0.018222
0.005813
0.012846
0.015701
0.019386
0.019521
0.015274
0.006934
0.010177
0.015162
0.008647
0.008449
0.017399
0.005764
0.005913
0.015701
0.006849
0.020387
0.006760
0.014038
0.005354
0.006266
0.005316
0.006654
0.016345
0.005351
0.005415
0.007208
0.029730
0.026370
0.012173
0.012556
0.012341
0.015919
0.028642
0.007905
0.004717
0.013564
0.004717
0.007206
0.007905
0.012949
0.017827
0.006918
0.006478
0.005861
0.005605
0.017170
0.006830
0.012421
0.009582
0.012272
0.050031
0.016952
0.018702
0.007717
0.007016
0.008139
0.009285
0.066186
0.009375
0.007609
0.011731
0.007961
0.009038
0.009986
0.006858
0.012553
0.005950
0.008646
0.008204
0.014814
0.006401
0.005877
0.016540
0.005911
0.013499
0.006623
0.039024
0.006943
0.053640
0.052095
0.008916
0.008612
0.007472
0.010383
0.007892
0.023316
0.007337
0.016536
0.019086
0.014007
0.007283
0.008596
0.006007
0.008388
0.005462
0.014967
0.014967
0.006849
0.014322
0.017223
0.005310
0.008273
0.017399
0.048727
0.012173
0.005977
0.018503
0.012107
0.007505
0.017094
0.006487
0.006820
0.018010
0.008375
0.029730
0.012735
0.004142
0.012101
0.012861
0.013135
0.014465
0.008458
0.041917
0.008341
0.006307
0.007646
0.008590
0.007797
0.006129
0.009091
0.016717
0.017571
0.006129
0.037396
0.018973
0.034329
0.009883
0.039867
0.005742
0.019958
0.033410
0.035534
0.010234
0.006943
0.039402
0.008602
0.009085
0.035258
0.041202
0.005053
0.010969
0.021567
0.019693
0.009494
0.027848
0.019542
0.012567
0.012572
0.013745
0.027848
0.030664
0.008805
0.030116
0.011791
0.013628
0.014677
0.008805
0.012295
0.008805
0.011936
0.012515
0.004935
0.006847
0.049717
0.066756
0.019984
0.010969
0.005764
0.091346
0.016527
0.016345
0.027386
0.012300
0.004839
0.004142
0.004142
0.007091
0.042952
0.005207
0.008221
0.008221
0.008227
0.012926
0.008458
0.016160
0.015573
0.007209
0.004142
0.006847
0.013349
0.007688
0.005118
0.017377
0.016410
0.015655
0.007303
0.070582
0.006401
0.086447
0.009051
0.016804
0.016290
0.005838
0.006352
0.007450
0.028620
0.019854
0.021293
0.016976
0.008669
0.019584
0.005926
0.008344
0.006934
0.005395
0.013798
0.031950
0.006084
0.090033
0.017735
0.046385
0.018955
0.005911
0.017000
0.019876
0.013500
0.016445
0.036253
0.016441
0.044645
0.046398
0.059821
0.018955
0.015608
0.010969
0.005749
0.006189
0.006123
0.016665
0.004839
0.008227
0.004142
0.027910
0.005395
0.008227
0.004717
0.006487
0.063122
0.008341
0.030956
0.006157
0.016249
0.007091
0.007998
0.013534
0.013534
0.004142
0.004132
0.007091
0.033967
0.008590
0.009256
0.009794
0.009607
0.022968
0.005151
0.007469
0.008458
0.005517
0.013708
0.008007
0.017571
0.010526
0.008707
0.103783
0.015522
0.012637
0.010609
0.027638
0.011836
0.009792
0.019721
0.016794
0.019811
0.015646
0.011258
0.009256
0.019323
0.009351
0.016549
0.019323
0.052885
0.045956
0.007743
0.012926
0.007894
0.006489
0.033698
0.033940
0.041202
0.008805
0.012637
0.016348
0.013486
0.022326
0.016364
0.015955
0.014125
0.013963
0.042578
0.012958
0.033178
0.072804
0.068628
0.019323
0.035258
0.014437
0.013859
0.015646
0.007597
0.005168
0.008545
0.006307
0.094887
0.004935
0.026141
0.013042
0.014375
0.010483
0.051813
0.007787
0.007449
0.017571
0.007688
0.029828
0.007720
0.033967
0.008063
0.015522
0.021196
0.007209
0.006307
0.035258
0.013245
0.027394
0.009494
0.065710
0.018526
0.018126
0.021723
0.038293
0.019274
0.056824
0.026489
0.010721
0.013607
0.013034
0.010609
0.085772
0.013375
0.010721
0.014199
0.013510
0.011188
0.010996
0.010272
0.025088
0.013350
0.012704
0.013736
0.017799
0.015395
0.017262
0.017071
0.015984
0.038920
0.016596
0.021717
0.066388
0.019162
0.035580
0.012324
0.010369
0.009707
0.037853
0.011874
0.019421
0.007664
0.005492
0.014359
0.005492
0.007870
0.037385
0.007234
0.038991
0.002276
0.070746
0.013328
0.008634
0.017457
0.039931
0.176896
0.002211
0.002745
0.014976
0.002412
0.003870
0.014976
0.013656
0.008857
0.008957
0.005252
0.009317
0.035553
0.016852
0.021157
0.023039
0.056114
0.038477
0.013028
0.011608
0.014015
0.087823
0.013388
0.016386
0.033872
0.011835
0.025082
0.049475
0.026083
0.035433
0.012869
0.011493
0.025781
0.051731
0.017672
0.016345
0.017768
0.016793
0.013865
0.011466
0.008131
0.015526
0.023039
0.006080
0.016399
0.015372
0.012546
0.010258
0.006366
0.017047
0.002420
0.004822
0.002276
0.007922
0.004251
0.004107
0.010386
0.003880
0.002330
0.004822
0.012546
0.019123
0.013115
0.014847
0.014901
0.016379
0.015083
0.030714
0.024548
0.019337
0.019391
0.041105
0.011986
0.026642
0.012800
0.010293
0.049334
0.010165
0.013447
0.060861
0.072021
0.019292
0.015478
0.015372
0.014847
0.017369
0.010258
0.037977
0.005279
0.004190
0.008338
0.002179
0.013706
0.015720
0.009458
0.007664
0.049171
0.005492
0.002587
0.005492
0.005279
0.002711
0.009484
0.002276
0.004254
0.002211
0.015320
0.011118
0.019905
0.020903
0.008571
0.009685
0.012136
0.018688
0.025268
0.016271
0.009659
0.012855
0.027135
0.006336
0.025642
0.013042
0.006282
0.004107
0.004118
0.003725
0.004756
0.010269
0.007989
0.008999
0.006336
0.015287
0.004107
0.006677
0.040437
0.042135
0.007234
0.007510
0.002745
0.003931
0.002179
0.002420
0.019316
0.014649
0.016330
0.026039
0.028479
0.015750
0.015372
0.006556
0.018562
0.008740
0.046242
0.007870
0.013313
0.008554
0.009458
0.004490
0.056017
0.001886
0.045474
0.009350
0.009004
0.009004
0.008634
0.034622
0.020577
0.008554
0.006556
0.008653
0.009280
0.004086
0.031286
0.010386
0.010154
0.033206
0.001970
0.002008
0.011926
0.021717
0.046242
0.039983
0.031338
0.058020
0.011874
0.057783
0.044277
0.010200
0.014208
0.002239
0.002330
0.045095
0.003801
0.004660
0.005376
0.006167
0.009521
0.005622
0.009521
0.010776
0.014022
0.011876
0.012907
0.003774
0.003227
0.039068
0.007234
0.010674
0.012069
0.041415
0.013959
0.012589
0.006677
0.012354
0.010436
0.024184
0.013088
0.024483
0.009351
0.010283
0.009069
0.013356
0.017769
0.013889
0.027109
0.013088
0.011834
0.023456
0.033225
0.009583
0.016007
0.007841
0.012833
0.010234
0.028697
0.023370
0.011200
0.010297
0.006727
0.002239
0.020231
0.025155
0.008936
0.012762
0.007989
0.011240
0.019631
0.020640
0.017099
0.012536
0.022142
0.011715
0.023115
0.010861
0.010294
0.013461
0.018369
0.009902
0.010816
0.015355
0.013199
0.055032
0.017462
0.008942
0.013105
0.031350
0.013736
0.013413
0.022600
0.013580
0.011834
0.015534
0.011325
0.011830
0.011333
0.010942
0.034557
0.010492
0.010788
0.013607
0.009454
0.018159
0.009902
0.017020
0.017971
0.008942
0.010741
0.010418
0.015518
0.006634
0.005365
0.008930
0.012389
0.008758
0.006244
0.012332
0.006189
0.016204
0.005684
0.011933
0.003448
0.013548
0.008975
0.013047
0.005979
0.015681
0.002530
0.007425
0.005928
0.048180
0.002497
0.007694
0.002667
0.012076
0.021308
0.047965
0.013316
0.025631
0.006124
0.002993
0.002900
0.011484
0.002578
0.005930
0.014165
0.002497
0.007696
0.003448
0.020171
0.007659
0.120619
0.015188
0.014083
0.027956
0.009813
0.010498
0.010529
0.011290
0.011830
0.030009
0.037187
0.014022
0.024368
0.010702
0.010063
0.028297
0.010776
0.016355
0.019900
0.011408
0.011946
0.014343
0.009986
0.013461
0.027213
0.011290
0.009663
0.017020
0.011445
0.018326
0.010662
0.010941
0.015355
0.012344
0.014210
0.013413
0.012299
0.020640
0.016391
0.016364
0.010926
0.011326
0.010301
0.013303
0.048814
0.019444
0.013030
0.023953
0.020519
0.027717
0.008949
0.008846
0.027967
0.011113
0.017738
0.010154
0.019080
0.009082
0.013139
0.011449
0.009381
0.009683
0.033099
0.012701
0.032700
0.009177
0.005846
0.016204
0.007267
0.024511
0.005928
0.007228
0.002667
0.016063
0.002535
0.007228
0.007404
0.047923
0.003270
0.034082
0.045902
0.015863
0.006105
0.026153
0.008580
0.006670
0.016983
0.026153
0.016973
0.004677
0.006377
0.015615
0.006492
0.025798
0.017086
0.006377
0.007754
0.008086
0.003605
0.007782
0.026569
0.013243
0.002578
0.029310
0.028728
0.046551
0.013969
0.002825
0.003083
0.008086
0.026341
0.007953
0.006271
0.004677
0.008771
0.031601
0.006670
0.014782
0.005368
0.009104
0.006100
0.005150
0.005340
0.004637
0.005474
0.003732
0.018770
0.005869
0.003381
0.011426
0.005900
0.005335
0.004070
0.008797
0.021710
0.008451
0.014369
0.056388
0.024788
0.024179
0.007648
0.030450
0.027537
0.007834
0.032486
0.022550
0.026436
0.015849
0.015866
0.012083
0.014391
0.042486
0.027505
0.011469
0.045633
0.027978
0.014777
0.011990
0.016460
0.016591
0.016920
0.014871
0.018036
0.019502
0.015410
0.018373
0.024570
0.023957
0.008480
0.016046
0.024518
0.015923
0.029306
0.087025
0.028189
0.038914
0.010144
0.004821
0.011751
0.004398
0.004398
0.043587
0.043360
0.127127
0.010001
0.024562
0.004205
0.071472
0.011524
0.004657
0.037367
0.149753
0.016470
0.052205
0.016652
0.101020
0.011174
0.105395
0.042899
0.029260
0.070611
0.015679
0.022933
0.045052
0.004064
0.053974
0.042529
0.006387
0.149367
0.012438
0.042762
0.026380
0.005155
0.016585
0.026882
0.003927
0.009183
0.017587
0.008403
0.005483
0.024296
0.024349
0.008014
0.017270
0.005204
0.003712
0.005831
0.004004
0.024849
0.008876
0.011740
0.009465
0.020416
0.015165
0.005783
0.003920
0.004735
0.008066
0.008720
0.012820
0.009149
0.004839
0.008594
0.009290
0.023521
0.003920
0.002497
0.006670
0.015278
0.008306
0.004004
0.009557
0.005282
0.005474
0.003662
0.005520
0.006896
0.007648
0.009183
0.007947
0.023584
0.007986
0.004025
0.010744
0.003381
0.020223
0.005227
0.011228
0.010644
0.011740
0.009325
0.014170
0.008363
0.032681
0.008304
0.004914
0.024482
0.015951
0.041392
0.014285
0.008403
0.005061
0.016791
0.003694
0.012009
0.029090
0.003993
0.026051
0.008449
0.010744
0.037691
0.053063
0.046204
0.017499
0.017328
0.008801
0.017499
0.034450
0.008612
0.007651
0.016755
0.016772
0.016019
0.015165
0.008066
0.008933
0.011005
0.010541
0.009290
0.015534
0.014098
0.009922
0.016103
0.007037
0.014136
0.014638
0.014136
0.012107
0.009156
0.017753
0.011976
0.012505
0.034778
0.046686
0.025746
0.026587
0.018036
0.015500
0.013760
0.017465
0.017980
0.028756
0.022399
0.015379
0.014096
0.015018
0.018000
0.016938
0.014008
0.008571
0.009112
0.029416
0.009331
0.007229
0.026539
0.003799
0.011720
0.003376
0.007328
0.011790
0.017038
0.005167
0.038757
0.024503
0.026988
0.014348
0.008983
0.004061
0.004218
0.009214
0.004821
0.003376
0.003672
0.009451
0.004075
0.010001
0.010466
0.011574
0.081452
0.004833
0.052958
0.012166
0.004592
0.004691
0.052205
0.008824
0.008706
0.005618
0.020152
0.007019
0.005323
0.023531
0.016460
0.004460
0.031863
0.081452
0.010466
0.011524
0.004398
0.004398
0.004083
0.006998
0.024600
0.013354
0.044907
0.010001
0.029598
0.030269
0.031863
0.006125
0.007978
0.012948
0.024570
0.011114
0.017120
0.009297
0.011114
0.008808
0.015462
0.034086
0.003749
0.003999
0.004398
0.016914
0.042196
0.029116
0.011503
0.031616
0.006270
0.009963
0.011174
0.035592
0.010917
0.013223
0.004592
0.011975
0.009671
0.021852
0.007099
0.005618
0.004460
0.008706
0.007956
0.011727
0.011144
0.010333
0.019941
0.003316
0.017158
0.009678
0.007907
0.008499
0.018257
0.010521
0.004314
0.004518
0.006125
0.004333
0.004514
0.045080
0.012269
0.006997
0.010041
0.011975
0.015566
0.034195
0.025969
0.003799
0.034090
0.011790
0.030278
0.016823
0.015060
0.017703
0.015355
0.019944
0.016980
0.024219
0.023581
0.035770
0.016103
0.015076
0.027731
0.030885
0.025709
0.015462
0.033749
0.029814
0.007290
0.028015
0.016914
0.003726
0.004398
0.009331
0.018374
0.018788
0.022399
0.012708
0.007492
0.009331
0.007309
0.038161
0.005669
0.012761
0.009574
0.026972
0.007290
0.004518
0.009964
0.003999
0.031439
0.004018
0.012374
0.016638
0.048448
0.003590
0.012374
0.012329
0.011514
0.014406
0.011503
0.008706
0.008453
0.010924
0.016652
0.008913
0.008913
0.008188
0.050673
0.009396
0.007701
0.007843
0.003465
0.011297
0.007209
0.005530
0.008302
0.003479
0.010157
0.003738
0.004299
0.013457
0.005146
0.013940
0.008193
0.042285
0.009827
0.027758
0.008889
0.009133
0.009941
0.009059
0.004303
0.008307
0.008318
0.003289
0.007907
0.010717
0.015447
0.007907
0.006945
0.018588
0.011163
0.007362
0.007165
0.007832
0.009282
0.003488
0.068180
0.003147
0.005394
0.003132
0.008404
0.005423
0.024174
0.021981
0.003132
0.003316
0.004470
0.003465
0.009282
0.004470
0.056875
0.003488
0.008145
0.012181
0.004427
0.034538
0.032763
0.004398
0.004218
0.003999
0.027436
0.003389
0.003749
0.014982
0.009086
0.041368
0.003799
0.012761
0.015532
0.034691
0.018165
0.004157
0.008830
0.013077
0.005530
0.003147
0.003738
0.009567
0.014822
0.007415
0.003147
0.007404
0.007157
0.037880
0.010581
0.007658
0.017106
0.007907
0.004299
0.009789
0.009355
0.007992
0.009433
0.009751
0.008117
0.017370
0.029124
0.008912
0.010669
0.009195
0.058044
0.013816
0.064149
0.010007
0.009139
0.011919
0.020554
0.027758
0.007431
0.004299
0.012223
0.011746
0.004916
0.009741
0.009221
0.029150
0.019459
0.034205
0.011919
0.018343
0.034912
0.011376
0.008730
0.017139
0.016893
0.009363
0.013457
0.009433
0.008477
0.012223
0.015025
0.009386
0.009524
0.009135
0.016893
0.014660
0.010411
0.010411
0.010675
0.010790
0.009565
0.047394
0.079468
0.009751
0.017158
0.007603
0.008889
0.009135
0.017504
0.013072
0.011385
0.052909
0.011503
0.010822
0.008990
0.008848
0.007708
0.008336
0.009037
0.009884
0.009467
0.020926
0.031134
0.010244
0.012092
0.011953
0.031395
0.012092
0.011343
0.008899
0.012357
0.020246
0.008700
0.025203
0.019324
0.043645
0.019642
0.012994
0.020808
0.027619
0.015433
0.008803
0.033560
0.030732
0.021134
0.012101
0.008766
0.021088
0.021478
0.019746
0.019389
0.026128
0.030165
0.028611
0.035850
0.030445
0.021529
0.009847
0.068945
0.039905
0.019661
0.011601
0.069884
0.007915
0.010366
0.010879
0.009609
0.035549
0.008581
0.010238
0.022110
0.008845
0.020073
0.008845
0.020763
0.111809
0.020610
0.020697
0.010007
0.039905
0.032295
0.009429
0.009000
0.007745
0.009967
0.009614
0.012108
0.022969
0.013816
0.010307
0.010136
0.095679
0.012079
0.008326
0.012108
0.022576
0.007915
0.008326
0.068862
0.008845
0.018744
0.010244
0.008929
0.011883
0.012590
0.012590
0.013651
0.021003
0.021807
0.021337
0.012952
0.009238
0.015178
0.015433
0.042055
0.033924
0.009536
0.011103
0.005397
0.003035
0.000646
0.001456
0.002955
0.048466
0.001225
0.003439
0.024023
0.001631
0.010143
0.006623
0.052035
0.005154
0.009591
0.025530
0.009786
0.019606
0.026005
0.062790
0.002754
0.009018
0.009565
0.012375
0.024103
0.009265
0.018853
0.006676
0.030503
0.023194
0.020449
0.003945
0.011743
0.035236
0.015416
0.015912
0.017054
0.018483
0.012882
0.011414
0.005397
0.009536
0.021781
0.023684
0.036387
0.036387
0.019339
0.014516
0.045333
0.020784
0.049884
0.012375
0.017128
0.019686
0.003956
0.021660
0.005397
0.004141
0.019606
0.005397
0.011604
0.001714
0.001220
0.000989
0.009565
0.009810
0.050723
0.009541
0.001505
0.009038
0.047307
0.010564
0.002067
0.010890
0.001579
0.005918
0.005486
0.002971
0.001579
0.002060
0.016023
0.011414
0.011172
0.006140
0.010617
0.000646
0.009786
0.001353
0.002831
0.001001
0.010564
0.005397
0.045816
0.023481
0.047307
0.046948
0.047307
0.002235
0.008941
0.009141
0.048630
0.002849
0.009810
0.001579
0.001200
0.024208
0.003141
0.004211
0.009596
0.011172
0.010143
0.026069
0.016023
0.001861
0.009922
0.010980
0.009735
0.004141
0.009701
0.010444
0.001861
0.022991
0.018753
0.008901
0.003035
0.019628
0.024208
0.009645
0.021307
0.000676
0.009922
0.023886
0.019047
0.011743
0.008901
0.023742
0.026069
0.010469
0.020348
0.000646
0.025916
0.006752
0.015211
0.049075
0.017366
0.016258
0.012489
0.012489
0.053691
0.021495
0.083797
0.028252
0.027451
0.034076
0.028695
0.028057
0.034278
0.029220
0.027843
0.026650
0.029494
0.032619
0.025236
0.026961
0.032001
0.030956
0.032138
0.023957
0.036464
0.022787
0.024425
0.030358
0.022393
0.024822
0.022469
0.018380
0.019687
0.017618
0.019158
0.015663
0.043164
0.042024
0.012604
0.015718
0.043398
0.024245
0.017021
0.008342
0.042250
0.016258
0.074952
0.044873
0.016402
0.019227
0.025963
0.027451
0.028969
0.034113
0.028662
0.048476
0.024361
0.025535
0.031023
0.028868
0.015345
0.015805
0.015807
0.012688
0.008098
0.072308
0.016445
0.007692
0.076952
0.069735
0.009293
0.016290
0.009120
0.007718
0.007458
0.023774
0.028753
0.005989
0.005793
0.008415
0.042111
0.007208
0.009360
0.014305
0.051901
0.006719
0.014235
0.006464
0.005728
0.010053
0.005646
0.006555
0.011498
0.009120
0.009575
0.010053
0.006558
0.010676
0.016756
0.014182
0.009610
0.007532
0.006431
0.005903
0.007363
0.005957
0.060361
0.019140
0.006547
0.005713
0.007174
0.007403
0.100203
0.006093
0.033119
0.005969
0.005793
0.007284
0.008415
0.007370
0.015734
0.005725
0.006457
0.007226
0.005728
0.006836
0.006674
0.006710
0.007991
0.006714
0.023721
0.011149
0.008384
0.009364
0.009779
0.007398
0.011842
0.010973
0.009717
0.008500
0.005919
0.023384
0.009050
0.011798
0.012617
0.008250
0.108275
0.069367
0.042080
0.026582
0.016699
0.009456
0.022851
0.014474
0.013301
0.016678
0.027871
0.012183
0.018929
0.016115
0.009203
0.012688
0.008649
0.022845
0.016399
0.015283
0.018929
0.015690
0.014237
0.026582
0.008324
0.081043
0.019093
0.046777
0.078838
0.011072
0.014266
0.006558
0.006558
0.005989
0.015572
0.005441
0.006719
0.014305
0.006997
0.006823
0.010653
0.009107
0.008574
0.010106
0.016827
0.012707
0.007458
0.010053
0.015171
0.006710
0.060722
0.052899
0.008415
0.007003
0.006801
0.007653
0.011636
0.022937
0.012225
0.016932
0.012559
0.012596
0.023461
0.011598
0.026048
0.016433
0.052816
0.012505
0.012108
0.076177
0.013095
0.079683
0.013199
0.007653
0.012508
0.023277
0.011373
0.008638
0.015165
0.024902
0.082763
0.024902
0.012559
0.017955
0.011848
0.009293
0.012046
0.007119
0.005813
0.076813
0.007458
0.025627
0.025627
0.005646
0.007175
0.006808
0.007676
0.010653
0.013394
0.015112
0.014351
0.019268
0.014305
0.017239
0.010977
0.017239
0.011603
0.015112
0.006796
0.007263
0.008415
0.008167
0.006719
0.007991
0.006927
0.009668
0.008474
0.014182
0.006931
0.011771
0.006927
0.006383
0.014687
0.007908
0.009218
0.042050
0.007894
0.007536
0.006735
0.065803
0.043717
0.052816
0.011146
0.005813
0.009468
0.019531
0.007458
0.009063
0.007565
0.005441
0.007681
0.015574
0.007340
0.009519
0.011290
0.024335
0.028707
0.008839
0.013417
0.013445
0.009702
0.034149
0.008240
0.009468
0.005813
0.005989
0.014840
0.007340
0.016767
0.014235
0.006457
0.009702
0.007777
0.066160
0.008174
0.014391
0.027723
0.013725
0.027723
0.015951
0.017844
0.012108
0.016546
0.027057
0.015951
0.029252
0.017844
0.017759
0.025289
0.025289
0.068962
0.009562
0.008786
0.012046
0.017846
0.007360
0.007425
0.028363
0.007752
0.009034
0.009393
0.016307
0.017894
0.007425
0.054508
0.014090
0.005728
0.005583
0.013727
0.006719
0.007260
0.005961
0.006801
0.007175
0.046661
0.007681
0.014409
0.006516
0.013841
0.006980
0.006727
0.006724
0.005919
0.006561
0.009364
0.009745
0.021797
0.042050
0.007129
0.007116
0.014888
0.041798
0.015475
0.012684
0.010512
0.037005
0.016310
0.016361
0.066049
0.046048
0.012181
0.034084
0.077391
0.010632
0.012940
0.015010
0.011256
0.017340
0.009493
0.050119
0.050412
0.015544
0.072169
0.005246
0.005246
0.006154
0.005476
0.005637
0.006009
0.006451
0.011699
0.012979
0.012724
0.013120
0.013234
0.011918
0.068345
0.006565
0.007079
0.010710
0.008801
0.033440
0.009782
0.016271
0.008564
0.007919
0.007359
0.008113
0.033461
0.007879
0.008092
0.067603
0.009483
0.014528
0.014736
0.009207
0.075054
0.005852
0.049939
0.021266
0.018431
0.017059
0.040545
0.022112
0.023566
0.033065
0.011574
0.005919
0.007991
0.015014
0.006674
0.016283
0.009503
0.006997
0.103064
0.020006
0.007281
0.007164
0.021918
0.015506
0.038139
0.020006
0.022456
0.006864
0.014298
0.008300
0.014305
0.017508
0.005725
0.006710
0.014265
0.014487
0.006719
0.006931
0.008798
0.009364
0.007908
0.008894
0.036368
0.014053
0.010129
0.008362
0.007899
0.009010
0.007293
0.044720
0.016975
0.013600
0.013121
0.011931
0.096116
0.008923
0.015866
0.006068
0.008288
0.014148
0.077490
0.008749
0.009686
0.012858
0.016195
0.047109
0.011741
0.013810
0.011772
0.005366
0.006565
0.005944
0.009902
0.007309
0.008718
0.012374
0.007163
0.008718
0.007646
0.008778
0.014237
0.006466
0.009902
0.006502
0.068135
0.012773
0.006701
0.005627
0.006621
0.006098
0.006701
0.005410
0.013120
0.005476
0.005754
0.012989
0.008272
0.010129
0.014892
0.010591
0.006629
0.025292
0.005426
0.012593
0.006181
0.006537
0.006223
0.006454
0.007783
0.009742
0.008403
0.013605
0.014064
0.036368
0.021214
0.007417
0.008960
0.005769
0.005366
0.006009
0.009686
0.005946
0.005956
0.006454
0.009742
0.114640
0.010172
0.014684
0.034101
0.007990
0.014684
0.013234
0.012005
0.008305
0.044720
0.013068
0.005944
0.061880
0.009902
0.006330
0.025677
0.012940
0.010977
0.008058
0.005754
0.012848
0.012884
0.009010
0.007676
0.008128
0.007417
0.023005
0.044756
0.012848
0.005536
0.009902
0.007079
0.007154
0.008373
0.006498
0.012826
0.013670
0.006498
0.013670
0.006498
0.009367
0.007299
0.007397
0.007079
0.027961
0.007590
0.007590
0.008831
0.008301
0.015397
0.008607
0.008155
0.014358
0.008265
0.015163
0.008946
0.033078
0.015515
0.007758
0.011650
0.011026
0.028800
0.006838
0.006643
0.007414
0.066811
0.013433
0.009686
0.006805
0.069212
0.007033
0.068888
0.009348
0.007461
0.009922
0.073070
0.007515
0.011435
0.006132
0.024694
0.006665
0.006573
0.006573
0.011738
0.060853
0.006608
0.011508
0.060493
0.013632
0.006825
0.069212
0.015276
0.039991
0.007414
0.006825
0.006429
0.010153
0.006825
0.010153
0.076998
0.007085
0.006805
0.007052
0.026172
0.006955
0.091104
0.006955
0.006871
0.071414
0.011326
0.012803
0.011837
0.006144
0.008858
0.006825
0.013473
0.009922
0.006144
0.007515
0.015276
0.006429
0.011906
0.010549
0.023296
0.007033
0.006446
0.006121
0.011712
0.006832
0.006914
0.006967
0.031386
0.027807
0.006914
0.007105
0.063382
0.007031
0.014222
0.006814
0.024694
0.006607
0.015160
0.010282
0.007129
0.006967
0.033081
0.013642
0.015688
0.029646
0.022382
0.006502
0.006967
0.008578
0.005677
0.068410
0.011844
0.006689
0.012773
0.006485
0.005627
0.008675
0.006498
0.007318
0.006701
0.005946
0.012608
0.007676
0.014357
0.031487
0.005649
0.007293
0.023315
0.021973
0.025292
0.012884
0.008001
0.009207
0.005946
0.012608
0.067190
0.006009
0.024637
0.005371
0.005572
0.012593
0.005410
0.062649
0.006330
0.005547
0.005717
0.009983
0.006701
0.009902
0.006502
0.006223
0.007930
0.025374
0.010300
0.011214
0.028832
0.010172
0.014548
0.009865
0.014709
0.015845
0.008975
0.008773
0.015001
0.011650
0.006671
0.008471
0.007688
0.015613
0.007649
0.013102
0.014464
0.007879
0.029236
0.008444
0.041455
0.006723
0.006734
0.029084
0.007076
0.006927
0.006723
0.006967
0.007769
0.010583
0.007277
0.006789
0.006776
0.006825
0.006858
0.007009
0.006825
0.008686
0.026451
0.006862
0.006776
0.013433
0.039991
0.007327
0.007359
0.006927
0.008444
0.006927
0.007769
0.066607
0.006868
0.007076
0.006776
0.013169
0.006530
0.006530
0.010153
0.007501
0.006847
0.007769
0.010549
0.006847
0.007649
0.006573
0.006723
0.013605
0.006144
0.011906
0.006346
0.006573
0.006618
0.011738
0.011738
0.006665
0.026039
0.006121
0.006306
0.011876
0.006429
0.025932
0.011906
0.025912
0.006754
0.006346
0.028039
0.035693
0.006967
0.017639
0.047900
0.008122
0.034536
0.013853
0.007129
0.009246
0.007052
0.006502
0.024694
0.030574
0.007406
0.007215
0.097998
0.011992
0.011992
0.007351
0.035693
0.009246
0.044485
0.006914
0.007406
0.012553
0.059063
0.007351
0.008320
0.013642
0.010002
0.020016
0.012193
0.027527
0.044254
0.046396
0.073329
0.051181
0.097500
0.085209
0.099676
0.091734
0.067970
0.101032
0.080508
0.100746
0.073420
0.098881
0.100746
0.215320
0.101032
0.112940
0.106263
0.082806
0.143576
0.102435
0.093349
0.114266
0.095243
0.108380
0.099030
0.103485
0.101152
0.078292
0.086828
0.131053
0.026791
0.006433
0.029646
0.043357
0.012193
0.122136
0.081602
0.030977
0.025844
0.015856
0.066371
0.068268
0.001081
0.094618
0.043470
0.146120
0.112792
0.055012
0.048775
0.058886
0.130292
0.021745
0.130784
0.139934
0.469681
0.259241
0.302099
0.405028
0.397964
0.335569
0.359037
0.320760
0.379603
0.332919
0.376519
0.277649
0.341902
0.323242
0.352903
0.342824
0.315147
0.332894
0.327344
0.335596
0.332315
0.332048
0.323257
0.270190
0.331120
0.052572
0.093053
0.097640
0.094093
0.039280
0.025682
0.011560
0.015329
0.009117
0.007349
0.003931
0.003719
0.009697
0.005825
0.006598
0.009177
0.009063
0.009213
0.009454
0.006662
0.006630
0.006837
0.004802
0.005836
0.008376
0.008019
0.008660
0.004855
0.010219
0.006447
0.029694
0.005039
0.012043
0.005917
0.004106
0.006087
0.008889
0.017518
0.003935
0.006013
0.005366
0.003741
0.006985
0.008676
0.004241
0.005118
0.003974
0.005245
0.011359
0.010740
0.017080
0.036309
0.024761
0.062557
0.008420
0.004707
0.005867
0.008340
0.004461
0.003451
0.004176
0.007463
0.030561
0.014781
0.004561
0.013267
0.008426
0.008241
0.010290
0.008086
0.013721
0.008123
0.017473
0.011247
0.016543
0.016701
0.011042
0.010913
0.016265
0.013807
0.010615
0.017104
0.015986
0.019701
0.015626
0.019697
0.017952
0.020375
0.029490
0.022075
0.012111
0.016155
0.005477
0.009084
0.039195
0.023408
0.020255
0.026538
0.017507
0.016832
0.008369
0.019053
0.014578
0.015909
0.017342
0.018694
0.014609
0.018108
0.012083
0.016313
0.005102
0.004913
0.007762
0.012687
0.003663
0.004880
0.012412
0.012611
0.030529
0.021132
0.030529
0.029996
0.028568
0.026484
0.034069
0.026595
0.045705
0.045636
0.039388
0.038899
0.019898
0.023365
0.023833
0.024669
0.021748
0.029662
0.019110
0.007496
0.004849
0.020223
0.041614
0.003258
0.008737
0.004467
0.004511
0.004114
0.003761
0.003614
0.002632
0.007116
0.008357
0.004901
0.002173
0.002115
0.002072
0.020242
0.007756
0.007116
0.003772
0.004164
0.004636
0.003279
0.003106
0.015203
0.008295
0.003772
0.006981
0.005964
0.005653
0.005159
0.028554
0.008860
0.010937
0.009729
0.006214
0.034022
0.006546
0.004378
0.023102
0.009921
0.009669
0.014843
0.013202
0.016033
0.015504
0.018416
0.010548
0.010876
0.015199
0.012784
0.009463
0.012071
0.012375
0.008612
0.025205
0.006908
0.012292
0.007860
0.005316
0.008064
0.003939
0.005316
0.003369
0.003713
0.004717
0.002180
0.013417
0.005860
0.004880
0.005829
0.006260
0.017184
0.006763
0.021680
0.013705
0.008316
0.019435
0.035399
0.037088
0.038496
0.027499
0.037267
0.020223
0.008786
0.028302
0.026245
0.028994
0.025324
0.047397
0.023926
0.009805
0.021784
0.009791
0.013622
0.007108
0.007783
0.006294
0.007783
0.006570
0.005880
0.006579
0.006550
0.006091
0.008501
0.006684
0.015123
0.006491
0.011885
0.007553
0.021869
0.006618
0.008859
0.007851
0.007972
0.007818
0.006672
0.006848
0.006317
0.006541
0.006713
0.005763
0.006659
0.006206
0.006093
0.006359
0.006445
0.006363
0.010354
0.006599
0.006599
0.010320
0.006389
0.005917
0.006363
0.006502
0.005954
0.005909
0.005988
0.006310
0.006215
0.006394
0.006462
0.010200
0.011085
0.022006
0.019420
0.024801
0.017938
0.023065
0.014182
0.022721
0.005137
0.011666
0.024819
0.016178
0.010326
0.007351
0.029582
0.005237
0.005640
0.004518
0.013823
0.047574
0.014694
0.043249
0.008488
0.008731
0.004366
0.040054
0.061923
0.012653
0.011227
0.014963
0.011538
0.013089
0.011189
0.016629
0.010775
0.028063
0.014368
0.028352
0.015417
0.009524
0.003331
0.004039
0.032472
0.044803
0.042806
0.020277
0.049370
0.015709
0.019139
0.018639
0.004684
0.004783
0.004515
0.004521
0.010467
0.017456
0.005814
0.004543
0.008290
0.004259
0.007990
0.009057
0.011529
0.022923
0.005855
0.003067
0.011446
0.008365
0.017476
0.023446
0.003733
0.030602
0.015045
0.258582
0.003716
0.007905
0.007725
0.007004
0.015508
0.011723
0.015612
0.009528
0.007557
0.007872
0.005773
0.008793
0.047090
0.009405
0.015189
0.006991
0.007096
0.007133
0.007413
0.004040
0.004994
0.004776
0.011913
0.007976
0.004259
0.007002
0.011875
0.006953
0.012710
0.007213
0.039553
0.021430
0.026516
0.010444
0.010545
0.007837
0.009592
0.041932
0.015030
0.007239
0.021640
0.006531
0.006815
0.012094
0.006577
0.006466
0.008410
0.006988
0.007297
0.009803
0.006988
0.007008
0.007506
0.006788
0.011814
0.008591
0.008726
0.010481
0.006967
0.028910
0.010297
0.012970
0.003733
0.055358
0.007748
0.021241
0.007750
0.004694
0.017479
0.026474
0.017773
0.032895
0.036391
0.026046
0.059963
0.019292
0.019707
0.070680
0.045061
0.018694
0.023780
0.008976
0.035718
0.026399
0.017479
0.041754
0.051014
0.021718
0.072758
0.023315
0.065380
0.005251
0.015852
0.004879
0.019213
0.032592
0.019950
0.016830
0.021255
0.016273
0.016476
0.018626
0.010798
0.008890
0.008107
0.016758
0.011084
0.014533
0.015393
0.019720
0.046046
0.088436
0.147404
0.010911
0.053759
0.006148
0.003788
0.052372
0.005194
0.018625
0.018410
0.011824
0.007053
0.013146
0.013935
0.010227
0.047124
0.012574
0.020146
0.042866
0.021835
0.035501
0.065865
0.005893
0.048006
0.006502
0.136436
0.007031
0.006433
0.014053
0.006220
0.013788
0.012528
0.032500
0.007239
0.030417
0.007764
0.021429
0.008452
0.012535
0.011457
0.011595
0.010367
0.040298
0.043249
0.003666
0.009496
0.003208
0.007879
0.007833
0.003712
0.010467
0.012188
0.004769
0.003336
0.010467
0.004521
0.004032
0.007848
0.010772
0.021059
0.012674
0.013225
0.012371
0.012337
0.013377
0.012686
0.007722
0.008726
0.007869
0.011714
0.025804
0.008092
0.016949
0.012676
0.008092
0.008598
0.010810
0.006799
0.006362
0.006348
0.006143
0.007505
0.006481
0.007031
0.011492
0.006446
0.029998
0.006773
0.006763
0.006719
0.038444
0.012991
0.010959
0.038635
0.061534
0.006773
0.006850
0.012271
0.005904
0.017403
0.006051
0.006207
0.008678
0.005698
0.030027
0.006110
0.008672
0.011810
0.008913
0.025247
0.021899
0.014528
0.011810
0.023633
0.099600
0.020169
0.008232
0.007552
0.009535
0.029411
0.001321
0.005438
0.003457
0.024033
0.028178
0.025223
0.029345
0.012797
0.035828
0.048657
0.008793
0.008140
0.019593
0.003163
0.013043
0.002413
0.005532
0.001073
0.007271
0.000798
0.000933
0.007832
0.031643
0.004097
0.018800
0.008394
0.018354
0.018457
0.001763
0.001083
0.004360
0.008121
0.005090
0.006170
0.014289
0.007513
0.007475
0.004904
0.009436
0.026323
0.013937
0.013198
0.030507
0.035169
0.025223
0.062896
0.032589
0.030437
0.039022
0.036601
0.027771
0.024849
0.026628
0.028901
0.039713
0.029568
0.029568
0.028738
0.025235
0.028156
0.038917
0.028102
0.020987
0.110305
0.023213
0.009601
0.007293
0.006173
0.052351
0.035040
0.005018
0.009591
0.010245
0.004256
0.013301
0.010279
0.009515
0.021126
0.016107
0.007271
0.023493
0.006599
0.001927
0.005988
0.013354
0.006773
0.009192
0.009519
0.006966
0.008787
0.006452
0.007453
0.017222
0.009288
0.014126
0.007697
0.005796
0.043861
0.007429
0.006424
0.003795
0.006198
0.005521
0.004400
0.004309
0.009585
0.005853
0.005519
0.013940
0.005839
0.001763
0.010874
0.017725
0.007606
0.011593
0.007396
0.006135
0.005194
0.006694
0.005262
0.032281
0.004046
0.005519
0.005826
0.003165
0.023213
0.006150
0.006212
0.013139
0.006110
0.012782
0.025390
0.009589
0.037154
0.037328
0.067409
0.006309
0.012960
0.040495
0.044208
0.009521
0.013179
0.013996
0.038948
0.014759
0.009682
0.024114
0.029496
0.006110
0.011225
0.006599
0.013697
0.010185
0.039843
0.012759
0.009541
0.005634
0.084951
0.039690
0.043684
0.007373
0.026509
0.013313
0.049005
0.039747
0.020669
0.022761
0.013538
0.017747
0.018160
0.014517
0.014026
0.019341
0.015222
0.015198
0.019197
0.015357
0.018421
0.016606
0.022138
0.007152
0.007653
0.008318
0.008203
0.005205
0.019426
0.024412
0.002130
0.004292
0.015891
0.011039
0.057689
0.006369
0.007824
0.006211
0.006113
0.012537
0.033442
0.016177
0.008772
0.027169
0.031558
0.005746
0.049012
0.031016
0.083437
0.015030
0.002503
0.011177
0.027779
0.031634
0.049653
0.034821
0.020751
0.097139
0.021910
0.005176
0.007653
0.003733
0.024289
0.005811
0.014050
0.013372
0.019228
0.018366
0.043841
0.014900
0.006982
0.007413
0.010941
0.006836
0.012766
0.080425
0.007261
0.007870
0.008028
0.007243
0.015041
0.006817
0.007722
0.009715
0.018329
0.021815
0.004740
0.013896
0.024627
0.041537
0.029758
0.020188
0.016864
0.062530
0.018102
0.018567
0.018073
0.015750
0.015081
0.021553
0.018263
0.022546
0.017091
0.042228
0.025957
0.013144
0.016480
0.019507
0.015090
0.016362
0.024591
0.017995
0.064416
0.050274
0.055049
0.049956
0.018007
0.015720
0.019681
0.015676
0.018462
0.022941
0.019513
0.009119
0.007813
0.006403
0.005069
0.005103
0.004653
0.005054
0.004298
0.005594
0.003975
0.004119
0.005234
0.007073
0.004621
0.006506
0.004518
0.005525
0.005345
0.006436
0.005069
0.014481
0.004653
0.004496
0.006300
0.005594
0.003933
0.005020
0.004263
0.004503
0.005471
0.009409
0.005072
0.004513
0.004364
0.003599
0.003915
0.004059
0.004305
0.004059
0.004701
0.016717
0.012540
0.011722
0.010259
0.026318
0.013073
0.016903
0.014878
0.015074
0.014189
0.015794
0.018595
0.015429
0.014658
0.016090
0.015518
0.014057
0.018759
0.016416
0.020997
0.014835
0.016528
0.016531
0.017468
0.015230
0.015024
0.016056
0.014694
0.015096
0.014126
0.013044
0.017334
0.010210
0.016623
0.012718
0.009969
0.010999
0.011613
0.012278
0.010749
0.014525
0.010509
0.010848
0.011058
0.012774
0.014817
0.020210
0.011116
0.010540
0.012828
0.010710
0.010560
0.011534
0.010876
0.009783
0.013629
0.009750
0.009808
0.010070
0.009878
0.009672
0.013450
0.012657
0.014733
0.015313
0.013082
0.018402
0.006463
0.008140
0.185446
0.040665
0.020131
0.045606
0.028427
0.048046
0.510726
0.298973
0.038980
0.378364
0.094419
0.031150
0.008518
0.070485
0.053717
0.072307
0.056724
0.021727
0.021129
0.022550
0.015026
0.022299
0.038842
0.014489
0.020063
0.008137
0.014429
0.016575
0.010269
0.012438
0.009867
0.011596
0.012270
0.017497
0.102310
0.005492
0.006461
0.005140
0.007301
0.007309
0.003704
0.009909
0.007139
0.029177
0.011568
0.012265
0.004874
0.009778
0.008445
0.005869
0.008116
0.008700
0.005728
0.004807
0.037030
0.009247
0.008406
0.010329
0.010415
0.009269
0.019239
0.013051
0.022053
0.018829
0.014437
0.016965
0.016876
0.016479
0.031027
0.020501
0.015920
0.034322
0.013793
0.009777
0.007829
0.014695
0.017288
0.021883
0.017851
0.009732
0.013044
0.015551
0.009656
0.008519
0.009656
0.006867
0.006344
0.006816
0.010181
0.019979
0.004390
0.006788
0.008920
0.023553
0.023855
0.019304
0.016601
0.014289
0.008326
0.012874
0.012739
0.031531
0.004858
0.004699
0.005018
0.005370
0.003835
0.008912
0.008886
0.012592
0.016624
0.051384
0.048668
0.009884
0.015748
0.009954
0.024566
0.024535
0.016939
0.011322
0.008383
0.023038
0.005219
0.004739
0.005362
0.003557
0.004062
0.006526
0.006112
0.005227
0.005728
0.008003
0.005578
0.009946
0.010942
0.018307
0.007067
0.017308
0.006116
0.009334
0.028589
0.017593
0.016206
0.026260
0.020597
0.018648
0.016480
0.012307
0.046143
0.003251
0.017999
0.040608
0.018123
0.019974
0.022101
0.018254
0.013494
0.009958
0.031372
0.017765
0.004374
0.003869
0.004392
0.005634
0.007221
0.006390
0.011168
0.010747
0.013188
0.004702
0.015515
0.004832
0.018513
0.008048
0.009087
0.013137
0.019364
0.003680
0.003114
0.019616
0.008333
0.025587
0.008659
0.004255
0.017506
0.010925
0.005073
0.006709
0.008257
0.027998
0.012902
0.003251
0.013375
0.015355
0.121759
0.049680
0.010477
0.009301
0.004419
0.004418
0.003981
0.014562
0.003547
0.003962
0.003099
0.004125
0.003327
0.002626
0.014953
0.005073
0.007881
0.007664
0.007947
0.009062
0.008912
0.007013
0.012827
0.015298
0.009352
0.010682
0.007183
0.013676
0.008172
0.010735
0.006252
0.003221
0.013567
0.013256
0.005560
0.011920
0.011636
0.024349
0.012846
0.007722
0.003157
0.006330
0.024378
0.022942
0.012077
0.034222
0.015498
0.017751
0.029638
0.014289
0.023462
0.012610
0.014565
0.019950
0.012353
0.008746
0.008599
0.015480
0.023193
0.021245
0.023926
0.019084
0.004776
0.003130
0.003491
0.009550
0.008336
0.004058
0.010415
0.012612
0.022214
0.005226
0.003690
0.007333
0.001692
0.003828
0.004854
0.006998
0.008831
0.006602
0.009806
0.020720
0.022289
0.015069
0.014695
0.024585
0.019620
0.012580
0.018782
0.013816
0.018580
0.009745
0.014792
0.006977
0.013488
0.010222
0.013104
0.019162
0.014678
0.019498
0.039036
0.029963
0.013106
0.014768
0.032311
0.027509
0.022766
0.020385
0.016545
0.001702
0.009020
0.056838
0.017805
0.008497
0.027204
0.008597
0.012976
0.014824
0.047860
0.006197
0.004674
0.006249
0.009386
0.011116
0.019134
0.008135
0.010447
0.009153
0.032542
0.018300
0.005216
0.008280
0.009148
0.008022
0.019180
0.015158
0.007099
0.019742
0.012921
0.003473
0.049867
0.003421
0.015770
0.007956
0.004431
0.004058
0.005041
0.002999
0.001702
0.003935
0.005392
0.008842
0.009063
0.019467
0.041751
0.063826
0.032358
0.049991
0.060186
0.058324
0.047414
0.045556
0.053540
0.048811
0.053987
0.031908
0.047733
0.038844
0.020669
0.019248
0.017930
0.020481
0.017054
0.020049
0.018793
0.019772
0.019702
0.017566
0.018465
0.015644
0.016770
0.010521
0.016942
0.017510
0.012970
0.012161
0.012432
0.010400
0.009976
0.010095
0.016433
0.008265
0.008781
0.008778
0.008628
0.009315
0.007708
0.013195
0.008741
0.012918
0.014300
0.014641
0.017847
0.029075
0.035674
0.026196
0.026719
0.020836
0.050522
0.005289
0.014233
0.018660
0.002834
0.005488
0.006187
0.006762
0.007742
0.005349
0.002938
0.002834
0.003298
0.006177
0.019891
0.010100
0.006827
0.003023
0.003009
0.004270
0.006514
0.004703
0.005059
0.008320
0.006528
0.013803
0.015084
0.027442
0.028696
0.059574
0.014612
0.031734
0.014612
0.028674
0.015048
0.060129
0.014764
0.013696
0.018866
0.017316
0.031146
0.060691
0.015084
0.006898
0.008737
0.009029
0.007616
0.003072
0.002979
0.002834
0.003052
0.003276
0.019311
0.004137
0.003521
0.006482
0.003254
0.014867
0.002813
0.003512
0.006344
0.027331
0.011108
0.008422
0.005310
0.027392
0.007947
0.013255
0.008820
0.039770
0.018114
0.031814
0.039592
0.024647
0.027969
0.024647
0.025143
0.023329
0.027211
0.017661
0.015582
0.010566
0.005652
0.005127
0.027855
0.011817
0.016773
0.020230
0.020657
0.022594
0.023425
0.010895
0.009028
0.004364
0.004137
0.007616
0.003759
0.012694
0.048619
0.042134
0.046874
0.064830
0.062402
0.046653
0.038923
0.135351
0.052416
0.067419
0.004907
0.013517
0.088296
0.126547
0.131408
0.181876
0.181480
0.225567
0.250308
0.228613
0.222793
0.164627
0.177115
0.144768
0.126326
0.126245
0.119378
0.052271
0.116235
0.066329
0.025665
0.031772
0.057841
0.060169
0.068384
0.016832
0.023033
0.014702
0.003038
0.010720
0.004741
0.017661
0.003776
0.006522
0.008485
0.008393
0.010155
0.016684
0.015784
0.025701
0.012406
0.007911
0.031164
0.003582
0.004825
0.012684
0.004300
0.002432
0.002019
0.008132
0.004207
0.149576
0.042425
0.028634
0.026124
0.036816
0.031954
0.017325
0.031948
0.046940
0.011187
0.019450
0.013708
0.031948
0.008939
0.031051
0.037601
0.035981
0.114329
0.258728
0.043743
0.265888
0.013063
0.041294
0.008805
0.005420
0.018115
0.029490
0.005370
0.064540
0.013031
0.006702
0.020164
0.003113
0.025415
0.028262
0.030558
0.057235
0.057424
0.038164
0.048765
0.040423
0.023049
0.020270
0.019179
0.012193
0.004371
0.006466
0.013389
0.003487
0.012776
0.003350
0.005860
0.002778
0.001283
0.015271
0.002949
0.003055
0.002898
0.003388
0.004795
0.007503
0.003383
0.004788
0.002768
0.003040
0.002794
0.002909
0.001475
0.006783
0.002775
0.003849
0.002804
0.004060
0.006818
0.005184
0.004936
0.019272
0.007335
0.008245
0.012865
0.021748
0.013250
0.023762
0.018490
0.014009
0.016107
0.012865
0.008988
0.010366
0.004062
0.007932
0.009997
0.013439
0.017119
0.009997
0.016213
0.017575
0.026494
0.042643
0.027300
0.022706
0.036030
0.056667
0.239805
0.175350
0.165581
0.125393
0.083255
0.115901
0.089416
0.073915
0.049577
0.020517
0.005303
0.011908
0.100833
0.006076
0.042483
0.111483
0.009929
0.003030
0.041713
0.012288
0.006423
0.013023
0.002376
0.002614
0.008464
0.010299
0.040613
0.197400
0.020932
0.037962
0.031051
0.056925
0.075052
0.023563
0.030410
0.031571
0.036607
0.028699
0.094303
0.015023
0.044772
0.030440
0.010462
0.030802
0.009048
0.008815
0.011456
0.012985
0.013066
0.016879
0.013039
0.017194
0.016869
0.017114
0.019527
0.017791
0.021564
0.017382
0.098694
0.050446
0.055906
0.043382
0.065292
0.011800
0.148067
0.010880
0.096638
0.075745
0.088662
0.064175
0.068481
0.007646
0.019663
0.047860
0.113284
0.092053
0.042159
0.053296
0.017241
0.068838
0.028646
0.071513
0.035336
0.115544
0.104210
0.031126
0.178368
0.006851
0.015999
0.270173
0.012220
0.012299
0.005465
0.003491
0.030449
0.049471
0.023436
0.008920
0.038977
0.007526
0.064143
0.053393
0.142058
0.106599
0.016627
0.016464
0.010394
0.016781
0.008124
0.006093
0.046326
0.009113
0.001729
0.084365
0.193580
0.029755
0.022550
0.057385
0.020226
0.015997
0.026805
0.043392
0.022529
0.026940
0.033521
0.017847
0.011474
0.026952
0.008759
0.012254
0.008722
0.011196
0.009909
0.008827
0.008820
0.008159
0.007540
0.010714
0.009387
0.009608
0.008694
0.010575
0.007573
0.008487
0.009182
0.010530
0.010734
0.015064
0.015700
0.018501
0.016975
0.011610
0.011349
0.008887
0.023169
0.018835
0.035523
0.019538
0.024440
0.023144
0.058469
0.058299
0.060441
0.060677
0.062493
0.047807
0.004333
0.107005
0.006200
0.012954
0.024262
0.012080
0.151785
0.064718
0.169455
0.011838
0.464264
0.003816
0.031800
0.049451
0.016911
0.015950
0.018080
0.010779
0.016662
0.012452
0.011180
0.022165
0.149802
0.075510
0.090494
0.020483
0.010983
0.011068
0.014151
0.014969
0.010155
0.010061
0.015635
0.062207
0.096738
0.100423
0.026065
0.013674
0.301910
0.028005
0.139194
0.018051
0.014441
0.005691
0.041004
0.005460
0.012886
0.016551
0.015813
0.038093
0.016456
0.017438
0.012427
0.010181
0.010544
0.010152
0.010599
0.010699
0.012098
0.040896
0.015746
0.042785
0.023975
0.063176
0.190651
0.087859
0.024275
0.006342
0.064525
0.016705
0.016581
0.015083
0.020711
0.020677
0.105908
0.039376
0.167035
0.003716
0.092638
0.076441
0.087610
0.031385
0.191871
0.318603
0.286120
0.048502
0.084497
0.204573
0.069802
0.176206
0.265459
0.292951
0.479655
0.009064
0.104911
0.106038
0.025243
0.018043
0.019569
0.048132
0.022987
0.022052
0.024278
0.016642
0.008922
0.419362
0.033785
0.016785
0.024148
0.029456
0.115558
0.057373
0.080157
0.102797
0.011638
0.017744
0.050369
0.019299
0.062400
0.080780
0.104494
0.029892
0.028226
0.037591
0.022817
0.050074
0.117987
0.017239
0.058557
0.013900
0.061526
0.023573
0.018281
0.121834
0.016863
0.066301
0.007657
0.060072
0.057827
0.015528
0.019854
0.124789
0.275357
0.052080
0.046156
0.089756
0.012422
0.059795
0.011893
0.059620
0.120168
0.002632
0.111567
0.241589
0.297685
0.053730
0.044109
0.247586
0.110124
0.265842
0.078748
0.467754
0.157135
0.080076
0.023973
0.021932
0.097989
0.091588
0.047999
0.149927
0.056737
0.085757
0.041274
0.024855
0.041651
0.022181
0.035127
0.006346
0.010030
0.755511
0.410235
0.042968
0.006577
0.049359
0.166301
0.012493
0.024074
0.025136
0.015023
0.101128
0.016688
0.059966
0.197967
0.392968
0.094323
0.140318
0.057057
0.058960
0.012201
0.053200
0.061404
0.172381
0.050304
0.109733
0.019294
0.030859
0.058075
0.068896
0.057014
0.079722
0.071108
0.066351
0.075753
0.045131
0.074842
0.029664
0.009589
0.072547
0.073453
0.050914
0.078291
0.048556
0.040980
0.034505
0.032201
0.080011
0.018579
0.027197
0.035032
0.027030
0.020759
0.019557
0.042905
0.043057
0.015367
0.020463
0.026342
0.063566
0.114882
0.017872
0.133362
0.071752
0.011192
0.014127
0.112296
0.528583
0.134847
0.260425
0.003465
0.074609
0.173449
0.054468
0.121454
0.018029
0.033799
0.015870
0.024709
0.020955
0.007278
0.015581
0.017376
0.015354
0.021793
0.012253
0.042341
0.012069
0.015535
0.062665
0.029313
0.011679
0.016175
0.011798
0.016939
0.018411
0.016172
0.013407
0.007393
0.006687
0.013634
0.009188
0.015165
0.015898
0.008307
0.013432
0.013613
0.016153
0.025205
0.021311
0.027178
0.192819
0.020269
0.248777
0.065763
0.075017
0.010025
0.013266
0.024265
0.080283
0.017494
0.009611
0.015868
0.003730
0.008102
0.030480
0.007833
0.013730
0.336980
0.023878
0.032721
0.033829
0.026760
0.010682
0.011750
0.012019
0.010291
0.013462
0.010442
0.005853
0.003178
0.012092
0.003999
0.005079
0.006780
0.003593
0.005006
0.002429
0.017331
0.011792
0.010645
0.363620
0.007654
0.060390
0.006786
0.017500
0.008468
0.071237
0.016746
0.083886
0.123379
0.049643
0.252872
0.144523
0.120468
0.032595
0.060198
0.093429
0.031078
0.034582
0.011057
0.010220
0.007551
0.007520
0.013847
0.031327
0.022306
0.025442
0.032295
0.014527
0.013029
0.013631
0.060501
0.075079
0.127064
0.198946
0.025487
0.016558
0.011569
0.010047
0.013499
0.011391
0.010326
0.012424
0.010605
0.006091
0.011159
0.012116
0.012880
0.013638
0.009734
0.022193
0.009320
0.008578
0.009451
0.010453
0.012800
0.015783
0.014241
0.019003
0.019241
0.012711
0.009755
0.011259
0.011873
0.007281
0.008443
0.007547
0.029865
0.009444
0.039157
0.008103
0.023706
0.018810
0.009004
0.042684
0.006704
0.011545
0.031124
0.006986
0.007093
0.009007
0.007893
0.008819
0.009064
0.011353
0.047155
0.038336
0.008874
0.006854
0.009251
0.007732
0.009607
0.014820
0.008129
0.016153
0.016131
0.022331
0.021072
0.011038
0.031895
0.039532
0.022830
0.018305
0.021270
0.029292
0.011091
0.009979
0.016717
0.005899
0.011782
0.017499
0.012370
0.002967
0.017092
0.082549
1.000000
0.336156
0.017804
0.004738
0.026100
0.138304
0.048014
0.435250
0.058028
0.011043
0.414602
0.022949
0.005355
0.004884
0.005499
0.004960
0.007643
0.005776
0.009585
0.007643
0.010369
0.009253
0.007619
0.009764
0.002856
0.007195
0.012440
0.003752
0.003487
0.002917
0.008478
0.010639
0.004426
0.009303
0.022865
0.005776
0.006215
0.020278
0.011600
0.018285
0.023674
0.043553
0.026375
0.034081
0.025477
0.086666
0.035809
0.047381
0.027170
0.040245
0.033817
0.030052
0.029741
0.026420
0.023131
0.010882
0.023131
0.018068
0.027914
0.030213
0.009414
0.055810
0.016348
0.031904
0.039340
0.057603
0.052843
0.072721
0.106118
0.101522
0.075179
0.080846
0.114096
0.071769
0.054189
0.049596
0.042407
0.015256
0.009534
0.014626
0.021544
0.002867
0.007713
0.015069
0.004681
0.012085
0.002787
0.005523
0.004815
0.005895
0.012335
0.010748
0.025720
0.012373
0.012156
0.020401
0.031849
0.043773
0.066493
0.048902
0.049140
0.089710
0.057516
0.062673
0.049367
0.055716
0.047404
0.044736
0.037961
0.047567
0.034019
0.045107
0.036669
0.047708
0.039969
0.048118
0.043569
0.036804
0.031116
0.050192
0.020012
0.023644
0.012765
0.009080
0.007539
0.004450
0.009617
0.008240
0.007240
0.009452
0.013950
0.009125
0.006913
0.006038
0.006273
0.007080
0.007125
0.004837
0.010769
0.006477
0.004425
0.009292
0.008047
0.003796
0.003764
0.003154
0.007150
0.004990
0.006363
0.007247
0.002478
0.005473
0.002387
0.004764
0.002478
0.005854
0.005165
0.079010
0.013793
0.006528
0.006887
0.014803
0.011227
0.012682
0.021579
0.008178
0.005606
0.006210
0.002436
0.023071
0.011782
0.018068
0.025217
0.014563
0.014213
0.014643
0.014512
0.014252
0.014774
0.019359
0.016413
0.013996
0.013914
0.013294
0.004312
0.007794
0.013379
0.011329
0.012569
0.019711
0.036667
0.014178
0.006699
0.014396
0.072364
0.037519
0.039355
0.016578
0.017699
0.031908
0.011180
0.010558
0.006854
0.003999
0.003992
0.008157
0.007838
0.003670
0.014929
0.015286
0.012035
0.008784
0.012614
0.011935
0.013971
0.014037
0.010616
0.011613
0.016425
0.027987
0.004415
0.005418
0.012397
0.003307
0.003584
0.005170
0.005491
0.005670
0.009490
0.010298
0.007996
0.010942
0.011094
0.016982
0.011461
0.014253
0.016207
0.015944
0.013308
0.010495
0.010598
0.013669
0.011014
0.010869
0.012931
0.008842
0.011564
0.009553
0.003892
0.038374
0.062305
0.013584
0.015172
0.014432
0.010573
0.016602
0.016506
0.016700
0.015589
0.010839
0.007941
0.006941
0.007270
0.004681
0.009440
0.010739
0.011744
0.010956
0.007995
0.005657
0.007909
0.010665
0.009613
0.002806
0.003462
0.005915
0.006250
0.014091
0.009075
0.011948
0.011745
0.009914
0.009864
0.015642
0.016605
0.013026
0.015056
0.015143
0.011723
0.013590
0.017371
0.017996
0.010244
0.016121
0.013790
0.014017
0.003014
0.004593
0.004100
0.006522
0.010479
0.010750
0.012782
0.009523
0.008320
0.005498
0.004593
0.003462
0.003511
0.002818
0.003612
0.004608
0.005735
0.003501
0.006679
0.006076
0.006605
0.019240
0.016088
0.027485
0.036785
0.026953
0.024630
0.021028
0.030545
0.042049
0.351625
0.053397
0.460002
0.190664
0.093716
0.087583
0.078612
0.260309
0.260627
0.198256
0.220870
0.081769
0.077217
0.047127
0.059440
0.049716
0.043214
0.031771
0.018925
0.014813
0.012279
0.005872
0.002459
0.005391
0.003956
0.003105
0.002614
0.002884
0.004362
0.004385
0.002566
0.003063
0.003219
0.002670
0.004354
0.009448
0.026502
0.032901
0.033810
0.033781
0.035955
0.037376
0.016736
0.027465
0.019046
0.022386
0.013840
0.022986
0.003660
0.003900
0.010547
0.018091
0.015738
0.019889
0.014081
0.027104
0.026435
0.018116
0.009749
0.011625
0.014603
0.012893
0.016939
0.007058
0.006047
0.005008
0.010102
0.008806
0.024171
0.009666
0.011261
0.036835
0.023185
0.020279
0.017935
0.012586
0.017403
0.008775
0.011310
0.006379
0.017147
0.008192
0.009982
0.006604
0.010178
0.028676
0.034138
0.022710
0.013842
0.021954
0.020512
0.018163
0.016755
0.013260
0.008511
0.007624
0.004547
0.010059
0.006353
0.003579
0.003300
0.005318
0.007196
0.011693
0.004660
0.009114
0.007608
0.006105
0.008454
0.013348
0.253773
0.062808
0.091683
0.031484
0.004998
0.003939
0.064123
0.063842
0.065613
0.050934
0.017504
0.010623
0.009947
0.012746
0.007892
0.021762
0.049097
0.047041
0.005927
0.026254
0.015490
0.607479
0.017940
0.021680
0.035968
0.077477
