0.087068
0.083188
0.073527
0.062569
0.051627
0.060088
0.056783
0.030899
0.017121
0.026204
0.025933
0.003504
0.016206
0.061555
0.053230
0.009704
0.023861
0.003039
0.018913
0.001603
0.016066
0.011270
0.075829
0.009118
0.073459
0.007467
0.021369
0.076112
0.013564
0.003927
0.021260
0.055009
0.028532
0.005484
0.049403
0.009754
0.004452
0.009857
0.010299
0.010903
0.016882
0.018948
0.033890
0.034523
0.025775
0.020244
0.024592
0.019474
0.002584
0.002742
0.003220
0.012248
0.008182
0.004560
0.004304
0.003760
0.002057
0.042107
0.017431
0.034713
0.001320
0.002510
0.018753
0.014314
0.009085
0.007700
0.017268
0.006866
0.007113
0.014010
0.011889
0.044340
0.025683
0.001759
0.001677
0.001954
0.041764
0.005612
0.004361
0.019345
0.113346
0.040130
0.082793
0.653359
0.071717
0.253643
0.092677
0.018300
0.085846
0.004404
0.127420
0.009039
0.004626
0.056216
1.000000
0.094990
0.035360
0.174067
0.008110
0.078445
0.018080
0.010877
0.010059
0.035621
0.087707
0.015545
0.010912
0.655134
0.022390
0.847016
0.009802
0.004362
0.007046
0.008114
0.003657
0.022382
0.002192
0.028851
0.002697
0.001906
0.009053
0.004642
0.008830
0.011315
0.009339
0.003700
0.013187
0.017822
0.003893
0.584507
0.394860
0.016266
0.015207
0.170666
0.022673
0.086574
0.139923
0.057771
0.028121
0.006855
0.027686
0.002718
0.013609
0.003944
0.028248
0.005253
0.004025
0.005889
0.003814
0.004996
0.004279
0.003821
0.005370
0.008531
0.005522
0.414361
0.003643
0.004104
0.003645
0.004314
0.001722
0.002253
0.002260
0.004483
0.006745
0.005534
0.012809
0.003915
0.002865
0.003029
0.002048
0.002237
0.002041
0.002536
0.002175
0.003036
0.002792
0.002179
0.001818
0.001765
0.001820
0.001616
0.002095
0.001637
0.001763
0.001309
0.003437
0.004778
0.007015
0.005978
0.006446
0.009102
0.008705
0.010492
0.009318
0.008860
0.011554
0.011542
0.009028
0.010810
0.010721
0.009664
0.006666
0.006383
0.007392
0.003814
0.002566
0.056215
0.002329
0.033540
0.009101
0.004467
0.004484
0.003607
0.002972
0.001789
0.002949
0.002931
0.002366
0.001469
0.002956
0.001325
0.001446
0.001385
0.002540
0.001228
0.001354
0.006685
0.007546
0.004890
0.007114
0.013061
0.006760
0.005632
0.002718
0.005449
0.002954
0.014072
0.006455
0.005748
0.001502
0.001438
0.004646
0.003548
0.001961
0.003133
0.026731
0.019980
0.013352
0.022655
0.034018
0.008883
0.004710
0.005248
0.003741
0.005872
0.004627
0.004316
0.012493
0.007024
0.007466
0.009331
0.005863
0.003832
0.003902
0.002271
0.002874
0.007859
0.005015
0.042441
0.004261
0.003944
0.003875
0.002222
0.005023
0.002723
0.001944
0.002357
0.002104
0.004896
0.008030
0.002733
0.002724
0.002269
0.005173
0.013285
0.007804
0.007754
0.004165
0.005483
0.004731
0.004338
0.008356
0.005123
0.006572
0.004130
0.004000
0.003923
0.004731
0.004704
0.006933
0.005152
0.005353
0.005863
0.010137
0.441547
0.010111
0.005080
0.005847
0.008834
0.014329
0.004497
0.010444
0.014843
0.002537
0.004262
0.003043
0.003298
0.001907
0.007463
0.001971
0.004406
0.002267
0.004514
0.002108
0.003093
0.002859
0.002516
0.002830
0.011686
0.002777
0.006425
0.011540
0.003214
0.003468
0.016484
0.001889
0.001513
0.002380
0.001477
0.004980
0.001894
0.002649
0.001750
0.003115
0.003933
0.010203
0.030908
0.008691
0.001330
0.003672
0.001579
0.001844
0.002688
0.002252
0.002517
0.005434
0.001947
0.001795
0.001962
0.009159
0.003917
0.001808
0.015432
0.021290
0.005430
0.007268
0.005589
0.006133
0.009823
0.009629
0.010140
0.007143
0.007633
0.010891
0.007415
0.006368
0.006810
0.006413
0.008288
0.006034
0.006823
0.006410
0.005477
0.010283
0.007035
0.010388
0.011318
0.009982
0.009460
0.011764
0.005780
0.016596
0.013248
0.013111
0.164652
0.010681
0.007805
0.011190
0.008869
0.009055
0.006166
0.001233
0.002568
0.008685
0.001119
0.008011
0.003219
0.001346
0.005867
0.010186
0.002744
0.003076
0.002769
0.004568
0.027143
0.008545
0.009253
0.001491
0.007797
0.004287
0.003327
0.002919
0.004110
0.002037
0.009586
0.022490
0.001154
0.000960
0.002188
0.001359
0.002280
0.002833
0.004919
0.010476
0.013178
0.004435
0.003003
0.006986
0.041400
0.002861
0.005350
0.004893
0.006341
0.414312
0.002303
0.003414
0.003696
0.001359
0.057174
0.043356
0.001188
0.005936
0.010874
0.008780
0.002246
0.004654
0.021281
0.007602
0.008555
0.009373
0.006036
0.011114
0.009125
0.004468
0.007201
0.026872
0.002735
0.004729
0.007499
0.005511
0.011806
0.010632
0.001482
0.003765
0.019289
0.003134
0.001365
0.010901
0.075001
0.015145
0.056751
0.056910
0.002691
0.022432
0.002304
0.003422
0.017152
0.015269
0.012666
0.207225
0.010204
0.012077
0.009813
0.002676
0.004764
0.005450
0.007698
0.004948
0.001437
0.006035
0.293743
0.005873
0.002872
0.002637
0.002574
0.011427
0.002844
0.002731
0.002302
0.013485
0.019298
0.002744
0.051104
0.071792
0.042241
0.036518
0.048165
0.047605
0.007034
0.006497
0.081047
0.011096
0.011811
0.013871
0.002363
0.003220
0.003073
0.003794
0.008628
0.013664
0.002902
0.006622
0.005394
0.003651
0.007832
0.003624
0.002210
0.012779
0.010682
0.006858
0.067668
0.015415
0.088414
0.001866
0.002143
0.040865
0.054472
0.013937
0.002880
0.003161
0.020997
0.011723
0.003714
0.003480
0.003713
0.002728
0.002916
0.090140
0.011110
0.004540
0.007559
0.075969
0.006706
0.002025
0.002200
0.003260
0.014616
0.002744
0.002556
0.005620
0.007532
0.002979
0.005901
0.002847
0.001813
0.001099
0.002341
0.001199
0.011439
0.003000
0.001230
0.002438
0.003016
0.008579
0.001648
0.011492
0.015754
0.014540
0.007510
0.011577
0.074640
0.020574
0.001753
0.004644
0.005458
0.033952
0.015636
0.020223
0.028126
0.044449
0.025689
0.038678
0.030161
0.017624
0.017401
0.008765
0.013373
0.005170
0.007954
0.003314
0.002257
0.009657
0.007965
0.003039
0.003904
0.002170
0.002258
0.002773
0.002161
0.001964
0.003295
0.002188
0.002592
0.008348
0.011287
0.007144
0.008279
0.002544
0.007161
0.003355
0.002802
0.002490
0.003310
0.003115
0.002769
0.002790
0.004467
0.002953
0.002407
0.001826
0.011301
0.001971
0.003035
0.002024
0.005394
0.001885
0.002570
0.004424
0.003633
0.002070
0.001779
0.003547
0.002297
0.004065
0.008284
0.014596
0.005439
0.001916
0.002309
0.001774
0.006576
0.007078
0.002710
0.002809
0.002325
0.002544
0.003448
0.002368
0.001901
0.002524
0.002505
0.002061
0.001703
0.013138
0.015008
0.020411
0.033766
0.047791
0.068563
0.009920
0.037538
0.014516
0.057617
0.004378
0.052972
0.051161
0.002939
0.019473
0.011603
0.018420
0.011446
0.066057
0.023297
0.009843
0.015343
0.015783
0.014380
0.109817
0.023463
0.026661
0.022796
0.037077
0.034391
0.029321
0.029453
0.013341
0.011718
0.016392
0.055538
0.016977
0.008663
0.040273
0.002721
0.024725
0.010908
0.050103
0.010170
0.005755
0.080422
0.017700
0.046017
0.004045
0.005606
0.024642
0.003398
0.002869
0.003125
0.003991
0.028853
0.019682
0.030485
0.026978
0.013946
0.003991
0.003748
0.008109
0.022250
0.002737
0.012228
0.002825
0.003035
0.003375
0.008108
0.003090
0.008582
0.004120
0.014163
0.010247
0.092346
0.018951
0.028599
0.006062
0.050939
0.025693
0.011145
0.012390
0.014611
0.045614
0.003192
0.012430
0.039407
0.010050
0.014127
0.008441
0.011858
0.002472
0.008810
0.018895
0.020030
0.177151
0.026935
0.009948
0.003298
0.046182
0.001898
0.004138
0.017517
0.006183
0.010277
0.009631
0.004002
0.014925
0.003927
0.003934
0.004433
0.002874
0.002852
0.003281
0.002517
0.004118
0.002727
0.004893
0.004055
0.003800
0.004126
0.005250
0.005323
0.003544
0.003664
0.003093
0.003217
0.005177
0.046675
0.031755
0.003697
0.006389
0.005285
0.074337
0.029931
0.006063
0.013136
0.002854
0.007635
0.003501
0.138894
0.005911
0.141059
0.035418
0.015689
0.004206
0.044447
0.063321
0.007037
0.005484
0.003176
0.005112
0.008956
0.060067
0.049713
0.007794
0.003288
0.058955
0.062259
0.008618
0.007494
0.091551
0.003551
0.004450
0.007648
0.018048
0.003744
0.003483
0.005847
0.008077
0.085176
0.036098
0.003919
0.003493
0.002624
0.001698
0.003214
0.006697
0.001223
0.009051
0.006794
0.030293
0.001090
0.003596
0.001297
0.011868
0.001512
0.003027
0.005988
0.005471
0.003669
0.010434
0.004629
0.013598
0.013404
0.011102
0.003558
0.003452
0.002917
0.003116
0.004144
0.004716
0.004574
0.003104
0.002876
0.006919
0.002570
0.002411
0.001822
0.006731
0.006952
0.013689
0.004428
0.003674
0.002625
0.001283
0.001945
0.002830
0.012640
0.003593
0.007055
0.008799
0.003630
0.002276
0.004322
0.001635
0.004700
0.001952
0.004040
0.010825
0.002801
0.002832
0.004275
0.003314
0.004653
0.005491
0.012861
0.039114
0.019819
0.015065
0.015078
0.003471
0.004409
0.008963
0.009144
0.001201
0.019453
0.003574
0.008256
0.006239
0.001828
0.006080
0.005104
0.003369
0.012563
0.005633
0.004007
0.004591
0.005581
0.004502
0.043682
0.003927
0.005219
0.030733
0.003654
0.004216
0.009503
0.004295
0.006466
0.002267
0.013822
0.002793
0.036173
0.026787
0.002354
0.004001
0.005115
0.005828
0.011493
0.001814
0.017501
0.009698
0.002578
0.003559
0.002350
0.065166
0.007187
0.008601
0.010365
0.013217
0.014987
0.013522
0.014456
0.012279
0.003776
0.004608
0.003352
0.004710
0.003763
0.005058
0.006210
0.005584
0.003185
0.003482
0.001280
0.001414
0.006531
0.002923
0.001622
0.008150
0.007034
0.013283
0.001924
0.012425
0.043263
0.002590
0.003510
0.005826
0.019111
0.002036
0.002310
0.002327
0.008373
0.006310
0.003533
0.001388
0.012165
0.002578
0.006284
0.007257
0.010862
0.009250
0.002248
0.019817
0.029237
0.010901
0.031189
0.035114
0.010063
0.024757
0.011968
0.013700
0.006235
0.010785
0.008533
0.003202
0.023650
0.016510
0.004449
0.050116
0.010755
0.028630
0.016811
0.002537
0.001927
0.006179
0.008620
0.012628
0.013296
0.014258
0.013115
0.010486
0.013653
0.011234
0.014061
0.011754
0.012635
0.012539
0.012357
0.012209
0.017588
0.015174
0.025912
0.016099
0.037811
0.010110
0.003862
0.005730
0.001402
0.006257
0.001937
0.003149
0.007590
0.005895
0.002732
0.004814
0.007306
0.005634
0.006137
0.004750
0.008158
0.013281
0.001829
0.001874
0.002095
0.001558
0.007866
0.008030
0.004389
0.005164
0.023429
0.005474
0.005005
0.004176
0.022794
0.003940
0.001859
0.001457
0.013411
0.016571
0.029001
0.009603
0.009382
0.015885
0.019095
0.009821
0.001942
0.001322
0.002428
0.019539
0.005490
0.006101
0.016419
0.006388
0.001921
0.001026
0.002356
0.008042
0.007230
0.005330
0.001074
0.008481
0.001957
0.006123
0.004409
0.005513
0.011901
0.007277
0.004261
0.006625
0.001936
0.004363
0.033073
0.006814
0.003827
0.010771
0.003296
0.024087
0.005535
0.006508
0.005988
0.022992
0.017875
0.025188
0.033198
0.054154
0.014177
0.005896
0.017049
0.012021
0.020494
0.012578
0.016795
0.013870
0.006349
0.001977
0.006541
0.004155
0.008902
0.001091
0.004736
0.002568
0.004068
0.001469
0.001430
0.002326
0.001901
0.003183
0.001296
0.002338
0.009572
0.004377
0.006886
0.009049
0.012439
0.020623
0.022947
0.034659
0.023574
0.046542
0.005180
0.009008
0.009615
0.015789
0.024982
0.002022
0.001846
0.016499
0.018771
0.019085
0.031541
0.003661
0.021277
0.015403
0.043022
0.046897
0.067147
0.006623
0.011459
0.005973
0.032905
0.009041
0.017683
0.006070
0.007157
0.013148
0.007513
0.005179
0.015385
0.002784
0.002551
0.012405
0.030933
0.032003
0.003824
0.003732
0.004832
0.033275
0.003718
0.009787
0.004821
0.012526
0.006774
0.006064
0.003542
0.002524
0.003195
0.002528
0.002815
0.004580
0.005397
0.005175
0.004282
0.020187
0.003539
0.002223
0.026916
0.002524
0.002201
0.001366
0.001261
0.002731
0.001953
0.017679
0.035564
0.004388
0.002617
0.002791
0.004699
0.008862
0.001365
0.001505
0.024654
0.006766
0.008467
0.004930
0.002373
0.002272
0.003325
0.004978
0.007866
0.006094
0.002497
0.011320
0.007739
0.005690
0.004939
0.004455
0.009278
0.009203
0.019205
0.009648
0.003103
0.001302
0.009893
0.011800
0.017366
0.009497
0.007789
0.011876
0.004139
0.002590
0.002835
0.002572
0.002545
0.001298
0.007842
0.016904
0.016620
0.047314
0.002263
0.030465
0.028488
0.003092
0.028118
0.007996
0.003481
0.004986
0.001352
0.018970
0.007069
0.001209
0.005159
0.004259
0.022711
0.004392
0.025415
0.003140
0.004658
0.012282
0.003126
0.004576
0.004787
0.003164
0.002420
0.001461
0.005792
0.004701
0.002403
0.001349
0.009757
0.003904
0.005160
0.004262
0.002802
0.005281
0.007285
0.004635
0.001269
0.004826
0.004082
0.004524
0.003010
0.004426
0.004671
0.004555
0.007267
0.007091
0.020689
0.003100
0.017934
0.003355
0.007745
0.021338
0.005776
0.005122
0.005637
0.004418
0.004260
0.010350
0.009420
0.006977
0.001301
0.001508
0.009469
0.003811
0.004057
0.016501
0.007889
0.002268
0.002278
0.004292
0.001118
0.013706
0.027817
0.005520
0.002401
0.004816
0.008739
0.004990
0.002063
0.009719
0.012006
0.011183
0.012478
0.005014
0.004711
0.002447
0.007199
0.010180
0.003867
0.013043
0.012134
0.007931
0.003128
0.024355
0.059335
0.033868
0.005032
0.007274
0.024245
0.015414
0.013957
0.008779
0.012068
0.011874
0.011855
0.012339
0.019991
0.002888
0.016850
0.098060
0.020154
0.019344
0.021834
0.020798
0.007422
0.014927
0.001542
0.004172
0.004766
0.020730
0.011530
0.007595
0.003238
0.002086
0.028779
0.008099
0.006613
0.004827
0.005351
0.023595
0.004501
0.010339
0.005756
0.001691
0.020145
0.018718
0.028905
0.021975
0.035121
0.002081
0.037347
0.003354
0.002093
0.002779
0.002381
0.001697
0.015726
0.005295
0.030193
0.007291
0.002344
0.004753
0.002464
0.001920
0.001341
0.001746
0.007875
0.005598
0.004122
0.005288
0.005689
0.004647
0.004431
0.008408
0.008118
0.006133
0.006279
0.007890
0.024002
0.007719
0.006595
0.005703
0.006842
0.031489
0.005742
0.005721
0.010229
0.007833
0.035941
0.006913
0.003872
0.002533
0.003081
0.002250
0.001391
0.001394
0.002725
0.002524
0.003669
0.002968
0.001676
0.003412
0.001979
0.001311
0.007251
0.001957
0.004185
0.004141
0.003066
0.004494
0.003875
0.004553
0.009448
0.005541
0.006352
0.005690
0.005340
0.005363
0.005061
0.004777
0.004152
0.003324
0.004480
0.003010
0.002319
0.005069
0.015071
0.013228
0.006877
0.001252
0.010218
0.002005
0.001504
0.001588
0.001413
0.001131
0.005265
0.001385
0.004040
0.003512
0.001897
0.011340
0.002972
0.001421
0.006684
0.002816
0.001171
0.002749
0.002088
0.029985
0.024865
0.017881
0.003510
0.001386
0.003906
0.001896
0.006339
0.002738
0.005312
0.001153
0.002940
0.003690
0.020463
0.028431
0.025323
0.002062
0.050540
0.003053
0.049774
0.023049
0.006233
0.012276
0.007476
0.031315
0.006382
0.083040
0.353370
0.007356
0.012564
0.005977
0.022182
0.008077
0.001425
0.093895
0.027108
0.006967
0.005942
0.003448
0.002863
0.044124
0.003719
0.005796
0.001853
0.001603
0.002578
0.005234
0.002231
0.003405
0.011724
0.010334
0.028060
0.021002
0.022286
0.022023
0.019675
0.019249
0.021546
0.022445
0.008425
0.033345
0.017847
0.004318
0.009308
0.003771
0.002733
0.002356
0.008980
0.006162
0.002265
0.001962
0.003448
0.006904
0.005534
0.002841
0.002119
0.003067
0.002835
0.018869
0.017457
0.002739
0.004478
0.004629
0.015820
0.002387
0.017574
0.002222
0.003304
0.002036
0.002207
0.002404
0.008747
0.011776
0.001808
0.003739
0.002004
0.003459
0.003132
0.003049
0.006165
0.003411
0.006590
0.002690
0.005320
0.002928
0.008018
0.002387
0.002500
0.001960
0.002164
0.004321
0.003865
0.002182
0.003497
0.003229
0.004254
0.014990
0.002111
0.002528
0.002875
0.002401
0.074824
0.082299
0.002373
0.009715
0.012173
0.009824
0.004991
0.002113
0.004668
0.005066
0.003243
0.007108
0.003615
0.004034
0.009641
0.003413
0.001791
0.016897
0.011644
0.014743
0.014173
0.003758
0.028626
0.027123
0.028098
0.034850
0.038697
0.023735
0.011671
0.007515
0.002113
0.001226
0.010516
0.028073
0.047278
0.045746
0.031429
0.031563
0.030516
0.024707
0.022603
0.010943
0.011458
0.007076
0.007941
0.003815
0.008616
0.002539
0.003059
0.003682
0.006751
0.004996
0.006491
0.006111
0.004659
0.003260
0.002851
0.002077
0.001992
0.002828
0.003522
0.004221
0.005526
0.006154
0.005184
0.003964
0.003027
0.004355
0.008196
0.001445
0.001926
0.002017
0.001639
0.001517
0.004350
0.002245
0.004361
0.001649
0.001960
0.001889
0.001313
0.002220
0.001565
0.002366
0.003281
0.003048
0.001997
0.003123
0.007275
0.003562
0.003594
0.003412
0.001657
0.002203
0.003198
0.002779
0.002569
0.001299
0.001650
0.002013
0.003556
0.004080
0.006706
0.017092
0.005208
0.005668
0.011419
0.001981
0.002377
0.012729
0.006685
0.006157
0.040822
0.008115
0.034310
0.001424
0.015446
0.003099
0.016493
0.015346
0.007022
0.107851
0.010912
0.038965
0.013534
0.013814
0.014381
0.005088
0.011181
0.011630
0.003638
0.013190
0.008940
0.008209
0.004551
0.003002
0.003118
0.002935
0.002571
0.003189
0.003290
0.003914
0.004239
0.004462
0.056566
0.003389
0.007390
0.006132
0.005139
0.007917
0.009113
0.009771
0.013618
0.010928
0.013606
0.015692
0.002736
0.005658
0.002297
0.001252
0.002316
0.002494
0.008259
0.001899
0.016592
0.005598
0.007420
0.012713
0.017547
0.018834
0.020348
0.023537
0.023411
0.018319
0.011036
0.003862
0.033741
0.037398
0.017234
0.032415
0.027721
0.005141
0.010420
0.006868
0.002948
0.001894
0.005836
0.005526
0.001880
0.004808
0.003301
0.003657
0.007234
0.003282
0.004682
0.004243
0.003194
0.001639
0.001301
0.006451
0.002006
0.001451
0.001575
0.001626
0.001920
0.001931
0.001950
0.001311
0.001964
0.001971
0.002430
0.001364
0.002072
0.001907
0.001939
0.002796
0.001111
0.001318
0.001984
0.002174
0.001569
0.004702
0.006889
0.007607
0.006723
0.006922
0.009671
0.008150
0.007324
0.003184
0.008380
0.002410
0.002779
0.002229
0.001200
0.000979
0.001118
0.001691
0.001256
0.004408
0.005052
0.005146
0.008859
0.008646
0.008028
0.009284
0.007438
0.012093
0.011889
0.005751
0.040343
0.009699
0.005565
0.002420
0.008102
0.006295
0.005107
0.004388
0.005631
0.005473
0.110176
0.136589
0.122237
0.061729
0.167560
0.186290
0.133677
0.104650
0.067099
0.018893
0.013313
0.028812
0.012380
0.005735
0.005212
0.118207
0.093815
0.022581
0.010148
0.014061
0.019049
0.019311
0.013252
0.014967
0.011452
0.007625
0.007486
0.005325
0.007980
0.008007
0.007516
0.009457
0.007939
0.010144
0.005343
0.013039
0.047934
0.031792
0.006333
0.010821
0.023952
0.031068
0.005825
0.007052
0.054360
0.049830
0.013670
0.004941
0.056096
0.005518
0.004157
0.028259
0.010463
0.007146
0.027979
0.015926
0.003586
0.004826
0.006913
0.005703
0.006131
0.005102
0.005285
0.004548
0.004928
0.004755
0.028086
0.022251
0.025580
0.021354
0.005941
0.024914
0.001471
0.002177
0.011964
0.043737
0.027819
0.041723
0.030286
0.025664
0.039539
0.017750
0.008731
0.046484
0.002478
0.004536
0.009667
0.047029
0.083941
0.020127
0.065384
0.088303
0.094299
0.102694
0.099430
0.065800
0.007259
0.014594
0.022772
0.009301
0.006657
0.031121
0.096615
0.120121
0.007930
0.010835
0.003539
0.003670
0.018443
0.030046
0.022434
0.111198
0.540954
0.023535
0.015322
0.028926
0.010565
0.007432
0.008799
0.008233
0.014783
0.013897
0.015395
0.021618
0.028787
0.005451
0.044128
0.082227
0.018809
0.015671
0.022245
0.016836
0.011108
0.047793
0.031637
0.035882
0.021974
0.019074
0.326191
0.118149
0.016997
0.012322
0.017744
0.007954
0.087803
0.169744
0.285172
0.016691
0.019576
0.028136
0.026942
0.067002
0.079885
0.007958
0.011143
0.015916
0.018992
0.021669
0.018901
0.008126
0.062015
0.026830
0.018523
0.020040
0.006856
0.009880
0.029347
0.036667
0.041992
0.008972
0.008972
0.007943
0.130375
0.071436
0.018598
0.009845
0.052880
0.017261
0.028688
0.019152
0.141853
0.195685
0.006054
0.178762
0.207034
0.030846
0.159458
0.263258
0.515045
0.422974
0.308919
0.539707
0.190347
0.076351
0.008932
0.040089
0.005747
0.005846
0.153612
0.087926
0.009191
0.006232
0.069349
0.059912
0.016897
0.003744
0.002310
0.052454
0.036172
0.036206
0.004203
0.008872
0.007831
0.006798
0.006914
0.006837
0.016751
0.010677
0.008434
0.007761
0.007394
0.006001
0.015389
0.005719
0.009294
0.006376
0.006945
0.018006
0.007682
0.024232
0.002666
0.002174
0.002485
0.002753
0.004682
0.004955
0.003015
0.004088
0.007535
0.002900
0.004082
0.006027
0.005230
0.007421
0.002915
0.006980
0.016478
0.002323
0.008192
0.008008
0.002285
0.010777
0.002804
0.008116
0.003530
0.006547
0.002669
0.002634
0.007648
0.002751
0.002888
0.003597
0.014573
0.002893
0.002642
0.004347
0.002503
0.024457
0.028915
0.013387
0.007017
0.008424
0.007354
0.007796
0.018784
0.029035
0.014920
0.010065
0.009068
0.006535
0.002503
0.001786
0.002346
0.003148
0.011950
0.014236
0.011097
0.007580
0.009613
0.006700
0.011432
0.033040
0.036176
0.045724
0.007665
0.041967
0.056656
0.048881
0.011902
0.013897
0.047678
0.007337
0.009649
0.012563
0.020776
0.028394
0.026952
0.004852
0.008738
0.003410
0.018902
0.040371
0.074118
0.014724
0.094786
0.028765
0.034596
0.006815
0.033009
0.023021
0.018765
0.017127
0.006159
0.004813
0.008837
0.009730
0.079622
0.076325
0.046554
0.004927
0.022162
0.022220
0.020005
0.015382
0.016139
0.039945
0.026578
0.021814
0.040495
0.038168
0.010409
0.014107
0.019683
0.022296
0.027170
0.027188
0.022745
0.019041
0.028833
0.022049
0.027615
0.025043
0.021264
0.012340
0.062122
0.031432
0.017760
0.021750
0.026876
0.028212
0.004963
0.012336
0.002227
0.004070
0.007833
0.010031
0.071953
0.073359
0.021574
0.069794
0.003702
0.017415
0.018888
0.030429
0.002668
0.021736
0.020549
0.042335
0.007393
0.018506
0.014177
0.017475
0.015939
0.034768
0.044112
0.059167
0.022464
0.087803
0.011405
0.013590
0.045352
0.010506
0.003710
0.003301
0.031052
0.019860
0.059183
0.023620
0.035167
0.100100
0.008900
0.031662
0.014444
0.004370
0.006383
0.003971
0.045229
0.005134
0.028075
0.055432
0.021872
0.016593
0.009737
0.150997
0.012134
0.027202
0.026005
0.005084
0.044099
0.002246
0.014408
0.025830
0.034683
0.011236
0.025274
0.010536
0.013079
0.003110
0.092640
0.086671
0.006884
0.002131
0.020994
0.022903
0.051539
0.013213
0.002105
0.004289
0.003215
0.004173
0.006703
0.006746
0.004227
0.025574
0.004513
0.015109
0.003953
0.003004
0.003633
0.073285
0.024925
0.213963
0.010763
0.006406
0.029214
0.026488
0.019447
0.009874
0.005942
0.003278
0.003778
0.003001
0.003036
0.002747
0.003559
0.091273
0.004245
0.013196
0.004587
0.007389
0.002124
0.001772
0.007831
0.001716
0.008847
0.004000
0.003099
0.001476
0.001805
0.001932
0.002047
0.006936
0.004396
0.003795
0.004621
0.002916
0.010900
0.002936
0.009099
0.012670
0.018256
0.002508
0.004596
0.003589
0.003326
0.003848
0.003703
0.003160
0.002595
0.002786
0.003460
0.007664
0.003977
0.076024
0.020972
0.014191
0.010141
0.004737
0.006572
0.005971
0.027532
0.012739
0.015723
0.004250
0.003403
0.041712
0.031230
0.009756
0.002512
0.028484
0.040580
0.003521
0.006301
0.083142
0.032125
0.006685
0.008294
0.009232
0.003615
0.007362
0.004004
0.004970
0.002947
0.011687
0.008109
0.002504
0.004570
0.005752
0.010153
0.002665
0.007641
0.003899
0.007965
0.004319
0.004848
0.004285
0.012893
0.007421
0.006347
0.003861
0.003747
0.003954
0.004416
0.004354
0.002903
0.007691
0.016566
0.022967
0.003841
0.002955
0.005126
0.004217
0.003813
0.023601
0.006656
0.002762
0.002877
0.003028
0.003968
0.005161
0.005635
0.002126
0.001936
0.092199
0.006320
0.015158
0.005080
0.007063
0.004408
0.005511
0.006840
0.005707
0.002868
0.002808
0.002969
0.004022
0.014674
0.002850
0.004040
0.007053
0.007813
0.007318
0.003192
0.001771
0.004231
0.006872
0.006707
0.004995
0.002214
0.047244
0.006348
0.018363
0.018305
0.032559
0.051982
0.037149
0.016133
0.037889
0.066135
0.034147
0.003997
0.045010
0.030360
0.041331
0.036867
0.005928
0.010073
0.058431
0.059258
0.016255
0.017226
0.006333
0.169013
0.014422
0.013255
0.005749
0.004809
0.003761
0.002297
0.067479
0.008924
0.021128
0.031380
0.026595
0.014654
0.027281
0.026090
0.013915
0.023596
0.016563
0.003885
0.003895
0.012779
0.006635
0.017010
0.008399
0.001997
0.004271
0.006314
0.030476
0.026256
0.018684
0.032765
0.027576
0.031544
0.046906
0.021836
0.038425
0.014228
0.009096
0.009336
0.004860
0.002807
0.002283
0.003965
0.003846
0.003078
0.002434
0.001637
0.002604
0.001490
0.001490
0.001933
0.002066
0.032454
0.026716
0.003254
0.003179
0.001942
0.001619
0.001363
0.014888
0.001644
0.020594
0.004275
0.005314
0.003199
0.007019
0.004833
0.017617
0.004087
0.005754
0.002845
0.005447
0.018751
0.003963
0.003987
0.003576
0.002561
0.002854
0.002841
0.002972
0.006190
0.004375
0.004057
0.004404
0.003177
0.003529
0.002939
0.003623
0.003065
0.002940
0.002737
0.002674
0.003896
0.003881
0.010039
0.005344
0.009027
0.003636
0.007667
0.013760
0.003326
0.004276
0.004768
0.012368
0.004094
0.006396
0.004946
0.003668
0.003733
0.005664
0.021965
0.050826
0.008871
0.003442
0.003252
0.003249
0.003572
0.003249
0.003415
0.003106
0.003336
0.003336
0.003229
0.002727
0.002358
0.002302
0.002335
0.002845
0.002693
0.002813
0.003285
0.003481
0.003734
0.002517
0.003458
0.019575
0.005740
0.005139
0.016928
0.006513
0.004173
0.004501
0.003110
0.002724
0.002130
0.002424
0.002231
0.001715
0.001936
0.002028
0.001905
0.006123
0.002962
0.001891
0.002136
0.002293
0.002309
0.002220
0.001894
0.002555
0.002521
0.007648
0.003201
0.002764
0.003158
0.003253
0.003036
0.003307
0.003195
0.003426
0.002983
0.003283
0.003785
0.004643
0.006875
0.005600
0.006945
0.010359
0.002348
0.012465
0.002118
0.023728
0.004952
0.003725
0.004978
0.002935
0.007113
0.004798
0.007493
0.004210
0.005923
0.008750
0.011716
0.003558
0.005210
0.005430
0.003382
0.003493
0.003403
0.002394
0.002499
0.013613
0.003551
0.003123
0.002437
0.006254
0.004314
0.006295
0.017330
0.012268
0.003449
0.002725
0.003272
0.002710
0.002894
0.003265
0.002763
0.003477
0.002788
0.004234
0.002004
0.002914
0.004806
0.004795
0.004590
0.005598
0.003916
0.004686
0.005107
0.004835
0.008109
0.008285
0.006707
0.002575
0.005541
0.002304
0.002303
0.002482
0.002171
0.002166
0.001674
0.003121
0.023480
0.034839
0.057611
0.008221
0.075485
0.069165
0.041901
0.002633
0.003401
0.021549
0.002949
0.004776
0.024957
0.036066
0.090067
0.009482
0.009680
0.040504
0.002248
0.138401
0.006780
0.002564
0.058143
0.082824
0.104831
0.016421
0.004572
0.021790
0.102839
0.232913
0.066765
0.044723
0.039850
0.010351
0.004397
0.019406
0.026052
0.044375
0.026544
0.058515
0.064663
0.053123
0.004043
0.008436
0.052585
0.189140
0.124957
0.153238
0.098856
0.019471
0.006161
0.047636
0.203682
0.057638
0.073726
0.009473
0.016298
0.017033
0.011860
0.008895
0.014274
0.020198
0.051429
0.007334
0.009963
0.018023
0.002144
0.011361
0.011390
0.010415
0.007832
0.009781
0.022176
0.011411
0.004852
0.011981
0.013068
0.003882
0.012466
0.051720
0.004678
0.051815
0.004022
0.002520
0.021216
0.004700
0.153669
0.008114
0.003747
0.004766
0.261405
0.009530
0.007973
0.032361
0.004059
0.061035
0.006049
0.044443
0.099885
0.182622
0.117721
0.055278
0.071537
0.006853
0.019890
0.009491
0.009761
0.013426
0.008161
0.010362
0.010088
0.004776
0.003094
0.003086
0.017700
0.010633
0.013392
0.004883
0.010571
0.009423
0.026145
0.008355
0.011195
0.017771
0.004516
0.052448
0.001122
0.005874
0.003073
0.003965
0.021539
0.004232
0.007770
0.003775
0.002749
0.003077
0.011570
0.055262
0.009587
0.009733
0.010798
0.010531
0.008434
0.010335
0.008914
0.009221
0.011579
0.047034
0.006485
0.008462
0.008185
0.013724
0.006722
0.008648
0.007970
0.007278
0.021624
0.002293
0.013823
0.009913
0.011980
0.007132
0.019073
0.029152
0.036339
0.022025
0.040215
0.070702
0.041391
0.054161
0.021054
0.021504
0.021114
0.053161
0.013649
0.022791
0.016162
0.010294
0.010802
0.009790
0.006625
0.039243
0.008381
0.003979
0.008319
0.003018
0.008081
0.006526
0.008463
0.004453
0.076900
0.045906
0.002955
0.004466
0.004993
0.006982
0.002961
0.003641
0.002313
0.010174
0.003500
0.008460
0.005775
0.003169
0.005527
0.006925
0.027412
0.005313
0.002993
0.010878
0.009685
0.003041
0.004961
0.008067
0.008310
0.008592
0.009791
0.012657
0.008799
0.011948
0.009136
0.008171
0.012545
0.009882
0.007055
0.006403
0.008529
0.007876
0.009927
0.020018
0.010388
0.007361
0.011566
0.009849
0.007039
0.006128
0.010943
0.006029
0.034514
0.005261
0.005105
0.069554
0.002305
0.026801
0.035968
0.009099
0.002800
0.002092
0.003259
0.002865
0.003117
0.002779
0.004671
0.009812
0.009017
0.002605
0.003522
0.004800
0.002869
0.003216
0.007864
0.003993
0.006633
0.003302
0.002242
0.001951
0.004191
0.002184
0.002969
0.004930
0.047774
0.004265
0.005346
0.007202
0.005995
0.004704
0.017098
0.012099
0.009991
0.016433
0.014374
0.006947
0.006986
0.007680
0.007721
0.011374
0.006694
0.006617
0.006255
0.006780
0.007087
0.005816
0.003094
0.001787
0.001997
0.002766
0.004993
0.003824
0.003726
0.002393
0.004420
0.007757
0.002310
0.005424
0.002553
0.004923
0.002794
0.002738
0.002541
0.001639
0.003640
0.001788
0.004022
0.001880
0.007039
0.001967
0.002669
0.007503
0.004526
0.004095
0.003071
0.002451
0.003878
0.003955
0.006240
0.002050
0.003766
0.002375
0.003125
0.002461
0.017345
0.002840
0.002729
0.003360
0.002640
0.022031
0.002167
0.002770
0.005179
0.003410
0.003407
0.002560
0.002269
0.003826
0.006035
0.003582
0.004408
0.002584
0.003528
0.002875
0.002403
0.002380
0.004784
0.098099
0.027477
0.028066
0.003232
0.002661
0.005648
0.004040
0.004324
0.002872
0.003622
0.008825
0.010195
0.002870
0.005465
0.013490
0.013108
0.003680
0.003110
0.004907
0.006200
0.002066
0.005279
0.003927
0.002270
0.003035
0.003427
0.002468
0.005227
0.002694
0.004151
0.003376
0.003098
0.002602
0.005026
0.004407
0.006413
0.004432
0.002767
0.005649
0.007672
0.003642
0.008801
0.001988
0.002743
0.001675
0.002647
0.001471
0.002407
0.002993
0.003708
0.012377
0.002567
0.003112
0.003189
0.003081
0.002385
0.006299
0.002976
0.004477
0.003980
0.004103
0.006224
0.004766
0.021223
0.011616
0.002567
0.001778
0.002565
0.002647
0.003112
0.002742
0.003208
0.001821
0.001821
0.002974
0.001887
0.001342
0.001104
0.001751
0.002261
0.002127
0.001848
0.004040
0.003701
0.004400
0.009000
0.005986
0.005541
0.005238
0.006461
0.012210
0.006593
0.006624
0.011286
0.009562
0.018617
0.012522
0.024613
0.036250
0.020992
0.033773
0.018488
0.012950
0.023484
0.025552
0.009310
0.009310
0.012166
0.012719
0.008634
0.006557
0.004405
0.011895
0.018215
0.011569
0.018198
0.025214
0.012704
0.007525
0.015222
0.017780
0.018255
0.025003
0.011046
0.034040
0.003565
0.006344
0.005911
0.008011
0.003597
0.006544
0.005143
0.003233
0.009370
0.008254
0.004196
0.013513
0.002239
0.013782
0.003996
0.002529
0.008899
0.003663
0.005551
0.002501
0.004126
0.005933
0.003051
0.005811
0.004018
0.003057
0.003045
0.002490
0.003039
0.002449
0.002471
0.002592
0.003736
0.002183
0.002216
0.040515
0.018202
0.003657
0.012025
0.004043
0.002413
0.030005
0.004969
0.004007
0.001961
0.001663
0.003644
0.004273
0.002028
0.003692
0.003739
0.004437
0.003754
0.002639
0.002617
0.001833
0.001803
0.003535
0.002525
0.004598
0.003216
0.003621
0.002255
0.001718
0.002194
0.003222
0.004452
0.004267
0.002979
0.004821
0.015721
0.007582
0.006812
0.007601
0.009120
0.002614
0.004633
0.003651
0.002542
0.002388
0.005073
0.004023
0.002366
0.001849
0.002296
0.004227
0.005377
0.006691
0.006761
0.004609
0.002161
0.002808
0.002301
0.001462
0.001528
0.001968
0.008353
0.004429
0.004430
0.003683
0.004033
0.005607
0.045092
0.003179
0.007828
0.003053
0.003466
0.011550
0.004152
0.004194
0.003455
0.003074
0.002634
0.002457
0.003519
0.003174
0.003932
0.003433
0.003891
0.003681
0.003314
0.003641
0.001967
0.001758
0.008173
0.021864
0.005281
0.050321
0.029312
0.006829
0.004296
0.003290
0.003088
0.006380
0.002052
0.011766
0.018137
0.018362
0.006127
0.008776
0.008474
0.008259
0.005455
0.003748
0.008323
0.019032
0.001881
0.017358
0.002649
0.023814
0.006881
0.004373
0.003113
0.004104
0.002785
0.002478
0.001276
0.001692
0.002608
0.001452
0.002423
0.003198
0.003821
0.003877
0.002856
0.004286
0.005784
0.006289
0.003719
0.002416
0.006086
0.002503
0.002267
0.001568
0.001643
0.002347
0.002024
0.003233
0.002076
0.001898
0.001634
0.001376
0.001972
0.006761
0.003300
0.001943
0.002918
0.005548
0.002138
0.002362
0.019635
0.002665
0.001634
0.002149
0.004316
0.001664
0.001590
0.005345
0.003653
0.003812
0.002510
0.002565
0.002263
0.002352
0.002691
0.004305
0.002673
0.006243
0.005103
0.005233
0.004187
0.005154
0.003985
0.004869
0.004003
0.009530
0.004245
0.004168
0.002529
0.002207
0.002739
0.002315
0.002461
0.002500
0.002237
0.004867
0.011307
0.008853
0.003246
0.010047
0.002339
0.001912
0.003659
0.003883
0.006716
0.011709
0.007239
0.002057
0.010926
0.032132
0.036124
0.102418
0.036036
0.006471
0.006420
0.003306
0.002251
0.005888
0.009919
0.002705
0.003091
0.003689
0.002400
0.025585
0.011529
0.005780
0.002624
0.011620
0.002647
0.004062
0.005036
0.002716
0.004521
0.004730
0.002985
0.010287
0.003841
0.001994
0.004167
0.003012
0.003900
0.005147
0.002325
0.004183
0.003942
0.002794
0.005392
0.002959
0.003577
0.001977
0.007354
0.002256
0.002184
0.002418
0.008322
0.003471
0.006744
0.004397
0.002534
0.002993
0.003523
0.028632
0.004459
0.003091
0.002858
0.003683
0.002888
0.008077
0.006669
0.003095
0.007091
0.003712
0.007302
0.009191
0.009895
0.003220
0.001927
0.018159
0.004037
0.002823
0.010357
0.005031
0.004736
0.005382
0.003264
0.003773
0.005343
0.006545
0.004971
0.006248
0.005754
0.004078
0.005863
0.009419
0.003388
0.003068
0.002336
0.001297
0.002145
0.006647
0.003002
0.003804
0.001777
0.002855
0.001809
0.001753
0.002182
0.001850
0.002375
0.002345
0.001168
0.002226
0.001671
0.002555
0.003095
0.001829
0.002733
0.009761
0.005413
0.007491
0.006655
0.006996
0.006013
0.009405
0.008678
0.011247
0.010984
0.006000
0.001683
0.003422
0.003495
0.004470
0.004093
0.001799
0.003817
0.002735
0.003857
0.001944
0.002182
0.002804
0.003423
0.004044
0.003224
0.010907
0.008234
0.006167
0.007097
0.008191
0.001626
0.004246
0.040562
0.013350
0.009791
0.006866
0.004468
0.008473
0.008288
0.002492
0.009041
0.005510
0.010171
0.010695
0.015479
0.018757
0.003274
0.013749
0.010148
0.005331
0.004717
0.002229
0.003332
0.001878
0.002666
0.032914
0.006597
0.004553
0.006755
0.003117
0.004648
0.008865
0.002116
0.030000
0.032533
0.015704
0.009725
0.019798
0.003296
0.004875
0.004140
0.002741
0.001919
0.003472
0.002073
0.009107
0.003474
0.002244
0.003037
0.003694
0.003090
0.008886
0.002372
0.003444
0.001893
0.003096
0.011084
0.002916
0.014404
0.003746
0.004361
0.002733
0.002283
0.004374
0.002393
0.003326
0.004331
0.002675
0.003011
0.003833
0.002151
0.001298
0.001389
0.001959
0.002500
0.002851
0.007431
0.002616
0.004148
0.003646
0.003373
0.002500
0.002153
0.004461
0.002906
0.001564
0.001311
0.008579
0.003624
0.002018
0.004724
0.004422
0.002244
0.003105
0.003325
0.005978
0.003944
0.022816
0.002423
0.002147
0.015776
0.004953
0.001829
0.001967
0.003084
0.001702
0.002955
0.003933
0.002351
0.005070
0.005886
0.009089
0.003606
0.004697
0.002948
0.004203
0.003267
0.006045
0.001820
0.004757
0.003043
0.009704
0.005888
0.011886
0.011828
0.007158
0.006666
0.009242
0.009198
0.009112
0.011949
0.011230
0.011365
0.006176
0.005229
0.002881
0.004546
0.003201
0.003289
0.003480
0.025106
0.019969
0.006060
0.017341
0.005608
0.001355
0.001850
0.001238
0.003543
0.001584
0.004571
0.001757
0.001434
0.001884
0.002162
0.005010
0.002266
0.002157
0.004224
0.003395
0.012537
0.011096
0.011099
0.005938
0.009896
0.002836
0.003094
0.008060
0.003474
0.008887
0.003987
0.004977
0.003760
0.006876
0.004862
0.003892
0.006420
0.004665
0.004914
0.005733
0.005139
0.005443
0.005030
0.004948
0.004493
0.007041
0.005042
0.005277
0.006614
0.012265
0.019893
0.009071
0.007657
0.011553
0.007812
0.005108
0.006142
0.004969
0.011562
0.004353
0.005204
0.004861
0.009261
0.004886
0.008145
0.010984
0.012219
0.002426
0.002054
0.002314
0.005117
0.005593
0.002813
0.004266
0.008468
0.011354
0.007138
0.004220
0.003732
0.001670
0.001760
0.002536
0.003295
0.006065
0.003018
0.001860
0.002356
0.001904
0.002043
0.006442
0.001379
0.002276
0.006223
0.001531
0.001964
0.011511
0.007748
0.007241
0.002992
0.001896
0.010551
0.002912
0.002260
0.003140
0.003445
0.005806
0.009760
0.001675
0.004944
0.002563
0.003638
0.003602
0.003636
0.003324
0.004134
0.002496
0.001670
0.009453
0.012036
0.005326
0.003911
0.003686
0.004811
0.005114
0.006396
0.003379
0.004691
0.006351
0.004872
0.003655
0.020400
0.020276
0.017686
0.035085
0.005241
0.008051
0.004115
0.003852
0.002841
0.004033
0.005307
0.004394
0.004800
0.002666
0.003963
0.001726
0.002385
0.014002
0.002573
0.012734
0.006350
0.002149
0.004910
0.001864
0.001704
0.002840
0.002685
0.002085
0.001903
0.006536
0.002390
0.001617
0.005108
0.002463
0.002387
0.002621
0.003276
0.001660
0.002543
0.004585
0.007347
0.003115
0.005875
0.001720
0.001681
0.011638
0.006991
0.019122
0.002169
0.001621
0.003093
0.003087
0.005359
0.001729
0.001738
0.001708
0.001945
0.001926
0.001946
0.001943
0.002776
0.002606
0.003948
0.003000
0.001877
0.002665
0.002713
0.002461
0.001973
0.002038
0.003014
0.003182
0.003383
0.002263
0.002633
0.002490
0.003341
0.002752
0.004732
0.003318
0.003628
0.004485
0.003449
0.003194
0.003546
0.004332
0.004204
0.004172
0.002620
0.003935
0.004076
0.004566
0.002606
0.025846
0.022795
0.004632
0.002632
0.002975
0.005410
0.005703
0.002461
0.003201
0.002860
0.002728
0.002660
0.002665
0.003333
0.006677
0.002953
0.002717
0.004856
0.004532
0.002380
0.006217
0.007909
0.009810
0.006090
0.003548
0.004526
0.003877
0.003614
0.003428
0.003529
0.005344
0.007526
0.003138
0.009425
0.008945
0.003953
0.003752
0.005841
0.012243
0.010880
0.004177
0.005761
0.004484
0.003331
0.009747
0.007313
0.015956
0.007553
0.019549
0.014167
0.010029
0.010278
0.011840
0.008154
0.003846
0.002974
0.003970
0.002606
0.006031
0.008831
0.011572
0.003851
0.003640
0.007518
0.003748
0.002679
0.003252
0.002616
0.003470
0.003577
0.007539
0.011181
0.013026
0.006586
0.002088
0.001532
0.019311
0.006364
0.009413
0.004088
0.066015
0.003677
0.001550
0.002091
0.006140
0.056829
0.056219
0.025962
0.013996
0.003491
0.007807
0.003337
0.002395
0.006006
0.015666
0.011467
0.014880
0.011165
0.012547
0.016990
0.014150
0.006006
0.005495
0.003541
0.004102
0.002382
0.002480
0.001570
0.001756
0.002044
0.004446
0.002100
0.002119
0.003704
0.005104
0.005075
0.003823
0.001082
0.001082
0.005456
0.003398
0.002096
0.002084
0.003084
0.001198
0.002144
0.006393
0.002524
0.001969
0.004053
0.006971
0.003660
0.010676
0.006019
0.001824
0.009306
0.004121
0.002091
0.003604
0.001719
0.001947
0.001719
0.001426
0.002091
0.009470
0.004464
0.013806
0.002881
0.002814
0.001264
0.002194
0.005609
0.002149
0.002850
0.001190
0.001505
0.001058
0.004993
0.019853
0.003008
0.010480
0.004653
0.004112
0.003419
0.003394
0.003894
0.004927
0.003539
0.003495
0.004003
0.003920
0.012956
0.005583
0.004684
0.009746
0.005891
0.007220
0.005126
0.003768
0.004636
0.005956
0.002871
0.003416
0.003732
0.003915
0.008995
0.001196
0.002213
0.005667
0.002275
0.004440
0.032812
0.008724
0.011410
0.004956
0.009853
0.003900
0.003990
0.006974
0.003422
0.003902
0.053133
0.016743
0.011501
0.011909
0.018538
0.012212
0.004423
0.003990
0.004238
0.004171
0.003019
0.003364
0.004003
0.003312
0.002172
0.003441
0.012756
0.020185
0.020392
0.019002
0.017736
0.021567
0.016224
0.007280
0.014079
0.014364
0.014384
0.012659
0.012987
0.014349
0.012221
0.011743
0.010301
0.005837
0.011632
0.004197
0.007768
0.007992
0.004827
0.005140
0.106309
0.046471
0.007248
0.004308
0.004162
0.005321
0.004211
0.004429
0.007764
0.007957
0.013583
0.007721
0.008778
0.009861
0.022199
0.006635
0.005793
0.005510
0.004478
0.021630
0.047318
0.016618
0.007173
0.002841
0.001640
0.002578
0.019291
0.004882
0.004664
0.003509
0.010835
0.005029
0.001780
0.056960
0.006073
0.010378
0.005730
0.012503
0.009192
0.005599
0.004908
0.004852
0.004625
0.004336
0.007415
0.004176
0.013795
0.004170
0.005264
0.006270
0.005597
0.004299
0.004587
0.005084
0.004279
0.004284
0.004239
0.006100
0.005087
0.004779
0.007333
0.008928
0.011363
0.009384
0.005232
0.004619
0.007248
0.005503
0.004411
0.004905
0.005300
0.017755
0.010731
0.003870
0.014199
0.004408
0.006073
0.005375
0.005355
0.004658
0.004946
0.005461
0.011924
0.005390
0.009559
0.018111
0.004403
0.001747
0.014725
0.004892
0.019580
0.021204
0.014314
0.044325
0.021205
0.008856
0.004145
0.011457
0.004912
0.011256
0.006586
0.003974
0.004432
0.018627
0.009263
0.021767
0.034711
0.011715
0.003553
0.003342
0.003557
0.003342
0.003851
0.004398
0.004864
0.003124
0.004654
0.007967
0.007898
0.005168
0.003232
0.003647
0.013667
0.039183
0.021983
0.009844
0.012098
0.001899
0.003956
0.004049
0.004357
0.003666
0.004292
0.006457
0.011776
0.003335
0.003112
0.003097
0.003563
0.003587
0.006099
0.003538
0.003733
0.003232
0.003593
0.026961
0.009054
0.011406
0.030639
0.001747
0.015927
0.006059
0.005239
0.006353
0.005174
0.003745
0.003576
0.003815
0.006786
0.003397
0.005257
0.017987
0.001668
0.010521
0.002200
0.001663
0.003697
0.003702
0.005908
0.003550
0.009610
0.006984
0.012940
0.003112
0.003547
0.002864
0.001450
0.003172
0.004279
0.002913
0.002827
0.002467
0.002067
0.002447
0.003235
0.002981
0.002015
0.002827
0.002001
0.001758
0.005115
0.001937
0.002690
0.001349
0.002724
0.002507
0.002043
0.001349
0.001777
0.001782
0.012691
0.004239
0.002589
0.002599
0.005285
0.001994
0.001782
0.001450
0.002677
0.001758
0.002649
0.002601
0.005067
0.006904
0.001654
0.001680
0.002035
0.007154
0.005155
0.001653
0.010253
0.004894
0.003102
0.002883
0.013370
0.015020
0.042847
0.020563
0.018105
0.009030
0.012568
0.011857
0.005794
0.008024
0.008644
0.008411
0.008123
0.009773
0.006342
0.012489
0.008616
0.013694
0.010228
0.009821
0.049482
0.012259
0.017683
0.008451
0.009098
0.008832
0.010228
0.011773
0.009407
0.008349
0.004971
0.002703
0.010061
0.008754
0.005115
0.019849
0.009183
0.013403
0.023145
0.012482
0.011884
0.005838
0.004031
0.017440
0.009042
0.003586
0.005159
0.004326
0.002695
0.004572
0.006074
0.013391
0.009679
0.006959
0.005655
0.037968
0.003056
0.008453
0.007666
0.017745
0.001433
0.003065
0.011344
0.005725
0.002090
0.008475
0.008315
0.006645
0.017203
0.006673
0.004031
0.002452
0.003234
0.001347
0.004028
0.003411
0.004971
0.002439
0.002695
0.003227
0.004962
0.002123
0.004238
0.006728
0.004209
0.004176
0.003234
0.003725
0.002703
0.001347
0.003952
0.003743
0.008752
0.004742
0.022861
0.001953
0.023079
0.008457
0.001347
0.004028
0.001605
0.003263
0.001321
0.002123
0.006013
0.000864
0.006098
0.004308
0.003065
0.008894
0.009352
0.019446
0.004066
0.008209
0.003863
0.001067
0.009047
0.009047
0.001065
0.004437
0.001077
0.002351
0.004107
0.005289
0.003955
0.001440
0.001082
0.013348
0.003672
0.017866
0.000871
0.002927
0.004902
0.004902
0.001162
0.003218
0.001810
0.002426
0.006670
0.008073
0.009550
0.003444
0.009230
0.011839
0.011654
0.010555
0.010526
0.003314
0.008889
0.005428
0.000602
0.001362
0.009238
0.002865
0.002373
0.000461
0.001643
0.003952
0.002425
0.098582
0.000623
0.003376
0.006207
0.006881
0.010884
0.006006
0.014994
0.016757
0.011460
0.008314
0.007376
0.025515
0.002153
0.005050
0.006033
0.026795
0.006382
0.008069
0.010652
0.005707
0.008176
0.010125
0.009262
0.010652
0.009615
0.023404
0.007260
0.006538
0.001961
0.006602
0.007983
0.024311
0.006667
0.015357
0.006073
0.036509
0.023515
0.007196
0.005167
0.007603
0.008316
0.007196
0.014893
0.004588
0.008149
0.006470
0.005524
0.006383
0.002181
0.001442
0.002706
0.002701
0.001969
0.003058
0.002176
0.002176
0.001550
0.001573
0.005190
0.011210
0.002706
0.002401
0.001483
0.011103
0.001550
0.001608
0.004842
0.002225
0.001734
0.001559
0.003476
0.009929
0.001483
0.002182
0.008706
0.001748
0.003224
0.004977
0.007314
0.001990
0.001752
0.001608
0.004923
0.006676
0.004448
0.005075
0.001574
0.019300
0.002201
0.001483
0.008996
0.004844
0.001168
0.002236
0.002534
0.003224
0.005133
0.008706
0.004550
0.013677
0.005260
0.007675
0.006949
0.001199
0.002144
0.006504
0.001690
0.002401
0.002225
0.020834
0.001442
0.001063
0.009929
0.002223
0.002713
0.001063
0.004049
0.002181
0.007381
0.002809
0.013011
0.006983
0.015632
0.006676
0.007202
0.008189
0.006538
0.007675
0.005632
0.010624
0.008852
0.006946
0.006481
0.008921
0.008292
0.006620
0.004793
0.002490
0.004956
0.005594
0.004059
0.022760
0.006447
0.002771
0.004991
0.005775
0.004614
0.004923
0.006288
0.006585
0.006940
0.011240
0.018543
0.014446
0.005206
0.004370
0.007680
0.002655
0.011228
0.004576
0.005566
0.005425
0.008700
0.007181
0.004500
0.036408
0.013868
0.011330
0.009260
0.015028
0.007669
0.019921
0.020133
0.042639
0.045010
0.024528
0.031757
0.016729
0.009799
0.004829
0.003992
0.005008
0.002396
0.013250
0.002707
0.002114
0.005679
0.001793
0.001723
0.001554
0.002330
0.010699
0.002128
0.002665
0.001763
0.004776
0.002665
0.005104
0.003386
0.007204
0.006303
0.004154
0.006454
0.004993
0.008022
0.011554
0.030342
0.008441
0.010535
0.004116
0.014274
0.032906
0.005104
0.009443
0.013441
0.009348
0.008671
0.004776
0.001950
0.008814
0.003676
0.002114
0.003397
0.018317
0.004783
0.001205
0.001826
0.001380
0.002213
0.002685
0.001938
0.001846
0.005336
0.005242
0.006176
0.001596
0.001274
0.001743
0.004776
0.005673
0.006075
0.003929
0.004893
0.007229
0.002693
0.005795
0.002779
0.003167
0.002638
0.003167
0.002083
0.008502
0.001705
0.001533
0.001640
0.002459
0.002090
0.002037
0.001462
0.006163
0.007284
0.001782
0.018874
0.006023
0.007048
0.006515
0.005367
0.005858
0.009069
0.005172
0.006581
0.006395
0.006205
0.006581
0.006095
0.006388
0.006688
0.006731
0.006108
0.005224
0.005407
0.006816
0.006438
0.008593
0.005738
0.006823
0.005523
0.006293
0.007107
0.012879
0.008700
0.006184
0.006391
0.007227
0.007675
0.005519
0.007188
0.007439
0.007233
0.004947
0.007715
0.005253
0.004512
0.004955
0.003021
0.005136
0.012703
0.003975
0.006306
0.002904
0.004187
0.001924
0.001766
0.002759
0.001740
0.005780
0.002739
0.001805
0.009353
0.018287
0.003683
0.005808
0.001771
0.004343
0.002384
0.003560
0.003044
0.002465
0.011164
0.003560
0.003041
0.003560
0.002392
0.002391
0.002890
0.006256
0.003349
0.006037
0.003926
0.014829
0.009610
0.003413
0.003413
0.003600
0.004193
0.002238
0.001981
0.001730
0.005155
0.006041
0.001895
0.001857
0.003344
0.003605
0.003884
0.001768
0.003367
0.001947
0.001799
0.015900
0.001939
0.003379
0.002397
0.002665
0.008791
0.001895
0.002910
0.015797
0.019407
0.013126
0.019157
0.017631
0.016296
0.017344
0.021140
0.017269
0.018847
0.033667
0.014751
0.018510
0.020379
0.015071
0.016272
0.020954
0.023338
0.015157
0.015186
0.019770
0.015114
0.016826
0.013811
0.015098
0.011773
0.013280
0.013271
0.005119
0.012006
0.015161
0.015098
0.006366
0.004906
0.011705
0.006366
0.004446
0.011595
0.006512
0.011083
0.005823
0.003624
0.004805
0.006253
0.003820
0.008915
0.003571
0.005932
0.006860
0.005507
0.007680
0.007110
0.013514
0.014675
0.012734
0.013816
0.015840
0.012358
0.012223
0.008030
0.004334
0.005885
0.004081
0.003685
0.003503
0.003520
0.003950
0.007022
0.003314
0.003141
0.004145
0.003198
0.001313
0.002459
0.003242
0.011487
0.018272
0.005767
0.004036
0.004185
0.008479
0.003723
0.003304
0.003159
0.003597
0.002234
0.006237
0.003307
0.002468
0.002758
0.001621
0.006040
0.013127
0.001992
0.001313
0.002605
0.000675
0.004506
0.001620
0.002976
0.001048
0.002085
0.001062
0.001475
0.002318
0.001574
0.005424
0.001081
0.001186
0.007775
0.002320
0.012013
0.002822
0.002705
0.002897
0.003567
0.003311
0.005002
0.005077
0.005006
0.003311
0.003031
0.003075
0.003421
0.003563
0.003207
0.005285
0.002898
0.004459
0.002963
0.005587
0.002680
0.002838
0.003455
0.002586
0.004763
0.002050
0.002769
0.010232
0.003187
0.002520
0.012762
0.001475
0.009898
0.002232
0.001209
0.002452
0.002406
0.013748
0.002914
0.003434
0.002705
0.003182
0.003573
0.004953
0.002785
0.002885
0.005120
0.003048
0.004042
0.003186
0.018785
0.013378
0.004042
0.012068
0.009209
0.004595
0.004116
0.009439
0.009478
0.006246
0.015354
0.011648
0.006338
0.006463
0.010507
0.007808
0.008158
0.007285
0.008865
0.008857
0.007198
0.008606
0.008865
0.007944
0.006922
0.011003
0.007503
0.009097
0.006133
0.005317
0.008180
0.010947
0.005581
0.002625
0.002910
0.005739
0.002346
0.002851
0.003533
0.003170
0.002696
0.002007
0.009228
0.002328
0.001596
0.002311
0.001045
0.000112
0.000000
0.005268
0.002864
0.000286
0.015117
0.000002
0.003213
0.005236
0.022418
0.002861
0.000000
0.001191
0.001193
0.001094
0.003048
0.000166
0.014691
0.002141
0.005677
0.002141
0.003604
0.005611
0.010536
0.005913
0.003481
0.002526
0.017254
0.031521
0.003170
0.002648
0.007503
0.004675
0.010345
0.003887
0.002632
0.008954
0.001101
0.001146
0.004622
0.001105
0.001094
0.005554
0.001012
0.001347
0.002888
0.003626
0.005655
0.015076
0.005734
0.001906
0.004345
0.015490
0.008274
0.003709
0.045116
0.004018
0.005655
0.001272
0.010761
0.008088
0.001191
0.000711
0.015525
0.009844
0.021145
0.001630
0.021761
0.005185
0.015746
0.015086
0.020501
0.002282
0.002484
0.001906
0.003412
0.006924
0.004680
0.017100
0.005240
0.004568
0.003887
0.007072
0.005371
0.009959
0.004580
0.005906
0.007348
0.009943
0.007994
0.004888
0.007608
0.006297
0.007874
0.012914
0.007316
0.008564
0.010579
0.008612
0.009568
0.011233
0.011427
0.010199
0.012485
0.012082
0.012702
0.012130
0.013616
0.013616
0.014703
0.014535
0.012834
0.013726
0.012932
0.012189
0.014156
0.016841
0.012851
0.014189
0.011629
0.011431
0.012126
0.015121
0.013362
0.016113
0.005184
0.003471
0.001995
0.003432
0.002408
0.013474
0.004644
0.002011
0.002071
0.008583
0.002667
0.004450
0.003774
0.008058
0.001634
0.010346
0.002821
0.018247
0.010095
0.012962
0.015917
0.018542
0.016567
0.015005
0.017774
0.017868
0.011793
0.017288
0.016263
0.018390
0.015758
0.015175
0.009485
0.004187
0.008525
0.004266
0.001944
0.001436
0.003665
0.002842
0.018804
0.008583
0.003557
0.003805
0.005774
0.004205
0.001914
0.008583
0.003441
0.003259
0.002676
0.002603
0.002000
0.002088
0.004486
0.003665
0.001806
0.001794
0.002381
0.001728
0.001941
0.001941
0.002496
0.007341
0.001409
0.001621
0.001802
0.004545
0.001162
0.004548
0.009983
0.002185
0.001251
0.003245
0.002210
0.004342
0.010061
0.001137
0.001591
0.002510
0.003382
0.007154
0.004018
0.001790
0.001676
0.001591
0.004767
0.007330
0.009341
0.005324
0.006030
0.002170
0.003690
0.001118
0.005521
0.009236
0.005895
0.006030
0.007671
0.013460
0.010998
0.022734
0.021094
0.030770
0.026126
0.010962
0.017488
0.012503
0.011601
0.011503
0.009482
0.008609
0.009003
0.009363
0.011432
0.007250
0.017801
0.007433
0.007517
0.009658
0.007467
0.014770
0.013446
0.008962
0.009136
0.010393
0.017358
0.008952
0.009639
0.007529
0.012093
0.008137
0.007109
0.007972
0.007439
0.011010
0.013560
0.011309
0.006945
0.009129
0.016380
0.007994
0.007269
0.008870
0.010498
0.010655
0.008691
0.016380
0.008892
0.010652
0.007181
0.011675
0.028580
0.033340
0.034558
0.038210
0.042561
0.046188
0.045585
0.045137
0.043627
0.042361
0.052574
0.042192
0.044213
0.039281
0.032393
0.031159
0.032304
0.036010
0.027324
0.027934
0.025652
0.022797
0.026746
0.024325
0.025252
0.022721
0.028813
0.020045
0.016670
0.015736
0.014888
0.012630
0.013365
0.022287
0.015099
0.019432
0.009395
0.020952
0.029062
0.009711
0.005124
0.015274
0.004234
0.003779
0.004899
0.003535
0.003518
0.002681
0.001771
0.001733
0.001796
0.001804
0.002858
0.003629
0.001479
0.003610
0.006586
0.003132
0.002750
0.002750
0.040144
0.029570
0.010097
0.010146
0.002005
0.006435
0.003767
0.002560
0.003971
0.003557
0.003970
0.006970
0.001922
0.021587
0.001796
0.001918
0.021663
0.001908
0.003473
0.001884
0.006883
0.021665
0.001670
0.015138
0.010052
0.001539
0.007867
0.003651
0.011243
0.003573
0.001687
0.002074
0.003787
0.002072
0.003162
0.001620
0.001866
0.003178
0.003711
0.010802
0.003573
0.006825
0.003681
0.002854
0.003178
0.003499
0.004533
0.002036
0.003630
0.004444
0.003565
0.011335
0.002837
0.001668
0.012811
0.002705
0.003607
0.002716
0.001599
0.003329
0.005030
0.008160
0.005568
0.001891
0.002084
0.009936
0.001899
0.001689
0.003569
0.002808
0.004559
0.004444
0.004534
0.004543
0.003364
0.006493
0.003573
0.001975
0.003300
0.003689
0.002042
0.007189
0.001486
0.002549
0.012223
0.006766
0.010120
0.010311
0.009645
0.005718
0.005837
0.011241
0.004385
0.005575
0.011926
0.012027
0.007188
0.012174
0.010120
0.006844
0.005029
0.006467
0.005401
0.012263
0.006640
0.010365
0.011412
0.012678
0.010698
0.012009
0.012357
0.012351
0.010894
0.012357
0.012452
0.010285
0.012411
0.014264
0.010616
0.014310
0.010272
0.010814
0.013854
0.014354
0.006847
0.013536
0.012923
0.010873
0.014863
0.014794
0.015756
0.013013
0.004352
0.010873
0.010873
0.011732
0.011323
0.011323
0.007044
0.014203
0.005937
0.005308
0.007890
0.016567
0.010073
0.018013
0.020268
0.010517
0.005369
0.011648
0.004164
0.008628
0.005937
0.002605
0.016349
0.002388
0.001609
0.004105
0.004472
0.001614
0.001823
0.005163
0.002316
0.003989
0.002873
0.004262
0.004381
0.003540
0.001083
0.002981
0.005555
0.001143
0.006066
0.002805
0.002808
0.002666
0.003241
0.004631
0.002441
0.003190
0.013446
0.005385
0.008654
0.011746
0.008176
0.004559
0.012611
0.003920
0.004093
0.003257
0.003541
0.002793
0.003228
0.008698
0.003673
0.002805
0.014066
0.002563
0.007360
0.002068
0.003587
0.003158
0.001502
0.002137
0.002388
0.006847
0.001520
0.007780
0.001810
0.002092
0.001949
0.002793
0.001689
0.003148
0.002570
0.001520
0.001136
0.001393
0.001555
0.002385
0.003158
0.004352
0.002976
0.001804
0.002401
0.001337
0.005287
0.005645
0.002749
0.005543
0.015234
0.006903
0.003145
0.001766
0.002353
0.005524
0.005527
0.002873
0.004325
0.002693
0.001685
0.011823
0.013078
0.003751
0.012329
0.002363
0.005273
0.003433
0.004800
0.002583
0.004024
0.002687
0.005135
0.002988
0.003144
0.002838
0.003884
0.003072
0.001469
0.000575
0.005792
0.005730
0.001619
0.000454
0.001598
0.004971
0.003151
0.003076
0.002376
0.003939
0.001774
0.003151
0.002838
0.005550
0.004194
0.006196
0.004190
0.007758
0.005018
0.004657
0.003981
0.004567
0.005139
0.004598
0.009433
0.005249
0.005656
0.006623
0.005662
0.005693
0.005426
0.005987
0.010317
0.005025
0.005867
0.006630
0.005867
0.010497
0.010458
0.009166
0.009204
0.012899
0.007448
0.009530
0.008674
0.010916
0.009039
0.015974
0.009204
0.014259
0.010321
0.013578
0.016544
0.018408
0.014063
0.025539
0.019034
0.022353
0.031090
0.017885
0.019804
0.030112
0.024192
0.029140
0.024564
0.021528
0.026190
0.017885
0.026921
0.027293
0.016080
0.018329
0.009390
0.010029
0.009144
0.006119
0.008107
0.003921
0.004567
0.005353
0.031613
0.013464
0.009780
0.000552
0.021576
0.016718
0.004490
0.020813
0.033058
0.013351
0.026370
0.011342
0.008157
0.014020
0.011326
0.012818
0.013179
0.016480
0.020735
0.034348
0.017470
0.014682
0.007699
0.021483
0.021483
0.017687
0.018168
0.010877
0.025427
0.016788
0.004981
0.068002
0.064012
0.179571
0.232637
0.173636
0.238557
0.204606
0.334690
0.051718
0.082354
0.022619
0.012109
0.006815
0.006557
0.006054
0.008189
0.005575
0.007290
0.006799
0.010461
0.013396
0.014099
0.017014
0.023772
0.027084
0.029005
0.028523
0.025920
0.050225
0.049109
0.060391
0.053761
0.084439
0.087928
0.098724
0.073571
0.104991
0.025471
0.025728
0.006498
0.005359
0.003494
0.013706
0.003482
0.005817
0.001965
0.001962
0.007008
0.003875
0.004951
0.015977
0.010378
0.012010
0.026359
0.006051
0.013317
0.003544
0.004745
0.015291
0.002931
0.016266
0.002807
0.006883
0.003082
0.004986
0.005336
0.004940
0.004496
0.061390
0.116257
0.002149
0.012424
0.028250
0.009357
0.037873
0.005430
0.012672
0.030046
0.005653
0.007420
0.005883
0.003907
0.003066
0.003394
0.006834
0.002806
0.001848
0.001923
0.006423
0.005583
0.027408
0.006887
0.003834
0.005510
0.009718
0.010863
0.009815
0.005528
0.003058
0.008863
0.003911
0.031126
0.002734
0.009304
0.006214
0.003039
0.002805
0.017548
0.004859
0.001588
0.001249
0.002253
0.001978
0.002474
0.008040
0.003297
0.004019
0.005448
0.003103
0.002546
0.003498
0.002780
0.002665
0.001928
0.001874
0.002527
0.003772
0.005993
0.048170
0.003347
0.004108
0.002309
0.024172
0.001869
0.002275
0.002373
0.002398
0.002130
0.002193
0.012541
0.005995
0.001386
0.001569
0.002309
0.002020
0.007440
0.003364
0.002521
0.002595
0.002647
0.004005
0.004745
0.004769
0.008023
0.012399
0.004517
0.003960
0.003629
0.005573
0.005433
0.005947
0.002647
0.002800
0.001712
0.001566
0.004354
0.004072
0.018662
0.010068
0.021568
0.001803
0.002707
0.020846
0.004950
0.003753
0.005710
0.007679
0.008765
0.007858
0.006310
0.006107
0.005084
0.002810
0.003700
0.003398
0.005480
0.007011
0.002821
0.001636
0.001313
0.013293
0.005719
0.021024
0.005726
0.007478
0.006107
0.007773
0.007591
0.009327
0.009289
0.012368
0.006011
0.005483
0.004218
0.004922
0.007501
0.003433
0.003546
0.006457
0.003232
0.006854
0.004747
0.005851
0.005642
0.005499
0.004786
0.006558
0.004919
0.006016
0.002763
0.005767
0.004458
0.001617
0.001939
0.002667
0.007304
0.002236
0.001709
0.002069
0.001851
0.001997
0.003138
0.005913
0.003899
0.002759
0.003026
0.005792
0.002723
0.002544
0.002124
0.002466
0.006173
0.006369
0.002411
0.003300
0.014552
0.008567
0.006183
0.009541
0.006723
0.009777
0.003188
0.003135
0.003607
0.003149
0.004017
0.005050
0.003874
0.003540
0.003329
0.006733
0.003440
0.003345
0.003194
0.003024
0.002833
0.004174
0.004021
0.002976
0.001866
0.002273
0.001806
0.001564
0.001454
0.001439
0.001423
0.001564
0.002402
0.007234
0.003245
0.001952
0.003676
0.007596
0.015444
0.007303
0.007744
0.004700
0.001821
0.003782
0.004329
0.009767
0.005969
0.004444
0.006723
0.005778
0.003263
0.002136
0.002258
0.012366
0.002482
0.002402
0.003576
0.001942
0.061754
0.005535
0.007210
0.006359
0.004751
0.003017
0.005925
0.001761
0.002367
0.002072
0.001504
0.002442
0.001747
0.001606
0.002589
0.004449
0.002448
0.002458
0.001595
0.001504
0.014466
0.009242
0.003465
0.002527
0.003290
0.004055
0.008666
0.002762
0.002269
0.007809
0.002258
0.001705
0.003051
0.003621
0.004196
0.013839
0.005126
0.006689
0.006618
0.005978
0.006961
0.005646
0.004684
0.005454
0.003522
0.002790
0.003807
0.004492
0.004928
0.080709
0.026272
0.090941
0.021299
0.002733
0.004554
0.001855
0.004325
0.003957
0.016174
0.004584
0.004294
0.003118
0.022499
0.008046
0.008750
0.002764
0.001558
0.003295
0.002273
0.003499
0.011826
0.002880
0.006045
0.009698
0.018315
0.004001
0.002845
0.003742
0.002140
0.002606
0.005337
0.005768
0.005596
0.003191
0.002744
0.002777
0.002299
0.002320
0.003697
0.002622
0.002268
0.002311
0.002753
0.004761
0.001996
0.002403
0.003787
0.002951
0.001844
0.003144
0.002758
0.002027
0.004294
0.003624
0.001765
0.004689
0.001839
0.003874
0.005399
0.002002
0.002584
0.004284
0.015469
0.008306
0.061913
0.020953
0.003989
0.003377
0.003344
0.002888
0.004213
0.005555
0.006055
0.007064
0.005734
0.004767
0.004994
0.003113
0.003577
0.008025
0.004300
0.003995
0.005686
0.004735
0.015115
0.003277
0.008731
0.002718
0.005433
0.008795
0.006641
0.005861
0.005831
0.006842
0.006598
0.004937
0.004315
0.006649
0.002789
0.007793
0.006405
0.006215
0.004535
0.003623
0.003875
0.005531
0.005450
0.005186
0.003639
0.003527
0.003533
0.003511
0.003509
0.003449
0.003596
0.003278
0.003505
0.004347
0.004695
0.006992
0.006324
0.006406
0.007159
0.005186
0.005034
0.004693
0.004452
0.004411
0.003951
0.004825
0.003951
0.003623
0.003045
0.001535
0.005420
0.052804
0.003527
0.005675
0.008926
0.001915
0.002917
0.003137
0.004227
0.003434
0.005025
0.004888
0.004773
0.009532
0.008251
0.005975
0.004881
0.005057
0.005141
0.005866
0.003408
0.006098
0.003142
0.003551
0.003444
0.003179
0.003189
0.003163
0.003265
0.003436
0.003385
0.003196
0.004775
0.003209
0.003182
0.003628
0.002649
0.003557
0.004151
0.006018
0.007428
0.017451
0.004809
0.005536
0.003850
0.002000
0.003440
0.002272
0.001938
0.002812
0.003853
0.003853
0.002982
0.002975
0.004076
0.004812
0.002413
0.003783
0.002450
0.003876
0.002869
0.001568
0.003036
0.002419
0.002161
0.002495
0.007761
0.001818
0.003672
0.001962
0.004432
0.009923
0.006692
0.005018
0.024164
0.007858
0.011428
0.004170
0.006858
0.006272
0.013788
0.002989
0.003503
0.004466
0.004533
0.003562
0.003813
0.006289
0.003385
0.003081
0.002272
0.002877
0.001835
0.002392
0.006878
0.002591
0.009609
0.001964
0.008043
0.003062
0.003805
0.003945
0.003404
0.001438
0.002119
0.002093
0.001856
0.001843
0.008043
0.001802
0.002572
0.003035
0.003522
0.004485
0.002310
0.002809
0.006394
0.022767
0.005654
0.013501
0.006463
0.021043
0.005911
0.005894
0.003764
0.003919
0.008300
0.005284
0.003421
0.006906
0.001792
0.002069
0.002443
0.002158
0.002743
0.002070
0.012837
0.002631
0.002630
0.006078
0.006183
0.002707
0.004714
0.006808
0.004316
0.004448
0.010569
0.003674
0.004250
0.003035
0.007702
0.003798
0.002975
0.005661
0.002014
0.002996
0.003535
0.002412
0.002266
0.002907
0.001518
0.002169
0.003607
0.001764
0.006030
0.002001
0.001588
0.002031
0.003272
0.002433
0.003947
0.002956
0.008293
0.007619
0.004501
0.006373
0.005985
0.006023
0.006632
0.004554
0.004319
0.011677
0.005627
0.002770
0.004102
0.004508
0.005183
0.006563
0.006667
0.004061
0.008449
0.005579
0.006892
0.006775
0.005310
0.005367
0.005181
0.006910
0.004117
0.007908
0.018794
0.004323
0.010252
0.005426
0.004701
0.004240
0.004077
0.005044
0.005112
0.004626
0.004337
0.004501
0.004322
0.004618
0.004236
0.009762
0.004498
0.003915
0.005616
0.004369
0.004208
0.008353
0.003084
0.002886
0.053205
0.007091
0.004934
0.002717
0.003344
0.003902
0.003878
0.003220
0.003358
0.002959
0.003424
0.003594
0.003608
0.004056
0.004609
0.007441
0.004304
0.004034
0.006238
0.003193
0.004293
0.004087
0.005040
0.003699
0.004284
0.004415
0.004902
0.005203
0.004573
0.004037
0.004077
0.004322
0.003655
0.004563
0.006921
0.004839
0.004194
0.005084
0.011982
0.010467
0.006693
0.013780
0.004471
0.002673
0.002736
0.002878
0.005413
0.004071
0.003795
0.013589
0.006042
0.005209
0.003874
0.003721
0.003247
0.005036
0.006767
0.002169
0.001915
0.002529
0.001803
0.002513
0.002204
0.002082
0.002268
0.002127
0.002835
0.002028
0.002077
0.002134
0.002370
0.002208
0.002257
0.002387
0.003242
0.002269
0.002316
0.002385
0.003142
0.002289
0.001959
0.002190
0.002259
0.005207
0.002045
0.002031
0.001563
0.001812
0.001915
0.002159
0.003671
0.003134
0.005463
0.003996
0.005165
0.003817
0.002877
0.002713
0.003348
0.002190
0.002169
0.001781
0.006765
0.008251
0.003654
0.002949
0.005357
0.010648
0.002807
0.008401
0.001823
0.004128
0.003365
0.003078
0.002002
0.005664
0.004842
0.003094
0.012631
0.003217
0.004236
0.003388
0.006951
0.006930
0.005154
0.004712
0.009195
0.011943
0.016164
0.010785
0.010993
0.004588
0.008545
0.003615
0.005143
0.002458
0.002448
0.005159
0.003676
0.008246
0.002691
0.008743
0.003012
0.010378
0.010435
0.005100
0.002871
0.002781
0.003677
0.003169
0.004571
0.003177
0.003224
0.002336
0.003607
0.004889
0.002580
0.006892
0.007879
0.012594
0.009962
0.008074
0.011364
0.009865
0.007694
0.012836
0.011019
0.006674
0.007856
0.006876
0.017905
0.019745
0.045929
0.009102
0.003522
0.002858
0.004969
0.003829
0.008351
0.009200
0.016766
0.007820
0.006883
0.035379
0.013837
0.004713
0.031498
0.011075
0.002067
0.052190
0.050280
0.023980
0.012649
0.011435
0.003043
0.010370
0.004517
0.004450
0.002464
0.003238
0.011316
0.004767
0.002769
0.005781
0.003053
0.009878
0.007113
0.003291
0.003283
0.003406
0.004679
0.004145
0.010413
0.003106
0.003582
0.004704
0.003128
0.003007
0.003503
0.003299
0.003517
0.003464
0.002675
0.004117
0.003900
0.006035
0.005419
0.003960
0.002297
0.007556
0.003757
0.007764
0.003088
0.005341
0.004247
0.002825
0.004811
0.005747
0.010520
0.006073
0.002311
0.002491
0.087418
0.003020
0.005983
0.005803
0.004409
0.004194
0.002877
0.005494
0.002685
0.010321
0.006539
0.004622
0.006518
0.003033
0.002202
0.002169
0.006935
0.001926
0.008895
0.008269
0.007996
0.006931
0.004248
0.007387
0.003529
0.002829
0.006859
0.003054
0.004606
0.005459
0.004163
0.007233
0.002784
0.005353
0.002329
0.007455
0.015427
0.012051
0.010363
0.010338
0.007317
0.005620
0.004446
0.004343
0.004306
0.004852
0.005161
0.006140
0.004042
0.005995
0.006018
0.004603
0.005902
0.008087
0.015654
0.011348
0.013738
0.011083
0.008091
0.007817
0.004304
0.002732
0.003023
0.002475
0.002767
0.007357
0.003207
0.005133
0.007184
0.003586
0.008360
0.003198
0.003203
0.003057
0.004591
0.002917
0.003243
0.003496
0.003764
0.003348
0.003023
0.003952
0.005950
0.005028
0.004808
0.004496
0.002551
0.008111
0.012706
0.010735
0.008484
0.012127
0.016120
0.018510
0.016361
0.019401
0.012834
0.019477
0.017569
0.018560
0.021511
0.029299
0.015671
0.019631
0.015671
0.006705
0.007365
0.013237
0.009092
0.008958
0.007930
0.008211
0.007436
0.005620
0.005869
0.008297
0.009236
0.010017
0.012242
0.009665
0.012847
0.011950
0.010145
0.008426
0.009971
0.003443
0.016343
0.010829
0.001796
0.010236
0.019010
0.019373
0.024015
0.017701
0.008239
0.013940
0.010913
0.005686
0.014155
0.009838
0.022416
0.015215
0.027356
0.002131
0.010554
0.003310
0.009729
0.012561
0.004279
0.021318
0.020975
0.015995
0.006061
0.011572
0.011540
0.012556
0.012307
0.010377
0.016139
0.019625
0.022629
0.022540
0.015086
0.017295
0.024044
0.038206
0.073386
0.079760
0.086570
0.093115
0.107679
0.113400
0.108378
0.112000
0.111877
0.106150
0.102056
0.089138
0.070523
0.013951
0.017942
0.014825
0.025693
0.020849
0.017230
0.014843
0.013085
0.016076
0.011581
0.010130
0.011091
0.010760
0.010022
0.009634
0.009330
0.009448
0.008997
0.009260
0.009115
0.009651
0.009906
0.010101
0.010332
0.009575
0.009049
0.008996
0.008874
0.009408
0.009192
0.008870
0.009293
0.009822
0.009675
0.010345
0.012757
0.011971
0.013243
0.014330
0.015525
0.015263
0.015390
0.015452
0.015043
0.014365
0.014698
0.014017
0.014088
0.015008
0.013137
0.012602
0.012200
0.010982
0.008758
0.008409
0.007961
0.007705
0.005820
0.007542
0.007820
0.006812
0.008099
0.008074
0.005768
0.004562
0.004569
0.004708
0.004585
0.006737
0.006526
0.011973
0.011031
0.007057
0.011113
0.017918
0.008351
0.015391
0.016901
0.014889
0.016040
0.010505
0.037032
0.032472
0.033165
0.036077
0.030959
0.031251
0.033589
0.027513
0.027700
0.027646
0.032012
0.027343
0.029290
0.025218
0.024784
0.031187
0.028674
0.025224
0.023227
0.027890
0.026151
0.023451
0.025939
0.026792
0.023556
0.012328
0.009550
0.008454
0.006565
0.004791
0.007523
0.004682
0.008887
0.012666
0.005185
0.012221
0.005866
0.005704
0.003172
0.004869
0.006155
0.007722
0.006781
0.003806
0.005870
0.008204
0.011852
0.009104
0.014668
0.012078
0.002322
0.003011
0.004269
0.011456
0.005506
0.007248
0.007134
0.003470
0.007424
0.006551
0.007399
0.013184
0.007978
0.002925
0.004091
0.003713
0.005138
0.012078
0.019653
0.015443
0.006382
0.006360
0.005282
0.009840
0.004459
0.008775
0.010341
0.005193
0.004357
0.009066
0.005264
0.005318
0.007109
0.006579
0.004016
0.009998
0.016979
0.014972
0.005628
0.003241
0.002254
0.005055
0.002797
0.008336
0.003010
0.003241
0.003143
0.006016
0.005508
0.003817
0.003420
0.003398
0.003370
0.003528
0.005407
0.005181
0.008920
0.008197
0.006742
0.006267
0.003843
0.003624
0.004925
0.003339
0.002534
0.003698
0.002234
0.003787
0.002541
0.004589
0.003107
0.003132
0.003107
0.003107
0.003148
0.003132
0.006720
0.003360
0.003404
0.003747
0.006006
0.004214
0.003511
0.004217
0.010386
0.005980
0.005597
0.007281
0.014134
0.015380
0.006122
0.014016
0.013531
0.013818
0.026861
0.015390
0.020308
0.013492
0.020308
0.023723
0.024797
0.020596
0.020787
0.006099
0.006385
0.007913
0.010813
0.034243
0.005418
0.005795
0.005713
0.011580
0.018069
0.011131
0.009943
0.007845
0.010036
0.011271
0.012090
0.017857
0.014052
0.011945
0.008005
0.011065
0.011678
0.010306
0.007982
0.009491
0.009491
0.010959
0.009491
0.017706
0.012300
0.011831
0.009317
0.011310
0.006713
0.006221
0.008912
0.010700
0.006135
0.007722
0.006413
0.007926
0.009558
0.009641
0.005932
0.004759
0.002953
0.003731
0.013550
0.014829
0.014986
0.005348
0.012309
0.003691
0.005076
0.004515
0.007817
0.007062
0.011384
0.004293
0.006977
0.007867
0.003515
0.008602
0.006558
0.005467
0.002409
0.003992
0.013523
0.005280
0.009598
0.004589
0.004804
0.005641
0.002968
0.003920
0.003032
0.002654
0.003791
0.003424
0.002690
0.003621
0.004049
0.004027
0.003353
0.004124
0.003548
0.003068
0.003106
0.004124
0.007643
0.005909
0.006690
0.007330
0.005465
0.007176
0.011658
0.017693
0.016934
0.013160
0.015974
0.010277
0.017249
0.014347
0.024748
0.005913
0.074983
0.010853
0.011425
0.018833
0.023015
0.028026
0.011931
0.012575
0.013672
0.016143
0.017536
0.014653
0.013244
0.011938
0.028384
0.004243
0.018495
0.002234
0.011326
0.013429
0.014608
0.010640
0.012720
0.010737
0.007288
0.005998
0.017459
0.004662
0.014058
0.011009
0.005603
0.008031
0.007690
0.005353
0.010297
0.005421
0.005347
0.010818
0.012911
0.002749
0.005702
0.023059
0.009522
0.009102
0.012555
0.018647
0.010963
0.010717
0.007019
0.012213
0.011221
0.011923
0.010996
0.014920
0.018688
0.015101
0.011141
0.009859
0.009940
0.011987
0.011123
0.012907
0.011826
0.003543
0.009277
0.036530
0.002357
0.002564
0.013107
0.012365
0.005271
0.004795
0.007901
0.006274
0.009357
0.007793
0.005776
0.002983
0.001950
0.019039
0.002455
0.007025
0.008030
0.008061
0.038724
0.013650
0.016214
0.007781
0.005795
0.004805
0.014156
0.010104
0.010302
0.013863
0.014824
0.014727
0.010907
0.008743
0.015625
0.013169
0.012119
0.003032
0.019654
0.009312
0.009014
0.005903
0.006319
0.006378
0.009573
0.006524
0.010895
0.002491
0.001697
0.008029
0.001354
0.003294
0.002392
0.007012
0.003925
0.002155
0.002440
0.002495
0.001581
0.002144
0.001689
0.003306
0.017439
0.009325
0.018798
0.011267
0.002580
0.003428
0.003199
0.004504
0.003264
0.002044
0.001960
0.001697
0.002070
0.002041
0.004301
0.001970
0.001955
0.002880
0.002108
0.001961
0.001764
0.010608
0.002849
0.001943
0.006171
0.015996
0.015410
0.001750
0.025548
0.001679
0.003660
0.010855
0.005044
0.010810
0.009221
0.018819
0.003583
0.025920
0.020508
0.003342
0.004708
0.002423
0.003016
0.002912
0.005511
0.003027
0.002882
0.003217
0.003145
0.002872
0.005000
0.003056
0.003947
0.001610
0.004524
0.001848
0.001908
0.001994
0.008304
0.006531
0.012555
0.003153
0.040669
0.001519
0.011665
0.005117
0.001684
0.001769
0.002280
0.002535
0.010059
0.002817
0.012142
0.004402
0.002801
0.004808
0.002007
0.001890
0.003102
0.002848
0.003546
0.004065
0.003035
0.012524
0.002071
0.013045
0.002192
0.001729
0.002672
0.004681
0.004030
0.001528
0.002890
0.003933
0.003852
0.003655
0.003631
0.002997
0.014819
0.014391
0.014084
0.031957
0.027266
0.018024
0.014211
0.038337
0.001705
0.021518
0.023997
0.003366
0.002014
0.004328
0.006134
0.009616
0.003390
0.012101
0.041850
0.013661
0.007562
0.002498
0.003486
0.009921
0.005507
0.011328
0.005549
0.005480
0.007107
0.003840
0.007064
0.002548
0.001781
0.003940
0.004166
0.001352
0.012583
0.003257
0.006138
0.016950
0.027993
0.012308
0.030404
0.007005
0.004001
0.004611
0.004115
0.006004
0.010001
0.004073
0.003152
0.008388
0.025769
0.008907
0.008523
0.017014
0.038901
0.005530
0.015066
0.021007
0.009911
0.012226
0.010667
0.021382
0.012895
0.010917
0.009504
0.006537
0.006628
0.010840
0.006457
0.006537
0.001899
0.003865
0.004142
0.002683
0.003954
0.003919
0.004212
0.028489
0.007079
0.065602
0.002474
0.002791
0.008196
0.001907
0.003956
0.004238
0.018772
0.048753
0.003613
0.016425
0.039229
0.011583
0.004670
0.005216
0.004287
0.011026
0.008716
0.038134
0.004480
0.005243
0.007109
0.006047
0.006036
0.010829
0.015363
0.015963
0.015764
0.011450
0.005376
0.004698
0.004880
0.009237
0.009260
0.005367
0.005937
0.102417
0.003533
0.004465
0.031017
0.015291
0.010933
0.003671
0.004394
0.003948
0.011104
0.005746
0.005590
0.003914
0.006417
0.012166
0.015012
0.010280
0.014947
0.009785
0.018035
0.010673
0.006468
0.009614
0.004506
0.003808
0.008935
0.014533
0.016571
0.011830
0.036970
0.018958
0.009532
0.004131
0.005747
0.011349
0.020146
0.014654
0.021986
0.028221
0.024974
0.013536
0.005101
0.002435
0.011721
0.004502
0.009436
0.005169
0.004502
0.003977
0.007200
0.007710
0.008186
0.004580
0.002956
0.002766
0.009267
0.006735
0.023414
0.004114
0.052502
0.020430
0.014176
0.017381
0.017645
0.014163
0.022069
0.009673
0.003394
0.015091
0.001320
0.005101
0.006689
0.006469
0.019159
0.001781
0.013536
0.003925
0.003302
0.002211
0.003834
0.003860
0.003387
0.013278
0.002491
0.001320
0.002452
0.003694
0.003667
0.001740
0.003969
0.006034
0.003512
0.003904
0.004037
0.004851
0.004257
0.028696
0.006120
0.010947
0.010057
0.006801
0.004289
0.004394
0.003766
0.003737
0.003440
0.003524
0.008141
0.004481
0.003747
0.003408
0.004434
0.004499
0.003766
0.004288
0.004123
0.004243
0.004325
0.003988
0.004162
0.008655
0.004091
0.003305
0.003669
0.004460
0.004918
0.006822
0.002577
0.002283
0.006173
0.003622
0.003332
0.002749
0.044031
0.003611
0.002260
0.003349
0.005791
0.002446
0.002399
0.001950
0.002511
0.002141
0.002412
0.001771
0.003804
0.005058
0.003444
0.005447
0.001697
0.002215
0.002402
0.002129
0.002869
0.003159
0.002845
0.004765
0.001820
0.003693
0.001953
0.005193
0.001953
0.006226
0.001779
0.001869
0.001726
0.002108
0.003368
0.001707
0.002912
0.002778
0.002778
0.002026
0.001810
0.004504
0.003517
0.021771
0.005647
0.013413
0.008673
0.009626
0.010385
0.019136
0.006463
0.006645
0.016307
0.004319
0.004576
0.007384
0.005809
0.006189
0.006385
0.006150
0.006776
0.007315
0.006645
0.004797
0.004259
0.006249
0.006037
0.004187
0.004323
0.004356
0.004757
0.005329
0.006333
0.004727
0.003329
0.004718
0.003693
0.005876
0.004320
0.005166
0.004646
0.005075
0.004627
0.004882
0.006821
0.009535
0.007232
0.003727
0.013127
0.009171
0.007296
0.010962
0.011230
0.008817
0.006495
0.008508
0.004192
0.013382
0.010091
0.010345
0.010247
0.012065
0.011417
0.011914
0.008805
0.012169
0.010769
0.005993
0.003753
0.004102
0.003212
0.002643
0.002321
0.003183
0.002465
0.003051
0.002106
0.006308
0.001653
0.002512
0.011984
0.002129
0.001711
0.005828
0.002421
0.002052
0.002656
0.003477
0.012438
0.003094
0.003631
0.003291
0.004925
0.003140
0.003312
0.003122
0.002880
0.002781
0.002899
0.002511
0.002881
0.002471
0.002735
0.002402
0.010806
0.005246
0.004330
0.003835
0.002377
0.003700
0.002474
0.001609
0.003555
0.003477
0.002734
0.002396
0.002464
0.002179
0.007865
0.006760
0.007187
0.011590
0.015169
0.014349
0.012513
0.012977
0.005359
0.004250
0.011419
0.006016
0.004164
0.007586
0.009470
0.006037
0.007129
0.005355
0.003948
0.002039
0.008220
0.002058
0.002053
0.003498
0.002022
0.001885
0.002258
0.002148
0.003615
0.003942
0.003291
0.005259
0.005465
0.005859
0.007006
0.006285
0.007971
0.006587
0.007147
0.007297
0.007971
0.008999
0.008313
0.008142
0.006616
0.006161
0.005137
0.005706
0.012951
0.006713
0.005330
0.007009
0.004717
0.004816
0.004059
0.001880
0.002705
0.002284
0.002334
0.001647
0.001350
0.001888
0.001010
0.001026
0.001081
0.002168
0.001872
0.001334
0.001530
0.001797
0.001811
0.008282
0.008433
0.004904
0.005310
0.009666
0.003351
0.002460
0.001616
0.008280
0.001626
0.001790
0.001053
0.002171
0.014323
0.010487
0.008028
0.008568
0.005187
0.003905
0.002284
0.006519
0.001350
0.003634
0.001041
0.001741
0.000977
0.002351
0.002386
0.028505
0.001967
0.002927
0.003483
0.004691
0.001811
0.002746
0.002386
0.011589
0.006870
0.003780
0.006563
0.011787
0.007973
0.006563
0.018191
0.016871
0.017805
0.027669
0.028104
0.002441
0.003905
0.006923
0.014439
0.032922
0.029858
0.033857
0.028673
0.041895
0.032983
0.018615
0.006923
0.005107
0.004665
0.009455
0.003782
0.014039
0.002410
0.005908
0.001341
0.002913
0.006415
0.003133
0.006415
0.002998
0.001471
0.001921
0.004861
0.002835
0.000969
0.001908
0.001584
0.010490
0.005438
0.003018
0.003018
0.002984
0.001886
0.002498
0.005438
0.005438
0.001908
0.000978
0.007165
0.001540
0.003040
0.005113
0.004873
0.000791
0.002891
0.011429
0.001471
0.002891
0.002073
0.001954
0.002984
0.010535
0.001088
0.003018
0.000978
0.003369
0.007468
0.010663
0.004861
0.002895
0.005908
0.002188
0.002707
0.002632
0.007077
0.002256
0.003516
0.003450
0.006161
0.022420
0.000791
0.007925
0.008364
0.011026
0.001850
0.006610
0.006812
0.023283
0.012764
0.022910
0.016083
0.022432
0.022910
0.022910
0.021647
0.013880
0.011702
0.005053
0.001540
0.002073
0.001085
0.000611
0.010568
0.000972
0.006991
0.001954
0.005624
0.001736
0.001348
0.003526
0.007493
0.003069
0.005178
0.003069
0.021903
0.008784
0.016226
0.004665
0.022123
0.014795
0.008885
0.004200
0.004144
0.009077
0.022123
0.022386
0.005798
0.005872
0.010379
0.039277
0.020481
0.017073
0.018276
0.031004
0.070504
0.030060
0.048225
0.048524
0.021434
0.012571
0.006550
0.005208
0.003227
0.005314
0.010508
0.026809
0.013718
0.017736
0.015239
0.026532
0.001034
0.025584
0.001757
0.001741
0.010191
0.030535
0.004674
0.006175
0.009714
0.025739
0.004507
0.030019
0.019174
0.122612
0.014800
0.010976
0.017866
0.005168
0.040356
0.030247
0.003865
0.072075
0.073182
0.069854
0.002806
0.045285
0.007427
0.073033
0.018584
0.019999
0.032970
0.005094
0.014890
0.009320
0.005538
0.004320
0.003973
0.005106
0.047350
0.003054
0.009580
0.003538
0.009508
0.003524
0.023116
0.008932
0.078335
0.010859
0.009640
0.007706
0.010221
0.004340
0.003447
0.008748
0.015121
0.003688
0.004611
0.002823
0.004056
0.008593
0.008634
0.003352
0.004133
0.003164
0.002899
0.006083
0.008264
0.018112
0.014848
0.006644
0.007291
0.004699
0.002219
0.002823
0.006396
0.003515
0.029157
0.008412
0.001684
0.005422
0.005100
0.001446
0.004331
0.006590
0.002695
0.001443
0.003899
0.003136
0.007429
0.006461
0.006198
0.005356
0.007314
0.005932
0.027892
0.011183
0.011247
0.012160
0.013992
0.013214
0.005224
0.002970
0.003937
0.003552
0.002051
0.003630
0.002430
0.003298
0.003285
0.004083
0.002645
0.003586
0.004227
0.004563
0.003508
0.007717
0.002968
0.005332
0.003363
0.004648
0.002969
0.005157
0.001662
0.003991
0.002956
0.003806
0.003298
0.002167
0.002474
0.002474
0.001550
0.009658
0.032399
0.022909
0.005224
0.004579
0.002552
0.002485
0.002602
0.002824
0.003094
0.003147
0.002478
0.003028
0.004291
0.002823
0.004385
0.004551
0.004030
0.003397
0.004346
0.004348
0.008846
0.011947
0.008550
0.013060
0.010279
0.007487
0.008680
0.007107
0.005570
0.002882
0.003161
0.002970
0.003378
0.004873
0.004671
0.001798
0.002943
0.004744
0.009857
0.005585
0.003676
0.002355
0.006257
0.003170
0.003475
0.002760
0.003745
0.005343
0.005450
0.003363
0.004403
0.012813
0.006058
0.002545
0.004547
0.004346
0.005403
0.006466
0.004021
0.005165
0.003597
0.003215
0.003325
0.002800
0.006235
0.006570
0.013965
0.003256
0.003448
0.005285
0.002826
0.007678
0.006138
0.011512
0.006482
0.004497
0.053135
0.006079
0.019971
0.020524
0.023878
0.011708
0.005371
0.003011
0.010162
0.008167
0.004735
0.009298
0.003735
0.083132
0.029707
0.001845
0.012871
0.011826
0.006686
0.016048
0.005978
0.012221
0.010246
0.005104
0.004802
0.004452
0.004176
0.006052
0.003666
0.008568
0.003030
0.003764
0.003994
0.003695
0.003979
0.004076
0.027893
0.022479
0.003972
0.003913
0.008621
0.007144
0.012289
0.015722
0.006636
0.008621
0.003768
0.005076
0.003788
0.002071
0.003405
0.002412
0.009276
0.005227
0.022438
0.012821
0.013718
0.003620
0.005304
0.005898
0.003378
0.003985
0.004123
0.004769
0.004901
0.002506
0.003819
0.033497
0.005654
0.007010
0.006753
0.006204
0.005659
0.004061
0.003402
0.003397
0.002601
0.001628
0.001928
0.003601
0.004777
0.003959
0.005612
0.005017
0.023104
0.015867
0.010247
0.007375
0.005278
0.008898
0.005735
0.012439
0.003557
0.004032
0.008631
0.005803
0.003986
0.004009
0.005901
0.004986
0.003014
0.003047
0.003814
0.003679
0.003343
0.004713
0.006561
0.003579
0.006122
0.015959
0.021872
0.010501
0.004963
0.002684
0.003304
0.005091
0.004211
0.002319
0.004467
0.006536
0.009015
0.008318
0.008545
0.005672
0.005698
0.007413
0.008444
0.007080
0.003200
0.006558
0.003370
0.006049
0.022948
0.002585
0.003446
0.004558
0.023848
0.003701
0.011955
0.003770
0.007439
0.002310
0.002234
0.003846
0.004883
0.003199
0.003851
0.002585
0.003158
0.003178
0.004261
0.004748
0.017023
0.005786
0.004903
0.007557
0.004823
0.002322
0.013045
0.002993
0.002611
0.005104
0.002647
0.003487
0.002914
0.001715
0.006276
0.022070
0.003714
0.002108
0.004619
0.001898
0.002050
0.003815
0.002388
0.006647
0.004870
