0.010573
0.011225
0.012925
0.019415
0.014055
0.012687
0.014772
0.014603
0.013110
0.014183
0.011672
0.014509
0.017749
0.015550
0.029449
0.011387
0.006219
0.010717
0.007488
0.020590
0.014789
0.011790
0.009745
0.011742
0.009456
0.006567
0.008152
0.005265
0.004131
0.022662
0.005663
0.004325
0.008973
0.058357
0.006426
0.007216
0.006408
0.007899
0.020783
0.029368
0.034878
0.027156
0.006204
0.007896
0.003758
0.010745
0.005892
0.005649
0.006965
0.015584
0.024392
0.004949
0.008375
0.004866
0.011710
0.024473
0.012074
0.077710
0.025217
0.025146
0.036401
0.008449
0.012820
0.014890
0.060557
0.018250
0.013897
0.022521
0.043379
0.046884
0.005208
0.029379
0.035477
0.008887
0.011529
0.010205
0.058920
0.058815
0.051416
0.077082
0.051961
0.014092
0.009009
0.009796
0.008392
0.008621
0.008219
0.012062
0.009276
0.008347
0.007712
0.011926
0.042912
0.013825
0.027839
0.026844
0.015600
0.010910
0.034773
0.022880
0.045916
0.015068
0.051789
0.058152
0.089889
0.081924
0.035447
0.020910
0.023192
0.021826
0.020841
0.021182
0.019307
0.020534
0.019440
0.022727
0.016656
0.014969
0.011905
0.011498
0.013464
0.018396
0.015049
0.012125
0.015951
0.015586
0.006186
0.006689
0.017848
0.016455
0.013608
0.012209
0.010363
0.004230
0.004463
0.007021
0.007833
0.005262
0.006665
0.006136
0.008191
0.015382
0.005551
0.011641
0.010268
0.004460
0.004334
0.004006
0.091580
0.043781
0.015923
0.019733
0.049581
0.028139
0.013850
0.008805
0.019628
0.014983
0.009817
0.007153
0.007563
0.014605
0.008266
0.002895
0.004158
0.007281
0.009872
0.008804
0.019454
0.005669
0.004542
0.007396
0.004152
0.005615
0.003842
0.003810
0.004390
0.005202
0.005182
0.003392
0.013625
0.004325
0.006090
0.004896
0.035545
0.031562
0.069072
0.007825
0.023399
0.060311
0.066013
0.035694
0.027380
0.029676
0.022209
0.029362
0.026744
0.021852
0.023052
0.020434
0.019363
0.020905
0.022111
0.025000
0.025670
0.028497
0.025257
0.025259
0.024370
0.027409
0.024178
0.026106
0.027646
0.027079
0.032048
0.033252
0.032767
0.038096
0.032625
0.049259
0.038529
0.044626
0.018013
0.031605
0.028488
0.034168
0.028100
0.014846
0.002315
0.021605
0.027641
0.029635
0.013039
0.006494
0.004853
0.013192
0.007376
0.004896
0.002136
0.001850
0.012445
0.001766
0.003315
0.005281
0.001297
0.001415
0.009201
0.008313
0.002069
0.024585
0.028066
0.014629
0.005512
0.005206
0.027761
0.035542
0.029517
0.014634
0.014930
0.027066
0.022635
0.021369
0.031806
0.008828
0.008194
0.008589
0.011128
0.016879
0.043496
0.034164
0.027042
0.028893
0.017530
0.017894
0.139156
0.053690
0.013737
0.014883
0.009147
0.005647
0.013853
0.008585
0.023218
0.038946
0.018010
0.012081
0.008313
0.007157
0.005455
0.013505
0.025542
0.019242
0.008589
0.006582
0.010049
0.012487
0.003836
0.003861
0.003591
0.002520
0.006510
0.012579
0.003739
0.009827
0.019715
0.034021
0.017982
0.012908
0.013605
0.019483
0.004393
0.003367
0.006613
0.006694
0.005415
0.022276
0.003415
0.018167
0.002503
0.004013
0.006599
0.007356
0.005921
0.006820
0.007829
0.014307
0.012031
0.014656
0.022188
0.021119
0.026329
0.034289
0.021380
0.035215
0.030130
0.028408
0.038143
0.045030
0.106409
0.106435
0.088249
0.081881
0.047404
0.050649
0.037127
0.033069
0.044942
0.016383
0.019744
0.023422
0.019715
0.013004
0.024432
0.024761
0.022946
0.023067
0.020538
0.024458
0.019272
0.022027
0.024829
0.053277
0.202134
0.062087
0.043369
0.031280
0.021406
0.027730
0.024369
0.020685
0.028399
0.062721
0.065399
0.043758
0.057840
0.028742
0.029670
0.006133
0.019333
0.014219
0.004161
0.014724
0.029513
0.036597
0.026403
0.004025
0.005834
0.028683
0.079047
0.052216
0.068067
0.032661
0.022245
0.014544
0.025136
0.031232
0.018456
0.029933
0.050620
0.044924
0.020933
0.006772
0.011137
0.006845
0.020005
0.008149
0.023735
0.006577
0.027858
0.018923
0.009593
0.006770
0.006231
0.005199
0.037759
0.034877
0.015074
0.005093
0.009275
0.022141
0.034147
0.006951
0.008533
0.005652
0.011033
0.012190
0.012752
0.006095
0.003897
0.008121
0.014724
0.008113
0.004840
0.016191
0.025879
0.017517
0.008148
0.015802
0.007827
0.007724
0.007339
0.025258
0.034452
0.006778
0.006096
0.021770
0.040281
0.030957
0.037748
0.012361
0.013774
0.011271
0.021206
0.013675
0.007792
0.014905
0.004840
0.004389
0.009710
0.034970
0.015825
0.012256
0.011138
0.016754
0.013614
0.007081
0.009486
0.007349
0.008206
0.008474
0.008709
0.007926
0.007350
0.010382
0.024444
0.008576
0.007176
0.007185
0.005706
0.007989
0.013384
0.030819
0.017705
0.022015
0.003904
0.002620
0.013505
0.010391
0.004772
0.023544
0.035260
0.016124
0.002462
0.004254
0.032445
0.073477
0.020416
0.024782
0.014852
0.006800
0.006621
0.007258
0.003407
0.011350
0.011626
0.008989
0.014768
0.016832
0.019153
0.023550
0.017944
0.019351
0.020655
0.018991
0.016680
0.011642
0.013508
0.016063
0.021596
0.006451
0.005945
0.011471
0.007042
0.012368
0.021457
0.034743
0.038072
0.004344
0.031573
0.026185
0.006220
0.003804
0.003694
0.006913
0.014996
0.011350
0.007949
0.007563
0.004304
0.020635
0.016814
0.003792
0.006284
0.003387
0.024190
0.012277
0.011678
0.015514
0.020866
0.026638
0.028603
0.022030
0.010270
0.012780
0.017845
0.042822
0.013749
0.009920
0.026029
0.012354
0.022196
0.013749
0.009992
0.009920
0.017464
0.010463
0.023590
0.009898
0.010705
0.066320
0.066771
0.058153
0.135505
0.007329
0.034247
0.006382
0.015751
0.029123
0.011006
0.006846
0.070128
0.020827
0.052150
0.058540
0.011544
0.010697
0.008557
0.010571
0.009003
0.009903
0.010135
0.008225
0.007926
0.015243
0.017873
0.044819
0.065024
0.055250
0.033987
0.021842
0.022813
0.021627
0.008681
0.011385
0.022103
0.025144
0.045509
0.023548
0.015570
0.006738
0.007077
0.015222
0.013489
0.016392
0.059802
0.039740
0.043187
0.067113
0.049771
0.010806
0.008735
0.006929
0.007001
0.010447
0.010342
0.005227
0.008809
0.004102
0.024782
0.009406
0.012521
0.007017
0.004913
0.006795
0.005672
0.028225
0.009424
0.011286
0.013425
0.006346
0.004515
0.007732
0.019119
0.003761
0.020863
0.002466
0.002094
0.016230
0.008191
0.003740
0.010327
0.003073
0.007732
0.004233
0.014708
0.010617
0.008750
0.013015
0.031329
0.004375
0.053889
0.010067
0.006551
0.007959
0.008750
0.008767
0.010427
0.014525
0.005945
0.006050
0.029629
0.006359
0.006693
0.012745
0.006085
0.006788
0.004563
0.005617
0.005024
0.004081
0.011052
0.004168
0.007627
0.005262
0.011743
0.014517
0.029693
0.011385
0.081983
0.062218
0.146439
0.095349
0.036941
0.022737
0.012653
0.006714
0.006226
0.023735
0.014416
0.007163
0.033377
0.026149
0.039670
0.012256
0.007221
0.055321
0.004081
0.006717
0.003980
0.035144
0.006455
0.020933
0.043007
0.314305
0.007712
0.028589
0.005772
0.005127
0.013715
0.006729
0.016129
0.044833
0.091615
0.009791
0.041756
0.011635
0.017432
0.023182
0.092048
0.021535
0.016425
0.013585
0.010942
0.012732
0.027227
0.029867
0.012326
0.012348
0.010942
0.034375
0.010692
0.008557
0.016349
0.008161
0.009332
0.009222
0.010279
0.009555
0.011225
0.012477
0.017025
0.012477
0.008891
0.014840
0.014840
0.014840
0.008480
0.009903
0.011472
0.010010
0.007377
0.008807
0.008498
0.007542
0.032132
0.007557
0.007499
0.022374
0.008088
0.007026
0.006778
0.013182
0.025384
0.036511
0.028673
0.035696
0.042030
0.021430
0.007058
0.017659
0.012990
0.004254
0.004345
0.007831
0.004389
0.004469
0.012852
0.005920
0.004907
0.004345
0.006156
0.005961
0.004890
0.007001
0.006907
0.004459
0.007111
0.008378
0.004715
0.035715
0.017186
0.008797
0.030244
0.009330
0.032733
0.026795
0.026094
0.045987
0.044337
0.043171
0.022412
0.013842
0.010743
0.005377
0.004952
0.004810
0.014718
0.011416
0.004424
0.007554
0.005055
0.006219
0.026473
0.006440
0.005733
0.006271
0.005343
0.005724
0.005702
0.006181
0.004810
0.004891
0.005997
0.007390
0.036907
0.132262
0.043699
0.025998
0.030546
0.025248
0.013185
0.024404
0.008813
0.007304
0.008684
0.014950
0.006455
0.018306
0.022200
0.007549
0.009823
0.015760
0.007364
0.012216
0.005466
0.006725
0.005106
0.006725
0.004080
0.004187
0.007580
0.006107
0.024624
0.017891
0.026860
0.026446
0.294413
0.049644
0.025415
0.029452
0.025135
0.021843
0.023054
0.027662
0.027756
0.025282
0.023829
0.020790
0.013945
0.013004
0.014490
0.009352
0.006945
0.011050
0.008988
0.007315
0.008513
0.007436
0.008011
0.014809
0.014956
0.013756
0.021967
0.018055
0.016931
0.035228
0.057736
0.045605
0.023469
0.028338
0.037466
0.061758
0.048599
0.045630
0.034275
0.029912
0.037202
0.025184
0.030688
0.025877
0.021566
0.020819
0.031507
0.028576
0.024164
0.027426
0.033873
0.027984
0.069050
0.060696
0.038289
0.036816
0.039867
0.043016
0.059312
0.041503
0.039562
0.037134
0.037060
0.108213
0.052937
0.078056
0.045843
0.074062
0.044656
0.010966
0.037095
0.022369
0.022548
0.026614
0.005687
0.063237
0.059108
0.047178
0.053278
0.104488
0.125223
0.087950
0.098526
0.071640
0.034437
0.016439
0.065019
0.064332
0.067839
0.062502
0.036223
0.014626
0.013418
0.013418
0.014913
0.016085
0.021280
0.011455
0.013574
0.011367
0.024437
0.017480
0.017041
0.011542
0.028583
0.042571
0.036756
0.034125
0.035553
0.011628
0.023392
0.023235
0.024441
0.028861
0.016872
0.025862
0.041847
0.030612
0.006946
0.011628
0.004280
0.004519
0.005561
0.006700
0.012753
0.025851
0.072778
0.020037
0.009407
0.048369
0.009021
0.017480
0.017968
0.016119
0.015953
0.010567
0.011140
0.007893
0.019907
0.012085
0.005896
0.012988
0.008505
0.007075
0.004802
0.005090
0.004449
0.012218
0.009651
0.006199
0.020500
0.012417
0.009221
0.004263
0.004805
0.005172
0.007268
0.005650
0.011882
0.007519
0.010466
0.023335
0.023854
0.020500
0.008528
0.017379
0.019765
0.018179
0.023808
0.015774
0.006286
0.004968
0.067782
0.094461
0.024721
0.010598
0.006009
0.006009
0.012217
0.011500
0.010406
0.017950
0.028603
0.030088
0.080700
0.078785
0.048459
0.030817
0.029013
0.024695
0.019962
0.029239
0.020713
0.011570
0.012629
0.017172
0.019846
0.008989
0.004874
0.012331
0.006331
0.006795
0.004053
0.005176
0.018801
0.043918
0.012263
0.051509
0.052814
0.068669
0.033098
0.014324
0.012028
0.008384
0.052216
0.030294
0.035861
0.006584
0.005843
0.032693
0.006954
0.106907
0.104051
0.101672
0.043817
0.026988
0.028192
0.030988
0.012694
0.011607
0.009645
0.011062
0.010274
0.010788
0.026902
0.015139
0.014485
0.010465
0.012346
0.012780
0.014538
0.011783
0.030527
0.027622
0.028866
0.023015
0.021383
0.024823
0.031854
0.027654
0.034487
0.028861
0.037495
0.039716
0.071636
0.028674
0.066629
0.081192
0.038491
0.030252
0.010793
0.010793
0.011350
0.024056
0.009411
0.008465
0.007963
0.007564
0.007996
0.007783
0.004892
0.004890
0.005359
0.005431
0.007292
0.014837
0.009282
0.021718
0.007324
0.005668
0.021965
0.021719
0.006544
0.006390
0.006887
0.007018
0.007657
0.007599
0.010515
0.007286
0.007999
0.007634
0.013957
0.008616
0.011425
0.012304
0.028240
0.017115
0.012833
0.010250
0.010061
0.011598
0.021940
0.071202
0.026686
0.016205
0.026686
0.016592
0.021094
0.016386
0.020744
0.014594
0.015746
0.020855
0.015746
0.015746
0.014601
0.014418
0.016816
0.017177
0.017707
0.018030
0.018358
0.023045
0.023045
0.031093
0.022962
0.016109
0.014974
0.017323
0.054866
0.017000
0.029117
0.019115
0.042201
0.036272
0.010119
0.026863
0.006436
0.014881
0.045136
0.011280
0.034117
0.034117
0.034759
0.005060
0.034897
0.004205
0.011946
0.034536
0.013147
0.003642
0.004813
0.004813
0.008294
0.007610
0.002952
0.006180
0.006199
0.003642
0.022293
0.017975
0.014796
0.005278
0.047836
0.008483
0.008483
0.022434
0.004043
0.012709
0.004043
0.006199
0.004159
0.005224
0.004043
0.017975
0.004043
0.012709
0.012709
0.005835
0.022904
0.016908
0.004813
0.004526
0.003811
0.004043
0.011946
0.003811
0.002922
0.002053
0.003846
0.021194
0.002130
0.006436
0.022242
0.021549
0.016030
0.012207
0.008641
0.013235
0.010119
0.013148
0.037718
0.018519
0.017255
0.021723
0.018823
0.024575
0.023380
0.018605
0.018020
0.015548
0.010119
0.009602
0.013873
0.003611
0.025344
0.016246
0.015957
0.008227
0.020651
0.025998
0.025998
0.012418
0.014881
0.007814
0.005590
0.035428
0.004121
0.003544
0.004121
0.016908
0.012433
0.012398
0.013340
0.005828
0.005351
0.006199
0.005278
0.004043
0.003642
0.005224
0.004159
0.021046
0.060217
0.010167
0.013912
0.013388
0.027489
0.043625
0.053732
0.061679
0.061271
0.072202
0.073009
0.065401
0.074102
0.059550
0.052356
0.036000
0.043867
0.035618
0.034167
0.047426
0.035257
0.035618
0.034947
0.035941
0.043141
0.030490
0.021791
0.020792
0.015261
0.011283
0.015752
0.015168
0.023683
0.034723
0.014408
0.014202
0.016203
0.012486
0.010116
0.025947
0.007174
0.007753
0.008039
0.004203
0.004203
0.004432
0.007506
0.005922
0.010116
0.005910
0.004497
0.004432
0.007669
0.006284
0.004383
0.004383
0.004432
0.015408
0.004383
0.005867
0.007753
0.026342
0.004597
0.008099
0.004455
0.007174
0.006950
0.025547
0.006950
0.014783
0.014783
0.019315
0.030282
0.041642
0.075697
0.049614
0.038838
0.053327
0.083455
0.105282
0.091865
0.076870
0.045080
0.091291
0.020581
0.070555
0.058456
0.024668
0.027662
0.024668
0.024668
0.023746
0.020581
0.027662
0.039185
0.021994
0.017196
0.017392
0.023901
0.042034
0.013630
0.055578
0.015456
0.013936
0.006446
0.005132
0.010852
0.003917
0.082206
0.048885
0.012466
0.051946
0.036577
0.001399
0.028453
0.047294
0.012890
0.034641
0.049781
0.074795
0.069900
0.056527
0.086453
0.088330
0.029366
0.003456
0.012046
0.013972
0.008793
0.003456
0.022998
0.059625
0.012649
0.008294
0.011606
0.007273
0.021118
0.006872
0.002687
0.007066
0.003505
0.014598
0.031226
0.006872
0.014602
0.005843
0.082148
0.019619
0.002740
0.001985
0.001574
0.012813
0.004394
0.053489
0.001574
0.001042
0.000699
0.018571
0.000772
0.052785
0.001042
0.001042
0.005086
0.000772
0.001042
0.001758
0.031373
0.005311
0.018571
0.000695
0.011319
0.000913
0.018142
0.002613
0.000695
0.003916
0.025240
0.009039
0.035966
0.022547
0.023901
0.016499
0.019680
0.013630
0.011821
0.035500
0.026447
0.042034
0.026013
0.023746
0.037259
0.046864
0.029470
0.032234
0.051963
0.057796
0.086762
0.045360
0.043401
0.043991
0.045625
0.034105
0.034343
0.042241
0.023337
0.021802
0.021583
0.018665
0.014372
0.014486
0.011782
0.006950
0.012980
0.008549
0.005669
0.006616
0.058204
0.013252
0.014178
0.006328
0.007812
0.021287
0.056173
0.042154
0.090316
0.028960
0.007812
0.005380
0.007487
0.007276
0.006795
0.005482
0.010596
0.010596
0.077176
0.005520
0.007510
0.007932
0.010675
0.008225
0.008216
0.011697
0.008679
0.011782
0.007589
0.008222
0.007646
0.013260
0.010592
0.010947
0.009754
0.011022
0.007646
0.007911
0.007589
0.008225
0.006455
0.006455
0.006495
0.005669
0.008812
0.004342
0.009345
0.006795
0.004375
0.008958
0.005299
0.006011
0.003124
0.005982
0.005097
0.005299
0.003963
0.003196
0.003759
0.006795
0.007528
0.011644
0.011644
0.007812
0.014263
0.020974
0.025619
0.024431
0.026841
0.028010
0.030697
0.032853
0.035396
0.039539
0.043824
0.054295
0.056516
0.054672
0.069040
0.067096
0.056132
0.060883
0.065773
0.037531
0.074448
0.035007
0.022293
0.061240
0.054349
0.038187
0.009744
0.009986
0.008090
0.049694
0.035540
0.022242
0.049367
0.021549
0.047516
0.016191
0.047876
0.022560
0.008538
0.006608
0.015702
0.015156
0.014176
0.008641
0.010690
0.003611
0.006436
0.014881
0.037277
0.040459
0.023292
0.063448
0.025605
0.014654
0.029718
0.016353
0.032272
0.014974
0.018920
0.017297
0.025457
0.022530
0.021344
0.032510
0.044646
0.019372
0.027600
0.037986
0.015049
0.023645
0.015678
0.029608
0.040124
0.153603
0.087131
0.086772
0.011215
0.011170
0.051206
0.006035
0.050974
0.105549
0.008175
0.035675
0.052263
0.104800
0.088367
0.024588
0.034314
0.072448
0.067964
0.020052
0.016843
0.029209
0.020462
0.020351
0.024650
0.055531
0.029282
0.025286
0.009158
0.028607
0.027314
0.007913
0.051120
0.027396
0.012458
0.009225
0.017417
0.011139
0.008815
0.029185
0.033495
0.005547
0.012260
0.007949
0.021163
0.012044
0.007192
0.020878
0.024931
0.074345
0.038931
0.024168
0.017385
0.033826
0.007245
0.011212
0.008692
0.013201
0.020914
0.008692
0.004968
0.005375
0.004810
0.007631
0.039360
0.024931
0.039712
0.016705
0.019632
0.012746
0.007075
0.005054
0.016358
0.009348
0.009503
0.012666
0.017854
0.009092
0.009421
0.010711
0.012521
0.012521
0.043211
0.011638
0.015298
0.015910
0.027036
0.037762
0.019278
0.004620
0.006246
0.015834
0.020160
0.009715
0.009715
0.087346
0.010509
0.012547
0.006187
0.012259
0.003333
0.004972
0.004333
0.004848
0.006952
0.003697
0.006304
0.003379
0.002778
0.007406
0.003980
0.003389
0.020268
0.003026
0.021197
0.005075
0.006952
0.003320
0.008528
0.003431
0.003333
0.003123
0.003400
0.003026
0.003556
0.003311
0.021197
0.004439
0.004532
0.004689
0.006660
0.005925
0.005840
0.015198
0.006805
0.010043
0.007738
0.007983
0.009428
0.012585
0.014006
0.016634
0.012585
0.013782
0.014006
0.015218
0.016634
0.015218
0.016634
0.019119
0.032230
0.058421
0.020513
0.020323
0.021896
0.019663
0.018625
0.018434
0.017165
0.016818
0.027602
0.017741
0.041274
0.027799
0.011238
0.012131
0.011269
0.016126
0.013075
0.008935
0.015378
0.008043
0.008465
0.008024
0.007572
0.012075
0.031030
0.024702
0.011614
0.017758
0.005317
0.008559
0.005606
0.006544
0.020192
0.008277
0.005718
0.008838
0.008616
0.010128
0.011716
0.017375
0.028186
0.010076
0.027629
0.011424
0.109599
0.067661
0.034415
0.010488
0.008207
0.084254
0.008227
0.015598
0.010119
0.008583
0.076438
0.086982
0.157518
0.155603
0.017112
0.007669
0.033694
0.009621
0.015952
0.007015
0.023823
0.044077
0.074015
0.124968
0.025942
0.072779
0.107090
0.192062
0.109838
0.114460
0.126362
0.054289
0.039089
0.062475
0.029366
0.017940
0.012466
0.055221
0.031226
0.006872
0.002242
0.005843
0.034059
0.003388
0.012137
0.012137
0.017940
0.005843
0.006038
0.031992
0.034328
0.058161
0.011659
0.025157
0.070557
0.106939
0.132950
0.120133
0.094866
0.091061
0.119639
0.114104
0.115615
0.113183
0.048154
0.038793
0.038019
0.042335
0.023692
0.017408
0.009355
0.010921
0.009531
0.010237
0.005519
0.002973
0.004726
0.005110
0.005085
0.005286
0.005117
0.005083
0.005453
0.005150
0.005626
0.005709
0.006822
0.006531
0.006507
0.004174
0.005827
0.005624
0.005803
0.012799
0.010495
0.011103
0.013293
0.010509
0.009497
0.018434
0.016537
0.025827
0.021514
0.015306
0.014078
0.016175
0.015570
0.021938
0.032652
0.024615
0.020414
0.018620
0.048744
0.017252
0.009044
0.011683
0.039379
0.009107
0.010292
0.005082
0.007173
0.009246
0.006163
0.006388
0.007774
0.006923
0.008699
0.006368
0.008777
0.005072
0.005047
0.005286
0.006292
0.006774
0.007487
0.005698
0.005053
0.005133
0.006139
0.008357
0.011282
0.026149
0.015080
0.010238
0.019776
0.027320
0.034485
0.027612
0.019950
0.019509
0.015064
0.012899
0.021490
0.024400
0.014880
0.011217
0.011656
0.006796
0.010544
0.012457
0.012447
0.013888
0.023940
0.007755
0.005274
0.006526
0.006043
0.008127
0.007822
0.006327
0.007239
0.006610
0.009039
0.006701
0.008525
0.006610
0.006778
0.007818
0.008800
0.006717
0.006430
0.006723
0.009229
0.012913
0.013538
0.015408
0.012046
0.010628
0.011549
0.014472
0.013553
0.013236
0.014382
0.020116
0.024116
0.027720
0.015503
0.019571
0.015951
0.015805
0.015312
0.016024
0.027586
0.017189
0.014435
0.017352
0.018242
0.014576
0.043007
0.015283
0.016048
0.013909
0.012544
0.012326
0.014340
0.020063
0.012530
0.012670
0.012026
0.010572
0.008713
0.016991
0.005803
0.006128
0.007370
0.007370
0.004286
0.006624
0.008942
0.009446
0.008108
0.009356
0.010018
0.010473
0.011047
0.011047
0.015079
0.005230
0.007256
0.005377
0.004060
0.004187
0.010202
0.009796
0.036388
0.015882
0.015353
0.013037
0.005129
0.005296
0.007949
0.007142
0.006777
0.007222
0.007175
0.005040
0.004745
0.006055
0.007355
0.010357
0.010837
0.008483
0.011222
0.011599
0.010457
0.009869
0.010574
0.011965
0.008088
0.007701
0.019032
0.010263
0.011920
0.015121
0.012958
0.015950
0.012559
0.013267
0.014176
0.028721
0.016728
0.041723
0.032484
0.035206
0.020275
0.022476
0.018935
0.011292
0.008725
0.014527
0.111783
0.221420
0.236502
0.145882
0.153035
0.119136
0.082474
0.138626
0.083120
0.076762
0.040204
0.028313
0.056499
0.027053
0.018151
0.028455
0.035331
0.074649
0.006595
0.026885
0.027225
0.078727
0.078442
0.008068
0.019925
0.019259
0.009007
0.007528
0.009527
0.004862
0.006687
0.008598
0.011163
0.027271
0.000008
0.011282
0.007965
0.026762
0.019696
0.013872
0.007593
0.010042
0.007808
0.034050
0.027005
0.012037
0.020214
0.088880
0.044257
0.053974
0.064030
0.065710
0.042821
0.032804
0.045163
0.020005
0.069762
0.026288
0.026262
0.030541
0.065467
0.049103
0.032857
0.057601
0.027147
0.022752
0.037389
0.026032
0.037755
0.046604
0.051464
0.028785
0.020517
0.008300
0.019641
0.020519
0.027741
0.015543
0.015356
0.006105
0.003371
0.013430
0.049681
0.023101
0.037661
0.017912
0.092067
0.015827
0.022634
0.026762
0.021516
0.005618
0.008235
0.004848
0.010981
0.008273
0.004848
0.010221
0.018786
0.020825
0.008790
0.009780
0.013087
0.008615
0.020038
0.013201
0.029582
0.009606
0.006705
0.006577
0.006569
0.007226
0.006734
0.010123
0.006388
0.006569
0.006737
0.006557
0.001973
0.003096
0.008816
0.006088
0.007226
0.002237
0.006734
0.006000
0.004379
0.006388
0.002525
0.004276
0.000916
0.003371
0.014989
0.007649
0.007055
0.007055
0.007055
0.017151
0.007462
0.004889
0.006588
0.014905
0.004331
0.007184
0.016191
0.016191
0.004738
0.018775
0.008531
0.014425
0.011164
0.013680
0.018617
0.022584
0.022856
0.019503
0.023736
0.036476
0.039853
0.068369
0.027448
0.035692
0.028068
0.023899
0.039853
0.024637
0.033343
0.032818
0.028108
0.024637
0.021070
0.027027
0.027079
0.020904
0.022372
0.027079
0.028307
0.017368
0.110891
0.011840
0.010691
0.017881
0.023793
0.027005
0.014827
0.020509
0.019831
0.017368
0.027005
0.021701
0.021701
0.023789
0.022420
0.017539
0.018953
0.017158
0.013202
0.006914
0.008440
0.043244
0.033164
0.024421
0.008628
0.007970
0.008216
0.014504
0.015211
0.019965
0.008309
0.015472
0.007043
0.008309
0.005162
0.005908
0.005908
0.008440
0.008547
0.025446
0.011424
0.008547
0.007780
0.005842
0.006161
0.006033
0.008634
0.005771
0.014363
0.007808
0.007808
0.006914
0.018010
0.006914
0.008805
0.008890
0.014916
0.007364
0.005025
0.005069
0.004811
0.026646
0.054696
0.000302
0.017690
0.020837
0.025001
0.024576
0.046605
0.031308
0.006553
0.008379
0.004785
0.004141
0.003962
0.003488
0.004424
0.002903
0.019084
0.003097
0.031735
0.016767
0.023316
0.038276
0.011386
0.013982
0.001612
0.005401
0.000115
0.001528
0.000099
0.000302
0.013914
0.002391
0.002265
0.002909
0.026748
0.008020
0.007470
0.020079
0.034879
0.030997
0.001528
0.000266
0.005497
0.001528
0.007725
0.011007
0.007015
0.012576
0.023528
0.020777
0.020688
0.019152
0.010392
0.017618
0.020688
0.026135
0.010373
0.019565
0.025370
0.030093
0.035542
0.012576
0.026107
0.029703
0.020069
0.012576
0.011527
0.017175
0.010373
0.012154
0.016256
0.018880
0.030478
0.033335
0.025322
0.035141
0.077169
0.025928
0.054424
0.003434
0.016094
0.023754
0.007672
0.009072
0.027257
0.022093
0.014597
0.010266
0.007834
0.018008
0.026772
0.043718
0.037178
0.047386
0.029322
0.039812
0.088246
0.020610
0.017037
0.010713
0.041531
0.012367
0.012820
0.012957
0.013997
0.020443
0.018459
0.016083
0.024578
0.020665
0.018992
0.018992
0.020758
0.009551
0.013866
0.001628
0.002813
0.004284
0.005818
0.005632
0.003372
0.036804
0.006320
0.001070
0.009640
0.002818
0.008877
0.014068
0.019826
0.006949
0.010266
0.004599
0.006190
0.013966
0.014708
0.003931
0.005818
0.006898
0.002105
0.000380
0.026960
0.006912
0.004484
0.004709
0.006946
0.005539
0.009683
0.003818
0.006340
0.006299
0.012743
0.004606
0.005942
0.007987
0.003820
0.006344
0.008753
0.006911
0.005065
0.010510
0.007360
0.009027
0.009996
0.018936
0.016157
0.009155
0.011074
0.006353
0.007275
0.007993
0.009242
0.008753
0.008566
0.009393
0.011392
0.013342
0.015064
0.027257
0.012334
0.056209
0.046257
0.016995
0.016784
0.013811
0.044640
0.035267
0.090517
0.088839
0.094494
0.059419
0.014459
0.053216
0.059251
0.046489
0.067263
0.050241
0.024588
0.025594
0.019452
0.062145
0.043400
0.037427
0.063235
0.031045
0.037093
0.010236
0.045573
0.041045
0.014293
0.020209
0.010942
0.019263
0.010334
0.010051
0.030006
0.011975
0.011465
0.016640
0.013425
0.009839
0.008060
0.012477
0.054511
0.056403
0.055649
0.009459
0.030996
0.008260
0.008226
0.012011
0.006067
0.020186
0.010464
0.068293
0.039338
0.031645
0.057582
0.066489
0.017997
0.033473
0.014144
0.034082
0.228794
0.310964
0.019532
0.018334
0.106488
0.089781
0.019322
0.011445
0.007987
0.075316
0.106493
0.021337
0.068703
0.054773
0.121098
0.022266
0.182347
0.027995
0.035070
0.015049
0.044135
0.029751
0.013493
0.005003
0.009636
0.010778
0.024174
0.043180
0.032456
0.052075
0.044617
0.033382
0.037623
0.023967
0.013711
0.012083
0.015690
0.013254
0.011529
0.010704
0.006871
0.005545
0.004286
0.004814
0.005276
0.005281
0.005276
0.004651
0.009995
0.006898
0.009695
0.007528
0.008825
0.008679
0.011233
0.012310
0.019341
0.063416
0.019518
0.070165
0.063611
0.050882
0.058367
0.035149
0.015842
0.021125
0.022235
0.020028
0.028619
0.023325
0.018365
0.014795
0.016332
0.007549
0.007028
0.015628
0.005758
0.006037
0.012558
0.013265
0.008869
0.007037
0.012694
0.012735
0.008273
0.005194
0.013781
0.023260
0.006870
0.009064
0.013866
0.024663
0.021423
0.019818
0.006314
0.012633
0.015673
0.013178
0.012846
0.010173
0.013775
0.009902
0.009758
0.006441
0.014583
0.010524
0.011178
0.012475
0.009747
0.013624
0.022585
0.018534
0.044243
0.005508
0.003358
0.011071
0.002421
0.009735
0.017976
0.018970
0.023227
0.015579
0.011866
0.063439
0.018083
0.003620
0.017984
0.013724
0.006822
0.016678
0.080348
0.021754
0.008390
0.044243
0.019379
0.011683
0.012802
0.053209
0.015638
0.018856
0.010132
0.005647
0.020051
0.002990
0.020755
0.018365
0.015022
0.006399
0.014599
0.019906
0.011397
0.009054
0.023519
0.021734
0.018500
0.017418
0.020220
0.016528
0.002726
0.016185
0.003300
0.003259
0.018299
0.034686
0.047175
0.040710
0.059741
0.025572
0.009250
0.125227
0.007846
0.006537
0.009355
0.019625
0.011459
0.017976
0.018351
0.009928
0.020857
0.007518
0.008724
0.015091
0.021449
0.024172
0.009924
0.009869
0.011720
0.006948
0.010504
0.170849
0.368247
0.502837
0.058421
0.027999
0.050261
0.111597
0.273124
0.267979
0.021538
0.021817
0.107144
0.184806
0.007932
0.077690
0.010073
0.014054
0.004554
0.108749
0.048909
0.177212
0.152504
0.039944
0.249278
0.744088
0.551134
0.069904
0.227259
0.058349
0.044999
0.021759
0.009358
0.191541
0.162210
0.009620
0.009906
0.102222
0.044258
0.074222
0.010515
0.030635
0.017975
0.664353
0.580890
0.129169
0.487892
0.012418
0.006795
0.110371
0.028673
0.020266
0.025687
0.164609
0.034932
0.049936
0.124856
0.054672
0.025262
0.087699
0.147761
0.091863
0.015581
0.015075
0.018453
0.083298
0.084907
0.098255
0.172147
0.018411
0.003062
0.010675
0.026516
0.034282
0.020998
0.388205
0.028780
0.172316
0.076234
0.204084
0.025717
0.041794
0.185786
0.140289
0.130833
0.439149
0.476542
0.388604
0.111423
0.035913
0.002696
0.050911
0.080635
0.168452
0.008061
0.010558
0.139534
0.100683
0.333764
0.211497
0.165608
0.021378
0.180664
0.069179
0.093978
0.055291
0.029015
0.106916
0.120322
0.516585
0.029650
0.025572
0.025923
0.059872
0.049914
0.153609
0.005279
0.006842
0.005823
0.112078
0.171767
0.012144
0.162014
0.223741
0.183026
0.126797
0.055529
0.059508
0.082404
0.179878
0.124692
0.055904
0.006507
0.022456
0.008820
0.021966
0.012232
0.011168
0.016806
0.026402
0.073303
0.072181
0.067722
0.066157
0.041297
0.014938
0.139151
0.020912
0.025233
0.071140
0.007769
0.105288
0.041106
0.093317
0.019646
0.049817
0.011663
0.017353
0.033628
0.010598
0.026917
0.126302
0.038594
0.019890
0.027672
0.003381
0.011169
0.007120
0.006606
0.029664
0.027301
0.095383
0.105090
0.189797
0.090026
0.054037
0.016776
0.001549
0.002787
0.022341
0.021804
0.057205
0.013164
0.028196
0.068440
0.041280
0.080998
0.069090
0.054420
0.086775
0.075040
0.063840
0.120848
0.052762
0.028086
0.102455
1.000000
0.023164
0.022005
0.024071
0.198311
0.186647
0.025424
0.048320
0.224488
0.233378
0.107114
0.244097
0.187334
0.029805
0.023219
0.093191
0.039622
0.020708
0.034018
0.032217
0.037751
0.015921
0.033578
0.115009
0.019901
0.012531
0.070045
0.035416
0.093953
0.017139
0.009393
0.013083
0.108531
0.174520
0.161645
0.149303
0.096302
0.028249
0.058123
0.024703
0.029135
0.034650
0.030226
0.038370
0.033325
0.039270
0.026119
0.027941
0.029433
0.049117
0.041243
0.023560
0.021486
0.022928
0.029582
0.021735
0.016359
0.031594
0.033328
0.033864
0.025354
0.026501
0.024764
0.091977
0.036527
0.039050
0.030283
0.049045
0.020363
0.025798
0.046950
0.028371
0.029607
0.029331
0.040445
0.025674
0.025593
0.018127
0.026815
0.023645
0.024891
0.035649
0.022570
0.005693
0.010603
0.060553
0.068223
0.037250
0.015472
0.033106
0.023168
0.049395
0.066010
0.039530
0.050188
0.035970
0.043136
0.021393
0.015709
0.045091
0.038494
0.025470
0.027533
0.040141
0.049111
0.029170
0.039927
0.005826
0.014134
0.028240
0.015051
0.023054
0.045275
0.020957
0.030063
0.058202
0.058716
0.109424
0.273853
0.056151
0.013545
0.062749
0.433012
0.155592
0.004612
0.239236
0.268910
0.168943
0.128985
0.089080
0.015185
0.062548
0.087578
0.177918
0.004350
0.134610
0.024036
0.135313
0.129855
0.025210
0.045513
0.061891
0.021936
0.080731
0.020770
0.012044
0.135466
0.007711
0.017218
0.010993
0.206225
0.202528
0.119705
0.057653
0.075720
0.042628
0.160574
0.071003
0.251703
0.025236
0.011068
0.016819
0.026057
0.165591
0.146558
0.120248
0.038792
0.061448
0.074355
0.065865
0.074342
0.179314
0.119941
0.079417
0.098921
0.058441
0.034928
0.173824
0.099483
0.084999
0.066774
0.102771
0.065237
0.076741
0.109437
0.081754
0.069118
0.121258
0.111288
0.153289
0.087629
0.113818
0.498962
0.125944
0.087975
0.083932
0.118163
0.078551
0.063320
0.070092
0.075926
0.102137
0.104808
0.098291
0.131386
0.108835
0.110315
0.113690
0.097311
0.013034
0.067677
0.069826
0.043233
0.020727
0.075716
0.114746
0.030133
0.065333
0.057919
0.065227
0.078881
0.081377
0.053474
0.072166
0.033241
0.013817
0.016260
0.042393
0.032984
0.049078
0.053354
0.050413
0.071984
0.042776
0.054393
0.059524
0.043810
0.055383
0.058233
0.038990
0.047003
0.029098
0.040908
0.019933
0.025593
0.028863
0.026467
0.050485
0.025704
0.028075
0.025137
0.031827
0.036651
0.044695
0.143388
0.030509
0.027014
0.159956
0.046719
0.035426
0.048540
0.028727
0.097022
0.019389
0.010387
0.023717
0.017686
0.065240
0.132789
0.086993
0.048809
0.066058
0.023482
0.056703
0.028152
0.027338
0.022591
0.014614
0.016417
0.031591
0.032246
0.041829
0.016085
0.028366
0.070712
0.016192
0.032997
0.016770
0.045224
0.020073
0.016602
0.016168
0.027723
0.053146
0.065924
0.014575
0.020518
0.044224
0.014588
0.032912
0.050364
0.011587
0.019451
0.014149
0.013562
0.016775
0.016142
0.028495
0.020154
0.014902
0.010879
0.035265
0.013770
0.064352
0.039034
0.013661
0.018906
0.028921
0.032871
0.040305
0.019609
0.019708
0.051615
0.041617
0.083251
0.019751
0.014336
0.018538
0.022980
0.030401
0.036347
0.018558
0.023923
0.028137
0.037547
0.035212
0.037691
0.020231
0.022072
0.016543
0.022686
0.017754
0.016773
0.013493
0.020929
0.021839
0.013045
0.013987
0.015189
0.015010
0.019723
0.015226
0.015874
0.018362
0.020092
0.023795
0.020004
0.025469
0.019502
0.026645
0.042564
0.018218
0.032460
0.024758
0.068502
0.013385
0.063167
0.018056
0.032865
0.026830
0.023098
0.054001
0.035044
0.247839
0.048570
0.039865
0.032924
0.035258
0.058093
0.041658
0.045638
0.040278
0.100224
0.083044
0.027966
0.028531
0.025522
0.025121
0.050886
0.021180
0.021002
0.024742
0.022340
0.023812
0.078555
0.068163
0.087974
0.118334
0.057110
0.033994
0.035325
0.106990
0.069745
0.021992
0.109691
0.064924
0.124194
0.078665
0.070249
0.073283
0.055931
0.056423
0.112488
0.144915
0.217532
0.090554
0.066884
0.100600
0.069630
0.033654
0.017481
0.077385
0.040877
0.058142
0.086947
0.074012
0.059944
0.080615
0.065248
0.197690
0.097853
0.032461
0.019170
0.052278
0.019061
0.048717
0.029204
0.022430
0.038321
0.109469
0.067682
0.078745
0.147760
0.088619
0.159953
0.063007
0.087671
0.012762
0.011830
0.015958
0.009577
0.009592
0.009505
0.010323
0.019716
0.010264
0.010240
0.009667
0.010886
0.009808
0.025807
0.009534
0.009378
0.011793
0.009741
0.010070
0.010470
0.009929
0.009847
0.009338
0.009625
0.009247
0.009436
0.009339
0.008884
0.009274
0.009271
0.009237
0.009237
0.010744
0.009275
0.009803
0.009104
0.009067
0.009009
0.008893
0.009264
0.009359
0.009488
0.009821
0.009507
0.009368
0.009304
0.009377
0.009357
0.011265
0.009335
0.009546
0.009462
0.009714
0.009478
0.103260
0.085076
0.073914
0.065927
0.071215
0.061749
0.056924
0.041103
0.042546
0.039731
0.036995
0.033488
0.035304
0.028592
0.025492
0.021507
0.021719
0.032100
0.019596
0.019410
0.019179
0.018417
0.017912
0.018950
0.018250
0.016629
0.013003
0.015243
0.013232
0.014003
0.014196
0.038152
0.035486
0.028285
0.025399
0.028275
0.029222
0.031970
0.033002
0.035804
0.025598
0.009914
0.008682
0.007376
0.016933
0.006696
0.006364
0.006714
0.006510
0.006510
0.006318
0.006408
0.005723
0.005823
0.007535
0.012261
0.007682
0.005878
0.005684
0.005241
0.015551
0.005782
0.003844
0.003075
0.003375
0.003712
0.004312
0.004190
0.006649
0.011525
0.004756
0.010414
0.006938
0.005224
0.005480
0.005973
0.005360
0.008870
0.005608
0.004275
0.003593
0.003342
0.026853
0.008336
0.005215
0.036531
0.010122
0.009476
0.009260
0.016852
0.010199
0.009832
0.011290
0.012095
0.012022
0.014580
0.013678
0.015829
0.018904
0.016427
0.017512
0.013362
0.023684
0.054788
0.039215
0.122490
0.235219
0.034252
0.020669
0.035209
0.025117
0.034194
0.015334
0.020036
0.067380
0.032455
0.038472
0.143125
0.124304
0.098312
0.021914
0.015762
0.013164
0.018160
0.015971
0.019820
0.032885
0.037791
0.032948
0.034176
0.039549
0.044445
0.019056
0.011251
0.016802
0.014855
0.016401
0.006620
0.009085
0.014221
0.062837
0.048410
0.013011
0.017271
0.011841
0.014292
0.005036
0.005583
0.004355
0.012071
0.005923
0.008519
0.012419
0.013086
0.016475
0.017779
0.016582
0.015809
0.023488
0.016598
0.014331
0.017040
0.015214
0.015586
0.019951
0.027807
0.019969
0.020106
0.022243
0.023346
0.032253
0.036884
0.038925
0.041723
0.040334
0.043396
0.043365
0.042093
0.052503
0.052654
0.053903
0.055355
0.054112
0.053443
0.050923
0.055289
0.056505
0.054424
0.044115
0.040202
0.051475
0.044880
0.053689
0.043633
0.038411
0.039797
0.040278
0.041551
0.046616
0.048563
0.043607
0.043931
0.035335
0.038583
0.044579
0.032359
0.026814
0.023507
0.022983
0.020950
0.023023
0.019857
0.021370
0.023350
0.024174
0.025928
0.028250
0.029135
0.026547
0.022108
0.012960
0.013776
0.011773
0.012192
0.012836
0.011745
0.011728
0.009869
0.004834
0.003126
0.003861
0.003263
0.002417
0.002997
0.002258
0.003244
0.003448
0.003097
0.020330
0.022744
0.014865
0.012645
0.011133
0.011395
0.011071
0.006259
0.006536
0.004050
0.004011
0.005420
0.003777
0.003033
0.027054
0.010086
0.002062
0.009531
0.069178
0.006809
0.005252
0.005588
0.007311
0.007726
0.007204
0.007496
0.005866
0.005988
0.006627
0.005873
0.005988
0.006844
0.007863
0.006719
0.006740
0.007167
0.006875
0.007110
0.006752
0.007167
0.007832
0.011887
0.010975
0.011738
0.010346
0.013225
0.015027
0.013946
0.017411
0.018796
0.022762
0.025298
0.027885
0.030497
0.033563
0.036138
0.041365
0.049006
0.059078
0.075907
0.082832
0.083487
0.086099
0.087973
0.088221
0.084061
0.083089
0.082376
0.080037
0.080484
0.086001
0.097916
0.094812
0.084503
0.080481
0.051852
0.050495
0.058493
0.071236
0.073180
0.066234
0.060905
0.048699
0.044219
0.036478
0.032463
0.028432
0.023762
0.023658
0.023876
0.027104
0.031537
0.036009
0.035795
0.106506
0.093404
0.109073
0.115232
0.117514
0.112663
0.089934
0.088047
0.089428
0.069778
0.034903
0.027727
0.027428
0.024338
0.017873
0.011134
0.017368
0.017720
0.016576
0.009671
0.007029
0.011294
0.012183
0.013201
0.013521
0.018571
0.022268
0.018519
0.019926
0.011970
0.021701
0.013845
0.015835
0.005100
0.005510
0.010359
0.004838
0.007964
0.006827
0.006533
0.012696
0.011415
0.022192
0.024634
0.023997
0.027275
0.031962
0.026720
0.028980
0.045676
0.040076
0.049147
0.021619
0.072573
0.192066
0.267360
0.157718
0.051205
0.007329
0.010340
0.040437
0.038943
0.022631
0.030528
0.017596
0.076038
0.041787
0.013415
0.006738
0.021026
0.108138
0.155381
0.182471
0.075710
0.014549
0.015335
0.149767
0.018493
0.110646
0.004733
0.027755
0.022452
0.029971
0.056200
0.035416
0.006597
0.012086
0.039564
0.048209
0.150345
0.142552
0.153495
0.102978
0.148999
0.180734
0.066170
0.130119
0.138822
0.133859
0.085776
0.087038
0.093401
0.096452
0.095029
0.089583
0.165966
0.156970
0.216001
0.121789
0.142812
0.011264
0.007757
0.018794
0.027704
0.025267
0.015313
0.017633
0.018432
0.020396
0.019104
0.017870
0.018092
0.022073
0.019454
0.016820
0.018233
0.016783
0.011301
0.013285
0.014611
0.011172
0.010355
0.010768
0.012175
0.014502
0.016999
0.012693
0.018085
0.020445
0.026936
0.093699
0.072476
0.066125
0.095549
0.068698
0.065523
0.045753
0.027555
0.041514
0.023548
0.072476
0.049150
0.056154
0.064245
0.018711
0.011174
0.056444
0.018623
0.034258
0.049717
0.016112
0.013999
0.025562
0.018307
0.023792
0.011977
0.036869
0.006896
0.007375
0.018994
0.006277
0.007432
0.005068
0.041447
0.024534
0.013777
0.018673
0.041836
0.017125
0.044144
0.016428
0.007544
0.039943
0.041438
0.009221
0.007722
0.015419
0.007285
0.012318
0.006925
0.007192
0.006746
0.006323
0.005349
0.005432
0.004891
0.012766
0.014619
0.006729
0.006828
0.006108
0.007299
0.007427
0.008507
0.007240
0.009845
0.056527
0.008314
0.029969
0.052003
0.034813
0.033942
0.013200
0.025151
0.046683
0.033942
0.098098
0.011794
0.017847
0.050862
0.050507
0.045618
0.040390
0.018141
0.007150
0.037162
0.011200
0.003992
0.006431
0.003920
0.016236
0.004326
0.003210
0.007755
0.006418
0.013264
0.011320
0.013041
0.010069
0.006431
0.005890
0.003837
0.006431
0.007755
0.010162
0.005665
0.003992
0.027004
0.004646
0.016666
0.006102
0.024217
0.019253
0.012203
0.013411
0.005897
0.007768
0.005897
0.028828
0.017257
0.005262
0.001792
0.004089
0.002890
0.028290
0.015552
0.004480
0.002163
0.041131
0.001875
0.003920
0.006630
0.010007
0.015727
0.018307
0.007675
0.034258
0.016601
0.011147
0.010669
0.015498
0.016734
0.017009
0.016311
0.011657
0.013073
0.011909
0.039053
0.003119
0.004924
0.013761
0.011465
0.013260
0.012542
0.014081
0.023220
0.008358
0.012984
0.018307
0.019840
0.029714
0.016155
0.012437
0.012930
0.028540
0.004924
0.011465
0.019322
0.011977
0.032402
0.025493
0.009717
0.004089
0.001792
0.031616
0.026071
0.032694
0.003920
0.030020
0.023201
0.035855
0.033900
0.012635
0.007965
0.008744
0.007512
0.012318
0.034428
0.007497
0.006729
0.006635
0.014759
0.011422
0.013276
0.008010
0.004844
0.007002
0.022401
0.005714
0.013276
0.023237
0.032462
0.010609
0.014228
0.033485
0.014041
0.013009
0.023989
0.011303
0.015647
0.011610
0.014167
0.006704
0.006348
0.006454
0.010172
0.026759
0.038313
0.047496
0.025374
0.015283
0.009194
0.008296
0.018387
0.005158
0.024087
0.008852
0.013664
0.032256
0.013701
0.019479
0.023744
0.013424
0.015132
0.015194
0.010143
0.030420
0.021571
0.026228
0.049476
0.031034
0.032120
0.030638
0.036082
0.041632
0.044417
0.025640
0.024697
0.023936
0.036719
0.025734
0.034193
0.040351
0.025470
0.033574
0.036137
0.024529
0.047333
0.068131
0.069925
0.047876
0.055007
0.016779
0.008239
0.048956
0.012584
0.004539
0.009537
0.008921
0.008353
0.008690
0.015879
0.017251
0.007523
0.017951
0.022455
0.038956
0.017360
0.018669
0.011532
0.010716
0.002889
0.004669
0.010674
0.006401
0.001885
0.006206
0.000853
0.002102
0.006618
0.005710
0.004879
0.011035
0.008706
0.009372
0.016723
0.018920
0.021389
0.018516
0.017400
0.020557
0.017698
0.017576
0.021104
0.025881
0.018817
0.025377
0.025958
0.011184
0.010805
0.011663
0.011138
0.005132
0.024513
0.029488
0.014619
0.004078
0.009649
0.014238
0.009350
0.021268
0.033455
0.030037
0.035762
0.042897
0.028990
0.021162
0.020073
0.017297
0.032320
0.033269
0.069738
0.018164
0.024129
0.019679
0.080901
0.018652
0.018482
0.033709
0.066921
0.026593
0.021661
0.009514
0.008362
0.034704
0.008862
0.041926
0.001921
0.004413
0.010504
0.053433
0.007967
0.014239
0.021910
0.002820
0.001585
0.013610
0.013628
0.015048
0.007706
0.007090
0.017225
0.008862
0.004179
0.008725
0.015830
0.043237
0.013448
0.005728
0.003961
0.002181
0.003663
0.002075
0.018068
0.031438
0.102263
0.024983
0.010235
0.012368
0.009852
0.012307
0.051411
0.025818
0.011698
0.012377
0.022568
0.031138
0.032924
0.030227
0.023597
0.017314
0.061409
0.013787
0.026950
0.002912
0.013753
0.003515
0.033200
0.035282
0.034129
0.021282
0.026317
0.068573
0.007149
0.005299
0.004234
0.028354
0.005630
0.013726
0.009481
0.006272
0.007363
0.007437
0.027249
0.004363
0.007184
0.011365
0.018762
0.010046
0.012853
0.004975
0.003286
0.006903
0.002305
0.007678
0.046550
0.012230
0.007719
0.009201
0.011754
0.051160
0.058195
0.031553
0.033059
0.031943
0.028366
0.011132
0.038778
0.033984
0.025252
0.014098
0.009907
0.012515
0.007430
0.003889
0.005228
0.005798
0.002889
0.005093
0.003736
0.016542
0.029742
0.003961
0.003948
0.061040
0.007582
0.007799
0.010626
0.001421
0.016501
0.003124
0.006786
0.006938
0.003840
0.011938
0.015890
0.003901
0.005023
0.011187
0.023068
0.012379
0.030004
0.017168
0.017645
0.019200
0.028990
0.047167
0.019835
0.026652
0.033485
0.023831
0.033144
0.026494
0.019149
0.007821
0.006896
0.009523
0.004884
0.025958
0.020619
0.028382
0.007084
0.032341
0.008010
0.020933
0.013700
0.009162
0.035489
0.010964
0.060165
0.044694
0.025454
0.019322
0.043819
0.015335
0.045055
0.037153
0.011710
0.026057
0.008596
0.003119
0.016672
0.011909
0.030669
0.001897
0.011590
0.068998
0.028058
0.015600
0.057085
0.067710
0.059938
0.070165
0.015493
0.001792
0.041901
0.013371
0.002890
0.032482
0.038432
0.011278
0.037312
0.066142
0.051285
0.045397
0.006555
0.006301
0.129085
0.095462
0.007737
0.011016
0.026042
0.022065
0.010194
0.025688
0.018953
0.010627
0.011362
0.021469
0.034138
0.009978
0.011779
0.019418
0.035226
0.021882
0.020250
0.009357
0.023464
0.020837
0.015884
0.016551
0.020108
0.019960
0.012982
0.013577
0.010336
0.010982
0.010371
0.008338
0.012377
0.007216
0.007243
0.031358
0.010406
0.010476
0.010344
0.010865
0.012850
0.010588
0.010489
0.012605
0.010623
0.012034
0.011824
0.011376
0.010259
0.011672
0.010062
0.010439
0.024299
0.010293
0.017147
0.021281
0.020722
0.015620
0.020582
0.010415
0.020414
0.015620
0.017056
0.010769
0.010794
0.010526
0.010503
0.010292
0.010633
0.014255
0.014760
0.010394
0.018725
0.036306
0.021857
0.025571
0.020555
0.010843
0.012741
0.016342
0.020928
0.011698
0.005504
0.016421
0.018323
0.019539
0.021652
0.019130
0.020199
0.021352
0.021741
0.019642
0.021009
0.015860
0.004817
0.025976
0.021038
0.010594
0.036336
0.015818
0.010556
0.031310
0.036608
0.014502
0.020149
0.015338
0.009644
0.012706
0.020960
0.009200
0.008397
0.010239
0.006804
0.008026
0.027008
0.007185
0.004933
0.007425
0.113295
0.138900
0.102789
0.015218
0.021265
0.016364
0.017586
0.012194
0.016702
0.021358
0.016271
0.016988
0.020885
0.017068
0.015990
0.015860
0.014098
0.016967
0.170802
0.024095
0.022597
0.020861
0.023775
0.023928
0.024044
0.023606
0.022338
0.054767
0.023967
0.021931
0.020173
0.023561
0.021367
0.023338
0.026377
0.034457
0.070689
0.131781
0.087052
0.077235
0.058640
0.184535
0.251412
0.086844
0.019607
0.009461
0.124027
0.037107
0.116357
0.021958
0.087980
0.051741
0.111256
0.408306
0.048575
0.117830
0.134936
0.117935
0.021113
0.032749
0.106193
0.106523
0.027927
0.032131
0.064371
0.018541
0.021490
0.015174
0.002697
0.014509
0.058554
0.139400
0.060104
0.068886
0.045270
0.050266
0.011673
0.028513
0.078580
0.048887
0.025926
0.070478
0.010069
0.027016
0.033176
0.012877
0.012113
0.012948
0.066377
0.030556
0.012113
0.037558
0.087234
0.044420
0.013960
0.019377
0.113103
0.070300
0.018129
0.022051
0.010764
0.022604
0.120981
0.198162
0.077011
0.009633
0.013330
0.009138
0.032499
0.016117
0.048157
0.040493
0.042370
0.054197
0.201566
0.152025
0.079771
0.046938
0.048422
0.059078
0.076984
0.038912
0.054988
0.031596
0.032560
0.297348
0.331024
0.320628
0.288537
0.001753
0.125473
0.012514
0.041205
0.070718
0.114370
0.113039
0.088860
0.093928
0.066780
0.005837
0.063746
0.093367
0.079813
0.048373
0.063229
0.048501
0.106985
0.091492
0.058755
0.037636
0.038149
0.024732
0.006080
0.006879
0.005070
0.007980
0.007164
0.009146
0.067912
0.009613
0.006517
0.030314
0.087554
0.059648
0.020788
0.004671
0.051725
0.004527
0.032519
0.016805
0.016950
0.011751
0.030915
0.053207
0.052168
0.041205
0.042180
0.056559
0.013206
0.015022
0.010094
0.059648
0.004671
0.000315
0.090960
0.009524
0.017547
0.013093
0.023860
0.025659
0.038359
0.031516
0.019533
0.020930
0.014460
0.042374
0.025499
0.020259
0.049549
0.055065
0.031666
0.055242
0.042962
0.044316
0.025285
0.017576
0.036870
0.056424
0.054528
0.056523
0.020755
0.017603
0.015197
0.017788
0.070411
0.077980
0.055525
0.034056
0.029710
0.063366
0.017181
0.012860
0.022471
0.010960
0.016439
0.073263
0.021469
0.021929
0.013675
0.010616
0.015534
0.012780
0.019989
0.028035
0.050488
0.059873
0.019989
0.021529
0.013364
0.012918
0.012662
0.032356
0.012110
0.011045
0.024379
0.013934
0.012697
0.011213
0.032281
0.027031
0.046064
0.017292
0.037776
0.011819
0.013753
0.034886
0.024333
0.032460
0.034607
0.015930
0.052705
0.032707
0.025679
0.028158
0.058008
0.040245
0.028897
0.017639
0.016350
0.017521
0.038193
0.077984
0.111474
0.009635
0.005340
0.046979
0.015811
0.017985
0.014164
0.001151
0.005860
0.013748
0.008180
0.089949
0.001820
0.029780
0.041500
0.003149
0.003149
0.002430
0.001347
0.020465
0.005536
0.002812
0.004771
0.004771
0.002812
0.025971
0.001151
0.012906
0.000415
0.004376
0.004508
0.009953
0.005792
0.011628
0.014859
0.024636
0.025737
0.037724
0.006376
0.005792
0.002837
0.003144
0.032484
0.012906
0.007964
0.002095
0.011628
0.014302
0.016208
0.002314
0.001621
0.039257
0.018816
0.021457
0.064329
0.046780
0.014016
0.009342
0.002837
0.005792
0.017166
0.013748
0.004459
0.015786
0.026846
0.039949
0.017808
0.030289
0.045820
0.080627
0.054200
0.054345
0.040681
0.047218
0.036695
0.027147
0.030432
0.038000
0.061894
0.038497
0.027991
0.027934
0.038923
0.021448
0.023324
0.038001
0.024401
0.038965
0.023307
0.018876
0.014472
0.014149
0.013255
0.010625
0.014218
0.024401
0.016223
0.034814
0.056436
0.015087
0.007843
0.016790
0.018357
0.012154
0.023937
0.020359
0.016369
0.014124
0.039795
0.016181
0.026530
0.008135
0.005791
0.011784
0.025226
0.005453
0.006311
0.010281
0.006960
0.005531
0.006580
0.007503
0.009304
0.022917
0.008020
0.009429
0.010809
0.012578
0.012257
0.019117
0.029204
0.029204
0.035168
0.024841
0.027648
0.029576
0.065590
0.038803
0.057792
0.060104
0.058675
0.092000
0.057792
0.067893
0.055670
0.192545
0.080912
0.066963
0.066533
0.063911
0.060288
0.117592
0.207403
0.142110
0.229524
0.061981
0.060797
0.024412
0.113982
0.014869
0.062656
0.046702
0.114074
0.108910
0.044388
0.035881
0.068336
0.108392
0.114520
0.164649
0.232819
0.054672
0.037633
0.091013
0.033003
0.023976
0.035514
0.034300
0.041978
0.049107
0.038658
0.048029
0.037633
0.058057
0.050400
0.061412
0.054672
0.083768
0.086315
0.012757
0.069876
0.020596
0.116802
0.018639
0.017616
0.017514
0.014824
0.017138
0.022231
0.019168
0.017584
0.025733
0.035691
0.034636
0.015590
0.018059
0.009405
0.015356
0.030721
0.044630
0.025283
0.018338
0.023163
0.029273
0.019622
0.025268
0.044515
0.013289
0.013289
0.023619
0.030565
0.015807
0.018496
0.026984
0.020572
0.018399
0.014703
0.014567
0.076134
0.057509
0.016748
0.027814
0.090376
0.047583
0.040434
0.037523
0.038750
0.055865
0.030482
0.043049
0.043471
0.052674
0.026478
0.038525
0.026148
0.032894
0.030282
0.031779
0.031294
0.037332
0.005525
0.025399
0.032802
0.038869
0.007593
0.037121
0.036399
0.030851
0.027241
0.028470
0.024757
0.026523
0.022781
0.023460
0.032535
0.038259
0.026198
0.035281
0.039254
0.037956
0.035574
0.024461
0.022771
0.029304
0.025690
0.038525
0.039909
0.030179
0.027686
0.038201
0.030207
0.033906
0.035458
0.029397
0.025892
0.031936
0.035403
0.039219
0.034351
0.040063
0.039130
0.027266
0.054356
0.068459
0.070505
0.048162
0.033386
0.038471
0.099891
0.038471
0.073386
0.029518
0.004466
0.053995
0.028557
0.007260
0.044172
0.010701
0.031058
0.010730
0.027266
0.004339
0.029105
0.028693
0.032278
0.033515
0.027790
0.005837
0.042260
0.022476
0.024756
0.006359
0.006128
0.020879
0.005837
0.036831
0.005837
0.005837
0.004275
0.013284
0.026280
0.005688
0.010875
0.032624
0.036831
0.015348
0.017309
0.007982
0.023920
0.005147
0.012891
0.070705
0.005339
0.005339
0.004466
0.005147
0.009688
0.014275
0.008603
0.014549
0.046249
0.008685
0.005003
0.029199
0.008817
0.053698
0.031248
0.025420
0.019510
0.024604
0.021529
0.053090
0.032624
0.037353
0.027777
0.022599
0.026367
0.052706
0.005688
0.018832
0.011873
0.012853
0.028421
0.012745
0.013129
0.013054
0.021446
0.017063
0.010913
0.033655
0.017464
0.008290
0.014432
0.006289
0.005837
0.020879
0.028469
0.002866
0.038251
0.006496
0.017786
0.009710
0.016921
0.049258
0.017786
0.027411
0.011189
0.011323
0.012313
0.011111
0.023908
0.011111
0.021446
0.011189
0.016952
0.112879
0.091309
0.005032
0.013667
0.044607
0.038451
0.008047
0.023920
0.010462
0.007594
0.010462
0.011037
0.010913
0.006909
0.005971
0.031706
0.003911
0.025343
0.004483
0.033890
0.004247
0.003911
0.004466
0.015005
0.008180
0.031706
0.004483
0.006908
0.005876
0.009264
0.018505
0.017611
0.069027
0.009504
0.018888
0.046646
0.012099
0.011534
0.015971
0.014958
0.061867
0.017709
0.012578
0.009857
0.034725
0.007819
0.017349
0.014017
0.013284
0.005021
0.006427
0.005775
0.007588
0.006962
0.015155
0.008658
0.011974
0.007423
0.004962
0.005688
0.050928
0.023668
0.009687
0.006262
0.017760
0.033681
0.041080
0.030265
0.035587
0.049496
0.025440
0.029559
0.021866
0.013951
0.194399
0.019448
0.017146
0.020104
0.071939
0.016373
0.027344
0.033581
0.034654
0.046778
0.017194
0.026730
0.039089
0.015302
0.028081
0.083245
0.029649
0.034698
0.037915
0.053970
0.040286
0.028136
0.034152
0.029726
0.025796
0.028363
0.019676
0.019676
0.034098
0.020513
0.049899
0.056070
0.053921
0.042290
0.035720
0.036454
0.029251
0.019971
0.012961
0.045317
0.136038
0.018989
0.019335
0.023958
0.031987
0.002112
0.034290
0.015712
0.021935
0.026069
0.053207
0.013727
0.027606
0.081221
0.028077
0.032426
0.040285
0.014288
0.017483
0.017938
0.021402
0.025729
0.013694
0.010305
0.019790
0.006530
0.007925
0.004226
0.003013
0.002112
0.002302
0.022040
0.033919
0.168034
0.090984
0.033316
0.041881
0.026692
0.068103
0.026807
0.002302
0.056457
0.066912
0.072198
0.002284
0.004084
0.006987
0.038883
0.004084
0.002112
0.008421
0.026692
0.122043
0.022040
0.019011
0.014354
0.012526
0.026807
0.010396
0.003013
0.008595
0.006823
0.020425
0.029476
0.027094
0.002302
0.007330
0.002326
0.005733
0.033660
0.006099
0.033660
0.015271
0.014526
0.006230
0.011813
0.003202
0.007064
0.008805
0.015714
0.002117
0.055895
0.015271
0.022119
0.004776
0.005147
0.008805
0.005147
0.004084
0.031925
0.004164
0.005086
0.012517
0.016779
0.006987
0.006823
0.002031
0.010837
0.002117
0.029926
0.013715
0.002302
0.030591
0.117358
0.086003
0.006230
0.009501
0.006987
0.006099
0.021066
0.099776
0.038258
0.033001
0.095825
0.092994
0.117739
0.161898
0.128182
0.127879
0.123627
0.210854
0.143599
0.103500
0.070147
0.067740
0.035737
0.085089
0.021548
0.073923
0.061970
0.012606
0.006866
0.007925
0.007744
0.013694
0.020266
0.049437
0.026069
0.049997
0.013584
0.040726
0.026069
0.026749
0.017732
0.014314
0.031365
0.028206
0.029907
0.019676
0.022245
0.012234
0.015069
0.025767
0.018619
0.025767
0.039372
0.020796
0.016296
0.026296
0.016491
0.027217
0.016875
0.014884
0.015040
0.017755
0.012478
0.017755
0.017755
0.021816
0.012478
0.019448
0.039603
0.040730
0.013576
0.013702
0.021782
0.036299
0.030378
0.053556
0.043073
0.024152
0.046282
0.012948
0.015302
0.012948
0.017194
0.012836
0.023617
0.017194
0.020382
0.026977
0.049623
0.050117
0.036808
0.033527
0.019768
0.032534
0.037500
0.037452
0.027598
0.030850
0.021762
0.025894
0.020513
0.009250
0.006340
0.053948
0.059381
0.014130
0.025758
0.011467
0.014130
0.005688
0.005688
0.020041
0.046282
0.018395
0.008461
0.005688
0.002866
0.107032
0.004430
0.014017
0.014017
0.006386
0.005155
0.006418
0.003395
0.006892
0.006897
0.022477
0.010766
0.020041
0.008461
0.006890
0.004413
0.026490
0.004544
0.005281
0.023495
0.010766
0.012005
0.009976
0.009250
0.022554
0.008619
0.009976
0.006362
0.007863
0.006389
0.004275
0.003931
0.005688
0.006111
0.004419
0.002866
0.007895
0.003395
0.014279
0.070663
0.004275
0.006897
0.004457
0.006897
0.013820
0.007762
0.006289
0.023489
0.002866
0.033404
0.016950
0.006362
0.032624
0.012998
0.008251
0.024771
0.009250
0.008719
0.016088
0.018702
0.012948
0.018159
0.008719
0.015716
0.012836
0.040846
0.051009
0.006890
0.005023
0.002828
0.024323
0.004472
0.006943
0.006496
0.006597
0.005863
0.015348
0.029959
0.008190
0.015348
0.008626
0.006289
0.014562
0.006943
0.026260
0.010616
0.011467
0.039036
0.006620
0.010027
0.018903
0.009264
0.030919
0.017602
0.005753
0.029518
0.008603
0.023207
0.029645
0.040840
0.019889
0.029704
0.010408
0.016746
0.010183
0.007664
0.005605
0.017333
0.005113
0.014245
0.005183
0.007415
0.008451
0.011183
0.009801
0.025528
0.074057
0.018369
0.032429
0.013730
0.007121
0.010701
0.010701
0.011207
0.009641
0.024554
0.013195
0.008461
0.022590
0.006082
0.018236
0.008602
0.013914
0.012337
0.012337
0.011842
0.012723
0.013547
0.023740
0.024132
0.026411
0.017916
0.017247
0.034815
0.017071
0.027897
0.014956
0.013730
0.024898
0.042680
0.013730
0.040385
0.023740
0.025528
0.064280
0.044586
0.029138
0.024132
0.019101
0.073676
0.037886
0.124858
0.159969
0.073335
0.012825
0.035232
0.005143
0.007467
0.012461
0.009128
0.005809
0.005209
0.169767
0.010136
0.011924
0.005525
0.028320
0.030923
0.036025
0.028320
0.015466
0.024531
0.008661
0.021081
0.018085
0.015994
0.018623
0.009392
0.020913
0.012214
0.010490
0.015471
0.016770
0.012743
0.012003
0.021525
0.003962
0.036489
0.031467
0.010750
0.010747
0.006148
0.010290
0.014717
0.016906
0.004379
0.015292
0.004569
0.005945
0.011405
0.004379
0.016413
0.016906
0.007416
0.004379
0.014274
0.031004
0.011924
0.008063
0.009390
0.024732
0.035785
0.023519
0.026633
0.032894
0.020430
0.017071
0.038201
0.055615
0.037943
0.011957
0.014691
0.014588
0.013598
0.016085
0.015019
0.016110
0.044586
0.031184
0.049079
0.075714
0.071183
0.057986
0.026189
0.039465
0.021026
0.050011
0.017003
0.048916
0.033820
0.063872
0.065902
0.017586
0.034212
0.017586
0.017353
0.007692
0.010050
0.047602
0.009835
0.006496
0.011965
0.005912
0.007481
0.012743
0.017003
0.017617
0.100540
0.009734
0.005934
0.136609
0.170837
0.071353
0.084488
0.026535
0.038678
0.007566
0.005716
0.005862
0.005965
0.005524
0.007257
0.012068
0.015150
0.011961
0.018280
0.014406
0.017679
0.049108
0.016488
0.014795
0.010732
0.010348
0.014395
0.010732
0.012743
0.009835
0.009248
0.005809
0.010553
0.022573
0.011405
0.005209
0.013013
0.006290
0.005073
0.006563
0.037408
0.016226
0.010747
0.005075
0.006665
0.009415
0.004379
0.012101
0.016031
0.018987
0.009505
0.030927
0.005349
0.004684
0.012793
0.053287
0.004684
0.018308
0.005366
0.022199
0.045793
0.005349
0.010136
0.013488
0.006188
0.009875
0.008764
0.026189
0.009415
0.004379
0.008290
0.005366
0.005366
0.006388
0.004379
0.005349
0.029600
0.013488
0.004881
0.005075
0.006738
0.008713
0.005075
0.021353
0.006357
0.004166
0.006911
0.011537
0.014795
0.018048
0.018341
0.057165
0.125270
0.124590
0.077330
0.014994
0.010768
0.007179
0.005621
0.015842
0.005616
0.005965
0.011474
0.015769
0.007404
0.006057
0.006121
0.006121
0.005965
0.006121
0.010143
0.010263
0.006804
0.010768
0.005862
0.007133
0.010432
0.012964
0.015133
0.014938
0.014420
0.025440
0.011962
0.014702
0.025440
0.018168
0.022725
0.010263
0.040194
0.042317
0.038103
0.026911
0.034388
0.016810
0.018085
0.018048
0.012594
0.010263
0.015020
0.015356
0.015574
0.018034
0.021899
0.013399
0.005640
0.011474
0.036401
0.012783
0.018665
0.018579
0.029553
0.012408
0.016518
0.014074
0.007257
0.010143
0.005621
0.012906
0.030287
0.033405
0.007179
0.010768
0.007566
0.011823
0.065370
0.009716
0.006322
0.007566
0.014617
0.010768
0.005774
0.033405
0.007179
0.005520
0.005528
0.006121
0.006202
0.005524
0.016031
0.007404
0.015769
0.007723
0.013066
0.009870
0.017003
0.035086
0.039755
0.029824
0.031251
0.009870
0.040757
0.012594
0.012792
0.059288
0.014515
0.008181
0.011882
0.033405
0.005934
0.009366
0.005528
0.006198
0.007133
0.006152
0.008056
0.007583
0.010118
0.014663
0.010407
0.015133
0.017420
0.020327
0.008056
0.007583
0.013562
0.006152
0.005520
0.005528
0.025135
0.013996
0.008056
0.009494
0.019746
0.009494
0.006121
0.009494
0.005392
0.009130
0.010263
0.006926
0.014792
0.005774
0.005862
0.013562
0.007566
0.012190
0.037230
0.018168
0.057876
0.019055
0.014139
0.045956
0.046451
0.031667
0.103551
0.044861
0.007317
0.010195
0.007944
0.030053
0.013348
0.007317
0.020596
0.031213
0.006646
0.011086
0.009692
0.009370
0.013956
0.011263
0.018542
0.030584
0.005844
0.018065
0.007317
0.009380
0.031104
0.009380
0.007607
0.007317
0.013068
0.018065
0.067210
0.013708
0.028668
0.007607
0.005844
0.009380
0.007944
0.006646
0.006646
0.009692
0.031756
0.006646
0.028668
0.044630
0.030706
0.019384
0.010704
0.010704
0.013289
0.011025
0.014649
0.010495
0.013286
0.022234
0.029614
0.012830
0.008305
0.008426
0.015333
0.046451
0.009370
0.007848
0.010286
0.011365
0.042697
0.009370
0.014647
0.041049
0.006861
0.057336
0.051951
0.014647
0.205933
0.095759
0.059326
0.059546
0.094188
0.025770
0.026703
0.034748
0.026069
0.015620
0.014792
0.022649
0.021702
0.018683
0.028057
0.011025
0.008707
0.011697
0.064420
0.009166
0.008979
0.031154
0.009692
0.009166
0.009370
0.017404
0.030584
0.015518
0.013348
0.015333
0.008671
0.013674
0.009920
0.013449
0.008230
0.010169
0.008996
0.011157
0.012461
0.013863
0.011984
0.015356
0.012191
0.015743
0.016598
0.019922
0.015356
0.013997
0.013643
0.010102
0.008996
0.008305
0.011025
0.010495
0.016106
0.015233
0.009725
0.022334
0.021434
0.029450
0.015581
0.008063
0.008029
0.071834
0.010068
0.013286
0.011183
0.068514
0.023163
0.008029
0.008230
0.012830
0.008711
0.009930
0.008316
0.018011
0.011724
0.008029
0.017204
0.008767
0.011846
0.019922
0.019848
0.039894
0.039611
0.035523
0.027631
0.025270
0.006152
0.011572
0.013643
0.024066
0.132362
0.030724
0.008767
0.013449
0.008511
0.007607
0.023845
0.018542
0.008878
0.008315
0.008511
0.011724
0.008230
0.009930
0.013740
0.011724
0.009930
0.010169
0.010195
0.044555
0.020485
0.013723
0.010174
0.017301
0.012783
0.015847
0.012757
0.031693
0.008892
0.007848
0.015191
0.015191
0.041792
0.012717
0.023001
0.006245
0.037895
0.003609
0.053202
0.018990
0.009799
0.044592
0.001877
0.012664
0.006861
0.023396
0.053140
0.025924
0.012196
0.070758
0.029853
0.029853
0.053884
0.053140
0.038043
0.023001
0.023833
0.010174
0.011946
0.074859
0.020512
0.005355
0.059967
0.041503
0.012717
0.003490
0.002940
0.008799
0.019868
0.026871
0.003785
0.004085
0.008346
0.002862
0.005925
0.011946
0.005355
0.041792
0.018065
0.041001
0.029273
0.014679
0.030954
0.017827
0.016671
0.018833
0.014466
0.013997
0.014536
0.019336
0.019055
0.013643
0.011846
0.026984
0.018343
0.010533
0.050298
0.020456
0.039663
0.015518
0.018542
0.006646
0.018597
0.008892
0.009692
0.026802
0.017423
0.020456
0.015191
0.018542
0.012783
0.026979
0.013673
0.059178
0.036041
0.006245
0.078577
0.006245
0.012580
0.043230
0.065165
0.012757
0.016686
0.007903
0.011946
0.003824
0.001335
0.005857
0.010253
0.009018
0.008346
0.010272
0.001691
0.001335
0.086676
0.014868
0.012909
0.003785
0.003785
0.111646
0.002940
0.010455
0.012417
0.006245
0.006245
0.026871
0.003490
0.002940
0.002862
0.012417
0.010174
0.004085
0.006245
0.010671
0.002653
0.010671
0.006245
0.009930
0.003824
0.010457
0.003785
0.015318
0.008418
0.053391
0.018802
0.032338
0.046422
0.041283
0.050652
0.038758
0.042626
0.041155
0.022246
0.053202
0.005803
0.037895
0.006652
0.012672
0.070153
0.010253
0.014527
0.010253
0.015318
0.008508
0.001877
0.006861
0.008799
0.041503
0.005355
0.011946
0.019868
0.008799
0.001877
0.009799
0.003785
0.014868
0.004629
0.002862
0.002940
0.003824
0.003785
0.001877
0.008346
0.015318
0.003609
0.070153
0.008418
0.044878
0.009018
0.023653
0.009018
0.018802
0.055482
0.028046
0.068358
0.010253
0.012487
0.010272
0.010455
0.010457
0.005803
0.009799
0.070153
0.009018
0.015318
0.044339
0.017912
0.020950
0.032338
0.023653
0.032143
0.051418
0.038758
0.043225
0.051862
0.022246
0.047528
0.134649
0.048312
0.061584
0.076685
0.110529
0.090862
0.084376
0.110529
0.041763
0.067511
0.062849
0.061777
0.061810
0.061810
0.051904
0.056762
0.031509
0.041763
0.043393
0.033003
0.041839
0.050943
0.095378
0.037461
0.022898
0.014334
0.085060
0.041546
0.006387
0.079725
0.031106
0.009542
0.014936
0.014936
0.009542
0.004863
0.009542
0.015337
0.010566
0.015337
0.018802
0.044015
0.003644
0.003075
0.006740
0.006740
0.010566
0.004928
0.037400
0.018852
0.004928
0.004928
0.009542
0.003644
0.007663
0.003844
0.028934
0.005804
0.018336
0.009067
0.009458
0.009067
0.004821
0.009067
0.009458
0.006983
0.114109
0.075909
0.004737
0.004489
0.010399
0.019207
0.007747
0.010120
0.010399
0.010399
0.004863
0.019207
0.009542
0.003852
0.044143
0.007405
0.003975
0.006740
0.003975
0.009643
0.018852
0.003697
0.006740
0.018802
0.035012
0.003644
0.007104
0.003844
0.014936
0.004596
0.003852
0.014413
0.003644
0.006387
0.005244
0.018852
0.003975
0.009580
0.007841
0.043921
0.006178
0.003975
0.006387
0.004158
0.014413
0.015337
0.055296
0.005804
0.009067
0.014290
0.018698
0.018698
0.031981
0.029069
0.009458
0.067349
0.010399
0.039824
0.018336
0.010016
0.006983
0.012565
0.009071
0.030052
0.011581
0.020112
0.050654
0.012565
0.010450
0.011508
0.011996
0.010072
0.012404
0.013473
0.007921
0.011323
0.061774
0.007967
0.008258
0.011654
0.020246
0.011611
0.008000
0.008478
0.011281
0.009240
0.008258
0.008258
0.008875
0.011563
0.011563
0.016015
0.020089
0.020246
0.014582
0.036346
0.011611
0.060603
0.041463
0.009722
0.015442
0.072363
0.027060
0.009469
0.011281
0.009722
0.008535
0.008939
0.007896
0.035794
0.035794
0.035794
0.035632
0.034266
0.007629
0.008535
0.008478
0.010305
0.010391
0.009722
0.011446
0.016815
0.010282
0.022776
0.011095
0.009128
0.021240
0.023048
0.023048
0.010450
0.019121
0.008660
0.023048
0.018776
0.008258
0.036286
0.074875
0.018180
0.050933
0.044160
0.057330
0.066783
0.097485
0.064022
0.056324
0.072134
0.077100
0.060948
0.032971
0.035300
0.033263
0.012186
0.005187
0.030323
0.008520
0.006094
0.025223
0.007875
0.012717
0.017389
0.033784
0.015977
0.011244
0.011016
0.005187
0.005383
0.017450
0.004788
0.006100
0.005010
0.005644
0.004359
0.004370
0.004370
0.006142
0.004667
0.004370
0.005885
0.004974
0.005910
0.004544
0.005094
0.005569
0.016249
0.005905
0.006426
0.005811
0.004974
0.004173
0.005554
0.012470
0.010626
0.016553
0.030661
0.046893
0.048799
0.046950
0.045015
0.003121
0.022211
0.041315
0.028899
0.038193
0.021105
0.061061
0.010744
0.022603
0.008377
0.029901
0.150579
0.056459
0.058949
0.047312
0.305741
0.063662
0.069283
0.014515
0.005243
0.013800
0.017211
0.010144
0.014706
0.008329
0.006764
0.004428
0.006095
0.009253
0.007867
0.003958
0.008345
0.013692
0.024203
0.010284
0.007538
0.008288
0.012048
0.010284
0.008892
0.008288
0.004744
0.029780
0.029835
0.005243
0.003648
0.013542
0.039936
0.017388
0.056601
0.012780
0.013393
0.058125
0.012531
0.019812
0.009898
0.010965
0.011641
0.021986
0.011336
0.011332
0.014241
0.011015
0.010379
0.011045
0.011622
0.021297
0.015994
0.021916
0.019361
0.020259
0.023392
0.016183
0.015337
0.023226
0.017130
0.017135
0.016524
0.020897
0.031342
0.031342
0.057400
0.029418
0.016601
0.021351
0.020163
0.021382
0.041088
0.021815
0.019674
0.021591
0.021232
0.019209
0.017232
0.027494
0.029069
0.023124
0.027494
0.032563
0.029069
0.029941
0.027707
0.021382
0.034654
0.025790
0.028614
0.008596
0.018988
0.010317
0.010317
0.013375
0.042551
0.014564
0.006137
0.011431
0.005837
0.002285
0.003258
0.062724
0.015610
0.006884
0.020049
0.007645
0.015724
0.004592
0.009240
0.005260
0.004483
0.014390
0.001753
0.022477
0.002965
0.014658
0.001617
0.002944
0.022589
0.020788
0.011260
0.001753
0.004595
0.010232
0.013008
0.010317
0.010699
0.012545
0.014858
0.009316
0.009240
0.006620
0.010895
0.026359
0.005199
0.003617
0.000315
0.003525
0.009348
0.002448
0.003637
0.005214
0.006879
0.010052
0.005989
0.015189
0.007800
0.006830
0.009794
0.013653
0.064525
0.003525
0.007138
0.006884
0.010056
0.006620
0.007285
0.075694
0.005981
0.009585
0.023718
0.029784
0.032369
0.034225
0.012951
0.029953
0.039907
0.031080
0.043334
0.019969
0.015658
0.018731
0.018221
0.032107
0.032107
0.010678
0.016295
0.009794
0.010129
0.009794
0.004519
0.015838
0.004527
0.005989
0.006304
0.007614
0.020497
0.024350
0.016846
0.034059
0.044519
0.042370
0.040851
0.028125
0.021194
0.012212
0.010157
0.009992
0.009852
0.012113
0.010585
0.011472
0.023802
0.017792
0.015492
0.019683
0.040457
0.038264
0.025114
0.025114
0.031578
0.017473
0.024319
0.024985
0.033768
0.027912
0.014070
0.016131
0.013064
0.011645
0.015960
0.013064
0.031226
0.123551
0.058270
0.054997
0.094762
0.102307
0.104869
0.060644
0.037239
0.025275
0.010422
0.012695
0.027190
0.015741
0.035123
0.014509
0.031776
0.047267
0.024497
0.038136
0.037028
0.033224
0.052430
0.028209
0.119639
0.035241
0.030348
0.067456
0.033240
0.035122
0.045503
0.035122
0.046795
0.024245
0.027540
0.035241
0.002697
0.013983
0.038136
0.046795
0.035618
0.024245
0.024497
0.012695
0.003648
0.012793
0.014216
0.021490
0.005248
0.023961
0.007255
0.044966
0.033710
0.038502
0.020259
0.006573
0.001864
0.022554
0.014226
0.001864
0.093485
0.005248
0.001864
0.005248
0.015548
0.106193
0.043735
0.033477
0.028171
0.052986
0.004226
0.021787
0.004100
0.057119
0.040880
0.015580
0.013379
0.052362
0.032535
0.033768
0.031276
0.031276
0.009470
0.051319
0.089796
0.060472
0.035584
0.043698
0.059316
0.021507
0.008647
0.031276
0.013379
0.013379
0.060054
0.021507
0.032535
0.022324
0.059093
0.026507
0.013379
0.031276
0.009461
0.009461
0.009461
0.018118
0.009461
0.028989
0.005449
0.011414
0.004100
0.049895
0.009182
0.003365
0.003365
0.003007
0.004005
0.003244
0.004580
0.023410
0.003129
0.004226
0.003129
0.002869
0.002869
0.009112
0.011538
0.002556
0.003244
0.003365
0.011414
0.003365
0.002869
0.011771
0.003244
0.024122
0.003244
0.003244
0.004226
0.003662
0.011771
0.009742
0.004580
0.075954
0.007500
0.031357
0.075954
0.031357
0.009742
0.025029
0.007500
0.026732
0.009315
0.257951
0.008800
0.009315
0.009792
0.017832
0.007927
0.014491
0.011745
0.015523
0.017497
0.063410
0.019568
0.017497
0.027937
0.054008
0.024463
0.028046
0.088875
0.044935
0.079566
0.030114
0.033477
0.028046
0.030387
0.036189
0.133736
0.050966
0.031716
0.027795
0.074192
0.025186
0.030694
0.034661
0.025650
0.028856
0.015548
0.014363
0.014363
0.025650
0.034769
0.016944
0.007255
0.063692
0.023961
0.028740
0.027927
0.027927
0.021533
0.012467
0.022554
0.014363
0.028633
0.033710
0.025650
0.044966
0.014363
0.034406
0.033710
0.087316
0.001864
0.003829
0.014216
0.010024
0.045026
0.051391
0.023324
0.013255
0.023324
0.018983
0.023324
0.007866
0.047496
0.012722
0.031406
0.103594
0.022554
0.029089
0.021533
0.029447
0.029089
0.027736
0.048575
0.006573
0.018546
0.042308
0.003829
0.017477
0.021490
0.014216
0.014216
0.011601
0.021490
0.020837
0.015516
0.006225
0.030348
0.031776
0.032033
0.040042
0.119963
0.284225
0.217672
0.094472
0.108911
0.105110
0.086474
0.059275
0.056730
0.048210
0.032396
0.012019
0.014509
0.017852
0.010705
0.003099
0.002360
0.025275
0.034905
0.012019
0.010788
0.002697
0.012019
0.006267
0.027004
0.017852
0.012019
0.002360
0.002104
0.034277
0.004656
0.030975
0.010705
0.004130
0.027941
0.002360
0.002697
0.047816
0.004130
0.004137
0.027941
0.002360
0.004656
0.002104
0.016795
0.002360
0.013586
0.002697
0.004656
0.027976
0.004656
0.002360
0.002360
0.004656
0.006225
0.004519
0.006267
0.006267
0.006178
0.031148
0.018853
0.031148
0.027200
0.016423
0.024497
0.024497
0.039059
0.040109
0.022022
0.010422
0.004519
0.016795
0.005317
0.027824
0.053891
0.013099
0.014216
0.007080
0.059821
0.025043
0.021490
0.011313
0.021490
0.026234
0.047496
0.010320
0.008391
0.013099
0.044432
0.051280
0.043171
0.027798
0.026234
0.012722
0.008391
0.304138
0.005981
0.051442
0.057583
0.005397
0.021533
0.003630
0.012467
0.007178
0.029089
0.007178
0.029089
0.005248
0.016031
0.007255
0.021113
0.007255
0.012254
0.015548
0.020259
0.012254
0.006573
0.003630
0.082396
0.004793
0.005981
0.005981
0.005981
0.009019
0.001864
0.001180
0.001864
0.028371
0.001832
0.005248
0.007178
0.038068
0.062090
0.029089
0.001864
0.001864
0.005248
0.001864
0.013129
0.001864
0.001134
0.005981
0.005248
0.008391
0.015516
0.004130
0.012784
0.010422
0.044254
0.065855
0.087338
0.111305
0.063334
0.102861
0.062069
0.061828
0.049372
0.042464
0.037239
0.037216
0.034739
0.012019
0.013586
0.064733
0.030975
0.005317
0.020837
0.015516
0.005317
0.026145
0.005540
0.035139
0.037055
0.041245
0.004656
0.038265
0.038265
0.022801
0.017268
0.002360
0.036495
0.027736
0.090932
0.140745
0.107245
0.088494
0.052344
0.090747
0.040880
0.083852
0.088179
0.118278
0.103386
0.105120
0.100126
0.099287
0.120218
0.103739
0.103739
0.042850
0.023967
0.049026
0.051517
0.040426
0.047334
0.025773
0.021073
0.033819
0.021724
0.019875
0.018525
0.018897
0.015373
0.011664
0.008331
0.011779
0.016500
0.006119
0.015327
0.005720
0.005720
0.005716
0.005716
0.006143
0.005720
0.005790
0.013312
0.012495
0.005406
0.004188
0.005073
0.005406
0.003130
0.004401
0.008050
0.004343
0.007229
0.033546
0.004562
0.008005
0.004188
0.006633
0.005788
0.007737
0.041721
0.017149
0.006970
0.007060
0.008826
0.003729
0.004002
0.002511
0.005987
0.004427
0.007327
0.004658
0.004658
0.009812
0.006902
0.007391
0.008060
0.008430
0.009847
0.010385
0.009672
0.012202
0.010409
0.008126
0.009717
0.010310
0.011452
0.011994
0.011276
0.010964
0.008395
0.008396
0.010964
0.008395
0.017162
0.010594
0.023615
0.025186
0.013584
0.012724
0.009551
0.021000
0.009907
0.010133
0.010730
0.010970
0.011287
0.009400
0.008747
0.008885
0.010818
0.013280
0.011271
0.010086
0.010181
0.011070
0.010290
0.008888
0.009980
0.009072
0.010464
0.010120
0.009100
0.013305
0.009334
0.009185
0.012710
0.009527
0.011374
0.009321
0.010355
0.012214
0.011692
0.011312
0.011477
0.013121
0.011629
0.012458
0.011493
0.011421
0.012749
0.011891
0.013173
0.013420
0.013420
0.013015
0.012311
0.011815
0.013067
0.012115
0.011101
0.012115
0.011129
0.018811
0.016312
0.012656
0.013307
0.013590
0.014305
0.013868
0.013210
0.014039
0.028272
0.013606
0.014274
0.014825
0.014271
0.014042
0.016884
0.022990
0.015470
0.015829
0.013793
0.013716
0.013591
0.014217
0.015887
0.027248
0.020186
0.012746
0.018462
0.011686
0.011040
0.011262
0.010272
0.013673
0.009546
0.010476
0.017081
0.011138
0.009286
0.009276
0.009422
0.009460
0.012925
0.010129
0.009865
0.012925
0.012668
0.016672
0.016748
0.022185
0.010229
0.010043
0.011135
0.009276
0.009271
0.015058
0.008392
0.006912
0.007755
0.008122
0.006309
0.004686
0.010444
0.004430
0.005098
0.003911
0.006568
0.008008
0.004909
0.008102
0.008102
0.004038
0.007966
0.005307
0.015161
0.006400
0.007956
0.005199
0.007721
0.005949
0.006636
0.008708
0.007952
0.008974
0.009988
0.007697
0.006812
0.012133
0.008481
0.009988
0.008232
0.009622
0.008248
0.007892
0.005132
0.015204
0.026391
0.014441
0.016580
0.028617
0.010283
0.007171
0.008008
0.013544
0.009482
0.018511
0.020459
0.024352
0.024380
0.024614
0.026210
0.023204
0.023604
0.019538
0.017979
0.017997
0.018423
0.018228
0.020055
0.021524
0.023545
0.019929
0.021201
0.021009
0.019369
0.029477
0.021330
0.021352
0.020611
0.010592
0.009643
0.007024
0.008379
0.010839
0.021839
0.033506
0.025507
0.039445
0.035376
0.046394
0.021049
0.015395
0.043946
0.013858
0.024893
0.015213
0.025723
0.027496
0.033406
0.031732
0.030706
0.035362
0.034873
0.026355
0.027944
0.014995
0.012020
0.009714
0.010075
0.007250
0.005692
0.004159
0.003457
0.003086
0.002305
0.002567
0.005470
0.007144
0.008802
0.006580
0.011257
0.010716
0.010884
0.013737
0.012297
0.012297
0.012120
0.016605
0.022165
0.016776
0.014018
0.016895
0.019105
0.019339
0.026707
0.023313
0.028797
0.026531
0.028159
0.034390
0.030411
0.035871
0.034797
0.043280
0.048349
0.062158
0.066204
0.073579
0.071555
0.068887
0.067134
0.066322
0.064200
0.065763
0.064200
0.065042
0.064570
0.059217
0.059436
0.049725
0.064485
0.038156
0.051804
0.037689
0.040797
0.037649
0.039025
0.040251
0.044514
0.043959
0.043245
0.040495
0.036170
0.040219
0.033469
0.032395
0.030875
0.031710
0.029821
0.030605
0.031265
0.028970
0.028328
0.027690
0.027094
0.028409
0.027241
0.028449
0.028196
0.027232
0.026613
0.024357
0.021814
0.018264
0.017950
0.017399
0.018475
0.018811
0.018277
0.018329
0.017900
0.019011
0.018750
0.019011
0.019018
0.019018
0.018889
0.019241
0.017469
0.016731
0.014396
0.011800
0.014798
0.008183
0.007445
0.007821
0.007429
0.007429
0.007415
0.008113
0.008041
0.007911
0.006836
0.005605
0.005890
0.004878
0.003936
0.004378
0.003335
0.002830
0.002999
0.002128
0.003080
0.003075
0.003146
0.003335
0.003222
0.004937
0.004588
0.006374
0.007649
0.006075
0.005866
0.003428
0.004937
0.004937
0.003729
0.003402
0.003366
0.003285
0.005032
0.003172
0.008196
0.005747
0.002976
0.003729
0.004843
0.010089
0.011147
0.011998
0.012631
0.014543
0.014345
0.014373
0.015400
0.017289
0.026341
0.037854
0.042241
0.039300
0.045369
0.049264
0.045757
0.045434
0.039848
0.042633
0.044737
0.024685
0.038552
0.039300
0.055381
0.063805
0.084045
0.074987
0.070186
0.076178
0.057146
0.057534
0.068158
0.047304
0.058360
0.050655
0.049236
0.040024
0.027195
0.027039
0.017221
0.028820
0.018799
0.012756
0.012307
0.010657
0.009919
0.009195
0.008593
0.008067
0.008419
0.008506
0.008727
0.008752
0.008741
0.008506
0.008766
0.008752
0.008741
0.008461
0.008419
0.008441
0.013747
0.008461
0.008384
0.008461
0.008621
0.008727
0.011922
0.008455
0.008738
0.008531
0.008853
0.010992
0.010317
0.010732
0.011574
0.010747
0.009338
0.009782
0.009584
0.008786
0.008727
0.008936
0.008644
0.010533
0.013033
0.012080
0.013502
0.013179
0.013648
0.012850
0.013072
0.019192
0.023188
0.021981
0.021471
0.022631
0.018990
0.020499
0.018475
0.018656
0.018475
0.020499
0.018216
0.016323
0.016998
0.015838
0.016156
0.014332
0.013529
0.013529
0.015122
0.013840
0.013463
0.012391
0.010884
0.010884
0.010700
0.010873
0.009332
0.009573
0.008148
0.009332
0.007934
0.007030
0.007068
0.007525
0.007508
0.006831
0.007525
0.007468
0.007210
0.008117
0.007642
0.007752
0.007642
0.008168
0.007994
0.007837
0.008887
0.014553
0.007520
0.008887
0.008942
0.008283
0.009994
0.010544
0.009235
0.010215
0.010122
0.009470
0.014148
0.016039
0.014953
0.014607
0.016747
0.015588
0.034450
0.030884
0.055661
0.061142
0.106904
0.112957
0.121252
0.107897
0.121793
0.113089
0.112855
0.111660
0.121793
0.104287
0.099241
0.099241
0.113222
0.080494
0.036456
0.026649
0.008966
0.016749
0.004868
0.128839
0.007817
0.007817
0.007949
0.007209
0.006495
0.021422
0.018846
0.008966
0.007817
0.003784
0.006422
0.004548
0.002985
0.003360
0.005885
0.004088
0.009946
0.037557
0.024084
0.024845
0.004628
0.043227
0.009519
0.008854
0.043227
0.163374
0.007894
0.024845
0.007894
0.014424
0.027360
0.012698
0.015983
0.023005
0.002222
0.007165
0.015537
0.041409
0.023005
0.014791
0.014197
0.015537
0.004628
0.043823
0.067658
0.004088
0.001896
0.005551
0.058429
0.007003
0.017854
0.006422
0.013171
0.004155
0.028976
0.047408
0.210431
0.004385
0.009457
0.008753
0.007817
0.008966
0.007366
0.014314
0.003784
0.018846
0.003784
0.003861
0.004868
0.011103
0.005885
0.024389
0.046714
0.012824
0.010704
0.007320
0.010623
0.013585
0.028965
0.001890
0.013504
0.002222
0.007320
0.020209
0.008854
0.013898
0.022011
0.036203
0.020944
0.024850
0.076820
0.044688
0.008691
0.005284
0.003642
0.005152
0.004234
0.005062
0.023980
0.014850
0.007142
0.042798
0.012987
0.003098
0.005260
0.006999
0.023980
0.013376
0.022401
0.003217
0.004765
0.021933
0.003098
0.021933
0.039598
0.005859
0.008595
0.004220
0.008595
0.005485
0.008595
0.004286
0.025162
0.005748
0.007239
0.002764
0.005146
0.006999
0.013376
0.003344
0.007225
0.007225
0.005284
0.015920
0.029044
0.003482
0.003098
0.007624
0.004220
0.007239
0.064855
0.025448
0.021933
0.011131
0.039768
0.005859
0.025448
0.004220
0.003098
0.014417
0.011323
0.018257
0.018257
0.066178
0.025044
0.030264
0.038109
0.030264
0.055689
0.030264
0.074468
0.038109
0.055689
0.063275
0.052124
0.031914
0.026978
0.008595
0.003098
0.007682
0.038580
0.003093
0.004765
0.003344
0.025838
0.044673
0.023436
0.026028
0.021650
0.030826
0.038952
0.026221
0.058532
0.027385
0.027385
0.027517
0.024593
0.050637
0.098068
0.012281
0.004220
0.065839
0.010125
0.037201
0.047323
0.081785
0.043967
0.048248
0.051034
0.045849
0.030290
0.025453
0.026062
0.030734
0.056977
0.073014
0.040228
0.029173
0.037785
0.020943
0.054895
0.017139
0.019151
0.010845
0.013707
0.008907
0.011790
0.014308
0.024082
0.023833
0.010845
0.073491
0.018484
0.019912
0.019611
0.015034
0.040228
0.023833
0.017139
0.014308
0.010845
0.004837
0.005478
0.035943
0.004760
0.114967
0.007144
0.003151
0.025085
0.012408
0.008728
0.011607
0.005583
0.003056
0.005385
0.003304
0.002577
0.007113
0.003151
0.363647
0.004193
0.002303
0.002426
0.004193
0.018457
0.021306
0.024007
0.018374
0.060919
0.037546
0.011802
0.015885
0.015762
0.039318
0.002577
0.015638
0.010048
0.014471
0.007040
0.005119
0.023362
0.023099
0.025989
0.066110
0.029579
0.005697
0.011541
0.002303
0.010291
0.014333
0.004900
0.002577
0.005749
0.006677
0.002308
0.025085
0.011835
0.095871
0.054051
0.017180
0.100090
0.079818
0.050192
0.047192
0.195519
0.068123
0.024041
0.013707
0.058762
0.012895
0.036154
0.007144
0.033543
0.005359
0.002643
0.004193
0.010138
0.020468
0.010567
0.007589
0.004193
0.002547
0.005787
0.020468
0.003151
0.004870
0.009781
0.019342
0.008492
0.002277
0.002620
0.033424
0.005359
0.010665
0.035794
0.036168
0.028977
0.055916
0.065740
0.037847
0.065740
0.059216
0.069644
0.087099
0.069687
0.065389
0.072666
0.066062
0.051873
0.036097
0.060083
0.023733
0.007188
0.028312
0.025947
0.058615
0.092786
0.170869
0.111126
0.169346
0.126211
0.088222
0.075325
0.074362
0.060155
0.025921
0.020970
0.054985
0.029254
0.023219
0.027525
0.020970
0.027539
0.024047
0.017768
0.030151
0.017782
0.013513
0.013513
0.010505
0.010171
0.007713
0.068282
0.010171
0.015319
0.033073
0.009615
0.019332
0.003992
0.010529
0.009048
0.002980
0.000000
0.003439
0.004492
0.000347
0.019595
0.009048
0.166980
0.003018
0.002961
0.003803
0.005597
0.019986
0.020087
0.011704
0.047201
0.010529
0.019394
0.004492
0.005727
0.002627
0.004652
0.010462
0.017629
0.003992
0.010948
0.004974
0.010948
0.018329
0.005100
0.002980
0.003803
0.009333
0.006910
0.009868
0.046586
0.006974
0.003792
0.008801
0.003244
0.006961
0.009615
0.050644
0.022456
0.054348
0.059062
0.076094
0.091424
0.020970
0.009886
0.006841
0.009138
0.011308
0.019954
0.006085
0.010213
0.020630
0.004540
0.003517
0.004540
0.005100
0.005100
0.016379
0.127594
0.131391
0.018808
0.034264
0.050563
0.001237
0.004581
0.003365
0.003792
0.007705
0.022187
0.013214
0.021203
0.035388
0.040404
0.055686
0.052235
0.058080
0.039676
0.099733
0.029447
0.080529
0.048518
0.062515
0.077229
0.076374
0.091503
0.075396
0.075533
0.074569
0.088211
0.144101
0.191044
