0.022917
0.023650
0.020749
0.012888
0.006640
0.004975
0.006398
0.011115
0.011107
0.005997
0.010355
0.007564
0.008080
0.004913
0.003644
0.004850
0.004825
0.005917
0.004271
0.003323
0.003008
0.003897
0.002995
0.004414
0.003417
0.001773
0.003252
0.002591
0.000000
0.031685
0.006162
0.026796
0.039122
0.016213
0.008301
0.018435
0.007584
0.005540
0.005683
0.029859
0.029947
0.025348
0.040693
0.041546
0.045281
0.035594
0.027206
0.021834
0.009284
0.009253
0.008923
0.007635
0.006923
0.007349
0.006562
0.007591
0.007238
0.007613
0.018170
0.012376
0.012248
0.007610
0.007717
0.007574
0.015691
0.008270
0.008257
0.007105
0.007004
0.007951
0.014273
0.009402
0.018607
0.029927
0.030518
0.031766
0.038917
0.039233
0.025679
0.007750
0.034770
0.014572
0.017645
0.016396
0.012707
0.006159
0.013176
0.011576
0.005016
0.033626
0.016001
0.004013
0.004307
0.006980
0.004415
0.003084
0.014334
0.003168
0.003040
0.003856
0.007426
0.005202
0.003393
0.005164
0.011888
0.011147
0.026684
0.008831
0.004783
0.012013
0.012500
0.033478
0.023158
0.022531
0.070863
0.036128
0.024250
0.013242
0.055211
0.060797
0.038003
0.036719
0.064638
0.180638
0.112518
0.066337
0.009213
0.013299
0.146244
0.085815
0.084824
0.125821
0.072288
0.034554
0.007699
0.008118
0.011274
0.004534
0.005699
0.007074
0.006920
0.019832
0.010269
0.005698
0.019954
0.002444
0.023050
0.019219
0.018278
0.019121
0.022613
0.024689
0.027088
0.024947
0.028429
0.012193
0.008107
0.012285
0.018626
0.013878
0.019779
0.013235
0.017678
0.030618
0.017436
0.019615
0.024621
0.020210
0.014115
0.012836
0.005674
0.013584
0.015988
0.015257
0.027618
0.017269
0.016840
0.046182
0.013148
0.028065
0.024814
0.032045
0.002021
0.001520
0.003007
0.008790
0.012706
0.012394
0.013240
0.015448
0.015501
0.016156
0.018003
0.018616
0.013529
0.016294
0.015517
0.015526
0.015526
0.013876
0.015648
0.014878
0.014208
0.014438
0.014097
0.013908
0.014494
0.014349
0.014503
0.015968
0.014002
0.015426
0.015646
0.015512
0.016318
0.015199
0.014882
0.025329
0.023058
0.016389
0.016425
0.015297
0.016472
0.015162
0.031867
0.019515
0.036422
0.036459
0.029981
0.050620
0.003752
0.008590
0.041805
0.003335
0.149282
0.004804
0.005339
0.021640
0.035718
0.015820
0.034384
0.004357
0.005288
0.007197
0.006344
0.005076
0.005328
0.004809
0.004667
0.006845
0.010133
0.006782
0.005583
0.005575
0.005283
0.004874
0.003826
0.003072
0.093056
0.004300
0.002924
0.010968
0.006359
0.012735
0.009249
0.015430
0.012276
0.015455
0.016710
0.017447
0.019869
0.019225
0.018076
0.028983
0.021957
0.023910
0.018096
0.021888
0.022331
0.021231
0.026143
0.023370
0.026336
0.029764
0.024324
0.018063
0.016950
0.019666
0.020816
0.037682
0.022262
0.021697
0.017778
0.018750
0.016686
0.017498
0.003670
0.030484
0.041596
0.015230
0.014381
0.030674
0.016589
0.104190
0.111285
0.147234
0.005051
0.003564
0.039994
0.110333
0.001605
0.010746
0.001022
0.002254
0.011928
0.013156
0.059457
0.021629
0.013128
0.028367
0.005594
0.010089
0.033621
0.031875
0.015816
0.015488
0.015009
0.030970
0.006344
0.007650
0.008092
0.004883
0.005315
0.004178
0.003667
0.004480
0.004966
0.004676
0.004554
0.002294
0.003717
0.005278
0.028520
0.008064
0.049428
0.005026
0.021142
0.008211
0.008211
0.023694
0.073367
0.098134
0.080971
0.038167
0.052156
0.011414
0.060941
0.082462
0.015263
0.003486
0.040504
0.030399
0.029178
0.023348
0.021630
0.055534
0.256574
0.139573
0.131478
0.137228
0.182562
0.179394
0.135209
0.121999
0.155282
0.086676
0.062633
0.113684
0.161110
0.279901
0.079837
0.026992
0.127594
0.132927
0.124042
0.116215
0.108401
0.089423
0.076101
0.080626
0.234063
0.035139
0.013682
0.009702
0.072556
0.016104
0.010078
0.007256
0.016008
0.006290
0.004694
0.026992
0.014374
0.051791
0.003415
0.008008
0.007019
0.005561
0.012902
0.031550
0.086633
0.113411
0.076772
0.050429
0.097747
0.112462
0.097476
0.089747
0.060336
0.046934
0.026897
0.018899
0.031005
0.040073
0.027927
0.006204
0.003760
0.007745
0.008504
0.003834
0.009084
0.005450
0.005102
0.015126
0.013518
0.020937
0.017563
0.015276
0.009629
0.011706
0.023038
0.007745
0.008750
0.008931
0.023327
0.010836
0.014527
0.014252
0.007808
0.008170
0.004024
0.015156
0.006387
0.005861
0.004283
0.011270
0.003565
0.004233
0.005427
0.021824
0.007216
0.006536
0.005900
0.004879
0.007259
0.006599
0.005785
0.006359
0.004239
0.004349
0.003530
0.004059
0.003857
0.003886
0.004307
0.003847
0.003731
0.006501
0.008104
0.008873
0.009239
0.007823
0.006044
0.009027
0.008900
0.008801
0.004466
0.003954
0.006770
0.022726
0.013037
0.005462
0.010027
0.006187
0.008069
0.010078
0.014758
0.031172
0.005135
0.011161
0.047691
0.021487
0.016734
0.015045
0.015045
0.009577
0.249649
0.006692
0.008224
0.009292
0.004286
0.008982
0.007068
0.007578
0.003480
0.005522
0.007756
0.012325
0.006364
0.007564
0.005206
0.005817
0.008850
0.005535
0.006810
0.007659
0.007058
0.008455
0.009577
0.008621
0.008674
0.008900
0.011277
0.009470
0.009470
0.010991
0.021293
0.009470
0.011121
0.008900
0.008211
0.008180
0.009412
0.009412
0.009736
0.009820
0.065376
0.069648
0.078782
0.065376
0.093188
0.087946
0.080266
0.072937
0.078128
0.122313
0.088269
0.101260
0.158646
0.117093
0.081838
0.095140
0.101975
0.108893
0.117851
0.128143
0.076687
0.114059
0.185361
0.128939
0.129872
0.141772
0.222932
0.065777
0.065556
0.099368
0.114175
0.071214
0.040906
0.039062
0.080779
0.054052
0.067418
0.044610
0.097031
0.112977
0.130863
0.105182
0.111831
0.151665
0.180413
0.057830
0.057531
0.078466
0.078268
0.099337
0.081730
0.075453
0.075104
0.075773
0.071856
0.081756
0.078217
0.060794
0.059417
0.087035
0.063998
0.081145
0.066037
0.065942
0.063401
0.063863
0.039885
0.088375
0.125888
0.093308
0.061564
0.017483
0.042951
0.069351
0.148003
0.089658
0.047524
0.042143
0.000599
0.080260
0.054903
0.073020
0.052936
0.111236
0.065226
0.067381
0.043194
0.085647
0.091521
0.045189
0.040571
0.038281
0.039045
0.028244
0.042554
0.024153
0.049075
0.043365
0.059917
0.049465
0.083610
0.068015
0.096055
0.097214
0.042165
0.044989
0.033909
0.040571
0.034954
0.022667
0.041059
0.021479
0.035959
0.010806
0.007445
0.028244
0.015376
0.028337
0.015478
0.007760
0.019338
0.010795
0.002654
0.028187
0.002274
0.049378
0.033854
0.016399
0.007797
0.007760
0.009947
0.008858
0.008056
0.009947
0.003913
0.007843
0.007843
0.003534
0.006484
0.004835
0.003462
0.007101
0.010933
0.004294
0.002601
0.003462
0.003136
0.002916
0.003301
0.003136
0.002528
0.001708
0.005459
0.002601
0.002446
0.005051
0.002604
0.002321
0.002368
0.002366
0.001346
0.002448
0.003335
0.005133
0.001545
0.005559
0.006902
0.006068
0.005559
0.003292
0.008180
0.003292
0.017962
0.015773
0.004536
0.018729
0.017839
0.020292
0.024090
0.021921
0.018506
0.023161
0.023714
0.016208
0.021883
0.019301
0.027094
0.027097
0.025649
0.025622
0.030645
0.025622
0.027316
0.030461
0.026608
0.026103
0.029808
0.029944
0.031880
0.032301
0.030232
0.028535
0.032497
0.060330
0.055207
0.044354
0.044147
0.040920
0.056911
0.054060
0.040562
0.050776
0.053702
0.050391
0.046797
0.058567
0.039873
0.050776
0.046658
0.054191
0.048479
0.042251
0.042251
0.040562
0.046367
0.038041
0.026395
0.029245
0.031027
0.028397
0.020087
0.012591
0.019484
0.015488
0.022568
0.009216
0.006719
0.010872
0.011235
0.007194
0.008660
0.006732
0.012524
0.007508
0.011204
0.015404
0.013584
0.008660
0.013584
0.014110
0.006589
0.007950
0.006190
0.007781
0.009216
0.006589
0.003330
0.010872
0.005045
0.008998
0.009312
0.027390
0.009312
0.003346
0.015543
0.006334
0.009216
0.004336
0.003172
0.003347
0.004336
0.004376
0.004377
0.004586
0.006589
0.002523
0.005379
0.002513
0.007185
0.004586
0.003573
0.006674
0.006756
0.005381
0.002380
0.008799
0.608308
0.003248
0.005987
0.002523
0.003194
0.005987
0.008799
0.006674
0.005987
0.008578
0.016273
0.003771
0.010340
0.005987
0.010236
0.005381
0.006756
0.005987
0.009339
0.014572
0.013008
0.010808
0.016483
0.013710
0.012835
0.011989
0.015628
0.015279
0.021297
0.011632
0.013225
0.012835
0.025107
0.088140
0.011258
0.024283
0.066853
0.034764
0.062144
0.150855
0.016556
0.014307
0.116018
0.032508
0.010459
0.011737
0.016950
0.014606
0.038662
0.021878
0.013561
0.008596
0.024100
0.010488
0.013561
0.013955
0.003593
0.002913
0.006630
0.041640
0.007231
0.003274
0.014827
0.001661
0.004318
0.003274
0.002453
0.023235
0.034390
0.005166
0.016818
0.032508
0.008988
0.223009
0.024955
0.044295
0.009947
0.008957
0.013561
0.037548
0.016909
0.023066
0.023036
0.017238
0.028343
0.017418
0.042454
0.042454
0.013851
0.031112
0.018623
0.038400
0.017555
0.022202
0.068799
0.048212
0.008871
0.002174
0.000770
0.003037
0.001678
0.026190
0.006569
0.009719
0.029354
0.001737
0.000770
0.030569
0.004682
0.015497
0.022287
0.000325
0.039906
0.068662
0.028274
0.003037
0.002276
0.012281
0.003024
0.002445
0.030244
0.028082
0.025564
0.019966
0.010895
0.015938
0.004693
0.051927
0.002324
0.006630
0.008957
0.006569
0.010707
0.001661
0.003037
0.348762
0.041853
0.003037
0.004481
0.011769
0.416676
0.011344
0.006155
0.000770
0.001678
0.002122
0.015369
0.007840
0.019593
0.008918
0.008637
0.014379
0.002372
0.004756
0.006788
0.001303
0.002122
0.002256
0.002276
0.017921
0.015497
0.005211
0.004693
0.008169
0.020335
0.005954
0.005954
0.006474
0.009923
0.012579
0.042654
0.009021
0.014771
0.016140
0.019483
0.012738
0.012510
0.012895
0.012171
0.009923
0.010746
0.006628
0.012171
0.012510
0.012738
0.014771
0.024078
0.018012
0.018646
0.021072
0.012171
0.014355
0.027348
0.010135
0.010860
0.018621
0.013683
0.021544
0.018737
0.017444
0.027051
0.037645
0.018737
0.048132
0.044673
0.039575
0.060450
0.028620
0.056076
0.034950
0.043781
0.043842
0.038422
0.038003
0.043582
0.031261
0.028875
0.053886
0.046577
0.037104
0.353210
0.038222
0.038003
0.036494
0.043715
0.057863
0.036199
0.024219
0.021029
0.020420
0.022428
0.019301
0.021171
0.024565
0.020093
0.022539
0.019313
0.015297
0.020515
0.018859
0.018360
0.023520
0.018845
0.056519
0.020245
0.029231
0.015125
0.013481
0.012913
0.010689
0.018845
0.012380
0.011898
0.012419
0.009471
0.012647
0.016567
0.012982
0.008933
0.011388
0.007088
0.018288
0.006778
0.052796
0.004520
0.005697
0.007075
0.005754
0.005491
0.006377
0.011902
0.005458
0.005808
0.004891
0.003636
0.012021
0.003690
0.003716
0.003511
0.004176
0.012935
0.016971
0.003635
0.006017
0.003433
0.003661
0.003118
0.004366
0.005099
0.015560
0.003860
0.003433
0.003408
0.003505
0.005272
0.005580
0.005476
0.007574
0.005407
0.006459
0.025629
0.005407
0.005120
0.014694
0.014444
0.005860
0.005376
0.007588
0.006362
0.005483
0.003505
0.003391
0.003433
0.008297
0.008387
0.007430
0.007335
0.015170
0.011712
0.011312
0.007236
0.006775
0.009085
0.006019
0.012221
0.023327
0.013828
0.016574
0.017079
0.018420
0.016745
0.019445
0.021441
0.016474
0.014764
0.015834
0.015881
0.016861
0.016304
0.016474
0.017573
0.019411
0.019281
0.019201
0.020376
0.019440
0.021503
0.019155
0.020310
0.018718
0.020327
0.020062
0.019828
0.104161
0.020240
0.017403
0.019285
0.016936
0.017676
0.017610
0.022625
0.017133
0.018479
0.013884
0.015025
0.015255
0.015095
0.015140
0.013589
0.012977
0.013581
0.013714
0.013595
0.012588
0.007161
0.006211
0.007214
0.008314
0.006780
0.011571
0.012945
0.011801
0.009590
0.008247
0.007484
0.009238
0.017756
0.014433
0.005911
0.006414
0.007214
0.004525
0.004375
0.005158
0.006745
0.006338
0.008247
0.036130
0.005074
0.014935
0.003177
0.005475
0.003792
0.005687
0.008644
0.003177
0.004140
0.004044
0.004243
0.006179
0.003748
0.003885
0.007746
0.004778
0.003456
0.003731
0.006721
0.005178
0.007725
0.011153
0.011268
0.008441
0.007439
0.012966
0.005670
0.004632
0.003944
0.005638
0.008141
0.008141
0.005688
0.004483
0.014150
0.011430
0.012574
0.010043
0.010043
0.010265
0.020909
0.024293
0.022232
0.049281
0.054856
0.027807
0.022779
0.040199
0.040860
0.031116
0.033957
0.051762
0.043366
0.038431
0.080719
0.024969
0.120960
0.084016
0.080558
0.067008
0.078552
0.094637
0.066782
0.100086
0.102374
0.095524
0.079026
0.055425
0.042463
0.014346
0.012422
0.052338
0.010200
0.009456
0.010664
0.025140
0.036346
0.011047
0.018774
0.001768
0.005835
0.002109
0.005745
0.006653
0.010497
0.008325
0.006464
0.005552
0.018774
0.019964
0.009066
0.005189
0.001673
0.003809
0.001834
0.006653
0.004832
0.010302
0.005824
0.018763
0.008434
0.010275
0.003333
0.010468
0.007099
0.001834
0.008670
0.005046
0.004744
0.001615
0.006057
0.008320
0.005069
0.011293
0.006432
0.001840
0.002316
0.002549
0.001470
0.014251
0.002271
0.006278
0.003360
0.002522
0.001615
0.002030
0.011293
0.008982
0.120308
0.070680
0.030141
0.091667
0.050788
0.026909
0.013209
0.002549
0.001450
0.007291
0.012746
0.012199
0.037942
0.035718
0.044503
0.060103
0.045678
0.041537
0.054570
0.090518
0.054570
0.072287
0.046511
0.038469
0.094412
0.151670
0.100648
0.166954
0.272121
0.244467
0.307882
0.280880
0.286482
0.249462
0.276061
0.203807
0.239733
0.132887
0.203773
0.123269
0.208120
0.204766
0.222000
0.258145
0.271388
0.246674
0.252824
0.205445
0.061381
0.134233
0.020964
0.020504
0.020552
0.020747
0.021134
0.020537
0.022222
0.022075
0.022301
0.022870
0.022947
0.021438
0.022278
0.022408
0.019416
0.018772
0.017895
0.019986
0.018771
0.017773
0.016903
0.019680
0.016986
0.016500
0.022796
0.021246
0.017236
0.030848
0.019847
0.021504
0.024037
0.019283
0.016867
0.015652
0.019653
0.028562
0.029620
0.028303
0.016399
0.026049
0.027099
0.027491
0.031151
0.032973
0.031910
0.034395
0.034286
0.033343
0.033543
0.032340
0.052960
0.068633
0.080234
0.069464
0.068563
0.059995
0.063912
0.069607
0.056733
0.063979
0.073318
0.067544
0.060253
0.068642
0.072862
0.054115
0.003234
0.065601
0.011064
0.004527
0.037256
0.004568
0.003682
0.008802
0.004447
0.003233
0.051344
0.065118
0.103428
0.032702
0.005868
0.004439
0.012680
0.030392
0.052504
0.004181
0.006697
0.004070
0.007061
0.047623
0.019955
0.004959
0.029101
0.039977
0.049800
0.049101
0.086349
0.020360
0.024666
0.016343
0.004642
0.006196
0.004388
0.004296
0.003268
0.005685
0.031393
0.037518
0.007273
0.006250
0.017411
0.004159
0.006169
0.014229
0.027154
0.004046
0.006298
0.014411
0.011727
0.004004
0.069922
0.007537
0.004388
0.005888
0.004247
0.004069
0.003585
0.038550
0.045829
0.026382
0.005805
0.006298
0.003614
0.005852
0.006696
0.006730
0.005050
0.013481
0.006464
0.004744
0.005817
0.028272
0.007078
0.007561
0.009358
0.007402
0.028878
0.006951
0.006955
0.017440
0.029006
0.008835
0.007315
0.007740
0.007221
0.011917
0.008621
0.007670
0.008774
0.007523
0.007500
0.025232
0.018458
0.076899
0.016099
0.008688
0.066554
0.032159
0.035263
0.022149
0.054699
0.024699
0.014591
0.037664
0.027243
0.017488
0.034514
0.111173
0.028672
0.019018
0.267013
0.073436
0.007493
0.010452
0.032473
0.026652
0.019425
0.010249
0.017892
0.016104
0.010177
0.012328
0.010731
0.006838
0.019821
0.107222
0.028344
0.024387
0.026055
0.029399
0.003790
0.005167
0.281536
0.227676
0.035722
0.056186
0.059639
0.036267
0.017865
0.048450
0.064390
0.096119
0.006602
0.049963
0.024454
0.029101
0.009765
0.012231
0.082326
0.078102
0.006770
0.010329
0.017555
0.057080
0.032494
0.035565
0.033272
0.032533
0.025886
0.020635
0.018433
0.029677
0.019420
0.030670
0.014914
0.037565
0.008607
0.011917
0.037238
0.008883
0.015542
0.011912
0.017467
0.026404
0.037716
0.031942
0.040414
0.038981
0.007519
0.026946
0.046949
0.018141
0.019207
0.038447
0.018649
0.008262
0.007619
0.011812
0.040542
0.036519
0.041158
0.018226
0.007061
0.034658
0.007042
0.007125
0.007574
0.008520
0.007780
0.007807
0.008310
0.007389
0.007500
0.006912
0.008310
0.007807
0.011747
0.017285
0.008119
0.008803
0.009249
0.030600
0.007263
0.021003
0.010718
0.028925
0.040417
0.042577
0.010329
0.029858
0.008433
0.008150
0.009135
0.027221
0.018419
0.027597
0.005925
0.009590
0.022202
0.010591
0.006490
0.036110
0.024013
0.033440
0.036147
0.017838
0.016638
0.032264
0.003131
0.034692
0.028920
0.023629
0.033499
0.017503
0.011178
0.018840
0.025288
0.024877
0.015172
0.031503
0.032826
0.020076
0.018823
0.021926
0.019535
0.012345
0.008454
0.006984
0.007270
0.008473
0.011245
0.010772
0.011752
0.008080
0.021756
0.003481
0.002075
0.003998
0.000598
0.004517
0.000598
0.003310
0.012471
0.015717
0.014158
0.014926
0.013885
0.012444
0.015173
0.006949
0.003829
0.003998
0.000609
0.001379
0.004068
0.009524
0.007257
0.006032
0.011870
0.010883
0.010334
0.022723
0.029318
0.038798
0.034407
0.034005
0.019228
0.015507
0.020241
0.026550
0.023111
0.022290
0.021340
0.006857
0.009225
0.009816
0.006777
0.007212
0.006289
0.014711
0.028840
0.055160
0.020099
0.004203
0.046481
0.038883
0.020192
0.019477
0.018926
0.019454
0.016120
0.017602
0.011251
0.011541
0.021910
0.000598
0.016520
0.014430
0.004972
0.005536
0.035681
0.010713
0.005081
0.008724
0.012693
0.013144
0.013726
0.009754
0.018326
0.006036
0.014244
0.015921
0.025337
0.020383
0.009172
0.008240
0.008119
0.007507
0.001754
0.007885
0.006788
0.007151
0.006546
0.008173
0.016419
0.010563
0.018731
0.038372
0.061154
0.072040
0.021607
0.005007
0.030674
0.003404
0.004812
0.001215
0.016372
0.005140
0.023201
0.011500
0.050093
0.007079
0.027556
0.018183
0.025657
0.020667
0.023639
0.019411
0.023217
0.013883
0.017234
0.012172
0.018918
0.026444
0.072231
0.031433
0.020988
0.028103
0.014077
0.026476
0.018934
0.014614
0.021837
0.040478
0.014909
0.003686
0.015506
0.009108
0.016317
0.050715
0.051357
0.032712
0.019508
0.018984
0.015237
0.001525
0.000480
0.000884
0.005783
0.002309
0.030982
0.011752
0.019066
0.036267
0.022251
0.009193
0.020250
0.020512
0.012001
0.005473
0.007974
0.000883
0.000862
0.001379
0.011000
0.015717
0.015828
0.001949
0.005314
0.014926
0.015608
0.015775
0.017761
0.036081
0.027021
0.012302
0.013467
0.027082
0.015538
0.020827
0.005180
0.018710
0.016222
0.014617
0.003960
0.011881
0.009087
0.034727
0.009225
0.024093
0.026444
0.029478
0.008488
0.005544
0.004975
0.007163
0.008893
0.025480
0.016927
0.021645
0.020345
0.024308
0.021269
0.011988
0.005944
0.005474
0.005749
0.005625
0.006494
0.005457
0.011196
0.005782
0.005952
0.006296
0.005969
0.010254
0.014841
0.014286
0.015454
0.017845
0.017007
0.016982
0.012916
0.020781
0.021116
0.012732
0.009423
0.011895
0.002177
0.011657
0.004977
0.016667
0.007706
0.015608
0.015002
0.025641
0.016475
0.041669
0.033899
0.030171
0.001021
0.007502
0.012037
0.031541
0.006776
0.029687
0.009956
0.011155
0.019422
0.023662
0.029933
0.017172
0.043073
0.015379
0.077932
0.005298
0.012503
0.006367
0.032344
0.014401
0.009333
0.036540
0.028104
0.022581
0.004071
0.033545
0.032084
0.025196
0.027957
0.024604
0.008228
0.123682
0.139392
0.204274
0.116283
0.004292
0.113218
0.029595
0.010808
0.006031
0.032496
0.128791
0.236598
0.014153
0.253127
0.089572
0.188288
0.129220
0.040578
0.229192
0.035467
0.066843
1.000000
0.354979
0.006181
0.270883
0.015045
0.005516
0.016408
0.007863
0.009020
0.013807
0.025633
0.004261
0.004629
0.005678
0.037953
0.015985
0.024521
0.037595
0.043724
0.409920
0.061441
0.015625
0.016314
0.022212
0.031461
0.038958
0.033531
0.119681
0.028051
0.694682
0.438818
0.467193
0.354156
0.054587
0.009217
0.014054
0.026890
0.002517
0.149646
0.414100
0.093420
0.034910
0.058284
0.034071
0.053431
0.010261
0.560192
0.445671
0.234188
0.188105
0.118281
0.804789
0.060343
0.069809
0.062413
0.003864
0.021817
0.016155
0.012773
0.040955
0.082262
0.101509
0.084480
0.040845
0.012450
0.013245
0.015922
0.016940
0.012783
0.013422
0.152705
0.054439
0.009304
0.014502
0.010803
0.010668
0.018482
0.020863
0.012892
0.175151
0.012208
0.015060
0.105554
0.098381
0.018021
0.029642
0.027267
0.047587
0.030202
0.052226
0.038308
0.066354
0.049149
0.040114
0.016278
0.043966
0.014608
0.006242
0.012114
0.033378
0.022156
0.029139
0.010573
0.022232
0.019728
0.039594
0.039149
0.035413
0.036386
0.007697
0.018884
0.019985
0.197596
0.106299
0.027696
0.024470
0.100885
0.060811
0.018520
0.025570
0.003542
0.014473
0.014369
0.014995
0.014205
0.007553
0.021230
0.008453
0.012702
0.012128
0.015852
0.015513
0.015041
0.014939
0.019733
0.005130
0.006120
0.008856
0.047105
0.005795
0.003909
0.004251
0.008418
0.016269
0.023110
0.024461
0.020112
0.014936
0.017783
0.023443
0.023050
0.024644
0.029153
0.023543
0.023751
0.036191
0.033890
0.030780
0.033810
0.012853
0.005156
0.014382
0.005409
0.084597
0.012970
0.023563
0.011380
0.021421
0.011318
0.013836
0.007083
0.081700
0.078855
0.062503
0.015054
0.010400
0.010814
0.025489
0.011358
0.053215
0.052049
0.006815
0.019650
0.012226
0.012522
0.024893
0.026200
0.010261
0.019817
0.021407
0.014993
0.010825
0.013418
0.022766
0.019986
0.014482
0.015820
0.025124
0.015057
0.019619
0.017991
0.018371
0.006418
0.005631
0.003492
0.005387
0.003960
0.009341
0.014257
0.076490
0.043056
0.059040
0.021860
0.001006
0.008140
0.019829
0.018652
0.012446
0.007274
0.016751
0.008391
0.010259
0.001160
0.000684
0.035109
0.052975
0.014853
0.012773
0.010803
0.011094
0.068821
0.081075
0.048370
0.075068
0.079661
0.110476
0.017663
0.009464
0.013516
0.007977
0.010413
0.010825
0.014530
0.008941
0.015744
0.013168
0.032115
0.039237
0.038344
0.014858
0.010604
0.013046
0.012313
0.015790
0.029791
0.019427
0.015248
0.014692
0.016083
0.013702
0.014829
0.017928
0.015887
0.033374
0.019825
0.028392
0.026241
0.029414
0.028811
0.011873
0.017016
0.055070
0.015640
0.033897
0.020673
0.013233
0.024575
0.014131
0.018229
0.022011
0.019742
0.008537
0.015823
0.018517
0.029566
0.027183
0.097906
0.049112
0.016807
0.013627
0.025702
0.010673
0.009538
0.012018
0.009644
0.016382
0.014486
0.030417
0.008149
0.013771
0.013771
0.010424
0.013519
0.019425
0.017492
0.014955
0.011778
0.010666
0.009417
0.009087
0.006097
0.013358
0.023366
0.032638
0.019945
0.007128
0.007023
0.010001
0.010851
0.006642
0.031026
0.011666
0.017840
0.004860
0.006680
0.005856
0.016277
0.017422
0.003095
0.029202
0.022342
0.014415
0.020718
0.014133
0.011821
0.006841
0.008158
0.008449
0.013251
0.010253
0.008715
0.010593
0.011867
0.012333
0.011121
0.011216
0.011584
0.015525
0.015700
0.020187
0.011112
0.011841
0.010649
0.009116
0.007056
0.021831
0.036930
0.048791
0.044170
0.025302
0.048117
0.099278
0.032201
0.015911
0.016070
0.018908
0.021557
0.050345
0.055021
0.085371
0.098902
0.070002
0.047844
0.040499
0.034209
0.038976
0.028093
0.018465
0.017410
0.014481
0.017296
0.019845
0.015847
0.015620
0.016451
0.012129
0.020468
0.019603
0.016871
0.017560
0.017100
0.018856
0.019845
0.027590
0.026487
0.020603
0.018726
0.010509
0.005682
0.004450
0.000407
0.003095
0.001281
0.000355
0.005167
0.006675
0.001281
0.007002
0.007493
0.009341
0.010628
0.018792
0.025447
0.009901
0.008149
0.010082
0.009056
0.010673
0.012509
0.009890
0.010615
0.012399
0.013456
0.009270
0.009030
0.012378
0.010386
0.029946
0.031580
0.018452
0.012853
0.009407
0.005032
0.005422
0.007773
0.008942
0.006646
0.005587
0.011988
0.006672
0.004246
0.006189
0.005257
0.006354
0.007056
0.006107
0.007566
0.009532
0.009424
0.010593
0.006219
0.006421
0.006696
0.006459
0.011380
0.019196
0.020263
0.012891
0.011763
0.018606
0.009856
0.009535
0.013393
0.009643
0.008001
0.004558
0.012596
0.013183
0.007326
0.029811
0.016246
0.019340
0.010693
0.006824
0.015657
0.012030
0.012637
0.018200
0.014701
0.015694
0.030199
0.008546
0.021877
0.016760
0.021406
0.020407
0.024776
0.006832
0.009081
0.011604
0.004456
0.004469
0.010811
0.005176
0.004732
0.005753
0.005597
0.007344
0.005525
0.016774
0.009848
0.010114
0.013909
0.006072
0.009934
0.011179
0.020704
0.028624
0.011104
0.018908
0.006605
0.006817
0.017074
0.019487
0.003911
0.007081
0.000841
0.003300
0.005893
0.005373
0.006590
0.011180
0.008258
0.009284
0.008357
0.005875
0.011018
0.008357
0.006809
0.003603
0.001344
0.008961
0.008189
0.007415
0.006410
0.006146
0.006819
0.006824
0.008064
0.007844
0.007428
0.007415
0.006451
0.010114
0.019848
0.016705
0.014648
0.002678
0.006019
0.006418
0.011668
0.023708
0.008617
0.011705
0.005212
0.002050
0.015679
0.018371
0.004357
0.021860
0.007881
0.007839
0.009085
0.003960
0.007643
0.007818
0.007258
0.019859
0.006975
0.020579
0.002515
0.014959
0.013335
0.024091
0.011018
0.004195
0.005971
0.005018
0.007276
0.001605
0.017066
0.007276
0.007501
0.014710
0.015919
0.003545
0.001491
0.007000
0.000669
0.004364
0.007844
0.011233
0.012415
0.017447
0.020418
0.020637
0.022576
0.028590
0.022390
0.011958
0.015486
0.010303
0.012313
0.006819
0.008019
0.006062
0.009264
0.000933
0.015405
0.004450
0.006964
0.103728
0.027495
0.039520
0.006299
0.018635
0.005380
0.019884
0.029830
0.033003
0.030819
0.030026
0.015121
0.010877
0.014372
0.015769
0.008373
0.009308
0.017116
0.014736
0.013349
0.020966
0.019580
0.017827
0.049162
0.021093
0.068036
0.096207
0.136591
0.096716
0.104370
0.094837
0.073372
0.077329
0.069187
0.065349
0.061670
0.059804
0.058823
0.044445
0.048236
0.015437
0.064305
0.064057
0.051468
0.065372
0.067142
0.062072
0.065207
0.063684
0.064816
0.057467
0.061517
0.056486
0.058660
0.045915
0.054539
0.055780
0.055932
0.048881
0.042279
0.033728
0.017807
0.014022
0.017353
0.017654
0.018836
0.020997
0.016001
0.044798
0.025454
0.038644
0.033532
0.024898
0.010585
0.011827
0.014764
0.015230
0.011474
0.015790
0.015659
0.013275
0.025270
0.015878
0.026692
0.027526
0.026314
0.011483
0.012884
0.019776
0.019736
0.019154
0.012431
0.012168
0.018361
0.015275
0.015237
0.016154
0.023506
0.012168
0.018349
0.037668
0.039284
0.034468
0.041697
0.040182
0.035212
0.038170
0.034351
0.027281
0.037724
0.038184
0.057714
0.059511
0.062809
0.060509
0.067434
0.071616
0.060294
0.064840
0.045407
0.057833
0.052648
0.050304
0.037076
0.038338
0.037906
0.038376
0.079422
0.038421
0.086354
0.074769
0.044047
0.111260
0.107963
0.102119
0.083576
0.121173
0.101855
0.087833
0.059096
0.081930
0.049954
0.053274
0.040481
0.050128
0.041719
0.043763
0.051237
0.014025
0.017760
0.022502
0.029891
0.040589
0.033094
0.032660
0.021063
0.020230
0.027799
0.006717
0.006885
0.014400
0.007442
0.008414
0.003440
0.004575
0.006829
0.003831
0.003284
0.005194
0.004321
0.006802
0.007799
0.014468
0.007445
0.008261
0.013612
0.008983
0.006098
0.007344
0.007381
0.014090
0.012094
0.016240
0.024955
0.022306
0.029502
0.017985
0.013744
0.011921
0.010408
0.009422
0.010005
0.006741
0.008124
0.008183
0.008106
0.008366
0.007981
0.010236
0.010459
0.008827
0.010912
0.010777
0.008548
0.003924
0.004601
0.002940
0.010959
0.014188
0.011973
0.007699
0.010408
0.009422
0.007560
0.006098
0.013947
0.035862
0.038041
0.049057
0.047258
0.004050
0.023701
0.013095
0.016025
0.024164
0.035945
0.046146
0.057569
0.076878
0.094411
0.072168
0.085248
0.056650
0.048803
0.035699
0.025587
0.016399
0.030344
0.049447
0.013996
0.010537
0.006137
0.004824
0.011915
0.013477
0.024289
0.053361
0.012219
0.010863
0.021377
0.026935
0.040239
0.032621
0.022391
0.004486
0.016363
0.034700
0.054176
0.044753
0.042606
0.032141
0.036260
0.031069
0.029845
0.055128
0.052543
0.024645
0.026291
0.023756
0.036455
0.050607
0.051112
0.031740
0.017510
0.024940
0.031577
0.032542
0.029136
0.024998
0.019262
0.012717
0.012999
0.011040
0.013417
0.008225
0.014936
0.008894
0.008865
0.013097
0.013417
0.012140
0.019416
0.029407
0.052855
0.049279
0.042773
0.010385
0.014467
0.006979
0.005732
0.007613
0.006729
0.011723
0.005883
0.005846
0.020641
0.007330
0.006938
0.008855
0.111620
0.116586
0.141428
0.168079
0.146056
0.020166
0.026955
0.027069
0.036067
0.028879
0.016721
0.022895
0.006750
0.006003
0.009095
0.008240
0.015010
0.011194
0.012416
0.011614
0.032156
0.034051
0.051915
0.043042
0.040651
0.038767
0.038967
0.003790
0.004025
0.019203
0.015637
0.017107
0.019475
0.012490
0.020849
0.030022
0.015726
0.035737
0.045789
0.052780
0.050714
0.080759
0.082937
0.074043
0.061192
0.047934
0.063591
0.052757
0.037201
0.034307
0.025673
0.018101
0.019818
0.007199
0.010716
0.013553
0.013191
0.048472
0.035510
0.025058
0.008985
0.005909
0.010412
0.026733
0.030591
0.056495
0.070367
0.058865
0.015476
0.005793
0.007605
0.018158
0.028110
0.027752
0.030013
0.023424
0.057843
0.082383
0.079919
0.038407
0.025019
0.015122
0.013568
0.045398
0.026724
0.040880
0.035847
0.046277
0.020697
0.020120
0.012240
0.023424
0.046793
0.030644
0.031893
0.005477
0.004302
0.037952
0.015841
0.024835
0.050258
0.056105
0.007792
0.019833
0.014753
0.020550
0.030878
0.042113
0.068667
0.093935
0.093750
0.093645
0.107918
0.117145
0.078340
0.095844
0.043355
0.045526
0.047574
0.039299
0.041907
0.114830
0.109222
0.098422
0.117433
0.110715
0.102687
0.102984
0.111822
0.113965
0.106710
0.026169
0.181516
0.158821
0.144895
0.303509
0.301824
0.210536
0.159992
0.309850
0.176746
0.132790
0.080298
0.073484
0.074838
0.072616
0.080528
0.066704
0.062060
0.055716
0.063198
0.061446
0.057619
0.057949
0.058393
0.176722
0.140119
0.060106
0.068467
0.076416
0.071602
0.072480
0.082322
0.079864
0.073954
0.111110
0.070511
0.064648
0.044191
0.025030
0.070577
0.057166
0.066972
0.064149
0.102953
0.035704
0.030727
0.008820
0.084741
0.109188
0.186853
0.099764
0.095265
0.173644
0.025009
0.007142
0.007396
0.033729
0.025605
0.014922
0.016033
0.007431
0.014908
0.007142
0.013992
0.012282
0.012830
0.011247
0.008106
0.007533
0.008106
0.011456
0.012289
0.016562
0.018004
0.053275
0.022934
0.013257
0.015069
0.029210
0.015404
0.012705
0.006088
0.010789
0.012024
0.010028
0.008770
0.005819
0.011735
0.012906
0.009954
0.010176
0.007200
0.010355
0.007674
0.008248
0.010425
0.009542
0.007335
0.005888
0.015531
0.013793
0.015577
0.045342
0.035978
0.011780
0.016158
0.010874
0.010972
0.009289
0.009741
0.034153
0.014415
0.021421
0.031272
0.025880
0.021310
0.012976
0.004894
0.003429
0.005004
0.017671
0.005238
0.006374
0.005537
0.004333
0.006861
0.012287
0.003848
0.005276
0.004772
0.005392
0.004692
0.003972
0.003364
0.003154
0.003511
0.003881
0.013541
0.003382
0.006418
0.007587
0.012328
0.004589
0.004457
0.005196
0.004308
0.007499
0.009532
0.011868
0.003978
0.004050
0.015533
0.003614
0.007591
0.009523
0.006028
0.014285
0.011552
0.011923
0.036024
0.036363
0.007619
0.004684
0.009499
0.004684
0.008052
0.006070
0.006179
0.005612
0.008074
0.012160
0.006566
0.029196
0.025785
0.005394
0.028428
0.007584
0.006242
0.015539
0.004852
0.006841
0.005165
0.010799
0.008260
0.009726
0.004140
0.014964
0.004260
0.009510
0.005803
0.016053
0.015884
0.033827
0.010093
0.010170
0.006711
0.003519
0.008327
0.006816
0.022280
0.010531
0.011408
0.006368
0.011898
0.006240
0.010301
0.005978
0.089962
0.022864
0.024044
0.035367
0.037498
0.006189
0.014041
0.007823
0.005030
0.010324
0.005290
0.004560
0.009291
0.006945
0.006024
0.005205
0.013264
0.006598
0.006814
0.007697
0.021364
0.011060
0.013154
0.006773
0.006923
0.008956
0.009137
0.024735
0.062987
0.039808
0.090132
0.092712
0.078858
0.068254
0.023178
0.090023
0.117361
0.039889
0.015799
0.004313
0.035252
0.019794
0.013468
0.009644
0.022911
0.017621
0.006831
0.009189
0.007244
0.004580
0.005344
0.009735
0.020207
0.016042
0.015939
0.014205
0.017992
0.006900
0.006784
0.005167
0.030397
0.013992
0.007867
0.009800
0.009465
0.008399
0.011791
0.019952
0.007105
0.007930
0.005177
0.007056
0.005659
0.005851
0.004714
0.005563
0.012517
0.008422
0.007111
0.004244
0.004821
0.005885
0.005435
0.009717
0.005936
0.005284
0.005874
0.004994
0.004625
0.004471
0.006788
0.007254
0.007994
0.009670
0.006803
0.004510
0.004682
0.034926
0.007368
0.006629
0.006988
0.033346
0.034798
0.011854
0.007727
0.007795
0.005126
0.005563
0.009068
0.004415
0.006106
0.004877
0.003794
0.013746
0.019030
0.004445
0.016798
0.016116
0.012137
0.031728
0.021419
0.021169
0.007022
0.007960
0.006315
0.009795
0.009356
0.004737
0.008311
0.012773
0.027793
0.005392
0.004831
0.006938
0.004694
0.005920
0.004531
0.015972
0.022151
0.017935
0.020433
0.012229
0.007931
0.011940
0.004595
0.008760
0.010931
0.010043
0.009015
0.011583
0.002974
0.007871
0.006970
0.007042
0.006038
0.003756
0.004668
0.003873
0.004234
0.003015
0.004167
0.003371
0.004595
0.012397
0.018308
0.031106
0.031431
0.014782
0.035593
0.004362
0.002900
0.012662
0.006173
0.010920
0.014642
0.006621
0.026933
0.010360
0.004506
0.011271
0.004410
0.004494
0.005157
0.006400
0.004522
0.013712
0.016114
0.006447
0.005312
0.011467
0.025083
0.004302
0.008729
0.009490
0.003288
0.003462
0.012715
0.003760
0.022693
0.004258
0.008175
0.018350
0.018787
0.003526
0.005218
0.006855
0.009997
0.009610
0.004636
0.006804
0.005787
0.003026
0.004455
0.004599
0.006827
0.018930
0.010369
0.015188
0.009772
0.007410
0.013010
0.006519
0.010394
0.012008
0.007129
0.005526
0.006116
