0.042172
0.078296
0.040422
0.078296
0.039684
0.044102
0.057559
0.078296
0.044102
0.075227
0.079066
0.030330
0.055270
0.035810
0.068778
0.022396
0.038571
0.032493
0.049548
0.066578
0.021654
0.047867
0.033810
0.020002
0.033810
0.045836
0.025438
0.019103
0.033518
0.032612
0.135616
0.032612
0.043811
0.020631
0.020736
0.020656
0.032811
0.030765
0.042210
0.022286
0.022324
0.018614
0.041906
0.021922
0.021922
0.014446
0.024134
0.018383
0.018815
0.018383
0.018815
0.018306
0.024773
0.014256
0.020883
0.027954
0.020307
0.028464
0.018173
0.020307
0.022842
0.020345
0.025202
0.025202
0.027580
0.023388
0.026235
0.026019
0.024258
0.024258
0.025996
0.024710
0.028407
0.024775
0.024258
0.026019
0.024579
0.024196
0.023208
0.023382
0.021475
0.023421
0.023883
0.021853
0.033517
0.027853
0.024909
0.014211
0.017103
0.016519
0.027853
0.016901
0.013110
0.013580
0.020589
0.024909
0.016792
0.011500
0.016901
0.016901
0.020235
0.016792
0.011500
0.020818
0.020704
0.013080
0.013199
0.011205
0.011205
0.022729
0.020339
0.012565
0.015495
0.019742
0.020979
0.015657
0.012711
0.015657
0.012565
0.052250
0.011605
0.015158
0.012539
0.020339
0.019210
0.011359
0.011457
0.011767
0.010884
0.039215
0.010849
0.015882
0.015399
0.023430
0.009325
0.009313
0.009313
0.032530
0.039443
0.023137
0.009903
0.024004
0.141945
0.010440
0.076922
0.011403
0.009351
0.023915
0.012435
0.024054
0.010440
0.024004
0.009995
0.017440
0.024071
0.024010
0.010456
0.040600
0.012460
0.026890
0.073496
0.073496
0.031050
0.068470
0.038306
0.027907
0.027907
0.045354
0.019114
0.053933
0.053933
0.021319
0.028020
0.053933
0.044161
0.044161
0.023157
0.063682
0.044496
0.064057
0.031726
0.035399
0.151411
0.037952
0.038478
0.045002
0.230589
0.056387
0.058092
0.055949
0.091771
0.032044
0.031733
0.031303
0.035309
0.048730
0.029743
0.035906
0.036167
0.035867
0.036343
0.026568
0.036167
0.036811
0.024238
0.024144
0.024025
0.030166
0.024966
0.024025
0.030166
0.023591
0.034644
0.024233
0.023886
0.021778
0.022551
0.022783
0.032277
0.020806
0.024073
0.022551
0.038821
0.022551
0.018111
0.021420
0.020308
0.032874
0.076854
0.020035
0.024148
0.020035
0.017245
0.017192
0.018486
0.017601
0.016979
0.025595
0.016900
0.016979
0.018283
0.032229
0.018300
0.025705
0.035009
0.022784
0.054571
0.022784
0.031872
0.023888
0.019403
0.031817
0.030966
0.022590
0.025266
0.022590
0.024806
0.028715
0.025476
0.065338
0.039970
0.046812
0.030431
0.024847
0.065338
0.030370
0.054938
0.033616
0.047779
0.068398
0.034052
0.043988
0.087433
0.041237
0.040466
0.032357
0.042020
0.032357
0.040466
0.036901
0.035411
0.101041
0.042015
0.042760
0.095849
0.063131
0.096209
0.044686
0.039710
0.038204
0.063603
0.051481
0.033439
0.035782
0.049754
0.047662
0.047801
0.049508
0.073293
0.034854
0.033186
0.090165
0.049754
0.075923
0.051784
0.032012
0.033186
0.034610
0.049876
0.032682
0.033012
0.095081
0.057156
0.028899
0.269151
0.050655
0.024313
0.048405
0.055034
0.017848
0.047151
0.070501
0.047151
0.036357
0.038767
0.132949
0.033946
0.091635
0.034276
0.034276
0.071738
0.040613
0.091635
0.013559
0.020089
0.011501
0.012234
0.013646
0.014632
0.068502
0.011501
0.012234
0.013902
0.029481
0.006681
0.026682
0.003896
0.005325
0.004807
0.022545
0.007060
0.091623
0.008490
0.007516
0.007060
0.008490
0.060639
0.097172
0.008965
0.008460
0.091398
0.012101
0.008027
0.008965
0.027454
0.011959
0.093397
0.011959
0.011959
0.008490
0.237571
0.008027
0.007516
0.008490
0.011959
0.100193
0.021617
0.011959
0.011959
0.011959
0.008965
0.027454
0.011959
0.009817
0.021617
0.048266
0.008965
0.012844
0.022378
0.054914
0.042943
0.014109
0.011151
0.023416
0.076214
0.039366
0.043637
0.011151
0.023416
0.012550
0.019260
0.024905
0.037169
0.060191
0.045995
0.037169
0.056322
0.029833
0.060191
0.021068
0.027315
0.057146
0.038699
0.032129
0.030562
0.032199
0.022993
0.029824
0.032199
0.032273
0.024771
0.021599
0.024771
0.030562
0.032273
0.049805
0.032273
0.036802
0.021599
0.021599
0.044258
0.076450
0.017809
0.023372
0.023372
0.018479
0.052285
0.089390
0.116963
0.367833
0.192152
0.272251
0.029660
0.284478
0.292810
0.386525
0.205892
0.107004
0.060952
0.128562
0.017560
0.017034
0.017034
0.012544
0.027767
0.057781
0.059427
0.026642
0.030528
0.026642
0.012178
0.014994
0.010669
0.011025
0.008222
0.069231
0.032204
0.007631
0.016009
0.011542
0.008222
0.068000
0.012252
0.007037
0.012463
0.011542
0.007631
0.007631
0.047918
0.016009
0.007631
0.016736
0.014947
0.045372
0.043899
0.045457
0.042914
0.037234
0.012034
0.016453
0.017075
0.037277
0.046238
0.037164
0.016453
0.083031
0.011779
0.011779
0.048033
0.012280
0.012837
0.013000
0.012837
0.011712
0.011779
0.017547
0.016453
0.036145
0.016453
0.013000
0.037164
0.011779
0.016453
0.016453
0.036834
0.105669
0.024372
0.021689
0.032170
0.029829
0.066309
0.031707
0.021689
0.026962
0.029829
0.020607
0.022369
0.032170
0.027213
0.021689
0.021146
0.032170
0.028325
0.022369
0.033985
0.029792
0.030256
0.022501
0.028364
0.025698
0.030230
0.024264
0.030260
0.024264
0.024660
0.029405
0.029405
0.022649
0.023380
0.023380
0.020172
0.024324
0.036704
0.020172
0.030339
0.036704
0.018654
0.027970
0.027558
0.024577
0.024324
0.028567
0.028665
0.027970
0.023147
0.049797
0.018578
0.020161
0.026388
0.022445
0.019280
0.022445
0.022445
0.038024
0.021115
0.020161
0.022245
0.020161
0.019910
0.019679
0.449789
0.022070
0.041502
0.038925
0.019679
0.021047
0.038925
0.009410
0.011811
0.024315
0.019679
0.022163
0.038075
0.038075
0.019343
0.024315
0.024290
0.022375
0.024315
0.024315
0.038918
0.021187
0.024574
0.019370
0.011552
0.024574
0.011552
0.019370
0.011552
0.019409
0.022316
0.019409
0.010536
0.012286
0.022333
0.022414
0.010832
0.019866
0.019866
0.010818
0.022333
0.024207
0.019409
0.010832
0.038919
0.010818
0.038918
0.024207
0.011552
0.009410
0.010818
0.010612
0.022333
0.010612
0.022418
0.022333
0.011552
0.035919
0.010818
0.010536
0.011552
0.022333
0.010612
0.038918
0.010818
0.009917
0.037177
0.011552
0.010536
0.038919
0.010536
0.010536
0.012286
0.007073
0.035919
0.024207
0.038031
0.011552
0.010832
0.035978
0.012286
0.022333
0.012286
0.010536
0.037099
0.007073
0.036917
0.045487
0.038081
0.038081
0.038031
0.037099
0.006356
0.037099
0.052505
0.034453
0.036173
0.024213
0.009752
0.052925
0.034700
0.025174
0.038081
0.034700
0.022109
0.022109
0.034700
0.037099
0.007073
0.035919
0.037099
0.037049
0.041379
0.036917
0.038081
0.038463
0.037642
0.045487
0.035978
0.036917
0.037642
0.028205
0.045487
0.028205
0.026964
0.011160
0.037570
0.036917
0.037570
0.012115
0.037642
0.038463
0.012115
0.028205
0.046395
0.007073
0.020789
0.038463
0.038463
0.038463
0.015671
0.023724
0.027072
0.046395
0.037606
0.046395
0.020789
0.019920
0.047109
0.015329
0.026008
0.031776
0.023724
0.038463
0.020898
0.015329
0.218564
0.012115
0.012115
0.030536
0.019988
0.019988
0.038463
0.023724
0.032714
0.026964
0.027550
0.028205
0.020789
0.024460
0.052365
0.028205
0.027550
0.018956
0.027072
0.109537
0.024460
0.019988
0.015635
0.017500
0.018956
0.036263
0.011160
0.115716
0.024460
0.019988
0.011160
0.042016
0.020390
0.013230
0.017485
0.017496
0.020390
0.018956
0.015635
0.017485
0.015185
0.017477
0.010285
0.014653
0.009842
0.110286
0.017496
0.015635
0.042016
0.218564
0.015635
0.019769
0.025174
0.115716
0.046368
0.024460
0.115716
0.024460
0.020991
0.017477
0.017477
0.015185
0.039372
0.015185
0.017477
0.024213
0.024213
0.013106
0.018865
0.018865
0.018865
0.016560
0.014840
0.013399
0.011514
0.013399
0.013106
0.110696
0.017496
0.039372
0.047079
0.015195
0.015195
0.016767
0.018451
0.019447
0.015767
0.019447
0.013385
0.034811
0.013409
0.013180
0.011514
0.013385
0.013399
0.019447
0.018287
0.015185
0.013106
0.039372
0.041386
0.013409
0.013743
0.048280
0.018338
0.019737
0.018338
0.108308
0.199589
0.054963
0.111638
0.032085
0.115290
0.012421
0.022218
0.012699
0.015012
0.022606
0.012312
0.015132
0.012312
0.015369
0.081295
0.121226
0.014125
0.012312
0.014839
0.014839
0.030323
0.014900
0.069191
0.012584
0.069191
0.012312
0.069191
0.069191
0.014927
0.014839
0.014633
0.113160
0.023798
0.032085
0.014927
0.014633
0.066868
0.024741
0.014571
0.042431
0.023798
0.069191
0.014633
0.024010
0.014307
0.062498
0.014927
0.016700
0.030323
0.015369
0.024096
0.014900
0.014633
0.014839
0.014839
0.015132
0.013498
0.042633
0.024741
0.014125
0.012791
0.042113
0.024741
0.012791
0.042633
0.023798
0.032085
0.014571
0.022606
0.012352
0.016700
0.012421
0.014927
0.016579
0.015345
0.058028
0.015012
0.014873
0.030323
0.043623
0.021226
0.024010
0.012312
0.012699
0.024010
0.014307
0.012312
0.014839
0.024010
0.014633
0.012312
0.012791
0.014125
0.013498
0.046772
0.027285
0.027285
0.013592
0.033331
0.022960
0.014934
0.028837
0.030145
0.027285
0.022960
0.015195
0.028837
0.022960
0.027151
0.022960
0.016541
0.022960
0.023991
0.016629
0.027151
0.027071
0.040669
0.042910
0.031847
0.029665
0.089188
0.082954
0.067459
0.065405
0.049218
0.028733
0.034771
0.034625
0.031847
0.039963
0.089188
0.032176
0.031881
0.034147
0.037373
0.045654
0.038628
0.052883
0.141614
0.052097
0.048112
0.052097
0.040055
0.043069
0.059895
0.041883
0.059895
0.043069
0.053522
0.042990
0.053725
0.067659
0.098001
0.042978
0.030453
0.030453
0.037728
0.231171
0.030453
0.042358
0.043025
0.042358
0.042358
0.035754
0.035660
0.039960
0.042978
0.052996
0.037728
0.035660
0.038171
0.038171
0.059753
0.064839
0.039960
0.030453
0.027945
0.030608
0.028815
0.035093
0.037069
0.029399
0.027896
0.037808
0.028602
0.028815
0.029679
0.032407
0.026505
0.037537
0.027826
0.025801
0.037537
0.034921
0.076967
0.025786
0.027547
0.061573
0.027850
0.027547
0.026359
0.026900
0.154756
0.031976
0.046645
0.024732
0.020256
0.020027
0.020364
0.029143
0.037008
0.021423
0.020711
0.024744
0.020027
0.020451
0.026030
0.020451
0.044853
0.020168
0.045884
0.020339
0.019401
0.024732
0.046756
0.020451
0.019904
0.044853
0.024978
0.018852
0.019477
0.019606
0.018683
0.024162
0.024002
0.019487
0.019011
0.019311
0.019011
0.021553
0.018985
0.023983
0.021689
0.083098
0.134366
0.040246
0.023103
0.018258
0.022021
0.037191
0.022532
0.022532
0.022532
0.037191
0.031608
0.020898
0.022247
0.061257
0.026641
0.019888
0.069426
0.024967
0.024742
0.018899
0.024742
0.042489
0.019319
0.035547
0.024357
0.079063
0.019239
0.023398
0.052329
0.056022
0.019438
0.018565
0.033821
0.023398
0.019603
0.022698
0.019438
0.020154
0.018565
0.015970
0.037586
0.024298
0.024359
0.015970
0.024359
0.018565
0.019442
0.019603
0.018565
0.018426
0.022763
0.019193
0.017085
0.018526
0.023743
0.023809
0.023743
0.021895
0.051289
0.066845
0.026203
0.026203
0.018191
0.020949
0.021705
0.061119
0.021005
0.018191
0.066845
0.020568
0.019573
0.020570
0.037611
0.022265
0.037611
0.069782
0.029977
0.023383
0.045431
0.033910
0.056980
0.038540
0.020859
0.033910
0.053833
0.063274
0.038540
0.020859
0.071252
0.131489
0.067669
0.046447
0.045431
0.219615
0.020939
0.020268
0.031166
0.123865
0.046447
0.031415
0.047304
0.069782
0.072242
0.045431
0.020647
0.029977
0.040511
0.031166
0.047304
0.021272
0.020268
0.047814
0.073386
0.043367
0.060926
0.080036
0.051345
0.115895
0.142392
0.138976
0.118396
0.069646
0.050694
0.079319
0.058614
0.058614
0.042929
0.073835
0.062207
0.090598
0.042906
0.045081
0.024638
0.029488
0.041999
0.036972
0.063226
0.056071
0.074098
0.058924
0.074098
0.076476
0.063226
0.046505
0.035552
0.024865
0.027896
0.205093
0.015172
0.028721
0.041134
0.019963
0.018538
0.016250
0.018790
0.009618
0.009996
0.088192
0.009618
0.011092
0.083842
0.026196
0.015172
0.034320
0.019894
0.017575
0.026427
0.034320
0.013630
0.020450
0.204736
0.019397
0.083842
0.086826
0.018790
0.018908
0.031302
0.016250
0.017044
0.016250
0.009618
0.016107
0.028591
0.017176
0.029152
0.012426
0.017463
0.028888
0.017759
0.017463
0.025579
0.088192
0.016977
0.031748
0.016977
0.018220
0.091139
0.028668
0.013771
0.029372
0.009618
0.016162
0.017176
0.013213
0.009618
0.017044
0.016538
0.017759
0.016249
0.028591
0.030896
0.018264
0.022059
0.020162
0.014523
0.028668
0.030896
0.030896
0.091139
0.089712
0.216265
0.089077
0.029529
0.025811
0.029529
0.025020
0.017463
0.010353
0.009618
0.017176
0.017865
0.089712
0.030896
0.017703
0.092250
0.014523
0.017759
0.012426
0.016193
0.016193
0.013213
0.018044
0.016249
0.009618
0.017759
0.012426
0.026870
0.021724
0.016250
0.017176
0.013213
0.024138
0.016162
0.029529
0.023507
0.018044
0.017176
0.011092
0.010755
0.011092
0.026427
0.036435
0.011092
0.019105
0.037637
0.017044
0.087174
0.011092
0.039859
0.018908
0.018790
0.017349
0.016538
0.097870
0.017044
0.009618
0.021391
0.021572
0.021724
0.036755
0.017703
0.018044
0.017672
0.022431
0.016451
0.022431
0.016249
0.024445
0.017759
0.017865
0.025579
0.029688
0.018225
0.021148
0.021148
0.016210
0.016210
0.021521
0.016210
0.024764
0.016364
0.023647
0.023647
0.023360
0.034239
0.021339
0.034239
0.023647
0.028504
0.023584
0.052947
0.023360
0.027084
0.022281
0.019793
0.027084
0.023360
0.027084
0.021339
0.017650
0.021073
0.027084
0.017593
0.019216
0.021742
0.018229
0.019216
0.027084
0.021487
0.019793
0.020015
0.019649
0.019479
0.039991
0.023360
0.019793
0.019012
0.021521
0.019474
0.019501
0.017430
0.021521
0.021148
0.019501
0.021699
0.016170
0.021148
0.021148
0.019772
0.019405
0.019479
0.019405
0.019012
0.019216
0.016781
0.017678
0.016547
0.021072
0.019012
0.019501
0.021148
0.020242
0.019479
0.017593
0.019501
0.019131
0.016210
0.020489
0.016210
0.019405
0.020816
0.020816
0.019216
0.019145
0.016547
0.019012
0.017295
0.019012
0.016364
0.016210
0.016210
0.019405
0.020242
0.019758
0.020816
0.021253
0.020242
0.021391
0.020816
0.021253
0.019651
0.019501
0.019012
0.019651
0.019145
0.019012
0.022281
0.018716
0.019731
0.020918
0.019012
0.019293
0.019012
0.018189
0.018378
0.023584
0.024806
0.019489
0.017685
0.019731
0.016281
0.019793
0.017558
0.016281
0.018554
0.018386
0.024806
0.017685
0.019489
0.023650
0.019489
0.018554
0.017685
0.020623
0.020623
0.020809
0.017717
0.016960
0.034048
0.018554
0.019731
0.024399
0.018237
0.017717
0.020809
0.017685
0.020292
0.018237
0.018386
0.017717
0.017558
0.019489
0.029038
0.019731
0.017685
0.029038
0.016443
0.017912
0.019731
0.017685
0.017678
0.016281
0.017685
0.017593
0.014810
0.017106
0.017295
0.016443
0.017236
0.017717
0.017525
0.014810
0.016443
0.018716
0.017593
0.020918
0.018716
0.017524
0.017295
0.019333
0.023007
0.018716
0.016443
0.018716
0.016781
0.017593
0.019838
0.020625
0.018189
0.018716
0.016781
0.020625
0.020918
0.026165
0.020918
0.028962
0.019333
0.017236
0.022533
0.018138
0.034254
0.019779
0.023007
0.027107
0.044424
0.031348
0.032569
0.030967
0.041617
0.035495
0.038628
0.038986
0.035495
0.028067
0.050044
0.034323
0.054367
0.028336
0.054300
0.061668
0.048260
0.048260
0.073138
0.064736
0.056642
0.064766
0.064766
0.043664
0.050229
0.044829
0.013503
0.014048
0.054367
0.028150
0.028336
0.027984
0.013776
0.038218
0.014048
0.065985
0.041663
0.050978
0.038218
0.035495
0.028336
0.014048
0.025116
0.028150
0.035495
0.042238
0.038218
0.011999
0.048276
0.031898
0.044829
0.027984
0.028067
0.022215
0.011889
0.031898
0.022215
0.022441
0.022215
0.027984
0.028336
0.028067
0.023562
0.028150
0.034572
0.023562
0.011889
0.012550
0.023562
0.035495
0.011889
0.028067
0.011889
0.034323
0.019328
0.011889
0.014008
0.034323
0.022215
0.014008
0.012550
0.021459
0.022215
0.024311
0.025116
0.031898
0.014008
0.030967
0.023572
0.016023
0.022441
0.013933
0.013146
0.020085
0.019124
0.018100
0.022950
0.021188
0.021741
0.013146
0.018514
0.013488
0.013229
0.017664
0.019218
0.020821
0.013488
0.013229
0.019751
0.017900
0.017775
0.018132
0.017144
0.017535
0.015381
0.016128
0.017535
0.017373
0.017266
0.017373
0.019124
0.017593
0.019504
0.101491
0.017144
0.014929
0.016395
0.014855
0.016395
0.017144
0.014855
0.016349
0.017401
0.019337
0.014855
0.019199
0.016360
0.014929
0.018986
0.016395
0.013665
0.019337
0.017396
0.017798
0.019337
0.016460
0.018717
0.015956
0.040920
0.040920
0.014827
0.019337
0.014929
0.017798
0.014929
0.017144
0.014855
0.016349
0.043901
0.050551
0.020113
0.015956
0.160628
0.019884
0.144752
0.020901
0.022945
0.019884
0.020110
0.020901
0.050551
0.020701
0.017926
0.019331
0.043901
0.020901
0.025567
0.029737
0.066950
0.059412
0.023949
0.023949
0.050551
0.238341
0.333162
0.037188
0.037188
0.035426
0.037188
0.182030
0.053946
0.045846
0.073144
0.057243
0.038588
0.045334
0.048718
0.050840
0.030058
0.037188
0.035426
0.088639
0.057338
0.189312
0.096067
0.050953
0.284135
0.066523
0.082952
0.055883
0.060374
0.055883
0.009615
0.020425
0.049785
0.029779
0.026543
0.016199
0.016199
0.017908
0.030853
0.111509
0.112413
0.112264
0.009003
0.009003
0.050245
0.112264
0.016199
0.011501
0.111473
0.174231
0.027976
0.056951
0.030853
0.112388
0.013843
0.026558
0.173292
0.053481
0.014978
0.056032
0.058587
0.032865
0.035897
0.032865
0.058587
0.013843
0.028512
0.014978
0.053611
0.032865
0.040903
0.030853
0.173292
0.110424
0.179330
0.032865
0.014978
0.031874
0.030257
0.051251
0.011762
0.011501
0.016199
0.027976
0.027976
0.050903
0.173620
0.009615
0.112413
0.008407
0.301401
0.008429
0.026543
0.010313
0.026502
0.054884
0.030605
0.019027
0.019027
0.008407
0.019027
0.008407
0.008429
0.049785
0.027685
0.016987
0.020425
0.051072
0.009104
0.008407
0.019027
0.016442
0.030605
0.027186
0.053625
0.019027
0.049785
0.010313
0.024768
0.098031
0.031368
0.028985
0.098031
0.050245
0.029779
0.009003
0.009615
0.031098
0.027976
0.009003
0.016199
0.016199
0.047864
0.027012
0.019027
0.049785
0.010313
0.033022
0.047864
0.112413
0.026502
0.010313
0.009003
0.050136
0.019797
0.050903
0.028985
0.027541
0.037300
0.016199
0.040698
0.017135
0.022206
0.018995
0.021783
0.033022
0.029495
0.022129
0.033022
0.040963
0.019027
0.059257
0.018353
0.008407
0.019284
0.018129
0.029495
0.018353
0.021732
0.018129
0.021732
0.022045
0.021783
0.022045
0.031763
0.018472
0.021732
0.021732
0.020983
0.012536
0.019222
0.021732
0.018129
0.017104
0.022045
0.018129
0.021732
0.018472
0.019246
0.019246
0.017858
0.020983
0.027469
0.038112
0.019482
0.022910
0.017858
0.018555
0.016236
0.023326
0.026869
0.016910
0.020493
0.017889
0.024131
0.020493
0.017889
0.019246
0.040376
0.022045
0.024646
0.017858
0.043255
0.023326
0.023326
0.020493
0.019571
0.023326
0.031575
0.024131
0.017889
0.027492
0.038112
0.016910
0.016910
0.018060
0.018578
0.024478
0.019605
0.016343
0.022910
0.027644
0.024478
0.021202
0.023295
0.034849
0.042367
0.017889
0.017889
0.021397
0.042367
0.018555
0.017889
0.018578
0.026869
0.016910
0.018555
0.023295
0.017858
0.019571
0.018060
0.023295
0.022297
0.019246
0.030657
0.019246
0.021585
0.022297
0.021397
0.020092
0.020206
0.015752
0.018125
0.017958
0.018387
0.018077
0.018125
0.026920
0.019936
0.018387
0.023624
0.018387
0.018387
0.022586
0.018699
0.017759
0.017759
0.017759
0.021957
0.017919
0.022850
0.028067
0.019936
0.020206
0.017958
0.018056
0.022030
0.018387
0.017845
0.019926
0.021957
0.017312
0.017845
0.016273
0.019138
0.019331
0.019079
0.019138
0.019939
0.019926
0.035441
0.019926
0.021957
0.015752
0.017845
0.019926
0.021303
0.020267
0.018316
0.015752
0.015204
0.014073
0.020113
0.020631
0.020205
0.019504
0.022476
0.019939
0.022476
0.016267
0.016267
0.016267
0.019365
0.019926
0.017289
0.020701
0.020092
0.022830
0.020069
0.019926
0.022830
0.019926
0.017759
0.019233
0.017312
0.019568
0.019138
0.020701
0.017926
0.019926
0.033231
0.019926
0.018061
0.019079
0.019365
0.017289
0.019331
0.017292
0.018699
0.017147
0.017759
0.018699
0.021364
0.021151
0.017312
0.018061
0.019138
0.023949
0.018061
0.017292
0.017292
0.017292
0.019233
0.020828
0.019568
0.022830
0.029252
0.022830
0.020701
0.018061
0.019331
0.020069
0.021364
0.017292
0.019233
0.019568
0.019568
0.020877
0.019331
0.020205
0.019331
0.017926
0.019365
0.019331
0.019365
0.019331
0.018316
0.019939
0.018316
0.021491
0.023896
0.020113
0.019331
0.019939
0.018159
0.021387
0.018840
0.021387
0.020094
0.019367
0.019413
0.017798
0.017401
0.019367
0.019337
0.017401
0.017425
0.019367
0.020094
0.019337
0.017401
0.024615
0.020094
0.017401
0.018132
0.017401
0.014929
0.014855
0.017401
0.017535
0.017144
0.041823
0.014073
0.019367
0.017572
0.040489
0.016395
0.019413
0.015381
0.018986
0.017593
0.017775
0.017798
0.014850
0.014855
0.018986
0.019076
0.024615
0.015381
0.019076
0.019042
0.037141
0.015381
0.017266
0.019166
0.018514
0.017775
0.035879
0.017373
0.017373
0.017798
0.019068
0.017373
0.017266
0.019124
0.037844
0.018162
0.012150
0.018473
0.029916
0.021137
0.015424
0.030485
0.013933
0.021413
0.022395
0.021017
0.023572
0.021976
0.021459
0.021976
0.021459
0.023067
0.051186
0.020637
0.023562
0.038915
0.023067
0.019328
0.025351
0.019665
0.026094
0.026844
0.028033
0.033361
0.020637
0.026094
0.025372
0.022840
0.026844
0.058612
0.058612
0.029606
0.026844
0.031030
0.046077
0.040561
0.034550
0.029170
0.034550
0.025372
0.040561
0.030204
0.031030
0.031030
0.074107
0.031030
0.032703
0.029736
0.034492
0.028210
0.070086
0.063586
0.034725
0.032703
0.032341
0.032341
0.130105
0.042926
0.033899
0.033896
0.034153
0.037371
0.034812
0.039144
0.040044
0.040836
0.033147
0.040476
0.040836
0.035875
0.037995
0.037842
0.044338
0.033147
0.081244
0.187865
0.037842
0.035174
0.050131
0.031640
0.050131
0.030255
0.033264
0.041552
0.033366
0.033366
0.033264
0.121213
0.042038
0.031450
0.023921
0.023953
0.025642
0.027957
0.020359
0.027957
0.027942
0.043784
0.026959
0.026839
0.045967
0.028591
0.031779
0.023844
0.018451
0.023844
0.016909
0.028689
0.028689
0.032128
0.024258
0.023844
0.028018
0.017373
0.025448
0.025448
0.018989
0.015435
0.016347
0.029196
0.026642
0.016112
0.015435
0.019363
0.024442
0.015435
0.026156
0.026156
0.016173
0.016173
0.029202
0.026357
0.019613
0.016272
0.029198
0.016173
0.019613
0.028472
0.014450
0.014450
0.026357
0.027050
0.030478
0.037647
0.020013
0.016385
0.030040
0.014172
0.014172
0.028642
0.014450
0.020013
0.020013
0.020157
0.014607
0.016398
0.016343
0.016178
0.014607
0.030032
0.014607
0.020249
0.014833
0.014826
0.028714
0.029650
0.015874
0.016178
0.015982
0.014875
0.029626
0.015982
0.027811
0.019937
0.015879
0.014826
0.014833
0.029292
0.014618
0.028037
0.015990
0.029564
0.015858
0.029564
0.019619
0.014920
0.028706
0.028488
0.016105
0.024695
0.016740
0.025196
0.027721
0.028801
0.049183
0.028801
0.028801
0.028443
0.025196
0.017155
0.017155
0.027721
0.025904
0.026837
0.019768
0.026837
0.026287
0.019768
0.026681
0.035471
0.026546
0.025750
0.025703
0.025750
0.033975
0.025772
0.026354
0.025406
0.025406
0.024656
0.033337
0.026354
0.029538
0.026189
0.026087
0.027336
0.024892
0.026764
0.029538
0.024892
0.026011
0.021957
0.027297
0.029827
0.029827
0.029827
0.023511
0.030706
0.025201
0.016734
0.020709
0.031094
0.016734
0.023157
0.045612
0.017916
0.018385
0.016734
0.016476
0.089421
0.018014
0.016734
0.018385
0.126504
0.016734
0.045612
0.023157
0.017916
0.033071
0.034805
0.035088
0.063596
0.014181
0.035088
0.023639
0.013349
0.066303
0.032935
0.013349
0.016039
0.023157
0.017916
0.014846
0.035088
0.017916
0.036954
0.014235
0.039598
0.029833
0.029833
0.093388
0.013374
0.013374
0.013119
0.013825
0.012716
0.024510
0.026048
0.013374
0.093388
0.056046
0.052927
0.018009
0.013983
0.018954
0.017880
0.026180
0.011488
0.017880
0.047868
0.014458
0.010913
0.016809
0.035153
0.023589
0.008048
0.007888
0.010923
0.017629
0.017260
0.010141
0.019306
0.020816
0.027547
0.007888
0.021193
0.008048
0.023589
0.018953
0.017482
0.024253
0.031512
0.016278
0.017482
0.015293
0.016163
0.013854
0.027024
0.016278
0.022512
0.073760
0.042514
0.015293
0.015808
0.042514
0.013854
0.015808
0.071843
0.013854
0.013854
0.067767
0.017838
0.054050
0.017838
0.022993
0.020771
0.036525
0.022127
0.067767
0.036525
0.067767
0.022127
0.044451
0.014919
0.022127
0.022182
0.022127
0.056690
0.044506
0.021062
0.029189
0.016460
0.022838
0.028451
0.016460
0.016460
0.353664
0.022838
0.016460
0.065629
0.016460
0.022182
0.017422
0.024908
0.022838
0.025387
0.056690
0.023186
0.017422
0.022838
0.047226
0.033634
0.044275
0.023938
0.035590
0.068088
0.023083
0.035590
0.023186
0.020008
0.021962
0.027889
0.026471
0.050629
0.023938
0.026317
0.021414
0.021823
0.021414
0.035590
0.035590
0.026471
0.020008
0.027889
0.021533
0.022412
0.026317
0.016801
0.026350
0.073167
0.022416
0.026471
0.027966
0.022412
0.015917
0.011428
0.020571
0.013741
0.023086
0.016801
0.015917
0.008980
0.022173
0.013374
0.033486
0.100337
0.033486
0.018664
0.022173
0.019164
0.023132
0.008980
0.027914
0.018664
0.019164
0.017494
0.003272
0.003272
0.105586
0.003272
0.017957
0.028096
0.023110
0.018912
0.024433
0.028028
0.013769
0.017957
0.013769
0.103749
0.023110
0.003272
0.012416
0.026740
0.027656
0.020767
0.138944
0.020767
0.005458
0.002936
0.017957
0.028028
0.008395
0.003095
0.003095
0.026740
0.072743
0.026740
0.028096
0.002936
0.018912
0.012416
0.080324
0.022370
0.024434
0.024434
0.027656
0.027270
0.003095
0.028985
0.005458
0.080753
0.011854
0.009874
0.007102
0.028985
0.011854
0.026804
0.028985
0.005458
0.039773
0.026804
0.013057
0.026804
0.008091
0.013057
0.009774
0.031280
0.008091
0.048027
0.053034
0.007891
0.071381
0.007891
0.008091
0.029549
0.030894
0.034394
0.046141
0.046141
0.007891
0.008453
0.017365
0.037162
0.042816
0.030049
0.037162
0.008057
0.030049
0.039669
0.046141
0.037162
0.237522
0.042668
0.014712
0.199129
0.087408
0.042925
0.018927
0.014712
0.016673
0.020821
0.014712
0.027706
0.016673
0.085270
0.018162
0.033137
0.182850
0.039937
0.018162
0.033760
0.040371
0.059674
0.018162
0.026173
0.035657
0.022675
0.022953
0.071389
0.022675
0.022953
0.040371
0.039416
0.022953
0.071550
0.021084
0.022953
0.034519
0.024838
0.023610
0.041453
0.078679
0.023582
0.025585
0.163380
0.023967
0.024476
0.078679
0.045196
0.103355
0.099874
0.033608
0.023295
0.023295
0.023582
0.103355
0.023025
0.026089
0.093731
0.053064
0.154908
0.025213
0.028677
0.049225
0.028132
0.028132
0.021659
0.026091
0.021659
0.026089
0.056270
0.017117
0.047050
0.084486
0.057938
0.042399
0.054438
0.054551
0.027474
0.023033
0.054872
0.015367
0.054504
0.027474
0.023033
0.054872
0.015859
0.014723
0.078965
0.023033
0.104117
0.040678
0.039129
0.020892
0.056298
0.030458
0.105645
0.028612
0.059009
0.025803
0.018737
0.011449
0.017987
0.026216
0.108438
0.011449
0.017987
0.029380
0.008070
0.008070
0.020921
0.054853
0.028894
0.126344
0.006674
0.025028
0.006023
0.021469
0.023151
0.029799
0.006023
0.080220
0.006674
0.021111
0.006674
0.126344
0.079260
0.028894
0.021401
0.020192
0.006674
0.029272
0.023151
0.020532
0.029031
0.005643
0.029142
0.021111
0.005643
0.005643
0.005643
0.004195
0.031094
0.031094
0.023151
0.031094
0.134784
0.046094
0.044365
0.021401
0.030694
0.128236
0.031094
0.021233
0.004195
0.018576
0.018576
0.046094
0.022126
0.032922
0.031094
0.004534
0.020716
0.022126
0.004837
0.020716
0.004633
0.040428
0.004534
0.004534
0.016986
0.016986
0.015770
0.017415
0.097503
0.099353
0.010491
0.027256
0.017594
0.013663
0.017306
0.014948
0.013056
0.024498
0.024138
0.013058
0.032254
0.024138
0.024138
0.147667
0.025004
0.013054
0.013178
0.062332
0.061176
0.023993
0.013054
0.055062
0.012779
0.040073
0.088521
0.024266
0.044541
0.023993
0.044541
0.041743
0.040073
0.012341
0.024527
0.012341
0.022139
0.040073
0.024527
0.022115
0.012341
0.022139
0.021381
0.011915
0.011765
0.055853
0.012222
0.160308
0.055852
0.011915
0.011915
0.011577
0.011867
0.021138
0.011915
0.011577
0.021381
0.046161
0.051899
0.026861
0.055853
0.059729
0.011915
0.063974
0.044158
0.011867
0.021552
0.021082
0.021081
0.066789
0.011627
0.021082
0.011627
0.013276
0.033041
0.070052
0.034647
0.019635
0.025773
0.166988
0.236291
0.087122
0.018647
0.009610
0.025118
0.018647
0.046789
0.039574
0.008187
0.009500
0.023868
0.006096
0.235149
0.084325
0.006893
0.006109
0.022081
0.096025
0.017655
0.018578
0.090248
0.018647
0.158166
0.023868
0.018809
0.006827
0.023868
0.007338
0.103204
0.106167
0.099603
0.213296
0.041931
0.046211
0.019351
0.083842
0.079914
0.007338
0.006893
0.023868
0.144046
0.024855
0.111917
0.046789
0.018809
0.022081
0.005969
0.005969
0.006109
0.005969
0.017655
0.006130
0.076158
0.078426
0.018578
0.018578
0.102970
0.020413
0.136053
0.020959
0.006028
0.055839
0.020343
0.005063
0.020959
0.020916
0.134576
0.020020
0.056363
0.020343
0.053643
0.005621
0.071272
0.022058
0.009370
0.006324
0.135328
0.056363
0.056363
0.071272
0.022897
0.067559
0.024144
0.010006
0.059317
0.010075
0.023375
0.024092
0.027315
0.023820
0.024934
0.015262
0.027315
0.128323
0.027315
0.013624
0.066168
0.027618
0.027618
0.027618
0.013624
0.015559
0.015559
0.015559
0.027618
0.067978
0.016166
0.067978
0.027144
0.017521
0.016166
0.022489
0.016166
0.016166
0.022489
0.075675
0.027144
0.018871
0.019276
0.024064
0.121228
0.019276
0.018462
0.019276
0.018871
0.082905
0.018757
0.026808
0.082045
0.020925
0.028325
0.028799
0.021277
0.028325
0.018757
0.018757
0.018757
0.020925
0.018757
0.018757
0.018757
0.330773
0.033778
0.032290
0.035966
0.016484
0.015909
0.097447
0.233106
0.036752
0.099801
0.108533
0.102313
0.016312
0.013520
0.015678
0.013364
0.016521
0.013520
0.013511
0.098147
0.016521
0.098147
0.100764
0.041141
0.012076
0.098147
0.157240
0.015633
0.015633
0.031256
0.013520
0.029156
0.029156
0.012402
0.016129
0.015633
0.138502
0.101187
0.012669
0.105421
0.157240
0.031256
0.028082
0.010680
0.016861
0.085935
0.009070
0.009070
0.026711
0.024845
0.009070
0.022678
0.010397
0.053887
0.009070
0.053751
0.009070
0.022678
0.020910
0.010680
0.008017
0.050015
0.021305
0.007098
0.063259
0.008017
0.022091
0.070852
0.007098
0.024078
0.017893
0.315948
0.007279
0.017253
0.010251
0.085975
0.017428
0.007279
0.080746
0.007647
0.021978
0.007279
0.017893
0.009010
0.011798
0.036385
0.033062
0.008465
0.037617
0.091056
0.038662
0.015785
0.097373
0.039522
0.018571
0.019589
0.041981
0.108030
0.031839
0.031839
0.015811
0.060542
0.101159
0.023033
0.024812
0.045965
0.023649
0.027314
0.017633
0.017633
0.032218
0.017905
0.023649
0.024812
0.105920
0.041645
0.110058
0.041645
0.019899
0.041645
0.020429
0.084080
0.024812
0.035723
0.050660
0.035723
0.141366
0.019220
0.016684
0.016658
0.032344
0.018737
0.018999
0.030481
0.019220
0.058139
0.155525
0.018737
0.016482
0.027447
0.019610
0.019916
0.016436
0.026838
0.028914
0.026074
0.068930
0.026838
0.062313
0.026838
0.019916
0.057345
0.060749
0.014382
0.016482
0.030481
0.022904
0.019420
0.010912
0.019420
0.010912
0.045000
0.010640
0.021190
0.011161
0.023194
0.043038
0.013087
0.021698
0.011161
0.016020
0.010024
0.023194
0.040375
0.046184
0.011708
0.015707
0.011161
0.025409
0.224585
0.090783
0.010912
0.021190
0.025409
0.010660
0.024192
0.024192
0.032187
0.009621
0.007487
0.032187
0.009621
0.009621
0.024192
0.098034
0.008801
0.007487
0.048561
0.008801
0.032237
0.007487
0.115979
0.024192
0.007487
0.010646
0.010391
0.062577
0.107810
0.111175
0.009019
0.009491
0.029795
0.010646
0.032187
0.009474
0.032287
0.032287
0.010660
0.009398
0.013803
0.008841
0.209505
0.029654
0.029349
0.032287
0.028474
0.011534
0.144137
0.030981
0.030845
0.009019
0.011674
0.014557
0.014557
0.111175
0.064333
0.009019
0.009491
0.011674
0.008841
0.065448
0.013803
0.206926
0.013131
0.107810
0.014838
0.036352
0.014838
0.036352
0.018631
0.038388
0.018631
0.015842
0.115483
0.015842
0.041442
0.120611
0.015818
0.018631
0.035619
0.120611
0.015677
0.019228
0.038388
0.018631
0.015677
0.018631
0.018631
0.120611
0.019228
0.290130
0.208053
0.019228
0.039892
0.065748
0.035619
0.035619
0.019228
0.019228
0.059535
0.059535
0.043762
0.036807
0.050480
0.037861
0.040410
0.029255
0.034445
0.058637
0.036807
0.036002
0.026192
0.044135
0.024693
0.169877
0.034655
0.024873
0.060240
0.067409
0.024835
0.047553
0.035507
0.046240
0.060240
0.067409
0.034542
0.024835
0.036807
0.031873
0.023969
0.024713
0.064899
0.044838
0.024693
0.024333
0.038743
0.024357
0.026227
0.039728
0.024812
0.019424
0.037917
0.024333
0.013945
0.033331
0.014744
0.039832
0.100548
0.040388
0.033331
0.013945
0.019277
0.022682
0.014372
0.019241
0.031414
0.014744
0.033331
0.040388
0.019424
0.014372
0.014372
0.013817
0.017855
0.041757
0.026080
0.022088
0.066274
0.067490
0.111823
0.042090
0.016458
0.018829
0.017570
0.044562
0.235772
0.042090
0.051168
0.068660
0.016040
0.014791
0.026080
0.105529
0.018022
0.025585
0.067927
0.021208
0.014870
0.042060
0.016020
0.026162
0.022719
0.015662
0.044562
0.067014
0.025972
0.015662
0.027024
0.016458
0.050589
0.050883
0.050589
0.015662
0.015757
0.022719
0.042885
0.018829
0.014590
0.051763
0.067678
0.068660
0.017570
0.014791
0.029742
0.030134
0.021540
0.111399
0.028133
0.028017
0.032009
0.021540
0.028017
0.023066
0.020583
0.018276
0.021540
0.054400
0.056349
0.035371
0.018781
0.036318
0.035371
0.035070
0.035070
0.035070
0.066581
0.025164
0.020374
0.021063
0.021063
0.022237
0.106431
0.063027
0.109893
0.036590
0.023746
0.021957
0.022218
0.022218
0.021957
0.043883
0.108354
0.022768
0.108234
0.021957
0.061397
0.020356
0.019501
0.114357
0.019474
0.019281
0.016720
0.033748
0.016720
0.038655
0.414652
0.018939
0.017578
0.032439
0.029449
0.061327
0.016031
0.066532
0.066484
0.018939
0.031181
0.065088
0.019689
0.016880
0.018939
0.103425
0.038655
0.032439
0.018674
0.301121
0.036221
0.019029
0.018775
0.031181
0.020784
0.124161
0.021323
0.020784
0.041610
0.017578
0.066484
0.123155
0.037777
0.134310
0.024207
0.036768
0.038092
0.023436
0.048686
0.019689
0.049213
0.039398
0.045440
0.019919
0.019520
0.036245
0.118292
0.023436
0.023852
0.020459
0.090393
0.019689
0.019987
0.021035
0.023436
0.027771
0.123612
0.089661
0.052883
0.082535
0.030190
0.045001
0.043735
0.045069
0.029833
0.095806
0.040631
0.040283
0.092274
0.126387
0.031932
0.030725
0.048848
0.050587
0.140904
0.030725
0.095170
0.026087
0.028282
0.022682
0.028627
0.025181
0.023722
0.020913
0.017256
0.013542
0.087107
0.032797
0.019457
0.082850
0.017272
0.023722
0.021441
0.017272
0.045368
0.025918
0.019457
0.013542
0.020913
0.020913
0.041808
0.034400
0.009785
0.027953
0.070515
0.038558
0.013542
0.017256
0.009785
0.102596
0.015741
0.002819
0.023859
0.030998
0.245547
0.015628
0.026391
0.015628
0.012609
0.013141
0.001307
0.001307
0.024307
0.012609
0.031047
0.057604
0.103514
0.018213
0.015126
0.021650
0.240784
0.024841
0.012609
0.000000
0.001307
0.003387
0.024307
0.024841
0.024307
0.100791
0.024307
0.013168
0.000550
0.000000
0.024307
0.024413
0.067529
0.059413
0.069847
0.026391
0.002029
0.026391
0.015628
0.098149
0.000000
0.031226
0.000550
0.031226
0.001307
0.061606
0.001307
0.012607
0.024841
0.001307
0.101506
0.001307
0.012607
0.012607
0.011622
0.088249
0.024115
0.047297
0.087136
0.070981
0.022419
0.021637
0.145060
0.021825
0.031151
0.047297
0.072548
0.028571
0.024115
0.024282
0.018375
0.253743
0.062353
0.145060
0.020516
0.024115
0.026506
0.067812
0.018375
0.041050
0.051260
0.050926
0.037546
0.050926
0.035982
0.031496
0.031151
0.015282
0.018539
0.145060
0.018539
0.018375
0.081391
0.088004
0.028035
0.030486
0.066847
0.048143
0.030486
0.052188
0.024287
0.043975
0.028571
0.047297
0.024287
0.073137
0.041050
0.039091
0.037546
0.041709
0.040179
0.039228
0.060454
0.102141
0.060454
0.030527
0.029750
0.090022
0.029417
0.036605
0.064756
0.027674
0.061725
0.024175
0.029842
0.061725
0.024175
0.026794
0.057528
0.029323
0.020420
0.021577
0.020346
0.034423
0.035198
0.065798
0.058634
0.031315
0.035198
0.021582
0.027383
0.021582
0.057052
0.033441
0.020746
0.019116
0.026794
0.015548
0.051954
0.026049
0.030130
0.086903
0.014818
0.024032
0.024032
0.030000
0.053886
0.030000
0.031231
0.053886
0.144905
0.031231
0.017749
0.013561
0.016236
0.013561
0.025683
0.016236
0.088087
0.086903
0.016236
0.029508
0.052447
0.014818
0.088087
0.088087
0.008649
0.088501
0.056622
0.019031
0.064299
0.010173
0.006323
0.007064
0.010173
0.018458
0.013312
0.147634
0.009880
0.076568
0.007443
0.029185
0.155537
0.079108
0.005997
0.006420
0.058556
0.006795
0.023506
0.157633
0.010414
0.051081
0.010414
0.014818
0.008310
0.021972
0.008649
0.025097
0.088501
0.021421
0.004748
0.019161
0.022649
0.017682
0.240905
0.016106
0.018067
0.029185
0.013492
0.018458
0.026620
0.007307
0.012254
0.061437
0.013492
0.012254
0.012134
0.013492
0.027122
0.033408
0.074066
0.081456
0.011884
0.027122
0.018485
0.082993
0.022518
0.087684
0.007307
0.156382
0.086097
0.007307
0.018458
0.018067
0.057424
0.012254
0.007064
0.083828
0.029185
0.007443
0.019868
0.010597
0.016106
0.021948
0.013617
0.071983
0.009880
0.076568
0.012871
0.032073
0.029916
0.081456
0.093372
0.072352
0.020781
0.091675
0.035320
0.038188
0.021298
0.022124
0.038705
0.020781
0.030106
0.028786
0.028786
0.024243
0.024779
0.054994
0.025827
0.055533
0.024779
0.099146
0.026840
0.026840
0.031567
0.020314
0.023451
0.057792
0.035738
0.060870
0.057288
0.030435
0.022805
0.020389
0.021071
0.057266
0.060119
0.229985
0.055533
0.031567
0.023451
0.026442
0.056592
0.030435
0.020389
0.036129
0.023439
0.020389
0.019618
0.020099
0.032912
0.100774
0.020081
0.056936
0.053671
0.030935
0.097237
0.093378
0.061721
0.036129
0.060900
0.019488
0.032723
0.019614
0.031528
0.051920
0.029484
0.061427
0.032723
0.019488
0.019618
0.020099
0.029484
0.018163
0.031150
0.035716
0.022338
0.093618
0.065394
0.021739
0.033231
0.111554
0.020947
0.038413
0.022338
0.021439
0.027714
0.020627
0.051151
0.090248
0.087059
0.025121
0.038919
0.036977
0.022338
0.021094
0.023234
0.050364
0.026928
0.100074
0.019217
0.054746
0.013021
0.022050
0.024479
0.085938
0.014986
0.050248
0.016017
0.020293
0.078765
0.048434
0.031498
0.014789
0.014711
0.014711
0.014789
0.031645
0.047397
0.030313
0.045663
0.014697
0.019244
0.012966
0.014957
0.030313
0.014711
0.011880
0.014711
0.047397
0.014709
0.046920
0.012414
0.013143
0.018565
0.071989
0.044953
0.013748
0.119979
0.046920
0.014711
0.020099
0.031645
0.074915
0.019244
0.012966
0.045653
0.013404
0.078765
0.056849
0.190538
0.109263
0.014986
0.014567
0.029664
0.014786
0.012004
0.080968
0.032011
0.055465
0.014911
0.045553
0.119979
0.045553
0.045553
0.018565
0.012910
0.045653
0.031311
0.014957
0.012966
0.032891
0.013404
0.016018
0.015989
0.019655
0.013748
0.014475
0.018303
0.014475
0.045443
0.015848
0.016538
0.017926
0.016805
0.018226
0.133228
0.018665
0.044220
0.023749
0.025318
0.128609
0.230394
0.133228
0.015814
0.133740
0.075715
0.016252
0.017926
0.023199
0.049152
0.026657
0.049152
0.062291
0.020715
0.020766
0.018487
0.016695
0.121080
0.039276
0.016153
0.018171
0.020055
0.019053
0.016686
0.018499
0.018192
0.154349
0.016634
0.018736
0.025619
0.016844
0.016264
0.064883
0.016695
0.020055
0.072345
0.023805
0.021849
0.020055
0.020715
0.108195
0.075678
0.016686
0.067129
0.040479
0.039276
0.018192
0.037951
0.027713
0.016844
0.016264
0.027235
0.025143
0.033359
0.031839
0.027556
0.025619
0.015754
0.034702
0.017699
0.017699
0.016671
0.021649
0.107584
0.021458
0.024244
0.021997
0.021997
0.107584
0.028777
0.106784
0.107584
0.169344
0.062678
0.029410
0.018198
0.015849
0.107648
0.061934
0.026400
0.180188
0.027235
0.016435
0.018736
0.068357
0.016130
0.214862
0.095065
0.015592
0.038702
0.036823
0.032784
0.035660
0.025425
0.018750
0.015414
0.027529
0.113331
0.046329
0.021458
0.021846
0.138418
0.017370
0.058429
0.119320
0.043345
0.018136
0.017420
0.052659
0.030311
0.133517
0.045461
0.030097
0.015414
0.261265
0.059959
0.057352
0.008941
0.019605
0.007774
0.007774
0.052732
0.056615
0.008870
0.008794
0.008941
0.008567
0.010822
0.088721
0.013787
0.008917
0.090540
0.008831
0.008773
0.014186
0.050420
0.008917
0.049748
0.013787
0.049748
0.131601
0.013787
0.012596
0.525083
0.009785
0.016062
0.056645
0.051429
0.013788
0.008681
0.008794
0.008794
0.071392
0.008681
0.010822
0.017199
0.019894
0.042997
0.010528
0.012572
0.014186
0.061710
0.061710
0.065329
0.071452
0.053291
0.012572
0.147735
0.007881
0.010678
0.008831
0.009477
0.012037
0.008917
0.052132
0.053291
0.049407
0.012037
0.008831
0.100546
0.012037
0.008794
0.010528
0.009477
0.013788
0.008794
0.008794
0.008917
0.069977
0.010528
0.051193
0.048601
0.015611
0.072536
0.081452
0.080123
0.029691
0.012807
0.019675
0.081452
0.023185
0.080123
0.049709
0.014874
0.054610
0.012807
0.053612
0.023185
0.034105
0.136818
0.037944
0.298871
0.034501
0.036737
0.039730
0.080849
0.061686
0.080596
0.035381
0.037254
0.130228
0.082481
0.039730
0.045005
0.036000
0.036000
0.036351
0.069750
0.067136
0.050420
0.042520
0.067576
0.086437
0.042222
0.086007
0.062092
0.044043
0.045005
0.061694
0.045005
0.051044
0.044043
0.029772
0.039444
0.035938
0.050548
0.107199
0.034397
0.059157
0.035345
0.107199
0.092268
0.068583
0.067576
0.029772
0.050420
0.052844
0.062007
0.035535
0.033626
0.036921
0.035938
0.044471
0.032524
0.032202
0.047512
0.019615
0.098526
0.022441
0.010167
0.055688
0.011466
0.050731
0.027107
0.066457
0.050731
0.010194
0.020847
0.020130
0.010338
0.085689
0.020858
0.020858
0.077160
0.079500
0.020847
0.010194
0.020130
0.020847
0.011453
0.010268
0.010701
0.020847
0.010167
0.020130
0.035227
0.013779
0.022441
0.038052
0.011466
0.020130
0.050731
0.090842
0.013779
0.011453
0.011362
0.057166
0.129018
0.020847
0.010338
0.036489
0.010228
0.129809
0.011466
0.074180
0.029542
0.126218
0.074547
0.009087
0.010935
0.074474
0.074563
0.006653
0.119888
0.008087
0.152725
0.025783
0.232319
0.006653
0.068590
0.007949
0.009175
0.009175
0.074887
0.027612
0.026058
0.009175
0.010086
0.010047
0.073891
0.007873
0.071469
0.007294
0.014074
0.117471
0.176935
0.007617
0.010268
0.009087
0.026058
0.026371
0.016300
0.164122
0.012400
0.032269
0.029056
0.067444
0.067444
0.108629
0.071148
0.019485
0.018053
0.035756
0.108872
0.017134
0.024576
0.030497
0.073189
0.067896
0.009087
0.135335
0.025920
0.069752
0.012400
0.036505
0.035897
0.030724
0.023464
0.042402
0.022014
0.030724
0.025661
0.057706
0.019733
0.027707
0.026987
0.108373
0.031150
0.026987
0.034439
0.071333
0.028227
0.036154
0.013900
0.051905
0.071775
0.019287
0.084486
0.028298
0.125517
0.028298
0.031976
0.027720
0.029438
0.029394
0.029463
0.027869
0.023444
0.035647
0.028455
0.035647
0.260705
0.025659
0.020043
0.028250
0.130119
0.130119
0.036457
0.019287
0.045696
0.035647
0.051905
0.019287
0.045696
0.033595
0.041628
0.019287
0.013900
0.028298
0.043076
0.173765
0.023444
0.025347
0.009901
0.009901
0.041025
0.024169
0.024169
0.006356
0.004777
0.101347
0.005519
0.102849
0.090511
0.037438
0.006356
0.049984
0.023957
0.005334
0.005334
0.023957
0.006122
0.007219
0.153175
0.007405
0.055124
0.022417
0.094277
0.041244
0.139150
0.005017
0.163574
0.023318
0.025659
0.008970
0.022142
0.022402
0.023957
0.030631
0.029178
0.013450
0.093402
0.094941
0.005017
0.004517
0.008970
0.013450
0.004517
0.023318
0.168251
0.020932
0.154921
0.007219
0.022758
0.005797
0.086828
0.023957
0.188410
0.179994
0.024169
0.017069
0.022417
0.006470
0.023999
0.006470
0.021543
0.022161
0.023957
0.074143
0.005797
0.021906
0.023957
0.103440
0.043362
0.008970
0.163521
0.021543
0.008970
0.022142
0.008970
0.049984
0.006122
0.021342
0.006122
0.020932
0.006122
0.021906
0.012397
0.009954
0.022865
0.015823
0.026835
0.108964
0.010988
0.251118
0.031654
0.021155
0.009954
0.031577
0.031577
0.029178
0.034278
0.032982
0.028861
0.016498
0.036839
0.028400
0.079768
0.049850
0.043826
0.044875
0.085368
0.083161
0.030549
0.046578
0.051915
0.042090
0.038489
0.040618
0.390906
0.039405
0.066793
0.038489
0.148992
0.038006
0.042855
0.055500
0.042855
0.055500
0.057930
0.079768
0.016498
0.033538
0.156405
0.043826
0.065670
0.042090
0.093304
0.053942
0.091283
0.041937
0.038988
0.034716
0.043052
0.024658
0.039935
0.065605
0.069198
0.069198
0.165332
0.015888
0.105188
0.039935
0.068704
0.032866
0.043678
0.068650
0.140586
0.043678
0.032866
0.028244
0.024658
0.068704
0.025282
0.016532
0.024353
0.034569
0.036881
0.034725
0.018596
0.022964
0.020232
0.013057
0.020966
0.080897
0.015264
0.007550
0.009192
0.023778
0.009782
0.020708
0.008259
0.012394
0.028053
0.005308
0.082402
0.005308
0.005437
0.080159
0.035488
0.020647
0.007664
0.005308
0.007664
0.009782
0.036934
0.018596
0.005437
0.023778
0.020647
0.010844
0.080897
0.008599
0.005234
0.027006
0.018099
0.009782
0.022105
0.015567
0.069198
0.028244
0.040404
0.044662
0.015567
0.010307
0.022964
0.005437
0.123987
0.203319
0.010598
0.035488
0.083771
0.068704
0.024658
0.039906
0.048726
0.024353
0.014053
0.010844
0.010844
0.031713
0.015567
0.044662
0.033297
0.035445
0.034569
0.020041
0.069198
0.039935
0.024658
0.042978
0.044662
0.020151
0.248063
0.076834
0.081206
0.085365
0.020647
0.008599
0.026103
0.005437
0.061266
0.019747
0.012394
0.034092
0.030986
0.114783
0.012716
0.014674
0.014674
0.030986
0.067849
0.037555
0.040973
0.029403
0.005308
0.026764
0.018099
0.020708
0.026728
0.018473
0.030726
0.010488
0.010598
0.019228
0.146959
0.036934
0.018099
0.082402
0.030986
0.019747
0.030986
0.010598
0.015687
0.107657
0.037407
0.029228
0.023537
0.030726
0.032352
0.110853
0.067849
0.018828
0.037407
0.019849
0.066308
0.073525
0.087345
0.085631
0.024392
0.030476
0.033709
0.052550
0.033547
0.055079
0.073721
0.115406
0.066090
0.012583
0.146959
0.012394
0.030986
0.036317
0.030726
0.015687
0.085447
0.098411
0.056636
0.080451
0.098411
0.212206
0.061018
0.084200
0.020675
0.020675
0.042764
0.024446
0.024270
0.015333
0.107936
0.077981
0.077981
0.031341
0.035134
0.033618
0.053792
0.035134
0.043214
0.050103
0.020675
0.027382
0.105114
0.025059
0.019549
0.045703
0.099530
0.039234
0.043214
0.043214
0.035134
0.022796
0.015333
0.081668
0.049722
0.044572
0.172079
0.020876
0.068806
0.093294
0.016059
0.033309
0.020876
0.007845
0.026910
0.007845
0.078870
0.024446
0.020876
0.022904
0.065836
0.022419
0.144970
0.078870
0.018678
0.012878
0.031171
0.010776
0.111031
0.045703
0.138344
0.050699
0.048651
0.035054
0.069402
0.033793
0.017459
0.073109
0.006175
0.006896
0.088350
0.010238
0.010314
0.011009
0.012037
0.018049
0.012753
0.011408
0.025890
0.010605
0.028233
0.008383
0.106921
0.007845
0.010776
0.045703
0.010754
0.006175
0.006150
0.007845
0.020876
0.147507
0.006896
0.024519
0.010314
0.008727
0.035732
0.010314
0.025890
0.013487
0.013487
0.149436
0.015333
0.105613
0.024446
0.041294
0.073709
0.012878
0.070238
0.065827
0.066034
0.007953
0.008383
0.023607
0.022537
0.010605
0.023607
0.008727
0.008383
0.024409
0.016669
0.006262
0.008156
0.068519
0.023931
0.065836
0.008188
0.016669
0.010314
0.011009
0.058312
0.025890
0.026034
0.019315
0.085843
0.036008
0.034145
0.020153
0.020153
0.012753
0.026034
0.090352
0.026034
0.029065
0.012037
0.055946
0.015854
0.015854
0.018938
0.030805
0.035404
0.021546
0.018363
0.019207
0.020109
0.088370
0.020560
0.019531
0.200530
0.019402
0.030803
0.035404
0.064198
0.031539
0.030803
0.064198
0.019553
0.032240
0.019531
0.034111
0.147060
0.017049
0.024378
0.029571
0.016593
0.016593
0.017049
0.019720
0.036652
0.063858
0.064179
0.021546
0.018363
0.106700
0.088370
0.024378
0.019618
0.074995
0.017473
0.024378
0.018006
0.022230
0.093713
0.030873
0.011148
0.021790
0.021571
0.010979
0.012526
0.011542
0.222935
0.193797
0.014621
0.013097
0.012043
0.022819
0.032588
0.074995
0.017049
0.063001
0.138581
0.030803
0.088370
0.141696
0.036652
0.063333
0.063333
0.088873
0.085296
0.085296
0.037445
0.031274
0.069861
0.018006
0.018006
0.048150
0.018006
0.040339
0.014118
0.011788
0.010160
0.042996
0.028262
0.021790
0.021571
0.012218
0.011542
0.088222
0.009985
0.019619
0.024549
0.020772
0.104204
0.012043
0.010509
0.012556
0.020772
0.010509
0.010346
0.098380
0.010160
0.020772
0.019941
0.016996
0.088137
0.049844
0.037445
0.010160
0.015037
0.011097
0.139625
0.011240
0.012206
0.014860
0.010688
0.029273
0.011476
0.010372
0.010372
0.109097
0.032811
0.033894
0.040392
0.024549
0.040392
0.011916
0.011240
0.016856
0.013004
0.010091
0.044861
0.037273
0.010372
0.013287
0.016589
0.126817
0.030112
0.011240
0.030112
0.011240
0.088222
0.031598
0.011850
0.011850
0.011542
0.009985
0.012237
0.027764
0.058278
0.009985
0.174235
0.011542
0.027764
0.013287
0.040189
0.182981
0.014558
0.042427
0.017762
0.029740
0.015861
0.030029
0.030783
0.069339
0.016015
0.020112
0.030783
0.029285
0.012831
0.010372
0.010330
0.015618
0.074901
0.069575
0.343258
0.052688
0.029285
0.030962
0.021833
0.023430
0.034540
0.125981
0.014558
0.076612
0.020112
0.045520
0.067287
0.030621
0.030621
0.030962
0.065328
0.031154
0.023349
0.023322
0.068191
0.024340
0.054330
0.027292
0.075902
0.023902
0.055634
0.024340
0.035998
0.025436
0.033264
0.216608
0.066429
0.066429
0.020001
0.020001
0.048270
0.052921
0.048270
0.125895
0.038292
0.052921
0.033655
0.038446
0.071274
0.036130
0.027093
0.030437
0.067070
0.038531
0.039045
0.038446
0.038086
0.025436
0.025436
0.067070
0.031059
0.066429
0.052921
0.053559
0.030437
0.058936
0.033264
0.216940
0.020001
0.031249
0.017815
0.049173
0.037910
0.045975
0.031890
0.038117
0.043264
0.017815
0.026069
0.021592
0.012510
0.014797
0.076553
0.009683
0.032843
0.078737
0.031323
0.010698
0.018722
0.011610
0.042186
0.015104
0.010698
0.044704
0.009380
0.043841
0.126360
0.013412
0.189073
0.189073
0.126360
0.078737
0.009683
0.018813
0.018813
0.038970
0.043841
0.038909
0.012510
0.062958
0.009781
0.012931
0.018722
0.009380
0.080607
0.196402
0.010698
0.010698
0.010698
0.019372
0.056776
0.019372
0.014044
0.056261
0.014044
0.141438
0.087922
0.014867
0.024112
0.152564
0.049491
0.078201
0.078201
0.018813
0.012931
0.018813
0.080607
0.014044
0.014661
0.042186
0.017603
0.049491
0.009380
0.043550
0.090226
0.012931
0.032843
0.031323
0.044663
0.032825
0.018813
0.012362
0.024112
0.036391
0.014044
0.019372
0.032177
0.021901
0.016523
0.014661
0.027320
0.026245
0.024788
0.040380
0.024788
0.032112
0.038039
0.034394
0.026668
0.040915
0.051359
0.024699
0.048199
0.027320
0.097034
0.023843
0.042186
0.042186
0.011610
0.017603
0.028738
0.012783
0.025298
0.016290
0.051301
0.029759
0.027140
0.023298
0.026668
0.026245
0.035575
0.016670
0.026142
0.063283
0.026245
0.027320
0.047424
0.093172
0.014677
0.010698
0.042186
0.026173
0.037991
0.153256
0.023298
0.019683
0.027320
0.032829
0.032829
0.055021
0.039255
0.061580
0.072967
0.047101
0.024699
0.074477
0.043366
0.231536
0.042267
0.016134
0.094605
0.019711
0.016739
0.016739
0.025466
0.017394
0.017356
0.017395
0.037894
0.017638
0.018730
0.019098
0.017741
0.042881
0.016745
0.042881
0.017030
0.018091
0.017706
0.086815
0.109836
0.018975
0.016520
0.023828
0.015986
0.021774
0.048199
0.016520
0.019250
0.018585
0.017339
0.017754
0.016739
0.017754
0.017305
0.016073
0.016739
0.017754
0.034402
0.017388
0.019771
0.018585
0.015638
0.016182
0.015638
0.016073
0.067298
0.017339
0.017834
0.016073
0.017246
0.017706
0.017356
0.016341
0.017421
0.016739
0.124764
0.091172
0.016310
0.019112
0.016310
0.017741
0.016669
0.017707
0.015834
0.018194
0.025013
0.019606
0.017638
0.019998
0.024608
0.019606
0.016669
0.017395
0.017395
0.016976
0.017395
0.017395
0.016669
0.018730
0.051359
0.019250
0.023828
0.016134
0.018585
0.033283
0.020227
0.023415
0.042267
0.021710
0.023828
0.015638
0.030200
0.030200
0.080693
0.023828
0.017754
0.033283
0.024286
0.021840
0.025170
0.016520
0.016520
0.016520
0.019321
0.018585
0.016182
0.047692
0.015726
0.019321
0.016750
0.016739
0.057818
0.049035
0.016739
0.029655
0.016341
0.017421
0.017136
0.016134
0.017339
0.018585
0.017136
0.017246
0.017706
0.016750
0.018585
0.016073
0.016073
0.017136
0.018585
0.018328
0.017136
0.018328
0.086815
0.067298
0.017246
0.023828
0.179415
0.168134
0.067298
0.017706
0.016852
0.019078
0.017356
0.043420
0.017524
0.016403
0.042396
0.016745
0.017741
0.178954
0.017336
0.158630
0.142251
0.016738
0.156786
0.158630
0.016745
0.017395
0.019112
0.017557
0.145264
0.017246
0.017246
0.017136
0.016134
0.030200
0.017356
0.020129
0.017295
0.016310
0.032098
0.015944
0.020667
0.019998
0.023702
0.018977
0.023809
0.020815
0.018977
0.029669
0.024608
0.018669
0.019606
0.024608
0.017062
0.017741
0.017336
0.017358
0.158630
0.019112
0.041767
0.016745
0.019112
0.017524
0.019112
0.016310
0.032098
0.018194
0.015754
0.021745
0.015763
0.023514
0.015754
0.019814
0.018194
0.019635
0.015272
0.015272
0.022488
0.020667
0.015834
0.019998
0.017854
0.021745
0.023809
0.208202
0.167474
0.016341
0.017754
0.019078
0.017394
0.017356
0.017462
0.017706
0.017295
0.019078
0.124764
0.041867
0.017356
0.078691
0.016310
0.017706
0.017136
0.024301
0.017438
0.032098
0.017638
0.014957
0.017870
0.085187
0.016745
0.041442
0.019112
0.032098
0.017751
0.017638
0.026764
0.020815
0.023514
0.017608
0.015272
0.022779
0.021745
0.022779
0.015763
0.030410
0.017202
0.023823
0.016899
0.152478
0.016899
0.022779
0.015763
0.015754
0.023514
0.015272
0.015272
0.023809
0.016187
0.152967
0.050351
0.016747
0.016098
0.023870
0.033140
0.015151
0.020628
0.045224
0.033140
0.069696
0.025916
0.023809
0.017326
0.019258
0.016747
0.098481
0.016747
0.019326
0.031835
0.023870
0.020403
0.015054
0.235691
0.028389
0.016098
0.043309
0.015392
0.018256
0.025594
0.016487
0.021745
0.016187
0.025916
0.017665
0.152967
0.157474
0.051193
0.051193
0.049965
0.014957
0.015763
0.021745
0.015272
0.017608
0.051193
0.051193
0.017202
0.025916
0.017665
0.016917
0.017326
0.016828
0.019887
0.018708
0.016917
0.017665
0.019326
0.017202
0.017665
0.051290
0.016828
0.018708
0.016487
0.017665
0.025916
0.018073
0.016187
0.017665
0.016691
0.152478
0.017665
0.019258
0.033140
0.023207
0.015054
0.023207
0.019326
0.050351
0.049985
0.048321
0.019853
0.020403
0.017942
0.015886
0.017942
0.041476
0.017620
0.060574
0.016291
0.017942
0.060574
0.017285
0.138967
0.124147
0.057047
0.015998
0.015998
0.036304
0.034194
0.020195
0.029823
0.031079
0.076674
0.094797
0.033139
0.022708
0.025533
0.021659
0.025902
0.021659
0.025902
0.022708
0.167233
0.017285
0.029823
0.018557
0.018557
0.028593
0.020195
0.036027
0.015973
0.022708
0.018557
0.016291
0.017620
0.029823
0.033139
0.015973
0.044446
0.036027
0.036027
0.015973
0.036027
0.017585
0.018557
0.060950
0.017585
0.016531
0.029294
0.025533
0.023121
0.044446
0.021659
0.051998
0.018772
0.022708
0.022708
0.049995
0.123405
0.073672
0.146261
0.073672
0.038283
0.227861
0.146261
0.046145
0.074706
0.069698
0.089580
0.060102
0.041555
0.041555
0.066164
0.059528
0.038103
0.018086
0.024309
0.020167
0.028488
0.024531
0.018802
0.021401
0.020115
0.019666
0.016977
0.019896
0.022069
0.028488
0.088194
0.022456
0.021659
0.038283
0.021401
0.024693
0.022456
0.022456
0.018430
0.033311
0.017329
0.070414
0.017125
0.022456
0.101004
0.088194
0.024845
0.018086
0.019666
0.022069
0.018430
0.022069
0.033311
0.020167
0.017125
0.018086
0.017785
0.021849
0.020115
0.024845
0.030600
0.018802
0.020158
0.018802
0.020869
0.019896
0.022456
0.018802
0.030600
0.019666
0.020115
0.075350
0.019666
0.018086
0.016977
0.019805
0.020167
0.033311
0.087104
0.020167
0.017125
0.017125
0.017788
0.016246
0.017734
0.017785
0.017059
0.032449
0.033523
0.019427
0.020042
0.033523
0.294174
0.020167
0.017785
0.024845
0.018086
0.017785
0.017329
0.032250
0.019638
0.017329
0.018802
0.030600
0.020139
0.026744
0.057180
0.150676
0.031560
0.019666
0.019666
0.020115
0.016977
0.022196
0.017536
0.023658
0.017329
0.065661
0.017788
0.023658
0.023658
0.023658
0.019638
0.025463
0.024309
0.017125
0.019427
0.019638
0.019638
0.017867
0.017788
0.020571
0.025697
0.022694
0.018115
0.019427
0.017867
0.017867
0.020571
0.018086
0.020042
0.033311
0.024054
0.017125
0.020167
0.032250
0.021604
0.065661
0.018821
0.025463
0.017867
0.017785
0.032449
0.022196
0.019427
0.017867
0.019427
0.023658
0.020571
0.017788
0.032449
0.030988
0.017867
0.017867
0.019638
0.023658
0.019427
0.019427
0.028419
0.017867
0.025697
0.018115
0.088088
0.025463
0.017788
0.017275
0.019623
0.019623
0.020135
0.021853
0.021853
0.025697
0.021853
0.016519
0.019297
0.021963
0.022318
0.017785
0.021975
0.021947
0.025227
0.096752
0.023399
0.017785
0.021853
0.023543
0.016246
0.016270
0.019623
0.019623
0.017788
0.022694
0.020337
0.028697
0.017566
0.017788
0.159657
0.028697
0.025697
0.157935
0.025697
0.017566
0.022977
0.020244
0.019623
0.159657
0.021963
0.035367
0.021518
0.017335
0.014955
0.017277
0.017277
0.023389
0.016208
0.035367
0.017569
0.017734
0.017007
0.017734
0.038769
0.026127
0.038769
0.017569
0.017335
0.015121
0.023389
0.022940
0.020765
0.018771
0.045855
0.043406
0.025227
0.022425
0.018010
0.024400
0.018010
0.019015
0.019496
0.048154
0.024701
0.021573
0.045855
0.019960
0.048154
0.017919
0.023872
0.017919
0.019042
0.025595
0.151905
0.019904
0.167535
0.020488
0.025595
0.023872
0.024701
0.018306
0.023131
0.017016
0.019904
0.017919
0.018771
0.024400
0.144236
0.040686
0.021947
0.089014
0.037126
0.018010
0.023826
0.020765
0.020107
0.052601
0.024400
0.023826
0.018010
0.019960
0.026672
0.026672
0.020488
0.018306
0.023131
0.020315
0.017016
0.017903
0.017903
0.014401
0.017898
0.019589
0.029121
0.047975
0.019904
0.028350
0.256734
0.017016
0.017903
0.020320
0.029121
0.017903
0.051586
0.019203
0.171080
0.053387
0.070628
0.028829
0.015236
0.021498
0.022609
0.015197
0.018085
0.018022
0.015234
0.036113
0.019271
0.036113
0.062256
0.049453
0.017898
0.032647
0.035785
0.019008
0.113740
0.029128
0.019232
0.019396
0.019203
0.018761
0.015197
0.018761
0.019008
0.015478
0.019203
0.019203
0.019004
0.018527
0.014869
0.014869
0.018711
0.014869
0.018846
0.015236
0.014563
0.026182
0.029880
0.019481
0.026182
0.018380
0.036113
0.025722
0.019008
0.018085
0.042360
0.014563
0.018022
0.033568
0.022609
0.018085
0.026766
0.015394
0.016126
0.020372
0.018085
0.020270
0.019481
0.021241
0.016139
0.021241
0.016808
0.027432
0.014563
0.033568
0.026432
0.020372
0.056107
0.022609
0.029128
0.018527
0.018380
0.016221
0.018380
0.015394
0.016221
0.016221
0.027349
0.017395
0.027349
0.029880
0.026766
0.066096
0.015234
0.066096
0.015394
0.104890
0.016221
0.066096
0.015941
0.048609
0.015394
0.016808
0.044801
0.015394
0.015394
0.015394
0.061133
0.019271
0.022629
0.026432
0.028765
0.028382
0.027432
0.029189
0.027912
0.074771
0.073261
0.079177
0.033219
0.026509
0.076163
0.024252
0.025556
0.027741
0.019741
0.031913
0.027741
0.019654
0.019226
0.033219
0.024753
0.024753
0.024753
0.019226
0.024252
0.019226
0.024753
0.019741
0.046042
0.057262
0.057262
0.067170
0.057262
0.030344
0.014779
0.019226
0.014779
0.026057
0.020392
0.020543
0.057262
0.027724
0.030344
0.019741
0.026057
0.013901
0.019168
0.031913
0.019630
0.064430
0.023475
0.021991
0.018995
0.042266
0.017999
0.013891
0.017999
0.017999
0.036850
0.164127
0.042243
0.019168
0.014147
0.081559
0.013901
0.018995
0.020543
0.014109
0.042266
0.020392
0.031913
0.019079
0.019630
0.020392
0.022416
0.013901
0.023475
0.018995
0.014057
0.014779
0.019168
0.018581
0.024207
0.014147
0.042266
0.013901
0.014779
0.018995
0.014147
0.017999
0.020935
0.017999
0.013891
0.017980
0.017322
0.015980
0.014917
0.013891
0.028596
0.020399
0.015980
0.013521
0.040324
0.014917
0.028596
0.040324
0.020787
0.014917
0.014917
0.019331
0.015980
0.020787
0.166992
0.040324
0.015980
0.025917
0.025917
0.014917
0.019280
0.016710
0.016343
0.031807
0.016710
0.019756
0.016710
0.019202
0.020993
0.125297
0.019202
0.031807
0.016710
0.020993
0.016710
0.019756
0.121376
0.031807
0.015980
0.026500
0.019756
0.019331
0.045273
0.051341
0.020993
0.020993
0.031807
0.019312
0.035052
0.016210
0.019202
0.037440
0.046032
0.040324
0.019280
0.017227
0.014917
0.014917
0.015980
0.019280
0.019280
0.015980
0.054773
0.015980
0.019280
0.020993
0.020607
0.031932
0.021721
0.021721
0.062625
0.016210
0.071272
0.033930
0.018761
0.021721
0.016854
0.017358
0.053025
0.044091
0.018761
0.019312
0.018761
0.018761
0.019312
0.018443
0.021838
0.018443
0.018761
0.096149
0.025923
0.025923
0.021569
0.027523
0.018064
0.017291
0.029615
0.047480
0.042704
0.024032
0.017291
0.017291
0.026413
0.018667
0.017358
0.021631
0.026379
0.021349
0.018667
0.030460
0.027523
0.018780
0.018667
0.017291
0.053025
0.018064
0.018661
0.020629
0.018661
0.021838
0.021524
0.021838
0.056128
0.026639
0.021349
0.023664
0.019987
0.030460
0.019987
0.023664
0.021349
0.019017
0.018780
0.018667
0.021631
0.023664
0.030460
0.021524
0.017291
0.018667
0.017291
0.017291
0.019017
0.019017
0.019987
0.024422
0.018936
0.026379
0.024026
0.021369
0.021369
0.017291
0.030460
0.019067
0.019103
0.021569
0.018443
0.018667
0.030938
0.021567
0.020629
0.019856
0.021567
0.021567
0.023259
0.019312
0.018064
0.019500
0.019103
0.017358
0.019982
0.036108
0.020875
0.021631
0.019103
0.021631
0.021369
0.020494
0.020918
0.020494
0.020494
0.021948
0.019067
0.021631
0.036108
0.019500
0.021631
0.021631
0.020566
0.021369
0.039442
0.022185
0.029257
0.042709
0.021003
0.020875
0.024032
0.030999
0.019103
0.039442
0.020888
0.011521
0.003303
0.019560
0.120006
0.039442
0.117716
0.034156
0.039442
0.039442
0.034156
0.043279
0.174844
0.043658
0.020494
0.034156
0.017611
0.022531
0.017611
0.017611
0.120006
0.030489
0.034077
0.019584
0.055871
0.057663
0.028184
0.007715
0.004740
0.003303
0.017440
0.029887
0.020602
0.018092
0.012212
0.027178
0.029887
0.019829
0.031479
0.019584
0.042076
0.003303
0.021290
0.019829
0.066870
0.007715
0.011521
0.019584
0.034077
0.022531
0.017611
0.012269
0.018612
0.019560
0.019584
0.010208
0.020666
0.017685
0.018136
0.012212
0.057663
0.003303
0.019439
0.017611
0.120006
0.141116
0.039442
0.019067
0.083613
0.034156
0.056839
0.042709
0.021003
0.050111
0.174844
0.021003
0.117716
0.019067
0.030489
0.034077
0.021290
0.020888
0.021290
0.004740
0.018612
0.022531
0.030999
0.019067
0.117716
0.050111
0.039442
0.039442
0.019067
0.057663
0.020888
0.010208
0.019439
0.034077
0.019856
0.010208
0.018612
0.019856
0.034077
0.012269
0.022531
0.019911
0.034077
0.010208
0.007715
0.103800
0.019584
0.022531
0.019911
0.022531
0.120006
0.034077
0.030489
0.030489
0.034156
0.149990
0.021003
0.174844
0.022185
0.039071
0.120006
0.022531
0.024177
0.018694
0.021676
0.004740
0.021801
0.022523
0.012212
0.017685
0.014496
0.020602
0.012212
0.027806
0.041645
0.019850
0.011521
0.010754
0.026843
0.018092
0.029887
0.032468
0.003303
0.007200
0.010754
0.008174
0.076403
0.003303
0.030999
0.102855
0.030489
0.149990
0.086193
0.021948
0.086193
0.076213
0.019103
0.022531
0.019346
0.020666
0.021290
0.010754
0.020602
0.008961
0.050020
0.011254
0.012828
0.019829
0.003303
0.012269
0.068487
0.083613
0.117716
0.120006
0.095759
0.095759
0.036108
0.120006
0.026259
0.054088
0.042076
0.022589
0.023255
0.389054
0.020875
0.141116
0.043658
0.068487
0.034156
0.039442
0.117716
0.155492
0.111477
0.022185
0.114432
0.056839
0.034124
0.117716
0.056839
0.151192
0.043658
0.174844
0.021003
0.042709
0.056839
0.022185
0.056839
0.151192
0.174844
0.069929
0.151192
0.043279
0.076213
0.117716
0.043279
0.119886
0.114432
0.117716
0.117716
0.057663
0.010754
0.010754
0.057663
0.057663
0.008174
0.003303
0.012269
0.104303
0.043658
0.094361
0.151192
0.155492
0.151192
0.111477
0.030999
0.009191
0.057663
0.003303
0.010208
0.022523
0.013727
0.004740
0.003303
0.021290
0.021290
0.010754
0.009339
0.010754
0.027806
0.014105
0.019431
0.008878
0.018092
0.025367
0.036147
0.006522
0.057521
0.026689
0.033872
0.037239
0.027176
0.034386
0.034703
0.018421
0.022463
0.012108
0.011571
0.019473
0.008585
0.015514
0.026130
0.077546
0.011571
0.017388
0.048017
0.015514
0.026689
0.012108
0.011571
0.020282
0.013689
0.008585
0.008585
0.008878
0.008878
0.019431
0.027126
0.053370
0.063942
0.018408
0.009389
0.013943
0.012205
0.011195
0.027017
0.020870
0.014671
0.024802
0.019465
0.019748
0.100720
0.019465
0.071896
0.019578
0.019832
0.068800
0.108302
0.062474
0.076579
0.062474
0.031809
0.023400
0.019642
0.019642
0.074590
0.043150
0.030477
0.018805
0.018421
0.036374
0.022463
0.027176
0.027176
0.019218
0.048772
0.012108
0.015943
0.013689
0.041948
0.053370
0.028613
0.036374
0.040040
0.031541
0.078021
0.072196
0.077546
0.022463
0.080033
0.026689
0.019473
0.022463
0.075245
0.031801
0.026689
0.025177
0.057926
0.065290
0.034703
0.022960
0.022463
0.011571
0.018761
0.015514
0.027126
0.027176
0.034731
0.027176
0.011571
0.012108
0.024874
0.022960
0.020282
0.027126
0.043587
0.031060
0.014420
0.043690
0.048772
0.019437
0.019297
0.006522
0.018136
0.047817
0.017685
0.006522
0.033490
0.080033
0.008585
0.032346
0.006522
0.014420
0.017685
0.025314
0.027126
0.020282
0.006522
0.043587
0.017445
0.021245
0.024541
0.014865
0.009339
0.014391
0.014420
0.008878
0.008878
0.014865
0.014865
0.027806
0.040689
0.022898
0.012212
0.013727
0.027806
0.025367
0.045289
0.043587
0.043587
0.048772
0.011571
0.019798
0.028276
0.020797
0.018092
0.019957
0.013689
0.019431
0.024308
0.043587
0.012212
0.018092
0.027806
0.022792
0.050020
0.019436
0.008961
0.013727
0.008878
0.028996
0.019431
0.018092
0.019297
0.019090
0.009339
0.013481
0.014496
0.011254
0.041645
0.024173
0.028996
0.048102
0.018092
0.017445
0.019957
0.031060
0.008878
0.024541
0.017685
0.014865
0.008585
0.014496
0.014496
0.011254
0.014420
0.012212
0.027806
0.013727
0.024025
0.014496
0.019829
0.055871
0.018558
0.018092
0.043587
0.008585
0.048102
0.040689
0.027806
0.012212
0.014496
0.018092
0.024025
0.050020
0.025367
0.012212
0.011786
0.029887
0.019850
0.027806
0.020602
0.029887
0.011786
0.024025
0.013727
0.013727
0.019850
0.013727
0.011786
0.024025
0.027806
0.024025
0.023278
0.031060
0.043690
0.012212
0.048102
0.027178
0.025367
0.017445
0.019957
0.014105
0.012212
0.013727
0.018092
0.018685
0.011254
0.011521
0.014496
0.029887
0.012212
0.031060
0.020583
0.027396
0.043150
0.045189
0.070452
0.094159
0.123289
0.095386
0.062474
0.062474
0.094378
0.019578
0.097090
0.019051
0.025177
0.078021
0.072196
0.054164
0.084916
0.074438
0.046982
0.046982
0.084916
0.066778
0.028123
0.041295
0.082285
0.066908
0.076329
0.045289
0.024308
0.034484
0.045289
0.038285
0.026804
0.045289
0.032869
0.033775
0.028423
0.041295
0.053370
0.077546
0.083222
0.054164
0.047422
0.053370
0.029707
0.078021
0.085619
0.074438
0.072196
0.085619
0.073598
0.074590
0.033872
0.078762
0.031246
0.073598
0.023032
0.086442
0.035419
0.067030
0.114255
0.068903
0.108302
0.058710
0.023032
0.091108
0.049964
0.070452
0.071896
0.055278
0.019168
0.033872
0.086430
0.075937
0.031246
0.040040
0.029563
0.047422
0.075937
0.092925
0.024198
0.024285
0.050461
0.022659
0.023483
0.055728
0.095030
0.028501
0.033877
0.029618
0.018606
0.026227
0.019332
0.015100
0.057162
0.033877
0.032606
0.118826
0.016712
0.046657
0.098781
0.025789
0.028089
0.118826
0.063942
0.094159
0.024285
0.054733
0.042378
0.018019
0.045132
0.037120
0.021317
0.027973
0.023284
0.038729
0.019385
0.012781
0.022924
0.034602
0.006316
0.010909
0.038834
0.027468
0.038799
0.007782
0.023284
0.014506
0.163468
0.022961
0.008467
0.017377
0.019721
0.031486
0.027973
0.031486
0.021066
0.019925
0.034707
0.021066
0.064792
0.048973
0.019925
0.116768
0.067370
0.155318
0.021066
0.055866
0.161985
0.019925
0.155318
0.021743
0.144471
0.064317
0.096670
0.047099
0.172261
0.106848
0.122297
0.067370
0.067370
0.055215
0.122297
0.038729
0.027973
0.031204
0.079117
0.122297
0.096433
0.059345
0.017377
0.028407
0.034707
0.122297
0.028407
0.019474
0.144471
0.050304
0.017716
0.096433
0.018019
0.020925
0.059345
0.028407
0.157821
0.038799
0.059345
0.037120
0.044332
0.030871
0.034707
0.019731
0.019925
0.005525
0.027614
0.017716
0.038837
0.017377
0.010879
0.017938
0.010909
0.010601
0.006316
0.008169
0.017716
0.018019
0.132998
0.038799
0.022961
0.017938
0.040787
0.010879
0.019017
0.019306
0.005525
0.115687
0.025433
0.010879
0.017491
0.018294
0.019925
0.149724
0.019955
0.020192
0.059345
0.018019
0.043697
0.038363
0.055212
0.019955
0.032711
0.165779
0.045132
0.019561
0.017716
0.017491
0.011174
0.018400
0.019017
0.014557
0.045054
0.010394
0.018997
0.018408
0.023211
0.019184
0.014557
0.091927
0.019332
0.021201
0.019561
0.010394
0.017938
0.041893
0.017938
0.020004
0.019017
0.019007
0.021201
0.018606
0.028965
0.096330
0.054733
0.028965
0.018606
0.036841
0.026227
0.032606
0.050071
0.024344
0.024025
0.019645
0.010394
0.039515
0.011349
0.022014
0.045399
0.015100
0.010394
0.008019
0.022229
0.010394
0.013943
0.080859
0.050877
0.026821
0.019332
0.033877
0.026866
0.026821
0.096330
0.068239
0.026821
0.023211
0.033877
0.018606
0.019332
0.010601
0.008467
0.009389
0.029814
0.008467
0.010601
0.009389
0.019561
0.005275
0.018997
0.007310
0.006316
0.015960
0.008467
0.014039
0.020556
0.009389
0.008019
0.012023
0.019017
0.023211
0.012909
0.015100
0.020033
0.036486
0.033877
0.045054
0.046751
0.043944
0.022674
0.015100
0.061442
0.015960
0.097666
0.008467
0.019645
0.008169
0.020033
0.010394
0.018891
0.008019
0.014557
0.017491
0.012909
0.006764
0.019731
0.011174
0.163468
0.029229
0.019955
0.034707
0.010172
0.037120
0.091045
0.018019
0.071854
0.031486
0.029229
0.020925
0.055215
0.041318
0.019731
0.045132
0.095230
0.055212
0.030420
0.047099
0.036060
0.116768
0.172261
0.074385
0.156200
0.074385
0.107453
0.059283
0.129482
0.217587
0.084164
0.152636
0.124686
0.047099
0.327503
0.074385
0.155318
0.116768
0.024696
0.184100
0.029229
0.077140
0.041318
0.118212
0.019555
0.021066
0.059345
0.037120
0.059345
0.068651
0.019474
0.055215
0.037451
0.064792
0.055212
0.020376
0.017716
0.098617
0.045132
0.018019
0.017716
0.091045
0.019721
0.055212
0.010879
0.012781
0.014506
0.021066
0.019474
0.042395
0.006764
0.038729
0.012781
0.012781
0.128136
0.007221
0.006316
0.020556
0.007425
0.029229
0.037120
0.055215
0.068651
0.019925
0.096433
0.018019
0.059345
0.037120
0.014087
0.017377
0.081763
0.021317
0.055215
0.018019
0.034707
0.011174
0.029814
0.019340
0.017491
0.007425
0.006316
0.005275
0.010601
0.022924
0.010879
0.012781
0.028282
0.029782
0.031002
0.026283
0.019060
0.038729
0.017377
0.006316
0.021307
0.009389
0.005525
0.006316
0.007263
0.016102
0.032606
0.022674
0.022229
0.013943
0.016102
0.045054
0.012095
0.057162
0.012205
0.012909
0.012205
0.051290
0.012579
0.019332
0.013943
0.012023
0.018997
0.006433
0.017758
0.006316
0.022961
0.011174
0.063614
0.011349
0.040158
0.018606
0.012205
0.008019
0.036918
0.025386
0.007263
0.008019
0.022116
0.029782
0.031002
0.018294
0.043697
0.008467
0.034602
0.007263
0.022116
0.009389
0.015298
0.034299
0.019561
0.006316
0.041605
0.007263
0.011174
0.017716
0.031486
0.022961
0.038942
0.079117
0.064317
0.064792
0.081763
0.059345
0.096433
0.037307
0.068651
0.118212
0.031486
0.031486
0.011174
0.042395
0.010879
0.018294
0.022116
0.022924
0.031486
0.006316
0.007221
0.022116
0.019731
0.059345
0.030871
0.077140
0.012781
0.059345
0.019474
0.055212
0.029782
0.096433
0.031002
0.029229
0.010394
0.031486
0.036918
0.012781
0.005275
0.017491
0.021177
0.017758
0.010394
0.022757
0.017938
0.007782
0.010601
0.022116
0.018891
0.008019
0.021177
0.017938
0.038115
0.019589
0.015960
0.022924
0.008019
0.017303
0.008019
0.012909
0.021177
0.010879
0.006316
0.015960
0.005275
0.038115
0.022924
0.166813
0.020603
0.008019
0.034602
0.036486
0.015960
0.018408
0.097105
0.026227
0.079685
0.033877
0.014039
0.011349
0.023211
0.041605
0.005275
0.007263
0.027468
0.010879
0.007263
0.010879
0.044386
0.041605
0.043697
0.268462
0.010879
0.032883
0.010879
0.017702
0.027614
0.008169
0.022116
0.034379
0.007263
0.006764
0.042395
0.017702
0.043697
0.006316
0.041605
0.012095
0.015100
0.038115
0.010394
0.038115
0.014557
0.005275
0.012095
0.009389
0.018606
0.034379
0.050071
0.021307
0.018580
0.015298
0.023211
0.013943
0.019332
0.014039
0.019332
0.034602
0.010394
0.038115
0.018408
0.034299
0.015100
0.054733
0.034602
0.009389
0.034299
0.019332
0.057162
0.011195
0.057149
0.019332
0.020033
0.011195
0.024344
0.014039
0.054733
0.020603
0.013943
0.013943
0.013943
0.057162
0.011349
0.005275
0.012909
0.009389
0.018580
0.010601
0.021307
0.019332
0.036486
0.018224
0.018580
0.012095
0.012205
0.018997
0.020603
0.011349
0.014903
0.012205
0.018891
0.034379
0.043198
0.034299
0.050071
0.016102
0.017303
0.013943
0.011195
0.011195
0.013943
0.008019
0.022005
0.012023
0.012579
0.017326
0.034602
0.012579
0.019332
0.017848
0.025386
0.012205
0.045054
0.030015
0.012579
0.019332
0.015100
0.096330
0.012095
0.017303
0.196004
0.021307
0.034299
0.034299
0.034299
0.015960
0.034379
0.021177
0.018224
0.021177
0.015960
0.035702
0.012205
0.038115
0.011349
0.034299
0.057381
0.017326
0.016712
0.021201
0.018224
0.017303
0.012579
0.012205
0.012579
0.035479
0.017848
0.035479
0.013943
0.016712
0.029433
0.013586
0.012579
0.032606
0.008019
0.020603
0.152774
0.033877
0.100457
0.131595
0.025386
0.017303
0.017326
0.017303
0.013943
0.057381
0.012579
0.018606
0.017303
0.011039
0.013323
0.072828
0.017680
0.016824
0.055458
0.025422
0.024802
0.050877
0.057381
0.114255
0.029433
0.065598
0.018224
0.032606
0.017744
0.008019
0.019332
0.026227
0.012023
0.111814
0.011349
0.022674
0.014039
0.078603
0.013943
0.032606
0.096330
0.029433
0.118826
0.075764
0.068568
0.026808
0.095030
0.024512
0.023798
0.068903
0.016824
0.071896
0.018443
0.019051
0.023798
0.024198
0.094133
0.068903
0.014671
0.033877
0.065598
0.024198
0.013940
0.092774
0.055728
0.016824
0.078601
0.021146
0.086442
0.068568
0.044966
0.055728
0.095386
0.075764
0.078603
0.095030
0.017854
0.067043
0.018956
0.068903
0.017854
0.065598
0.012914
0.023798
0.072828
0.095386
0.030465
0.023798
0.097090
0.018956
0.025177
0.024512
0.043150
0.051201
0.076579
0.073010
0.031801
0.028422
0.068568
0.019051
0.031913
0.051201
0.078601
0.069094
0.081945
0.021253
0.019642
0.021146
0.076579
0.018956
0.097090
0.070618
0.068568
0.099829
0.068568
0.031801
0.030477
0.032526
0.028422
0.018421
0.079220
0.016744
0.020522
0.079220
0.018421
0.018421
0.040040
0.019832
0.047422
0.048288
0.068800
0.065467
0.021413
0.040739
0.031801
0.040040
0.020583
0.033872
0.030477
0.020685
0.022358
0.020522
0.018805
0.022358
0.067266
0.019470
0.019832
0.020833
0.034703
0.018805
0.019015
0.033872
0.034703
0.020791
0.030477
0.021146
0.030477
0.074590
0.020685
0.019832
0.067266
0.031809
0.019832
0.018696
0.056511
0.034731
0.052695
0.037239
0.019473
0.033973
0.018805
0.053370
0.060256
0.037959
0.019015
0.024874
0.019642
0.020797
0.052806
0.019878
0.015514
0.022512
0.019473
0.046425
0.017388
0.048288
0.011571
0.036832
0.031060
0.019218
0.010965
0.023495
0.011571
0.022463
0.016960
0.020522
0.018421
0.033973
0.019473
0.018937
0.020522
0.030477
0.034731
0.017990
0.016960
0.020685
0.021413
0.034703
0.018941
0.020522
0.018941
0.018421
0.040040
0.064736
0.034731
0.030477
0.020583
0.017990
0.022463
0.020583
0.027176
0.078021
0.017692
0.019015
0.037959
0.077546
0.037959
0.026689
0.020522
0.019218
0.010965
0.018516
0.027126
0.024223
0.012108
0.019885
0.018367
0.019798
0.021165
0.043587
0.020812
0.017388
0.008585
0.019878
0.019798
0.020297
0.022960
0.008585
0.020282
0.020797
0.014865
0.020282
0.018136
0.017441
0.010754
0.018558
0.027178
0.032256
0.032256
0.024025
0.017853
0.019829
0.017686
0.028184
0.020624
0.012212
0.014865
0.017265
0.018516
0.012212
0.020850
0.017686
0.011786
0.058103
0.014496
0.066870
0.021009
0.032256
0.011254
0.013355
0.010754
0.022012
0.054702
0.028184
0.013355
0.026936
0.030388
0.017530
0.110321
0.100896
0.018490
0.059251
0.010953
0.023255
0.056949
0.011939
0.011939
0.030785
0.057600
0.061644
0.143804
0.038951
0.132635
0.080190
0.061780
0.050249
0.024472
0.078007
0.062779
0.147124
0.063855
0.061780
0.036951
0.057066
0.088108
0.050249
0.111477
0.058116
0.044047
0.021630
0.040324
0.057066
0.059251
0.040324
0.017405
0.022185
0.074318
0.033716
0.021333
0.023255
0.025799
0.017530
0.110321
0.017895
0.030639
0.051944
0.052049
0.048299
0.059251
0.033716
0.057350
0.025799
0.030785
0.074477
0.029444
0.033716
0.022589
0.076635
0.015164
0.011939
0.061534
0.105147
0.062329
0.050249
0.057646
0.213118
0.079582
0.177135
0.126994
0.268096
0.126994
0.120929
0.130841
0.122249
0.076090
0.131964
0.160556
0.078632
0.209763
0.083130
0.115577
0.063648
0.099459
0.074905
0.177804
0.063648
0.289787
0.639906
0.308779
0.568067
0.089154
0.126426
0.083953
0.195420
0.092075
0.114096
0.029444
0.080567
0.026259
0.056500
0.102855
0.023287
0.650586
0.010953
0.010953
0.040426
0.017610
0.028996
0.068487
0.033132
0.117716
0.033132
0.999073
1.000000
0.585232
0.790452
0.449247
0.141328
0.019987
0.018667
0.058745
0.017611
0.054702
0.007715
0.011350
0.264650
0.098458
0.032256
0.018086
0.017440
0.033004
0.032256
0.013355
0.022333
0.016707
0.120006
0.018612
0.021951
0.019500
0.023255
0.018647
0.095759
0.016083
0.038951
0.023255
0.027627
0.103800
0.034077
0.037319
0.102855
0.003303
0.019500
0.014496
0.010754
0.019850
0.021009
0.124443
0.021514
0.003303
0.017706
0.057663
0.003303
0.031479
0.011939
0.012269
0.022101
0.019856
0.017265
0.021290
0.017706
0.009191
0.017706
0.020888
0.012212
0.018661
0.017265
0.055871
0.041531
0.021567
0.021969
0.017440
0.022531
0.066870
0.011350
0.103800
0.012194
0.019017
0.015164
0.017530
0.019067
0.091480
0.034077
0.047941
0.022101
0.016986
0.012212
0.050020
0.017440
0.011387
0.048299
0.047941
0.041531
0.020888
0.050020
0.024025
0.009339
0.055871
0.018558
0.021801
0.014865
0.031932
0.014865
0.014496
0.055871
0.014496
0.003303
0.033004
0.012212
0.050020
0.014856
0.013778
0.018667
0.012212
0.021567
0.041531
0.104303
0.015164
0.032468
0.012194
0.023287
0.003303
0.021290
0.021009
0.020666
0.019935
0.014420
0.020602
0.020624
0.019856
0.057663
0.009191
0.018936
0.047941
0.010961
0.040426
0.014496
0.003303
0.020624
0.016228
0.011786
0.023259
0.021245
0.004740
0.019856
0.013447
0.050020
0.019856
0.021290
0.019312
0.010754
0.032256
0.014496
0.018694
0.013355
0.019856
0.021009
0.014496
0.011521
0.013727
0.048102
0.019312
0.020602
0.011521
0.014105
0.016854
0.020282
0.041948
0.068800
0.034703
0.068243
0.037239
0.037239
0.019470
0.027499
0.020583
0.043150
0.031809
0.019161
0.027396
0.030477
0.037239
0.026130
0.066778
0.028423
0.027126
0.022463
0.031541
0.026689
0.052806
0.019798
0.061107
0.053370
0.033973
0.019473
0.079220
0.036374
0.019473
