0.37
0.37
0.37
0.37
0.37
0.37
0.37
0.37
0.37
0.37
0.37
0.37
0.37
0.37
0.37
0.37
0.37
0.37
0.37
0.37
0.37
0.37
0.37
0.37
0.37
0.37
0.37
0.37
0.37
0.37
0.37
0.37
0.37
0.37
0.37
0.37
0.37
0.37
0.37
0.37
0.37
0.37
0.37
0.37
0.37
0.37
0.37
0.37
0.37
0.37
0.37
0.37
0.37
0.37
0.37
0.37
0.37
0.37
0.37
0.37
0.37
0.37
0.37
0.37
0.37
0.37
0.37
0.37
0.37
0.37
0.37
0.37
0.37
0.37
0.37
0.37
0.37
0.37
0.37
0.37
0.37
0.37
0.37
0.37
0.37
0.37
0.37
0.37
0.37
0.37
0.37
0.37
0.37
0.37
0.37
0.37
0.37
0.37
0.37
0.37
0.37
0.37
0.37
0.37
0.37
0.37
0.37
0.37
0.37
0.37
0.37
0.37
0.37
0.37
0.37
0.37
0.37
0.37
0.25
0.20
0.61
0.29
0.31
0.34
0.52
0.37
0.38
0.26
0.34
0.44
0.31
0.56
0.14
0.53
0.15
0.42
0.38
0.37
0.50
0.11
0.73
0.15
0.40
0.26
0.34
0.78
0.39
0.13
0.06
0.43
0.33
0.26
0.14
0.02
0.09
0.46
0.15
0.01
0.57
0.29
0.14
0.35
0.29
0.01
0.48
0.00
0.24
0.03
0.02
0.38
0.04
0.00
0.12
0.18
0.14
0.01
0.21
0.00
0.01
0.46
0.07
0.22
0.54
0.18
0.31
0.02
0.43
0.37
0.46
0.32
0.20
0.41
0.12
0.49
0.45
0.01
0.43
0.17
0.31
0.16
0.07
0.05
0.32
0.65
0.23
0.10
0.12
0.22
0.12
0.23
0.11
0.24
0.40
0.05
0.16
0.15
0.30
0.06
0.04
0.33
0.01
0.08
0.00
0.12
0.44
0.07
0.14
0.20
0.23
0.02
0.30
0.13
0.38
0.28
0.29
0.42
0.11
0.54
0.34
0.47
0.53
0.38
0.18
0.55
0.02
0.26
0.32
0.35
0.58
0.42
0.47
0.39
0.36
0.53
0.61
0.04
0.50
0.47
0.32
0.57
0.33
0.34
0.54
0.65
0.39
0.25
0.11
0.25
0.14
0.26
0.37
0.14
0.68
0.25
0.39
0.19
0.29
0.06
0.30
0.20
0.05
0.32
0.03
0.03
0.11
0.07
0.19
0.09
0.16
0.08
0.02
0.02
0.31
0.20
0.08
0.00
0.01
0.17
0.23
0.04
0.38
0.11
0.29
0.04
0.00
0.25
0.18
0.45
0.23
0.11
0.27
0.36
0.39
0.28
0.09
0.33
0.27
0.45
0.14
0.00
0.04
0.10
0.59
0.16
0.15
0.28
0.18
0.35
0.05
0.22
0.43
0.18
0.15
0.14
0.07
0.13
0.03
0.09
0.11
0.14
0.17
0.08
0.01
0.33
0.15
0.30
0.13
0.33
0.54
0.47
0.32
0.27
0.16
0.49
0.31
0.01
0.19
0.12
0.22
0.19
0.54
0.21
0.27
0.34
0.49
0.51
0.49
0.28
0.14
0.32
0.45
0.25
0.39
0.20
0.41
0.44
0.39
0.38
0.73
0.53
0.58
0.19
0.38
0.54
0.31
0.08
0.36
0.05
0.15
0.53
0.41
0.48
0.32
0.22
0.05
0.49
0.19
0.03
0.30
0.32
0.45
0.04
0.02
0.05
0.06
0.07
0.07
0.24
0.17
0.12
0.05
0.12
0.24
0.21
0.03
0.04
0.21
0.44
0.13
0.06
0.34
0.24
0.56
0.13
0.05
0.55
0.39
0.36
0.36
0.60
0.12
0.48
0.20
0.07
0.21
0.01
0.18
0.30
0.06
0.25
0.14
0.20
0.03
0.16
0.69
0.38
0.19
0.05
0.48
0.13
0.12
0.13
0.25
0.21
0.09
0.19
0.26
0.04
0.25
0.09
0.57
0.41
0.29
0.19
0.23
0.06
0.30
0.46
0.40
0.06
0.07
0.22
0.33
0.51
0.05
0.37
0.36
0.54
0.33
0.28
0.15
0.28
0.32
0.82
0.84
0.37
0.21
0.05
0.50
0.22
0.77
0.24
0.41
0.85
0.12
0.32
0.11
0.32
0.14
0.27
0.22
0.09
0.26
0.41
0.49
0.04
0.20
0.39
0.05
0.17
0.06
0.05
0.20
0.13
0.22
0.11
0.21
0.09
0.30
0.01
0.13
0.07
0.08
0.02
0.23
0.02
0.16
0.08
0.02
0.23
0.10
0.08
0.17
0.12
0.24
0.10
0.03
0.08
0.23
0.26
0.15
0.13
0.21
0.03
0.23
0.33
0.15
0.55
0.17
0.14
0.24
0.37
0.25
0.04
0.29
0.52
0.04
0.23
0.22
0.31
0.12
0.00
0.21
0.20
0.07
0.13
0.13
0.20
0.06
0.24
0.08
0.08
0.12
0.11
0.14
0.08
0.32
0.33
0.19
0.20
0.07
0.33
0.36
0.18
0.25
0.09
0.20
0.19
0.01
0.10
0.15
0.41
0.03
0.13
0.36
0.12
0.20
0.44
0.17
0.25
0.57
0.41
0.41
0.30
0.13
0.08
0.29
0.67
0.38
0.36
0.39
0.35
0.16
0.78
0.26
0.27
0.02
0.28
0.28
0.28
0.02
0.62
0.61
0.41
0.09
0.38
0.20
0.18
0.44
0.01
0.10
0.05
0.17
0.11
0.03
0.26
0.21
0.05
0.19
0.32
0.02
0.18
0.06
0.03
0.25
0.14
0.32
0.08
0.08
0.04
0.20
0.23
0.33
0.07
0.62
0.13
0.05
0.33
0.03
0.11
0.01
0.33
0.36
0.50
0.25
0.42
0.07
0.17
0.18
0.39
0.00
0.29
0.45
0.14
0.50
0.42
0.34
0.18
0.39
0.02
0.40
0.11
0.11
0.33
0.20
0.22
0.10
0.23
0.26
0.12
0.06
0.41
0.16
0.09
0.05
0.42
0.18
0.22
0.06
0.00
0.53
0.14
0.16
0.04
0.07
0.08
0.15
0.52
0.61
0.58
0.53
0.22
0.03
0.21
0.18
0.24
0.64
0.36
0.56
0.44
0.20
0.69
0.34
0.17
0.37
0.07
0.54
0.47
0.31
0.29
0.57
0.21
0.23
0.52
0.34
0.61
0.38
0.64
0.48
0.08
0.10
0.60
0.48
0.14
0.05
0.51
0.14
0.62
0.59
0.06
0.03
0.06
0.30
0.10
0.25
0.53
0.31
0.25
0.06
0.04
0.14
0.25
0.05
0.01
0.27
0.04
0.14
0.11
0.38
0.24
0.51
0.02
0.07
0.23
0.42
0.03
0.22
0.33
0.05
0.42
0.06
0.45
0.22
0.12
0.56
0.22
0.31
0.16
0.44
0.29
0.00
0.23
0.11
0.31
0.46
0.25
0.47
0.67
0.06
0.34
0.45
0.10
0.06
0.16
0.06
0.09
0.19
0.15
0.30
0.10
0.18
0.18
0.38
0.04
0.47
0.26
0.19
0.17
0.25
0.15
0.38
0.27
0.24
0.27
0.28
0.02
0.71
0.02
0.29
0.21
0.65
0.52
0.23
0.38
0.56
0.76
0.40
0.15
0.17
0.73
0.01
0.85
0.29
0.26
0.37
0.50
0.40
0.02
0.42
0.44
0.48
0.19
0.04
0.32
0.22
0.26
0.23
0.33
0.34
0.52
0.54
0.22
0.29
0.39
0.54
0.27
0.03
0.28
0.21
0.51
0.25
0.06
0.07
0.05
0.15
0.13
0.24
0.12
0.02
0.13
0.12
0.01
0.01
0.15
0.25
0.24
0.18
0.27
0.09
0.11
0.21
0.07
1.00
0.13
0.27
0.43
0.12
0.63
0.39
0.53
0.25
0.23
0.42
0.14
0.39
0.12
0.17
0.10
0.34
0.18
0.26
0.41
0.15
0.11
0.25
0.21
0.06
0.16
0.15
0.05
0.22
0.11
0.37
0.10
0.31
0.31
0.15
0.07
0.01
0.09
0.12
0.06
0.45
0.15
0.41
0.05
0.19
0.01
0.07
0.11
0.26
0.31
0.21
0.01
0.34
0.44
0.61
0.12
0.29
0.42
0.19
0.31
0.26
0.20
0.27
0.42
0.33
0.18
0.12
0.15
0.31
0.12
0.74
0.10
0.16
0.64
0.01
0.52
0.32
0.46
0.53
0.19
0.22
0.19
0.17
0.42
0.44
0.70
0.33
0.38
0.29
0.16
0.36
0.29
0.21
0.02
0.15
0.28
0.24
0.02
0.03
0.16
0.24
0.06
0.04
0.16
0.09
0.29
0.16
0.16
0.15
0.23
0.05
0.09
0.42
0.01
0.49
0.37
0.02
0.26
0.21
0.47
0.44
0.11
0.21
0.29
0.44
0.39
0.18
0.26
0.07
0.08
0.09
0.19
0.49
0.45
0.12
0.49
0.15
0.35
0.32
0.38
0.26
0.03
0.10
0.22
0.00
0.15
0.16
0.07
0.10
0.33
0.31
0.25
0.07
0.06
0.04
0.03
0.02
0.02
0.01
0.22
0.50
0.19
0.01
0.30
0.06
0.43
0.02
0.35
0.42
0.40
0.03
0.08
0.14
0.21
0.07
0.17
0.40
0.56
0.24
0.39
0.47
0.77
0.23
0.09
0.05
0.55
0.43
0.60
0.42
0.52
0.49
0.44
0.30
0.68
0.33
0.54
0.43
0.71
0.48
0.26
0.31
0.28
0.11
0.62
0.49
0.13
0.34
0.30
0.02
0.52
0.17
0.24
0.26
0.02
0.06
0.13
0.24
0.13
0.24
0.14
0.16
0.24
0.14
0.16
0.11
0.06
0.37
0.08
0.16
0.22
0.20
0.14
0.36
0.17
0.62
0.28
0.25
0.14
0.36
0.35
0.46
0.16
0.02
0.44
0.30
0.04
0.37
0.11
0.18
0.52
0.03
0.12
0.37
0.47
0.37
0.12
0.38
0.61
0.25
0.06
0.42
0.22
0.39
0.11
0.14
0.10
0.20
0.20
0.12
0.01
0.06
0.57
0.20
0.20
0.01
0.11
0.05
0.08
0.08
0.27
0.47
0.38
0.43
0.14
0.35
0.02
0.18
0.61
0.22
0.17
0.13
0.39
0.65
0.35
0.23
0.66
0.15
0.50
0.23
0.13
0.55
0.02
0.30
0.38
0.32
0.11
0.31
0.16
0.79
0.12
0.09
0.60
0.64
0.44
0.43
0.59
0.68
0.14
0.63
0.42
0.31
0.58
0.51
0.55
0.25
0.42
0.32
0.16
0.53
0.24
0.19
0.27
0.23
0.03
0.13
0.57
0.09
0.04
0.20
0.12
0.06
0.17
0.16
0.02
0.07
0.08
0.33
0.04
0.35
0.33
0.26
0.33
0.16
0.13
0.14
0.17
0.36
0.13
0.03
0.23
0.05
0.35
0.30
0.12
0.24
0.19
0.47
0.31
0.39
0.38
0.33
0.26
0.17
0.05
0.24
0.29
0.15
0.04
0.01
0.16
0.30
0.22
0.07
0.09
0.03
0.12
0.14
0.38
0.04
0.31
0.32
0.08
0.12
0.04
0.18
0.26
0.05
0.22
0.01
0.12
0.28
0.81
0.04
0.08
0.17
0.01
0.26
0.22
0.45
0.01
0.03
0.58
0.32
0.10
0.09
0.22
0.49
0.27
0.68
0.46
0.46
0.42
0.36
0.39
0.67
0.15
0.66
0.36
0.59
0.42
0.15
0.51
0.31
0.66
0.25
0.05
0.25
0.31
0.26
0.38
0.30
0.34
0.48
0.16
0.54
0.37
0.34
0.09
0.25
0.18
0.45
0.54
0.48
0.04
0.00
0.12
0.10
0.23
0.25
0.09
0.18
0.22
0.06
0.25
0.19
0.01
0.21
0.27
0.34
0.38
0.26
0.26
0.24
0.35
0.42
0.18
0.23
0.11
0.23
0.01
0.06
0.01
0.19
0.04
0.30
0.11
0.34
0.46
0.57
0.45
0.44
0.15
0.26
0.37
0.41
0.11
0.24
0.44
0.25
0.13
0.04
0.13
0.08
0.30
0.09
0.06
0.09
0.28
0.01
0.11
0.20
0.14
0.19
0.12
0.25
0.28
0.00
0.42
0.24
0.12
0.40
0.19
0.26
0.31
0.55
0.60
0.60
0.52
