0.15
0.15
0.15
0.15
0.15
0.15
0.15
0.15
0.15
0.15
0.15
0.15
0.15
0.15
0.15
0.15
0.15
0.15
0.15
0.15
0.15
0.15
0.15
0.15
0.15
0.15
0.15
0.15
0.15
0.15
0.15
0.15
0.15
0.15
0.15
0.15
0.15
0.15
0.15
0.15
0.15
0.15
0.15
0.15
0.15
0.15
0.15
0.15
0.15
0.15
0.15
0.15
0.15
0.15
0.15
0.15
0.15
0.47
0.60
0.53
0.13
0.21
0.06
0.07
0.14
0.06
0.06
0.18
0.04
0.30
0.39
0.27
0.05
0.12
0.15
0.66
0.32
0.32
0.32
0.27
0.12
0.37
0.17
0.32
0.12
0.07
0.37
0.32
0.21
0.16
0.26
0.40
0.15
0.15
0.10
0.34
0.34
0.21
0.44
0.17
0.08
0.22
0.09
0.31
0.22
0.04
0.14
0.36
0.41
0.45
0.71
0.80
0.53
0.67
0.36
0.78
0.24
0.00
0.12
0.02
0.06
0.02
0.06
0.02
0.02
0.06
0.10
0.13
0.22
0.09
0.10
0.19
0.33
0.19
0.22
0.41
0.41
0.27
0.45
0.28
0.27
0.34
0.14
0.14
0.22
0.05
0.24
0.21
0.09
0.00
0.14
0.15
0.27
0.18
0.25
0.15
0.13
0.01
0.15
0.12
0.19
0.13
0.14
0.21
0.12
0.24
0.00
0.31
0.01
0.01
0.14
0.27
0.37
0.28
0.07
0.18
0.23
0.01
0.00
0.20
0.15
0.31
0.06
0.02
0.32
0.12
0.13
0.13
0.13
0.04
0.39
0.39
0.29
0.18
0.38
0.25
0.41
0.08
0.05
0.18
0.11
0.18
0.18
0.12
0.52
0.25
0.31
0.18
0.30
0.23
0.23
0.15
0.43
0.21
0.56
0.19
0.26
0.25
0.17
0.51
0.43
0.21
0.01
0.08
0.08
0.13
0.21
0.07
0.13
0.51
0.09
0.51
0.37
0.01
0.43
0.35
0.48
0.02
0.26
0.69
0.28
0.02
0.42
0.26
0.06
0.20
0.05
0.20
0.20
0.04
0.25
0.00
0.07
0.25
0.09
0.04
0.07
0.00
0.36
0.14
0.03
0.26
0.02
0.16
0.45
0.28
0.34
0.10
0.04
0.22
0.45
0.16
0.02
0.62
0.35
0.13
0.06
0.34
0.30
0.15
0.26
0.30
0.22
0.22
0.26
0.14
0.10
0.29
0.17
0.17
0.25
0.21
0.25
0.21
0.24
0.28
0.10
0.10
0.05
0.19
0.15
0.34
0.24
0.24
0.42
0.23
0.50
0.21
0.11
0.29
0.19
0.47
0.01
0.22
0.48
0.91
0.41
0.32
0.12
0.18
0.21
0.14
0.17
0.18
0.11
0.18
0.05
0.08
0.07
0.08
0.08
0.15
0.07
0.03
0.14
0.04
0.11
0.18
0.12
0.12
0.11
0.11
0.11
0.22
0.24
0.09
0.26
0.32
0.26
0.21
0.23
0.14
0.16
0.26
0.17
0.28
0.34
0.52
0.24
0.31
0.28
0.11
0.19
0.15
0.26
0.09
0.03
0.04
0.07
0.02
0.08
0.09
0.25
0.18
0.14
0.09
0.23
0.15
0.16
0.13
0.08
0.24
0.12
0.33
0.25
0.01
0.22
0.25
0.13
0.31
0.25
0.05
0.25
0.25
0.22
0.16
0.25
0.40
0.25
0.24
0.30
0.06
0.17
0.14
0.14
0.17
0.09
0.15
0.33
0.21
0.27
0.09
0.12
0.21
0.30
0.14
0.22
0.35
0.04
0.35
0.08
0.37
0.42
0.14
0.19
0.03
0.03
0.14
0.03
0.15
0.11
0.10
0.24
0.64
0.18
0.02
0.44
0.70
0.57
0.33
0.20
0.47
0.06
0.18
0.51
0.65
0.64
0.46
0.03
0.48
0.14
0.00
0.20
0.13
0.00
0.19
0.28
0.36
0.17
0.10
0.03
0.33
0.01
0.12
0.42
0.25
0.13
0.31
0.10
0.08
0.32
0.32
0.32
0.09
0.26
0.03
0.14
0.32
0.21
0.38
0.26
0.43
0.31
0.18
0.18
0.23
0.69
0.39
0.20
0.31
0.18
0.23
0.11
0.22
0.13
0.06
0.06
0.53
0.18
0.24
0.22
0.30
0.08
0.37
0.20
0.08
0.49
0.43
0.16
0.36
0.19
0.30
0.18
0.29
0.28
0.31
0.01
0.01
0.07
0.07
0.47
0.48
0.34
0.80
0.08
0.40
0.23
0.22
0.32
0.09
0.77
0.26
0.04
0.38
0.09
0.18
0.18
0.26
0.24
0.10
0.04
0.07
0.17
0.13
0.19
0.00
0.20
0.31
0.26
0.36
0.55
0.10
0.24
0.10
0.05
0.05
0.45
0.06
0.11
0.11
0.12
0.03
0.18
0.43
0.18
0.18
0.28
0.09
0.09
0.33
0.11
0.24
0.39
0.09
0.10
0.29
0.25
0.44
0.09
0.43
0.04
0.48
0.22
0.17
0.08
0.22
0.32
0.49
0.11
0.35
0.41
0.05
0.28
0.70
0.78
0.24
0.06
0.05
0.16
0.22
0.16
0.27
0.02
0.22
0.22
0.51
0.10
0.04
0.39
0.15
0.21
0.27
0.15
0.26
0.20
0.26
0.32
0.20
0.42
0.24
0.12
0.58
0.94
0.99
0.39
0.22
0.38
0.04
0.18
0.51
0.07
0.18
0.02
0.00
0.04
0.05
0.05
0.02
0.05
0.06
0.10
0.09
0.06
0.07
0.11
0.05
0.16
0.09
0.15
0.15
0.14
0.30
0.04
0.24
0.03
0.19
0.19
0.13
0.17
0.17
0.17
0.01
0.26
0.27
0.20
0.16
0.16
0.09
0.24
0.20
0.25
0.16
0.28
0.19
0.24
0.05
0.34
0.11
0.20
0.19
0.26
0.18
0.12
0.12
0.10
0.29
0.11
0.17
0.20
0.23
0.35
0.14
0.20
0.17
0.19
0.19
0.08
0.05
0.22
0.28
0.28
0.28
0.30
0.21
0.32
0.00
0.14
0.17
0.06
0.17
0.06
0.15
0.13
0.19
0.22
0.37
0.19
0.16
0.19
0.16
0.18
0.16
0.10
0.10
0.04
0.25
0.11
0.14
0.19
0.24
0.14
0.05
0.26
0.56
0.08
0.28
0.36
0.64
0.50
0.28
0.48
0.68
0.70
0.61
0.74
0.84
0.88
0.35
0.58
0.82
0.91
0.95
0.92
0.33
0.02
0.04
0.04
0.00
0.04
0.04
0.02
0.04
0.02
0.03
0.01
0.04
0.08
0.09
0.11
0.12
0.07
0.13
0.10
0.09
0.12
0.13
0.15
0.08
0.14
0.14
0.19
0.27
0.34
0.36
0.19
0.23
0.09
0.15
0.13
0.12
0.10
0.16
0.22
0.07
0.11
0.11
0.13
0.14
0.05
0.11
0.17
0.16
0.14
0.16
0.22
0.15
0.08
0.18
0.24
0.01
0.42
0.41
0.46
0.30
0.34
0.49
0.21
0.10
0.51
0.24
0.23
0.23
0.12
0.17
0.47
0.36
0.15
0.06
0.04
0.25
0.25
0.31
0.06
0.46
0.36
0.30
0.40
0.02
0.18
0.19
0.05
0.04
0.27
0.05
0.01
0.00
0.07
0.32
0.10
0.27
0.50
0.36
0.00
0.02
0.04
0.09
0.20
0.06
0.12
0.24
0.13
0.14
0.19
0.04
0.48
0.14
0.43
0.13
0.37
0.05
0.16
0.17
0.24
0.59
0.03
0.17
0.04
0.11
0.18
0.74
0.04
0.04
0.11
0.14
0.13
0.53
0.40
0.26
0.65
0.25
0.11
0.85
0.40
0.15
0.32
0.13
0.43
0.23
0.17
0.22
0.24
0.11
0.40
0.05
0.40
0.11
0.34
0.05
0.00
0.00
0.24
0.47
0.22
0.19
0.86
0.87
0.97
0.98
1.00
0.87
0.94
0.53
0.72
0.82
0.80
0.73
0.51
0.65
0.40
0.38
0.26
0.29
0.39
0.16
0.22
0.19
0.16
0.20
0.24
0.19
0.10
0.06
0.06
0.00
0.14
0.04
0.04
0.05
0.08
0.08
0.11
0.25
0.62
0.89
0.86
0.54
0.37
0.90
0.63
0.55
0.12
0.00
0.05
0.20
0.02
0.05
0.06
0.12
0.14
0.02
0.05
0.05
0.05
0.02
0.01
0.00
0.00
0.02
0.00
0.06
0.11
0.12
0.13
0.15
0.13
0.15
0.14
0.13
0.17
0.12
0.19
0.20
0.19
0.15
0.18
0.20
0.23
0.27
0.14
0.16
0.11
0.16
0.25
0.23
0.09
0.17
0.14
0.12
0.13
0.24
0.19
0.23
0.17
0.18
0.16
0.24
0.13
0.13
0.31
0.05
0.14
0.51
0.58
0.68
0.04
0.22
0.49
0.37
0.14
0.02
0.04
0.41
0.09
0.10
0.03
0.18
0.31
0.50
0.68
0.25
0.69
0.10
0.27
0.31
0.85
0.42
0.32
0.39
0.05
0.28
0.11
0.02
0.13
0.05
0.17
0.23
0.12
0.02
0.15
0.21
0.19
0.22
0.22
0.11
0.34
0.37
0.08
0.11
0.00
0.14
0.01
0.07
0.13
0.19
0.03
0.09
0.16
0.11
0.05
0.09
0.16
0.25
0.14
0.15
0.23
0.18
0.26
0.32
0.18
0.43
0.23
0.25
0.10
0.24
0.00
0.09
0.04
0.01
0.10
0.11
0.18
0.25
0.02
0.32
0.10
0.19
0.05
0.12
0.36
0.37
0.37
0.54
0.70
0.95
0.21
0.75
0.70
0.15
0.56
0.67
0.88
0.91
0.83
0.88
0.69
